=============================================
Dataset: Airbox
Method:  MMDA
=============================================
Source: 0 ---> Target: 3
=============================================
[Epoch : 1/500]
Total_loss	: 0.3428
Coral_loss	: 0.0000
MMD_loss	: 2.2288
cond_ent_wt	: 4.8494
Src_reg_loss	: 0.2720
-------------------------------------
[Epoch : 2/500]
Total_loss	: 0.3223
Coral_loss	: 0.0000
MMD_loss	: 2.2302
cond_ent_wt	: 4.8491
Src_reg_loss	: 0.2515
-------------------------------------
[Epoch : 3/500]
Total_loss	: 0.3019
Coral_loss	: 0.0000
MMD_loss	: 2.2383
cond_ent_wt	: 4.8487
Src_reg_loss	: 0.2310
-------------------------------------
[Epoch : 4/500]
Total_loss	: 0.2807
Coral_loss	: 0.0000
MMD_loss	: 2.2544
cond_ent_wt	: 4.8480
Src_reg_loss	: 0.2097
-------------------------------------
[Epoch : 5/500]
Total_loss	: 0.2588
Coral_loss	: 0.0000
MMD_loss	: 2.2779
cond_ent_wt	: 4.8469
Src_reg_loss	: 0.1875
-------------------------------------
[Epoch : 6/500]
Total_loss	: 0.2373
Coral_loss	: 0.0000
MMD_loss	: 2.3049
cond_ent_wt	: 4.8453
Src_reg_loss	: 0.1658
-------------------------------------
[Epoch : 7/500]
Total_loss	: 0.2195
Coral_loss	: 0.0000
MMD_loss	: 2.3303
cond_ent_wt	: 4.8429
Src_reg_loss	: 0.1478
-------------------------------------
[Epoch : 8/500]
Total_loss	: 0.2065
Coral_loss	: 0.0000
MMD_loss	: 2.3512
cond_ent_wt	: 4.8406
Src_reg_loss	: 0.1346
-------------------------------------
[Epoch : 9/500]
Total_loss	: 0.1961
Coral_loss	: 0.0000
MMD_loss	: 2.3668
cond_ent_wt	: 4.8390
Src_reg_loss	: 0.1241
-------------------------------------
[Epoch : 10/500]
Total_loss	: 0.1876
Coral_loss	: 0.0000
MMD_loss	: 2.3777
cond_ent_wt	: 4.8380
Src_reg_loss	: 0.1155
-------------------------------------
[Epoch : 11/500]
Total_loss	: 0.1807
Coral_loss	: 0.0000
MMD_loss	: 2.3859
cond_ent_wt	: 4.8373
Src_reg_loss	: 0.1084
-------------------------------------
[Epoch : 12/500]
Total_loss	: 0.1748
Coral_loss	: 0.0000
MMD_loss	: 2.3925
cond_ent_wt	: 4.8367
Src_reg_loss	: 0.1025
-------------------------------------
[Epoch : 13/500]
Total_loss	: 0.1698
Coral_loss	: 0.0000
MMD_loss	: 2.3981
cond_ent_wt	: 4.8361
Src_reg_loss	: 0.0975
-------------------------------------
[Epoch : 14/500]
Total_loss	: 0.1655
Coral_loss	: 0.0000
MMD_loss	: 2.4023
cond_ent_wt	: 4.8356
Src_reg_loss	: 0.0931
-------------------------------------
[Epoch : 15/500]
Total_loss	: 0.1617
Coral_loss	: 0.0000
MMD_loss	: 2.4048
cond_ent_wt	: 4.8351
Src_reg_loss	: 0.0893
-------------------------------------
[Epoch : 16/500]
Total_loss	: 0.1584
Coral_loss	: 0.0000
MMD_loss	: 2.4057
cond_ent_wt	: 4.8348
Src_reg_loss	: 0.0860
-------------------------------------
[Epoch : 17/500]
Total_loss	: 0.1555
Coral_loss	: 0.0000
MMD_loss	: 2.4050
cond_ent_wt	: 4.8345
Src_reg_loss	: 0.0831
-------------------------------------
[Epoch : 18/500]
Total_loss	: 0.1528
Coral_loss	: 0.0000
MMD_loss	: 2.4029
cond_ent_wt	: 4.8342
Src_reg_loss	: 0.0804
-------------------------------------
[Epoch : 19/500]
Total_loss	: 0.1504
Coral_loss	: 0.0000
MMD_loss	: 2.3992
cond_ent_wt	: 4.8340
Src_reg_loss	: 0.0781
-------------------------------------
[Epoch : 20/500]
Total_loss	: 0.1482
Coral_loss	: 0.0000
MMD_loss	: 2.3938
cond_ent_wt	: 4.8338
Src_reg_loss	: 0.0759
-------------------------------------
[Epoch : 21/500]
Total_loss	: 0.1462
Coral_loss	: 0.0000
MMD_loss	: 2.3867
cond_ent_wt	: 4.8336
Src_reg_loss	: 0.0740
-------------------------------------
[Epoch : 22/500]
Total_loss	: 0.1443
Coral_loss	: 0.0000
MMD_loss	: 2.3779
cond_ent_wt	: 4.8334
Src_reg_loss	: 0.0722
-------------------------------------
[Epoch : 23/500]
Total_loss	: 0.1425
Coral_loss	: 0.0000
MMD_loss	: 2.3676
cond_ent_wt	: 4.8333
Src_reg_loss	: 0.0705
-------------------------------------
[Epoch : 24/500]
Total_loss	: 0.1409
Coral_loss	: 0.0000
MMD_loss	: 2.3561
cond_ent_wt	: 4.8332
Src_reg_loss	: 0.0690
-------------------------------------
[Epoch : 25/500]
Total_loss	: 0.1394
Coral_loss	: 0.0000
MMD_loss	: 2.3437
cond_ent_wt	: 4.8331
Src_reg_loss	: 0.0676
-------------------------------------
[Epoch : 26/500]
Total_loss	: 0.1379
Coral_loss	: 0.0000
MMD_loss	: 2.3308
cond_ent_wt	: 4.8330
Src_reg_loss	: 0.0663
-------------------------------------
[Epoch : 27/500]
Total_loss	: 0.1366
Coral_loss	: 0.0000
MMD_loss	: 2.3177
cond_ent_wt	: 4.8329
Src_reg_loss	: 0.0651
-------------------------------------
[Epoch : 28/500]
Total_loss	: 0.1353
Coral_loss	: 0.0000
MMD_loss	: 2.3047
cond_ent_wt	: 4.8328
Src_reg_loss	: 0.0639
-------------------------------------
[Epoch : 29/500]
Total_loss	: 0.1341
Coral_loss	: 0.0000
MMD_loss	: 2.2922
cond_ent_wt	: 4.8328
Src_reg_loss	: 0.0629
-------------------------------------
[Epoch : 30/500]
Total_loss	: 0.1330
Coral_loss	: 0.0000
MMD_loss	: 2.2803
cond_ent_wt	: 4.8327
Src_reg_loss	: 0.0619
-------------------------------------
[Epoch : 31/500]
Total_loss	: 0.1319
Coral_loss	: 0.0000
MMD_loss	: 2.2690
cond_ent_wt	: 4.8327
Src_reg_loss	: 0.0609
-------------------------------------
[Epoch : 32/500]
Total_loss	: 0.1309
Coral_loss	: 0.0000
MMD_loss	: 2.2585
cond_ent_wt	: 4.8326
Src_reg_loss	: 0.0600
-------------------------------------
[Epoch : 33/500]
Total_loss	: 0.1299
Coral_loss	: 0.0000
MMD_loss	: 2.2487
cond_ent_wt	: 4.8326
Src_reg_loss	: 0.0591
-------------------------------------
[Epoch : 34/500]
Total_loss	: 0.1290
Coral_loss	: 0.0000
MMD_loss	: 2.2397
cond_ent_wt	: 4.8326
Src_reg_loss	: 0.0583
-------------------------------------
[Epoch : 35/500]
Total_loss	: 0.1282
Coral_loss	: 0.0000
MMD_loss	: 2.2312
cond_ent_wt	: 4.8326
Src_reg_loss	: 0.0575
-------------------------------------
[Epoch : 36/500]
Total_loss	: 0.1274
Coral_loss	: 0.0000
MMD_loss	: 2.2234
cond_ent_wt	: 4.8326
Src_reg_loss	: 0.0568
-------------------------------------
[Epoch : 37/500]
Total_loss	: 0.1266
Coral_loss	: 0.0000
MMD_loss	: 2.2160
cond_ent_wt	: 4.8326
Src_reg_loss	: 0.0561
-------------------------------------
[Epoch : 38/500]
Total_loss	: 0.1258
Coral_loss	: 0.0000
MMD_loss	: 2.2092
cond_ent_wt	: 4.8326
Src_reg_loss	: 0.0554
-------------------------------------
[Epoch : 39/500]
Total_loss	: 0.1251
Coral_loss	: 0.0000
MMD_loss	: 2.2027
cond_ent_wt	: 4.8326
Src_reg_loss	: 0.0548
-------------------------------------
[Epoch : 40/500]
Total_loss	: 0.1244
Coral_loss	: 0.0000
MMD_loss	: 2.1966
cond_ent_wt	: 4.8326
Src_reg_loss	: 0.0541
-------------------------------------
[Epoch : 41/500]
Total_loss	: 0.1238
Coral_loss	: 0.0000
MMD_loss	: 2.1908
cond_ent_wt	: 4.8326
Src_reg_loss	: 0.0535
-------------------------------------
[Epoch : 42/500]
Total_loss	: 0.1231
Coral_loss	: 0.0000
MMD_loss	: 2.1852
cond_ent_wt	: 4.8327
Src_reg_loss	: 0.0530
-------------------------------------
[Epoch : 43/500]
Total_loss	: 0.1225
Coral_loss	: 0.0000
MMD_loss	: 2.1799
cond_ent_wt	: 4.8327
Src_reg_loss	: 0.0524
-------------------------------------
[Epoch : 44/500]
Total_loss	: 0.1220
Coral_loss	: 0.0000
MMD_loss	: 2.1747
cond_ent_wt	: 4.8327
Src_reg_loss	: 0.0519
-------------------------------------
[Epoch : 45/500]
Total_loss	: 0.1214
Coral_loss	: 0.0000
MMD_loss	: 2.1696
cond_ent_wt	: 4.8327
Src_reg_loss	: 0.0514
-------------------------------------
[Epoch : 46/500]
Total_loss	: 0.1209
Coral_loss	: 0.0000
MMD_loss	: 2.1646
cond_ent_wt	: 4.8328
Src_reg_loss	: 0.0509
-------------------------------------
[Epoch : 47/500]
Total_loss	: 0.1203
Coral_loss	: 0.0000
MMD_loss	: 2.1597
cond_ent_wt	: 4.8328
Src_reg_loss	: 0.0504
-------------------------------------
[Epoch : 48/500]
Total_loss	: 0.1198
Coral_loss	: 0.0000
MMD_loss	: 2.1549
cond_ent_wt	: 4.8328
Src_reg_loss	: 0.0500
-------------------------------------
[Epoch : 49/500]
Total_loss	: 0.1194
Coral_loss	: 0.0000
MMD_loss	: 2.1500
cond_ent_wt	: 4.8329
Src_reg_loss	: 0.0495
-------------------------------------
[Epoch : 50/500]
Total_loss	: 0.1189
Coral_loss	: 0.0000
MMD_loss	: 2.1452
cond_ent_wt	: 4.8329
Src_reg_loss	: 0.0491
-------------------------------------
[Epoch : 51/500]
Total_loss	: 0.1184
Coral_loss	: 0.0000
MMD_loss	: 2.1404
cond_ent_wt	: 4.8329
Src_reg_loss	: 0.0487
-------------------------------------
[Epoch : 52/500]
Total_loss	: 0.1180
Coral_loss	: 0.0000
MMD_loss	: 2.1355
cond_ent_wt	: 4.8330
Src_reg_loss	: 0.0483
-------------------------------------
[Epoch : 53/500]
Total_loss	: 0.1176
Coral_loss	: 0.0000
MMD_loss	: 2.1306
cond_ent_wt	: 4.8330
Src_reg_loss	: 0.0479
-------------------------------------
[Epoch : 54/500]
Total_loss	: 0.1171
Coral_loss	: 0.0000
MMD_loss	: 2.1257
cond_ent_wt	: 4.8330
Src_reg_loss	: 0.0476
-------------------------------------
[Epoch : 55/500]
Total_loss	: 0.1167
Coral_loss	: 0.0000
MMD_loss	: 2.1207
cond_ent_wt	: 4.8330
Src_reg_loss	: 0.0472
-------------------------------------
[Epoch : 56/500]
Total_loss	: 0.1163
Coral_loss	: 0.0000
MMD_loss	: 2.1157
cond_ent_wt	: 4.8331
Src_reg_loss	: 0.0468
-------------------------------------
[Epoch : 57/500]
Total_loss	: 0.1159
Coral_loss	: 0.0000
MMD_loss	: 2.1106
cond_ent_wt	: 4.8331
Src_reg_loss	: 0.0465
-------------------------------------
[Epoch : 58/500]
Total_loss	: 0.1156
Coral_loss	: 0.0000
MMD_loss	: 2.1055
cond_ent_wt	: 4.8331
Src_reg_loss	: 0.0462
-------------------------------------
[Epoch : 59/500]
Total_loss	: 0.1152
Coral_loss	: 0.0000
MMD_loss	: 2.1003
cond_ent_wt	: 4.8331
Src_reg_loss	: 0.0459
-------------------------------------
[Epoch : 60/500]
Total_loss	: 0.1148
Coral_loss	: 0.0000
MMD_loss	: 2.0950
cond_ent_wt	: 4.8332
Src_reg_loss	: 0.0456
-------------------------------------
[Epoch : 61/500]
Total_loss	: 0.1145
Coral_loss	: 0.0000
MMD_loss	: 2.0897
cond_ent_wt	: 4.8332
Src_reg_loss	: 0.0453
-------------------------------------
[Epoch : 62/500]
Total_loss	: 0.1141
Coral_loss	: 0.0000
MMD_loss	: 2.0843
cond_ent_wt	: 4.8332
Src_reg_loss	: 0.0450
-------------------------------------
[Epoch : 63/500]
Total_loss	: 0.1138
Coral_loss	: 0.0000
MMD_loss	: 2.0789
cond_ent_wt	: 4.8332
Src_reg_loss	: 0.0447
-------------------------------------
[Epoch : 64/500]
Total_loss	: 0.1135
Coral_loss	: 0.0000
MMD_loss	: 2.0734
cond_ent_wt	: 4.8332
Src_reg_loss	: 0.0444
-------------------------------------
[Epoch : 65/500]
Total_loss	: 0.1131
Coral_loss	: 0.0000
MMD_loss	: 2.0678
cond_ent_wt	: 4.8332
Src_reg_loss	: 0.0441
-------------------------------------
[Epoch : 66/500]
Total_loss	: 0.1128
Coral_loss	: 0.0000
MMD_loss	: 2.0622
cond_ent_wt	: 4.8333
Src_reg_loss	: 0.0439
-------------------------------------
[Epoch : 67/500]
Total_loss	: 0.1125
Coral_loss	: 0.0000
MMD_loss	: 2.0564
cond_ent_wt	: 4.8333
Src_reg_loss	: 0.0436
-------------------------------------
[Epoch : 68/500]
Total_loss	: 0.1122
Coral_loss	: 0.0000
MMD_loss	: 2.0507
cond_ent_wt	: 4.8333
Src_reg_loss	: 0.0434
-------------------------------------
[Epoch : 69/500]
Total_loss	: 0.1119
Coral_loss	: 0.0000
MMD_loss	: 2.0448
cond_ent_wt	: 4.8333
Src_reg_loss	: 0.0431
-------------------------------------
[Epoch : 70/500]
Total_loss	: 0.1116
Coral_loss	: 0.0000
MMD_loss	: 2.0388
cond_ent_wt	: 4.8333
Src_reg_loss	: 0.0429
-------------------------------------
[Epoch : 71/500]
Total_loss	: 0.1113
Coral_loss	: 0.0000
MMD_loss	: 2.0328
cond_ent_wt	: 4.8333
Src_reg_loss	: 0.0426
-------------------------------------
[Epoch : 72/500]
Total_loss	: 0.1110
Coral_loss	: 0.0000
MMD_loss	: 2.0266
cond_ent_wt	: 4.8333
Src_reg_loss	: 0.0424
-------------------------------------
[Epoch : 73/500]
Total_loss	: 0.1107
Coral_loss	: 0.0000
MMD_loss	: 2.0204
cond_ent_wt	: 4.8333
Src_reg_loss	: 0.0422
-------------------------------------
[Epoch : 74/500]
Total_loss	: 0.1104
Coral_loss	: 0.0000
MMD_loss	: 2.0140
cond_ent_wt	: 4.8333
Src_reg_loss	: 0.0419
-------------------------------------
[Epoch : 75/500]
Total_loss	: 0.1101
Coral_loss	: 0.0000
MMD_loss	: 2.0076
cond_ent_wt	: 4.8334
Src_reg_loss	: 0.0417
-------------------------------------
[Epoch : 76/500]
Total_loss	: 0.1098
Coral_loss	: 0.0000
MMD_loss	: 2.0011
cond_ent_wt	: 4.8334
Src_reg_loss	: 0.0415
-------------------------------------
[Epoch : 77/500]
Total_loss	: 0.1096
Coral_loss	: 0.0000
MMD_loss	: 1.9944
cond_ent_wt	: 4.8334
Src_reg_loss	: 0.0413
-------------------------------------
[Epoch : 78/500]
Total_loss	: 0.1093
Coral_loss	: 0.0000
MMD_loss	: 1.9876
cond_ent_wt	: 4.8334
Src_reg_loss	: 0.0411
-------------------------------------
[Epoch : 79/500]
Total_loss	: 0.1090
Coral_loss	: 0.0000
MMD_loss	: 1.9807
cond_ent_wt	: 4.8334
Src_reg_loss	: 0.0409
-------------------------------------
[Epoch : 80/500]
Total_loss	: 0.1087
Coral_loss	: 0.0000
MMD_loss	: 1.9737
cond_ent_wt	: 4.8334
Src_reg_loss	: 0.0407
-------------------------------------
[Epoch : 81/500]
Total_loss	: 0.1085
Coral_loss	: 0.0000
MMD_loss	: 1.9666
cond_ent_wt	: 4.8334
Src_reg_loss	: 0.0405
-------------------------------------
[Epoch : 82/500]
Total_loss	: 0.1082
Coral_loss	: 0.0000
MMD_loss	: 1.9594
cond_ent_wt	: 4.8334
Src_reg_loss	: 0.0403
-------------------------------------
[Epoch : 83/500]
Total_loss	: 0.1079
Coral_loss	: 0.0000
MMD_loss	: 1.9520
cond_ent_wt	: 4.8334
Src_reg_loss	: 0.0401
-------------------------------------
[Epoch : 84/500]
Total_loss	: 0.1077
Coral_loss	: 0.0000
MMD_loss	: 1.9446
cond_ent_wt	: 4.8334
Src_reg_loss	: 0.0399
-------------------------------------
[Epoch : 85/500]
Total_loss	: 0.1074
Coral_loss	: 0.0000
MMD_loss	: 1.9370
cond_ent_wt	: 4.8334
Src_reg_loss	: 0.0397
-------------------------------------
[Epoch : 86/500]
Total_loss	: 0.1071
Coral_loss	: 0.0000
MMD_loss	: 1.9294
cond_ent_wt	: 4.8334
Src_reg_loss	: 0.0395
-------------------------------------
[Epoch : 87/500]
Total_loss	: 0.1069
Coral_loss	: 0.0000
MMD_loss	: 1.9216
cond_ent_wt	: 4.8334
Src_reg_loss	: 0.0393
-------------------------------------
[Epoch : 88/500]
Total_loss	: 0.1066
Coral_loss	: 0.0000
MMD_loss	: 1.9138
cond_ent_wt	: 4.8334
Src_reg_loss	: 0.0391
-------------------------------------
[Epoch : 89/500]
Total_loss	: 0.1063
Coral_loss	: 0.0000
MMD_loss	: 1.9059
cond_ent_wt	: 4.8334
Src_reg_loss	: 0.0390
-------------------------------------
[Epoch : 90/500]
Total_loss	: 0.1061
Coral_loss	: 0.0000
MMD_loss	: 1.8979
cond_ent_wt	: 4.8334
Src_reg_loss	: 0.0388
-------------------------------------
[Epoch : 91/500]
Total_loss	: 0.1058
Coral_loss	: 0.0000
MMD_loss	: 1.8899
cond_ent_wt	: 4.8334
Src_reg_loss	: 0.0386
-------------------------------------
[Epoch : 92/500]
Total_loss	: 0.1056
Coral_loss	: 0.0000
MMD_loss	: 1.8818
cond_ent_wt	: 4.8334
Src_reg_loss	: 0.0384
-------------------------------------
[Epoch : 93/500]
Total_loss	: 0.1053
Coral_loss	: 0.0000
MMD_loss	: 1.8737
cond_ent_wt	: 4.8334
Src_reg_loss	: 0.0383
-------------------------------------
[Epoch : 94/500]
Total_loss	: 0.1051
Coral_loss	: 0.0000
MMD_loss	: 1.8656
cond_ent_wt	: 4.8334
Src_reg_loss	: 0.0381
-------------------------------------
[Epoch : 95/500]
Total_loss	: 0.1048
Coral_loss	: 0.0000
MMD_loss	: 1.8574
cond_ent_wt	: 4.8334
Src_reg_loss	: 0.0379
-------------------------------------
[Epoch : 96/500]
Total_loss	: 0.1046
Coral_loss	: 0.0000
MMD_loss	: 1.8493
cond_ent_wt	: 4.8334
Src_reg_loss	: 0.0377
-------------------------------------
[Epoch : 97/500]
Total_loss	: 0.1043
Coral_loss	: 0.0000
MMD_loss	: 1.8412
cond_ent_wt	: 4.8334
Src_reg_loss	: 0.0376
-------------------------------------
[Epoch : 98/500]
Total_loss	: 0.1041
Coral_loss	: 0.0000
MMD_loss	: 1.8330
cond_ent_wt	: 4.8333
Src_reg_loss	: 0.0374
-------------------------------------
[Epoch : 99/500]
Total_loss	: 0.1038
Coral_loss	: 0.0000
MMD_loss	: 1.8250
cond_ent_wt	: 4.8333
Src_reg_loss	: 0.0373
-------------------------------------
[Epoch : 100/500]
Total_loss	: 0.1036
Coral_loss	: 0.0000
MMD_loss	: 1.8169
cond_ent_wt	: 4.8333
Src_reg_loss	: 0.0371
-------------------------------------
[Epoch : 101/500]
Total_loss	: 0.1034
Coral_loss	: 0.0000
MMD_loss	: 1.8089
cond_ent_wt	: 4.8333
Src_reg_loss	: 0.0369
-------------------------------------
[Epoch : 102/500]
Total_loss	: 0.1031
Coral_loss	: 0.0000
MMD_loss	: 1.8010
cond_ent_wt	: 4.8333
Src_reg_loss	: 0.0368
-------------------------------------
[Epoch : 103/500]
Total_loss	: 0.1029
Coral_loss	: 0.0000
MMD_loss	: 1.7931
cond_ent_wt	: 4.8333
Src_reg_loss	: 0.0366
-------------------------------------
[Epoch : 104/500]
Total_loss	: 0.1027
Coral_loss	: 0.0000
MMD_loss	: 1.7853
cond_ent_wt	: 4.8333
Src_reg_loss	: 0.0365
-------------------------------------
[Epoch : 105/500]
Total_loss	: 0.1024
Coral_loss	: 0.0000
MMD_loss	: 1.7776
cond_ent_wt	: 4.8333
Src_reg_loss	: 0.0363
-------------------------------------
[Epoch : 106/500]
Total_loss	: 0.1022
Coral_loss	: 0.0000
MMD_loss	: 1.7699
cond_ent_wt	: 4.8333
Src_reg_loss	: 0.0362
-------------------------------------
[Epoch : 107/500]
Total_loss	: 0.1020
Coral_loss	: 0.0000
MMD_loss	: 1.7623
cond_ent_wt	: 4.8333
Src_reg_loss	: 0.0360
-------------------------------------
[Epoch : 108/500]
Total_loss	: 0.1018
Coral_loss	: 0.0000
MMD_loss	: 1.7548
cond_ent_wt	: 4.8332
Src_reg_loss	: 0.0359
-------------------------------------
[Epoch : 109/500]
Total_loss	: 0.1015
Coral_loss	: 0.0000
MMD_loss	: 1.7474
cond_ent_wt	: 4.8332
Src_reg_loss	: 0.0357
-------------------------------------
[Epoch : 110/500]
Total_loss	: 0.1013
Coral_loss	: 0.0000
MMD_loss	: 1.7401
cond_ent_wt	: 4.8332
Src_reg_loss	: 0.0356
-------------------------------------
[Epoch : 111/500]
Total_loss	: 0.1011
Coral_loss	: 0.0000
MMD_loss	: 1.7329
cond_ent_wt	: 4.8332
Src_reg_loss	: 0.0355
-------------------------------------
[Epoch : 112/500]
Total_loss	: 0.1009
Coral_loss	: 0.0000
MMD_loss	: 1.7257
cond_ent_wt	: 4.8332
Src_reg_loss	: 0.0353
-------------------------------------
[Epoch : 113/500]
Total_loss	: 0.1007
Coral_loss	: 0.0000
MMD_loss	: 1.7187
cond_ent_wt	: 4.8332
Src_reg_loss	: 0.0352
-------------------------------------
[Epoch : 114/500]
Total_loss	: 0.1005
Coral_loss	: 0.0000
MMD_loss	: 1.7118
cond_ent_wt	: 4.8332
Src_reg_loss	: 0.0350
-------------------------------------
[Epoch : 115/500]
Total_loss	: 0.1003
Coral_loss	: 0.0000
MMD_loss	: 1.7050
cond_ent_wt	: 4.8332
Src_reg_loss	: 0.0349
-------------------------------------
[Epoch : 116/500]
Total_loss	: 0.1001
Coral_loss	: 0.0000
MMD_loss	: 1.6983
cond_ent_wt	: 4.8331
Src_reg_loss	: 0.0348
-------------------------------------
[Epoch : 117/500]
Total_loss	: 0.0999
Coral_loss	: 0.0000
MMD_loss	: 1.6916
cond_ent_wt	: 4.8331
Src_reg_loss	: 0.0346
-------------------------------------
[Epoch : 118/500]
Total_loss	: 0.0997
Coral_loss	: 0.0000
MMD_loss	: 1.6851
cond_ent_wt	: 4.8331
Src_reg_loss	: 0.0345
-------------------------------------
[Epoch : 119/500]
Total_loss	: 0.0995
Coral_loss	: 0.0000
MMD_loss	: 1.6787
cond_ent_wt	: 4.8331
Src_reg_loss	: 0.0344
-------------------------------------
[Epoch : 120/500]
Total_loss	: 0.0993
Coral_loss	: 0.0000
MMD_loss	: 1.6724
cond_ent_wt	: 4.8331
Src_reg_loss	: 0.0343
-------------------------------------
[Epoch : 121/500]
Total_loss	: 0.0991
Coral_loss	: 0.0000
MMD_loss	: 1.6662
cond_ent_wt	: 4.8331
Src_reg_loss	: 0.0341
-------------------------------------
[Epoch : 122/500]
Total_loss	: 0.0989
Coral_loss	: 0.0000
MMD_loss	: 1.6601
cond_ent_wt	: 4.8331
Src_reg_loss	: 0.0340
-------------------------------------
[Epoch : 123/500]
Total_loss	: 0.0988
Coral_loss	: 0.0000
MMD_loss	: 1.6542
cond_ent_wt	: 4.8330
Src_reg_loss	: 0.0339
-------------------------------------
[Epoch : 124/500]
Total_loss	: 0.0986
Coral_loss	: 0.0000
MMD_loss	: 1.6483
cond_ent_wt	: 4.8330
Src_reg_loss	: 0.0338
-------------------------------------
[Epoch : 125/500]
Total_loss	: 0.0984
Coral_loss	: 0.0000
MMD_loss	: 1.6425
cond_ent_wt	: 4.8330
Src_reg_loss	: 0.0337
-------------------------------------
[Epoch : 126/500]
Total_loss	: 0.0982
Coral_loss	: 0.0000
MMD_loss	: 1.6368
cond_ent_wt	: 4.8330
Src_reg_loss	: 0.0335
-------------------------------------
[Epoch : 127/500]
Total_loss	: 0.0981
Coral_loss	: 0.0000
MMD_loss	: 1.6312
cond_ent_wt	: 4.8330
Src_reg_loss	: 0.0334
-------------------------------------
[Epoch : 128/500]
Total_loss	: 0.0979
Coral_loss	: 0.0000
MMD_loss	: 1.6256
cond_ent_wt	: 4.8330
Src_reg_loss	: 0.0333
-------------------------------------
[Epoch : 129/500]
Total_loss	: 0.0977
Coral_loss	: 0.0000
MMD_loss	: 1.6202
cond_ent_wt	: 4.8329
Src_reg_loss	: 0.0332
-------------------------------------
[Epoch : 130/500]
Total_loss	: 0.0976
Coral_loss	: 0.0000
MMD_loss	: 1.6149
cond_ent_wt	: 4.8329
Src_reg_loss	: 0.0331
-------------------------------------
[Epoch : 131/500]
Total_loss	: 0.0974
Coral_loss	: 0.0000
MMD_loss	: 1.6096
cond_ent_wt	: 4.8329
Src_reg_loss	: 0.0330
-------------------------------------
[Epoch : 132/500]
Total_loss	: 0.0972
Coral_loss	: 0.0000
MMD_loss	: 1.6045
cond_ent_wt	: 4.8329
Src_reg_loss	: 0.0329
-------------------------------------
[Epoch : 133/500]
Total_loss	: 0.0971
Coral_loss	: 0.0000
MMD_loss	: 1.5994
cond_ent_wt	: 4.8329
Src_reg_loss	: 0.0327
-------------------------------------
[Epoch : 134/500]
Total_loss	: 0.0969
Coral_loss	: 0.0000
MMD_loss	: 1.5945
cond_ent_wt	: 4.8328
Src_reg_loss	: 0.0326
-------------------------------------
[Epoch : 135/500]
Total_loss	: 0.0968
Coral_loss	: 0.0000
MMD_loss	: 1.5896
cond_ent_wt	: 4.8328
Src_reg_loss	: 0.0325
-------------------------------------
[Epoch : 136/500]
Total_loss	: 0.0966
Coral_loss	: 0.0000
MMD_loss	: 1.5848
cond_ent_wt	: 4.8328
Src_reg_loss	: 0.0324
-------------------------------------
[Epoch : 137/500]
Total_loss	: 0.0964
Coral_loss	: 0.0000
MMD_loss	: 1.5800
cond_ent_wt	: 4.8328
Src_reg_loss	: 0.0323
-------------------------------------
[Epoch : 138/500]
Total_loss	: 0.0963
Coral_loss	: 0.0000
MMD_loss	: 1.5754
cond_ent_wt	: 4.8328
Src_reg_loss	: 0.0322
-------------------------------------
[Epoch : 139/500]
Total_loss	: 0.0961
Coral_loss	: 0.0000
MMD_loss	: 1.5709
cond_ent_wt	: 4.8328
Src_reg_loss	: 0.0321
-------------------------------------
[Epoch : 140/500]
Total_loss	: 0.0960
Coral_loss	: 0.0000
MMD_loss	: 1.5664
cond_ent_wt	: 4.8327
Src_reg_loss	: 0.0320
-------------------------------------
[Epoch : 141/500]
Total_loss	: 0.0959
Coral_loss	: 0.0000
MMD_loss	: 1.5620
cond_ent_wt	: 4.8327
Src_reg_loss	: 0.0319
-------------------------------------
[Epoch : 142/500]
Total_loss	: 0.0957
Coral_loss	: 0.0000
MMD_loss	: 1.5577
cond_ent_wt	: 4.8327
Src_reg_loss	: 0.0318
-------------------------------------
[Epoch : 143/500]
Total_loss	: 0.0956
Coral_loss	: 0.0000
MMD_loss	: 1.5534
cond_ent_wt	: 4.8327
Src_reg_loss	: 0.0317
-------------------------------------
[Epoch : 144/500]
Total_loss	: 0.0954
Coral_loss	: 0.0000
MMD_loss	: 1.5492
cond_ent_wt	: 4.8327
Src_reg_loss	: 0.0316
-------------------------------------
[Epoch : 145/500]
Total_loss	: 0.0953
Coral_loss	: 0.0000
MMD_loss	: 1.5451
cond_ent_wt	: 4.8327
Src_reg_loss	: 0.0315
-------------------------------------
[Epoch : 146/500]
Total_loss	: 0.0952
Coral_loss	: 0.0000
MMD_loss	: 1.5411
cond_ent_wt	: 4.8326
Src_reg_loss	: 0.0314
-------------------------------------
[Epoch : 147/500]
Total_loss	: 0.0950
Coral_loss	: 0.0000
MMD_loss	: 1.5372
cond_ent_wt	: 4.8326
Src_reg_loss	: 0.0313
-------------------------------------
[Epoch : 148/500]
Total_loss	: 0.0949
Coral_loss	: 0.0000
MMD_loss	: 1.5333
cond_ent_wt	: 4.8326
Src_reg_loss	: 0.0312
-------------------------------------
[Epoch : 149/500]
Total_loss	: 0.0948
Coral_loss	: 0.0000
MMD_loss	: 1.5295
cond_ent_wt	: 4.8326
Src_reg_loss	: 0.0311
-------------------------------------
[Epoch : 150/500]
Total_loss	: 0.0946
Coral_loss	: 0.0000
MMD_loss	: 1.5257
cond_ent_wt	: 4.8326
Src_reg_loss	: 0.0310
-------------------------------------
[Epoch : 151/500]
Total_loss	: 0.0945
Coral_loss	: 0.0000
MMD_loss	: 1.5221
cond_ent_wt	: 4.8325
Src_reg_loss	: 0.0309
-------------------------------------
[Epoch : 152/500]
Total_loss	: 0.0944
Coral_loss	: 0.0000
MMD_loss	: 1.5185
cond_ent_wt	: 4.8325
Src_reg_loss	: 0.0309
-------------------------------------
[Epoch : 153/500]
Total_loss	: 0.0942
Coral_loss	: 0.0000
MMD_loss	: 1.5149
cond_ent_wt	: 4.8325
Src_reg_loss	: 0.0308
-------------------------------------
[Epoch : 154/500]
Total_loss	: 0.0941
Coral_loss	: 0.0000
MMD_loss	: 1.5114
cond_ent_wt	: 4.8325
Src_reg_loss	: 0.0307
-------------------------------------
[Epoch : 155/500]
Total_loss	: 0.0940
Coral_loss	: 0.0000
MMD_loss	: 1.5080
cond_ent_wt	: 4.8325
Src_reg_loss	: 0.0306
-------------------------------------
[Epoch : 156/500]
Total_loss	: 0.0939
Coral_loss	: 0.0000
MMD_loss	: 1.5047
cond_ent_wt	: 4.8324
Src_reg_loss	: 0.0305
-------------------------------------
[Epoch : 157/500]
Total_loss	: 0.0937
Coral_loss	: 0.0000
MMD_loss	: 1.5014
cond_ent_wt	: 4.8324
Src_reg_loss	: 0.0304
-------------------------------------
[Epoch : 158/500]
Total_loss	: 0.0936
Coral_loss	: 0.0000
MMD_loss	: 1.4982
cond_ent_wt	: 4.8324
Src_reg_loss	: 0.0303
-------------------------------------
[Epoch : 159/500]
Total_loss	: 0.0935
Coral_loss	: 0.0000
MMD_loss	: 1.4950
cond_ent_wt	: 4.8324
Src_reg_loss	: 0.0302
-------------------------------------
[Epoch : 160/500]
Total_loss	: 0.0934
Coral_loss	: 0.0000
MMD_loss	: 1.4919
cond_ent_wt	: 4.8324
Src_reg_loss	: 0.0302
-------------------------------------
[Epoch : 161/500]
Total_loss	: 0.0933
Coral_loss	: 0.0000
MMD_loss	: 1.4888
cond_ent_wt	: 4.8323
Src_reg_loss	: 0.0301
-------------------------------------
[Epoch : 162/500]
Total_loss	: 0.0932
Coral_loss	: 0.0000
MMD_loss	: 1.4858
cond_ent_wt	: 4.8323
Src_reg_loss	: 0.0300
-------------------------------------
[Epoch : 163/500]
Total_loss	: 0.0931
Coral_loss	: 0.0000
MMD_loss	: 1.4829
cond_ent_wt	: 4.8323
Src_reg_loss	: 0.0299
-------------------------------------
[Epoch : 164/500]
Total_loss	: 0.0929
Coral_loss	: 0.0000
MMD_loss	: 1.4800
cond_ent_wt	: 4.8323
Src_reg_loss	: 0.0298
-------------------------------------
[Epoch : 165/500]
Total_loss	: 0.0928
Coral_loss	: 0.0000
MMD_loss	: 1.4772
cond_ent_wt	: 4.8323
Src_reg_loss	: 0.0297
-------------------------------------
[Epoch : 166/500]
Total_loss	: 0.0927
Coral_loss	: 0.0000
MMD_loss	: 1.4744
cond_ent_wt	: 4.8322
Src_reg_loss	: 0.0297
-------------------------------------
[Epoch : 167/500]
Total_loss	: 0.0926
Coral_loss	: 0.0000
MMD_loss	: 1.4716
cond_ent_wt	: 4.8322
Src_reg_loss	: 0.0296
-------------------------------------
[Epoch : 168/500]
Total_loss	: 0.0925
Coral_loss	: 0.0000
MMD_loss	: 1.4690
cond_ent_wt	: 4.8322
Src_reg_loss	: 0.0295
-------------------------------------
[Epoch : 169/500]
Total_loss	: 0.0924
Coral_loss	: 0.0000
MMD_loss	: 1.4663
cond_ent_wt	: 4.8322
Src_reg_loss	: 0.0294
-------------------------------------
[Epoch : 170/500]
Total_loss	: 0.0923
Coral_loss	: 0.0000
MMD_loss	: 1.4637
cond_ent_wt	: 4.8322
Src_reg_loss	: 0.0293
-------------------------------------
[Epoch : 171/500]
Total_loss	: 0.0922
Coral_loss	: 0.0000
MMD_loss	: 1.4612
cond_ent_wt	: 4.8321
Src_reg_loss	: 0.0293
-------------------------------------
[Epoch : 172/500]
Total_loss	: 0.0921
Coral_loss	: 0.0000
MMD_loss	: 1.4587
cond_ent_wt	: 4.8321
Src_reg_loss	: 0.0292
-------------------------------------
[Epoch : 173/500]
Total_loss	: 0.0920
Coral_loss	: 0.0000
MMD_loss	: 1.4563
cond_ent_wt	: 4.8321
Src_reg_loss	: 0.0291
-------------------------------------
[Epoch : 174/500]
Total_loss	: 0.0919
Coral_loss	: 0.0000
MMD_loss	: 1.4539
cond_ent_wt	: 4.8321
Src_reg_loss	: 0.0290
-------------------------------------
[Epoch : 175/500]
Total_loss	: 0.0918
Coral_loss	: 0.0000
MMD_loss	: 1.4515
cond_ent_wt	: 4.8321
Src_reg_loss	: 0.0289
-------------------------------------
[Epoch : 176/500]
Total_loss	: 0.0917
Coral_loss	: 0.0000
MMD_loss	: 1.4492
cond_ent_wt	: 4.8320
Src_reg_loss	: 0.0289
-------------------------------------
[Epoch : 177/500]
Total_loss	: 0.0916
Coral_loss	: 0.0000
MMD_loss	: 1.4470
cond_ent_wt	: 4.8320
Src_reg_loss	: 0.0288
-------------------------------------
[Epoch : 178/500]
Total_loss	: 0.0915
Coral_loss	: 0.0000
MMD_loss	: 1.4447
cond_ent_wt	: 4.8320
Src_reg_loss	: 0.0287
-------------------------------------
[Epoch : 179/500]
Total_loss	: 0.0914
Coral_loss	: 0.0000
MMD_loss	: 1.4426
cond_ent_wt	: 4.8320
Src_reg_loss	: 0.0286
-------------------------------------
[Epoch : 180/500]
Total_loss	: 0.0913
Coral_loss	: 0.0000
MMD_loss	: 1.4404
cond_ent_wt	: 4.8319
Src_reg_loss	: 0.0286
-------------------------------------
[Epoch : 181/500]
Total_loss	: 0.0912
Coral_loss	: 0.0000
MMD_loss	: 1.4383
cond_ent_wt	: 4.8319
Src_reg_loss	: 0.0285
-------------------------------------
[Epoch : 182/500]
Total_loss	: 0.0911
Coral_loss	: 0.0000
MMD_loss	: 1.4363
cond_ent_wt	: 4.8319
Src_reg_loss	: 0.0284
-------------------------------------
[Epoch : 183/500]
Total_loss	: 0.0910
Coral_loss	: 0.0000
MMD_loss	: 1.4342
cond_ent_wt	: 4.8319
Src_reg_loss	: 0.0284
-------------------------------------
[Epoch : 184/500]
Total_loss	: 0.0909
Coral_loss	: 0.0000
MMD_loss	: 1.4323
cond_ent_wt	: 4.8319
Src_reg_loss	: 0.0283
-------------------------------------
[Epoch : 185/500]
Total_loss	: 0.0908
Coral_loss	: 0.0000
MMD_loss	: 1.4303
cond_ent_wt	: 4.8318
Src_reg_loss	: 0.0282
-------------------------------------
[Epoch : 186/500]
Total_loss	: 0.0907
Coral_loss	: 0.0000
MMD_loss	: 1.4284
cond_ent_wt	: 4.8318
Src_reg_loss	: 0.0281
-------------------------------------
[Epoch : 187/500]
Total_loss	: 0.0907
Coral_loss	: 0.0000
MMD_loss	: 1.4265
cond_ent_wt	: 4.8318
Src_reg_loss	: 0.0281
-------------------------------------
[Epoch : 188/500]
Total_loss	: 0.0906
Coral_loss	: 0.0000
MMD_loss	: 1.4247
cond_ent_wt	: 4.8318
Src_reg_loss	: 0.0280
-------------------------------------
[Epoch : 189/500]
Total_loss	: 0.0905
Coral_loss	: 0.0000
MMD_loss	: 1.4229
cond_ent_wt	: 4.8317
Src_reg_loss	: 0.0279
-------------------------------------
[Epoch : 190/500]
Total_loss	: 0.0904
Coral_loss	: 0.0000
MMD_loss	: 1.4211
cond_ent_wt	: 4.8317
Src_reg_loss	: 0.0279
-------------------------------------
[Epoch : 191/500]
Total_loss	: 0.0903
Coral_loss	: 0.0000
MMD_loss	: 1.4194
cond_ent_wt	: 4.8317
Src_reg_loss	: 0.0278
-------------------------------------
[Epoch : 192/500]
Total_loss	: 0.0902
Coral_loss	: 0.0000
MMD_loss	: 1.4177
cond_ent_wt	: 4.8317
Src_reg_loss	: 0.0277
-------------------------------------
[Epoch : 193/500]
Total_loss	: 0.0901
Coral_loss	: 0.0000
MMD_loss	: 1.4160
cond_ent_wt	: 4.8316
Src_reg_loss	: 0.0277
-------------------------------------
[Epoch : 194/500]
Total_loss	: 0.0901
Coral_loss	: 0.0000
MMD_loss	: 1.4144
cond_ent_wt	: 4.8316
Src_reg_loss	: 0.0276
-------------------------------------
[Epoch : 195/500]
Total_loss	: 0.0900
Coral_loss	: 0.0000
MMD_loss	: 1.4128
cond_ent_wt	: 4.8316
Src_reg_loss	: 0.0275
-------------------------------------
[Epoch : 196/500]
Total_loss	: 0.0899
Coral_loss	: 0.0000
MMD_loss	: 1.4112
cond_ent_wt	: 4.8316
Src_reg_loss	: 0.0275
-------------------------------------
[Epoch : 197/500]
Total_loss	: 0.0898
Coral_loss	: 0.0000
MMD_loss	: 1.4097
cond_ent_wt	: 4.8315
Src_reg_loss	: 0.0274
-------------------------------------
[Epoch : 198/500]
Total_loss	: 0.0897
Coral_loss	: 0.0000
MMD_loss	: 1.4082
cond_ent_wt	: 4.8315
Src_reg_loss	: 0.0273
-------------------------------------
[Epoch : 199/500]
Total_loss	: 0.0897
Coral_loss	: 0.0000
MMD_loss	: 1.4067
cond_ent_wt	: 4.8315
Src_reg_loss	: 0.0273
-------------------------------------
[Epoch : 200/500]
Total_loss	: 0.0896
Coral_loss	: 0.0000
MMD_loss	: 1.4052
cond_ent_wt	: 4.8314
Src_reg_loss	: 0.0272
-------------------------------------
[Epoch : 201/500]
Total_loss	: 0.0895
Coral_loss	: 0.0000
MMD_loss	: 1.4038
cond_ent_wt	: 4.8314
Src_reg_loss	: 0.0271
-------------------------------------
[Epoch : 202/500]
Total_loss	: 0.0894
Coral_loss	: 0.0000
MMD_loss	: 1.4024
cond_ent_wt	: 4.8314
Src_reg_loss	: 0.0271
-------------------------------------
[Epoch : 203/500]
Total_loss	: 0.0893
Coral_loss	: 0.0000
MMD_loss	: 1.4010
cond_ent_wt	: 4.8314
Src_reg_loss	: 0.0270
-------------------------------------
[Epoch : 204/500]
Total_loss	: 0.0893
Coral_loss	: 0.0000
MMD_loss	: 1.3996
cond_ent_wt	: 4.8313
Src_reg_loss	: 0.0270
-------------------------------------
[Epoch : 205/500]
Total_loss	: 0.0892
Coral_loss	: 0.0000
MMD_loss	: 1.3983
cond_ent_wt	: 4.8313
Src_reg_loss	: 0.0269
-------------------------------------
[Epoch : 206/500]
Total_loss	: 0.0891
Coral_loss	: 0.0000
MMD_loss	: 1.3970
cond_ent_wt	: 4.8313
Src_reg_loss	: 0.0268
-------------------------------------
[Epoch : 207/500]
Total_loss	: 0.0890
Coral_loss	: 0.0000
MMD_loss	: 1.3957
cond_ent_wt	: 4.8312
Src_reg_loss	: 0.0268
-------------------------------------
[Epoch : 208/500]
Total_loss	: 0.0890
Coral_loss	: 0.0000
MMD_loss	: 1.3945
cond_ent_wt	: 4.8312
Src_reg_loss	: 0.0267
-------------------------------------
[Epoch : 209/500]
Total_loss	: 0.0889
Coral_loss	: 0.0000
MMD_loss	: 1.3932
cond_ent_wt	: 4.8312
Src_reg_loss	: 0.0266
-------------------------------------
[Epoch : 210/500]
Total_loss	: 0.0888
Coral_loss	: 0.0000
MMD_loss	: 1.3920
cond_ent_wt	: 4.8312
Src_reg_loss	: 0.0266
-------------------------------------
[Epoch : 211/500]
Total_loss	: 0.0887
Coral_loss	: 0.0000
MMD_loss	: 1.3908
cond_ent_wt	: 4.8311
Src_reg_loss	: 0.0265
-------------------------------------
[Epoch : 212/500]
Total_loss	: 0.0887
Coral_loss	: 0.0000
MMD_loss	: 1.3897
cond_ent_wt	: 4.8311
Src_reg_loss	: 0.0265
-------------------------------------
[Epoch : 213/500]
Total_loss	: 0.0886
Coral_loss	: 0.0000
MMD_loss	: 1.3885
cond_ent_wt	: 4.8311
Src_reg_loss	: 0.0264
-------------------------------------
[Epoch : 214/500]
Total_loss	: 0.0885
Coral_loss	: 0.0000
MMD_loss	: 1.3874
cond_ent_wt	: 4.8310
Src_reg_loss	: 0.0264
-------------------------------------
[Epoch : 215/500]
Total_loss	: 0.0885
Coral_loss	: 0.0000
MMD_loss	: 1.3863
cond_ent_wt	: 4.8310
Src_reg_loss	: 0.0263
-------------------------------------
[Epoch : 216/500]
Total_loss	: 0.0884
Coral_loss	: 0.0000
MMD_loss	: 1.3852
cond_ent_wt	: 4.8310
Src_reg_loss	: 0.0262
-------------------------------------
[Epoch : 217/500]
Total_loss	: 0.0883
Coral_loss	: 0.0000
MMD_loss	: 1.3841
cond_ent_wt	: 4.8309
Src_reg_loss	: 0.0262
-------------------------------------
[Epoch : 218/500]
Total_loss	: 0.0883
Coral_loss	: 0.0000
MMD_loss	: 1.3831
cond_ent_wt	: 4.8309
Src_reg_loss	: 0.0261
-------------------------------------
[Epoch : 219/500]
Total_loss	: 0.0882
Coral_loss	: 0.0000
MMD_loss	: 1.3821
cond_ent_wt	: 4.8309
Src_reg_loss	: 0.0261
-------------------------------------
[Epoch : 220/500]
Total_loss	: 0.0881
Coral_loss	: 0.0000
MMD_loss	: 1.3811
cond_ent_wt	: 4.8308
Src_reg_loss	: 0.0260
-------------------------------------
[Epoch : 221/500]
Total_loss	: 0.0881
Coral_loss	: 0.0000
MMD_loss	: 1.3801
cond_ent_wt	: 4.8308
Src_reg_loss	: 0.0260
-------------------------------------
[Epoch : 222/500]
Total_loss	: 0.0880
Coral_loss	: 0.0000
MMD_loss	: 1.3791
cond_ent_wt	: 4.8308
Src_reg_loss	: 0.0259
-------------------------------------
[Epoch : 223/500]
Total_loss	: 0.0879
Coral_loss	: 0.0000
MMD_loss	: 1.3782
cond_ent_wt	: 4.8307
Src_reg_loss	: 0.0258
-------------------------------------
[Epoch : 224/500]
Total_loss	: 0.0879
Coral_loss	: 0.0000
MMD_loss	: 1.3772
cond_ent_wt	: 4.8307
Src_reg_loss	: 0.0258
-------------------------------------
[Epoch : 225/500]
Total_loss	: 0.0878
Coral_loss	: 0.0000
MMD_loss	: 1.3763
cond_ent_wt	: 4.8307
Src_reg_loss	: 0.0257
-------------------------------------
[Epoch : 226/500]
Total_loss	: 0.0877
Coral_loss	: 0.0000
MMD_loss	: 1.3754
cond_ent_wt	: 4.8306
Src_reg_loss	: 0.0257
-------------------------------------
[Epoch : 227/500]
Total_loss	: 0.0877
Coral_loss	: 0.0000
MMD_loss	: 1.3745
cond_ent_wt	: 4.8306
Src_reg_loss	: 0.0256
-------------------------------------
[Epoch : 228/500]
Total_loss	: 0.0876
Coral_loss	: 0.0000
MMD_loss	: 1.3736
cond_ent_wt	: 4.8305
Src_reg_loss	: 0.0256
-------------------------------------
[Epoch : 229/500]
Total_loss	: 0.0876
Coral_loss	: 0.0000
MMD_loss	: 1.3728
cond_ent_wt	: 4.8305
Src_reg_loss	: 0.0255
-------------------------------------
[Epoch : 230/500]
Total_loss	: 0.0875
Coral_loss	: 0.0000
MMD_loss	: 1.3720
cond_ent_wt	: 4.8305
Src_reg_loss	: 0.0255
-------------------------------------
[Epoch : 231/500]
Total_loss	: 0.0874
Coral_loss	: 0.0000
MMD_loss	: 1.3711
cond_ent_wt	: 4.8304
Src_reg_loss	: 0.0254
-------------------------------------
[Epoch : 232/500]
Total_loss	: 0.0874
Coral_loss	: 0.0000
MMD_loss	: 1.3703
cond_ent_wt	: 4.8304
Src_reg_loss	: 0.0254
-------------------------------------
[Epoch : 233/500]
Total_loss	: 0.0873
Coral_loss	: 0.0000
MMD_loss	: 1.3696
cond_ent_wt	: 4.8304
Src_reg_loss	: 0.0253
-------------------------------------
[Epoch : 234/500]
Total_loss	: 0.0872
Coral_loss	: 0.0000
MMD_loss	: 1.3688
cond_ent_wt	: 4.8303
Src_reg_loss	: 0.0253
-------------------------------------
[Epoch : 235/500]
Total_loss	: 0.0872
Coral_loss	: 0.0000
MMD_loss	: 1.3680
cond_ent_wt	: 4.8303
Src_reg_loss	: 0.0252
-------------------------------------
[Epoch : 236/500]
Total_loss	: 0.0871
Coral_loss	: 0.0000
MMD_loss	: 1.3673
cond_ent_wt	: 4.8302
Src_reg_loss	: 0.0252
-------------------------------------
[Epoch : 237/500]
Total_loss	: 0.0871
Coral_loss	: 0.0000
MMD_loss	: 1.3666
cond_ent_wt	: 4.8302
Src_reg_loss	: 0.0251
-------------------------------------
[Epoch : 238/500]
Total_loss	: 0.0870
Coral_loss	: 0.0000
MMD_loss	: 1.3658
cond_ent_wt	: 4.8302
Src_reg_loss	: 0.0251
-------------------------------------
[Epoch : 239/500]
Total_loss	: 0.0870
Coral_loss	: 0.0000
MMD_loss	: 1.3652
cond_ent_wt	: 4.8301
Src_reg_loss	: 0.0250
-------------------------------------
[Epoch : 240/500]
Total_loss	: 0.0869
Coral_loss	: 0.0000
MMD_loss	: 1.3645
cond_ent_wt	: 4.8301
Src_reg_loss	: 0.0250
-------------------------------------
[Epoch : 241/500]
Total_loss	: 0.0868
Coral_loss	: 0.0000
MMD_loss	: 1.3638
cond_ent_wt	: 4.8300
Src_reg_loss	: 0.0249
-------------------------------------
[Epoch : 242/500]
Total_loss	: 0.0868
Coral_loss	: 0.0000
MMD_loss	: 1.3631
cond_ent_wt	: 4.8300
Src_reg_loss	: 0.0249
-------------------------------------
[Epoch : 243/500]
Total_loss	: 0.0867
Coral_loss	: 0.0000
MMD_loss	: 1.3625
cond_ent_wt	: 4.8299
Src_reg_loss	: 0.0248
-------------------------------------
[Epoch : 244/500]
Total_loss	: 0.0867
Coral_loss	: 0.0000
MMD_loss	: 1.3619
cond_ent_wt	: 4.8299
Src_reg_loss	: 0.0248
-------------------------------------
[Epoch : 245/500]
Total_loss	: 0.0866
Coral_loss	: 0.0000
MMD_loss	: 1.3613
cond_ent_wt	: 4.8299
Src_reg_loss	: 0.0247
-------------------------------------
[Epoch : 246/500]
Total_loss	: 0.0866
Coral_loss	: 0.0000
MMD_loss	: 1.3607
cond_ent_wt	: 4.8298
Src_reg_loss	: 0.0247
-------------------------------------
[Epoch : 247/500]
Total_loss	: 0.0865
Coral_loss	: 0.0000
MMD_loss	: 1.3601
cond_ent_wt	: 4.8298
Src_reg_loss	: 0.0246
-------------------------------------
[Epoch : 248/500]
Total_loss	: 0.0865
Coral_loss	: 0.0000
MMD_loss	: 1.3595
cond_ent_wt	: 4.8297
Src_reg_loss	: 0.0246
-------------------------------------
[Epoch : 249/500]
Total_loss	: 0.0864
Coral_loss	: 0.0000
MMD_loss	: 1.3590
cond_ent_wt	: 4.8297
Src_reg_loss	: 0.0245
-------------------------------------
[Epoch : 250/500]
Total_loss	: 0.0864
Coral_loss	: 0.0000
MMD_loss	: 1.3584
cond_ent_wt	: 4.8296
Src_reg_loss	: 0.0245
-------------------------------------
[Epoch : 251/500]
Total_loss	: 0.0863
Coral_loss	: 0.0000
MMD_loss	: 1.3579
cond_ent_wt	: 4.8296
Src_reg_loss	: 0.0244
-------------------------------------
[Epoch : 252/500]
Total_loss	: 0.0862
Coral_loss	: 0.0000
MMD_loss	: 1.3574
cond_ent_wt	: 4.8295
Src_reg_loss	: 0.0244
-------------------------------------
[Epoch : 253/500]
Total_loss	: 0.0862
Coral_loss	: 0.0000
MMD_loss	: 1.3569
cond_ent_wt	: 4.8295
Src_reg_loss	: 0.0243
-------------------------------------
[Epoch : 254/500]
Total_loss	: 0.0861
Coral_loss	: 0.0000
MMD_loss	: 1.3564
cond_ent_wt	: 4.8294
Src_reg_loss	: 0.0243
-------------------------------------
[Epoch : 255/500]
Total_loss	: 0.0861
Coral_loss	: 0.0000
MMD_loss	: 1.3559
cond_ent_wt	: 4.8294
Src_reg_loss	: 0.0242
-------------------------------------
[Epoch : 256/500]
Total_loss	: 0.0860
Coral_loss	: 0.0000
MMD_loss	: 1.3554
cond_ent_wt	: 4.8293
Src_reg_loss	: 0.0242
-------------------------------------
[Epoch : 257/500]
Total_loss	: 0.0860
Coral_loss	: 0.0000
MMD_loss	: 1.3550
cond_ent_wt	: 4.8293
Src_reg_loss	: 0.0242
-------------------------------------
[Epoch : 258/500]
Total_loss	: 0.0859
Coral_loss	: 0.0000
MMD_loss	: 1.3546
cond_ent_wt	: 4.8292
Src_reg_loss	: 0.0241
-------------------------------------
[Epoch : 259/500]
Total_loss	: 0.0859
Coral_loss	: 0.0000
MMD_loss	: 1.3541
cond_ent_wt	: 4.8292
Src_reg_loss	: 0.0241
-------------------------------------
[Epoch : 260/500]
Total_loss	: 0.0858
Coral_loss	: 0.0000
MMD_loss	: 1.3537
cond_ent_wt	: 4.8291
Src_reg_loss	: 0.0240
-------------------------------------
[Epoch : 261/500]
Total_loss	: 0.0858
Coral_loss	: 0.0000
MMD_loss	: 1.3533
cond_ent_wt	: 4.8291
Src_reg_loss	: 0.0240
-------------------------------------
[Epoch : 262/500]
Total_loss	: 0.0858
Coral_loss	: 0.0000
MMD_loss	: 1.3529
cond_ent_wt	: 4.8290
Src_reg_loss	: 0.0239
-------------------------------------
[Epoch : 263/500]
Total_loss	: 0.0857
Coral_loss	: 0.0000
MMD_loss	: 1.3526
cond_ent_wt	: 4.8290
Src_reg_loss	: 0.0239
-------------------------------------
[Epoch : 264/500]
Total_loss	: 0.0857
Coral_loss	: 0.0000
MMD_loss	: 1.3522
cond_ent_wt	: 4.8289
Src_reg_loss	: 0.0238
-------------------------------------
[Epoch : 265/500]
Total_loss	: 0.0856
Coral_loss	: 0.0000
MMD_loss	: 1.3518
cond_ent_wt	: 4.8289
Src_reg_loss	: 0.0238
-------------------------------------
[Epoch : 266/500]
Total_loss	: 0.0856
Coral_loss	: 0.0000
MMD_loss	: 1.3515
cond_ent_wt	: 4.8288
Src_reg_loss	: 0.0238
-------------------------------------
[Epoch : 267/500]
Total_loss	: 0.0855
Coral_loss	: 0.0000
MMD_loss	: 1.3512
cond_ent_wt	: 4.8288
Src_reg_loss	: 0.0237
-------------------------------------
[Epoch : 268/500]
Total_loss	: 0.0855
Coral_loss	: 0.0000
MMD_loss	: 1.3509
cond_ent_wt	: 4.8287
Src_reg_loss	: 0.0237
-------------------------------------
[Epoch : 269/500]
Total_loss	: 0.0854
Coral_loss	: 0.0000
MMD_loss	: 1.3505
cond_ent_wt	: 4.8287
Src_reg_loss	: 0.0236
-------------------------------------
[Epoch : 270/500]
Total_loss	: 0.0854
Coral_loss	: 0.0000
MMD_loss	: 1.3502
cond_ent_wt	: 4.8286
Src_reg_loss	: 0.0236
-------------------------------------
[Epoch : 271/500]
Total_loss	: 0.0853
Coral_loss	: 0.0000
MMD_loss	: 1.3499
cond_ent_wt	: 4.8285
Src_reg_loss	: 0.0235
-------------------------------------
[Epoch : 272/500]
Total_loss	: 0.0853
Coral_loss	: 0.0000
MMD_loss	: 1.3497
cond_ent_wt	: 4.8285
Src_reg_loss	: 0.0235
-------------------------------------
[Epoch : 273/500]
Total_loss	: 0.0852
Coral_loss	: 0.0000
MMD_loss	: 1.3494
cond_ent_wt	: 4.8284
Src_reg_loss	: 0.0235
-------------------------------------
[Epoch : 274/500]
Total_loss	: 0.0852
Coral_loss	: 0.0000
MMD_loss	: 1.3491
cond_ent_wt	: 4.8284
Src_reg_loss	: 0.0234
-------------------------------------
[Epoch : 275/500]
Total_loss	: 0.0852
Coral_loss	: 0.0000
MMD_loss	: 1.3489
cond_ent_wt	: 4.8283
Src_reg_loss	: 0.0234
-------------------------------------
[Epoch : 276/500]
Total_loss	: 0.0851
Coral_loss	: 0.0000
MMD_loss	: 1.3487
cond_ent_wt	: 4.8282
Src_reg_loss	: 0.0233
-------------------------------------
[Epoch : 277/500]
Total_loss	: 0.0851
Coral_loss	: 0.0000
MMD_loss	: 1.3485
cond_ent_wt	: 4.8282
Src_reg_loss	: 0.0233
-------------------------------------
[Epoch : 278/500]
Total_loss	: 0.0850
Coral_loss	: 0.0000
MMD_loss	: 1.3483
cond_ent_wt	: 4.8281
Src_reg_loss	: 0.0233
-------------------------------------
[Epoch : 279/500]
Total_loss	: 0.0850
Coral_loss	: 0.0000
MMD_loss	: 1.3481
cond_ent_wt	: 4.8281
Src_reg_loss	: 0.0232
-------------------------------------
[Epoch : 280/500]
Total_loss	: 0.0849
Coral_loss	: 0.0000
MMD_loss	: 1.3479
cond_ent_wt	: 4.8280
Src_reg_loss	: 0.0232
-------------------------------------
[Epoch : 281/500]
Total_loss	: 0.0849
Coral_loss	: 0.0000
MMD_loss	: 1.3477
cond_ent_wt	: 4.8279
Src_reg_loss	: 0.0231
-------------------------------------
[Epoch : 282/500]
Total_loss	: 0.0849
Coral_loss	: 0.0000
MMD_loss	: 1.3476
cond_ent_wt	: 4.8279
Src_reg_loss	: 0.0231
-------------------------------------
[Epoch : 283/500]
Total_loss	: 0.0848
Coral_loss	: 0.0000
MMD_loss	: 1.3474
cond_ent_wt	: 4.8278
Src_reg_loss	: 0.0231
-------------------------------------
[Epoch : 284/500]
Total_loss	: 0.0848
Coral_loss	: 0.0000
MMD_loss	: 1.3473
cond_ent_wt	: 4.8277
Src_reg_loss	: 0.0230
-------------------------------------
[Epoch : 285/500]
Total_loss	: 0.0847
Coral_loss	: 0.0000
MMD_loss	: 1.3472
cond_ent_wt	: 4.8277
Src_reg_loss	: 0.0230
-------------------------------------
[Epoch : 286/500]
Total_loss	: 0.0847
Coral_loss	: 0.0000
MMD_loss	: 1.3471
cond_ent_wt	: 4.8276
Src_reg_loss	: 0.0230
-------------------------------------
[Epoch : 287/500]
Total_loss	: 0.0847
Coral_loss	: 0.0000
MMD_loss	: 1.3470
cond_ent_wt	: 4.8275
Src_reg_loss	: 0.0229
-------------------------------------
[Epoch : 288/500]
Total_loss	: 0.0846
Coral_loss	: 0.0000
MMD_loss	: 1.3469
cond_ent_wt	: 4.8275
Src_reg_loss	: 0.0229
-------------------------------------
[Epoch : 289/500]
Total_loss	: 0.0846
Coral_loss	: 0.0000
MMD_loss	: 1.3469
cond_ent_wt	: 4.8274
Src_reg_loss	: 0.0228
-------------------------------------
[Epoch : 290/500]
Total_loss	: 0.0845
Coral_loss	: 0.0000
MMD_loss	: 1.3468
cond_ent_wt	: 4.8273
Src_reg_loss	: 0.0228
-------------------------------------
[Epoch : 291/500]
Total_loss	: 0.0845
Coral_loss	: 0.0000
MMD_loss	: 1.3468
cond_ent_wt	: 4.8272
Src_reg_loss	: 0.0228
-------------------------------------
[Epoch : 292/500]
Total_loss	: 0.0845
Coral_loss	: 0.0000
MMD_loss	: 1.3468
cond_ent_wt	: 4.8272
Src_reg_loss	: 0.0227
-------------------------------------
[Epoch : 293/500]
Total_loss	: 0.0844
Coral_loss	: 0.0000
MMD_loss	: 1.3468
cond_ent_wt	: 4.8271
Src_reg_loss	: 0.0227
-------------------------------------
[Epoch : 294/500]
Total_loss	: 0.0844
Coral_loss	: 0.0000
MMD_loss	: 1.3468
cond_ent_wt	: 4.8270
Src_reg_loss	: 0.0227
-------------------------------------
[Epoch : 295/500]
Total_loss	: 0.0844
Coral_loss	: 0.0000
MMD_loss	: 1.3468
cond_ent_wt	: 4.8269
Src_reg_loss	: 0.0226
-------------------------------------
[Epoch : 296/500]
Total_loss	: 0.0843
Coral_loss	: 0.0000
MMD_loss	: 1.3468
cond_ent_wt	: 4.8269
Src_reg_loss	: 0.0226
-------------------------------------
[Epoch : 297/500]
Total_loss	: 0.0843
Coral_loss	: 0.0000
MMD_loss	: 1.3468
cond_ent_wt	: 4.8268
Src_reg_loss	: 0.0225
-------------------------------------
[Epoch : 298/500]
Total_loss	: 0.0842
Coral_loss	: 0.0000
MMD_loss	: 1.3469
cond_ent_wt	: 4.8267
Src_reg_loss	: 0.0225
-------------------------------------
[Epoch : 299/500]
Total_loss	: 0.0842
Coral_loss	: 0.0000
MMD_loss	: 1.3469
cond_ent_wt	: 4.8266
Src_reg_loss	: 0.0225
-------------------------------------
[Epoch : 300/500]
Total_loss	: 0.0842
Coral_loss	: 0.0000
MMD_loss	: 1.3470
cond_ent_wt	: 4.8265
Src_reg_loss	: 0.0224
-------------------------------------
[Epoch : 301/500]
Total_loss	: 0.0841
Coral_loss	: 0.0000
MMD_loss	: 1.3471
cond_ent_wt	: 4.8265
Src_reg_loss	: 0.0224
-------------------------------------
[Epoch : 302/500]
Total_loss	: 0.0841
Coral_loss	: 0.0000
MMD_loss	: 1.3472
cond_ent_wt	: 4.8264
Src_reg_loss	: 0.0224
-------------------------------------
[Epoch : 303/500]
Total_loss	: 0.0841
Coral_loss	: 0.0000
MMD_loss	: 1.3473
cond_ent_wt	: 4.8263
Src_reg_loss	: 0.0223
-------------------------------------
[Epoch : 304/500]
Total_loss	: 0.0840
Coral_loss	: 0.0000
MMD_loss	: 1.3474
cond_ent_wt	: 4.8262
Src_reg_loss	: 0.0223
-------------------------------------
[Epoch : 305/500]
Total_loss	: 0.0840
Coral_loss	: 0.0000
MMD_loss	: 1.3476
cond_ent_wt	: 4.8261
Src_reg_loss	: 0.0223
-------------------------------------
[Epoch : 306/500]
Total_loss	: 0.0840
Coral_loss	: 0.0000
MMD_loss	: 1.3477
cond_ent_wt	: 4.8260
Src_reg_loss	: 0.0222
-------------------------------------
[Epoch : 307/500]
Total_loss	: 0.0839
Coral_loss	: 0.0000
MMD_loss	: 1.3479
cond_ent_wt	: 4.8260
Src_reg_loss	: 0.0222
-------------------------------------
[Epoch : 308/500]
Total_loss	: 0.0839
Coral_loss	: 0.0000
MMD_loss	: 1.3481
cond_ent_wt	: 4.8259
Src_reg_loss	: 0.0222
-------------------------------------
[Epoch : 309/500]
Total_loss	: 0.0839
Coral_loss	: 0.0000
MMD_loss	: 1.3483
cond_ent_wt	: 4.8258
Src_reg_loss	: 0.0221
-------------------------------------
[Epoch : 310/500]
Total_loss	: 0.0838
Coral_loss	: 0.0000
MMD_loss	: 1.3485
cond_ent_wt	: 4.8257
Src_reg_loss	: 0.0221
-------------------------------------
[Epoch : 311/500]
Total_loss	: 0.0838
Coral_loss	: 0.0000
MMD_loss	: 1.3487
cond_ent_wt	: 4.8256
Src_reg_loss	: 0.0221
-------------------------------------
[Epoch : 312/500]
Total_loss	: 0.0838
Coral_loss	: 0.0000
MMD_loss	: 1.3489
cond_ent_wt	: 4.8255
Src_reg_loss	: 0.0220
-------------------------------------
[Epoch : 313/500]
Total_loss	: 0.0837
Coral_loss	: 0.0000
MMD_loss	: 1.3491
cond_ent_wt	: 4.8254
Src_reg_loss	: 0.0220
-------------------------------------
[Epoch : 314/500]
Total_loss	: 0.0837
Coral_loss	: 0.0000
MMD_loss	: 1.3494
cond_ent_wt	: 4.8253
Src_reg_loss	: 0.0220
-------------------------------------
[Epoch : 315/500]
Total_loss	: 0.0837
Coral_loss	: 0.0000
MMD_loss	: 1.3496
cond_ent_wt	: 4.8252
Src_reg_loss	: 0.0219
-------------------------------------
[Epoch : 316/500]
Total_loss	: 0.0836
Coral_loss	: 0.0000
MMD_loss	: 1.3499
cond_ent_wt	: 4.8251
Src_reg_loss	: 0.0219
-------------------------------------
[Epoch : 317/500]
Total_loss	: 0.0836
Coral_loss	: 0.0000
MMD_loss	: 1.3502
cond_ent_wt	: 4.8250
Src_reg_loss	: 0.0219
-------------------------------------
[Epoch : 318/500]
Total_loss	: 0.0836
Coral_loss	: 0.0000
MMD_loss	: 1.3504
cond_ent_wt	: 4.8249
Src_reg_loss	: 0.0218
-------------------------------------
[Epoch : 319/500]
Total_loss	: 0.0836
Coral_loss	: 0.0000
MMD_loss	: 1.3508
cond_ent_wt	: 4.8248
Src_reg_loss	: 0.0218
-------------------------------------
[Epoch : 320/500]
Total_loss	: 0.0835
Coral_loss	: 0.0000
MMD_loss	: 1.3511
cond_ent_wt	: 4.8247
Src_reg_loss	: 0.0218
-------------------------------------
[Epoch : 321/500]
Total_loss	: 0.0835
Coral_loss	: 0.0000
MMD_loss	: 1.3514
cond_ent_wt	: 4.8246
Src_reg_loss	: 0.0217
-------------------------------------
[Epoch : 322/500]
Total_loss	: 0.0835
Coral_loss	: 0.0000
MMD_loss	: 1.3517
cond_ent_wt	: 4.8245
Src_reg_loss	: 0.0217
-------------------------------------
[Epoch : 323/500]
Total_loss	: 0.0834
Coral_loss	: 0.0000
MMD_loss	: 1.3521
cond_ent_wt	: 4.8244
Src_reg_loss	: 0.0217
-------------------------------------
[Epoch : 324/500]
Total_loss	: 0.0834
Coral_loss	: 0.0000
MMD_loss	: 1.3524
cond_ent_wt	: 4.8243
Src_reg_loss	: 0.0216
-------------------------------------
[Epoch : 325/500]
Total_loss	: 0.0834
Coral_loss	: 0.0000
MMD_loss	: 1.3528
cond_ent_wt	: 4.8242
Src_reg_loss	: 0.0216
-------------------------------------
[Epoch : 326/500]
Total_loss	: 0.0834
Coral_loss	: 0.0000
MMD_loss	: 1.3532
cond_ent_wt	: 4.8241
Src_reg_loss	: 0.0216
-------------------------------------
[Epoch : 327/500]
Total_loss	: 0.0833
Coral_loss	: 0.0000
MMD_loss	: 1.3535
cond_ent_wt	: 4.8240
Src_reg_loss	: 0.0215
-------------------------------------
[Epoch : 328/500]
Total_loss	: 0.0833
Coral_loss	: 0.0000
MMD_loss	: 1.3539
cond_ent_wt	: 4.8239
Src_reg_loss	: 0.0215
-------------------------------------
[Epoch : 329/500]
Total_loss	: 0.0833
Coral_loss	: 0.0000
MMD_loss	: 1.3544
cond_ent_wt	: 4.8238
Src_reg_loss	: 0.0215
-------------------------------------
[Epoch : 330/500]
Total_loss	: 0.0832
Coral_loss	: 0.0000
MMD_loss	: 1.3548
cond_ent_wt	: 4.8237
Src_reg_loss	: 0.0215
-------------------------------------
[Epoch : 331/500]
Total_loss	: 0.0832
Coral_loss	: 0.0000
MMD_loss	: 1.3552
cond_ent_wt	: 4.8236
Src_reg_loss	: 0.0214
-------------------------------------
[Epoch : 332/500]
Total_loss	: 0.0832
Coral_loss	: 0.0000
MMD_loss	: 1.3556
cond_ent_wt	: 4.8235
Src_reg_loss	: 0.0214
-------------------------------------
[Epoch : 333/500]
Total_loss	: 0.0832
Coral_loss	: 0.0000
MMD_loss	: 1.3561
cond_ent_wt	: 4.8234
Src_reg_loss	: 0.0214
-------------------------------------
[Epoch : 334/500]
Total_loss	: 0.0831
Coral_loss	: 0.0000
MMD_loss	: 1.3566
cond_ent_wt	: 4.8232
Src_reg_loss	: 0.0213
-------------------------------------
[Epoch : 335/500]
Total_loss	: 0.0831
Coral_loss	: 0.0000
MMD_loss	: 1.3570
cond_ent_wt	: 4.8231
Src_reg_loss	: 0.0213
-------------------------------------
[Epoch : 336/500]
Total_loss	: 0.0831
Coral_loss	: 0.0000
MMD_loss	: 1.3575
cond_ent_wt	: 4.8230
Src_reg_loss	: 0.0213
-------------------------------------
[Epoch : 337/500]
Total_loss	: 0.0831
Coral_loss	: 0.0000
MMD_loss	: 1.3580
cond_ent_wt	: 4.8229
Src_reg_loss	: 0.0212
-------------------------------------
[Epoch : 338/500]
Total_loss	: 0.0830
Coral_loss	: 0.0000
MMD_loss	: 1.3585
cond_ent_wt	: 4.8228
Src_reg_loss	: 0.0212
-------------------------------------
[Epoch : 339/500]
Total_loss	: 0.0830
Coral_loss	: 0.0000
MMD_loss	: 1.3590
cond_ent_wt	: 4.8227
Src_reg_loss	: 0.0212
-------------------------------------
[Epoch : 340/500]
Total_loss	: 0.0830
Coral_loss	: 0.0000
MMD_loss	: 1.3595
cond_ent_wt	: 4.8225
Src_reg_loss	: 0.0212
-------------------------------------
[Epoch : 341/500]
Total_loss	: 0.0830
Coral_loss	: 0.0000
MMD_loss	: 1.3600
cond_ent_wt	: 4.8224
Src_reg_loss	: 0.0211
-------------------------------------
[Epoch : 342/500]
Total_loss	: 0.0829
Coral_loss	: 0.0000
MMD_loss	: 1.3606
cond_ent_wt	: 4.8223
Src_reg_loss	: 0.0211
-------------------------------------
[Epoch : 343/500]
Total_loss	: 0.0829
Coral_loss	: 0.0000
MMD_loss	: 1.3611
cond_ent_wt	: 4.8222
Src_reg_loss	: 0.0211
-------------------------------------
[Epoch : 344/500]
Total_loss	: 0.0829
Coral_loss	: 0.0000
MMD_loss	: 1.3617
cond_ent_wt	: 4.8220
Src_reg_loss	: 0.0210
-------------------------------------
[Epoch : 345/500]
Total_loss	: 0.0829
Coral_loss	: 0.0000
MMD_loss	: 1.3622
cond_ent_wt	: 4.8219
Src_reg_loss	: 0.0210
-------------------------------------
[Epoch : 346/500]
Total_loss	: 0.0828
Coral_loss	: 0.0000
MMD_loss	: 1.3628
cond_ent_wt	: 4.8218
Src_reg_loss	: 0.0210
-------------------------------------
[Epoch : 347/500]
Total_loss	: 0.0828
Coral_loss	: 0.0000
MMD_loss	: 1.3634
cond_ent_wt	: 4.8217
Src_reg_loss	: 0.0210
-------------------------------------
[Epoch : 348/500]
Total_loss	: 0.0828
Coral_loss	: 0.0000
MMD_loss	: 1.3640
cond_ent_wt	: 4.8215
Src_reg_loss	: 0.0209
-------------------------------------
[Epoch : 349/500]
Total_loss	: 0.0828
Coral_loss	: 0.0000
MMD_loss	: 1.3645
cond_ent_wt	: 4.8214
Src_reg_loss	: 0.0209
-------------------------------------
[Epoch : 350/500]
Total_loss	: 0.0827
Coral_loss	: 0.0000
MMD_loss	: 1.3652
cond_ent_wt	: 4.8213
Src_reg_loss	: 0.0209
-------------------------------------
[Epoch : 351/500]
Total_loss	: 0.0827
Coral_loss	: 0.0000
MMD_loss	: 1.3658
cond_ent_wt	: 4.8211
Src_reg_loss	: 0.0209
-------------------------------------
[Epoch : 352/500]
Total_loss	: 0.0827
Coral_loss	: 0.0000
MMD_loss	: 1.3664
cond_ent_wt	: 4.8210
Src_reg_loss	: 0.0208
-------------------------------------
[Epoch : 353/500]
Total_loss	: 0.0827
Coral_loss	: 0.0000
MMD_loss	: 1.3670
cond_ent_wt	: 4.8208
Src_reg_loss	: 0.0208
-------------------------------------
[Epoch : 354/500]
Total_loss	: 0.0827
Coral_loss	: 0.0000
MMD_loss	: 1.3676
cond_ent_wt	: 4.8207
Src_reg_loss	: 0.0208
-------------------------------------
[Epoch : 355/500]
Total_loss	: 0.0826
Coral_loss	: 0.0000
MMD_loss	: 1.3683
cond_ent_wt	: 4.8206
Src_reg_loss	: 0.0207
-------------------------------------
[Epoch : 356/500]
Total_loss	: 0.0826
Coral_loss	: 0.0000
MMD_loss	: 1.3689
cond_ent_wt	: 4.8204
Src_reg_loss	: 0.0207
-------------------------------------
[Epoch : 357/500]
Total_loss	: 0.0826
Coral_loss	: 0.0000
MMD_loss	: 1.3696
cond_ent_wt	: 4.8203
Src_reg_loss	: 0.0207
-------------------------------------
[Epoch : 358/500]
Total_loss	: 0.0826
Coral_loss	: 0.0000
MMD_loss	: 1.3702
cond_ent_wt	: 4.8201
Src_reg_loss	: 0.0207
-------------------------------------
[Epoch : 359/500]
Total_loss	: 0.0825
Coral_loss	: 0.0000
MMD_loss	: 1.3709
cond_ent_wt	: 4.8200
Src_reg_loss	: 0.0206
-------------------------------------
[Epoch : 360/500]
Total_loss	: 0.0825
Coral_loss	: 0.0000
MMD_loss	: 1.3715
cond_ent_wt	: 4.8199
Src_reg_loss	: 0.0206
-------------------------------------
[Epoch : 361/500]
Total_loss	: 0.0825
Coral_loss	: 0.0000
MMD_loss	: 1.3722
cond_ent_wt	: 4.8197
Src_reg_loss	: 0.0206
-------------------------------------
[Epoch : 362/500]
Total_loss	: 0.0825
Coral_loss	: 0.0000
MMD_loss	: 1.3729
cond_ent_wt	: 4.8196
Src_reg_loss	: 0.0206
-------------------------------------
[Epoch : 363/500]
Total_loss	: 0.0825
Coral_loss	: 0.0000
MMD_loss	: 1.3736
cond_ent_wt	: 4.8194
Src_reg_loss	: 0.0205
-------------------------------------
[Epoch : 364/500]
Total_loss	: 0.0824
Coral_loss	: 0.0000
MMD_loss	: 1.3743
cond_ent_wt	: 4.8193
Src_reg_loss	: 0.0205
-------------------------------------
[Epoch : 365/500]
Total_loss	: 0.0824
Coral_loss	: 0.0000
MMD_loss	: 1.3750
cond_ent_wt	: 4.8191
Src_reg_loss	: 0.0205
-------------------------------------
[Epoch : 366/500]
Total_loss	: 0.0824
Coral_loss	: 0.0000
MMD_loss	: 1.3757
cond_ent_wt	: 4.8189
Src_reg_loss	: 0.0205
-------------------------------------
[Epoch : 367/500]
Total_loss	: 0.0824
Coral_loss	: 0.0000
MMD_loss	: 1.3764
cond_ent_wt	: 4.8188
Src_reg_loss	: 0.0204
-------------------------------------
[Epoch : 368/500]
Total_loss	: 0.0824
Coral_loss	: 0.0000
MMD_loss	: 1.3771
cond_ent_wt	: 4.8186
Src_reg_loss	: 0.0204
-------------------------------------
[Epoch : 369/500]
Total_loss	: 0.0823
Coral_loss	: 0.0000
MMD_loss	: 1.3778
cond_ent_wt	: 4.8185
Src_reg_loss	: 0.0204
-------------------------------------
[Epoch : 370/500]
Total_loss	: 0.0823
Coral_loss	: 0.0000
MMD_loss	: 1.3785
cond_ent_wt	: 4.8183
Src_reg_loss	: 0.0204
-------------------------------------
[Epoch : 371/500]
Total_loss	: 0.0823
Coral_loss	: 0.0000
MMD_loss	: 1.3793
cond_ent_wt	: 4.8182
Src_reg_loss	: 0.0203
-------------------------------------
[Epoch : 372/500]
Total_loss	: 0.0823
Coral_loss	: 0.0000
MMD_loss	: 1.3800
cond_ent_wt	: 4.8180
Src_reg_loss	: 0.0203
-------------------------------------
[Epoch : 373/500]
Total_loss	: 0.0823
Coral_loss	: 0.0000
MMD_loss	: 1.3807
cond_ent_wt	: 4.8178
Src_reg_loss	: 0.0203
-------------------------------------
[Epoch : 374/500]
Total_loss	: 0.0822
Coral_loss	: 0.0000
MMD_loss	: 1.3815
cond_ent_wt	: 4.8177
Src_reg_loss	: 0.0203
-------------------------------------
[Epoch : 375/500]
Total_loss	: 0.0822
Coral_loss	: 0.0000
MMD_loss	: 1.3822
cond_ent_wt	: 4.8175
Src_reg_loss	: 0.0202
-------------------------------------
[Epoch : 376/500]
Total_loss	: 0.0822
Coral_loss	: 0.0000
MMD_loss	: 1.3829
cond_ent_wt	: 4.8173
Src_reg_loss	: 0.0202
-------------------------------------
[Epoch : 377/500]
Total_loss	: 0.0822
Coral_loss	: 0.0000
MMD_loss	: 1.3837
cond_ent_wt	: 4.8172
Src_reg_loss	: 0.0202
-------------------------------------
[Epoch : 378/500]
Total_loss	: 0.0822
Coral_loss	: 0.0000
MMD_loss	: 1.3845
cond_ent_wt	: 4.8170
Src_reg_loss	: 0.0202
-------------------------------------
[Epoch : 379/500]
Total_loss	: 0.0822
Coral_loss	: 0.0000
MMD_loss	: 1.3852
cond_ent_wt	: 4.8168
Src_reg_loss	: 0.0201
-------------------------------------
[Epoch : 380/500]
Total_loss	: 0.0821
Coral_loss	: 0.0000
MMD_loss	: 1.3860
cond_ent_wt	: 4.8167
Src_reg_loss	: 0.0201
-------------------------------------
[Epoch : 381/500]
Total_loss	: 0.0821
Coral_loss	: 0.0000
MMD_loss	: 1.3867
cond_ent_wt	: 4.8165
Src_reg_loss	: 0.0201
-------------------------------------
[Epoch : 382/500]
Total_loss	: 0.0821
Coral_loss	: 0.0000
MMD_loss	: 1.3875
cond_ent_wt	: 4.8163
Src_reg_loss	: 0.0201
-------------------------------------
[Epoch : 383/500]
Total_loss	: 0.0821
Coral_loss	: 0.0000
MMD_loss	: 1.3883
cond_ent_wt	: 4.8161
Src_reg_loss	: 0.0200
-------------------------------------
[Epoch : 384/500]
Total_loss	: 0.0821
Coral_loss	: 0.0000
MMD_loss	: 1.3890
cond_ent_wt	: 4.8160
Src_reg_loss	: 0.0200
-------------------------------------
[Epoch : 385/500]
Total_loss	: 0.0820
Coral_loss	: 0.0000
MMD_loss	: 1.3898
cond_ent_wt	: 4.8158
Src_reg_loss	: 0.0200
-------------------------------------
[Epoch : 386/500]
Total_loss	: 0.0820
Coral_loss	: 0.0000
MMD_loss	: 1.3906
cond_ent_wt	: 4.8156
Src_reg_loss	: 0.0200
-------------------------------------
[Epoch : 387/500]
Total_loss	: 0.0820
Coral_loss	: 0.0000
MMD_loss	: 1.3914
cond_ent_wt	: 4.8154
Src_reg_loss	: 0.0199
-------------------------------------
[Epoch : 388/500]
Total_loss	: 0.0820
Coral_loss	: 0.0000
MMD_loss	: 1.3922
cond_ent_wt	: 4.8152
Src_reg_loss	: 0.0199
-------------------------------------
[Epoch : 389/500]
Total_loss	: 0.0820
Coral_loss	: 0.0000
MMD_loss	: 1.3929
cond_ent_wt	: 4.8151
Src_reg_loss	: 0.0199
-------------------------------------
[Epoch : 390/500]
Total_loss	: 0.0820
Coral_loss	: 0.0000
MMD_loss	: 1.3937
cond_ent_wt	: 4.8149
Src_reg_loss	: 0.0199
-------------------------------------
[Epoch : 391/500]
Total_loss	: 0.0819
Coral_loss	: 0.0000
MMD_loss	: 1.3945
cond_ent_wt	: 4.8147
Src_reg_loss	: 0.0198
-------------------------------------
[Epoch : 392/500]
Total_loss	: 0.0819
Coral_loss	: 0.0000
MMD_loss	: 1.3953
cond_ent_wt	: 4.8145
Src_reg_loss	: 0.0198
-------------------------------------
[Epoch : 393/500]
Total_loss	: 0.0819
Coral_loss	: 0.0000
MMD_loss	: 1.3961
cond_ent_wt	: 4.8143
Src_reg_loss	: 0.0198
-------------------------------------
[Epoch : 394/500]
Total_loss	: 0.0819
Coral_loss	: 0.0000
MMD_loss	: 1.3969
cond_ent_wt	: 4.8141
Src_reg_loss	: 0.0198
-------------------------------------
[Epoch : 395/500]
Total_loss	: 0.0819
Coral_loss	: 0.0000
MMD_loss	: 1.3977
cond_ent_wt	: 4.8139
Src_reg_loss	: 0.0198
-------------------------------------
[Epoch : 396/500]
Total_loss	: 0.0819
Coral_loss	: 0.0000
MMD_loss	: 1.3985
cond_ent_wt	: 4.8137
Src_reg_loss	: 0.0197
-------------------------------------
[Epoch : 397/500]
Total_loss	: 0.0818
Coral_loss	: 0.0000
MMD_loss	: 1.3993
cond_ent_wt	: 4.8136
Src_reg_loss	: 0.0197
-------------------------------------
[Epoch : 398/500]
Total_loss	: 0.0818
Coral_loss	: 0.0000
MMD_loss	: 1.4001
cond_ent_wt	: 4.8134
Src_reg_loss	: 0.0197
-------------------------------------
[Epoch : 399/500]
Total_loss	: 0.0818
Coral_loss	: 0.0000
MMD_loss	: 1.4009
cond_ent_wt	: 4.8132
Src_reg_loss	: 0.0197
-------------------------------------
[Epoch : 400/500]
Total_loss	: 0.0818
Coral_loss	: 0.0000
MMD_loss	: 1.4017
cond_ent_wt	: 4.8130
Src_reg_loss	: 0.0196
-------------------------------------
[Epoch : 401/500]
Total_loss	: 0.0818
Coral_loss	: 0.0000
MMD_loss	: 1.4025
cond_ent_wt	: 4.8128
Src_reg_loss	: 0.0196
-------------------------------------
[Epoch : 402/500]
Total_loss	: 0.0818
Coral_loss	: 0.0000
MMD_loss	: 1.4033
cond_ent_wt	: 4.8126
Src_reg_loss	: 0.0196
-------------------------------------
[Epoch : 403/500]
Total_loss	: 0.0817
Coral_loss	: 0.0000
MMD_loss	: 1.4041
cond_ent_wt	: 4.8124
Src_reg_loss	: 0.0196
-------------------------------------
[Epoch : 404/500]
Total_loss	: 0.0817
Coral_loss	: 0.0000
MMD_loss	: 1.4049
cond_ent_wt	: 4.8122
Src_reg_loss	: 0.0196
-------------------------------------
[Epoch : 405/500]
Total_loss	: 0.0817
Coral_loss	: 0.0000
MMD_loss	: 1.4057
cond_ent_wt	: 4.8120
Src_reg_loss	: 0.0195
-------------------------------------
[Epoch : 406/500]
Total_loss	: 0.0817
Coral_loss	: 0.0000
MMD_loss	: 1.4065
cond_ent_wt	: 4.8118
Src_reg_loss	: 0.0195
-------------------------------------
[Epoch : 407/500]
Total_loss	: 0.0817
Coral_loss	: 0.0000
MMD_loss	: 1.4073
cond_ent_wt	: 4.8116
Src_reg_loss	: 0.0195
-------------------------------------
[Epoch : 408/500]
Total_loss	: 0.0817
Coral_loss	: 0.0000
MMD_loss	: 1.4081
cond_ent_wt	: 4.8114
Src_reg_loss	: 0.0195
-------------------------------------
[Epoch : 409/500]
Total_loss	: 0.0817
Coral_loss	: 0.0000
MMD_loss	: 1.4089
cond_ent_wt	: 4.8112
Src_reg_loss	: 0.0195
-------------------------------------
[Epoch : 410/500]
Total_loss	: 0.0816
Coral_loss	: 0.0000
MMD_loss	: 1.4097
cond_ent_wt	: 4.8110
Src_reg_loss	: 0.0194
-------------------------------------
[Epoch : 411/500]
Total_loss	: 0.0816
Coral_loss	: 0.0000
MMD_loss	: 1.4105
cond_ent_wt	: 4.8108
Src_reg_loss	: 0.0194
-------------------------------------
[Epoch : 412/500]
Total_loss	: 0.0816
Coral_loss	: 0.0000
MMD_loss	: 1.4113
cond_ent_wt	: 4.8106
Src_reg_loss	: 0.0194
-------------------------------------
[Epoch : 413/500]
Total_loss	: 0.0816
Coral_loss	: 0.0000
MMD_loss	: 1.4121
cond_ent_wt	: 4.8104
Src_reg_loss	: 0.0194
-------------------------------------
[Epoch : 414/500]
Total_loss	: 0.0816
Coral_loss	: 0.0000
MMD_loss	: 1.4129
cond_ent_wt	: 4.8102
Src_reg_loss	: 0.0193
-------------------------------------
[Epoch : 415/500]
Total_loss	: 0.0816
Coral_loss	: 0.0000
MMD_loss	: 1.4137
cond_ent_wt	: 4.8099
Src_reg_loss	: 0.0193
-------------------------------------
[Epoch : 416/500]
Total_loss	: 0.0815
Coral_loss	: 0.0000
MMD_loss	: 1.4145
cond_ent_wt	: 4.8097
Src_reg_loss	: 0.0193
-------------------------------------
[Epoch : 417/500]
Total_loss	: 0.0815
Coral_loss	: 0.0000
MMD_loss	: 1.4153
cond_ent_wt	: 4.8095
Src_reg_loss	: 0.0193
-------------------------------------
[Epoch : 418/500]
Total_loss	: 0.0815
Coral_loss	: 0.0000
MMD_loss	: 1.4161
cond_ent_wt	: 4.8093
Src_reg_loss	: 0.0193
-------------------------------------
[Epoch : 419/500]
Total_loss	: 0.0815
Coral_loss	: 0.0000
MMD_loss	: 1.4170
cond_ent_wt	: 4.8091
Src_reg_loss	: 0.0192
-------------------------------------
[Epoch : 420/500]
Total_loss	: 0.0815
Coral_loss	: 0.0000
MMD_loss	: 1.4178
cond_ent_wt	: 4.8089
Src_reg_loss	: 0.0192
-------------------------------------
[Epoch : 421/500]
Total_loss	: 0.0815
Coral_loss	: 0.0000
MMD_loss	: 1.4186
cond_ent_wt	: 4.8087
Src_reg_loss	: 0.0192
-------------------------------------
[Epoch : 422/500]
Total_loss	: 0.0815
Coral_loss	: 0.0000
MMD_loss	: 1.4194
cond_ent_wt	: 4.8085
Src_reg_loss	: 0.0192
-------------------------------------
[Epoch : 423/500]
Total_loss	: 0.0814
Coral_loss	: 0.0000
MMD_loss	: 1.4202
cond_ent_wt	: 4.8082
Src_reg_loss	: 0.0192
-------------------------------------
[Epoch : 424/500]
Total_loss	: 0.0814
Coral_loss	: 0.0000
MMD_loss	: 1.4210
cond_ent_wt	: 4.8080
Src_reg_loss	: 0.0191
-------------------------------------
[Epoch : 425/500]
Total_loss	: 0.0814
Coral_loss	: 0.0000
MMD_loss	: 1.4218
cond_ent_wt	: 4.8078
Src_reg_loss	: 0.0191
-------------------------------------
[Epoch : 426/500]
Total_loss	: 0.0814
Coral_loss	: 0.0000
MMD_loss	: 1.4226
cond_ent_wt	: 4.8076
Src_reg_loss	: 0.0191
-------------------------------------
[Epoch : 427/500]
Total_loss	: 0.0814
Coral_loss	: 0.0000
MMD_loss	: 1.4234
cond_ent_wt	: 4.8074
Src_reg_loss	: 0.0191
-------------------------------------
[Epoch : 428/500]
Total_loss	: 0.0814
Coral_loss	: 0.0000
MMD_loss	: 1.4242
cond_ent_wt	: 4.8071
Src_reg_loss	: 0.0191
-------------------------------------
[Epoch : 429/500]
Total_loss	: 0.0814
Coral_loss	: 0.0000
MMD_loss	: 1.4250
cond_ent_wt	: 4.8069
Src_reg_loss	: 0.0190
-------------------------------------
[Epoch : 430/500]
Total_loss	: 0.0813
Coral_loss	: 0.0000
MMD_loss	: 1.4257
cond_ent_wt	: 4.8067
Src_reg_loss	: 0.0190
-------------------------------------
[Epoch : 431/500]
Total_loss	: 0.0813
Coral_loss	: 0.0000
MMD_loss	: 1.4265
cond_ent_wt	: 4.8065
Src_reg_loss	: 0.0190
-------------------------------------
[Epoch : 432/500]
Total_loss	: 0.0813
Coral_loss	: 0.0000
MMD_loss	: 1.4273
cond_ent_wt	: 4.8063
Src_reg_loss	: 0.0190
-------------------------------------
[Epoch : 433/500]
Total_loss	: 0.0813
Coral_loss	: 0.0000
MMD_loss	: 1.4281
cond_ent_wt	: 4.8060
Src_reg_loss	: 0.0190
-------------------------------------
[Epoch : 434/500]
Total_loss	: 0.0813
Coral_loss	: 0.0000
MMD_loss	: 1.4289
cond_ent_wt	: 4.8058
Src_reg_loss	: 0.0189
-------------------------------------
[Epoch : 435/500]
Total_loss	: 0.0813
Coral_loss	: 0.0000
MMD_loss	: 1.4297
cond_ent_wt	: 4.8056
Src_reg_loss	: 0.0189
-------------------------------------
[Epoch : 436/500]
Total_loss	: 0.0813
Coral_loss	: 0.0000
MMD_loss	: 1.4305
cond_ent_wt	: 4.8054
Src_reg_loss	: 0.0189
-------------------------------------
[Epoch : 437/500]
Total_loss	: 0.0812
Coral_loss	: 0.0000
MMD_loss	: 1.4313
cond_ent_wt	: 4.8051
Src_reg_loss	: 0.0189
-------------------------------------
[Epoch : 438/500]
Total_loss	: 0.0812
Coral_loss	: 0.0000
MMD_loss	: 1.4321
cond_ent_wt	: 4.8049
Src_reg_loss	: 0.0189
-------------------------------------
[Epoch : 439/500]
Total_loss	: 0.0812
Coral_loss	: 0.0000
MMD_loss	: 1.4329
cond_ent_wt	: 4.8047
Src_reg_loss	: 0.0188
-------------------------------------
[Epoch : 440/500]
Total_loss	: 0.0812
Coral_loss	: 0.0000
MMD_loss	: 1.4337
cond_ent_wt	: 4.8044
Src_reg_loss	: 0.0188
-------------------------------------
[Epoch : 441/500]
Total_loss	: 0.0812
Coral_loss	: 0.0000
MMD_loss	: 1.4344
cond_ent_wt	: 4.8042
Src_reg_loss	: 0.0188
-------------------------------------
[Epoch : 442/500]
Total_loss	: 0.0812
Coral_loss	: 0.0000
MMD_loss	: 1.4352
cond_ent_wt	: 4.8040
Src_reg_loss	: 0.0188
-------------------------------------
[Epoch : 443/500]
Total_loss	: 0.0812
Coral_loss	: 0.0000
MMD_loss	: 1.4360
cond_ent_wt	: 4.8037
Src_reg_loss	: 0.0188
-------------------------------------
[Epoch : 444/500]
Total_loss	: 0.0812
Coral_loss	: 0.0000
MMD_loss	: 1.4368
cond_ent_wt	: 4.8035
Src_reg_loss	: 0.0188
-------------------------------------
[Epoch : 445/500]
Total_loss	: 0.0811
Coral_loss	: 0.0000
MMD_loss	: 1.4376
cond_ent_wt	: 4.8033
Src_reg_loss	: 0.0187
-------------------------------------
[Epoch : 446/500]
Total_loss	: 0.0811
Coral_loss	: 0.0000
MMD_loss	: 1.4383
cond_ent_wt	: 4.8030
Src_reg_loss	: 0.0187
-------------------------------------
[Epoch : 447/500]
Total_loss	: 0.0811
Coral_loss	: 0.0000
MMD_loss	: 1.4391
cond_ent_wt	: 4.8028
Src_reg_loss	: 0.0187
-------------------------------------
[Epoch : 448/500]
Total_loss	: 0.0811
Coral_loss	: 0.0000
MMD_loss	: 1.4399
cond_ent_wt	: 4.8026
Src_reg_loss	: 0.0187
-------------------------------------
[Epoch : 449/500]
Total_loss	: 0.0811
Coral_loss	: 0.0000
MMD_loss	: 1.4407
cond_ent_wt	: 4.8023
Src_reg_loss	: 0.0187
-------------------------------------
[Epoch : 450/500]
Total_loss	: 0.0811
Coral_loss	: 0.0000
MMD_loss	: 1.4414
cond_ent_wt	: 4.8021
Src_reg_loss	: 0.0186
-------------------------------------
[Epoch : 451/500]
Total_loss	: 0.0811
Coral_loss	: 0.0000
MMD_loss	: 1.4422
cond_ent_wt	: 4.8019
Src_reg_loss	: 0.0186
-------------------------------------
[Epoch : 452/500]
Total_loss	: 0.0811
Coral_loss	: 0.0000
MMD_loss	: 1.4430
cond_ent_wt	: 4.8016
Src_reg_loss	: 0.0186
-------------------------------------
[Epoch : 453/500]
Total_loss	: 0.0810
Coral_loss	: 0.0000
MMD_loss	: 1.4438
cond_ent_wt	: 4.8014
Src_reg_loss	: 0.0186
-------------------------------------
[Epoch : 454/500]
Total_loss	: 0.0810
Coral_loss	: 0.0000
MMD_loss	: 1.4445
cond_ent_wt	: 4.8012
Src_reg_loss	: 0.0186
-------------------------------------
[Epoch : 455/500]
Total_loss	: 0.0810
Coral_loss	: 0.0000
MMD_loss	: 1.4453
cond_ent_wt	: 4.8009
Src_reg_loss	: 0.0186
-------------------------------------
[Epoch : 456/500]
Total_loss	: 0.0810
Coral_loss	: 0.0000
MMD_loss	: 1.4460
cond_ent_wt	: 4.8007
Src_reg_loss	: 0.0185
-------------------------------------
[Epoch : 457/500]
Total_loss	: 0.0810
Coral_loss	: 0.0000
MMD_loss	: 1.4468
cond_ent_wt	: 4.8004
Src_reg_loss	: 0.0185
-------------------------------------
[Epoch : 458/500]
Total_loss	: 0.0810
Coral_loss	: 0.0000
MMD_loss	: 1.4476
cond_ent_wt	: 4.8002
Src_reg_loss	: 0.0185
-------------------------------------
[Epoch : 459/500]
Total_loss	: 0.0810
Coral_loss	: 0.0000
MMD_loss	: 1.4483
cond_ent_wt	: 4.8000
Src_reg_loss	: 0.0185
-------------------------------------
[Epoch : 460/500]
Total_loss	: 0.0810
Coral_loss	: 0.0000
MMD_loss	: 1.4491
cond_ent_wt	: 4.7997
Src_reg_loss	: 0.0185
-------------------------------------
[Epoch : 461/500]
Total_loss	: 0.0809
Coral_loss	: 0.0000
MMD_loss	: 1.4498
cond_ent_wt	: 4.7995
Src_reg_loss	: 0.0184
-------------------------------------
[Epoch : 462/500]
Total_loss	: 0.0809
Coral_loss	: 0.0000
MMD_loss	: 1.4506
cond_ent_wt	: 4.7992
Src_reg_loss	: 0.0184
-------------------------------------
[Epoch : 463/500]
Total_loss	: 0.0809
Coral_loss	: 0.0000
MMD_loss	: 1.4513
cond_ent_wt	: 4.7990
Src_reg_loss	: 0.0184
-------------------------------------
[Epoch : 464/500]
Total_loss	: 0.0809
Coral_loss	: 0.0000
MMD_loss	: 1.4521
cond_ent_wt	: 4.7988
Src_reg_loss	: 0.0184
-------------------------------------
[Epoch : 465/500]
Total_loss	: 0.0809
Coral_loss	: 0.0000
MMD_loss	: 1.4528
cond_ent_wt	: 4.7985
Src_reg_loss	: 0.0184
-------------------------------------
[Epoch : 466/500]
Total_loss	: 0.0809
Coral_loss	: 0.0000
MMD_loss	: 1.4535
cond_ent_wt	: 4.7983
Src_reg_loss	: 0.0184
-------------------------------------
[Epoch : 467/500]
Total_loss	: 0.0809
Coral_loss	: 0.0000
MMD_loss	: 1.4543
cond_ent_wt	: 4.7980
Src_reg_loss	: 0.0183
-------------------------------------
[Epoch : 468/500]
Total_loss	: 0.0809
Coral_loss	: 0.0000
MMD_loss	: 1.4550
cond_ent_wt	: 4.7978
Src_reg_loss	: 0.0183
-------------------------------------
[Epoch : 469/500]
Total_loss	: 0.0808
Coral_loss	: 0.0000
MMD_loss	: 1.4557
cond_ent_wt	: 4.7976
Src_reg_loss	: 0.0183
-------------------------------------
[Epoch : 470/500]
Total_loss	: 0.0808
Coral_loss	: 0.0000
MMD_loss	: 1.4565
cond_ent_wt	: 4.7973
Src_reg_loss	: 0.0183
-------------------------------------
[Epoch : 471/500]
Total_loss	: 0.0808
Coral_loss	: 0.0000
MMD_loss	: 1.4572
cond_ent_wt	: 4.7971
Src_reg_loss	: 0.0183
-------------------------------------
[Epoch : 472/500]
Total_loss	: 0.0808
Coral_loss	: 0.0000
MMD_loss	: 1.4579
cond_ent_wt	: 4.7968
Src_reg_loss	: 0.0183
-------------------------------------
[Epoch : 473/500]
Total_loss	: 0.0808
Coral_loss	: 0.0000
MMD_loss	: 1.4586
cond_ent_wt	: 4.7966
Src_reg_loss	: 0.0182
-------------------------------------
[Epoch : 474/500]
Total_loss	: 0.0808
Coral_loss	: 0.0000
MMD_loss	: 1.4593
cond_ent_wt	: 4.7963
Src_reg_loss	: 0.0182
-------------------------------------
[Epoch : 475/500]
Total_loss	: 0.0808
Coral_loss	: 0.0000
MMD_loss	: 1.4600
cond_ent_wt	: 4.7961
Src_reg_loss	: 0.0182
-------------------------------------
[Epoch : 476/500]
Total_loss	: 0.0808
Coral_loss	: 0.0000
MMD_loss	: 1.4607
cond_ent_wt	: 4.7958
Src_reg_loss	: 0.0182
-------------------------------------
[Epoch : 477/500]
Total_loss	: 0.0807
Coral_loss	: 0.0000
MMD_loss	: 1.4614
cond_ent_wt	: 4.7956
Src_reg_loss	: 0.0182
-------------------------------------
[Epoch : 478/500]
Total_loss	: 0.0807
Coral_loss	: 0.0000
MMD_loss	: 1.4621
cond_ent_wt	: 4.7954
Src_reg_loss	: 0.0182
-------------------------------------
[Epoch : 479/500]
Total_loss	: 0.0807
Coral_loss	: 0.0000
MMD_loss	: 1.4628
cond_ent_wt	: 4.7951
Src_reg_loss	: 0.0181
-------------------------------------
[Epoch : 480/500]
Total_loss	: 0.0807
Coral_loss	: 0.0000
MMD_loss	: 1.4635
cond_ent_wt	: 4.7949
Src_reg_loss	: 0.0181
-------------------------------------
[Epoch : 481/500]
Total_loss	: 0.0807
Coral_loss	: 0.0000
MMD_loss	: 1.4641
cond_ent_wt	: 4.7946
Src_reg_loss	: 0.0181
-------------------------------------
[Epoch : 482/500]
Total_loss	: 0.0807
Coral_loss	: 0.0000
MMD_loss	: 1.4648
cond_ent_wt	: 4.7944
Src_reg_loss	: 0.0181
-------------------------------------
[Epoch : 483/500]
Total_loss	: 0.0807
Coral_loss	: 0.0000
MMD_loss	: 1.4655
cond_ent_wt	: 4.7941
Src_reg_loss	: 0.0181
-------------------------------------
[Epoch : 484/500]
Total_loss	: 0.0807
Coral_loss	: 0.0000
MMD_loss	: 1.4662
cond_ent_wt	: 4.7939
Src_reg_loss	: 0.0181
-------------------------------------
[Epoch : 485/500]
Total_loss	: 0.0806
Coral_loss	: 0.0000
MMD_loss	: 1.4668
cond_ent_wt	: 4.7936
Src_reg_loss	: 0.0180
-------------------------------------
[Epoch : 486/500]
Total_loss	: 0.0806
Coral_loss	: 0.0000
MMD_loss	: 1.4675
cond_ent_wt	: 4.7934
Src_reg_loss	: 0.0180
-------------------------------------
[Epoch : 487/500]
Total_loss	: 0.0806
Coral_loss	: 0.0000
MMD_loss	: 1.4682
cond_ent_wt	: 4.7931
Src_reg_loss	: 0.0180
-------------------------------------
[Epoch : 488/500]
Total_loss	: 0.0806
Coral_loss	: 0.0000
MMD_loss	: 1.4688
cond_ent_wt	: 4.7929
Src_reg_loss	: 0.0180
-------------------------------------
[Epoch : 489/500]
Total_loss	: 0.0806
Coral_loss	: 0.0000
MMD_loss	: 1.4695
cond_ent_wt	: 4.7926
Src_reg_loss	: 0.0180
-------------------------------------
[Epoch : 490/500]
Total_loss	: 0.0806
Coral_loss	: 0.0000
MMD_loss	: 1.4701
cond_ent_wt	: 4.7924
Src_reg_loss	: 0.0180
-------------------------------------
[Epoch : 491/500]
Total_loss	: 0.0806
Coral_loss	: 0.0000
MMD_loss	: 1.4708
cond_ent_wt	: 4.7921
Src_reg_loss	: 0.0179
-------------------------------------
[Epoch : 492/500]
Total_loss	: 0.0806
Coral_loss	: 0.0000
MMD_loss	: 1.4714
cond_ent_wt	: 4.7919
Src_reg_loss	: 0.0179
-------------------------------------
[Epoch : 493/500]
Total_loss	: 0.0806
Coral_loss	: 0.0000
MMD_loss	: 1.4721
cond_ent_wt	: 4.7916
Src_reg_loss	: 0.0179
-------------------------------------
[Epoch : 494/500]
Total_loss	: 0.0805
Coral_loss	: 0.0000
MMD_loss	: 1.4727
cond_ent_wt	: 4.7914
Src_reg_loss	: 0.0179
-------------------------------------
[Epoch : 495/500]
Total_loss	: 0.0805
Coral_loss	: 0.0000
MMD_loss	: 1.4734
cond_ent_wt	: 4.7911
Src_reg_loss	: 0.0179
-------------------------------------
[Epoch : 496/500]
Total_loss	: 0.0805
Coral_loss	: 0.0000
MMD_loss	: 1.4740
cond_ent_wt	: 4.7909
Src_reg_loss	: 0.0179
-------------------------------------
[Epoch : 497/500]
Total_loss	: 0.0805
Coral_loss	: 0.0000
MMD_loss	: 1.4746
cond_ent_wt	: 4.7906
Src_reg_loss	: 0.0179
-------------------------------------
[Epoch : 498/500]
Total_loss	: 0.0805
Coral_loss	: 0.0000
MMD_loss	: 1.4753
cond_ent_wt	: 4.7904
Src_reg_loss	: 0.0178
-------------------------------------
[Epoch : 499/500]
Total_loss	: 0.0805
Coral_loss	: 0.0000
MMD_loss	: 1.4759
cond_ent_wt	: 4.7901
Src_reg_loss	: 0.0178
-------------------------------------
[Epoch : 500/500]
Total_loss	: 0.0805
Coral_loss	: 0.0000
MMD_loss	: 1.4765
cond_ent_wt	: 4.7899
Src_reg_loss	: 0.0178
-------------------------------------
