=============================================
Dataset: Airbox
Method:  MMDA
=============================================
Source: 0 ---> Target: 3
=============================================
[Epoch : 1/500]
Total_loss	: 0.3286
Coral_loss	: 0.0000
MMD_loss	: 2.0137
cond_ent_wt	: 4.8494
Src_reg_loss	: 0.2599
-------------------------------------
[Epoch : 2/500]
Total_loss	: 0.3116
Coral_loss	: 0.0000
MMD_loss	: 2.0133
cond_ent_wt	: 4.8492
Src_reg_loss	: 0.2430
-------------------------------------
[Epoch : 3/500]
Total_loss	: 0.2951
Coral_loss	: 0.0000
MMD_loss	: 2.0130
cond_ent_wt	: 4.8489
Src_reg_loss	: 0.2265
-------------------------------------
[Epoch : 4/500]
Total_loss	: 0.2783
Coral_loss	: 0.0000
MMD_loss	: 2.0134
cond_ent_wt	: 4.8485
Src_reg_loss	: 0.2097
-------------------------------------
[Epoch : 5/500]
Total_loss	: 0.2611
Coral_loss	: 0.0000
MMD_loss	: 2.0146
cond_ent_wt	: 4.8479
Src_reg_loss	: 0.1924
-------------------------------------
[Epoch : 6/500]
Total_loss	: 0.2436
Coral_loss	: 0.0000
MMD_loss	: 2.0162
cond_ent_wt	: 4.8470
Src_reg_loss	: 0.1750
-------------------------------------
[Epoch : 7/500]
Total_loss	: 0.2269
Coral_loss	: 0.0000
MMD_loss	: 2.0176
cond_ent_wt	: 4.8457
Src_reg_loss	: 0.1582
-------------------------------------
[Epoch : 8/500]
Total_loss	: 0.2125
Coral_loss	: 0.0000
MMD_loss	: 2.0185
cond_ent_wt	: 4.8440
Src_reg_loss	: 0.1438
-------------------------------------
[Epoch : 9/500]
Total_loss	: 0.2013
Coral_loss	: 0.0000
MMD_loss	: 2.0196
cond_ent_wt	: 4.8422
Src_reg_loss	: 0.1327
-------------------------------------
[Epoch : 10/500]
Total_loss	: 0.1924
Coral_loss	: 0.0000
MMD_loss	: 2.0212
cond_ent_wt	: 4.8407
Src_reg_loss	: 0.1237
-------------------------------------
[Epoch : 11/500]
Total_loss	: 0.1848
Coral_loss	: 0.0000
MMD_loss	: 2.0228
cond_ent_wt	: 4.8397
Src_reg_loss	: 0.1162
-------------------------------------
[Epoch : 12/500]
Total_loss	: 0.1785
Coral_loss	: 0.0000
MMD_loss	: 2.0241
cond_ent_wt	: 4.8390
Src_reg_loss	: 0.1098
-------------------------------------
[Epoch : 13/500]
Total_loss	: 0.1731
Coral_loss	: 0.0000
MMD_loss	: 2.0249
cond_ent_wt	: 4.8385
Src_reg_loss	: 0.1045
-------------------------------------
[Epoch : 14/500]
Total_loss	: 0.1685
Coral_loss	: 0.0000
MMD_loss	: 2.0253
cond_ent_wt	: 4.8380
Src_reg_loss	: 0.0999
-------------------------------------
[Epoch : 15/500]
Total_loss	: 0.1645
Coral_loss	: 0.0000
MMD_loss	: 2.0256
cond_ent_wt	: 4.8376
Src_reg_loss	: 0.0959
-------------------------------------
[Epoch : 16/500]
Total_loss	: 0.1610
Coral_loss	: 0.0000
MMD_loss	: 2.0257
cond_ent_wt	: 4.8372
Src_reg_loss	: 0.0923
-------------------------------------
[Epoch : 17/500]
Total_loss	: 0.1578
Coral_loss	: 0.0000
MMD_loss	: 2.0258
cond_ent_wt	: 4.8368
Src_reg_loss	: 0.0892
-------------------------------------
[Epoch : 18/500]
Total_loss	: 0.1550
Coral_loss	: 0.0000
MMD_loss	: 2.0257
cond_ent_wt	: 4.8365
Src_reg_loss	: 0.0864
-------------------------------------
[Epoch : 19/500]
Total_loss	: 0.1525
Coral_loss	: 0.0000
MMD_loss	: 2.0255
cond_ent_wt	: 4.8362
Src_reg_loss	: 0.0839
-------------------------------------
[Epoch : 20/500]
Total_loss	: 0.1503
Coral_loss	: 0.0000
MMD_loss	: 2.0252
cond_ent_wt	: 4.8360
Src_reg_loss	: 0.0816
-------------------------------------
[Epoch : 21/500]
Total_loss	: 0.1482
Coral_loss	: 0.0000
MMD_loss	: 2.0248
cond_ent_wt	: 4.8358
Src_reg_loss	: 0.0796
-------------------------------------
[Epoch : 22/500]
Total_loss	: 0.1463
Coral_loss	: 0.0000
MMD_loss	: 2.0242
cond_ent_wt	: 4.8356
Src_reg_loss	: 0.0777
-------------------------------------
[Epoch : 23/500]
Total_loss	: 0.1446
Coral_loss	: 0.0000
MMD_loss	: 2.0234
cond_ent_wt	: 4.8354
Src_reg_loss	: 0.0760
-------------------------------------
[Epoch : 24/500]
Total_loss	: 0.1430
Coral_loss	: 0.0000
MMD_loss	: 2.0225
cond_ent_wt	: 4.8352
Src_reg_loss	: 0.0744
-------------------------------------
[Epoch : 25/500]
Total_loss	: 0.1415
Coral_loss	: 0.0000
MMD_loss	: 2.0213
cond_ent_wt	: 4.8351
Src_reg_loss	: 0.0729
-------------------------------------
[Epoch : 26/500]
Total_loss	: 0.1401
Coral_loss	: 0.0000
MMD_loss	: 2.0199
cond_ent_wt	: 4.8350
Src_reg_loss	: 0.0715
-------------------------------------
[Epoch : 27/500]
Total_loss	: 0.1388
Coral_loss	: 0.0000
MMD_loss	: 2.0181
cond_ent_wt	: 4.8348
Src_reg_loss	: 0.0703
-------------------------------------
[Epoch : 28/500]
Total_loss	: 0.1376
Coral_loss	: 0.0000
MMD_loss	: 2.0159
cond_ent_wt	: 4.8347
Src_reg_loss	: 0.0691
-------------------------------------
[Epoch : 29/500]
Total_loss	: 0.1365
Coral_loss	: 0.0000
MMD_loss	: 2.0134
cond_ent_wt	: 4.8346
Src_reg_loss	: 0.0680
-------------------------------------
[Epoch : 30/500]
Total_loss	: 0.1354
Coral_loss	: 0.0000
MMD_loss	: 2.0104
cond_ent_wt	: 4.8345
Src_reg_loss	: 0.0669
-------------------------------------
[Epoch : 31/500]
Total_loss	: 0.1344
Coral_loss	: 0.0000
MMD_loss	: 2.0070
cond_ent_wt	: 4.8345
Src_reg_loss	: 0.0659
-------------------------------------
[Epoch : 32/500]
Total_loss	: 0.1334
Coral_loss	: 0.0000
MMD_loss	: 2.0033
cond_ent_wt	: 4.8344
Src_reg_loss	: 0.0650
-------------------------------------
[Epoch : 33/500]
Total_loss	: 0.1325
Coral_loss	: 0.0000
MMD_loss	: 1.9993
cond_ent_wt	: 4.8343
Src_reg_loss	: 0.0641
-------------------------------------
[Epoch : 34/500]
Total_loss	: 0.1316
Coral_loss	: 0.0000
MMD_loss	: 1.9950
cond_ent_wt	: 4.8343
Src_reg_loss	: 0.0633
-------------------------------------
[Epoch : 35/500]
Total_loss	: 0.1307
Coral_loss	: 0.0000
MMD_loss	: 1.9906
cond_ent_wt	: 4.8342
Src_reg_loss	: 0.0625
-------------------------------------
[Epoch : 36/500]
Total_loss	: 0.1299
Coral_loss	: 0.0000
MMD_loss	: 1.9862
cond_ent_wt	: 4.8342
Src_reg_loss	: 0.0617
-------------------------------------
[Epoch : 37/500]
Total_loss	: 0.1292
Coral_loss	: 0.0000
MMD_loss	: 1.9817
cond_ent_wt	: 4.8341
Src_reg_loss	: 0.0610
-------------------------------------
[Epoch : 38/500]
Total_loss	: 0.1284
Coral_loss	: 0.0000
MMD_loss	: 1.9772
cond_ent_wt	: 4.8341
Src_reg_loss	: 0.0603
-------------------------------------
[Epoch : 39/500]
Total_loss	: 0.1277
Coral_loss	: 0.0000
MMD_loss	: 1.9728
cond_ent_wt	: 4.8341
Src_reg_loss	: 0.0597
-------------------------------------
[Epoch : 40/500]
Total_loss	: 0.1270
Coral_loss	: 0.0000
MMD_loss	: 1.9686
cond_ent_wt	: 4.8340
Src_reg_loss	: 0.0590
-------------------------------------
[Epoch : 41/500]
Total_loss	: 0.1264
Coral_loss	: 0.0000
MMD_loss	: 1.9644
cond_ent_wt	: 4.8340
Src_reg_loss	: 0.0584
-------------------------------------
[Epoch : 42/500]
Total_loss	: 0.1258
Coral_loss	: 0.0000
MMD_loss	: 1.9604
cond_ent_wt	: 4.8340
Src_reg_loss	: 0.0578
-------------------------------------
[Epoch : 43/500]
Total_loss	: 0.1252
Coral_loss	: 0.0000
MMD_loss	: 1.9565
cond_ent_wt	: 4.8340
Src_reg_loss	: 0.0572
-------------------------------------
[Epoch : 44/500]
Total_loss	: 0.1246
Coral_loss	: 0.0000
MMD_loss	: 1.9527
cond_ent_wt	: 4.8340
Src_reg_loss	: 0.0567
-------------------------------------
[Epoch : 45/500]
Total_loss	: 0.1240
Coral_loss	: 0.0000
MMD_loss	: 1.9490
cond_ent_wt	: 4.8340
Src_reg_loss	: 0.0562
-------------------------------------
[Epoch : 46/500]
Total_loss	: 0.1234
Coral_loss	: 0.0000
MMD_loss	: 1.9454
cond_ent_wt	: 4.8339
Src_reg_loss	: 0.0557
-------------------------------------
[Epoch : 47/500]
Total_loss	: 0.1229
Coral_loss	: 0.0000
MMD_loss	: 1.9419
cond_ent_wt	: 4.8339
Src_reg_loss	: 0.0552
-------------------------------------
[Epoch : 48/500]
Total_loss	: 0.1224
Coral_loss	: 0.0000
MMD_loss	: 1.9383
cond_ent_wt	: 4.8339
Src_reg_loss	: 0.0547
-------------------------------------
[Epoch : 49/500]
Total_loss	: 0.1219
Coral_loss	: 0.0000
MMD_loss	: 1.9348
cond_ent_wt	: 4.8339
Src_reg_loss	: 0.0542
-------------------------------------
[Epoch : 50/500]
Total_loss	: 0.1214
Coral_loss	: 0.0000
MMD_loss	: 1.9313
cond_ent_wt	: 4.8340
Src_reg_loss	: 0.0537
-------------------------------------
[Epoch : 51/500]
Total_loss	: 0.1209
Coral_loss	: 0.0000
MMD_loss	: 1.9277
cond_ent_wt	: 4.8340
Src_reg_loss	: 0.0533
-------------------------------------
[Epoch : 52/500]
Total_loss	: 0.1205
Coral_loss	: 0.0000
MMD_loss	: 1.9241
cond_ent_wt	: 4.8340
Src_reg_loss	: 0.0529
-------------------------------------
[Epoch : 53/500]
Total_loss	: 0.1200
Coral_loss	: 0.0000
MMD_loss	: 1.9204
cond_ent_wt	: 4.8340
Src_reg_loss	: 0.0525
-------------------------------------
[Epoch : 54/500]
Total_loss	: 0.1195
Coral_loss	: 0.0000
MMD_loss	: 1.9165
cond_ent_wt	: 4.8340
Src_reg_loss	: 0.0520
-------------------------------------
[Epoch : 55/500]
Total_loss	: 0.1191
Coral_loss	: 0.0000
MMD_loss	: 1.9126
cond_ent_wt	: 4.8340
Src_reg_loss	: 0.0516
-------------------------------------
[Epoch : 56/500]
Total_loss	: 0.1187
Coral_loss	: 0.0000
MMD_loss	: 1.9086
cond_ent_wt	: 4.8340
Src_reg_loss	: 0.0513
-------------------------------------
[Epoch : 57/500]
Total_loss	: 0.1183
Coral_loss	: 0.0000
MMD_loss	: 1.9044
cond_ent_wt	: 4.8340
Src_reg_loss	: 0.0509
-------------------------------------
[Epoch : 58/500]
Total_loss	: 0.1179
Coral_loss	: 0.0000
MMD_loss	: 1.9001
cond_ent_wt	: 4.8340
Src_reg_loss	: 0.0505
-------------------------------------
[Epoch : 59/500]
Total_loss	: 0.1174
Coral_loss	: 0.0000
MMD_loss	: 1.8956
cond_ent_wt	: 4.8341
Src_reg_loss	: 0.0502
-------------------------------------
[Epoch : 60/500]
Total_loss	: 0.1171
Coral_loss	: 0.0000
MMD_loss	: 1.8909
cond_ent_wt	: 4.8341
Src_reg_loss	: 0.0498
-------------------------------------
[Epoch : 61/500]
Total_loss	: 0.1167
Coral_loss	: 0.0000
MMD_loss	: 1.8861
cond_ent_wt	: 4.8341
Src_reg_loss	: 0.0495
-------------------------------------
[Epoch : 62/500]
Total_loss	: 0.1163
Coral_loss	: 0.0000
MMD_loss	: 1.8812
cond_ent_wt	: 4.8341
Src_reg_loss	: 0.0491
-------------------------------------
[Epoch : 63/500]
Total_loss	: 0.1159
Coral_loss	: 0.0000
MMD_loss	: 1.8761
cond_ent_wt	: 4.8341
Src_reg_loss	: 0.0488
-------------------------------------
[Epoch : 64/500]
Total_loss	: 0.1155
Coral_loss	: 0.0000
MMD_loss	: 1.8709
cond_ent_wt	: 4.8341
Src_reg_loss	: 0.0485
-------------------------------------
[Epoch : 65/500]
Total_loss	: 0.1152
Coral_loss	: 0.0000
MMD_loss	: 1.8655
cond_ent_wt	: 4.8341
Src_reg_loss	: 0.0482
-------------------------------------
[Epoch : 66/500]
Total_loss	: 0.1148
Coral_loss	: 0.0000
MMD_loss	: 1.8601
cond_ent_wt	: 4.8341
Src_reg_loss	: 0.0479
-------------------------------------
[Epoch : 67/500]
Total_loss	: 0.1144
Coral_loss	: 0.0000
MMD_loss	: 1.8545
cond_ent_wt	: 4.8341
Src_reg_loss	: 0.0476
-------------------------------------
[Epoch : 68/500]
Total_loss	: 0.1141
Coral_loss	: 0.0000
MMD_loss	: 1.8488
cond_ent_wt	: 4.8341
Src_reg_loss	: 0.0473
-------------------------------------
[Epoch : 69/500]
Total_loss	: 0.1138
Coral_loss	: 0.0000
MMD_loss	: 1.8431
cond_ent_wt	: 4.8342
Src_reg_loss	: 0.0470
-------------------------------------
[Epoch : 70/500]
Total_loss	: 0.1134
Coral_loss	: 0.0000
MMD_loss	: 1.8374
cond_ent_wt	: 4.8342
Src_reg_loss	: 0.0467
-------------------------------------
[Epoch : 71/500]
Total_loss	: 0.1131
Coral_loss	: 0.0000
MMD_loss	: 1.8316
cond_ent_wt	: 4.8342
Src_reg_loss	: 0.0464
-------------------------------------
[Epoch : 72/500]
Total_loss	: 0.1128
Coral_loss	: 0.0000
MMD_loss	: 1.8258
cond_ent_wt	: 4.8342
Src_reg_loss	: 0.0462
-------------------------------------
[Epoch : 73/500]
Total_loss	: 0.1124
Coral_loss	: 0.0000
MMD_loss	: 1.8200
cond_ent_wt	: 4.8342
Src_reg_loss	: 0.0459
-------------------------------------
[Epoch : 74/500]
Total_loss	: 0.1121
Coral_loss	: 0.0000
MMD_loss	: 1.8143
cond_ent_wt	: 4.8342
Src_reg_loss	: 0.0456
-------------------------------------
[Epoch : 75/500]
Total_loss	: 0.1118
Coral_loss	: 0.0000
MMD_loss	: 1.8085
cond_ent_wt	: 4.8342
Src_reg_loss	: 0.0454
-------------------------------------
[Epoch : 76/500]
Total_loss	: 0.1115
Coral_loss	: 0.0000
MMD_loss	: 1.8027
cond_ent_wt	: 4.8342
Src_reg_loss	: 0.0451
-------------------------------------
[Epoch : 77/500]
Total_loss	: 0.1112
Coral_loss	: 0.0000
MMD_loss	: 1.7970
cond_ent_wt	: 4.8342
Src_reg_loss	: 0.0449
-------------------------------------
[Epoch : 78/500]
Total_loss	: 0.1109
Coral_loss	: 0.0000
MMD_loss	: 1.7913
cond_ent_wt	: 4.8341
Src_reg_loss	: 0.0446
-------------------------------------
[Epoch : 79/500]
Total_loss	: 0.1106
Coral_loss	: 0.0000
MMD_loss	: 1.7856
cond_ent_wt	: 4.8341
Src_reg_loss	: 0.0444
-------------------------------------
[Epoch : 80/500]
Total_loss	: 0.1103
Coral_loss	: 0.0000
MMD_loss	: 1.7800
cond_ent_wt	: 4.8341
Src_reg_loss	: 0.0441
-------------------------------------
[Epoch : 81/500]
Total_loss	: 0.1100
Coral_loss	: 0.0000
MMD_loss	: 1.7744
cond_ent_wt	: 4.8341
Src_reg_loss	: 0.0439
-------------------------------------
[Epoch : 82/500]
Total_loss	: 0.1097
Coral_loss	: 0.0000
MMD_loss	: 1.7688
cond_ent_wt	: 4.8341
Src_reg_loss	: 0.0437
-------------------------------------
[Epoch : 83/500]
Total_loss	: 0.1094
Coral_loss	: 0.0000
MMD_loss	: 1.7632
cond_ent_wt	: 4.8341
Src_reg_loss	: 0.0435
-------------------------------------
[Epoch : 84/500]
Total_loss	: 0.1092
Coral_loss	: 0.0000
MMD_loss	: 1.7577
cond_ent_wt	: 4.8341
Src_reg_loss	: 0.0432
-------------------------------------
[Epoch : 85/500]
Total_loss	: 0.1089
Coral_loss	: 0.0000
MMD_loss	: 1.7522
cond_ent_wt	: 4.8341
Src_reg_loss	: 0.0430
-------------------------------------
[Epoch : 86/500]
Total_loss	: 0.1086
Coral_loss	: 0.0000
MMD_loss	: 1.7467
cond_ent_wt	: 4.8341
Src_reg_loss	: 0.0428
-------------------------------------
[Epoch : 87/500]
Total_loss	: 0.1083
Coral_loss	: 0.0000
MMD_loss	: 1.7413
cond_ent_wt	: 4.8341
Src_reg_loss	: 0.0426
-------------------------------------
[Epoch : 88/500]
Total_loss	: 0.1081
Coral_loss	: 0.0000
MMD_loss	: 1.7358
cond_ent_wt	: 4.8340
Src_reg_loss	: 0.0424
-------------------------------------
[Epoch : 89/500]
Total_loss	: 0.1078
Coral_loss	: 0.0000
MMD_loss	: 1.7305
cond_ent_wt	: 4.8340
Src_reg_loss	: 0.0422
-------------------------------------
[Epoch : 90/500]
Total_loss	: 0.1076
Coral_loss	: 0.0000
MMD_loss	: 1.7251
cond_ent_wt	: 4.8340
Src_reg_loss	: 0.0420
-------------------------------------
[Epoch : 91/500]
Total_loss	: 0.1073
Coral_loss	: 0.0000
MMD_loss	: 1.7198
cond_ent_wt	: 4.8340
Src_reg_loss	: 0.0418
-------------------------------------
[Epoch : 92/500]
Total_loss	: 0.1070
Coral_loss	: 0.0000
MMD_loss	: 1.7145
cond_ent_wt	: 4.8340
Src_reg_loss	: 0.0416
-------------------------------------
[Epoch : 93/500]
Total_loss	: 0.1068
Coral_loss	: 0.0000
MMD_loss	: 1.7093
cond_ent_wt	: 4.8340
Src_reg_loss	: 0.0414
-------------------------------------
[Epoch : 94/500]
Total_loss	: 0.1065
Coral_loss	: 0.0000
MMD_loss	: 1.7041
cond_ent_wt	: 4.8339
Src_reg_loss	: 0.0412
-------------------------------------
[Epoch : 95/500]
Total_loss	: 0.1063
Coral_loss	: 0.0000
MMD_loss	: 1.6990
cond_ent_wt	: 4.8339
Src_reg_loss	: 0.0410
-------------------------------------
[Epoch : 96/500]
Total_loss	: 0.1061
Coral_loss	: 0.0000
MMD_loss	: 1.6940
cond_ent_wt	: 4.8339
Src_reg_loss	: 0.0408
-------------------------------------
[Epoch : 97/500]
Total_loss	: 0.1058
Coral_loss	: 0.0000
MMD_loss	: 1.6890
cond_ent_wt	: 4.8339
Src_reg_loss	: 0.0406
-------------------------------------
[Epoch : 98/500]
Total_loss	: 0.1056
Coral_loss	: 0.0000
MMD_loss	: 1.6840
cond_ent_wt	: 4.8339
Src_reg_loss	: 0.0404
-------------------------------------
[Epoch : 99/500]
Total_loss	: 0.1053
Coral_loss	: 0.0000
MMD_loss	: 1.6792
cond_ent_wt	: 4.8338
Src_reg_loss	: 0.0402
-------------------------------------
[Epoch : 100/500]
Total_loss	: 0.1051
Coral_loss	: 0.0000
MMD_loss	: 1.6744
cond_ent_wt	: 4.8338
Src_reg_loss	: 0.0400
-------------------------------------
[Epoch : 101/500]
Total_loss	: 0.1049
Coral_loss	: 0.0000
MMD_loss	: 1.6697
cond_ent_wt	: 4.8338
Src_reg_loss	: 0.0399
-------------------------------------
[Epoch : 102/500]
Total_loss	: 0.1047
Coral_loss	: 0.0000
MMD_loss	: 1.6651
cond_ent_wt	: 4.8338
Src_reg_loss	: 0.0397
-------------------------------------
[Epoch : 103/500]
Total_loss	: 0.1044
Coral_loss	: 0.0000
MMD_loss	: 1.6606
cond_ent_wt	: 4.8337
Src_reg_loss	: 0.0395
-------------------------------------
[Epoch : 104/500]
Total_loss	: 0.1042
Coral_loss	: 0.0000
MMD_loss	: 1.6561
cond_ent_wt	: 4.8337
Src_reg_loss	: 0.0393
-------------------------------------
[Epoch : 105/500]
Total_loss	: 0.1040
Coral_loss	: 0.0000
MMD_loss	: 1.6518
cond_ent_wt	: 4.8337
Src_reg_loss	: 0.0392
-------------------------------------
[Epoch : 106/500]
Total_loss	: 0.1038
Coral_loss	: 0.0000
MMD_loss	: 1.6476
cond_ent_wt	: 4.8337
Src_reg_loss	: 0.0390
-------------------------------------
[Epoch : 107/500]
Total_loss	: 0.1036
Coral_loss	: 0.0000
MMD_loss	: 1.6434
cond_ent_wt	: 4.8336
Src_reg_loss	: 0.0388
-------------------------------------
[Epoch : 108/500]
Total_loss	: 0.1034
Coral_loss	: 0.0000
MMD_loss	: 1.6393
cond_ent_wt	: 4.8336
Src_reg_loss	: 0.0387
-------------------------------------
[Epoch : 109/500]
Total_loss	: 0.1032
Coral_loss	: 0.0000
MMD_loss	: 1.6354
cond_ent_wt	: 4.8336
Src_reg_loss	: 0.0385
-------------------------------------
[Epoch : 110/500]
Total_loss	: 0.1030
Coral_loss	: 0.0000
MMD_loss	: 1.6315
cond_ent_wt	: 4.8336
Src_reg_loss	: 0.0383
-------------------------------------
[Epoch : 111/500]
Total_loss	: 0.1028
Coral_loss	: 0.0000
MMD_loss	: 1.6277
cond_ent_wt	: 4.8335
Src_reg_loss	: 0.0382
-------------------------------------
[Epoch : 112/500]
Total_loss	: 0.1026
Coral_loss	: 0.0000
MMD_loss	: 1.6241
cond_ent_wt	: 4.8335
Src_reg_loss	: 0.0380
-------------------------------------
[Epoch : 113/500]
Total_loss	: 0.1024
Coral_loss	: 0.0000
MMD_loss	: 1.6205
cond_ent_wt	: 4.8335
Src_reg_loss	: 0.0379
-------------------------------------
[Epoch : 114/500]
Total_loss	: 0.1022
Coral_loss	: 0.0000
MMD_loss	: 1.6170
cond_ent_wt	: 4.8335
Src_reg_loss	: 0.0377
-------------------------------------
[Epoch : 115/500]
Total_loss	: 0.1020
Coral_loss	: 0.0000
MMD_loss	: 1.6136
cond_ent_wt	: 4.8334
Src_reg_loss	: 0.0376
-------------------------------------
[Epoch : 116/500]
Total_loss	: 0.1019
Coral_loss	: 0.0000
MMD_loss	: 1.6103
cond_ent_wt	: 4.8334
Src_reg_loss	: 0.0374
-------------------------------------
[Epoch : 117/500]
Total_loss	: 0.1017
Coral_loss	: 0.0000
MMD_loss	: 1.6071
cond_ent_wt	: 4.8334
Src_reg_loss	: 0.0373
-------------------------------------
[Epoch : 118/500]
Total_loss	: 0.1015
Coral_loss	: 0.0000
MMD_loss	: 1.6039
cond_ent_wt	: 4.8334
Src_reg_loss	: 0.0371
-------------------------------------
[Epoch : 119/500]
Total_loss	: 0.1013
Coral_loss	: 0.0000
MMD_loss	: 1.6009
cond_ent_wt	: 4.8333
Src_reg_loss	: 0.0370
-------------------------------------
[Epoch : 120/500]
Total_loss	: 0.1012
Coral_loss	: 0.0000
MMD_loss	: 1.5979
cond_ent_wt	: 4.8333
Src_reg_loss	: 0.0368
-------------------------------------
[Epoch : 121/500]
Total_loss	: 0.1010
Coral_loss	: 0.0000
MMD_loss	: 1.5950
cond_ent_wt	: 4.8333
Src_reg_loss	: 0.0367
-------------------------------------
[Epoch : 122/500]
Total_loss	: 0.1008
Coral_loss	: 0.0000
MMD_loss	: 1.5922
cond_ent_wt	: 4.8332
Src_reg_loss	: 0.0366
-------------------------------------
[Epoch : 123/500]
Total_loss	: 0.1007
Coral_loss	: 0.0000
MMD_loss	: 1.5895
cond_ent_wt	: 4.8332
Src_reg_loss	: 0.0364
-------------------------------------
[Epoch : 124/500]
Total_loss	: 0.1005
Coral_loss	: 0.0000
MMD_loss	: 1.5868
cond_ent_wt	: 4.8332
Src_reg_loss	: 0.0363
-------------------------------------
[Epoch : 125/500]
Total_loss	: 0.1003
Coral_loss	: 0.0000
MMD_loss	: 1.5843
cond_ent_wt	: 4.8332
Src_reg_loss	: 0.0362
-------------------------------------
[Epoch : 126/500]
Total_loss	: 0.1002
Coral_loss	: 0.0000
MMD_loss	: 1.5818
cond_ent_wt	: 4.8331
Src_reg_loss	: 0.0360
-------------------------------------
[Epoch : 127/500]
Total_loss	: 0.1000
Coral_loss	: 0.0000
MMD_loss	: 1.5794
cond_ent_wt	: 4.8331
Src_reg_loss	: 0.0359
-------------------------------------
[Epoch : 128/500]
Total_loss	: 0.0999
Coral_loss	: 0.0000
MMD_loss	: 1.5771
cond_ent_wt	: 4.8331
Src_reg_loss	: 0.0358
-------------------------------------
[Epoch : 129/500]
Total_loss	: 0.0997
Coral_loss	: 0.0000
MMD_loss	: 1.5748
cond_ent_wt	: 4.8331
Src_reg_loss	: 0.0356
-------------------------------------
[Epoch : 130/500]
Total_loss	: 0.0996
Coral_loss	: 0.0000
MMD_loss	: 1.5726
cond_ent_wt	: 4.8330
Src_reg_loss	: 0.0355
-------------------------------------
[Epoch : 131/500]
Total_loss	: 0.0994
Coral_loss	: 0.0000
MMD_loss	: 1.5705
cond_ent_wt	: 4.8330
Src_reg_loss	: 0.0354
-------------------------------------
[Epoch : 132/500]
Total_loss	: 0.0993
Coral_loss	: 0.0000
MMD_loss	: 1.5685
cond_ent_wt	: 4.8330
Src_reg_loss	: 0.0353
-------------------------------------
[Epoch : 133/500]
Total_loss	: 0.0991
Coral_loss	: 0.0000
MMD_loss	: 1.5665
cond_ent_wt	: 4.8330
Src_reg_loss	: 0.0351
-------------------------------------
[Epoch : 134/500]
Total_loss	: 0.0990
Coral_loss	: 0.0000
MMD_loss	: 1.5646
cond_ent_wt	: 4.8329
Src_reg_loss	: 0.0350
-------------------------------------
[Epoch : 135/500]
Total_loss	: 0.0989
Coral_loss	: 0.0000
MMD_loss	: 1.5628
cond_ent_wt	: 4.8329
Src_reg_loss	: 0.0349
-------------------------------------
[Epoch : 136/500]
Total_loss	: 0.0987
Coral_loss	: 0.0000
MMD_loss	: 1.5611
cond_ent_wt	: 4.8329
Src_reg_loss	: 0.0348
-------------------------------------
[Epoch : 137/500]
Total_loss	: 0.0986
Coral_loss	: 0.0000
MMD_loss	: 1.5594
cond_ent_wt	: 4.8329
Src_reg_loss	: 0.0347
-------------------------------------
[Epoch : 138/500]
Total_loss	: 0.0985
Coral_loss	: 0.0000
MMD_loss	: 1.5577
cond_ent_wt	: 4.8328
Src_reg_loss	: 0.0345
-------------------------------------
[Epoch : 139/500]
Total_loss	: 0.0983
Coral_loss	: 0.0000
MMD_loss	: 1.5562
cond_ent_wt	: 4.8328
Src_reg_loss	: 0.0344
-------------------------------------
[Epoch : 140/500]
Total_loss	: 0.0982
Coral_loss	: 0.0000
MMD_loss	: 1.5547
cond_ent_wt	: 4.8328
Src_reg_loss	: 0.0343
-------------------------------------
[Epoch : 141/500]
Total_loss	: 0.0981
Coral_loss	: 0.0000
MMD_loss	: 1.5532
cond_ent_wt	: 4.8327
Src_reg_loss	: 0.0342
-------------------------------------
[Epoch : 142/500]
Total_loss	: 0.0979
Coral_loss	: 0.0000
MMD_loss	: 1.5519
cond_ent_wt	: 4.8327
Src_reg_loss	: 0.0341
-------------------------------------
[Epoch : 143/500]
Total_loss	: 0.0978
Coral_loss	: 0.0000
MMD_loss	: 1.5506
cond_ent_wt	: 4.8327
Src_reg_loss	: 0.0340
-------------------------------------
[Epoch : 144/500]
Total_loss	: 0.0977
Coral_loss	: 0.0000
MMD_loss	: 1.5493
cond_ent_wt	: 4.8327
Src_reg_loss	: 0.0339
-------------------------------------
[Epoch : 145/500]
Total_loss	: 0.0976
Coral_loss	: 0.0000
MMD_loss	: 1.5481
cond_ent_wt	: 4.8326
Src_reg_loss	: 0.0338
-------------------------------------
[Epoch : 146/500]
Total_loss	: 0.0975
Coral_loss	: 0.0000
MMD_loss	: 1.5470
cond_ent_wt	: 4.8326
Src_reg_loss	: 0.0336
-------------------------------------
[Epoch : 147/500]
Total_loss	: 0.0973
Coral_loss	: 0.0000
MMD_loss	: 1.5459
cond_ent_wt	: 4.8326
Src_reg_loss	: 0.0335
-------------------------------------
[Epoch : 148/500]
Total_loss	: 0.0972
Coral_loss	: 0.0000
MMD_loss	: 1.5449
cond_ent_wt	: 4.8326
Src_reg_loss	: 0.0334
-------------------------------------
[Epoch : 149/500]
Total_loss	: 0.0971
Coral_loss	: 0.0000
MMD_loss	: 1.5440
cond_ent_wt	: 4.8325
Src_reg_loss	: 0.0333
-------------------------------------
[Epoch : 150/500]
Total_loss	: 0.0970
Coral_loss	: 0.0000
MMD_loss	: 1.5431
cond_ent_wt	: 4.8325
Src_reg_loss	: 0.0332
-------------------------------------
[Epoch : 151/500]
Total_loss	: 0.0969
Coral_loss	: 0.0000
MMD_loss	: 1.5423
cond_ent_wt	: 4.8325
Src_reg_loss	: 0.0331
-------------------------------------
[Epoch : 152/500]
Total_loss	: 0.0968
Coral_loss	: 0.0000
MMD_loss	: 1.5415
cond_ent_wt	: 4.8325
Src_reg_loss	: 0.0330
-------------------------------------
[Epoch : 153/500]
Total_loss	: 0.0967
Coral_loss	: 0.0000
MMD_loss	: 1.5408
cond_ent_wt	: 4.8324
Src_reg_loss	: 0.0329
-------------------------------------
[Epoch : 154/500]
Total_loss	: 0.0966
Coral_loss	: 0.0000
MMD_loss	: 1.5401
cond_ent_wt	: 4.8324
Src_reg_loss	: 0.0328
-------------------------------------
[Epoch : 155/500]
Total_loss	: 0.0964
Coral_loss	: 0.0000
MMD_loss	: 1.5395
cond_ent_wt	: 4.8324
Src_reg_loss	: 0.0327
-------------------------------------
[Epoch : 156/500]
Total_loss	: 0.0963
Coral_loss	: 0.0000
MMD_loss	: 1.5389
cond_ent_wt	: 4.8323
Src_reg_loss	: 0.0326
-------------------------------------
[Epoch : 157/500]
Total_loss	: 0.0962
Coral_loss	: 0.0000
MMD_loss	: 1.5384
cond_ent_wt	: 4.8323
Src_reg_loss	: 0.0325
-------------------------------------
[Epoch : 158/500]
Total_loss	: 0.0961
Coral_loss	: 0.0000
MMD_loss	: 1.5379
cond_ent_wt	: 4.8323
Src_reg_loss	: 0.0324
-------------------------------------
[Epoch : 159/500]
Total_loss	: 0.0960
Coral_loss	: 0.0000
MMD_loss	: 1.5375
cond_ent_wt	: 4.8323
Src_reg_loss	: 0.0323
-------------------------------------
[Epoch : 160/500]
Total_loss	: 0.0959
Coral_loss	: 0.0000
MMD_loss	: 1.5371
cond_ent_wt	: 4.8322
Src_reg_loss	: 0.0322
-------------------------------------
[Epoch : 161/500]
Total_loss	: 0.0958
Coral_loss	: 0.0000
MMD_loss	: 1.5368
cond_ent_wt	: 4.8322
Src_reg_loss	: 0.0321
-------------------------------------
[Epoch : 162/500]
Total_loss	: 0.0957
Coral_loss	: 0.0000
MMD_loss	: 1.5365
cond_ent_wt	: 4.8322
Src_reg_loss	: 0.0320
-------------------------------------
[Epoch : 163/500]
Total_loss	: 0.0956
Coral_loss	: 0.0000
MMD_loss	: 1.5362
cond_ent_wt	: 4.8321
Src_reg_loss	: 0.0319
-------------------------------------
[Epoch : 164/500]
Total_loss	: 0.0955
Coral_loss	: 0.0000
MMD_loss	: 1.5361
cond_ent_wt	: 4.8321
Src_reg_loss	: 0.0318
-------------------------------------
[Epoch : 165/500]
Total_loss	: 0.0955
Coral_loss	: 0.0000
MMD_loss	: 1.5359
cond_ent_wt	: 4.8321
Src_reg_loss	: 0.0318
-------------------------------------
[Epoch : 166/500]
Total_loss	: 0.0954
Coral_loss	: 0.0000
MMD_loss	: 1.5358
cond_ent_wt	: 4.8321
Src_reg_loss	: 0.0317
-------------------------------------
[Epoch : 167/500]
Total_loss	: 0.0953
Coral_loss	: 0.0000
MMD_loss	: 1.5358
cond_ent_wt	: 4.8320
Src_reg_loss	: 0.0316
-------------------------------------
[Epoch : 168/500]
Total_loss	: 0.0952
Coral_loss	: 0.0000
MMD_loss	: 1.5358
cond_ent_wt	: 4.8320
Src_reg_loss	: 0.0315
-------------------------------------
[Epoch : 169/500]
Total_loss	: 0.0951
Coral_loss	: 0.0000
MMD_loss	: 1.5358
cond_ent_wt	: 4.8320
Src_reg_loss	: 0.0314
-------------------------------------
[Epoch : 170/500]
Total_loss	: 0.0950
Coral_loss	: 0.0000
MMD_loss	: 1.5359
cond_ent_wt	: 4.8319
Src_reg_loss	: 0.0313
-------------------------------------
[Epoch : 171/500]
Total_loss	: 0.0949
Coral_loss	: 0.0000
MMD_loss	: 1.5360
cond_ent_wt	: 4.8319
Src_reg_loss	: 0.0312
-------------------------------------
[Epoch : 172/500]
Total_loss	: 0.0948
Coral_loss	: 0.0000
MMD_loss	: 1.5362
cond_ent_wt	: 4.8319
Src_reg_loss	: 0.0311
-------------------------------------
[Epoch : 173/500]
Total_loss	: 0.0947
Coral_loss	: 0.0000
MMD_loss	: 1.5364
cond_ent_wt	: 4.8318
Src_reg_loss	: 0.0310
-------------------------------------
[Epoch : 174/500]
Total_loss	: 0.0947
Coral_loss	: 0.0000
MMD_loss	: 1.5367
cond_ent_wt	: 4.8318
Src_reg_loss	: 0.0309
-------------------------------------
[Epoch : 175/500]
Total_loss	: 0.0946
Coral_loss	: 0.0000
MMD_loss	: 1.5370
cond_ent_wt	: 4.8318
Src_reg_loss	: 0.0309
-------------------------------------
[Epoch : 176/500]
Total_loss	: 0.0945
Coral_loss	: 0.0000
MMD_loss	: 1.5373
cond_ent_wt	: 4.8317
Src_reg_loss	: 0.0308
-------------------------------------
[Epoch : 177/500]
Total_loss	: 0.0944
Coral_loss	: 0.0000
MMD_loss	: 1.5376
cond_ent_wt	: 4.8317
Src_reg_loss	: 0.0307
-------------------------------------
[Epoch : 178/500]
Total_loss	: 0.0943
Coral_loss	: 0.0000
MMD_loss	: 1.5380
cond_ent_wt	: 4.8317
Src_reg_loss	: 0.0306
-------------------------------------
[Epoch : 179/500]
Total_loss	: 0.0942
Coral_loss	: 0.0000
MMD_loss	: 1.5384
cond_ent_wt	: 4.8316
Src_reg_loss	: 0.0305
-------------------------------------
[Epoch : 180/500]
Total_loss	: 0.0942
Coral_loss	: 0.0000
MMD_loss	: 1.5388
cond_ent_wt	: 4.8316
Src_reg_loss	: 0.0304
-------------------------------------
[Epoch : 181/500]
Total_loss	: 0.0941
Coral_loss	: 0.0000
MMD_loss	: 1.5392
cond_ent_wt	: 4.8315
Src_reg_loss	: 0.0304
-------------------------------------
[Epoch : 182/500]
Total_loss	: 0.0940
Coral_loss	: 0.0000
MMD_loss	: 1.5397
cond_ent_wt	: 4.8315
Src_reg_loss	: 0.0303
-------------------------------------
[Epoch : 183/500]
Total_loss	: 0.0939
Coral_loss	: 0.0000
MMD_loss	: 1.5402
cond_ent_wt	: 4.8315
Src_reg_loss	: 0.0302
-------------------------------------
[Epoch : 184/500]
Total_loss	: 0.0938
Coral_loss	: 0.0000
MMD_loss	: 1.5407
cond_ent_wt	: 4.8314
Src_reg_loss	: 0.0301
-------------------------------------
[Epoch : 185/500]
Total_loss	: 0.0938
Coral_loss	: 0.0000
MMD_loss	: 1.5412
cond_ent_wt	: 4.8314
Src_reg_loss	: 0.0300
-------------------------------------
[Epoch : 186/500]
Total_loss	: 0.0937
Coral_loss	: 0.0000
MMD_loss	: 1.5417
cond_ent_wt	: 4.8314
Src_reg_loss	: 0.0299
-------------------------------------
[Epoch : 187/500]
Total_loss	: 0.0936
Coral_loss	: 0.0000
MMD_loss	: 1.5423
cond_ent_wt	: 4.8313
Src_reg_loss	: 0.0299
-------------------------------------
[Epoch : 188/500]
Total_loss	: 0.0935
Coral_loss	: 0.0000
MMD_loss	: 1.5429
cond_ent_wt	: 4.8313
Src_reg_loss	: 0.0298
-------------------------------------
[Epoch : 189/500]
Total_loss	: 0.0935
Coral_loss	: 0.0000
MMD_loss	: 1.5434
cond_ent_wt	: 4.8312
Src_reg_loss	: 0.0297
-------------------------------------
[Epoch : 190/500]
Total_loss	: 0.0934
Coral_loss	: 0.0000
MMD_loss	: 1.5440
cond_ent_wt	: 4.8312
Src_reg_loss	: 0.0296
-------------------------------------
[Epoch : 191/500]
Total_loss	: 0.0933
Coral_loss	: 0.0000
MMD_loss	: 1.5447
cond_ent_wt	: 4.8312
Src_reg_loss	: 0.0296
-------------------------------------
[Epoch : 192/500]
Total_loss	: 0.0933
Coral_loss	: 0.0000
MMD_loss	: 1.5453
cond_ent_wt	: 4.8311
Src_reg_loss	: 0.0295
-------------------------------------
[Epoch : 193/500]
Total_loss	: 0.0932
Coral_loss	: 0.0000
MMD_loss	: 1.5459
cond_ent_wt	: 4.8311
Src_reg_loss	: 0.0294
-------------------------------------
[Epoch : 194/500]
Total_loss	: 0.0931
Coral_loss	: 0.0000
MMD_loss	: 1.5465
cond_ent_wt	: 4.8310
Src_reg_loss	: 0.0293
-------------------------------------
[Epoch : 195/500]
Total_loss	: 0.0930
Coral_loss	: 0.0000
MMD_loss	: 1.5472
cond_ent_wt	: 4.8310
Src_reg_loss	: 0.0292
-------------------------------------
[Epoch : 196/500]
Total_loss	: 0.0930
Coral_loss	: 0.0000
MMD_loss	: 1.5479
cond_ent_wt	: 4.8310
Src_reg_loss	: 0.0292
-------------------------------------
[Epoch : 197/500]
Total_loss	: 0.0929
Coral_loss	: 0.0000
MMD_loss	: 1.5485
cond_ent_wt	: 4.8309
Src_reg_loss	: 0.0291
-------------------------------------
[Epoch : 198/500]
Total_loss	: 0.0928
Coral_loss	: 0.0000
MMD_loss	: 1.5492
cond_ent_wt	: 4.8309
Src_reg_loss	: 0.0290
-------------------------------------
[Epoch : 199/500]
Total_loss	: 0.0928
Coral_loss	: 0.0000
MMD_loss	: 1.5499
cond_ent_wt	: 4.8308
Src_reg_loss	: 0.0289
-------------------------------------
[Epoch : 200/500]
Total_loss	: 0.0927
Coral_loss	: 0.0000
MMD_loss	: 1.5505
cond_ent_wt	: 4.8308
Src_reg_loss	: 0.0289
-------------------------------------
[Epoch : 201/500]
Total_loss	: 0.0926
Coral_loss	: 0.0000
MMD_loss	: 1.5512
cond_ent_wt	: 4.8307
Src_reg_loss	: 0.0288
-------------------------------------
[Epoch : 202/500]
Total_loss	: 0.0926
Coral_loss	: 0.0000
MMD_loss	: 1.5519
cond_ent_wt	: 4.8307
Src_reg_loss	: 0.0287
-------------------------------------
[Epoch : 203/500]
Total_loss	: 0.0925
Coral_loss	: 0.0000
MMD_loss	: 1.5526
cond_ent_wt	: 4.8307
Src_reg_loss	: 0.0287
-------------------------------------
[Epoch : 204/500]
Total_loss	: 0.0924
Coral_loss	: 0.0000
MMD_loss	: 1.5532
cond_ent_wt	: 4.8306
Src_reg_loss	: 0.0286
-------------------------------------
[Epoch : 205/500]
Total_loss	: 0.0924
Coral_loss	: 0.0000
MMD_loss	: 1.5539
cond_ent_wt	: 4.8306
Src_reg_loss	: 0.0285
-------------------------------------
[Epoch : 206/500]
Total_loss	: 0.0923
Coral_loss	: 0.0000
MMD_loss	: 1.5546
cond_ent_wt	: 4.8305
Src_reg_loss	: 0.0284
-------------------------------------
[Epoch : 207/500]
Total_loss	: 0.0922
Coral_loss	: 0.0000
MMD_loss	: 1.5553
cond_ent_wt	: 4.8305
Src_reg_loss	: 0.0284
-------------------------------------
[Epoch : 208/500]
Total_loss	: 0.0922
Coral_loss	: 0.0000
MMD_loss	: 1.5559
cond_ent_wt	: 4.8304
Src_reg_loss	: 0.0283
-------------------------------------
[Epoch : 209/500]
Total_loss	: 0.0921
Coral_loss	: 0.0000
MMD_loss	: 1.5566
cond_ent_wt	: 4.8304
Src_reg_loss	: 0.0282
-------------------------------------
[Epoch : 210/500]
Total_loss	: 0.0921
Coral_loss	: 0.0000
MMD_loss	: 1.5573
cond_ent_wt	: 4.8303
Src_reg_loss	: 0.0282
-------------------------------------
[Epoch : 211/500]
Total_loss	: 0.0920
Coral_loss	: 0.0000
MMD_loss	: 1.5579
cond_ent_wt	: 4.8303
Src_reg_loss	: 0.0281
-------------------------------------
[Epoch : 212/500]
Total_loss	: 0.0919
Coral_loss	: 0.0000
MMD_loss	: 1.5586
cond_ent_wt	: 4.8302
Src_reg_loss	: 0.0280
-------------------------------------
[Epoch : 213/500]
Total_loss	: 0.0919
Coral_loss	: 0.0000
MMD_loss	: 1.5593
cond_ent_wt	: 4.8302
Src_reg_loss	: 0.0280
-------------------------------------
[Epoch : 214/500]
Total_loss	: 0.0918
Coral_loss	: 0.0000
MMD_loss	: 1.5599
cond_ent_wt	: 4.8301
Src_reg_loss	: 0.0279
-------------------------------------
[Epoch : 215/500]
Total_loss	: 0.0918
Coral_loss	: 0.0000
MMD_loss	: 1.5606
cond_ent_wt	: 4.8301
Src_reg_loss	: 0.0278
-------------------------------------
[Epoch : 216/500]
Total_loss	: 0.0917
Coral_loss	: 0.0000
MMD_loss	: 1.5612
cond_ent_wt	: 4.8300
Src_reg_loss	: 0.0278
-------------------------------------
[Epoch : 217/500]
Total_loss	: 0.0916
Coral_loss	: 0.0000
MMD_loss	: 1.5619
cond_ent_wt	: 4.8300
Src_reg_loss	: 0.0277
-------------------------------------
[Epoch : 218/500]
Total_loss	: 0.0916
Coral_loss	: 0.0000
MMD_loss	: 1.5625
cond_ent_wt	: 4.8299
Src_reg_loss	: 0.0276
-------------------------------------
[Epoch : 219/500]
Total_loss	: 0.0915
Coral_loss	: 0.0000
MMD_loss	: 1.5631
cond_ent_wt	: 4.8299
Src_reg_loss	: 0.0276
-------------------------------------
[Epoch : 220/500]
Total_loss	: 0.0915
Coral_loss	: 0.0000
MMD_loss	: 1.5637
cond_ent_wt	: 4.8298
Src_reg_loss	: 0.0275
-------------------------------------
[Epoch : 221/500]
Total_loss	: 0.0914
Coral_loss	: 0.0000
MMD_loss	: 1.5644
cond_ent_wt	: 4.8297
Src_reg_loss	: 0.0274
-------------------------------------
[Epoch : 222/500]
Total_loss	: 0.0913
Coral_loss	: 0.0000
MMD_loss	: 1.5650
cond_ent_wt	: 4.8297
Src_reg_loss	: 0.0274
-------------------------------------
[Epoch : 223/500]
Total_loss	: 0.0913
Coral_loss	: 0.0000
MMD_loss	: 1.5656
cond_ent_wt	: 4.8296
Src_reg_loss	: 0.0273
-------------------------------------
[Epoch : 224/500]
Total_loss	: 0.0912
Coral_loss	: 0.0000
MMD_loss	: 1.5662
cond_ent_wt	: 4.8296
Src_reg_loss	: 0.0272
-------------------------------------
[Epoch : 225/500]
Total_loss	: 0.0912
Coral_loss	: 0.0000
MMD_loss	: 1.5668
cond_ent_wt	: 4.8295
Src_reg_loss	: 0.0272
-------------------------------------
[Epoch : 226/500]
Total_loss	: 0.0911
Coral_loss	: 0.0000
MMD_loss	: 1.5674
cond_ent_wt	: 4.8295
Src_reg_loss	: 0.0271
-------------------------------------
[Epoch : 227/500]
Total_loss	: 0.0910
Coral_loss	: 0.0000
MMD_loss	: 1.5680
cond_ent_wt	: 4.8294
Src_reg_loss	: 0.0271
-------------------------------------
[Epoch : 228/500]
Total_loss	: 0.0910
Coral_loss	: 0.0000
MMD_loss	: 1.5686
cond_ent_wt	: 4.8293
Src_reg_loss	: 0.0270
-------------------------------------
[Epoch : 229/500]
Total_loss	: 0.0909
Coral_loss	: 0.0000
MMD_loss	: 1.5692
cond_ent_wt	: 4.8293
Src_reg_loss	: 0.0269
-------------------------------------
[Epoch : 230/500]
Total_loss	: 0.0909
Coral_loss	: 0.0000
MMD_loss	: 1.5698
cond_ent_wt	: 4.8292
Src_reg_loss	: 0.0269
-------------------------------------
[Epoch : 231/500]
Total_loss	: 0.0908
Coral_loss	: 0.0000
MMD_loss	: 1.5704
cond_ent_wt	: 4.8292
Src_reg_loss	: 0.0268
-------------------------------------
[Epoch : 232/500]
Total_loss	: 0.0908
Coral_loss	: 0.0000
MMD_loss	: 1.5709
cond_ent_wt	: 4.8291
Src_reg_loss	: 0.0267
-------------------------------------
[Epoch : 233/500]
Total_loss	: 0.0907
Coral_loss	: 0.0000
MMD_loss	: 1.5715
cond_ent_wt	: 4.8290
Src_reg_loss	: 0.0267
-------------------------------------
[Epoch : 234/500]
Total_loss	: 0.0907
Coral_loss	: 0.0000
MMD_loss	: 1.5721
cond_ent_wt	: 4.8290
Src_reg_loss	: 0.0266
-------------------------------------
[Epoch : 235/500]
Total_loss	: 0.0906
Coral_loss	: 0.0000
MMD_loss	: 1.5726
cond_ent_wt	: 4.8289
Src_reg_loss	: 0.0266
-------------------------------------
[Epoch : 236/500]
Total_loss	: 0.0906
Coral_loss	: 0.0000
MMD_loss	: 1.5732
cond_ent_wt	: 4.8288
Src_reg_loss	: 0.0265
-------------------------------------
[Epoch : 237/500]
Total_loss	: 0.0905
Coral_loss	: 0.0000
MMD_loss	: 1.5738
cond_ent_wt	: 4.8288
Src_reg_loss	: 0.0265
-------------------------------------
[Epoch : 238/500]
Total_loss	: 0.0904
Coral_loss	: 0.0000
MMD_loss	: 1.5743
cond_ent_wt	: 4.8287
Src_reg_loss	: 0.0264
-------------------------------------
[Epoch : 239/500]
Total_loss	: 0.0904
Coral_loss	: 0.0000
MMD_loss	: 1.5749
cond_ent_wt	: 4.8286
Src_reg_loss	: 0.0263
-------------------------------------
[Epoch : 240/500]
Total_loss	: 0.0903
Coral_loss	: 0.0000
MMD_loss	: 1.5754
cond_ent_wt	: 4.8286
Src_reg_loss	: 0.0263
-------------------------------------
[Epoch : 241/500]
Total_loss	: 0.0903
Coral_loss	: 0.0000
MMD_loss	: 1.5760
cond_ent_wt	: 4.8285
Src_reg_loss	: 0.0262
-------------------------------------
[Epoch : 242/500]
Total_loss	: 0.0902
Coral_loss	: 0.0000
MMD_loss	: 1.5765
cond_ent_wt	: 4.8284
Src_reg_loss	: 0.0262
-------------------------------------
[Epoch : 243/500]
Total_loss	: 0.0902
Coral_loss	: 0.0000
MMD_loss	: 1.5771
cond_ent_wt	: 4.8284
Src_reg_loss	: 0.0261
-------------------------------------
[Epoch : 244/500]
Total_loss	: 0.0901
Coral_loss	: 0.0000
MMD_loss	: 1.5776
cond_ent_wt	: 4.8283
Src_reg_loss	: 0.0261
-------------------------------------
[Epoch : 245/500]
Total_loss	: 0.0901
Coral_loss	: 0.0000
MMD_loss	: 1.5781
cond_ent_wt	: 4.8282
Src_reg_loss	: 0.0260
-------------------------------------
[Epoch : 246/500]
Total_loss	: 0.0900
Coral_loss	: 0.0000
MMD_loss	: 1.5787
cond_ent_wt	: 4.8281
Src_reg_loss	: 0.0259
-------------------------------------
[Epoch : 247/500]
Total_loss	: 0.0900
Coral_loss	: 0.0000
MMD_loss	: 1.5792
cond_ent_wt	: 4.8281
Src_reg_loss	: 0.0259
-------------------------------------
[Epoch : 248/500]
Total_loss	: 0.0899
Coral_loss	: 0.0000
MMD_loss	: 1.5797
cond_ent_wt	: 4.8280
Src_reg_loss	: 0.0258
-------------------------------------
[Epoch : 249/500]
Total_loss	: 0.0899
Coral_loss	: 0.0000
MMD_loss	: 1.5803
cond_ent_wt	: 4.8279
Src_reg_loss	: 0.0258
-------------------------------------
[Epoch : 250/500]
Total_loss	: 0.0898
Coral_loss	: 0.0000
MMD_loss	: 1.5808
cond_ent_wt	: 4.8278
Src_reg_loss	: 0.0257
-------------------------------------
[Epoch : 251/500]
Total_loss	: 0.0898
Coral_loss	: 0.0000
MMD_loss	: 1.5813
cond_ent_wt	: 4.8278
Src_reg_loss	: 0.0257
-------------------------------------
[Epoch : 252/500]
Total_loss	: 0.0897
Coral_loss	: 0.0000
MMD_loss	: 1.5818
cond_ent_wt	: 4.8277
Src_reg_loss	: 0.0256
-------------------------------------
[Epoch : 253/500]
Total_loss	: 0.0897
Coral_loss	: 0.0000
MMD_loss	: 1.5823
cond_ent_wt	: 4.8276
Src_reg_loss	: 0.0256
-------------------------------------
[Epoch : 254/500]
Total_loss	: 0.0896
Coral_loss	: 0.0000
MMD_loss	: 1.5828
cond_ent_wt	: 4.8275
Src_reg_loss	: 0.0255
-------------------------------------
[Epoch : 255/500]
Total_loss	: 0.0896
Coral_loss	: 0.0000
MMD_loss	: 1.5833
cond_ent_wt	: 4.8275
Src_reg_loss	: 0.0255
-------------------------------------
[Epoch : 256/500]
Total_loss	: 0.0895
Coral_loss	: 0.0000
MMD_loss	: 1.5838
cond_ent_wt	: 4.8274
Src_reg_loss	: 0.0254
-------------------------------------
[Epoch : 257/500]
Total_loss	: 0.0895
Coral_loss	: 0.0000
MMD_loss	: 1.5843
cond_ent_wt	: 4.8273
Src_reg_loss	: 0.0254
-------------------------------------
[Epoch : 258/500]
Total_loss	: 0.0895
Coral_loss	: 0.0000
MMD_loss	: 1.5848
cond_ent_wt	: 4.8272
Src_reg_loss	: 0.0253
-------------------------------------
[Epoch : 259/500]
Total_loss	: 0.0894
Coral_loss	: 0.0000
MMD_loss	: 1.5853
cond_ent_wt	: 4.8271
Src_reg_loss	: 0.0253
-------------------------------------
[Epoch : 260/500]
Total_loss	: 0.0894
Coral_loss	: 0.0000
MMD_loss	: 1.5858
cond_ent_wt	: 4.8270
Src_reg_loss	: 0.0252
-------------------------------------
[Epoch : 261/500]
Total_loss	: 0.0893
Coral_loss	: 0.0000
MMD_loss	: 1.5863
cond_ent_wt	: 4.8270
Src_reg_loss	: 0.0252
-------------------------------------
[Epoch : 262/500]
Total_loss	: 0.0893
Coral_loss	: 0.0000
MMD_loss	: 1.5868
cond_ent_wt	: 4.8269
Src_reg_loss	: 0.0251
-------------------------------------
[Epoch : 263/500]
Total_loss	: 0.0892
Coral_loss	: 0.0000
MMD_loss	: 1.5873
cond_ent_wt	: 4.8268
Src_reg_loss	: 0.0251
-------------------------------------
[Epoch : 264/500]
Total_loss	: 0.0892
Coral_loss	: 0.0000
MMD_loss	: 1.5878
cond_ent_wt	: 4.8267
Src_reg_loss	: 0.0250
-------------------------------------
[Epoch : 265/500]
Total_loss	: 0.0891
Coral_loss	: 0.0000
MMD_loss	: 1.5883
cond_ent_wt	: 4.8266
Src_reg_loss	: 0.0250
-------------------------------------
[Epoch : 266/500]
Total_loss	: 0.0891
Coral_loss	: 0.0000
MMD_loss	: 1.5888
cond_ent_wt	: 4.8265
Src_reg_loss	: 0.0249
-------------------------------------
[Epoch : 267/500]
Total_loss	: 0.0890
Coral_loss	: 0.0000
MMD_loss	: 1.5893
cond_ent_wt	: 4.8264
Src_reg_loss	: 0.0249
-------------------------------------
[Epoch : 268/500]
Total_loss	: 0.0890
Coral_loss	: 0.0000
MMD_loss	: 1.5898
cond_ent_wt	: 4.8263
Src_reg_loss	: 0.0248
-------------------------------------
[Epoch : 269/500]
Total_loss	: 0.0890
Coral_loss	: 0.0000
MMD_loss	: 1.5903
cond_ent_wt	: 4.8263
Src_reg_loss	: 0.0248
-------------------------------------
[Epoch : 270/500]
Total_loss	: 0.0889
Coral_loss	: 0.0000
MMD_loss	: 1.5908
cond_ent_wt	: 4.8262
Src_reg_loss	: 0.0247
-------------------------------------
[Epoch : 271/500]
Total_loss	: 0.0889
Coral_loss	: 0.0000
MMD_loss	: 1.5913
cond_ent_wt	: 4.8261
Src_reg_loss	: 0.0247
-------------------------------------
[Epoch : 272/500]
Total_loss	: 0.0888
Coral_loss	: 0.0000
MMD_loss	: 1.5918
cond_ent_wt	: 4.8260
Src_reg_loss	: 0.0246
-------------------------------------
[Epoch : 273/500]
Total_loss	: 0.0888
Coral_loss	: 0.0000
MMD_loss	: 1.5923
cond_ent_wt	: 4.8259
Src_reg_loss	: 0.0246
-------------------------------------
[Epoch : 274/500]
Total_loss	: 0.0887
Coral_loss	: 0.0000
MMD_loss	: 1.5929
cond_ent_wt	: 4.8258
Src_reg_loss	: 0.0245
-------------------------------------
[Epoch : 275/500]
Total_loss	: 0.0887
Coral_loss	: 0.0000
MMD_loss	: 1.5934
cond_ent_wt	: 4.8257
Src_reg_loss	: 0.0245
-------------------------------------
[Epoch : 276/500]
Total_loss	: 0.0887
Coral_loss	: 0.0000
MMD_loss	: 1.5939
cond_ent_wt	: 4.8256
Src_reg_loss	: 0.0244
-------------------------------------
[Epoch : 277/500]
Total_loss	: 0.0886
Coral_loss	: 0.0000
MMD_loss	: 1.5944
cond_ent_wt	: 4.8255
Src_reg_loss	: 0.0244
-------------------------------------
[Epoch : 278/500]
Total_loss	: 0.0886
Coral_loss	: 0.0000
MMD_loss	: 1.5949
cond_ent_wt	: 4.8254
Src_reg_loss	: 0.0243
-------------------------------------
[Epoch : 279/500]
Total_loss	: 0.0885
Coral_loss	: 0.0000
MMD_loss	: 1.5954
cond_ent_wt	: 4.8253
Src_reg_loss	: 0.0243
-------------------------------------
[Epoch : 280/500]
Total_loss	: 0.0885
Coral_loss	: 0.0000
MMD_loss	: 1.5959
cond_ent_wt	: 4.8252
Src_reg_loss	: 0.0243
-------------------------------------
[Epoch : 281/500]
Total_loss	: 0.0884
Coral_loss	: 0.0000
MMD_loss	: 1.5965
cond_ent_wt	: 4.8251
Src_reg_loss	: 0.0242
-------------------------------------
[Epoch : 282/500]
Total_loss	: 0.0884
Coral_loss	: 0.0000
MMD_loss	: 1.5970
cond_ent_wt	: 4.8250
Src_reg_loss	: 0.0242
-------------------------------------
[Epoch : 283/500]
Total_loss	: 0.0884
Coral_loss	: 0.0000
MMD_loss	: 1.5975
cond_ent_wt	: 4.8249
Src_reg_loss	: 0.0241
-------------------------------------
[Epoch : 284/500]
Total_loss	: 0.0883
Coral_loss	: 0.0000
MMD_loss	: 1.5980
cond_ent_wt	: 4.8248
Src_reg_loss	: 0.0241
-------------------------------------
[Epoch : 285/500]
Total_loss	: 0.0883
Coral_loss	: 0.0000
MMD_loss	: 1.5986
cond_ent_wt	: 4.8247
Src_reg_loss	: 0.0240
-------------------------------------
[Epoch : 286/500]
Total_loss	: 0.0883
Coral_loss	: 0.0000
MMD_loss	: 1.5991
cond_ent_wt	: 4.8246
Src_reg_loss	: 0.0240
-------------------------------------
[Epoch : 287/500]
Total_loss	: 0.0882
Coral_loss	: 0.0000
MMD_loss	: 1.5996
cond_ent_wt	: 4.8245
Src_reg_loss	: 0.0239
-------------------------------------
[Epoch : 288/500]
Total_loss	: 0.0882
Coral_loss	: 0.0000
MMD_loss	: 1.6001
cond_ent_wt	: 4.8244
Src_reg_loss	: 0.0239
-------------------------------------
[Epoch : 289/500]
Total_loss	: 0.0881
Coral_loss	: 0.0000
MMD_loss	: 1.6007
cond_ent_wt	: 4.8242
Src_reg_loss	: 0.0239
-------------------------------------
[Epoch : 290/500]
Total_loss	: 0.0881
Coral_loss	: 0.0000
MMD_loss	: 1.6012
cond_ent_wt	: 4.8241
Src_reg_loss	: 0.0238
-------------------------------------
[Epoch : 291/500]
Total_loss	: 0.0881
Coral_loss	: 0.0000
MMD_loss	: 1.6018
cond_ent_wt	: 4.8240
Src_reg_loss	: 0.0238
-------------------------------------
[Epoch : 292/500]
Total_loss	: 0.0880
Coral_loss	: 0.0000
MMD_loss	: 1.6023
cond_ent_wt	: 4.8239
Src_reg_loss	: 0.0237
-------------------------------------
[Epoch : 293/500]
Total_loss	: 0.0880
Coral_loss	: 0.0000
MMD_loss	: 1.6028
cond_ent_wt	: 4.8238
Src_reg_loss	: 0.0237
-------------------------------------
[Epoch : 294/500]
Total_loss	: 0.0879
Coral_loss	: 0.0000
MMD_loss	: 1.6034
cond_ent_wt	: 4.8237
Src_reg_loss	: 0.0237
-------------------------------------
[Epoch : 295/500]
Total_loss	: 0.0879
Coral_loss	: 0.0000
MMD_loss	: 1.6039
cond_ent_wt	: 4.8236
Src_reg_loss	: 0.0236
-------------------------------------
[Epoch : 296/500]
Total_loss	: 0.0879
Coral_loss	: 0.0000
MMD_loss	: 1.6045
cond_ent_wt	: 4.8234
Src_reg_loss	: 0.0236
-------------------------------------
[Epoch : 297/500]
Total_loss	: 0.0878
Coral_loss	: 0.0000
MMD_loss	: 1.6050
cond_ent_wt	: 4.8233
Src_reg_loss	: 0.0235
-------------------------------------
[Epoch : 298/500]
Total_loss	: 0.0878
Coral_loss	: 0.0000
MMD_loss	: 1.6055
cond_ent_wt	: 4.8232
Src_reg_loss	: 0.0235
-------------------------------------
[Epoch : 299/500]
Total_loss	: 0.0878
Coral_loss	: 0.0000
MMD_loss	: 1.6061
cond_ent_wt	: 4.8231
Src_reg_loss	: 0.0234
-------------------------------------
[Epoch : 300/500]
Total_loss	: 0.0877
Coral_loss	: 0.0000
MMD_loss	: 1.6066
cond_ent_wt	: 4.8230
Src_reg_loss	: 0.0234
-------------------------------------
[Epoch : 301/500]
Total_loss	: 0.0877
Coral_loss	: 0.0000
MMD_loss	: 1.6072
cond_ent_wt	: 4.8229
Src_reg_loss	: 0.0234
-------------------------------------
[Epoch : 302/500]
Total_loss	: 0.0877
Coral_loss	: 0.0000
MMD_loss	: 1.6077
cond_ent_wt	: 4.8227
Src_reg_loss	: 0.0233
-------------------------------------
[Epoch : 303/500]
Total_loss	: 0.0876
Coral_loss	: 0.0000
MMD_loss	: 1.6083
cond_ent_wt	: 4.8226
Src_reg_loss	: 0.0233
-------------------------------------
[Epoch : 304/500]
Total_loss	: 0.0876
Coral_loss	: 0.0000
MMD_loss	: 1.6089
cond_ent_wt	: 4.8225
Src_reg_loss	: 0.0232
-------------------------------------
[Epoch : 305/500]
Total_loss	: 0.0876
Coral_loss	: 0.0000
MMD_loss	: 1.6094
cond_ent_wt	: 4.8224
Src_reg_loss	: 0.0232
-------------------------------------
[Epoch : 306/500]
Total_loss	: 0.0875
Coral_loss	: 0.0000
MMD_loss	: 1.6100
cond_ent_wt	: 4.8222
Src_reg_loss	: 0.0232
-------------------------------------
[Epoch : 307/500]
Total_loss	: 0.0875
Coral_loss	: 0.0000
MMD_loss	: 1.6105
cond_ent_wt	: 4.8221
Src_reg_loss	: 0.0231
-------------------------------------
[Epoch : 308/500]
Total_loss	: 0.0874
Coral_loss	: 0.0000
MMD_loss	: 1.6111
cond_ent_wt	: 4.8220
Src_reg_loss	: 0.0231
-------------------------------------
[Epoch : 309/500]
Total_loss	: 0.0874
Coral_loss	: 0.0000
MMD_loss	: 1.6117
cond_ent_wt	: 4.8218
Src_reg_loss	: 0.0231
-------------------------------------
[Epoch : 310/500]
Total_loss	: 0.0874
Coral_loss	: 0.0000
MMD_loss	: 1.6122
cond_ent_wt	: 4.8217
Src_reg_loss	: 0.0230
-------------------------------------
[Epoch : 311/500]
Total_loss	: 0.0873
Coral_loss	: 0.0000
MMD_loss	: 1.6128
cond_ent_wt	: 4.8216
Src_reg_loss	: 0.0230
-------------------------------------
[Epoch : 312/500]
Total_loss	: 0.0873
Coral_loss	: 0.0000
MMD_loss	: 1.6134
cond_ent_wt	: 4.8214
Src_reg_loss	: 0.0229
-------------------------------------
[Epoch : 313/500]
Total_loss	: 0.0873
Coral_loss	: 0.0000
MMD_loss	: 1.6140
cond_ent_wt	: 4.8213
Src_reg_loss	: 0.0229
-------------------------------------
[Epoch : 314/500]
Total_loss	: 0.0872
Coral_loss	: 0.0000
MMD_loss	: 1.6146
cond_ent_wt	: 4.8212
Src_reg_loss	: 0.0229
-------------------------------------
[Epoch : 315/500]
Total_loss	: 0.0872
Coral_loss	: 0.0000
MMD_loss	: 1.6151
cond_ent_wt	: 4.8210
Src_reg_loss	: 0.0228
-------------------------------------
[Epoch : 316/500]
Total_loss	: 0.0872
Coral_loss	: 0.0000
MMD_loss	: 1.6157
cond_ent_wt	: 4.8209
Src_reg_loss	: 0.0228
-------------------------------------
[Epoch : 317/500]
Total_loss	: 0.0871
Coral_loss	: 0.0000
MMD_loss	: 1.6163
cond_ent_wt	: 4.8207
Src_reg_loss	: 0.0228
-------------------------------------
[Epoch : 318/500]
Total_loss	: 0.0871
Coral_loss	: 0.0000
MMD_loss	: 1.6169
cond_ent_wt	: 4.8206
Src_reg_loss	: 0.0227
-------------------------------------
[Epoch : 319/500]
Total_loss	: 0.0871
Coral_loss	: 0.0000
MMD_loss	: 1.6175
cond_ent_wt	: 4.8205
Src_reg_loss	: 0.0227
-------------------------------------
[Epoch : 320/500]
Total_loss	: 0.0871
Coral_loss	: 0.0000
MMD_loss	: 1.6181
cond_ent_wt	: 4.8203
Src_reg_loss	: 0.0226
-------------------------------------
[Epoch : 321/500]
Total_loss	: 0.0870
Coral_loss	: 0.0000
MMD_loss	: 1.6187
cond_ent_wt	: 4.8202
Src_reg_loss	: 0.0226
-------------------------------------
[Epoch : 322/500]
Total_loss	: 0.0870
Coral_loss	: 0.0000
MMD_loss	: 1.6193
cond_ent_wt	: 4.8200
Src_reg_loss	: 0.0226
-------------------------------------
[Epoch : 323/500]
Total_loss	: 0.0870
Coral_loss	: 0.0000
MMD_loss	: 1.6199
cond_ent_wt	: 4.8199
Src_reg_loss	: 0.0225
-------------------------------------
[Epoch : 324/500]
Total_loss	: 0.0869
Coral_loss	: 0.0000
MMD_loss	: 1.6205
cond_ent_wt	: 4.8197
Src_reg_loss	: 0.0225
-------------------------------------
[Epoch : 325/500]
Total_loss	: 0.0869
Coral_loss	: 0.0000
MMD_loss	: 1.6211
cond_ent_wt	: 4.8196
Src_reg_loss	: 0.0225
-------------------------------------
[Epoch : 326/500]
Total_loss	: 0.0869
Coral_loss	: 0.0000
MMD_loss	: 1.6217
cond_ent_wt	: 4.8194
Src_reg_loss	: 0.0224
-------------------------------------
[Epoch : 327/500]
Total_loss	: 0.0868
Coral_loss	: 0.0000
MMD_loss	: 1.6223
cond_ent_wt	: 4.8193
Src_reg_loss	: 0.0224
-------------------------------------
[Epoch : 328/500]
Total_loss	: 0.0868
Coral_loss	: 0.0000
MMD_loss	: 1.6229
cond_ent_wt	: 4.8191
Src_reg_loss	: 0.0224
-------------------------------------
[Epoch : 329/500]
Total_loss	: 0.0868
Coral_loss	: 0.0000
MMD_loss	: 1.6235
cond_ent_wt	: 4.8189
Src_reg_loss	: 0.0223
-------------------------------------
[Epoch : 330/500]
Total_loss	: 0.0867
Coral_loss	: 0.0000
MMD_loss	: 1.6241
cond_ent_wt	: 4.8188
Src_reg_loss	: 0.0223
-------------------------------------
[Epoch : 331/500]
Total_loss	: 0.0867
Coral_loss	: 0.0000
MMD_loss	: 1.6247
cond_ent_wt	: 4.8186
Src_reg_loss	: 0.0223
-------------------------------------
[Epoch : 332/500]
Total_loss	: 0.0867
Coral_loss	: 0.0000
MMD_loss	: 1.6254
cond_ent_wt	: 4.8185
Src_reg_loss	: 0.0222
-------------------------------------
[Epoch : 333/500]
Total_loss	: 0.0867
Coral_loss	: 0.0000
MMD_loss	: 1.6260
cond_ent_wt	: 4.8183
Src_reg_loss	: 0.0222
-------------------------------------
[Epoch : 334/500]
Total_loss	: 0.0866
Coral_loss	: 0.0000
MMD_loss	: 1.6266
cond_ent_wt	: 4.8181
Src_reg_loss	: 0.0222
-------------------------------------
[Epoch : 335/500]
Total_loss	: 0.0866
Coral_loss	: 0.0000
MMD_loss	: 1.6272
cond_ent_wt	: 4.8180
Src_reg_loss	: 0.0221
-------------------------------------
[Epoch : 336/500]
Total_loss	: 0.0866
Coral_loss	: 0.0000
MMD_loss	: 1.6278
cond_ent_wt	: 4.8178
Src_reg_loss	: 0.0221
-------------------------------------
[Epoch : 337/500]
Total_loss	: 0.0865
Coral_loss	: 0.0000
MMD_loss	: 1.6285
cond_ent_wt	: 4.8176
Src_reg_loss	: 0.0221
-------------------------------------
[Epoch : 338/500]
Total_loss	: 0.0865
Coral_loss	: 0.0000
MMD_loss	: 1.6291
cond_ent_wt	: 4.8175
Src_reg_loss	: 0.0220
-------------------------------------
[Epoch : 339/500]
Total_loss	: 0.0865
Coral_loss	: 0.0000
MMD_loss	: 1.6297
cond_ent_wt	: 4.8173
Src_reg_loss	: 0.0220
-------------------------------------
[Epoch : 340/500]
Total_loss	: 0.0865
Coral_loss	: 0.0000
MMD_loss	: 1.6303
cond_ent_wt	: 4.8171
Src_reg_loss	: 0.0220
-------------------------------------
[Epoch : 341/500]
Total_loss	: 0.0864
Coral_loss	: 0.0000
MMD_loss	: 1.6310
cond_ent_wt	: 4.8169
Src_reg_loss	: 0.0219
-------------------------------------
[Epoch : 342/500]
Total_loss	: 0.0864
Coral_loss	: 0.0000
MMD_loss	: 1.6316
cond_ent_wt	: 4.8168
Src_reg_loss	: 0.0219
-------------------------------------
[Epoch : 343/500]
Total_loss	: 0.0864
Coral_loss	: 0.0000
MMD_loss	: 1.6322
cond_ent_wt	: 4.8166
Src_reg_loss	: 0.0219
-------------------------------------
[Epoch : 344/500]
Total_loss	: 0.0863
Coral_loss	: 0.0000
MMD_loss	: 1.6328
cond_ent_wt	: 4.8164
Src_reg_loss	: 0.0218
-------------------------------------
[Epoch : 345/500]
Total_loss	: 0.0863
Coral_loss	: 0.0000
MMD_loss	: 1.6335
cond_ent_wt	: 4.8162
Src_reg_loss	: 0.0218
-------------------------------------
[Epoch : 346/500]
Total_loss	: 0.0863
Coral_loss	: 0.0000
MMD_loss	: 1.6341
cond_ent_wt	: 4.8160
Src_reg_loss	: 0.0218
-------------------------------------
[Epoch : 347/500]
Total_loss	: 0.0863
Coral_loss	: 0.0000
MMD_loss	: 1.6347
cond_ent_wt	: 4.8159
Src_reg_loss	: 0.0217
-------------------------------------
[Epoch : 348/500]
Total_loss	: 0.0862
Coral_loss	: 0.0000
MMD_loss	: 1.6353
cond_ent_wt	: 4.8157
Src_reg_loss	: 0.0217
-------------------------------------
[Epoch : 349/500]
Total_loss	: 0.0862
Coral_loss	: 0.0000
MMD_loss	: 1.6359
cond_ent_wt	: 4.8155
Src_reg_loss	: 0.0217
-------------------------------------
[Epoch : 350/500]
Total_loss	: 0.0862
Coral_loss	: 0.0000
MMD_loss	: 1.6366
cond_ent_wt	: 4.8153
Src_reg_loss	: 0.0216
-------------------------------------
[Epoch : 351/500]
Total_loss	: 0.0862
Coral_loss	: 0.0000
MMD_loss	: 1.6372
cond_ent_wt	: 4.8151
Src_reg_loss	: 0.0216
-------------------------------------
[Epoch : 352/500]
Total_loss	: 0.0861
Coral_loss	: 0.0000
MMD_loss	: 1.6378
cond_ent_wt	: 4.8149
Src_reg_loss	: 0.0216
-------------------------------------
[Epoch : 353/500]
Total_loss	: 0.0861
Coral_loss	: 0.0000
MMD_loss	: 1.6384
cond_ent_wt	: 4.8147
Src_reg_loss	: 0.0216
-------------------------------------
[Epoch : 354/500]
Total_loss	: 0.0861
Coral_loss	: 0.0000
MMD_loss	: 1.6390
cond_ent_wt	: 4.8145
Src_reg_loss	: 0.0215
-------------------------------------
[Epoch : 355/500]
Total_loss	: 0.0861
Coral_loss	: 0.0000
MMD_loss	: 1.6397
cond_ent_wt	: 4.8143
Src_reg_loss	: 0.0215
-------------------------------------
[Epoch : 356/500]
Total_loss	: 0.0860
Coral_loss	: 0.0000
MMD_loss	: 1.6403
cond_ent_wt	: 4.8141
Src_reg_loss	: 0.0215
-------------------------------------
[Epoch : 357/500]
Total_loss	: 0.0860
Coral_loss	: 0.0000
MMD_loss	: 1.6409
cond_ent_wt	: 4.8139
Src_reg_loss	: 0.0214
-------------------------------------
[Epoch : 358/500]
Total_loss	: 0.0860
Coral_loss	: 0.0000
MMD_loss	: 1.6415
cond_ent_wt	: 4.8137
Src_reg_loss	: 0.0214
-------------------------------------
[Epoch : 359/500]
Total_loss	: 0.0860
Coral_loss	: 0.0000
MMD_loss	: 1.6421
cond_ent_wt	: 4.8135
Src_reg_loss	: 0.0214
-------------------------------------
[Epoch : 360/500]
Total_loss	: 0.0859
Coral_loss	: 0.0000
MMD_loss	: 1.6427
cond_ent_wt	: 4.8133
Src_reg_loss	: 0.0213
-------------------------------------
[Epoch : 361/500]
Total_loss	: 0.0859
Coral_loss	: 0.0000
MMD_loss	: 1.6433
cond_ent_wt	: 4.8131
Src_reg_loss	: 0.0213
-------------------------------------
[Epoch : 362/500]
Total_loss	: 0.0859
Coral_loss	: 0.0000
MMD_loss	: 1.6439
cond_ent_wt	: 4.8129
Src_reg_loss	: 0.0213
-------------------------------------
[Epoch : 363/500]
Total_loss	: 0.0859
Coral_loss	: 0.0000
MMD_loss	: 1.6445
cond_ent_wt	: 4.8127
Src_reg_loss	: 0.0213
-------------------------------------
[Epoch : 364/500]
Total_loss	: 0.0858
Coral_loss	: 0.0000
MMD_loss	: 1.6451
cond_ent_wt	: 4.8125
Src_reg_loss	: 0.0212
-------------------------------------
[Epoch : 365/500]
Total_loss	: 0.0858
Coral_loss	: 0.0000
MMD_loss	: 1.6457
cond_ent_wt	: 4.8123
Src_reg_loss	: 0.0212
-------------------------------------
[Epoch : 366/500]
Total_loss	: 0.0858
Coral_loss	: 0.0000
MMD_loss	: 1.6463
cond_ent_wt	: 4.8121
Src_reg_loss	: 0.0212
-------------------------------------
[Epoch : 367/500]
Total_loss	: 0.0858
Coral_loss	: 0.0000
MMD_loss	: 1.6469
cond_ent_wt	: 4.8119
Src_reg_loss	: 0.0211
-------------------------------------
[Epoch : 368/500]
Total_loss	: 0.0857
Coral_loss	: 0.0000
MMD_loss	: 1.6475
cond_ent_wt	: 4.8117
Src_reg_loss	: 0.0211
-------------------------------------
[Epoch : 369/500]
Total_loss	: 0.0857
Coral_loss	: 0.0000
MMD_loss	: 1.6481
cond_ent_wt	: 4.8115
Src_reg_loss	: 0.0211
-------------------------------------
[Epoch : 370/500]
Total_loss	: 0.0857
Coral_loss	: 0.0000
MMD_loss	: 1.6487
cond_ent_wt	: 4.8112
Src_reg_loss	: 0.0211
-------------------------------------
[Epoch : 371/500]
Total_loss	: 0.0857
Coral_loss	: 0.0000
MMD_loss	: 1.6493
cond_ent_wt	: 4.8110
Src_reg_loss	: 0.0210
-------------------------------------
[Epoch : 372/500]
Total_loss	: 0.0856
Coral_loss	: 0.0000
MMD_loss	: 1.6499
cond_ent_wt	: 4.8108
Src_reg_loss	: 0.0210
-------------------------------------
[Epoch : 373/500]
Total_loss	: 0.0856
Coral_loss	: 0.0000
MMD_loss	: 1.6505
cond_ent_wt	: 4.8106
Src_reg_loss	: 0.0210
-------------------------------------
[Epoch : 374/500]
Total_loss	: 0.0856
Coral_loss	: 0.0000
MMD_loss	: 1.6510
cond_ent_wt	: 4.8104
Src_reg_loss	: 0.0209
-------------------------------------
[Epoch : 375/500]
Total_loss	: 0.0856
Coral_loss	: 0.0000
MMD_loss	: 1.6516
cond_ent_wt	: 4.8101
Src_reg_loss	: 0.0209
-------------------------------------
[Epoch : 376/500]
Total_loss	: 0.0855
Coral_loss	: 0.0000
MMD_loss	: 1.6522
cond_ent_wt	: 4.8099
Src_reg_loss	: 0.0209
-------------------------------------
[Epoch : 377/500]
Total_loss	: 0.0855
Coral_loss	: 0.0000
MMD_loss	: 1.6528
cond_ent_wt	: 4.8097
Src_reg_loss	: 0.0209
-------------------------------------
[Epoch : 378/500]
Total_loss	: 0.0855
Coral_loss	: 0.0000
MMD_loss	: 1.6533
cond_ent_wt	: 4.8095
Src_reg_loss	: 0.0208
-------------------------------------
[Epoch : 379/500]
Total_loss	: 0.0855
Coral_loss	: 0.0000
MMD_loss	: 1.6539
cond_ent_wt	: 4.8093
Src_reg_loss	: 0.0208
-------------------------------------
[Epoch : 380/500]
Total_loss	: 0.0854
Coral_loss	: 0.0000
MMD_loss	: 1.6545
cond_ent_wt	: 4.8090
Src_reg_loss	: 0.0208
-------------------------------------
[Epoch : 381/500]
Total_loss	: 0.0854
Coral_loss	: 0.0000
MMD_loss	: 1.6551
cond_ent_wt	: 4.8088
Src_reg_loss	: 0.0208
-------------------------------------
[Epoch : 382/500]
Total_loss	: 0.0854
Coral_loss	: 0.0000
MMD_loss	: 1.6556
cond_ent_wt	: 4.8086
Src_reg_loss	: 0.0207
-------------------------------------
[Epoch : 383/500]
Total_loss	: 0.0854
Coral_loss	: 0.0000
MMD_loss	: 1.6562
cond_ent_wt	: 4.8084
Src_reg_loss	: 0.0207
-------------------------------------
[Epoch : 384/500]
Total_loss	: 0.0853
Coral_loss	: 0.0000
MMD_loss	: 1.6567
cond_ent_wt	: 4.8081
Src_reg_loss	: 0.0207
-------------------------------------
[Epoch : 385/500]
Total_loss	: 0.0853
Coral_loss	: 0.0000
MMD_loss	: 1.6573
cond_ent_wt	: 4.8079
Src_reg_loss	: 0.0206
-------------------------------------
[Epoch : 386/500]
Total_loss	: 0.0853
Coral_loss	: 0.0000
MMD_loss	: 1.6579
cond_ent_wt	: 4.8077
Src_reg_loss	: 0.0206
-------------------------------------
[Epoch : 387/500]
Total_loss	: 0.0853
Coral_loss	: 0.0000
MMD_loss	: 1.6584
cond_ent_wt	: 4.8074
Src_reg_loss	: 0.0206
-------------------------------------
[Epoch : 388/500]
Total_loss	: 0.0853
Coral_loss	: 0.0000
MMD_loss	: 1.6590
cond_ent_wt	: 4.8072
Src_reg_loss	: 0.0206
-------------------------------------
[Epoch : 389/500]
Total_loss	: 0.0852
Coral_loss	: 0.0000
MMD_loss	: 1.6595
cond_ent_wt	: 4.8070
Src_reg_loss	: 0.0205
-------------------------------------
[Epoch : 390/500]
Total_loss	: 0.0852
Coral_loss	: 0.0000
MMD_loss	: 1.6601
cond_ent_wt	: 4.8067
Src_reg_loss	: 0.0205
-------------------------------------
[Epoch : 391/500]
Total_loss	: 0.0852
Coral_loss	: 0.0000
MMD_loss	: 1.6606
cond_ent_wt	: 4.8065
Src_reg_loss	: 0.0205
-------------------------------------
[Epoch : 392/500]
Total_loss	: 0.0852
Coral_loss	: 0.0000
MMD_loss	: 1.6611
cond_ent_wt	: 4.8063
Src_reg_loss	: 0.0205
-------------------------------------
[Epoch : 393/500]
Total_loss	: 0.0851
Coral_loss	: 0.0000
MMD_loss	: 1.6617
cond_ent_wt	: 4.8060
Src_reg_loss	: 0.0204
-------------------------------------
[Epoch : 394/500]
Total_loss	: 0.0851
Coral_loss	: 0.0000
MMD_loss	: 1.6622
cond_ent_wt	: 4.8058
Src_reg_loss	: 0.0204
-------------------------------------
[Epoch : 395/500]
Total_loss	: 0.0851
Coral_loss	: 0.0000
MMD_loss	: 1.6628
cond_ent_wt	: 4.8056
Src_reg_loss	: 0.0204
-------------------------------------
[Epoch : 396/500]
Total_loss	: 0.0851
Coral_loss	: 0.0000
MMD_loss	: 1.6633
cond_ent_wt	: 4.8053
Src_reg_loss	: 0.0204
-------------------------------------
[Epoch : 397/500]
Total_loss	: 0.0851
Coral_loss	: 0.0000
MMD_loss	: 1.6638
cond_ent_wt	: 4.8051
Src_reg_loss	: 0.0203
-------------------------------------
[Epoch : 398/500]
Total_loss	: 0.0850
Coral_loss	: 0.0000
MMD_loss	: 1.6644
cond_ent_wt	: 4.8048
Src_reg_loss	: 0.0203
-------------------------------------
[Epoch : 399/500]
Total_loss	: 0.0850
Coral_loss	: 0.0000
MMD_loss	: 1.6649
cond_ent_wt	: 4.8046
Src_reg_loss	: 0.0203
-------------------------------------
[Epoch : 400/500]
Total_loss	: 0.0850
Coral_loss	: 0.0000
MMD_loss	: 1.6654
cond_ent_wt	: 4.8044
Src_reg_loss	: 0.0203
-------------------------------------
[Epoch : 401/500]
Total_loss	: 0.0850
Coral_loss	: 0.0000
MMD_loss	: 1.6659
cond_ent_wt	: 4.8041
Src_reg_loss	: 0.0202
-------------------------------------
[Epoch : 402/500]
Total_loss	: 0.0849
Coral_loss	: 0.0000
MMD_loss	: 1.6664
cond_ent_wt	: 4.8039
Src_reg_loss	: 0.0202
-------------------------------------
[Epoch : 403/500]
Total_loss	: 0.0849
Coral_loss	: 0.0000
MMD_loss	: 1.6670
cond_ent_wt	: 4.8036
Src_reg_loss	: 0.0202
-------------------------------------
[Epoch : 404/500]
Total_loss	: 0.0849
Coral_loss	: 0.0000
MMD_loss	: 1.6675
cond_ent_wt	: 4.8034
Src_reg_loss	: 0.0202
-------------------------------------
[Epoch : 405/500]
Total_loss	: 0.0849
Coral_loss	: 0.0000
MMD_loss	: 1.6680
cond_ent_wt	: 4.8032
Src_reg_loss	: 0.0201
-------------------------------------
[Epoch : 406/500]
Total_loss	: 0.0849
Coral_loss	: 0.0000
MMD_loss	: 1.6685
cond_ent_wt	: 4.8029
Src_reg_loss	: 0.0201
-------------------------------------
[Epoch : 407/500]
Total_loss	: 0.0848
Coral_loss	: 0.0000
MMD_loss	: 1.6690
cond_ent_wt	: 4.8027
Src_reg_loss	: 0.0201
-------------------------------------
[Epoch : 408/500]
Total_loss	: 0.0848
Coral_loss	: 0.0000
MMD_loss	: 1.6695
cond_ent_wt	: 4.8024
Src_reg_loss	: 0.0201
-------------------------------------
[Epoch : 409/500]
Total_loss	: 0.0848
Coral_loss	: 0.0000
MMD_loss	: 1.6700
cond_ent_wt	: 4.8022
Src_reg_loss	: 0.0200
-------------------------------------
[Epoch : 410/500]
Total_loss	: 0.0848
Coral_loss	: 0.0000
MMD_loss	: 1.6705
cond_ent_wt	: 4.8019
Src_reg_loss	: 0.0200
-------------------------------------
[Epoch : 411/500]
Total_loss	: 0.0848
Coral_loss	: 0.0000
MMD_loss	: 1.6710
cond_ent_wt	: 4.8017
Src_reg_loss	: 0.0200
-------------------------------------
[Epoch : 412/500]
Total_loss	: 0.0847
Coral_loss	: 0.0000
MMD_loss	: 1.6715
cond_ent_wt	: 4.8014
Src_reg_loss	: 0.0200
-------------------------------------
[Epoch : 413/500]
Total_loss	: 0.0847
Coral_loss	: 0.0000
MMD_loss	: 1.6720
cond_ent_wt	: 4.8012
Src_reg_loss	: 0.0200
-------------------------------------
[Epoch : 414/500]
Total_loss	: 0.0847
Coral_loss	: 0.0000
MMD_loss	: 1.6725
cond_ent_wt	: 4.8009
Src_reg_loss	: 0.0199
-------------------------------------
[Epoch : 415/500]
Total_loss	: 0.0847
Coral_loss	: 0.0000
MMD_loss	: 1.6730
cond_ent_wt	: 4.8007
Src_reg_loss	: 0.0199
-------------------------------------
[Epoch : 416/500]
Total_loss	: 0.0846
Coral_loss	: 0.0000
MMD_loss	: 1.6735
cond_ent_wt	: 4.8004
Src_reg_loss	: 0.0199
-------------------------------------
[Epoch : 417/500]
Total_loss	: 0.0846
Coral_loss	: 0.0000
MMD_loss	: 1.6739
cond_ent_wt	: 4.8002
Src_reg_loss	: 0.0199
-------------------------------------
[Epoch : 418/500]
Total_loss	: 0.0846
Coral_loss	: 0.0000
MMD_loss	: 1.6744
cond_ent_wt	: 4.7999
Src_reg_loss	: 0.0198
-------------------------------------
[Epoch : 419/500]
Total_loss	: 0.0846
Coral_loss	: 0.0000
MMD_loss	: 1.6749
cond_ent_wt	: 4.7997
Src_reg_loss	: 0.0198
-------------------------------------
[Epoch : 420/500]
Total_loss	: 0.0846
Coral_loss	: 0.0000
MMD_loss	: 1.6754
cond_ent_wt	: 4.7994
Src_reg_loss	: 0.0198
-------------------------------------
[Epoch : 421/500]
Total_loss	: 0.0845
Coral_loss	: 0.0000
MMD_loss	: 1.6758
cond_ent_wt	: 4.7992
Src_reg_loss	: 0.0198
-------------------------------------
[Epoch : 422/500]
Total_loss	: 0.0845
Coral_loss	: 0.0000
MMD_loss	: 1.6763
cond_ent_wt	: 4.7989
Src_reg_loss	: 0.0197
-------------------------------------
[Epoch : 423/500]
Total_loss	: 0.0845
Coral_loss	: 0.0000
MMD_loss	: 1.6768
cond_ent_wt	: 4.7986
Src_reg_loss	: 0.0197
-------------------------------------
[Epoch : 424/500]
Total_loss	: 0.0845
Coral_loss	: 0.0000
MMD_loss	: 1.6772
cond_ent_wt	: 4.7984
Src_reg_loss	: 0.0197
-------------------------------------
[Epoch : 425/500]
Total_loss	: 0.0845
Coral_loss	: 0.0000
MMD_loss	: 1.6777
cond_ent_wt	: 4.7981
Src_reg_loss	: 0.0197
-------------------------------------
[Epoch : 426/500]
Total_loss	: 0.0844
Coral_loss	: 0.0000
MMD_loss	: 1.6781
cond_ent_wt	: 4.7979
Src_reg_loss	: 0.0197
-------------------------------------
[Epoch : 427/500]
Total_loss	: 0.0844
Coral_loss	: 0.0000
MMD_loss	: 1.6786
cond_ent_wt	: 4.7976
Src_reg_loss	: 0.0196
-------------------------------------
[Epoch : 428/500]
Total_loss	: 0.0844
Coral_loss	: 0.0000
MMD_loss	: 1.6790
cond_ent_wt	: 4.7974
Src_reg_loss	: 0.0196
-------------------------------------
[Epoch : 429/500]
Total_loss	: 0.0844
Coral_loss	: 0.0000
MMD_loss	: 1.6795
cond_ent_wt	: 4.7971
Src_reg_loss	: 0.0196
-------------------------------------
[Epoch : 430/500]
Total_loss	: 0.0844
Coral_loss	: 0.0000
MMD_loss	: 1.6799
cond_ent_wt	: 4.7968
Src_reg_loss	: 0.0196
-------------------------------------
[Epoch : 431/500]
Total_loss	: 0.0843
Coral_loss	: 0.0000
MMD_loss	: 1.6804
cond_ent_wt	: 4.7966
Src_reg_loss	: 0.0196
-------------------------------------
[Epoch : 432/500]
Total_loss	: 0.0843
Coral_loss	: 0.0000
MMD_loss	: 1.6808
cond_ent_wt	: 4.7963
Src_reg_loss	: 0.0195
-------------------------------------
[Epoch : 433/500]
Total_loss	: 0.0843
Coral_loss	: 0.0000
MMD_loss	: 1.6812
cond_ent_wt	: 4.7961
Src_reg_loss	: 0.0195
-------------------------------------
[Epoch : 434/500]
Total_loss	: 0.0843
Coral_loss	: 0.0000
MMD_loss	: 1.6817
cond_ent_wt	: 4.7958
Src_reg_loss	: 0.0195
-------------------------------------
[Epoch : 435/500]
Total_loss	: 0.0843
Coral_loss	: 0.0000
MMD_loss	: 1.6821
cond_ent_wt	: 4.7955
Src_reg_loss	: 0.0195
-------------------------------------
[Epoch : 436/500]
Total_loss	: 0.0842
Coral_loss	: 0.0000
MMD_loss	: 1.6825
cond_ent_wt	: 4.7953
Src_reg_loss	: 0.0194
-------------------------------------
[Epoch : 437/500]
Total_loss	: 0.0842
Coral_loss	: 0.0000
MMD_loss	: 1.6829
cond_ent_wt	: 4.7950
Src_reg_loss	: 0.0194
-------------------------------------
[Epoch : 438/500]
Total_loss	: 0.0842
Coral_loss	: 0.0000
MMD_loss	: 1.6833
cond_ent_wt	: 4.7948
Src_reg_loss	: 0.0194
-------------------------------------
[Epoch : 439/500]
Total_loss	: 0.0842
Coral_loss	: 0.0000
MMD_loss	: 1.6837
cond_ent_wt	: 4.7945
Src_reg_loss	: 0.0194
-------------------------------------
[Epoch : 440/500]
Total_loss	: 0.0842
Coral_loss	: 0.0000
MMD_loss	: 1.6842
cond_ent_wt	: 4.7942
Src_reg_loss	: 0.0194
-------------------------------------
[Epoch : 441/500]
Total_loss	: 0.0841
Coral_loss	: 0.0000
MMD_loss	: 1.6846
cond_ent_wt	: 4.7940
Src_reg_loss	: 0.0193
-------------------------------------
[Epoch : 442/500]
Total_loss	: 0.0841
Coral_loss	: 0.0000
MMD_loss	: 1.6850
cond_ent_wt	: 4.7937
Src_reg_loss	: 0.0193
-------------------------------------
[Epoch : 443/500]
Total_loss	: 0.0841
Coral_loss	: 0.0000
MMD_loss	: 1.6854
cond_ent_wt	: 4.7934
Src_reg_loss	: 0.0193
-------------------------------------
[Epoch : 444/500]
Total_loss	: 0.0841
Coral_loss	: 0.0000
MMD_loss	: 1.6858
cond_ent_wt	: 4.7932
Src_reg_loss	: 0.0193
-------------------------------------
[Epoch : 445/500]
Total_loss	: 0.0841
Coral_loss	: 0.0000
MMD_loss	: 1.6862
cond_ent_wt	: 4.7929
Src_reg_loss	: 0.0193
-------------------------------------
[Epoch : 446/500]
Total_loss	: 0.0841
Coral_loss	: 0.0000
MMD_loss	: 1.6865
cond_ent_wt	: 4.7927
Src_reg_loss	: 0.0192
-------------------------------------
[Epoch : 447/500]
Total_loss	: 0.0840
Coral_loss	: 0.0000
MMD_loss	: 1.6869
cond_ent_wt	: 4.7924
Src_reg_loss	: 0.0192
-------------------------------------
[Epoch : 448/500]
Total_loss	: 0.0840
Coral_loss	: 0.0000
MMD_loss	: 1.6873
cond_ent_wt	: 4.7921
Src_reg_loss	: 0.0192
-------------------------------------
[Epoch : 449/500]
Total_loss	: 0.0840
Coral_loss	: 0.0000
MMD_loss	: 1.6877
cond_ent_wt	: 4.7919
Src_reg_loss	: 0.0192
-------------------------------------
[Epoch : 450/500]
Total_loss	: 0.0840
Coral_loss	: 0.0000
MMD_loss	: 1.6881
cond_ent_wt	: 4.7916
Src_reg_loss	: 0.0192
-------------------------------------
[Epoch : 451/500]
Total_loss	: 0.0840
Coral_loss	: 0.0000
MMD_loss	: 1.6884
cond_ent_wt	: 4.7913
Src_reg_loss	: 0.0191
-------------------------------------
[Epoch : 452/500]
Total_loss	: 0.0839
Coral_loss	: 0.0000
MMD_loss	: 1.6888
cond_ent_wt	: 4.7911
Src_reg_loss	: 0.0191
-------------------------------------
[Epoch : 453/500]
Total_loss	: 0.0839
Coral_loss	: 0.0000
MMD_loss	: 1.6892
cond_ent_wt	: 4.7908
Src_reg_loss	: 0.0191
-------------------------------------
[Epoch : 454/500]
Total_loss	: 0.0839
Coral_loss	: 0.0000
MMD_loss	: 1.6895
cond_ent_wt	: 4.7905
Src_reg_loss	: 0.0191
-------------------------------------
[Epoch : 455/500]
Total_loss	: 0.0839
Coral_loss	: 0.0000
MMD_loss	: 1.6899
cond_ent_wt	: 4.7903
Src_reg_loss	: 0.0191
-------------------------------------
[Epoch : 456/500]
Total_loss	: 0.0839
Coral_loss	: 0.0000
MMD_loss	: 1.6902
cond_ent_wt	: 4.7900
Src_reg_loss	: 0.0190
-------------------------------------
[Epoch : 457/500]
Total_loss	: 0.0838
Coral_loss	: 0.0000
MMD_loss	: 1.6906
cond_ent_wt	: 4.7897
Src_reg_loss	: 0.0190
-------------------------------------
[Epoch : 458/500]
Total_loss	: 0.0838
Coral_loss	: 0.0000
MMD_loss	: 1.6909
cond_ent_wt	: 4.7895
Src_reg_loss	: 0.0190
-------------------------------------
[Epoch : 459/500]
Total_loss	: 0.0838
Coral_loss	: 0.0000
MMD_loss	: 1.6913
cond_ent_wt	: 4.7892
Src_reg_loss	: 0.0190
-------------------------------------
[Epoch : 460/500]
Total_loss	: 0.0838
Coral_loss	: 0.0000
MMD_loss	: 1.6916
cond_ent_wt	: 4.7889
Src_reg_loss	: 0.0190
-------------------------------------
[Epoch : 461/500]
Total_loss	: 0.0838
Coral_loss	: 0.0000
MMD_loss	: 1.6920
cond_ent_wt	: 4.7887
Src_reg_loss	: 0.0189
-------------------------------------
[Epoch : 462/500]
Total_loss	: 0.0838
Coral_loss	: 0.0000
MMD_loss	: 1.6923
cond_ent_wt	: 4.7884
Src_reg_loss	: 0.0189
-------------------------------------
[Epoch : 463/500]
Total_loss	: 0.0837
Coral_loss	: 0.0000
MMD_loss	: 1.6926
cond_ent_wt	: 4.7881
Src_reg_loss	: 0.0189
-------------------------------------
[Epoch : 464/500]
Total_loss	: 0.0837
Coral_loss	: 0.0000
MMD_loss	: 1.6929
cond_ent_wt	: 4.7879
Src_reg_loss	: 0.0189
-------------------------------------
[Epoch : 465/500]
Total_loss	: 0.0837
Coral_loss	: 0.0000
MMD_loss	: 1.6933
cond_ent_wt	: 4.7876
Src_reg_loss	: 0.0189
-------------------------------------
[Epoch : 466/500]
Total_loss	: 0.0837
Coral_loss	: 0.0000
MMD_loss	: 1.6936
cond_ent_wt	: 4.7873
Src_reg_loss	: 0.0188
-------------------------------------
[Epoch : 467/500]
Total_loss	: 0.0837
Coral_loss	: 0.0000
MMD_loss	: 1.6939
cond_ent_wt	: 4.7871
Src_reg_loss	: 0.0188
-------------------------------------
[Epoch : 468/500]
Total_loss	: 0.0836
Coral_loss	: 0.0000
MMD_loss	: 1.6942
cond_ent_wt	: 4.7868
Src_reg_loss	: 0.0188
-------------------------------------
[Epoch : 469/500]
Total_loss	: 0.0836
Coral_loss	: 0.0000
MMD_loss	: 1.6945
cond_ent_wt	: 4.7865
Src_reg_loss	: 0.0188
-------------------------------------
[Epoch : 470/500]
Total_loss	: 0.0836
Coral_loss	: 0.0000
MMD_loss	: 1.6948
cond_ent_wt	: 4.7863
Src_reg_loss	: 0.0188
-------------------------------------
[Epoch : 471/500]
Total_loss	: 0.0836
Coral_loss	: 0.0000
MMD_loss	: 1.6952
cond_ent_wt	: 4.7860
Src_reg_loss	: 0.0188
-------------------------------------
[Epoch : 472/500]
Total_loss	: 0.0836
Coral_loss	: 0.0000
MMD_loss	: 1.6955
cond_ent_wt	: 4.7857
Src_reg_loss	: 0.0187
-------------------------------------
[Epoch : 473/500]
Total_loss	: 0.0836
Coral_loss	: 0.0000
MMD_loss	: 1.6958
cond_ent_wt	: 4.7854
Src_reg_loss	: 0.0187
-------------------------------------
[Epoch : 474/500]
Total_loss	: 0.0835
Coral_loss	: 0.0000
MMD_loss	: 1.6961
cond_ent_wt	: 4.7852
Src_reg_loss	: 0.0187
-------------------------------------
[Epoch : 475/500]
Total_loss	: 0.0835
Coral_loss	: 0.0000
MMD_loss	: 1.6963
cond_ent_wt	: 4.7849
Src_reg_loss	: 0.0187
-------------------------------------
[Epoch : 476/500]
Total_loss	: 0.0835
Coral_loss	: 0.0000
MMD_loss	: 1.6966
cond_ent_wt	: 4.7846
Src_reg_loss	: 0.0187
-------------------------------------
[Epoch : 477/500]
Total_loss	: 0.0835
Coral_loss	: 0.0000
MMD_loss	: 1.6969
cond_ent_wt	: 4.7844
Src_reg_loss	: 0.0186
-------------------------------------
[Epoch : 478/500]
Total_loss	: 0.0835
Coral_loss	: 0.0000
MMD_loss	: 1.6972
cond_ent_wt	: 4.7841
Src_reg_loss	: 0.0186
-------------------------------------
[Epoch : 479/500]
Total_loss	: 0.0834
Coral_loss	: 0.0000
MMD_loss	: 1.6975
cond_ent_wt	: 4.7838
Src_reg_loss	: 0.0186
-------------------------------------
[Epoch : 480/500]
Total_loss	: 0.0834
Coral_loss	: 0.0000
MMD_loss	: 1.6978
cond_ent_wt	: 4.7836
Src_reg_loss	: 0.0186
-------------------------------------
[Epoch : 481/500]
Total_loss	: 0.0834
Coral_loss	: 0.0000
MMD_loss	: 1.6980
cond_ent_wt	: 4.7833
Src_reg_loss	: 0.0186
-------------------------------------
[Epoch : 482/500]
Total_loss	: 0.0834
Coral_loss	: 0.0000
MMD_loss	: 1.6983
cond_ent_wt	: 4.7830
Src_reg_loss	: 0.0186
-------------------------------------
[Epoch : 483/500]
Total_loss	: 0.0834
Coral_loss	: 0.0000
MMD_loss	: 1.6986
cond_ent_wt	: 4.7828
Src_reg_loss	: 0.0185
-------------------------------------
[Epoch : 484/500]
Total_loss	: 0.0834
Coral_loss	: 0.0000
MMD_loss	: 1.6989
cond_ent_wt	: 4.7825
Src_reg_loss	: 0.0185
-------------------------------------
[Epoch : 485/500]
Total_loss	: 0.0833
Coral_loss	: 0.0000
MMD_loss	: 1.6991
cond_ent_wt	: 4.7822
Src_reg_loss	: 0.0185
-------------------------------------
[Epoch : 486/500]
Total_loss	: 0.0833
Coral_loss	: 0.0000
MMD_loss	: 1.6994
cond_ent_wt	: 4.7820
Src_reg_loss	: 0.0185
-------------------------------------
[Epoch : 487/500]
Total_loss	: 0.0833
Coral_loss	: 0.0000
MMD_loss	: 1.6996
cond_ent_wt	: 4.7817
Src_reg_loss	: 0.0185
-------------------------------------
[Epoch : 488/500]
Total_loss	: 0.0833
Coral_loss	: 0.0000
MMD_loss	: 1.6999
cond_ent_wt	: 4.7814
Src_reg_loss	: 0.0184
-------------------------------------
[Epoch : 489/500]
Total_loss	: 0.0833
Coral_loss	: 0.0000
MMD_loss	: 1.7001
cond_ent_wt	: 4.7812
Src_reg_loss	: 0.0184
-------------------------------------
[Epoch : 490/500]
Total_loss	: 0.0832
Coral_loss	: 0.0000
MMD_loss	: 1.7004
cond_ent_wt	: 4.7809
Src_reg_loss	: 0.0184
-------------------------------------
[Epoch : 491/500]
Total_loss	: 0.0832
Coral_loss	: 0.0000
MMD_loss	: 1.7006
cond_ent_wt	: 4.7806
Src_reg_loss	: 0.0184
-------------------------------------
[Epoch : 492/500]
Total_loss	: 0.0832
Coral_loss	: 0.0000
MMD_loss	: 1.7009
cond_ent_wt	: 4.7804
Src_reg_loss	: 0.0184
-------------------------------------
[Epoch : 493/500]
Total_loss	: 0.0832
Coral_loss	: 0.0000
MMD_loss	: 1.7011
cond_ent_wt	: 4.7801
Src_reg_loss	: 0.0184
-------------------------------------
[Epoch : 494/500]
Total_loss	: 0.0832
Coral_loss	: 0.0000
MMD_loss	: 1.7014
cond_ent_wt	: 4.7798
Src_reg_loss	: 0.0183
-------------------------------------
[Epoch : 495/500]
Total_loss	: 0.0832
Coral_loss	: 0.0000
MMD_loss	: 1.7016
cond_ent_wt	: 4.7796
Src_reg_loss	: 0.0183
-------------------------------------
[Epoch : 496/500]
Total_loss	: 0.0831
Coral_loss	: 0.0000
MMD_loss	: 1.7018
cond_ent_wt	: 4.7793
Src_reg_loss	: 0.0183
-------------------------------------
[Epoch : 497/500]
Total_loss	: 0.0831
Coral_loss	: 0.0000
MMD_loss	: 1.7021
cond_ent_wt	: 4.7790
Src_reg_loss	: 0.0183
-------------------------------------
[Epoch : 498/500]
Total_loss	: 0.0831
Coral_loss	: 0.0000
MMD_loss	: 1.7023
cond_ent_wt	: 4.7788
Src_reg_loss	: 0.0183
-------------------------------------
[Epoch : 499/500]
Total_loss	: 0.0831
Coral_loss	: 0.0000
MMD_loss	: 1.7025
cond_ent_wt	: 4.7785
Src_reg_loss	: 0.0183
-------------------------------------
[Epoch : 500/500]
Total_loss	: 0.0831
Coral_loss	: 0.0000
MMD_loss	: 1.7027
cond_ent_wt	: 4.7783
Src_reg_loss	: 0.0182
-------------------------------------
