=============================================
Dataset: Airbox
Method:  MMDA
=============================================
Source: 0 ---> Target: 3
=============================================
[Epoch : 1/500]
Total_loss	: 0.3286
Coral_loss	: 0.0000
MMD_loss	: 2.0137
cond_ent_wt	: 4.8494
Src_reg_loss	: 0.2599
-------------------------------------
[Epoch : 2/500]
Total_loss	: 0.3116
Coral_loss	: 0.0000
MMD_loss	: 2.0133
cond_ent_wt	: 4.8492
Src_reg_loss	: 0.2430
-------------------------------------
[Epoch : 3/500]
Total_loss	: 0.2951
Coral_loss	: 0.0000
MMD_loss	: 2.0130
cond_ent_wt	: 4.8489
Src_reg_loss	: 0.2265
-------------------------------------
[Epoch : 4/500]
Total_loss	: 0.2783
Coral_loss	: 0.0000
MMD_loss	: 2.0134
cond_ent_wt	: 4.8485
Src_reg_loss	: 0.2097
-------------------------------------
[Epoch : 5/500]
Total_loss	: 0.2611
Coral_loss	: 0.0000
MMD_loss	: 2.0146
cond_ent_wt	: 4.8479
Src_reg_loss	: 0.1924
-------------------------------------
[Epoch : 6/500]
Total_loss	: 0.2436
Coral_loss	: 0.0000
MMD_loss	: 2.0162
cond_ent_wt	: 4.8470
Src_reg_loss	: 0.1750
-------------------------------------
[Epoch : 7/500]
Total_loss	: 0.2269
Coral_loss	: 0.0000
MMD_loss	: 2.0176
cond_ent_wt	: 4.8457
Src_reg_loss	: 0.1582
-------------------------------------
[Epoch : 8/500]
Total_loss	: 0.2125
Coral_loss	: 0.0000
MMD_loss	: 2.0185
cond_ent_wt	: 4.8440
Src_reg_loss	: 0.1438
-------------------------------------
[Epoch : 9/500]
Total_loss	: 0.2013
Coral_loss	: 0.0000
MMD_loss	: 2.0196
cond_ent_wt	: 4.8422
Src_reg_loss	: 0.1327
-------------------------------------
[Epoch : 10/500]
Total_loss	: 0.1924
Coral_loss	: 0.0000
MMD_loss	: 2.0212
cond_ent_wt	: 4.8407
Src_reg_loss	: 0.1237
-------------------------------------
[Epoch : 11/500]
Total_loss	: 0.1848
Coral_loss	: 0.0000
MMD_loss	: 2.0228
cond_ent_wt	: 4.8397
Src_reg_loss	: 0.1162
-------------------------------------
[Epoch : 12/500]
Total_loss	: 0.1785
Coral_loss	: 0.0000
MMD_loss	: 2.0241
cond_ent_wt	: 4.8390
Src_reg_loss	: 0.1098
-------------------------------------
[Epoch : 13/500]
Total_loss	: 0.1731
Coral_loss	: 0.0000
MMD_loss	: 2.0249
cond_ent_wt	: 4.8385
Src_reg_loss	: 0.1045
-------------------------------------
[Epoch : 14/500]
Total_loss	: 0.1685
Coral_loss	: 0.0000
MMD_loss	: 2.0253
cond_ent_wt	: 4.8380
Src_reg_loss	: 0.0999
-------------------------------------
[Epoch : 15/500]
Total_loss	: 0.1645
Coral_loss	: 0.0000
MMD_loss	: 2.0256
cond_ent_wt	: 4.8376
Src_reg_loss	: 0.0959
-------------------------------------
[Epoch : 16/500]
Total_loss	: 0.1610
Coral_loss	: 0.0000
MMD_loss	: 2.0257
cond_ent_wt	: 4.8372
Src_reg_loss	: 0.0923
-------------------------------------
[Epoch : 17/500]
Total_loss	: 0.1578
Coral_loss	: 0.0000
MMD_loss	: 2.0258
cond_ent_wt	: 4.8368
Src_reg_loss	: 0.0892
-------------------------------------
[Epoch : 18/500]
Total_loss	: 0.1550
Coral_loss	: 0.0000
MMD_loss	: 2.0257
cond_ent_wt	: 4.8365
Src_reg_loss	: 0.0864
-------------------------------------
[Epoch : 19/500]
Total_loss	: 0.1525
Coral_loss	: 0.0000
MMD_loss	: 2.0255
cond_ent_wt	: 4.8362
Src_reg_loss	: 0.0839
-------------------------------------
[Epoch : 20/500]
Total_loss	: 0.1503
Coral_loss	: 0.0000
MMD_loss	: 2.0252
cond_ent_wt	: 4.8360
Src_reg_loss	: 0.0816
-------------------------------------
[Epoch : 21/500]
Total_loss	: 0.1482
Coral_loss	: 0.0000
MMD_loss	: 2.0248
cond_ent_wt	: 4.8358
Src_reg_loss	: 0.0796
-------------------------------------
[Epoch : 22/500]
Total_loss	: 0.1463
Coral_loss	: 0.0000
MMD_loss	: 2.0242
cond_ent_wt	: 4.8356
Src_reg_loss	: 0.0777
-------------------------------------
[Epoch : 23/500]
Total_loss	: 0.1446
Coral_loss	: 0.0000
MMD_loss	: 2.0234
cond_ent_wt	: 4.8354
Src_reg_loss	: 0.0760
-------------------------------------
[Epoch : 24/500]
Total_loss	: 0.1430
Coral_loss	: 0.0000
MMD_loss	: 2.0225
cond_ent_wt	: 4.8352
Src_reg_loss	: 0.0744
-------------------------------------
[Epoch : 25/500]
Total_loss	: 0.1415
Coral_loss	: 0.0000
MMD_loss	: 2.0213
cond_ent_wt	: 4.8351
Src_reg_loss	: 0.0729
-------------------------------------
[Epoch : 26/500]
Total_loss	: 0.1401
Coral_loss	: 0.0000
MMD_loss	: 2.0199
cond_ent_wt	: 4.8350
Src_reg_loss	: 0.0715
-------------------------------------
[Epoch : 27/500]
Total_loss	: 0.1388
Coral_loss	: 0.0000
MMD_loss	: 2.0181
cond_ent_wt	: 4.8348
Src_reg_loss	: 0.0703
-------------------------------------
[Epoch : 28/500]
Total_loss	: 0.1376
Coral_loss	: 0.0000
MMD_loss	: 2.0159
cond_ent_wt	: 4.8347
Src_reg_loss	: 0.0691
-------------------------------------
[Epoch : 29/500]
Total_loss	: 0.1365
Coral_loss	: 0.0000
MMD_loss	: 2.0134
cond_ent_wt	: 4.8346
Src_reg_loss	: 0.0680
-------------------------------------
[Epoch : 30/500]
Total_loss	: 0.1354
Coral_loss	: 0.0000
MMD_loss	: 2.0104
cond_ent_wt	: 4.8345
Src_reg_loss	: 0.0669
-------------------------------------
[Epoch : 31/500]
Total_loss	: 0.1344
Coral_loss	: 0.0000
MMD_loss	: 2.0070
cond_ent_wt	: 4.8345
Src_reg_loss	: 0.0659
-------------------------------------
[Epoch : 32/500]
Total_loss	: 0.1334
Coral_loss	: 0.0000
MMD_loss	: 2.0033
cond_ent_wt	: 4.8344
Src_reg_loss	: 0.0650
-------------------------------------
[Epoch : 33/500]
Total_loss	: 0.1325
Coral_loss	: 0.0000
MMD_loss	: 1.9993
cond_ent_wt	: 4.8343
Src_reg_loss	: 0.0641
-------------------------------------
[Epoch : 34/500]
Total_loss	: 0.1316
Coral_loss	: 0.0000
MMD_loss	: 1.9950
cond_ent_wt	: 4.8343
Src_reg_loss	: 0.0633
-------------------------------------
[Epoch : 35/500]
Total_loss	: 0.1307
Coral_loss	: 0.0000
MMD_loss	: 1.9906
cond_ent_wt	: 4.8342
Src_reg_loss	: 0.0625
-------------------------------------
[Epoch : 36/500]
Total_loss	: 0.1299
Coral_loss	: 0.0000
MMD_loss	: 1.9862
cond_ent_wt	: 4.8342
Src_reg_loss	: 0.0617
-------------------------------------
[Epoch : 37/500]
Total_loss	: 0.1292
Coral_loss	: 0.0000
MMD_loss	: 1.9817
cond_ent_wt	: 4.8341
Src_reg_loss	: 0.0610
-------------------------------------
[Epoch : 38/500]
Total_loss	: 0.1284
Coral_loss	: 0.0000
MMD_loss	: 1.9772
cond_ent_wt	: 4.8341
Src_reg_loss	: 0.0603
-------------------------------------
[Epoch : 39/500]
Total_loss	: 0.1277
Coral_loss	: 0.0000
MMD_loss	: 1.9728
cond_ent_wt	: 4.8341
Src_reg_loss	: 0.0597
-------------------------------------
[Epoch : 40/500]
Total_loss	: 0.1270
Coral_loss	: 0.0000
MMD_loss	: 1.9686
cond_ent_wt	: 4.8340
Src_reg_loss	: 0.0590
-------------------------------------
[Epoch : 41/500]
Total_loss	: 0.1264
Coral_loss	: 0.0000
MMD_loss	: 1.9644
cond_ent_wt	: 4.8340
Src_reg_loss	: 0.0584
-------------------------------------
[Epoch : 42/500]
Total_loss	: 0.1258
Coral_loss	: 0.0000
MMD_loss	: 1.9604
cond_ent_wt	: 4.8340
Src_reg_loss	: 0.0578
-------------------------------------
[Epoch : 43/500]
Total_loss	: 0.1252
Coral_loss	: 0.0000
MMD_loss	: 1.9565
cond_ent_wt	: 4.8340
Src_reg_loss	: 0.0572
-------------------------------------
[Epoch : 44/500]
Total_loss	: 0.1246
Coral_loss	: 0.0000
MMD_loss	: 1.9527
cond_ent_wt	: 4.8340
Src_reg_loss	: 0.0567
-------------------------------------
[Epoch : 45/500]
Total_loss	: 0.1240
Coral_loss	: 0.0000
MMD_loss	: 1.9490
cond_ent_wt	: 4.8340
Src_reg_loss	: 0.0562
-------------------------------------
[Epoch : 46/500]
Total_loss	: 0.1234
Coral_loss	: 0.0000
MMD_loss	: 1.9454
cond_ent_wt	: 4.8339
Src_reg_loss	: 0.0557
-------------------------------------
[Epoch : 47/500]
Total_loss	: 0.1229
Coral_loss	: 0.0000
MMD_loss	: 1.9419
cond_ent_wt	: 4.8339
Src_reg_loss	: 0.0552
-------------------------------------
[Epoch : 48/500]
Total_loss	: 0.1224
Coral_loss	: 0.0000
MMD_loss	: 1.9383
cond_ent_wt	: 4.8339
Src_reg_loss	: 0.0547
-------------------------------------
[Epoch : 49/500]
Total_loss	: 0.1219
Coral_loss	: 0.0000
MMD_loss	: 1.9348
cond_ent_wt	: 4.8339
Src_reg_loss	: 0.0542
-------------------------------------
[Epoch : 50/500]
Total_loss	: 0.1214
Coral_loss	: 0.0000
MMD_loss	: 1.9313
cond_ent_wt	: 4.8340
Src_reg_loss	: 0.0537
-------------------------------------
[Epoch : 51/500]
Total_loss	: 0.1209
Coral_loss	: 0.0000
MMD_loss	: 1.9277
cond_ent_wt	: 4.8340
Src_reg_loss	: 0.0533
-------------------------------------
[Epoch : 52/500]
Total_loss	: 0.1205
Coral_loss	: 0.0000
MMD_loss	: 1.9241
cond_ent_wt	: 4.8340
Src_reg_loss	: 0.0529
-------------------------------------
[Epoch : 53/500]
Total_loss	: 0.1200
Coral_loss	: 0.0000
MMD_loss	: 1.9204
cond_ent_wt	: 4.8340
Src_reg_loss	: 0.0525
-------------------------------------
[Epoch : 54/500]
Total_loss	: 0.1195
Coral_loss	: 0.0000
MMD_loss	: 1.9166
cond_ent_wt	: 4.8340
Src_reg_loss	: 0.0520
-------------------------------------
[Epoch : 55/500]
Total_loss	: 0.1191
Coral_loss	: 0.0000
MMD_loss	: 1.9126
cond_ent_wt	: 4.8340
Src_reg_loss	: 0.0516
-------------------------------------
[Epoch : 56/500]
Total_loss	: 0.1187
Coral_loss	: 0.0000
MMD_loss	: 1.9086
cond_ent_wt	: 4.8340
Src_reg_loss	: 0.0513
-------------------------------------
[Epoch : 57/500]
Total_loss	: 0.1183
Coral_loss	: 0.0000
MMD_loss	: 1.9044
cond_ent_wt	: 4.8340
Src_reg_loss	: 0.0509
-------------------------------------
[Epoch : 58/500]
Total_loss	: 0.1179
Coral_loss	: 0.0000
MMD_loss	: 1.9001
cond_ent_wt	: 4.8340
Src_reg_loss	: 0.0505
-------------------------------------
[Epoch : 59/500]
Total_loss	: 0.1174
Coral_loss	: 0.0000
MMD_loss	: 1.8956
cond_ent_wt	: 4.8341
Src_reg_loss	: 0.0502
-------------------------------------
[Epoch : 60/500]
Total_loss	: 0.1170
Coral_loss	: 0.0000
MMD_loss	: 1.8909
cond_ent_wt	: 4.8341
Src_reg_loss	: 0.0498
-------------------------------------
[Epoch : 61/500]
Total_loss	: 0.1167
Coral_loss	: 0.0000
MMD_loss	: 1.8862
cond_ent_wt	: 4.8341
Src_reg_loss	: 0.0495
-------------------------------------
[Epoch : 62/500]
Total_loss	: 0.1163
Coral_loss	: 0.0000
MMD_loss	: 1.8812
cond_ent_wt	: 4.8341
Src_reg_loss	: 0.0491
-------------------------------------
[Epoch : 63/500]
Total_loss	: 0.1159
Coral_loss	: 0.0000
MMD_loss	: 1.8761
cond_ent_wt	: 4.8341
Src_reg_loss	: 0.0488
-------------------------------------
[Epoch : 64/500]
Total_loss	: 0.1155
Coral_loss	: 0.0000
MMD_loss	: 1.8709
cond_ent_wt	: 4.8341
Src_reg_loss	: 0.0485
-------------------------------------
[Epoch : 65/500]
Total_loss	: 0.1152
Coral_loss	: 0.0000
MMD_loss	: 1.8655
cond_ent_wt	: 4.8341
Src_reg_loss	: 0.0482
-------------------------------------
[Epoch : 66/500]
Total_loss	: 0.1148
Coral_loss	: 0.0000
MMD_loss	: 1.8601
cond_ent_wt	: 4.8341
Src_reg_loss	: 0.0479
-------------------------------------
[Epoch : 67/500]
Total_loss	: 0.1144
Coral_loss	: 0.0000
MMD_loss	: 1.8545
cond_ent_wt	: 4.8341
Src_reg_loss	: 0.0476
-------------------------------------
[Epoch : 68/500]
Total_loss	: 0.1141
Coral_loss	: 0.0000
MMD_loss	: 1.8488
cond_ent_wt	: 4.8341
Src_reg_loss	: 0.0473
-------------------------------------
[Epoch : 69/500]
Total_loss	: 0.1138
Coral_loss	: 0.0000
MMD_loss	: 1.8431
cond_ent_wt	: 4.8342
Src_reg_loss	: 0.0470
-------------------------------------
[Epoch : 70/500]
Total_loss	: 0.1134
Coral_loss	: 0.0000
MMD_loss	: 1.8374
cond_ent_wt	: 4.8342
Src_reg_loss	: 0.0467
-------------------------------------
[Epoch : 71/500]
Total_loss	: 0.1131
Coral_loss	: 0.0000
MMD_loss	: 1.8316
cond_ent_wt	: 4.8342
Src_reg_loss	: 0.0464
-------------------------------------
[Epoch : 72/500]
Total_loss	: 0.1128
Coral_loss	: 0.0000
MMD_loss	: 1.8258
cond_ent_wt	: 4.8342
Src_reg_loss	: 0.0462
-------------------------------------
[Epoch : 73/500]
Total_loss	: 0.1124
Coral_loss	: 0.0000
MMD_loss	: 1.8200
cond_ent_wt	: 4.8342
Src_reg_loss	: 0.0459
-------------------------------------
[Epoch : 74/500]
Total_loss	: 0.1121
Coral_loss	: 0.0000
MMD_loss	: 1.8142
cond_ent_wt	: 4.8342
Src_reg_loss	: 0.0456
-------------------------------------
[Epoch : 75/500]
Total_loss	: 0.1118
Coral_loss	: 0.0000
MMD_loss	: 1.8085
cond_ent_wt	: 4.8342
Src_reg_loss	: 0.0454
-------------------------------------
[Epoch : 76/500]
Total_loss	: 0.1115
Coral_loss	: 0.0000
MMD_loss	: 1.8027
cond_ent_wt	: 4.8342
Src_reg_loss	: 0.0451
-------------------------------------
[Epoch : 77/500]
Total_loss	: 0.1112
Coral_loss	: 0.0000
MMD_loss	: 1.7970
cond_ent_wt	: 4.8342
Src_reg_loss	: 0.0449
-------------------------------------
[Epoch : 78/500]
Total_loss	: 0.1109
Coral_loss	: 0.0000
MMD_loss	: 1.7913
cond_ent_wt	: 4.8341
Src_reg_loss	: 0.0446
-------------------------------------
[Epoch : 79/500]
Total_loss	: 0.1106
Coral_loss	: 0.0000
MMD_loss	: 1.7856
cond_ent_wt	: 4.8341
Src_reg_loss	: 0.0444
-------------------------------------
[Epoch : 80/500]
Total_loss	: 0.1103
Coral_loss	: 0.0000
MMD_loss	: 1.7799
cond_ent_wt	: 4.8341
Src_reg_loss	: 0.0441
-------------------------------------
[Epoch : 81/500]
Total_loss	: 0.1100
Coral_loss	: 0.0000
MMD_loss	: 1.7743
cond_ent_wt	: 4.8341
Src_reg_loss	: 0.0439
-------------------------------------
[Epoch : 82/500]
Total_loss	: 0.1097
Coral_loss	: 0.0000
MMD_loss	: 1.7687
cond_ent_wt	: 4.8341
Src_reg_loss	: 0.0437
-------------------------------------
[Epoch : 83/500]
Total_loss	: 0.1094
Coral_loss	: 0.0000
MMD_loss	: 1.7631
cond_ent_wt	: 4.8341
Src_reg_loss	: 0.0435
-------------------------------------
[Epoch : 84/500]
Total_loss	: 0.1092
Coral_loss	: 0.0000
MMD_loss	: 1.7576
cond_ent_wt	: 4.8341
Src_reg_loss	: 0.0432
-------------------------------------
[Epoch : 85/500]
Total_loss	: 0.1089
Coral_loss	: 0.0000
MMD_loss	: 1.7521
cond_ent_wt	: 4.8341
Src_reg_loss	: 0.0430
-------------------------------------
[Epoch : 86/500]
Total_loss	: 0.1086
Coral_loss	: 0.0000
MMD_loss	: 1.7466
cond_ent_wt	: 4.8341
Src_reg_loss	: 0.0428
-------------------------------------
[Epoch : 87/500]
Total_loss	: 0.1083
Coral_loss	: 0.0000
MMD_loss	: 1.7412
cond_ent_wt	: 4.8341
Src_reg_loss	: 0.0426
-------------------------------------
[Epoch : 88/500]
Total_loss	: 0.1081
Coral_loss	: 0.0000
MMD_loss	: 1.7357
cond_ent_wt	: 4.8340
Src_reg_loss	: 0.0424
-------------------------------------
[Epoch : 89/500]
Total_loss	: 0.1078
Coral_loss	: 0.0000
MMD_loss	: 1.7303
cond_ent_wt	: 4.8340
Src_reg_loss	: 0.0422
-------------------------------------
[Epoch : 90/500]
Total_loss	: 0.1075
Coral_loss	: 0.0000
MMD_loss	: 1.7250
cond_ent_wt	: 4.8340
Src_reg_loss	: 0.0420
-------------------------------------
[Epoch : 91/500]
Total_loss	: 0.1073
Coral_loss	: 0.0000
MMD_loss	: 1.7197
cond_ent_wt	: 4.8340
Src_reg_loss	: 0.0418
-------------------------------------
[Epoch : 92/500]
Total_loss	: 0.1070
Coral_loss	: 0.0000
MMD_loss	: 1.7144
cond_ent_wt	: 4.8340
Src_reg_loss	: 0.0415
-------------------------------------
[Epoch : 93/500]
Total_loss	: 0.1068
Coral_loss	: 0.0000
MMD_loss	: 1.7092
cond_ent_wt	: 4.8340
Src_reg_loss	: 0.0414
-------------------------------------
[Epoch : 94/500]
Total_loss	: 0.1065
Coral_loss	: 0.0000
MMD_loss	: 1.7040
cond_ent_wt	: 4.8339
Src_reg_loss	: 0.0412
-------------------------------------
[Epoch : 95/500]
Total_loss	: 0.1063
Coral_loss	: 0.0000
MMD_loss	: 1.6989
cond_ent_wt	: 4.8339
Src_reg_loss	: 0.0410
-------------------------------------
[Epoch : 96/500]
Total_loss	: 0.1060
Coral_loss	: 0.0000
MMD_loss	: 1.6938
cond_ent_wt	: 4.8339
Src_reg_loss	: 0.0408
-------------------------------------
[Epoch : 97/500]
Total_loss	: 0.1058
Coral_loss	: 0.0000
MMD_loss	: 1.6888
cond_ent_wt	: 4.8339
Src_reg_loss	: 0.0406
-------------------------------------
[Epoch : 98/500]
Total_loss	: 0.1056
Coral_loss	: 0.0000
MMD_loss	: 1.6839
cond_ent_wt	: 4.8338
Src_reg_loss	: 0.0404
-------------------------------------
[Epoch : 99/500]
Total_loss	: 0.1053
Coral_loss	: 0.0000
MMD_loss	: 1.6790
cond_ent_wt	: 4.8338
Src_reg_loss	: 0.0402
-------------------------------------
[Epoch : 100/500]
Total_loss	: 0.1051
Coral_loss	: 0.0000
MMD_loss	: 1.6742
cond_ent_wt	: 4.8338
Src_reg_loss	: 0.0400
-------------------------------------
[Epoch : 101/500]
Total_loss	: 0.1049
Coral_loss	: 0.0000
MMD_loss	: 1.6695
cond_ent_wt	: 4.8338
Src_reg_loss	: 0.0399
-------------------------------------
[Epoch : 102/500]
Total_loss	: 0.1047
Coral_loss	: 0.0000
MMD_loss	: 1.6649
cond_ent_wt	: 4.8338
Src_reg_loss	: 0.0397
-------------------------------------
[Epoch : 103/500]
Total_loss	: 0.1044
Coral_loss	: 0.0000
MMD_loss	: 1.6604
cond_ent_wt	: 4.8337
Src_reg_loss	: 0.0395
-------------------------------------
[Epoch : 104/500]
Total_loss	: 0.1042
Coral_loss	: 0.0000
MMD_loss	: 1.6559
cond_ent_wt	: 4.8337
Src_reg_loss	: 0.0393
-------------------------------------
[Epoch : 105/500]
Total_loss	: 0.1040
Coral_loss	: 0.0000
MMD_loss	: 1.6516
cond_ent_wt	: 4.8337
Src_reg_loss	: 0.0392
-------------------------------------
[Epoch : 106/500]
Total_loss	: 0.1038
Coral_loss	: 0.0000
MMD_loss	: 1.6473
cond_ent_wt	: 4.8336
Src_reg_loss	: 0.0390
-------------------------------------
[Epoch : 107/500]
Total_loss	: 0.1036
Coral_loss	: 0.0000
MMD_loss	: 1.6432
cond_ent_wt	: 4.8336
Src_reg_loss	: 0.0388
-------------------------------------
[Epoch : 108/500]
Total_loss	: 0.1034
Coral_loss	: 0.0000
MMD_loss	: 1.6391
cond_ent_wt	: 4.8336
Src_reg_loss	: 0.0387
-------------------------------------
[Epoch : 109/500]
Total_loss	: 0.1032
Coral_loss	: 0.0000
MMD_loss	: 1.6351
cond_ent_wt	: 4.8336
Src_reg_loss	: 0.0385
-------------------------------------
[Epoch : 110/500]
Total_loss	: 0.1030
Coral_loss	: 0.0000
MMD_loss	: 1.6312
cond_ent_wt	: 4.8335
Src_reg_loss	: 0.0383
-------------------------------------
[Epoch : 111/500]
Total_loss	: 0.1028
Coral_loss	: 0.0000
MMD_loss	: 1.6275
cond_ent_wt	: 4.8335
Src_reg_loss	: 0.0382
-------------------------------------
[Epoch : 112/500]
Total_loss	: 0.1026
Coral_loss	: 0.0000
MMD_loss	: 1.6238
cond_ent_wt	: 4.8335
Src_reg_loss	: 0.0380
-------------------------------------
[Epoch : 113/500]
Total_loss	: 0.1024
Coral_loss	: 0.0000
MMD_loss	: 1.6202
cond_ent_wt	: 4.8335
Src_reg_loss	: 0.0379
-------------------------------------
[Epoch : 114/500]
Total_loss	: 0.1022
Coral_loss	: 0.0000
MMD_loss	: 1.6167
cond_ent_wt	: 4.8334
Src_reg_loss	: 0.0377
-------------------------------------
[Epoch : 115/500]
Total_loss	: 0.1020
Coral_loss	: 0.0000
MMD_loss	: 1.6133
cond_ent_wt	: 4.8334
Src_reg_loss	: 0.0376
-------------------------------------
[Epoch : 116/500]
Total_loss	: 0.1018
Coral_loss	: 0.0000
MMD_loss	: 1.6099
cond_ent_wt	: 4.8334
Src_reg_loss	: 0.0374
-------------------------------------
[Epoch : 117/500]
Total_loss	: 0.1017
Coral_loss	: 0.0000
MMD_loss	: 1.6067
cond_ent_wt	: 4.8334
Src_reg_loss	: 0.0373
-------------------------------------
[Epoch : 118/500]
Total_loss	: 0.1015
Coral_loss	: 0.0000
MMD_loss	: 1.6036
cond_ent_wt	: 4.8333
Src_reg_loss	: 0.0371
-------------------------------------
[Epoch : 119/500]
Total_loss	: 0.1013
Coral_loss	: 0.0000
MMD_loss	: 1.6005
cond_ent_wt	: 4.8333
Src_reg_loss	: 0.0370
-------------------------------------
[Epoch : 120/500]
Total_loss	: 0.1011
Coral_loss	: 0.0000
MMD_loss	: 1.5975
cond_ent_wt	: 4.8333
Src_reg_loss	: 0.0368
-------------------------------------
[Epoch : 121/500]
Total_loss	: 0.1010
Coral_loss	: 0.0000
MMD_loss	: 1.5946
cond_ent_wt	: 4.8332
Src_reg_loss	: 0.0367
-------------------------------------
[Epoch : 122/500]
Total_loss	: 0.1008
Coral_loss	: 0.0000
MMD_loss	: 1.5918
cond_ent_wt	: 4.8332
Src_reg_loss	: 0.0366
-------------------------------------
[Epoch : 123/500]
Total_loss	: 0.1006
Coral_loss	: 0.0000
MMD_loss	: 1.5891
cond_ent_wt	: 4.8332
Src_reg_loss	: 0.0364
-------------------------------------
[Epoch : 124/500]
Total_loss	: 0.1005
Coral_loss	: 0.0000
MMD_loss	: 1.5864
cond_ent_wt	: 4.8332
Src_reg_loss	: 0.0363
-------------------------------------
[Epoch : 125/500]
Total_loss	: 0.1003
Coral_loss	: 0.0000
MMD_loss	: 1.5838
cond_ent_wt	: 4.8331
Src_reg_loss	: 0.0362
-------------------------------------
[Epoch : 126/500]
Total_loss	: 0.1002
Coral_loss	: 0.0000
MMD_loss	: 1.5814
cond_ent_wt	: 4.8331
Src_reg_loss	: 0.0360
-------------------------------------
[Epoch : 127/500]
Total_loss	: 0.1000
Coral_loss	: 0.0000
MMD_loss	: 1.5789
cond_ent_wt	: 4.8331
Src_reg_loss	: 0.0359
-------------------------------------
[Epoch : 128/500]
Total_loss	: 0.0999
Coral_loss	: 0.0000
MMD_loss	: 1.5766
cond_ent_wt	: 4.8330
Src_reg_loss	: 0.0358
-------------------------------------
[Epoch : 129/500]
Total_loss	: 0.0997
Coral_loss	: 0.0000
MMD_loss	: 1.5743
cond_ent_wt	: 4.8330
Src_reg_loss	: 0.0356
-------------------------------------
[Epoch : 130/500]
Total_loss	: 0.0996
Coral_loss	: 0.0000
MMD_loss	: 1.5721
cond_ent_wt	: 4.8330
Src_reg_loss	: 0.0355
-------------------------------------
[Epoch : 131/500]
Total_loss	: 0.0994
Coral_loss	: 0.0000
MMD_loss	: 1.5700
cond_ent_wt	: 4.8330
Src_reg_loss	: 0.0354
-------------------------------------
[Epoch : 132/500]
Total_loss	: 0.0993
Coral_loss	: 0.0000
MMD_loss	: 1.5680
cond_ent_wt	: 4.8329
Src_reg_loss	: 0.0353
-------------------------------------
[Epoch : 133/500]
Total_loss	: 0.0991
Coral_loss	: 0.0000
MMD_loss	: 1.5660
cond_ent_wt	: 4.8329
Src_reg_loss	: 0.0351
-------------------------------------
[Epoch : 134/500]
Total_loss	: 0.0990
Coral_loss	: 0.0000
MMD_loss	: 1.5641
cond_ent_wt	: 4.8329
Src_reg_loss	: 0.0350
-------------------------------------
[Epoch : 135/500]
Total_loss	: 0.0988
Coral_loss	: 0.0000
MMD_loss	: 1.5623
cond_ent_wt	: 4.8329
Src_reg_loss	: 0.0349
-------------------------------------
[Epoch : 136/500]
Total_loss	: 0.0987
Coral_loss	: 0.0000
MMD_loss	: 1.5605
cond_ent_wt	: 4.8328
Src_reg_loss	: 0.0348
-------------------------------------
[Epoch : 137/500]
Total_loss	: 0.0986
Coral_loss	: 0.0000
MMD_loss	: 1.5588
cond_ent_wt	: 4.8328
Src_reg_loss	: 0.0347
-------------------------------------
[Epoch : 138/500]
Total_loss	: 0.0984
Coral_loss	: 0.0000
MMD_loss	: 1.5571
cond_ent_wt	: 4.8328
Src_reg_loss	: 0.0345
-------------------------------------
[Epoch : 139/500]
Total_loss	: 0.0983
Coral_loss	: 0.0000
MMD_loss	: 1.5556
cond_ent_wt	: 4.8327
Src_reg_loss	: 0.0344
-------------------------------------
[Epoch : 140/500]
Total_loss	: 0.0982
Coral_loss	: 0.0000
MMD_loss	: 1.5541
cond_ent_wt	: 4.8327
Src_reg_loss	: 0.0343
-------------------------------------
[Epoch : 141/500]
Total_loss	: 0.0981
Coral_loss	: 0.0000
MMD_loss	: 1.5526
cond_ent_wt	: 4.8327
Src_reg_loss	: 0.0342
-------------------------------------
[Epoch : 142/500]
Total_loss	: 0.0979
Coral_loss	: 0.0000
MMD_loss	: 1.5512
cond_ent_wt	: 4.8327
Src_reg_loss	: 0.0341
-------------------------------------
[Epoch : 143/500]
Total_loss	: 0.0978
Coral_loss	: 0.0000
MMD_loss	: 1.5499
cond_ent_wt	: 4.8326
Src_reg_loss	: 0.0340
-------------------------------------
[Epoch : 144/500]
Total_loss	: 0.0977
Coral_loss	: 0.0000
MMD_loss	: 1.5486
cond_ent_wt	: 4.8326
Src_reg_loss	: 0.0339
-------------------------------------
[Epoch : 145/500]
Total_loss	: 0.0976
Coral_loss	: 0.0000
MMD_loss	: 1.5474
cond_ent_wt	: 4.8326
Src_reg_loss	: 0.0338
-------------------------------------
[Epoch : 146/500]
Total_loss	: 0.0974
Coral_loss	: 0.0000
MMD_loss	: 1.5463
cond_ent_wt	: 4.8325
Src_reg_loss	: 0.0336
-------------------------------------
[Epoch : 147/500]
Total_loss	: 0.0973
Coral_loss	: 0.0000
MMD_loss	: 1.5452
cond_ent_wt	: 4.8325
Src_reg_loss	: 0.0335
-------------------------------------
[Epoch : 148/500]
Total_loss	: 0.0972
Coral_loss	: 0.0000
MMD_loss	: 1.5442
cond_ent_wt	: 4.8325
Src_reg_loss	: 0.0334
-------------------------------------
[Epoch : 149/500]
Total_loss	: 0.0971
Coral_loss	: 0.0000
MMD_loss	: 1.5432
cond_ent_wt	: 4.8325
Src_reg_loss	: 0.0333
-------------------------------------
[Epoch : 150/500]
Total_loss	: 0.0970
Coral_loss	: 0.0000
MMD_loss	: 1.5423
cond_ent_wt	: 4.8324
Src_reg_loss	: 0.0332
-------------------------------------
[Epoch : 151/500]
Total_loss	: 0.0969
Coral_loss	: 0.0000
MMD_loss	: 1.5415
cond_ent_wt	: 4.8324
Src_reg_loss	: 0.0331
-------------------------------------
[Epoch : 152/500]
Total_loss	: 0.0967
Coral_loss	: 0.0000
MMD_loss	: 1.5407
cond_ent_wt	: 4.8324
Src_reg_loss	: 0.0330
-------------------------------------
[Epoch : 153/500]
Total_loss	: 0.0966
Coral_loss	: 0.0000
MMD_loss	: 1.5400
cond_ent_wt	: 4.8323
Src_reg_loss	: 0.0329
-------------------------------------
[Epoch : 154/500]
Total_loss	: 0.0965
Coral_loss	: 0.0000
MMD_loss	: 1.5393
cond_ent_wt	: 4.8323
Src_reg_loss	: 0.0328
-------------------------------------
[Epoch : 155/500]
Total_loss	: 0.0964
Coral_loss	: 0.0000
MMD_loss	: 1.5386
cond_ent_wt	: 4.8323
Src_reg_loss	: 0.0327
-------------------------------------
[Epoch : 156/500]
Total_loss	: 0.0963
Coral_loss	: 0.0000
MMD_loss	: 1.5381
cond_ent_wt	: 4.8322
Src_reg_loss	: 0.0326
-------------------------------------
[Epoch : 157/500]
Total_loss	: 0.0962
Coral_loss	: 0.0000
MMD_loss	: 1.5375
cond_ent_wt	: 4.8322
Src_reg_loss	: 0.0325
-------------------------------------
[Epoch : 158/500]
Total_loss	: 0.0961
Coral_loss	: 0.0000
MMD_loss	: 1.5370
cond_ent_wt	: 4.8322
Src_reg_loss	: 0.0324
-------------------------------------
[Epoch : 159/500]
Total_loss	: 0.0960
Coral_loss	: 0.0000
MMD_loss	: 1.5366
cond_ent_wt	: 4.8322
Src_reg_loss	: 0.0323
-------------------------------------
[Epoch : 160/500]
Total_loss	: 0.0959
Coral_loss	: 0.0000
MMD_loss	: 1.5362
cond_ent_wt	: 4.8321
Src_reg_loss	: 0.0322
-------------------------------------
[Epoch : 161/500]
Total_loss	: 0.0958
Coral_loss	: 0.0000
MMD_loss	: 1.5359
cond_ent_wt	: 4.8321
Src_reg_loss	: 0.0321
-------------------------------------
[Epoch : 162/500]
Total_loss	: 0.0957
Coral_loss	: 0.0000
MMD_loss	: 1.5356
cond_ent_wt	: 4.8321
Src_reg_loss	: 0.0320
-------------------------------------
[Epoch : 163/500]
Total_loss	: 0.0956
Coral_loss	: 0.0000
MMD_loss	: 1.5353
cond_ent_wt	: 4.8320
Src_reg_loss	: 0.0319
-------------------------------------
[Epoch : 164/500]
Total_loss	: 0.0955
Coral_loss	: 0.0000
MMD_loss	: 1.5351
cond_ent_wt	: 4.8320
Src_reg_loss	: 0.0318
-------------------------------------
[Epoch : 165/500]
Total_loss	: 0.0954
Coral_loss	: 0.0000
MMD_loss	: 1.5350
cond_ent_wt	: 4.8320
Src_reg_loss	: 0.0318
-------------------------------------
[Epoch : 166/500]
Total_loss	: 0.0953
Coral_loss	: 0.0000
MMD_loss	: 1.5348
cond_ent_wt	: 4.8319
Src_reg_loss	: 0.0317
-------------------------------------
[Epoch : 167/500]
Total_loss	: 0.0952
Coral_loss	: 0.0000
MMD_loss	: 1.5348
cond_ent_wt	: 4.8319
Src_reg_loss	: 0.0316
-------------------------------------
[Epoch : 168/500]
Total_loss	: 0.0951
Coral_loss	: 0.0000
MMD_loss	: 1.5348
cond_ent_wt	: 4.8319
Src_reg_loss	: 0.0315
-------------------------------------
[Epoch : 169/500]
Total_loss	: 0.0951
Coral_loss	: 0.0000
MMD_loss	: 1.5348
cond_ent_wt	: 4.8318
Src_reg_loss	: 0.0314
-------------------------------------
[Epoch : 170/500]
Total_loss	: 0.0950
Coral_loss	: 0.0000
MMD_loss	: 1.5349
cond_ent_wt	: 4.8318
Src_reg_loss	: 0.0313
-------------------------------------
[Epoch : 171/500]
Total_loss	: 0.0949
Coral_loss	: 0.0000
MMD_loss	: 1.5350
cond_ent_wt	: 4.8318
Src_reg_loss	: 0.0312
-------------------------------------
[Epoch : 172/500]
Total_loss	: 0.0948
Coral_loss	: 0.0000
MMD_loss	: 1.5352
cond_ent_wt	: 4.8317
Src_reg_loss	: 0.0311
-------------------------------------
[Epoch : 173/500]
Total_loss	: 0.0947
Coral_loss	: 0.0000
MMD_loss	: 1.5354
cond_ent_wt	: 4.8317
Src_reg_loss	: 0.0310
-------------------------------------
[Epoch : 174/500]
Total_loss	: 0.0946
Coral_loss	: 0.0000
MMD_loss	: 1.5356
cond_ent_wt	: 4.8317
Src_reg_loss	: 0.0309
-------------------------------------
[Epoch : 175/500]
Total_loss	: 0.0945
Coral_loss	: 0.0000
MMD_loss	: 1.5359
cond_ent_wt	: 4.8316
Src_reg_loss	: 0.0309
-------------------------------------
[Epoch : 176/500]
Total_loss	: 0.0945
Coral_loss	: 0.0000
MMD_loss	: 1.5362
cond_ent_wt	: 4.8316
Src_reg_loss	: 0.0308
-------------------------------------
[Epoch : 177/500]
Total_loss	: 0.0944
Coral_loss	: 0.0000
MMD_loss	: 1.5365
cond_ent_wt	: 4.8315
Src_reg_loss	: 0.0307
-------------------------------------
[Epoch : 178/500]
Total_loss	: 0.0943
Coral_loss	: 0.0000
MMD_loss	: 1.5369
cond_ent_wt	: 4.8315
Src_reg_loss	: 0.0306
-------------------------------------
[Epoch : 179/500]
Total_loss	: 0.0942
Coral_loss	: 0.0000
MMD_loss	: 1.5372
cond_ent_wt	: 4.8315
Src_reg_loss	: 0.0305
-------------------------------------
[Epoch : 180/500]
Total_loss	: 0.0941
Coral_loss	: 0.0000
MMD_loss	: 1.5376
cond_ent_wt	: 4.8314
Src_reg_loss	: 0.0304
-------------------------------------
[Epoch : 181/500]
Total_loss	: 0.0940
Coral_loss	: 0.0000
MMD_loss	: 1.5381
cond_ent_wt	: 4.8314
Src_reg_loss	: 0.0304
-------------------------------------
[Epoch : 182/500]
Total_loss	: 0.0940
Coral_loss	: 0.0000
MMD_loss	: 1.5385
cond_ent_wt	: 4.8313
Src_reg_loss	: 0.0303
-------------------------------------
[Epoch : 183/500]
Total_loss	: 0.0939
Coral_loss	: 0.0000
MMD_loss	: 1.5390
cond_ent_wt	: 4.8313
Src_reg_loss	: 0.0302
-------------------------------------
[Epoch : 184/500]
Total_loss	: 0.0938
Coral_loss	: 0.0000
MMD_loss	: 1.5395
cond_ent_wt	: 4.8313
Src_reg_loss	: 0.0301
-------------------------------------
[Epoch : 185/500]
Total_loss	: 0.0937
Coral_loss	: 0.0000
MMD_loss	: 1.5400
cond_ent_wt	: 4.8312
Src_reg_loss	: 0.0300
-------------------------------------
[Epoch : 186/500]
Total_loss	: 0.0937
Coral_loss	: 0.0000
MMD_loss	: 1.5405
cond_ent_wt	: 4.8312
Src_reg_loss	: 0.0299
-------------------------------------
[Epoch : 187/500]
Total_loss	: 0.0936
Coral_loss	: 0.0000
MMD_loss	: 1.5410
cond_ent_wt	: 4.8311
Src_reg_loss	: 0.0299
-------------------------------------
[Epoch : 188/500]
Total_loss	: 0.0935
Coral_loss	: 0.0000
MMD_loss	: 1.5416
cond_ent_wt	: 4.8311
Src_reg_loss	: 0.0298
-------------------------------------
[Epoch : 189/500]
Total_loss	: 0.0934
Coral_loss	: 0.0000
MMD_loss	: 1.5422
cond_ent_wt	: 4.8310
Src_reg_loss	: 0.0297
-------------------------------------
[Epoch : 190/500]
Total_loss	: 0.0934
Coral_loss	: 0.0000
MMD_loss	: 1.5428
cond_ent_wt	: 4.8310
Src_reg_loss	: 0.0296
-------------------------------------
[Epoch : 191/500]
Total_loss	: 0.0933
Coral_loss	: 0.0000
MMD_loss	: 1.5433
cond_ent_wt	: 4.8310
Src_reg_loss	: 0.0296
-------------------------------------
[Epoch : 192/500]
Total_loss	: 0.0932
Coral_loss	: 0.0000
MMD_loss	: 1.5440
cond_ent_wt	: 4.8309
Src_reg_loss	: 0.0295
-------------------------------------
[Epoch : 193/500]
Total_loss	: 0.0932
Coral_loss	: 0.0000
MMD_loss	: 1.5446
cond_ent_wt	: 4.8309
Src_reg_loss	: 0.0294
-------------------------------------
[Epoch : 194/500]
Total_loss	: 0.0931
Coral_loss	: 0.0000
MMD_loss	: 1.5452
cond_ent_wt	: 4.8308
Src_reg_loss	: 0.0293
-------------------------------------
[Epoch : 195/500]
Total_loss	: 0.0930
Coral_loss	: 0.0000
MMD_loss	: 1.5458
cond_ent_wt	: 4.8308
Src_reg_loss	: 0.0292
-------------------------------------
[Epoch : 196/500]
Total_loss	: 0.0929
Coral_loss	: 0.0000
MMD_loss	: 1.5465
cond_ent_wt	: 4.8307
Src_reg_loss	: 0.0292
-------------------------------------
[Epoch : 197/500]
Total_loss	: 0.0929
Coral_loss	: 0.0000
MMD_loss	: 1.5471
cond_ent_wt	: 4.8307
Src_reg_loss	: 0.0291
-------------------------------------
[Epoch : 198/500]
Total_loss	: 0.0928
Coral_loss	: 0.0000
MMD_loss	: 1.5478
cond_ent_wt	: 4.8306
Src_reg_loss	: 0.0290
-------------------------------------
[Epoch : 199/500]
Total_loss	: 0.0927
Coral_loss	: 0.0000
MMD_loss	: 1.5484
cond_ent_wt	: 4.8306
Src_reg_loss	: 0.0289
-------------------------------------
[Epoch : 200/500]
Total_loss	: 0.0927
Coral_loss	: 0.0000
MMD_loss	: 1.5491
cond_ent_wt	: 4.8305
Src_reg_loss	: 0.0289
-------------------------------------
[Epoch : 201/500]
Total_loss	: 0.0926
Coral_loss	: 0.0000
MMD_loss	: 1.5497
cond_ent_wt	: 4.8305
Src_reg_loss	: 0.0288
-------------------------------------
[Epoch : 202/500]
Total_loss	: 0.0925
Coral_loss	: 0.0000
MMD_loss	: 1.5504
cond_ent_wt	: 4.8304
Src_reg_loss	: 0.0287
-------------------------------------
[Epoch : 203/500]
Total_loss	: 0.0925
Coral_loss	: 0.0000
MMD_loss	: 1.5511
cond_ent_wt	: 4.8304
Src_reg_loss	: 0.0287
-------------------------------------
[Epoch : 204/500]
Total_loss	: 0.0924
Coral_loss	: 0.0000
MMD_loss	: 1.5517
cond_ent_wt	: 4.8303
Src_reg_loss	: 0.0286
-------------------------------------
[Epoch : 205/500]
Total_loss	: 0.0923
Coral_loss	: 0.0000
MMD_loss	: 1.5524
cond_ent_wt	: 4.8303
Src_reg_loss	: 0.0285
-------------------------------------
[Epoch : 206/500]
Total_loss	: 0.0923
Coral_loss	: 0.0000
MMD_loss	: 1.5531
cond_ent_wt	: 4.8302
Src_reg_loss	: 0.0284
-------------------------------------
[Epoch : 207/500]
Total_loss	: 0.0922
Coral_loss	: 0.0000
MMD_loss	: 1.5537
cond_ent_wt	: 4.8302
Src_reg_loss	: 0.0284
-------------------------------------
[Epoch : 208/500]
Total_loss	: 0.0921
Coral_loss	: 0.0000
MMD_loss	: 1.5544
cond_ent_wt	: 4.8301
Src_reg_loss	: 0.0283
-------------------------------------
[Epoch : 209/500]
Total_loss	: 0.0921
Coral_loss	: 0.0000
MMD_loss	: 1.5550
cond_ent_wt	: 4.8301
Src_reg_loss	: 0.0282
-------------------------------------
[Epoch : 210/500]
Total_loss	: 0.0920
Coral_loss	: 0.0000
MMD_loss	: 1.5557
cond_ent_wt	: 4.8300
Src_reg_loss	: 0.0282
-------------------------------------
[Epoch : 211/500]
Total_loss	: 0.0920
Coral_loss	: 0.0000
MMD_loss	: 1.5564
cond_ent_wt	: 4.8300
Src_reg_loss	: 0.0281
-------------------------------------
[Epoch : 212/500]
Total_loss	: 0.0919
Coral_loss	: 0.0000
MMD_loss	: 1.5570
cond_ent_wt	: 4.8299
Src_reg_loss	: 0.0280
-------------------------------------
[Epoch : 213/500]
Total_loss	: 0.0918
Coral_loss	: 0.0000
MMD_loss	: 1.5577
cond_ent_wt	: 4.8299
Src_reg_loss	: 0.0280
-------------------------------------
[Epoch : 214/500]
Total_loss	: 0.0918
Coral_loss	: 0.0000
MMD_loss	: 1.5583
cond_ent_wt	: 4.8298
Src_reg_loss	: 0.0279
-------------------------------------
[Epoch : 215/500]
Total_loss	: 0.0917
Coral_loss	: 0.0000
MMD_loss	: 1.5589
cond_ent_wt	: 4.8297
Src_reg_loss	: 0.0278
-------------------------------------
[Epoch : 216/500]
Total_loss	: 0.0916
Coral_loss	: 0.0000
MMD_loss	: 1.5596
cond_ent_wt	: 4.8297
Src_reg_loss	: 0.0278
-------------------------------------
[Epoch : 217/500]
Total_loss	: 0.0916
Coral_loss	: 0.0000
MMD_loss	: 1.5602
cond_ent_wt	: 4.8296
Src_reg_loss	: 0.0277
-------------------------------------
[Epoch : 218/500]
Total_loss	: 0.0915
Coral_loss	: 0.0000
MMD_loss	: 1.5608
cond_ent_wt	: 4.8296
Src_reg_loss	: 0.0276
-------------------------------------
[Epoch : 219/500]
Total_loss	: 0.0915
Coral_loss	: 0.0000
MMD_loss	: 1.5614
cond_ent_wt	: 4.8295
Src_reg_loss	: 0.0276
-------------------------------------
[Epoch : 220/500]
Total_loss	: 0.0914
Coral_loss	: 0.0000
MMD_loss	: 1.5620
cond_ent_wt	: 4.8294
Src_reg_loss	: 0.0275
-------------------------------------
[Epoch : 221/500]
Total_loss	: 0.0913
Coral_loss	: 0.0000
MMD_loss	: 1.5626
cond_ent_wt	: 4.8294
Src_reg_loss	: 0.0274
-------------------------------------
[Epoch : 222/500]
Total_loss	: 0.0913
Coral_loss	: 0.0000
MMD_loss	: 1.5632
cond_ent_wt	: 4.8293
Src_reg_loss	: 0.0274
-------------------------------------
[Epoch : 223/500]
Total_loss	: 0.0912
Coral_loss	: 0.0000
MMD_loss	: 1.5638
cond_ent_wt	: 4.8293
Src_reg_loss	: 0.0273
-------------------------------------
[Epoch : 224/500]
Total_loss	: 0.0912
Coral_loss	: 0.0000
MMD_loss	: 1.5644
cond_ent_wt	: 4.8292
Src_reg_loss	: 0.0272
-------------------------------------
[Epoch : 225/500]
Total_loss	: 0.0911
Coral_loss	: 0.0000
MMD_loss	: 1.5650
cond_ent_wt	: 4.8291
Src_reg_loss	: 0.0272
-------------------------------------
[Epoch : 226/500]
Total_loss	: 0.0911
Coral_loss	: 0.0000
MMD_loss	: 1.5656
cond_ent_wt	: 4.8291
Src_reg_loss	: 0.0271
-------------------------------------
[Epoch : 227/500]
Total_loss	: 0.0910
Coral_loss	: 0.0000
MMD_loss	: 1.5662
cond_ent_wt	: 4.8290
Src_reg_loss	: 0.0270
-------------------------------------
[Epoch : 228/500]
Total_loss	: 0.0909
Coral_loss	: 0.0000
MMD_loss	: 1.5668
cond_ent_wt	: 4.8289
Src_reg_loss	: 0.0270
-------------------------------------
[Epoch : 229/500]
Total_loss	: 0.0909
Coral_loss	: 0.0000
MMD_loss	: 1.5673
cond_ent_wt	: 4.8289
Src_reg_loss	: 0.0269
-------------------------------------
[Epoch : 230/500]
Total_loss	: 0.0908
Coral_loss	: 0.0000
MMD_loss	: 1.5679
cond_ent_wt	: 4.8288
Src_reg_loss	: 0.0269
-------------------------------------
[Epoch : 231/500]
Total_loss	: 0.0908
Coral_loss	: 0.0000
MMD_loss	: 1.5685
cond_ent_wt	: 4.8287
Src_reg_loss	: 0.0268
-------------------------------------
[Epoch : 232/500]
Total_loss	: 0.0907
Coral_loss	: 0.0000
MMD_loss	: 1.5691
cond_ent_wt	: 4.8287
Src_reg_loss	: 0.0267
-------------------------------------
[Epoch : 233/500]
Total_loss	: 0.0907
Coral_loss	: 0.0000
MMD_loss	: 1.5696
cond_ent_wt	: 4.8286
Src_reg_loss	: 0.0267
-------------------------------------
[Epoch : 234/500]
Total_loss	: 0.0906
Coral_loss	: 0.0000
MMD_loss	: 1.5702
cond_ent_wt	: 4.8285
Src_reg_loss	: 0.0266
-------------------------------------
[Epoch : 235/500]
Total_loss	: 0.0906
Coral_loss	: 0.0000
MMD_loss	: 1.5707
cond_ent_wt	: 4.8284
Src_reg_loss	: 0.0266
-------------------------------------
[Epoch : 236/500]
Total_loss	: 0.0905
Coral_loss	: 0.0000
MMD_loss	: 1.5713
cond_ent_wt	: 4.8284
Src_reg_loss	: 0.0265
-------------------------------------
[Epoch : 237/500]
Total_loss	: 0.0905
Coral_loss	: 0.0000
MMD_loss	: 1.5719
cond_ent_wt	: 4.8283
Src_reg_loss	: 0.0264
-------------------------------------
[Epoch : 238/500]
Total_loss	: 0.0904
Coral_loss	: 0.0000
MMD_loss	: 1.5724
cond_ent_wt	: 4.8282
Src_reg_loss	: 0.0264
-------------------------------------
[Epoch : 239/500]
Total_loss	: 0.0903
Coral_loss	: 0.0000
MMD_loss	: 1.5729
cond_ent_wt	: 4.8281
Src_reg_loss	: 0.0263
-------------------------------------
[Epoch : 240/500]
Total_loss	: 0.0903
Coral_loss	: 0.0000
MMD_loss	: 1.5735
cond_ent_wt	: 4.8281
Src_reg_loss	: 0.0263
-------------------------------------
[Epoch : 241/500]
Total_loss	: 0.0902
Coral_loss	: 0.0000
MMD_loss	: 1.5740
cond_ent_wt	: 4.8280
Src_reg_loss	: 0.0262
-------------------------------------
[Epoch : 242/500]
Total_loss	: 0.0902
Coral_loss	: 0.0000
MMD_loss	: 1.5745
cond_ent_wt	: 4.8279
Src_reg_loss	: 0.0262
-------------------------------------
[Epoch : 243/500]
Total_loss	: 0.0901
Coral_loss	: 0.0000
MMD_loss	: 1.5751
cond_ent_wt	: 4.8278
Src_reg_loss	: 0.0261
-------------------------------------
[Epoch : 244/500]
Total_loss	: 0.0901
Coral_loss	: 0.0000
MMD_loss	: 1.5756
cond_ent_wt	: 4.8277
Src_reg_loss	: 0.0261
-------------------------------------
[Epoch : 245/500]
Total_loss	: 0.0900
Coral_loss	: 0.0000
MMD_loss	: 1.5761
cond_ent_wt	: 4.8277
Src_reg_loss	: 0.0260
-------------------------------------
[Epoch : 246/500]
Total_loss	: 0.0900
Coral_loss	: 0.0000
MMD_loss	: 1.5766
cond_ent_wt	: 4.8276
Src_reg_loss	: 0.0259
-------------------------------------
[Epoch : 247/500]
Total_loss	: 0.0899
Coral_loss	: 0.0000
MMD_loss	: 1.5771
cond_ent_wt	: 4.8275
Src_reg_loss	: 0.0259
-------------------------------------
[Epoch : 248/500]
Total_loss	: 0.0899
Coral_loss	: 0.0000
MMD_loss	: 1.5776
cond_ent_wt	: 4.8274
Src_reg_loss	: 0.0258
-------------------------------------
[Epoch : 249/500]
Total_loss	: 0.0898
Coral_loss	: 0.0000
MMD_loss	: 1.5781
cond_ent_wt	: 4.8273
Src_reg_loss	: 0.0258
-------------------------------------
[Epoch : 250/500]
Total_loss	: 0.0898
Coral_loss	: 0.0000
MMD_loss	: 1.5786
cond_ent_wt	: 4.8272
Src_reg_loss	: 0.0257
-------------------------------------
[Epoch : 251/500]
Total_loss	: 0.0897
Coral_loss	: 0.0000
MMD_loss	: 1.5791
cond_ent_wt	: 4.8272
Src_reg_loss	: 0.0257
-------------------------------------
[Epoch : 252/500]
Total_loss	: 0.0897
Coral_loss	: 0.0000
MMD_loss	: 1.5796
cond_ent_wt	: 4.8271
Src_reg_loss	: 0.0256
-------------------------------------
[Epoch : 253/500]
Total_loss	: 0.0896
Coral_loss	: 0.0000
MMD_loss	: 1.5801
cond_ent_wt	: 4.8270
Src_reg_loss	: 0.0256
-------------------------------------
[Epoch : 254/500]
Total_loss	: 0.0896
Coral_loss	: 0.0000
MMD_loss	: 1.5806
cond_ent_wt	: 4.8269
Src_reg_loss	: 0.0255
-------------------------------------
[Epoch : 255/500]
Total_loss	: 0.0895
Coral_loss	: 0.0000
MMD_loss	: 1.5811
cond_ent_wt	: 4.8268
Src_reg_loss	: 0.0255
-------------------------------------
[Epoch : 256/500]
Total_loss	: 0.0895
Coral_loss	: 0.0000
MMD_loss	: 1.5815
cond_ent_wt	: 4.8267
Src_reg_loss	: 0.0254
-------------------------------------
[Epoch : 257/500]
Total_loss	: 0.0894
Coral_loss	: 0.0000
MMD_loss	: 1.5820
cond_ent_wt	: 4.8266
Src_reg_loss	: 0.0254
-------------------------------------
[Epoch : 258/500]
Total_loss	: 0.0894
Coral_loss	: 0.0000
MMD_loss	: 1.5825
cond_ent_wt	: 4.8265
Src_reg_loss	: 0.0253
-------------------------------------
[Epoch : 259/500]
Total_loss	: 0.0893
Coral_loss	: 0.0000
MMD_loss	: 1.5830
cond_ent_wt	: 4.8264
Src_reg_loss	: 0.0253
-------------------------------------
[Epoch : 260/500]
Total_loss	: 0.0893
Coral_loss	: 0.0000
MMD_loss	: 1.5835
cond_ent_wt	: 4.8263
Src_reg_loss	: 0.0252
-------------------------------------
[Epoch : 261/500]
Total_loss	: 0.0893
Coral_loss	: 0.0000
MMD_loss	: 1.5839
cond_ent_wt	: 4.8262
Src_reg_loss	: 0.0252
-------------------------------------
[Epoch : 262/500]
Total_loss	: 0.0892
Coral_loss	: 0.0000
MMD_loss	: 1.5844
cond_ent_wt	: 4.8261
Src_reg_loss	: 0.0251
-------------------------------------
[Epoch : 263/500]
Total_loss	: 0.0892
Coral_loss	: 0.0000
MMD_loss	: 1.5849
cond_ent_wt	: 4.8260
Src_reg_loss	: 0.0251
-------------------------------------
[Epoch : 264/500]
Total_loss	: 0.0891
Coral_loss	: 0.0000
MMD_loss	: 1.5854
cond_ent_wt	: 4.8259
Src_reg_loss	: 0.0250
-------------------------------------
[Epoch : 265/500]
Total_loss	: 0.0891
Coral_loss	: 0.0000
MMD_loss	: 1.5858
cond_ent_wt	: 4.8258
Src_reg_loss	: 0.0250
-------------------------------------
[Epoch : 266/500]
Total_loss	: 0.0890
Coral_loss	: 0.0000
MMD_loss	: 1.5863
cond_ent_wt	: 4.8257
Src_reg_loss	: 0.0249
-------------------------------------
[Epoch : 267/500]
Total_loss	: 0.0890
Coral_loss	: 0.0000
MMD_loss	: 1.5868
cond_ent_wt	: 4.8256
Src_reg_loss	: 0.0249
-------------------------------------
[Epoch : 268/500]
Total_loss	: 0.0889
Coral_loss	: 0.0000
MMD_loss	: 1.5873
cond_ent_wt	: 4.8255
Src_reg_loss	: 0.0248
-------------------------------------
[Epoch : 269/500]
Total_loss	: 0.0889
Coral_loss	: 0.0000
MMD_loss	: 1.5878
cond_ent_wt	: 4.8254
Src_reg_loss	: 0.0248
-------------------------------------
[Epoch : 270/500]
Total_loss	: 0.0888
Coral_loss	: 0.0000
MMD_loss	: 1.5882
cond_ent_wt	: 4.8253
Src_reg_loss	: 0.0247
-------------------------------------
[Epoch : 271/500]
Total_loss	: 0.0888
Coral_loss	: 0.0000
MMD_loss	: 1.5887
cond_ent_wt	: 4.8252
Src_reg_loss	: 0.0247
-------------------------------------
[Epoch : 272/500]
Total_loss	: 0.0888
Coral_loss	: 0.0000
MMD_loss	: 1.5892
cond_ent_wt	: 4.8251
Src_reg_loss	: 0.0246
-------------------------------------
[Epoch : 273/500]
Total_loss	: 0.0887
Coral_loss	: 0.0000
MMD_loss	: 1.5897
cond_ent_wt	: 4.8250
Src_reg_loss	: 0.0246
-------------------------------------
[Epoch : 274/500]
Total_loss	: 0.0887
Coral_loss	: 0.0000
MMD_loss	: 1.5901
cond_ent_wt	: 4.8249
Src_reg_loss	: 0.0245
-------------------------------------
[Epoch : 275/500]
Total_loss	: 0.0886
Coral_loss	: 0.0000
MMD_loss	: 1.5906
cond_ent_wt	: 4.8248
Src_reg_loss	: 0.0245
-------------------------------------
[Epoch : 276/500]
Total_loss	: 0.0886
Coral_loss	: 0.0000
MMD_loss	: 1.5911
cond_ent_wt	: 4.8247
Src_reg_loss	: 0.0244
-------------------------------------
[Epoch : 277/500]
Total_loss	: 0.0885
Coral_loss	: 0.0000
MMD_loss	: 1.5916
cond_ent_wt	: 4.8246
Src_reg_loss	: 0.0244
-------------------------------------
[Epoch : 278/500]
Total_loss	: 0.0885
Coral_loss	: 0.0000
MMD_loss	: 1.5921
cond_ent_wt	: 4.8244
Src_reg_loss	: 0.0243
-------------------------------------
[Epoch : 279/500]
Total_loss	: 0.0885
Coral_loss	: 0.0000
MMD_loss	: 1.5926
cond_ent_wt	: 4.8243
Src_reg_loss	: 0.0243
-------------------------------------
[Epoch : 280/500]
Total_loss	: 0.0884
Coral_loss	: 0.0000
MMD_loss	: 1.5931
cond_ent_wt	: 4.8242
Src_reg_loss	: 0.0242
-------------------------------------
[Epoch : 281/500]
Total_loss	: 0.0884
Coral_loss	: 0.0000
MMD_loss	: 1.5935
cond_ent_wt	: 4.8241
Src_reg_loss	: 0.0242
-------------------------------------
[Epoch : 282/500]
Total_loss	: 0.0883
Coral_loss	: 0.0000
MMD_loss	: 1.5940
cond_ent_wt	: 4.8240
Src_reg_loss	: 0.0242
-------------------------------------
[Epoch : 283/500]
Total_loss	: 0.0883
Coral_loss	: 0.0000
MMD_loss	: 1.5945
cond_ent_wt	: 4.8239
Src_reg_loss	: 0.0241
-------------------------------------
[Epoch : 284/500]
Total_loss	: 0.0883
Coral_loss	: 0.0000
MMD_loss	: 1.5950
cond_ent_wt	: 4.8237
Src_reg_loss	: 0.0241
-------------------------------------
[Epoch : 285/500]
Total_loss	: 0.0882
Coral_loss	: 0.0000
MMD_loss	: 1.5955
cond_ent_wt	: 4.8236
Src_reg_loss	: 0.0240
-------------------------------------
[Epoch : 286/500]
Total_loss	: 0.0882
Coral_loss	: 0.0000
MMD_loss	: 1.5960
cond_ent_wt	: 4.8235
Src_reg_loss	: 0.0240
-------------------------------------
[Epoch : 287/500]
Total_loss	: 0.0881
Coral_loss	: 0.0000
MMD_loss	: 1.5965
cond_ent_wt	: 4.8234
Src_reg_loss	: 0.0239
-------------------------------------
[Epoch : 288/500]
Total_loss	: 0.0881
Coral_loss	: 0.0000
MMD_loss	: 1.5970
cond_ent_wt	: 4.8232
Src_reg_loss	: 0.0239
-------------------------------------
[Epoch : 289/500]
Total_loss	: 0.0881
Coral_loss	: 0.0000
MMD_loss	: 1.5975
cond_ent_wt	: 4.8231
Src_reg_loss	: 0.0239
-------------------------------------
[Epoch : 290/500]
Total_loss	: 0.0880
Coral_loss	: 0.0000
MMD_loss	: 1.5980
cond_ent_wt	: 4.8230
Src_reg_loss	: 0.0238
-------------------------------------
[Epoch : 291/500]
Total_loss	: 0.0880
Coral_loss	: 0.0000
MMD_loss	: 1.5985
cond_ent_wt	: 4.8229
Src_reg_loss	: 0.0238
-------------------------------------
[Epoch : 292/500]
Total_loss	: 0.0879
Coral_loss	: 0.0000
MMD_loss	: 1.5990
cond_ent_wt	: 4.8227
Src_reg_loss	: 0.0237
-------------------------------------
[Epoch : 293/500]
Total_loss	: 0.0879
Coral_loss	: 0.0000
MMD_loss	: 1.5996
cond_ent_wt	: 4.8226
Src_reg_loss	: 0.0237
-------------------------------------
[Epoch : 294/500]
Total_loss	: 0.0879
Coral_loss	: 0.0000
MMD_loss	: 1.6001
cond_ent_wt	: 4.8225
Src_reg_loss	: 0.0236
-------------------------------------
[Epoch : 295/500]
Total_loss	: 0.0878
Coral_loss	: 0.0000
MMD_loss	: 1.6006
cond_ent_wt	: 4.8223
Src_reg_loss	: 0.0236
-------------------------------------
[Epoch : 296/500]
Total_loss	: 0.0878
Coral_loss	: 0.0000
MMD_loss	: 1.6011
cond_ent_wt	: 4.8222
Src_reg_loss	: 0.0236
-------------------------------------
[Epoch : 297/500]
Total_loss	: 0.0878
Coral_loss	: 0.0000
MMD_loss	: 1.6016
cond_ent_wt	: 4.8221
Src_reg_loss	: 0.0235
-------------------------------------
[Epoch : 298/500]
Total_loss	: 0.0877
Coral_loss	: 0.0000
MMD_loss	: 1.6021
cond_ent_wt	: 4.8219
Src_reg_loss	: 0.0235
-------------------------------------
[Epoch : 299/500]
Total_loss	: 0.0877
Coral_loss	: 0.0000
MMD_loss	: 1.6026
cond_ent_wt	: 4.8218
Src_reg_loss	: 0.0234
-------------------------------------
[Epoch : 300/500]
Total_loss	: 0.0876
Coral_loss	: 0.0000
MMD_loss	: 1.6031
cond_ent_wt	: 4.8216
Src_reg_loss	: 0.0234
-------------------------------------
[Epoch : 301/500]
Total_loss	: 0.0876
Coral_loss	: 0.0000
MMD_loss	: 1.6036
cond_ent_wt	: 4.8215
Src_reg_loss	: 0.0234
-------------------------------------
[Epoch : 302/500]
Total_loss	: 0.0876
Coral_loss	: 0.0000
MMD_loss	: 1.6042
cond_ent_wt	: 4.8214
Src_reg_loss	: 0.0233
-------------------------------------
[Epoch : 303/500]
Total_loss	: 0.0875
Coral_loss	: 0.0000
MMD_loss	: 1.6047
cond_ent_wt	: 4.8212
Src_reg_loss	: 0.0233
-------------------------------------
[Epoch : 304/500]
Total_loss	: 0.0875
Coral_loss	: 0.0000
MMD_loss	: 1.6052
cond_ent_wt	: 4.8211
Src_reg_loss	: 0.0232
-------------------------------------
[Epoch : 305/500]
Total_loss	: 0.0875
Coral_loss	: 0.0000
MMD_loss	: 1.6057
cond_ent_wt	: 4.8209
Src_reg_loss	: 0.0232
-------------------------------------
[Epoch : 306/500]
Total_loss	: 0.0874
Coral_loss	: 0.0000
MMD_loss	: 1.6062
cond_ent_wt	: 4.8208
Src_reg_loss	: 0.0232
-------------------------------------
[Epoch : 307/500]
Total_loss	: 0.0874
Coral_loss	: 0.0000
MMD_loss	: 1.6068
cond_ent_wt	: 4.8206
Src_reg_loss	: 0.0231
-------------------------------------
[Epoch : 308/500]
Total_loss	: 0.0874
Coral_loss	: 0.0000
MMD_loss	: 1.6073
cond_ent_wt	: 4.8205
Src_reg_loss	: 0.0231
-------------------------------------
[Epoch : 309/500]
Total_loss	: 0.0873
Coral_loss	: 0.0000
MMD_loss	: 1.6078
cond_ent_wt	: 4.8203
Src_reg_loss	: 0.0230
-------------------------------------
[Epoch : 310/500]
Total_loss	: 0.0873
Coral_loss	: 0.0000
MMD_loss	: 1.6083
cond_ent_wt	: 4.8202
Src_reg_loss	: 0.0230
-------------------------------------
[Epoch : 311/500]
Total_loss	: 0.0873
Coral_loss	: 0.0000
MMD_loss	: 1.6089
cond_ent_wt	: 4.8200
Src_reg_loss	: 0.0230
-------------------------------------
[Epoch : 312/500]
Total_loss	: 0.0872
Coral_loss	: 0.0000
MMD_loss	: 1.6094
cond_ent_wt	: 4.8198
Src_reg_loss	: 0.0229
-------------------------------------
[Epoch : 313/500]
Total_loss	: 0.0872
Coral_loss	: 0.0000
MMD_loss	: 1.6099
cond_ent_wt	: 4.8197
Src_reg_loss	: 0.0229
-------------------------------------
[Epoch : 314/500]
Total_loss	: 0.0872
Coral_loss	: 0.0000
MMD_loss	: 1.6105
cond_ent_wt	: 4.8195
Src_reg_loss	: 0.0229
-------------------------------------
[Epoch : 315/500]
Total_loss	: 0.0871
Coral_loss	: 0.0000
MMD_loss	: 1.6110
cond_ent_wt	: 4.8194
Src_reg_loss	: 0.0228
-------------------------------------
[Epoch : 316/500]
Total_loss	: 0.0871
Coral_loss	: 0.0000
MMD_loss	: 1.6116
cond_ent_wt	: 4.8192
Src_reg_loss	: 0.0228
-------------------------------------
[Epoch : 317/500]
Total_loss	: 0.0871
Coral_loss	: 0.0000
MMD_loss	: 1.6121
cond_ent_wt	: 4.8190
Src_reg_loss	: 0.0227
-------------------------------------
[Epoch : 318/500]
Total_loss	: 0.0870
Coral_loss	: 0.0000
MMD_loss	: 1.6126
cond_ent_wt	: 4.8189
Src_reg_loss	: 0.0227
-------------------------------------
[Epoch : 319/500]
Total_loss	: 0.0870
Coral_loss	: 0.0000
MMD_loss	: 1.6132
cond_ent_wt	: 4.8187
Src_reg_loss	: 0.0227
-------------------------------------
[Epoch : 320/500]
Total_loss	: 0.0870
Coral_loss	: 0.0000
MMD_loss	: 1.6137
cond_ent_wt	: 4.8185
Src_reg_loss	: 0.0226
-------------------------------------
[Epoch : 321/500]
Total_loss	: 0.0869
Coral_loss	: 0.0000
MMD_loss	: 1.6143
cond_ent_wt	: 4.8184
Src_reg_loss	: 0.0226
-------------------------------------
[Epoch : 322/500]
Total_loss	: 0.0869
Coral_loss	: 0.0000
MMD_loss	: 1.6148
cond_ent_wt	: 4.8182
Src_reg_loss	: 0.0226
-------------------------------------
[Epoch : 323/500]
Total_loss	: 0.0869
Coral_loss	: 0.0000
MMD_loss	: 1.6154
cond_ent_wt	: 4.8180
Src_reg_loss	: 0.0225
-------------------------------------
[Epoch : 324/500]
Total_loss	: 0.0868
Coral_loss	: 0.0000
MMD_loss	: 1.6159
cond_ent_wt	: 4.8178
Src_reg_loss	: 0.0225
-------------------------------------
[Epoch : 325/500]
Total_loss	: 0.0868
Coral_loss	: 0.0000
MMD_loss	: 1.6165
cond_ent_wt	: 4.8177
Src_reg_loss	: 0.0225
-------------------------------------
[Epoch : 326/500]
Total_loss	: 0.0868
Coral_loss	: 0.0000
MMD_loss	: 1.6171
cond_ent_wt	: 4.8175
Src_reg_loss	: 0.0224
-------------------------------------
[Epoch : 327/500]
Total_loss	: 0.0867
Coral_loss	: 0.0000
MMD_loss	: 1.6176
cond_ent_wt	: 4.8173
Src_reg_loss	: 0.0224
-------------------------------------
[Epoch : 328/500]
Total_loss	: 0.0867
Coral_loss	: 0.0000
MMD_loss	: 1.6182
cond_ent_wt	: 4.8171
Src_reg_loss	: 0.0224
-------------------------------------
[Epoch : 329/500]
Total_loss	: 0.0867
Coral_loss	: 0.0000
MMD_loss	: 1.6187
cond_ent_wt	: 4.8169
Src_reg_loss	: 0.0223
-------------------------------------
[Epoch : 330/500]
Total_loss	: 0.0867
Coral_loss	: 0.0000
MMD_loss	: 1.6193
cond_ent_wt	: 4.8168
Src_reg_loss	: 0.0223
-------------------------------------
[Epoch : 331/500]
Total_loss	: 0.0866
Coral_loss	: 0.0000
MMD_loss	: 1.6198
cond_ent_wt	: 4.8166
Src_reg_loss	: 0.0223
-------------------------------------
[Epoch : 332/500]
Total_loss	: 0.0866
Coral_loss	: 0.0000
MMD_loss	: 1.6204
cond_ent_wt	: 4.8164
Src_reg_loss	: 0.0222
-------------------------------------
[Epoch : 333/500]
Total_loss	: 0.0866
Coral_loss	: 0.0000
MMD_loss	: 1.6209
cond_ent_wt	: 4.8162
Src_reg_loss	: 0.0222
-------------------------------------
[Epoch : 334/500]
Total_loss	: 0.0865
Coral_loss	: 0.0000
MMD_loss	: 1.6215
cond_ent_wt	: 4.8160
Src_reg_loss	: 0.0222
-------------------------------------
[Epoch : 335/500]
Total_loss	: 0.0865
Coral_loss	: 0.0000
MMD_loss	: 1.6221
cond_ent_wt	: 4.8158
Src_reg_loss	: 0.0221
-------------------------------------
[Epoch : 336/500]
Total_loss	: 0.0865
Coral_loss	: 0.0000
MMD_loss	: 1.6226
cond_ent_wt	: 4.8156
Src_reg_loss	: 0.0221
-------------------------------------
[Epoch : 337/500]
Total_loss	: 0.0864
Coral_loss	: 0.0000
MMD_loss	: 1.6232
cond_ent_wt	: 4.8154
Src_reg_loss	: 0.0221
-------------------------------------
[Epoch : 338/500]
Total_loss	: 0.0864
Coral_loss	: 0.0000
MMD_loss	: 1.6237
cond_ent_wt	: 4.8152
Src_reg_loss	: 0.0220
-------------------------------------
[Epoch : 339/500]
Total_loss	: 0.0864
Coral_loss	: 0.0000
MMD_loss	: 1.6243
cond_ent_wt	: 4.8150
Src_reg_loss	: 0.0220
-------------------------------------
[Epoch : 340/500]
Total_loss	: 0.0864
Coral_loss	: 0.0000
MMD_loss	: 1.6248
cond_ent_wt	: 4.8148
Src_reg_loss	: 0.0220
-------------------------------------
[Epoch : 341/500]
Total_loss	: 0.0863
Coral_loss	: 0.0000
MMD_loss	: 1.6254
cond_ent_wt	: 4.8146
Src_reg_loss	: 0.0219
-------------------------------------
[Epoch : 342/500]
Total_loss	: 0.0863
Coral_loss	: 0.0000
MMD_loss	: 1.6259
cond_ent_wt	: 4.8144
Src_reg_loss	: 0.0219
-------------------------------------
[Epoch : 343/500]
Total_loss	: 0.0863
Coral_loss	: 0.0000
MMD_loss	: 1.6265
cond_ent_wt	: 4.8142
Src_reg_loss	: 0.0219
-------------------------------------
[Epoch : 344/500]
Total_loss	: 0.0862
Coral_loss	: 0.0000
MMD_loss	: 1.6270
cond_ent_wt	: 4.8140
Src_reg_loss	: 0.0218
-------------------------------------
[Epoch : 345/500]
Total_loss	: 0.0862
Coral_loss	: 0.0000
MMD_loss	: 1.6276
cond_ent_wt	: 4.8138
Src_reg_loss	: 0.0218
-------------------------------------
[Epoch : 346/500]
Total_loss	: 0.0862
Coral_loss	: 0.0000
MMD_loss	: 1.6281
cond_ent_wt	: 4.8136
Src_reg_loss	: 0.0218
-------------------------------------
[Epoch : 347/500]
Total_loss	: 0.0862
Coral_loss	: 0.0000
MMD_loss	: 1.6287
cond_ent_wt	: 4.8134
Src_reg_loss	: 0.0217
-------------------------------------
[Epoch : 348/500]
Total_loss	: 0.0861
Coral_loss	: 0.0000
MMD_loss	: 1.6292
cond_ent_wt	: 4.8132
Src_reg_loss	: 0.0217
-------------------------------------
[Epoch : 349/500]
Total_loss	: 0.0861
Coral_loss	: 0.0000
MMD_loss	: 1.6298
cond_ent_wt	: 4.8130
Src_reg_loss	: 0.0217
-------------------------------------
[Epoch : 350/500]
Total_loss	: 0.0861
Coral_loss	: 0.0000
MMD_loss	: 1.6303
cond_ent_wt	: 4.8127
Src_reg_loss	: 0.0216
-------------------------------------
[Epoch : 351/500]
Total_loss	: 0.0860
Coral_loss	: 0.0000
MMD_loss	: 1.6308
cond_ent_wt	: 4.8125
Src_reg_loss	: 0.0216
-------------------------------------
[Epoch : 352/500]
Total_loss	: 0.0860
Coral_loss	: 0.0000
MMD_loss	: 1.6314
cond_ent_wt	: 4.8123
Src_reg_loss	: 0.0216
-------------------------------------
[Epoch : 353/500]
Total_loss	: 0.0860
Coral_loss	: 0.0000
MMD_loss	: 1.6319
cond_ent_wt	: 4.8121
Src_reg_loss	: 0.0215
-------------------------------------
[Epoch : 354/500]
Total_loss	: 0.0860
Coral_loss	: 0.0000
MMD_loss	: 1.6324
cond_ent_wt	: 4.8119
Src_reg_loss	: 0.0215
-------------------------------------
[Epoch : 355/500]
Total_loss	: 0.0859
Coral_loss	: 0.0000
MMD_loss	: 1.6330
cond_ent_wt	: 4.8116
Src_reg_loss	: 0.0215
-------------------------------------
[Epoch : 356/500]
Total_loss	: 0.0859
Coral_loss	: 0.0000
MMD_loss	: 1.6335
cond_ent_wt	: 4.8114
Src_reg_loss	: 0.0215
-------------------------------------
[Epoch : 357/500]
Total_loss	: 0.0859
Coral_loss	: 0.0000
MMD_loss	: 1.6340
cond_ent_wt	: 4.8112
Src_reg_loss	: 0.0214
-------------------------------------
[Epoch : 358/500]
Total_loss	: 0.0859
Coral_loss	: 0.0000
MMD_loss	: 1.6346
cond_ent_wt	: 4.8110
Src_reg_loss	: 0.0214
-------------------------------------
[Epoch : 359/500]
Total_loss	: 0.0858
Coral_loss	: 0.0000
MMD_loss	: 1.6351
cond_ent_wt	: 4.8108
Src_reg_loss	: 0.0214
-------------------------------------
[Epoch : 360/500]
Total_loss	: 0.0858
Coral_loss	: 0.0000
MMD_loss	: 1.6356
cond_ent_wt	: 4.8105
Src_reg_loss	: 0.0213
-------------------------------------
[Epoch : 361/500]
Total_loss	: 0.0858
Coral_loss	: 0.0000
MMD_loss	: 1.6361
cond_ent_wt	: 4.8103
Src_reg_loss	: 0.0213
-------------------------------------
[Epoch : 362/500]
Total_loss	: 0.0857
Coral_loss	: 0.0000
MMD_loss	: 1.6367
cond_ent_wt	: 4.8101
Src_reg_loss	: 0.0213
-------------------------------------
[Epoch : 363/500]
Total_loss	: 0.0857
Coral_loss	: 0.0000
MMD_loss	: 1.6372
cond_ent_wt	: 4.8098
Src_reg_loss	: 0.0213
-------------------------------------
[Epoch : 364/500]
Total_loss	: 0.0857
Coral_loss	: 0.0000
MMD_loss	: 1.6377
cond_ent_wt	: 4.8096
Src_reg_loss	: 0.0212
-------------------------------------
[Epoch : 365/500]
Total_loss	: 0.0857
Coral_loss	: 0.0000
MMD_loss	: 1.6382
cond_ent_wt	: 4.8094
Src_reg_loss	: 0.0212
-------------------------------------
[Epoch : 366/500]
Total_loss	: 0.0856
Coral_loss	: 0.0000
MMD_loss	: 1.6387
cond_ent_wt	: 4.8092
Src_reg_loss	: 0.0212
-------------------------------------
[Epoch : 367/500]
Total_loss	: 0.0856
Coral_loss	: 0.0000
MMD_loss	: 1.6392
cond_ent_wt	: 4.8089
Src_reg_loss	: 0.0211
-------------------------------------
[Epoch : 368/500]
Total_loss	: 0.0856
Coral_loss	: 0.0000
MMD_loss	: 1.6397
cond_ent_wt	: 4.8087
Src_reg_loss	: 0.0211
-------------------------------------
[Epoch : 369/500]
Total_loss	: 0.0856
Coral_loss	: 0.0000
MMD_loss	: 1.6402
cond_ent_wt	: 4.8084
Src_reg_loss	: 0.0211
-------------------------------------
[Epoch : 370/500]
Total_loss	: 0.0855
Coral_loss	: 0.0000
MMD_loss	: 1.6407
cond_ent_wt	: 4.8082
Src_reg_loss	: 0.0211
-------------------------------------
[Epoch : 371/500]
Total_loss	: 0.0855
Coral_loss	: 0.0000
MMD_loss	: 1.6412
cond_ent_wt	: 4.8080
Src_reg_loss	: 0.0210
-------------------------------------
[Epoch : 372/500]
Total_loss	: 0.0855
Coral_loss	: 0.0000
MMD_loss	: 1.6417
cond_ent_wt	: 4.8077
Src_reg_loss	: 0.0210
-------------------------------------
[Epoch : 373/500]
Total_loss	: 0.0855
Coral_loss	: 0.0000
MMD_loss	: 1.6422
cond_ent_wt	: 4.8075
Src_reg_loss	: 0.0210
-------------------------------------
[Epoch : 374/500]
Total_loss	: 0.0854
Coral_loss	: 0.0000
MMD_loss	: 1.6427
cond_ent_wt	: 4.8073
Src_reg_loss	: 0.0209
-------------------------------------
[Epoch : 375/500]
Total_loss	: 0.0854
Coral_loss	: 0.0000
MMD_loss	: 1.6432
cond_ent_wt	: 4.8070
Src_reg_loss	: 0.0209
-------------------------------------
[Epoch : 376/500]
Total_loss	: 0.0854
Coral_loss	: 0.0000
MMD_loss	: 1.6437
cond_ent_wt	: 4.8068
Src_reg_loss	: 0.0209
-------------------------------------
[Epoch : 377/500]
Total_loss	: 0.0854
Coral_loss	: 0.0000
MMD_loss	: 1.6442
cond_ent_wt	: 4.8065
Src_reg_loss	: 0.0209
-------------------------------------
[Epoch : 378/500]
Total_loss	: 0.0853
Coral_loss	: 0.0000
MMD_loss	: 1.6447
cond_ent_wt	: 4.8063
Src_reg_loss	: 0.0208
-------------------------------------
[Epoch : 379/500]
Total_loss	: 0.0853
Coral_loss	: 0.0000
MMD_loss	: 1.6452
cond_ent_wt	: 4.8060
Src_reg_loss	: 0.0208
-------------------------------------
[Epoch : 380/500]
Total_loss	: 0.0853
Coral_loss	: 0.0000
MMD_loss	: 1.6457
cond_ent_wt	: 4.8058
Src_reg_loss	: 0.0208
-------------------------------------
[Epoch : 381/500]
Total_loss	: 0.0853
Coral_loss	: 0.0000
MMD_loss	: 1.6462
cond_ent_wt	: 4.8055
Src_reg_loss	: 0.0207
-------------------------------------
[Epoch : 382/500]
Total_loss	: 0.0852
Coral_loss	: 0.0000
MMD_loss	: 1.6466
cond_ent_wt	: 4.8053
Src_reg_loss	: 0.0207
-------------------------------------
[Epoch : 383/500]
Total_loss	: 0.0852
Coral_loss	: 0.0000
MMD_loss	: 1.6471
cond_ent_wt	: 4.8051
Src_reg_loss	: 0.0207
-------------------------------------
[Epoch : 384/500]
Total_loss	: 0.0852
Coral_loss	: 0.0000
MMD_loss	: 1.6476
cond_ent_wt	: 4.8048
Src_reg_loss	: 0.0207
-------------------------------------
[Epoch : 385/500]
Total_loss	: 0.0852
Coral_loss	: 0.0000
MMD_loss	: 1.6481
cond_ent_wt	: 4.8046
Src_reg_loss	: 0.0206
-------------------------------------
[Epoch : 386/500]
Total_loss	: 0.0851
Coral_loss	: 0.0000
MMD_loss	: 1.6485
cond_ent_wt	: 4.8043
Src_reg_loss	: 0.0206
-------------------------------------
[Epoch : 387/500]
Total_loss	: 0.0851
Coral_loss	: 0.0000
MMD_loss	: 1.6490
cond_ent_wt	: 4.8041
Src_reg_loss	: 0.0206
-------------------------------------
[Epoch : 388/500]
Total_loss	: 0.0851
Coral_loss	: 0.0000
MMD_loss	: 1.6495
cond_ent_wt	: 4.8038
Src_reg_loss	: 0.0206
-------------------------------------
[Epoch : 389/500]
Total_loss	: 0.0851
Coral_loss	: 0.0000
MMD_loss	: 1.6499
cond_ent_wt	: 4.8036
Src_reg_loss	: 0.0205
-------------------------------------
[Epoch : 390/500]
Total_loss	: 0.0851
Coral_loss	: 0.0000
MMD_loss	: 1.6504
cond_ent_wt	: 4.8033
Src_reg_loss	: 0.0205
-------------------------------------
[Epoch : 391/500]
Total_loss	: 0.0850
Coral_loss	: 0.0000
MMD_loss	: 1.6509
cond_ent_wt	: 4.8030
Src_reg_loss	: 0.0205
-------------------------------------
[Epoch : 392/500]
Total_loss	: 0.0850
Coral_loss	: 0.0000
MMD_loss	: 1.6513
cond_ent_wt	: 4.8028
Src_reg_loss	: 0.0205
-------------------------------------
[Epoch : 393/500]
Total_loss	: 0.0850
Coral_loss	: 0.0000
MMD_loss	: 1.6518
cond_ent_wt	: 4.8025
Src_reg_loss	: 0.0204
-------------------------------------
[Epoch : 394/500]
Total_loss	: 0.0850
Coral_loss	: 0.0000
MMD_loss	: 1.6523
cond_ent_wt	: 4.8023
Src_reg_loss	: 0.0204
-------------------------------------
[Epoch : 395/500]
Total_loss	: 0.0849
Coral_loss	: 0.0000
MMD_loss	: 1.6527
cond_ent_wt	: 4.8020
Src_reg_loss	: 0.0204
-------------------------------------
[Epoch : 396/500]
Total_loss	: 0.0849
Coral_loss	: 0.0000
MMD_loss	: 1.6532
cond_ent_wt	: 4.8018
Src_reg_loss	: 0.0204
-------------------------------------
[Epoch : 397/500]
Total_loss	: 0.0849
Coral_loss	: 0.0000
MMD_loss	: 1.6536
cond_ent_wt	: 4.8015
Src_reg_loss	: 0.0203
-------------------------------------
[Epoch : 398/500]
Total_loss	: 0.0849
Coral_loss	: 0.0000
MMD_loss	: 1.6541
cond_ent_wt	: 4.8013
Src_reg_loss	: 0.0203
-------------------------------------
[Epoch : 399/500]
Total_loss	: 0.0848
Coral_loss	: 0.0000
MMD_loss	: 1.6545
cond_ent_wt	: 4.8010
Src_reg_loss	: 0.0203
-------------------------------------
[Epoch : 400/500]
Total_loss	: 0.0848
Coral_loss	: 0.0000
MMD_loss	: 1.6549
cond_ent_wt	: 4.8007
Src_reg_loss	: 0.0203
-------------------------------------
[Epoch : 401/500]
Total_loss	: 0.0848
Coral_loss	: 0.0000
MMD_loss	: 1.6554
cond_ent_wt	: 4.8005
Src_reg_loss	: 0.0202
-------------------------------------
[Epoch : 402/500]
Total_loss	: 0.0848
Coral_loss	: 0.0000
MMD_loss	: 1.6558
cond_ent_wt	: 4.8002
Src_reg_loss	: 0.0202
-------------------------------------
[Epoch : 403/500]
Total_loss	: 0.0848
Coral_loss	: 0.0000
MMD_loss	: 1.6563
cond_ent_wt	: 4.8000
Src_reg_loss	: 0.0202
-------------------------------------
[Epoch : 404/500]
Total_loss	: 0.0847
Coral_loss	: 0.0000
MMD_loss	: 1.6567
cond_ent_wt	: 4.7997
Src_reg_loss	: 0.0202
-------------------------------------
[Epoch : 405/500]
Total_loss	: 0.0847
Coral_loss	: 0.0000
MMD_loss	: 1.6571
cond_ent_wt	: 4.7994
Src_reg_loss	: 0.0201
-------------------------------------
[Epoch : 406/500]
Total_loss	: 0.0847
Coral_loss	: 0.0000
MMD_loss	: 1.6576
cond_ent_wt	: 4.7992
Src_reg_loss	: 0.0201
-------------------------------------
[Epoch : 407/500]
Total_loss	: 0.0847
Coral_loss	: 0.0000
MMD_loss	: 1.6580
cond_ent_wt	: 4.7989
Src_reg_loss	: 0.0201
-------------------------------------
[Epoch : 408/500]
Total_loss	: 0.0846
Coral_loss	: 0.0000
MMD_loss	: 1.6584
cond_ent_wt	: 4.7986
Src_reg_loss	: 0.0201
-------------------------------------
[Epoch : 409/500]
Total_loss	: 0.0846
Coral_loss	: 0.0000
MMD_loss	: 1.6588
cond_ent_wt	: 4.7984
Src_reg_loss	: 0.0200
-------------------------------------
[Epoch : 410/500]
Total_loss	: 0.0846
Coral_loss	: 0.0000
MMD_loss	: 1.6592
cond_ent_wt	: 4.7981
Src_reg_loss	: 0.0200
-------------------------------------
[Epoch : 411/500]
Total_loss	: 0.0846
Coral_loss	: 0.0000
MMD_loss	: 1.6597
cond_ent_wt	: 4.7978
Src_reg_loss	: 0.0200
-------------------------------------
[Epoch : 412/500]
Total_loss	: 0.0846
Coral_loss	: 0.0000
MMD_loss	: 1.6601
cond_ent_wt	: 4.7976
Src_reg_loss	: 0.0200
-------------------------------------
[Epoch : 413/500]
Total_loss	: 0.0845
Coral_loss	: 0.0000
MMD_loss	: 1.6605
cond_ent_wt	: 4.7973
Src_reg_loss	: 0.0200
-------------------------------------
[Epoch : 414/500]
Total_loss	: 0.0845
Coral_loss	: 0.0000
MMD_loss	: 1.6609
cond_ent_wt	: 4.7970
Src_reg_loss	: 0.0199
-------------------------------------
[Epoch : 415/500]
Total_loss	: 0.0845
Coral_loss	: 0.0000
MMD_loss	: 1.6613
cond_ent_wt	: 4.7968
Src_reg_loss	: 0.0199
-------------------------------------
[Epoch : 416/500]
Total_loss	: 0.0845
Coral_loss	: 0.0000
MMD_loss	: 1.6617
cond_ent_wt	: 4.7965
Src_reg_loss	: 0.0199
-------------------------------------
[Epoch : 417/500]
Total_loss	: 0.0844
Coral_loss	: 0.0000
MMD_loss	: 1.6621
cond_ent_wt	: 4.7962
Src_reg_loss	: 0.0199
-------------------------------------
[Epoch : 418/500]
Total_loss	: 0.0844
Coral_loss	: 0.0000
MMD_loss	: 1.6625
cond_ent_wt	: 4.7960
Src_reg_loss	: 0.0198
-------------------------------------
[Epoch : 419/500]
Total_loss	: 0.0844
Coral_loss	: 0.0000
MMD_loss	: 1.6629
cond_ent_wt	: 4.7957
Src_reg_loss	: 0.0198
-------------------------------------
[Epoch : 420/500]
Total_loss	: 0.0844
Coral_loss	: 0.0000
MMD_loss	: 1.6633
cond_ent_wt	: 4.7954
Src_reg_loss	: 0.0198
-------------------------------------
[Epoch : 421/500]
Total_loss	: 0.0844
Coral_loss	: 0.0000
MMD_loss	: 1.6636
cond_ent_wt	: 4.7951
Src_reg_loss	: 0.0198
-------------------------------------
[Epoch : 422/500]
Total_loss	: 0.0843
Coral_loss	: 0.0000
MMD_loss	: 1.6640
cond_ent_wt	: 4.7949
Src_reg_loss	: 0.0197
-------------------------------------
[Epoch : 423/500]
Total_loss	: 0.0843
Coral_loss	: 0.0000
MMD_loss	: 1.6644
cond_ent_wt	: 4.7946
Src_reg_loss	: 0.0197
-------------------------------------
[Epoch : 424/500]
Total_loss	: 0.0843
Coral_loss	: 0.0000
MMD_loss	: 1.6648
cond_ent_wt	: 4.7943
Src_reg_loss	: 0.0197
-------------------------------------
[Epoch : 425/500]
Total_loss	: 0.0843
Coral_loss	: 0.0000
MMD_loss	: 1.6652
cond_ent_wt	: 4.7940
Src_reg_loss	: 0.0197
-------------------------------------
[Epoch : 426/500]
Total_loss	: 0.0843
Coral_loss	: 0.0000
MMD_loss	: 1.6655
cond_ent_wt	: 4.7938
Src_reg_loss	: 0.0197
-------------------------------------
[Epoch : 427/500]
Total_loss	: 0.0842
Coral_loss	: 0.0000
MMD_loss	: 1.6659
cond_ent_wt	: 4.7935
Src_reg_loss	: 0.0196
-------------------------------------
[Epoch : 428/500]
Total_loss	: 0.0842
Coral_loss	: 0.0000
MMD_loss	: 1.6663
cond_ent_wt	: 4.7932
Src_reg_loss	: 0.0196
-------------------------------------
[Epoch : 429/500]
Total_loss	: 0.0842
Coral_loss	: 0.0000
MMD_loss	: 1.6666
cond_ent_wt	: 4.7930
Src_reg_loss	: 0.0196
-------------------------------------
[Epoch : 430/500]
Total_loss	: 0.0842
Coral_loss	: 0.0000
MMD_loss	: 1.6670
cond_ent_wt	: 4.7927
Src_reg_loss	: 0.0196
-------------------------------------
[Epoch : 431/500]
Total_loss	: 0.0841
Coral_loss	: 0.0000
MMD_loss	: 1.6673
cond_ent_wt	: 4.7924
Src_reg_loss	: 0.0196
-------------------------------------
[Epoch : 432/500]
Total_loss	: 0.0841
Coral_loss	: 0.0000
MMD_loss	: 1.6677
cond_ent_wt	: 4.7921
Src_reg_loss	: 0.0195
-------------------------------------
[Epoch : 433/500]
Total_loss	: 0.0841
Coral_loss	: 0.0000
MMD_loss	: 1.6680
cond_ent_wt	: 4.7919
Src_reg_loss	: 0.0195
-------------------------------------
[Epoch : 434/500]
Total_loss	: 0.0841
Coral_loss	: 0.0000
MMD_loss	: 1.6684
cond_ent_wt	: 4.7916
Src_reg_loss	: 0.0195
-------------------------------------
[Epoch : 435/500]
Total_loss	: 0.0841
Coral_loss	: 0.0000
MMD_loss	: 1.6687
cond_ent_wt	: 4.7913
Src_reg_loss	: 0.0195
-------------------------------------
[Epoch : 436/500]
Total_loss	: 0.0840
Coral_loss	: 0.0000
MMD_loss	: 1.6691
cond_ent_wt	: 4.7910
Src_reg_loss	: 0.0194
-------------------------------------
[Epoch : 437/500]
Total_loss	: 0.0840
Coral_loss	: 0.0000
MMD_loss	: 1.6694
cond_ent_wt	: 4.7907
Src_reg_loss	: 0.0194
-------------------------------------
[Epoch : 438/500]
Total_loss	: 0.0840
Coral_loss	: 0.0000
MMD_loss	: 1.6698
cond_ent_wt	: 4.7905
Src_reg_loss	: 0.0194
-------------------------------------
[Epoch : 439/500]
Total_loss	: 0.0840
Coral_loss	: 0.0000
MMD_loss	: 1.6701
cond_ent_wt	: 4.7902
Src_reg_loss	: 0.0194
-------------------------------------
[Epoch : 440/500]
Total_loss	: 0.0840
Coral_loss	: 0.0000
MMD_loss	: 1.6704
cond_ent_wt	: 4.7899
Src_reg_loss	: 0.0194
-------------------------------------
[Epoch : 441/500]
Total_loss	: 0.0839
Coral_loss	: 0.0000
MMD_loss	: 1.6707
cond_ent_wt	: 4.7896
Src_reg_loss	: 0.0193
-------------------------------------
[Epoch : 442/500]
Total_loss	: 0.0839
Coral_loss	: 0.0000
MMD_loss	: 1.6711
cond_ent_wt	: 4.7894
Src_reg_loss	: 0.0193
-------------------------------------
[Epoch : 443/500]
Total_loss	: 0.0839
Coral_loss	: 0.0000
MMD_loss	: 1.6714
cond_ent_wt	: 4.7891
Src_reg_loss	: 0.0193
-------------------------------------
[Epoch : 444/500]
Total_loss	: 0.0839
Coral_loss	: 0.0000
MMD_loss	: 1.6717
cond_ent_wt	: 4.7888
Src_reg_loss	: 0.0193
-------------------------------------
[Epoch : 445/500]
Total_loss	: 0.0839
Coral_loss	: 0.0000
MMD_loss	: 1.6720
cond_ent_wt	: 4.7885
Src_reg_loss	: 0.0193
-------------------------------------
[Epoch : 446/500]
Total_loss	: 0.0838
Coral_loss	: 0.0000
MMD_loss	: 1.6723
cond_ent_wt	: 4.7883
Src_reg_loss	: 0.0192
-------------------------------------
[Epoch : 447/500]
Total_loss	: 0.0838
Coral_loss	: 0.0000
MMD_loss	: 1.6726
cond_ent_wt	: 4.7880
Src_reg_loss	: 0.0192
-------------------------------------
[Epoch : 448/500]
Total_loss	: 0.0838
Coral_loss	: 0.0000
MMD_loss	: 1.6729
cond_ent_wt	: 4.7877
Src_reg_loss	: 0.0192
-------------------------------------
[Epoch : 449/500]
Total_loss	: 0.0838
Coral_loss	: 0.0000
MMD_loss	: 1.6732
cond_ent_wt	: 4.7874
Src_reg_loss	: 0.0192
-------------------------------------
[Epoch : 450/500]
Total_loss	: 0.0838
Coral_loss	: 0.0000
MMD_loss	: 1.6735
cond_ent_wt	: 4.7871
Src_reg_loss	: 0.0192
-------------------------------------
[Epoch : 451/500]
Total_loss	: 0.0837
Coral_loss	: 0.0000
MMD_loss	: 1.6738
cond_ent_wt	: 4.7869
Src_reg_loss	: 0.0191
-------------------------------------
[Epoch : 452/500]
Total_loss	: 0.0837
Coral_loss	: 0.0000
MMD_loss	: 1.6741
cond_ent_wt	: 4.7866
Src_reg_loss	: 0.0191
-------------------------------------
[Epoch : 453/500]
Total_loss	: 0.0837
Coral_loss	: 0.0000
MMD_loss	: 1.6744
cond_ent_wt	: 4.7863
Src_reg_loss	: 0.0191
-------------------------------------
[Epoch : 454/500]
Total_loss	: 0.0837
Coral_loss	: 0.0000
MMD_loss	: 1.6747
cond_ent_wt	: 4.7860
Src_reg_loss	: 0.0191
-------------------------------------
[Epoch : 455/500]
Total_loss	: 0.0837
Coral_loss	: 0.0000
MMD_loss	: 1.6750
cond_ent_wt	: 4.7858
Src_reg_loss	: 0.0191
-------------------------------------
[Epoch : 456/500]
Total_loss	: 0.0836
Coral_loss	: 0.0000
MMD_loss	: 1.6753
cond_ent_wt	: 4.7855
Src_reg_loss	: 0.0190
-------------------------------------
[Epoch : 457/500]
Total_loss	: 0.0836
Coral_loss	: 0.0000
MMD_loss	: 1.6756
cond_ent_wt	: 4.7852
Src_reg_loss	: 0.0190
-------------------------------------
[Epoch : 458/500]
Total_loss	: 0.0836
Coral_loss	: 0.0000
MMD_loss	: 1.6758
cond_ent_wt	: 4.7849
Src_reg_loss	: 0.0190
-------------------------------------
[Epoch : 459/500]
Total_loss	: 0.0836
Coral_loss	: 0.0000
MMD_loss	: 1.6761
cond_ent_wt	: 4.7847
Src_reg_loss	: 0.0190
-------------------------------------
[Epoch : 460/500]
Total_loss	: 0.0836
Coral_loss	: 0.0000
MMD_loss	: 1.6764
cond_ent_wt	: 4.7844
Src_reg_loss	: 0.0190
-------------------------------------
[Epoch : 461/500]
Total_loss	: 0.0835
Coral_loss	: 0.0000
MMD_loss	: 1.6766
cond_ent_wt	: 4.7841
Src_reg_loss	: 0.0189
-------------------------------------
[Epoch : 462/500]
Total_loss	: 0.0835
Coral_loss	: 0.0000
MMD_loss	: 1.6769
cond_ent_wt	: 4.7838
Src_reg_loss	: 0.0189
-------------------------------------
[Epoch : 463/500]
Total_loss	: 0.0835
Coral_loss	: 0.0000
MMD_loss	: 1.6772
cond_ent_wt	: 4.7835
Src_reg_loss	: 0.0189
-------------------------------------
[Epoch : 464/500]
Total_loss	: 0.0835
Coral_loss	: 0.0000
MMD_loss	: 1.6774
cond_ent_wt	: 4.7833
Src_reg_loss	: 0.0189
-------------------------------------
[Epoch : 465/500]
Total_loss	: 0.0835
Coral_loss	: 0.0000
MMD_loss	: 1.6777
cond_ent_wt	: 4.7830
Src_reg_loss	: 0.0189
-------------------------------------
[Epoch : 466/500]
Total_loss	: 0.0835
Coral_loss	: 0.0000
MMD_loss	: 1.6779
cond_ent_wt	: 4.7827
Src_reg_loss	: 0.0188
-------------------------------------
[Epoch : 467/500]
Total_loss	: 0.0834
Coral_loss	: 0.0000
MMD_loss	: 1.6782
cond_ent_wt	: 4.7824
Src_reg_loss	: 0.0188
-------------------------------------
[Epoch : 468/500]
Total_loss	: 0.0834
Coral_loss	: 0.0000
MMD_loss	: 1.6784
cond_ent_wt	: 4.7822
Src_reg_loss	: 0.0188
-------------------------------------
[Epoch : 469/500]
Total_loss	: 0.0834
Coral_loss	: 0.0000
MMD_loss	: 1.6787
cond_ent_wt	: 4.7819
Src_reg_loss	: 0.0188
-------------------------------------
[Epoch : 470/500]
Total_loss	: 0.0834
Coral_loss	: 0.0000
MMD_loss	: 1.6789
cond_ent_wt	: 4.7816
Src_reg_loss	: 0.0188
-------------------------------------
[Epoch : 471/500]
Total_loss	: 0.0834
Coral_loss	: 0.0000
MMD_loss	: 1.6792
cond_ent_wt	: 4.7813
Src_reg_loss	: 0.0188
-------------------------------------
[Epoch : 472/500]
Total_loss	: 0.0833
Coral_loss	: 0.0000
MMD_loss	: 1.6794
cond_ent_wt	: 4.7811
Src_reg_loss	: 0.0187
-------------------------------------
[Epoch : 473/500]
Total_loss	: 0.0833
Coral_loss	: 0.0000
MMD_loss	: 1.6796
cond_ent_wt	: 4.7808
Src_reg_loss	: 0.0187
-------------------------------------
[Epoch : 474/500]
Total_loss	: 0.0833
Coral_loss	: 0.0000
MMD_loss	: 1.6799
cond_ent_wt	: 4.7805
Src_reg_loss	: 0.0187
-------------------------------------
[Epoch : 475/500]
Total_loss	: 0.0833
Coral_loss	: 0.0000
MMD_loss	: 1.6801
cond_ent_wt	: 4.7802
Src_reg_loss	: 0.0187
-------------------------------------
[Epoch : 476/500]
Total_loss	: 0.0833
Coral_loss	: 0.0000
MMD_loss	: 1.6803
cond_ent_wt	: 4.7800
Src_reg_loss	: 0.0187
-------------------------------------
[Epoch : 477/500]
Total_loss	: 0.0832
Coral_loss	: 0.0000
MMD_loss	: 1.6806
cond_ent_wt	: 4.7797
Src_reg_loss	: 0.0186
-------------------------------------
[Epoch : 478/500]
Total_loss	: 0.0832
Coral_loss	: 0.0000
MMD_loss	: 1.6808
cond_ent_wt	: 4.7794
Src_reg_loss	: 0.0186
-------------------------------------
[Epoch : 479/500]
Total_loss	: 0.0832
Coral_loss	: 0.0000
MMD_loss	: 1.6810
cond_ent_wt	: 4.7791
Src_reg_loss	: 0.0186
-------------------------------------
[Epoch : 480/500]
Total_loss	: 0.0832
Coral_loss	: 0.0000
MMD_loss	: 1.6812
cond_ent_wt	: 4.7788
Src_reg_loss	: 0.0186
-------------------------------------
[Epoch : 481/500]
Total_loss	: 0.0832
Coral_loss	: 0.0000
MMD_loss	: 1.6814
cond_ent_wt	: 4.7786
Src_reg_loss	: 0.0186
-------------------------------------
[Epoch : 482/500]
Total_loss	: 0.0832
Coral_loss	: 0.0000
MMD_loss	: 1.6816
cond_ent_wt	: 4.7783
Src_reg_loss	: 0.0186
-------------------------------------
[Epoch : 483/500]
Total_loss	: 0.0831
Coral_loss	: 0.0000
MMD_loss	: 1.6819
cond_ent_wt	: 4.7780
Src_reg_loss	: 0.0185
-------------------------------------
[Epoch : 484/500]
Total_loss	: 0.0831
Coral_loss	: 0.0000
MMD_loss	: 1.6821
cond_ent_wt	: 4.7778
Src_reg_loss	: 0.0185
-------------------------------------
[Epoch : 485/500]
Total_loss	: 0.0831
Coral_loss	: 0.0000
MMD_loss	: 1.6823
cond_ent_wt	: 4.7775
Src_reg_loss	: 0.0185
-------------------------------------
[Epoch : 486/500]
Total_loss	: 0.0831
Coral_loss	: 0.0000
MMD_loss	: 1.6825
cond_ent_wt	: 4.7772
Src_reg_loss	: 0.0185
-------------------------------------
[Epoch : 487/500]
Total_loss	: 0.0831
Coral_loss	: 0.0000
MMD_loss	: 1.6827
cond_ent_wt	: 4.7769
Src_reg_loss	: 0.0185
-------------------------------------
[Epoch : 488/500]
Total_loss	: 0.0830
Coral_loss	: 0.0000
MMD_loss	: 1.6829
cond_ent_wt	: 4.7767
Src_reg_loss	: 0.0184
-------------------------------------
[Epoch : 489/500]
Total_loss	: 0.0830
Coral_loss	: 0.0000
MMD_loss	: 1.6831
cond_ent_wt	: 4.7764
Src_reg_loss	: 0.0184
-------------------------------------
[Epoch : 490/500]
Total_loss	: 0.0830
Coral_loss	: 0.0000
MMD_loss	: 1.6833
cond_ent_wt	: 4.7761
Src_reg_loss	: 0.0184
-------------------------------------
[Epoch : 491/500]
Total_loss	: 0.0830
Coral_loss	: 0.0000
MMD_loss	: 1.6834
cond_ent_wt	: 4.7758
Src_reg_loss	: 0.0184
-------------------------------------
[Epoch : 492/500]
Total_loss	: 0.0830
Coral_loss	: 0.0000
MMD_loss	: 1.6836
cond_ent_wt	: 4.7756
Src_reg_loss	: 0.0184
-------------------------------------
[Epoch : 493/500]
Total_loss	: 0.0830
Coral_loss	: 0.0000
MMD_loss	: 1.6838
cond_ent_wt	: 4.7753
Src_reg_loss	: 0.0184
-------------------------------------
[Epoch : 494/500]
Total_loss	: 0.0829
Coral_loss	: 0.0000
MMD_loss	: 1.6840
cond_ent_wt	: 4.7750
Src_reg_loss	: 0.0183
-------------------------------------
[Epoch : 495/500]
Total_loss	: 0.0829
Coral_loss	: 0.0000
MMD_loss	: 1.6842
cond_ent_wt	: 4.7748
Src_reg_loss	: 0.0183
-------------------------------------
[Epoch : 496/500]
Total_loss	: 0.0829
Coral_loss	: 0.0000
MMD_loss	: 1.6844
cond_ent_wt	: 4.7745
Src_reg_loss	: 0.0183
-------------------------------------
[Epoch : 497/500]
Total_loss	: 0.0829
Coral_loss	: 0.0000
MMD_loss	: 1.6845
cond_ent_wt	: 4.7742
Src_reg_loss	: 0.0183
-------------------------------------
[Epoch : 498/500]
Total_loss	: 0.0829
Coral_loss	: 0.0000
MMD_loss	: 1.6847
cond_ent_wt	: 4.7739
Src_reg_loss	: 0.0183
-------------------------------------
[Epoch : 499/500]
Total_loss	: 0.0828
Coral_loss	: 0.0000
MMD_loss	: 1.6849
cond_ent_wt	: 4.7737
Src_reg_loss	: 0.0183
-------------------------------------
[Epoch : 500/500]
Total_loss	: 0.0828
Coral_loss	: 0.0000
MMD_loss	: 1.6851
cond_ent_wt	: 4.7734
Src_reg_loss	: 0.0182
-------------------------------------
