=============================================
Dataset: Airbox
Method:  MMDA
=============================================
Source: 0 ---> Target: 7
=============================================
[Epoch : 1/500]
Total_loss	: 0.3102
Coral_loss	: 0.0000
MMD_loss	: 5.3871
cond_ent_wt	: 4.8481
Src_reg_loss	: 0.2078
-------------------------------------
[Epoch : 2/500]
Total_loss	: 0.2400
Coral_loss	: 0.0000
MMD_loss	: 5.1965
cond_ent_wt	: 4.8421
Src_reg_loss	: 0.1396
-------------------------------------
[Epoch : 3/500]
Total_loss	: 0.2088
Coral_loss	: 0.0000
MMD_loss	: 5.0523
cond_ent_wt	: 4.8357
Src_reg_loss	: 0.1099
-------------------------------------
[Epoch : 4/500]
Total_loss	: 0.1918
Coral_loss	: 0.0000
MMD_loss	: 5.0464
cond_ent_wt	: 4.8347
Src_reg_loss	: 0.0930
-------------------------------------
[Epoch : 5/500]
Total_loss	: 0.1820
Coral_loss	: 0.0000
MMD_loss	: 5.0615
cond_ent_wt	: 4.8343
Src_reg_loss	: 0.0831
-------------------------------------
[Epoch : 6/500]
Total_loss	: 0.1750
Coral_loss	: 0.0000
MMD_loss	: 5.0715
cond_ent_wt	: 4.8334
Src_reg_loss	: 0.0759
-------------------------------------
[Epoch : 7/500]
Total_loss	: 0.1697
Coral_loss	: 0.0000
MMD_loss	: 5.0887
cond_ent_wt	: 4.8330
Src_reg_loss	: 0.0705
-------------------------------------
[Epoch : 8/500]
Total_loss	: 0.1659
Coral_loss	: 0.0000
MMD_loss	: 5.1082
cond_ent_wt	: 4.8331
Src_reg_loss	: 0.0665
-------------------------------------
[Epoch : 9/500]
Total_loss	: 0.1628
Coral_loss	: 0.0000
MMD_loss	: 5.1201
cond_ent_wt	: 4.8331
Src_reg_loss	: 0.0632
-------------------------------------
[Epoch : 10/500]
Total_loss	: 0.1601
Coral_loss	: 0.0000
MMD_loss	: 5.1211
cond_ent_wt	: 4.8330
Src_reg_loss	: 0.0605
-------------------------------------
[Epoch : 11/500]
Total_loss	: 0.1577
Coral_loss	: 0.0000
MMD_loss	: 5.1095
cond_ent_wt	: 4.8331
Src_reg_loss	: 0.0582
-------------------------------------
[Epoch : 12/500]
Total_loss	: 0.1554
Coral_loss	: 0.0000
MMD_loss	: 5.0849
cond_ent_wt	: 4.8332
Src_reg_loss	: 0.0563
-------------------------------------
[Epoch : 13/500]
Total_loss	: 0.1533
Coral_loss	: 0.0000
MMD_loss	: 5.0477
cond_ent_wt	: 4.8334
Src_reg_loss	: 0.0545
-------------------------------------
[Epoch : 14/500]
Total_loss	: 0.1512
Coral_loss	: 0.0000
MMD_loss	: 4.9986
cond_ent_wt	: 4.8336
Src_reg_loss	: 0.0529
-------------------------------------
[Epoch : 15/500]
Total_loss	: 0.1492
Coral_loss	: 0.0000
MMD_loss	: 4.9386
cond_ent_wt	: 4.8338
Src_reg_loss	: 0.0515
-------------------------------------
[Epoch : 16/500]
Total_loss	: 0.1472
Coral_loss	: 0.0000
MMD_loss	: 4.8681
cond_ent_wt	: 4.8340
Src_reg_loss	: 0.0501
-------------------------------------
[Epoch : 17/500]
Total_loss	: 0.1451
Coral_loss	: 0.0000
MMD_loss	: 4.7877
cond_ent_wt	: 4.8342
Src_reg_loss	: 0.0489
-------------------------------------
[Epoch : 18/500]
Total_loss	: 0.1431
Coral_loss	: 0.0000
MMD_loss	: 4.6999
cond_ent_wt	: 4.8344
Src_reg_loss	: 0.0478
-------------------------------------
[Epoch : 19/500]
Total_loss	: 0.1412
Coral_loss	: 0.0000
MMD_loss	: 4.6114
cond_ent_wt	: 4.8344
Src_reg_loss	: 0.0467
-------------------------------------
[Epoch : 20/500]
Total_loss	: 0.1394
Coral_loss	: 0.0000
MMD_loss	: 4.5308
cond_ent_wt	: 4.8345
Src_reg_loss	: 0.0457
-------------------------------------
[Epoch : 21/500]
Total_loss	: 0.1378
Coral_loss	: 0.0000
MMD_loss	: 4.4634
cond_ent_wt	: 4.8344
Src_reg_loss	: 0.0448
-------------------------------------
[Epoch : 22/500]
Total_loss	: 0.1364
Coral_loss	: 0.0000
MMD_loss	: 4.4107
cond_ent_wt	: 4.8342
Src_reg_loss	: 0.0439
-------------------------------------
[Epoch : 23/500]
Total_loss	: 0.1351
Coral_loss	: 0.0000
MMD_loss	: 4.3711
cond_ent_wt	: 4.8341
Src_reg_loss	: 0.0431
-------------------------------------
[Epoch : 24/500]
Total_loss	: 0.1340
Coral_loss	: 0.0000
MMD_loss	: 4.3433
cond_ent_wt	: 4.8338
Src_reg_loss	: 0.0423
-------------------------------------
[Epoch : 25/500]
Total_loss	: 0.1331
Coral_loss	: 0.0000
MMD_loss	: 4.3270
cond_ent_wt	: 4.8335
Src_reg_loss	: 0.0415
-------------------------------------
[Epoch : 26/500]
Total_loss	: 0.1323
Coral_loss	: 0.0000
MMD_loss	: 4.3219
cond_ent_wt	: 4.8332
Src_reg_loss	: 0.0408
-------------------------------------
[Epoch : 27/500]
Total_loss	: 0.1316
Coral_loss	: 0.0000
MMD_loss	: 4.3260
cond_ent_wt	: 4.8328
Src_reg_loss	: 0.0400
-------------------------------------
[Epoch : 28/500]
Total_loss	: 0.1311
Coral_loss	: 0.0000
MMD_loss	: 4.3362
cond_ent_wt	: 4.8324
Src_reg_loss	: 0.0394
-------------------------------------
[Epoch : 29/500]
Total_loss	: 0.1305
Coral_loss	: 0.0000
MMD_loss	: 4.3497
cond_ent_wt	: 4.8319
Src_reg_loss	: 0.0387
-------------------------------------
[Epoch : 30/500]
Total_loss	: 0.1301
Coral_loss	: 0.0000
MMD_loss	: 4.3648
cond_ent_wt	: 4.8315
Src_reg_loss	: 0.0381
-------------------------------------
[Epoch : 31/500]
Total_loss	: 0.1296
Coral_loss	: 0.0000
MMD_loss	: 4.3803
cond_ent_wt	: 4.8310
Src_reg_loss	: 0.0375
-------------------------------------
[Epoch : 32/500]
Total_loss	: 0.1292
Coral_loss	: 0.0000
MMD_loss	: 4.3956
cond_ent_wt	: 4.8306
Src_reg_loss	: 0.0370
-------------------------------------
[Epoch : 33/500]
Total_loss	: 0.1288
Coral_loss	: 0.0000
MMD_loss	: 4.4102
cond_ent_wt	: 4.8301
Src_reg_loss	: 0.0364
-------------------------------------
[Epoch : 34/500]
Total_loss	: 0.1285
Coral_loss	: 0.0000
MMD_loss	: 4.4240
cond_ent_wt	: 4.8297
Src_reg_loss	: 0.0359
-------------------------------------
[Epoch : 35/500]
Total_loss	: 0.1281
Coral_loss	: 0.0000
MMD_loss	: 4.4371
cond_ent_wt	: 4.8293
Src_reg_loss	: 0.0354
-------------------------------------
[Epoch : 36/500]
Total_loss	: 0.1278
Coral_loss	: 0.0000
MMD_loss	: 4.4497
cond_ent_wt	: 4.8289
Src_reg_loss	: 0.0350
-------------------------------------
[Epoch : 37/500]
Total_loss	: 0.1274
Coral_loss	: 0.0000
MMD_loss	: 4.4616
cond_ent_wt	: 4.8285
Src_reg_loss	: 0.0345
-------------------------------------
[Epoch : 38/500]
Total_loss	: 0.1271
Coral_loss	: 0.0000
MMD_loss	: 4.4730
cond_ent_wt	: 4.8281
Src_reg_loss	: 0.0341
-------------------------------------
[Epoch : 39/500]
Total_loss	: 0.1268
Coral_loss	: 0.0000
MMD_loss	: 4.4838
cond_ent_wt	: 4.8278
Src_reg_loss	: 0.0337
-------------------------------------
[Epoch : 40/500]
Total_loss	: 0.1265
Coral_loss	: 0.0000
MMD_loss	: 4.4943
cond_ent_wt	: 4.8274
Src_reg_loss	: 0.0333
-------------------------------------
[Epoch : 41/500]
Total_loss	: 0.1262
Coral_loss	: 0.0000
MMD_loss	: 4.5043
cond_ent_wt	: 4.8270
Src_reg_loss	: 0.0329
-------------------------------------
[Epoch : 42/500]
Total_loss	: 0.1259
Coral_loss	: 0.0000
MMD_loss	: 4.5135
cond_ent_wt	: 4.8267
Src_reg_loss	: 0.0325
-------------------------------------
[Epoch : 43/500]
Total_loss	: 0.1256
Coral_loss	: 0.0000
MMD_loss	: 4.5220
cond_ent_wt	: 4.8263
Src_reg_loss	: 0.0322
-------------------------------------
[Epoch : 44/500]
Total_loss	: 0.1254
Coral_loss	: 0.0000
MMD_loss	: 4.5301
cond_ent_wt	: 4.8260
Src_reg_loss	: 0.0318
-------------------------------------
[Epoch : 45/500]
Total_loss	: 0.1251
Coral_loss	: 0.0000
MMD_loss	: 4.5377
cond_ent_wt	: 4.8256
Src_reg_loss	: 0.0315
-------------------------------------
[Epoch : 46/500]
Total_loss	: 0.1248
Coral_loss	: 0.0000
MMD_loss	: 4.5440
cond_ent_wt	: 4.8253
Src_reg_loss	: 0.0311
-------------------------------------
[Epoch : 47/500]
Total_loss	: 0.1246
Coral_loss	: 0.0000
MMD_loss	: 4.5489
cond_ent_wt	: 4.8249
Src_reg_loss	: 0.0308
-------------------------------------
[Epoch : 48/500]
Total_loss	: 0.1243
Coral_loss	: 0.0000
MMD_loss	: 4.5528
cond_ent_wt	: 4.8246
Src_reg_loss	: 0.0305
-------------------------------------
[Epoch : 49/500]
Total_loss	: 0.1240
Coral_loss	: 0.0000
MMD_loss	: 4.5567
cond_ent_wt	: 4.8243
Src_reg_loss	: 0.0302
-------------------------------------
[Epoch : 50/500]
Total_loss	: 0.1238
Coral_loss	: 0.0000
MMD_loss	: 4.5600
cond_ent_wt	: 4.8239
Src_reg_loss	: 0.0299
-------------------------------------
[Epoch : 51/500]
Total_loss	: 0.1235
Coral_loss	: 0.0000
MMD_loss	: 4.5619
cond_ent_wt	: 4.8236
Src_reg_loss	: 0.0296
-------------------------------------
[Epoch : 52/500]
Total_loss	: 0.1232
Coral_loss	: 0.0000
MMD_loss	: 4.5617
cond_ent_wt	: 4.8233
Src_reg_loss	: 0.0294
-------------------------------------
[Epoch : 53/500]
Total_loss	: 0.1229
Coral_loss	: 0.0000
MMD_loss	: 4.5607
cond_ent_wt	: 4.8230
Src_reg_loss	: 0.0291
-------------------------------------
[Epoch : 54/500]
Total_loss	: 0.1227
Coral_loss	: 0.0000
MMD_loss	: 4.5605
cond_ent_wt	: 4.8227
Src_reg_loss	: 0.0288
-------------------------------------
[Epoch : 55/500]
Total_loss	: 0.1224
Coral_loss	: 0.0000
MMD_loss	: 4.5604
cond_ent_wt	: 4.8223
Src_reg_loss	: 0.0286
-------------------------------------
[Epoch : 56/500]
Total_loss	: 0.1222
Coral_loss	: 0.0000
MMD_loss	: 4.5583
cond_ent_wt	: 4.8220
Src_reg_loss	: 0.0284
-------------------------------------
[Epoch : 57/500]
Total_loss	: 0.1219
Coral_loss	: 0.0000
MMD_loss	: 4.5529
cond_ent_wt	: 4.8217
Src_reg_loss	: 0.0281
-------------------------------------
[Epoch : 58/500]
Total_loss	: 0.1215
Coral_loss	: 0.0000
MMD_loss	: 4.5465
cond_ent_wt	: 4.8215
Src_reg_loss	: 0.0279
-------------------------------------
[Epoch : 59/500]
Total_loss	: 0.1213
Coral_loss	: 0.0000
MMD_loss	: 4.5425
cond_ent_wt	: 4.8212
Src_reg_loss	: 0.0276
-------------------------------------
[Epoch : 60/500]
Total_loss	: 0.1211
Coral_loss	: 0.0000
MMD_loss	: 4.5402
cond_ent_wt	: 4.8208
Src_reg_loss	: 0.0274
-------------------------------------
[Epoch : 61/500]
Total_loss	: 0.1208
Coral_loss	: 0.0000
MMD_loss	: 4.5353
cond_ent_wt	: 4.8206
Src_reg_loss	: 0.0272
-------------------------------------
[Epoch : 62/500]
Total_loss	: 0.1205
Coral_loss	: 0.0000
MMD_loss	: 4.5257
cond_ent_wt	: 4.8203
Src_reg_loss	: 0.0270
-------------------------------------
[Epoch : 63/500]
Total_loss	: 0.1202
Coral_loss	: 0.0000
MMD_loss	: 4.5151
cond_ent_wt	: 4.8201
Src_reg_loss	: 0.0268
-------------------------------------
[Epoch : 64/500]
Total_loss	: 0.1199
Coral_loss	: 0.0000
MMD_loss	: 4.5087
cond_ent_wt	: 4.8198
Src_reg_loss	: 0.0266
-------------------------------------
[Epoch : 65/500]
Total_loss	: 0.1197
Coral_loss	: 0.0000
MMD_loss	: 4.5041
cond_ent_wt	: 4.8196
Src_reg_loss	: 0.0265
-------------------------------------
[Epoch : 66/500]
Total_loss	: 0.1194
Coral_loss	: 0.0000
MMD_loss	: 4.4964
cond_ent_wt	: 4.8194
Src_reg_loss	: 0.0263
-------------------------------------
[Epoch : 67/500]
Total_loss	: 0.1191
Coral_loss	: 0.0000
MMD_loss	: 4.4854
cond_ent_wt	: 4.8191
Src_reg_loss	: 0.0261
-------------------------------------
[Epoch : 68/500]
Total_loss	: 0.1189
Coral_loss	: 0.0000
MMD_loss	: 4.4761
cond_ent_wt	: 4.8189
Src_reg_loss	: 0.0259
-------------------------------------
[Epoch : 69/500]
Total_loss	: 0.1186
Coral_loss	: 0.0000
MMD_loss	: 4.4696
cond_ent_wt	: 4.8186
Src_reg_loss	: 0.0257
-------------------------------------
[Epoch : 70/500]
Total_loss	: 0.1184
Coral_loss	: 0.0000
MMD_loss	: 4.4624
cond_ent_wt	: 4.8184
Src_reg_loss	: 0.0256
-------------------------------------
[Epoch : 71/500]
Total_loss	: 0.1181
Coral_loss	: 0.0000
MMD_loss	: 4.4526
cond_ent_wt	: 4.8182
Src_reg_loss	: 0.0254
-------------------------------------
[Epoch : 72/500]
Total_loss	: 0.1178
Coral_loss	: 0.0000
MMD_loss	: 4.4424
cond_ent_wt	: 4.8180
Src_reg_loss	: 0.0252
-------------------------------------
[Epoch : 73/500]
Total_loss	: 0.1176
Coral_loss	: 0.0000
MMD_loss	: 4.4342
cond_ent_wt	: 4.8177
Src_reg_loss	: 0.0251
-------------------------------------
[Epoch : 74/500]
Total_loss	: 0.1173
Coral_loss	: 0.0000
MMD_loss	: 4.4267
cond_ent_wt	: 4.8175
Src_reg_loss	: 0.0249
-------------------------------------
[Epoch : 75/500]
Total_loss	: 0.1171
Coral_loss	: 0.0000
MMD_loss	: 4.4176
cond_ent_wt	: 4.8173
Src_reg_loss	: 0.0247
-------------------------------------
[Epoch : 76/500]
Total_loss	: 0.1168
Coral_loss	: 0.0000
MMD_loss	: 4.4074
cond_ent_wt	: 4.8170
Src_reg_loss	: 0.0246
-------------------------------------
[Epoch : 77/500]
Total_loss	: 0.1166
Coral_loss	: 0.0000
MMD_loss	: 4.3982
cond_ent_wt	: 4.8168
Src_reg_loss	: 0.0244
-------------------------------------
[Epoch : 78/500]
Total_loss	: 0.1163
Coral_loss	: 0.0000
MMD_loss	: 4.3904
cond_ent_wt	: 4.8165
Src_reg_loss	: 0.0243
-------------------------------------
[Epoch : 79/500]
Total_loss	: 0.1161
Coral_loss	: 0.0000
MMD_loss	: 4.3820
cond_ent_wt	: 4.8163
Src_reg_loss	: 0.0241
-------------------------------------
[Epoch : 80/500]
Total_loss	: 0.1159
Coral_loss	: 0.0000
MMD_loss	: 4.3718
cond_ent_wt	: 4.8160
Src_reg_loss	: 0.0240
-------------------------------------
[Epoch : 81/500]
Total_loss	: 0.1156
Coral_loss	: 0.0000
MMD_loss	: 4.3610
cond_ent_wt	: 4.8158
Src_reg_loss	: 0.0238
-------------------------------------
[Epoch : 82/500]
Total_loss	: 0.1154
Coral_loss	: 0.0000
MMD_loss	: 4.3521
cond_ent_wt	: 4.8155
Src_reg_loss	: 0.0237
-------------------------------------
[Epoch : 83/500]
Total_loss	: 0.1152
Coral_loss	: 0.0000
MMD_loss	: 4.3443
cond_ent_wt	: 4.8153
Src_reg_loss	: 0.0236
-------------------------------------
[Epoch : 84/500]
Total_loss	: 0.1149
Coral_loss	: 0.0000
MMD_loss	: 4.3353
cond_ent_wt	: 4.8150
Src_reg_loss	: 0.0234
-------------------------------------
[Epoch : 85/500]
Total_loss	: 0.1147
Coral_loss	: 0.0000
MMD_loss	: 4.3245
cond_ent_wt	: 4.8148
Src_reg_loss	: 0.0233
-------------------------------------
[Epoch : 86/500]
Total_loss	: 0.1145
Coral_loss	: 0.0000
MMD_loss	: 4.3142
cond_ent_wt	: 4.8146
Src_reg_loss	: 0.0232
-------------------------------------
[Epoch : 87/500]
Total_loss	: 0.1143
Coral_loss	: 0.0000
MMD_loss	: 4.3060
cond_ent_wt	: 4.8143
Src_reg_loss	: 0.0231
-------------------------------------
[Epoch : 88/500]
Total_loss	: 0.1141
Coral_loss	: 0.0000
MMD_loss	: 4.2983
cond_ent_wt	: 4.8141
Src_reg_loss	: 0.0229
-------------------------------------
[Epoch : 89/500]
Total_loss	: 0.1138
Coral_loss	: 0.0000
MMD_loss	: 4.2889
cond_ent_wt	: 4.8139
Src_reg_loss	: 0.0228
-------------------------------------
[Epoch : 90/500]
Total_loss	: 0.1136
Coral_loss	: 0.0000
MMD_loss	: 4.2782
cond_ent_wt	: 4.8136
Src_reg_loss	: 0.0227
-------------------------------------
[Epoch : 91/500]
Total_loss	: 0.1134
Coral_loss	: 0.0000
MMD_loss	: 4.2688
cond_ent_wt	: 4.8134
Src_reg_loss	: 0.0226
-------------------------------------
[Epoch : 92/500]
Total_loss	: 0.1132
Coral_loss	: 0.0000
MMD_loss	: 4.2614
cond_ent_wt	: 4.8131
Src_reg_loss	: 0.0225
-------------------------------------
[Epoch : 93/500]
Total_loss	: 0.1130
Coral_loss	: 0.0000
MMD_loss	: 4.2536
cond_ent_wt	: 4.8129
Src_reg_loss	: 0.0224
-------------------------------------
[Epoch : 94/500]
Total_loss	: 0.1128
Coral_loss	: 0.0000
MMD_loss	: 4.2442
cond_ent_wt	: 4.8127
Src_reg_loss	: 0.0223
-------------------------------------
[Epoch : 95/500]
Total_loss	: 0.1126
Coral_loss	: 0.0000
MMD_loss	: 4.2345
cond_ent_wt	: 4.8125
Src_reg_loss	: 0.0221
-------------------------------------
[Epoch : 96/500]
Total_loss	: 0.1124
Coral_loss	: 0.0000
MMD_loss	: 4.2265
cond_ent_wt	: 4.8122
Src_reg_loss	: 0.0220
-------------------------------------
[Epoch : 97/500]
Total_loss	: 0.1123
Coral_loss	: 0.0000
MMD_loss	: 4.2195
cond_ent_wt	: 4.8120
Src_reg_loss	: 0.0219
-------------------------------------
[Epoch : 98/500]
Total_loss	: 0.1121
Coral_loss	: 0.0000
MMD_loss	: 4.2116
cond_ent_wt	: 4.8118
Src_reg_loss	: 0.0218
-------------------------------------
[Epoch : 99/500]
Total_loss	: 0.1119
Coral_loss	: 0.0000
MMD_loss	: 4.2027
cond_ent_wt	: 4.8115
Src_reg_loss	: 0.0217
-------------------------------------
[Epoch : 100/500]
Total_loss	: 0.1117
Coral_loss	: 0.0000
MMD_loss	: 4.1945
cond_ent_wt	: 4.8113
Src_reg_loss	: 0.0216
-------------------------------------
[Epoch : 101/500]
Total_loss	: 0.1115
Coral_loss	: 0.0000
MMD_loss	: 4.1877
cond_ent_wt	: 4.8110
Src_reg_loss	: 0.0215
-------------------------------------
[Epoch : 102/500]
Total_loss	: 0.1114
Coral_loss	: 0.0000
MMD_loss	: 4.1811
cond_ent_wt	: 4.8108
Src_reg_loss	: 0.0215
-------------------------------------
[Epoch : 103/500]
Total_loss	: 0.1112
Coral_loss	: 0.0000
MMD_loss	: 4.1732
cond_ent_wt	: 4.8106
Src_reg_loss	: 0.0214
-------------------------------------
[Epoch : 104/500]
Total_loss	: 0.1110
Coral_loss	: 0.0000
MMD_loss	: 4.1650
cond_ent_wt	: 4.8103
Src_reg_loss	: 0.0213
-------------------------------------
[Epoch : 105/500]
Total_loss	: 0.1108
Coral_loss	: 0.0000
MMD_loss	: 4.1580
cond_ent_wt	: 4.8101
Src_reg_loss	: 0.0212
-------------------------------------
[Epoch : 106/500]
Total_loss	: 0.1107
Coral_loss	: 0.0000
MMD_loss	: 4.1521
cond_ent_wt	: 4.8098
Src_reg_loss	: 0.0211
-------------------------------------
[Epoch : 107/500]
Total_loss	: 0.1105
Coral_loss	: 0.0000
MMD_loss	: 4.1457
cond_ent_wt	: 4.8096
Src_reg_loss	: 0.0210
-------------------------------------
[Epoch : 108/500]
Total_loss	: 0.1104
Coral_loss	: 0.0000
MMD_loss	: 4.1382
cond_ent_wt	: 4.8093
Src_reg_loss	: 0.0209
-------------------------------------
[Epoch : 109/500]
Total_loss	: 0.1102
Coral_loss	: 0.0000
MMD_loss	: 4.1310
cond_ent_wt	: 4.8091
Src_reg_loss	: 0.0208
-------------------------------------
[Epoch : 110/500]
Total_loss	: 0.1101
Coral_loss	: 0.0000
MMD_loss	: 4.1252
cond_ent_wt	: 4.8088
Src_reg_loss	: 0.0207
-------------------------------------
[Epoch : 111/500]
Total_loss	: 0.1099
Coral_loss	: 0.0000
MMD_loss	: 4.1200
cond_ent_wt	: 4.8085
Src_reg_loss	: 0.0207
-------------------------------------
[Epoch : 112/500]
Total_loss	: 0.1098
Coral_loss	: 0.0000
MMD_loss	: 4.1138
cond_ent_wt	: 4.8083
Src_reg_loss	: 0.0206
-------------------------------------
[Epoch : 113/500]
Total_loss	: 0.1096
Coral_loss	: 0.0000
MMD_loss	: 4.1069
cond_ent_wt	: 4.8080
Src_reg_loss	: 0.0205
-------------------------------------
[Epoch : 114/500]
Total_loss	: 0.1095
Coral_loss	: 0.0000
MMD_loss	: 4.1008
cond_ent_wt	: 4.8078
Src_reg_loss	: 0.0204
-------------------------------------
[Epoch : 115/500]
Total_loss	: 0.1094
Coral_loss	: 0.0000
MMD_loss	: 4.0961
cond_ent_wt	: 4.8075
Src_reg_loss	: 0.0203
-------------------------------------
[Epoch : 116/500]
Total_loss	: 0.1093
Coral_loss	: 0.0000
MMD_loss	: 4.0914
cond_ent_wt	: 4.8072
Src_reg_loss	: 0.0203
-------------------------------------
[Epoch : 117/500]
Total_loss	: 0.1091
Coral_loss	: 0.0000
MMD_loss	: 4.0855
cond_ent_wt	: 4.8070
Src_reg_loss	: 0.0202
-------------------------------------
[Epoch : 118/500]
Total_loss	: 0.1090
Coral_loss	: 0.0000
MMD_loss	: 4.0794
cond_ent_wt	: 4.8067
Src_reg_loss	: 0.0201
-------------------------------------
[Epoch : 119/500]
Total_loss	: 0.1088
Coral_loss	: 0.0000
MMD_loss	: 4.0745
cond_ent_wt	: 4.8064
Src_reg_loss	: 0.0200
-------------------------------------
[Epoch : 120/500]
Total_loss	: 0.1087
Coral_loss	: 0.0000
MMD_loss	: 4.0706
cond_ent_wt	: 4.8061
Src_reg_loss	: 0.0200
-------------------------------------
[Epoch : 121/500]
Total_loss	: 0.1086
Coral_loss	: 0.0000
MMD_loss	: 4.0661
cond_ent_wt	: 4.8059
Src_reg_loss	: 0.0199
-------------------------------------
[Epoch : 122/500]
Total_loss	: 0.1085
Coral_loss	: 0.0000
MMD_loss	: 4.0607
cond_ent_wt	: 4.8056
Src_reg_loss	: 0.0198
-------------------------------------
[Epoch : 123/500]
Total_loss	: 0.1084
Coral_loss	: 0.0000
MMD_loss	: 4.0556
cond_ent_wt	: 4.8053
Src_reg_loss	: 0.0198
-------------------------------------
[Epoch : 124/500]
Total_loss	: 0.1083
Coral_loss	: 0.0000
MMD_loss	: 4.0518
cond_ent_wt	: 4.8050
Src_reg_loss	: 0.0197
-------------------------------------
[Epoch : 125/500]
Total_loss	: 0.1082
Coral_loss	: 0.0000
MMD_loss	: 4.0482
cond_ent_wt	: 4.8048
Src_reg_loss	: 0.0196
-------------------------------------
[Epoch : 126/500]
Total_loss	: 0.1080
Coral_loss	: 0.0000
MMD_loss	: 4.0439
cond_ent_wt	: 4.8045
Src_reg_loss	: 0.0196
-------------------------------------
[Epoch : 127/500]
Total_loss	: 0.1079
Coral_loss	: 0.0000
MMD_loss	: 4.0393
cond_ent_wt	: 4.8042
Src_reg_loss	: 0.0195
-------------------------------------
[Epoch : 128/500]
Total_loss	: 0.1078
Coral_loss	: 0.0000
MMD_loss	: 4.0356
cond_ent_wt	: 4.8039
Src_reg_loss	: 0.0194
-------------------------------------
[Epoch : 129/500]
Total_loss	: 0.1077
Coral_loss	: 0.0000
MMD_loss	: 4.0327
cond_ent_wt	: 4.8036
Src_reg_loss	: 0.0194
-------------------------------------
[Epoch : 130/500]
Total_loss	: 0.1076
Coral_loss	: 0.0000
MMD_loss	: 4.0293
cond_ent_wt	: 4.8033
Src_reg_loss	: 0.0193
-------------------------------------
[Epoch : 131/500]
Total_loss	: 0.1075
Coral_loss	: 0.0000
MMD_loss	: 4.0253
cond_ent_wt	: 4.8030
Src_reg_loss	: 0.0192
-------------------------------------
[Epoch : 132/500]
Total_loss	: 0.1074
Coral_loss	: 0.0000
MMD_loss	: 4.0216
cond_ent_wt	: 4.8027
Src_reg_loss	: 0.0192
-------------------------------------
[Epoch : 133/500]
Total_loss	: 0.1073
Coral_loss	: 0.0000
MMD_loss	: 4.0189
cond_ent_wt	: 4.8024
Src_reg_loss	: 0.0191
-------------------------------------
[Epoch : 134/500]
Total_loss	: 0.1073
Coral_loss	: 0.0000
MMD_loss	: 4.0164
cond_ent_wt	: 4.8021
Src_reg_loss	: 0.0191
-------------------------------------
[Epoch : 135/500]
Total_loss	: 0.1072
Coral_loss	: 0.0000
MMD_loss	: 4.0133
cond_ent_wt	: 4.8018
Src_reg_loss	: 0.0190
-------------------------------------
[Epoch : 136/500]
Total_loss	: 0.1071
Coral_loss	: 0.0000
MMD_loss	: 4.0099
cond_ent_wt	: 4.8015
Src_reg_loss	: 0.0189
-------------------------------------
[Epoch : 137/500]
Total_loss	: 0.1070
Coral_loss	: 0.0000
MMD_loss	: 4.0073
cond_ent_wt	: 4.8012
Src_reg_loss	: 0.0189
-------------------------------------
[Epoch : 138/500]
Total_loss	: 0.1069
Coral_loss	: 0.0000
MMD_loss	: 4.0054
cond_ent_wt	: 4.8008
Src_reg_loss	: 0.0188
-------------------------------------
[Epoch : 139/500]
Total_loss	: 0.1068
Coral_loss	: 0.0000
MMD_loss	: 4.0031
cond_ent_wt	: 4.8005
Src_reg_loss	: 0.0188
-------------------------------------
[Epoch : 140/500]
Total_loss	: 0.1067
Coral_loss	: 0.0000
MMD_loss	: 4.0002
cond_ent_wt	: 4.8002
Src_reg_loss	: 0.0187
-------------------------------------
[Epoch : 141/500]
Total_loss	: 0.1066
Coral_loss	: 0.0000
MMD_loss	: 3.9977
cond_ent_wt	: 4.7999
Src_reg_loss	: 0.0187
-------------------------------------
[Epoch : 142/500]
Total_loss	: 0.1066
Coral_loss	: 0.0000
MMD_loss	: 3.9961
cond_ent_wt	: 4.7996
Src_reg_loss	: 0.0186
-------------------------------------
[Epoch : 143/500]
Total_loss	: 0.1065
Coral_loss	: 0.0000
MMD_loss	: 3.9946
cond_ent_wt	: 4.7993
Src_reg_loss	: 0.0186
-------------------------------------
[Epoch : 144/500]
Total_loss	: 0.1064
Coral_loss	: 0.0000
MMD_loss	: 3.9924
cond_ent_wt	: 4.7989
Src_reg_loss	: 0.0185
-------------------------------------
[Epoch : 145/500]
Total_loss	: 0.1063
Coral_loss	: 0.0000
MMD_loss	: 3.9901
cond_ent_wt	: 4.7986
Src_reg_loss	: 0.0185
-------------------------------------
[Epoch : 146/500]
Total_loss	: 0.1063
Coral_loss	: 0.0000
MMD_loss	: 3.9887
cond_ent_wt	: 4.7983
Src_reg_loss	: 0.0184
-------------------------------------
[Epoch : 147/500]
Total_loss	: 0.1062
Coral_loss	: 0.0000
MMD_loss	: 3.9876
cond_ent_wt	: 4.7979
Src_reg_loss	: 0.0184
-------------------------------------
[Epoch : 148/500]
Total_loss	: 0.1061
Coral_loss	: 0.0000
MMD_loss	: 3.9861
cond_ent_wt	: 4.7976
Src_reg_loss	: 0.0183
-------------------------------------
[Epoch : 149/500]
Total_loss	: 0.1061
Coral_loss	: 0.0000
MMD_loss	: 3.9843
cond_ent_wt	: 4.7973
Src_reg_loss	: 0.0183
-------------------------------------
[Epoch : 150/500]
Total_loss	: 0.1060
Coral_loss	: 0.0000
MMD_loss	: 3.9831
cond_ent_wt	: 4.7969
Src_reg_loss	: 0.0182
-------------------------------------
[Epoch : 151/500]
Total_loss	: 0.1060
Coral_loss	: 0.0000
MMD_loss	: 3.9824
cond_ent_wt	: 4.7966
Src_reg_loss	: 0.0182
-------------------------------------
[Epoch : 152/500]
Total_loss	: 0.1059
Coral_loss	: 0.0000
MMD_loss	: 3.9815
cond_ent_wt	: 4.7962
Src_reg_loss	: 0.0181
-------------------------------------
[Epoch : 153/500]
Total_loss	: 0.1058
Coral_loss	: 0.0000
MMD_loss	: 3.9802
cond_ent_wt	: 4.7959
Src_reg_loss	: 0.0181
-------------------------------------
[Epoch : 154/500]
Total_loss	: 0.1058
Coral_loss	: 0.0000
MMD_loss	: 3.9792
cond_ent_wt	: 4.7955
Src_reg_loss	: 0.0180
-------------------------------------
[Epoch : 155/500]
Total_loss	: 0.1057
Coral_loss	: 0.0000
MMD_loss	: 3.9789
cond_ent_wt	: 4.7951
Src_reg_loss	: 0.0180
-------------------------------------
[Epoch : 156/500]
Total_loss	: 0.1057
Coral_loss	: 0.0000
MMD_loss	: 3.9785
cond_ent_wt	: 4.7948
Src_reg_loss	: 0.0179
-------------------------------------
[Epoch : 157/500]
Total_loss	: 0.1056
Coral_loss	: 0.0000
MMD_loss	: 3.9777
cond_ent_wt	: 4.7944
Src_reg_loss	: 0.0179
-------------------------------------
[Epoch : 158/500]
Total_loss	: 0.1055
Coral_loss	: 0.0000
MMD_loss	: 3.9771
cond_ent_wt	: 4.7940
Src_reg_loss	: 0.0178
-------------------------------------
[Epoch : 159/500]
Total_loss	: 0.1055
Coral_loss	: 0.0000
MMD_loss	: 3.9771
cond_ent_wt	: 4.7937
Src_reg_loss	: 0.0178
-------------------------------------
[Epoch : 160/500]
Total_loss	: 0.1055
Coral_loss	: 0.0000
MMD_loss	: 3.9772
cond_ent_wt	: 4.7933
Src_reg_loss	: 0.0177
-------------------------------------
[Epoch : 161/500]
Total_loss	: 0.1054
Coral_loss	: 0.0000
MMD_loss	: 3.9769
cond_ent_wt	: 4.7929
Src_reg_loss	: 0.0177
-------------------------------------
[Epoch : 162/500]
Total_loss	: 0.1053
Coral_loss	: 0.0000
MMD_loss	: 3.9765
cond_ent_wt	: 4.7925
Src_reg_loss	: 0.0177
-------------------------------------
[Epoch : 163/500]
Total_loss	: 0.1053
Coral_loss	: 0.0000
MMD_loss	: 3.9768
cond_ent_wt	: 4.7921
Src_reg_loss	: 0.0176
-------------------------------------
[Epoch : 164/500]
Total_loss	: 0.1053
Coral_loss	: 0.0000
MMD_loss	: 3.9773
cond_ent_wt	: 4.7917
Src_reg_loss	: 0.0176
-------------------------------------
[Epoch : 165/500]
Total_loss	: 0.1052
Coral_loss	: 0.0000
MMD_loss	: 3.9775
cond_ent_wt	: 4.7913
Src_reg_loss	: 0.0175
-------------------------------------
[Epoch : 166/500]
Total_loss	: 0.1052
Coral_loss	: 0.0000
MMD_loss	: 3.9775
cond_ent_wt	: 4.7909
Src_reg_loss	: 0.0175
-------------------------------------
[Epoch : 167/500]
Total_loss	: 0.1051
Coral_loss	: 0.0000
MMD_loss	: 3.9781
cond_ent_wt	: 4.7905
Src_reg_loss	: 0.0175
-------------------------------------
[Epoch : 168/500]
Total_loss	: 0.1051
Coral_loss	: 0.0000
MMD_loss	: 3.9791
cond_ent_wt	: 4.7901
Src_reg_loss	: 0.0174
-------------------------------------
[Epoch : 169/500]
Total_loss	: 0.1051
Coral_loss	: 0.0000
MMD_loss	: 3.9797
cond_ent_wt	: 4.7897
Src_reg_loss	: 0.0174
-------------------------------------
[Epoch : 170/500]
Total_loss	: 0.1050
Coral_loss	: 0.0000
MMD_loss	: 3.9801
cond_ent_wt	: 4.7893
Src_reg_loss	: 0.0173
-------------------------------------
[Epoch : 171/500]
Total_loss	: 0.1050
Coral_loss	: 0.0000
MMD_loss	: 3.9811
cond_ent_wt	: 4.7889
Src_reg_loss	: 0.0173
-------------------------------------
[Epoch : 172/500]
Total_loss	: 0.1050
Coral_loss	: 0.0000
MMD_loss	: 3.9824
cond_ent_wt	: 4.7885
Src_reg_loss	: 0.0173
-------------------------------------
[Epoch : 173/500]
Total_loss	: 0.1049
Coral_loss	: 0.0000
MMD_loss	: 3.9835
cond_ent_wt	: 4.7881
Src_reg_loss	: 0.0172
-------------------------------------
[Epoch : 174/500]
Total_loss	: 0.1049
Coral_loss	: 0.0000
MMD_loss	: 3.9844
cond_ent_wt	: 4.7877
Src_reg_loss	: 0.0172
-------------------------------------
[Epoch : 175/500]
Total_loss	: 0.1049
Coral_loss	: 0.0000
MMD_loss	: 3.9858
cond_ent_wt	: 4.7873
Src_reg_loss	: 0.0171
-------------------------------------
[Epoch : 176/500]
Total_loss	: 0.1049
Coral_loss	: 0.0000
MMD_loss	: 3.9875
cond_ent_wt	: 4.7868
Src_reg_loss	: 0.0171
-------------------------------------
[Epoch : 177/500]
Total_loss	: 0.1048
Coral_loss	: 0.0000
MMD_loss	: 3.9889
cond_ent_wt	: 4.7864
Src_reg_loss	: 0.0171
-------------------------------------
[Epoch : 178/500]
Total_loss	: 0.1048
Coral_loss	: 0.0000
MMD_loss	: 3.9903
cond_ent_wt	: 4.7860
Src_reg_loss	: 0.0170
-------------------------------------
[Epoch : 179/500]
Total_loss	: 0.1048
Coral_loss	: 0.0000
MMD_loss	: 3.9921
cond_ent_wt	: 4.7855
Src_reg_loss	: 0.0170
-------------------------------------
[Epoch : 180/500]
Total_loss	: 0.1048
Coral_loss	: 0.0000
MMD_loss	: 3.9942
cond_ent_wt	: 4.7850
Src_reg_loss	: 0.0170
-------------------------------------
[Epoch : 181/500]
Total_loss	: 0.1047
Coral_loss	: 0.0000
MMD_loss	: 3.9961
cond_ent_wt	: 4.7846
Src_reg_loss	: 0.0169
-------------------------------------
[Epoch : 182/500]
Total_loss	: 0.1047
Coral_loss	: 0.0000
MMD_loss	: 3.9979
cond_ent_wt	: 4.7841
Src_reg_loss	: 0.0169
-------------------------------------
[Epoch : 183/500]
Total_loss	: 0.1047
Coral_loss	: 0.0000
MMD_loss	: 4.0001
cond_ent_wt	: 4.7836
Src_reg_loss	: 0.0169
-------------------------------------
[Epoch : 184/500]
Total_loss	: 0.1047
Coral_loss	: 0.0000
MMD_loss	: 4.0026
cond_ent_wt	: 4.7832
Src_reg_loss	: 0.0168
-------------------------------------
[Epoch : 185/500]
Total_loss	: 0.1047
Coral_loss	: 0.0000
MMD_loss	: 4.0049
cond_ent_wt	: 4.7827
Src_reg_loss	: 0.0168
-------------------------------------
[Epoch : 186/500]
Total_loss	: 0.1046
Coral_loss	: 0.0000
MMD_loss	: 4.0071
cond_ent_wt	: 4.7822
Src_reg_loss	: 0.0167
-------------------------------------
[Epoch : 187/500]
Total_loss	: 0.1046
Coral_loss	: 0.0000
MMD_loss	: 4.0097
cond_ent_wt	: 4.7817
Src_reg_loss	: 0.0167
-------------------------------------
[Epoch : 188/500]
Total_loss	: 0.1046
Coral_loss	: 0.0000
MMD_loss	: 4.0125
cond_ent_wt	: 4.7812
Src_reg_loss	: 0.0167
-------------------------------------
[Epoch : 189/500]
Total_loss	: 0.1046
Coral_loss	: 0.0000
MMD_loss	: 4.0152
cond_ent_wt	: 4.7807
Src_reg_loss	: 0.0167
-------------------------------------
[Epoch : 190/500]
Total_loss	: 0.1046
Coral_loss	: 0.0000
MMD_loss	: 4.0177
cond_ent_wt	: 4.7802
Src_reg_loss	: 0.0166
-------------------------------------
[Epoch : 191/500]
Total_loss	: 0.1046
Coral_loss	: 0.0000
MMD_loss	: 4.0207
cond_ent_wt	: 4.7797
Src_reg_loss	: 0.0166
-------------------------------------
[Epoch : 192/500]
Total_loss	: 0.1046
Coral_loss	: 0.0000
MMD_loss	: 4.0238
cond_ent_wt	: 4.7792
Src_reg_loss	: 0.0166
-------------------------------------
[Epoch : 193/500]
Total_loss	: 0.1046
Coral_loss	: 0.0000
MMD_loss	: 4.0268
cond_ent_wt	: 4.7787
Src_reg_loss	: 0.0165
-------------------------------------
[Epoch : 194/500]
Total_loss	: 0.1046
Coral_loss	: 0.0000
MMD_loss	: 4.0297
cond_ent_wt	: 4.7782
Src_reg_loss	: 0.0165
-------------------------------------
[Epoch : 195/500]
Total_loss	: 0.1046
Coral_loss	: 0.0000
MMD_loss	: 4.0329
cond_ent_wt	: 4.7777
Src_reg_loss	: 0.0165
-------------------------------------
[Epoch : 196/500]
Total_loss	: 0.1046
Coral_loss	: 0.0000
MMD_loss	: 4.0364
cond_ent_wt	: 4.7772
Src_reg_loss	: 0.0164
-------------------------------------
[Epoch : 197/500]
Total_loss	: 0.1046
Coral_loss	: 0.0000
MMD_loss	: 4.0397
cond_ent_wt	: 4.7767
Src_reg_loss	: 0.0164
-------------------------------------
[Epoch : 198/500]
Total_loss	: 0.1046
Coral_loss	: 0.0000
MMD_loss	: 4.0430
cond_ent_wt	: 4.7762
Src_reg_loss	: 0.0164
-------------------------------------
[Epoch : 199/500]
Total_loss	: 0.1046
Coral_loss	: 0.0000
MMD_loss	: 4.0466
cond_ent_wt	: 4.7757
Src_reg_loss	: 0.0163
-------------------------------------
[Epoch : 200/500]
Total_loss	: 0.1046
Coral_loss	: 0.0000
MMD_loss	: 4.0503
cond_ent_wt	: 4.7752
Src_reg_loss	: 0.0163
-------------------------------------
[Epoch : 201/500]
Total_loss	: 0.1046
Coral_loss	: 0.0000
MMD_loss	: 4.0539
cond_ent_wt	: 4.7746
Src_reg_loss	: 0.0163
-------------------------------------
[Epoch : 202/500]
Total_loss	: 0.1046
Coral_loss	: 0.0000
MMD_loss	: 4.0575
cond_ent_wt	: 4.7741
Src_reg_loss	: 0.0162
-------------------------------------
[Epoch : 203/500]
Total_loss	: 0.1046
Coral_loss	: 0.0000
MMD_loss	: 4.0614
cond_ent_wt	: 4.7735
Src_reg_loss	: 0.0162
-------------------------------------
[Epoch : 204/500]
Total_loss	: 0.1046
Coral_loss	: 0.0000
MMD_loss	: 4.0654
cond_ent_wt	: 4.7730
Src_reg_loss	: 0.0162
-------------------------------------
[Epoch : 205/500]
Total_loss	: 0.1046
Coral_loss	: 0.0000
MMD_loss	: 4.0693
cond_ent_wt	: 4.7724
Src_reg_loss	: 0.0162
-------------------------------------
[Epoch : 206/500]
Total_loss	: 0.1046
Coral_loss	: 0.0000
MMD_loss	: 4.0733
cond_ent_wt	: 4.7718
Src_reg_loss	: 0.0161
-------------------------------------
[Epoch : 207/500]
Total_loss	: 0.1046
Coral_loss	: 0.0000
MMD_loss	: 4.0774
cond_ent_wt	: 4.7712
Src_reg_loss	: 0.0161
-------------------------------------
[Epoch : 208/500]
Total_loss	: 0.1046
Coral_loss	: 0.0000
MMD_loss	: 4.0818
cond_ent_wt	: 4.7707
Src_reg_loss	: 0.0161
-------------------------------------
[Epoch : 209/500]
Total_loss	: 0.1046
Coral_loss	: 0.0000
MMD_loss	: 4.0860
cond_ent_wt	: 4.7701
Src_reg_loss	: 0.0160
-------------------------------------
[Epoch : 210/500]
Total_loss	: 0.1046
Coral_loss	: 0.0000
MMD_loss	: 4.0902
cond_ent_wt	: 4.7695
Src_reg_loss	: 0.0160
-------------------------------------
[Epoch : 211/500]
Total_loss	: 0.1046
Coral_loss	: 0.0000
MMD_loss	: 4.0947
cond_ent_wt	: 4.7689
Src_reg_loss	: 0.0160
-------------------------------------
[Epoch : 212/500]
Total_loss	: 0.1046
Coral_loss	: 0.0000
MMD_loss	: 4.0994
cond_ent_wt	: 4.7683
Src_reg_loss	: 0.0160
-------------------------------------
[Epoch : 213/500]
Total_loss	: 0.1046
Coral_loss	: 0.0000
MMD_loss	: 4.1038
cond_ent_wt	: 4.7677
Src_reg_loss	: 0.0159
-------------------------------------
[Epoch : 214/500]
Total_loss	: 0.1047
Coral_loss	: 0.0000
MMD_loss	: 4.1084
cond_ent_wt	: 4.7671
Src_reg_loss	: 0.0159
-------------------------------------
[Epoch : 215/500]
Total_loss	: 0.1047
Coral_loss	: 0.0000
MMD_loss	: 4.1132
cond_ent_wt	: 4.7665
Src_reg_loss	: 0.0159
-------------------------------------
[Epoch : 216/500]
Total_loss	: 0.1047
Coral_loss	: 0.0000
MMD_loss	: 4.1183
cond_ent_wt	: 4.7659
Src_reg_loss	: 0.0159
-------------------------------------
[Epoch : 217/500]
Total_loss	: 0.1047
Coral_loss	: 0.0000
MMD_loss	: 4.1231
cond_ent_wt	: 4.7653
Src_reg_loss	: 0.0158
-------------------------------------
[Epoch : 218/500]
Total_loss	: 0.1047
Coral_loss	: 0.0000
MMD_loss	: 4.1282
cond_ent_wt	: 4.7647
Src_reg_loss	: 0.0158
-------------------------------------
[Epoch : 219/500]
Total_loss	: 0.1048
Coral_loss	: 0.0000
MMD_loss	: 4.1335
cond_ent_wt	: 4.7641
Src_reg_loss	: 0.0158
-------------------------------------
[Epoch : 220/500]
Total_loss	: 0.1048
Coral_loss	: 0.0000
MMD_loss	: 4.1389
cond_ent_wt	: 4.7635
Src_reg_loss	: 0.0157
-------------------------------------
[Epoch : 221/500]
Total_loss	: 0.1048
Coral_loss	: 0.0000
MMD_loss	: 4.1443
cond_ent_wt	: 4.7629
Src_reg_loss	: 0.0157
-------------------------------------
[Epoch : 222/500]
Total_loss	: 0.1048
Coral_loss	: 0.0000
MMD_loss	: 4.1497
cond_ent_wt	: 4.7623
Src_reg_loss	: 0.0157
-------------------------------------
[Epoch : 223/500]
Total_loss	: 0.1048
Coral_loss	: 0.0000
MMD_loss	: 4.1556
cond_ent_wt	: 4.7617
Src_reg_loss	: 0.0157
-------------------------------------
[Epoch : 224/500]
Total_loss	: 0.1049
Coral_loss	: 0.0000
MMD_loss	: 4.1612
cond_ent_wt	: 4.7610
Src_reg_loss	: 0.0156
-------------------------------------
[Epoch : 225/500]
Total_loss	: 0.1049
Coral_loss	: 0.0000
MMD_loss	: 4.1668
cond_ent_wt	: 4.7604
Src_reg_loss	: 0.0156
-------------------------------------
[Epoch : 226/500]
Total_loss	: 0.1049
Coral_loss	: 0.0000
MMD_loss	: 4.1725
cond_ent_wt	: 4.7597
Src_reg_loss	: 0.0156
-------------------------------------
[Epoch : 227/500]
Total_loss	: 0.1049
Coral_loss	: 0.0000
MMD_loss	: 4.1785
cond_ent_wt	: 4.7590
Src_reg_loss	: 0.0156
-------------------------------------
[Epoch : 228/500]
Total_loss	: 0.1050
Coral_loss	: 0.0000
MMD_loss	: 4.1843
cond_ent_wt	: 4.7583
Src_reg_loss	: 0.0155
-------------------------------------
[Epoch : 229/500]
Total_loss	: 0.1050
Coral_loss	: 0.0000
MMD_loss	: 4.1901
cond_ent_wt	: 4.7576
Src_reg_loss	: 0.0155
-------------------------------------
[Epoch : 230/500]
Total_loss	: 0.1050
Coral_loss	: 0.0000
MMD_loss	: 4.1961
cond_ent_wt	: 4.7569
Src_reg_loss	: 0.0155
-------------------------------------
[Epoch : 231/500]
Total_loss	: 0.1050
Coral_loss	: 0.0000
MMD_loss	: 4.2023
cond_ent_wt	: 4.7562
Src_reg_loss	: 0.0154
-------------------------------------
[Epoch : 232/500]
Total_loss	: 0.1051
Coral_loss	: 0.0000
MMD_loss	: 4.2082
cond_ent_wt	: 4.7555
Src_reg_loss	: 0.0154
-------------------------------------
[Epoch : 233/500]
Total_loss	: 0.1051
Coral_loss	: 0.0000
MMD_loss	: 4.2143
cond_ent_wt	: 4.7548
Src_reg_loss	: 0.0154
-------------------------------------
[Epoch : 234/500]
Total_loss	: 0.1051
Coral_loss	: 0.0000
MMD_loss	: 4.2208
cond_ent_wt	: 4.7540
Src_reg_loss	: 0.0154
-------------------------------------
[Epoch : 235/500]
Total_loss	: 0.1052
Coral_loss	: 0.0000
MMD_loss	: 4.2272
cond_ent_wt	: 4.7533
Src_reg_loss	: 0.0153
-------------------------------------
[Epoch : 236/500]
Total_loss	: 0.1052
Coral_loss	: 0.0000
MMD_loss	: 4.2336
cond_ent_wt	: 4.7526
Src_reg_loss	: 0.0153
-------------------------------------
[Epoch : 237/500]
Total_loss	: 0.1052
Coral_loss	: 0.0000
MMD_loss	: 4.2401
cond_ent_wt	: 4.7518
Src_reg_loss	: 0.0153
-------------------------------------
[Epoch : 238/500]
Total_loss	: 0.1053
Coral_loss	: 0.0000
MMD_loss	: 4.2471
cond_ent_wt	: 4.7511
Src_reg_loss	: 0.0153
-------------------------------------
[Epoch : 239/500]
Total_loss	: 0.1053
Coral_loss	: 0.0000
MMD_loss	: 4.2538
cond_ent_wt	: 4.7504
Src_reg_loss	: 0.0152
-------------------------------------
[Epoch : 240/500]
Total_loss	: 0.1053
Coral_loss	: 0.0000
MMD_loss	: 4.2604
cond_ent_wt	: 4.7496
Src_reg_loss	: 0.0152
-------------------------------------
[Epoch : 241/500]
Total_loss	: 0.1054
Coral_loss	: 0.0000
MMD_loss	: 4.2675
cond_ent_wt	: 4.7489
Src_reg_loss	: 0.0152
-------------------------------------
[Epoch : 242/500]
Total_loss	: 0.1054
Coral_loss	: 0.0000
MMD_loss	: 4.2751
cond_ent_wt	: 4.7481
Src_reg_loss	: 0.0152
-------------------------------------
[Epoch : 243/500]
Total_loss	: 0.1055
Coral_loss	: 0.0000
MMD_loss	: 4.2826
cond_ent_wt	: 4.7474
Src_reg_loss	: 0.0151
-------------------------------------
[Epoch : 244/500]
Total_loss	: 0.1055
Coral_loss	: 0.0000
MMD_loss	: 4.2899
cond_ent_wt	: 4.7466
Src_reg_loss	: 0.0151
-------------------------------------
[Epoch : 245/500]
Total_loss	: 0.1055
Coral_loss	: 0.0000
MMD_loss	: 4.2976
cond_ent_wt	: 4.7458
Src_reg_loss	: 0.0151
-------------------------------------
[Epoch : 246/500]
Total_loss	: 0.1056
Coral_loss	: 0.0000
MMD_loss	: 4.3047
cond_ent_wt	: 4.7450
Src_reg_loss	: 0.0151
-------------------------------------
[Epoch : 247/500]
Total_loss	: 0.1056
Coral_loss	: 0.0000
MMD_loss	: 4.3119
cond_ent_wt	: 4.7442
Src_reg_loss	: 0.0150
-------------------------------------
[Epoch : 248/500]
Total_loss	: 0.1057
Coral_loss	: 0.0000
MMD_loss	: 4.3193
cond_ent_wt	: 4.7434
Src_reg_loss	: 0.0150
-------------------------------------
[Epoch : 249/500]
Total_loss	: 0.1057
Coral_loss	: 0.0000
MMD_loss	: 4.3270
cond_ent_wt	: 4.7426
Src_reg_loss	: 0.0150
-------------------------------------
[Epoch : 250/500]
Total_loss	: 0.1057
Coral_loss	: 0.0000
MMD_loss	: 4.3347
cond_ent_wt	: 4.7418
Src_reg_loss	: 0.0150
-------------------------------------
[Epoch : 251/500]
Total_loss	: 0.1058
Coral_loss	: 0.0000
MMD_loss	: 4.3419
cond_ent_wt	: 4.7410
Src_reg_loss	: 0.0149
-------------------------------------
[Epoch : 252/500]
Total_loss	: 0.1058
Coral_loss	: 0.0000
MMD_loss	: 4.3492
cond_ent_wt	: 4.7401
Src_reg_loss	: 0.0149
-------------------------------------
[Epoch : 253/500]
Total_loss	: 0.1059
Coral_loss	: 0.0000
MMD_loss	: 4.3568
cond_ent_wt	: 4.7393
Src_reg_loss	: 0.0149
-------------------------------------
[Epoch : 254/500]
Total_loss	: 0.1059
Coral_loss	: 0.0000
MMD_loss	: 4.3642
cond_ent_wt	: 4.7384
Src_reg_loss	: 0.0149
-------------------------------------
[Epoch : 255/500]
Total_loss	: 0.1060
Coral_loss	: 0.0000
MMD_loss	: 4.3716
cond_ent_wt	: 4.7376
Src_reg_loss	: 0.0148
-------------------------------------
[Epoch : 256/500]
Total_loss	: 0.1060
Coral_loss	: 0.0000
MMD_loss	: 4.3792
cond_ent_wt	: 4.7367
Src_reg_loss	: 0.0148
-------------------------------------
[Epoch : 257/500]
Total_loss	: 0.1060
Coral_loss	: 0.0000
MMD_loss	: 4.3869
cond_ent_wt	: 4.7358
Src_reg_loss	: 0.0148
-------------------------------------
[Epoch : 258/500]
Total_loss	: 0.1061
Coral_loss	: 0.0000
MMD_loss	: 4.3941
cond_ent_wt	: 4.7350
Src_reg_loss	: 0.0148
-------------------------------------
[Epoch : 259/500]
Total_loss	: 0.1061
Coral_loss	: 0.0000
MMD_loss	: 4.4017
cond_ent_wt	: 4.7341
Src_reg_loss	: 0.0147
-------------------------------------
[Epoch : 260/500]
Total_loss	: 0.1062
Coral_loss	: 0.0000
MMD_loss	: 4.4093
cond_ent_wt	: 4.7332
Src_reg_loss	: 0.0147
-------------------------------------
[Epoch : 261/500]
Total_loss	: 0.1062
Coral_loss	: 0.0000
MMD_loss	: 4.4166
cond_ent_wt	: 4.7323
Src_reg_loss	: 0.0147
-------------------------------------
[Epoch : 262/500]
Total_loss	: 0.1062
Coral_loss	: 0.0000
MMD_loss	: 4.4241
cond_ent_wt	: 4.7315
Src_reg_loss	: 0.0147
-------------------------------------
[Epoch : 263/500]
Total_loss	: 0.1063
Coral_loss	: 0.0000
MMD_loss	: 4.4318
cond_ent_wt	: 4.7306
Src_reg_loss	: 0.0146
-------------------------------------
[Epoch : 264/500]
Total_loss	: 0.1063
Coral_loss	: 0.0000
MMD_loss	: 4.4393
cond_ent_wt	: 4.7297
Src_reg_loss	: 0.0146
-------------------------------------
[Epoch : 265/500]
Total_loss	: 0.1064
Coral_loss	: 0.0000
MMD_loss	: 4.4467
cond_ent_wt	: 4.7288
Src_reg_loss	: 0.0146
-------------------------------------
[Epoch : 266/500]
Total_loss	: 0.1064
Coral_loss	: 0.0000
MMD_loss	: 4.4544
cond_ent_wt	: 4.7279
Src_reg_loss	: 0.0146
-------------------------------------
[Epoch : 267/500]
Total_loss	: 0.1065
Coral_loss	: 0.0000
MMD_loss	: 4.4620
cond_ent_wt	: 4.7270
Src_reg_loss	: 0.0145
-------------------------------------
[Epoch : 268/500]
Total_loss	: 0.1065
Coral_loss	: 0.0000
MMD_loss	: 4.4692
cond_ent_wt	: 4.7261
Src_reg_loss	: 0.0145
-------------------------------------
[Epoch : 269/500]
Total_loss	: 0.1065
Coral_loss	: 0.0000
MMD_loss	: 4.4767
cond_ent_wt	: 4.7253
Src_reg_loss	: 0.0145
-------------------------------------
[Epoch : 270/500]
Total_loss	: 0.1066
Coral_loss	: 0.0000
MMD_loss	: 4.4843
cond_ent_wt	: 4.7244
Src_reg_loss	: 0.0145
-------------------------------------
[Epoch : 271/500]
Total_loss	: 0.1066
Coral_loss	: 0.0000
MMD_loss	: 4.4916
cond_ent_wt	: 4.7235
Src_reg_loss	: 0.0145
-------------------------------------
[Epoch : 272/500]
Total_loss	: 0.1067
Coral_loss	: 0.0000
MMD_loss	: 4.4991
cond_ent_wt	: 4.7226
Src_reg_loss	: 0.0144
-------------------------------------
[Epoch : 273/500]
Total_loss	: 0.1067
Coral_loss	: 0.0000
MMD_loss	: 4.5063
cond_ent_wt	: 4.7217
Src_reg_loss	: 0.0144
-------------------------------------
[Epoch : 274/500]
Total_loss	: 0.1068
Coral_loss	: 0.0000
MMD_loss	: 4.5136
cond_ent_wt	: 4.7209
Src_reg_loss	: 0.0144
-------------------------------------
[Epoch : 275/500]
Total_loss	: 0.1068
Coral_loss	: 0.0000
MMD_loss	: 4.5213
cond_ent_wt	: 4.7200
Src_reg_loss	: 0.0144
-------------------------------------
[Epoch : 276/500]
Total_loss	: 0.1068
Coral_loss	: 0.0000
MMD_loss	: 4.5283
cond_ent_wt	: 4.7191
Src_reg_loss	: 0.0143
-------------------------------------
[Epoch : 277/500]
Total_loss	: 0.1069
Coral_loss	: 0.0000
MMD_loss	: 4.5358
cond_ent_wt	: 4.7183
Src_reg_loss	: 0.0143
-------------------------------------
[Epoch : 278/500]
Total_loss	: 0.1069
Coral_loss	: 0.0000
MMD_loss	: 4.5428
cond_ent_wt	: 4.7174
Src_reg_loss	: 0.0143
-------------------------------------
[Epoch : 279/500]
Total_loss	: 0.1070
Coral_loss	: 0.0000
MMD_loss	: 4.5501
cond_ent_wt	: 4.7165
Src_reg_loss	: 0.0143
-------------------------------------
[Epoch : 280/500]
Total_loss	: 0.1070
Coral_loss	: 0.0000
MMD_loss	: 4.5577
cond_ent_wt	: 4.7157
Src_reg_loss	: 0.0142
-------------------------------------
[Epoch : 281/500]
Total_loss	: 0.1070
Coral_loss	: 0.0000
MMD_loss	: 4.5645
cond_ent_wt	: 4.7148
Src_reg_loss	: 0.0142
-------------------------------------
[Epoch : 282/500]
Total_loss	: 0.1071
Coral_loss	: 0.0000
MMD_loss	: 4.5718
cond_ent_wt	: 4.7140
Src_reg_loss	: 0.0142
-------------------------------------
[Epoch : 283/500]
Total_loss	: 0.1071
Coral_loss	: 0.0000
MMD_loss	: 4.5788
cond_ent_wt	: 4.7131
Src_reg_loss	: 0.0142
-------------------------------------
[Epoch : 284/500]
Total_loss	: 0.1072
Coral_loss	: 0.0000
MMD_loss	: 4.5856
cond_ent_wt	: 4.7123
Src_reg_loss	: 0.0142
-------------------------------------
[Epoch : 285/500]
Total_loss	: 0.1072
Coral_loss	: 0.0000
MMD_loss	: 4.5928
cond_ent_wt	: 4.7115
Src_reg_loss	: 0.0142
-------------------------------------
[Epoch : 286/500]
Total_loss	: 0.1073
Coral_loss	: 0.0000
MMD_loss	: 4.6006
cond_ent_wt	: 4.7107
Src_reg_loss	: 0.0141
-------------------------------------
[Epoch : 287/500]
Total_loss	: 0.1073
Coral_loss	: 0.0000
MMD_loss	: 4.6081
cond_ent_wt	: 4.7099
Src_reg_loss	: 0.0141
-------------------------------------
[Epoch : 288/500]
Total_loss	: 0.1074
Coral_loss	: 0.0000
MMD_loss	: 4.6150
cond_ent_wt	: 4.7090
Src_reg_loss	: 0.0141
-------------------------------------
[Epoch : 289/500]
Total_loss	: 0.1074
Coral_loss	: 0.0000
MMD_loss	: 4.6226
cond_ent_wt	: 4.7082
Src_reg_loss	: 0.0141
-------------------------------------
[Epoch : 290/500]
Total_loss	: 0.1074
Coral_loss	: 0.0000
MMD_loss	: 4.6295
cond_ent_wt	: 4.7074
Src_reg_loss	: 0.0141
-------------------------------------
[Epoch : 291/500]
Total_loss	: 0.1075
Coral_loss	: 0.0000
MMD_loss	: 4.6364
cond_ent_wt	: 4.7065
Src_reg_loss	: 0.0140
-------------------------------------
[Epoch : 292/500]
Total_loss	: 0.1075
Coral_loss	: 0.0000
MMD_loss	: 4.6440
cond_ent_wt	: 4.7058
Src_reg_loss	: 0.0140
-------------------------------------
[Epoch : 293/500]
Total_loss	: 0.1076
Coral_loss	: 0.0000
MMD_loss	: 4.6512
cond_ent_wt	: 4.7049
Src_reg_loss	: 0.0140
-------------------------------------
[Epoch : 294/500]
Total_loss	: 0.1076
Coral_loss	: 0.0000
MMD_loss	: 4.6583
cond_ent_wt	: 4.7041
Src_reg_loss	: 0.0140
-------------------------------------
[Epoch : 295/500]
Total_loss	: 0.1077
Coral_loss	: 0.0000
MMD_loss	: 4.6649
cond_ent_wt	: 4.7033
Src_reg_loss	: 0.0140
-------------------------------------
[Epoch : 296/500]
Total_loss	: 0.1077
Coral_loss	: 0.0000
MMD_loss	: 4.6715
cond_ent_wt	: 4.7025
Src_reg_loss	: 0.0139
-------------------------------------
[Epoch : 297/500]
Total_loss	: 0.1077
Coral_loss	: 0.0000
MMD_loss	: 4.6782
cond_ent_wt	: 4.7017
Src_reg_loss	: 0.0139
-------------------------------------
[Epoch : 298/500]
Total_loss	: 0.1078
Coral_loss	: 0.0000
MMD_loss	: 4.6845
cond_ent_wt	: 4.7008
Src_reg_loss	: 0.0139
-------------------------------------
[Epoch : 299/500]
Total_loss	: 0.1078
Coral_loss	: 0.0000
MMD_loss	: 4.6910
cond_ent_wt	: 4.7000
Src_reg_loss	: 0.0139
-------------------------------------
[Epoch : 300/500]
Total_loss	: 0.1078
Coral_loss	: 0.0000
MMD_loss	: 4.6975
cond_ent_wt	: 4.6992
Src_reg_loss	: 0.0138
-------------------------------------
[Epoch : 301/500]
Total_loss	: 0.1079
Coral_loss	: 0.0000
MMD_loss	: 4.7036
cond_ent_wt	: 4.6984
Src_reg_loss	: 0.0138
-------------------------------------
[Epoch : 302/500]
Total_loss	: 0.1079
Coral_loss	: 0.0000
MMD_loss	: 4.7100
cond_ent_wt	: 4.6976
Src_reg_loss	: 0.0138
-------------------------------------
[Epoch : 303/500]
Total_loss	: 0.1079
Coral_loss	: 0.0000
MMD_loss	: 4.7161
cond_ent_wt	: 4.6968
Src_reg_loss	: 0.0138
-------------------------------------
[Epoch : 304/500]
Total_loss	: 0.1080
Coral_loss	: 0.0000
MMD_loss	: 4.7223
cond_ent_wt	: 4.6960
Src_reg_loss	: 0.0138
-------------------------------------
[Epoch : 305/500]
Total_loss	: 0.1080
Coral_loss	: 0.0000
MMD_loss	: 4.7285
cond_ent_wt	: 4.6952
Src_reg_loss	: 0.0137
-------------------------------------
[Epoch : 306/500]
Total_loss	: 0.1080
Coral_loss	: 0.0000
MMD_loss	: 4.7345
cond_ent_wt	: 4.6944
Src_reg_loss	: 0.0137
-------------------------------------
[Epoch : 307/500]
Total_loss	: 0.1081
Coral_loss	: 0.0000
MMD_loss	: 4.7406
cond_ent_wt	: 4.6936
Src_reg_loss	: 0.0137
-------------------------------------
[Epoch : 308/500]
Total_loss	: 0.1081
Coral_loss	: 0.0000
MMD_loss	: 4.7466
cond_ent_wt	: 4.6928
Src_reg_loss	: 0.0137
-------------------------------------
[Epoch : 309/500]
Total_loss	: 0.1081
Coral_loss	: 0.0000
MMD_loss	: 4.7527
cond_ent_wt	: 4.6921
Src_reg_loss	: 0.0136
-------------------------------------
[Epoch : 310/500]
Total_loss	: 0.1082
Coral_loss	: 0.0000
MMD_loss	: 4.7587
cond_ent_wt	: 4.6913
Src_reg_loss	: 0.0136
-------------------------------------
[Epoch : 311/500]
Total_loss	: 0.1082
Coral_loss	: 0.0000
MMD_loss	: 4.7645
cond_ent_wt	: 4.6905
Src_reg_loss	: 0.0136
-------------------------------------
[Epoch : 312/500]
Total_loss	: 0.1082
Coral_loss	: 0.0000
MMD_loss	: 4.7705
cond_ent_wt	: 4.6897
Src_reg_loss	: 0.0136
-------------------------------------
[Epoch : 313/500]
Total_loss	: 0.1083
Coral_loss	: 0.0000
MMD_loss	: 4.7764
cond_ent_wt	: 4.6890
Src_reg_loss	: 0.0136
-------------------------------------
[Epoch : 314/500]
Total_loss	: 0.1083
Coral_loss	: 0.0000
MMD_loss	: 4.7822
cond_ent_wt	: 4.6882
Src_reg_loss	: 0.0135
-------------------------------------
[Epoch : 315/500]
Total_loss	: 0.1083
Coral_loss	: 0.0000
MMD_loss	: 4.7883
cond_ent_wt	: 4.6875
Src_reg_loss	: 0.0135
-------------------------------------
[Epoch : 316/500]
Total_loss	: 0.1083
Coral_loss	: 0.0000
MMD_loss	: 4.7940
cond_ent_wt	: 4.6867
Src_reg_loss	: 0.0135
-------------------------------------
[Epoch : 317/500]
Total_loss	: 0.1084
Coral_loss	: 0.0000
MMD_loss	: 4.7994
cond_ent_wt	: 4.6860
Src_reg_loss	: 0.0135
-------------------------------------
[Epoch : 318/500]
Total_loss	: 0.1084
Coral_loss	: 0.0000
MMD_loss	: 4.8063
cond_ent_wt	: 4.6853
Src_reg_loss	: 0.0135
-------------------------------------
[Epoch : 319/500]
Total_loss	: 0.1085
Coral_loss	: 0.0000
MMD_loss	: 4.8126
cond_ent_wt	: 4.6846
Src_reg_loss	: 0.0135
-------------------------------------
[Epoch : 320/500]
Total_loss	: 0.1085
Coral_loss	: 0.0000
MMD_loss	: 4.8188
cond_ent_wt	: 4.6839
Src_reg_loss	: 0.0134
-------------------------------------
[Epoch : 321/500]
Total_loss	: 0.1086
Coral_loss	: 0.0000
MMD_loss	: 4.8254
cond_ent_wt	: 4.6832
Src_reg_loss	: 0.0134
-------------------------------------
[Epoch : 322/500]
Total_loss	: 0.1086
Coral_loss	: 0.0000
MMD_loss	: 4.8311
cond_ent_wt	: 4.6825
Src_reg_loss	: 0.0134
-------------------------------------
[Epoch : 323/500]
Total_loss	: 0.1086
Coral_loss	: 0.0000
MMD_loss	: 4.8370
cond_ent_wt	: 4.6818
Src_reg_loss	: 0.0134
-------------------------------------
[Epoch : 324/500]
Total_loss	: 0.1087
Coral_loss	: 0.0000
MMD_loss	: 4.8430
cond_ent_wt	: 4.6810
Src_reg_loss	: 0.0134
-------------------------------------
[Epoch : 325/500]
Total_loss	: 0.1087
Coral_loss	: 0.0000
MMD_loss	: 4.8491
cond_ent_wt	: 4.6803
Src_reg_loss	: 0.0134
-------------------------------------
[Epoch : 326/500]
Total_loss	: 0.1087
Coral_loss	: 0.0000
MMD_loss	: 4.8551
cond_ent_wt	: 4.6796
Src_reg_loss	: 0.0133
-------------------------------------
[Epoch : 327/500]
Total_loss	: 0.1088
Coral_loss	: 0.0000
MMD_loss	: 4.8606
cond_ent_wt	: 4.6789
Src_reg_loss	: 0.0133
-------------------------------------
[Epoch : 328/500]
Total_loss	: 0.1088
Coral_loss	: 0.0000
MMD_loss	: 4.8668
cond_ent_wt	: 4.6782
Src_reg_loss	: 0.0133
-------------------------------------
[Epoch : 329/500]
Total_loss	: 0.1088
Coral_loss	: 0.0000
MMD_loss	: 4.8727
cond_ent_wt	: 4.6775
Src_reg_loss	: 0.0133
-------------------------------------
[Epoch : 330/500]
Total_loss	: 0.1089
Coral_loss	: 0.0000
MMD_loss	: 4.8781
cond_ent_wt	: 4.6769
Src_reg_loss	: 0.0133
-------------------------------------
[Epoch : 331/500]
Total_loss	: 0.1089
Coral_loss	: 0.0000
MMD_loss	: 4.8844
cond_ent_wt	: 4.6762
Src_reg_loss	: 0.0133
-------------------------------------
[Epoch : 332/500]
Total_loss	: 0.1089
Coral_loss	: 0.0000
MMD_loss	: 4.8899
cond_ent_wt	: 4.6755
Src_reg_loss	: 0.0132
-------------------------------------
[Epoch : 333/500]
Total_loss	: 0.1090
Coral_loss	: 0.0000
MMD_loss	: 4.8951
cond_ent_wt	: 4.6748
Src_reg_loss	: 0.0132
-------------------------------------
[Epoch : 334/500]
Total_loss	: 0.1090
Coral_loss	: 0.0000
MMD_loss	: 4.9008
cond_ent_wt	: 4.6741
Src_reg_loss	: 0.0132
-------------------------------------
[Epoch : 335/500]
Total_loss	: 0.1090
Coral_loss	: 0.0000
MMD_loss	: 4.9058
cond_ent_wt	: 4.6734
Src_reg_loss	: 0.0132
-------------------------------------
[Epoch : 336/500]
Total_loss	: 0.1091
Coral_loss	: 0.0000
MMD_loss	: 4.9111
cond_ent_wt	: 4.6728
Src_reg_loss	: 0.0132
-------------------------------------
[Epoch : 337/500]
Total_loss	: 0.1091
Coral_loss	: 0.0000
MMD_loss	: 4.9169
cond_ent_wt	: 4.6721
Src_reg_loss	: 0.0132
-------------------------------------
[Epoch : 338/500]
Total_loss	: 0.1091
Coral_loss	: 0.0000
MMD_loss	: 4.9227
cond_ent_wt	: 4.6715
Src_reg_loss	: 0.0131
-------------------------------------
[Epoch : 339/500]
Total_loss	: 0.1092
Coral_loss	: 0.0000
MMD_loss	: 4.9280
cond_ent_wt	: 4.6708
Src_reg_loss	: 0.0131
-------------------------------------
[Epoch : 340/500]
Total_loss	: 0.1092
Coral_loss	: 0.0000
MMD_loss	: 4.9333
cond_ent_wt	: 4.6701
Src_reg_loss	: 0.0131
-------------------------------------
[Epoch : 341/500]
Total_loss	: 0.1092
Coral_loss	: 0.0000
MMD_loss	: 4.9385
cond_ent_wt	: 4.6695
Src_reg_loss	: 0.0131
-------------------------------------
[Epoch : 342/500]
Total_loss	: 0.1092
Coral_loss	: 0.0000
MMD_loss	: 4.9438
cond_ent_wt	: 4.6688
Src_reg_loss	: 0.0131
-------------------------------------
[Epoch : 343/500]
Total_loss	: 0.1093
Coral_loss	: 0.0000
MMD_loss	: 4.9489
cond_ent_wt	: 4.6681
Src_reg_loss	: 0.0131
-------------------------------------
[Epoch : 344/500]
Total_loss	: 0.1093
Coral_loss	: 0.0000
MMD_loss	: 4.9540
cond_ent_wt	: 4.6675
Src_reg_loss	: 0.0130
-------------------------------------
[Epoch : 345/500]
Total_loss	: 0.1093
Coral_loss	: 0.0000
MMD_loss	: 4.9589
cond_ent_wt	: 4.6668
Src_reg_loss	: 0.0130
-------------------------------------
[Epoch : 346/500]
Total_loss	: 0.1094
Coral_loss	: 0.0000
MMD_loss	: 4.9640
cond_ent_wt	: 4.6662
Src_reg_loss	: 0.0130
-------------------------------------
[Epoch : 347/500]
Total_loss	: 0.1094
Coral_loss	: 0.0000
MMD_loss	: 4.9693
cond_ent_wt	: 4.6655
Src_reg_loss	: 0.0130
-------------------------------------
[Epoch : 348/500]
Total_loss	: 0.1094
Coral_loss	: 0.0000
MMD_loss	: 4.9743
cond_ent_wt	: 4.6649
Src_reg_loss	: 0.0130
-------------------------------------
[Epoch : 349/500]
Total_loss	: 0.1094
Coral_loss	: 0.0000
MMD_loss	: 4.9791
cond_ent_wt	: 4.6643
Src_reg_loss	: 0.0130
-------------------------------------
[Epoch : 350/500]
Total_loss	: 0.1095
Coral_loss	: 0.0000
MMD_loss	: 4.9848
cond_ent_wt	: 4.6636
Src_reg_loss	: 0.0130
-------------------------------------
[Epoch : 351/500]
Total_loss	: 0.1095
Coral_loss	: 0.0000
MMD_loss	: 4.9905
cond_ent_wt	: 4.6630
Src_reg_loss	: 0.0129
-------------------------------------
[Epoch : 352/500]
Total_loss	: 0.1095
Coral_loss	: 0.0000
MMD_loss	: 4.9956
cond_ent_wt	: 4.6624
Src_reg_loss	: 0.0129
-------------------------------------
[Epoch : 353/500]
Total_loss	: 0.1096
Coral_loss	: 0.0000
MMD_loss	: 5.0008
cond_ent_wt	: 4.6618
Src_reg_loss	: 0.0129
-------------------------------------
[Epoch : 354/500]
Total_loss	: 0.1096
Coral_loss	: 0.0000
MMD_loss	: 5.0054
cond_ent_wt	: 4.6612
Src_reg_loss	: 0.0129
-------------------------------------
[Epoch : 355/500]
Total_loss	: 0.1096
Coral_loss	: 0.0000
MMD_loss	: 5.0100
cond_ent_wt	: 4.6606
Src_reg_loss	: 0.0129
-------------------------------------
[Epoch : 356/500]
Total_loss	: 0.1097
Coral_loss	: 0.0000
MMD_loss	: 5.0154
cond_ent_wt	: 4.6600
Src_reg_loss	: 0.0129
-------------------------------------
[Epoch : 357/500]
Total_loss	: 0.1097
Coral_loss	: 0.0000
MMD_loss	: 5.0205
cond_ent_wt	: 4.6594
Src_reg_loss	: 0.0128
-------------------------------------
[Epoch : 358/500]
Total_loss	: 0.1097
Coral_loss	: 0.0000
MMD_loss	: 5.0252
cond_ent_wt	: 4.6588
Src_reg_loss	: 0.0128
-------------------------------------
[Epoch : 359/500]
Total_loss	: 0.1097
Coral_loss	: 0.0000
MMD_loss	: 5.0299
cond_ent_wt	: 4.6581
Src_reg_loss	: 0.0128
-------------------------------------
[Epoch : 360/500]
Total_loss	: 0.1098
Coral_loss	: 0.0000
MMD_loss	: 5.0342
cond_ent_wt	: 4.6575
Src_reg_loss	: 0.0128
-------------------------------------
[Epoch : 361/500]
Total_loss	: 0.1098
Coral_loss	: 0.0000
MMD_loss	: 5.0388
cond_ent_wt	: 4.6569
Src_reg_loss	: 0.0128
-------------------------------------
[Epoch : 362/500]
Total_loss	: 0.1098
Coral_loss	: 0.0000
MMD_loss	: 5.0436
cond_ent_wt	: 4.6563
Src_reg_loss	: 0.0128
-------------------------------------
[Epoch : 363/500]
Total_loss	: 0.1098
Coral_loss	: 0.0000
MMD_loss	: 5.0480
cond_ent_wt	: 4.6557
Src_reg_loss	: 0.0127
-------------------------------------
[Epoch : 364/500]
Total_loss	: 0.1098
Coral_loss	: 0.0000
MMD_loss	: 5.0524
cond_ent_wt	: 4.6551
Src_reg_loss	: 0.0127
-------------------------------------
[Epoch : 365/500]
Total_loss	: 0.1099
Coral_loss	: 0.0000
MMD_loss	: 5.0569
cond_ent_wt	: 4.6545
Src_reg_loss	: 0.0127
-------------------------------------
[Epoch : 366/500]
Total_loss	: 0.1099
Coral_loss	: 0.0000
MMD_loss	: 5.0614
cond_ent_wt	: 4.6540
Src_reg_loss	: 0.0127
-------------------------------------
[Epoch : 367/500]
Total_loss	: 0.1099
Coral_loss	: 0.0000
MMD_loss	: 5.0660
cond_ent_wt	: 4.6534
Src_reg_loss	: 0.0127
-------------------------------------
[Epoch : 368/500]
Total_loss	: 0.1099
Coral_loss	: 0.0000
MMD_loss	: 5.0704
cond_ent_wt	: 4.6528
Src_reg_loss	: 0.0127
-------------------------------------
[Epoch : 369/500]
Total_loss	: 0.1100
Coral_loss	: 0.0000
MMD_loss	: 5.0748
cond_ent_wt	: 4.6522
Src_reg_loss	: 0.0126
-------------------------------------
[Epoch : 370/500]
Total_loss	: 0.1100
Coral_loss	: 0.0000
MMD_loss	: 5.0791
cond_ent_wt	: 4.6516
Src_reg_loss	: 0.0126
-------------------------------------
[Epoch : 371/500]
Total_loss	: 0.1100
Coral_loss	: 0.0000
MMD_loss	: 5.0835
cond_ent_wt	: 4.6511
Src_reg_loss	: 0.0126
-------------------------------------
[Epoch : 372/500]
Total_loss	: 0.1100
Coral_loss	: 0.0000
MMD_loss	: 5.0879
cond_ent_wt	: 4.6505
Src_reg_loss	: 0.0126
-------------------------------------
[Epoch : 373/500]
Total_loss	: 0.1100
Coral_loss	: 0.0000
MMD_loss	: 5.0923
cond_ent_wt	: 4.6499
Src_reg_loss	: 0.0126
-------------------------------------
[Epoch : 374/500]
Total_loss	: 0.1101
Coral_loss	: 0.0000
MMD_loss	: 5.0966
cond_ent_wt	: 4.6494
Src_reg_loss	: 0.0126
-------------------------------------
[Epoch : 375/500]
Total_loss	: 0.1101
Coral_loss	: 0.0000
MMD_loss	: 5.1010
cond_ent_wt	: 4.6488
Src_reg_loss	: 0.0125
-------------------------------------
[Epoch : 376/500]
Total_loss	: 0.1101
Coral_loss	: 0.0000
MMD_loss	: 5.1052
cond_ent_wt	: 4.6482
Src_reg_loss	: 0.0125
-------------------------------------
[Epoch : 377/500]
Total_loss	: 0.1101
Coral_loss	: 0.0000
MMD_loss	: 5.1095
cond_ent_wt	: 4.6477
Src_reg_loss	: 0.0125
-------------------------------------
[Epoch : 378/500]
Total_loss	: 0.1102
Coral_loss	: 0.0000
MMD_loss	: 5.1139
cond_ent_wt	: 4.6471
Src_reg_loss	: 0.0125
-------------------------------------
[Epoch : 379/500]
Total_loss	: 0.1102
Coral_loss	: 0.0000
MMD_loss	: 5.1180
cond_ent_wt	: 4.6466
Src_reg_loss	: 0.0125
-------------------------------------
[Epoch : 380/500]
Total_loss	: 0.1102
Coral_loss	: 0.0000
MMD_loss	: 5.1222
cond_ent_wt	: 4.6460
Src_reg_loss	: 0.0125
-------------------------------------
[Epoch : 381/500]
Total_loss	: 0.1102
Coral_loss	: 0.0000
MMD_loss	: 5.1265
cond_ent_wt	: 4.6455
Src_reg_loss	: 0.0124
-------------------------------------
[Epoch : 382/500]
Total_loss	: 0.1102
Coral_loss	: 0.0000
MMD_loss	: 5.1307
cond_ent_wt	: 4.6449
Src_reg_loss	: 0.0124
-------------------------------------
[Epoch : 383/500]
Total_loss	: 0.1103
Coral_loss	: 0.0000
MMD_loss	: 5.1348
cond_ent_wt	: 4.6444
Src_reg_loss	: 0.0124
-------------------------------------
[Epoch : 384/500]
Total_loss	: 0.1103
Coral_loss	: 0.0000
MMD_loss	: 5.1391
cond_ent_wt	: 4.6439
Src_reg_loss	: 0.0124
-------------------------------------
[Epoch : 385/500]
Total_loss	: 0.1103
Coral_loss	: 0.0000
MMD_loss	: 5.1431
cond_ent_wt	: 4.6433
Src_reg_loss	: 0.0124
-------------------------------------
[Epoch : 386/500]
Total_loss	: 0.1103
Coral_loss	: 0.0000
MMD_loss	: 5.1473
cond_ent_wt	: 4.6428
Src_reg_loss	: 0.0124
-------------------------------------
[Epoch : 387/500]
Total_loss	: 0.1103
Coral_loss	: 0.0000
MMD_loss	: 5.1513
cond_ent_wt	: 4.6423
Src_reg_loss	: 0.0124
-------------------------------------
[Epoch : 388/500]
Total_loss	: 0.1104
Coral_loss	: 0.0000
MMD_loss	: 5.1553
cond_ent_wt	: 4.6417
Src_reg_loss	: 0.0123
-------------------------------------
[Epoch : 389/500]
Total_loss	: 0.1104
Coral_loss	: 0.0000
MMD_loss	: 5.1594
cond_ent_wt	: 4.6412
Src_reg_loss	: 0.0123
-------------------------------------
[Epoch : 390/500]
Total_loss	: 0.1104
Coral_loss	: 0.0001
MMD_loss	: 5.1636
cond_ent_wt	: 4.6407
Src_reg_loss	: 0.0123
-------------------------------------
[Epoch : 391/500]
Total_loss	: 0.1104
Coral_loss	: 0.0001
MMD_loss	: 5.1675
cond_ent_wt	: 4.6402
Src_reg_loss	: 0.0123
-------------------------------------
[Epoch : 392/500]
Total_loss	: 0.1104
Coral_loss	: 0.0001
MMD_loss	: 5.1715
cond_ent_wt	: 4.6396
Src_reg_loss	: 0.0123
-------------------------------------
[Epoch : 393/500]
Total_loss	: 0.1105
Coral_loss	: 0.0001
MMD_loss	: 5.1756
cond_ent_wt	: 4.6391
Src_reg_loss	: 0.0123
-------------------------------------
[Epoch : 394/500]
Total_loss	: 0.1105
Coral_loss	: 0.0001
MMD_loss	: 5.1796
cond_ent_wt	: 4.6386
Src_reg_loss	: 0.0122
-------------------------------------
[Epoch : 395/500]
Total_loss	: 0.1105
Coral_loss	: 0.0001
MMD_loss	: 5.1838
cond_ent_wt	: 4.6381
Src_reg_loss	: 0.0122
-------------------------------------
[Epoch : 396/500]
Total_loss	: 0.1105
Coral_loss	: 0.0001
MMD_loss	: 5.1881
cond_ent_wt	: 4.6376
Src_reg_loss	: 0.0122
-------------------------------------
[Epoch : 397/500]
Total_loss	: 0.1105
Coral_loss	: 0.0001
MMD_loss	: 5.1919
cond_ent_wt	: 4.6371
Src_reg_loss	: 0.0122
-------------------------------------
[Epoch : 398/500]
Total_loss	: 0.1106
Coral_loss	: 0.0001
MMD_loss	: 5.1961
cond_ent_wt	: 4.6366
Src_reg_loss	: 0.0122
-------------------------------------
[Epoch : 399/500]
Total_loss	: 0.1106
Coral_loss	: 0.0001
MMD_loss	: 5.2001
cond_ent_wt	: 4.6361
Src_reg_loss	: 0.0122
-------------------------------------
[Epoch : 400/500]
Total_loss	: 0.1106
Coral_loss	: 0.0001
MMD_loss	: 5.2038
cond_ent_wt	: 4.6356
Src_reg_loss	: 0.0122
-------------------------------------
[Epoch : 401/500]
Total_loss	: 0.1106
Coral_loss	: 0.0001
MMD_loss	: 5.2079
cond_ent_wt	: 4.6351
Src_reg_loss	: 0.0122
-------------------------------------
[Epoch : 402/500]
Total_loss	: 0.1107
Coral_loss	: 0.0001
MMD_loss	: 5.2118
cond_ent_wt	: 4.6346
Src_reg_loss	: 0.0121
-------------------------------------
[Epoch : 403/500]
Total_loss	: 0.1107
Coral_loss	: 0.0001
MMD_loss	: 5.2157
cond_ent_wt	: 4.6341
Src_reg_loss	: 0.0121
-------------------------------------
[Epoch : 404/500]
Total_loss	: 0.1107
Coral_loss	: 0.0001
MMD_loss	: 5.2197
cond_ent_wt	: 4.6337
Src_reg_loss	: 0.0121
-------------------------------------
[Epoch : 405/500]
Total_loss	: 0.1107
Coral_loss	: 0.0001
MMD_loss	: 5.2236
cond_ent_wt	: 4.6332
Src_reg_loss	: 0.0121
-------------------------------------
[Epoch : 406/500]
Total_loss	: 0.1107
Coral_loss	: 0.0001
MMD_loss	: 5.2276
cond_ent_wt	: 4.6327
Src_reg_loss	: 0.0121
-------------------------------------
[Epoch : 407/500]
Total_loss	: 0.1108
Coral_loss	: 0.0001
MMD_loss	: 5.2317
cond_ent_wt	: 4.6322
Src_reg_loss	: 0.0121
-------------------------------------
[Epoch : 408/500]
Total_loss	: 0.1108
Coral_loss	: 0.0001
MMD_loss	: 5.2356
cond_ent_wt	: 4.6317
Src_reg_loss	: 0.0121
-------------------------------------
[Epoch : 409/500]
Total_loss	: 0.1108
Coral_loss	: 0.0001
MMD_loss	: 5.2395
cond_ent_wt	: 4.6313
Src_reg_loss	: 0.0120
-------------------------------------
[Epoch : 410/500]
Total_loss	: 0.1108
Coral_loss	: 0.0001
MMD_loss	: 5.2436
cond_ent_wt	: 4.6308
Src_reg_loss	: 0.0120
-------------------------------------
[Epoch : 411/500]
Total_loss	: 0.1108
Coral_loss	: 0.0001
MMD_loss	: 5.2474
cond_ent_wt	: 4.6303
Src_reg_loss	: 0.0120
-------------------------------------
[Epoch : 412/500]
Total_loss	: 0.1109
Coral_loss	: 0.0001
MMD_loss	: 5.2511
cond_ent_wt	: 4.6299
Src_reg_loss	: 0.0120
-------------------------------------
[Epoch : 413/500]
Total_loss	: 0.1109
Coral_loss	: 0.0001
MMD_loss	: 5.2549
cond_ent_wt	: 4.6294
Src_reg_loss	: 0.0120
-------------------------------------
[Epoch : 414/500]
Total_loss	: 0.1109
Coral_loss	: 0.0001
MMD_loss	: 5.2586
cond_ent_wt	: 4.6289
Src_reg_loss	: 0.0120
-------------------------------------
[Epoch : 415/500]
Total_loss	: 0.1109
Coral_loss	: 0.0001
MMD_loss	: 5.2623
cond_ent_wt	: 4.6285
Src_reg_loss	: 0.0120
-------------------------------------
[Epoch : 416/500]
Total_loss	: 0.1109
Coral_loss	: 0.0001
MMD_loss	: 5.2659
cond_ent_wt	: 4.6280
Src_reg_loss	: 0.0119
-------------------------------------
[Epoch : 417/500]
Total_loss	: 0.1110
Coral_loss	: 0.0001
MMD_loss	: 5.2694
cond_ent_wt	: 4.6275
Src_reg_loss	: 0.0119
-------------------------------------
[Epoch : 418/500]
Total_loss	: 0.1110
Coral_loss	: 0.0001
MMD_loss	: 5.2730
cond_ent_wt	: 4.6271
Src_reg_loss	: 0.0119
-------------------------------------
[Epoch : 419/500]
Total_loss	: 0.1110
Coral_loss	: 0.0001
MMD_loss	: 5.2765
cond_ent_wt	: 4.6266
Src_reg_loss	: 0.0119
-------------------------------------
[Epoch : 420/500]
Total_loss	: 0.1110
Coral_loss	: 0.0001
MMD_loss	: 5.2799
cond_ent_wt	: 4.6261
Src_reg_loss	: 0.0119
-------------------------------------
[Epoch : 421/500]
Total_loss	: 0.1110
Coral_loss	: 0.0001
MMD_loss	: 5.2834
cond_ent_wt	: 4.6257
Src_reg_loss	: 0.0119
-------------------------------------
[Epoch : 422/500]
Total_loss	: 0.1110
Coral_loss	: 0.0001
MMD_loss	: 5.2869
cond_ent_wt	: 4.6252
Src_reg_loss	: 0.0119
-------------------------------------
[Epoch : 423/500]
Total_loss	: 0.1111
Coral_loss	: 0.0001
MMD_loss	: 5.2903
cond_ent_wt	: 4.6248
Src_reg_loss	: 0.0118
-------------------------------------
[Epoch : 424/500]
Total_loss	: 0.1111
Coral_loss	: 0.0001
MMD_loss	: 5.2937
cond_ent_wt	: 4.6243
Src_reg_loss	: 0.0118
-------------------------------------
[Epoch : 425/500]
Total_loss	: 0.1111
Coral_loss	: 0.0001
MMD_loss	: 5.2972
cond_ent_wt	: 4.6239
Src_reg_loss	: 0.0118
-------------------------------------
[Epoch : 426/500]
Total_loss	: 0.1111
Coral_loss	: 0.0001
MMD_loss	: 5.3005
cond_ent_wt	: 4.6235
Src_reg_loss	: 0.0118
-------------------------------------
[Epoch : 427/500]
Total_loss	: 0.1111
Coral_loss	: 0.0001
MMD_loss	: 5.3039
cond_ent_wt	: 4.6230
Src_reg_loss	: 0.0118
-------------------------------------
[Epoch : 428/500]
Total_loss	: 0.1111
Coral_loss	: 0.0001
MMD_loss	: 5.3072
cond_ent_wt	: 4.6226
Src_reg_loss	: 0.0118
-------------------------------------
[Epoch : 429/500]
Total_loss	: 0.1111
Coral_loss	: 0.0001
MMD_loss	: 5.3105
cond_ent_wt	: 4.6221
Src_reg_loss	: 0.0118
-------------------------------------
[Epoch : 430/500]
Total_loss	: 0.1112
Coral_loss	: 0.0001
MMD_loss	: 5.3138
cond_ent_wt	: 4.6217
Src_reg_loss	: 0.0117
-------------------------------------
[Epoch : 431/500]
Total_loss	: 0.1112
Coral_loss	: 0.0001
MMD_loss	: 5.3170
cond_ent_wt	: 4.6213
Src_reg_loss	: 0.0117
-------------------------------------
[Epoch : 432/500]
Total_loss	: 0.1112
Coral_loss	: 0.0001
MMD_loss	: 5.3202
cond_ent_wt	: 4.6208
Src_reg_loss	: 0.0117
-------------------------------------
[Epoch : 433/500]
Total_loss	: 0.1112
Coral_loss	: 0.0001
MMD_loss	: 5.3234
cond_ent_wt	: 4.6204
Src_reg_loss	: 0.0117
-------------------------------------
[Epoch : 434/500]
Total_loss	: 0.1112
Coral_loss	: 0.0001
MMD_loss	: 5.3266
cond_ent_wt	: 4.6200
Src_reg_loss	: 0.0117
-------------------------------------
[Epoch : 435/500]
Total_loss	: 0.1112
Coral_loss	: 0.0001
MMD_loss	: 5.3298
cond_ent_wt	: 4.6195
Src_reg_loss	: 0.0117
-------------------------------------
[Epoch : 436/500]
Total_loss	: 0.1112
Coral_loss	: 0.0001
MMD_loss	: 5.3329
cond_ent_wt	: 4.6191
Src_reg_loss	: 0.0117
-------------------------------------
[Epoch : 437/500]
Total_loss	: 0.1113
Coral_loss	: 0.0001
MMD_loss	: 5.3360
cond_ent_wt	: 4.6187
Src_reg_loss	: 0.0117
-------------------------------------
[Epoch : 438/500]
Total_loss	: 0.1113
Coral_loss	: 0.0001
MMD_loss	: 5.3392
cond_ent_wt	: 4.6183
Src_reg_loss	: 0.0116
-------------------------------------
[Epoch : 439/500]
Total_loss	: 0.1113
Coral_loss	: 0.0001
MMD_loss	: 5.3423
cond_ent_wt	: 4.6179
Src_reg_loss	: 0.0116
-------------------------------------
[Epoch : 440/500]
Total_loss	: 0.1113
Coral_loss	: 0.0001
MMD_loss	: 5.3454
cond_ent_wt	: 4.6174
Src_reg_loss	: 0.0116
-------------------------------------
[Epoch : 441/500]
Total_loss	: 0.1113
Coral_loss	: 0.0001
MMD_loss	: 5.3484
cond_ent_wt	: 4.6170
Src_reg_loss	: 0.0116
-------------------------------------
[Epoch : 442/500]
Total_loss	: 0.1113
Coral_loss	: 0.0001
MMD_loss	: 5.3515
cond_ent_wt	: 4.6166
Src_reg_loss	: 0.0116
-------------------------------------
[Epoch : 443/500]
Total_loss	: 0.1113
Coral_loss	: 0.0001
MMD_loss	: 5.3546
cond_ent_wt	: 4.6162
Src_reg_loss	: 0.0116
-------------------------------------
[Epoch : 444/500]
Total_loss	: 0.1114
Coral_loss	: 0.0001
MMD_loss	: 5.3576
cond_ent_wt	: 4.6158
Src_reg_loss	: 0.0116
-------------------------------------
[Epoch : 445/500]
Total_loss	: 0.1114
Coral_loss	: 0.0001
MMD_loss	: 5.3605
cond_ent_wt	: 4.6154
Src_reg_loss	: 0.0115
-------------------------------------
[Epoch : 446/500]
Total_loss	: 0.1114
Coral_loss	: 0.0001
MMD_loss	: 5.3637
cond_ent_wt	: 4.6150
Src_reg_loss	: 0.0115
-------------------------------------
[Epoch : 447/500]
Total_loss	: 0.1114
Coral_loss	: 0.0001
MMD_loss	: 5.3670
cond_ent_wt	: 4.6146
Src_reg_loss	: 0.0115
-------------------------------------
[Epoch : 448/500]
Total_loss	: 0.1114
Coral_loss	: 0.0001
MMD_loss	: 5.3700
cond_ent_wt	: 4.6142
Src_reg_loss	: 0.0115
-------------------------------------
[Epoch : 449/500]
Total_loss	: 0.1114
Coral_loss	: 0.0001
MMD_loss	: 5.3730
cond_ent_wt	: 4.6138
Src_reg_loss	: 0.0115
-------------------------------------
[Epoch : 450/500]
Total_loss	: 0.1115
Coral_loss	: 0.0001
MMD_loss	: 5.3767
cond_ent_wt	: 4.6134
Src_reg_loss	: 0.0115
-------------------------------------
[Epoch : 451/500]
Total_loss	: 0.1115
Coral_loss	: 0.0001
MMD_loss	: 5.3808
cond_ent_wt	: 4.6131
Src_reg_loss	: 0.0115
-------------------------------------
[Epoch : 452/500]
Total_loss	: 0.1115
Coral_loss	: 0.0001
MMD_loss	: 5.3845
cond_ent_wt	: 4.6128
Src_reg_loss	: 0.0115
-------------------------------------
[Epoch : 453/500]
Total_loss	: 0.1115
Coral_loss	: 0.0001
MMD_loss	: 5.3879
cond_ent_wt	: 4.6124
Src_reg_loss	: 0.0115
-------------------------------------
[Epoch : 454/500]
Total_loss	: 0.1116
Coral_loss	: 0.0001
MMD_loss	: 5.3916
cond_ent_wt	: 4.6120
Src_reg_loss	: 0.0115
-------------------------------------
[Epoch : 455/500]
Total_loss	: 0.1116
Coral_loss	: 0.0001
MMD_loss	: 5.3948
cond_ent_wt	: 4.6116
Src_reg_loss	: 0.0115
-------------------------------------
[Epoch : 456/500]
Total_loss	: 0.1116
Coral_loss	: 0.0001
MMD_loss	: 5.3982
cond_ent_wt	: 4.6112
Src_reg_loss	: 0.0114
-------------------------------------
[Epoch : 457/500]
Total_loss	: 0.1116
Coral_loss	: 0.0001
MMD_loss	: 5.4018
cond_ent_wt	: 4.6109
Src_reg_loss	: 0.0114
-------------------------------------
[Epoch : 458/500]
Total_loss	: 0.1116
Coral_loss	: 0.0001
MMD_loss	: 5.4048
cond_ent_wt	: 4.6105
Src_reg_loss	: 0.0114
-------------------------------------
[Epoch : 459/500]
Total_loss	: 0.1117
Coral_loss	: 0.0001
MMD_loss	: 5.4084
cond_ent_wt	: 4.6101
Src_reg_loss	: 0.0114
-------------------------------------
[Epoch : 460/500]
Total_loss	: 0.1117
Coral_loss	: 0.0001
MMD_loss	: 5.4124
cond_ent_wt	: 4.6098
Src_reg_loss	: 0.0114
-------------------------------------
[Epoch : 461/500]
Total_loss	: 0.1117
Coral_loss	: 0.0001
MMD_loss	: 5.4159
cond_ent_wt	: 4.6094
Src_reg_loss	: 0.0114
-------------------------------------
[Epoch : 462/500]
Total_loss	: 0.1117
Coral_loss	: 0.0001
MMD_loss	: 5.4192
cond_ent_wt	: 4.6091
Src_reg_loss	: 0.0114
-------------------------------------
[Epoch : 463/500]
Total_loss	: 0.1118
Coral_loss	: 0.0001
MMD_loss	: 5.4226
cond_ent_wt	: 4.6087
Src_reg_loss	: 0.0114
-------------------------------------
[Epoch : 464/500]
Total_loss	: 0.1118
Coral_loss	: 0.0001
MMD_loss	: 5.4255
cond_ent_wt	: 4.6083
Src_reg_loss	: 0.0114
-------------------------------------
[Epoch : 465/500]
Total_loss	: 0.1118
Coral_loss	: 0.0001
MMD_loss	: 5.4288
cond_ent_wt	: 4.6079
Src_reg_loss	: 0.0114
-------------------------------------
[Epoch : 466/500]
Total_loss	: 0.1118
Coral_loss	: 0.0001
MMD_loss	: 5.4323
cond_ent_wt	: 4.6076
Src_reg_loss	: 0.0114
-------------------------------------
[Epoch : 467/500]
Total_loss	: 0.1118
Coral_loss	: 0.0001
MMD_loss	: 5.4355
cond_ent_wt	: 4.6072
Src_reg_loss	: 0.0114
-------------------------------------
[Epoch : 468/500]
Total_loss	: 0.1119
Coral_loss	: 0.0001
MMD_loss	: 5.4389
cond_ent_wt	: 4.6069
Src_reg_loss	: 0.0113
-------------------------------------
[Epoch : 469/500]
Total_loss	: 0.1119
Coral_loss	: 0.0001
MMD_loss	: 5.4422
cond_ent_wt	: 4.6065
Src_reg_loss	: 0.0113
-------------------------------------
[Epoch : 470/500]
Total_loss	: 0.1119
Coral_loss	: 0.0001
MMD_loss	: 5.4452
cond_ent_wt	: 4.6061
Src_reg_loss	: 0.0113
-------------------------------------
[Epoch : 471/500]
Total_loss	: 0.1119
Coral_loss	: 0.0001
MMD_loss	: 5.4483
cond_ent_wt	: 4.6058
Src_reg_loss	: 0.0113
-------------------------------------
[Epoch : 472/500]
Total_loss	: 0.1119
Coral_loss	: 0.0001
MMD_loss	: 5.4512
cond_ent_wt	: 4.6054
Src_reg_loss	: 0.0113
-------------------------------------
[Epoch : 473/500]
Total_loss	: 0.1119
Coral_loss	: 0.0001
MMD_loss	: 5.4541
cond_ent_wt	: 4.6050
Src_reg_loss	: 0.0113
-------------------------------------
[Epoch : 474/500]
Total_loss	: 0.1120
Coral_loss	: 0.0001
MMD_loss	: 5.4570
cond_ent_wt	: 4.6047
Src_reg_loss	: 0.0113
-------------------------------------
[Epoch : 475/500]
Total_loss	: 0.1120
Coral_loss	: 0.0001
MMD_loss	: 5.4599
cond_ent_wt	: 4.6043
Src_reg_loss	: 0.0113
-------------------------------------
[Epoch : 476/500]
Total_loss	: 0.1120
Coral_loss	: 0.0001
MMD_loss	: 5.4628
cond_ent_wt	: 4.6040
Src_reg_loss	: 0.0113
-------------------------------------
[Epoch : 477/500]
Total_loss	: 0.1120
Coral_loss	: 0.0001
MMD_loss	: 5.4656
cond_ent_wt	: 4.6036
Src_reg_loss	: 0.0112
-------------------------------------
[Epoch : 478/500]
Total_loss	: 0.1120
Coral_loss	: 0.0001
MMD_loss	: 5.4684
cond_ent_wt	: 4.6032
Src_reg_loss	: 0.0112
-------------------------------------
[Epoch : 479/500]
Total_loss	: 0.1120
Coral_loss	: 0.0001
MMD_loss	: 5.4712
cond_ent_wt	: 4.6029
Src_reg_loss	: 0.0112
-------------------------------------
[Epoch : 480/500]
Total_loss	: 0.1120
Coral_loss	: 0.0001
MMD_loss	: 5.4739
cond_ent_wt	: 4.6025
Src_reg_loss	: 0.0112
-------------------------------------
[Epoch : 481/500]
Total_loss	: 0.1120
Coral_loss	: 0.0001
MMD_loss	: 5.4766
cond_ent_wt	: 4.6022
Src_reg_loss	: 0.0112
-------------------------------------
[Epoch : 482/500]
Total_loss	: 0.1121
Coral_loss	: 0.0001
MMD_loss	: 5.4794
cond_ent_wt	: 4.6018
Src_reg_loss	: 0.0112
-------------------------------------
[Epoch : 483/500]
Total_loss	: 0.1121
Coral_loss	: 0.0001
MMD_loss	: 5.4820
cond_ent_wt	: 4.6015
Src_reg_loss	: 0.0112
-------------------------------------
[Epoch : 484/500]
Total_loss	: 0.1121
Coral_loss	: 0.0001
MMD_loss	: 5.4847
cond_ent_wt	: 4.6011
Src_reg_loss	: 0.0112
-------------------------------------
[Epoch : 485/500]
Total_loss	: 0.1121
Coral_loss	: 0.0001
MMD_loss	: 5.4874
cond_ent_wt	: 4.6008
Src_reg_loss	: 0.0112
-------------------------------------
[Epoch : 486/500]
Total_loss	: 0.1121
Coral_loss	: 0.0001
MMD_loss	: 5.4900
cond_ent_wt	: 4.6004
Src_reg_loss	: 0.0111
-------------------------------------
[Epoch : 487/500]
Total_loss	: 0.1121
Coral_loss	: 0.0001
MMD_loss	: 5.4926
cond_ent_wt	: 4.6001
Src_reg_loss	: 0.0111
-------------------------------------
[Epoch : 488/500]
Total_loss	: 0.1121
Coral_loss	: 0.0001
MMD_loss	: 5.4953
cond_ent_wt	: 4.5998
Src_reg_loss	: 0.0111
-------------------------------------
[Epoch : 489/500]
Total_loss	: 0.1121
Coral_loss	: 0.0001
MMD_loss	: 5.4980
cond_ent_wt	: 4.5994
Src_reg_loss	: 0.0111
-------------------------------------
[Epoch : 490/500]
Total_loss	: 0.1122
Coral_loss	: 0.0001
MMD_loss	: 5.5005
cond_ent_wt	: 4.5991
Src_reg_loss	: 0.0111
-------------------------------------
[Epoch : 491/500]
Total_loss	: 0.1122
Coral_loss	: 0.0001
MMD_loss	: 5.5031
cond_ent_wt	: 4.5987
Src_reg_loss	: 0.0111
-------------------------------------
[Epoch : 492/500]
Total_loss	: 0.1122
Coral_loss	: 0.0001
MMD_loss	: 5.5059
cond_ent_wt	: 4.5984
Src_reg_loss	: 0.0111
-------------------------------------
[Epoch : 493/500]
Total_loss	: 0.1122
Coral_loss	: 0.0001
MMD_loss	: 5.5083
cond_ent_wt	: 4.5981
Src_reg_loss	: 0.0111
-------------------------------------
[Epoch : 494/500]
Total_loss	: 0.1122
Coral_loss	: 0.0001
MMD_loss	: 5.5108
cond_ent_wt	: 4.5978
Src_reg_loss	: 0.0111
-------------------------------------
[Epoch : 495/500]
Total_loss	: 0.1122
Coral_loss	: 0.0001
MMD_loss	: 5.5137
cond_ent_wt	: 4.5974
Src_reg_loss	: 0.0110
-------------------------------------
[Epoch : 496/500]
Total_loss	: 0.1122
Coral_loss	: 0.0001
MMD_loss	: 5.5163
cond_ent_wt	: 4.5971
Src_reg_loss	: 0.0110
-------------------------------------
[Epoch : 497/500]
Total_loss	: 0.1122
Coral_loss	: 0.0001
MMD_loss	: 5.5188
cond_ent_wt	: 4.5968
Src_reg_loss	: 0.0110
-------------------------------------
[Epoch : 498/500]
Total_loss	: 0.1123
Coral_loss	: 0.0001
MMD_loss	: 5.5217
cond_ent_wt	: 4.5965
Src_reg_loss	: 0.0110
-------------------------------------
[Epoch : 499/500]
Total_loss	: 0.1123
Coral_loss	: 0.0001
MMD_loss	: 5.5244
cond_ent_wt	: 4.5961
Src_reg_loss	: 0.0110
-------------------------------------
[Epoch : 500/500]
Total_loss	: 0.1123
Coral_loss	: 0.0001
MMD_loss	: 5.5270
cond_ent_wt	: 4.5958
Src_reg_loss	: 0.0110
-------------------------------------
