=============================================
Dataset: Airbox
Method:  MMDA
=============================================
Source: 0 ---> Target: 7
=============================================
[Epoch : 1/500]
Total_loss	: 0.3696
Coral_loss	: 0.0000
MMD_loss	: 4.9422
cond_ent_wt	: 4.8493
Src_reg_loss	: 0.2717
-------------------------------------
[Epoch : 2/500]
Total_loss	: 0.3546
Coral_loss	: 0.0000
MMD_loss	: 4.9392
cond_ent_wt	: 4.8491
Src_reg_loss	: 0.2567
-------------------------------------
[Epoch : 3/500]
Total_loss	: 0.3400
Coral_loss	: 0.0000
MMD_loss	: 4.9304
cond_ent_wt	: 4.8489
Src_reg_loss	: 0.2422
-------------------------------------
[Epoch : 4/500]
Total_loss	: 0.3253
Coral_loss	: 0.0000
MMD_loss	: 4.9149
cond_ent_wt	: 4.8485
Src_reg_loss	: 0.2276
-------------------------------------
[Epoch : 5/500]
Total_loss	: 0.3100
Coral_loss	: 0.0000
MMD_loss	: 4.8915
cond_ent_wt	: 4.8481
Src_reg_loss	: 0.2126
-------------------------------------
[Epoch : 6/500]
Total_loss	: 0.2942
Coral_loss	: 0.0000
MMD_loss	: 4.8586
cond_ent_wt	: 4.8475
Src_reg_loss	: 0.1971
-------------------------------------
[Epoch : 7/500]
Total_loss	: 0.2780
Coral_loss	: 0.0000
MMD_loss	: 4.8147
cond_ent_wt	: 4.8466
Src_reg_loss	: 0.1814
-------------------------------------
[Epoch : 8/500]
Total_loss	: 0.2621
Coral_loss	: 0.0000
MMD_loss	: 4.7588
cond_ent_wt	: 4.8455
Src_reg_loss	: 0.1661
-------------------------------------
[Epoch : 9/500]
Total_loss	: 0.2476
Coral_loss	: 0.0000
MMD_loss	: 4.6923
cond_ent_wt	: 4.8439
Src_reg_loss	: 0.1522
-------------------------------------
[Epoch : 10/500]
Total_loss	: 0.2357
Coral_loss	: 0.0000
MMD_loss	: 4.6230
cond_ent_wt	: 4.8421
Src_reg_loss	: 0.1411
-------------------------------------
[Epoch : 11/500]
Total_loss	: 0.2261
Coral_loss	: 0.0000
MMD_loss	: 4.5631
cond_ent_wt	: 4.8404
Src_reg_loss	: 0.1321
-------------------------------------
[Epoch : 12/500]
Total_loss	: 0.2179
Coral_loss	: 0.0000
MMD_loss	: 4.5191
cond_ent_wt	: 4.8391
Src_reg_loss	: 0.1244
-------------------------------------
[Epoch : 13/500]
Total_loss	: 0.2110
Coral_loss	: 0.0000
MMD_loss	: 4.4890
cond_ent_wt	: 4.8382
Src_reg_loss	: 0.1177
-------------------------------------
[Epoch : 14/500]
Total_loss	: 0.2050
Coral_loss	: 0.0000
MMD_loss	: 4.4682
cond_ent_wt	: 4.8376
Src_reg_loss	: 0.1120
-------------------------------------
[Epoch : 15/500]
Total_loss	: 0.1999
Coral_loss	: 0.0000
MMD_loss	: 4.4525
cond_ent_wt	: 4.8370
Src_reg_loss	: 0.1070
-------------------------------------
[Epoch : 16/500]
Total_loss	: 0.1955
Coral_loss	: 0.0000
MMD_loss	: 4.4394
cond_ent_wt	: 4.8365
Src_reg_loss	: 0.1027
-------------------------------------
[Epoch : 17/500]
Total_loss	: 0.1915
Coral_loss	: 0.0000
MMD_loss	: 4.4283
cond_ent_wt	: 4.8360
Src_reg_loss	: 0.0988
-------------------------------------
[Epoch : 18/500]
Total_loss	: 0.1879
Coral_loss	: 0.0000
MMD_loss	: 4.4193
cond_ent_wt	: 4.8355
Src_reg_loss	: 0.0954
-------------------------------------
[Epoch : 19/500]
Total_loss	: 0.1848
Coral_loss	: 0.0000
MMD_loss	: 4.4127
cond_ent_wt	: 4.8351
Src_reg_loss	: 0.0923
-------------------------------------
[Epoch : 20/500]
Total_loss	: 0.1819
Coral_loss	: 0.0000
MMD_loss	: 4.4087
cond_ent_wt	: 4.8348
Src_reg_loss	: 0.0895
-------------------------------------
[Epoch : 21/500]
Total_loss	: 0.1794
Coral_loss	: 0.0000
MMD_loss	: 4.4070
cond_ent_wt	: 4.8345
Src_reg_loss	: 0.0870
-------------------------------------
[Epoch : 22/500]
Total_loss	: 0.1771
Coral_loss	: 0.0000
MMD_loss	: 4.4071
cond_ent_wt	: 4.8342
Src_reg_loss	: 0.0847
-------------------------------------
[Epoch : 23/500]
Total_loss	: 0.1750
Coral_loss	: 0.0000
MMD_loss	: 4.4086
cond_ent_wt	: 4.8340
Src_reg_loss	: 0.0825
-------------------------------------
[Epoch : 24/500]
Total_loss	: 0.1730
Coral_loss	: 0.0000
MMD_loss	: 4.4112
cond_ent_wt	: 4.8337
Src_reg_loss	: 0.0806
-------------------------------------
[Epoch : 25/500]
Total_loss	: 0.1713
Coral_loss	: 0.0000
MMD_loss	: 4.4148
cond_ent_wt	: 4.8335
Src_reg_loss	: 0.0788
-------------------------------------
[Epoch : 26/500]
Total_loss	: 0.1697
Coral_loss	: 0.0000
MMD_loss	: 4.4193
cond_ent_wt	: 4.8334
Src_reg_loss	: 0.0771
-------------------------------------
[Epoch : 27/500]
Total_loss	: 0.1682
Coral_loss	: 0.0000
MMD_loss	: 4.4246
cond_ent_wt	: 4.8332
Src_reg_loss	: 0.0756
-------------------------------------
[Epoch : 28/500]
Total_loss	: 0.1668
Coral_loss	: 0.0000
MMD_loss	: 4.4307
cond_ent_wt	: 4.8331
Src_reg_loss	: 0.0741
-------------------------------------
[Epoch : 29/500]
Total_loss	: 0.1655
Coral_loss	: 0.0000
MMD_loss	: 4.4374
cond_ent_wt	: 4.8329
Src_reg_loss	: 0.0728
-------------------------------------
[Epoch : 30/500]
Total_loss	: 0.1643
Coral_loss	: 0.0000
MMD_loss	: 4.4445
cond_ent_wt	: 4.8328
Src_reg_loss	: 0.0715
-------------------------------------
[Epoch : 31/500]
Total_loss	: 0.1632
Coral_loss	: 0.0000
MMD_loss	: 4.4520
cond_ent_wt	: 4.8327
Src_reg_loss	: 0.0703
-------------------------------------
[Epoch : 32/500]
Total_loss	: 0.1621
Coral_loss	: 0.0000
MMD_loss	: 4.4596
cond_ent_wt	: 4.8326
Src_reg_loss	: 0.0692
-------------------------------------
[Epoch : 33/500]
Total_loss	: 0.1611
Coral_loss	: 0.0000
MMD_loss	: 4.4672
cond_ent_wt	: 4.8325
Src_reg_loss	: 0.0681
-------------------------------------
[Epoch : 34/500]
Total_loss	: 0.1602
Coral_loss	: 0.0000
MMD_loss	: 4.4747
cond_ent_wt	: 4.8324
Src_reg_loss	: 0.0671
-------------------------------------
[Epoch : 35/500]
Total_loss	: 0.1593
Coral_loss	: 0.0000
MMD_loss	: 4.4819
cond_ent_wt	: 4.8324
Src_reg_loss	: 0.0662
-------------------------------------
[Epoch : 36/500]
Total_loss	: 0.1585
Coral_loss	: 0.0000
MMD_loss	: 4.4887
cond_ent_wt	: 4.8323
Src_reg_loss	: 0.0653
-------------------------------------
[Epoch : 37/500]
Total_loss	: 0.1577
Coral_loss	: 0.0000
MMD_loss	: 4.4949
cond_ent_wt	: 4.8322
Src_reg_loss	: 0.0644
-------------------------------------
[Epoch : 38/500]
Total_loss	: 0.1569
Coral_loss	: 0.0000
MMD_loss	: 4.5004
cond_ent_wt	: 4.8322
Src_reg_loss	: 0.0636
-------------------------------------
[Epoch : 39/500]
Total_loss	: 0.1562
Coral_loss	: 0.0000
MMD_loss	: 4.5051
cond_ent_wt	: 4.8322
Src_reg_loss	: 0.0628
-------------------------------------
[Epoch : 40/500]
Total_loss	: 0.1555
Coral_loss	: 0.0000
MMD_loss	: 4.5088
cond_ent_wt	: 4.8321
Src_reg_loss	: 0.0621
-------------------------------------
[Epoch : 41/500]
Total_loss	: 0.1548
Coral_loss	: 0.0000
MMD_loss	: 4.5115
cond_ent_wt	: 4.8321
Src_reg_loss	: 0.0613
-------------------------------------
[Epoch : 42/500]
Total_loss	: 0.1541
Coral_loss	: 0.0000
MMD_loss	: 4.5132
cond_ent_wt	: 4.8321
Src_reg_loss	: 0.0606
-------------------------------------
[Epoch : 43/500]
Total_loss	: 0.1534
Coral_loss	: 0.0000
MMD_loss	: 4.5137
cond_ent_wt	: 4.8321
Src_reg_loss	: 0.0600
-------------------------------------
[Epoch : 44/500]
Total_loss	: 0.1528
Coral_loss	: 0.0000
MMD_loss	: 4.5131
cond_ent_wt	: 4.8320
Src_reg_loss	: 0.0593
-------------------------------------
[Epoch : 45/500]
Total_loss	: 0.1522
Coral_loss	: 0.0000
MMD_loss	: 4.5114
cond_ent_wt	: 4.8320
Src_reg_loss	: 0.0587
-------------------------------------
[Epoch : 46/500]
Total_loss	: 0.1515
Coral_loss	: 0.0000
MMD_loss	: 4.5085
cond_ent_wt	: 4.8320
Src_reg_loss	: 0.0581
-------------------------------------
[Epoch : 47/500]
Total_loss	: 0.1509
Coral_loss	: 0.0000
MMD_loss	: 4.5045
cond_ent_wt	: 4.8320
Src_reg_loss	: 0.0576
-------------------------------------
[Epoch : 48/500]
Total_loss	: 0.1503
Coral_loss	: 0.0000
MMD_loss	: 4.4994
cond_ent_wt	: 4.8320
Src_reg_loss	: 0.0570
-------------------------------------
[Epoch : 49/500]
Total_loss	: 0.1497
Coral_loss	: 0.0000
MMD_loss	: 4.4932
cond_ent_wt	: 4.8321
Src_reg_loss	: 0.0565
-------------------------------------
[Epoch : 50/500]
Total_loss	: 0.1491
Coral_loss	: 0.0000
MMD_loss	: 4.4860
cond_ent_wt	: 4.8321
Src_reg_loss	: 0.0559
-------------------------------------
[Epoch : 51/500]
Total_loss	: 0.1485
Coral_loss	: 0.0000
MMD_loss	: 4.4777
cond_ent_wt	: 4.8321
Src_reg_loss	: 0.0554
-------------------------------------
[Epoch : 52/500]
Total_loss	: 0.1479
Coral_loss	: 0.0000
MMD_loss	: 4.4684
cond_ent_wt	: 4.8321
Src_reg_loss	: 0.0549
-------------------------------------
[Epoch : 53/500]
Total_loss	: 0.1474
Coral_loss	: 0.0000
MMD_loss	: 4.4581
cond_ent_wt	: 4.8321
Src_reg_loss	: 0.0545
-------------------------------------
[Epoch : 54/500]
Total_loss	: 0.1468
Coral_loss	: 0.0000
MMD_loss	: 4.4469
cond_ent_wt	: 4.8322
Src_reg_loss	: 0.0540
-------------------------------------
[Epoch : 55/500]
Total_loss	: 0.1462
Coral_loss	: 0.0000
MMD_loss	: 4.4348
cond_ent_wt	: 4.8322
Src_reg_loss	: 0.0536
-------------------------------------
[Epoch : 56/500]
Total_loss	: 0.1457
Coral_loss	: 0.0000
MMD_loss	: 4.4218
cond_ent_wt	: 4.8322
Src_reg_loss	: 0.0531
-------------------------------------
[Epoch : 57/500]
Total_loss	: 0.1451
Coral_loss	: 0.0000
MMD_loss	: 4.4080
cond_ent_wt	: 4.8323
Src_reg_loss	: 0.0527
-------------------------------------
[Epoch : 58/500]
Total_loss	: 0.1445
Coral_loss	: 0.0000
MMD_loss	: 4.3934
cond_ent_wt	: 4.8323
Src_reg_loss	: 0.0523
-------------------------------------
[Epoch : 59/500]
Total_loss	: 0.1440
Coral_loss	: 0.0000
MMD_loss	: 4.3779
cond_ent_wt	: 4.8323
Src_reg_loss	: 0.0519
-------------------------------------
[Epoch : 60/500]
Total_loss	: 0.1434
Coral_loss	: 0.0000
MMD_loss	: 4.3617
cond_ent_wt	: 4.8324
Src_reg_loss	: 0.0515
-------------------------------------
[Epoch : 61/500]
Total_loss	: 0.1428
Coral_loss	: 0.0000
MMD_loss	: 4.3448
cond_ent_wt	: 4.8324
Src_reg_loss	: 0.0511
-------------------------------------
[Epoch : 62/500]
Total_loss	: 0.1423
Coral_loss	: 0.0000
MMD_loss	: 4.3272
cond_ent_wt	: 4.8324
Src_reg_loss	: 0.0507
-------------------------------------
[Epoch : 63/500]
Total_loss	: 0.1417
Coral_loss	: 0.0000
MMD_loss	: 4.3089
cond_ent_wt	: 4.8325
Src_reg_loss	: 0.0503
-------------------------------------
[Epoch : 64/500]
Total_loss	: 0.1412
Coral_loss	: 0.0000
MMD_loss	: 4.2901
cond_ent_wt	: 4.8325
Src_reg_loss	: 0.0500
-------------------------------------
[Epoch : 65/500]
Total_loss	: 0.1407
Coral_loss	: 0.0000
MMD_loss	: 4.2707
cond_ent_wt	: 4.8325
Src_reg_loss	: 0.0496
-------------------------------------
[Epoch : 66/500]
Total_loss	: 0.1401
Coral_loss	: 0.0000
MMD_loss	: 4.2509
cond_ent_wt	: 4.8326
Src_reg_loss	: 0.0493
-------------------------------------
[Epoch : 67/500]
Total_loss	: 0.1396
Coral_loss	: 0.0000
MMD_loss	: 4.2306
cond_ent_wt	: 4.8326
Src_reg_loss	: 0.0489
-------------------------------------
[Epoch : 68/500]
Total_loss	: 0.1390
Coral_loss	: 0.0000
MMD_loss	: 4.2100
cond_ent_wt	: 4.8326
Src_reg_loss	: 0.0486
-------------------------------------
[Epoch : 69/500]
Total_loss	: 0.1385
Coral_loss	: 0.0000
MMD_loss	: 4.1892
cond_ent_wt	: 4.8326
Src_reg_loss	: 0.0483
-------------------------------------
[Epoch : 70/500]
Total_loss	: 0.1380
Coral_loss	: 0.0000
MMD_loss	: 4.1682
cond_ent_wt	: 4.8327
Src_reg_loss	: 0.0480
-------------------------------------
[Epoch : 71/500]
Total_loss	: 0.1375
Coral_loss	: 0.0000
MMD_loss	: 4.1472
cond_ent_wt	: 4.8327
Src_reg_loss	: 0.0477
-------------------------------------
[Epoch : 72/500]
Total_loss	: 0.1370
Coral_loss	: 0.0000
MMD_loss	: 4.1262
cond_ent_wt	: 4.8327
Src_reg_loss	: 0.0474
-------------------------------------
[Epoch : 73/500]
Total_loss	: 0.1365
Coral_loss	: 0.0000
MMD_loss	: 4.1053
cond_ent_wt	: 4.8327
Src_reg_loss	: 0.0471
-------------------------------------
[Epoch : 74/500]
Total_loss	: 0.1360
Coral_loss	: 0.0000
MMD_loss	: 4.0846
cond_ent_wt	: 4.8327
Src_reg_loss	: 0.0468
-------------------------------------
[Epoch : 75/500]
Total_loss	: 0.1355
Coral_loss	: 0.0000
MMD_loss	: 4.0642
cond_ent_wt	: 4.8327
Src_reg_loss	: 0.0465
-------------------------------------
[Epoch : 76/500]
Total_loss	: 0.1350
Coral_loss	: 0.0000
MMD_loss	: 4.0442
cond_ent_wt	: 4.8327
Src_reg_loss	: 0.0462
-------------------------------------
[Epoch : 77/500]
Total_loss	: 0.1345
Coral_loss	: 0.0000
MMD_loss	: 4.0246
cond_ent_wt	: 4.8327
Src_reg_loss	: 0.0460
-------------------------------------
[Epoch : 78/500]
Total_loss	: 0.1341
Coral_loss	: 0.0000
MMD_loss	: 4.0054
cond_ent_wt	: 4.8327
Src_reg_loss	: 0.0457
-------------------------------------
[Epoch : 79/500]
Total_loss	: 0.1336
Coral_loss	: 0.0000
MMD_loss	: 3.9868
cond_ent_wt	: 4.8327
Src_reg_loss	: 0.0454
-------------------------------------
[Epoch : 80/500]
Total_loss	: 0.1332
Coral_loss	: 0.0000
MMD_loss	: 3.9687
cond_ent_wt	: 4.8327
Src_reg_loss	: 0.0452
-------------------------------------
[Epoch : 81/500]
Total_loss	: 0.1328
Coral_loss	: 0.0000
MMD_loss	: 3.9513
cond_ent_wt	: 4.8327
Src_reg_loss	: 0.0449
-------------------------------------
[Epoch : 82/500]
Total_loss	: 0.1324
Coral_loss	: 0.0000
MMD_loss	: 3.9344
cond_ent_wt	: 4.8326
Src_reg_loss	: 0.0447
-------------------------------------
[Epoch : 83/500]
Total_loss	: 0.1320
Coral_loss	: 0.0000
MMD_loss	: 3.9182
cond_ent_wt	: 4.8326
Src_reg_loss	: 0.0444
-------------------------------------
[Epoch : 84/500]
Total_loss	: 0.1316
Coral_loss	: 0.0000
MMD_loss	: 3.9026
cond_ent_wt	: 4.8326
Src_reg_loss	: 0.0442
-------------------------------------
[Epoch : 85/500]
Total_loss	: 0.1312
Coral_loss	: 0.0000
MMD_loss	: 3.8877
cond_ent_wt	: 4.8326
Src_reg_loss	: 0.0440
-------------------------------------
[Epoch : 86/500]
Total_loss	: 0.1308
Coral_loss	: 0.0000
MMD_loss	: 3.8735
cond_ent_wt	: 4.8325
Src_reg_loss	: 0.0437
-------------------------------------
[Epoch : 87/500]
Total_loss	: 0.1304
Coral_loss	: 0.0000
MMD_loss	: 3.8600
cond_ent_wt	: 4.8325
Src_reg_loss	: 0.0435
-------------------------------------
[Epoch : 88/500]
Total_loss	: 0.1301
Coral_loss	: 0.0000
MMD_loss	: 3.8472
cond_ent_wt	: 4.8325
Src_reg_loss	: 0.0433
-------------------------------------
[Epoch : 89/500]
Total_loss	: 0.1297
Coral_loss	: 0.0000
MMD_loss	: 3.8351
cond_ent_wt	: 4.8324
Src_reg_loss	: 0.0430
-------------------------------------
[Epoch : 90/500]
Total_loss	: 0.1294
Coral_loss	: 0.0000
MMD_loss	: 3.8237
cond_ent_wt	: 4.8324
Src_reg_loss	: 0.0428
-------------------------------------
[Epoch : 91/500]
Total_loss	: 0.1291
Coral_loss	: 0.0000
MMD_loss	: 3.8130
cond_ent_wt	: 4.8324
Src_reg_loss	: 0.0426
-------------------------------------
[Epoch : 92/500]
Total_loss	: 0.1287
Coral_loss	: 0.0000
MMD_loss	: 3.8031
cond_ent_wt	: 4.8323
Src_reg_loss	: 0.0424
-------------------------------------
[Epoch : 93/500]
Total_loss	: 0.1284
Coral_loss	: 0.0000
MMD_loss	: 3.7939
cond_ent_wt	: 4.8323
Src_reg_loss	: 0.0422
-------------------------------------
[Epoch : 94/500]
Total_loss	: 0.1281
Coral_loss	: 0.0000
MMD_loss	: 3.7854
cond_ent_wt	: 4.8322
Src_reg_loss	: 0.0420
-------------------------------------
[Epoch : 95/500]
Total_loss	: 0.1279
Coral_loss	: 0.0000
MMD_loss	: 3.7777
cond_ent_wt	: 4.8322
Src_reg_loss	: 0.0418
-------------------------------------
[Epoch : 96/500]
Total_loss	: 0.1276
Coral_loss	: 0.0000
MMD_loss	: 3.7707
cond_ent_wt	: 4.8321
Src_reg_loss	: 0.0416
-------------------------------------
[Epoch : 97/500]
Total_loss	: 0.1273
Coral_loss	: 0.0000
MMD_loss	: 3.7644
cond_ent_wt	: 4.8320
Src_reg_loss	: 0.0413
-------------------------------------
[Epoch : 98/500]
Total_loss	: 0.1271
Coral_loss	: 0.0000
MMD_loss	: 3.7589
cond_ent_wt	: 4.8320
Src_reg_loss	: 0.0411
-------------------------------------
[Epoch : 99/500]
Total_loss	: 0.1268
Coral_loss	: 0.0000
MMD_loss	: 3.7541
cond_ent_wt	: 4.8319
Src_reg_loss	: 0.0409
-------------------------------------
[Epoch : 100/500]
Total_loss	: 0.1266
Coral_loss	: 0.0000
MMD_loss	: 3.7500
cond_ent_wt	: 4.8318
Src_reg_loss	: 0.0407
-------------------------------------
[Epoch : 101/500]
Total_loss	: 0.1263
Coral_loss	: 0.0000
MMD_loss	: 3.7466
cond_ent_wt	: 4.8318
Src_reg_loss	: 0.0406
-------------------------------------
[Epoch : 102/500]
Total_loss	: 0.1261
Coral_loss	: 0.0000
MMD_loss	: 3.7439
cond_ent_wt	: 4.8317
Src_reg_loss	: 0.0404
-------------------------------------
[Epoch : 103/500]
Total_loss	: 0.1259
Coral_loss	: 0.0000
MMD_loss	: 3.7420
cond_ent_wt	: 4.8316
Src_reg_loss	: 0.0402
-------------------------------------
[Epoch : 104/500]
Total_loss	: 0.1257
Coral_loss	: 0.0000
MMD_loss	: 3.7407
cond_ent_wt	: 4.8315
Src_reg_loss	: 0.0400
-------------------------------------
[Epoch : 105/500]
Total_loss	: 0.1255
Coral_loss	: 0.0000
MMD_loss	: 3.7400
cond_ent_wt	: 4.8314
Src_reg_loss	: 0.0398
-------------------------------------
[Epoch : 106/500]
Total_loss	: 0.1253
Coral_loss	: 0.0000
MMD_loss	: 3.7400
cond_ent_wt	: 4.8314
Src_reg_loss	: 0.0396
-------------------------------------
[Epoch : 107/500]
Total_loss	: 0.1251
Coral_loss	: 0.0000
MMD_loss	: 3.7405
cond_ent_wt	: 4.8313
Src_reg_loss	: 0.0394
-------------------------------------
[Epoch : 108/500]
Total_loss	: 0.1250
Coral_loss	: 0.0000
MMD_loss	: 3.7417
cond_ent_wt	: 4.8312
Src_reg_loss	: 0.0392
-------------------------------------
[Epoch : 109/500]
Total_loss	: 0.1248
Coral_loss	: 0.0000
MMD_loss	: 3.7434
cond_ent_wt	: 4.8311
Src_reg_loss	: 0.0391
-------------------------------------
[Epoch : 110/500]
Total_loss	: 0.1246
Coral_loss	: 0.0000
MMD_loss	: 3.7455
cond_ent_wt	: 4.8310
Src_reg_loss	: 0.0389
-------------------------------------
[Epoch : 111/500]
Total_loss	: 0.1245
Coral_loss	: 0.0000
MMD_loss	: 3.7482
cond_ent_wt	: 4.8309
Src_reg_loss	: 0.0387
-------------------------------------
[Epoch : 112/500]
Total_loss	: 0.1244
Coral_loss	: 0.0000
MMD_loss	: 3.7513
cond_ent_wt	: 4.8308
Src_reg_loss	: 0.0385
-------------------------------------
[Epoch : 113/500]
Total_loss	: 0.1242
Coral_loss	: 0.0000
MMD_loss	: 3.7548
cond_ent_wt	: 4.8307
Src_reg_loss	: 0.0384
-------------------------------------
[Epoch : 114/500]
Total_loss	: 0.1241
Coral_loss	: 0.0000
MMD_loss	: 3.7586
cond_ent_wt	: 4.8306
Src_reg_loss	: 0.0382
-------------------------------------
[Epoch : 115/500]
Total_loss	: 0.1240
Coral_loss	: 0.0000
MMD_loss	: 3.7628
cond_ent_wt	: 4.8305
Src_reg_loss	: 0.0380
-------------------------------------
[Epoch : 116/500]
Total_loss	: 0.1238
Coral_loss	: 0.0000
MMD_loss	: 3.7673
cond_ent_wt	: 4.8304
Src_reg_loss	: 0.0379
-------------------------------------
[Epoch : 117/500]
Total_loss	: 0.1237
Coral_loss	: 0.0000
MMD_loss	: 3.7721
cond_ent_wt	: 4.8303
Src_reg_loss	: 0.0377
-------------------------------------
[Epoch : 118/500]
Total_loss	: 0.1236
Coral_loss	: 0.0000
MMD_loss	: 3.7771
cond_ent_wt	: 4.8301
Src_reg_loss	: 0.0375
-------------------------------------
[Epoch : 119/500]
Total_loss	: 0.1235
Coral_loss	: 0.0000
MMD_loss	: 3.7823
cond_ent_wt	: 4.8300
Src_reg_loss	: 0.0374
-------------------------------------
[Epoch : 120/500]
Total_loss	: 0.1234
Coral_loss	: 0.0000
MMD_loss	: 3.7877
cond_ent_wt	: 4.8299
Src_reg_loss	: 0.0372
-------------------------------------
[Epoch : 121/500]
Total_loss	: 0.1233
Coral_loss	: 0.0000
MMD_loss	: 3.7933
cond_ent_wt	: 4.8298
Src_reg_loss	: 0.0371
-------------------------------------
[Epoch : 122/500]
Total_loss	: 0.1232
Coral_loss	: 0.0000
MMD_loss	: 3.7991
cond_ent_wt	: 4.8297
Src_reg_loss	: 0.0369
-------------------------------------
[Epoch : 123/500]
Total_loss	: 0.1231
Coral_loss	: 0.0000
MMD_loss	: 3.8050
cond_ent_wt	: 4.8296
Src_reg_loss	: 0.0367
-------------------------------------
[Epoch : 124/500]
Total_loss	: 0.1230
Coral_loss	: 0.0000
MMD_loss	: 3.8109
cond_ent_wt	: 4.8295
Src_reg_loss	: 0.0366
-------------------------------------
[Epoch : 125/500]
Total_loss	: 0.1229
Coral_loss	: 0.0000
MMD_loss	: 3.8170
cond_ent_wt	: 4.8293
Src_reg_loss	: 0.0364
-------------------------------------
[Epoch : 126/500]
Total_loss	: 0.1228
Coral_loss	: 0.0000
MMD_loss	: 3.8231
cond_ent_wt	: 4.8292
Src_reg_loss	: 0.0363
-------------------------------------
[Epoch : 127/500]
Total_loss	: 0.1227
Coral_loss	: 0.0000
MMD_loss	: 3.8293
cond_ent_wt	: 4.8291
Src_reg_loss	: 0.0362
-------------------------------------
[Epoch : 128/500]
Total_loss	: 0.1227
Coral_loss	: 0.0000
MMD_loss	: 3.8356
cond_ent_wt	: 4.8290
Src_reg_loss	: 0.0360
-------------------------------------
[Epoch : 129/500]
Total_loss	: 0.1226
Coral_loss	: 0.0000
MMD_loss	: 3.8419
cond_ent_wt	: 4.8289
Src_reg_loss	: 0.0359
-------------------------------------
[Epoch : 130/500]
Total_loss	: 0.1225
Coral_loss	: 0.0000
MMD_loss	: 3.8482
cond_ent_wt	: 4.8288
Src_reg_loss	: 0.0357
-------------------------------------
[Epoch : 131/500]
Total_loss	: 0.1224
Coral_loss	: 0.0000
MMD_loss	: 3.8545
cond_ent_wt	: 4.8286
Src_reg_loss	: 0.0356
-------------------------------------
[Epoch : 132/500]
Total_loss	: 0.1224
Coral_loss	: 0.0000
MMD_loss	: 3.8609
cond_ent_wt	: 4.8285
Src_reg_loss	: 0.0355
-------------------------------------
[Epoch : 133/500]
Total_loss	: 0.1223
Coral_loss	: 0.0000
MMD_loss	: 3.8673
cond_ent_wt	: 4.8284
Src_reg_loss	: 0.0353
-------------------------------------
[Epoch : 134/500]
Total_loss	: 0.1222
Coral_loss	: 0.0000
MMD_loss	: 3.8736
cond_ent_wt	: 4.8283
Src_reg_loss	: 0.0352
-------------------------------------
[Epoch : 135/500]
Total_loss	: 0.1221
Coral_loss	: 0.0000
MMD_loss	: 3.8800
cond_ent_wt	: 4.8282
Src_reg_loss	: 0.0351
-------------------------------------
[Epoch : 136/500]
Total_loss	: 0.1221
Coral_loss	: 0.0000
MMD_loss	: 3.8863
cond_ent_wt	: 4.8281
Src_reg_loss	: 0.0349
-------------------------------------
[Epoch : 137/500]
Total_loss	: 0.1220
Coral_loss	: 0.0000
MMD_loss	: 3.8927
cond_ent_wt	: 4.8279
Src_reg_loss	: 0.0348
-------------------------------------
[Epoch : 138/500]
Total_loss	: 0.1219
Coral_loss	: 0.0000
MMD_loss	: 3.8990
cond_ent_wt	: 4.8278
Src_reg_loss	: 0.0347
-------------------------------------
[Epoch : 139/500]
Total_loss	: 0.1219
Coral_loss	: 0.0000
MMD_loss	: 3.9053
cond_ent_wt	: 4.8277
Src_reg_loss	: 0.0345
-------------------------------------
[Epoch : 140/500]
Total_loss	: 0.1218
Coral_loss	: 0.0000
MMD_loss	: 3.9116
cond_ent_wt	: 4.8276
Src_reg_loss	: 0.0344
-------------------------------------
[Epoch : 141/500]
Total_loss	: 0.1217
Coral_loss	: 0.0000
MMD_loss	: 3.9178
cond_ent_wt	: 4.8275
Src_reg_loss	: 0.0343
-------------------------------------
[Epoch : 142/500]
Total_loss	: 0.1217
Coral_loss	: 0.0000
MMD_loss	: 3.9240
cond_ent_wt	: 4.8273
Src_reg_loss	: 0.0342
-------------------------------------
[Epoch : 143/500]
Total_loss	: 0.1216
Coral_loss	: 0.0000
MMD_loss	: 3.9302
cond_ent_wt	: 4.8272
Src_reg_loss	: 0.0341
-------------------------------------
[Epoch : 144/500]
Total_loss	: 0.1216
Coral_loss	: 0.0000
MMD_loss	: 3.9363
cond_ent_wt	: 4.8271
Src_reg_loss	: 0.0339
-------------------------------------
[Epoch : 145/500]
Total_loss	: 0.1215
Coral_loss	: 0.0000
MMD_loss	: 3.9425
cond_ent_wt	: 4.8270
Src_reg_loss	: 0.0338
-------------------------------------
[Epoch : 146/500]
Total_loss	: 0.1214
Coral_loss	: 0.0000
MMD_loss	: 3.9485
cond_ent_wt	: 4.8269
Src_reg_loss	: 0.0337
-------------------------------------
[Epoch : 147/500]
Total_loss	: 0.1214
Coral_loss	: 0.0000
MMD_loss	: 3.9546
cond_ent_wt	: 4.8268
Src_reg_loss	: 0.0336
-------------------------------------
[Epoch : 148/500]
Total_loss	: 0.1213
Coral_loss	: 0.0000
MMD_loss	: 3.9606
cond_ent_wt	: 4.8266
Src_reg_loss	: 0.0335
-------------------------------------
[Epoch : 149/500]
Total_loss	: 0.1213
Coral_loss	: 0.0000
MMD_loss	: 3.9665
cond_ent_wt	: 4.8265
Src_reg_loss	: 0.0334
-------------------------------------
[Epoch : 150/500]
Total_loss	: 0.1212
Coral_loss	: 0.0000
MMD_loss	: 3.9724
cond_ent_wt	: 4.8264
Src_reg_loss	: 0.0332
-------------------------------------
[Epoch : 151/500]
Total_loss	: 0.1212
Coral_loss	: 0.0000
MMD_loss	: 3.9783
cond_ent_wt	: 4.8263
Src_reg_loss	: 0.0331
-------------------------------------
[Epoch : 152/500]
Total_loss	: 0.1211
Coral_loss	: 0.0000
MMD_loss	: 3.9841
cond_ent_wt	: 4.8262
Src_reg_loss	: 0.0330
-------------------------------------
[Epoch : 153/500]
Total_loss	: 0.1211
Coral_loss	: 0.0000
MMD_loss	: 3.9899
cond_ent_wt	: 4.8261
Src_reg_loss	: 0.0329
-------------------------------------
[Epoch : 154/500]
Total_loss	: 0.1210
Coral_loss	: 0.0000
MMD_loss	: 3.9956
cond_ent_wt	: 4.8259
Src_reg_loss	: 0.0328
-------------------------------------
[Epoch : 155/500]
Total_loss	: 0.1210
Coral_loss	: 0.0000
MMD_loss	: 4.0013
cond_ent_wt	: 4.8258
Src_reg_loss	: 0.0327
-------------------------------------
[Epoch : 156/500]
Total_loss	: 0.1209
Coral_loss	: 0.0000
MMD_loss	: 4.0069
cond_ent_wt	: 4.8257
Src_reg_loss	: 0.0326
-------------------------------------
[Epoch : 157/500]
Total_loss	: 0.1209
Coral_loss	: 0.0000
MMD_loss	: 4.0125
cond_ent_wt	: 4.8256
Src_reg_loss	: 0.0325
-------------------------------------
[Epoch : 158/500]
Total_loss	: 0.1208
Coral_loss	: 0.0000
MMD_loss	: 4.0180
cond_ent_wt	: 4.8255
Src_reg_loss	: 0.0324
-------------------------------------
[Epoch : 159/500]
Total_loss	: 0.1208
Coral_loss	: 0.0000
MMD_loss	: 4.0235
cond_ent_wt	: 4.8253
Src_reg_loss	: 0.0323
-------------------------------------
[Epoch : 160/500]
Total_loss	: 0.1207
Coral_loss	: 0.0000
MMD_loss	: 4.0289
cond_ent_wt	: 4.8252
Src_reg_loss	: 0.0322
-------------------------------------
[Epoch : 161/500]
Total_loss	: 0.1207
Coral_loss	: 0.0000
MMD_loss	: 4.0343
cond_ent_wt	: 4.8251
Src_reg_loss	: 0.0321
-------------------------------------
[Epoch : 162/500]
Total_loss	: 0.1206
Coral_loss	: 0.0000
MMD_loss	: 4.0397
cond_ent_wt	: 4.8250
Src_reg_loss	: 0.0320
-------------------------------------
[Epoch : 163/500]
Total_loss	: 0.1206
Coral_loss	: 0.0000
MMD_loss	: 4.0449
cond_ent_wt	: 4.8249
Src_reg_loss	: 0.0319
-------------------------------------
[Epoch : 164/500]
Total_loss	: 0.1205
Coral_loss	: 0.0000
MMD_loss	: 4.0502
cond_ent_wt	: 4.8247
Src_reg_loss	: 0.0318
-------------------------------------
[Epoch : 165/500]
Total_loss	: 0.1205
Coral_loss	: 0.0000
MMD_loss	: 4.0554
cond_ent_wt	: 4.8246
Src_reg_loss	: 0.0317
-------------------------------------
[Epoch : 166/500]
Total_loss	: 0.1204
Coral_loss	: 0.0000
MMD_loss	: 4.0605
cond_ent_wt	: 4.8245
Src_reg_loss	: 0.0316
-------------------------------------
[Epoch : 167/500]
Total_loss	: 0.1204
Coral_loss	: 0.0000
MMD_loss	: 4.0656
cond_ent_wt	: 4.8244
Src_reg_loss	: 0.0315
-------------------------------------
[Epoch : 168/500]
Total_loss	: 0.1203
Coral_loss	: 0.0000
MMD_loss	: 4.0706
cond_ent_wt	: 4.8243
Src_reg_loss	: 0.0314
-------------------------------------
[Epoch : 169/500]
Total_loss	: 0.1203
Coral_loss	: 0.0000
MMD_loss	: 4.0756
cond_ent_wt	: 4.8241
Src_reg_loss	: 0.0313
-------------------------------------
[Epoch : 170/500]
Total_loss	: 0.1203
Coral_loss	: 0.0000
MMD_loss	: 4.0805
cond_ent_wt	: 4.8240
Src_reg_loss	: 0.0312
-------------------------------------
[Epoch : 171/500]
Total_loss	: 0.1202
Coral_loss	: 0.0000
MMD_loss	: 4.0854
cond_ent_wt	: 4.8239
Src_reg_loss	: 0.0311
-------------------------------------
[Epoch : 172/500]
Total_loss	: 0.1202
Coral_loss	: 0.0000
MMD_loss	: 4.0902
cond_ent_wt	: 4.8238
Src_reg_loss	: 0.0310
-------------------------------------
[Epoch : 173/500]
Total_loss	: 0.1201
Coral_loss	: 0.0000
MMD_loss	: 4.0950
cond_ent_wt	: 4.8236
Src_reg_loss	: 0.0309
-------------------------------------
[Epoch : 174/500]
Total_loss	: 0.1201
Coral_loss	: 0.0000
MMD_loss	: 4.0997
cond_ent_wt	: 4.8235
Src_reg_loss	: 0.0309
-------------------------------------
[Epoch : 175/500]
Total_loss	: 0.1200
Coral_loss	: 0.0000
MMD_loss	: 4.1044
cond_ent_wt	: 4.8234
Src_reg_loss	: 0.0308
-------------------------------------
[Epoch : 176/500]
Total_loss	: 0.1200
Coral_loss	: 0.0000
MMD_loss	: 4.1090
cond_ent_wt	: 4.8233
Src_reg_loss	: 0.0307
-------------------------------------
[Epoch : 177/500]
Total_loss	: 0.1200
Coral_loss	: 0.0000
MMD_loss	: 4.1136
cond_ent_wt	: 4.8231
Src_reg_loss	: 0.0306
-------------------------------------
[Epoch : 178/500]
Total_loss	: 0.1199
Coral_loss	: 0.0000
MMD_loss	: 4.1181
cond_ent_wt	: 4.8230
Src_reg_loss	: 0.0305
-------------------------------------
[Epoch : 179/500]
Total_loss	: 0.1199
Coral_loss	: 0.0000
MMD_loss	: 4.1226
cond_ent_wt	: 4.8229
Src_reg_loss	: 0.0304
-------------------------------------
[Epoch : 180/500]
Total_loss	: 0.1198
Coral_loss	: 0.0000
MMD_loss	: 4.1270
cond_ent_wt	: 4.8227
Src_reg_loss	: 0.0303
-------------------------------------
[Epoch : 181/500]
Total_loss	: 0.1198
Coral_loss	: 0.0000
MMD_loss	: 4.1314
cond_ent_wt	: 4.8226
Src_reg_loss	: 0.0302
-------------------------------------
[Epoch : 182/500]
Total_loss	: 0.1197
Coral_loss	: 0.0000
MMD_loss	: 4.1357
cond_ent_wt	: 4.8225
Src_reg_loss	: 0.0302
-------------------------------------
[Epoch : 183/500]
Total_loss	: 0.1197
Coral_loss	: 0.0000
MMD_loss	: 4.1400
cond_ent_wt	: 4.8223
Src_reg_loss	: 0.0301
-------------------------------------
[Epoch : 184/500]
Total_loss	: 0.1197
Coral_loss	: 0.0000
MMD_loss	: 4.1442
cond_ent_wt	: 4.8222
Src_reg_loss	: 0.0300
-------------------------------------
[Epoch : 185/500]
Total_loss	: 0.1196
Coral_loss	: 0.0000
MMD_loss	: 4.1483
cond_ent_wt	: 4.8221
Src_reg_loss	: 0.0299
-------------------------------------
[Epoch : 186/500]
Total_loss	: 0.1196
Coral_loss	: 0.0000
MMD_loss	: 4.1524
cond_ent_wt	: 4.8219
Src_reg_loss	: 0.0298
-------------------------------------
[Epoch : 187/500]
Total_loss	: 0.1195
Coral_loss	: 0.0000
MMD_loss	: 4.1565
cond_ent_wt	: 4.8218
Src_reg_loss	: 0.0298
-------------------------------------
[Epoch : 188/500]
Total_loss	: 0.1195
Coral_loss	: 0.0000
MMD_loss	: 4.1604
cond_ent_wt	: 4.8217
Src_reg_loss	: 0.0297
-------------------------------------
[Epoch : 189/500]
Total_loss	: 0.1195
Coral_loss	: 0.0000
MMD_loss	: 4.1644
cond_ent_wt	: 4.8215
Src_reg_loss	: 0.0296
-------------------------------------
[Epoch : 190/500]
Total_loss	: 0.1194
Coral_loss	: 0.0000
MMD_loss	: 4.1682
cond_ent_wt	: 4.8214
Src_reg_loss	: 0.0295
-------------------------------------
[Epoch : 191/500]
Total_loss	: 0.1194
Coral_loss	: 0.0000
MMD_loss	: 4.1720
cond_ent_wt	: 4.8213
Src_reg_loss	: 0.0294
-------------------------------------
[Epoch : 192/500]
Total_loss	: 0.1193
Coral_loss	: 0.0000
MMD_loss	: 4.1758
cond_ent_wt	: 4.8211
Src_reg_loss	: 0.0294
-------------------------------------
[Epoch : 193/500]
Total_loss	: 0.1193
Coral_loss	: 0.0000
MMD_loss	: 4.1795
cond_ent_wt	: 4.8210
Src_reg_loss	: 0.0293
-------------------------------------
[Epoch : 194/500]
Total_loss	: 0.1192
Coral_loss	: 0.0000
MMD_loss	: 4.1831
cond_ent_wt	: 4.8208
Src_reg_loss	: 0.0292
-------------------------------------
[Epoch : 195/500]
Total_loss	: 0.1192
Coral_loss	: 0.0000
MMD_loss	: 4.1867
cond_ent_wt	: 4.8207
Src_reg_loss	: 0.0291
-------------------------------------
[Epoch : 196/500]
Total_loss	: 0.1192
Coral_loss	: 0.0000
MMD_loss	: 4.1903
cond_ent_wt	: 4.8205
Src_reg_loss	: 0.0291
-------------------------------------
[Epoch : 197/500]
Total_loss	: 0.1191
Coral_loss	: 0.0000
MMD_loss	: 4.1938
cond_ent_wt	: 4.8204
Src_reg_loss	: 0.0290
-------------------------------------
[Epoch : 198/500]
Total_loss	: 0.1191
Coral_loss	: 0.0000
MMD_loss	: 4.1972
cond_ent_wt	: 4.8202
Src_reg_loss	: 0.0289
-------------------------------------
[Epoch : 199/500]
Total_loss	: 0.1190
Coral_loss	: 0.0000
MMD_loss	: 4.2006
cond_ent_wt	: 4.8201
Src_reg_loss	: 0.0288
-------------------------------------
[Epoch : 200/500]
Total_loss	: 0.1190
Coral_loss	: 0.0000
MMD_loss	: 4.2039
cond_ent_wt	: 4.8200
Src_reg_loss	: 0.0288
-------------------------------------
[Epoch : 201/500]
Total_loss	: 0.1190
Coral_loss	: 0.0000
MMD_loss	: 4.2071
cond_ent_wt	: 4.8198
Src_reg_loss	: 0.0287
-------------------------------------
[Epoch : 202/500]
Total_loss	: 0.1189
Coral_loss	: 0.0000
MMD_loss	: 4.2104
cond_ent_wt	: 4.8196
Src_reg_loss	: 0.0286
-------------------------------------
[Epoch : 203/500]
Total_loss	: 0.1189
Coral_loss	: 0.0000
MMD_loss	: 4.2135
cond_ent_wt	: 4.8195
Src_reg_loss	: 0.0285
-------------------------------------
[Epoch : 204/500]
Total_loss	: 0.1188
Coral_loss	: 0.0000
MMD_loss	: 4.2166
cond_ent_wt	: 4.8193
Src_reg_loss	: 0.0285
-------------------------------------
[Epoch : 205/500]
Total_loss	: 0.1188
Coral_loss	: 0.0000
MMD_loss	: 4.2197
cond_ent_wt	: 4.8192
Src_reg_loss	: 0.0284
-------------------------------------
[Epoch : 206/500]
Total_loss	: 0.1188
Coral_loss	: 0.0000
MMD_loss	: 4.2227
cond_ent_wt	: 4.8190
Src_reg_loss	: 0.0283
-------------------------------------
[Epoch : 207/500]
Total_loss	: 0.1187
Coral_loss	: 0.0000
MMD_loss	: 4.2256
cond_ent_wt	: 4.8189
Src_reg_loss	: 0.0283
-------------------------------------
[Epoch : 208/500]
Total_loss	: 0.1187
Coral_loss	: 0.0000
MMD_loss	: 4.2285
cond_ent_wt	: 4.8187
Src_reg_loss	: 0.0282
-------------------------------------
[Epoch : 209/500]
Total_loss	: 0.1186
Coral_loss	: 0.0000
MMD_loss	: 4.2314
cond_ent_wt	: 4.8186
Src_reg_loss	: 0.0281
-------------------------------------
[Epoch : 210/500]
Total_loss	: 0.1186
Coral_loss	: 0.0000
MMD_loss	: 4.2341
cond_ent_wt	: 4.8184
Src_reg_loss	: 0.0281
-------------------------------------
[Epoch : 211/500]
Total_loss	: 0.1185
Coral_loss	: 0.0000
MMD_loss	: 4.2369
cond_ent_wt	: 4.8182
Src_reg_loss	: 0.0280
-------------------------------------
[Epoch : 212/500]
Total_loss	: 0.1185
Coral_loss	: 0.0000
MMD_loss	: 4.2396
cond_ent_wt	: 4.8181
Src_reg_loss	: 0.0279
-------------------------------------
[Epoch : 213/500]
Total_loss	: 0.1185
Coral_loss	: 0.0000
MMD_loss	: 4.2422
cond_ent_wt	: 4.8179
Src_reg_loss	: 0.0279
-------------------------------------
[Epoch : 214/500]
Total_loss	: 0.1184
Coral_loss	: 0.0000
MMD_loss	: 4.2448
cond_ent_wt	: 4.8177
Src_reg_loss	: 0.0278
-------------------------------------
[Epoch : 215/500]
Total_loss	: 0.1184
Coral_loss	: 0.0000
MMD_loss	: 4.2473
cond_ent_wt	: 4.8176
Src_reg_loss	: 0.0277
-------------------------------------
[Epoch : 216/500]
Total_loss	: 0.1183
Coral_loss	: 0.0000
MMD_loss	: 4.2498
cond_ent_wt	: 4.8174
Src_reg_loss	: 0.0277
-------------------------------------
[Epoch : 217/500]
Total_loss	: 0.1183
Coral_loss	: 0.0000
MMD_loss	: 4.2522
cond_ent_wt	: 4.8172
Src_reg_loss	: 0.0276
-------------------------------------
[Epoch : 218/500]
Total_loss	: 0.1183
Coral_loss	: 0.0000
MMD_loss	: 4.2546
cond_ent_wt	: 4.8170
Src_reg_loss	: 0.0275
-------------------------------------
[Epoch : 219/500]
Total_loss	: 0.1182
Coral_loss	: 0.0000
MMD_loss	: 4.2569
cond_ent_wt	: 4.8169
Src_reg_loss	: 0.0275
-------------------------------------
[Epoch : 220/500]
Total_loss	: 0.1182
Coral_loss	: 0.0000
MMD_loss	: 4.2592
cond_ent_wt	: 4.8167
Src_reg_loss	: 0.0274
-------------------------------------
[Epoch : 221/500]
Total_loss	: 0.1181
Coral_loss	: 0.0000
MMD_loss	: 4.2614
cond_ent_wt	: 4.8165
Src_reg_loss	: 0.0273
-------------------------------------
[Epoch : 222/500]
Total_loss	: 0.1181
Coral_loss	: 0.0000
MMD_loss	: 4.2636
cond_ent_wt	: 4.8163
Src_reg_loss	: 0.0273
-------------------------------------
[Epoch : 223/500]
Total_loss	: 0.1180
Coral_loss	: 0.0000
MMD_loss	: 4.2657
cond_ent_wt	: 4.8162
Src_reg_loss	: 0.0272
-------------------------------------
[Epoch : 224/500]
Total_loss	: 0.1180
Coral_loss	: 0.0000
MMD_loss	: 4.2677
cond_ent_wt	: 4.8160
Src_reg_loss	: 0.0272
-------------------------------------
[Epoch : 225/500]
Total_loss	: 0.1180
Coral_loss	: 0.0000
MMD_loss	: 4.2698
cond_ent_wt	: 4.8158
Src_reg_loss	: 0.0271
-------------------------------------
[Epoch : 226/500]
Total_loss	: 0.1179
Coral_loss	: 0.0000
MMD_loss	: 4.2717
cond_ent_wt	: 4.8156
Src_reg_loss	: 0.0270
-------------------------------------
[Epoch : 227/500]
Total_loss	: 0.1179
Coral_loss	: 0.0000
MMD_loss	: 4.2737
cond_ent_wt	: 4.8154
Src_reg_loss	: 0.0270
-------------------------------------
[Epoch : 228/500]
Total_loss	: 0.1178
Coral_loss	: 0.0000
MMD_loss	: 4.2755
cond_ent_wt	: 4.8152
Src_reg_loss	: 0.0269
-------------------------------------
[Epoch : 229/500]
Total_loss	: 0.1178
Coral_loss	: 0.0000
MMD_loss	: 4.2774
cond_ent_wt	: 4.8150
Src_reg_loss	: 0.0269
-------------------------------------
[Epoch : 230/500]
Total_loss	: 0.1177
Coral_loss	: 0.0000
MMD_loss	: 4.2791
cond_ent_wt	: 4.8149
Src_reg_loss	: 0.0268
-------------------------------------
[Epoch : 231/500]
Total_loss	: 0.1177
Coral_loss	: 0.0000
MMD_loss	: 4.2809
cond_ent_wt	: 4.8147
Src_reg_loss	: 0.0267
-------------------------------------
[Epoch : 232/500]
Total_loss	: 0.1176
Coral_loss	: 0.0000
MMD_loss	: 4.2825
cond_ent_wt	: 4.8145
Src_reg_loss	: 0.0267
-------------------------------------
[Epoch : 233/500]
Total_loss	: 0.1176
Coral_loss	: 0.0000
MMD_loss	: 4.2842
cond_ent_wt	: 4.8143
Src_reg_loss	: 0.0266
-------------------------------------
[Epoch : 234/500]
Total_loss	: 0.1176
Coral_loss	: 0.0000
MMD_loss	: 4.2858
cond_ent_wt	: 4.8141
Src_reg_loss	: 0.0266
-------------------------------------
[Epoch : 235/500]
Total_loss	: 0.1175
Coral_loss	: 0.0000
MMD_loss	: 4.2873
cond_ent_wt	: 4.8139
Src_reg_loss	: 0.0265
-------------------------------------
[Epoch : 236/500]
Total_loss	: 0.1175
Coral_loss	: 0.0000
MMD_loss	: 4.2888
cond_ent_wt	: 4.8137
Src_reg_loss	: 0.0264
-------------------------------------
[Epoch : 237/500]
Total_loss	: 0.1174
Coral_loss	: 0.0000
MMD_loss	: 4.2902
cond_ent_wt	: 4.8135
Src_reg_loss	: 0.0264
-------------------------------------
[Epoch : 238/500]
Total_loss	: 0.1174
Coral_loss	: 0.0000
MMD_loss	: 4.2916
cond_ent_wt	: 4.8133
Src_reg_loss	: 0.0263
-------------------------------------
[Epoch : 239/500]
Total_loss	: 0.1173
Coral_loss	: 0.0000
MMD_loss	: 4.2930
cond_ent_wt	: 4.8130
Src_reg_loss	: 0.0263
-------------------------------------
[Epoch : 240/500]
Total_loss	: 0.1173
Coral_loss	: 0.0000
MMD_loss	: 4.2943
cond_ent_wt	: 4.8128
Src_reg_loss	: 0.0262
-------------------------------------
[Epoch : 241/500]
Total_loss	: 0.1172
Coral_loss	: 0.0000
MMD_loss	: 4.2956
cond_ent_wt	: 4.8126
Src_reg_loss	: 0.0262
-------------------------------------
[Epoch : 242/500]
Total_loss	: 0.1172
Coral_loss	: 0.0000
MMD_loss	: 4.2968
cond_ent_wt	: 4.8124
Src_reg_loss	: 0.0261
-------------------------------------
[Epoch : 243/500]
Total_loss	: 0.1172
Coral_loss	: 0.0000
MMD_loss	: 4.2980
cond_ent_wt	: 4.8122
Src_reg_loss	: 0.0261
-------------------------------------
[Epoch : 244/500]
Total_loss	: 0.1171
Coral_loss	: 0.0000
MMD_loss	: 4.2991
cond_ent_wt	: 4.8120
Src_reg_loss	: 0.0260
-------------------------------------
[Epoch : 245/500]
Total_loss	: 0.1171
Coral_loss	: 0.0000
MMD_loss	: 4.3002
cond_ent_wt	: 4.8118
Src_reg_loss	: 0.0259
-------------------------------------
[Epoch : 246/500]
Total_loss	: 0.1170
Coral_loss	: 0.0000
MMD_loss	: 4.3012
cond_ent_wt	: 4.8115
Src_reg_loss	: 0.0259
-------------------------------------
[Epoch : 247/500]
Total_loss	: 0.1170
Coral_loss	: 0.0000
MMD_loss	: 4.3022
cond_ent_wt	: 4.8113
Src_reg_loss	: 0.0258
-------------------------------------
[Epoch : 248/500]
Total_loss	: 0.1169
Coral_loss	: 0.0000
MMD_loss	: 4.3031
cond_ent_wt	: 4.8111
Src_reg_loss	: 0.0258
-------------------------------------
[Epoch : 249/500]
Total_loss	: 0.1169
Coral_loss	: 0.0000
MMD_loss	: 4.3040
cond_ent_wt	: 4.8109
Src_reg_loss	: 0.0257
-------------------------------------
[Epoch : 250/500]
Total_loss	: 0.1168
Coral_loss	: 0.0000
MMD_loss	: 4.3049
cond_ent_wt	: 4.8106
Src_reg_loss	: 0.0257
-------------------------------------
[Epoch : 251/500]
Total_loss	: 0.1168
Coral_loss	: 0.0000
MMD_loss	: 4.3057
cond_ent_wt	: 4.8104
Src_reg_loss	: 0.0256
-------------------------------------
[Epoch : 252/500]
Total_loss	: 0.1167
Coral_loss	: 0.0000
MMD_loss	: 4.3065
cond_ent_wt	: 4.8102
Src_reg_loss	: 0.0256
-------------------------------------
[Epoch : 253/500]
Total_loss	: 0.1167
Coral_loss	: 0.0000
MMD_loss	: 4.3072
cond_ent_wt	: 4.8099
Src_reg_loss	: 0.0255
-------------------------------------
[Epoch : 254/500]
Total_loss	: 0.1166
Coral_loss	: 0.0000
MMD_loss	: 4.3079
cond_ent_wt	: 4.8097
Src_reg_loss	: 0.0255
-------------------------------------
[Epoch : 255/500]
Total_loss	: 0.1166
Coral_loss	: 0.0000
MMD_loss	: 4.3085
cond_ent_wt	: 4.8095
Src_reg_loss	: 0.0254
-------------------------------------
[Epoch : 256/500]
Total_loss	: 0.1166
Coral_loss	: 0.0000
MMD_loss	: 4.3091
cond_ent_wt	: 4.8092
Src_reg_loss	: 0.0254
-------------------------------------
[Epoch : 257/500]
Total_loss	: 0.1165
Coral_loss	: 0.0000
MMD_loss	: 4.3097
cond_ent_wt	: 4.8090
Src_reg_loss	: 0.0253
-------------------------------------
[Epoch : 258/500]
Total_loss	: 0.1165
Coral_loss	: 0.0000
MMD_loss	: 4.3102
cond_ent_wt	: 4.8087
Src_reg_loss	: 0.0253
-------------------------------------
[Epoch : 259/500]
Total_loss	: 0.1164
Coral_loss	: 0.0000
MMD_loss	: 4.3106
cond_ent_wt	: 4.8085
Src_reg_loss	: 0.0252
-------------------------------------
[Epoch : 260/500]
Total_loss	: 0.1164
Coral_loss	: 0.0000
MMD_loss	: 4.3110
cond_ent_wt	: 4.8082
Src_reg_loss	: 0.0252
-------------------------------------
[Epoch : 261/500]
Total_loss	: 0.1163
Coral_loss	: 0.0000
MMD_loss	: 4.3114
cond_ent_wt	: 4.8080
Src_reg_loss	: 0.0251
-------------------------------------
[Epoch : 262/500]
Total_loss	: 0.1163
Coral_loss	: 0.0000
MMD_loss	: 4.3117
cond_ent_wt	: 4.8077
Src_reg_loss	: 0.0251
-------------------------------------
[Epoch : 263/500]
Total_loss	: 0.1162
Coral_loss	: 0.0000
MMD_loss	: 4.3120
cond_ent_wt	: 4.8075
Src_reg_loss	: 0.0250
-------------------------------------
[Epoch : 264/500]
Total_loss	: 0.1162
Coral_loss	: 0.0000
MMD_loss	: 4.3123
cond_ent_wt	: 4.8072
Src_reg_loss	: 0.0250
-------------------------------------
[Epoch : 265/500]
Total_loss	: 0.1161
Coral_loss	: 0.0000
MMD_loss	: 4.3125
cond_ent_wt	: 4.8070
Src_reg_loss	: 0.0249
-------------------------------------
[Epoch : 266/500]
Total_loss	: 0.1161
Coral_loss	: 0.0000
MMD_loss	: 4.3127
cond_ent_wt	: 4.8067
Src_reg_loss	: 0.0249
-------------------------------------
[Epoch : 267/500]
Total_loss	: 0.1160
Coral_loss	: 0.0000
MMD_loss	: 4.3128
cond_ent_wt	: 4.8064
Src_reg_loss	: 0.0248
-------------------------------------
[Epoch : 268/500]
Total_loss	: 0.1160
Coral_loss	: 0.0000
MMD_loss	: 4.3129
cond_ent_wt	: 4.8062
Src_reg_loss	: 0.0248
-------------------------------------
[Epoch : 269/500]
Total_loss	: 0.1159
Coral_loss	: 0.0000
MMD_loss	: 4.3129
cond_ent_wt	: 4.8059
Src_reg_loss	: 0.0247
-------------------------------------
[Epoch : 270/500]
Total_loss	: 0.1159
Coral_loss	: 0.0000
MMD_loss	: 4.3129
cond_ent_wt	: 4.8056
Src_reg_loss	: 0.0247
-------------------------------------
[Epoch : 271/500]
Total_loss	: 0.1158
Coral_loss	: 0.0000
MMD_loss	: 4.3128
cond_ent_wt	: 4.8054
Src_reg_loss	: 0.0246
-------------------------------------
[Epoch : 272/500]
Total_loss	: 0.1158
Coral_loss	: 0.0000
MMD_loss	: 4.3128
cond_ent_wt	: 4.8051
Src_reg_loss	: 0.0246
-------------------------------------
[Epoch : 273/500]
Total_loss	: 0.1157
Coral_loss	: 0.0000
MMD_loss	: 4.3126
cond_ent_wt	: 4.8048
Src_reg_loss	: 0.0245
-------------------------------------
[Epoch : 274/500]
Total_loss	: 0.1157
Coral_loss	: 0.0000
MMD_loss	: 4.3125
cond_ent_wt	: 4.8046
Src_reg_loss	: 0.0245
-------------------------------------
[Epoch : 275/500]
Total_loss	: 0.1156
Coral_loss	: 0.0000
MMD_loss	: 4.3123
cond_ent_wt	: 4.8043
Src_reg_loss	: 0.0245
-------------------------------------
[Epoch : 276/500]
Total_loss	: 0.1156
Coral_loss	: 0.0000
MMD_loss	: 4.3120
cond_ent_wt	: 4.8040
Src_reg_loss	: 0.0244
-------------------------------------
[Epoch : 277/500]
Total_loss	: 0.1155
Coral_loss	: 0.0000
MMD_loss	: 4.3117
cond_ent_wt	: 4.8037
Src_reg_loss	: 0.0244
-------------------------------------
[Epoch : 278/500]
Total_loss	: 0.1155
Coral_loss	: 0.0000
MMD_loss	: 4.3114
cond_ent_wt	: 4.8035
Src_reg_loss	: 0.0243
-------------------------------------
[Epoch : 279/500]
Total_loss	: 0.1154
Coral_loss	: 0.0000
MMD_loss	: 4.3110
cond_ent_wt	: 4.8032
Src_reg_loss	: 0.0243
-------------------------------------
[Epoch : 280/500]
Total_loss	: 0.1154
Coral_loss	: 0.0000
MMD_loss	: 4.3106
cond_ent_wt	: 4.8029
Src_reg_loss	: 0.0242
-------------------------------------
[Epoch : 281/500]
Total_loss	: 0.1153
Coral_loss	: 0.0000
MMD_loss	: 4.3102
cond_ent_wt	: 4.8026
Src_reg_loss	: 0.0242
-------------------------------------
[Epoch : 282/500]
Total_loss	: 0.1153
Coral_loss	: 0.0000
MMD_loss	: 4.3097
cond_ent_wt	: 4.8023
Src_reg_loss	: 0.0241
-------------------------------------
[Epoch : 283/500]
Total_loss	: 0.1152
Coral_loss	: 0.0000
MMD_loss	: 4.3092
cond_ent_wt	: 4.8020
Src_reg_loss	: 0.0241
-------------------------------------
[Epoch : 284/500]
Total_loss	: 0.1152
Coral_loss	: 0.0000
MMD_loss	: 4.3087
cond_ent_wt	: 4.8018
Src_reg_loss	: 0.0240
-------------------------------------
[Epoch : 285/500]
Total_loss	: 0.1151
Coral_loss	: 0.0000
MMD_loss	: 4.3081
cond_ent_wt	: 4.8015
Src_reg_loss	: 0.0240
-------------------------------------
[Epoch : 286/500]
Total_loss	: 0.1150
Coral_loss	: 0.0000
MMD_loss	: 4.3075
cond_ent_wt	: 4.8012
Src_reg_loss	: 0.0240
-------------------------------------
[Epoch : 287/500]
Total_loss	: 0.1150
Coral_loss	: 0.0000
MMD_loss	: 4.3068
cond_ent_wt	: 4.8009
Src_reg_loss	: 0.0239
-------------------------------------
[Epoch : 288/500]
Total_loss	: 0.1149
Coral_loss	: 0.0000
MMD_loss	: 4.3061
cond_ent_wt	: 4.8006
Src_reg_loss	: 0.0239
-------------------------------------
[Epoch : 289/500]
Total_loss	: 0.1149
Coral_loss	: 0.0000
MMD_loss	: 4.3054
cond_ent_wt	: 4.8003
Src_reg_loss	: 0.0238
-------------------------------------
[Epoch : 290/500]
Total_loss	: 0.1148
Coral_loss	: 0.0000
MMD_loss	: 4.3046
cond_ent_wt	: 4.8000
Src_reg_loss	: 0.0238
-------------------------------------
[Epoch : 291/500]
Total_loss	: 0.1148
Coral_loss	: 0.0000
MMD_loss	: 4.3038
cond_ent_wt	: 4.7997
Src_reg_loss	: 0.0237
-------------------------------------
[Epoch : 292/500]
Total_loss	: 0.1147
Coral_loss	: 0.0000
MMD_loss	: 4.3030
cond_ent_wt	: 4.7994
Src_reg_loss	: 0.0237
-------------------------------------
[Epoch : 293/500]
Total_loss	: 0.1147
Coral_loss	: 0.0000
MMD_loss	: 4.3022
cond_ent_wt	: 4.7991
Src_reg_loss	: 0.0237
-------------------------------------
[Epoch : 294/500]
Total_loss	: 0.1146
Coral_loss	: 0.0000
MMD_loss	: 4.3013
cond_ent_wt	: 4.7988
Src_reg_loss	: 0.0236
-------------------------------------
[Epoch : 295/500]
Total_loss	: 0.1146
Coral_loss	: 0.0000
MMD_loss	: 4.3004
cond_ent_wt	: 4.7985
Src_reg_loss	: 0.0236
-------------------------------------
[Epoch : 296/500]
Total_loss	: 0.1145
Coral_loss	: 0.0000
MMD_loss	: 4.2994
cond_ent_wt	: 4.7982
Src_reg_loss	: 0.0235
-------------------------------------
[Epoch : 297/500]
Total_loss	: 0.1145
Coral_loss	: 0.0000
MMD_loss	: 4.2984
cond_ent_wt	: 4.7979
Src_reg_loss	: 0.0235
-------------------------------------
[Epoch : 298/500]
Total_loss	: 0.1144
Coral_loss	: 0.0000
MMD_loss	: 4.2974
cond_ent_wt	: 4.7976
Src_reg_loss	: 0.0235
-------------------------------------
[Epoch : 299/500]
Total_loss	: 0.1144
Coral_loss	: 0.0000
MMD_loss	: 4.2964
cond_ent_wt	: 4.7973
Src_reg_loss	: 0.0234
-------------------------------------
[Epoch : 300/500]
Total_loss	: 0.1143
Coral_loss	: 0.0000
MMD_loss	: 4.2953
cond_ent_wt	: 4.7970
Src_reg_loss	: 0.0234
-------------------------------------
[Epoch : 301/500]
Total_loss	: 0.1142
Coral_loss	: 0.0000
MMD_loss	: 4.2942
cond_ent_wt	: 4.7967
Src_reg_loss	: 0.0233
-------------------------------------
[Epoch : 302/500]
Total_loss	: 0.1142
Coral_loss	: 0.0000
MMD_loss	: 4.2931
cond_ent_wt	: 4.7964
Src_reg_loss	: 0.0233
-------------------------------------
[Epoch : 303/500]
Total_loss	: 0.1141
Coral_loss	: 0.0000
MMD_loss	: 4.2920
cond_ent_wt	: 4.7961
Src_reg_loss	: 0.0233
-------------------------------------
[Epoch : 304/500]
Total_loss	: 0.1141
Coral_loss	: 0.0000
MMD_loss	: 4.2908
cond_ent_wt	: 4.7958
Src_reg_loss	: 0.0232
-------------------------------------
[Epoch : 305/500]
Total_loss	: 0.1140
Coral_loss	: 0.0000
MMD_loss	: 4.2896
cond_ent_wt	: 4.7955
Src_reg_loss	: 0.0232
-------------------------------------
[Epoch : 306/500]
Total_loss	: 0.1140
Coral_loss	: 0.0000
MMD_loss	: 4.2884
cond_ent_wt	: 4.7951
Src_reg_loss	: 0.0231
-------------------------------------
[Epoch : 307/500]
Total_loss	: 0.1139
Coral_loss	: 0.0000
MMD_loss	: 4.2871
cond_ent_wt	: 4.7948
Src_reg_loss	: 0.0231
-------------------------------------
[Epoch : 308/500]
Total_loss	: 0.1139
Coral_loss	: 0.0000
MMD_loss	: 4.2858
cond_ent_wt	: 4.7945
Src_reg_loss	: 0.0231
-------------------------------------
[Epoch : 309/500]
Total_loss	: 0.1138
Coral_loss	: 0.0000
MMD_loss	: 4.2845
cond_ent_wt	: 4.7942
Src_reg_loss	: 0.0230
-------------------------------------
[Epoch : 310/500]
Total_loss	: 0.1138
Coral_loss	: 0.0000
MMD_loss	: 4.2832
cond_ent_wt	: 4.7939
Src_reg_loss	: 0.0230
-------------------------------------
[Epoch : 311/500]
Total_loss	: 0.1137
Coral_loss	: 0.0000
MMD_loss	: 4.2818
cond_ent_wt	: 4.7936
Src_reg_loss	: 0.0229
-------------------------------------
[Epoch : 312/500]
Total_loss	: 0.1136
Coral_loss	: 0.0000
MMD_loss	: 4.2805
cond_ent_wt	: 4.7933
Src_reg_loss	: 0.0229
-------------------------------------
[Epoch : 313/500]
Total_loss	: 0.1136
Coral_loss	: 0.0000
MMD_loss	: 4.2791
cond_ent_wt	: 4.7930
Src_reg_loss	: 0.0229
-------------------------------------
[Epoch : 314/500]
Total_loss	: 0.1135
Coral_loss	: 0.0000
MMD_loss	: 4.2776
cond_ent_wt	: 4.7926
Src_reg_loss	: 0.0228
-------------------------------------
[Epoch : 315/500]
Total_loss	: 0.1135
Coral_loss	: 0.0000
MMD_loss	: 4.2762
cond_ent_wt	: 4.7923
Src_reg_loss	: 0.0228
-------------------------------------
[Epoch : 316/500]
Total_loss	: 0.1134
Coral_loss	: 0.0000
MMD_loss	: 4.2747
cond_ent_wt	: 4.7920
Src_reg_loss	: 0.0228
-------------------------------------
[Epoch : 317/500]
Total_loss	: 0.1134
Coral_loss	: 0.0000
MMD_loss	: 4.2733
cond_ent_wt	: 4.7917
Src_reg_loss	: 0.0227
-------------------------------------
[Epoch : 318/500]
Total_loss	: 0.1133
Coral_loss	: 0.0000
MMD_loss	: 4.2717
cond_ent_wt	: 4.7914
Src_reg_loss	: 0.0227
-------------------------------------
[Epoch : 319/500]
Total_loss	: 0.1133
Coral_loss	: 0.0000
MMD_loss	: 4.2702
cond_ent_wt	: 4.7910
Src_reg_loss	: 0.0226
-------------------------------------
[Epoch : 320/500]
Total_loss	: 0.1132
Coral_loss	: 0.0000
MMD_loss	: 4.2687
cond_ent_wt	: 4.7907
Src_reg_loss	: 0.0226
-------------------------------------
[Epoch : 321/500]
Total_loss	: 0.1131
Coral_loss	: 0.0000
MMD_loss	: 4.2671
cond_ent_wt	: 4.7904
Src_reg_loss	: 0.0226
-------------------------------------
[Epoch : 322/500]
Total_loss	: 0.1131
Coral_loss	: 0.0000
MMD_loss	: 4.2655
cond_ent_wt	: 4.7901
Src_reg_loss	: 0.0225
-------------------------------------
[Epoch : 323/500]
Total_loss	: 0.1130
Coral_loss	: 0.0000
MMD_loss	: 4.2639
cond_ent_wt	: 4.7898
Src_reg_loss	: 0.0225
-------------------------------------
[Epoch : 324/500]
Total_loss	: 0.1130
Coral_loss	: 0.0000
MMD_loss	: 4.2622
cond_ent_wt	: 4.7894
Src_reg_loss	: 0.0225
-------------------------------------
[Epoch : 325/500]
Total_loss	: 0.1129
Coral_loss	: 0.0000
MMD_loss	: 4.2606
cond_ent_wt	: 4.7891
Src_reg_loss	: 0.0224
-------------------------------------
[Epoch : 326/500]
Total_loss	: 0.1129
Coral_loss	: 0.0000
MMD_loss	: 4.2589
cond_ent_wt	: 4.7888
Src_reg_loss	: 0.0224
-------------------------------------
[Epoch : 327/500]
Total_loss	: 0.1128
Coral_loss	: 0.0000
MMD_loss	: 4.2572
cond_ent_wt	: 4.7885
Src_reg_loss	: 0.0224
-------------------------------------
[Epoch : 328/500]
Total_loss	: 0.1128
Coral_loss	: 0.0000
MMD_loss	: 4.2555
cond_ent_wt	: 4.7882
Src_reg_loss	: 0.0223
-------------------------------------
[Epoch : 329/500]
Total_loss	: 0.1127
Coral_loss	: 0.0000
MMD_loss	: 4.2538
cond_ent_wt	: 4.7878
Src_reg_loss	: 0.0223
-------------------------------------
[Epoch : 330/500]
Total_loss	: 0.1126
Coral_loss	: 0.0000
MMD_loss	: 4.2521
cond_ent_wt	: 4.7875
Src_reg_loss	: 0.0223
-------------------------------------
[Epoch : 331/500]
Total_loss	: 0.1126
Coral_loss	: 0.0000
MMD_loss	: 4.2503
cond_ent_wt	: 4.7872
Src_reg_loss	: 0.0222
-------------------------------------
[Epoch : 332/500]
Total_loss	: 0.1125
Coral_loss	: 0.0000
MMD_loss	: 4.2485
cond_ent_wt	: 4.7869
Src_reg_loss	: 0.0222
-------------------------------------
[Epoch : 333/500]
Total_loss	: 0.1125
Coral_loss	: 0.0000
MMD_loss	: 4.2467
cond_ent_wt	: 4.7865
Src_reg_loss	: 0.0221
-------------------------------------
[Epoch : 334/500]
Total_loss	: 0.1124
Coral_loss	: 0.0000
MMD_loss	: 4.2449
cond_ent_wt	: 4.7862
Src_reg_loss	: 0.0221
-------------------------------------
[Epoch : 335/500]
Total_loss	: 0.1124
Coral_loss	: 0.0000
MMD_loss	: 4.2431
cond_ent_wt	: 4.7859
Src_reg_loss	: 0.0221
-------------------------------------
[Epoch : 336/500]
Total_loss	: 0.1123
Coral_loss	: 0.0000
MMD_loss	: 4.2413
cond_ent_wt	: 4.7856
Src_reg_loss	: 0.0220
-------------------------------------
[Epoch : 337/500]
Total_loss	: 0.1123
Coral_loss	: 0.0000
MMD_loss	: 4.2394
cond_ent_wt	: 4.7852
Src_reg_loss	: 0.0220
-------------------------------------
[Epoch : 338/500]
Total_loss	: 0.1122
Coral_loss	: 0.0000
MMD_loss	: 4.2375
cond_ent_wt	: 4.7849
Src_reg_loss	: 0.0220
-------------------------------------
[Epoch : 339/500]
Total_loss	: 0.1121
Coral_loss	: 0.0000
MMD_loss	: 4.2357
cond_ent_wt	: 4.7846
Src_reg_loss	: 0.0219
-------------------------------------
[Epoch : 340/500]
Total_loss	: 0.1121
Coral_loss	: 0.0000
MMD_loss	: 4.2338
cond_ent_wt	: 4.7843
Src_reg_loss	: 0.0219
-------------------------------------
[Epoch : 341/500]
Total_loss	: 0.1120
Coral_loss	: 0.0000
MMD_loss	: 4.2318
cond_ent_wt	: 4.7839
Src_reg_loss	: 0.0219
-------------------------------------
[Epoch : 342/500]
Total_loss	: 0.1120
Coral_loss	: 0.0000
MMD_loss	: 4.2299
cond_ent_wt	: 4.7836
Src_reg_loss	: 0.0218
-------------------------------------
[Epoch : 343/500]
Total_loss	: 0.1119
Coral_loss	: 0.0000
MMD_loss	: 4.2280
cond_ent_wt	: 4.7833
Src_reg_loss	: 0.0218
-------------------------------------
[Epoch : 344/500]
Total_loss	: 0.1119
Coral_loss	: 0.0000
MMD_loss	: 4.2260
cond_ent_wt	: 4.7830
Src_reg_loss	: 0.0218
-------------------------------------
[Epoch : 345/500]
Total_loss	: 0.1118
Coral_loss	: 0.0000
MMD_loss	: 4.2241
cond_ent_wt	: 4.7826
Src_reg_loss	: 0.0218
-------------------------------------
[Epoch : 346/500]
Total_loss	: 0.1118
Coral_loss	: 0.0000
MMD_loss	: 4.2221
cond_ent_wt	: 4.7823
Src_reg_loss	: 0.0217
-------------------------------------
[Epoch : 347/500]
Total_loss	: 0.1117
Coral_loss	: 0.0000
MMD_loss	: 4.2201
cond_ent_wt	: 4.7820
Src_reg_loss	: 0.0217
-------------------------------------
[Epoch : 348/500]
Total_loss	: 0.1117
Coral_loss	: 0.0000
MMD_loss	: 4.2181
cond_ent_wt	: 4.7816
Src_reg_loss	: 0.0217
-------------------------------------
[Epoch : 349/500]
Total_loss	: 0.1116
Coral_loss	: 0.0000
MMD_loss	: 4.2161
cond_ent_wt	: 4.7813
Src_reg_loss	: 0.0216
-------------------------------------
[Epoch : 350/500]
Total_loss	: 0.1115
Coral_loss	: 0.0000
MMD_loss	: 4.2140
cond_ent_wt	: 4.7810
Src_reg_loss	: 0.0216
-------------------------------------
[Epoch : 351/500]
Total_loss	: 0.1115
Coral_loss	: 0.0000
MMD_loss	: 4.2120
cond_ent_wt	: 4.7807
Src_reg_loss	: 0.0216
-------------------------------------
[Epoch : 352/500]
Total_loss	: 0.1114
Coral_loss	: 0.0000
MMD_loss	: 4.2099
cond_ent_wt	: 4.7803
Src_reg_loss	: 0.0215
-------------------------------------
[Epoch : 353/500]
Total_loss	: 0.1114
Coral_loss	: 0.0000
MMD_loss	: 4.2078
cond_ent_wt	: 4.7800
Src_reg_loss	: 0.0215
-------------------------------------
[Epoch : 354/500]
Total_loss	: 0.1113
Coral_loss	: 0.0000
MMD_loss	: 4.2057
cond_ent_wt	: 4.7797
Src_reg_loss	: 0.0215
-------------------------------------
[Epoch : 355/500]
Total_loss	: 0.1113
Coral_loss	: 0.0000
MMD_loss	: 4.2037
cond_ent_wt	: 4.7794
Src_reg_loss	: 0.0214
-------------------------------------
[Epoch : 356/500]
Total_loss	: 0.1112
Coral_loss	: 0.0000
MMD_loss	: 4.2016
cond_ent_wt	: 4.7790
Src_reg_loss	: 0.0214
-------------------------------------
[Epoch : 357/500]
Total_loss	: 0.1112
Coral_loss	: 0.0000
MMD_loss	: 4.1994
cond_ent_wt	: 4.7787
Src_reg_loss	: 0.0214
-------------------------------------
[Epoch : 358/500]
Total_loss	: 0.1111
Coral_loss	: 0.0000
MMD_loss	: 4.1973
cond_ent_wt	: 4.7784
Src_reg_loss	: 0.0213
-------------------------------------
[Epoch : 359/500]
Total_loss	: 0.1110
Coral_loss	: 0.0000
MMD_loss	: 4.1952
cond_ent_wt	: 4.7780
Src_reg_loss	: 0.0213
-------------------------------------
[Epoch : 360/500]
Total_loss	: 0.1110
Coral_loss	: 0.0000
MMD_loss	: 4.1930
cond_ent_wt	: 4.7777
Src_reg_loss	: 0.0213
-------------------------------------
[Epoch : 361/500]
Total_loss	: 0.1109
Coral_loss	: 0.0000
MMD_loss	: 4.1909
cond_ent_wt	: 4.7774
Src_reg_loss	: 0.0213
-------------------------------------
[Epoch : 362/500]
Total_loss	: 0.1109
Coral_loss	: 0.0000
MMD_loss	: 4.1887
cond_ent_wt	: 4.7771
Src_reg_loss	: 0.0212
-------------------------------------
[Epoch : 363/500]
Total_loss	: 0.1108
Coral_loss	: 0.0000
MMD_loss	: 4.1866
cond_ent_wt	: 4.7767
Src_reg_loss	: 0.0212
-------------------------------------
[Epoch : 364/500]
Total_loss	: 0.1108
Coral_loss	: 0.0000
MMD_loss	: 4.1844
cond_ent_wt	: 4.7764
Src_reg_loss	: 0.0212
-------------------------------------
[Epoch : 365/500]
Total_loss	: 0.1107
Coral_loss	: 0.0000
MMD_loss	: 4.1822
cond_ent_wt	: 4.7761
Src_reg_loss	: 0.0211
-------------------------------------
[Epoch : 366/500]
Total_loss	: 0.1107
Coral_loss	: 0.0000
MMD_loss	: 4.1800
cond_ent_wt	: 4.7758
Src_reg_loss	: 0.0211
-------------------------------------
[Epoch : 367/500]
Total_loss	: 0.1106
Coral_loss	: 0.0000
MMD_loss	: 4.1778
cond_ent_wt	: 4.7754
Src_reg_loss	: 0.0211
-------------------------------------
[Epoch : 368/500]
Total_loss	: 0.1106
Coral_loss	: 0.0000
MMD_loss	: 4.1756
cond_ent_wt	: 4.7751
Src_reg_loss	: 0.0210
-------------------------------------
[Epoch : 369/500]
Total_loss	: 0.1105
Coral_loss	: 0.0000
MMD_loss	: 4.1734
cond_ent_wt	: 4.7748
Src_reg_loss	: 0.0210
-------------------------------------
[Epoch : 370/500]
Total_loss	: 0.1104
Coral_loss	: 0.0000
MMD_loss	: 4.1711
cond_ent_wt	: 4.7745
Src_reg_loss	: 0.0210
-------------------------------------
[Epoch : 371/500]
Total_loss	: 0.1104
Coral_loss	: 0.0000
MMD_loss	: 4.1689
cond_ent_wt	: 4.7741
Src_reg_loss	: 0.0210
-------------------------------------
[Epoch : 372/500]
Total_loss	: 0.1103
Coral_loss	: 0.0000
MMD_loss	: 4.1667
cond_ent_wt	: 4.7738
Src_reg_loss	: 0.0209
-------------------------------------
[Epoch : 373/500]
Total_loss	: 0.1103
Coral_loss	: 0.0000
MMD_loss	: 4.1644
cond_ent_wt	: 4.7735
Src_reg_loss	: 0.0209
-------------------------------------
[Epoch : 374/500]
Total_loss	: 0.1102
Coral_loss	: 0.0000
MMD_loss	: 4.1622
cond_ent_wt	: 4.7731
Src_reg_loss	: 0.0209
-------------------------------------
[Epoch : 375/500]
Total_loss	: 0.1102
Coral_loss	: 0.0000
MMD_loss	: 4.1599
cond_ent_wt	: 4.7728
Src_reg_loss	: 0.0208
-------------------------------------
[Epoch : 376/500]
Total_loss	: 0.1101
Coral_loss	: 0.0000
MMD_loss	: 4.1576
cond_ent_wt	: 4.7725
Src_reg_loss	: 0.0208
-------------------------------------
[Epoch : 377/500]
Total_loss	: 0.1101
Coral_loss	: 0.0000
MMD_loss	: 4.1553
cond_ent_wt	: 4.7722
Src_reg_loss	: 0.0208
-------------------------------------
[Epoch : 378/500]
Total_loss	: 0.1100
Coral_loss	: 0.0000
MMD_loss	: 4.1531
cond_ent_wt	: 4.7719
Src_reg_loss	: 0.0208
-------------------------------------
[Epoch : 379/500]
Total_loss	: 0.1100
Coral_loss	: 0.0000
MMD_loss	: 4.1508
cond_ent_wt	: 4.7715
Src_reg_loss	: 0.0207
-------------------------------------
[Epoch : 380/500]
Total_loss	: 0.1099
Coral_loss	: 0.0000
MMD_loss	: 4.1485
cond_ent_wt	: 4.7712
Src_reg_loss	: 0.0207
-------------------------------------
[Epoch : 381/500]
Total_loss	: 0.1098
Coral_loss	: 0.0000
MMD_loss	: 4.1462
cond_ent_wt	: 4.7709
Src_reg_loss	: 0.0207
-------------------------------------
[Epoch : 382/500]
Total_loss	: 0.1098
Coral_loss	: 0.0000
MMD_loss	: 4.1439
cond_ent_wt	: 4.7706
Src_reg_loss	: 0.0206
-------------------------------------
[Epoch : 383/500]
Total_loss	: 0.1097
Coral_loss	: 0.0000
MMD_loss	: 4.1416
cond_ent_wt	: 4.7702
Src_reg_loss	: 0.0206
-------------------------------------
[Epoch : 384/500]
Total_loss	: 0.1097
Coral_loss	: 0.0000
MMD_loss	: 4.1393
cond_ent_wt	: 4.7699
Src_reg_loss	: 0.0206
-------------------------------------
[Epoch : 385/500]
Total_loss	: 0.1096
Coral_loss	: 0.0000
MMD_loss	: 4.1370
cond_ent_wt	: 4.7696
Src_reg_loss	: 0.0206
-------------------------------------
[Epoch : 386/500]
Total_loss	: 0.1096
Coral_loss	: 0.0000
MMD_loss	: 4.1346
cond_ent_wt	: 4.7693
Src_reg_loss	: 0.0205
-------------------------------------
[Epoch : 387/500]
Total_loss	: 0.1095
Coral_loss	: 0.0000
MMD_loss	: 4.1323
cond_ent_wt	: 4.7690
Src_reg_loss	: 0.0205
-------------------------------------
[Epoch : 388/500]
Total_loss	: 0.1095
Coral_loss	: 0.0000
MMD_loss	: 4.1300
cond_ent_wt	: 4.7686
Src_reg_loss	: 0.0205
-------------------------------------
[Epoch : 389/500]
Total_loss	: 0.1094
Coral_loss	: 0.0000
MMD_loss	: 4.1276
cond_ent_wt	: 4.7683
Src_reg_loss	: 0.0205
-------------------------------------
[Epoch : 390/500]
Total_loss	: 0.1094
Coral_loss	: 0.0000
MMD_loss	: 4.1253
cond_ent_wt	: 4.7680
Src_reg_loss	: 0.0204
-------------------------------------
[Epoch : 391/500]
Total_loss	: 0.1093
Coral_loss	: 0.0000
MMD_loss	: 4.1229
cond_ent_wt	: 4.7677
Src_reg_loss	: 0.0204
-------------------------------------
[Epoch : 392/500]
Total_loss	: 0.1093
Coral_loss	: 0.0000
MMD_loss	: 4.1206
cond_ent_wt	: 4.7673
Src_reg_loss	: 0.0204
-------------------------------------
[Epoch : 393/500]
Total_loss	: 0.1092
Coral_loss	: 0.0000
MMD_loss	: 4.1182
cond_ent_wt	: 4.7670
Src_reg_loss	: 0.0204
-------------------------------------
[Epoch : 394/500]
Total_loss	: 0.1092
Coral_loss	: 0.0000
MMD_loss	: 4.1159
cond_ent_wt	: 4.7667
Src_reg_loss	: 0.0203
-------------------------------------
[Epoch : 395/500]
Total_loss	: 0.1091
Coral_loss	: 0.0000
MMD_loss	: 4.1135
cond_ent_wt	: 4.7664
Src_reg_loss	: 0.0203
-------------------------------------
[Epoch : 396/500]
Total_loss	: 0.1091
Coral_loss	: 0.0000
MMD_loss	: 4.1112
cond_ent_wt	: 4.7661
Src_reg_loss	: 0.0203
-------------------------------------
[Epoch : 397/500]
Total_loss	: 0.1090
Coral_loss	: 0.0000
MMD_loss	: 4.1088
cond_ent_wt	: 4.7658
Src_reg_loss	: 0.0203
-------------------------------------
[Epoch : 398/500]
Total_loss	: 0.1089
Coral_loss	: 0.0000
MMD_loss	: 4.1064
cond_ent_wt	: 4.7654
Src_reg_loss	: 0.0202
-------------------------------------
[Epoch : 399/500]
Total_loss	: 0.1089
Coral_loss	: 0.0000
MMD_loss	: 4.1040
cond_ent_wt	: 4.7651
Src_reg_loss	: 0.0202
-------------------------------------
[Epoch : 400/500]
Total_loss	: 0.1088
Coral_loss	: 0.0000
MMD_loss	: 4.1017
cond_ent_wt	: 4.7648
Src_reg_loss	: 0.0202
-------------------------------------
[Epoch : 401/500]
Total_loss	: 0.1088
Coral_loss	: 0.0000
MMD_loss	: 4.0993
cond_ent_wt	: 4.7645
Src_reg_loss	: 0.0202
-------------------------------------
[Epoch : 402/500]
Total_loss	: 0.1087
Coral_loss	: 0.0000
MMD_loss	: 4.0969
cond_ent_wt	: 4.7642
Src_reg_loss	: 0.0201
-------------------------------------
[Epoch : 403/500]
Total_loss	: 0.1087
Coral_loss	: 0.0000
MMD_loss	: 4.0945
cond_ent_wt	: 4.7639
Src_reg_loss	: 0.0201
-------------------------------------
[Epoch : 404/500]
Total_loss	: 0.1086
Coral_loss	: 0.0000
MMD_loss	: 4.0921
cond_ent_wt	: 4.7635
Src_reg_loss	: 0.0201
-------------------------------------
[Epoch : 405/500]
Total_loss	: 0.1086
Coral_loss	: 0.0000
MMD_loss	: 4.0897
cond_ent_wt	: 4.7632
Src_reg_loss	: 0.0200
-------------------------------------
[Epoch : 406/500]
Total_loss	: 0.1085
Coral_loss	: 0.0000
MMD_loss	: 4.0873
cond_ent_wt	: 4.7629
Src_reg_loss	: 0.0200
-------------------------------------
[Epoch : 407/500]
Total_loss	: 0.1085
Coral_loss	: 0.0000
MMD_loss	: 4.0849
cond_ent_wt	: 4.7626
Src_reg_loss	: 0.0200
-------------------------------------
[Epoch : 408/500]
Total_loss	: 0.1084
Coral_loss	: 0.0000
MMD_loss	: 4.0825
cond_ent_wt	: 4.7623
Src_reg_loss	: 0.0200
-------------------------------------
[Epoch : 409/500]
Total_loss	: 0.1084
Coral_loss	: 0.0000
MMD_loss	: 4.0801
cond_ent_wt	: 4.7620
Src_reg_loss	: 0.0200
-------------------------------------
[Epoch : 410/500]
Total_loss	: 0.1083
Coral_loss	: 0.0000
MMD_loss	: 4.0777
cond_ent_wt	: 4.7617
Src_reg_loss	: 0.0199
-------------------------------------
[Epoch : 411/500]
Total_loss	: 0.1083
Coral_loss	: 0.0000
MMD_loss	: 4.0753
cond_ent_wt	: 4.7613
Src_reg_loss	: 0.0199
-------------------------------------
[Epoch : 412/500]
Total_loss	: 0.1082
Coral_loss	: 0.0000
MMD_loss	: 4.0729
cond_ent_wt	: 4.7610
Src_reg_loss	: 0.0199
-------------------------------------
[Epoch : 413/500]
Total_loss	: 0.1082
Coral_loss	: 0.0000
MMD_loss	: 4.0705
cond_ent_wt	: 4.7607
Src_reg_loss	: 0.0199
-------------------------------------
[Epoch : 414/500]
Total_loss	: 0.1081
Coral_loss	: 0.0000
MMD_loss	: 4.0681
cond_ent_wt	: 4.7604
Src_reg_loss	: 0.0198
-------------------------------------
[Epoch : 415/500]
Total_loss	: 0.1081
Coral_loss	: 0.0000
MMD_loss	: 4.0657
cond_ent_wt	: 4.7601
Src_reg_loss	: 0.0198
-------------------------------------
[Epoch : 416/500]
Total_loss	: 0.1080
Coral_loss	: 0.0000
MMD_loss	: 4.0633
cond_ent_wt	: 4.7598
Src_reg_loss	: 0.0198
-------------------------------------
[Epoch : 417/500]
Total_loss	: 0.1080
Coral_loss	: 0.0000
MMD_loss	: 4.0608
cond_ent_wt	: 4.7595
Src_reg_loss	: 0.0198
-------------------------------------
[Epoch : 418/500]
Total_loss	: 0.1079
Coral_loss	: 0.0000
MMD_loss	: 4.0584
cond_ent_wt	: 4.7592
Src_reg_loss	: 0.0197
-------------------------------------
[Epoch : 419/500]
Total_loss	: 0.1079
Coral_loss	: 0.0000
MMD_loss	: 4.0560
cond_ent_wt	: 4.7589
Src_reg_loss	: 0.0197
-------------------------------------
[Epoch : 420/500]
Total_loss	: 0.1078
Coral_loss	: 0.0000
MMD_loss	: 4.0536
cond_ent_wt	: 4.7585
Src_reg_loss	: 0.0197
-------------------------------------
[Epoch : 421/500]
Total_loss	: 0.1078
Coral_loss	: 0.0000
MMD_loss	: 4.0512
cond_ent_wt	: 4.7582
Src_reg_loss	: 0.0197
-------------------------------------
[Epoch : 422/500]
Total_loss	: 0.1077
Coral_loss	: 0.0000
MMD_loss	: 4.0488
cond_ent_wt	: 4.7579
Src_reg_loss	: 0.0196
-------------------------------------
[Epoch : 423/500]
Total_loss	: 0.1077
Coral_loss	: 0.0000
MMD_loss	: 4.0463
cond_ent_wt	: 4.7576
Src_reg_loss	: 0.0196
-------------------------------------
[Epoch : 424/500]
Total_loss	: 0.1076
Coral_loss	: 0.0000
MMD_loss	: 4.0439
cond_ent_wt	: 4.7573
Src_reg_loss	: 0.0196
-------------------------------------
[Epoch : 425/500]
Total_loss	: 0.1076
Coral_loss	: 0.0000
MMD_loss	: 4.0415
cond_ent_wt	: 4.7570
Src_reg_loss	: 0.0196
-------------------------------------
[Epoch : 426/500]
Total_loss	: 0.1075
Coral_loss	: 0.0000
MMD_loss	: 4.0391
cond_ent_wt	: 4.7567
Src_reg_loss	: 0.0195
-------------------------------------
[Epoch : 427/500]
Total_loss	: 0.1075
Coral_loss	: 0.0000
MMD_loss	: 4.0367
cond_ent_wt	: 4.7564
Src_reg_loss	: 0.0195
-------------------------------------
[Epoch : 428/500]
Total_loss	: 0.1074
Coral_loss	: 0.0000
MMD_loss	: 4.0342
cond_ent_wt	: 4.7561
Src_reg_loss	: 0.0195
-------------------------------------
[Epoch : 429/500]
Total_loss	: 0.1074
Coral_loss	: 0.0000
MMD_loss	: 4.0318
cond_ent_wt	: 4.7558
Src_reg_loss	: 0.0195
-------------------------------------
[Epoch : 430/500]
Total_loss	: 0.1073
Coral_loss	: 0.0000
MMD_loss	: 4.0294
cond_ent_wt	: 4.7555
Src_reg_loss	: 0.0195
-------------------------------------
[Epoch : 431/500]
Total_loss	: 0.1073
Coral_loss	: 0.0000
MMD_loss	: 4.0270
cond_ent_wt	: 4.7552
Src_reg_loss	: 0.0194
-------------------------------------
[Epoch : 432/500]
Total_loss	: 0.1072
Coral_loss	: 0.0000
MMD_loss	: 4.0246
cond_ent_wt	: 4.7549
Src_reg_loss	: 0.0194
-------------------------------------
[Epoch : 433/500]
Total_loss	: 0.1072
Coral_loss	: 0.0000
MMD_loss	: 4.0222
cond_ent_wt	: 4.7546
Src_reg_loss	: 0.0194
-------------------------------------
[Epoch : 434/500]
Total_loss	: 0.1071
Coral_loss	: 0.0000
MMD_loss	: 4.0197
cond_ent_wt	: 4.7543
Src_reg_loss	: 0.0194
-------------------------------------
[Epoch : 435/500]
Total_loss	: 0.1071
Coral_loss	: 0.0000
MMD_loss	: 4.0173
cond_ent_wt	: 4.7540
Src_reg_loss	: 0.0193
-------------------------------------
[Epoch : 436/500]
Total_loss	: 0.1070
Coral_loss	: 0.0000
MMD_loss	: 4.0149
cond_ent_wt	: 4.7537
Src_reg_loss	: 0.0193
-------------------------------------
[Epoch : 437/500]
Total_loss	: 0.1070
Coral_loss	: 0.0000
MMD_loss	: 4.0125
cond_ent_wt	: 4.7534
Src_reg_loss	: 0.0193
-------------------------------------
[Epoch : 438/500]
Total_loss	: 0.1069
Coral_loss	: 0.0000
MMD_loss	: 4.0101
cond_ent_wt	: 4.7531
Src_reg_loss	: 0.0193
-------------------------------------
[Epoch : 439/500]
Total_loss	: 0.1069
Coral_loss	: 0.0000
MMD_loss	: 4.0077
cond_ent_wt	: 4.7528
Src_reg_loss	: 0.0193
-------------------------------------
[Epoch : 440/500]
Total_loss	: 0.1068
Coral_loss	: 0.0000
MMD_loss	: 4.0053
cond_ent_wt	: 4.7525
Src_reg_loss	: 0.0192
-------------------------------------
[Epoch : 441/500]
Total_loss	: 0.1068
Coral_loss	: 0.0000
MMD_loss	: 4.0029
cond_ent_wt	: 4.7522
Src_reg_loss	: 0.0192
-------------------------------------
[Epoch : 442/500]
Total_loss	: 0.1067
Coral_loss	: 0.0000
MMD_loss	: 4.0005
cond_ent_wt	: 4.7519
Src_reg_loss	: 0.0192
-------------------------------------
[Epoch : 443/500]
Total_loss	: 0.1067
Coral_loss	: 0.0000
MMD_loss	: 3.9981
cond_ent_wt	: 4.7516
Src_reg_loss	: 0.0192
-------------------------------------
[Epoch : 444/500]
Total_loss	: 0.1066
Coral_loss	: 0.0000
MMD_loss	: 3.9957
cond_ent_wt	: 4.7513
Src_reg_loss	: 0.0192
-------------------------------------
[Epoch : 445/500]
Total_loss	: 0.1066
Coral_loss	: 0.0000
MMD_loss	: 3.9933
cond_ent_wt	: 4.7510
Src_reg_loss	: 0.0191
-------------------------------------
[Epoch : 446/500]
Total_loss	: 0.1065
Coral_loss	: 0.0000
MMD_loss	: 3.9909
cond_ent_wt	: 4.7507
Src_reg_loss	: 0.0191
-------------------------------------
[Epoch : 447/500]
Total_loss	: 0.1065
Coral_loss	: 0.0000
MMD_loss	: 3.9885
cond_ent_wt	: 4.7504
Src_reg_loss	: 0.0191
-------------------------------------
[Epoch : 448/500]
Total_loss	: 0.1064
Coral_loss	: 0.0000
MMD_loss	: 3.9861
cond_ent_wt	: 4.7501
Src_reg_loss	: 0.0191
-------------------------------------
[Epoch : 449/500]
Total_loss	: 0.1064
Coral_loss	: 0.0000
MMD_loss	: 3.9837
cond_ent_wt	: 4.7498
Src_reg_loss	: 0.0190
-------------------------------------
[Epoch : 450/500]
Total_loss	: 0.1063
Coral_loss	: 0.0000
MMD_loss	: 3.9814
cond_ent_wt	: 4.7495
Src_reg_loss	: 0.0190
-------------------------------------
[Epoch : 451/500]
Total_loss	: 0.1063
Coral_loss	: 0.0000
MMD_loss	: 3.9790
cond_ent_wt	: 4.7492
Src_reg_loss	: 0.0190
-------------------------------------
[Epoch : 452/500]
Total_loss	: 0.1062
Coral_loss	: 0.0000
MMD_loss	: 3.9766
cond_ent_wt	: 4.7489
Src_reg_loss	: 0.0190
-------------------------------------
[Epoch : 453/500]
Total_loss	: 0.1062
Coral_loss	: 0.0000
MMD_loss	: 3.9742
cond_ent_wt	: 4.7486
Src_reg_loss	: 0.0190
-------------------------------------
[Epoch : 454/500]
Total_loss	: 0.1061
Coral_loss	: 0.0000
MMD_loss	: 3.9719
cond_ent_wt	: 4.7483
Src_reg_loss	: 0.0189
-------------------------------------
[Epoch : 455/500]
Total_loss	: 0.1061
Coral_loss	: 0.0000
MMD_loss	: 3.9695
cond_ent_wt	: 4.7480
Src_reg_loss	: 0.0189
-------------------------------------
[Epoch : 456/500]
Total_loss	: 0.1061
Coral_loss	: 0.0000
MMD_loss	: 3.9671
cond_ent_wt	: 4.7477
Src_reg_loss	: 0.0189
-------------------------------------
[Epoch : 457/500]
Total_loss	: 0.1060
Coral_loss	: 0.0000
MMD_loss	: 3.9648
cond_ent_wt	: 4.7474
Src_reg_loss	: 0.0189
-------------------------------------
[Epoch : 458/500]
Total_loss	: 0.1060
Coral_loss	: 0.0000
MMD_loss	: 3.9624
cond_ent_wt	: 4.7471
Src_reg_loss	: 0.0189
-------------------------------------
[Epoch : 459/500]
Total_loss	: 0.1059
Coral_loss	: 0.0000
MMD_loss	: 3.9601
cond_ent_wt	: 4.7468
Src_reg_loss	: 0.0188
-------------------------------------
[Epoch : 460/500]
Total_loss	: 0.1059
Coral_loss	: 0.0000
MMD_loss	: 3.9577
cond_ent_wt	: 4.7465
Src_reg_loss	: 0.0188
-------------------------------------
[Epoch : 461/500]
Total_loss	: 0.1058
Coral_loss	: 0.0000
MMD_loss	: 3.9554
cond_ent_wt	: 4.7462
Src_reg_loss	: 0.0188
-------------------------------------
[Epoch : 462/500]
Total_loss	: 0.1058
Coral_loss	: 0.0000
MMD_loss	: 3.9530
cond_ent_wt	: 4.7460
Src_reg_loss	: 0.0188
-------------------------------------
[Epoch : 463/500]
Total_loss	: 0.1057
Coral_loss	: 0.0000
MMD_loss	: 3.9507
cond_ent_wt	: 4.7457
Src_reg_loss	: 0.0188
-------------------------------------
[Epoch : 464/500]
Total_loss	: 0.1057
Coral_loss	: 0.0000
MMD_loss	: 3.9483
cond_ent_wt	: 4.7454
Src_reg_loss	: 0.0187
-------------------------------------
[Epoch : 465/500]
Total_loss	: 0.1056
Coral_loss	: 0.0000
MMD_loss	: 3.9460
cond_ent_wt	: 4.7451
Src_reg_loss	: 0.0187
-------------------------------------
[Epoch : 466/500]
Total_loss	: 0.1056
Coral_loss	: 0.0000
MMD_loss	: 3.9437
cond_ent_wt	: 4.7448
Src_reg_loss	: 0.0187
-------------------------------------
[Epoch : 467/500]
Total_loss	: 0.1055
Coral_loss	: 0.0000
MMD_loss	: 3.9413
cond_ent_wt	: 4.7445
Src_reg_loss	: 0.0187
-------------------------------------
[Epoch : 468/500]
Total_loss	: 0.1055
Coral_loss	: 0.0000
MMD_loss	: 3.9390
cond_ent_wt	: 4.7442
Src_reg_loss	: 0.0187
-------------------------------------
[Epoch : 469/500]
Total_loss	: 0.1054
Coral_loss	: 0.0000
MMD_loss	: 3.9367
cond_ent_wt	: 4.7439
Src_reg_loss	: 0.0186
-------------------------------------
[Epoch : 470/500]
Total_loss	: 0.1054
Coral_loss	: 0.0000
MMD_loss	: 3.9344
cond_ent_wt	: 4.7437
Src_reg_loss	: 0.0186
-------------------------------------
[Epoch : 471/500]
Total_loss	: 0.1054
Coral_loss	: 0.0000
MMD_loss	: 3.9321
cond_ent_wt	: 4.7434
Src_reg_loss	: 0.0186
-------------------------------------
[Epoch : 472/500]
Total_loss	: 0.1053
Coral_loss	: 0.0000
MMD_loss	: 3.9297
cond_ent_wt	: 4.7431
Src_reg_loss	: 0.0186
-------------------------------------
[Epoch : 473/500]
Total_loss	: 0.1053
Coral_loss	: 0.0000
MMD_loss	: 3.9274
cond_ent_wt	: 4.7428
Src_reg_loss	: 0.0186
-------------------------------------
[Epoch : 474/500]
Total_loss	: 0.1052
Coral_loss	: 0.0000
MMD_loss	: 3.9251
cond_ent_wt	: 4.7425
Src_reg_loss	: 0.0185
-------------------------------------
[Epoch : 475/500]
Total_loss	: 0.1052
Coral_loss	: 0.0000
MMD_loss	: 3.9228
cond_ent_wt	: 4.7422
Src_reg_loss	: 0.0185
-------------------------------------
[Epoch : 476/500]
Total_loss	: 0.1051
Coral_loss	: 0.0000
MMD_loss	: 3.9205
cond_ent_wt	: 4.7419
Src_reg_loss	: 0.0185
-------------------------------------
[Epoch : 477/500]
Total_loss	: 0.1051
Coral_loss	: 0.0000
MMD_loss	: 3.9182
cond_ent_wt	: 4.7417
Src_reg_loss	: 0.0185
-------------------------------------
[Epoch : 478/500]
Total_loss	: 0.1050
Coral_loss	: 0.0000
MMD_loss	: 3.9159
cond_ent_wt	: 4.7414
Src_reg_loss	: 0.0185
-------------------------------------
[Epoch : 479/500]
Total_loss	: 0.1050
Coral_loss	: 0.0000
MMD_loss	: 3.9137
cond_ent_wt	: 4.7411
Src_reg_loss	: 0.0185
-------------------------------------
[Epoch : 480/500]
Total_loss	: 0.1050
Coral_loss	: 0.0000
MMD_loss	: 3.9114
cond_ent_wt	: 4.7408
Src_reg_loss	: 0.0184
-------------------------------------
[Epoch : 481/500]
Total_loss	: 0.1049
Coral_loss	: 0.0000
MMD_loss	: 3.9091
cond_ent_wt	: 4.7405
Src_reg_loss	: 0.0184
-------------------------------------
[Epoch : 482/500]
Total_loss	: 0.1049
Coral_loss	: 0.0000
MMD_loss	: 3.9068
cond_ent_wt	: 4.7403
Src_reg_loss	: 0.0184
-------------------------------------
[Epoch : 483/500]
Total_loss	: 0.1048
Coral_loss	: 0.0000
MMD_loss	: 3.9045
cond_ent_wt	: 4.7400
Src_reg_loss	: 0.0184
-------------------------------------
[Epoch : 484/500]
Total_loss	: 0.1048
Coral_loss	: 0.0000
MMD_loss	: 3.9023
cond_ent_wt	: 4.7397
Src_reg_loss	: 0.0184
-------------------------------------
[Epoch : 485/500]
Total_loss	: 0.1047
Coral_loss	: 0.0000
MMD_loss	: 3.9000
cond_ent_wt	: 4.7394
Src_reg_loss	: 0.0183
-------------------------------------
[Epoch : 486/500]
Total_loss	: 0.1047
Coral_loss	: 0.0000
MMD_loss	: 3.8977
cond_ent_wt	: 4.7391
Src_reg_loss	: 0.0183
-------------------------------------
[Epoch : 487/500]
Total_loss	: 0.1046
Coral_loss	: 0.0000
MMD_loss	: 3.8955
cond_ent_wt	: 4.7389
Src_reg_loss	: 0.0183
-------------------------------------
[Epoch : 488/500]
Total_loss	: 0.1046
Coral_loss	: 0.0000
MMD_loss	: 3.8932
cond_ent_wt	: 4.7386
Src_reg_loss	: 0.0183
-------------------------------------
[Epoch : 489/500]
Total_loss	: 0.1046
Coral_loss	: 0.0000
MMD_loss	: 3.8910
cond_ent_wt	: 4.7383
Src_reg_loss	: 0.0183
-------------------------------------
[Epoch : 490/500]
Total_loss	: 0.1045
Coral_loss	: 0.0000
MMD_loss	: 3.8887
cond_ent_wt	: 4.7380
Src_reg_loss	: 0.0182
-------------------------------------
[Epoch : 491/500]
Total_loss	: 0.1045
Coral_loss	: 0.0000
MMD_loss	: 3.8865
cond_ent_wt	: 4.7378
Src_reg_loss	: 0.0182
-------------------------------------
[Epoch : 492/500]
Total_loss	: 0.1044
Coral_loss	: 0.0000
MMD_loss	: 3.8842
cond_ent_wt	: 4.7375
Src_reg_loss	: 0.0182
-------------------------------------
[Epoch : 493/500]
Total_loss	: 0.1044
Coral_loss	: 0.0000
MMD_loss	: 3.8820
cond_ent_wt	: 4.7372
Src_reg_loss	: 0.0182
-------------------------------------
[Epoch : 494/500]
Total_loss	: 0.1043
Coral_loss	: 0.0000
MMD_loss	: 3.8798
cond_ent_wt	: 4.7369
Src_reg_loss	: 0.0182
-------------------------------------
[Epoch : 495/500]
Total_loss	: 0.1043
Coral_loss	: 0.0000
MMD_loss	: 3.8776
cond_ent_wt	: 4.7367
Src_reg_loss	: 0.0182
-------------------------------------
[Epoch : 496/500]
Total_loss	: 0.1043
Coral_loss	: 0.0000
MMD_loss	: 3.8753
cond_ent_wt	: 4.7364
Src_reg_loss	: 0.0181
-------------------------------------
[Epoch : 497/500]
Total_loss	: 0.1042
Coral_loss	: 0.0000
MMD_loss	: 3.8731
cond_ent_wt	: 4.7361
Src_reg_loss	: 0.0181
-------------------------------------
[Epoch : 498/500]
Total_loss	: 0.1042
Coral_loss	: 0.0000
MMD_loss	: 3.8709
cond_ent_wt	: 4.7358
Src_reg_loss	: 0.0181
-------------------------------------
[Epoch : 499/500]
Total_loss	: 0.1041
Coral_loss	: 0.0000
MMD_loss	: 3.8687
cond_ent_wt	: 4.7356
Src_reg_loss	: 0.0181
-------------------------------------
[Epoch : 500/500]
Total_loss	: 0.1041
Coral_loss	: 0.0000
MMD_loss	: 3.8665
cond_ent_wt	: 4.7353
Src_reg_loss	: 0.0181
-------------------------------------
