=============================================
Dataset: Airbox
Method:  MMDA
=============================================
Source: 0 ---> Target: 7
=============================================
[Epoch : 1/500]
Total_loss	: 0.3948
Coral_loss	: 0.0000
MMD_loss	: 3.3825
cond_ent_wt	: 4.8490
Src_reg_loss	: 0.3125
-------------------------------------
[Epoch : 2/500]
Total_loss	: 0.3789
Coral_loss	: 0.0000
MMD_loss	: 3.3851
cond_ent_wt	: 4.8490
Src_reg_loss	: 0.2965
-------------------------------------
[Epoch : 3/500]
Total_loss	: 0.3643
Coral_loss	: 0.0000
MMD_loss	: 3.3865
cond_ent_wt	: 4.8488
Src_reg_loss	: 0.2820
-------------------------------------
[Epoch : 4/500]
Total_loss	: 0.3502
Coral_loss	: 0.0000
MMD_loss	: 3.3864
cond_ent_wt	: 4.8487
Src_reg_loss	: 0.2678
-------------------------------------
[Epoch : 5/500]
Total_loss	: 0.3359
Coral_loss	: 0.0000
MMD_loss	: 3.3850
cond_ent_wt	: 4.8484
Src_reg_loss	: 0.2536
-------------------------------------
[Epoch : 6/500]
Total_loss	: 0.3212
Coral_loss	: 0.0000
MMD_loss	: 3.3819
cond_ent_wt	: 4.8480
Src_reg_loss	: 0.2389
-------------------------------------
[Epoch : 7/500]
Total_loss	: 0.3057
Coral_loss	: 0.0000
MMD_loss	: 3.3755
cond_ent_wt	: 4.8475
Src_reg_loss	: 0.2234
-------------------------------------
[Epoch : 8/500]
Total_loss	: 0.2895
Coral_loss	: 0.0000
MMD_loss	: 3.3634
cond_ent_wt	: 4.8467
Src_reg_loss	: 0.2074
-------------------------------------
[Epoch : 9/500]
Total_loss	: 0.2733
Coral_loss	: 0.0000
MMD_loss	: 3.3430
cond_ent_wt	: 4.8456
Src_reg_loss	: 0.1914
-------------------------------------
[Epoch : 10/500]
Total_loss	: 0.2580
Coral_loss	: 0.0000
MMD_loss	: 3.3135
cond_ent_wt	: 4.8441
Src_reg_loss	: 0.1764
-------------------------------------
[Epoch : 11/500]
Total_loss	: 0.2449
Coral_loss	: 0.0000
MMD_loss	: 3.2791
cond_ent_wt	: 4.8422
Src_reg_loss	: 0.1637
-------------------------------------
[Epoch : 12/500]
Total_loss	: 0.2344
Coral_loss	: 0.0000
MMD_loss	: 3.2485
cond_ent_wt	: 4.8402
Src_reg_loss	: 0.1535
-------------------------------------
[Epoch : 13/500]
Total_loss	: 0.2252
Coral_loss	: 0.0000
MMD_loss	: 3.2267
cond_ent_wt	: 4.8387
Src_reg_loss	: 0.1446
-------------------------------------
[Epoch : 14/500]
Total_loss	: 0.2173
Coral_loss	: 0.0000
MMD_loss	: 3.2130
cond_ent_wt	: 4.8377
Src_reg_loss	: 0.1368
-------------------------------------
[Epoch : 15/500]
Total_loss	: 0.2104
Coral_loss	: 0.0000
MMD_loss	: 3.2046
cond_ent_wt	: 4.8369
Src_reg_loss	: 0.1300
-------------------------------------
[Epoch : 16/500]
Total_loss	: 0.2045
Coral_loss	: 0.0000
MMD_loss	: 3.1988
cond_ent_wt	: 4.8363
Src_reg_loss	: 0.1241
-------------------------------------
[Epoch : 17/500]
Total_loss	: 0.1992
Coral_loss	: 0.0000
MMD_loss	: 3.1941
cond_ent_wt	: 4.8357
Src_reg_loss	: 0.1189
-------------------------------------
[Epoch : 18/500]
Total_loss	: 0.1945
Coral_loss	: 0.0000
MMD_loss	: 3.1901
cond_ent_wt	: 4.8351
Src_reg_loss	: 0.1143
-------------------------------------
[Epoch : 19/500]
Total_loss	: 0.1903
Coral_loss	: 0.0000
MMD_loss	: 3.1869
cond_ent_wt	: 4.8345
Src_reg_loss	: 0.1101
-------------------------------------
[Epoch : 20/500]
Total_loss	: 0.1865
Coral_loss	: 0.0000
MMD_loss	: 3.1847
cond_ent_wt	: 4.8340
Src_reg_loss	: 0.1063
-------------------------------------
[Epoch : 21/500]
Total_loss	: 0.1831
Coral_loss	: 0.0000
MMD_loss	: 3.1836
cond_ent_wt	: 4.8336
Src_reg_loss	: 0.1029
-------------------------------------
[Epoch : 22/500]
Total_loss	: 0.1800
Coral_loss	: 0.0000
MMD_loss	: 3.1832
cond_ent_wt	: 4.8332
Src_reg_loss	: 0.0998
-------------------------------------
[Epoch : 23/500]
Total_loss	: 0.1771
Coral_loss	: 0.0000
MMD_loss	: 3.1833
cond_ent_wt	: 4.8328
Src_reg_loss	: 0.0970
-------------------------------------
[Epoch : 24/500]
Total_loss	: 0.1745
Coral_loss	: 0.0000
MMD_loss	: 3.1836
cond_ent_wt	: 4.8325
Src_reg_loss	: 0.0944
-------------------------------------
[Epoch : 25/500]
Total_loss	: 0.1721
Coral_loss	: 0.0000
MMD_loss	: 3.1839
cond_ent_wt	: 4.8322
Src_reg_loss	: 0.0920
-------------------------------------
[Epoch : 26/500]
Total_loss	: 0.1699
Coral_loss	: 0.0000
MMD_loss	: 3.1841
cond_ent_wt	: 4.8319
Src_reg_loss	: 0.0898
-------------------------------------
[Epoch : 27/500]
Total_loss	: 0.1679
Coral_loss	: 0.0000
MMD_loss	: 3.1841
cond_ent_wt	: 4.8317
Src_reg_loss	: 0.0877
-------------------------------------
[Epoch : 28/500]
Total_loss	: 0.1659
Coral_loss	: 0.0000
MMD_loss	: 3.1838
cond_ent_wt	: 4.8314
Src_reg_loss	: 0.0858
-------------------------------------
[Epoch : 29/500]
Total_loss	: 0.1641
Coral_loss	: 0.0000
MMD_loss	: 3.1833
cond_ent_wt	: 4.8312
Src_reg_loss	: 0.0840
-------------------------------------
[Epoch : 30/500]
Total_loss	: 0.1625
Coral_loss	: 0.0000
MMD_loss	: 3.1824
cond_ent_wt	: 4.8310
Src_reg_loss	: 0.0823
-------------------------------------
[Epoch : 31/500]
Total_loss	: 0.1609
Coral_loss	: 0.0000
MMD_loss	: 3.1810
cond_ent_wt	: 4.8308
Src_reg_loss	: 0.0808
-------------------------------------
[Epoch : 32/500]
Total_loss	: 0.1594
Coral_loss	: 0.0000
MMD_loss	: 3.1792
cond_ent_wt	: 4.8306
Src_reg_loss	: 0.0793
-------------------------------------
[Epoch : 33/500]
Total_loss	: 0.1580
Coral_loss	: 0.0000
MMD_loss	: 3.1769
cond_ent_wt	: 4.8305
Src_reg_loss	: 0.0779
-------------------------------------
[Epoch : 34/500]
Total_loss	: 0.1567
Coral_loss	: 0.0000
MMD_loss	: 3.1740
cond_ent_wt	: 4.8303
Src_reg_loss	: 0.0766
-------------------------------------
[Epoch : 35/500]
Total_loss	: 0.1554
Coral_loss	: 0.0000
MMD_loss	: 3.1707
cond_ent_wt	: 4.8302
Src_reg_loss	: 0.0754
-------------------------------------
[Epoch : 36/500]
Total_loss	: 0.1542
Coral_loss	: 0.0000
MMD_loss	: 3.1667
cond_ent_wt	: 4.8300
Src_reg_loss	: 0.0742
-------------------------------------
[Epoch : 37/500]
Total_loss	: 0.1530
Coral_loss	: 0.0000
MMD_loss	: 3.1623
cond_ent_wt	: 4.8299
Src_reg_loss	: 0.0731
-------------------------------------
[Epoch : 38/500]
Total_loss	: 0.1519
Coral_loss	: 0.0000
MMD_loss	: 3.1572
cond_ent_wt	: 4.8298
Src_reg_loss	: 0.0721
-------------------------------------
[Epoch : 39/500]
Total_loss	: 0.1509
Coral_loss	: 0.0000
MMD_loss	: 3.1517
cond_ent_wt	: 4.8296
Src_reg_loss	: 0.0711
-------------------------------------
[Epoch : 40/500]
Total_loss	: 0.1499
Coral_loss	: 0.0000
MMD_loss	: 3.1456
cond_ent_wt	: 4.8295
Src_reg_loss	: 0.0701
-------------------------------------
[Epoch : 41/500]
Total_loss	: 0.1489
Coral_loss	: 0.0000
MMD_loss	: 3.1390
cond_ent_wt	: 4.8294
Src_reg_loss	: 0.0692
-------------------------------------
[Epoch : 42/500]
Total_loss	: 0.1479
Coral_loss	: 0.0000
MMD_loss	: 3.1319
cond_ent_wt	: 4.8293
Src_reg_loss	: 0.0683
-------------------------------------
[Epoch : 43/500]
Total_loss	: 0.1470
Coral_loss	: 0.0000
MMD_loss	: 3.1244
cond_ent_wt	: 4.8292
Src_reg_loss	: 0.0675
-------------------------------------
[Epoch : 44/500]
Total_loss	: 0.1462
Coral_loss	: 0.0000
MMD_loss	: 3.1163
cond_ent_wt	: 4.8292
Src_reg_loss	: 0.0667
-------------------------------------
[Epoch : 45/500]
Total_loss	: 0.1453
Coral_loss	: 0.0000
MMD_loss	: 3.1079
cond_ent_wt	: 4.8291
Src_reg_loss	: 0.0659
-------------------------------------
[Epoch : 46/500]
Total_loss	: 0.1445
Coral_loss	: 0.0000
MMD_loss	: 3.0990
cond_ent_wt	: 4.8290
Src_reg_loss	: 0.0652
-------------------------------------
[Epoch : 47/500]
Total_loss	: 0.1437
Coral_loss	: 0.0000
MMD_loss	: 3.0897
cond_ent_wt	: 4.8289
Src_reg_loss	: 0.0645
-------------------------------------
[Epoch : 48/500]
Total_loss	: 0.1429
Coral_loss	: 0.0000
MMD_loss	: 3.0801
cond_ent_wt	: 4.8288
Src_reg_loss	: 0.0638
-------------------------------------
[Epoch : 49/500]
Total_loss	: 0.1422
Coral_loss	: 0.0000
MMD_loss	: 3.0701
cond_ent_wt	: 4.8288
Src_reg_loss	: 0.0632
-------------------------------------
[Epoch : 50/500]
Total_loss	: 0.1414
Coral_loss	: 0.0000
MMD_loss	: 3.0598
cond_ent_wt	: 4.8287
Src_reg_loss	: 0.0626
-------------------------------------
[Epoch : 51/500]
Total_loss	: 0.1407
Coral_loss	: 0.0000
MMD_loss	: 3.0491
cond_ent_wt	: 4.8286
Src_reg_loss	: 0.0619
-------------------------------------
[Epoch : 52/500]
Total_loss	: 0.1400
Coral_loss	: 0.0000
MMD_loss	: 3.0382
cond_ent_wt	: 4.8286
Src_reg_loss	: 0.0614
-------------------------------------
[Epoch : 53/500]
Total_loss	: 0.1394
Coral_loss	: 0.0000
MMD_loss	: 3.0271
cond_ent_wt	: 4.8285
Src_reg_loss	: 0.0608
-------------------------------------
[Epoch : 54/500]
Total_loss	: 0.1387
Coral_loss	: 0.0000
MMD_loss	: 3.0156
cond_ent_wt	: 4.8285
Src_reg_loss	: 0.0602
-------------------------------------
[Epoch : 55/500]
Total_loss	: 0.1380
Coral_loss	: 0.0000
MMD_loss	: 3.0040
cond_ent_wt	: 4.8284
Src_reg_loss	: 0.0597
-------------------------------------
[Epoch : 56/500]
Total_loss	: 0.1374
Coral_loss	: 0.0000
MMD_loss	: 2.9922
cond_ent_wt	: 4.8284
Src_reg_loss	: 0.0592
-------------------------------------
[Epoch : 57/500]
Total_loss	: 0.1368
Coral_loss	: 0.0000
MMD_loss	: 2.9801
cond_ent_wt	: 4.8283
Src_reg_loss	: 0.0587
-------------------------------------
[Epoch : 58/500]
Total_loss	: 0.1362
Coral_loss	: 0.0000
MMD_loss	: 2.9680
cond_ent_wt	: 4.8283
Src_reg_loss	: 0.0582
-------------------------------------
[Epoch : 59/500]
Total_loss	: 0.1356
Coral_loss	: 0.0000
MMD_loss	: 2.9556
cond_ent_wt	: 4.8282
Src_reg_loss	: 0.0578
-------------------------------------
[Epoch : 60/500]
Total_loss	: 0.1350
Coral_loss	: 0.0000
MMD_loss	: 2.9432
cond_ent_wt	: 4.8282
Src_reg_loss	: 0.0573
-------------------------------------
[Epoch : 61/500]
Total_loss	: 0.1345
Coral_loss	: 0.0000
MMD_loss	: 2.9306
cond_ent_wt	: 4.8282
Src_reg_loss	: 0.0569
-------------------------------------
[Epoch : 62/500]
Total_loss	: 0.1339
Coral_loss	: 0.0000
MMD_loss	: 2.9179
cond_ent_wt	: 4.8281
Src_reg_loss	: 0.0564
-------------------------------------
[Epoch : 63/500]
Total_loss	: 0.1333
Coral_loss	: 0.0000
MMD_loss	: 2.9052
cond_ent_wt	: 4.8281
Src_reg_loss	: 0.0560
-------------------------------------
[Epoch : 64/500]
Total_loss	: 0.1328
Coral_loss	: 0.0000
MMD_loss	: 2.8924
cond_ent_wt	: 4.8281
Src_reg_loss	: 0.0556
-------------------------------------
[Epoch : 65/500]
Total_loss	: 0.1323
Coral_loss	: 0.0000
MMD_loss	: 2.8796
cond_ent_wt	: 4.8280
Src_reg_loss	: 0.0552
-------------------------------------
[Epoch : 66/500]
Total_loss	: 0.1318
Coral_loss	: 0.0000
MMD_loss	: 2.8667
cond_ent_wt	: 4.8280
Src_reg_loss	: 0.0548
-------------------------------------
[Epoch : 67/500]
Total_loss	: 0.1313
Coral_loss	: 0.0000
MMD_loss	: 2.8539
cond_ent_wt	: 4.8280
Src_reg_loss	: 0.0544
-------------------------------------
[Epoch : 68/500]
Total_loss	: 0.1308
Coral_loss	: 0.0000
MMD_loss	: 2.8410
cond_ent_wt	: 4.8279
Src_reg_loss	: 0.0541
-------------------------------------
[Epoch : 69/500]
Total_loss	: 0.1303
Coral_loss	: 0.0000
MMD_loss	: 2.8282
cond_ent_wt	: 4.8279
Src_reg_loss	: 0.0537
-------------------------------------
[Epoch : 70/500]
Total_loss	: 0.1298
Coral_loss	: 0.0000
MMD_loss	: 2.8154
cond_ent_wt	: 4.8279
Src_reg_loss	: 0.0534
-------------------------------------
[Epoch : 71/500]
Total_loss	: 0.1293
Coral_loss	: 0.0000
MMD_loss	: 2.8027
cond_ent_wt	: 4.8278
Src_reg_loss	: 0.0530
-------------------------------------
[Epoch : 72/500]
Total_loss	: 0.1289
Coral_loss	: 0.0000
MMD_loss	: 2.7900
cond_ent_wt	: 4.8278
Src_reg_loss	: 0.0527
-------------------------------------
[Epoch : 73/500]
Total_loss	: 0.1284
Coral_loss	: 0.0000
MMD_loss	: 2.7775
cond_ent_wt	: 4.8278
Src_reg_loss	: 0.0524
-------------------------------------
[Epoch : 74/500]
Total_loss	: 0.1280
Coral_loss	: 0.0000
MMD_loss	: 2.7651
cond_ent_wt	: 4.8277
Src_reg_loss	: 0.0520
-------------------------------------
[Epoch : 75/500]
Total_loss	: 0.1275
Coral_loss	: 0.0000
MMD_loss	: 2.7528
cond_ent_wt	: 4.8277
Src_reg_loss	: 0.0517
-------------------------------------
[Epoch : 76/500]
Total_loss	: 0.1271
Coral_loss	: 0.0000
MMD_loss	: 2.7407
cond_ent_wt	: 4.8277
Src_reg_loss	: 0.0514
-------------------------------------
[Epoch : 77/500]
Total_loss	: 0.1267
Coral_loss	: 0.0000
MMD_loss	: 2.7288
cond_ent_wt	: 4.8276
Src_reg_loss	: 0.0511
-------------------------------------
[Epoch : 78/500]
Total_loss	: 0.1263
Coral_loss	: 0.0000
MMD_loss	: 2.7170
cond_ent_wt	: 4.8276
Src_reg_loss	: 0.0508
-------------------------------------
[Epoch : 79/500]
Total_loss	: 0.1259
Coral_loss	: 0.0000
MMD_loss	: 2.7056
cond_ent_wt	: 4.8276
Src_reg_loss	: 0.0505
-------------------------------------
[Epoch : 80/500]
Total_loss	: 0.1255
Coral_loss	: 0.0000
MMD_loss	: 2.6943
cond_ent_wt	: 4.8276
Src_reg_loss	: 0.0502
-------------------------------------
[Epoch : 81/500]
Total_loss	: 0.1251
Coral_loss	: 0.0000
MMD_loss	: 2.6834
cond_ent_wt	: 4.8275
Src_reg_loss	: 0.0500
-------------------------------------
[Epoch : 82/500]
Total_loss	: 0.1247
Coral_loss	: 0.0000
MMD_loss	: 2.6728
cond_ent_wt	: 4.8275
Src_reg_loss	: 0.0497
-------------------------------------
[Epoch : 83/500]
Total_loss	: 0.1243
Coral_loss	: 0.0000
MMD_loss	: 2.6626
cond_ent_wt	: 4.8274
Src_reg_loss	: 0.0494
-------------------------------------
[Epoch : 84/500]
Total_loss	: 0.1240
Coral_loss	: 0.0000
MMD_loss	: 2.6527
cond_ent_wt	: 4.8274
Src_reg_loss	: 0.0492
-------------------------------------
[Epoch : 85/500]
Total_loss	: 0.1236
Coral_loss	: 0.0000
MMD_loss	: 2.6433
cond_ent_wt	: 4.8274
Src_reg_loss	: 0.0489
-------------------------------------
[Epoch : 86/500]
Total_loss	: 0.1233
Coral_loss	: 0.0000
MMD_loss	: 2.6344
cond_ent_wt	: 4.8273
Src_reg_loss	: 0.0487
-------------------------------------
[Epoch : 87/500]
Total_loss	: 0.1229
Coral_loss	: 0.0000
MMD_loss	: 2.6260
cond_ent_wt	: 4.8273
Src_reg_loss	: 0.0484
-------------------------------------
[Epoch : 88/500]
Total_loss	: 0.1226
Coral_loss	: 0.0000
MMD_loss	: 2.6181
cond_ent_wt	: 4.8273
Src_reg_loss	: 0.0482
-------------------------------------
[Epoch : 89/500]
Total_loss	: 0.1223
Coral_loss	: 0.0000
MMD_loss	: 2.6108
cond_ent_wt	: 4.8272
Src_reg_loss	: 0.0479
-------------------------------------
[Epoch : 90/500]
Total_loss	: 0.1220
Coral_loss	: 0.0000
MMD_loss	: 2.6041
cond_ent_wt	: 4.8272
Src_reg_loss	: 0.0477
-------------------------------------
[Epoch : 91/500]
Total_loss	: 0.1217
Coral_loss	: 0.0000
MMD_loss	: 2.5981
cond_ent_wt	: 4.8271
Src_reg_loss	: 0.0474
-------------------------------------
[Epoch : 92/500]
Total_loss	: 0.1214
Coral_loss	: 0.0000
MMD_loss	: 2.5927
cond_ent_wt	: 4.8271
Src_reg_loss	: 0.0472
-------------------------------------
[Epoch : 93/500]
Total_loss	: 0.1211
Coral_loss	: 0.0000
MMD_loss	: 2.5879
cond_ent_wt	: 4.8271
Src_reg_loss	: 0.0470
-------------------------------------
[Epoch : 94/500]
Total_loss	: 0.1209
Coral_loss	: 0.0000
MMD_loss	: 2.5839
cond_ent_wt	: 4.8270
Src_reg_loss	: 0.0468
-------------------------------------
[Epoch : 95/500]
Total_loss	: 0.1206
Coral_loss	: 0.0000
MMD_loss	: 2.5805
cond_ent_wt	: 4.8270
Src_reg_loss	: 0.0466
-------------------------------------
[Epoch : 96/500]
Total_loss	: 0.1204
Coral_loss	: 0.0000
MMD_loss	: 2.5778
cond_ent_wt	: 4.8269
Src_reg_loss	: 0.0463
-------------------------------------
[Epoch : 97/500]
Total_loss	: 0.1202
Coral_loss	: 0.0000
MMD_loss	: 2.5758
cond_ent_wt	: 4.8269
Src_reg_loss	: 0.0461
-------------------------------------
[Epoch : 98/500]
Total_loss	: 0.1199
Coral_loss	: 0.0000
MMD_loss	: 2.5744
cond_ent_wt	: 4.8268
Src_reg_loss	: 0.0459
-------------------------------------
[Epoch : 99/500]
Total_loss	: 0.1197
Coral_loss	: 0.0000
MMD_loss	: 2.5737
cond_ent_wt	: 4.8268
Src_reg_loss	: 0.0457
-------------------------------------
[Epoch : 100/500]
Total_loss	: 0.1195
Coral_loss	: 0.0000
MMD_loss	: 2.5737
cond_ent_wt	: 4.8267
Src_reg_loss	: 0.0455
-------------------------------------
[Epoch : 101/500]
Total_loss	: 0.1193
Coral_loss	: 0.0000
MMD_loss	: 2.5742
cond_ent_wt	: 4.8267
Src_reg_loss	: 0.0453
-------------------------------------
[Epoch : 102/500]
Total_loss	: 0.1191
Coral_loss	: 0.0000
MMD_loss	: 2.5754
cond_ent_wt	: 4.8266
Src_reg_loss	: 0.0451
-------------------------------------
[Epoch : 103/500]
Total_loss	: 0.1189
Coral_loss	: 0.0000
MMD_loss	: 2.5771
cond_ent_wt	: 4.8266
Src_reg_loss	: 0.0449
-------------------------------------
[Epoch : 104/500]
Total_loss	: 0.1188
Coral_loss	: 0.0000
MMD_loss	: 2.5794
cond_ent_wt	: 4.8265
Src_reg_loss	: 0.0447
-------------------------------------
[Epoch : 105/500]
Total_loss	: 0.1186
Coral_loss	: 0.0000
MMD_loss	: 2.5821
cond_ent_wt	: 4.8265
Src_reg_loss	: 0.0445
-------------------------------------
[Epoch : 106/500]
Total_loss	: 0.1184
Coral_loss	: 0.0000
MMD_loss	: 2.5853
cond_ent_wt	: 4.8264
Src_reg_loss	: 0.0443
-------------------------------------
[Epoch : 107/500]
Total_loss	: 0.1183
Coral_loss	: 0.0000
MMD_loss	: 2.5888
cond_ent_wt	: 4.8264
Src_reg_loss	: 0.0441
-------------------------------------
[Epoch : 108/500]
Total_loss	: 0.1181
Coral_loss	: 0.0000
MMD_loss	: 2.5928
cond_ent_wt	: 4.8263
Src_reg_loss	: 0.0439
-------------------------------------
[Epoch : 109/500]
Total_loss	: 0.1180
Coral_loss	: 0.0000
MMD_loss	: 2.5970
cond_ent_wt	: 4.8263
Src_reg_loss	: 0.0438
-------------------------------------
[Epoch : 110/500]
Total_loss	: 0.1179
Coral_loss	: 0.0000
MMD_loss	: 2.6016
cond_ent_wt	: 4.8262
Src_reg_loss	: 0.0436
-------------------------------------
[Epoch : 111/500]
Total_loss	: 0.1177
Coral_loss	: 0.0000
MMD_loss	: 2.6065
cond_ent_wt	: 4.8261
Src_reg_loss	: 0.0434
-------------------------------------
[Epoch : 112/500]
Total_loss	: 0.1176
Coral_loss	: 0.0000
MMD_loss	: 2.6115
cond_ent_wt	: 4.8261
Src_reg_loss	: 0.0432
-------------------------------------
[Epoch : 113/500]
Total_loss	: 0.1175
Coral_loss	: 0.0000
MMD_loss	: 2.6168
cond_ent_wt	: 4.8260
Src_reg_loss	: 0.0430
-------------------------------------
[Epoch : 114/500]
Total_loss	: 0.1174
Coral_loss	: 0.0000
MMD_loss	: 2.6223
cond_ent_wt	: 4.8260
Src_reg_loss	: 0.0429
-------------------------------------
[Epoch : 115/500]
Total_loss	: 0.1172
Coral_loss	: 0.0000
MMD_loss	: 2.6278
cond_ent_wt	: 4.8259
Src_reg_loss	: 0.0427
-------------------------------------
[Epoch : 116/500]
Total_loss	: 0.1171
Coral_loss	: 0.0000
MMD_loss	: 2.6335
cond_ent_wt	: 4.8259
Src_reg_loss	: 0.0425
-------------------------------------
[Epoch : 117/500]
Total_loss	: 0.1170
Coral_loss	: 0.0000
MMD_loss	: 2.6394
cond_ent_wt	: 4.8258
Src_reg_loss	: 0.0424
-------------------------------------
[Epoch : 118/500]
Total_loss	: 0.1169
Coral_loss	: 0.0000
MMD_loss	: 2.6452
cond_ent_wt	: 4.8257
Src_reg_loss	: 0.0422
-------------------------------------
[Epoch : 119/500]
Total_loss	: 0.1168
Coral_loss	: 0.0000
MMD_loss	: 2.6511
cond_ent_wt	: 4.8257
Src_reg_loss	: 0.0420
-------------------------------------
[Epoch : 120/500]
Total_loss	: 0.1167
Coral_loss	: 0.0000
MMD_loss	: 2.6570
cond_ent_wt	: 4.8256
Src_reg_loss	: 0.0419
-------------------------------------
[Epoch : 121/500]
Total_loss	: 0.1166
Coral_loss	: 0.0000
MMD_loss	: 2.6629
cond_ent_wt	: 4.8256
Src_reg_loss	: 0.0417
-------------------------------------
[Epoch : 122/500]
Total_loss	: 0.1165
Coral_loss	: 0.0000
MMD_loss	: 2.6687
cond_ent_wt	: 4.8255
Src_reg_loss	: 0.0415
-------------------------------------
[Epoch : 123/500]
Total_loss	: 0.1164
Coral_loss	: 0.0000
MMD_loss	: 2.6744
cond_ent_wt	: 4.8254
Src_reg_loss	: 0.0414
-------------------------------------
[Epoch : 124/500]
Total_loss	: 0.1163
Coral_loss	: 0.0000
MMD_loss	: 2.6801
cond_ent_wt	: 4.8254
Src_reg_loss	: 0.0412
-------------------------------------
[Epoch : 125/500]
Total_loss	: 0.1162
Coral_loss	: 0.0000
MMD_loss	: 2.6857
cond_ent_wt	: 4.8253
Src_reg_loss	: 0.0411
-------------------------------------
[Epoch : 126/500]
Total_loss	: 0.1161
Coral_loss	: 0.0000
MMD_loss	: 2.6912
cond_ent_wt	: 4.8253
Src_reg_loss	: 0.0409
-------------------------------------
[Epoch : 127/500]
Total_loss	: 0.1160
Coral_loss	: 0.0000
MMD_loss	: 2.6965
cond_ent_wt	: 4.8252
Src_reg_loss	: 0.0408
-------------------------------------
[Epoch : 128/500]
Total_loss	: 0.1159
Coral_loss	: 0.0000
MMD_loss	: 2.7018
cond_ent_wt	: 4.8252
Src_reg_loss	: 0.0406
-------------------------------------
[Epoch : 129/500]
Total_loss	: 0.1158
Coral_loss	: 0.0000
MMD_loss	: 2.7069
cond_ent_wt	: 4.8251
Src_reg_loss	: 0.0405
-------------------------------------
[Epoch : 130/500]
Total_loss	: 0.1157
Coral_loss	: 0.0000
MMD_loss	: 2.7118
cond_ent_wt	: 4.8251
Src_reg_loss	: 0.0403
-------------------------------------
[Epoch : 131/500]
Total_loss	: 0.1156
Coral_loss	: 0.0000
MMD_loss	: 2.7166
cond_ent_wt	: 4.8250
Src_reg_loss	: 0.0402
-------------------------------------
[Epoch : 132/500]
Total_loss	: 0.1155
Coral_loss	: 0.0000
MMD_loss	: 2.7213
cond_ent_wt	: 4.8249
Src_reg_loss	: 0.0400
-------------------------------------
[Epoch : 133/500]
Total_loss	: 0.1154
Coral_loss	: 0.0000
MMD_loss	: 2.7257
cond_ent_wt	: 4.8249
Src_reg_loss	: 0.0399
-------------------------------------
[Epoch : 134/500]
Total_loss	: 0.1153
Coral_loss	: 0.0000
MMD_loss	: 2.7301
cond_ent_wt	: 4.8248
Src_reg_loss	: 0.0397
-------------------------------------
[Epoch : 135/500]
Total_loss	: 0.1152
Coral_loss	: 0.0000
MMD_loss	: 2.7342
cond_ent_wt	: 4.8248
Src_reg_loss	: 0.0396
-------------------------------------
[Epoch : 136/500]
Total_loss	: 0.1151
Coral_loss	: 0.0000
MMD_loss	: 2.7382
cond_ent_wt	: 4.8247
Src_reg_loss	: 0.0395
-------------------------------------
[Epoch : 137/500]
Total_loss	: 0.1150
Coral_loss	: 0.0000
MMD_loss	: 2.7419
cond_ent_wt	: 4.8247
Src_reg_loss	: 0.0393
-------------------------------------
[Epoch : 138/500]
Total_loss	: 0.1149
Coral_loss	: 0.0000
MMD_loss	: 2.7455
cond_ent_wt	: 4.8246
Src_reg_loss	: 0.0392
-------------------------------------
[Epoch : 139/500]
Total_loss	: 0.1148
Coral_loss	: 0.0000
MMD_loss	: 2.7490
cond_ent_wt	: 4.8246
Src_reg_loss	: 0.0390
-------------------------------------
[Epoch : 140/500]
Total_loss	: 0.1147
Coral_loss	: 0.0000
MMD_loss	: 2.7522
cond_ent_wt	: 4.8246
Src_reg_loss	: 0.0389
-------------------------------------
[Epoch : 141/500]
Total_loss	: 0.1146
Coral_loss	: 0.0000
MMD_loss	: 2.7553
cond_ent_wt	: 4.8245
Src_reg_loss	: 0.0388
-------------------------------------
[Epoch : 142/500]
Total_loss	: 0.1145
Coral_loss	: 0.0000
MMD_loss	: 2.7582
cond_ent_wt	: 4.8245
Src_reg_loss	: 0.0386
-------------------------------------
[Epoch : 143/500]
Total_loss	: 0.1144
Coral_loss	: 0.0000
MMD_loss	: 2.7609
cond_ent_wt	: 4.8244
Src_reg_loss	: 0.0385
-------------------------------------
[Epoch : 144/500]
Total_loss	: 0.1143
Coral_loss	: 0.0000
MMD_loss	: 2.7635
cond_ent_wt	: 4.8244
Src_reg_loss	: 0.0384
-------------------------------------
[Epoch : 145/500]
Total_loss	: 0.1142
Coral_loss	: 0.0000
MMD_loss	: 2.7659
cond_ent_wt	: 4.8243
Src_reg_loss	: 0.0383
-------------------------------------
[Epoch : 146/500]
Total_loss	: 0.1141
Coral_loss	: 0.0000
MMD_loss	: 2.7681
cond_ent_wt	: 4.8243
Src_reg_loss	: 0.0381
-------------------------------------
[Epoch : 147/500]
Total_loss	: 0.1140
Coral_loss	: 0.0000
MMD_loss	: 2.7702
cond_ent_wt	: 4.8243
Src_reg_loss	: 0.0380
-------------------------------------
[Epoch : 148/500]
Total_loss	: 0.1139
Coral_loss	: 0.0000
MMD_loss	: 2.7721
cond_ent_wt	: 4.8242
Src_reg_loss	: 0.0379
-------------------------------------
[Epoch : 149/500]
Total_loss	: 0.1138
Coral_loss	: 0.0000
MMD_loss	: 2.7739
cond_ent_wt	: 4.8242
Src_reg_loss	: 0.0378
-------------------------------------
[Epoch : 150/500]
Total_loss	: 0.1136
Coral_loss	: 0.0000
MMD_loss	: 2.7755
cond_ent_wt	: 4.8241
Src_reg_loss	: 0.0376
-------------------------------------
[Epoch : 151/500]
Total_loss	: 0.1135
Coral_loss	: 0.0000
MMD_loss	: 2.7770
cond_ent_wt	: 4.8241
Src_reg_loss	: 0.0375
-------------------------------------
[Epoch : 152/500]
Total_loss	: 0.1134
Coral_loss	: 0.0000
MMD_loss	: 2.7783
cond_ent_wt	: 4.8241
Src_reg_loss	: 0.0374
-------------------------------------
[Epoch : 153/500]
Total_loss	: 0.1133
Coral_loss	: 0.0000
MMD_loss	: 2.7795
cond_ent_wt	: 4.8240
Src_reg_loss	: 0.0373
-------------------------------------
[Epoch : 154/500]
Total_loss	: 0.1132
Coral_loss	: 0.0000
MMD_loss	: 2.7805
cond_ent_wt	: 4.8240
Src_reg_loss	: 0.0372
-------------------------------------
[Epoch : 155/500]
Total_loss	: 0.1131
Coral_loss	: 0.0000
MMD_loss	: 2.7814
cond_ent_wt	: 4.8240
Src_reg_loss	: 0.0370
-------------------------------------
[Epoch : 156/500]
Total_loss	: 0.1130
Coral_loss	: 0.0000
MMD_loss	: 2.7821
cond_ent_wt	: 4.8239
Src_reg_loss	: 0.0369
-------------------------------------
[Epoch : 157/500]
Total_loss	: 0.1129
Coral_loss	: 0.0000
MMD_loss	: 2.7827
cond_ent_wt	: 4.8239
Src_reg_loss	: 0.0368
-------------------------------------
[Epoch : 158/500]
Total_loss	: 0.1128
Coral_loss	: 0.0000
MMD_loss	: 2.7831
cond_ent_wt	: 4.8239
Src_reg_loss	: 0.0367
-------------------------------------
[Epoch : 159/500]
Total_loss	: 0.1127
Coral_loss	: 0.0000
MMD_loss	: 2.7834
cond_ent_wt	: 4.8238
Src_reg_loss	: 0.0366
-------------------------------------
[Epoch : 160/500]
Total_loss	: 0.1126
Coral_loss	: 0.0000
MMD_loss	: 2.7836
cond_ent_wt	: 4.8238
Src_reg_loss	: 0.0365
-------------------------------------
[Epoch : 161/500]
Total_loss	: 0.1125
Coral_loss	: 0.0000
MMD_loss	: 2.7837
cond_ent_wt	: 4.8238
Src_reg_loss	: 0.0364
-------------------------------------
[Epoch : 162/500]
Total_loss	: 0.1123
Coral_loss	: 0.0000
MMD_loss	: 2.7836
cond_ent_wt	: 4.8238
Src_reg_loss	: 0.0363
-------------------------------------
[Epoch : 163/500]
Total_loss	: 0.1122
Coral_loss	: 0.0000
MMD_loss	: 2.7835
cond_ent_wt	: 4.8237
Src_reg_loss	: 0.0362
-------------------------------------
[Epoch : 164/500]
Total_loss	: 0.1121
Coral_loss	: 0.0000
MMD_loss	: 2.7832
cond_ent_wt	: 4.8237
Src_reg_loss	: 0.0360
-------------------------------------
[Epoch : 165/500]
Total_loss	: 0.1120
Coral_loss	: 0.0000
MMD_loss	: 2.7828
cond_ent_wt	: 4.8237
Src_reg_loss	: 0.0359
-------------------------------------
[Epoch : 166/500]
Total_loss	: 0.1119
Coral_loss	: 0.0000
MMD_loss	: 2.7823
cond_ent_wt	: 4.8236
Src_reg_loss	: 0.0358
-------------------------------------
[Epoch : 167/500]
Total_loss	: 0.1118
Coral_loss	: 0.0000
MMD_loss	: 2.7818
cond_ent_wt	: 4.8236
Src_reg_loss	: 0.0357
-------------------------------------
[Epoch : 168/500]
Total_loss	: 0.1117
Coral_loss	: 0.0000
MMD_loss	: 2.7811
cond_ent_wt	: 4.8236
Src_reg_loss	: 0.0356
-------------------------------------
[Epoch : 169/500]
Total_loss	: 0.1116
Coral_loss	: 0.0000
MMD_loss	: 2.7803
cond_ent_wt	: 4.8236
Src_reg_loss	: 0.0355
-------------------------------------
[Epoch : 170/500]
Total_loss	: 0.1115
Coral_loss	: 0.0000
MMD_loss	: 2.7794
cond_ent_wt	: 4.8235
Src_reg_loss	: 0.0354
-------------------------------------
[Epoch : 171/500]
Total_loss	: 0.1114
Coral_loss	: 0.0000
MMD_loss	: 2.7784
cond_ent_wt	: 4.8235
Src_reg_loss	: 0.0353
-------------------------------------
[Epoch : 172/500]
Total_loss	: 0.1112
Coral_loss	: 0.0000
MMD_loss	: 2.7773
cond_ent_wt	: 4.8235
Src_reg_loss	: 0.0352
-------------------------------------
[Epoch : 173/500]
Total_loss	: 0.1111
Coral_loss	: 0.0000
MMD_loss	: 2.7761
cond_ent_wt	: 4.8235
Src_reg_loss	: 0.0351
-------------------------------------
[Epoch : 174/500]
Total_loss	: 0.1110
Coral_loss	: 0.0000
MMD_loss	: 2.7749
cond_ent_wt	: 4.8235
Src_reg_loss	: 0.0350
-------------------------------------
[Epoch : 175/500]
Total_loss	: 0.1109
Coral_loss	: 0.0000
MMD_loss	: 2.7735
cond_ent_wt	: 4.8234
Src_reg_loss	: 0.0349
-------------------------------------
[Epoch : 176/500]
Total_loss	: 0.1108
Coral_loss	: 0.0000
MMD_loss	: 2.7721
cond_ent_wt	: 4.8234
Src_reg_loss	: 0.0348
-------------------------------------
[Epoch : 177/500]
Total_loss	: 0.1107
Coral_loss	: 0.0000
MMD_loss	: 2.7706
cond_ent_wt	: 4.8234
Src_reg_loss	: 0.0347
-------------------------------------
[Epoch : 178/500]
Total_loss	: 0.1106
Coral_loss	: 0.0000
MMD_loss	: 2.7690
cond_ent_wt	: 4.8234
Src_reg_loss	: 0.0346
-------------------------------------
[Epoch : 179/500]
Total_loss	: 0.1105
Coral_loss	: 0.0000
MMD_loss	: 2.7673
cond_ent_wt	: 4.8234
Src_reg_loss	: 0.0345
-------------------------------------
[Epoch : 180/500]
Total_loss	: 0.1103
Coral_loss	: 0.0000
MMD_loss	: 2.7655
cond_ent_wt	: 4.8233
Src_reg_loss	: 0.0344
-------------------------------------
[Epoch : 181/500]
Total_loss	: 0.1102
Coral_loss	: 0.0000
MMD_loss	: 2.7637
cond_ent_wt	: 4.8233
Src_reg_loss	: 0.0343
-------------------------------------
[Epoch : 182/500]
Total_loss	: 0.1101
Coral_loss	: 0.0000
MMD_loss	: 2.7618
cond_ent_wt	: 4.8233
Src_reg_loss	: 0.0343
-------------------------------------
[Epoch : 183/500]
Total_loss	: 0.1100
Coral_loss	: 0.0000
MMD_loss	: 2.7598
cond_ent_wt	: 4.8233
Src_reg_loss	: 0.0342
-------------------------------------
[Epoch : 184/500]
Total_loss	: 0.1099
Coral_loss	: 0.0000
MMD_loss	: 2.7577
cond_ent_wt	: 4.8233
Src_reg_loss	: 0.0341
-------------------------------------
[Epoch : 185/500]
Total_loss	: 0.1098
Coral_loss	: 0.0000
MMD_loss	: 2.7555
cond_ent_wt	: 4.8232
Src_reg_loss	: 0.0340
-------------------------------------
[Epoch : 186/500]
Total_loss	: 0.1097
Coral_loss	: 0.0000
MMD_loss	: 2.7533
cond_ent_wt	: 4.8232
Src_reg_loss	: 0.0339
-------------------------------------
[Epoch : 187/500]
Total_loss	: 0.1096
Coral_loss	: 0.0000
MMD_loss	: 2.7510
cond_ent_wt	: 4.8232
Src_reg_loss	: 0.0338
-------------------------------------
[Epoch : 188/500]
Total_loss	: 0.1094
Coral_loss	: 0.0000
MMD_loss	: 2.7487
cond_ent_wt	: 4.8232
Src_reg_loss	: 0.0337
-------------------------------------
[Epoch : 189/500]
Total_loss	: 0.1093
Coral_loss	: 0.0000
MMD_loss	: 2.7463
cond_ent_wt	: 4.8232
Src_reg_loss	: 0.0336
-------------------------------------
[Epoch : 190/500]
Total_loss	: 0.1092
Coral_loss	: 0.0000
MMD_loss	: 2.7438
cond_ent_wt	: 4.8232
Src_reg_loss	: 0.0335
-------------------------------------
[Epoch : 191/500]
Total_loss	: 0.1091
Coral_loss	: 0.0000
MMD_loss	: 2.7412
cond_ent_wt	: 4.8231
Src_reg_loss	: 0.0334
-------------------------------------
[Epoch : 192/500]
Total_loss	: 0.1090
Coral_loss	: 0.0000
MMD_loss	: 2.7386
cond_ent_wt	: 4.8231
Src_reg_loss	: 0.0334
-------------------------------------
[Epoch : 193/500]
Total_loss	: 0.1089
Coral_loss	: 0.0000
MMD_loss	: 2.7359
cond_ent_wt	: 4.8231
Src_reg_loss	: 0.0333
-------------------------------------
[Epoch : 194/500]
Total_loss	: 0.1088
Coral_loss	: 0.0000
MMD_loss	: 2.7331
cond_ent_wt	: 4.8231
Src_reg_loss	: 0.0332
-------------------------------------
[Epoch : 195/500]
Total_loss	: 0.1087
Coral_loss	: 0.0000
MMD_loss	: 2.7303
cond_ent_wt	: 4.8231
Src_reg_loss	: 0.0331
-------------------------------------
[Epoch : 196/500]
Total_loss	: 0.1085
Coral_loss	: 0.0000
MMD_loss	: 2.7274
cond_ent_wt	: 4.8231
Src_reg_loss	: 0.0330
-------------------------------------
[Epoch : 197/500]
Total_loss	: 0.1084
Coral_loss	: 0.0000
MMD_loss	: 2.7244
cond_ent_wt	: 4.8230
Src_reg_loss	: 0.0329
-------------------------------------
[Epoch : 198/500]
Total_loss	: 0.1083
Coral_loss	: 0.0000
MMD_loss	: 2.7214
cond_ent_wt	: 4.8230
Src_reg_loss	: 0.0329
-------------------------------------
[Epoch : 199/500]
Total_loss	: 0.1082
Coral_loss	: 0.0000
MMD_loss	: 2.7183
cond_ent_wt	: 4.8230
Src_reg_loss	: 0.0328
-------------------------------------
[Epoch : 200/500]
Total_loss	: 0.1081
Coral_loss	: 0.0000
MMD_loss	: 2.7152
cond_ent_wt	: 4.8230
Src_reg_loss	: 0.0327
-------------------------------------
[Epoch : 201/500]
Total_loss	: 0.1080
Coral_loss	: 0.0000
MMD_loss	: 2.7120
cond_ent_wt	: 4.8230
Src_reg_loss	: 0.0326
-------------------------------------
[Epoch : 202/500]
Total_loss	: 0.1079
Coral_loss	: 0.0000
MMD_loss	: 2.7087
cond_ent_wt	: 4.8230
Src_reg_loss	: 0.0325
-------------------------------------
[Epoch : 203/500]
Total_loss	: 0.1078
Coral_loss	: 0.0000
MMD_loss	: 2.7054
cond_ent_wt	: 4.8230
Src_reg_loss	: 0.0325
-------------------------------------
[Epoch : 204/500]
Total_loss	: 0.1076
Coral_loss	: 0.0000
MMD_loss	: 2.7021
cond_ent_wt	: 4.8229
Src_reg_loss	: 0.0324
-------------------------------------
[Epoch : 205/500]
Total_loss	: 0.1075
Coral_loss	: 0.0000
MMD_loss	: 2.6986
cond_ent_wt	: 4.8229
Src_reg_loss	: 0.0323
-------------------------------------
[Epoch : 206/500]
Total_loss	: 0.1074
Coral_loss	: 0.0000
MMD_loss	: 2.6952
cond_ent_wt	: 4.8229
Src_reg_loss	: 0.0322
-------------------------------------
[Epoch : 207/500]
Total_loss	: 0.1073
Coral_loss	: 0.0000
MMD_loss	: 2.6916
cond_ent_wt	: 4.8229
Src_reg_loss	: 0.0321
-------------------------------------
[Epoch : 208/500]
Total_loss	: 0.1072
Coral_loss	: 0.0000
MMD_loss	: 2.6880
cond_ent_wt	: 4.8229
Src_reg_loss	: 0.0321
-------------------------------------
[Epoch : 209/500]
Total_loss	: 0.1071
Coral_loss	: 0.0000
MMD_loss	: 2.6844
cond_ent_wt	: 4.8229
Src_reg_loss	: 0.0320
-------------------------------------
[Epoch : 210/500]
Total_loss	: 0.1070
Coral_loss	: 0.0000
MMD_loss	: 2.6807
cond_ent_wt	: 4.8229
Src_reg_loss	: 0.0319
-------------------------------------
[Epoch : 211/500]
Total_loss	: 0.1068
Coral_loss	: 0.0000
MMD_loss	: 2.6769
cond_ent_wt	: 4.8228
Src_reg_loss	: 0.0318
-------------------------------------
[Epoch : 212/500]
Total_loss	: 0.1067
Coral_loss	: 0.0000
MMD_loss	: 2.6731
cond_ent_wt	: 4.8228
Src_reg_loss	: 0.0317
-------------------------------------
[Epoch : 213/500]
Total_loss	: 0.1066
Coral_loss	: 0.0000
MMD_loss	: 2.6693
cond_ent_wt	: 4.8228
Src_reg_loss	: 0.0317
-------------------------------------
[Epoch : 214/500]
Total_loss	: 0.1065
Coral_loss	: 0.0000
MMD_loss	: 2.6654
cond_ent_wt	: 4.8228
Src_reg_loss	: 0.0316
-------------------------------------
[Epoch : 215/500]
Total_loss	: 0.1064
Coral_loss	: 0.0000
MMD_loss	: 2.6615
cond_ent_wt	: 4.8228
Src_reg_loss	: 0.0315
-------------------------------------
[Epoch : 216/500]
Total_loss	: 0.1063
Coral_loss	: 0.0000
MMD_loss	: 2.6575
cond_ent_wt	: 4.8228
Src_reg_loss	: 0.0315
-------------------------------------
[Epoch : 217/500]
Total_loss	: 0.1062
Coral_loss	: 0.0000
MMD_loss	: 2.6535
cond_ent_wt	: 4.8228
Src_reg_loss	: 0.0314
-------------------------------------
[Epoch : 218/500]
Total_loss	: 0.1060
Coral_loss	: 0.0000
MMD_loss	: 2.6494
cond_ent_wt	: 4.8227
Src_reg_loss	: 0.0313
-------------------------------------
[Epoch : 219/500]
Total_loss	: 0.1059
Coral_loss	: 0.0000
MMD_loss	: 2.6453
cond_ent_wt	: 4.8227
Src_reg_loss	: 0.0312
-------------------------------------
[Epoch : 220/500]
Total_loss	: 0.1058
Coral_loss	: 0.0000
MMD_loss	: 2.6411
cond_ent_wt	: 4.8227
Src_reg_loss	: 0.0312
-------------------------------------
[Epoch : 221/500]
Total_loss	: 0.1057
Coral_loss	: 0.0000
MMD_loss	: 2.6369
cond_ent_wt	: 4.8227
Src_reg_loss	: 0.0311
-------------------------------------
[Epoch : 222/500]
Total_loss	: 0.1056
Coral_loss	: 0.0000
MMD_loss	: 2.6327
cond_ent_wt	: 4.8227
Src_reg_loss	: 0.0310
-------------------------------------
[Epoch : 223/500]
Total_loss	: 0.1055
Coral_loss	: 0.0000
MMD_loss	: 2.6284
cond_ent_wt	: 4.8227
Src_reg_loss	: 0.0309
-------------------------------------
[Epoch : 224/500]
Total_loss	: 0.1054
Coral_loss	: 0.0000
MMD_loss	: 2.6241
cond_ent_wt	: 4.8226
Src_reg_loss	: 0.0309
-------------------------------------
[Epoch : 225/500]
Total_loss	: 0.1052
Coral_loss	: 0.0000
MMD_loss	: 2.6198
cond_ent_wt	: 4.8226
Src_reg_loss	: 0.0308
-------------------------------------
[Epoch : 226/500]
Total_loss	: 0.1051
Coral_loss	: 0.0000
MMD_loss	: 2.6154
cond_ent_wt	: 4.8226
Src_reg_loss	: 0.0307
-------------------------------------
[Epoch : 227/500]
Total_loss	: 0.1050
Coral_loss	: 0.0000
MMD_loss	: 2.6110
cond_ent_wt	: 4.8226
Src_reg_loss	: 0.0307
-------------------------------------
[Epoch : 228/500]
Total_loss	: 0.1049
Coral_loss	: 0.0000
MMD_loss	: 2.6065
cond_ent_wt	: 4.8226
Src_reg_loss	: 0.0306
-------------------------------------
[Epoch : 229/500]
Total_loss	: 0.1048
Coral_loss	: 0.0000
MMD_loss	: 2.6021
cond_ent_wt	: 4.8226
Src_reg_loss	: 0.0305
-------------------------------------
[Epoch : 230/500]
Total_loss	: 0.1047
Coral_loss	: 0.0000
MMD_loss	: 2.5976
cond_ent_wt	: 4.8226
Src_reg_loss	: 0.0305
-------------------------------------
[Epoch : 231/500]
Total_loss	: 0.1046
Coral_loss	: 0.0000
MMD_loss	: 2.5930
cond_ent_wt	: 4.8225
Src_reg_loss	: 0.0304
-------------------------------------
[Epoch : 232/500]
Total_loss	: 0.1044
Coral_loss	: 0.0000
MMD_loss	: 2.5885
cond_ent_wt	: 4.8225
Src_reg_loss	: 0.0303
-------------------------------------
[Epoch : 233/500]
Total_loss	: 0.1043
Coral_loss	: 0.0000
MMD_loss	: 2.5839
cond_ent_wt	: 4.8225
Src_reg_loss	: 0.0303
-------------------------------------
[Epoch : 234/500]
Total_loss	: 0.1042
Coral_loss	: 0.0000
MMD_loss	: 2.5793
cond_ent_wt	: 4.8225
Src_reg_loss	: 0.0302
-------------------------------------
[Epoch : 235/500]
Total_loss	: 0.1041
Coral_loss	: 0.0000
MMD_loss	: 2.5747
cond_ent_wt	: 4.8225
Src_reg_loss	: 0.0301
-------------------------------------
[Epoch : 236/500]
Total_loss	: 0.1040
Coral_loss	: 0.0000
MMD_loss	: 2.5700
cond_ent_wt	: 4.8225
Src_reg_loss	: 0.0301
-------------------------------------
[Epoch : 237/500]
Total_loss	: 0.1039
Coral_loss	: 0.0000
MMD_loss	: 2.5654
cond_ent_wt	: 4.8224
Src_reg_loss	: 0.0300
-------------------------------------
[Epoch : 238/500]
Total_loss	: 0.1038
Coral_loss	: 0.0000
MMD_loss	: 2.5607
cond_ent_wt	: 4.8224
Src_reg_loss	: 0.0299
-------------------------------------
[Epoch : 239/500]
Total_loss	: 0.1037
Coral_loss	: 0.0000
MMD_loss	: 2.5560
cond_ent_wt	: 4.8224
Src_reg_loss	: 0.0299
-------------------------------------
[Epoch : 240/500]
Total_loss	: 0.1035
Coral_loss	: 0.0000
MMD_loss	: 2.5513
cond_ent_wt	: 4.8224
Src_reg_loss	: 0.0298
-------------------------------------
[Epoch : 241/500]
Total_loss	: 0.1034
Coral_loss	: 0.0000
MMD_loss	: 2.5465
cond_ent_wt	: 4.8224
Src_reg_loss	: 0.0297
-------------------------------------
[Epoch : 242/500]
Total_loss	: 0.1033
Coral_loss	: 0.0000
MMD_loss	: 2.5418
cond_ent_wt	: 4.8223
Src_reg_loss	: 0.0297
-------------------------------------
[Epoch : 243/500]
Total_loss	: 0.1032
Coral_loss	: 0.0000
MMD_loss	: 2.5370
cond_ent_wt	: 4.8223
Src_reg_loss	: 0.0296
-------------------------------------
[Epoch : 244/500]
Total_loss	: 0.1031
Coral_loss	: 0.0000
MMD_loss	: 2.5323
cond_ent_wt	: 4.8223
Src_reg_loss	: 0.0295
-------------------------------------
[Epoch : 245/500]
Total_loss	: 0.1030
Coral_loss	: 0.0000
MMD_loss	: 2.5275
cond_ent_wt	: 4.8223
Src_reg_loss	: 0.0295
-------------------------------------
[Epoch : 246/500]
Total_loss	: 0.1029
Coral_loss	: 0.0000
MMD_loss	: 2.5227
cond_ent_wt	: 4.8223
Src_reg_loss	: 0.0294
-------------------------------------
[Epoch : 247/500]
Total_loss	: 0.1028
Coral_loss	: 0.0000
MMD_loss	: 2.5179
cond_ent_wt	: 4.8222
Src_reg_loss	: 0.0293
-------------------------------------
[Epoch : 248/500]
Total_loss	: 0.1027
Coral_loss	: 0.0000
MMD_loss	: 2.5131
cond_ent_wt	: 4.8222
Src_reg_loss	: 0.0293
-------------------------------------
[Epoch : 249/500]
Total_loss	: 0.1025
Coral_loss	: 0.0000
MMD_loss	: 2.5083
cond_ent_wt	: 4.8222
Src_reg_loss	: 0.0292
-------------------------------------
[Epoch : 250/500]
Total_loss	: 0.1024
Coral_loss	: 0.0000
MMD_loss	: 2.5035
cond_ent_wt	: 4.8222
Src_reg_loss	: 0.0292
-------------------------------------
[Epoch : 251/500]
Total_loss	: 0.1023
Coral_loss	: 0.0000
MMD_loss	: 2.4987
cond_ent_wt	: 4.8222
Src_reg_loss	: 0.0291
-------------------------------------
[Epoch : 252/500]
Total_loss	: 0.1022
Coral_loss	: 0.0000
MMD_loss	: 2.4939
cond_ent_wt	: 4.8221
Src_reg_loss	: 0.0290
-------------------------------------
[Epoch : 253/500]
Total_loss	: 0.1021
Coral_loss	: 0.0000
MMD_loss	: 2.4891
cond_ent_wt	: 4.8221
Src_reg_loss	: 0.0290
-------------------------------------
[Epoch : 254/500]
Total_loss	: 0.1020
Coral_loss	: 0.0000
MMD_loss	: 2.4843
cond_ent_wt	: 4.8221
Src_reg_loss	: 0.0289
-------------------------------------
[Epoch : 255/500]
Total_loss	: 0.1019
Coral_loss	: 0.0000
MMD_loss	: 2.4795
cond_ent_wt	: 4.8221
Src_reg_loss	: 0.0289
-------------------------------------
[Epoch : 256/500]
Total_loss	: 0.1018
Coral_loss	: 0.0000
MMD_loss	: 2.4747
cond_ent_wt	: 4.8220
Src_reg_loss	: 0.0288
-------------------------------------
[Epoch : 257/500]
Total_loss	: 0.1017
Coral_loss	: 0.0000
MMD_loss	: 2.4700
cond_ent_wt	: 4.8220
Src_reg_loss	: 0.0287
-------------------------------------
[Epoch : 258/500]
Total_loss	: 0.1016
Coral_loss	: 0.0000
MMD_loss	: 2.4652
cond_ent_wt	: 4.8220
Src_reg_loss	: 0.0287
-------------------------------------
[Epoch : 259/500]
Total_loss	: 0.1015
Coral_loss	: 0.0000
MMD_loss	: 2.4604
cond_ent_wt	: 4.8220
Src_reg_loss	: 0.0286
-------------------------------------
[Epoch : 260/500]
Total_loss	: 0.1014
Coral_loss	: 0.0000
MMD_loss	: 2.4556
cond_ent_wt	: 4.8219
Src_reg_loss	: 0.0286
-------------------------------------
[Epoch : 261/500]
Total_loss	: 0.1013
Coral_loss	: 0.0000
MMD_loss	: 2.4509
cond_ent_wt	: 4.8219
Src_reg_loss	: 0.0285
-------------------------------------
[Epoch : 262/500]
Total_loss	: 0.1012
Coral_loss	: 0.0000
MMD_loss	: 2.4461
cond_ent_wt	: 4.8219
Src_reg_loss	: 0.0284
-------------------------------------
[Epoch : 263/500]
Total_loss	: 0.1010
Coral_loss	: 0.0000
MMD_loss	: 2.4414
cond_ent_wt	: 4.8219
Src_reg_loss	: 0.0284
-------------------------------------
[Epoch : 264/500]
Total_loss	: 0.1009
Coral_loss	: 0.0000
MMD_loss	: 2.4367
cond_ent_wt	: 4.8218
Src_reg_loss	: 0.0283
-------------------------------------
[Epoch : 265/500]
Total_loss	: 0.1008
Coral_loss	: 0.0000
MMD_loss	: 2.4320
cond_ent_wt	: 4.8218
Src_reg_loss	: 0.0283
-------------------------------------
[Epoch : 266/500]
Total_loss	: 0.1007
Coral_loss	: 0.0000
MMD_loss	: 2.4273
cond_ent_wt	: 4.8218
Src_reg_loss	: 0.0282
-------------------------------------
[Epoch : 267/500]
Total_loss	: 0.1006
Coral_loss	: 0.0000
MMD_loss	: 2.4226
cond_ent_wt	: 4.8217
Src_reg_loss	: 0.0282
-------------------------------------
[Epoch : 268/500]
Total_loss	: 0.1005
Coral_loss	: 0.0000
MMD_loss	: 2.4179
cond_ent_wt	: 4.8217
Src_reg_loss	: 0.0281
-------------------------------------
[Epoch : 269/500]
Total_loss	: 0.1004
Coral_loss	: 0.0000
MMD_loss	: 2.4133
cond_ent_wt	: 4.8217
Src_reg_loss	: 0.0281
-------------------------------------
[Epoch : 270/500]
Total_loss	: 0.1003
Coral_loss	: 0.0000
MMD_loss	: 2.4087
cond_ent_wt	: 4.8216
Src_reg_loss	: 0.0280
-------------------------------------
[Epoch : 271/500]
Total_loss	: 0.1002
Coral_loss	: 0.0000
MMD_loss	: 2.4041
cond_ent_wt	: 4.8216
Src_reg_loss	: 0.0279
-------------------------------------
[Epoch : 272/500]
Total_loss	: 0.1001
Coral_loss	: 0.0000
MMD_loss	: 2.3995
cond_ent_wt	: 4.8216
Src_reg_loss	: 0.0279
-------------------------------------
[Epoch : 273/500]
Total_loss	: 0.1000
Coral_loss	: 0.0000
MMD_loss	: 2.3949
cond_ent_wt	: 4.8215
Src_reg_loss	: 0.0278
-------------------------------------
[Epoch : 274/500]
Total_loss	: 0.0999
Coral_loss	: 0.0000
MMD_loss	: 2.3903
cond_ent_wt	: 4.8215
Src_reg_loss	: 0.0278
-------------------------------------
[Epoch : 275/500]
Total_loss	: 0.0998
Coral_loss	: 0.0000
MMD_loss	: 2.3858
cond_ent_wt	: 4.8215
Src_reg_loss	: 0.0277
-------------------------------------
[Epoch : 276/500]
Total_loss	: 0.0997
Coral_loss	: 0.0000
MMD_loss	: 2.3813
cond_ent_wt	: 4.8214
Src_reg_loss	: 0.0277
-------------------------------------
[Epoch : 277/500]
Total_loss	: 0.0996
Coral_loss	: 0.0000
MMD_loss	: 2.3768
cond_ent_wt	: 4.8214
Src_reg_loss	: 0.0276
-------------------------------------
[Epoch : 278/500]
Total_loss	: 0.0995
Coral_loss	: 0.0000
MMD_loss	: 2.3723
cond_ent_wt	: 4.8213
Src_reg_loss	: 0.0276
-------------------------------------
[Epoch : 279/500]
Total_loss	: 0.0994
Coral_loss	: 0.0000
MMD_loss	: 2.3678
cond_ent_wt	: 4.8213
Src_reg_loss	: 0.0275
-------------------------------------
[Epoch : 280/500]
Total_loss	: 0.0993
Coral_loss	: 0.0000
MMD_loss	: 2.3634
cond_ent_wt	: 4.8213
Src_reg_loss	: 0.0275
-------------------------------------
[Epoch : 281/500]
Total_loss	: 0.0992
Coral_loss	: 0.0000
MMD_loss	: 2.3590
cond_ent_wt	: 4.8212
Src_reg_loss	: 0.0274
-------------------------------------
[Epoch : 282/500]
Total_loss	: 0.0991
Coral_loss	: 0.0000
MMD_loss	: 2.3546
cond_ent_wt	: 4.8212
Src_reg_loss	: 0.0274
-------------------------------------
[Epoch : 283/500]
Total_loss	: 0.0990
Coral_loss	: 0.0000
MMD_loss	: 2.3502
cond_ent_wt	: 4.8211
Src_reg_loss	: 0.0273
-------------------------------------
[Epoch : 284/500]
Total_loss	: 0.0989
Coral_loss	: 0.0000
MMD_loss	: 2.3459
cond_ent_wt	: 4.8211
Src_reg_loss	: 0.0273
-------------------------------------
[Epoch : 285/500]
Total_loss	: 0.0989
Coral_loss	: 0.0000
MMD_loss	: 2.3415
cond_ent_wt	: 4.8211
Src_reg_loss	: 0.0272
-------------------------------------
[Epoch : 286/500]
Total_loss	: 0.0988
Coral_loss	: 0.0000
MMD_loss	: 2.3372
cond_ent_wt	: 4.8210
Src_reg_loss	: 0.0272
-------------------------------------
[Epoch : 287/500]
Total_loss	: 0.0987
Coral_loss	: 0.0000
MMD_loss	: 2.3330
cond_ent_wt	: 4.8210
Src_reg_loss	: 0.0271
-------------------------------------
[Epoch : 288/500]
Total_loss	: 0.0986
Coral_loss	: 0.0000
MMD_loss	: 2.3287
cond_ent_wt	: 4.8209
Src_reg_loss	: 0.0271
-------------------------------------
[Epoch : 289/500]
Total_loss	: 0.0985
Coral_loss	: 0.0000
MMD_loss	: 2.3245
cond_ent_wt	: 4.8209
Src_reg_loss	: 0.0270
-------------------------------------
[Epoch : 290/500]
Total_loss	: 0.0984
Coral_loss	: 0.0000
MMD_loss	: 2.3203
cond_ent_wt	: 4.8208
Src_reg_loss	: 0.0270
-------------------------------------
[Epoch : 291/500]
Total_loss	: 0.0983
Coral_loss	: 0.0000
MMD_loss	: 2.3161
cond_ent_wt	: 4.8208
Src_reg_loss	: 0.0269
-------------------------------------
[Epoch : 292/500]
Total_loss	: 0.0982
Coral_loss	: 0.0000
MMD_loss	: 2.3119
cond_ent_wt	: 4.8207
Src_reg_loss	: 0.0269
-------------------------------------
[Epoch : 293/500]
Total_loss	: 0.0981
Coral_loss	: 0.0000
MMD_loss	: 2.3078
cond_ent_wt	: 4.8207
Src_reg_loss	: 0.0268
-------------------------------------
[Epoch : 294/500]
Total_loss	: 0.0980
Coral_loss	: 0.0000
MMD_loss	: 2.3037
cond_ent_wt	: 4.8206
Src_reg_loss	: 0.0268
-------------------------------------
[Epoch : 295/500]
Total_loss	: 0.0979
Coral_loss	: 0.0000
MMD_loss	: 2.2996
cond_ent_wt	: 4.8206
Src_reg_loss	: 0.0267
-------------------------------------
[Epoch : 296/500]
Total_loss	: 0.0978
Coral_loss	: 0.0000
MMD_loss	: 2.2955
cond_ent_wt	: 4.8205
Src_reg_loss	: 0.0267
-------------------------------------
[Epoch : 297/500]
Total_loss	: 0.0978
Coral_loss	: 0.0000
MMD_loss	: 2.2915
cond_ent_wt	: 4.8205
Src_reg_loss	: 0.0266
-------------------------------------
[Epoch : 298/500]
Total_loss	: 0.0977
Coral_loss	: 0.0000
MMD_loss	: 2.2875
cond_ent_wt	: 4.8204
Src_reg_loss	: 0.0266
-------------------------------------
[Epoch : 299/500]
Total_loss	: 0.0976
Coral_loss	: 0.0000
MMD_loss	: 2.2835
cond_ent_wt	: 4.8204
Src_reg_loss	: 0.0265
-------------------------------------
[Epoch : 300/500]
Total_loss	: 0.0975
Coral_loss	: 0.0000
MMD_loss	: 2.2795
cond_ent_wt	: 4.8203
Src_reg_loss	: 0.0265
-------------------------------------
[Epoch : 301/500]
Total_loss	: 0.0974
Coral_loss	: 0.0000
MMD_loss	: 2.2756
cond_ent_wt	: 4.8202
Src_reg_loss	: 0.0264
-------------------------------------
[Epoch : 302/500]
Total_loss	: 0.0973
Coral_loss	: 0.0000
MMD_loss	: 2.2717
cond_ent_wt	: 4.8202
Src_reg_loss	: 0.0264
-------------------------------------
[Epoch : 303/500]
Total_loss	: 0.0972
Coral_loss	: 0.0000
MMD_loss	: 2.2678
cond_ent_wt	: 4.8201
Src_reg_loss	: 0.0263
-------------------------------------
[Epoch : 304/500]
Total_loss	: 0.0972
Coral_loss	: 0.0000
MMD_loss	: 2.2640
cond_ent_wt	: 4.8201
Src_reg_loss	: 0.0263
-------------------------------------
[Epoch : 305/500]
Total_loss	: 0.0971
Coral_loss	: 0.0000
MMD_loss	: 2.2601
cond_ent_wt	: 4.8200
Src_reg_loss	: 0.0262
-------------------------------------
[Epoch : 306/500]
Total_loss	: 0.0970
Coral_loss	: 0.0000
MMD_loss	: 2.2563
cond_ent_wt	: 4.8199
Src_reg_loss	: 0.0262
-------------------------------------
[Epoch : 307/500]
Total_loss	: 0.0969
Coral_loss	: 0.0000
MMD_loss	: 2.2525
cond_ent_wt	: 4.8199
Src_reg_loss	: 0.0262
-------------------------------------
[Epoch : 308/500]
Total_loss	: 0.0968
Coral_loss	: 0.0000
MMD_loss	: 2.2488
cond_ent_wt	: 4.8198
Src_reg_loss	: 0.0261
-------------------------------------
[Epoch : 309/500]
Total_loss	: 0.0967
Coral_loss	: 0.0000
MMD_loss	: 2.2451
cond_ent_wt	: 4.8197
Src_reg_loss	: 0.0261
-------------------------------------
[Epoch : 310/500]
Total_loss	: 0.0966
Coral_loss	: 0.0000
MMD_loss	: 2.2414
cond_ent_wt	: 4.8197
Src_reg_loss	: 0.0260
-------------------------------------
[Epoch : 311/500]
Total_loss	: 0.0966
Coral_loss	: 0.0000
MMD_loss	: 2.2377
cond_ent_wt	: 4.8196
Src_reg_loss	: 0.0260
-------------------------------------
[Epoch : 312/500]
Total_loss	: 0.0965
Coral_loss	: 0.0000
MMD_loss	: 2.2340
cond_ent_wt	: 4.8195
Src_reg_loss	: 0.0259
-------------------------------------
[Epoch : 313/500]
Total_loss	: 0.0964
Coral_loss	: 0.0000
MMD_loss	: 2.2304
cond_ent_wt	: 4.8195
Src_reg_loss	: 0.0259
-------------------------------------
[Epoch : 314/500]
Total_loss	: 0.0963
Coral_loss	: 0.0000
MMD_loss	: 2.2268
cond_ent_wt	: 4.8194
Src_reg_loss	: 0.0258
-------------------------------------
[Epoch : 315/500]
Total_loss	: 0.0962
Coral_loss	: 0.0000
MMD_loss	: 2.2233
cond_ent_wt	: 4.8193
Src_reg_loss	: 0.0258
-------------------------------------
[Epoch : 316/500]
Total_loss	: 0.0962
Coral_loss	: 0.0000
MMD_loss	: 2.2197
cond_ent_wt	: 4.8192
Src_reg_loss	: 0.0258
-------------------------------------
[Epoch : 317/500]
Total_loss	: 0.0961
Coral_loss	: 0.0000
MMD_loss	: 2.2162
cond_ent_wt	: 4.8192
Src_reg_loss	: 0.0257
-------------------------------------
[Epoch : 318/500]
Total_loss	: 0.0960
Coral_loss	: 0.0000
MMD_loss	: 2.2127
cond_ent_wt	: 4.8191
Src_reg_loss	: 0.0257
-------------------------------------
[Epoch : 319/500]
Total_loss	: 0.0959
Coral_loss	: 0.0000
MMD_loss	: 2.2092
cond_ent_wt	: 4.8190
Src_reg_loss	: 0.0256
-------------------------------------
[Epoch : 320/500]
Total_loss	: 0.0959
Coral_loss	: 0.0000
MMD_loss	: 2.2058
cond_ent_wt	: 4.8189
Src_reg_loss	: 0.0256
-------------------------------------
[Epoch : 321/500]
Total_loss	: 0.0958
Coral_loss	: 0.0000
MMD_loss	: 2.2024
cond_ent_wt	: 4.8188
Src_reg_loss	: 0.0255
-------------------------------------
[Epoch : 322/500]
Total_loss	: 0.0957
Coral_loss	: 0.0000
MMD_loss	: 2.1990
cond_ent_wt	: 4.8188
Src_reg_loss	: 0.0255
-------------------------------------
[Epoch : 323/500]
Total_loss	: 0.0956
Coral_loss	: 0.0000
MMD_loss	: 2.1956
cond_ent_wt	: 4.8187
Src_reg_loss	: 0.0255
-------------------------------------
[Epoch : 324/500]
Total_loss	: 0.0955
Coral_loss	: 0.0000
MMD_loss	: 2.1923
cond_ent_wt	: 4.8186
Src_reg_loss	: 0.0254
-------------------------------------
[Epoch : 325/500]
Total_loss	: 0.0955
Coral_loss	: 0.0000
MMD_loss	: 2.1890
cond_ent_wt	: 4.8185
Src_reg_loss	: 0.0254
-------------------------------------
[Epoch : 326/500]
Total_loss	: 0.0954
Coral_loss	: 0.0000
MMD_loss	: 2.1857
cond_ent_wt	: 4.8184
Src_reg_loss	: 0.0253
-------------------------------------
[Epoch : 327/500]
Total_loss	: 0.0953
Coral_loss	: 0.0000
MMD_loss	: 2.1824
cond_ent_wt	: 4.8183
Src_reg_loss	: 0.0253
-------------------------------------
[Epoch : 328/500]
Total_loss	: 0.0952
Coral_loss	: 0.0000
MMD_loss	: 2.1792
cond_ent_wt	: 4.8182
Src_reg_loss	: 0.0253
-------------------------------------
[Epoch : 329/500]
Total_loss	: 0.0952
Coral_loss	: 0.0000
MMD_loss	: 2.1760
cond_ent_wt	: 4.8181
Src_reg_loss	: 0.0252
-------------------------------------
[Epoch : 330/500]
Total_loss	: 0.0951
Coral_loss	: 0.0000
MMD_loss	: 2.1728
cond_ent_wt	: 4.8180
Src_reg_loss	: 0.0252
-------------------------------------
[Epoch : 331/500]
Total_loss	: 0.0950
Coral_loss	: 0.0000
MMD_loss	: 2.1697
cond_ent_wt	: 4.8179
Src_reg_loss	: 0.0251
-------------------------------------
[Epoch : 332/500]
Total_loss	: 0.0950
Coral_loss	: 0.0000
MMD_loss	: 2.1666
cond_ent_wt	: 4.8178
Src_reg_loss	: 0.0251
-------------------------------------
[Epoch : 333/500]
Total_loss	: 0.0949
Coral_loss	: 0.0000
MMD_loss	: 2.1635
cond_ent_wt	: 4.8177
Src_reg_loss	: 0.0251
-------------------------------------
[Epoch : 334/500]
Total_loss	: 0.0948
Coral_loss	: 0.0000
MMD_loss	: 2.1604
cond_ent_wt	: 4.8176
Src_reg_loss	: 0.0250
-------------------------------------
[Epoch : 335/500]
Total_loss	: 0.0947
Coral_loss	: 0.0000
MMD_loss	: 2.1573
cond_ent_wt	: 4.8175
Src_reg_loss	: 0.0250
-------------------------------------
[Epoch : 336/500]
Total_loss	: 0.0947
Coral_loss	: 0.0000
MMD_loss	: 2.1543
cond_ent_wt	: 4.8174
Src_reg_loss	: 0.0249
-------------------------------------
[Epoch : 337/500]
Total_loss	: 0.0946
Coral_loss	: 0.0000
MMD_loss	: 2.1513
cond_ent_wt	: 4.8173
Src_reg_loss	: 0.0249
-------------------------------------
[Epoch : 338/500]
Total_loss	: 0.0945
Coral_loss	: 0.0000
MMD_loss	: 2.1483
cond_ent_wt	: 4.8172
Src_reg_loss	: 0.0249
-------------------------------------
[Epoch : 339/500]
Total_loss	: 0.0945
Coral_loss	: 0.0000
MMD_loss	: 2.1454
cond_ent_wt	: 4.8171
Src_reg_loss	: 0.0248
-------------------------------------
[Epoch : 340/500]
Total_loss	: 0.0944
Coral_loss	: 0.0000
MMD_loss	: 2.1425
cond_ent_wt	: 4.8170
Src_reg_loss	: 0.0248
-------------------------------------
[Epoch : 341/500]
Total_loss	: 0.0943
Coral_loss	: 0.0000
MMD_loss	: 2.1396
cond_ent_wt	: 4.8169
Src_reg_loss	: 0.0247
-------------------------------------
[Epoch : 342/500]
Total_loss	: 0.0943
Coral_loss	: 0.0000
MMD_loss	: 2.1367
cond_ent_wt	: 4.8168
Src_reg_loss	: 0.0247
-------------------------------------
[Epoch : 343/500]
Total_loss	: 0.0942
Coral_loss	: 0.0000
MMD_loss	: 2.1339
cond_ent_wt	: 4.8167
Src_reg_loss	: 0.0247
-------------------------------------
[Epoch : 344/500]
Total_loss	: 0.0941
Coral_loss	: 0.0000
MMD_loss	: 2.1310
cond_ent_wt	: 4.8166
Src_reg_loss	: 0.0246
-------------------------------------
[Epoch : 345/500]
Total_loss	: 0.0941
Coral_loss	: 0.0000
MMD_loss	: 2.1282
cond_ent_wt	: 4.8164
Src_reg_loss	: 0.0246
-------------------------------------
[Epoch : 346/500]
Total_loss	: 0.0940
Coral_loss	: 0.0000
MMD_loss	: 2.1255
cond_ent_wt	: 4.8163
Src_reg_loss	: 0.0246
-------------------------------------
[Epoch : 347/500]
Total_loss	: 0.0939
Coral_loss	: 0.0000
MMD_loss	: 2.1227
cond_ent_wt	: 4.8162
Src_reg_loss	: 0.0245
-------------------------------------
[Epoch : 348/500]
Total_loss	: 0.0939
Coral_loss	: 0.0000
MMD_loss	: 2.1200
cond_ent_wt	: 4.8161
Src_reg_loss	: 0.0245
-------------------------------------
[Epoch : 349/500]
Total_loss	: 0.0938
Coral_loss	: 0.0000
MMD_loss	: 2.1173
cond_ent_wt	: 4.8160
Src_reg_loss	: 0.0244
-------------------------------------
[Epoch : 350/500]
Total_loss	: 0.0937
Coral_loss	: 0.0000
MMD_loss	: 2.1146
cond_ent_wt	: 4.8158
Src_reg_loss	: 0.0244
-------------------------------------
[Epoch : 351/500]
Total_loss	: 0.0937
Coral_loss	: 0.0000
MMD_loss	: 2.1120
cond_ent_wt	: 4.8157
Src_reg_loss	: 0.0244
-------------------------------------
[Epoch : 352/500]
Total_loss	: 0.0936
Coral_loss	: 0.0000
MMD_loss	: 2.1094
cond_ent_wt	: 4.8156
Src_reg_loss	: 0.0243
-------------------------------------
[Epoch : 353/500]
Total_loss	: 0.0935
Coral_loss	: 0.0000
MMD_loss	: 2.1068
cond_ent_wt	: 4.8154
Src_reg_loss	: 0.0243
-------------------------------------
[Epoch : 354/500]
Total_loss	: 0.0935
Coral_loss	: 0.0000
MMD_loss	: 2.1042
cond_ent_wt	: 4.8153
Src_reg_loss	: 0.0243
-------------------------------------
[Epoch : 355/500]
Total_loss	: 0.0934
Coral_loss	: 0.0000
MMD_loss	: 2.1016
cond_ent_wt	: 4.8152
Src_reg_loss	: 0.0242
-------------------------------------
[Epoch : 356/500]
Total_loss	: 0.0934
Coral_loss	: 0.0000
MMD_loss	: 2.0991
cond_ent_wt	: 4.8150
Src_reg_loss	: 0.0242
-------------------------------------
[Epoch : 357/500]
Total_loss	: 0.0933
Coral_loss	: 0.0000
MMD_loss	: 2.0966
cond_ent_wt	: 4.8149
Src_reg_loss	: 0.0242
-------------------------------------
[Epoch : 358/500]
Total_loss	: 0.0932
Coral_loss	: 0.0000
MMD_loss	: 2.0941
cond_ent_wt	: 4.8148
Src_reg_loss	: 0.0241
-------------------------------------
[Epoch : 359/500]
Total_loss	: 0.0932
Coral_loss	: 0.0000
MMD_loss	: 2.0917
cond_ent_wt	: 4.8146
Src_reg_loss	: 0.0241
-------------------------------------
[Epoch : 360/500]
Total_loss	: 0.0931
Coral_loss	: 0.0000
MMD_loss	: 2.0892
cond_ent_wt	: 4.8145
Src_reg_loss	: 0.0241
-------------------------------------
[Epoch : 361/500]
Total_loss	: 0.0930
Coral_loss	: 0.0000
MMD_loss	: 2.0868
cond_ent_wt	: 4.8143
Src_reg_loss	: 0.0240
-------------------------------------
[Epoch : 362/500]
Total_loss	: 0.0930
Coral_loss	: 0.0000
MMD_loss	: 2.0844
cond_ent_wt	: 4.8142
Src_reg_loss	: 0.0240
-------------------------------------
[Epoch : 363/500]
Total_loss	: 0.0929
Coral_loss	: 0.0000
MMD_loss	: 2.0821
cond_ent_wt	: 4.8140
Src_reg_loss	: 0.0239
-------------------------------------
[Epoch : 364/500]
Total_loss	: 0.0929
Coral_loss	: 0.0000
MMD_loss	: 2.0797
cond_ent_wt	: 4.8139
Src_reg_loss	: 0.0239
-------------------------------------
[Epoch : 365/500]
Total_loss	: 0.0928
Coral_loss	: 0.0000
MMD_loss	: 2.0774
cond_ent_wt	: 4.8137
Src_reg_loss	: 0.0239
-------------------------------------
[Epoch : 366/500]
Total_loss	: 0.0928
Coral_loss	: 0.0000
MMD_loss	: 2.0751
cond_ent_wt	: 4.8136
Src_reg_loss	: 0.0238
-------------------------------------
[Epoch : 367/500]
Total_loss	: 0.0927
Coral_loss	: 0.0000
MMD_loss	: 2.0728
cond_ent_wt	: 4.8134
Src_reg_loss	: 0.0238
-------------------------------------
[Epoch : 368/500]
Total_loss	: 0.0926
Coral_loss	: 0.0000
MMD_loss	: 2.0706
cond_ent_wt	: 4.8132
Src_reg_loss	: 0.0238
-------------------------------------
[Epoch : 369/500]
Total_loss	: 0.0926
Coral_loss	: 0.0000
MMD_loss	: 2.0684
cond_ent_wt	: 4.8131
Src_reg_loss	: 0.0237
-------------------------------------
[Epoch : 370/500]
Total_loss	: 0.0925
Coral_loss	: 0.0000
MMD_loss	: 2.0661
cond_ent_wt	: 4.8129
Src_reg_loss	: 0.0237
-------------------------------------
[Epoch : 371/500]
Total_loss	: 0.0925
Coral_loss	: 0.0000
MMD_loss	: 2.0640
cond_ent_wt	: 4.8128
Src_reg_loss	: 0.0237
-------------------------------------
[Epoch : 372/500]
Total_loss	: 0.0924
Coral_loss	: 0.0000
MMD_loss	: 2.0618
cond_ent_wt	: 4.8126
Src_reg_loss	: 0.0236
-------------------------------------
[Epoch : 373/500]
Total_loss	: 0.0924
Coral_loss	: 0.0000
MMD_loss	: 2.0597
cond_ent_wt	: 4.8124
Src_reg_loss	: 0.0236
-------------------------------------
[Epoch : 374/500]
Total_loss	: 0.0923
Coral_loss	: 0.0000
MMD_loss	: 2.0575
cond_ent_wt	: 4.8122
Src_reg_loss	: 0.0236
-------------------------------------
[Epoch : 375/500]
Total_loss	: 0.0922
Coral_loss	: 0.0000
MMD_loss	: 2.0554
cond_ent_wt	: 4.8121
Src_reg_loss	: 0.0235
-------------------------------------
[Epoch : 376/500]
Total_loss	: 0.0922
Coral_loss	: 0.0000
MMD_loss	: 2.0533
cond_ent_wt	: 4.8119
Src_reg_loss	: 0.0235
-------------------------------------
[Epoch : 377/500]
Total_loss	: 0.0921
Coral_loss	: 0.0000
MMD_loss	: 2.0513
cond_ent_wt	: 4.8117
Src_reg_loss	: 0.0235
-------------------------------------
[Epoch : 378/500]
Total_loss	: 0.0921
Coral_loss	: 0.0000
MMD_loss	: 2.0492
cond_ent_wt	: 4.8115
Src_reg_loss	: 0.0235
-------------------------------------
[Epoch : 379/500]
Total_loss	: 0.0920
Coral_loss	: 0.0000
MMD_loss	: 2.0472
cond_ent_wt	: 4.8114
Src_reg_loss	: 0.0234
-------------------------------------
[Epoch : 380/500]
Total_loss	: 0.0920
Coral_loss	: 0.0000
MMD_loss	: 2.0452
cond_ent_wt	: 4.8112
Src_reg_loss	: 0.0234
-------------------------------------
[Epoch : 381/500]
Total_loss	: 0.0919
Coral_loss	: 0.0000
MMD_loss	: 2.0432
cond_ent_wt	: 4.8110
Src_reg_loss	: 0.0234
-------------------------------------
[Epoch : 382/500]
Total_loss	: 0.0919
Coral_loss	: 0.0000
MMD_loss	: 2.0413
cond_ent_wt	: 4.8108
Src_reg_loss	: 0.0233
-------------------------------------
[Epoch : 383/500]
Total_loss	: 0.0918
Coral_loss	: 0.0000
MMD_loss	: 2.0393
cond_ent_wt	: 4.8106
Src_reg_loss	: 0.0233
-------------------------------------
[Epoch : 384/500]
Total_loss	: 0.0918
Coral_loss	: 0.0000
MMD_loss	: 2.0374
cond_ent_wt	: 4.8104
Src_reg_loss	: 0.0233
-------------------------------------
[Epoch : 385/500]
Total_loss	: 0.0917
Coral_loss	: 0.0000
MMD_loss	: 2.0355
cond_ent_wt	: 4.8102
Src_reg_loss	: 0.0232
-------------------------------------
[Epoch : 386/500]
Total_loss	: 0.0917
Coral_loss	: 0.0000
MMD_loss	: 2.0336
cond_ent_wt	: 4.8100
Src_reg_loss	: 0.0232
-------------------------------------
[Epoch : 387/500]
Total_loss	: 0.0916
Coral_loss	: 0.0000
MMD_loss	: 2.0317
cond_ent_wt	: 4.8098
Src_reg_loss	: 0.0232
-------------------------------------
[Epoch : 388/500]
Total_loss	: 0.0916
Coral_loss	: 0.0000
MMD_loss	: 2.0299
cond_ent_wt	: 4.8096
Src_reg_loss	: 0.0231
-------------------------------------
[Epoch : 389/500]
Total_loss	: 0.0915
Coral_loss	: 0.0000
MMD_loss	: 2.0280
cond_ent_wt	: 4.8094
Src_reg_loss	: 0.0231
-------------------------------------
[Epoch : 390/500]
Total_loss	: 0.0915
Coral_loss	: 0.0000
MMD_loss	: 2.0262
cond_ent_wt	: 4.8092
Src_reg_loss	: 0.0231
-------------------------------------
[Epoch : 391/500]
Total_loss	: 0.0914
Coral_loss	: 0.0000
MMD_loss	: 2.0244
cond_ent_wt	: 4.8090
Src_reg_loss	: 0.0231
-------------------------------------
[Epoch : 392/500]
Total_loss	: 0.0914
Coral_loss	: 0.0000
MMD_loss	: 2.0226
cond_ent_wt	: 4.8088
Src_reg_loss	: 0.0230
-------------------------------------
[Epoch : 393/500]
Total_loss	: 0.0913
Coral_loss	: 0.0000
MMD_loss	: 2.0208
cond_ent_wt	: 4.8086
Src_reg_loss	: 0.0230
-------------------------------------
[Epoch : 394/500]
Total_loss	: 0.0913
Coral_loss	: 0.0000
MMD_loss	: 2.0191
cond_ent_wt	: 4.8084
Src_reg_loss	: 0.0230
-------------------------------------
[Epoch : 395/500]
Total_loss	: 0.0912
Coral_loss	: 0.0000
MMD_loss	: 2.0173
cond_ent_wt	: 4.8082
Src_reg_loss	: 0.0229
-------------------------------------
[Epoch : 396/500]
Total_loss	: 0.0912
Coral_loss	: 0.0000
MMD_loss	: 2.0156
cond_ent_wt	: 4.8080
Src_reg_loss	: 0.0229
-------------------------------------
[Epoch : 397/500]
Total_loss	: 0.0911
Coral_loss	: 0.0000
MMD_loss	: 2.0139
cond_ent_wt	: 4.8078
Src_reg_loss	: 0.0229
-------------------------------------
[Epoch : 398/500]
Total_loss	: 0.0911
Coral_loss	: 0.0000
MMD_loss	: 2.0122
cond_ent_wt	: 4.8075
Src_reg_loss	: 0.0228
-------------------------------------
[Epoch : 399/500]
Total_loss	: 0.0910
Coral_loss	: 0.0000
MMD_loss	: 2.0105
cond_ent_wt	: 4.8073
Src_reg_loss	: 0.0228
-------------------------------------
[Epoch : 400/500]
Total_loss	: 0.0910
Coral_loss	: 0.0000
MMD_loss	: 2.0089
cond_ent_wt	: 4.8071
Src_reg_loss	: 0.0228
-------------------------------------
[Epoch : 401/500]
Total_loss	: 0.0909
Coral_loss	: 0.0000
MMD_loss	: 2.0072
cond_ent_wt	: 4.8069
Src_reg_loss	: 0.0228
-------------------------------------
[Epoch : 402/500]
Total_loss	: 0.0909
Coral_loss	: 0.0000
MMD_loss	: 2.0056
cond_ent_wt	: 4.8067
Src_reg_loss	: 0.0227
-------------------------------------
[Epoch : 403/500]
Total_loss	: 0.0908
Coral_loss	: 0.0000
MMD_loss	: 2.0039
cond_ent_wt	: 4.8064
Src_reg_loss	: 0.0227
-------------------------------------
[Epoch : 404/500]
Total_loss	: 0.0908
Coral_loss	: 0.0000
MMD_loss	: 2.0023
cond_ent_wt	: 4.8062
Src_reg_loss	: 0.0227
-------------------------------------
[Epoch : 405/500]
Total_loss	: 0.0907
Coral_loss	: 0.0000
MMD_loss	: 2.0007
cond_ent_wt	: 4.8060
Src_reg_loss	: 0.0226
-------------------------------------
[Epoch : 406/500]
Total_loss	: 0.0907
Coral_loss	: 0.0000
MMD_loss	: 1.9991
cond_ent_wt	: 4.8058
Src_reg_loss	: 0.0226
-------------------------------------
[Epoch : 407/500]
Total_loss	: 0.0906
Coral_loss	: 0.0000
MMD_loss	: 1.9976
cond_ent_wt	: 4.8055
Src_reg_loss	: 0.0226
-------------------------------------
[Epoch : 408/500]
Total_loss	: 0.0906
Coral_loss	: 0.0000
MMD_loss	: 1.9960
cond_ent_wt	: 4.8053
Src_reg_loss	: 0.0226
-------------------------------------
[Epoch : 409/500]
Total_loss	: 0.0905
Coral_loss	: 0.0000
MMD_loss	: 1.9944
cond_ent_wt	: 4.8051
Src_reg_loss	: 0.0225
-------------------------------------
[Epoch : 410/500]
Total_loss	: 0.0905
Coral_loss	: 0.0000
MMD_loss	: 1.9929
cond_ent_wt	: 4.8048
Src_reg_loss	: 0.0225
-------------------------------------
[Epoch : 411/500]
Total_loss	: 0.0905
Coral_loss	: 0.0000
MMD_loss	: 1.9914
cond_ent_wt	: 4.8046
Src_reg_loss	: 0.0225
-------------------------------------
[Epoch : 412/500]
Total_loss	: 0.0904
Coral_loss	: 0.0000
MMD_loss	: 1.9899
cond_ent_wt	: 4.8043
Src_reg_loss	: 0.0224
-------------------------------------
[Epoch : 413/500]
Total_loss	: 0.0904
Coral_loss	: 0.0000
MMD_loss	: 1.9883
cond_ent_wt	: 4.8041
Src_reg_loss	: 0.0224
-------------------------------------
[Epoch : 414/500]
Total_loss	: 0.0903
Coral_loss	: 0.0000
MMD_loss	: 1.9868
cond_ent_wt	: 4.8039
Src_reg_loss	: 0.0224
-------------------------------------
[Epoch : 415/500]
Total_loss	: 0.0903
Coral_loss	: 0.0000
MMD_loss	: 1.9854
cond_ent_wt	: 4.8036
Src_reg_loss	: 0.0224
-------------------------------------
[Epoch : 416/500]
Total_loss	: 0.0902
Coral_loss	: 0.0000
MMD_loss	: 1.9839
cond_ent_wt	: 4.8034
Src_reg_loss	: 0.0223
-------------------------------------
[Epoch : 417/500]
Total_loss	: 0.0902
Coral_loss	: 0.0000
MMD_loss	: 1.9824
cond_ent_wt	: 4.8031
Src_reg_loss	: 0.0223
-------------------------------------
[Epoch : 418/500]
Total_loss	: 0.0901
Coral_loss	: 0.0000
MMD_loss	: 1.9810
cond_ent_wt	: 4.8029
Src_reg_loss	: 0.0223
-------------------------------------
[Epoch : 419/500]
Total_loss	: 0.0901
Coral_loss	: 0.0000
MMD_loss	: 1.9795
cond_ent_wt	: 4.8026
Src_reg_loss	: 0.0223
-------------------------------------
[Epoch : 420/500]
Total_loss	: 0.0901
Coral_loss	: 0.0000
MMD_loss	: 1.9781
cond_ent_wt	: 4.8024
Src_reg_loss	: 0.0222
-------------------------------------
[Epoch : 421/500]
Total_loss	: 0.0900
Coral_loss	: 0.0000
MMD_loss	: 1.9767
cond_ent_wt	: 4.8022
Src_reg_loss	: 0.0222
-------------------------------------
[Epoch : 422/500]
Total_loss	: 0.0900
Coral_loss	: 0.0000
MMD_loss	: 1.9752
cond_ent_wt	: 4.8019
Src_reg_loss	: 0.0222
-------------------------------------
[Epoch : 423/500]
Total_loss	: 0.0899
Coral_loss	: 0.0000
MMD_loss	: 1.9738
cond_ent_wt	: 4.8017
Src_reg_loss	: 0.0222
-------------------------------------
[Epoch : 424/500]
Total_loss	: 0.0899
Coral_loss	: 0.0000
MMD_loss	: 1.9724
cond_ent_wt	: 4.8014
Src_reg_loss	: 0.0221
-------------------------------------
[Epoch : 425/500]
Total_loss	: 0.0898
Coral_loss	: 0.0000
MMD_loss	: 1.9710
cond_ent_wt	: 4.8011
Src_reg_loss	: 0.0221
-------------------------------------
[Epoch : 426/500]
Total_loss	: 0.0898
Coral_loss	: 0.0000
MMD_loss	: 1.9697
cond_ent_wt	: 4.8009
Src_reg_loss	: 0.0221
-------------------------------------
[Epoch : 427/500]
Total_loss	: 0.0898
Coral_loss	: 0.0000
MMD_loss	: 1.9683
cond_ent_wt	: 4.8006
Src_reg_loss	: 0.0221
-------------------------------------
[Epoch : 428/500]
Total_loss	: 0.0897
Coral_loss	: 0.0000
MMD_loss	: 1.9669
cond_ent_wt	: 4.8004
Src_reg_loss	: 0.0220
-------------------------------------
[Epoch : 429/500]
Total_loss	: 0.0897
Coral_loss	: 0.0000
MMD_loss	: 1.9656
cond_ent_wt	: 4.8001
Src_reg_loss	: 0.0220
-------------------------------------
[Epoch : 430/500]
Total_loss	: 0.0896
Coral_loss	: 0.0000
MMD_loss	: 1.9642
cond_ent_wt	: 4.7999
Src_reg_loss	: 0.0220
-------------------------------------
[Epoch : 431/500]
Total_loss	: 0.0896
Coral_loss	: 0.0000
MMD_loss	: 1.9629
cond_ent_wt	: 4.7996
Src_reg_loss	: 0.0219
-------------------------------------
[Epoch : 432/500]
Total_loss	: 0.0896
Coral_loss	: 0.0000
MMD_loss	: 1.9615
cond_ent_wt	: 4.7994
Src_reg_loss	: 0.0219
-------------------------------------
[Epoch : 433/500]
Total_loss	: 0.0895
Coral_loss	: 0.0000
MMD_loss	: 1.9602
cond_ent_wt	: 4.7991
Src_reg_loss	: 0.0219
-------------------------------------
[Epoch : 434/500]
Total_loss	: 0.0895
Coral_loss	: 0.0000
MMD_loss	: 1.9589
cond_ent_wt	: 4.7988
Src_reg_loss	: 0.0219
-------------------------------------
[Epoch : 435/500]
Total_loss	: 0.0894
Coral_loss	: 0.0000
MMD_loss	: 1.9576
cond_ent_wt	: 4.7986
Src_reg_loss	: 0.0218
-------------------------------------
[Epoch : 436/500]
Total_loss	: 0.0894
Coral_loss	: 0.0000
MMD_loss	: 1.9563
cond_ent_wt	: 4.7983
Src_reg_loss	: 0.0218
-------------------------------------
[Epoch : 437/500]
Total_loss	: 0.0893
Coral_loss	: 0.0000
MMD_loss	: 1.9550
cond_ent_wt	: 4.7980
Src_reg_loss	: 0.0218
-------------------------------------
[Epoch : 438/500]
Total_loss	: 0.0893
Coral_loss	: 0.0000
MMD_loss	: 1.9537
cond_ent_wt	: 4.7978
Src_reg_loss	: 0.0218
-------------------------------------
[Epoch : 439/500]
Total_loss	: 0.0893
Coral_loss	: 0.0000
MMD_loss	: 1.9524
cond_ent_wt	: 4.7975
Src_reg_loss	: 0.0218
-------------------------------------
[Epoch : 440/500]
Total_loss	: 0.0892
Coral_loss	: 0.0000
MMD_loss	: 1.9511
cond_ent_wt	: 4.7973
Src_reg_loss	: 0.0217
-------------------------------------
[Epoch : 441/500]
Total_loss	: 0.0892
Coral_loss	: 0.0000
MMD_loss	: 1.9499
cond_ent_wt	: 4.7970
Src_reg_loss	: 0.0217
-------------------------------------
[Epoch : 442/500]
Total_loss	: 0.0891
Coral_loss	: 0.0000
MMD_loss	: 1.9486
cond_ent_wt	: 4.7967
Src_reg_loss	: 0.0217
-------------------------------------
[Epoch : 443/500]
Total_loss	: 0.0891
Coral_loss	: 0.0000
MMD_loss	: 1.9473
cond_ent_wt	: 4.7965
Src_reg_loss	: 0.0217
-------------------------------------
[Epoch : 444/500]
Total_loss	: 0.0891
Coral_loss	: 0.0000
MMD_loss	: 1.9461
cond_ent_wt	: 4.7962
Src_reg_loss	: 0.0216
-------------------------------------
[Epoch : 445/500]
Total_loss	: 0.0890
Coral_loss	: 0.0000
MMD_loss	: 1.9448
cond_ent_wt	: 4.7959
Src_reg_loss	: 0.0216
-------------------------------------
[Epoch : 446/500]
Total_loss	: 0.0890
Coral_loss	: 0.0000
MMD_loss	: 1.9436
cond_ent_wt	: 4.7957
Src_reg_loss	: 0.0216
-------------------------------------
[Epoch : 447/500]
Total_loss	: 0.0890
Coral_loss	: 0.0000
MMD_loss	: 1.9424
cond_ent_wt	: 4.7954
Src_reg_loss	: 0.0216
-------------------------------------
[Epoch : 448/500]
Total_loss	: 0.0889
Coral_loss	: 0.0000
MMD_loss	: 1.9412
cond_ent_wt	: 4.7951
Src_reg_loss	: 0.0215
-------------------------------------
[Epoch : 449/500]
Total_loss	: 0.0889
Coral_loss	: 0.0000
MMD_loss	: 1.9399
cond_ent_wt	: 4.7949
Src_reg_loss	: 0.0215
-------------------------------------
[Epoch : 450/500]
Total_loss	: 0.0888
Coral_loss	: 0.0000
MMD_loss	: 1.9387
cond_ent_wt	: 4.7946
Src_reg_loss	: 0.0215
-------------------------------------
[Epoch : 451/500]
Total_loss	: 0.0888
Coral_loss	: 0.0000
MMD_loss	: 1.9375
cond_ent_wt	: 4.7943
Src_reg_loss	: 0.0215
-------------------------------------
[Epoch : 452/500]
Total_loss	: 0.0888
Coral_loss	: 0.0000
MMD_loss	: 1.9363
cond_ent_wt	: 4.7941
Src_reg_loss	: 0.0214
-------------------------------------
[Epoch : 453/500]
Total_loss	: 0.0887
Coral_loss	: 0.0000
MMD_loss	: 1.9351
cond_ent_wt	: 4.7938
Src_reg_loss	: 0.0214
-------------------------------------
[Epoch : 454/500]
Total_loss	: 0.0887
Coral_loss	: 0.0000
MMD_loss	: 1.9339
cond_ent_wt	: 4.7935
Src_reg_loss	: 0.0214
-------------------------------------
[Epoch : 455/500]
Total_loss	: 0.0887
Coral_loss	: 0.0000
MMD_loss	: 1.9327
cond_ent_wt	: 4.7932
Src_reg_loss	: 0.0214
-------------------------------------
[Epoch : 456/500]
Total_loss	: 0.0886
Coral_loss	: 0.0000
MMD_loss	: 1.9316
cond_ent_wt	: 4.7930
Src_reg_loss	: 0.0214
-------------------------------------
[Epoch : 457/500]
Total_loss	: 0.0886
Coral_loss	: 0.0000
MMD_loss	: 1.9304
cond_ent_wt	: 4.7927
Src_reg_loss	: 0.0213
-------------------------------------
[Epoch : 458/500]
Total_loss	: 0.0885
Coral_loss	: 0.0000
MMD_loss	: 1.9292
cond_ent_wt	: 4.7924
Src_reg_loss	: 0.0213
-------------------------------------
[Epoch : 459/500]
Total_loss	: 0.0885
Coral_loss	: 0.0000
MMD_loss	: 1.9280
cond_ent_wt	: 4.7922
Src_reg_loss	: 0.0213
-------------------------------------
[Epoch : 460/500]
Total_loss	: 0.0885
Coral_loss	: 0.0000
MMD_loss	: 1.9269
cond_ent_wt	: 4.7919
Src_reg_loss	: 0.0213
-------------------------------------
[Epoch : 461/500]
Total_loss	: 0.0884
Coral_loss	: 0.0000
MMD_loss	: 1.9257
cond_ent_wt	: 4.7916
Src_reg_loss	: 0.0212
-------------------------------------
[Epoch : 462/500]
Total_loss	: 0.0884
Coral_loss	: 0.0000
MMD_loss	: 1.9246
cond_ent_wt	: 4.7913
Src_reg_loss	: 0.0212
-------------------------------------
[Epoch : 463/500]
Total_loss	: 0.0884
Coral_loss	: 0.0000
MMD_loss	: 1.9235
cond_ent_wt	: 4.7911
Src_reg_loss	: 0.0212
-------------------------------------
[Epoch : 464/500]
Total_loss	: 0.0883
Coral_loss	: 0.0000
MMD_loss	: 1.9223
cond_ent_wt	: 4.7908
Src_reg_loss	: 0.0212
-------------------------------------
[Epoch : 465/500]
Total_loss	: 0.0883
Coral_loss	: 0.0000
MMD_loss	: 1.9212
cond_ent_wt	: 4.7905
Src_reg_loss	: 0.0211
-------------------------------------
[Epoch : 466/500]
Total_loss	: 0.0882
Coral_loss	: 0.0000
MMD_loss	: 1.9201
cond_ent_wt	: 4.7903
Src_reg_loss	: 0.0211
-------------------------------------
[Epoch : 467/500]
Total_loss	: 0.0882
Coral_loss	: 0.0000
MMD_loss	: 1.9189
cond_ent_wt	: 4.7900
Src_reg_loss	: 0.0211
-------------------------------------
[Epoch : 468/500]
Total_loss	: 0.0882
Coral_loss	: 0.0000
MMD_loss	: 1.9178
cond_ent_wt	: 4.7897
Src_reg_loss	: 0.0211
-------------------------------------
[Epoch : 469/500]
Total_loss	: 0.0881
Coral_loss	: 0.0000
MMD_loss	: 1.9167
cond_ent_wt	: 4.7894
Src_reg_loss	: 0.0211
-------------------------------------
[Epoch : 470/500]
Total_loss	: 0.0881
Coral_loss	: 0.0000
MMD_loss	: 1.9156
cond_ent_wt	: 4.7892
Src_reg_loss	: 0.0210
-------------------------------------
[Epoch : 471/500]
Total_loss	: 0.0881
Coral_loss	: 0.0000
MMD_loss	: 1.9145
cond_ent_wt	: 4.7889
Src_reg_loss	: 0.0210
-------------------------------------
[Epoch : 472/500]
Total_loss	: 0.0880
Coral_loss	: 0.0000
MMD_loss	: 1.9134
cond_ent_wt	: 4.7886
Src_reg_loss	: 0.0210
-------------------------------------
[Epoch : 473/500]
Total_loss	: 0.0880
Coral_loss	: 0.0000
MMD_loss	: 1.9123
cond_ent_wt	: 4.7883
Src_reg_loss	: 0.0210
-------------------------------------
[Epoch : 474/500]
Total_loss	: 0.0880
Coral_loss	: 0.0000
MMD_loss	: 1.9112
cond_ent_wt	: 4.7881
Src_reg_loss	: 0.0210
-------------------------------------
[Epoch : 475/500]
Total_loss	: 0.0879
Coral_loss	: 0.0000
MMD_loss	: 1.9101
cond_ent_wt	: 4.7878
Src_reg_loss	: 0.0209
-------------------------------------
[Epoch : 476/500]
Total_loss	: 0.0879
Coral_loss	: 0.0000
MMD_loss	: 1.9090
cond_ent_wt	: 4.7875
Src_reg_loss	: 0.0209
-------------------------------------
[Epoch : 477/500]
Total_loss	: 0.0879
Coral_loss	: 0.0000
MMD_loss	: 1.9080
cond_ent_wt	: 4.7872
Src_reg_loss	: 0.0209
-------------------------------------
[Epoch : 478/500]
Total_loss	: 0.0878
Coral_loss	: 0.0000
MMD_loss	: 1.9069
cond_ent_wt	: 4.7870
Src_reg_loss	: 0.0209
-------------------------------------
[Epoch : 479/500]
Total_loss	: 0.0878
Coral_loss	: 0.0000
MMD_loss	: 1.9058
cond_ent_wt	: 4.7867
Src_reg_loss	: 0.0209
-------------------------------------
[Epoch : 480/500]
Total_loss	: 0.0878
Coral_loss	: 0.0000
MMD_loss	: 1.9048
cond_ent_wt	: 4.7864
Src_reg_loss	: 0.0208
-------------------------------------
[Epoch : 481/500]
Total_loss	: 0.0877
Coral_loss	: 0.0000
MMD_loss	: 1.9037
cond_ent_wt	: 4.7862
Src_reg_loss	: 0.0208
-------------------------------------
[Epoch : 482/500]
Total_loss	: 0.0877
Coral_loss	: 0.0000
MMD_loss	: 1.9027
cond_ent_wt	: 4.7859
Src_reg_loss	: 0.0208
-------------------------------------
[Epoch : 483/500]
Total_loss	: 0.0877
Coral_loss	: 0.0000
MMD_loss	: 1.9016
cond_ent_wt	: 4.7856
Src_reg_loss	: 0.0208
-------------------------------------
[Epoch : 484/500]
Total_loss	: 0.0876
Coral_loss	: 0.0000
MMD_loss	: 1.9006
cond_ent_wt	: 4.7853
Src_reg_loss	: 0.0207
-------------------------------------
[Epoch : 485/500]
Total_loss	: 0.0876
Coral_loss	: 0.0000
MMD_loss	: 1.8995
cond_ent_wt	: 4.7851
Src_reg_loss	: 0.0207
-------------------------------------
[Epoch : 486/500]
Total_loss	: 0.0876
Coral_loss	: 0.0000
MMD_loss	: 1.8985
cond_ent_wt	: 4.7848
Src_reg_loss	: 0.0207
-------------------------------------
[Epoch : 487/500]
Total_loss	: 0.0875
Coral_loss	: 0.0000
MMD_loss	: 1.8975
cond_ent_wt	: 4.7845
Src_reg_loss	: 0.0207
-------------------------------------
[Epoch : 488/500]
Total_loss	: 0.0875
Coral_loss	: 0.0000
MMD_loss	: 1.8964
cond_ent_wt	: 4.7842
Src_reg_loss	: 0.0207
-------------------------------------
[Epoch : 489/500]
Total_loss	: 0.0875
Coral_loss	: 0.0000
MMD_loss	: 1.8954
cond_ent_wt	: 4.7840
Src_reg_loss	: 0.0206
-------------------------------------
[Epoch : 490/500]
Total_loss	: 0.0874
Coral_loss	: 0.0000
MMD_loss	: 1.8944
cond_ent_wt	: 4.7837
Src_reg_loss	: 0.0206
-------------------------------------
[Epoch : 491/500]
Total_loss	: 0.0874
Coral_loss	: 0.0000
MMD_loss	: 1.8934
cond_ent_wt	: 4.7834
Src_reg_loss	: 0.0206
-------------------------------------
[Epoch : 492/500]
Total_loss	: 0.0874
Coral_loss	: 0.0000
MMD_loss	: 1.8924
cond_ent_wt	: 4.7832
Src_reg_loss	: 0.0206
-------------------------------------
[Epoch : 493/500]
Total_loss	: 0.0873
Coral_loss	: 0.0000
MMD_loss	: 1.8913
cond_ent_wt	: 4.7829
Src_reg_loss	: 0.0206
-------------------------------------
[Epoch : 494/500]
Total_loss	: 0.0873
Coral_loss	: 0.0000
MMD_loss	: 1.8903
cond_ent_wt	: 4.7826
Src_reg_loss	: 0.0205
-------------------------------------
[Epoch : 495/500]
Total_loss	: 0.0873
Coral_loss	: 0.0000
MMD_loss	: 1.8893
cond_ent_wt	: 4.7823
Src_reg_loss	: 0.0205
-------------------------------------
[Epoch : 496/500]
Total_loss	: 0.0872
Coral_loss	: 0.0000
MMD_loss	: 1.8883
cond_ent_wt	: 4.7821
Src_reg_loss	: 0.0205
-------------------------------------
[Epoch : 497/500]
Total_loss	: 0.0872
Coral_loss	: 0.0000
MMD_loss	: 1.8874
cond_ent_wt	: 4.7818
Src_reg_loss	: 0.0205
-------------------------------------
[Epoch : 498/500]
Total_loss	: 0.0872
Coral_loss	: 0.0000
MMD_loss	: 1.8864
cond_ent_wt	: 4.7815
Src_reg_loss	: 0.0205
-------------------------------------
[Epoch : 499/500]
Total_loss	: 0.0871
Coral_loss	: 0.0000
MMD_loss	: 1.8854
cond_ent_wt	: 4.7813
Src_reg_loss	: 0.0204
-------------------------------------
[Epoch : 500/500]
Total_loss	: 0.0871
Coral_loss	: 0.0000
MMD_loss	: 1.8844
cond_ent_wt	: 4.7810
Src_reg_loss	: 0.0204
-------------------------------------
