=============================================
Dataset: Airbox
Method:  MMDA
=============================================
Source: 0 ---> Target: 7
=============================================
[Epoch : 1/500]
Total_loss	: 0.3627
Coral_loss	: 0.0000
MMD_loss	: 5.4265
cond_ent_wt	: 4.8493
Src_reg_loss	: 0.2599
-------------------------------------
[Epoch : 2/500]
Total_loss	: 0.3457
Coral_loss	: 0.0000
MMD_loss	: 5.4230
cond_ent_wt	: 4.8490
Src_reg_loss	: 0.2430
-------------------------------------
[Epoch : 3/500]
Total_loss	: 0.3291
Coral_loss	: 0.0000
MMD_loss	: 5.4131
cond_ent_wt	: 4.8487
Src_reg_loss	: 0.2265
-------------------------------------
[Epoch : 4/500]
Total_loss	: 0.3122
Coral_loss	: 0.0000
MMD_loss	: 5.3960
cond_ent_wt	: 4.8483
Src_reg_loss	: 0.2097
-------------------------------------
[Epoch : 5/500]
Total_loss	: 0.2946
Coral_loss	: 0.0000
MMD_loss	: 5.3699
cond_ent_wt	: 4.8476
Src_reg_loss	: 0.1924
-------------------------------------
[Epoch : 6/500]
Total_loss	: 0.2768
Coral_loss	: 0.0000
MMD_loss	: 5.3327
cond_ent_wt	: 4.8467
Src_reg_loss	: 0.1750
-------------------------------------
[Epoch : 7/500]
Total_loss	: 0.2595
Coral_loss	: 0.0000
MMD_loss	: 5.2829
cond_ent_wt	: 4.8454
Src_reg_loss	: 0.1582
-------------------------------------
[Epoch : 8/500]
Total_loss	: 0.2445
Coral_loss	: 0.0000
MMD_loss	: 5.2230
cond_ent_wt	: 4.8436
Src_reg_loss	: 0.1438
-------------------------------------
[Epoch : 9/500]
Total_loss	: 0.2327
Coral_loss	: 0.0000
MMD_loss	: 5.1641
cond_ent_wt	: 4.8418
Src_reg_loss	: 0.1327
-------------------------------------
[Epoch : 10/500]
Total_loss	: 0.2234
Coral_loss	: 0.0000
MMD_loss	: 5.1189
cond_ent_wt	: 4.8402
Src_reg_loss	: 0.1238
-------------------------------------
[Epoch : 11/500]
Total_loss	: 0.2155
Coral_loss	: 0.0000
MMD_loss	: 5.0899
cond_ent_wt	: 4.8392
Src_reg_loss	: 0.1162
-------------------------------------
[Epoch : 12/500]
Total_loss	: 0.2090
Coral_loss	: 0.0000
MMD_loss	: 5.0725
cond_ent_wt	: 4.8385
Src_reg_loss	: 0.1099
-------------------------------------
[Epoch : 13/500]
Total_loss	: 0.2035
Coral_loss	: 0.0000
MMD_loss	: 5.0613
cond_ent_wt	: 4.8380
Src_reg_loss	: 0.1045
-------------------------------------
[Epoch : 14/500]
Total_loss	: 0.1988
Coral_loss	: 0.0000
MMD_loss	: 5.0531
cond_ent_wt	: 4.8375
Src_reg_loss	: 0.0999
-------------------------------------
[Epoch : 15/500]
Total_loss	: 0.1947
Coral_loss	: 0.0000
MMD_loss	: 5.0465
cond_ent_wt	: 4.8371
Src_reg_loss	: 0.0959
-------------------------------------
[Epoch : 16/500]
Total_loss	: 0.1911
Coral_loss	: 0.0000
MMD_loss	: 5.0415
cond_ent_wt	: 4.8367
Src_reg_loss	: 0.0924
-------------------------------------
[Epoch : 17/500]
Total_loss	: 0.1880
Coral_loss	: 0.0000
MMD_loss	: 5.0384
cond_ent_wt	: 4.8363
Src_reg_loss	: 0.0892
-------------------------------------
[Epoch : 18/500]
Total_loss	: 0.1852
Coral_loss	: 0.0000
MMD_loss	: 5.0371
cond_ent_wt	: 4.8360
Src_reg_loss	: 0.0864
-------------------------------------
[Epoch : 19/500]
Total_loss	: 0.1827
Coral_loss	: 0.0000
MMD_loss	: 5.0375
cond_ent_wt	: 4.8357
Src_reg_loss	: 0.0839
-------------------------------------
[Epoch : 20/500]
Total_loss	: 0.1804
Coral_loss	: 0.0000
MMD_loss	: 5.0393
cond_ent_wt	: 4.8355
Src_reg_loss	: 0.0817
-------------------------------------
[Epoch : 21/500]
Total_loss	: 0.1784
Coral_loss	: 0.0000
MMD_loss	: 5.0419
cond_ent_wt	: 4.8353
Src_reg_loss	: 0.0796
-------------------------------------
[Epoch : 22/500]
Total_loss	: 0.1765
Coral_loss	: 0.0000
MMD_loss	: 5.0453
cond_ent_wt	: 4.8351
Src_reg_loss	: 0.0777
-------------------------------------
[Epoch : 23/500]
Total_loss	: 0.1748
Coral_loss	: 0.0000
MMD_loss	: 5.0492
cond_ent_wt	: 4.8350
Src_reg_loss	: 0.0760
-------------------------------------
[Epoch : 24/500]
Total_loss	: 0.1733
Coral_loss	: 0.0000
MMD_loss	: 5.0535
cond_ent_wt	: 4.8348
Src_reg_loss	: 0.0744
-------------------------------------
[Epoch : 25/500]
Total_loss	: 0.1719
Coral_loss	: 0.0000
MMD_loss	: 5.0581
cond_ent_wt	: 4.8347
Src_reg_loss	: 0.0729
-------------------------------------
[Epoch : 26/500]
Total_loss	: 0.1705
Coral_loss	: 0.0000
MMD_loss	: 5.0629
cond_ent_wt	: 4.8346
Src_reg_loss	: 0.0716
-------------------------------------
[Epoch : 27/500]
Total_loss	: 0.1693
Coral_loss	: 0.0000
MMD_loss	: 5.0677
cond_ent_wt	: 4.8345
Src_reg_loss	: 0.0703
-------------------------------------
[Epoch : 28/500]
Total_loss	: 0.1682
Coral_loss	: 0.0000
MMD_loss	: 5.0723
cond_ent_wt	: 4.8344
Src_reg_loss	: 0.0691
-------------------------------------
[Epoch : 29/500]
Total_loss	: 0.1671
Coral_loss	: 0.0000
MMD_loss	: 5.0767
cond_ent_wt	: 4.8343
Src_reg_loss	: 0.0680
-------------------------------------
[Epoch : 30/500]
Total_loss	: 0.1661
Coral_loss	: 0.0000
MMD_loss	: 5.0806
cond_ent_wt	: 4.8343
Src_reg_loss	: 0.0669
-------------------------------------
[Epoch : 31/500]
Total_loss	: 0.1651
Coral_loss	: 0.0000
MMD_loss	: 5.0841
cond_ent_wt	: 4.8342
Src_reg_loss	: 0.0660
-------------------------------------
[Epoch : 32/500]
Total_loss	: 0.1642
Coral_loss	: 0.0000
MMD_loss	: 5.0869
cond_ent_wt	: 4.8341
Src_reg_loss	: 0.0650
-------------------------------------
[Epoch : 33/500]
Total_loss	: 0.1634
Coral_loss	: 0.0000
MMD_loss	: 5.0890
cond_ent_wt	: 4.8341
Src_reg_loss	: 0.0641
-------------------------------------
[Epoch : 34/500]
Total_loss	: 0.1625
Coral_loss	: 0.0000
MMD_loss	: 5.0904
cond_ent_wt	: 4.8341
Src_reg_loss	: 0.0633
-------------------------------------
[Epoch : 35/500]
Total_loss	: 0.1618
Coral_loss	: 0.0000
MMD_loss	: 5.0908
cond_ent_wt	: 4.8340
Src_reg_loss	: 0.0625
-------------------------------------
[Epoch : 36/500]
Total_loss	: 0.1610
Coral_loss	: 0.0000
MMD_loss	: 5.0903
cond_ent_wt	: 4.8340
Src_reg_loss	: 0.0617
-------------------------------------
[Epoch : 37/500]
Total_loss	: 0.1602
Coral_loss	: 0.0000
MMD_loss	: 5.0889
cond_ent_wt	: 4.8340
Src_reg_loss	: 0.0610
-------------------------------------
[Epoch : 38/500]
Total_loss	: 0.1595
Coral_loss	: 0.0000
MMD_loss	: 5.0865
cond_ent_wt	: 4.8340
Src_reg_loss	: 0.0603
-------------------------------------
[Epoch : 39/500]
Total_loss	: 0.1588
Coral_loss	: 0.0000
MMD_loss	: 5.0831
cond_ent_wt	: 4.8340
Src_reg_loss	: 0.0597
-------------------------------------
[Epoch : 40/500]
Total_loss	: 0.1582
Coral_loss	: 0.0000
MMD_loss	: 5.0788
cond_ent_wt	: 4.8340
Src_reg_loss	: 0.0590
-------------------------------------
[Epoch : 41/500]
Total_loss	: 0.1575
Coral_loss	: 0.0000
MMD_loss	: 5.0734
cond_ent_wt	: 4.8339
Src_reg_loss	: 0.0584
-------------------------------------
[Epoch : 42/500]
Total_loss	: 0.1568
Coral_loss	: 0.0000
MMD_loss	: 5.0671
cond_ent_wt	: 4.8340
Src_reg_loss	: 0.0578
-------------------------------------
[Epoch : 43/500]
Total_loss	: 0.1562
Coral_loss	: 0.0000
MMD_loss	: 5.0599
cond_ent_wt	: 4.8340
Src_reg_loss	: 0.0573
-------------------------------------
[Epoch : 44/500]
Total_loss	: 0.1556
Coral_loss	: 0.0000
MMD_loss	: 5.0517
cond_ent_wt	: 4.8340
Src_reg_loss	: 0.0567
-------------------------------------
[Epoch : 45/500]
Total_loss	: 0.1549
Coral_loss	: 0.0000
MMD_loss	: 5.0425
cond_ent_wt	: 4.8340
Src_reg_loss	: 0.0562
-------------------------------------
[Epoch : 46/500]
Total_loss	: 0.1543
Coral_loss	: 0.0000
MMD_loss	: 5.0325
cond_ent_wt	: 4.8340
Src_reg_loss	: 0.0557
-------------------------------------
[Epoch : 47/500]
Total_loss	: 0.1537
Coral_loss	: 0.0000
MMD_loss	: 5.0215
cond_ent_wt	: 4.8340
Src_reg_loss	: 0.0552
-------------------------------------
[Epoch : 48/500]
Total_loss	: 0.1531
Coral_loss	: 0.0000
MMD_loss	: 5.0097
cond_ent_wt	: 4.8340
Src_reg_loss	: 0.0547
-------------------------------------
[Epoch : 49/500]
Total_loss	: 0.1525
Coral_loss	: 0.0000
MMD_loss	: 4.9970
cond_ent_wt	: 4.8341
Src_reg_loss	: 0.0542
-------------------------------------
[Epoch : 50/500]
Total_loss	: 0.1519
Coral_loss	: 0.0000
MMD_loss	: 4.9834
cond_ent_wt	: 4.8341
Src_reg_loss	: 0.0537
-------------------------------------
[Epoch : 51/500]
Total_loss	: 0.1513
Coral_loss	: 0.0000
MMD_loss	: 4.9690
cond_ent_wt	: 4.8341
Src_reg_loss	: 0.0533
-------------------------------------
[Epoch : 52/500]
Total_loss	: 0.1507
Coral_loss	: 0.0000
MMD_loss	: 4.9538
cond_ent_wt	: 4.8341
Src_reg_loss	: 0.0529
-------------------------------------
[Epoch : 53/500]
Total_loss	: 0.1502
Coral_loss	: 0.0000
MMD_loss	: 4.9377
cond_ent_wt	: 4.8342
Src_reg_loss	: 0.0524
-------------------------------------
[Epoch : 54/500]
Total_loss	: 0.1496
Coral_loss	: 0.0000
MMD_loss	: 4.9209
cond_ent_wt	: 4.8342
Src_reg_loss	: 0.0520
-------------------------------------
[Epoch : 55/500]
Total_loss	: 0.1490
Coral_loss	: 0.0000
MMD_loss	: 4.9032
cond_ent_wt	: 4.8342
Src_reg_loss	: 0.0516
-------------------------------------
[Epoch : 56/500]
Total_loss	: 0.1484
Coral_loss	: 0.0000
MMD_loss	: 4.8848
cond_ent_wt	: 4.8343
Src_reg_loss	: 0.0512
-------------------------------------
[Epoch : 57/500]
Total_loss	: 0.1479
Coral_loss	: 0.0000
MMD_loss	: 4.8657
cond_ent_wt	: 4.8343
Src_reg_loss	: 0.0509
-------------------------------------
[Epoch : 58/500]
Total_loss	: 0.1473
Coral_loss	: 0.0000
MMD_loss	: 4.8458
cond_ent_wt	: 4.8343
Src_reg_loss	: 0.0505
-------------------------------------
[Epoch : 59/500]
Total_loss	: 0.1467
Coral_loss	: 0.0000
MMD_loss	: 4.8253
cond_ent_wt	: 4.8343
Src_reg_loss	: 0.0501
-------------------------------------
[Epoch : 60/500]
Total_loss	: 0.1462
Coral_loss	: 0.0000
MMD_loss	: 4.8042
cond_ent_wt	: 4.8344
Src_reg_loss	: 0.0498
-------------------------------------
[Epoch : 61/500]
Total_loss	: 0.1456
Coral_loss	: 0.0000
MMD_loss	: 4.7826
cond_ent_wt	: 4.8344
Src_reg_loss	: 0.0494
-------------------------------------
[Epoch : 62/500]
Total_loss	: 0.1451
Coral_loss	: 0.0000
MMD_loss	: 4.7605
cond_ent_wt	: 4.8344
Src_reg_loss	: 0.0491
-------------------------------------
[Epoch : 63/500]
Total_loss	: 0.1445
Coral_loss	: 0.0000
MMD_loss	: 4.7381
cond_ent_wt	: 4.8344
Src_reg_loss	: 0.0488
-------------------------------------
[Epoch : 64/500]
Total_loss	: 0.1440
Coral_loss	: 0.0000
MMD_loss	: 4.7155
cond_ent_wt	: 4.8344
Src_reg_loss	: 0.0485
-------------------------------------
[Epoch : 65/500]
Total_loss	: 0.1434
Coral_loss	: 0.0000
MMD_loss	: 4.6927
cond_ent_wt	: 4.8344
Src_reg_loss	: 0.0481
-------------------------------------
[Epoch : 66/500]
Total_loss	: 0.1429
Coral_loss	: 0.0000
MMD_loss	: 4.6700
cond_ent_wt	: 4.8344
Src_reg_loss	: 0.0478
-------------------------------------
[Epoch : 67/500]
Total_loss	: 0.1424
Coral_loss	: 0.0000
MMD_loss	: 4.6474
cond_ent_wt	: 4.8344
Src_reg_loss	: 0.0475
-------------------------------------
[Epoch : 68/500]
Total_loss	: 0.1418
Coral_loss	: 0.0000
MMD_loss	: 4.6250
cond_ent_wt	: 4.8344
Src_reg_loss	: 0.0472
-------------------------------------
[Epoch : 69/500]
Total_loss	: 0.1413
Coral_loss	: 0.0000
MMD_loss	: 4.6029
cond_ent_wt	: 4.8344
Src_reg_loss	: 0.0470
-------------------------------------
[Epoch : 70/500]
Total_loss	: 0.1408
Coral_loss	: 0.0000
MMD_loss	: 4.5813
cond_ent_wt	: 4.8344
Src_reg_loss	: 0.0467
-------------------------------------
[Epoch : 71/500]
Total_loss	: 0.1403
Coral_loss	: 0.0000
MMD_loss	: 4.5602
cond_ent_wt	: 4.8344
Src_reg_loss	: 0.0464
-------------------------------------
[Epoch : 72/500]
Total_loss	: 0.1399
Coral_loss	: 0.0000
MMD_loss	: 4.5397
cond_ent_wt	: 4.8344
Src_reg_loss	: 0.0461
-------------------------------------
[Epoch : 73/500]
Total_loss	: 0.1394
Coral_loss	: 0.0000
MMD_loss	: 4.5198
cond_ent_wt	: 4.8343
Src_reg_loss	: 0.0459
-------------------------------------
[Epoch : 74/500]
Total_loss	: 0.1389
Coral_loss	: 0.0000
MMD_loss	: 4.5008
cond_ent_wt	: 4.8343
Src_reg_loss	: 0.0456
-------------------------------------
[Epoch : 75/500]
Total_loss	: 0.1385
Coral_loss	: 0.0000
MMD_loss	: 4.4825
cond_ent_wt	: 4.8343
Src_reg_loss	: 0.0453
-------------------------------------
[Epoch : 76/500]
Total_loss	: 0.1381
Coral_loss	: 0.0000
MMD_loss	: 4.4651
cond_ent_wt	: 4.8342
Src_reg_loss	: 0.0451
-------------------------------------
[Epoch : 77/500]
Total_loss	: 0.1377
Coral_loss	: 0.0000
MMD_loss	: 4.4486
cond_ent_wt	: 4.8342
Src_reg_loss	: 0.0448
-------------------------------------
[Epoch : 78/500]
Total_loss	: 0.1373
Coral_loss	: 0.0000
MMD_loss	: 4.4330
cond_ent_wt	: 4.8342
Src_reg_loss	: 0.0446
-------------------------------------
[Epoch : 79/500]
Total_loss	: 0.1369
Coral_loss	: 0.0000
MMD_loss	: 4.4184
cond_ent_wt	: 4.8341
Src_reg_loss	: 0.0443
-------------------------------------
[Epoch : 80/500]
Total_loss	: 0.1365
Coral_loss	: 0.0000
MMD_loss	: 4.4048
cond_ent_wt	: 4.8341
Src_reg_loss	: 0.0441
-------------------------------------
[Epoch : 81/500]
Total_loss	: 0.1361
Coral_loss	: 0.0000
MMD_loss	: 4.3921
cond_ent_wt	: 4.8340
Src_reg_loss	: 0.0439
-------------------------------------
[Epoch : 82/500]
Total_loss	: 0.1358
Coral_loss	: 0.0000
MMD_loss	: 4.3805
cond_ent_wt	: 4.8340
Src_reg_loss	: 0.0436
-------------------------------------
[Epoch : 83/500]
Total_loss	: 0.1355
Coral_loss	: 0.0000
MMD_loss	: 4.3698
cond_ent_wt	: 4.8339
Src_reg_loss	: 0.0434
-------------------------------------
[Epoch : 84/500]
Total_loss	: 0.1351
Coral_loss	: 0.0000
MMD_loss	: 4.3600
cond_ent_wt	: 4.8338
Src_reg_loss	: 0.0432
-------------------------------------
[Epoch : 85/500]
Total_loss	: 0.1348
Coral_loss	: 0.0000
MMD_loss	: 4.3513
cond_ent_wt	: 4.8338
Src_reg_loss	: 0.0430
-------------------------------------
[Epoch : 86/500]
Total_loss	: 0.1345
Coral_loss	: 0.0000
MMD_loss	: 4.3434
cond_ent_wt	: 4.8337
Src_reg_loss	: 0.0428
-------------------------------------
[Epoch : 87/500]
Total_loss	: 0.1342
Coral_loss	: 0.0000
MMD_loss	: 4.3364
cond_ent_wt	: 4.8336
Src_reg_loss	: 0.0425
-------------------------------------
[Epoch : 88/500]
Total_loss	: 0.1340
Coral_loss	: 0.0000
MMD_loss	: 4.3303
cond_ent_wt	: 4.8335
Src_reg_loss	: 0.0423
-------------------------------------
[Epoch : 89/500]
Total_loss	: 0.1337
Coral_loss	: 0.0000
MMD_loss	: 4.3251
cond_ent_wt	: 4.8335
Src_reg_loss	: 0.0421
-------------------------------------
[Epoch : 90/500]
Total_loss	: 0.1335
Coral_loss	: 0.0000
MMD_loss	: 4.3207
cond_ent_wt	: 4.8334
Src_reg_loss	: 0.0419
-------------------------------------
[Epoch : 91/500]
Total_loss	: 0.1332
Coral_loss	: 0.0000
MMD_loss	: 4.3171
cond_ent_wt	: 4.8333
Src_reg_loss	: 0.0417
-------------------------------------
[Epoch : 92/500]
Total_loss	: 0.1330
Coral_loss	: 0.0000
MMD_loss	: 4.3142
cond_ent_wt	: 4.8332
Src_reg_loss	: 0.0415
-------------------------------------
[Epoch : 93/500]
Total_loss	: 0.1328
Coral_loss	: 0.0000
MMD_loss	: 4.3121
cond_ent_wt	: 4.8331
Src_reg_loss	: 0.0413
-------------------------------------
[Epoch : 94/500]
Total_loss	: 0.1325
Coral_loss	: 0.0000
MMD_loss	: 4.3108
cond_ent_wt	: 4.8330
Src_reg_loss	: 0.0411
-------------------------------------
[Epoch : 95/500]
Total_loss	: 0.1323
Coral_loss	: 0.0000
MMD_loss	: 4.3100
cond_ent_wt	: 4.8329
Src_reg_loss	: 0.0409
-------------------------------------
[Epoch : 96/500]
Total_loss	: 0.1322
Coral_loss	: 0.0000
MMD_loss	: 4.3100
cond_ent_wt	: 4.8328
Src_reg_loss	: 0.0407
-------------------------------------
[Epoch : 97/500]
Total_loss	: 0.1320
Coral_loss	: 0.0000
MMD_loss	: 4.3105
cond_ent_wt	: 4.8327
Src_reg_loss	: 0.0405
-------------------------------------
[Epoch : 98/500]
Total_loss	: 0.1318
Coral_loss	: 0.0000
MMD_loss	: 4.3116
cond_ent_wt	: 4.8326
Src_reg_loss	: 0.0403
-------------------------------------
[Epoch : 99/500]
Total_loss	: 0.1316
Coral_loss	: 0.0000
MMD_loss	: 4.3131
cond_ent_wt	: 4.8325
Src_reg_loss	: 0.0402
-------------------------------------
[Epoch : 100/500]
Total_loss	: 0.1315
Coral_loss	: 0.0000
MMD_loss	: 4.3152
cond_ent_wt	: 4.8324
Src_reg_loss	: 0.0400
-------------------------------------
[Epoch : 101/500]
Total_loss	: 0.1313
Coral_loss	: 0.0000
MMD_loss	: 4.3176
cond_ent_wt	: 4.8323
Src_reg_loss	: 0.0398
-------------------------------------
[Epoch : 102/500]
Total_loss	: 0.1312
Coral_loss	: 0.0000
MMD_loss	: 4.3204
cond_ent_wt	: 4.8322
Src_reg_loss	: 0.0396
-------------------------------------
[Epoch : 103/500]
Total_loss	: 0.1310
Coral_loss	: 0.0000
MMD_loss	: 4.3236
cond_ent_wt	: 4.8321
Src_reg_loss	: 0.0394
-------------------------------------
[Epoch : 104/500]
Total_loss	: 0.1309
Coral_loss	: 0.0000
MMD_loss	: 4.3271
cond_ent_wt	: 4.8319
Src_reg_loss	: 0.0393
-------------------------------------
[Epoch : 105/500]
Total_loss	: 0.1307
Coral_loss	: 0.0000
MMD_loss	: 4.3308
cond_ent_wt	: 4.8318
Src_reg_loss	: 0.0391
-------------------------------------
[Epoch : 106/500]
Total_loss	: 0.1306
Coral_loss	: 0.0000
MMD_loss	: 4.3348
cond_ent_wt	: 4.8317
Src_reg_loss	: 0.0389
-------------------------------------
[Epoch : 107/500]
Total_loss	: 0.1305
Coral_loss	: 0.0000
MMD_loss	: 4.3389
cond_ent_wt	: 4.8316
Src_reg_loss	: 0.0388
-------------------------------------
[Epoch : 108/500]
Total_loss	: 0.1304
Coral_loss	: 0.0000
MMD_loss	: 4.3433
cond_ent_wt	: 4.8315
Src_reg_loss	: 0.0386
-------------------------------------
[Epoch : 109/500]
Total_loss	: 0.1302
Coral_loss	: 0.0000
MMD_loss	: 4.3478
cond_ent_wt	: 4.8314
Src_reg_loss	: 0.0384
-------------------------------------
[Epoch : 110/500]
Total_loss	: 0.1301
Coral_loss	: 0.0000
MMD_loss	: 4.3524
cond_ent_wt	: 4.8313
Src_reg_loss	: 0.0383
-------------------------------------
[Epoch : 111/500]
Total_loss	: 0.1300
Coral_loss	: 0.0000
MMD_loss	: 4.3571
cond_ent_wt	: 4.8311
Src_reg_loss	: 0.0381
-------------------------------------
[Epoch : 112/500]
Total_loss	: 0.1299
Coral_loss	: 0.0000
MMD_loss	: 4.3619
cond_ent_wt	: 4.8310
Src_reg_loss	: 0.0380
-------------------------------------
[Epoch : 113/500]
Total_loss	: 0.1298
Coral_loss	: 0.0000
MMD_loss	: 4.3668
cond_ent_wt	: 4.8309
Src_reg_loss	: 0.0378
-------------------------------------
[Epoch : 114/500]
Total_loss	: 0.1297
Coral_loss	: 0.0000
MMD_loss	: 4.3717
cond_ent_wt	: 4.8308
Src_reg_loss	: 0.0377
-------------------------------------
[Epoch : 115/500]
Total_loss	: 0.1296
Coral_loss	: 0.0000
MMD_loss	: 4.3767
cond_ent_wt	: 4.8307
Src_reg_loss	: 0.0375
-------------------------------------
[Epoch : 116/500]
Total_loss	: 0.1295
Coral_loss	: 0.0000
MMD_loss	: 4.3817
cond_ent_wt	: 4.8305
Src_reg_loss	: 0.0374
-------------------------------------
[Epoch : 117/500]
Total_loss	: 0.1294
Coral_loss	: 0.0000
MMD_loss	: 4.3866
cond_ent_wt	: 4.8304
Src_reg_loss	: 0.0372
-------------------------------------
[Epoch : 118/500]
Total_loss	: 0.1293
Coral_loss	: 0.0000
MMD_loss	: 4.3916
cond_ent_wt	: 4.8303
Src_reg_loss	: 0.0371
-------------------------------------
[Epoch : 119/500]
Total_loss	: 0.1292
Coral_loss	: 0.0000
MMD_loss	: 4.3966
cond_ent_wt	: 4.8302
Src_reg_loss	: 0.0369
-------------------------------------
[Epoch : 120/500]
Total_loss	: 0.1291
Coral_loss	: 0.0000
MMD_loss	: 4.4016
cond_ent_wt	: 4.8301
Src_reg_loss	: 0.0368
-------------------------------------
[Epoch : 121/500]
Total_loss	: 0.1290
Coral_loss	: 0.0000
MMD_loss	: 4.4066
cond_ent_wt	: 4.8300
Src_reg_loss	: 0.0367
-------------------------------------
[Epoch : 122/500]
Total_loss	: 0.1289
Coral_loss	: 0.0000
MMD_loss	: 4.4116
cond_ent_wt	: 4.8298
Src_reg_loss	: 0.0365
-------------------------------------
[Epoch : 123/500]
Total_loss	: 0.1289
Coral_loss	: 0.0000
MMD_loss	: 4.4165
cond_ent_wt	: 4.8297
Src_reg_loss	: 0.0364
-------------------------------------
[Epoch : 124/500]
Total_loss	: 0.1288
Coral_loss	: 0.0000
MMD_loss	: 4.4214
cond_ent_wt	: 4.8296
Src_reg_loss	: 0.0362
-------------------------------------
[Epoch : 125/500]
Total_loss	: 0.1287
Coral_loss	: 0.0000
MMD_loss	: 4.4263
cond_ent_wt	: 4.8295
Src_reg_loss	: 0.0361
-------------------------------------
[Epoch : 126/500]
Total_loss	: 0.1286
Coral_loss	: 0.0000
MMD_loss	: 4.4311
cond_ent_wt	: 4.8294
Src_reg_loss	: 0.0360
-------------------------------------
[Epoch : 127/500]
Total_loss	: 0.1285
Coral_loss	: 0.0000
MMD_loss	: 4.4359
cond_ent_wt	: 4.8293
Src_reg_loss	: 0.0359
-------------------------------------
[Epoch : 128/500]
Total_loss	: 0.1284
Coral_loss	: 0.0000
MMD_loss	: 4.4407
cond_ent_wt	: 4.8292
Src_reg_loss	: 0.0357
-------------------------------------
[Epoch : 129/500]
Total_loss	: 0.1284
Coral_loss	: 0.0000
MMD_loss	: 4.4454
cond_ent_wt	: 4.8291
Src_reg_loss	: 0.0356
-------------------------------------
[Epoch : 130/500]
Total_loss	: 0.1283
Coral_loss	: 0.0000
MMD_loss	: 4.4501
cond_ent_wt	: 4.8289
Src_reg_loss	: 0.0355
-------------------------------------
[Epoch : 131/500]
Total_loss	: 0.1282
Coral_loss	: 0.0000
MMD_loss	: 4.4548
cond_ent_wt	: 4.8288
Src_reg_loss	: 0.0353
-------------------------------------
[Epoch : 132/500]
Total_loss	: 0.1281
Coral_loss	: 0.0000
MMD_loss	: 4.4594
cond_ent_wt	: 4.8287
Src_reg_loss	: 0.0352
-------------------------------------
[Epoch : 133/500]
Total_loss	: 0.1280
Coral_loss	: 0.0000
MMD_loss	: 4.4639
cond_ent_wt	: 4.8286
Src_reg_loss	: 0.0351
-------------------------------------
[Epoch : 134/500]
Total_loss	: 0.1280
Coral_loss	: 0.0000
MMD_loss	: 4.4684
cond_ent_wt	: 4.8285
Src_reg_loss	: 0.0350
-------------------------------------
[Epoch : 135/500]
Total_loss	: 0.1279
Coral_loss	: 0.0000
MMD_loss	: 4.4729
cond_ent_wt	: 4.8284
Src_reg_loss	: 0.0349
-------------------------------------
[Epoch : 136/500]
Total_loss	: 0.1278
Coral_loss	: 0.0000
MMD_loss	: 4.4773
cond_ent_wt	: 4.8283
Src_reg_loss	: 0.0347
-------------------------------------
[Epoch : 137/500]
Total_loss	: 0.1277
Coral_loss	: 0.0000
MMD_loss	: 4.4816
cond_ent_wt	: 4.8282
Src_reg_loss	: 0.0346
-------------------------------------
[Epoch : 138/500]
Total_loss	: 0.1277
Coral_loss	: 0.0000
MMD_loss	: 4.4859
cond_ent_wt	: 4.8281
Src_reg_loss	: 0.0345
-------------------------------------
[Epoch : 139/500]
Total_loss	: 0.1276
Coral_loss	: 0.0000
MMD_loss	: 4.4902
cond_ent_wt	: 4.8280
Src_reg_loss	: 0.0344
-------------------------------------
[Epoch : 140/500]
Total_loss	: 0.1275
Coral_loss	: 0.0000
MMD_loss	: 4.4944
cond_ent_wt	: 4.8279
Src_reg_loss	: 0.0343
-------------------------------------
[Epoch : 141/500]
Total_loss	: 0.1274
Coral_loss	: 0.0000
MMD_loss	: 4.4986
cond_ent_wt	: 4.8278
Src_reg_loss	: 0.0342
-------------------------------------
[Epoch : 142/500]
Total_loss	: 0.1274
Coral_loss	: 0.0000
MMD_loss	: 4.5027
cond_ent_wt	: 4.8276
Src_reg_loss	: 0.0340
-------------------------------------
[Epoch : 143/500]
Total_loss	: 0.1273
Coral_loss	: 0.0000
MMD_loss	: 4.5068
cond_ent_wt	: 4.8275
Src_reg_loss	: 0.0339
-------------------------------------
[Epoch : 144/500]
Total_loss	: 0.1272
Coral_loss	: 0.0000
MMD_loss	: 4.5108
cond_ent_wt	: 4.8274
Src_reg_loss	: 0.0338
-------------------------------------
[Epoch : 145/500]
Total_loss	: 0.1272
Coral_loss	: 0.0000
MMD_loss	: 4.5148
cond_ent_wt	: 4.8273
Src_reg_loss	: 0.0337
-------------------------------------
[Epoch : 146/500]
Total_loss	: 0.1271
Coral_loss	: 0.0000
MMD_loss	: 4.5187
cond_ent_wt	: 4.8272
Src_reg_loss	: 0.0336
-------------------------------------
[Epoch : 147/500]
Total_loss	: 0.1270
Coral_loss	: 0.0000
MMD_loss	: 4.5226
cond_ent_wt	: 4.8271
Src_reg_loss	: 0.0335
-------------------------------------
[Epoch : 148/500]
Total_loss	: 0.1269
Coral_loss	: 0.0000
MMD_loss	: 4.5264
cond_ent_wt	: 4.8270
Src_reg_loss	: 0.0334
-------------------------------------
[Epoch : 149/500]
Total_loss	: 0.1269
Coral_loss	: 0.0000
MMD_loss	: 4.5302
cond_ent_wt	: 4.8269
Src_reg_loss	: 0.0333
-------------------------------------
[Epoch : 150/500]
Total_loss	: 0.1268
Coral_loss	: 0.0000
MMD_loss	: 4.5340
cond_ent_wt	: 4.8268
Src_reg_loss	: 0.0332
-------------------------------------
[Epoch : 151/500]
Total_loss	: 0.1267
Coral_loss	: 0.0000
MMD_loss	: 4.5376
cond_ent_wt	: 4.8267
Src_reg_loss	: 0.0331
-------------------------------------
[Epoch : 152/500]
Total_loss	: 0.1267
Coral_loss	: 0.0000
MMD_loss	: 4.5413
cond_ent_wt	: 4.8266
Src_reg_loss	: 0.0330
-------------------------------------
[Epoch : 153/500]
Total_loss	: 0.1266
Coral_loss	: 0.0000
MMD_loss	: 4.5449
cond_ent_wt	: 4.8265
Src_reg_loss	: 0.0329
-------------------------------------
[Epoch : 154/500]
Total_loss	: 0.1265
Coral_loss	: 0.0000
MMD_loss	: 4.5484
cond_ent_wt	: 4.8264
Src_reg_loss	: 0.0328
-------------------------------------
[Epoch : 155/500]
Total_loss	: 0.1265
Coral_loss	: 0.0000
MMD_loss	: 4.5519
cond_ent_wt	: 4.8263
Src_reg_loss	: 0.0327
-------------------------------------
[Epoch : 156/500]
Total_loss	: 0.1264
Coral_loss	: 0.0000
MMD_loss	: 4.5554
cond_ent_wt	: 4.8262
Src_reg_loss	: 0.0326
-------------------------------------
[Epoch : 157/500]
Total_loss	: 0.1264
Coral_loss	: 0.0000
MMD_loss	: 4.5588
cond_ent_wt	: 4.8261
Src_reg_loss	: 0.0325
-------------------------------------
[Epoch : 158/500]
Total_loss	: 0.1263
Coral_loss	: 0.0000
MMD_loss	: 4.5621
cond_ent_wt	: 4.8260
Src_reg_loss	: 0.0324
-------------------------------------
[Epoch : 159/500]
Total_loss	: 0.1262
Coral_loss	: 0.0000
MMD_loss	: 4.5654
cond_ent_wt	: 4.8259
Src_reg_loss	: 0.0323
-------------------------------------
[Epoch : 160/500]
Total_loss	: 0.1262
Coral_loss	: 0.0000
MMD_loss	: 4.5687
cond_ent_wt	: 4.8258
Src_reg_loss	: 0.0322
-------------------------------------
[Epoch : 161/500]
Total_loss	: 0.1261
Coral_loss	: 0.0000
MMD_loss	: 4.5719
cond_ent_wt	: 4.8257
Src_reg_loss	: 0.0321
-------------------------------------
[Epoch : 162/500]
Total_loss	: 0.1260
Coral_loss	: 0.0000
MMD_loss	: 4.5750
cond_ent_wt	: 4.8256
Src_reg_loss	: 0.0320
-------------------------------------
[Epoch : 163/500]
Total_loss	: 0.1260
Coral_loss	: 0.0000
MMD_loss	: 4.5781
cond_ent_wt	: 4.8255
Src_reg_loss	: 0.0319
-------------------------------------
[Epoch : 164/500]
Total_loss	: 0.1259
Coral_loss	: 0.0000
MMD_loss	: 4.5812
cond_ent_wt	: 4.8254
Src_reg_loss	: 0.0318
-------------------------------------
[Epoch : 165/500]
Total_loss	: 0.1258
Coral_loss	: 0.0000
MMD_loss	: 4.5842
cond_ent_wt	: 4.8253
Src_reg_loss	: 0.0317
-------------------------------------
[Epoch : 166/500]
Total_loss	: 0.1258
Coral_loss	: 0.0000
MMD_loss	: 4.5871
cond_ent_wt	: 4.8252
Src_reg_loss	: 0.0316
-------------------------------------
[Epoch : 167/500]
Total_loss	: 0.1257
Coral_loss	: 0.0000
MMD_loss	: 4.5900
cond_ent_wt	: 4.8251
Src_reg_loss	: 0.0315
-------------------------------------
[Epoch : 168/500]
Total_loss	: 0.1257
Coral_loss	: 0.0000
MMD_loss	: 4.5929
cond_ent_wt	: 4.8250
Src_reg_loss	: 0.0315
-------------------------------------
[Epoch : 169/500]
Total_loss	: 0.1256
Coral_loss	: 0.0000
MMD_loss	: 4.5957
cond_ent_wt	: 4.8249
Src_reg_loss	: 0.0314
-------------------------------------
[Epoch : 170/500]
Total_loss	: 0.1255
Coral_loss	: 0.0000
MMD_loss	: 4.5985
cond_ent_wt	: 4.8248
Src_reg_loss	: 0.0313
-------------------------------------
[Epoch : 171/500]
Total_loss	: 0.1255
Coral_loss	: 0.0000
MMD_loss	: 4.6013
cond_ent_wt	: 4.8247
Src_reg_loss	: 0.0312
-------------------------------------
[Epoch : 172/500]
Total_loss	: 0.1254
Coral_loss	: 0.0000
MMD_loss	: 4.6039
cond_ent_wt	: 4.8246
Src_reg_loss	: 0.0311
-------------------------------------
[Epoch : 173/500]
Total_loss	: 0.1253
Coral_loss	: 0.0000
MMD_loss	: 4.6065
cond_ent_wt	: 4.8245
Src_reg_loss	: 0.0310
-------------------------------------
[Epoch : 174/500]
Total_loss	: 0.1253
Coral_loss	: 0.0000
MMD_loss	: 4.6091
cond_ent_wt	: 4.8244
Src_reg_loss	: 0.0309
-------------------------------------
[Epoch : 175/500]
Total_loss	: 0.1252
Coral_loss	: 0.0000
MMD_loss	: 4.6116
cond_ent_wt	: 4.8242
Src_reg_loss	: 0.0308
-------------------------------------
[Epoch : 176/500]
Total_loss	: 0.1252
Coral_loss	: 0.0000
MMD_loss	: 4.6140
cond_ent_wt	: 4.8241
Src_reg_loss	: 0.0308
-------------------------------------
[Epoch : 177/500]
Total_loss	: 0.1251
Coral_loss	: 0.0000
MMD_loss	: 4.6164
cond_ent_wt	: 4.8240
Src_reg_loss	: 0.0307
-------------------------------------
[Epoch : 178/500]
Total_loss	: 0.1250
Coral_loss	: 0.0000
MMD_loss	: 4.6187
cond_ent_wt	: 4.8239
Src_reg_loss	: 0.0306
-------------------------------------
[Epoch : 179/500]
Total_loss	: 0.1250
Coral_loss	: 0.0000
MMD_loss	: 4.6210
cond_ent_wt	: 4.8238
Src_reg_loss	: 0.0305
-------------------------------------
[Epoch : 180/500]
Total_loss	: 0.1249
Coral_loss	: 0.0000
MMD_loss	: 4.6231
cond_ent_wt	: 4.8237
Src_reg_loss	: 0.0304
-------------------------------------
[Epoch : 181/500]
Total_loss	: 0.1248
Coral_loss	: 0.0000
MMD_loss	: 4.6253
cond_ent_wt	: 4.8236
Src_reg_loss	: 0.0303
-------------------------------------
[Epoch : 182/500]
Total_loss	: 0.1248
Coral_loss	: 0.0000
MMD_loss	: 4.6273
cond_ent_wt	: 4.8235
Src_reg_loss	: 0.0303
-------------------------------------
[Epoch : 183/500]
Total_loss	: 0.1247
Coral_loss	: 0.0000
MMD_loss	: 4.6293
cond_ent_wt	: 4.8234
Src_reg_loss	: 0.0302
-------------------------------------
[Epoch : 184/500]
Total_loss	: 0.1247
Coral_loss	: 0.0000
MMD_loss	: 4.6313
cond_ent_wt	: 4.8233
Src_reg_loss	: 0.0301
-------------------------------------
[Epoch : 185/500]
Total_loss	: 0.1246
Coral_loss	: 0.0000
MMD_loss	: 4.6331
cond_ent_wt	: 4.8232
Src_reg_loss	: 0.0300
-------------------------------------
[Epoch : 186/500]
Total_loss	: 0.1245
Coral_loss	: 0.0000
MMD_loss	: 4.6349
cond_ent_wt	: 4.8231
Src_reg_loss	: 0.0299
-------------------------------------
[Epoch : 187/500]
Total_loss	: 0.1245
Coral_loss	: 0.0000
MMD_loss	: 4.6367
cond_ent_wt	: 4.8230
Src_reg_loss	: 0.0299
-------------------------------------
[Epoch : 188/500]
Total_loss	: 0.1244
Coral_loss	: 0.0000
MMD_loss	: 4.6383
cond_ent_wt	: 4.8229
Src_reg_loss	: 0.0298
-------------------------------------
[Epoch : 189/500]
Total_loss	: 0.1243
Coral_loss	: 0.0000
MMD_loss	: 4.6399
cond_ent_wt	: 4.8228
Src_reg_loss	: 0.0297
-------------------------------------
[Epoch : 190/500]
Total_loss	: 0.1243
Coral_loss	: 0.0000
MMD_loss	: 4.6415
cond_ent_wt	: 4.8227
Src_reg_loss	: 0.0296
-------------------------------------
[Epoch : 191/500]
Total_loss	: 0.1242
Coral_loss	: 0.0000
MMD_loss	: 4.6430
cond_ent_wt	: 4.8225
Src_reg_loss	: 0.0295
-------------------------------------
[Epoch : 192/500]
Total_loss	: 0.1242
Coral_loss	: 0.0000
MMD_loss	: 4.6444
cond_ent_wt	: 4.8224
Src_reg_loss	: 0.0295
-------------------------------------
[Epoch : 193/500]
Total_loss	: 0.1241
Coral_loss	: 0.0000
MMD_loss	: 4.6457
cond_ent_wt	: 4.8223
Src_reg_loss	: 0.0294
-------------------------------------
[Epoch : 194/500]
Total_loss	: 0.1240
Coral_loss	: 0.0000
MMD_loss	: 4.6470
cond_ent_wt	: 4.8222
Src_reg_loss	: 0.0293
-------------------------------------
[Epoch : 195/500]
Total_loss	: 0.1240
Coral_loss	: 0.0000
MMD_loss	: 4.6482
cond_ent_wt	: 4.8221
Src_reg_loss	: 0.0292
-------------------------------------
[Epoch : 196/500]
Total_loss	: 0.1239
Coral_loss	: 0.0000
MMD_loss	: 4.6493
cond_ent_wt	: 4.8220
Src_reg_loss	: 0.0292
-------------------------------------
[Epoch : 197/500]
Total_loss	: 0.1238
Coral_loss	: 0.0000
MMD_loss	: 4.6504
cond_ent_wt	: 4.8219
Src_reg_loss	: 0.0291
-------------------------------------
[Epoch : 198/500]
Total_loss	: 0.1238
Coral_loss	: 0.0000
MMD_loss	: 4.6514
cond_ent_wt	: 4.8218
Src_reg_loss	: 0.0290
-------------------------------------
[Epoch : 199/500]
Total_loss	: 0.1237
Coral_loss	: 0.0000
MMD_loss	: 4.6524
cond_ent_wt	: 4.8217
Src_reg_loss	: 0.0289
-------------------------------------
[Epoch : 200/500]
Total_loss	: 0.1236
Coral_loss	: 0.0000
MMD_loss	: 4.6532
cond_ent_wt	: 4.8216
Src_reg_loss	: 0.0289
-------------------------------------
[Epoch : 201/500]
Total_loss	: 0.1236
Coral_loss	: 0.0000
MMD_loss	: 4.6540
cond_ent_wt	: 4.8215
Src_reg_loss	: 0.0288
-------------------------------------
[Epoch : 202/500]
Total_loss	: 0.1235
Coral_loss	: 0.0000
MMD_loss	: 4.6548
cond_ent_wt	: 4.8213
Src_reg_loss	: 0.0287
-------------------------------------
[Epoch : 203/500]
Total_loss	: 0.1234
Coral_loss	: 0.0000
MMD_loss	: 4.6555
cond_ent_wt	: 4.8212
Src_reg_loss	: 0.0287
-------------------------------------
[Epoch : 204/500]
Total_loss	: 0.1234
Coral_loss	: 0.0000
MMD_loss	: 4.6561
cond_ent_wt	: 4.8211
Src_reg_loss	: 0.0286
-------------------------------------
[Epoch : 205/500]
Total_loss	: 0.1233
Coral_loss	: 0.0000
MMD_loss	: 4.6566
cond_ent_wt	: 4.8210
Src_reg_loss	: 0.0285
-------------------------------------
[Epoch : 206/500]
Total_loss	: 0.1232
Coral_loss	: 0.0000
MMD_loss	: 4.6571
cond_ent_wt	: 4.8209
Src_reg_loss	: 0.0284
-------------------------------------
[Epoch : 207/500]
Total_loss	: 0.1232
Coral_loss	: 0.0000
MMD_loss	: 4.6575
cond_ent_wt	: 4.8208
Src_reg_loss	: 0.0284
-------------------------------------
[Epoch : 208/500]
Total_loss	: 0.1231
Coral_loss	: 0.0000
MMD_loss	: 4.6579
cond_ent_wt	: 4.8207
Src_reg_loss	: 0.0283
-------------------------------------
[Epoch : 209/500]
Total_loss	: 0.1230
Coral_loss	: 0.0000
MMD_loss	: 4.6582
cond_ent_wt	: 4.8205
Src_reg_loss	: 0.0282
-------------------------------------
[Epoch : 210/500]
Total_loss	: 0.1230
Coral_loss	: 0.0000
MMD_loss	: 4.6584
cond_ent_wt	: 4.8204
Src_reg_loss	: 0.0282
-------------------------------------
[Epoch : 211/500]
Total_loss	: 0.1229
Coral_loss	: 0.0000
MMD_loss	: 4.6586
cond_ent_wt	: 4.8203
Src_reg_loss	: 0.0281
-------------------------------------
[Epoch : 212/500]
Total_loss	: 0.1228
Coral_loss	: 0.0000
MMD_loss	: 4.6587
cond_ent_wt	: 4.8202
Src_reg_loss	: 0.0280
-------------------------------------
[Epoch : 213/500]
Total_loss	: 0.1228
Coral_loss	: 0.0000
MMD_loss	: 4.6588
cond_ent_wt	: 4.8201
Src_reg_loss	: 0.0280
-------------------------------------
[Epoch : 214/500]
Total_loss	: 0.1227
Coral_loss	: 0.0000
MMD_loss	: 4.6588
cond_ent_wt	: 4.8200
Src_reg_loss	: 0.0279
-------------------------------------
[Epoch : 215/500]
Total_loss	: 0.1226
Coral_loss	: 0.0000
MMD_loss	: 4.6587
cond_ent_wt	: 4.8198
Src_reg_loss	: 0.0278
-------------------------------------
[Epoch : 216/500]
Total_loss	: 0.1226
Coral_loss	: 0.0000
MMD_loss	: 4.6586
cond_ent_wt	: 4.8197
Src_reg_loss	: 0.0278
-------------------------------------
[Epoch : 217/500]
Total_loss	: 0.1225
Coral_loss	: 0.0000
MMD_loss	: 4.6584
cond_ent_wt	: 4.8196
Src_reg_loss	: 0.0277
-------------------------------------
[Epoch : 218/500]
Total_loss	: 0.1224
Coral_loss	: 0.0000
MMD_loss	: 4.6582
cond_ent_wt	: 4.8195
Src_reg_loss	: 0.0276
-------------------------------------
[Epoch : 219/500]
Total_loss	: 0.1224
Coral_loss	: 0.0000
MMD_loss	: 4.6579
cond_ent_wt	: 4.8194
Src_reg_loss	: 0.0276
-------------------------------------
[Epoch : 220/500]
Total_loss	: 0.1223
Coral_loss	: 0.0000
MMD_loss	: 4.6576
cond_ent_wt	: 4.8192
Src_reg_loss	: 0.0275
-------------------------------------
[Epoch : 221/500]
Total_loss	: 0.1222
Coral_loss	: 0.0000
MMD_loss	: 4.6573
cond_ent_wt	: 4.8191
Src_reg_loss	: 0.0274
-------------------------------------
[Epoch : 222/500]
Total_loss	: 0.1222
Coral_loss	: 0.0000
MMD_loss	: 4.6568
cond_ent_wt	: 4.8190
Src_reg_loss	: 0.0274
-------------------------------------
[Epoch : 223/500]
Total_loss	: 0.1221
Coral_loss	: 0.0000
MMD_loss	: 4.6564
cond_ent_wt	: 4.8189
Src_reg_loss	: 0.0273
-------------------------------------
[Epoch : 224/500]
Total_loss	: 0.1220
Coral_loss	: 0.0000
MMD_loss	: 4.6559
cond_ent_wt	: 4.8187
Src_reg_loss	: 0.0273
-------------------------------------
[Epoch : 225/500]
Total_loss	: 0.1220
Coral_loss	: 0.0000
MMD_loss	: 4.6553
cond_ent_wt	: 4.8186
Src_reg_loss	: 0.0272
-------------------------------------
[Epoch : 226/500]
Total_loss	: 0.1219
Coral_loss	: 0.0000
MMD_loss	: 4.6547
cond_ent_wt	: 4.8185
Src_reg_loss	: 0.0271
-------------------------------------
[Epoch : 227/500]
Total_loss	: 0.1218
Coral_loss	: 0.0000
MMD_loss	: 4.6540
cond_ent_wt	: 4.8184
Src_reg_loss	: 0.0271
-------------------------------------
[Epoch : 228/500]
Total_loss	: 0.1218
Coral_loss	: 0.0000
MMD_loss	: 4.6533
cond_ent_wt	: 4.8182
Src_reg_loss	: 0.0270
-------------------------------------
[Epoch : 229/500]
Total_loss	: 0.1217
Coral_loss	: 0.0000
MMD_loss	: 4.6526
cond_ent_wt	: 4.8181
Src_reg_loss	: 0.0270
-------------------------------------
[Epoch : 230/500]
Total_loss	: 0.1216
Coral_loss	: 0.0000
MMD_loss	: 4.6518
cond_ent_wt	: 4.8180
Src_reg_loss	: 0.0269
-------------------------------------
[Epoch : 231/500]
Total_loss	: 0.1215
Coral_loss	: 0.0000
MMD_loss	: 4.6510
cond_ent_wt	: 4.8178
Src_reg_loss	: 0.0268
-------------------------------------
[Epoch : 232/500]
Total_loss	: 0.1215
Coral_loss	: 0.0000
MMD_loss	: 4.6501
cond_ent_wt	: 4.8177
Src_reg_loss	: 0.0268
-------------------------------------
[Epoch : 233/500]
Total_loss	: 0.1214
Coral_loss	: 0.0000
MMD_loss	: 4.6492
cond_ent_wt	: 4.8176
Src_reg_loss	: 0.0267
-------------------------------------
[Epoch : 234/500]
Total_loss	: 0.1213
Coral_loss	: 0.0000
MMD_loss	: 4.6482
cond_ent_wt	: 4.8174
Src_reg_loss	: 0.0267
-------------------------------------
[Epoch : 235/500]
Total_loss	: 0.1213
Coral_loss	: 0.0000
MMD_loss	: 4.6473
cond_ent_wt	: 4.8173
Src_reg_loss	: 0.0266
-------------------------------------
[Epoch : 236/500]
Total_loss	: 0.1212
Coral_loss	: 0.0000
MMD_loss	: 4.6462
cond_ent_wt	: 4.8172
Src_reg_loss	: 0.0265
-------------------------------------
[Epoch : 237/500]
Total_loss	: 0.1211
Coral_loss	: 0.0000
MMD_loss	: 4.6452
cond_ent_wt	: 4.8170
Src_reg_loss	: 0.0265
-------------------------------------
[Epoch : 238/500]
Total_loss	: 0.1211
Coral_loss	: 0.0000
MMD_loss	: 4.6441
cond_ent_wt	: 4.8169
Src_reg_loss	: 0.0264
-------------------------------------
[Epoch : 239/500]
Total_loss	: 0.1210
Coral_loss	: 0.0000
MMD_loss	: 4.6430
cond_ent_wt	: 4.8168
Src_reg_loss	: 0.0264
-------------------------------------
[Epoch : 240/500]
Total_loss	: 0.1209
Coral_loss	: 0.0000
MMD_loss	: 4.6418
cond_ent_wt	: 4.8166
Src_reg_loss	: 0.0263
-------------------------------------
[Epoch : 241/500]
Total_loss	: 0.1209
Coral_loss	: 0.0000
MMD_loss	: 4.6406
cond_ent_wt	: 4.8165
Src_reg_loss	: 0.0263
-------------------------------------
[Epoch : 242/500]
Total_loss	: 0.1208
Coral_loss	: 0.0000
MMD_loss	: 4.6394
cond_ent_wt	: 4.8164
Src_reg_loss	: 0.0262
-------------------------------------
[Epoch : 243/500]
Total_loss	: 0.1207
Coral_loss	: 0.0000
MMD_loss	: 4.6382
cond_ent_wt	: 4.8162
Src_reg_loss	: 0.0261
-------------------------------------
[Epoch : 244/500]
Total_loss	: 0.1206
Coral_loss	: 0.0000
MMD_loss	: 4.6369
cond_ent_wt	: 4.8161
Src_reg_loss	: 0.0261
-------------------------------------
[Epoch : 245/500]
Total_loss	: 0.1206
Coral_loss	: 0.0000
MMD_loss	: 4.6356
cond_ent_wt	: 4.8159
Src_reg_loss	: 0.0260
-------------------------------------
[Epoch : 246/500]
Total_loss	: 0.1205
Coral_loss	: 0.0000
MMD_loss	: 4.6343
cond_ent_wt	: 4.8158
Src_reg_loss	: 0.0260
-------------------------------------
[Epoch : 247/500]
Total_loss	: 0.1204
Coral_loss	: 0.0000
MMD_loss	: 4.6330
cond_ent_wt	: 4.8157
Src_reg_loss	: 0.0259
-------------------------------------
[Epoch : 248/500]
Total_loss	: 0.1204
Coral_loss	: 0.0000
MMD_loss	: 4.6316
cond_ent_wt	: 4.8155
Src_reg_loss	: 0.0259
-------------------------------------
[Epoch : 249/500]
Total_loss	: 0.1203
Coral_loss	: 0.0000
MMD_loss	: 4.6302
cond_ent_wt	: 4.8154
Src_reg_loss	: 0.0258
-------------------------------------
[Epoch : 250/500]
Total_loss	: 0.1202
Coral_loss	: 0.0000
MMD_loss	: 4.6288
cond_ent_wt	: 4.8152
Src_reg_loss	: 0.0258
-------------------------------------
[Epoch : 251/500]
Total_loss	: 0.1202
Coral_loss	: 0.0000
MMD_loss	: 4.6273
cond_ent_wt	: 4.8151
Src_reg_loss	: 0.0257
-------------------------------------
[Epoch : 252/500]
Total_loss	: 0.1201
Coral_loss	: 0.0000
MMD_loss	: 4.6259
cond_ent_wt	: 4.8149
Src_reg_loss	: 0.0257
-------------------------------------
[Epoch : 253/500]
Total_loss	: 0.1200
Coral_loss	: 0.0000
MMD_loss	: 4.6244
cond_ent_wt	: 4.8148
Src_reg_loss	: 0.0256
-------------------------------------
[Epoch : 254/500]
Total_loss	: 0.1200
Coral_loss	: 0.0000
MMD_loss	: 4.6229
cond_ent_wt	: 4.8146
Src_reg_loss	: 0.0256
-------------------------------------
[Epoch : 255/500]
Total_loss	: 0.1199
Coral_loss	: 0.0000
MMD_loss	: 4.6214
cond_ent_wt	: 4.8145
Src_reg_loss	: 0.0255
-------------------------------------
[Epoch : 256/500]
Total_loss	: 0.1198
Coral_loss	: 0.0000
MMD_loss	: 4.6199
cond_ent_wt	: 4.8143
Src_reg_loss	: 0.0255
-------------------------------------
[Epoch : 257/500]
Total_loss	: 0.1198
Coral_loss	: 0.0000
MMD_loss	: 4.6184
cond_ent_wt	: 4.8142
Src_reg_loss	: 0.0254
-------------------------------------
[Epoch : 258/500]
Total_loss	: 0.1197
Coral_loss	: 0.0000
MMD_loss	: 4.6168
cond_ent_wt	: 4.8140
Src_reg_loss	: 0.0254
-------------------------------------
[Epoch : 259/500]
Total_loss	: 0.1196
Coral_loss	: 0.0000
MMD_loss	: 4.6152
cond_ent_wt	: 4.8139
Src_reg_loss	: 0.0253
-------------------------------------
[Epoch : 260/500]
Total_loss	: 0.1196
Coral_loss	: 0.0000
MMD_loss	: 4.6137
cond_ent_wt	: 4.8137
Src_reg_loss	: 0.0253
-------------------------------------
[Epoch : 261/500]
Total_loss	: 0.1195
Coral_loss	: 0.0000
MMD_loss	: 4.6121
cond_ent_wt	: 4.8136
Src_reg_loss	: 0.0252
-------------------------------------
[Epoch : 262/500]
Total_loss	: 0.1194
Coral_loss	: 0.0000
MMD_loss	: 4.6105
cond_ent_wt	: 4.8134
Src_reg_loss	: 0.0252
-------------------------------------
[Epoch : 263/500]
Total_loss	: 0.1193
Coral_loss	: 0.0000
MMD_loss	: 4.6088
cond_ent_wt	: 4.8132
Src_reg_loss	: 0.0251
-------------------------------------
[Epoch : 264/500]
Total_loss	: 0.1193
Coral_loss	: 0.0000
MMD_loss	: 4.6072
cond_ent_wt	: 4.8131
Src_reg_loss	: 0.0251
-------------------------------------
[Epoch : 265/500]
Total_loss	: 0.1192
Coral_loss	: 0.0000
MMD_loss	: 4.6056
cond_ent_wt	: 4.8129
Src_reg_loss	: 0.0250
-------------------------------------
[Epoch : 266/500]
Total_loss	: 0.1192
Coral_loss	: 0.0000
MMD_loss	: 4.6039
cond_ent_wt	: 4.8128
Src_reg_loss	: 0.0250
-------------------------------------
[Epoch : 267/500]
Total_loss	: 0.1191
Coral_loss	: 0.0000
MMD_loss	: 4.6023
cond_ent_wt	: 4.8126
Src_reg_loss	: 0.0249
-------------------------------------
[Epoch : 268/500]
Total_loss	: 0.1190
Coral_loss	: 0.0000
MMD_loss	: 4.6006
cond_ent_wt	: 4.8124
Src_reg_loss	: 0.0249
-------------------------------------
[Epoch : 269/500]
Total_loss	: 0.1190
Coral_loss	: 0.0000
MMD_loss	: 4.5990
cond_ent_wt	: 4.8123
Src_reg_loss	: 0.0248
-------------------------------------
[Epoch : 270/500]
Total_loss	: 0.1189
Coral_loss	: 0.0000
MMD_loss	: 4.5973
cond_ent_wt	: 4.8121
Src_reg_loss	: 0.0248
-------------------------------------
[Epoch : 271/500]
Total_loss	: 0.1188
Coral_loss	: 0.0000
MMD_loss	: 4.5956
cond_ent_wt	: 4.8119
Src_reg_loss	: 0.0247
-------------------------------------
[Epoch : 272/500]
Total_loss	: 0.1188
Coral_loss	: 0.0000
MMD_loss	: 4.5939
cond_ent_wt	: 4.8118
Src_reg_loss	: 0.0247
-------------------------------------
[Epoch : 273/500]
Total_loss	: 0.1187
Coral_loss	: 0.0000
MMD_loss	: 4.5923
cond_ent_wt	: 4.8116
Src_reg_loss	: 0.0246
-------------------------------------
[Epoch : 274/500]
Total_loss	: 0.1186
Coral_loss	: 0.0000
MMD_loss	: 4.5906
cond_ent_wt	: 4.8114
Src_reg_loss	: 0.0246
-------------------------------------
[Epoch : 275/500]
Total_loss	: 0.1186
Coral_loss	: 0.0000
MMD_loss	: 4.5889
cond_ent_wt	: 4.8113
Src_reg_loss	: 0.0245
-------------------------------------
[Epoch : 276/500]
Total_loss	: 0.1185
Coral_loss	: 0.0000
MMD_loss	: 4.5872
cond_ent_wt	: 4.8111
Src_reg_loss	: 0.0245
-------------------------------------
[Epoch : 277/500]
Total_loss	: 0.1184
Coral_loss	: 0.0000
MMD_loss	: 4.5855
cond_ent_wt	: 4.8109
Src_reg_loss	: 0.0244
-------------------------------------
[Epoch : 278/500]
Total_loss	: 0.1184
Coral_loss	: 0.0000
MMD_loss	: 4.5838
cond_ent_wt	: 4.8107
Src_reg_loss	: 0.0244
-------------------------------------
[Epoch : 279/500]
Total_loss	: 0.1183
Coral_loss	: 0.0000
MMD_loss	: 4.5821
cond_ent_wt	: 4.8105
Src_reg_loss	: 0.0244
-------------------------------------
[Epoch : 280/500]
Total_loss	: 0.1182
Coral_loss	: 0.0000
MMD_loss	: 4.5804
cond_ent_wt	: 4.8104
Src_reg_loss	: 0.0243
-------------------------------------
[Epoch : 281/500]
Total_loss	: 0.1182
Coral_loss	: 0.0000
MMD_loss	: 4.5788
cond_ent_wt	: 4.8102
Src_reg_loss	: 0.0243
-------------------------------------
[Epoch : 282/500]
Total_loss	: 0.1181
Coral_loss	: 0.0000
MMD_loss	: 4.5771
cond_ent_wt	: 4.8100
Src_reg_loss	: 0.0242
-------------------------------------
[Epoch : 283/500]
Total_loss	: 0.1181
Coral_loss	: 0.0000
MMD_loss	: 4.5754
cond_ent_wt	: 4.8098
Src_reg_loss	: 0.0242
-------------------------------------
[Epoch : 284/500]
Total_loss	: 0.1180
Coral_loss	: 0.0000
MMD_loss	: 4.5737
cond_ent_wt	: 4.8096
Src_reg_loss	: 0.0241
-------------------------------------
[Epoch : 285/500]
Total_loss	: 0.1179
Coral_loss	: 0.0000
MMD_loss	: 4.5720
cond_ent_wt	: 4.8095
Src_reg_loss	: 0.0241
-------------------------------------
[Epoch : 286/500]
Total_loss	: 0.1179
Coral_loss	: 0.0000
MMD_loss	: 4.5703
cond_ent_wt	: 4.8093
Src_reg_loss	: 0.0240
-------------------------------------
[Epoch : 287/500]
Total_loss	: 0.1178
Coral_loss	: 0.0000
MMD_loss	: 4.5686
cond_ent_wt	: 4.8091
Src_reg_loss	: 0.0240
-------------------------------------
[Epoch : 288/500]
Total_loss	: 0.1178
Coral_loss	: 0.0000
MMD_loss	: 4.5670
cond_ent_wt	: 4.8089
Src_reg_loss	: 0.0240
-------------------------------------
[Epoch : 289/500]
Total_loss	: 0.1177
Coral_loss	: 0.0000
MMD_loss	: 4.5653
cond_ent_wt	: 4.8087
Src_reg_loss	: 0.0239
-------------------------------------
[Epoch : 290/500]
Total_loss	: 0.1176
Coral_loss	: 0.0000
MMD_loss	: 4.5636
cond_ent_wt	: 4.8085
Src_reg_loss	: 0.0239
-------------------------------------
[Epoch : 291/500]
Total_loss	: 0.1176
Coral_loss	: 0.0000
MMD_loss	: 4.5619
cond_ent_wt	: 4.8083
Src_reg_loss	: 0.0238
-------------------------------------
[Epoch : 292/500]
Total_loss	: 0.1175
Coral_loss	: 0.0000
MMD_loss	: 4.5603
cond_ent_wt	: 4.8081
Src_reg_loss	: 0.0238
-------------------------------------
[Epoch : 293/500]
Total_loss	: 0.1174
Coral_loss	: 0.0000
MMD_loss	: 4.5586
cond_ent_wt	: 4.8079
Src_reg_loss	: 0.0238
-------------------------------------
[Epoch : 294/500]
Total_loss	: 0.1174
Coral_loss	: 0.0000
MMD_loss	: 4.5570
cond_ent_wt	: 4.8077
Src_reg_loss	: 0.0237
-------------------------------------
[Epoch : 295/500]
Total_loss	: 0.1173
Coral_loss	: 0.0000
MMD_loss	: 4.5553
cond_ent_wt	: 4.8075
Src_reg_loss	: 0.0237
-------------------------------------
[Epoch : 296/500]
Total_loss	: 0.1173
Coral_loss	: 0.0000
MMD_loss	: 4.5537
cond_ent_wt	: 4.8073
Src_reg_loss	: 0.0236
-------------------------------------
[Epoch : 297/500]
Total_loss	: 0.1172
Coral_loss	: 0.0000
MMD_loss	: 4.5520
cond_ent_wt	: 4.8071
Src_reg_loss	: 0.0236
-------------------------------------
[Epoch : 298/500]
Total_loss	: 0.1172
Coral_loss	: 0.0000
MMD_loss	: 4.5504
cond_ent_wt	: 4.8069
Src_reg_loss	: 0.0236
-------------------------------------
[Epoch : 299/500]
Total_loss	: 0.1171
Coral_loss	: 0.0000
MMD_loss	: 4.5487
cond_ent_wt	: 4.8067
Src_reg_loss	: 0.0235
-------------------------------------
[Epoch : 300/500]
Total_loss	: 0.1170
Coral_loss	: 0.0000
MMD_loss	: 4.5471
cond_ent_wt	: 4.8065
Src_reg_loss	: 0.0235
-------------------------------------
[Epoch : 301/500]
Total_loss	: 0.1170
Coral_loss	: 0.0000
MMD_loss	: 4.5455
cond_ent_wt	: 4.8063
Src_reg_loss	: 0.0234
-------------------------------------
[Epoch : 302/500]
Total_loss	: 0.1169
Coral_loss	: 0.0000
MMD_loss	: 4.5439
cond_ent_wt	: 4.8061
Src_reg_loss	: 0.0234
-------------------------------------
[Epoch : 303/500]
Total_loss	: 0.1169
Coral_loss	: 0.0000
MMD_loss	: 4.5423
cond_ent_wt	: 4.8059
Src_reg_loss	: 0.0234
-------------------------------------
[Epoch : 304/500]
Total_loss	: 0.1168
Coral_loss	: 0.0000
MMD_loss	: 4.5407
cond_ent_wt	: 4.8057
Src_reg_loss	: 0.0233
-------------------------------------
[Epoch : 305/500]
Total_loss	: 0.1168
Coral_loss	: 0.0000
MMD_loss	: 4.5390
cond_ent_wt	: 4.8055
Src_reg_loss	: 0.0233
-------------------------------------
[Epoch : 306/500]
Total_loss	: 0.1167
Coral_loss	: 0.0000
MMD_loss	: 4.5375
cond_ent_wt	: 4.8053
Src_reg_loss	: 0.0232
-------------------------------------
[Epoch : 307/500]
Total_loss	: 0.1166
Coral_loss	: 0.0000
MMD_loss	: 4.5359
cond_ent_wt	: 4.8050
Src_reg_loss	: 0.0232
-------------------------------------
[Epoch : 308/500]
Total_loss	: 0.1166
Coral_loss	: 0.0000
MMD_loss	: 4.5343
cond_ent_wt	: 4.8048
Src_reg_loss	: 0.0232
-------------------------------------
[Epoch : 309/500]
Total_loss	: 0.1165
Coral_loss	: 0.0000
MMD_loss	: 4.5327
cond_ent_wt	: 4.8046
Src_reg_loss	: 0.0231
-------------------------------------
[Epoch : 310/500]
Total_loss	: 0.1165
Coral_loss	: 0.0000
MMD_loss	: 4.5311
cond_ent_wt	: 4.8044
Src_reg_loss	: 0.0231
-------------------------------------
[Epoch : 311/500]
Total_loss	: 0.1164
Coral_loss	: 0.0000
MMD_loss	: 4.5296
cond_ent_wt	: 4.8042
Src_reg_loss	: 0.0230
-------------------------------------
[Epoch : 312/500]
Total_loss	: 0.1164
Coral_loss	: 0.0000
MMD_loss	: 4.5280
cond_ent_wt	: 4.8039
Src_reg_loss	: 0.0230
-------------------------------------
[Epoch : 313/500]
Total_loss	: 0.1163
Coral_loss	: 0.0000
MMD_loss	: 4.5264
cond_ent_wt	: 4.8037
Src_reg_loss	: 0.0230
-------------------------------------
[Epoch : 314/500]
Total_loss	: 0.1163
Coral_loss	: 0.0000
MMD_loss	: 4.5249
cond_ent_wt	: 4.8035
Src_reg_loss	: 0.0229
-------------------------------------
[Epoch : 315/500]
Total_loss	: 0.1162
Coral_loss	: 0.0000
MMD_loss	: 4.5234
cond_ent_wt	: 4.8033
Src_reg_loss	: 0.0229
-------------------------------------
[Epoch : 316/500]
Total_loss	: 0.1161
Coral_loss	: 0.0000
MMD_loss	: 4.5218
cond_ent_wt	: 4.8030
Src_reg_loss	: 0.0229
-------------------------------------
[Epoch : 317/500]
Total_loss	: 0.1161
Coral_loss	: 0.0000
MMD_loss	: 4.5203
cond_ent_wt	: 4.8028
Src_reg_loss	: 0.0228
-------------------------------------
[Epoch : 318/500]
Total_loss	: 0.1160
Coral_loss	: 0.0000
MMD_loss	: 4.5187
cond_ent_wt	: 4.8026
Src_reg_loss	: 0.0228
-------------------------------------
[Epoch : 319/500]
Total_loss	: 0.1160
Coral_loss	: 0.0000
MMD_loss	: 4.5172
cond_ent_wt	: 4.8024
Src_reg_loss	: 0.0228
-------------------------------------
[Epoch : 320/500]
Total_loss	: 0.1159
Coral_loss	: 0.0000
MMD_loss	: 4.5157
cond_ent_wt	: 4.8021
Src_reg_loss	: 0.0227
-------------------------------------
[Epoch : 321/500]
Total_loss	: 0.1159
Coral_loss	: 0.0000
MMD_loss	: 4.5142
cond_ent_wt	: 4.8019
Src_reg_loss	: 0.0227
-------------------------------------
[Epoch : 322/500]
Total_loss	: 0.1158
Coral_loss	: 0.0000
MMD_loss	: 4.5127
cond_ent_wt	: 4.8016
Src_reg_loss	: 0.0227
-------------------------------------
[Epoch : 323/500]
Total_loss	: 0.1158
Coral_loss	: 0.0000
MMD_loss	: 4.5111
cond_ent_wt	: 4.8014
Src_reg_loss	: 0.0226
-------------------------------------
[Epoch : 324/500]
Total_loss	: 0.1157
Coral_loss	: 0.0000
MMD_loss	: 4.5096
cond_ent_wt	: 4.8012
Src_reg_loss	: 0.0226
-------------------------------------
[Epoch : 325/500]
Total_loss	: 0.1157
Coral_loss	: 0.0000
MMD_loss	: 4.5081
cond_ent_wt	: 4.8009
Src_reg_loss	: 0.0225
-------------------------------------
[Epoch : 326/500]
Total_loss	: 0.1156
Coral_loss	: 0.0000
MMD_loss	: 4.5066
cond_ent_wt	: 4.8007
Src_reg_loss	: 0.0225
-------------------------------------
[Epoch : 327/500]
Total_loss	: 0.1156
Coral_loss	: 0.0000
MMD_loss	: 4.5051
cond_ent_wt	: 4.8004
Src_reg_loss	: 0.0225
-------------------------------------
[Epoch : 328/500]
Total_loss	: 0.1155
Coral_loss	: 0.0000
MMD_loss	: 4.5037
cond_ent_wt	: 4.8002
Src_reg_loss	: 0.0224
-------------------------------------
[Epoch : 329/500]
Total_loss	: 0.1155
Coral_loss	: 0.0000
MMD_loss	: 4.5022
cond_ent_wt	: 4.8000
Src_reg_loss	: 0.0224
-------------------------------------
[Epoch : 330/500]
Total_loss	: 0.1154
Coral_loss	: 0.0000
MMD_loss	: 4.5007
cond_ent_wt	: 4.7997
Src_reg_loss	: 0.0224
-------------------------------------
[Epoch : 331/500]
Total_loss	: 0.1154
Coral_loss	: 0.0000
MMD_loss	: 4.4992
cond_ent_wt	: 4.7995
Src_reg_loss	: 0.0223
-------------------------------------
[Epoch : 332/500]
Total_loss	: 0.1153
Coral_loss	: 0.0000
MMD_loss	: 4.4977
cond_ent_wt	: 4.7992
Src_reg_loss	: 0.0223
-------------------------------------
[Epoch : 333/500]
Total_loss	: 0.1153
Coral_loss	: 0.0000
MMD_loss	: 4.4963
cond_ent_wt	: 4.7990
Src_reg_loss	: 0.0223
-------------------------------------
[Epoch : 334/500]
Total_loss	: 0.1152
Coral_loss	: 0.0000
MMD_loss	: 4.4948
cond_ent_wt	: 4.7987
Src_reg_loss	: 0.0222
-------------------------------------
[Epoch : 335/500]
Total_loss	: 0.1152
Coral_loss	: 0.0000
MMD_loss	: 4.4933
cond_ent_wt	: 4.7985
Src_reg_loss	: 0.0222
-------------------------------------
[Epoch : 336/500]
Total_loss	: 0.1151
Coral_loss	: 0.0000
MMD_loss	: 4.4919
cond_ent_wt	: 4.7982
Src_reg_loss	: 0.0222
-------------------------------------
[Epoch : 337/500]
Total_loss	: 0.1151
Coral_loss	: 0.0000
MMD_loss	: 4.4904
cond_ent_wt	: 4.7980
Src_reg_loss	: 0.0221
-------------------------------------
[Epoch : 338/500]
Total_loss	: 0.1150
Coral_loss	: 0.0000
MMD_loss	: 4.4889
cond_ent_wt	: 4.7977
Src_reg_loss	: 0.0221
-------------------------------------
[Epoch : 339/500]
Total_loss	: 0.1150
Coral_loss	: 0.0000
MMD_loss	: 4.4875
cond_ent_wt	: 4.7974
Src_reg_loss	: 0.0221
-------------------------------------
[Epoch : 340/500]
Total_loss	: 0.1149
Coral_loss	: 0.0000
MMD_loss	: 4.4860
cond_ent_wt	: 4.7972
Src_reg_loss	: 0.0220
-------------------------------------
[Epoch : 341/500]
Total_loss	: 0.1149
Coral_loss	: 0.0000
MMD_loss	: 4.4846
cond_ent_wt	: 4.7969
Src_reg_loss	: 0.0220
-------------------------------------
[Epoch : 342/500]
Total_loss	: 0.1148
Coral_loss	: 0.0000
MMD_loss	: 4.4831
cond_ent_wt	: 4.7967
Src_reg_loss	: 0.0220
-------------------------------------
[Epoch : 343/500]
Total_loss	: 0.1148
Coral_loss	: 0.0000
MMD_loss	: 4.4816
cond_ent_wt	: 4.7964
Src_reg_loss	: 0.0219
-------------------------------------
[Epoch : 344/500]
Total_loss	: 0.1147
Coral_loss	: 0.0000
MMD_loss	: 4.4802
cond_ent_wt	: 4.7961
Src_reg_loss	: 0.0219
-------------------------------------
[Epoch : 345/500]
Total_loss	: 0.1147
Coral_loss	: 0.0000
MMD_loss	: 4.4787
cond_ent_wt	: 4.7959
Src_reg_loss	: 0.0219
-------------------------------------
[Epoch : 346/500]
Total_loss	: 0.1146
Coral_loss	: 0.0000
MMD_loss	: 4.4773
cond_ent_wt	: 4.7956
Src_reg_loss	: 0.0219
-------------------------------------
[Epoch : 347/500]
Total_loss	: 0.1146
Coral_loss	: 0.0000
MMD_loss	: 4.4758
cond_ent_wt	: 4.7953
Src_reg_loss	: 0.0218
-------------------------------------
[Epoch : 348/500]
Total_loss	: 0.1145
Coral_loss	: 0.0000
MMD_loss	: 4.4744
cond_ent_wt	: 4.7951
Src_reg_loss	: 0.0218
-------------------------------------
[Epoch : 349/500]
Total_loss	: 0.1145
Coral_loss	: 0.0000
MMD_loss	: 4.4729
cond_ent_wt	: 4.7948
Src_reg_loss	: 0.0218
-------------------------------------
[Epoch : 350/500]
Total_loss	: 0.1144
Coral_loss	: 0.0000
MMD_loss	: 4.4715
cond_ent_wt	: 4.7945
Src_reg_loss	: 0.0217
-------------------------------------
[Epoch : 351/500]
Total_loss	: 0.1144
Coral_loss	: 0.0000
MMD_loss	: 4.4701
cond_ent_wt	: 4.7943
Src_reg_loss	: 0.0217
-------------------------------------
[Epoch : 352/500]
Total_loss	: 0.1143
Coral_loss	: 0.0000
MMD_loss	: 4.4686
cond_ent_wt	: 4.7940
Src_reg_loss	: 0.0217
-------------------------------------
[Epoch : 353/500]
Total_loss	: 0.1143
Coral_loss	: 0.0000
MMD_loss	: 4.4672
cond_ent_wt	: 4.7937
Src_reg_loss	: 0.0216
-------------------------------------
[Epoch : 354/500]
Total_loss	: 0.1142
Coral_loss	: 0.0000
MMD_loss	: 4.4657
cond_ent_wt	: 4.7935
Src_reg_loss	: 0.0216
-------------------------------------
[Epoch : 355/500]
Total_loss	: 0.1142
Coral_loss	: 0.0000
MMD_loss	: 4.4643
cond_ent_wt	: 4.7932
Src_reg_loss	: 0.0216
-------------------------------------
[Epoch : 356/500]
Total_loss	: 0.1141
Coral_loss	: 0.0000
MMD_loss	: 4.4629
cond_ent_wt	: 4.7929
Src_reg_loss	: 0.0215
-------------------------------------
[Epoch : 357/500]
Total_loss	: 0.1141
Coral_loss	: 0.0000
MMD_loss	: 4.4614
cond_ent_wt	: 4.7926
Src_reg_loss	: 0.0215
-------------------------------------
[Epoch : 358/500]
Total_loss	: 0.1140
Coral_loss	: 0.0000
MMD_loss	: 4.4600
cond_ent_wt	: 4.7924
Src_reg_loss	: 0.0215
-------------------------------------
[Epoch : 359/500]
Total_loss	: 0.1140
Coral_loss	: 0.0000
MMD_loss	: 4.4586
cond_ent_wt	: 4.7921
Src_reg_loss	: 0.0215
-------------------------------------
[Epoch : 360/500]
Total_loss	: 0.1140
Coral_loss	: 0.0000
MMD_loss	: 4.4572
cond_ent_wt	: 4.7918
Src_reg_loss	: 0.0214
-------------------------------------
[Epoch : 361/500]
Total_loss	: 0.1139
Coral_loss	: 0.0000
MMD_loss	: 4.4557
cond_ent_wt	: 4.7915
Src_reg_loss	: 0.0214
-------------------------------------
[Epoch : 362/500]
Total_loss	: 0.1139
Coral_loss	: 0.0000
MMD_loss	: 4.4543
cond_ent_wt	: 4.7913
Src_reg_loss	: 0.0214
-------------------------------------
[Epoch : 363/500]
Total_loss	: 0.1138
Coral_loss	: 0.0000
MMD_loss	: 4.4529
cond_ent_wt	: 4.7910
Src_reg_loss	: 0.0213
-------------------------------------
[Epoch : 364/500]
Total_loss	: 0.1138
Coral_loss	: 0.0000
MMD_loss	: 4.4515
cond_ent_wt	: 4.7907
Src_reg_loss	: 0.0213
-------------------------------------
[Epoch : 365/500]
Total_loss	: 0.1137
Coral_loss	: 0.0000
MMD_loss	: 4.4500
cond_ent_wt	: 4.7904
Src_reg_loss	: 0.0213
-------------------------------------
[Epoch : 366/500]
Total_loss	: 0.1137
Coral_loss	: 0.0000
MMD_loss	: 4.4486
cond_ent_wt	: 4.7902
Src_reg_loss	: 0.0213
-------------------------------------
[Epoch : 367/500]
Total_loss	: 0.1136
Coral_loss	: 0.0000
MMD_loss	: 4.4472
cond_ent_wt	: 4.7899
Src_reg_loss	: 0.0212
-------------------------------------
[Epoch : 368/500]
Total_loss	: 0.1136
Coral_loss	: 0.0000
MMD_loss	: 4.4458
cond_ent_wt	: 4.7896
Src_reg_loss	: 0.0212
-------------------------------------
[Epoch : 369/500]
Total_loss	: 0.1135
Coral_loss	: 0.0000
MMD_loss	: 4.4443
cond_ent_wt	: 4.7893
Src_reg_loss	: 0.0212
-------------------------------------
[Epoch : 370/500]
Total_loss	: 0.1135
Coral_loss	: 0.0000
MMD_loss	: 4.4429
cond_ent_wt	: 4.7890
Src_reg_loss	: 0.0211
-------------------------------------
[Epoch : 371/500]
Total_loss	: 0.1135
Coral_loss	: 0.0000
MMD_loss	: 4.4415
cond_ent_wt	: 4.7887
Src_reg_loss	: 0.0211
-------------------------------------
[Epoch : 372/500]
Total_loss	: 0.1134
Coral_loss	: 0.0000
MMD_loss	: 4.4401
cond_ent_wt	: 4.7885
Src_reg_loss	: 0.0211
-------------------------------------
[Epoch : 373/500]
Total_loss	: 0.1134
Coral_loss	: 0.0000
MMD_loss	: 4.4387
cond_ent_wt	: 4.7882
Src_reg_loss	: 0.0211
-------------------------------------
[Epoch : 374/500]
Total_loss	: 0.1133
Coral_loss	: 0.0000
MMD_loss	: 4.4373
cond_ent_wt	: 4.7879
Src_reg_loss	: 0.0210
-------------------------------------
[Epoch : 375/500]
Total_loss	: 0.1133
Coral_loss	: 0.0000
MMD_loss	: 4.4359
cond_ent_wt	: 4.7876
Src_reg_loss	: 0.0210
-------------------------------------
[Epoch : 376/500]
Total_loss	: 0.1132
Coral_loss	: 0.0000
MMD_loss	: 4.4344
cond_ent_wt	: 4.7873
Src_reg_loss	: 0.0210
-------------------------------------
[Epoch : 377/500]
Total_loss	: 0.1132
Coral_loss	: 0.0000
MMD_loss	: 4.4330
cond_ent_wt	: 4.7870
Src_reg_loss	: 0.0210
-------------------------------------
[Epoch : 378/500]
Total_loss	: 0.1131
Coral_loss	: 0.0000
MMD_loss	: 4.4316
cond_ent_wt	: 4.7867
Src_reg_loss	: 0.0209
-------------------------------------
[Epoch : 379/500]
Total_loss	: 0.1131
Coral_loss	: 0.0000
MMD_loss	: 4.4302
cond_ent_wt	: 4.7865
Src_reg_loss	: 0.0209
-------------------------------------
[Epoch : 380/500]
Total_loss	: 0.1131
Coral_loss	: 0.0000
MMD_loss	: 4.4288
cond_ent_wt	: 4.7862
Src_reg_loss	: 0.0209
-------------------------------------
[Epoch : 381/500]
Total_loss	: 0.1130
Coral_loss	: 0.0000
MMD_loss	: 4.4274
cond_ent_wt	: 4.7859
Src_reg_loss	: 0.0208
-------------------------------------
[Epoch : 382/500]
Total_loss	: 0.1130
Coral_loss	: 0.0000
MMD_loss	: 4.4260
cond_ent_wt	: 4.7856
Src_reg_loss	: 0.0208
-------------------------------------
[Epoch : 383/500]
Total_loss	: 0.1129
Coral_loss	: 0.0000
MMD_loss	: 4.4246
cond_ent_wt	: 4.7853
Src_reg_loss	: 0.0208
-------------------------------------
[Epoch : 384/500]
Total_loss	: 0.1129
Coral_loss	: 0.0000
MMD_loss	: 4.4232
cond_ent_wt	: 4.7850
Src_reg_loss	: 0.0208
-------------------------------------
[Epoch : 385/500]
Total_loss	: 0.1128
Coral_loss	: 0.0000
MMD_loss	: 4.4218
cond_ent_wt	: 4.7847
Src_reg_loss	: 0.0207
-------------------------------------
[Epoch : 386/500]
Total_loss	: 0.1128
Coral_loss	: 0.0000
MMD_loss	: 4.4204
cond_ent_wt	: 4.7844
Src_reg_loss	: 0.0207
-------------------------------------
[Epoch : 387/500]
Total_loss	: 0.1128
Coral_loss	: 0.0000
MMD_loss	: 4.4190
cond_ent_wt	: 4.7842
Src_reg_loss	: 0.0207
-------------------------------------
[Epoch : 388/500]
Total_loss	: 0.1127
Coral_loss	: 0.0000
MMD_loss	: 4.4176
cond_ent_wt	: 4.7839
Src_reg_loss	: 0.0207
-------------------------------------
[Epoch : 389/500]
Total_loss	: 0.1127
Coral_loss	: 0.0000
MMD_loss	: 4.4162
cond_ent_wt	: 4.7836
Src_reg_loss	: 0.0206
-------------------------------------
[Epoch : 390/500]
Total_loss	: 0.1126
Coral_loss	: 0.0000
MMD_loss	: 4.4148
cond_ent_wt	: 4.7833
Src_reg_loss	: 0.0206
-------------------------------------
[Epoch : 391/500]
Total_loss	: 0.1126
Coral_loss	: 0.0000
MMD_loss	: 4.4134
cond_ent_wt	: 4.7830
Src_reg_loss	: 0.0206
-------------------------------------
[Epoch : 392/500]
Total_loss	: 0.1125
Coral_loss	: 0.0000
MMD_loss	: 4.4120
cond_ent_wt	: 4.7827
Src_reg_loss	: 0.0206
-------------------------------------
[Epoch : 393/500]
Total_loss	: 0.1125
Coral_loss	: 0.0000
MMD_loss	: 4.4106
cond_ent_wt	: 4.7824
Src_reg_loss	: 0.0205
-------------------------------------
[Epoch : 394/500]
Total_loss	: 0.1125
Coral_loss	: 0.0000
MMD_loss	: 4.4093
cond_ent_wt	: 4.7821
Src_reg_loss	: 0.0205
-------------------------------------
[Epoch : 395/500]
Total_loss	: 0.1124
Coral_loss	: 0.0000
MMD_loss	: 4.4079
cond_ent_wt	: 4.7818
Src_reg_loss	: 0.0205
-------------------------------------
[Epoch : 396/500]
Total_loss	: 0.1124
Coral_loss	: 0.0000
MMD_loss	: 4.4065
cond_ent_wt	: 4.7815
Src_reg_loss	: 0.0205
-------------------------------------
[Epoch : 397/500]
Total_loss	: 0.1123
Coral_loss	: 0.0000
MMD_loss	: 4.4051
cond_ent_wt	: 4.7812
Src_reg_loss	: 0.0204
-------------------------------------
[Epoch : 398/500]
Total_loss	: 0.1123
Coral_loss	: 0.0000
MMD_loss	: 4.4038
cond_ent_wt	: 4.7810
Src_reg_loss	: 0.0204
-------------------------------------
[Epoch : 399/500]
Total_loss	: 0.1122
Coral_loss	: 0.0000
MMD_loss	: 4.4024
cond_ent_wt	: 4.7807
Src_reg_loss	: 0.0204
-------------------------------------
[Epoch : 400/500]
Total_loss	: 0.1122
Coral_loss	: 0.0000
MMD_loss	: 4.4010
cond_ent_wt	: 4.7804
Src_reg_loss	: 0.0204
-------------------------------------
[Epoch : 401/500]
Total_loss	: 0.1122
Coral_loss	: 0.0000
MMD_loss	: 4.3996
cond_ent_wt	: 4.7801
Src_reg_loss	: 0.0203
-------------------------------------
[Epoch : 402/500]
Total_loss	: 0.1121
Coral_loss	: 0.0000
MMD_loss	: 4.3983
cond_ent_wt	: 4.7798
Src_reg_loss	: 0.0203
-------------------------------------
[Epoch : 403/500]
Total_loss	: 0.1121
Coral_loss	: 0.0000
MMD_loss	: 4.3969
cond_ent_wt	: 4.7795
Src_reg_loss	: 0.0203
-------------------------------------
[Epoch : 404/500]
Total_loss	: 0.1120
Coral_loss	: 0.0000
MMD_loss	: 4.3956
cond_ent_wt	: 4.7792
Src_reg_loss	: 0.0203
-------------------------------------
[Epoch : 405/500]
Total_loss	: 0.1120
Coral_loss	: 0.0000
MMD_loss	: 4.3942
cond_ent_wt	: 4.7789
Src_reg_loss	: 0.0202
-------------------------------------
[Epoch : 406/500]
Total_loss	: 0.1120
Coral_loss	: 0.0000
MMD_loss	: 4.3928
cond_ent_wt	: 4.7786
Src_reg_loss	: 0.0202
-------------------------------------
[Epoch : 407/500]
Total_loss	: 0.1119
Coral_loss	: 0.0000
MMD_loss	: 4.3915
cond_ent_wt	: 4.7783
Src_reg_loss	: 0.0202
-------------------------------------
[Epoch : 408/500]
Total_loss	: 0.1119
Coral_loss	: 0.0000
MMD_loss	: 4.3901
cond_ent_wt	: 4.7780
Src_reg_loss	: 0.0202
-------------------------------------
[Epoch : 409/500]
Total_loss	: 0.1118
Coral_loss	: 0.0000
MMD_loss	: 4.3888
cond_ent_wt	: 4.7777
Src_reg_loss	: 0.0201
-------------------------------------
[Epoch : 410/500]
Total_loss	: 0.1118
Coral_loss	: 0.0000
MMD_loss	: 4.3874
cond_ent_wt	: 4.7774
Src_reg_loss	: 0.0201
-------------------------------------
[Epoch : 411/500]
Total_loss	: 0.1118
Coral_loss	: 0.0000
MMD_loss	: 4.3861
cond_ent_wt	: 4.7771
Src_reg_loss	: 0.0201
-------------------------------------
[Epoch : 412/500]
Total_loss	: 0.1117
Coral_loss	: 0.0000
MMD_loss	: 4.3848
cond_ent_wt	: 4.7768
Src_reg_loss	: 0.0201
-------------------------------------
[Epoch : 413/500]
Total_loss	: 0.1117
Coral_loss	: 0.0000
MMD_loss	: 4.3834
cond_ent_wt	: 4.7765
Src_reg_loss	: 0.0201
-------------------------------------
[Epoch : 414/500]
Total_loss	: 0.1116
Coral_loss	: 0.0000
MMD_loss	: 4.3821
cond_ent_wt	: 4.7763
Src_reg_loss	: 0.0200
-------------------------------------
[Epoch : 415/500]
Total_loss	: 0.1116
Coral_loss	: 0.0000
MMD_loss	: 4.3808
cond_ent_wt	: 4.7760
Src_reg_loss	: 0.0200
-------------------------------------
[Epoch : 416/500]
Total_loss	: 0.1116
Coral_loss	: 0.0000
MMD_loss	: 4.3794
cond_ent_wt	: 4.7757
Src_reg_loss	: 0.0200
-------------------------------------
[Epoch : 417/500]
Total_loss	: 0.1115
Coral_loss	: 0.0000
MMD_loss	: 4.3781
cond_ent_wt	: 4.7754
Src_reg_loss	: 0.0200
-------------------------------------
[Epoch : 418/500]
Total_loss	: 0.1115
Coral_loss	: 0.0000
MMD_loss	: 4.3768
cond_ent_wt	: 4.7751
Src_reg_loss	: 0.0199
-------------------------------------
[Epoch : 419/500]
Total_loss	: 0.1114
Coral_loss	: 0.0000
MMD_loss	: 4.3755
cond_ent_wt	: 4.7748
Src_reg_loss	: 0.0199
-------------------------------------
[Epoch : 420/500]
Total_loss	: 0.1114
Coral_loss	: 0.0000
MMD_loss	: 4.3742
cond_ent_wt	: 4.7745
Src_reg_loss	: 0.0199
-------------------------------------
[Epoch : 421/500]
Total_loss	: 0.1114
Coral_loss	: 0.0000
MMD_loss	: 4.3728
cond_ent_wt	: 4.7742
Src_reg_loss	: 0.0199
-------------------------------------
[Epoch : 422/500]
Total_loss	: 0.1113
Coral_loss	: 0.0000
MMD_loss	: 4.3715
cond_ent_wt	: 4.7739
Src_reg_loss	: 0.0198
-------------------------------------
[Epoch : 423/500]
Total_loss	: 0.1113
Coral_loss	: 0.0000
MMD_loss	: 4.3702
cond_ent_wt	: 4.7736
Src_reg_loss	: 0.0198
-------------------------------------
[Epoch : 424/500]
Total_loss	: 0.1113
Coral_loss	: 0.0000
MMD_loss	: 4.3689
cond_ent_wt	: 4.7733
Src_reg_loss	: 0.0198
-------------------------------------
[Epoch : 425/500]
Total_loss	: 0.1112
Coral_loss	: 0.0000
MMD_loss	: 4.3676
cond_ent_wt	: 4.7730
Src_reg_loss	: 0.0198
-------------------------------------
[Epoch : 426/500]
Total_loss	: 0.1112
Coral_loss	: 0.0000
MMD_loss	: 4.3663
cond_ent_wt	: 4.7727
Src_reg_loss	: 0.0198
-------------------------------------
[Epoch : 427/500]
Total_loss	: 0.1111
Coral_loss	: 0.0000
MMD_loss	: 4.3650
cond_ent_wt	: 4.7724
Src_reg_loss	: 0.0197
-------------------------------------
[Epoch : 428/500]
Total_loss	: 0.1111
Coral_loss	: 0.0000
MMD_loss	: 4.3637
cond_ent_wt	: 4.7721
Src_reg_loss	: 0.0197
-------------------------------------
[Epoch : 429/500]
Total_loss	: 0.1111
Coral_loss	: 0.0000
MMD_loss	: 4.3625
cond_ent_wt	: 4.7718
Src_reg_loss	: 0.0197
-------------------------------------
[Epoch : 430/500]
Total_loss	: 0.1110
Coral_loss	: 0.0000
MMD_loss	: 4.3612
cond_ent_wt	: 4.7716
Src_reg_loss	: 0.0197
-------------------------------------
[Epoch : 431/500]
Total_loss	: 0.1110
Coral_loss	: 0.0000
MMD_loss	: 4.3599
cond_ent_wt	: 4.7713
Src_reg_loss	: 0.0197
-------------------------------------
[Epoch : 432/500]
Total_loss	: 0.1110
Coral_loss	: 0.0000
MMD_loss	: 4.3586
cond_ent_wt	: 4.7710
Src_reg_loss	: 0.0196
-------------------------------------
[Epoch : 433/500]
Total_loss	: 0.1109
Coral_loss	: 0.0000
MMD_loss	: 4.3573
cond_ent_wt	: 4.7707
Src_reg_loss	: 0.0196
-------------------------------------
[Epoch : 434/500]
Total_loss	: 0.1109
Coral_loss	: 0.0000
MMD_loss	: 4.3561
cond_ent_wt	: 4.7704
Src_reg_loss	: 0.0196
-------------------------------------
[Epoch : 435/500]
Total_loss	: 0.1108
Coral_loss	: 0.0000
MMD_loss	: 4.3548
cond_ent_wt	: 4.7701
Src_reg_loss	: 0.0196
-------------------------------------
[Epoch : 436/500]
Total_loss	: 0.1108
Coral_loss	: 0.0000
MMD_loss	: 4.3535
cond_ent_wt	: 4.7698
Src_reg_loss	: 0.0195
-------------------------------------
[Epoch : 437/500]
Total_loss	: 0.1108
Coral_loss	: 0.0000
MMD_loss	: 4.3523
cond_ent_wt	: 4.7695
Src_reg_loss	: 0.0195
-------------------------------------
[Epoch : 438/500]
Total_loss	: 0.1107
Coral_loss	: 0.0000
MMD_loss	: 4.3510
cond_ent_wt	: 4.7692
Src_reg_loss	: 0.0195
-------------------------------------
[Epoch : 439/500]
Total_loss	: 0.1107
Coral_loss	: 0.0000
MMD_loss	: 4.3497
cond_ent_wt	: 4.7689
Src_reg_loss	: 0.0195
-------------------------------------
[Epoch : 440/500]
Total_loss	: 0.1107
Coral_loss	: 0.0000
MMD_loss	: 4.3485
cond_ent_wt	: 4.7686
Src_reg_loss	: 0.0195
-------------------------------------
[Epoch : 441/500]
Total_loss	: 0.1106
Coral_loss	: 0.0000
MMD_loss	: 4.3472
cond_ent_wt	: 4.7683
Src_reg_loss	: 0.0194
-------------------------------------
[Epoch : 442/500]
Total_loss	: 0.1106
Coral_loss	: 0.0000
MMD_loss	: 4.3460
cond_ent_wt	: 4.7680
Src_reg_loss	: 0.0194
-------------------------------------
[Epoch : 443/500]
Total_loss	: 0.1106
Coral_loss	: 0.0000
MMD_loss	: 4.3447
cond_ent_wt	: 4.7678
Src_reg_loss	: 0.0194
-------------------------------------
[Epoch : 444/500]
Total_loss	: 0.1105
Coral_loss	: 0.0000
MMD_loss	: 4.3435
cond_ent_wt	: 4.7675
Src_reg_loss	: 0.0194
-------------------------------------
[Epoch : 445/500]
Total_loss	: 0.1105
Coral_loss	: 0.0000
MMD_loss	: 4.3422
cond_ent_wt	: 4.7672
Src_reg_loss	: 0.0194
-------------------------------------
[Epoch : 446/500]
Total_loss	: 0.1104
Coral_loss	: 0.0000
MMD_loss	: 4.3410
cond_ent_wt	: 4.7669
Src_reg_loss	: 0.0193
-------------------------------------
[Epoch : 447/500]
Total_loss	: 0.1104
Coral_loss	: 0.0000
MMD_loss	: 4.3397
cond_ent_wt	: 4.7666
Src_reg_loss	: 0.0193
-------------------------------------
[Epoch : 448/500]
Total_loss	: 0.1104
Coral_loss	: 0.0000
MMD_loss	: 4.3385
cond_ent_wt	: 4.7663
Src_reg_loss	: 0.0193
-------------------------------------
[Epoch : 449/500]
Total_loss	: 0.1103
Coral_loss	: 0.0000
MMD_loss	: 4.3372
cond_ent_wt	: 4.7660
Src_reg_loss	: 0.0193
-------------------------------------
[Epoch : 450/500]
Total_loss	: 0.1103
Coral_loss	: 0.0000
MMD_loss	: 4.3360
cond_ent_wt	: 4.7657
Src_reg_loss	: 0.0193
-------------------------------------
[Epoch : 451/500]
Total_loss	: 0.1103
Coral_loss	: 0.0000
MMD_loss	: 4.3348
cond_ent_wt	: 4.7654
Src_reg_loss	: 0.0192
-------------------------------------
[Epoch : 452/500]
Total_loss	: 0.1102
Coral_loss	: 0.0000
MMD_loss	: 4.3335
cond_ent_wt	: 4.7651
Src_reg_loss	: 0.0192
-------------------------------------
[Epoch : 453/500]
Total_loss	: 0.1102
Coral_loss	: 0.0000
MMD_loss	: 4.3323
cond_ent_wt	: 4.7649
Src_reg_loss	: 0.0192
-------------------------------------
[Epoch : 454/500]
Total_loss	: 0.1102
Coral_loss	: 0.0000
MMD_loss	: 4.3311
cond_ent_wt	: 4.7646
Src_reg_loss	: 0.0192
-------------------------------------
[Epoch : 455/500]
Total_loss	: 0.1101
Coral_loss	: 0.0000
MMD_loss	: 4.3299
cond_ent_wt	: 4.7643
Src_reg_loss	: 0.0192
-------------------------------------
[Epoch : 456/500]
Total_loss	: 0.1101
Coral_loss	: 0.0000
MMD_loss	: 4.3286
cond_ent_wt	: 4.7640
Src_reg_loss	: 0.0191
-------------------------------------
[Epoch : 457/500]
Total_loss	: 0.1101
Coral_loss	: 0.0000
MMD_loss	: 4.3274
cond_ent_wt	: 4.7637
Src_reg_loss	: 0.0191
-------------------------------------
[Epoch : 458/500]
Total_loss	: 0.1100
Coral_loss	: 0.0000
MMD_loss	: 4.3262
cond_ent_wt	: 4.7634
Src_reg_loss	: 0.0191
-------------------------------------
[Epoch : 459/500]
Total_loss	: 0.1100
Coral_loss	: 0.0000
MMD_loss	: 4.3250
cond_ent_wt	: 4.7631
Src_reg_loss	: 0.0191
-------------------------------------
[Epoch : 460/500]
Total_loss	: 0.1100
Coral_loss	: 0.0000
MMD_loss	: 4.3238
cond_ent_wt	: 4.7628
Src_reg_loss	: 0.0191
-------------------------------------
[Epoch : 461/500]
Total_loss	: 0.1099
Coral_loss	: 0.0000
MMD_loss	: 4.3226
cond_ent_wt	: 4.7625
Src_reg_loss	: 0.0190
-------------------------------------
[Epoch : 462/500]
Total_loss	: 0.1099
Coral_loss	: 0.0000
MMD_loss	: 4.3213
cond_ent_wt	: 4.7623
Src_reg_loss	: 0.0190
-------------------------------------
[Epoch : 463/500]
Total_loss	: 0.1099
Coral_loss	: 0.0000
MMD_loss	: 4.3201
cond_ent_wt	: 4.7620
Src_reg_loss	: 0.0190
-------------------------------------
[Epoch : 464/500]
Total_loss	: 0.1098
Coral_loss	: 0.0000
MMD_loss	: 4.3189
cond_ent_wt	: 4.7617
Src_reg_loss	: 0.0190
-------------------------------------
[Epoch : 465/500]
Total_loss	: 0.1098
Coral_loss	: 0.0000
MMD_loss	: 4.3177
cond_ent_wt	: 4.7614
Src_reg_loss	: 0.0190
-------------------------------------
[Epoch : 466/500]
Total_loss	: 0.1098
Coral_loss	: 0.0000
MMD_loss	: 4.3165
cond_ent_wt	: 4.7611
Src_reg_loss	: 0.0189
-------------------------------------
[Epoch : 467/500]
Total_loss	: 0.1097
Coral_loss	: 0.0000
MMD_loss	: 4.3153
cond_ent_wt	: 4.7608
Src_reg_loss	: 0.0189
-------------------------------------
[Epoch : 468/500]
Total_loss	: 0.1097
Coral_loss	: 0.0000
MMD_loss	: 4.3141
cond_ent_wt	: 4.7605
Src_reg_loss	: 0.0189
-------------------------------------
[Epoch : 469/500]
Total_loss	: 0.1097
Coral_loss	: 0.0000
MMD_loss	: 4.3129
cond_ent_wt	: 4.7602
Src_reg_loss	: 0.0189
-------------------------------------
[Epoch : 470/500]
Total_loss	: 0.1096
Coral_loss	: 0.0000
MMD_loss	: 4.3117
cond_ent_wt	: 4.7600
Src_reg_loss	: 0.0189
-------------------------------------
[Epoch : 471/500]
Total_loss	: 0.1096
Coral_loss	: 0.0000
MMD_loss	: 4.3105
cond_ent_wt	: 4.7597
Src_reg_loss	: 0.0189
-------------------------------------
[Epoch : 472/500]
Total_loss	: 0.1096
Coral_loss	: 0.0000
MMD_loss	: 4.3093
cond_ent_wt	: 4.7594
Src_reg_loss	: 0.0188
-------------------------------------
[Epoch : 473/500]
Total_loss	: 0.1095
Coral_loss	: 0.0000
MMD_loss	: 4.3081
cond_ent_wt	: 4.7591
Src_reg_loss	: 0.0188
-------------------------------------
[Epoch : 474/500]
Total_loss	: 0.1095
Coral_loss	: 0.0000
MMD_loss	: 4.3070
cond_ent_wt	: 4.7588
Src_reg_loss	: 0.0188
-------------------------------------
[Epoch : 475/500]
Total_loss	: 0.1095
Coral_loss	: 0.0000
MMD_loss	: 4.3058
cond_ent_wt	: 4.7585
Src_reg_loss	: 0.0188
-------------------------------------
[Epoch : 476/500]
Total_loss	: 0.1094
Coral_loss	: 0.0000
MMD_loss	: 4.3046
cond_ent_wt	: 4.7583
Src_reg_loss	: 0.0188
-------------------------------------
[Epoch : 477/500]
Total_loss	: 0.1094
Coral_loss	: 0.0000
MMD_loss	: 4.3034
cond_ent_wt	: 4.7580
Src_reg_loss	: 0.0187
-------------------------------------
[Epoch : 478/500]
Total_loss	: 0.1094
Coral_loss	: 0.0000
MMD_loss	: 4.3022
cond_ent_wt	: 4.7577
Src_reg_loss	: 0.0187
-------------------------------------
[Epoch : 479/500]
Total_loss	: 0.1093
Coral_loss	: 0.0000
MMD_loss	: 4.3010
cond_ent_wt	: 4.7574
Src_reg_loss	: 0.0187
-------------------------------------
[Epoch : 480/500]
Total_loss	: 0.1093
Coral_loss	: 0.0000
MMD_loss	: 4.2999
cond_ent_wt	: 4.7571
Src_reg_loss	: 0.0187
-------------------------------------
[Epoch : 481/500]
Total_loss	: 0.1093
Coral_loss	: 0.0000
MMD_loss	: 4.2987
cond_ent_wt	: 4.7568
Src_reg_loss	: 0.0187
-------------------------------------
[Epoch : 482/500]
Total_loss	: 0.1092
Coral_loss	: 0.0000
MMD_loss	: 4.2975
cond_ent_wt	: 4.7566
Src_reg_loss	: 0.0187
-------------------------------------
[Epoch : 483/500]
Total_loss	: 0.1092
Coral_loss	: 0.0000
MMD_loss	: 4.2963
cond_ent_wt	: 4.7563
Src_reg_loss	: 0.0186
-------------------------------------
[Epoch : 484/500]
Total_loss	: 0.1092
Coral_loss	: 0.0000
MMD_loss	: 4.2952
cond_ent_wt	: 4.7560
Src_reg_loss	: 0.0186
-------------------------------------
[Epoch : 485/500]
Total_loss	: 0.1091
Coral_loss	: 0.0000
MMD_loss	: 4.2940
cond_ent_wt	: 4.7557
Src_reg_loss	: 0.0186
-------------------------------------
[Epoch : 486/500]
Total_loss	: 0.1091
Coral_loss	: 0.0000
MMD_loss	: 4.2928
cond_ent_wt	: 4.7554
Src_reg_loss	: 0.0186
-------------------------------------
[Epoch : 487/500]
Total_loss	: 0.1091
Coral_loss	: 0.0000
MMD_loss	: 4.2917
cond_ent_wt	: 4.7551
Src_reg_loss	: 0.0186
-------------------------------------
[Epoch : 488/500]
Total_loss	: 0.1090
Coral_loss	: 0.0000
MMD_loss	: 4.2905
cond_ent_wt	: 4.7549
Src_reg_loss	: 0.0185
-------------------------------------
[Epoch : 489/500]
Total_loss	: 0.1090
Coral_loss	: 0.0000
MMD_loss	: 4.2894
cond_ent_wt	: 4.7546
Src_reg_loss	: 0.0185
-------------------------------------
[Epoch : 490/500]
Total_loss	: 0.1090
Coral_loss	: 0.0000
MMD_loss	: 4.2882
cond_ent_wt	: 4.7543
Src_reg_loss	: 0.0185
-------------------------------------
[Epoch : 491/500]
Total_loss	: 0.1089
Coral_loss	: 0.0000
MMD_loss	: 4.2871
cond_ent_wt	: 4.7540
Src_reg_loss	: 0.0185
-------------------------------------
[Epoch : 492/500]
Total_loss	: 0.1089
Coral_loss	: 0.0000
MMD_loss	: 4.2859
cond_ent_wt	: 4.7537
Src_reg_loss	: 0.0185
-------------------------------------
[Epoch : 493/500]
Total_loss	: 0.1089
Coral_loss	: 0.0000
MMD_loss	: 4.2847
cond_ent_wt	: 4.7535
Src_reg_loss	: 0.0185
-------------------------------------
[Epoch : 494/500]
Total_loss	: 0.1088
Coral_loss	: 0.0000
MMD_loss	: 4.2836
cond_ent_wt	: 4.7532
Src_reg_loss	: 0.0184
-------------------------------------
[Epoch : 495/500]
Total_loss	: 0.1088
Coral_loss	: 0.0000
MMD_loss	: 4.2824
cond_ent_wt	: 4.7529
Src_reg_loss	: 0.0184
-------------------------------------
[Epoch : 496/500]
Total_loss	: 0.1088
Coral_loss	: 0.0000
MMD_loss	: 4.2813
cond_ent_wt	: 4.7526
Src_reg_loss	: 0.0184
-------------------------------------
[Epoch : 497/500]
Total_loss	: 0.1087
Coral_loss	: 0.0000
MMD_loss	: 4.2802
cond_ent_wt	: 4.7523
Src_reg_loss	: 0.0184
-------------------------------------
[Epoch : 498/500]
Total_loss	: 0.1087
Coral_loss	: 0.0000
MMD_loss	: 4.2790
cond_ent_wt	: 4.7521
Src_reg_loss	: 0.0184
-------------------------------------
[Epoch : 499/500]
Total_loss	: 0.1087
Coral_loss	: 0.0000
MMD_loss	: 4.2779
cond_ent_wt	: 4.7518
Src_reg_loss	: 0.0184
-------------------------------------
[Epoch : 500/500]
Total_loss	: 0.1087
Coral_loss	: 0.0000
MMD_loss	: 4.2767
cond_ent_wt	: 4.7515
Src_reg_loss	: 0.0183
-------------------------------------
