=============================================
Dataset: Airbox
Method:  MMDA
=============================================
Source: 0 ---> Target: 4
=============================================
[Epoch : 1/500]
Total_loss	: 0.3738
Coral_loss	: 0.0000
MMD_loss	: 1.2798
cond_ent_wt	: 4.8490
Src_reg_loss	: 0.3125
-------------------------------------
[Epoch : 2/500]
Total_loss	: 0.3578
Coral_loss	: 0.0000
MMD_loss	: 1.2807
cond_ent_wt	: 4.8489
Src_reg_loss	: 0.2965
-------------------------------------
[Epoch : 3/500]
Total_loss	: 0.3433
Coral_loss	: 0.0000
MMD_loss	: 1.2813
cond_ent_wt	: 4.8488
Src_reg_loss	: 0.2820
-------------------------------------
[Epoch : 4/500]
Total_loss	: 0.3291
Coral_loss	: 0.0000
MMD_loss	: 1.2816
cond_ent_wt	: 4.8486
Src_reg_loss	: 0.2678
-------------------------------------
[Epoch : 5/500]
Total_loss	: 0.3149
Coral_loss	: 0.0000
MMD_loss	: 1.2816
cond_ent_wt	: 4.8483
Src_reg_loss	: 0.2536
-------------------------------------
[Epoch : 6/500]
Total_loss	: 0.3001
Coral_loss	: 0.0000
MMD_loss	: 1.2813
cond_ent_wt	: 4.8480
Src_reg_loss	: 0.2389
-------------------------------------
[Epoch : 7/500]
Total_loss	: 0.2847
Coral_loss	: 0.0000
MMD_loss	: 1.2808
cond_ent_wt	: 4.8474
Src_reg_loss	: 0.2234
-------------------------------------
[Epoch : 8/500]
Total_loss	: 0.2687
Coral_loss	: 0.0000
MMD_loss	: 1.2803
cond_ent_wt	: 4.8467
Src_reg_loss	: 0.2074
-------------------------------------
[Epoch : 9/500]
Total_loss	: 0.2527
Coral_loss	: 0.0000
MMD_loss	: 1.2803
cond_ent_wt	: 4.8456
Src_reg_loss	: 0.1914
-------------------------------------
[Epoch : 10/500]
Total_loss	: 0.2376
Coral_loss	: 0.0000
MMD_loss	: 1.2815
cond_ent_wt	: 4.8440
Src_reg_loss	: 0.1764
-------------------------------------
[Epoch : 11/500]
Total_loss	: 0.2250
Coral_loss	: 0.0000
MMD_loss	: 1.2839
cond_ent_wt	: 4.8420
Src_reg_loss	: 0.1637
-------------------------------------
[Epoch : 12/500]
Total_loss	: 0.2147
Coral_loss	: 0.0000
MMD_loss	: 1.2866
cond_ent_wt	: 4.8401
Src_reg_loss	: 0.1535
-------------------------------------
[Epoch : 13/500]
Total_loss	: 0.2059
Coral_loss	: 0.0000
MMD_loss	: 1.2886
cond_ent_wt	: 4.8385
Src_reg_loss	: 0.1446
-------------------------------------
[Epoch : 14/500]
Total_loss	: 0.1981
Coral_loss	: 0.0000
MMD_loss	: 1.2898
cond_ent_wt	: 4.8375
Src_reg_loss	: 0.1368
-------------------------------------
[Epoch : 15/500]
Total_loss	: 0.1913
Coral_loss	: 0.0000
MMD_loss	: 1.2907
cond_ent_wt	: 4.8367
Src_reg_loss	: 0.1300
-------------------------------------
[Epoch : 16/500]
Total_loss	: 0.1854
Coral_loss	: 0.0000
MMD_loss	: 1.2914
cond_ent_wt	: 4.8361
Src_reg_loss	: 0.1241
-------------------------------------
[Epoch : 17/500]
Total_loss	: 0.1802
Coral_loss	: 0.0000
MMD_loss	: 1.2922
cond_ent_wt	: 4.8355
Src_reg_loss	: 0.1189
-------------------------------------
[Epoch : 18/500]
Total_loss	: 0.1755
Coral_loss	: 0.0000
MMD_loss	: 1.2930
cond_ent_wt	: 4.8349
Src_reg_loss	: 0.1143
-------------------------------------
[Epoch : 19/500]
Total_loss	: 0.1714
Coral_loss	: 0.0000
MMD_loss	: 1.2939
cond_ent_wt	: 4.8343
Src_reg_loss	: 0.1101
-------------------------------------
[Epoch : 20/500]
Total_loss	: 0.1676
Coral_loss	: 0.0000
MMD_loss	: 1.2945
cond_ent_wt	: 4.8338
Src_reg_loss	: 0.1063
-------------------------------------
[Epoch : 21/500]
Total_loss	: 0.1642
Coral_loss	: 0.0000
MMD_loss	: 1.2950
cond_ent_wt	: 4.8333
Src_reg_loss	: 0.1029
-------------------------------------
[Epoch : 22/500]
Total_loss	: 0.1611
Coral_loss	: 0.0000
MMD_loss	: 1.2951
cond_ent_wt	: 4.8329
Src_reg_loss	: 0.0998
-------------------------------------
[Epoch : 23/500]
Total_loss	: 0.1583
Coral_loss	: 0.0000
MMD_loss	: 1.2950
cond_ent_wt	: 4.8326
Src_reg_loss	: 0.0970
-------------------------------------
[Epoch : 24/500]
Total_loss	: 0.1556
Coral_loss	: 0.0000
MMD_loss	: 1.2947
cond_ent_wt	: 4.8323
Src_reg_loss	: 0.0944
-------------------------------------
[Epoch : 25/500]
Total_loss	: 0.1532
Coral_loss	: 0.0000
MMD_loss	: 1.2942
cond_ent_wt	: 4.8320
Src_reg_loss	: 0.0920
-------------------------------------
[Epoch : 26/500]
Total_loss	: 0.1510
Coral_loss	: 0.0000
MMD_loss	: 1.2935
cond_ent_wt	: 4.8317
Src_reg_loss	: 0.0898
-------------------------------------
[Epoch : 27/500]
Total_loss	: 0.1489
Coral_loss	: 0.0000
MMD_loss	: 1.2924
cond_ent_wt	: 4.8314
Src_reg_loss	: 0.0877
-------------------------------------
[Epoch : 28/500]
Total_loss	: 0.1470
Coral_loss	: 0.0000
MMD_loss	: 1.2912
cond_ent_wt	: 4.8312
Src_reg_loss	: 0.0858
-------------------------------------
[Epoch : 29/500]
Total_loss	: 0.1452
Coral_loss	: 0.0000
MMD_loss	: 1.2897
cond_ent_wt	: 4.8310
Src_reg_loss	: 0.0840
-------------------------------------
[Epoch : 30/500]
Total_loss	: 0.1435
Coral_loss	: 0.0000
MMD_loss	: 1.2880
cond_ent_wt	: 4.8308
Src_reg_loss	: 0.0823
-------------------------------------
[Epoch : 31/500]
Total_loss	: 0.1419
Coral_loss	: 0.0000
MMD_loss	: 1.2861
cond_ent_wt	: 4.8306
Src_reg_loss	: 0.0808
-------------------------------------
[Epoch : 32/500]
Total_loss	: 0.1404
Coral_loss	: 0.0000
MMD_loss	: 1.2840
cond_ent_wt	: 4.8304
Src_reg_loss	: 0.0793
-------------------------------------
[Epoch : 33/500]
Total_loss	: 0.1390
Coral_loss	: 0.0000
MMD_loss	: 1.2817
cond_ent_wt	: 4.8302
Src_reg_loss	: 0.0779
-------------------------------------
[Epoch : 34/500]
Total_loss	: 0.1377
Coral_loss	: 0.0000
MMD_loss	: 1.2793
cond_ent_wt	: 4.8301
Src_reg_loss	: 0.0766
-------------------------------------
[Epoch : 35/500]
Total_loss	: 0.1364
Coral_loss	: 0.0000
MMD_loss	: 1.2767
cond_ent_wt	: 4.8299
Src_reg_loss	: 0.0754
-------------------------------------
[Epoch : 36/500]
Total_loss	: 0.1353
Coral_loss	: 0.0000
MMD_loss	: 1.2740
cond_ent_wt	: 4.8298
Src_reg_loss	: 0.0742
-------------------------------------
[Epoch : 37/500]
Total_loss	: 0.1341
Coral_loss	: 0.0000
MMD_loss	: 1.2712
cond_ent_wt	: 4.8297
Src_reg_loss	: 0.0731
-------------------------------------
[Epoch : 38/500]
Total_loss	: 0.1330
Coral_loss	: 0.0000
MMD_loss	: 1.2683
cond_ent_wt	: 4.8296
Src_reg_loss	: 0.0721
-------------------------------------
[Epoch : 39/500]
Total_loss	: 0.1320
Coral_loss	: 0.0000
MMD_loss	: 1.2653
cond_ent_wt	: 4.8295
Src_reg_loss	: 0.0711
-------------------------------------
[Epoch : 40/500]
Total_loss	: 0.1310
Coral_loss	: 0.0000
MMD_loss	: 1.2622
cond_ent_wt	: 4.8294
Src_reg_loss	: 0.0701
-------------------------------------
[Epoch : 41/500]
Total_loss	: 0.1301
Coral_loss	: 0.0000
MMD_loss	: 1.2591
cond_ent_wt	: 4.8293
Src_reg_loss	: 0.0692
-------------------------------------
[Epoch : 42/500]
Total_loss	: 0.1292
Coral_loss	: 0.0000
MMD_loss	: 1.2559
cond_ent_wt	: 4.8292
Src_reg_loss	: 0.0683
-------------------------------------
[Epoch : 43/500]
Total_loss	: 0.1283
Coral_loss	: 0.0000
MMD_loss	: 1.2527
cond_ent_wt	: 4.8291
Src_reg_loss	: 0.0675
-------------------------------------
[Epoch : 44/500]
Total_loss	: 0.1275
Coral_loss	: 0.0000
MMD_loss	: 1.2494
cond_ent_wt	: 4.8290
Src_reg_loss	: 0.0667
-------------------------------------
[Epoch : 45/500]
Total_loss	: 0.1267
Coral_loss	: 0.0000
MMD_loss	: 1.2461
cond_ent_wt	: 4.8289
Src_reg_loss	: 0.0659
-------------------------------------
[Epoch : 46/500]
Total_loss	: 0.1259
Coral_loss	: 0.0000
MMD_loss	: 1.2428
cond_ent_wt	: 4.8289
Src_reg_loss	: 0.0652
-------------------------------------
[Epoch : 47/500]
Total_loss	: 0.1252
Coral_loss	: 0.0000
MMD_loss	: 1.2395
cond_ent_wt	: 4.8288
Src_reg_loss	: 0.0645
-------------------------------------
[Epoch : 48/500]
Total_loss	: 0.1245
Coral_loss	: 0.0000
MMD_loss	: 1.2362
cond_ent_wt	: 4.8287
Src_reg_loss	: 0.0638
-------------------------------------
[Epoch : 49/500]
Total_loss	: 0.1238
Coral_loss	: 0.0000
MMD_loss	: 1.2329
cond_ent_wt	: 4.8287
Src_reg_loss	: 0.0632
-------------------------------------
[Epoch : 50/500]
Total_loss	: 0.1231
Coral_loss	: 0.0000
MMD_loss	: 1.2296
cond_ent_wt	: 4.8286
Src_reg_loss	: 0.0626
-------------------------------------
[Epoch : 51/500]
Total_loss	: 0.1225
Coral_loss	: 0.0000
MMD_loss	: 1.2263
cond_ent_wt	: 4.8286
Src_reg_loss	: 0.0619
-------------------------------------
[Epoch : 52/500]
Total_loss	: 0.1219
Coral_loss	: 0.0000
MMD_loss	: 1.2230
cond_ent_wt	: 4.8285
Src_reg_loss	: 0.0614
-------------------------------------
[Epoch : 53/500]
Total_loss	: 0.1213
Coral_loss	: 0.0000
MMD_loss	: 1.2198
cond_ent_wt	: 4.8285
Src_reg_loss	: 0.0608
-------------------------------------
[Epoch : 54/500]
Total_loss	: 0.1207
Coral_loss	: 0.0000
MMD_loss	: 1.2165
cond_ent_wt	: 4.8285
Src_reg_loss	: 0.0603
-------------------------------------
[Epoch : 55/500]
Total_loss	: 0.1201
Coral_loss	: 0.0000
MMD_loss	: 1.2133
cond_ent_wt	: 4.8284
Src_reg_loss	: 0.0597
-------------------------------------
[Epoch : 56/500]
Total_loss	: 0.1196
Coral_loss	: 0.0000
MMD_loss	: 1.2101
cond_ent_wt	: 4.8284
Src_reg_loss	: 0.0592
-------------------------------------
[Epoch : 57/500]
Total_loss	: 0.1191
Coral_loss	: 0.0000
MMD_loss	: 1.2069
cond_ent_wt	: 4.8284
Src_reg_loss	: 0.0587
-------------------------------------
[Epoch : 58/500]
Total_loss	: 0.1186
Coral_loss	: 0.0000
MMD_loss	: 1.2037
cond_ent_wt	: 4.8283
Src_reg_loss	: 0.0582
-------------------------------------
[Epoch : 59/500]
Total_loss	: 0.1181
Coral_loss	: 0.0000
MMD_loss	: 1.2005
cond_ent_wt	: 4.8283
Src_reg_loss	: 0.0578
-------------------------------------
[Epoch : 60/500]
Total_loss	: 0.1176
Coral_loss	: 0.0000
MMD_loss	: 1.1973
cond_ent_wt	: 4.8283
Src_reg_loss	: 0.0573
-------------------------------------
[Epoch : 61/500]
Total_loss	: 0.1171
Coral_loss	: 0.0000
MMD_loss	: 1.1941
cond_ent_wt	: 4.8282
Src_reg_loss	: 0.0569
-------------------------------------
[Epoch : 62/500]
Total_loss	: 0.1166
Coral_loss	: 0.0000
MMD_loss	: 1.1909
cond_ent_wt	: 4.8282
Src_reg_loss	: 0.0564
-------------------------------------
[Epoch : 63/500]
Total_loss	: 0.1162
Coral_loss	: 0.0000
MMD_loss	: 1.1877
cond_ent_wt	: 4.8282
Src_reg_loss	: 0.0560
-------------------------------------
[Epoch : 64/500]
Total_loss	: 0.1157
Coral_loss	: 0.0000
MMD_loss	: 1.1845
cond_ent_wt	: 4.8282
Src_reg_loss	: 0.0556
-------------------------------------
[Epoch : 65/500]
Total_loss	: 0.1153
Coral_loss	: 0.0000
MMD_loss	: 1.1813
cond_ent_wt	: 4.8282
Src_reg_loss	: 0.0552
-------------------------------------
[Epoch : 66/500]
Total_loss	: 0.1149
Coral_loss	: 0.0000
MMD_loss	: 1.1781
cond_ent_wt	: 4.8282
Src_reg_loss	: 0.0548
-------------------------------------
[Epoch : 67/500]
Total_loss	: 0.1145
Coral_loss	: 0.0000
MMD_loss	: 1.1748
cond_ent_wt	: 4.8282
Src_reg_loss	: 0.0545
-------------------------------------
[Epoch : 68/500]
Total_loss	: 0.1141
Coral_loss	: 0.0000
MMD_loss	: 1.1716
cond_ent_wt	: 4.8281
Src_reg_loss	: 0.0541
-------------------------------------
[Epoch : 69/500]
Total_loss	: 0.1137
Coral_loss	: 0.0000
MMD_loss	: 1.1682
cond_ent_wt	: 4.8281
Src_reg_loss	: 0.0537
-------------------------------------
[Epoch : 70/500]
Total_loss	: 0.1133
Coral_loss	: 0.0000
MMD_loss	: 1.1649
cond_ent_wt	: 4.8281
Src_reg_loss	: 0.0534
-------------------------------------
[Epoch : 71/500]
Total_loss	: 0.1129
Coral_loss	: 0.0000
MMD_loss	: 1.1614
cond_ent_wt	: 4.8281
Src_reg_loss	: 0.0530
-------------------------------------
[Epoch : 72/500]
Total_loss	: 0.1126
Coral_loss	: 0.0000
MMD_loss	: 1.1580
cond_ent_wt	: 4.8281
Src_reg_loss	: 0.0527
-------------------------------------
[Epoch : 73/500]
Total_loss	: 0.1122
Coral_loss	: 0.0000
MMD_loss	: 1.1544
cond_ent_wt	: 4.8281
Src_reg_loss	: 0.0524
-------------------------------------
[Epoch : 74/500]
Total_loss	: 0.1118
Coral_loss	: 0.0000
MMD_loss	: 1.1509
cond_ent_wt	: 4.8281
Src_reg_loss	: 0.0520
-------------------------------------
[Epoch : 75/500]
Total_loss	: 0.1115
Coral_loss	: 0.0000
MMD_loss	: 1.1472
cond_ent_wt	: 4.8281
Src_reg_loss	: 0.0517
-------------------------------------
[Epoch : 76/500]
Total_loss	: 0.1111
Coral_loss	: 0.0000
MMD_loss	: 1.1434
cond_ent_wt	: 4.8281
Src_reg_loss	: 0.0514
-------------------------------------
[Epoch : 77/500]
Total_loss	: 0.1108
Coral_loss	: 0.0000
MMD_loss	: 1.1396
cond_ent_wt	: 4.8281
Src_reg_loss	: 0.0511
-------------------------------------
[Epoch : 78/500]
Total_loss	: 0.1105
Coral_loss	: 0.0000
MMD_loss	: 1.1357
cond_ent_wt	: 4.8281
Src_reg_loss	: 0.0508
-------------------------------------
[Epoch : 79/500]
Total_loss	: 0.1101
Coral_loss	: 0.0000
MMD_loss	: 1.1318
cond_ent_wt	: 4.8281
Src_reg_loss	: 0.0505
-------------------------------------
[Epoch : 80/500]
Total_loss	: 0.1098
Coral_loss	: 0.0000
MMD_loss	: 1.1277
cond_ent_wt	: 4.8281
Src_reg_loss	: 0.0503
-------------------------------------
[Epoch : 81/500]
Total_loss	: 0.1095
Coral_loss	: 0.0000
MMD_loss	: 1.1235
cond_ent_wt	: 4.8281
Src_reg_loss	: 0.0500
-------------------------------------
[Epoch : 82/500]
Total_loss	: 0.1092
Coral_loss	: 0.0000
MMD_loss	: 1.1193
cond_ent_wt	: 4.8281
Src_reg_loss	: 0.0497
-------------------------------------
[Epoch : 83/500]
Total_loss	: 0.1089
Coral_loss	: 0.0000
MMD_loss	: 1.1150
cond_ent_wt	: 4.8281
Src_reg_loss	: 0.0494
-------------------------------------
[Epoch : 84/500]
Total_loss	: 0.1086
Coral_loss	: 0.0000
MMD_loss	: 1.1106
cond_ent_wt	: 4.8281
Src_reg_loss	: 0.0492
-------------------------------------
[Epoch : 85/500]
Total_loss	: 0.1083
Coral_loss	: 0.0000
MMD_loss	: 1.1062
cond_ent_wt	: 4.8281
Src_reg_loss	: 0.0489
-------------------------------------
[Epoch : 86/500]
Total_loss	: 0.1080
Coral_loss	: 0.0000
MMD_loss	: 1.1017
cond_ent_wt	: 4.8281
Src_reg_loss	: 0.0487
-------------------------------------
[Epoch : 87/500]
Total_loss	: 0.1077
Coral_loss	: 0.0000
MMD_loss	: 1.0971
cond_ent_wt	: 4.8281
Src_reg_loss	: 0.0484
-------------------------------------
[Epoch : 88/500]
Total_loss	: 0.1074
Coral_loss	: 0.0000
MMD_loss	: 1.0925
cond_ent_wt	: 4.8281
Src_reg_loss	: 0.0482
-------------------------------------
[Epoch : 89/500]
Total_loss	: 0.1071
Coral_loss	: 0.0000
MMD_loss	: 1.0878
cond_ent_wt	: 4.8281
Src_reg_loss	: 0.0479
-------------------------------------
[Epoch : 90/500]
Total_loss	: 0.1068
Coral_loss	: 0.0000
MMD_loss	: 1.0830
cond_ent_wt	: 4.8281
Src_reg_loss	: 0.0477
-------------------------------------
[Epoch : 91/500]
Total_loss	: 0.1065
Coral_loss	: 0.0000
MMD_loss	: 1.0783
cond_ent_wt	: 4.8281
Src_reg_loss	: 0.0475
-------------------------------------
[Epoch : 92/500]
Total_loss	: 0.1063
Coral_loss	: 0.0000
MMD_loss	: 1.0735
cond_ent_wt	: 4.8281
Src_reg_loss	: 0.0472
-------------------------------------
[Epoch : 93/500]
Total_loss	: 0.1060
Coral_loss	: 0.0000
MMD_loss	: 1.0687
cond_ent_wt	: 4.8281
Src_reg_loss	: 0.0470
-------------------------------------
[Epoch : 94/500]
Total_loss	: 0.1057
Coral_loss	: 0.0000
MMD_loss	: 1.0639
cond_ent_wt	: 4.8281
Src_reg_loss	: 0.0468
-------------------------------------
[Epoch : 95/500]
Total_loss	: 0.1054
Coral_loss	: 0.0000
MMD_loss	: 1.0591
cond_ent_wt	: 4.8281
Src_reg_loss	: 0.0466
-------------------------------------
[Epoch : 96/500]
Total_loss	: 0.1052
Coral_loss	: 0.0000
MMD_loss	: 1.0543
cond_ent_wt	: 4.8281
Src_reg_loss	: 0.0464
-------------------------------------
[Epoch : 97/500]
Total_loss	: 0.1049
Coral_loss	: 0.0000
MMD_loss	: 1.0495
cond_ent_wt	: 4.8281
Src_reg_loss	: 0.0461
-------------------------------------
[Epoch : 98/500]
Total_loss	: 0.1047
Coral_loss	: 0.0000
MMD_loss	: 1.0448
cond_ent_wt	: 4.8281
Src_reg_loss	: 0.0459
-------------------------------------
[Epoch : 99/500]
Total_loss	: 0.1044
Coral_loss	: 0.0000
MMD_loss	: 1.0401
cond_ent_wt	: 4.8281
Src_reg_loss	: 0.0457
-------------------------------------
[Epoch : 100/500]
Total_loss	: 0.1042
Coral_loss	: 0.0000
MMD_loss	: 1.0354
cond_ent_wt	: 4.8281
Src_reg_loss	: 0.0455
-------------------------------------
[Epoch : 101/500]
Total_loss	: 0.1039
Coral_loss	: 0.0000
MMD_loss	: 1.0308
cond_ent_wt	: 4.8281
Src_reg_loss	: 0.0453
-------------------------------------
[Epoch : 102/500]
Total_loss	: 0.1037
Coral_loss	: 0.0000
MMD_loss	: 1.0262
cond_ent_wt	: 4.8281
Src_reg_loss	: 0.0451
-------------------------------------
[Epoch : 103/500]
Total_loss	: 0.1034
Coral_loss	: 0.0000
MMD_loss	: 1.0217
cond_ent_wt	: 4.8281
Src_reg_loss	: 0.0449
-------------------------------------
[Epoch : 104/500]
Total_loss	: 0.1032
Coral_loss	: 0.0000
MMD_loss	: 1.0172
cond_ent_wt	: 4.8281
Src_reg_loss	: 0.0447
-------------------------------------
[Epoch : 105/500]
Total_loss	: 0.1030
Coral_loss	: 0.0000
MMD_loss	: 1.0128
cond_ent_wt	: 4.8281
Src_reg_loss	: 0.0445
-------------------------------------
[Epoch : 106/500]
Total_loss	: 0.1027
Coral_loss	: 0.0000
MMD_loss	: 1.0086
cond_ent_wt	: 4.8281
Src_reg_loss	: 0.0444
-------------------------------------
[Epoch : 107/500]
Total_loss	: 0.1025
Coral_loss	: 0.0000
MMD_loss	: 1.0043
cond_ent_wt	: 4.8281
Src_reg_loss	: 0.0442
-------------------------------------
[Epoch : 108/500]
Total_loss	: 0.1023
Coral_loss	: 0.0000
MMD_loss	: 1.0002
cond_ent_wt	: 4.8281
Src_reg_loss	: 0.0440
-------------------------------------
[Epoch : 109/500]
Total_loss	: 0.1020
Coral_loss	: 0.0000
MMD_loss	: 0.9962
cond_ent_wt	: 4.8281
Src_reg_loss	: 0.0438
-------------------------------------
[Epoch : 110/500]
Total_loss	: 0.1018
Coral_loss	: 0.0000
MMD_loss	: 0.9922
cond_ent_wt	: 4.8281
Src_reg_loss	: 0.0436
-------------------------------------
[Epoch : 111/500]
Total_loss	: 0.1016
Coral_loss	: 0.0000
MMD_loss	: 0.9884
cond_ent_wt	: 4.8281
Src_reg_loss	: 0.0434
-------------------------------------
[Epoch : 112/500]
Total_loss	: 0.1014
Coral_loss	: 0.0000
MMD_loss	: 0.9846
cond_ent_wt	: 4.8281
Src_reg_loss	: 0.0433
-------------------------------------
[Epoch : 113/500]
Total_loss	: 0.1012
Coral_loss	: 0.0000
MMD_loss	: 0.9809
cond_ent_wt	: 4.8281
Src_reg_loss	: 0.0431
-------------------------------------
[Epoch : 114/500]
Total_loss	: 0.1010
Coral_loss	: 0.0000
MMD_loss	: 0.9774
cond_ent_wt	: 4.8281
Src_reg_loss	: 0.0429
-------------------------------------
[Epoch : 115/500]
Total_loss	: 0.1008
Coral_loss	: 0.0000
MMD_loss	: 0.9739
cond_ent_wt	: 4.8281
Src_reg_loss	: 0.0427
-------------------------------------
[Epoch : 116/500]
Total_loss	: 0.1006
Coral_loss	: 0.0000
MMD_loss	: 0.9705
cond_ent_wt	: 4.8281
Src_reg_loss	: 0.0426
-------------------------------------
[Epoch : 117/500]
Total_loss	: 0.1004
Coral_loss	: 0.0000
MMD_loss	: 0.9672
cond_ent_wt	: 4.8281
Src_reg_loss	: 0.0424
-------------------------------------
[Epoch : 118/500]
Total_loss	: 0.1002
Coral_loss	: 0.0000
MMD_loss	: 0.9640
cond_ent_wt	: 4.8281
Src_reg_loss	: 0.0422
-------------------------------------
[Epoch : 119/500]
Total_loss	: 0.1000
Coral_loss	: 0.0000
MMD_loss	: 0.9610
cond_ent_wt	: 4.8281
Src_reg_loss	: 0.0421
-------------------------------------
[Epoch : 120/500]
Total_loss	: 0.0998
Coral_loss	: 0.0000
MMD_loss	: 0.9580
cond_ent_wt	: 4.8281
Src_reg_loss	: 0.0419
-------------------------------------
[Epoch : 121/500]
Total_loss	: 0.0996
Coral_loss	: 0.0000
MMD_loss	: 0.9550
cond_ent_wt	: 4.8281
Src_reg_loss	: 0.0417
-------------------------------------
[Epoch : 122/500]
Total_loss	: 0.0994
Coral_loss	: 0.0000
MMD_loss	: 0.9522
cond_ent_wt	: 4.8281
Src_reg_loss	: 0.0416
-------------------------------------
[Epoch : 123/500]
Total_loss	: 0.0992
Coral_loss	: 0.0000
MMD_loss	: 0.9494
cond_ent_wt	: 4.8281
Src_reg_loss	: 0.0414
-------------------------------------
[Epoch : 124/500]
Total_loss	: 0.0990
Coral_loss	: 0.0000
MMD_loss	: 0.9467
cond_ent_wt	: 4.8281
Src_reg_loss	: 0.0413
-------------------------------------
[Epoch : 125/500]
Total_loss	: 0.0988
Coral_loss	: 0.0000
MMD_loss	: 0.9441
cond_ent_wt	: 4.8281
Src_reg_loss	: 0.0411
-------------------------------------
[Epoch : 126/500]
Total_loss	: 0.0986
Coral_loss	: 0.0000
MMD_loss	: 0.9415
cond_ent_wt	: 4.8281
Src_reg_loss	: 0.0409
-------------------------------------
[Epoch : 127/500]
Total_loss	: 0.0985
Coral_loss	: 0.0000
MMD_loss	: 0.9390
cond_ent_wt	: 4.8281
Src_reg_loss	: 0.0408
-------------------------------------
[Epoch : 128/500]
Total_loss	: 0.0983
Coral_loss	: 0.0000
MMD_loss	: 0.9366
cond_ent_wt	: 4.8281
Src_reg_loss	: 0.0406
-------------------------------------
[Epoch : 129/500]
Total_loss	: 0.0981
Coral_loss	: 0.0000
MMD_loss	: 0.9342
cond_ent_wt	: 4.8281
Src_reg_loss	: 0.0405
-------------------------------------
[Epoch : 130/500]
Total_loss	: 0.0979
Coral_loss	: 0.0000
MMD_loss	: 0.9318
cond_ent_wt	: 4.8281
Src_reg_loss	: 0.0403
-------------------------------------
[Epoch : 131/500]
Total_loss	: 0.0978
Coral_loss	: 0.0000
MMD_loss	: 0.9296
cond_ent_wt	: 4.8281
Src_reg_loss	: 0.0402
-------------------------------------
[Epoch : 132/500]
Total_loss	: 0.0976
Coral_loss	: 0.0000
MMD_loss	: 0.9273
cond_ent_wt	: 4.8281
Src_reg_loss	: 0.0401
-------------------------------------
[Epoch : 133/500]
Total_loss	: 0.0974
Coral_loss	: 0.0000
MMD_loss	: 0.9251
cond_ent_wt	: 4.8281
Src_reg_loss	: 0.0399
-------------------------------------
[Epoch : 134/500]
Total_loss	: 0.0973
Coral_loss	: 0.0000
MMD_loss	: 0.9229
cond_ent_wt	: 4.8281
Src_reg_loss	: 0.0398
-------------------------------------
[Epoch : 135/500]
Total_loss	: 0.0971
Coral_loss	: 0.0000
MMD_loss	: 0.9208
cond_ent_wt	: 4.8281
Src_reg_loss	: 0.0396
-------------------------------------
[Epoch : 136/500]
Total_loss	: 0.0970
Coral_loss	: 0.0000
MMD_loss	: 0.9187
cond_ent_wt	: 4.8281
Src_reg_loss	: 0.0395
-------------------------------------
[Epoch : 137/500]
Total_loss	: 0.0968
Coral_loss	: 0.0000
MMD_loss	: 0.9166
cond_ent_wt	: 4.8281
Src_reg_loss	: 0.0393
-------------------------------------
[Epoch : 138/500]
Total_loss	: 0.0966
Coral_loss	: 0.0000
MMD_loss	: 0.9145
cond_ent_wt	: 4.8281
Src_reg_loss	: 0.0392
-------------------------------------
[Epoch : 139/500]
Total_loss	: 0.0965
Coral_loss	: 0.0000
MMD_loss	: 0.9125
cond_ent_wt	: 4.8281
Src_reg_loss	: 0.0391
-------------------------------------
[Epoch : 140/500]
Total_loss	: 0.0963
Coral_loss	: 0.0000
MMD_loss	: 0.9105
cond_ent_wt	: 4.8281
Src_reg_loss	: 0.0389
-------------------------------------
[Epoch : 141/500]
Total_loss	: 0.0962
Coral_loss	: 0.0000
MMD_loss	: 0.9086
cond_ent_wt	: 4.8281
Src_reg_loss	: 0.0388
-------------------------------------
[Epoch : 142/500]
Total_loss	: 0.0960
Coral_loss	: 0.0000
MMD_loss	: 0.9066
cond_ent_wt	: 4.8281
Src_reg_loss	: 0.0387
-------------------------------------
[Epoch : 143/500]
Total_loss	: 0.0959
Coral_loss	: 0.0000
MMD_loss	: 0.9047
cond_ent_wt	: 4.8281
Src_reg_loss	: 0.0385
-------------------------------------
[Epoch : 144/500]
Total_loss	: 0.0957
Coral_loss	: 0.0000
MMD_loss	: 0.9028
cond_ent_wt	: 4.8281
Src_reg_loss	: 0.0384
-------------------------------------
[Epoch : 145/500]
Total_loss	: 0.0956
Coral_loss	: 0.0000
MMD_loss	: 0.9009
cond_ent_wt	: 4.8281
Src_reg_loss	: 0.0383
-------------------------------------
[Epoch : 146/500]
Total_loss	: 0.0954
Coral_loss	: 0.0000
MMD_loss	: 0.8991
cond_ent_wt	: 4.8281
Src_reg_loss	: 0.0382
-------------------------------------
[Epoch : 147/500]
Total_loss	: 0.0953
Coral_loss	: 0.0000
MMD_loss	: 0.8973
cond_ent_wt	: 4.8281
Src_reg_loss	: 0.0380
-------------------------------------
[Epoch : 148/500]
Total_loss	: 0.0952
Coral_loss	: 0.0000
MMD_loss	: 0.8954
cond_ent_wt	: 4.8281
Src_reg_loss	: 0.0379
-------------------------------------
[Epoch : 149/500]
Total_loss	: 0.0950
Coral_loss	: 0.0000
MMD_loss	: 0.8937
cond_ent_wt	: 4.8281
Src_reg_loss	: 0.0378
-------------------------------------
[Epoch : 150/500]
Total_loss	: 0.0949
Coral_loss	: 0.0000
MMD_loss	: 0.8919
cond_ent_wt	: 4.8281
Src_reg_loss	: 0.0377
-------------------------------------
[Epoch : 151/500]
Total_loss	: 0.0947
Coral_loss	: 0.0000
MMD_loss	: 0.8901
cond_ent_wt	: 4.8281
Src_reg_loss	: 0.0375
-------------------------------------
[Epoch : 152/500]
Total_loss	: 0.0946
Coral_loss	: 0.0000
MMD_loss	: 0.8884
cond_ent_wt	: 4.8281
Src_reg_loss	: 0.0374
-------------------------------------
[Epoch : 153/500]
Total_loss	: 0.0945
Coral_loss	: 0.0000
MMD_loss	: 0.8867
cond_ent_wt	: 4.8281
Src_reg_loss	: 0.0373
-------------------------------------
[Epoch : 154/500]
Total_loss	: 0.0943
Coral_loss	: 0.0000
MMD_loss	: 0.8850
cond_ent_wt	: 4.8281
Src_reg_loss	: 0.0372
-------------------------------------
[Epoch : 155/500]
Total_loss	: 0.0942
Coral_loss	: 0.0000
MMD_loss	: 0.8833
cond_ent_wt	: 4.8281
Src_reg_loss	: 0.0371
-------------------------------------
[Epoch : 156/500]
Total_loss	: 0.0941
Coral_loss	: 0.0000
MMD_loss	: 0.8816
cond_ent_wt	: 4.8281
Src_reg_loss	: 0.0370
-------------------------------------
[Epoch : 157/500]
Total_loss	: 0.0939
Coral_loss	: 0.0000
MMD_loss	: 0.8800
cond_ent_wt	: 4.8281
Src_reg_loss	: 0.0368
-------------------------------------
[Epoch : 158/500]
Total_loss	: 0.0938
Coral_loss	: 0.0000
MMD_loss	: 0.8783
cond_ent_wt	: 4.8281
Src_reg_loss	: 0.0367
-------------------------------------
[Epoch : 159/500]
Total_loss	: 0.0937
Coral_loss	: 0.0000
MMD_loss	: 0.8767
cond_ent_wt	: 4.8281
Src_reg_loss	: 0.0366
-------------------------------------
[Epoch : 160/500]
Total_loss	: 0.0935
Coral_loss	: 0.0000
MMD_loss	: 0.8750
cond_ent_wt	: 4.8281
Src_reg_loss	: 0.0365
-------------------------------------
[Epoch : 161/500]
Total_loss	: 0.0934
Coral_loss	: 0.0000
MMD_loss	: 0.8734
cond_ent_wt	: 4.8281
Src_reg_loss	: 0.0364
-------------------------------------
[Epoch : 162/500]
Total_loss	: 0.0933
Coral_loss	: 0.0000
MMD_loss	: 0.8718
cond_ent_wt	: 4.8281
Src_reg_loss	: 0.0363
-------------------------------------
[Epoch : 163/500]
Total_loss	: 0.0932
Coral_loss	: 0.0000
MMD_loss	: 0.8703
cond_ent_wt	: 4.8281
Src_reg_loss	: 0.0362
-------------------------------------
[Epoch : 164/500]
Total_loss	: 0.0930
Coral_loss	: 0.0000
MMD_loss	: 0.8687
cond_ent_wt	: 4.8281
Src_reg_loss	: 0.0361
-------------------------------------
[Epoch : 165/500]
Total_loss	: 0.0929
Coral_loss	: 0.0000
MMD_loss	: 0.8672
cond_ent_wt	: 4.8281
Src_reg_loss	: 0.0360
-------------------------------------
[Epoch : 166/500]
Total_loss	: 0.0928
Coral_loss	: 0.0000
MMD_loss	: 0.8656
cond_ent_wt	: 4.8281
Src_reg_loss	: 0.0359
-------------------------------------
[Epoch : 167/500]
Total_loss	: 0.0927
Coral_loss	: 0.0000
MMD_loss	: 0.8641
cond_ent_wt	: 4.8281
Src_reg_loss	: 0.0357
-------------------------------------
[Epoch : 168/500]
Total_loss	: 0.0926
Coral_loss	: 0.0000
MMD_loss	: 0.8626
cond_ent_wt	: 4.8281
Src_reg_loss	: 0.0356
-------------------------------------
[Epoch : 169/500]
Total_loss	: 0.0924
Coral_loss	: 0.0000
MMD_loss	: 0.8611
cond_ent_wt	: 4.8281
Src_reg_loss	: 0.0355
-------------------------------------
[Epoch : 170/500]
Total_loss	: 0.0923
Coral_loss	: 0.0000
MMD_loss	: 0.8596
cond_ent_wt	: 4.8281
Src_reg_loss	: 0.0354
-------------------------------------
[Epoch : 171/500]
Total_loss	: 0.0922
Coral_loss	: 0.0000
MMD_loss	: 0.8581
cond_ent_wt	: 4.8281
Src_reg_loss	: 0.0353
-------------------------------------
[Epoch : 172/500]
Total_loss	: 0.0921
Coral_loss	: 0.0000
MMD_loss	: 0.8567
cond_ent_wt	: 4.8281
Src_reg_loss	: 0.0352
-------------------------------------
[Epoch : 173/500]
Total_loss	: 0.0920
Coral_loss	: 0.0000
MMD_loss	: 0.8553
cond_ent_wt	: 4.8281
Src_reg_loss	: 0.0351
-------------------------------------
[Epoch : 174/500]
Total_loss	: 0.0919
Coral_loss	: 0.0000
MMD_loss	: 0.8538
cond_ent_wt	: 4.8281
Src_reg_loss	: 0.0350
-------------------------------------
[Epoch : 175/500]
Total_loss	: 0.0917
Coral_loss	: 0.0000
MMD_loss	: 0.8524
cond_ent_wt	: 4.8281
Src_reg_loss	: 0.0349
-------------------------------------
[Epoch : 176/500]
Total_loss	: 0.0916
Coral_loss	: 0.0000
MMD_loss	: 0.8510
cond_ent_wt	: 4.8281
Src_reg_loss	: 0.0348
-------------------------------------
[Epoch : 177/500]
Total_loss	: 0.0915
Coral_loss	: 0.0000
MMD_loss	: 0.8496
cond_ent_wt	: 4.8281
Src_reg_loss	: 0.0347
-------------------------------------
[Epoch : 178/500]
Total_loss	: 0.0914
Coral_loss	: 0.0000
MMD_loss	: 0.8482
cond_ent_wt	: 4.8281
Src_reg_loss	: 0.0346
-------------------------------------
[Epoch : 179/500]
Total_loss	: 0.0913
Coral_loss	: 0.0000
MMD_loss	: 0.8469
cond_ent_wt	: 4.8281
Src_reg_loss	: 0.0345
-------------------------------------
[Epoch : 180/500]
Total_loss	: 0.0912
Coral_loss	: 0.0000
MMD_loss	: 0.8455
cond_ent_wt	: 4.8281
Src_reg_loss	: 0.0345
-------------------------------------
[Epoch : 181/500]
Total_loss	: 0.0911
Coral_loss	: 0.0000
MMD_loss	: 0.8442
cond_ent_wt	: 4.8281
Src_reg_loss	: 0.0344
-------------------------------------
[Epoch : 182/500]
Total_loss	: 0.0910
Coral_loss	: 0.0000
MMD_loss	: 0.8428
cond_ent_wt	: 4.8281
Src_reg_loss	: 0.0343
-------------------------------------
[Epoch : 183/500]
Total_loss	: 0.0909
Coral_loss	: 0.0000
MMD_loss	: 0.8415
cond_ent_wt	: 4.8281
Src_reg_loss	: 0.0342
-------------------------------------
[Epoch : 184/500]
Total_loss	: 0.0908
Coral_loss	: 0.0000
MMD_loss	: 0.8402
cond_ent_wt	: 4.8281
Src_reg_loss	: 0.0341
-------------------------------------
[Epoch : 185/500]
Total_loss	: 0.0907
Coral_loss	: 0.0000
MMD_loss	: 0.8389
cond_ent_wt	: 4.8281
Src_reg_loss	: 0.0340
-------------------------------------
[Epoch : 186/500]
Total_loss	: 0.0906
Coral_loss	: 0.0000
MMD_loss	: 0.8376
cond_ent_wt	: 4.8281
Src_reg_loss	: 0.0339
-------------------------------------
[Epoch : 187/500]
Total_loss	: 0.0905
Coral_loss	: 0.0000
MMD_loss	: 0.8363
cond_ent_wt	: 4.8281
Src_reg_loss	: 0.0338
-------------------------------------
[Epoch : 188/500]
Total_loss	: 0.0904
Coral_loss	: 0.0000
MMD_loss	: 0.8351
cond_ent_wt	: 4.8281
Src_reg_loss	: 0.0337
-------------------------------------
[Epoch : 189/500]
Total_loss	: 0.0903
Coral_loss	: 0.0000
MMD_loss	: 0.8338
cond_ent_wt	: 4.8281
Src_reg_loss	: 0.0336
-------------------------------------
[Epoch : 190/500]
Total_loss	: 0.0902
Coral_loss	: 0.0000
MMD_loss	: 0.8326
cond_ent_wt	: 4.8281
Src_reg_loss	: 0.0335
-------------------------------------
[Epoch : 191/500]
Total_loss	: 0.0901
Coral_loss	: 0.0000
MMD_loss	: 0.8313
cond_ent_wt	: 4.8281
Src_reg_loss	: 0.0335
-------------------------------------
[Epoch : 192/500]
Total_loss	: 0.0900
Coral_loss	: 0.0000
MMD_loss	: 0.8301
cond_ent_wt	: 4.8281
Src_reg_loss	: 0.0334
-------------------------------------
[Epoch : 193/500]
Total_loss	: 0.0899
Coral_loss	: 0.0000
MMD_loss	: 0.8289
cond_ent_wt	: 4.8281
Src_reg_loss	: 0.0333
-------------------------------------
[Epoch : 194/500]
Total_loss	: 0.0898
Coral_loss	: 0.0000
MMD_loss	: 0.8277
cond_ent_wt	: 4.8281
Src_reg_loss	: 0.0332
-------------------------------------
[Epoch : 195/500]
Total_loss	: 0.0897
Coral_loss	: 0.0000
MMD_loss	: 0.8265
cond_ent_wt	: 4.8281
Src_reg_loss	: 0.0331
-------------------------------------
[Epoch : 196/500]
Total_loss	: 0.0896
Coral_loss	: 0.0000
MMD_loss	: 0.8253
cond_ent_wt	: 4.8281
Src_reg_loss	: 0.0330
-------------------------------------
[Epoch : 197/500]
Total_loss	: 0.0895
Coral_loss	: 0.0000
MMD_loss	: 0.8241
cond_ent_wt	: 4.8281
Src_reg_loss	: 0.0329
-------------------------------------
[Epoch : 198/500]
Total_loss	: 0.0894
Coral_loss	: 0.0000
MMD_loss	: 0.8229
cond_ent_wt	: 4.8280
Src_reg_loss	: 0.0329
-------------------------------------
[Epoch : 199/500]
Total_loss	: 0.0893
Coral_loss	: 0.0000
MMD_loss	: 0.8218
cond_ent_wt	: 4.8280
Src_reg_loss	: 0.0328
-------------------------------------
[Epoch : 200/500]
Total_loss	: 0.0892
Coral_loss	: 0.0000
MMD_loss	: 0.8206
cond_ent_wt	: 4.8280
Src_reg_loss	: 0.0327
-------------------------------------
[Epoch : 201/500]
Total_loss	: 0.0891
Coral_loss	: 0.0000
MMD_loss	: 0.8195
cond_ent_wt	: 4.8280
Src_reg_loss	: 0.0326
-------------------------------------
[Epoch : 202/500]
Total_loss	: 0.0890
Coral_loss	: 0.0000
MMD_loss	: 0.8183
cond_ent_wt	: 4.8280
Src_reg_loss	: 0.0325
-------------------------------------
[Epoch : 203/500]
Total_loss	: 0.0889
Coral_loss	: 0.0000
MMD_loss	: 0.8172
cond_ent_wt	: 4.8280
Src_reg_loss	: 0.0325
-------------------------------------
[Epoch : 204/500]
Total_loss	: 0.0888
Coral_loss	: 0.0000
MMD_loss	: 0.8161
cond_ent_wt	: 4.8280
Src_reg_loss	: 0.0324
-------------------------------------
[Epoch : 205/500]
Total_loss	: 0.0887
Coral_loss	: 0.0000
MMD_loss	: 0.8150
cond_ent_wt	: 4.8280
Src_reg_loss	: 0.0323
-------------------------------------
[Epoch : 206/500]
Total_loss	: 0.0886
Coral_loss	: 0.0000
MMD_loss	: 0.8139
cond_ent_wt	: 4.8280
Src_reg_loss	: 0.0322
-------------------------------------
[Epoch : 207/500]
Total_loss	: 0.0886
Coral_loss	: 0.0000
MMD_loss	: 0.8128
cond_ent_wt	: 4.8280
Src_reg_loss	: 0.0321
-------------------------------------
[Epoch : 208/500]
Total_loss	: 0.0885
Coral_loss	: 0.0000
MMD_loss	: 0.8117
cond_ent_wt	: 4.8280
Src_reg_loss	: 0.0321
-------------------------------------
[Epoch : 209/500]
Total_loss	: 0.0884
Coral_loss	: 0.0000
MMD_loss	: 0.8106
cond_ent_wt	: 4.8280
Src_reg_loss	: 0.0320
-------------------------------------
[Epoch : 210/500]
Total_loss	: 0.0883
Coral_loss	: 0.0000
MMD_loss	: 0.8095
cond_ent_wt	: 4.8280
Src_reg_loss	: 0.0319
-------------------------------------
[Epoch : 211/500]
Total_loss	: 0.0882
Coral_loss	: 0.0000
MMD_loss	: 0.8085
cond_ent_wt	: 4.8280
Src_reg_loss	: 0.0318
-------------------------------------
[Epoch : 212/500]
Total_loss	: 0.0881
Coral_loss	: 0.0000
MMD_loss	: 0.8074
cond_ent_wt	: 4.8280
Src_reg_loss	: 0.0318
-------------------------------------
[Epoch : 213/500]
Total_loss	: 0.0880
Coral_loss	: 0.0000
MMD_loss	: 0.8064
cond_ent_wt	: 4.8280
Src_reg_loss	: 0.0317
-------------------------------------
[Epoch : 214/500]
Total_loss	: 0.0879
Coral_loss	: 0.0000
MMD_loss	: 0.8053
cond_ent_wt	: 4.8279
Src_reg_loss	: 0.0316
-------------------------------------
[Epoch : 215/500]
Total_loss	: 0.0879
Coral_loss	: 0.0000
MMD_loss	: 0.8043
cond_ent_wt	: 4.8279
Src_reg_loss	: 0.0315
-------------------------------------
[Epoch : 216/500]
Total_loss	: 0.0878
Coral_loss	: 0.0000
MMD_loss	: 0.8033
cond_ent_wt	: 4.8279
Src_reg_loss	: 0.0315
-------------------------------------
[Epoch : 217/500]
Total_loss	: 0.0877
Coral_loss	: 0.0000
MMD_loss	: 0.8022
cond_ent_wt	: 4.8279
Src_reg_loss	: 0.0314
-------------------------------------
[Epoch : 218/500]
Total_loss	: 0.0876
Coral_loss	: 0.0000
MMD_loss	: 0.8012
cond_ent_wt	: 4.8279
Src_reg_loss	: 0.0313
-------------------------------------
[Epoch : 219/500]
Total_loss	: 0.0875
Coral_loss	: 0.0000
MMD_loss	: 0.8002
cond_ent_wt	: 4.8279
Src_reg_loss	: 0.0312
-------------------------------------
[Epoch : 220/500]
Total_loss	: 0.0874
Coral_loss	: 0.0000
MMD_loss	: 0.7992
cond_ent_wt	: 4.8279
Src_reg_loss	: 0.0312
-------------------------------------
[Epoch : 221/500]
Total_loss	: 0.0874
Coral_loss	: 0.0000
MMD_loss	: 0.7982
cond_ent_wt	: 4.8279
Src_reg_loss	: 0.0311
-------------------------------------
[Epoch : 222/500]
Total_loss	: 0.0873
Coral_loss	: 0.0000
MMD_loss	: 0.7972
cond_ent_wt	: 4.8279
Src_reg_loss	: 0.0310
-------------------------------------
[Epoch : 223/500]
Total_loss	: 0.0872
Coral_loss	: 0.0000
MMD_loss	: 0.7962
cond_ent_wt	: 4.8279
Src_reg_loss	: 0.0309
-------------------------------------
[Epoch : 224/500]
Total_loss	: 0.0871
Coral_loss	: 0.0000
MMD_loss	: 0.7953
cond_ent_wt	: 4.8278
Src_reg_loss	: 0.0309
-------------------------------------
[Epoch : 225/500]
Total_loss	: 0.0870
Coral_loss	: 0.0000
MMD_loss	: 0.7943
cond_ent_wt	: 4.8278
Src_reg_loss	: 0.0308
-------------------------------------
[Epoch : 226/500]
Total_loss	: 0.0870
Coral_loss	: 0.0000
MMD_loss	: 0.7933
cond_ent_wt	: 4.8278
Src_reg_loss	: 0.0307
-------------------------------------
[Epoch : 227/500]
Total_loss	: 0.0869
Coral_loss	: 0.0000
MMD_loss	: 0.7924
cond_ent_wt	: 4.8278
Src_reg_loss	: 0.0307
-------------------------------------
[Epoch : 228/500]
Total_loss	: 0.0868
Coral_loss	: 0.0000
MMD_loss	: 0.7914
cond_ent_wt	: 4.8278
Src_reg_loss	: 0.0306
-------------------------------------
[Epoch : 229/500]
Total_loss	: 0.0867
Coral_loss	: 0.0000
MMD_loss	: 0.7905
cond_ent_wt	: 4.8278
Src_reg_loss	: 0.0305
-------------------------------------
[Epoch : 230/500]
Total_loss	: 0.0866
Coral_loss	: 0.0000
MMD_loss	: 0.7895
cond_ent_wt	: 4.8278
Src_reg_loss	: 0.0305
-------------------------------------
[Epoch : 231/500]
Total_loss	: 0.0866
Coral_loss	: 0.0000
MMD_loss	: 0.7886
cond_ent_wt	: 4.8278
Src_reg_loss	: 0.0304
-------------------------------------
[Epoch : 232/500]
Total_loss	: 0.0865
Coral_loss	: 0.0000
MMD_loss	: 0.7877
cond_ent_wt	: 4.8277
Src_reg_loss	: 0.0303
-------------------------------------
[Epoch : 233/500]
Total_loss	: 0.0864
Coral_loss	: 0.0000
MMD_loss	: 0.7867
cond_ent_wt	: 4.8277
Src_reg_loss	: 0.0302
-------------------------------------
[Epoch : 234/500]
Total_loss	: 0.0863
Coral_loss	: 0.0000
MMD_loss	: 0.7858
cond_ent_wt	: 4.8277
Src_reg_loss	: 0.0302
-------------------------------------
[Epoch : 235/500]
Total_loss	: 0.0862
Coral_loss	: 0.0000
MMD_loss	: 0.7849
cond_ent_wt	: 4.8277
Src_reg_loss	: 0.0301
-------------------------------------
[Epoch : 236/500]
Total_loss	: 0.0862
Coral_loss	: 0.0000
MMD_loss	: 0.7840
cond_ent_wt	: 4.8277
Src_reg_loss	: 0.0300
-------------------------------------
[Epoch : 237/500]
Total_loss	: 0.0861
Coral_loss	: 0.0000
MMD_loss	: 0.7831
cond_ent_wt	: 4.8277
Src_reg_loss	: 0.0300
-------------------------------------
[Epoch : 238/500]
Total_loss	: 0.0860
Coral_loss	: 0.0000
MMD_loss	: 0.7822
cond_ent_wt	: 4.8276
Src_reg_loss	: 0.0299
-------------------------------------
[Epoch : 239/500]
Total_loss	: 0.0859
Coral_loss	: 0.0000
MMD_loss	: 0.7813
cond_ent_wt	: 4.8276
Src_reg_loss	: 0.0299
-------------------------------------
[Epoch : 240/500]
Total_loss	: 0.0859
Coral_loss	: 0.0000
MMD_loss	: 0.7804
cond_ent_wt	: 4.8276
Src_reg_loss	: 0.0298
-------------------------------------
[Epoch : 241/500]
Total_loss	: 0.0858
Coral_loss	: 0.0000
MMD_loss	: 0.7795
cond_ent_wt	: 4.8276
Src_reg_loss	: 0.0297
-------------------------------------
[Epoch : 242/500]
Total_loss	: 0.0857
Coral_loss	: 0.0000
MMD_loss	: 0.7787
cond_ent_wt	: 4.8276
Src_reg_loss	: 0.0297
-------------------------------------
[Epoch : 243/500]
Total_loss	: 0.0857
Coral_loss	: 0.0000
MMD_loss	: 0.7778
cond_ent_wt	: 4.8276
Src_reg_loss	: 0.0296
-------------------------------------
[Epoch : 244/500]
Total_loss	: 0.0856
Coral_loss	: 0.0000
MMD_loss	: 0.7769
cond_ent_wt	: 4.8275
Src_reg_loss	: 0.0295
-------------------------------------
[Epoch : 245/500]
Total_loss	: 0.0855
Coral_loss	: 0.0000
MMD_loss	: 0.7761
cond_ent_wt	: 4.8275
Src_reg_loss	: 0.0295
-------------------------------------
[Epoch : 246/500]
Total_loss	: 0.0854
Coral_loss	: 0.0000
MMD_loss	: 0.7752
cond_ent_wt	: 4.8275
Src_reg_loss	: 0.0294
-------------------------------------
[Epoch : 247/500]
Total_loss	: 0.0854
Coral_loss	: 0.0000
MMD_loss	: 0.7744
cond_ent_wt	: 4.8275
Src_reg_loss	: 0.0293
-------------------------------------
[Epoch : 248/500]
Total_loss	: 0.0853
Coral_loss	: 0.0000
MMD_loss	: 0.7735
cond_ent_wt	: 4.8275
Src_reg_loss	: 0.0293
-------------------------------------
[Epoch : 249/500]
Total_loss	: 0.0852
Coral_loss	: 0.0000
MMD_loss	: 0.7727
cond_ent_wt	: 4.8274
Src_reg_loss	: 0.0292
-------------------------------------
[Epoch : 250/500]
Total_loss	: 0.0852
Coral_loss	: 0.0000
MMD_loss	: 0.7719
cond_ent_wt	: 4.8274
Src_reg_loss	: 0.0292
-------------------------------------
[Epoch : 251/500]
Total_loss	: 0.0851
Coral_loss	: 0.0000
MMD_loss	: 0.7710
cond_ent_wt	: 4.8274
Src_reg_loss	: 0.0291
-------------------------------------
[Epoch : 252/500]
Total_loss	: 0.0850
Coral_loss	: 0.0000
MMD_loss	: 0.7702
cond_ent_wt	: 4.8274
Src_reg_loss	: 0.0290
-------------------------------------
[Epoch : 253/500]
Total_loss	: 0.0849
Coral_loss	: 0.0000
MMD_loss	: 0.7694
cond_ent_wt	: 4.8273
Src_reg_loss	: 0.0290
-------------------------------------
[Epoch : 254/500]
Total_loss	: 0.0849
Coral_loss	: 0.0000
MMD_loss	: 0.7686
cond_ent_wt	: 4.8273
Src_reg_loss	: 0.0289
-------------------------------------
[Epoch : 255/500]
Total_loss	: 0.0848
Coral_loss	: 0.0000
MMD_loss	: 0.7678
cond_ent_wt	: 4.8273
Src_reg_loss	: 0.0289
-------------------------------------
[Epoch : 256/500]
Total_loss	: 0.0847
Coral_loss	: 0.0000
MMD_loss	: 0.7670
cond_ent_wt	: 4.8273
Src_reg_loss	: 0.0288
-------------------------------------
[Epoch : 257/500]
Total_loss	: 0.0847
Coral_loss	: 0.0000
MMD_loss	: 0.7662
cond_ent_wt	: 4.8273
Src_reg_loss	: 0.0287
-------------------------------------
[Epoch : 258/500]
Total_loss	: 0.0846
Coral_loss	: 0.0000
MMD_loss	: 0.7654
cond_ent_wt	: 4.8272
Src_reg_loss	: 0.0287
-------------------------------------
[Epoch : 259/500]
Total_loss	: 0.0845
Coral_loss	: 0.0000
MMD_loss	: 0.7646
cond_ent_wt	: 4.8272
Src_reg_loss	: 0.0286
-------------------------------------
[Epoch : 260/500]
Total_loss	: 0.0845
Coral_loss	: 0.0000
MMD_loss	: 0.7639
cond_ent_wt	: 4.8272
Src_reg_loss	: 0.0286
-------------------------------------
[Epoch : 261/500]
Total_loss	: 0.0844
Coral_loss	: 0.0000
MMD_loss	: 0.7631
cond_ent_wt	: 4.8271
Src_reg_loss	: 0.0285
-------------------------------------
[Epoch : 262/500]
Total_loss	: 0.0843
Coral_loss	: 0.0000
MMD_loss	: 0.7623
cond_ent_wt	: 4.8271
Src_reg_loss	: 0.0284
-------------------------------------
[Epoch : 263/500]
Total_loss	: 0.0843
Coral_loss	: 0.0000
MMD_loss	: 0.7616
cond_ent_wt	: 4.8271
Src_reg_loss	: 0.0284
-------------------------------------
[Epoch : 264/500]
Total_loss	: 0.0842
Coral_loss	: 0.0000
MMD_loss	: 0.7608
cond_ent_wt	: 4.8271
Src_reg_loss	: 0.0283
-------------------------------------
[Epoch : 265/500]
Total_loss	: 0.0842
Coral_loss	: 0.0000
MMD_loss	: 0.7601
cond_ent_wt	: 4.8270
Src_reg_loss	: 0.0283
-------------------------------------
[Epoch : 266/500]
Total_loss	: 0.0841
Coral_loss	: 0.0000
MMD_loss	: 0.7593
cond_ent_wt	: 4.8270
Src_reg_loss	: 0.0282
-------------------------------------
[Epoch : 267/500]
Total_loss	: 0.0840
Coral_loss	: 0.0000
MMD_loss	: 0.7586
cond_ent_wt	: 4.8270
Src_reg_loss	: 0.0282
-------------------------------------
[Epoch : 268/500]
Total_loss	: 0.0840
Coral_loss	: 0.0000
MMD_loss	: 0.7578
cond_ent_wt	: 4.8269
Src_reg_loss	: 0.0281
-------------------------------------
[Epoch : 269/500]
Total_loss	: 0.0839
Coral_loss	: 0.0000
MMD_loss	: 0.7571
cond_ent_wt	: 4.8269
Src_reg_loss	: 0.0280
-------------------------------------
[Epoch : 270/500]
Total_loss	: 0.0838
Coral_loss	: 0.0000
MMD_loss	: 0.7564
cond_ent_wt	: 4.8269
Src_reg_loss	: 0.0280
-------------------------------------
[Epoch : 271/500]
Total_loss	: 0.0838
Coral_loss	: 0.0000
MMD_loss	: 0.7557
cond_ent_wt	: 4.8269
Src_reg_loss	: 0.0279
-------------------------------------
[Epoch : 272/500]
Total_loss	: 0.0837
Coral_loss	: 0.0000
MMD_loss	: 0.7550
cond_ent_wt	: 4.8268
Src_reg_loss	: 0.0279
-------------------------------------
[Epoch : 273/500]
Total_loss	: 0.0836
Coral_loss	: 0.0000
MMD_loss	: 0.7543
cond_ent_wt	: 4.8268
Src_reg_loss	: 0.0278
-------------------------------------
[Epoch : 274/500]
Total_loss	: 0.0836
Coral_loss	: 0.0000
MMD_loss	: 0.7536
cond_ent_wt	: 4.8267
Src_reg_loss	: 0.0278
-------------------------------------
[Epoch : 275/500]
Total_loss	: 0.0835
Coral_loss	: 0.0000
MMD_loss	: 0.7529
cond_ent_wt	: 4.8267
Src_reg_loss	: 0.0277
-------------------------------------
[Epoch : 276/500]
Total_loss	: 0.0835
Coral_loss	: 0.0000
MMD_loss	: 0.7522
cond_ent_wt	: 4.8267
Src_reg_loss	: 0.0277
-------------------------------------
[Epoch : 277/500]
Total_loss	: 0.0834
Coral_loss	: 0.0000
MMD_loss	: 0.7515
cond_ent_wt	: 4.8266
Src_reg_loss	: 0.0276
-------------------------------------
[Epoch : 278/500]
Total_loss	: 0.0833
Coral_loss	: 0.0000
MMD_loss	: 0.7508
cond_ent_wt	: 4.8266
Src_reg_loss	: 0.0276
-------------------------------------
[Epoch : 279/500]
Total_loss	: 0.0833
Coral_loss	: 0.0000
MMD_loss	: 0.7501
cond_ent_wt	: 4.8266
Src_reg_loss	: 0.0275
-------------------------------------
[Epoch : 280/500]
Total_loss	: 0.0832
Coral_loss	: 0.0000
MMD_loss	: 0.7495
cond_ent_wt	: 4.8265
Src_reg_loss	: 0.0275
-------------------------------------
[Epoch : 281/500]
Total_loss	: 0.0832
Coral_loss	: 0.0000
MMD_loss	: 0.7488
cond_ent_wt	: 4.8265
Src_reg_loss	: 0.0274
-------------------------------------
[Epoch : 282/500]
Total_loss	: 0.0831
Coral_loss	: 0.0000
MMD_loss	: 0.7482
cond_ent_wt	: 4.8265
Src_reg_loss	: 0.0274
-------------------------------------
[Epoch : 283/500]
Total_loss	: 0.0831
Coral_loss	: 0.0000
MMD_loss	: 0.7475
cond_ent_wt	: 4.8264
Src_reg_loss	: 0.0273
-------------------------------------
[Epoch : 284/500]
Total_loss	: 0.0830
Coral_loss	: 0.0000
MMD_loss	: 0.7469
cond_ent_wt	: 4.8264
Src_reg_loss	: 0.0273
-------------------------------------
[Epoch : 285/500]
Total_loss	: 0.0829
Coral_loss	: 0.0000
MMD_loss	: 0.7462
cond_ent_wt	: 4.8263
Src_reg_loss	: 0.0272
-------------------------------------
[Epoch : 286/500]
Total_loss	: 0.0829
Coral_loss	: 0.0000
MMD_loss	: 0.7456
cond_ent_wt	: 4.8263
Src_reg_loss	: 0.0271
-------------------------------------
[Epoch : 287/500]
Total_loss	: 0.0828
Coral_loss	: 0.0000
MMD_loss	: 0.7450
cond_ent_wt	: 4.8263
Src_reg_loss	: 0.0271
-------------------------------------
[Epoch : 288/500]
Total_loss	: 0.0828
Coral_loss	: 0.0000
MMD_loss	: 0.7443
cond_ent_wt	: 4.8262
Src_reg_loss	: 0.0270
-------------------------------------
[Epoch : 289/500]
Total_loss	: 0.0827
Coral_loss	: 0.0000
MMD_loss	: 0.7437
cond_ent_wt	: 4.8262
Src_reg_loss	: 0.0270
-------------------------------------
[Epoch : 290/500]
Total_loss	: 0.0827
Coral_loss	: 0.0000
MMD_loss	: 0.7431
cond_ent_wt	: 4.8261
Src_reg_loss	: 0.0269
-------------------------------------
[Epoch : 291/500]
Total_loss	: 0.0826
Coral_loss	: 0.0000
MMD_loss	: 0.7425
cond_ent_wt	: 4.8261
Src_reg_loss	: 0.0269
-------------------------------------
[Epoch : 292/500]
Total_loss	: 0.0825
Coral_loss	: 0.0000
MMD_loss	: 0.7419
cond_ent_wt	: 4.8260
Src_reg_loss	: 0.0269
-------------------------------------
[Epoch : 293/500]
Total_loss	: 0.0825
Coral_loss	: 0.0000
MMD_loss	: 0.7413
cond_ent_wt	: 4.8260
Src_reg_loss	: 0.0268
-------------------------------------
[Epoch : 294/500]
Total_loss	: 0.0824
Coral_loss	: 0.0000
MMD_loss	: 0.7407
cond_ent_wt	: 4.8259
Src_reg_loss	: 0.0268
-------------------------------------
[Epoch : 295/500]
Total_loss	: 0.0824
Coral_loss	: 0.0000
MMD_loss	: 0.7401
cond_ent_wt	: 4.8259
Src_reg_loss	: 0.0267
-------------------------------------
[Epoch : 296/500]
Total_loss	: 0.0823
Coral_loss	: 0.0000
MMD_loss	: 0.7396
cond_ent_wt	: 4.8258
Src_reg_loss	: 0.0267
-------------------------------------
[Epoch : 297/500]
Total_loss	: 0.0823
Coral_loss	: 0.0000
MMD_loss	: 0.7390
cond_ent_wt	: 4.8258
Src_reg_loss	: 0.0266
-------------------------------------
[Epoch : 298/500]
Total_loss	: 0.0822
Coral_loss	: 0.0000
MMD_loss	: 0.7384
cond_ent_wt	: 4.8257
Src_reg_loss	: 0.0266
-------------------------------------
[Epoch : 299/500]
Total_loss	: 0.0822
Coral_loss	: 0.0000
MMD_loss	: 0.7379
cond_ent_wt	: 4.8257
Src_reg_loss	: 0.0265
-------------------------------------
[Epoch : 300/500]
Total_loss	: 0.0821
Coral_loss	: 0.0000
MMD_loss	: 0.7373
cond_ent_wt	: 4.8256
Src_reg_loss	: 0.0265
-------------------------------------
[Epoch : 301/500]
Total_loss	: 0.0821
Coral_loss	: 0.0000
MMD_loss	: 0.7368
cond_ent_wt	: 4.8256
Src_reg_loss	: 0.0264
-------------------------------------
[Epoch : 302/500]
Total_loss	: 0.0820
Coral_loss	: 0.0000
MMD_loss	: 0.7362
cond_ent_wt	: 4.8255
Src_reg_loss	: 0.0264
-------------------------------------
[Epoch : 303/500]
Total_loss	: 0.0819
Coral_loss	: 0.0000
MMD_loss	: 0.7357
cond_ent_wt	: 4.8255
Src_reg_loss	: 0.0263
-------------------------------------
[Epoch : 304/500]
Total_loss	: 0.0819
Coral_loss	: 0.0000
MMD_loss	: 0.7351
cond_ent_wt	: 4.8254
Src_reg_loss	: 0.0263
-------------------------------------
[Epoch : 305/500]
Total_loss	: 0.0818
Coral_loss	: 0.0000
MMD_loss	: 0.7346
cond_ent_wt	: 4.8254
Src_reg_loss	: 0.0262
-------------------------------------
[Epoch : 306/500]
Total_loss	: 0.0818
Coral_loss	: 0.0000
MMD_loss	: 0.7341
cond_ent_wt	: 4.8253
Src_reg_loss	: 0.0262
-------------------------------------
[Epoch : 307/500]
Total_loss	: 0.0817
Coral_loss	: 0.0000
MMD_loss	: 0.7336
cond_ent_wt	: 4.8253
Src_reg_loss	: 0.0261
-------------------------------------
[Epoch : 308/500]
Total_loss	: 0.0817
Coral_loss	: 0.0000
MMD_loss	: 0.7331
cond_ent_wt	: 4.8252
Src_reg_loss	: 0.0261
-------------------------------------
[Epoch : 309/500]
Total_loss	: 0.0816
Coral_loss	: 0.0000
MMD_loss	: 0.7326
cond_ent_wt	: 4.8252
Src_reg_loss	: 0.0261
-------------------------------------
[Epoch : 310/500]
Total_loss	: 0.0816
Coral_loss	: 0.0000
MMD_loss	: 0.7321
cond_ent_wt	: 4.8251
Src_reg_loss	: 0.0260
-------------------------------------
[Epoch : 311/500]
Total_loss	: 0.0815
Coral_loss	: 0.0000
MMD_loss	: 0.7316
cond_ent_wt	: 4.8250
Src_reg_loss	: 0.0260
-------------------------------------
[Epoch : 312/500]
Total_loss	: 0.0815
Coral_loss	: 0.0000
MMD_loss	: 0.7311
cond_ent_wt	: 4.8250
Src_reg_loss	: 0.0259
-------------------------------------
[Epoch : 313/500]
Total_loss	: 0.0814
Coral_loss	: 0.0000
MMD_loss	: 0.7306
cond_ent_wt	: 4.8249
Src_reg_loss	: 0.0259
-------------------------------------
[Epoch : 314/500]
Total_loss	: 0.0814
Coral_loss	: 0.0000
MMD_loss	: 0.7301
cond_ent_wt	: 4.8248
Src_reg_loss	: 0.0258
-------------------------------------
[Epoch : 315/500]
Total_loss	: 0.0813
Coral_loss	: 0.0000
MMD_loss	: 0.7296
cond_ent_wt	: 4.8248
Src_reg_loss	: 0.0258
-------------------------------------
[Epoch : 316/500]
Total_loss	: 0.0813
Coral_loss	: 0.0000
MMD_loss	: 0.7292
cond_ent_wt	: 4.8247
Src_reg_loss	: 0.0257
-------------------------------------
[Epoch : 317/500]
Total_loss	: 0.0812
Coral_loss	: 0.0000
MMD_loss	: 0.7287
cond_ent_wt	: 4.8247
Src_reg_loss	: 0.0257
-------------------------------------
[Epoch : 318/500]
Total_loss	: 0.0812
Coral_loss	: 0.0000
MMD_loss	: 0.7282
cond_ent_wt	: 4.8246
Src_reg_loss	: 0.0257
-------------------------------------
[Epoch : 319/500]
Total_loss	: 0.0812
Coral_loss	: 0.0000
MMD_loss	: 0.7278
cond_ent_wt	: 4.8245
Src_reg_loss	: 0.0256
-------------------------------------
[Epoch : 320/500]
Total_loss	: 0.0811
Coral_loss	: 0.0000
MMD_loss	: 0.7273
cond_ent_wt	: 4.8245
Src_reg_loss	: 0.0256
-------------------------------------
[Epoch : 321/500]
Total_loss	: 0.0811
Coral_loss	: 0.0000
MMD_loss	: 0.7269
cond_ent_wt	: 4.8244
Src_reg_loss	: 0.0255
-------------------------------------
[Epoch : 322/500]
Total_loss	: 0.0810
Coral_loss	: 0.0000
MMD_loss	: 0.7265
cond_ent_wt	: 4.8243
Src_reg_loss	: 0.0255
-------------------------------------
[Epoch : 323/500]
Total_loss	: 0.0810
Coral_loss	: 0.0000
MMD_loss	: 0.7260
cond_ent_wt	: 4.8242
Src_reg_loss	: 0.0255
-------------------------------------
[Epoch : 324/500]
Total_loss	: 0.0809
Coral_loss	: 0.0000
MMD_loss	: 0.7256
cond_ent_wt	: 4.8242
Src_reg_loss	: 0.0254
-------------------------------------
[Epoch : 325/500]
Total_loss	: 0.0809
Coral_loss	: 0.0000
MMD_loss	: 0.7252
cond_ent_wt	: 4.8241
Src_reg_loss	: 0.0254
-------------------------------------
[Epoch : 326/500]
Total_loss	: 0.0808
Coral_loss	: 0.0000
MMD_loss	: 0.7248
cond_ent_wt	: 4.8240
Src_reg_loss	: 0.0253
-------------------------------------
[Epoch : 327/500]
Total_loss	: 0.0808
Coral_loss	: 0.0000
MMD_loss	: 0.7244
cond_ent_wt	: 4.8240
Src_reg_loss	: 0.0253
-------------------------------------
[Epoch : 328/500]
Total_loss	: 0.0807
Coral_loss	: 0.0000
MMD_loss	: 0.7240
cond_ent_wt	: 4.8239
Src_reg_loss	: 0.0252
-------------------------------------
[Epoch : 329/500]
Total_loss	: 0.0807
Coral_loss	: 0.0000
MMD_loss	: 0.7236
cond_ent_wt	: 4.8238
Src_reg_loss	: 0.0252
-------------------------------------
[Epoch : 330/500]
Total_loss	: 0.0806
Coral_loss	: 0.0000
MMD_loss	: 0.7232
cond_ent_wt	: 4.8237
Src_reg_loss	: 0.0252
-------------------------------------
[Epoch : 331/500]
Total_loss	: 0.0806
Coral_loss	: 0.0000
MMD_loss	: 0.7228
cond_ent_wt	: 4.8236
Src_reg_loss	: 0.0251
-------------------------------------
[Epoch : 332/500]
Total_loss	: 0.0806
Coral_loss	: 0.0000
MMD_loss	: 0.7224
cond_ent_wt	: 4.8236
Src_reg_loss	: 0.0251
-------------------------------------
[Epoch : 333/500]
Total_loss	: 0.0805
Coral_loss	: 0.0000
MMD_loss	: 0.7220
cond_ent_wt	: 4.8235
Src_reg_loss	: 0.0250
-------------------------------------
[Epoch : 334/500]
Total_loss	: 0.0805
Coral_loss	: 0.0000
MMD_loss	: 0.7217
cond_ent_wt	: 4.8234
Src_reg_loss	: 0.0250
-------------------------------------
[Epoch : 335/500]
Total_loss	: 0.0804
Coral_loss	: 0.0000
MMD_loss	: 0.7213
cond_ent_wt	: 4.8233
Src_reg_loss	: 0.0250
-------------------------------------
[Epoch : 336/500]
Total_loss	: 0.0804
Coral_loss	: 0.0000
MMD_loss	: 0.7209
cond_ent_wt	: 4.8232
Src_reg_loss	: 0.0249
-------------------------------------
[Epoch : 337/500]
Total_loss	: 0.0803
Coral_loss	: 0.0000
MMD_loss	: 0.7206
cond_ent_wt	: 4.8232
Src_reg_loss	: 0.0249
-------------------------------------
[Epoch : 338/500]
Total_loss	: 0.0803
Coral_loss	: 0.0000
MMD_loss	: 0.7202
cond_ent_wt	: 4.8231
Src_reg_loss	: 0.0249
-------------------------------------
[Epoch : 339/500]
Total_loss	: 0.0803
Coral_loss	: 0.0000
MMD_loss	: 0.7199
cond_ent_wt	: 4.8230
Src_reg_loss	: 0.0248
-------------------------------------
[Epoch : 340/500]
Total_loss	: 0.0802
Coral_loss	: 0.0000
MMD_loss	: 0.7195
cond_ent_wt	: 4.8229
Src_reg_loss	: 0.0248
-------------------------------------
[Epoch : 341/500]
Total_loss	: 0.0802
Coral_loss	: 0.0000
MMD_loss	: 0.7192
cond_ent_wt	: 4.8228
Src_reg_loss	: 0.0247
-------------------------------------
[Epoch : 342/500]
Total_loss	: 0.0801
Coral_loss	: 0.0000
MMD_loss	: 0.7189
cond_ent_wt	: 4.8227
Src_reg_loss	: 0.0247
-------------------------------------
[Epoch : 343/500]
Total_loss	: 0.0801
Coral_loss	: 0.0000
MMD_loss	: 0.7186
cond_ent_wt	: 4.8226
Src_reg_loss	: 0.0247
-------------------------------------
[Epoch : 344/500]
Total_loss	: 0.0800
Coral_loss	: 0.0000
MMD_loss	: 0.7182
cond_ent_wt	: 4.8225
Src_reg_loss	: 0.0246
-------------------------------------
[Epoch : 345/500]
Total_loss	: 0.0800
Coral_loss	: 0.0000
MMD_loss	: 0.7179
cond_ent_wt	: 4.8224
Src_reg_loss	: 0.0246
-------------------------------------
[Epoch : 346/500]
Total_loss	: 0.0800
Coral_loss	: 0.0000
MMD_loss	: 0.7176
cond_ent_wt	: 4.8223
Src_reg_loss	: 0.0245
-------------------------------------
[Epoch : 347/500]
Total_loss	: 0.0799
Coral_loss	: 0.0000
MMD_loss	: 0.7173
cond_ent_wt	: 4.8222
Src_reg_loss	: 0.0245
-------------------------------------
[Epoch : 348/500]
Total_loss	: 0.0799
Coral_loss	: 0.0000
MMD_loss	: 0.7170
cond_ent_wt	: 4.8221
Src_reg_loss	: 0.0245
-------------------------------------
[Epoch : 349/500]
Total_loss	: 0.0798
Coral_loss	: 0.0000
MMD_loss	: 0.7167
cond_ent_wt	: 4.8220
Src_reg_loss	: 0.0244
-------------------------------------
[Epoch : 350/500]
Total_loss	: 0.0798
Coral_loss	: 0.0000
MMD_loss	: 0.7164
cond_ent_wt	: 4.8219
Src_reg_loss	: 0.0244
-------------------------------------
[Epoch : 351/500]
Total_loss	: 0.0798
Coral_loss	: 0.0000
MMD_loss	: 0.7162
cond_ent_wt	: 4.8218
Src_reg_loss	: 0.0244
-------------------------------------
[Epoch : 352/500]
Total_loss	: 0.0797
Coral_loss	: 0.0000
MMD_loss	: 0.7159
cond_ent_wt	: 4.8217
Src_reg_loss	: 0.0243
-------------------------------------
[Epoch : 353/500]
Total_loss	: 0.0797
Coral_loss	: 0.0000
MMD_loss	: 0.7156
cond_ent_wt	: 4.8216
Src_reg_loss	: 0.0243
-------------------------------------
[Epoch : 354/500]
Total_loss	: 0.0796
Coral_loss	: 0.0000
MMD_loss	: 0.7154
cond_ent_wt	: 4.8215
Src_reg_loss	: 0.0243
-------------------------------------
[Epoch : 355/500]
Total_loss	: 0.0796
Coral_loss	: 0.0000
MMD_loss	: 0.7151
cond_ent_wt	: 4.8214
Src_reg_loss	: 0.0242
-------------------------------------
[Epoch : 356/500]
Total_loss	: 0.0796
Coral_loss	: 0.0000
MMD_loss	: 0.7148
cond_ent_wt	: 4.8213
Src_reg_loss	: 0.0242
-------------------------------------
[Epoch : 357/500]
Total_loss	: 0.0795
Coral_loss	: 0.0000
MMD_loss	: 0.7146
cond_ent_wt	: 4.8212
Src_reg_loss	: 0.0242
-------------------------------------
[Epoch : 358/500]
Total_loss	: 0.0795
Coral_loss	: 0.0000
MMD_loss	: 0.7143
cond_ent_wt	: 4.8211
Src_reg_loss	: 0.0241
-------------------------------------
[Epoch : 359/500]
Total_loss	: 0.0794
Coral_loss	: 0.0000
MMD_loss	: 0.7141
cond_ent_wt	: 4.8210
Src_reg_loss	: 0.0241
-------------------------------------
[Epoch : 360/500]
Total_loss	: 0.0794
Coral_loss	: 0.0000
MMD_loss	: 0.7139
cond_ent_wt	: 4.8209
Src_reg_loss	: 0.0240
-------------------------------------
[Epoch : 361/500]
Total_loss	: 0.0794
Coral_loss	: 0.0000
MMD_loss	: 0.7136
cond_ent_wt	: 4.8207
Src_reg_loss	: 0.0240
-------------------------------------
[Epoch : 362/500]
Total_loss	: 0.0793
Coral_loss	: 0.0000
MMD_loss	: 0.7134
cond_ent_wt	: 4.8206
Src_reg_loss	: 0.0240
-------------------------------------
[Epoch : 363/500]
Total_loss	: 0.0793
Coral_loss	: 0.0000
MMD_loss	: 0.7132
cond_ent_wt	: 4.8205
Src_reg_loss	: 0.0239
-------------------------------------
[Epoch : 364/500]
Total_loss	: 0.0793
Coral_loss	: 0.0000
MMD_loss	: 0.7130
cond_ent_wt	: 4.8204
Src_reg_loss	: 0.0239
-------------------------------------
[Epoch : 365/500]
Total_loss	: 0.0792
Coral_loss	: 0.0000
MMD_loss	: 0.7128
cond_ent_wt	: 4.8203
Src_reg_loss	: 0.0239
-------------------------------------
[Epoch : 366/500]
Total_loss	: 0.0792
Coral_loss	: 0.0000
MMD_loss	: 0.7126
cond_ent_wt	: 4.8201
Src_reg_loss	: 0.0238
-------------------------------------
[Epoch : 367/500]
Total_loss	: 0.0791
Coral_loss	: 0.0000
MMD_loss	: 0.7124
cond_ent_wt	: 4.8200
Src_reg_loss	: 0.0238
-------------------------------------
[Epoch : 368/500]
Total_loss	: 0.0791
Coral_loss	: 0.0000
MMD_loss	: 0.7122
cond_ent_wt	: 4.8199
Src_reg_loss	: 0.0238
-------------------------------------
[Epoch : 369/500]
Total_loss	: 0.0791
Coral_loss	: 0.0000
MMD_loss	: 0.7120
cond_ent_wt	: 4.8198
Src_reg_loss	: 0.0237
-------------------------------------
[Epoch : 370/500]
Total_loss	: 0.0790
Coral_loss	: 0.0000
MMD_loss	: 0.7118
cond_ent_wt	: 4.8196
Src_reg_loss	: 0.0237
-------------------------------------
[Epoch : 371/500]
Total_loss	: 0.0790
Coral_loss	: 0.0000
MMD_loss	: 0.7116
cond_ent_wt	: 4.8195
Src_reg_loss	: 0.0237
-------------------------------------
[Epoch : 372/500]
Total_loss	: 0.0790
Coral_loss	: 0.0000
MMD_loss	: 0.7115
cond_ent_wt	: 4.8194
Src_reg_loss	: 0.0236
-------------------------------------
[Epoch : 373/500]
Total_loss	: 0.0789
Coral_loss	: 0.0000
MMD_loss	: 0.7113
cond_ent_wt	: 4.8192
Src_reg_loss	: 0.0236
-------------------------------------
[Epoch : 374/500]
Total_loss	: 0.0789
Coral_loss	: 0.0000
MMD_loss	: 0.7111
cond_ent_wt	: 4.8191
Src_reg_loss	: 0.0236
-------------------------------------
[Epoch : 375/500]
Total_loss	: 0.0789
Coral_loss	: 0.0000
MMD_loss	: 0.7110
cond_ent_wt	: 4.8189
Src_reg_loss	: 0.0235
-------------------------------------
[Epoch : 376/500]
Total_loss	: 0.0788
Coral_loss	: 0.0000
MMD_loss	: 0.7108
cond_ent_wt	: 4.8188
Src_reg_loss	: 0.0235
-------------------------------------
[Epoch : 377/500]
Total_loss	: 0.0788
Coral_loss	: 0.0000
MMD_loss	: 0.7107
cond_ent_wt	: 4.8187
Src_reg_loss	: 0.0235
-------------------------------------
[Epoch : 378/500]
Total_loss	: 0.0787
Coral_loss	: 0.0000
MMD_loss	: 0.7105
cond_ent_wt	: 4.8185
Src_reg_loss	: 0.0234
-------------------------------------
[Epoch : 379/500]
Total_loss	: 0.0787
Coral_loss	: 0.0000
MMD_loss	: 0.7104
cond_ent_wt	: 4.8184
Src_reg_loss	: 0.0234
-------------------------------------
[Epoch : 380/500]
Total_loss	: 0.0787
Coral_loss	: 0.0000
MMD_loss	: 0.7102
cond_ent_wt	: 4.8182
Src_reg_loss	: 0.0234
-------------------------------------
[Epoch : 381/500]
Total_loss	: 0.0786
Coral_loss	: 0.0000
MMD_loss	: 0.7101
cond_ent_wt	: 4.8181
Src_reg_loss	: 0.0234
-------------------------------------
[Epoch : 382/500]
Total_loss	: 0.0786
Coral_loss	: 0.0000
MMD_loss	: 0.7100
cond_ent_wt	: 4.8179
Src_reg_loss	: 0.0233
-------------------------------------
[Epoch : 383/500]
Total_loss	: 0.0786
Coral_loss	: 0.0000
MMD_loss	: 0.7099
cond_ent_wt	: 4.8178
Src_reg_loss	: 0.0233
-------------------------------------
[Epoch : 384/500]
Total_loss	: 0.0785
Coral_loss	: 0.0000
MMD_loss	: 0.7097
cond_ent_wt	: 4.8176
Src_reg_loss	: 0.0233
-------------------------------------
[Epoch : 385/500]
Total_loss	: 0.0785
Coral_loss	: 0.0000
MMD_loss	: 0.7096
cond_ent_wt	: 4.8174
Src_reg_loss	: 0.0232
-------------------------------------
[Epoch : 386/500]
Total_loss	: 0.0785
Coral_loss	: 0.0000
MMD_loss	: 0.7095
cond_ent_wt	: 4.8173
Src_reg_loss	: 0.0232
-------------------------------------
[Epoch : 387/500]
Total_loss	: 0.0784
Coral_loss	: 0.0000
MMD_loss	: 0.7094
cond_ent_wt	: 4.8171
Src_reg_loss	: 0.0232
-------------------------------------
[Epoch : 388/500]
Total_loss	: 0.0784
Coral_loss	: 0.0000
MMD_loss	: 0.7093
cond_ent_wt	: 4.8170
Src_reg_loss	: 0.0231
-------------------------------------
[Epoch : 389/500]
Total_loss	: 0.0784
Coral_loss	: 0.0000
MMD_loss	: 0.7092
cond_ent_wt	: 4.8168
Src_reg_loss	: 0.0231
-------------------------------------
[Epoch : 390/500]
Total_loss	: 0.0783
Coral_loss	: 0.0000
MMD_loss	: 0.7091
cond_ent_wt	: 4.8166
Src_reg_loss	: 0.0231
-------------------------------------
[Epoch : 391/500]
Total_loss	: 0.0783
Coral_loss	: 0.0000
MMD_loss	: 0.7090
cond_ent_wt	: 4.8165
Src_reg_loss	: 0.0230
-------------------------------------
[Epoch : 392/500]
Total_loss	: 0.0783
Coral_loss	: 0.0000
MMD_loss	: 0.7089
cond_ent_wt	: 4.8163
Src_reg_loss	: 0.0230
-------------------------------------
[Epoch : 393/500]
Total_loss	: 0.0782
Coral_loss	: 0.0000
MMD_loss	: 0.7089
cond_ent_wt	: 4.8161
Src_reg_loss	: 0.0230
-------------------------------------
[Epoch : 394/500]
Total_loss	: 0.0782
Coral_loss	: 0.0000
MMD_loss	: 0.7088
cond_ent_wt	: 4.8159
Src_reg_loss	: 0.0230
-------------------------------------
[Epoch : 395/500]
Total_loss	: 0.0782
Coral_loss	: 0.0000
MMD_loss	: 0.7087
cond_ent_wt	: 4.8158
Src_reg_loss	: 0.0229
-------------------------------------
[Epoch : 396/500]
Total_loss	: 0.0781
Coral_loss	: 0.0000
MMD_loss	: 0.7086
cond_ent_wt	: 4.8156
Src_reg_loss	: 0.0229
-------------------------------------
[Epoch : 397/500]
Total_loss	: 0.0781
Coral_loss	: 0.0000
MMD_loss	: 0.7086
cond_ent_wt	: 4.8154
Src_reg_loss	: 0.0229
-------------------------------------
[Epoch : 398/500]
Total_loss	: 0.0781
Coral_loss	: 0.0000
MMD_loss	: 0.7085
cond_ent_wt	: 4.8152
Src_reg_loss	: 0.0228
-------------------------------------
[Epoch : 399/500]
Total_loss	: 0.0781
Coral_loss	: 0.0000
MMD_loss	: 0.7084
cond_ent_wt	: 4.8150
Src_reg_loss	: 0.0228
-------------------------------------
[Epoch : 400/500]
Total_loss	: 0.0780
Coral_loss	: 0.0000
MMD_loss	: 0.7084
cond_ent_wt	: 4.8149
Src_reg_loss	: 0.0228
-------------------------------------
[Epoch : 401/500]
Total_loss	: 0.0780
Coral_loss	: 0.0000
MMD_loss	: 0.7083
cond_ent_wt	: 4.8147
Src_reg_loss	: 0.0228
-------------------------------------
[Epoch : 402/500]
Total_loss	: 0.0780
Coral_loss	: 0.0000
MMD_loss	: 0.7083
cond_ent_wt	: 4.8145
Src_reg_loss	: 0.0227
-------------------------------------
[Epoch : 403/500]
Total_loss	: 0.0779
Coral_loss	: 0.0000
MMD_loss	: 0.7082
cond_ent_wt	: 4.8143
Src_reg_loss	: 0.0227
-------------------------------------
[Epoch : 404/500]
Total_loss	: 0.0779
Coral_loss	: 0.0000
MMD_loss	: 0.7082
cond_ent_wt	: 4.8141
Src_reg_loss	: 0.0227
-------------------------------------
[Epoch : 405/500]
Total_loss	: 0.0779
Coral_loss	: 0.0000
MMD_loss	: 0.7081
cond_ent_wt	: 4.8139
Src_reg_loss	: 0.0226
-------------------------------------
[Epoch : 406/500]
Total_loss	: 0.0778
Coral_loss	: 0.0000
MMD_loss	: 0.7081
cond_ent_wt	: 4.8137
Src_reg_loss	: 0.0226
-------------------------------------
[Epoch : 407/500]
Total_loss	: 0.0778
Coral_loss	: 0.0000
MMD_loss	: 0.7080
cond_ent_wt	: 4.8135
Src_reg_loss	: 0.0226
-------------------------------------
[Epoch : 408/500]
Total_loss	: 0.0778
Coral_loss	: 0.0000
MMD_loss	: 0.7080
cond_ent_wt	: 4.8133
Src_reg_loss	: 0.0226
-------------------------------------
[Epoch : 409/500]
Total_loss	: 0.0777
Coral_loss	: 0.0000
MMD_loss	: 0.7080
cond_ent_wt	: 4.8131
Src_reg_loss	: 0.0225
-------------------------------------
[Epoch : 410/500]
Total_loss	: 0.0777
Coral_loss	: 0.0000
MMD_loss	: 0.7079
cond_ent_wt	: 4.8129
Src_reg_loss	: 0.0225
-------------------------------------
[Epoch : 411/500]
Total_loss	: 0.0777
Coral_loss	: 0.0000
MMD_loss	: 0.7079
cond_ent_wt	: 4.8127
Src_reg_loss	: 0.0225
-------------------------------------
[Epoch : 412/500]
Total_loss	: 0.0777
Coral_loss	: 0.0000
MMD_loss	: 0.7079
cond_ent_wt	: 4.8125
Src_reg_loss	: 0.0224
-------------------------------------
[Epoch : 413/500]
Total_loss	: 0.0776
Coral_loss	: 0.0000
MMD_loss	: 0.7078
cond_ent_wt	: 4.8123
Src_reg_loss	: 0.0224
-------------------------------------
[Epoch : 414/500]
Total_loss	: 0.0776
Coral_loss	: 0.0000
MMD_loss	: 0.7078
cond_ent_wt	: 4.8121
Src_reg_loss	: 0.0224
-------------------------------------
[Epoch : 415/500]
Total_loss	: 0.0776
Coral_loss	: 0.0000
MMD_loss	: 0.7078
cond_ent_wt	: 4.8119
Src_reg_loss	: 0.0224
-------------------------------------
[Epoch : 416/500]
Total_loss	: 0.0775
Coral_loss	: 0.0000
MMD_loss	: 0.7078
cond_ent_wt	: 4.8117
Src_reg_loss	: 0.0223
-------------------------------------
[Epoch : 417/500]
Total_loss	: 0.0775
Coral_loss	: 0.0000
MMD_loss	: 0.7078
cond_ent_wt	: 4.8114
Src_reg_loss	: 0.0223
-------------------------------------
[Epoch : 418/500]
Total_loss	: 0.0775
Coral_loss	: 0.0000
MMD_loss	: 0.7077
cond_ent_wt	: 4.8112
Src_reg_loss	: 0.0223
-------------------------------------
[Epoch : 419/500]
Total_loss	: 0.0774
Coral_loss	: 0.0000
MMD_loss	: 0.7077
cond_ent_wt	: 4.8110
Src_reg_loss	: 0.0223
-------------------------------------
[Epoch : 420/500]
Total_loss	: 0.0774
Coral_loss	: 0.0000
MMD_loss	: 0.7077
cond_ent_wt	: 4.8108
Src_reg_loss	: 0.0222
-------------------------------------
[Epoch : 421/500]
Total_loss	: 0.0774
Coral_loss	: 0.0000
MMD_loss	: 0.7077
cond_ent_wt	: 4.8106
Src_reg_loss	: 0.0222
-------------------------------------
[Epoch : 422/500]
Total_loss	: 0.0774
Coral_loss	: 0.0000
MMD_loss	: 0.7077
cond_ent_wt	: 4.8104
Src_reg_loss	: 0.0222
-------------------------------------
[Epoch : 423/500]
Total_loss	: 0.0773
Coral_loss	: 0.0000
MMD_loss	: 0.7077
cond_ent_wt	: 4.8101
Src_reg_loss	: 0.0221
-------------------------------------
[Epoch : 424/500]
Total_loss	: 0.0773
Coral_loss	: 0.0000
MMD_loss	: 0.7077
cond_ent_wt	: 4.8099
Src_reg_loss	: 0.0221
-------------------------------------
[Epoch : 425/500]
Total_loss	: 0.0773
Coral_loss	: 0.0000
MMD_loss	: 0.7076
cond_ent_wt	: 4.8097
Src_reg_loss	: 0.0221
-------------------------------------
[Epoch : 426/500]
Total_loss	: 0.0772
Coral_loss	: 0.0000
MMD_loss	: 0.7076
cond_ent_wt	: 4.8095
Src_reg_loss	: 0.0221
-------------------------------------
[Epoch : 427/500]
Total_loss	: 0.0772
Coral_loss	: 0.0000
MMD_loss	: 0.7076
cond_ent_wt	: 4.8092
Src_reg_loss	: 0.0220
-------------------------------------
[Epoch : 428/500]
Total_loss	: 0.0772
Coral_loss	: 0.0000
MMD_loss	: 0.7076
cond_ent_wt	: 4.8090
Src_reg_loss	: 0.0220
-------------------------------------
[Epoch : 429/500]
Total_loss	: 0.0772
Coral_loss	: 0.0000
MMD_loss	: 0.7076
cond_ent_wt	: 4.8088
Src_reg_loss	: 0.0220
-------------------------------------
[Epoch : 430/500]
Total_loss	: 0.0771
Coral_loss	: 0.0000
MMD_loss	: 0.7076
cond_ent_wt	: 4.8085
Src_reg_loss	: 0.0220
-------------------------------------
[Epoch : 431/500]
Total_loss	: 0.0771
Coral_loss	: 0.0000
MMD_loss	: 0.7076
cond_ent_wt	: 4.8083
Src_reg_loss	: 0.0219
-------------------------------------
[Epoch : 432/500]
Total_loss	: 0.0771
Coral_loss	: 0.0000
MMD_loss	: 0.7076
cond_ent_wt	: 4.8081
Src_reg_loss	: 0.0219
-------------------------------------
[Epoch : 433/500]
Total_loss	: 0.0771
Coral_loss	: 0.0000
MMD_loss	: 0.7076
cond_ent_wt	: 4.8078
Src_reg_loss	: 0.0219
-------------------------------------
[Epoch : 434/500]
Total_loss	: 0.0770
Coral_loss	: 0.0000
MMD_loss	: 0.7076
cond_ent_wt	: 4.8076
Src_reg_loss	: 0.0219
-------------------------------------
[Epoch : 435/500]
Total_loss	: 0.0770
Coral_loss	: 0.0000
MMD_loss	: 0.7076
cond_ent_wt	: 4.8073
Src_reg_loss	: 0.0218
-------------------------------------
[Epoch : 436/500]
Total_loss	: 0.0770
Coral_loss	: 0.0000
MMD_loss	: 0.7076
cond_ent_wt	: 4.8071
Src_reg_loss	: 0.0218
-------------------------------------
[Epoch : 437/500]
Total_loss	: 0.0769
Coral_loss	: 0.0000
MMD_loss	: 0.7076
cond_ent_wt	: 4.8069
Src_reg_loss	: 0.0218
-------------------------------------
[Epoch : 438/500]
Total_loss	: 0.0769
Coral_loss	: 0.0000
MMD_loss	: 0.7076
cond_ent_wt	: 4.8066
Src_reg_loss	: 0.0218
-------------------------------------
[Epoch : 439/500]
Total_loss	: 0.0769
Coral_loss	: 0.0000
MMD_loss	: 0.7075
cond_ent_wt	: 4.8064
Src_reg_loss	: 0.0217
-------------------------------------
[Epoch : 440/500]
Total_loss	: 0.0769
Coral_loss	: 0.0000
MMD_loss	: 0.7075
cond_ent_wt	: 4.8061
Src_reg_loss	: 0.0217
-------------------------------------
[Epoch : 441/500]
Total_loss	: 0.0768
Coral_loss	: 0.0000
MMD_loss	: 0.7075
cond_ent_wt	: 4.8059
Src_reg_loss	: 0.0217
-------------------------------------
[Epoch : 442/500]
Total_loss	: 0.0768
Coral_loss	: 0.0000
MMD_loss	: 0.7075
cond_ent_wt	: 4.8056
Src_reg_loss	: 0.0217
-------------------------------------
[Epoch : 443/500]
Total_loss	: 0.0768
Coral_loss	: 0.0000
MMD_loss	: 0.7075
cond_ent_wt	: 4.8054
Src_reg_loss	: 0.0216
-------------------------------------
[Epoch : 444/500]
Total_loss	: 0.0768
Coral_loss	: 0.0000
MMD_loss	: 0.7075
cond_ent_wt	: 4.8051
Src_reg_loss	: 0.0216
-------------------------------------
[Epoch : 445/500]
Total_loss	: 0.0767
Coral_loss	: 0.0000
MMD_loss	: 0.7075
cond_ent_wt	: 4.8049
Src_reg_loss	: 0.0216
-------------------------------------
[Epoch : 446/500]
Total_loss	: 0.0767
Coral_loss	: 0.0000
MMD_loss	: 0.7075
cond_ent_wt	: 4.8046
Src_reg_loss	: 0.0216
-------------------------------------
[Epoch : 447/500]
Total_loss	: 0.0767
Coral_loss	: 0.0000
MMD_loss	: 0.7075
cond_ent_wt	: 4.8044
Src_reg_loss	: 0.0216
-------------------------------------
[Epoch : 448/500]
Total_loss	: 0.0767
Coral_loss	: 0.0000
MMD_loss	: 0.7075
cond_ent_wt	: 4.8041
Src_reg_loss	: 0.0215
-------------------------------------
[Epoch : 449/500]
Total_loss	: 0.0766
Coral_loss	: 0.0000
MMD_loss	: 0.7075
cond_ent_wt	: 4.8039
Src_reg_loss	: 0.0215
-------------------------------------
[Epoch : 450/500]
Total_loss	: 0.0766
Coral_loss	: 0.0000
MMD_loss	: 0.7075
cond_ent_wt	: 4.8036
Src_reg_loss	: 0.0215
-------------------------------------
[Epoch : 451/500]
Total_loss	: 0.0766
Coral_loss	: 0.0000
MMD_loss	: 0.7075
cond_ent_wt	: 4.8034
Src_reg_loss	: 0.0215
-------------------------------------
[Epoch : 452/500]
Total_loss	: 0.0765
Coral_loss	: 0.0000
MMD_loss	: 0.7075
cond_ent_wt	: 4.8031
Src_reg_loss	: 0.0214
-------------------------------------
[Epoch : 453/500]
Total_loss	: 0.0765
Coral_loss	: 0.0000
MMD_loss	: 0.7074
cond_ent_wt	: 4.8029
Src_reg_loss	: 0.0214
-------------------------------------
[Epoch : 454/500]
Total_loss	: 0.0765
Coral_loss	: 0.0000
MMD_loss	: 0.7074
cond_ent_wt	: 4.8026
Src_reg_loss	: 0.0214
-------------------------------------
[Epoch : 455/500]
Total_loss	: 0.0765
Coral_loss	: 0.0000
MMD_loss	: 0.7074
cond_ent_wt	: 4.8023
Src_reg_loss	: 0.0214
-------------------------------------
[Epoch : 456/500]
Total_loss	: 0.0764
Coral_loss	: 0.0000
MMD_loss	: 0.7074
cond_ent_wt	: 4.8021
Src_reg_loss	: 0.0213
-------------------------------------
[Epoch : 457/500]
Total_loss	: 0.0764
Coral_loss	: 0.0000
MMD_loss	: 0.7074
cond_ent_wt	: 4.8018
Src_reg_loss	: 0.0213
-------------------------------------
[Epoch : 458/500]
Total_loss	: 0.0764
Coral_loss	: 0.0000
MMD_loss	: 0.7074
cond_ent_wt	: 4.8016
Src_reg_loss	: 0.0213
-------------------------------------
[Epoch : 459/500]
Total_loss	: 0.0764
Coral_loss	: 0.0000
MMD_loss	: 0.7074
cond_ent_wt	: 4.8013
Src_reg_loss	: 0.0213
-------------------------------------
[Epoch : 460/500]
Total_loss	: 0.0763
Coral_loss	: 0.0000
MMD_loss	: 0.7074
cond_ent_wt	: 4.8011
Src_reg_loss	: 0.0213
-------------------------------------
[Epoch : 461/500]
Total_loss	: 0.0763
Coral_loss	: 0.0000
MMD_loss	: 0.7074
cond_ent_wt	: 4.8008
Src_reg_loss	: 0.0212
-------------------------------------
[Epoch : 462/500]
Total_loss	: 0.0763
Coral_loss	: 0.0000
MMD_loss	: 0.7073
cond_ent_wt	: 4.8005
Src_reg_loss	: 0.0212
-------------------------------------
[Epoch : 463/500]
Total_loss	: 0.0763
Coral_loss	: 0.0000
MMD_loss	: 0.7073
cond_ent_wt	: 4.8003
Src_reg_loss	: 0.0212
-------------------------------------
[Epoch : 464/500]
Total_loss	: 0.0762
Coral_loss	: 0.0000
MMD_loss	: 0.7073
cond_ent_wt	: 4.8000
Src_reg_loss	: 0.0212
-------------------------------------
[Epoch : 465/500]
Total_loss	: 0.0762
Coral_loss	: 0.0000
MMD_loss	: 0.7073
cond_ent_wt	: 4.7997
Src_reg_loss	: 0.0211
-------------------------------------
[Epoch : 466/500]
Total_loss	: 0.0762
Coral_loss	: 0.0000
MMD_loss	: 0.7073
cond_ent_wt	: 4.7995
Src_reg_loss	: 0.0211
-------------------------------------
[Epoch : 467/500]
Total_loss	: 0.0762
Coral_loss	: 0.0000
MMD_loss	: 0.7073
cond_ent_wt	: 4.7992
Src_reg_loss	: 0.0211
-------------------------------------
[Epoch : 468/500]
Total_loss	: 0.0761
Coral_loss	: 0.0000
MMD_loss	: 0.7072
cond_ent_wt	: 4.7990
Src_reg_loss	: 0.0211
-------------------------------------
[Epoch : 469/500]
Total_loss	: 0.0761
Coral_loss	: 0.0000
MMD_loss	: 0.7072
cond_ent_wt	: 4.7987
Src_reg_loss	: 0.0211
-------------------------------------
[Epoch : 470/500]
Total_loss	: 0.0761
Coral_loss	: 0.0000
MMD_loss	: 0.7072
cond_ent_wt	: 4.7984
Src_reg_loss	: 0.0210
-------------------------------------
[Epoch : 471/500]
Total_loss	: 0.0761
Coral_loss	: 0.0000
MMD_loss	: 0.7072
cond_ent_wt	: 4.7982
Src_reg_loss	: 0.0210
-------------------------------------
[Epoch : 472/500]
Total_loss	: 0.0760
Coral_loss	: 0.0000
MMD_loss	: 0.7072
cond_ent_wt	: 4.7979
Src_reg_loss	: 0.0210
-------------------------------------
[Epoch : 473/500]
Total_loss	: 0.0760
Coral_loss	: 0.0000
MMD_loss	: 0.7072
cond_ent_wt	: 4.7976
Src_reg_loss	: 0.0210
-------------------------------------
[Epoch : 474/500]
Total_loss	: 0.0760
Coral_loss	: 0.0000
MMD_loss	: 0.7071
cond_ent_wt	: 4.7974
Src_reg_loss	: 0.0209
-------------------------------------
[Epoch : 475/500]
Total_loss	: 0.0760
Coral_loss	: 0.0000
MMD_loss	: 0.7071
cond_ent_wt	: 4.7971
Src_reg_loss	: 0.0209
-------------------------------------
[Epoch : 476/500]
Total_loss	: 0.0760
Coral_loss	: 0.0000
MMD_loss	: 0.7071
cond_ent_wt	: 4.7968
Src_reg_loss	: 0.0209
-------------------------------------
[Epoch : 477/500]
Total_loss	: 0.0759
Coral_loss	: 0.0000
MMD_loss	: 0.7071
cond_ent_wt	: 4.7966
Src_reg_loss	: 0.0209
-------------------------------------
[Epoch : 478/500]
Total_loss	: 0.0759
Coral_loss	: 0.0000
MMD_loss	: 0.7071
cond_ent_wt	: 4.7963
Src_reg_loss	: 0.0209
-------------------------------------
[Epoch : 479/500]
Total_loss	: 0.0759
Coral_loss	: 0.0000
MMD_loss	: 0.7070
cond_ent_wt	: 4.7960
Src_reg_loss	: 0.0208
-------------------------------------
[Epoch : 480/500]
Total_loss	: 0.0759
Coral_loss	: 0.0000
MMD_loss	: 0.7070
cond_ent_wt	: 4.7958
Src_reg_loss	: 0.0208
-------------------------------------
[Epoch : 481/500]
Total_loss	: 0.0758
Coral_loss	: 0.0000
MMD_loss	: 0.7070
cond_ent_wt	: 4.7955
Src_reg_loss	: 0.0208
-------------------------------------
[Epoch : 482/500]
Total_loss	: 0.0758
Coral_loss	: 0.0000
MMD_loss	: 0.7070
cond_ent_wt	: 4.7952
Src_reg_loss	: 0.0208
-------------------------------------
[Epoch : 483/500]
Total_loss	: 0.0758
Coral_loss	: 0.0000
MMD_loss	: 0.7069
cond_ent_wt	: 4.7950
Src_reg_loss	: 0.0208
-------------------------------------
[Epoch : 484/500]
Total_loss	: 0.0758
Coral_loss	: 0.0000
MMD_loss	: 0.7069
cond_ent_wt	: 4.7947
Src_reg_loss	: 0.0207
-------------------------------------
[Epoch : 485/500]
Total_loss	: 0.0757
Coral_loss	: 0.0000
MMD_loss	: 0.7069
cond_ent_wt	: 4.7944
Src_reg_loss	: 0.0207
-------------------------------------
[Epoch : 486/500]
Total_loss	: 0.0757
Coral_loss	: 0.0000
MMD_loss	: 0.7069
cond_ent_wt	: 4.7942
Src_reg_loss	: 0.0207
-------------------------------------
[Epoch : 487/500]
Total_loss	: 0.0757
Coral_loss	: 0.0000
MMD_loss	: 0.7068
cond_ent_wt	: 4.7939
Src_reg_loss	: 0.0207
-------------------------------------
[Epoch : 488/500]
Total_loss	: 0.0757
Coral_loss	: 0.0000
MMD_loss	: 0.7068
cond_ent_wt	: 4.7936
Src_reg_loss	: 0.0207
-------------------------------------
[Epoch : 489/500]
Total_loss	: 0.0756
Coral_loss	: 0.0000
MMD_loss	: 0.7068
cond_ent_wt	: 4.7934
Src_reg_loss	: 0.0206
-------------------------------------
[Epoch : 490/500]
Total_loss	: 0.0756
Coral_loss	: 0.0000
MMD_loss	: 0.7068
cond_ent_wt	: 4.7931
Src_reg_loss	: 0.0206
-------------------------------------
[Epoch : 491/500]
Total_loss	: 0.0756
Coral_loss	: 0.0000
MMD_loss	: 0.7067
cond_ent_wt	: 4.7928
Src_reg_loss	: 0.0206
-------------------------------------
[Epoch : 492/500]
Total_loss	: 0.0756
Coral_loss	: 0.0000
MMD_loss	: 0.7067
cond_ent_wt	: 4.7926
Src_reg_loss	: 0.0206
-------------------------------------
[Epoch : 493/500]
Total_loss	: 0.0756
Coral_loss	: 0.0000
MMD_loss	: 0.7067
cond_ent_wt	: 4.7923
Src_reg_loss	: 0.0206
-------------------------------------
[Epoch : 494/500]
Total_loss	: 0.0755
Coral_loss	: 0.0000
MMD_loss	: 0.7066
cond_ent_wt	: 4.7920
Src_reg_loss	: 0.0205
-------------------------------------
[Epoch : 495/500]
Total_loss	: 0.0755
Coral_loss	: 0.0000
MMD_loss	: 0.7066
cond_ent_wt	: 4.7917
Src_reg_loss	: 0.0205
-------------------------------------
[Epoch : 496/500]
Total_loss	: 0.0755
Coral_loss	: 0.0000
MMD_loss	: 0.7066
cond_ent_wt	: 4.7915
Src_reg_loss	: 0.0205
-------------------------------------
[Epoch : 497/500]
Total_loss	: 0.0755
Coral_loss	: 0.0000
MMD_loss	: 0.7065
cond_ent_wt	: 4.7912
Src_reg_loss	: 0.0205
-------------------------------------
[Epoch : 498/500]
Total_loss	: 0.0754
Coral_loss	: 0.0000
MMD_loss	: 0.7065
cond_ent_wt	: 4.7909
Src_reg_loss	: 0.0205
-------------------------------------
[Epoch : 499/500]
Total_loss	: 0.0754
Coral_loss	: 0.0000
MMD_loss	: 0.7065
cond_ent_wt	: 4.7907
Src_reg_loss	: 0.0204
-------------------------------------
[Epoch : 500/500]
Total_loss	: 0.0754
Coral_loss	: 0.0000
MMD_loss	: 0.7065
cond_ent_wt	: 4.7904
Src_reg_loss	: 0.0204
-------------------------------------
