=============================================
Dataset: Airbox
Method:  MMDA
=============================================
Source: 0 ---> Target: 4
=============================================
[Epoch : 1/100]
Total_loss	: 1.0490
Coral_loss	: 0.0000
MMD_loss	: 2.9202
cond_ent_wt	: 4.8494
Src_reg_loss	: 0.2720
-------------------------------------
[Epoch : 2/100]
Total_loss	: 1.0282
Coral_loss	: 0.0000
MMD_loss	: 2.9181
cond_ent_wt	: 4.8491
Src_reg_loss	: 0.2515
-------------------------------------
[Epoch : 3/100]
Total_loss	: 1.0070
Coral_loss	: 0.0000
MMD_loss	: 2.9110
cond_ent_wt	: 4.8486
Src_reg_loss	: 0.2310
-------------------------------------
[Epoch : 4/100]
Total_loss	: 0.9843
Coral_loss	: 0.0000
MMD_loss	: 2.8986
cond_ent_wt	: 4.8480
Src_reg_loss	: 0.2096
-------------------------------------
[Epoch : 5/100]
Total_loss	: 0.9600
Coral_loss	: 0.0000
MMD_loss	: 2.8791
cond_ent_wt	: 4.8469
Src_reg_loss	: 0.1874
-------------------------------------
[Epoch : 6/100]
Total_loss	: 0.9353
Coral_loss	: 0.0000
MMD_loss	: 2.8508
cond_ent_wt	: 4.8452
Src_reg_loss	: 0.1657
-------------------------------------
[Epoch : 7/100]
Total_loss	: 0.9135
Coral_loss	: 0.0000
MMD_loss	: 2.8156
cond_ent_wt	: 4.8428
Src_reg_loss	: 0.1477
-------------------------------------
[Epoch : 8/100]
Total_loss	: 0.8969
Coral_loss	: 0.0000
MMD_loss	: 2.7832
cond_ent_wt	: 4.8403
Src_reg_loss	: 0.1346
-------------------------------------
[Epoch : 9/100]
Total_loss	: 0.8841
Coral_loss	: 0.0000
MMD_loss	: 2.7609
cond_ent_wt	: 4.8387
Src_reg_loss	: 0.1241
-------------------------------------
[Epoch : 10/100]
Total_loss	: 0.8741
Coral_loss	: 0.0000
MMD_loss	: 2.7478
cond_ent_wt	: 4.8376
Src_reg_loss	: 0.1155
-------------------------------------
[Epoch : 11/100]
Total_loss	: 0.8661
Coral_loss	: 0.0000
MMD_loss	: 2.7400
cond_ent_wt	: 4.8368
Src_reg_loss	: 0.1085
-------------------------------------
[Epoch : 12/100]
Total_loss	: 0.8596
Coral_loss	: 0.0000
MMD_loss	: 2.7344
cond_ent_wt	: 4.8362
Src_reg_loss	: 0.1025
-------------------------------------
[Epoch : 13/100]
Total_loss	: 0.8541
Coral_loss	: 0.0000
MMD_loss	: 2.7302
cond_ent_wt	: 4.8355
Src_reg_loss	: 0.0975
-------------------------------------
[Epoch : 14/100]
Total_loss	: 0.8494
Coral_loss	: 0.0000
MMD_loss	: 2.7272
cond_ent_wt	: 4.8349
Src_reg_loss	: 0.0932
-------------------------------------
[Epoch : 15/100]
Total_loss	: 0.8454
Coral_loss	: 0.0000
MMD_loss	: 2.7257
cond_ent_wt	: 4.8343
Src_reg_loss	: 0.0894
-------------------------------------
[Epoch : 16/100]
Total_loss	: 0.8420
Coral_loss	: 0.0000
MMD_loss	: 2.7255
cond_ent_wt	: 4.8339
Src_reg_loss	: 0.0861
-------------------------------------
[Epoch : 17/100]
Total_loss	: 0.8391
Coral_loss	: 0.0000
MMD_loss	: 2.7261
cond_ent_wt	: 4.8334
Src_reg_loss	: 0.0831
-------------------------------------
[Epoch : 18/100]
Total_loss	: 0.8366
Coral_loss	: 0.0000
MMD_loss	: 2.7274
cond_ent_wt	: 4.8331
Src_reg_loss	: 0.0805
-------------------------------------
[Epoch : 19/100]
Total_loss	: 0.8343
Coral_loss	: 0.0000
MMD_loss	: 2.7290
cond_ent_wt	: 4.8327
Src_reg_loss	: 0.0782
-------------------------------------
[Epoch : 20/100]
Total_loss	: 0.8323
Coral_loss	: 0.0000
MMD_loss	: 2.7307
cond_ent_wt	: 4.8324
Src_reg_loss	: 0.0760
-------------------------------------
[Epoch : 21/100]
Total_loss	: 0.8305
Coral_loss	: 0.0000
MMD_loss	: 2.7325
cond_ent_wt	: 4.8320
Src_reg_loss	: 0.0741
-------------------------------------
[Epoch : 22/100]
Total_loss	: 0.8289
Coral_loss	: 0.0000
MMD_loss	: 2.7340
cond_ent_wt	: 4.8317
Src_reg_loss	: 0.0723
-------------------------------------
[Epoch : 23/100]
Total_loss	: 0.8273
Coral_loss	: 0.0000
MMD_loss	: 2.7352
cond_ent_wt	: 4.8314
Src_reg_loss	: 0.0707
-------------------------------------
[Epoch : 24/100]
Total_loss	: 0.8259
Coral_loss	: 0.0000
MMD_loss	: 2.7359
cond_ent_wt	: 4.8312
Src_reg_loss	: 0.0691
-------------------------------------
[Epoch : 25/100]
Total_loss	: 0.8244
Coral_loss	: 0.0000
MMD_loss	: 2.7360
cond_ent_wt	: 4.8309
Src_reg_loss	: 0.0677
-------------------------------------
[Epoch : 26/100]
Total_loss	: 0.8231
Coral_loss	: 0.0000
MMD_loss	: 2.7355
cond_ent_wt	: 4.8306
Src_reg_loss	: 0.0664
-------------------------------------
[Epoch : 27/100]
Total_loss	: 0.8217
Coral_loss	: 0.0000
MMD_loss	: 2.7343
cond_ent_wt	: 4.8304
Src_reg_loss	: 0.0652
-------------------------------------
[Epoch : 28/100]
Total_loss	: 0.8204
Coral_loss	: 0.0000
MMD_loss	: 2.7326
cond_ent_wt	: 4.8301
Src_reg_loss	: 0.0641
-------------------------------------
[Epoch : 29/100]
Total_loss	: 0.8191
Coral_loss	: 0.0000
MMD_loss	: 2.7303
cond_ent_wt	: 4.8299
Src_reg_loss	: 0.0630
-------------------------------------
[Epoch : 30/100]
Total_loss	: 0.8178
Coral_loss	: 0.0000
MMD_loss	: 2.7276
cond_ent_wt	: 4.8297
Src_reg_loss	: 0.0620
-------------------------------------
[Epoch : 31/100]
Total_loss	: 0.8165
Coral_loss	: 0.0000
MMD_loss	: 2.7244
cond_ent_wt	: 4.8294
Src_reg_loss	: 0.0611
-------------------------------------
[Epoch : 32/100]
Total_loss	: 0.8152
Coral_loss	: 0.0000
MMD_loss	: 2.7208
cond_ent_wt	: 4.8292
Src_reg_loss	: 0.0602
-------------------------------------
[Epoch : 33/100]
Total_loss	: 0.8139
Coral_loss	: 0.0000
MMD_loss	: 2.7167
cond_ent_wt	: 4.8289
Src_reg_loss	: 0.0594
-------------------------------------
[Epoch : 34/100]
Total_loss	: 0.8126
Coral_loss	: 0.0000
MMD_loss	: 2.7123
cond_ent_wt	: 4.8287
Src_reg_loss	: 0.0585
-------------------------------------
[Epoch : 35/100]
Total_loss	: 0.8114
Coral_loss	: 0.0000
MMD_loss	: 2.7074
cond_ent_wt	: 4.8285
Src_reg_loss	: 0.0578
-------------------------------------
[Epoch : 36/100]
Total_loss	: 0.8101
Coral_loss	: 0.0000
MMD_loss	: 2.7022
cond_ent_wt	: 4.8282
Src_reg_loss	: 0.0571
-------------------------------------
[Epoch : 37/100]
Total_loss	: 0.8088
Coral_loss	: 0.0000
MMD_loss	: 2.6965
cond_ent_wt	: 4.8280
Src_reg_loss	: 0.0564
-------------------------------------
[Epoch : 38/100]
Total_loss	: 0.8075
Coral_loss	: 0.0000
MMD_loss	: 2.6905
cond_ent_wt	: 4.8277
Src_reg_loss	: 0.0557
-------------------------------------
[Epoch : 39/100]
Total_loss	: 0.8062
Coral_loss	: 0.0000
MMD_loss	: 2.6842
cond_ent_wt	: 4.8274
Src_reg_loss	: 0.0551
-------------------------------------
[Epoch : 40/100]
Total_loss	: 0.8049
Coral_loss	: 0.0000
MMD_loss	: 2.6775
cond_ent_wt	: 4.8272
Src_reg_loss	: 0.0544
-------------------------------------
[Epoch : 41/100]
Total_loss	: 0.8036
Coral_loss	: 0.0000
MMD_loss	: 2.6705
cond_ent_wt	: 4.8269
Src_reg_loss	: 0.0539
-------------------------------------
[Epoch : 42/100]
Total_loss	: 0.8023
Coral_loss	: 0.0000
MMD_loss	: 2.6632
cond_ent_wt	: 4.8266
Src_reg_loss	: 0.0533
-------------------------------------
[Epoch : 43/100]
Total_loss	: 0.8009
Coral_loss	: 0.0000
MMD_loss	: 2.6557
cond_ent_wt	: 4.8263
Src_reg_loss	: 0.0528
-------------------------------------
[Epoch : 44/100]
Total_loss	: 0.7996
Coral_loss	: 0.0000
MMD_loss	: 2.6478
cond_ent_wt	: 4.8259
Src_reg_loss	: 0.0522
-------------------------------------
[Epoch : 45/100]
Total_loss	: 0.7983
Coral_loss	: 0.0000
MMD_loss	: 2.6397
cond_ent_wt	: 4.8255
Src_reg_loss	: 0.0517
-------------------------------------
[Epoch : 46/100]
Total_loss	: 0.7969
Coral_loss	: 0.0000
MMD_loss	: 2.6313
cond_ent_wt	: 4.8251
Src_reg_loss	: 0.0512
-------------------------------------
[Epoch : 47/100]
Total_loss	: 0.7955
Coral_loss	: 0.0000
MMD_loss	: 2.6227
cond_ent_wt	: 4.8247
Src_reg_loss	: 0.0508
-------------------------------------
[Epoch : 48/100]
Total_loss	: 0.7941
Coral_loss	: 0.0000
MMD_loss	: 2.6137
cond_ent_wt	: 4.8242
Src_reg_loss	: 0.0503
-------------------------------------
[Epoch : 49/100]
Total_loss	: 0.7927
Coral_loss	: 0.0000
MMD_loss	: 2.6045
cond_ent_wt	: 4.8237
Src_reg_loss	: 0.0499
-------------------------------------
[Epoch : 50/100]
Total_loss	: 0.7913
Coral_loss	: 0.0000
MMD_loss	: 2.5950
cond_ent_wt	: 4.8231
Src_reg_loss	: 0.0495
-------------------------------------
[Epoch : 51/100]
Total_loss	: 0.7898
Coral_loss	: 0.0000
MMD_loss	: 2.5852
cond_ent_wt	: 4.8224
Src_reg_loss	: 0.0491
-------------------------------------
[Epoch : 52/100]
Total_loss	: 0.7884
Coral_loss	: 0.0000
MMD_loss	: 2.5751
cond_ent_wt	: 4.8217
Src_reg_loss	: 0.0487
-------------------------------------
[Epoch : 53/100]
Total_loss	: 0.7869
Coral_loss	: 0.0000
MMD_loss	: 2.5646
cond_ent_wt	: 4.8208
Src_reg_loss	: 0.0483
-------------------------------------
[Epoch : 54/100]
Total_loss	: 0.7853
Coral_loss	: 0.0000
MMD_loss	: 2.5539
cond_ent_wt	: 4.8198
Src_reg_loss	: 0.0480
-------------------------------------
[Epoch : 55/100]
Total_loss	: 0.7838
Coral_loss	: 0.0000
MMD_loss	: 2.5429
cond_ent_wt	: 4.8188
Src_reg_loss	: 0.0476
-------------------------------------
[Epoch : 56/100]
Total_loss	: 0.7822
Coral_loss	: 0.0000
MMD_loss	: 2.5316
cond_ent_wt	: 4.8175
Src_reg_loss	: 0.0473
-------------------------------------
[Epoch : 57/100]
Total_loss	: 0.7806
Coral_loss	: 0.0000
MMD_loss	: 2.5201
cond_ent_wt	: 4.8162
Src_reg_loss	: 0.0469
-------------------------------------
[Epoch : 58/100]
Total_loss	: 0.7789
Coral_loss	: 0.0000
MMD_loss	: 2.5085
cond_ent_wt	: 4.8147
Src_reg_loss	: 0.0466
-------------------------------------
[Epoch : 59/100]
Total_loss	: 0.7773
Coral_loss	: 0.0000
MMD_loss	: 2.4967
cond_ent_wt	: 4.8130
Src_reg_loss	: 0.0463
-------------------------------------
[Epoch : 60/100]
Total_loss	: 0.7756
Coral_loss	: 0.0000
MMD_loss	: 2.4848
cond_ent_wt	: 4.8112
Src_reg_loss	: 0.0460
-------------------------------------
[Epoch : 61/100]
Total_loss	: 0.7739
Coral_loss	: 0.0000
MMD_loss	: 2.4730
cond_ent_wt	: 4.8092
Src_reg_loss	: 0.0457
-------------------------------------
[Epoch : 62/100]
Total_loss	: 0.7723
Coral_loss	: 0.0000
MMD_loss	: 2.4611
cond_ent_wt	: 4.8072
Src_reg_loss	: 0.0454
-------------------------------------
[Epoch : 63/100]
Total_loss	: 0.7706
Coral_loss	: 0.0000
MMD_loss	: 2.4493
cond_ent_wt	: 4.8050
Src_reg_loss	: 0.0452
-------------------------------------
[Epoch : 64/100]
Total_loss	: 0.7689
Coral_loss	: 0.0000
MMD_loss	: 2.4376
cond_ent_wt	: 4.8028
Src_reg_loss	: 0.0449
-------------------------------------
[Epoch : 65/100]
Total_loss	: 0.7673
Coral_loss	: 0.0000
MMD_loss	: 2.4261
cond_ent_wt	: 4.8004
Src_reg_loss	: 0.0446
-------------------------------------
[Epoch : 66/100]
Total_loss	: 0.7657
Coral_loss	: 0.0000
MMD_loss	: 2.4146
cond_ent_wt	: 4.7980
Src_reg_loss	: 0.0444
-------------------------------------
[Epoch : 67/100]
Total_loss	: 0.7640
Coral_loss	: 0.0000
MMD_loss	: 2.4032
cond_ent_wt	: 4.7956
Src_reg_loss	: 0.0441
-------------------------------------
[Epoch : 68/100]
Total_loss	: 0.7624
Coral_loss	: 0.0000
MMD_loss	: 2.3920
cond_ent_wt	: 4.7931
Src_reg_loss	: 0.0439
-------------------------------------
[Epoch : 69/100]
Total_loss	: 0.7608
Coral_loss	: 0.0000
MMD_loss	: 2.3809
cond_ent_wt	: 4.7905
Src_reg_loss	: 0.0437
-------------------------------------
[Epoch : 70/100]
Total_loss	: 0.7592
Coral_loss	: 0.0000
MMD_loss	: 2.3699
cond_ent_wt	: 4.7880
Src_reg_loss	: 0.0435
-------------------------------------
[Epoch : 71/100]
Total_loss	: 0.7577
Coral_loss	: 0.0000
MMD_loss	: 2.3591
cond_ent_wt	: 4.7854
Src_reg_loss	: 0.0432
-------------------------------------
[Epoch : 72/100]
Total_loss	: 0.7561
Coral_loss	: 0.0000
MMD_loss	: 2.3483
cond_ent_wt	: 4.7828
Src_reg_loss	: 0.0430
-------------------------------------
[Epoch : 73/100]
Total_loss	: 0.7546
Coral_loss	: 0.0000
MMD_loss	: 2.3377
cond_ent_wt	: 4.7801
Src_reg_loss	: 0.0428
-------------------------------------
[Epoch : 74/100]
Total_loss	: 0.7531
Coral_loss	: 0.0000
MMD_loss	: 2.3271
cond_ent_wt	: 4.7775
Src_reg_loss	: 0.0426
-------------------------------------
[Epoch : 75/100]
Total_loss	: 0.7515
Coral_loss	: 0.0000
MMD_loss	: 2.3166
cond_ent_wt	: 4.7749
Src_reg_loss	: 0.0424
-------------------------------------
[Epoch : 76/100]
Total_loss	: 0.7500
Coral_loss	: 0.0000
MMD_loss	: 2.3062
cond_ent_wt	: 4.7722
Src_reg_loss	: 0.0422
-------------------------------------
[Epoch : 77/100]
Total_loss	: 0.7486
Coral_loss	: 0.0000
MMD_loss	: 2.2959
cond_ent_wt	: 4.7696
Src_reg_loss	: 0.0420
-------------------------------------
[Epoch : 78/100]
Total_loss	: 0.7471
Coral_loss	: 0.0000
MMD_loss	: 2.2856
cond_ent_wt	: 4.7670
Src_reg_loss	: 0.0418
-------------------------------------
[Epoch : 79/100]
Total_loss	: 0.7456
Coral_loss	: 0.0000
MMD_loss	: 2.2753
cond_ent_wt	: 4.7644
Src_reg_loss	: 0.0416
-------------------------------------
[Epoch : 80/100]
Total_loss	: 0.7441
Coral_loss	: 0.0000
MMD_loss	: 2.2651
cond_ent_wt	: 4.7618
Src_reg_loss	: 0.0415
-------------------------------------
[Epoch : 81/100]
Total_loss	: 0.7427
Coral_loss	: 0.0000
MMD_loss	: 2.2550
cond_ent_wt	: 4.7593
Src_reg_loss	: 0.0413
-------------------------------------
[Epoch : 82/100]
Total_loss	: 0.7413
Coral_loss	: 0.0000
MMD_loss	: 2.2448
cond_ent_wt	: 4.7568
Src_reg_loss	: 0.0411
-------------------------------------
[Epoch : 83/100]
Total_loss	: 0.7398
Coral_loss	: 0.0000
MMD_loss	: 2.2347
cond_ent_wt	: 4.7543
Src_reg_loss	: 0.0409
-------------------------------------
[Epoch : 84/100]
Total_loss	: 0.7384
Coral_loss	: 0.0000
MMD_loss	: 2.2246
cond_ent_wt	: 4.7518
Src_reg_loss	: 0.0408
-------------------------------------
[Epoch : 85/100]
Total_loss	: 0.7370
Coral_loss	: 0.0000
MMD_loss	: 2.2146
cond_ent_wt	: 4.7493
Src_reg_loss	: 0.0406
-------------------------------------
[Epoch : 86/100]
Total_loss	: 0.7356
Coral_loss	: 0.0000
MMD_loss	: 2.2046
cond_ent_wt	: 4.7469
Src_reg_loss	: 0.0404
-------------------------------------
[Epoch : 87/100]
Total_loss	: 0.7342
Coral_loss	: 0.0000
MMD_loss	: 2.1946
cond_ent_wt	: 4.7445
Src_reg_loss	: 0.0403
-------------------------------------
[Epoch : 88/100]
Total_loss	: 0.7328
Coral_loss	: 0.0000
MMD_loss	: 2.1846
cond_ent_wt	: 4.7421
Src_reg_loss	: 0.0401
-------------------------------------
[Epoch : 89/100]
Total_loss	: 0.7314
Coral_loss	: 0.0000
MMD_loss	: 2.1747
cond_ent_wt	: 4.7398
Src_reg_loss	: 0.0399
-------------------------------------
[Epoch : 90/100]
Total_loss	: 0.7300
Coral_loss	: 0.0000
MMD_loss	: 2.1649
cond_ent_wt	: 4.7375
Src_reg_loss	: 0.0398
-------------------------------------
[Epoch : 91/100]
Total_loss	: 0.7286
Coral_loss	: 0.0000
MMD_loss	: 2.1550
cond_ent_wt	: 4.7352
Src_reg_loss	: 0.0396
-------------------------------------
[Epoch : 92/100]
Total_loss	: 0.7273
Coral_loss	: 0.0000
MMD_loss	: 2.1453
cond_ent_wt	: 4.7329
Src_reg_loss	: 0.0395
-------------------------------------
[Epoch : 93/100]
Total_loss	: 0.7260
Coral_loss	: 0.0000
MMD_loss	: 2.1356
cond_ent_wt	: 4.7307
Src_reg_loss	: 0.0393
-------------------------------------
[Epoch : 94/100]
Total_loss	: 0.7246
Coral_loss	: 0.0000
MMD_loss	: 2.1260
cond_ent_wt	: 4.7285
Src_reg_loss	: 0.0392
-------------------------------------
[Epoch : 95/100]
Total_loss	: 0.7233
Coral_loss	: 0.0000
MMD_loss	: 2.1164
cond_ent_wt	: 4.7263
Src_reg_loss	: 0.0390
-------------------------------------
[Epoch : 96/100]
Total_loss	: 0.7220
Coral_loss	: 0.0000
MMD_loss	: 2.1070
cond_ent_wt	: 4.7242
Src_reg_loss	: 0.0389
-------------------------------------
[Epoch : 97/100]
Total_loss	: 0.7207
Coral_loss	: 0.0000
MMD_loss	: 2.0976
cond_ent_wt	: 4.7221
Src_reg_loss	: 0.0387
-------------------------------------
[Epoch : 98/100]
Total_loss	: 0.7194
Coral_loss	: 0.0000
MMD_loss	: 2.0883
cond_ent_wt	: 4.7200
Src_reg_loss	: 0.0386
-------------------------------------
[Epoch : 99/100]
Total_loss	: 0.7182
Coral_loss	: 0.0000
MMD_loss	: 2.0791
cond_ent_wt	: 4.7179
Src_reg_loss	: 0.0385
-------------------------------------
[Epoch : 100/100]
Total_loss	: 0.7169
Coral_loss	: 0.0000
MMD_loss	: 2.0700
cond_ent_wt	: 4.7159
Src_reg_loss	: 0.0383
-------------------------------------
