=============================================
Dataset: Airbox
Method:  MMDA
=============================================
Source: 0 ---> Target: 4
=============================================
[Epoch : 1/100]
Total_loss	: 8.0424
Coral_loss	: 0.0000
MMD_loss	: 2.9211
cond_ent_wt	: 4.8493
Src_reg_loss	: 0.2720
-------------------------------------
[Epoch : 2/100]
Total_loss	: 8.0211
Coral_loss	: 0.0000
MMD_loss	: 2.9206
cond_ent_wt	: 4.8490
Src_reg_loss	: 0.2514
-------------------------------------
[Epoch : 3/100]
Total_loss	: 7.9952
Coral_loss	: 0.0000
MMD_loss	: 2.9158
cond_ent_wt	: 4.8486
Src_reg_loss	: 0.2308
-------------------------------------
[Epoch : 4/100]
Total_loss	: 7.9626
Coral_loss	: 0.0000
MMD_loss	: 2.9057
cond_ent_wt	: 4.8478
Src_reg_loss	: 0.2091
-------------------------------------
[Epoch : 5/100]
Total_loss	: 7.9213
Coral_loss	: 0.0000
MMD_loss	: 2.8880
cond_ent_wt	: 4.8466
Src_reg_loss	: 0.1866
-------------------------------------
[Epoch : 6/100]
Total_loss	: 7.8703
Coral_loss	: 0.0000
MMD_loss	: 2.8610
cond_ent_wt	: 4.8447
Src_reg_loss	: 0.1646
-------------------------------------
[Epoch : 7/100]
Total_loss	: 7.8158
Coral_loss	: 0.0000
MMD_loss	: 2.8271
cond_ent_wt	: 4.8418
Src_reg_loss	: 0.1468
-------------------------------------
[Epoch : 8/100]
Total_loss	: 7.7702
Coral_loss	: 0.0000
MMD_loss	: 2.7970
cond_ent_wt	: 4.8385
Src_reg_loss	: 0.1347
-------------------------------------
[Epoch : 9/100]
Total_loss	: 7.7391
Coral_loss	: 0.0000
MMD_loss	: 2.7788
cond_ent_wt	: 4.8355
Src_reg_loss	: 0.1248
-------------------------------------
[Epoch : 10/100]
Total_loss	: 7.7203
Coral_loss	: 0.0000
MMD_loss	: 2.7712
cond_ent_wt	: 4.8329
Src_reg_loss	: 0.1162
-------------------------------------
[Epoch : 11/100]
Total_loss	: 7.7096
Coral_loss	: 0.0000
MMD_loss	: 2.7705
cond_ent_wt	: 4.8299
Src_reg_loss	: 0.1092
-------------------------------------
[Epoch : 12/100]
Total_loss	: 7.7036
Coral_loss	: 0.0000
MMD_loss	: 2.7743
cond_ent_wt	: 4.8259
Src_reg_loss	: 0.1034
-------------------------------------
[Epoch : 13/100]
Total_loss	: 7.7006
Coral_loss	: 0.0000
MMD_loss	: 2.7818
cond_ent_wt	: 4.8202
Src_reg_loss	: 0.0986
-------------------------------------
[Epoch : 14/100]
Total_loss	: 7.6988
Coral_loss	: 0.0000
MMD_loss	: 2.7920
cond_ent_wt	: 4.8123
Src_reg_loss	: 0.0945
-------------------------------------
[Epoch : 15/100]
Total_loss	: 7.6960
Coral_loss	: 0.0000
MMD_loss	: 2.8033
cond_ent_wt	: 4.8020
Src_reg_loss	: 0.0908
-------------------------------------
[Epoch : 16/100]
Total_loss	: 7.6918
Coral_loss	: 0.0000
MMD_loss	: 2.8146
cond_ent_wt	: 4.7898
Src_reg_loss	: 0.0874
-------------------------------------
[Epoch : 17/100]
Total_loss	: 7.6875
Coral_loss	: 0.0000
MMD_loss	: 2.8263
cond_ent_wt	: 4.7768
Src_reg_loss	: 0.0844
-------------------------------------
[Epoch : 18/100]
Total_loss	: 7.6861
Coral_loss	: 0.0000
MMD_loss	: 2.8406
cond_ent_wt	: 4.7637
Src_reg_loss	: 0.0818
-------------------------------------
[Epoch : 19/100]
Total_loss	: 7.6896
Coral_loss	: 0.0000
MMD_loss	: 2.8593
cond_ent_wt	: 4.7509
Src_reg_loss	: 0.0793
-------------------------------------
[Epoch : 20/100]
Total_loss	: 7.6984
Coral_loss	: 0.0000
MMD_loss	: 2.8825
cond_ent_wt	: 4.7387
Src_reg_loss	: 0.0772
-------------------------------------
[Epoch : 21/100]
Total_loss	: 7.7103
Coral_loss	: 0.0000
MMD_loss	: 2.9081
cond_ent_wt	: 4.7271
Src_reg_loss	: 0.0752
-------------------------------------
[Epoch : 22/100]
Total_loss	: 7.7221
Coral_loss	: 0.0000
MMD_loss	: 2.9326
cond_ent_wt	: 4.7161
Src_reg_loss	: 0.0734
-------------------------------------
[Epoch : 23/100]
Total_loss	: 7.7314
Coral_loss	: 0.0000
MMD_loss	: 2.9541
cond_ent_wt	: 4.7057
Src_reg_loss	: 0.0717
-------------------------------------
[Epoch : 24/100]
Total_loss	: 7.7387
Coral_loss	: 0.0000
MMD_loss	: 2.9726
cond_ent_wt	: 4.6959
Src_reg_loss	: 0.0702
-------------------------------------
[Epoch : 25/100]
Total_loss	: 7.7440
Coral_loss	: 0.0000
MMD_loss	: 2.9884
cond_ent_wt	: 4.6868
Src_reg_loss	: 0.0688
-------------------------------------
[Epoch : 26/100]
Total_loss	: 7.7489
Coral_loss	: 0.0000
MMD_loss	: 3.0032
cond_ent_wt	: 4.6783
Src_reg_loss	: 0.0675
-------------------------------------
[Epoch : 27/100]
Total_loss	: 7.7532
Coral_loss	: 0.0000
MMD_loss	: 3.0166
cond_ent_wt	: 4.6703
Src_reg_loss	: 0.0663
-------------------------------------
[Epoch : 28/100]
Total_loss	: 7.7574
Coral_loss	: 0.0000
MMD_loss	: 3.0294
cond_ent_wt	: 4.6629
Src_reg_loss	: 0.0651
-------------------------------------
[Epoch : 29/100]
Total_loss	: 7.7620
Coral_loss	: 0.0000
MMD_loss	: 3.0420
cond_ent_wt	: 4.6559
Src_reg_loss	: 0.0641
-------------------------------------
[Epoch : 30/100]
Total_loss	: 7.7666
Coral_loss	: 0.0000
MMD_loss	: 3.0541
cond_ent_wt	: 4.6493
Src_reg_loss	: 0.0631
-------------------------------------
[Epoch : 31/100]
Total_loss	: 7.7707
Coral_loss	: 0.0000
MMD_loss	: 3.0653
cond_ent_wt	: 4.6432
Src_reg_loss	: 0.0622
-------------------------------------
[Epoch : 32/100]
Total_loss	: 7.7745
Coral_loss	: 0.0000
MMD_loss	: 3.0758
cond_ent_wt	: 4.6373
Src_reg_loss	: 0.0614
-------------------------------------
[Epoch : 33/100]
Total_loss	: 7.7780
Coral_loss	: 0.0000
MMD_loss	: 3.0855
cond_ent_wt	: 4.6318
Src_reg_loss	: 0.0606
-------------------------------------
[Epoch : 34/100]
Total_loss	: 7.7801
Coral_loss	: 0.0000
MMD_loss	: 3.0936
cond_ent_wt	: 4.6267
Src_reg_loss	: 0.0598
-------------------------------------
[Epoch : 35/100]
Total_loss	: 7.7811
Coral_loss	: 0.0000
MMD_loss	: 3.1003
cond_ent_wt	: 4.6217
Src_reg_loss	: 0.0591
-------------------------------------
[Epoch : 36/100]
Total_loss	: 7.7813
Coral_loss	: 0.0000
MMD_loss	: 3.1058
cond_ent_wt	: 4.6171
Src_reg_loss	: 0.0584
-------------------------------------
[Epoch : 37/100]
Total_loss	: 7.7812
Coral_loss	: 0.0000
MMD_loss	: 3.1107
cond_ent_wt	: 4.6127
Src_reg_loss	: 0.0578
-------------------------------------
[Epoch : 38/100]
Total_loss	: 7.7816
Coral_loss	: 0.0000
MMD_loss	: 3.1160
cond_ent_wt	: 4.6085
Src_reg_loss	: 0.0572
-------------------------------------
[Epoch : 39/100]
Total_loss	: 7.7812
Coral_loss	: 0.0000
MMD_loss	: 3.1201
cond_ent_wt	: 4.6045
Src_reg_loss	: 0.0566
-------------------------------------
[Epoch : 40/100]
Total_loss	: 7.7803
Coral_loss	: 0.0000
MMD_loss	: 3.1236
cond_ent_wt	: 4.6007
Src_reg_loss	: 0.0561
-------------------------------------
[Epoch : 41/100]
Total_loss	: 7.7795
Coral_loss	: 0.0000
MMD_loss	: 3.1269
cond_ent_wt	: 4.5971
Src_reg_loss	: 0.0556
-------------------------------------
[Epoch : 42/100]
Total_loss	: 7.7781
Coral_loss	: 0.0000
MMD_loss	: 3.1294
cond_ent_wt	: 4.5936
Src_reg_loss	: 0.0551
-------------------------------------
[Epoch : 43/100]
Total_loss	: 7.7760
Coral_loss	: 0.0000
MMD_loss	: 3.1310
cond_ent_wt	: 4.5903
Src_reg_loss	: 0.0546
-------------------------------------
[Epoch : 44/100]
Total_loss	: 7.7741
Coral_loss	: 0.0000
MMD_loss	: 3.1328
cond_ent_wt	: 4.5871
Src_reg_loss	: 0.0542
-------------------------------------
[Epoch : 45/100]
Total_loss	: 7.7721
Coral_loss	: 0.0000
MMD_loss	: 3.1343
cond_ent_wt	: 4.5841
Src_reg_loss	: 0.0537
-------------------------------------
[Epoch : 46/100]
Total_loss	: 7.7698
Coral_loss	: 0.0000
MMD_loss	: 3.1352
cond_ent_wt	: 4.5812
Src_reg_loss	: 0.0533
-------------------------------------
[Epoch : 47/100]
Total_loss	: 7.7669
Coral_loss	: 0.0000
MMD_loss	: 3.1355
cond_ent_wt	: 4.5785
Src_reg_loss	: 0.0529
-------------------------------------
[Epoch : 48/100]
Total_loss	: 7.7637
Coral_loss	: 0.0000
MMD_loss	: 3.1353
cond_ent_wt	: 4.5758
Src_reg_loss	: 0.0526
-------------------------------------
[Epoch : 49/100]
Total_loss	: 7.7608
Coral_loss	: 0.0000
MMD_loss	: 3.1354
cond_ent_wt	: 4.5732
Src_reg_loss	: 0.0522
-------------------------------------
[Epoch : 50/100]
Total_loss	: 7.7575
Coral_loss	: 0.0000
MMD_loss	: 3.1348
cond_ent_wt	: 4.5708
Src_reg_loss	: 0.0519
-------------------------------------
[Epoch : 51/100]
Total_loss	: 7.7536
Coral_loss	: 0.0000
MMD_loss	: 3.1336
cond_ent_wt	: 4.5684
Src_reg_loss	: 0.0515
-------------------------------------
[Epoch : 52/100]
Total_loss	: 7.7499
Coral_loss	: 0.0000
MMD_loss	: 3.1325
cond_ent_wt	: 4.5662
Src_reg_loss	: 0.0512
-------------------------------------
[Epoch : 53/100]
Total_loss	: 7.7459
Coral_loss	: 0.0000
MMD_loss	: 3.1311
cond_ent_wt	: 4.5640
Src_reg_loss	: 0.0509
-------------------------------------
[Epoch : 54/100]
Total_loss	: 7.7419
Coral_loss	: 0.0000
MMD_loss	: 3.1294
cond_ent_wt	: 4.5619
Src_reg_loss	: 0.0506
-------------------------------------
[Epoch : 55/100]
Total_loss	: 7.7376
Coral_loss	: 0.0000
MMD_loss	: 3.1274
cond_ent_wt	: 4.5598
Src_reg_loss	: 0.0503
-------------------------------------
[Epoch : 56/100]
Total_loss	: 7.7331
Coral_loss	: 0.0000
MMD_loss	: 3.1251
cond_ent_wt	: 4.5579
Src_reg_loss	: 0.0501
-------------------------------------
[Epoch : 57/100]
Total_loss	: 7.7286
Coral_loss	: 0.0000
MMD_loss	: 3.1228
cond_ent_wt	: 4.5560
Src_reg_loss	: 0.0498
-------------------------------------
[Epoch : 58/100]
Total_loss	: 7.7243
Coral_loss	: 0.0000
MMD_loss	: 3.1207
cond_ent_wt	: 4.5541
Src_reg_loss	: 0.0495
-------------------------------------
[Epoch : 59/100]
Total_loss	: 7.7198
Coral_loss	: 0.0000
MMD_loss	: 3.1182
cond_ent_wt	: 4.5524
Src_reg_loss	: 0.0493
-------------------------------------
[Epoch : 60/100]
Total_loss	: 7.7153
Coral_loss	: 0.0000
MMD_loss	: 3.1157
cond_ent_wt	: 4.5507
Src_reg_loss	: 0.0490
-------------------------------------
[Epoch : 61/100]
Total_loss	: 7.7108
Coral_loss	: 0.0000
MMD_loss	: 3.1130
cond_ent_wt	: 4.5490
Src_reg_loss	: 0.0488
-------------------------------------
[Epoch : 62/100]
Total_loss	: 7.7063
Coral_loss	: 0.0000
MMD_loss	: 3.1103
cond_ent_wt	: 4.5474
Src_reg_loss	: 0.0486
-------------------------------------
[Epoch : 63/100]
Total_loss	: 7.7013
Coral_loss	: 0.0000
MMD_loss	: 3.1071
cond_ent_wt	: 4.5458
Src_reg_loss	: 0.0484
-------------------------------------
[Epoch : 64/100]
Total_loss	: 7.6966
Coral_loss	: 0.0000
MMD_loss	: 3.1042
cond_ent_wt	: 4.5443
Src_reg_loss	: 0.0482
-------------------------------------
[Epoch : 65/100]
Total_loss	: 7.6918
Coral_loss	: 0.0000
MMD_loss	: 3.1010
cond_ent_wt	: 4.5429
Src_reg_loss	: 0.0480
-------------------------------------
[Epoch : 66/100]
Total_loss	: 7.6870
Coral_loss	: 0.0000
MMD_loss	: 3.0978
cond_ent_wt	: 4.5414
Src_reg_loss	: 0.0478
-------------------------------------
[Epoch : 67/100]
Total_loss	: 7.6821
Coral_loss	: 0.0000
MMD_loss	: 3.0945
cond_ent_wt	: 4.5401
Src_reg_loss	: 0.0476
-------------------------------------
[Epoch : 68/100]
Total_loss	: 7.6776
Coral_loss	: 0.0000
MMD_loss	: 3.0915
cond_ent_wt	: 4.5387
Src_reg_loss	: 0.0474
-------------------------------------
[Epoch : 69/100]
Total_loss	: 7.6731
Coral_loss	: 0.0000
MMD_loss	: 3.0885
cond_ent_wt	: 4.5374
Src_reg_loss	: 0.0472
-------------------------------------
[Epoch : 70/100]
Total_loss	: 7.6687
Coral_loss	: 0.0000
MMD_loss	: 3.0855
cond_ent_wt	: 4.5362
Src_reg_loss	: 0.0470
-------------------------------------
[Epoch : 71/100]
Total_loss	: 7.6644
Coral_loss	: 0.0000
MMD_loss	: 3.0826
cond_ent_wt	: 4.5349
Src_reg_loss	: 0.0469
-------------------------------------
[Epoch : 72/100]
Total_loss	: 7.6602
Coral_loss	: 0.0000
MMD_loss	: 3.0798
cond_ent_wt	: 4.5337
Src_reg_loss	: 0.0467
-------------------------------------
[Epoch : 73/100]
Total_loss	: 7.6561
Coral_loss	: 0.0000
MMD_loss	: 3.0769
cond_ent_wt	: 4.5326
Src_reg_loss	: 0.0465
-------------------------------------
[Epoch : 74/100]
Total_loss	: 7.6518
Coral_loss	: 0.0000
MMD_loss	: 3.0740
cond_ent_wt	: 4.5315
Src_reg_loss	: 0.0464
-------------------------------------
[Epoch : 75/100]
Total_loss	: 7.6474
Coral_loss	: 0.0000
MMD_loss	: 3.0709
cond_ent_wt	: 4.5304
Src_reg_loss	: 0.0462
-------------------------------------
[Epoch : 76/100]
Total_loss	: 7.6432
Coral_loss	: 0.0000
MMD_loss	: 3.0678
cond_ent_wt	: 4.5293
Src_reg_loss	: 0.0461
-------------------------------------
[Epoch : 77/100]
Total_loss	: 7.6390
Coral_loss	: 0.0000
MMD_loss	: 3.0649
cond_ent_wt	: 4.5282
Src_reg_loss	: 0.0459
-------------------------------------
[Epoch : 78/100]
Total_loss	: 7.6351
Coral_loss	: 0.0000
MMD_loss	: 3.0621
cond_ent_wt	: 4.5272
Src_reg_loss	: 0.0458
-------------------------------------
[Epoch : 79/100]
Total_loss	: 7.6311
Coral_loss	: 0.0000
MMD_loss	: 3.0592
cond_ent_wt	: 4.5262
Src_reg_loss	: 0.0456
-------------------------------------
[Epoch : 80/100]
Total_loss	: 7.6272
Coral_loss	: 0.0000
MMD_loss	: 3.0564
cond_ent_wt	: 4.5253
Src_reg_loss	: 0.0455
-------------------------------------
[Epoch : 81/100]
Total_loss	: 7.6234
Coral_loss	: 0.0000
MMD_loss	: 3.0537
cond_ent_wt	: 4.5243
Src_reg_loss	: 0.0454
-------------------------------------
[Epoch : 82/100]
Total_loss	: 7.6197
Coral_loss	: 0.0000
MMD_loss	: 3.0511
cond_ent_wt	: 4.5234
Src_reg_loss	: 0.0453
-------------------------------------
[Epoch : 83/100]
Total_loss	: 7.6161
Coral_loss	: 0.0000
MMD_loss	: 3.0485
cond_ent_wt	: 4.5225
Src_reg_loss	: 0.0451
-------------------------------------
[Epoch : 84/100]
Total_loss	: 7.6126
Coral_loss	: 0.0000
MMD_loss	: 3.0460
cond_ent_wt	: 4.5216
Src_reg_loss	: 0.0450
-------------------------------------
[Epoch : 85/100]
Total_loss	: 7.6090
Coral_loss	: 0.0000
MMD_loss	: 3.0434
cond_ent_wt	: 4.5208
Src_reg_loss	: 0.0449
-------------------------------------
[Epoch : 86/100]
Total_loss	: 7.6054
Coral_loss	: 0.0000
MMD_loss	: 3.0407
cond_ent_wt	: 4.5199
Src_reg_loss	: 0.0448
-------------------------------------
[Epoch : 87/100]
Total_loss	: 7.6019
Coral_loss	: 0.0000
MMD_loss	: 3.0382
cond_ent_wt	: 4.5191
Src_reg_loss	: 0.0447
-------------------------------------
[Epoch : 88/100]
Total_loss	: 7.5987
Coral_loss	: 0.0000
MMD_loss	: 3.0359
cond_ent_wt	: 4.5183
Src_reg_loss	: 0.0446
-------------------------------------
[Epoch : 89/100]
Total_loss	: 7.5955
Coral_loss	: 0.0000
MMD_loss	: 3.0336
cond_ent_wt	: 4.5175
Src_reg_loss	: 0.0444
-------------------------------------
[Epoch : 90/100]
Total_loss	: 7.5924
Coral_loss	: 0.0000
MMD_loss	: 3.0313
cond_ent_wt	: 4.5167
Src_reg_loss	: 0.0443
-------------------------------------
[Epoch : 91/100]
Total_loss	: 7.5892
Coral_loss	: 0.0000
MMD_loss	: 3.0289
cond_ent_wt	: 4.5160
Src_reg_loss	: 0.0442
-------------------------------------
[Epoch : 92/100]
Total_loss	: 7.5861
Coral_loss	: 0.0000
MMD_loss	: 3.0267
cond_ent_wt	: 4.5153
Src_reg_loss	: 0.0441
-------------------------------------
[Epoch : 93/100]
Total_loss	: 7.5831
Coral_loss	: 0.0000
MMD_loss	: 3.0245
cond_ent_wt	: 4.5145
Src_reg_loss	: 0.0440
-------------------------------------
[Epoch : 94/100]
Total_loss	: 7.5799
Coral_loss	: 0.0000
MMD_loss	: 3.0221
cond_ent_wt	: 4.5138
Src_reg_loss	: 0.0439
-------------------------------------
[Epoch : 95/100]
Total_loss	: 7.5768
Coral_loss	: 0.0000
MMD_loss	: 3.0198
cond_ent_wt	: 4.5131
Src_reg_loss	: 0.0438
-------------------------------------
[Epoch : 96/100]
Total_loss	: 7.5738
Coral_loss	: 0.0000
MMD_loss	: 3.0176
cond_ent_wt	: 4.5125
Src_reg_loss	: 0.0437
-------------------------------------
[Epoch : 97/100]
Total_loss	: 7.5709
Coral_loss	: 0.0000
MMD_loss	: 3.0154
cond_ent_wt	: 4.5118
Src_reg_loss	: 0.0437
-------------------------------------
[Epoch : 98/100]
Total_loss	: 7.5680
Coral_loss	: 0.0000
MMD_loss	: 3.0133
cond_ent_wt	: 4.5112
Src_reg_loss	: 0.0436
-------------------------------------
[Epoch : 99/100]
Total_loss	: 7.5653
Coral_loss	: 0.0000
MMD_loss	: 3.0113
cond_ent_wt	: 4.5105
Src_reg_loss	: 0.0435
-------------------------------------
[Epoch : 100/100]
Total_loss	: 7.5625
Coral_loss	: 0.0000
MMD_loss	: 3.0092
cond_ent_wt	: 4.5099
Src_reg_loss	: 0.0434
-------------------------------------
