=============================================
Dataset: Airbox
Method:  MMDA
=============================================
Source: 0 ---> Target: 4
=============================================
[Epoch : 1/500]
Total_loss	: 0.2835
Coral_loss	: 0.0000
MMD_loss	: 2.7144
cond_ent_wt	: 4.8483
Src_reg_loss	: 0.2078
-------------------------------------
[Epoch : 2/500]
Total_loss	: 0.2137
Coral_loss	: 0.0000
MMD_loss	: 2.5715
cond_ent_wt	: 4.8425
Src_reg_loss	: 0.1396
-------------------------------------
[Epoch : 3/500]
Total_loss	: 0.1830
Coral_loss	: 0.0000
MMD_loss	: 2.4709
cond_ent_wt	: 4.8362
Src_reg_loss	: 0.1099
-------------------------------------
[Epoch : 4/500]
Total_loss	: 0.1660
Coral_loss	: 0.0000
MMD_loss	: 2.4618
cond_ent_wt	: 4.8351
Src_reg_loss	: 0.0930
-------------------------------------
[Epoch : 5/500]
Total_loss	: 0.1561
Coral_loss	: 0.0000
MMD_loss	: 2.4679
cond_ent_wt	: 4.8347
Src_reg_loss	: 0.0831
-------------------------------------
[Epoch : 6/500]
Total_loss	: 0.1490
Coral_loss	: 0.0000
MMD_loss	: 2.4715
cond_ent_wt	: 4.8339
Src_reg_loss	: 0.0759
-------------------------------------
[Epoch : 7/500]
Total_loss	: 0.1437
Coral_loss	: 0.0000
MMD_loss	: 2.4818
cond_ent_wt	: 4.8334
Src_reg_loss	: 0.0705
-------------------------------------
[Epoch : 8/500]
Total_loss	: 0.1397
Coral_loss	: 0.0000
MMD_loss	: 2.4951
cond_ent_wt	: 4.8334
Src_reg_loss	: 0.0665
-------------------------------------
[Epoch : 9/500]
Total_loss	: 0.1366
Coral_loss	: 0.0000
MMD_loss	: 2.5038
cond_ent_wt	: 4.8334
Src_reg_loss	: 0.0632
-------------------------------------
[Epoch : 10/500]
Total_loss	: 0.1339
Coral_loss	: 0.0000
MMD_loss	: 2.5058
cond_ent_wt	: 4.8334
Src_reg_loss	: 0.0605
-------------------------------------
[Epoch : 11/500]
Total_loss	: 0.1316
Coral_loss	: 0.0000
MMD_loss	: 2.5000
cond_ent_wt	: 4.8334
Src_reg_loss	: 0.0582
-------------------------------------
[Epoch : 12/500]
Total_loss	: 0.1295
Coral_loss	: 0.0000
MMD_loss	: 2.4863
cond_ent_wt	: 4.8335
Src_reg_loss	: 0.0563
-------------------------------------
[Epoch : 13/500]
Total_loss	: 0.1275
Coral_loss	: 0.0000
MMD_loss	: 2.4654
cond_ent_wt	: 4.8337
Src_reg_loss	: 0.0545
-------------------------------------
[Epoch : 14/500]
Total_loss	: 0.1256
Coral_loss	: 0.0000
MMD_loss	: 2.4385
cond_ent_wt	: 4.8338
Src_reg_loss	: 0.0529
-------------------------------------
[Epoch : 15/500]
Total_loss	: 0.1239
Coral_loss	: 0.0000
MMD_loss	: 2.4068
cond_ent_wt	: 4.8340
Src_reg_loss	: 0.0515
-------------------------------------
[Epoch : 16/500]
Total_loss	: 0.1222
Coral_loss	: 0.0000
MMD_loss	: 2.3712
cond_ent_wt	: 4.8342
Src_reg_loss	: 0.0501
-------------------------------------
[Epoch : 17/500]
Total_loss	: 0.1206
Coral_loss	: 0.0000
MMD_loss	: 2.3324
cond_ent_wt	: 4.8344
Src_reg_loss	: 0.0489
-------------------------------------
[Epoch : 18/500]
Total_loss	: 0.1190
Coral_loss	: 0.0000
MMD_loss	: 2.2903
cond_ent_wt	: 4.8346
Src_reg_loss	: 0.0478
-------------------------------------
[Epoch : 19/500]
Total_loss	: 0.1175
Coral_loss	: 0.0000
MMD_loss	: 2.2453
cond_ent_wt	: 4.8348
Src_reg_loss	: 0.0467
-------------------------------------
[Epoch : 20/500]
Total_loss	: 0.1161
Coral_loss	: 0.0000
MMD_loss	: 2.1984
cond_ent_wt	: 4.8349
Src_reg_loss	: 0.0458
-------------------------------------
[Epoch : 21/500]
Total_loss	: 0.1147
Coral_loss	: 0.0000
MMD_loss	: 2.1515
cond_ent_wt	: 4.8350
Src_reg_loss	: 0.0448
-------------------------------------
[Epoch : 22/500]
Total_loss	: 0.1134
Coral_loss	: 0.0000
MMD_loss	: 2.1059
cond_ent_wt	: 4.8350
Src_reg_loss	: 0.0439
-------------------------------------
[Epoch : 23/500]
Total_loss	: 0.1121
Coral_loss	: 0.0000
MMD_loss	: 2.0625
cond_ent_wt	: 4.8350
Src_reg_loss	: 0.0431
-------------------------------------
[Epoch : 24/500]
Total_loss	: 0.1109
Coral_loss	: 0.0000
MMD_loss	: 2.0219
cond_ent_wt	: 4.8350
Src_reg_loss	: 0.0423
-------------------------------------
[Epoch : 25/500]
Total_loss	: 0.1097
Coral_loss	: 0.0000
MMD_loss	: 1.9846
cond_ent_wt	: 4.8350
Src_reg_loss	: 0.0415
-------------------------------------
[Epoch : 26/500]
Total_loss	: 0.1086
Coral_loss	: 0.0000
MMD_loss	: 1.9513
cond_ent_wt	: 4.8349
Src_reg_loss	: 0.0408
-------------------------------------
[Epoch : 27/500]
Total_loss	: 0.1076
Coral_loss	: 0.0000
MMD_loss	: 1.9225
cond_ent_wt	: 4.8348
Src_reg_loss	: 0.0401
-------------------------------------
[Epoch : 28/500]
Total_loss	: 0.1067
Coral_loss	: 0.0000
MMD_loss	: 1.8981
cond_ent_wt	: 4.8348
Src_reg_loss	: 0.0394
-------------------------------------
[Epoch : 29/500]
Total_loss	: 0.1059
Coral_loss	: 0.0000
MMD_loss	: 1.8774
cond_ent_wt	: 4.8347
Src_reg_loss	: 0.0388
-------------------------------------
[Epoch : 30/500]
Total_loss	: 0.1051
Coral_loss	: 0.0000
MMD_loss	: 1.8598
cond_ent_wt	: 4.8346
Src_reg_loss	: 0.0381
-------------------------------------
[Epoch : 31/500]
Total_loss	: 0.1043
Coral_loss	: 0.0000
MMD_loss	: 1.8448
cond_ent_wt	: 4.8345
Src_reg_loss	: 0.0376
-------------------------------------
[Epoch : 32/500]
Total_loss	: 0.1037
Coral_loss	: 0.0000
MMD_loss	: 1.8320
cond_ent_wt	: 4.8344
Src_reg_loss	: 0.0370
-------------------------------------
[Epoch : 33/500]
Total_loss	: 0.1030
Coral_loss	: 0.0000
MMD_loss	: 1.8208
cond_ent_wt	: 4.8342
Src_reg_loss	: 0.0365
-------------------------------------
[Epoch : 34/500]
Total_loss	: 0.1024
Coral_loss	: 0.0000
MMD_loss	: 1.8109
cond_ent_wt	: 4.8341
Src_reg_loss	: 0.0360
-------------------------------------
[Epoch : 35/500]
Total_loss	: 0.1018
Coral_loss	: 0.0000
MMD_loss	: 1.8023
cond_ent_wt	: 4.8340
Src_reg_loss	: 0.0355
-------------------------------------
[Epoch : 36/500]
Total_loss	: 0.1013
Coral_loss	: 0.0000
MMD_loss	: 1.7950
cond_ent_wt	: 4.8339
Src_reg_loss	: 0.0350
-------------------------------------
[Epoch : 37/500]
Total_loss	: 0.1008
Coral_loss	: 0.0000
MMD_loss	: 1.7887
cond_ent_wt	: 4.8338
Src_reg_loss	: 0.0345
-------------------------------------
[Epoch : 38/500]
Total_loss	: 0.1003
Coral_loss	: 0.0000
MMD_loss	: 1.7831
cond_ent_wt	: 4.8337
Src_reg_loss	: 0.0341
-------------------------------------
[Epoch : 39/500]
Total_loss	: 0.0998
Coral_loss	: 0.0000
MMD_loss	: 1.7785
cond_ent_wt	: 4.8336
Src_reg_loss	: 0.0337
-------------------------------------
[Epoch : 40/500]
Total_loss	: 0.0994
Coral_loss	: 0.0000
MMD_loss	: 1.7747
cond_ent_wt	: 4.8335
Src_reg_loss	: 0.0333
-------------------------------------
[Epoch : 41/500]
Total_loss	: 0.0989
Coral_loss	: 0.0000
MMD_loss	: 1.7716
cond_ent_wt	: 4.8334
Src_reg_loss	: 0.0329
-------------------------------------
[Epoch : 42/500]
Total_loss	: 0.0985
Coral_loss	: 0.0000
MMD_loss	: 1.7689
cond_ent_wt	: 4.8333
Src_reg_loss	: 0.0325
-------------------------------------
[Epoch : 43/500]
Total_loss	: 0.0982
Coral_loss	: 0.0000
MMD_loss	: 1.7666
cond_ent_wt	: 4.8331
Src_reg_loss	: 0.0322
-------------------------------------
[Epoch : 44/500]
Total_loss	: 0.0978
Coral_loss	: 0.0000
MMD_loss	: 1.7649
cond_ent_wt	: 4.8330
Src_reg_loss	: 0.0318
-------------------------------------
[Epoch : 45/500]
Total_loss	: 0.0974
Coral_loss	: 0.0000
MMD_loss	: 1.7636
cond_ent_wt	: 4.8329
Src_reg_loss	: 0.0315
-------------------------------------
[Epoch : 46/500]
Total_loss	: 0.0971
Coral_loss	: 0.0000
MMD_loss	: 1.7621
cond_ent_wt	: 4.8328
Src_reg_loss	: 0.0311
-------------------------------------
[Epoch : 47/500]
Total_loss	: 0.0967
Coral_loss	: 0.0000
MMD_loss	: 1.7602
cond_ent_wt	: 4.8327
Src_reg_loss	: 0.0308
-------------------------------------
[Epoch : 48/500]
Total_loss	: 0.0964
Coral_loss	: 0.0000
MMD_loss	: 1.7583
cond_ent_wt	: 4.8326
Src_reg_loss	: 0.0305
-------------------------------------
[Epoch : 49/500]
Total_loss	: 0.0961
Coral_loss	: 0.0000
MMD_loss	: 1.7566
cond_ent_wt	: 4.8325
Src_reg_loss	: 0.0302
-------------------------------------
[Epoch : 50/500]
Total_loss	: 0.0958
Coral_loss	: 0.0000
MMD_loss	: 1.7551
cond_ent_wt	: 4.8323
Src_reg_loss	: 0.0299
-------------------------------------
[Epoch : 51/500]
Total_loss	: 0.0955
Coral_loss	: 0.0000
MMD_loss	: 1.7533
cond_ent_wt	: 4.8322
Src_reg_loss	: 0.0296
-------------------------------------
[Epoch : 52/500]
Total_loss	: 0.0952
Coral_loss	: 0.0000
MMD_loss	: 1.7507
cond_ent_wt	: 4.8321
Src_reg_loss	: 0.0293
-------------------------------------
[Epoch : 53/500]
Total_loss	: 0.0949
Coral_loss	: 0.0000
MMD_loss	: 1.7478
cond_ent_wt	: 4.8320
Src_reg_loss	: 0.0291
-------------------------------------
[Epoch : 54/500]
Total_loss	: 0.0946
Coral_loss	: 0.0000
MMD_loss	: 1.7453
cond_ent_wt	: 4.8319
Src_reg_loss	: 0.0288
-------------------------------------
[Epoch : 55/500]
Total_loss	: 0.0943
Coral_loss	: 0.0000
MMD_loss	: 1.7433
cond_ent_wt	: 4.8318
Src_reg_loss	: 0.0286
-------------------------------------
[Epoch : 56/500]
Total_loss	: 0.0940
Coral_loss	: 0.0000
MMD_loss	: 1.7409
cond_ent_wt	: 4.8317
Src_reg_loss	: 0.0283
-------------------------------------
[Epoch : 57/500]
Total_loss	: 0.0938
Coral_loss	: 0.0000
MMD_loss	: 1.7371
cond_ent_wt	: 4.8316
Src_reg_loss	: 0.0281
-------------------------------------
[Epoch : 58/500]
Total_loss	: 0.0935
Coral_loss	: 0.0000
MMD_loss	: 1.7327
cond_ent_wt	: 4.8315
Src_reg_loss	: 0.0278
-------------------------------------
[Epoch : 59/500]
Total_loss	: 0.0932
Coral_loss	: 0.0000
MMD_loss	: 1.7291
cond_ent_wt	: 4.8314
Src_reg_loss	: 0.0276
-------------------------------------
[Epoch : 60/500]
Total_loss	: 0.0929
Coral_loss	: 0.0000
MMD_loss	: 1.7268
cond_ent_wt	: 4.8313
Src_reg_loss	: 0.0274
-------------------------------------
[Epoch : 61/500]
Total_loss	: 0.0927
Coral_loss	: 0.0000
MMD_loss	: 1.7240
cond_ent_wt	: 4.8312
Src_reg_loss	: 0.0272
-------------------------------------
[Epoch : 62/500]
Total_loss	: 0.0925
Coral_loss	: 0.0000
MMD_loss	: 1.7192
cond_ent_wt	: 4.8311
Src_reg_loss	: 0.0269
-------------------------------------
[Epoch : 63/500]
Total_loss	: 0.0922
Coral_loss	: 0.0000
MMD_loss	: 1.7135
cond_ent_wt	: 4.8310
Src_reg_loss	: 0.0267
-------------------------------------
[Epoch : 64/500]
Total_loss	: 0.0919
Coral_loss	: 0.0000
MMD_loss	: 1.7091
cond_ent_wt	: 4.8310
Src_reg_loss	: 0.0265
-------------------------------------
[Epoch : 65/500]
Total_loss	: 0.0917
Coral_loss	: 0.0000
MMD_loss	: 1.7068
cond_ent_wt	: 4.8308
Src_reg_loss	: 0.0263
-------------------------------------
[Epoch : 66/500]
Total_loss	: 0.0915
Coral_loss	: 0.0000
MMD_loss	: 1.7039
cond_ent_wt	: 4.8308
Src_reg_loss	: 0.0262
-------------------------------------
[Epoch : 67/500]
Total_loss	: 0.0913
Coral_loss	: 0.0000
MMD_loss	: 1.6985
cond_ent_wt	: 4.8307
Src_reg_loss	: 0.0260
-------------------------------------
[Epoch : 68/500]
Total_loss	: 0.0910
Coral_loss	: 0.0000
MMD_loss	: 1.6921
cond_ent_wt	: 4.8306
Src_reg_loss	: 0.0258
-------------------------------------
[Epoch : 69/500]
Total_loss	: 0.0908
Coral_loss	: 0.0000
MMD_loss	: 1.6877
cond_ent_wt	: 4.8306
Src_reg_loss	: 0.0256
-------------------------------------
[Epoch : 70/500]
Total_loss	: 0.0906
Coral_loss	: 0.0000
MMD_loss	: 1.6850
cond_ent_wt	: 4.8305
Src_reg_loss	: 0.0255
-------------------------------------
[Epoch : 71/500]
Total_loss	: 0.0904
Coral_loss	: 0.0000
MMD_loss	: 1.6811
cond_ent_wt	: 4.8304
Src_reg_loss	: 0.0253
-------------------------------------
[Epoch : 72/500]
Total_loss	: 0.0902
Coral_loss	: 0.0000
MMD_loss	: 1.6754
cond_ent_wt	: 4.8304
Src_reg_loss	: 0.0251
-------------------------------------
[Epoch : 73/500]
Total_loss	: 0.0900
Coral_loss	: 0.0000
MMD_loss	: 1.6701
cond_ent_wt	: 4.8303
Src_reg_loss	: 0.0250
-------------------------------------
[Epoch : 74/500]
Total_loss	: 0.0898
Coral_loss	: 0.0000
MMD_loss	: 1.6664
cond_ent_wt	: 4.8302
Src_reg_loss	: 0.0248
-------------------------------------
[Epoch : 75/500]
Total_loss	: 0.0896
Coral_loss	: 0.0000
MMD_loss	: 1.6627
cond_ent_wt	: 4.8302
Src_reg_loss	: 0.0247
-------------------------------------
[Epoch : 76/500]
Total_loss	: 0.0894
Coral_loss	: 0.0000
MMD_loss	: 1.6579
cond_ent_wt	: 4.8301
Src_reg_loss	: 0.0245
-------------------------------------
[Epoch : 77/500]
Total_loss	: 0.0892
Coral_loss	: 0.0000
MMD_loss	: 1.6531
cond_ent_wt	: 4.8301
Src_reg_loss	: 0.0243
-------------------------------------
[Epoch : 78/500]
Total_loss	: 0.0890
Coral_loss	: 0.0000
MMD_loss	: 1.6492
cond_ent_wt	: 4.8300
Src_reg_loss	: 0.0242
-------------------------------------
[Epoch : 79/500]
Total_loss	: 0.0888
Coral_loss	: 0.0000
MMD_loss	: 1.6457
cond_ent_wt	: 4.8299
Src_reg_loss	: 0.0240
-------------------------------------
[Epoch : 80/500]
Total_loss	: 0.0886
Coral_loss	: 0.0000
MMD_loss	: 1.6415
cond_ent_wt	: 4.8299
Src_reg_loss	: 0.0239
-------------------------------------
[Epoch : 81/500]
Total_loss	: 0.0884
Coral_loss	: 0.0000
MMD_loss	: 1.6370
cond_ent_wt	: 4.8298
Src_reg_loss	: 0.0237
-------------------------------------
[Epoch : 82/500]
Total_loss	: 0.0882
Coral_loss	: 0.0000
MMD_loss	: 1.6331
cond_ent_wt	: 4.8297
Src_reg_loss	: 0.0236
-------------------------------------
[Epoch : 83/500]
Total_loss	: 0.0881
Coral_loss	: 0.0000
MMD_loss	: 1.6300
cond_ent_wt	: 4.8296
Src_reg_loss	: 0.0235
-------------------------------------
[Epoch : 84/500]
Total_loss	: 0.0879
Coral_loss	: 0.0000
MMD_loss	: 1.6264
cond_ent_wt	: 4.8296
Src_reg_loss	: 0.0233
-------------------------------------
[Epoch : 85/500]
Total_loss	: 0.0877
Coral_loss	: 0.0000
MMD_loss	: 1.6222
cond_ent_wt	: 4.8295
Src_reg_loss	: 0.0232
-------------------------------------
[Epoch : 86/500]
Total_loss	: 0.0875
Coral_loss	: 0.0000
MMD_loss	: 1.6181
cond_ent_wt	: 4.8294
Src_reg_loss	: 0.0231
-------------------------------------
[Epoch : 87/500]
Total_loss	: 0.0874
Coral_loss	: 0.0000
MMD_loss	: 1.6150
cond_ent_wt	: 4.8293
Src_reg_loss	: 0.0229
-------------------------------------
[Epoch : 88/500]
Total_loss	: 0.0872
Coral_loss	: 0.0000
MMD_loss	: 1.6121
cond_ent_wt	: 4.8292
Src_reg_loss	: 0.0228
-------------------------------------
[Epoch : 89/500]
Total_loss	: 0.0871
Coral_loss	: 0.0000
MMD_loss	: 1.6085
cond_ent_wt	: 4.8292
Src_reg_loss	: 0.0227
-------------------------------------
[Epoch : 90/500]
Total_loss	: 0.0869
Coral_loss	: 0.0000
MMD_loss	: 1.6044
cond_ent_wt	: 4.8291
Src_reg_loss	: 0.0226
-------------------------------------
[Epoch : 91/500]
Total_loss	: 0.0868
Coral_loss	: 0.0000
MMD_loss	: 1.6010
cond_ent_wt	: 4.8290
Src_reg_loss	: 0.0225
-------------------------------------
[Epoch : 92/500]
Total_loss	: 0.0866
Coral_loss	: 0.0000
MMD_loss	: 1.5983
cond_ent_wt	: 4.8289
Src_reg_loss	: 0.0224
-------------------------------------
[Epoch : 93/500]
Total_loss	: 0.0865
Coral_loss	: 0.0000
MMD_loss	: 1.5954
cond_ent_wt	: 4.8289
Src_reg_loss	: 0.0222
-------------------------------------
[Epoch : 94/500]
Total_loss	: 0.0863
Coral_loss	: 0.0000
MMD_loss	: 1.5917
cond_ent_wt	: 4.8288
Src_reg_loss	: 0.0221
-------------------------------------
[Epoch : 95/500]
Total_loss	: 0.0862
Coral_loss	: 0.0000
MMD_loss	: 1.5881
cond_ent_wt	: 4.8287
Src_reg_loss	: 0.0220
-------------------------------------
[Epoch : 96/500]
Total_loss	: 0.0861
Coral_loss	: 0.0000
MMD_loss	: 1.5852
cond_ent_wt	: 4.8286
Src_reg_loss	: 0.0219
-------------------------------------
[Epoch : 97/500]
Total_loss	: 0.0859
Coral_loss	: 0.0000
MMD_loss	: 1.5826
cond_ent_wt	: 4.8286
Src_reg_loss	: 0.0218
-------------------------------------
[Epoch : 98/500]
Total_loss	: 0.0858
Coral_loss	: 0.0000
MMD_loss	: 1.5795
cond_ent_wt	: 4.8285
Src_reg_loss	: 0.0217
-------------------------------------
[Epoch : 99/500]
Total_loss	: 0.0856
Coral_loss	: 0.0000
MMD_loss	: 1.5761
cond_ent_wt	: 4.8284
Src_reg_loss	: 0.0216
-------------------------------------
[Epoch : 100/500]
Total_loss	: 0.0855
Coral_loss	: 0.0000
MMD_loss	: 1.5732
cond_ent_wt	: 4.8283
Src_reg_loss	: 0.0215
-------------------------------------
[Epoch : 101/500]
Total_loss	: 0.0854
Coral_loss	: 0.0000
MMD_loss	: 1.5708
cond_ent_wt	: 4.8282
Src_reg_loss	: 0.0214
-------------------------------------
[Epoch : 102/500]
Total_loss	: 0.0853
Coral_loss	: 0.0000
MMD_loss	: 1.5682
cond_ent_wt	: 4.8281
Src_reg_loss	: 0.0213
-------------------------------------
[Epoch : 103/500]
Total_loss	: 0.0851
Coral_loss	: 0.0000
MMD_loss	: 1.5650
cond_ent_wt	: 4.8281
Src_reg_loss	: 0.0212
-------------------------------------
[Epoch : 104/500]
Total_loss	: 0.0850
Coral_loss	: 0.0000
MMD_loss	: 1.5620
cond_ent_wt	: 4.8280
Src_reg_loss	: 0.0211
-------------------------------------
[Epoch : 105/500]
Total_loss	: 0.0849
Coral_loss	: 0.0000
MMD_loss	: 1.5595
cond_ent_wt	: 4.8279
Src_reg_loss	: 0.0210
-------------------------------------
[Epoch : 106/500]
Total_loss	: 0.0848
Coral_loss	: 0.0000
MMD_loss	: 1.5572
cond_ent_wt	: 4.8278
Src_reg_loss	: 0.0209
-------------------------------------
[Epoch : 107/500]
Total_loss	: 0.0847
Coral_loss	: 0.0000
MMD_loss	: 1.5545
cond_ent_wt	: 4.8277
Src_reg_loss	: 0.0208
-------------------------------------
[Epoch : 108/500]
Total_loss	: 0.0845
Coral_loss	: 0.0000
MMD_loss	: 1.5516
cond_ent_wt	: 4.8277
Src_reg_loss	: 0.0208
-------------------------------------
[Epoch : 109/500]
Total_loss	: 0.0844
Coral_loss	: 0.0000
MMD_loss	: 1.5492
cond_ent_wt	: 4.8276
Src_reg_loss	: 0.0207
-------------------------------------
[Epoch : 110/500]
Total_loss	: 0.0843
Coral_loss	: 0.0000
MMD_loss	: 1.5472
cond_ent_wt	: 4.8275
Src_reg_loss	: 0.0206
-------------------------------------
[Epoch : 111/500]
Total_loss	: 0.0842
Coral_loss	: 0.0000
MMD_loss	: 1.5449
cond_ent_wt	: 4.8274
Src_reg_loss	: 0.0205
-------------------------------------
[Epoch : 112/500]
Total_loss	: 0.0841
Coral_loss	: 0.0000
MMD_loss	: 1.5421
cond_ent_wt	: 4.8273
Src_reg_loss	: 0.0204
-------------------------------------
[Epoch : 113/500]
Total_loss	: 0.0840
Coral_loss	: 0.0000
MMD_loss	: 1.5396
cond_ent_wt	: 4.8272
Src_reg_loss	: 0.0203
-------------------------------------
[Epoch : 114/500]
Total_loss	: 0.0839
Coral_loss	: 0.0000
MMD_loss	: 1.5375
cond_ent_wt	: 4.8271
Src_reg_loss	: 0.0203
-------------------------------------
[Epoch : 115/500]
Total_loss	: 0.0838
Coral_loss	: 0.0000
MMD_loss	: 1.5356
cond_ent_wt	: 4.8270
Src_reg_loss	: 0.0202
-------------------------------------
[Epoch : 116/500]
Total_loss	: 0.0837
Coral_loss	: 0.0000
MMD_loss	: 1.5332
cond_ent_wt	: 4.8270
Src_reg_loss	: 0.0201
-------------------------------------
[Epoch : 117/500]
Total_loss	: 0.0836
Coral_loss	: 0.0000
MMD_loss	: 1.5308
cond_ent_wt	: 4.8269
Src_reg_loss	: 0.0200
-------------------------------------
[Epoch : 118/500]
Total_loss	: 0.0835
Coral_loss	: 0.0000
MMD_loss	: 1.5287
cond_ent_wt	: 4.8268
Src_reg_loss	: 0.0199
-------------------------------------
[Epoch : 119/500]
Total_loss	: 0.0834
Coral_loss	: 0.0000
MMD_loss	: 1.5270
cond_ent_wt	: 4.8267
Src_reg_loss	: 0.0199
-------------------------------------
[Epoch : 120/500]
Total_loss	: 0.0833
Coral_loss	: 0.0000
MMD_loss	: 1.5250
cond_ent_wt	: 4.8266
Src_reg_loss	: 0.0198
-------------------------------------
[Epoch : 121/500]
Total_loss	: 0.0832
Coral_loss	: 0.0000
MMD_loss	: 1.5227
cond_ent_wt	: 4.8265
Src_reg_loss	: 0.0197
-------------------------------------
[Epoch : 122/500]
Total_loss	: 0.0831
Coral_loss	: 0.0000
MMD_loss	: 1.5205
cond_ent_wt	: 4.8264
Src_reg_loss	: 0.0196
-------------------------------------
[Epoch : 123/500]
Total_loss	: 0.0830
Coral_loss	: 0.0000
MMD_loss	: 1.5187
cond_ent_wt	: 4.8263
Src_reg_loss	: 0.0196
-------------------------------------
[Epoch : 124/500]
Total_loss	: 0.0830
Coral_loss	: 0.0000
MMD_loss	: 1.5170
cond_ent_wt	: 4.8262
Src_reg_loss	: 0.0195
-------------------------------------
[Epoch : 125/500]
Total_loss	: 0.0829
Coral_loss	: 0.0000
MMD_loss	: 1.5150
cond_ent_wt	: 4.8261
Src_reg_loss	: 0.0194
-------------------------------------
[Epoch : 126/500]
Total_loss	: 0.0828
Coral_loss	: 0.0000
MMD_loss	: 1.5129
cond_ent_wt	: 4.8260
Src_reg_loss	: 0.0194
-------------------------------------
[Epoch : 127/500]
Total_loss	: 0.0827
Coral_loss	: 0.0000
MMD_loss	: 1.5111
cond_ent_wt	: 4.8260
Src_reg_loss	: 0.0193
-------------------------------------
[Epoch : 128/500]
Total_loss	: 0.0826
Coral_loss	: 0.0000
MMD_loss	: 1.5096
cond_ent_wt	: 4.8259
Src_reg_loss	: 0.0192
-------------------------------------
[Epoch : 129/500]
Total_loss	: 0.0825
Coral_loss	: 0.0000
MMD_loss	: 1.5078
cond_ent_wt	: 4.8258
Src_reg_loss	: 0.0192
-------------------------------------
[Epoch : 130/500]
Total_loss	: 0.0824
Coral_loss	: 0.0000
MMD_loss	: 1.5058
cond_ent_wt	: 4.8257
Src_reg_loss	: 0.0191
-------------------------------------
[Epoch : 131/500]
Total_loss	: 0.0823
Coral_loss	: 0.0000
MMD_loss	: 1.5040
cond_ent_wt	: 4.8256
Src_reg_loss	: 0.0190
-------------------------------------
[Epoch : 132/500]
Total_loss	: 0.0823
Coral_loss	: 0.0000
MMD_loss	: 1.5025
cond_ent_wt	: 4.8255
Src_reg_loss	: 0.0190
-------------------------------------
[Epoch : 133/500]
Total_loss	: 0.0822
Coral_loss	: 0.0000
MMD_loss	: 1.5010
cond_ent_wt	: 4.8254
Src_reg_loss	: 0.0189
-------------------------------------
[Epoch : 134/500]
Total_loss	: 0.0821
Coral_loss	: 0.0000
MMD_loss	: 1.4992
cond_ent_wt	: 4.8253
Src_reg_loss	: 0.0189
-------------------------------------
[Epoch : 135/500]
Total_loss	: 0.0820
Coral_loss	: 0.0000
MMD_loss	: 1.4974
cond_ent_wt	: 4.8252
Src_reg_loss	: 0.0188
-------------------------------------
[Epoch : 136/500]
Total_loss	: 0.0820
Coral_loss	: 0.0000
MMD_loss	: 1.4958
cond_ent_wt	: 4.8251
Src_reg_loss	: 0.0187
-------------------------------------
[Epoch : 137/500]
Total_loss	: 0.0819
Coral_loss	: 0.0000
MMD_loss	: 1.4945
cond_ent_wt	: 4.8250
Src_reg_loss	: 0.0187
-------------------------------------
[Epoch : 138/500]
Total_loss	: 0.0818
Coral_loss	: 0.0000
MMD_loss	: 1.4930
cond_ent_wt	: 4.8249
Src_reg_loss	: 0.0186
-------------------------------------
[Epoch : 139/500]
Total_loss	: 0.0817
Coral_loss	: 0.0000
MMD_loss	: 1.4912
cond_ent_wt	: 4.8248
Src_reg_loss	: 0.0186
-------------------------------------
[Epoch : 140/500]
Total_loss	: 0.0817
Coral_loss	: 0.0000
MMD_loss	: 1.4896
cond_ent_wt	: 4.8247
Src_reg_loss	: 0.0185
-------------------------------------
[Epoch : 141/500]
Total_loss	: 0.0816
Coral_loss	: 0.0000
MMD_loss	: 1.4883
cond_ent_wt	: 4.8246
Src_reg_loss	: 0.0185
-------------------------------------
[Epoch : 142/500]
Total_loss	: 0.0815
Coral_loss	: 0.0000
MMD_loss	: 1.4870
cond_ent_wt	: 4.8245
Src_reg_loss	: 0.0184
-------------------------------------
[Epoch : 143/500]
Total_loss	: 0.0814
Coral_loss	: 0.0000
MMD_loss	: 1.4854
cond_ent_wt	: 4.8244
Src_reg_loss	: 0.0183
-------------------------------------
[Epoch : 144/500]
Total_loss	: 0.0814
Coral_loss	: 0.0000
MMD_loss	: 1.4837
cond_ent_wt	: 4.8244
Src_reg_loss	: 0.0183
-------------------------------------
[Epoch : 145/500]
Total_loss	: 0.0813
Coral_loss	: 0.0000
MMD_loss	: 1.4824
cond_ent_wt	: 4.8243
Src_reg_loss	: 0.0182
-------------------------------------
[Epoch : 146/500]
Total_loss	: 0.0812
Coral_loss	: 0.0000
MMD_loss	: 1.4812
cond_ent_wt	: 4.8242
Src_reg_loss	: 0.0182
-------------------------------------
[Epoch : 147/500]
Total_loss	: 0.0812
Coral_loss	: 0.0000
MMD_loss	: 1.4797
cond_ent_wt	: 4.8241
Src_reg_loss	: 0.0181
-------------------------------------
[Epoch : 148/500]
Total_loss	: 0.0811
Coral_loss	: 0.0000
MMD_loss	: 1.4781
cond_ent_wt	: 4.8240
Src_reg_loss	: 0.0181
-------------------------------------
[Epoch : 149/500]
Total_loss	: 0.0810
Coral_loss	: 0.0000
MMD_loss	: 1.4767
cond_ent_wt	: 4.8239
Src_reg_loss	: 0.0180
-------------------------------------
[Epoch : 150/500]
Total_loss	: 0.0810
Coral_loss	: 0.0000
MMD_loss	: 1.4755
cond_ent_wt	: 4.8238
Src_reg_loss	: 0.0180
-------------------------------------
[Epoch : 151/500]
Total_loss	: 0.0809
Coral_loss	: 0.0000
MMD_loss	: 1.4742
cond_ent_wt	: 4.8237
Src_reg_loss	: 0.0179
-------------------------------------
[Epoch : 152/500]
Total_loss	: 0.0808
Coral_loss	: 0.0000
MMD_loss	: 1.4726
cond_ent_wt	: 4.8236
Src_reg_loss	: 0.0179
-------------------------------------
[Epoch : 153/500]
Total_loss	: 0.0808
Coral_loss	: 0.0000
MMD_loss	: 1.4711
cond_ent_wt	: 4.8235
Src_reg_loss	: 0.0178
-------------------------------------
[Epoch : 154/500]
Total_loss	: 0.0807
Coral_loss	: 0.0000
MMD_loss	: 1.4699
cond_ent_wt	: 4.8234
Src_reg_loss	: 0.0178
-------------------------------------
[Epoch : 155/500]
Total_loss	: 0.0807
Coral_loss	: 0.0000
MMD_loss	: 1.4686
cond_ent_wt	: 4.8233
Src_reg_loss	: 0.0177
-------------------------------------
[Epoch : 156/500]
Total_loss	: 0.0806
Coral_loss	: 0.0000
MMD_loss	: 1.4671
cond_ent_wt	: 4.8232
Src_reg_loss	: 0.0177
-------------------------------------
[Epoch : 157/500]
Total_loss	: 0.0805
Coral_loss	: 0.0000
MMD_loss	: 1.4656
cond_ent_wt	: 4.8232
Src_reg_loss	: 0.0176
-------------------------------------
[Epoch : 158/500]
Total_loss	: 0.0805
Coral_loss	: 0.0000
MMD_loss	: 1.4644
cond_ent_wt	: 4.8231
Src_reg_loss	: 0.0176
-------------------------------------
[Epoch : 159/500]
Total_loss	: 0.0804
Coral_loss	: 0.0000
MMD_loss	: 1.4633
cond_ent_wt	: 4.8230
Src_reg_loss	: 0.0176
-------------------------------------
[Epoch : 160/500]
Total_loss	: 0.0804
Coral_loss	: 0.0000
MMD_loss	: 1.4619
cond_ent_wt	: 4.8229
Src_reg_loss	: 0.0175
-------------------------------------
[Epoch : 161/500]
Total_loss	: 0.0803
Coral_loss	: 0.0000
MMD_loss	: 1.4604
cond_ent_wt	: 4.8228
Src_reg_loss	: 0.0175
-------------------------------------
[Epoch : 162/500]
Total_loss	: 0.0802
Coral_loss	: 0.0000
MMD_loss	: 1.4591
cond_ent_wt	: 4.8227
Src_reg_loss	: 0.0174
-------------------------------------
[Epoch : 163/500]
Total_loss	: 0.0802
Coral_loss	: 0.0000
MMD_loss	: 1.4580
cond_ent_wt	: 4.8226
Src_reg_loss	: 0.0174
-------------------------------------
[Epoch : 164/500]
Total_loss	: 0.0801
Coral_loss	: 0.0000
MMD_loss	: 1.4567
cond_ent_wt	: 4.8225
Src_reg_loss	: 0.0173
-------------------------------------
[Epoch : 165/500]
Total_loss	: 0.0801
Coral_loss	: 0.0000
MMD_loss	: 1.4552
cond_ent_wt	: 4.8224
Src_reg_loss	: 0.0173
-------------------------------------
[Epoch : 166/500]
Total_loss	: 0.0800
Coral_loss	: 0.0000
MMD_loss	: 1.4539
cond_ent_wt	: 4.8223
Src_reg_loss	: 0.0172
-------------------------------------
[Epoch : 167/500]
Total_loss	: 0.0800
Coral_loss	: 0.0000
MMD_loss	: 1.4528
cond_ent_wt	: 4.8222
Src_reg_loss	: 0.0172
-------------------------------------
[Epoch : 168/500]
Total_loss	: 0.0799
Coral_loss	: 0.0000
MMD_loss	: 1.4515
cond_ent_wt	: 4.8221
Src_reg_loss	: 0.0172
-------------------------------------
[Epoch : 169/500]
Total_loss	: 0.0798
Coral_loss	: 0.0000
MMD_loss	: 1.4501
cond_ent_wt	: 4.8221
Src_reg_loss	: 0.0171
-------------------------------------
[Epoch : 170/500]
Total_loss	: 0.0798
Coral_loss	: 0.0000
MMD_loss	: 1.4488
cond_ent_wt	: 4.8220
Src_reg_loss	: 0.0171
-------------------------------------
[Epoch : 171/500]
Total_loss	: 0.0797
Coral_loss	: 0.0000
MMD_loss	: 1.4476
cond_ent_wt	: 4.8219
Src_reg_loss	: 0.0170
-------------------------------------
[Epoch : 172/500]
Total_loss	: 0.0797
Coral_loss	: 0.0000
MMD_loss	: 1.4464
cond_ent_wt	: 4.8218
Src_reg_loss	: 0.0170
-------------------------------------
[Epoch : 173/500]
Total_loss	: 0.0796
Coral_loss	: 0.0000
MMD_loss	: 1.4450
cond_ent_wt	: 4.8217
Src_reg_loss	: 0.0170
-------------------------------------
[Epoch : 174/500]
Total_loss	: 0.0796
Coral_loss	: 0.0000
MMD_loss	: 1.4436
cond_ent_wt	: 4.8216
Src_reg_loss	: 0.0169
-------------------------------------
[Epoch : 175/500]
Total_loss	: 0.0795
Coral_loss	: 0.0000
MMD_loss	: 1.4425
cond_ent_wt	: 4.8215
Src_reg_loss	: 0.0169
-------------------------------------
[Epoch : 176/500]
Total_loss	: 0.0795
Coral_loss	: 0.0000
MMD_loss	: 1.4413
cond_ent_wt	: 4.8214
Src_reg_loss	: 0.0168
-------------------------------------
[Epoch : 177/500]
Total_loss	: 0.0794
Coral_loss	: 0.0000
MMD_loss	: 1.4399
cond_ent_wt	: 4.8213
Src_reg_loss	: 0.0168
-------------------------------------
[Epoch : 178/500]
Total_loss	: 0.0794
Coral_loss	: 0.0000
MMD_loss	: 1.4385
cond_ent_wt	: 4.8212
Src_reg_loss	: 0.0168
-------------------------------------
[Epoch : 179/500]
Total_loss	: 0.0793
Coral_loss	: 0.0000
MMD_loss	: 1.4373
cond_ent_wt	: 4.8211
Src_reg_loss	: 0.0167
-------------------------------------
[Epoch : 180/500]
Total_loss	: 0.0793
Coral_loss	: 0.0000
MMD_loss	: 1.4361
cond_ent_wt	: 4.8211
Src_reg_loss	: 0.0167
-------------------------------------
[Epoch : 181/500]
Total_loss	: 0.0792
Coral_loss	: 0.0000
MMD_loss	: 1.4347
cond_ent_wt	: 4.8210
Src_reg_loss	: 0.0167
-------------------------------------
[Epoch : 182/500]
Total_loss	: 0.0792
Coral_loss	: 0.0000
MMD_loss	: 1.4333
cond_ent_wt	: 4.8209
Src_reg_loss	: 0.0166
-------------------------------------
[Epoch : 183/500]
Total_loss	: 0.0791
Coral_loss	: 0.0000
MMD_loss	: 1.4322
cond_ent_wt	: 4.8208
Src_reg_loss	: 0.0166
-------------------------------------
[Epoch : 184/500]
Total_loss	: 0.0791
Coral_loss	: 0.0000
MMD_loss	: 1.4309
cond_ent_wt	: 4.8207
Src_reg_loss	: 0.0166
-------------------------------------
[Epoch : 185/500]
Total_loss	: 0.0790
Coral_loss	: 0.0000
MMD_loss	: 1.4295
cond_ent_wt	: 4.8206
Src_reg_loss	: 0.0165
-------------------------------------
[Epoch : 186/500]
Total_loss	: 0.0790
Coral_loss	: 0.0000
MMD_loss	: 1.4282
cond_ent_wt	: 4.8206
Src_reg_loss	: 0.0165
-------------------------------------
[Epoch : 187/500]
Total_loss	: 0.0789
Coral_loss	: 0.0000
MMD_loss	: 1.4271
cond_ent_wt	: 4.8205
Src_reg_loss	: 0.0164
-------------------------------------
[Epoch : 188/500]
Total_loss	: 0.0789
Coral_loss	: 0.0000
MMD_loss	: 1.4258
cond_ent_wt	: 4.8204
Src_reg_loss	: 0.0164
-------------------------------------
[Epoch : 189/500]
Total_loss	: 0.0788
Coral_loss	: 0.0000
MMD_loss	: 1.4244
cond_ent_wt	: 4.8203
Src_reg_loss	: 0.0164
-------------------------------------
[Epoch : 190/500]
Total_loss	: 0.0788
Coral_loss	: 0.0000
MMD_loss	: 1.4231
cond_ent_wt	: 4.8202
Src_reg_loss	: 0.0163
-------------------------------------
[Epoch : 191/500]
Total_loss	: 0.0787
Coral_loss	: 0.0000
MMD_loss	: 1.4220
cond_ent_wt	: 4.8201
Src_reg_loss	: 0.0163
-------------------------------------
[Epoch : 192/500]
Total_loss	: 0.0787
Coral_loss	: 0.0000
MMD_loss	: 1.4207
cond_ent_wt	: 4.8201
Src_reg_loss	: 0.0163
-------------------------------------
[Epoch : 193/500]
Total_loss	: 0.0786
Coral_loss	: 0.0000
MMD_loss	: 1.4194
cond_ent_wt	: 4.8200
Src_reg_loss	: 0.0162
-------------------------------------
[Epoch : 194/500]
Total_loss	: 0.0786
Coral_loss	: 0.0000
MMD_loss	: 1.4181
cond_ent_wt	: 4.8199
Src_reg_loss	: 0.0162
-------------------------------------
[Epoch : 195/500]
Total_loss	: 0.0785
Coral_loss	: 0.0000
MMD_loss	: 1.4170
cond_ent_wt	: 4.8198
Src_reg_loss	: 0.0162
-------------------------------------
[Epoch : 196/500]
Total_loss	: 0.0785
Coral_loss	: 0.0000
MMD_loss	: 1.4157
cond_ent_wt	: 4.8197
Src_reg_loss	: 0.0161
-------------------------------------
[Epoch : 197/500]
Total_loss	: 0.0784
Coral_loss	: 0.0000
MMD_loss	: 1.4143
cond_ent_wt	: 4.8196
Src_reg_loss	: 0.0161
-------------------------------------
[Epoch : 198/500]
Total_loss	: 0.0784
Coral_loss	: 0.0000
MMD_loss	: 1.4131
cond_ent_wt	: 4.8195
Src_reg_loss	: 0.0161
-------------------------------------
[Epoch : 199/500]
Total_loss	: 0.0784
Coral_loss	: 0.0000
MMD_loss	: 1.4119
cond_ent_wt	: 4.8195
Src_reg_loss	: 0.0160
-------------------------------------
[Epoch : 200/500]
Total_loss	: 0.0783
Coral_loss	: 0.0000
MMD_loss	: 1.4106
cond_ent_wt	: 4.8194
Src_reg_loss	: 0.0160
-------------------------------------
[Epoch : 201/500]
Total_loss	: 0.0783
Coral_loss	: 0.0000
MMD_loss	: 1.4092
cond_ent_wt	: 4.8193
Src_reg_loss	: 0.0160
-------------------------------------
[Epoch : 202/500]
Total_loss	: 0.0782
Coral_loss	: 0.0000
MMD_loss	: 1.4080
cond_ent_wt	: 4.8192
Src_reg_loss	: 0.0160
-------------------------------------
[Epoch : 203/500]
Total_loss	: 0.0782
Coral_loss	: 0.0000
MMD_loss	: 1.4068
cond_ent_wt	: 4.8191
Src_reg_loss	: 0.0159
-------------------------------------
[Epoch : 204/500]
Total_loss	: 0.0781
Coral_loss	: 0.0000
MMD_loss	: 1.4054
cond_ent_wt	: 4.8191
Src_reg_loss	: 0.0159
-------------------------------------
[Epoch : 205/500]
Total_loss	: 0.0781
Coral_loss	: 0.0000
MMD_loss	: 1.4041
cond_ent_wt	: 4.8190
Src_reg_loss	: 0.0159
-------------------------------------
[Epoch : 206/500]
Total_loss	: 0.0781
Coral_loss	: 0.0000
MMD_loss	: 1.4029
cond_ent_wt	: 4.8189
Src_reg_loss	: 0.0158
-------------------------------------
[Epoch : 207/500]
Total_loss	: 0.0780
Coral_loss	: 0.0000
MMD_loss	: 1.4017
cond_ent_wt	: 4.8188
Src_reg_loss	: 0.0158
-------------------------------------
[Epoch : 208/500]
Total_loss	: 0.0780
Coral_loss	: 0.0000
MMD_loss	: 1.4003
cond_ent_wt	: 4.8188
Src_reg_loss	: 0.0158
-------------------------------------
[Epoch : 209/500]
Total_loss	: 0.0779
Coral_loss	: 0.0000
MMD_loss	: 1.3990
cond_ent_wt	: 4.8187
Src_reg_loss	: 0.0157
-------------------------------------
[Epoch : 210/500]
Total_loss	: 0.0779
Coral_loss	: 0.0000
MMD_loss	: 1.3979
cond_ent_wt	: 4.8186
Src_reg_loss	: 0.0157
-------------------------------------
[Epoch : 211/500]
Total_loss	: 0.0778
Coral_loss	: 0.0000
MMD_loss	: 1.3966
cond_ent_wt	: 4.8185
Src_reg_loss	: 0.0157
-------------------------------------
[Epoch : 212/500]
Total_loss	: 0.0778
Coral_loss	: 0.0000
MMD_loss	: 1.3953
cond_ent_wt	: 4.8184
Src_reg_loss	: 0.0157
-------------------------------------
[Epoch : 213/500]
Total_loss	: 0.0778
Coral_loss	: 0.0000
MMD_loss	: 1.3941
cond_ent_wt	: 4.8184
Src_reg_loss	: 0.0156
-------------------------------------
[Epoch : 214/500]
Total_loss	: 0.0777
Coral_loss	: 0.0000
MMD_loss	: 1.3930
cond_ent_wt	: 4.8183
Src_reg_loss	: 0.0156
-------------------------------------
[Epoch : 215/500]
Total_loss	: 0.0777
Coral_loss	: 0.0000
MMD_loss	: 1.3917
cond_ent_wt	: 4.8182
Src_reg_loss	: 0.0156
-------------------------------------
[Epoch : 216/500]
Total_loss	: 0.0776
Coral_loss	: 0.0000
MMD_loss	: 1.3904
cond_ent_wt	: 4.8181
Src_reg_loss	: 0.0155
-------------------------------------
[Epoch : 217/500]
Total_loss	: 0.0776
Coral_loss	: 0.0000
MMD_loss	: 1.3893
cond_ent_wt	: 4.8180
Src_reg_loss	: 0.0155
-------------------------------------
[Epoch : 218/500]
Total_loss	: 0.0776
Coral_loss	: 0.0000
MMD_loss	: 1.3881
cond_ent_wt	: 4.8180
Src_reg_loss	: 0.0155
-------------------------------------
[Epoch : 219/500]
Total_loss	: 0.0775
Coral_loss	: 0.0000
MMD_loss	: 1.3868
cond_ent_wt	: 4.8179
Src_reg_loss	: 0.0155
-------------------------------------
[Epoch : 220/500]
Total_loss	: 0.0775
Coral_loss	: 0.0000
MMD_loss	: 1.3856
cond_ent_wt	: 4.8178
Src_reg_loss	: 0.0154
-------------------------------------
[Epoch : 221/500]
Total_loss	: 0.0774
Coral_loss	: 0.0000
MMD_loss	: 1.3846
cond_ent_wt	: 4.8177
Src_reg_loss	: 0.0154
-------------------------------------
[Epoch : 222/500]
Total_loss	: 0.0774
Coral_loss	: 0.0000
MMD_loss	: 1.3833
cond_ent_wt	: 4.8177
Src_reg_loss	: 0.0154
-------------------------------------
[Epoch : 223/500]
Total_loss	: 0.0774
Coral_loss	: 0.0000
MMD_loss	: 1.3821
cond_ent_wt	: 4.8176
Src_reg_loss	: 0.0154
-------------------------------------
[Epoch : 224/500]
Total_loss	: 0.0773
Coral_loss	: 0.0000
MMD_loss	: 1.3810
cond_ent_wt	: 4.8175
Src_reg_loss	: 0.0153
-------------------------------------
[Epoch : 225/500]
Total_loss	: 0.0773
Coral_loss	: 0.0000
MMD_loss	: 1.3799
cond_ent_wt	: 4.8174
Src_reg_loss	: 0.0153
-------------------------------------
[Epoch : 226/500]
Total_loss	: 0.0772
Coral_loss	: 0.0000
MMD_loss	: 1.3787
cond_ent_wt	: 4.8173
Src_reg_loss	: 0.0153
-------------------------------------
[Epoch : 227/500]
Total_loss	: 0.0772
Coral_loss	: 0.0000
MMD_loss	: 1.3776
cond_ent_wt	: 4.8173
Src_reg_loss	: 0.0153
-------------------------------------
[Epoch : 228/500]
Total_loss	: 0.0772
Coral_loss	: 0.0000
MMD_loss	: 1.3765
cond_ent_wt	: 4.8172
Src_reg_loss	: 0.0152
-------------------------------------
[Epoch : 229/500]
Total_loss	: 0.0771
Coral_loss	: 0.0000
MMD_loss	: 1.3754
cond_ent_wt	: 4.8171
Src_reg_loss	: 0.0152
-------------------------------------
[Epoch : 230/500]
Total_loss	: 0.0771
Coral_loss	: 0.0000
MMD_loss	: 1.3742
cond_ent_wt	: 4.8170
Src_reg_loss	: 0.0152
-------------------------------------
[Epoch : 231/500]
Total_loss	: 0.0771
Coral_loss	: 0.0000
MMD_loss	: 1.3731
cond_ent_wt	: 4.8169
Src_reg_loss	: 0.0152
-------------------------------------
[Epoch : 232/500]
Total_loss	: 0.0770
Coral_loss	: 0.0000
MMD_loss	: 1.3721
cond_ent_wt	: 4.8169
Src_reg_loss	: 0.0151
-------------------------------------
[Epoch : 233/500]
Total_loss	: 0.0770
Coral_loss	: 0.0000
MMD_loss	: 1.3709
cond_ent_wt	: 4.8168
Src_reg_loss	: 0.0151
-------------------------------------
[Epoch : 234/500]
Total_loss	: 0.0769
Coral_loss	: 0.0000
MMD_loss	: 1.3698
cond_ent_wt	: 4.8167
Src_reg_loss	: 0.0151
-------------------------------------
[Epoch : 235/500]
Total_loss	: 0.0769
Coral_loss	: 0.0000
MMD_loss	: 1.3689
cond_ent_wt	: 4.8166
Src_reg_loss	: 0.0151
-------------------------------------
[Epoch : 236/500]
Total_loss	: 0.0769
Coral_loss	: 0.0000
MMD_loss	: 1.3678
cond_ent_wt	: 4.8166
Src_reg_loss	: 0.0150
-------------------------------------
[Epoch : 237/500]
Total_loss	: 0.0768
Coral_loss	: 0.0000
MMD_loss	: 1.3666
cond_ent_wt	: 4.8165
Src_reg_loss	: 0.0150
-------------------------------------
[Epoch : 238/500]
Total_loss	: 0.0768
Coral_loss	: 0.0000
MMD_loss	: 1.3657
cond_ent_wt	: 4.8164
Src_reg_loss	: 0.0150
-------------------------------------
[Epoch : 239/500]
Total_loss	: 0.0768
Coral_loss	: 0.0000
MMD_loss	: 1.3647
cond_ent_wt	: 4.8163
Src_reg_loss	: 0.0150
-------------------------------------
[Epoch : 240/500]
Total_loss	: 0.0767
Coral_loss	: 0.0000
MMD_loss	: 1.3636
cond_ent_wt	: 4.8162
Src_reg_loss	: 0.0149
-------------------------------------
[Epoch : 241/500]
Total_loss	: 0.0767
Coral_loss	: 0.0000
MMD_loss	: 1.3626
cond_ent_wt	: 4.8162
Src_reg_loss	: 0.0149
-------------------------------------
[Epoch : 242/500]
Total_loss	: 0.0767
Coral_loss	: 0.0000
MMD_loss	: 1.3617
cond_ent_wt	: 4.8161
Src_reg_loss	: 0.0149
-------------------------------------
[Epoch : 243/500]
Total_loss	: 0.0766
Coral_loss	: 0.0000
MMD_loss	: 1.3606
cond_ent_wt	: 4.8160
Src_reg_loss	: 0.0149
-------------------------------------
[Epoch : 244/500]
Total_loss	: 0.0766
Coral_loss	: 0.0000
MMD_loss	: 1.3596
cond_ent_wt	: 4.8159
Src_reg_loss	: 0.0148
-------------------------------------
[Epoch : 245/500]
Total_loss	: 0.0766
Coral_loss	: 0.0000
MMD_loss	: 1.3587
cond_ent_wt	: 4.8158
Src_reg_loss	: 0.0148
-------------------------------------
[Epoch : 246/500]
Total_loss	: 0.0765
Coral_loss	: 0.0000
MMD_loss	: 1.3577
cond_ent_wt	: 4.8158
Src_reg_loss	: 0.0148
-------------------------------------
[Epoch : 247/500]
Total_loss	: 0.0765
Coral_loss	: 0.0000
MMD_loss	: 1.3567
cond_ent_wt	: 4.8157
Src_reg_loss	: 0.0148
-------------------------------------
[Epoch : 248/500]
Total_loss	: 0.0765
Coral_loss	: 0.0000
MMD_loss	: 1.3558
cond_ent_wt	: 4.8156
Src_reg_loss	: 0.0147
-------------------------------------
[Epoch : 249/500]
Total_loss	: 0.0764
Coral_loss	: 0.0000
MMD_loss	: 1.3550
cond_ent_wt	: 4.8155
Src_reg_loss	: 0.0147
-------------------------------------
[Epoch : 250/500]
Total_loss	: 0.0764
Coral_loss	: 0.0000
MMD_loss	: 1.3540
cond_ent_wt	: 4.8154
Src_reg_loss	: 0.0147
-------------------------------------
[Epoch : 251/500]
Total_loss	: 0.0764
Coral_loss	: 0.0000
MMD_loss	: 1.3530
cond_ent_wt	: 4.8154
Src_reg_loss	: 0.0147
-------------------------------------
[Epoch : 252/500]
Total_loss	: 0.0763
Coral_loss	: 0.0000
MMD_loss	: 1.3522
cond_ent_wt	: 4.8153
Src_reg_loss	: 0.0147
-------------------------------------
[Epoch : 253/500]
Total_loss	: 0.0763
Coral_loss	: 0.0000
MMD_loss	: 1.3513
cond_ent_wt	: 4.8152
Src_reg_loss	: 0.0146
-------------------------------------
[Epoch : 254/500]
Total_loss	: 0.0763
Coral_loss	: 0.0000
MMD_loss	: 1.3504
cond_ent_wt	: 4.8151
Src_reg_loss	: 0.0146
-------------------------------------
[Epoch : 255/500]
Total_loss	: 0.0762
Coral_loss	: 0.0000
MMD_loss	: 1.3495
cond_ent_wt	: 4.8150
Src_reg_loss	: 0.0146
-------------------------------------
[Epoch : 256/500]
Total_loss	: 0.0762
Coral_loss	: 0.0000
MMD_loss	: 1.3487
cond_ent_wt	: 4.8149
Src_reg_loss	: 0.0146
-------------------------------------
[Epoch : 257/500]
Total_loss	: 0.0762
Coral_loss	: 0.0000
MMD_loss	: 1.3478
cond_ent_wt	: 4.8149
Src_reg_loss	: 0.0146
-------------------------------------
[Epoch : 258/500]
Total_loss	: 0.0761
Coral_loss	: 0.0000
MMD_loss	: 1.3469
cond_ent_wt	: 4.8148
Src_reg_loss	: 0.0145
-------------------------------------
[Epoch : 259/500]
Total_loss	: 0.0761
Coral_loss	: 0.0000
MMD_loss	: 1.3462
cond_ent_wt	: 4.8147
Src_reg_loss	: 0.0145
-------------------------------------
[Epoch : 260/500]
Total_loss	: 0.0761
Coral_loss	: 0.0000
MMD_loss	: 1.3453
cond_ent_wt	: 4.8146
Src_reg_loss	: 0.0145
-------------------------------------
[Epoch : 261/500]
Total_loss	: 0.0761
Coral_loss	: 0.0000
MMD_loss	: 1.3444
cond_ent_wt	: 4.8145
Src_reg_loss	: 0.0145
-------------------------------------
[Epoch : 262/500]
Total_loss	: 0.0760
Coral_loss	: 0.0000
MMD_loss	: 1.3437
cond_ent_wt	: 4.8145
Src_reg_loss	: 0.0145
-------------------------------------
[Epoch : 263/500]
Total_loss	: 0.0760
Coral_loss	: 0.0000
MMD_loss	: 1.3430
cond_ent_wt	: 4.8144
Src_reg_loss	: 0.0144
-------------------------------------
[Epoch : 264/500]
Total_loss	: 0.0760
Coral_loss	: 0.0000
MMD_loss	: 1.3421
cond_ent_wt	: 4.8143
Src_reg_loss	: 0.0144
-------------------------------------
[Epoch : 265/500]
Total_loss	: 0.0759
Coral_loss	: 0.0000
MMD_loss	: 1.3414
cond_ent_wt	: 4.8142
Src_reg_loss	: 0.0144
-------------------------------------
[Epoch : 266/500]
Total_loss	: 0.0759
Coral_loss	: 0.0000
MMD_loss	: 1.3408
cond_ent_wt	: 4.8141
Src_reg_loss	: 0.0144
-------------------------------------
[Epoch : 267/500]
Total_loss	: 0.0759
Coral_loss	: 0.0000
MMD_loss	: 1.3400
cond_ent_wt	: 4.8140
Src_reg_loss	: 0.0143
-------------------------------------
[Epoch : 268/500]
Total_loss	: 0.0759
Coral_loss	: 0.0000
MMD_loss	: 1.3392
cond_ent_wt	: 4.8140
Src_reg_loss	: 0.0143
-------------------------------------
[Epoch : 269/500]
Total_loss	: 0.0758
Coral_loss	: 0.0000
MMD_loss	: 1.3386
cond_ent_wt	: 4.8139
Src_reg_loss	: 0.0143
-------------------------------------
[Epoch : 270/500]
Total_loss	: 0.0758
Coral_loss	: 0.0000
MMD_loss	: 1.3379
cond_ent_wt	: 4.8138
Src_reg_loss	: 0.0143
-------------------------------------
[Epoch : 271/500]
Total_loss	: 0.0758
Coral_loss	: 0.0000
MMD_loss	: 1.3372
cond_ent_wt	: 4.8137
Src_reg_loss	: 0.0143
-------------------------------------
[Epoch : 272/500]
Total_loss	: 0.0757
Coral_loss	: 0.0000
MMD_loss	: 1.3366
cond_ent_wt	: 4.8136
Src_reg_loss	: 0.0142
-------------------------------------
[Epoch : 273/500]
Total_loss	: 0.0757
Coral_loss	: 0.0000
MMD_loss	: 1.3360
cond_ent_wt	: 4.8135
Src_reg_loss	: 0.0142
-------------------------------------
[Epoch : 274/500]
Total_loss	: 0.0757
Coral_loss	: 0.0000
MMD_loss	: 1.3353
cond_ent_wt	: 4.8134
Src_reg_loss	: 0.0142
-------------------------------------
[Epoch : 275/500]
Total_loss	: 0.0757
Coral_loss	: 0.0000
MMD_loss	: 1.3347
cond_ent_wt	: 4.8134
Src_reg_loss	: 0.0142
-------------------------------------
[Epoch : 276/500]
Total_loss	: 0.0756
Coral_loss	: 0.0000
MMD_loss	: 1.3341
cond_ent_wt	: 4.8133
Src_reg_loss	: 0.0142
-------------------------------------
[Epoch : 277/500]
Total_loss	: 0.0756
Coral_loss	: 0.0000
MMD_loss	: 1.3334
cond_ent_wt	: 4.8132
Src_reg_loss	: 0.0141
-------------------------------------
[Epoch : 278/500]
Total_loss	: 0.0756
Coral_loss	: 0.0000
MMD_loss	: 1.3328
cond_ent_wt	: 4.8131
Src_reg_loss	: 0.0141
-------------------------------------
[Epoch : 279/500]
Total_loss	: 0.0756
Coral_loss	: 0.0000
MMD_loss	: 1.3324
cond_ent_wt	: 4.8130
Src_reg_loss	: 0.0141
-------------------------------------
[Epoch : 280/500]
Total_loss	: 0.0755
Coral_loss	: 0.0000
MMD_loss	: 1.3318
cond_ent_wt	: 4.8129
Src_reg_loss	: 0.0141
-------------------------------------
[Epoch : 281/500]
Total_loss	: 0.0755
Coral_loss	: 0.0000
MMD_loss	: 1.3311
cond_ent_wt	: 4.8128
Src_reg_loss	: 0.0141
-------------------------------------
[Epoch : 282/500]
Total_loss	: 0.0755
Coral_loss	: 0.0000
MMD_loss	: 1.3307
cond_ent_wt	: 4.8127
Src_reg_loss	: 0.0141
-------------------------------------
[Epoch : 283/500]
Total_loss	: 0.0755
Coral_loss	: 0.0000
MMD_loss	: 1.3303
cond_ent_wt	: 4.8127
Src_reg_loss	: 0.0140
-------------------------------------
[Epoch : 284/500]
Total_loss	: 0.0754
Coral_loss	: 0.0000
MMD_loss	: 1.3297
cond_ent_wt	: 4.8126
Src_reg_loss	: 0.0140
-------------------------------------
[Epoch : 285/500]
Total_loss	: 0.0754
Coral_loss	: 0.0000
MMD_loss	: 1.3293
cond_ent_wt	: 4.8125
Src_reg_loss	: 0.0140
-------------------------------------
[Epoch : 286/500]
Total_loss	: 0.0754
Coral_loss	: 0.0000
MMD_loss	: 1.3290
cond_ent_wt	: 4.8124
Src_reg_loss	: 0.0140
-------------------------------------
[Epoch : 287/500]
Total_loss	: 0.0754
Coral_loss	: 0.0000
MMD_loss	: 1.3284
cond_ent_wt	: 4.8123
Src_reg_loss	: 0.0140
-------------------------------------
[Epoch : 288/500]
Total_loss	: 0.0754
Coral_loss	: 0.0000
MMD_loss	: 1.3280
cond_ent_wt	: 4.8122
Src_reg_loss	: 0.0139
-------------------------------------
[Epoch : 289/500]
Total_loss	: 0.0753
Coral_loss	: 0.0000
MMD_loss	: 1.3277
cond_ent_wt	: 4.8121
Src_reg_loss	: 0.0139
-------------------------------------
[Epoch : 290/500]
Total_loss	: 0.0753
Coral_loss	: 0.0000
MMD_loss	: 1.3273
cond_ent_wt	: 4.8121
Src_reg_loss	: 0.0139
-------------------------------------
[Epoch : 291/500]
Total_loss	: 0.0753
Coral_loss	: 0.0000
MMD_loss	: 1.3268
cond_ent_wt	: 4.8120
Src_reg_loss	: 0.0139
-------------------------------------
[Epoch : 292/500]
Total_loss	: 0.0753
Coral_loss	: 0.0000
MMD_loss	: 1.3266
cond_ent_wt	: 4.8119
Src_reg_loss	: 0.0139
-------------------------------------
[Epoch : 293/500]
Total_loss	: 0.0752
Coral_loss	: 0.0000
MMD_loss	: 1.3263
cond_ent_wt	: 4.8118
Src_reg_loss	: 0.0139
-------------------------------------
[Epoch : 294/500]
Total_loss	: 0.0752
Coral_loss	: 0.0000
MMD_loss	: 1.3258
cond_ent_wt	: 4.8117
Src_reg_loss	: 0.0138
-------------------------------------
[Epoch : 295/500]
Total_loss	: 0.0752
Coral_loss	: 0.0000
MMD_loss	: 1.3257
cond_ent_wt	: 4.8116
Src_reg_loss	: 0.0138
-------------------------------------
[Epoch : 296/500]
Total_loss	: 0.0752
Coral_loss	: 0.0000
MMD_loss	: 1.3254
cond_ent_wt	: 4.8115
Src_reg_loss	: 0.0138
-------------------------------------
[Epoch : 297/500]
Total_loss	: 0.0752
Coral_loss	: 0.0000
MMD_loss	: 1.3251
cond_ent_wt	: 4.8114
Src_reg_loss	: 0.0138
-------------------------------------
[Epoch : 298/500]
Total_loss	: 0.0751
Coral_loss	: 0.0000
MMD_loss	: 1.3249
cond_ent_wt	: 4.8113
Src_reg_loss	: 0.0138
-------------------------------------
[Epoch : 299/500]
Total_loss	: 0.0751
Coral_loss	: 0.0000
MMD_loss	: 1.3247
cond_ent_wt	: 4.8112
Src_reg_loss	: 0.0138
-------------------------------------
[Epoch : 300/500]
Total_loss	: 0.0751
Coral_loss	: 0.0000
MMD_loss	: 1.3244
cond_ent_wt	: 4.8111
Src_reg_loss	: 0.0137
-------------------------------------
[Epoch : 301/500]
Total_loss	: 0.0751
Coral_loss	: 0.0000
MMD_loss	: 1.3242
cond_ent_wt	: 4.8110
Src_reg_loss	: 0.0137
-------------------------------------
[Epoch : 302/500]
Total_loss	: 0.0751
Coral_loss	: 0.0000
MMD_loss	: 1.3242
cond_ent_wt	: 4.8109
Src_reg_loss	: 0.0137
-------------------------------------
[Epoch : 303/500]
Total_loss	: 0.0750
Coral_loss	: 0.0000
MMD_loss	: 1.3240
cond_ent_wt	: 4.8108
Src_reg_loss	: 0.0137
-------------------------------------
[Epoch : 304/500]
Total_loss	: 0.0750
Coral_loss	: 0.0000
MMD_loss	: 1.3237
cond_ent_wt	: 4.8107
Src_reg_loss	: 0.0137
-------------------------------------
[Epoch : 305/500]
Total_loss	: 0.0750
Coral_loss	: 0.0000
MMD_loss	: 1.3238
cond_ent_wt	: 4.8107
Src_reg_loss	: 0.0137
-------------------------------------
[Epoch : 306/500]
Total_loss	: 0.0750
Coral_loss	: 0.0000
MMD_loss	: 1.3237
cond_ent_wt	: 4.8106
Src_reg_loss	: 0.0136
-------------------------------------
[Epoch : 307/500]
Total_loss	: 0.0750
Coral_loss	: 0.0000
MMD_loss	: 1.3236
cond_ent_wt	: 4.8105
Src_reg_loss	: 0.0136
-------------------------------------
[Epoch : 308/500]
Total_loss	: 0.0749
Coral_loss	: 0.0000
MMD_loss	: 1.3236
cond_ent_wt	: 4.8104
Src_reg_loss	: 0.0136
-------------------------------------
[Epoch : 309/500]
Total_loss	: 0.0749
Coral_loss	: 0.0000
MMD_loss	: 1.3237
cond_ent_wt	: 4.8103
Src_reg_loss	: 0.0136
-------------------------------------
[Epoch : 310/500]
Total_loss	: 0.0749
Coral_loss	: 0.0000
MMD_loss	: 1.3236
cond_ent_wt	: 4.8102
Src_reg_loss	: 0.0136
-------------------------------------
[Epoch : 311/500]
Total_loss	: 0.0749
Coral_loss	: 0.0000
MMD_loss	: 1.3237
cond_ent_wt	: 4.8101
Src_reg_loss	: 0.0136
-------------------------------------
[Epoch : 312/500]
Total_loss	: 0.0749
Coral_loss	: 0.0000
MMD_loss	: 1.3238
cond_ent_wt	: 4.8100
Src_reg_loss	: 0.0135
-------------------------------------
[Epoch : 313/500]
Total_loss	: 0.0749
Coral_loss	: 0.0000
MMD_loss	: 1.3238
cond_ent_wt	: 4.8099
Src_reg_loss	: 0.0135
-------------------------------------
[Epoch : 314/500]
Total_loss	: 0.0748
Coral_loss	: 0.0000
MMD_loss	: 1.3238
cond_ent_wt	: 4.8098
Src_reg_loss	: 0.0135
-------------------------------------
[Epoch : 315/500]
Total_loss	: 0.0748
Coral_loss	: 0.0000
MMD_loss	: 1.3240
cond_ent_wt	: 4.8097
Src_reg_loss	: 0.0135
-------------------------------------
[Epoch : 316/500]
Total_loss	: 0.0748
Coral_loss	: 0.0000
MMD_loss	: 1.3241
cond_ent_wt	: 4.8096
Src_reg_loss	: 0.0135
-------------------------------------
[Epoch : 317/500]
Total_loss	: 0.0748
Coral_loss	: 0.0000
MMD_loss	: 1.3241
cond_ent_wt	: 4.8095
Src_reg_loss	: 0.0135
-------------------------------------
[Epoch : 318/500]
Total_loss	: 0.0748
Coral_loss	: 0.0000
MMD_loss	: 1.3245
cond_ent_wt	: 4.8094
Src_reg_loss	: 0.0134
-------------------------------------
[Epoch : 319/500]
Total_loss	: 0.0748
Coral_loss	: 0.0000
MMD_loss	: 1.3246
cond_ent_wt	: 4.8093
Src_reg_loss	: 0.0134
-------------------------------------
[Epoch : 320/500]
Total_loss	: 0.0748
Coral_loss	: 0.0000
MMD_loss	: 1.3247
cond_ent_wt	: 4.8092
Src_reg_loss	: 0.0134
-------------------------------------
[Epoch : 321/500]
Total_loss	: 0.0747
Coral_loss	: 0.0000
MMD_loss	: 1.3251
cond_ent_wt	: 4.8090
Src_reg_loss	: 0.0134
-------------------------------------
[Epoch : 322/500]
Total_loss	: 0.0747
Coral_loss	: 0.0000
MMD_loss	: 1.3254
cond_ent_wt	: 4.8089
Src_reg_loss	: 0.0134
-------------------------------------
[Epoch : 323/500]
Total_loss	: 0.0747
Coral_loss	: 0.0000
MMD_loss	: 1.3256
cond_ent_wt	: 4.8088
Src_reg_loss	: 0.0134
-------------------------------------
[Epoch : 324/500]
Total_loss	: 0.0747
Coral_loss	: 0.0000
MMD_loss	: 1.3260
cond_ent_wt	: 4.8087
Src_reg_loss	: 0.0134
-------------------------------------
[Epoch : 325/500]
Total_loss	: 0.0747
Coral_loss	: 0.0000
MMD_loss	: 1.3264
cond_ent_wt	: 4.8086
Src_reg_loss	: 0.0133
-------------------------------------
[Epoch : 326/500]
Total_loss	: 0.0747
Coral_loss	: 0.0000
MMD_loss	: 1.3266
cond_ent_wt	: 4.8085
Src_reg_loss	: 0.0133
-------------------------------------
[Epoch : 327/500]
Total_loss	: 0.0747
Coral_loss	: 0.0000
MMD_loss	: 1.3270
cond_ent_wt	: 4.8084
Src_reg_loss	: 0.0133
-------------------------------------
[Epoch : 328/500]
Total_loss	: 0.0747
Coral_loss	: 0.0000
MMD_loss	: 1.3276
cond_ent_wt	: 4.8083
Src_reg_loss	: 0.0133
-------------------------------------
[Epoch : 329/500]
Total_loss	: 0.0746
Coral_loss	: 0.0000
MMD_loss	: 1.3279
cond_ent_wt	: 4.8082
Src_reg_loss	: 0.0133
-------------------------------------
[Epoch : 330/500]
Total_loss	: 0.0746
Coral_loss	: 0.0000
MMD_loss	: 1.3283
cond_ent_wt	: 4.8081
Src_reg_loss	: 0.0133
-------------------------------------
[Epoch : 331/500]
Total_loss	: 0.0746
Coral_loss	: 0.0000
MMD_loss	: 1.3289
cond_ent_wt	: 4.8080
Src_reg_loss	: 0.0133
-------------------------------------
[Epoch : 332/500]
Total_loss	: 0.0746
Coral_loss	: 0.0000
MMD_loss	: 1.3294
cond_ent_wt	: 4.8079
Src_reg_loss	: 0.0132
-------------------------------------
[Epoch : 333/500]
Total_loss	: 0.0746
Coral_loss	: 0.0000
MMD_loss	: 1.3298
cond_ent_wt	: 4.8078
Src_reg_loss	: 0.0132
-------------------------------------
[Epoch : 334/500]
Total_loss	: 0.0746
Coral_loss	: 0.0000
MMD_loss	: 1.3305
cond_ent_wt	: 4.8077
Src_reg_loss	: 0.0132
-------------------------------------
[Epoch : 335/500]
Total_loss	: 0.0746
Coral_loss	: 0.0000
MMD_loss	: 1.3311
cond_ent_wt	: 4.8076
Src_reg_loss	: 0.0132
-------------------------------------
[Epoch : 336/500]
Total_loss	: 0.0746
Coral_loss	: 0.0000
MMD_loss	: 1.3316
cond_ent_wt	: 4.8075
Src_reg_loss	: 0.0132
-------------------------------------
[Epoch : 337/500]
Total_loss	: 0.0746
Coral_loss	: 0.0000
MMD_loss	: 1.3324
cond_ent_wt	: 4.8073
Src_reg_loss	: 0.0132
-------------------------------------
[Epoch : 338/500]
Total_loss	: 0.0746
Coral_loss	: 0.0000
MMD_loss	: 1.3331
cond_ent_wt	: 4.8072
Src_reg_loss	: 0.0131
-------------------------------------
[Epoch : 339/500]
Total_loss	: 0.0745
Coral_loss	: 0.0000
MMD_loss	: 1.3336
cond_ent_wt	: 4.8071
Src_reg_loss	: 0.0131
-------------------------------------
[Epoch : 340/500]
Total_loss	: 0.0745
Coral_loss	: 0.0000
MMD_loss	: 1.3345
cond_ent_wt	: 4.8070
Src_reg_loss	: 0.0131
-------------------------------------
[Epoch : 341/500]
Total_loss	: 0.0745
Coral_loss	: 0.0000
MMD_loss	: 1.3353
cond_ent_wt	: 4.8069
Src_reg_loss	: 0.0131
-------------------------------------
[Epoch : 342/500]
Total_loss	: 0.0745
Coral_loss	: 0.0000
MMD_loss	: 1.3360
cond_ent_wt	: 4.8067
Src_reg_loss	: 0.0131
-------------------------------------
[Epoch : 343/500]
Total_loss	: 0.0745
Coral_loss	: 0.0000
MMD_loss	: 1.3368
cond_ent_wt	: 4.8066
Src_reg_loss	: 0.0131
-------------------------------------
[Epoch : 344/500]
Total_loss	: 0.0745
Coral_loss	: 0.0000
MMD_loss	: 1.3378
cond_ent_wt	: 4.8065
Src_reg_loss	: 0.0131
-------------------------------------
[Epoch : 345/500]
Total_loss	: 0.0745
Coral_loss	: 0.0000
MMD_loss	: 1.3386
cond_ent_wt	: 4.8064
Src_reg_loss	: 0.0130
-------------------------------------
[Epoch : 346/500]
Total_loss	: 0.0745
Coral_loss	: 0.0000
MMD_loss	: 1.3394
cond_ent_wt	: 4.8063
Src_reg_loss	: 0.0130
-------------------------------------
[Epoch : 347/500]
Total_loss	: 0.0745
Coral_loss	: 0.0000
MMD_loss	: 1.3405
cond_ent_wt	: 4.8061
Src_reg_loss	: 0.0130
-------------------------------------
[Epoch : 348/500]
Total_loss	: 0.0745
Coral_loss	: 0.0000
MMD_loss	: 1.3414
cond_ent_wt	: 4.8060
Src_reg_loss	: 0.0130
-------------------------------------
[Epoch : 349/500]
Total_loss	: 0.0745
Coral_loss	: 0.0000
MMD_loss	: 1.3423
cond_ent_wt	: 4.8059
Src_reg_loss	: 0.0130
-------------------------------------
[Epoch : 350/500]
Total_loss	: 0.0745
Coral_loss	: 0.0000
MMD_loss	: 1.3435
cond_ent_wt	: 4.8058
Src_reg_loss	: 0.0130
-------------------------------------
[Epoch : 351/500]
Total_loss	: 0.0745
Coral_loss	: 0.0000
MMD_loss	: 1.3446
cond_ent_wt	: 4.8057
Src_reg_loss	: 0.0130
-------------------------------------
[Epoch : 352/500]
Total_loss	: 0.0745
Coral_loss	: 0.0000
MMD_loss	: 1.3455
cond_ent_wt	: 4.8056
Src_reg_loss	: 0.0130
-------------------------------------
[Epoch : 353/500]
Total_loss	: 0.0745
Coral_loss	: 0.0000
MMD_loss	: 1.3468
cond_ent_wt	: 4.8054
Src_reg_loss	: 0.0129
-------------------------------------
[Epoch : 354/500]
Total_loss	: 0.0745
Coral_loss	: 0.0000
MMD_loss	: 1.3480
cond_ent_wt	: 4.8053
Src_reg_loss	: 0.0129
-------------------------------------
[Epoch : 355/500]
Total_loss	: 0.0745
Coral_loss	: 0.0000
MMD_loss	: 1.3490
cond_ent_wt	: 4.8052
Src_reg_loss	: 0.0129
-------------------------------------
[Epoch : 356/500]
Total_loss	: 0.0745
Coral_loss	: 0.0000
MMD_loss	: 1.3503
cond_ent_wt	: 4.8051
Src_reg_loss	: 0.0129
-------------------------------------
[Epoch : 357/500]
Total_loss	: 0.0745
Coral_loss	: 0.0000
MMD_loss	: 1.3516
cond_ent_wt	: 4.8049
Src_reg_loss	: 0.0129
-------------------------------------
[Epoch : 358/500]
Total_loss	: 0.0744
Coral_loss	: 0.0000
MMD_loss	: 1.3528
cond_ent_wt	: 4.8048
Src_reg_loss	: 0.0129
-------------------------------------
[Epoch : 359/500]
Total_loss	: 0.0744
Coral_loss	: 0.0000
MMD_loss	: 1.3542
cond_ent_wt	: 4.8047
Src_reg_loss	: 0.0129
-------------------------------------
[Epoch : 360/500]
Total_loss	: 0.0744
Coral_loss	: 0.0000
MMD_loss	: 1.3556
cond_ent_wt	: 4.8045
Src_reg_loss	: 0.0128
-------------------------------------
[Epoch : 361/500]
Total_loss	: 0.0744
Coral_loss	: 0.0000
MMD_loss	: 1.3569
cond_ent_wt	: 4.8044
Src_reg_loss	: 0.0128
-------------------------------------
[Epoch : 362/500]
Total_loss	: 0.0744
Coral_loss	: 0.0000
MMD_loss	: 1.3583
cond_ent_wt	: 4.8043
Src_reg_loss	: 0.0128
-------------------------------------
[Epoch : 363/500]
Total_loss	: 0.0744
Coral_loss	: 0.0000
MMD_loss	: 1.3599
cond_ent_wt	: 4.8041
Src_reg_loss	: 0.0128
-------------------------------------
[Epoch : 364/500]
Total_loss	: 0.0744
Coral_loss	: 0.0000
MMD_loss	: 1.3613
cond_ent_wt	: 4.8040
Src_reg_loss	: 0.0128
-------------------------------------
[Epoch : 365/500]
Total_loss	: 0.0745
Coral_loss	: 0.0000
MMD_loss	: 1.3628
cond_ent_wt	: 4.8039
Src_reg_loss	: 0.0128
-------------------------------------
[Epoch : 366/500]
Total_loss	: 0.0745
Coral_loss	: 0.0000
MMD_loss	: 1.3645
cond_ent_wt	: 4.8037
Src_reg_loss	: 0.0128
-------------------------------------
[Epoch : 367/500]
Total_loss	: 0.0745
Coral_loss	: 0.0000
MMD_loss	: 1.3661
cond_ent_wt	: 4.8036
Src_reg_loss	: 0.0128
-------------------------------------
[Epoch : 368/500]
Total_loss	: 0.0745
Coral_loss	: 0.0000
MMD_loss	: 1.3676
cond_ent_wt	: 4.8035
Src_reg_loss	: 0.0128
-------------------------------------
[Epoch : 369/500]
Total_loss	: 0.0745
Coral_loss	: 0.0000
MMD_loss	: 1.3695
cond_ent_wt	: 4.8033
Src_reg_loss	: 0.0127
-------------------------------------
[Epoch : 370/500]
Total_loss	: 0.0745
Coral_loss	: 0.0000
MMD_loss	: 1.3712
cond_ent_wt	: 4.8032
Src_reg_loss	: 0.0127
-------------------------------------
[Epoch : 371/500]
Total_loss	: 0.0745
Coral_loss	: 0.0000
MMD_loss	: 1.3729
cond_ent_wt	: 4.8031
Src_reg_loss	: 0.0127
-------------------------------------
[Epoch : 372/500]
Total_loss	: 0.0745
Coral_loss	: 0.0000
MMD_loss	: 1.3749
cond_ent_wt	: 4.8030
Src_reg_loss	: 0.0127
-------------------------------------
[Epoch : 373/500]
Total_loss	: 0.0745
Coral_loss	: 0.0000
MMD_loss	: 1.3768
cond_ent_wt	: 4.8028
Src_reg_loss	: 0.0127
-------------------------------------
[Epoch : 374/500]
Total_loss	: 0.0745
Coral_loss	: 0.0000
MMD_loss	: 1.3786
cond_ent_wt	: 4.8027
Src_reg_loss	: 0.0127
-------------------------------------
[Epoch : 375/500]
Total_loss	: 0.0745
Coral_loss	: 0.0000
MMD_loss	: 1.3807
cond_ent_wt	: 4.8025
Src_reg_loss	: 0.0127
-------------------------------------
[Epoch : 376/500]
Total_loss	: 0.0745
Coral_loss	: 0.0000
MMD_loss	: 1.3827
cond_ent_wt	: 4.8024
Src_reg_loss	: 0.0126
-------------------------------------
[Epoch : 377/500]
Total_loss	: 0.0745
Coral_loss	: 0.0000
MMD_loss	: 1.3847
cond_ent_wt	: 4.8022
Src_reg_loss	: 0.0126
-------------------------------------
[Epoch : 378/500]
Total_loss	: 0.0745
Coral_loss	: 0.0000
MMD_loss	: 1.3869
cond_ent_wt	: 4.8021
Src_reg_loss	: 0.0126
-------------------------------------
[Epoch : 379/500]
Total_loss	: 0.0745
Coral_loss	: 0.0000
MMD_loss	: 1.3892
cond_ent_wt	: 4.8019
Src_reg_loss	: 0.0126
-------------------------------------
[Epoch : 380/500]
Total_loss	: 0.0745
Coral_loss	: 0.0000
MMD_loss	: 1.3913
cond_ent_wt	: 4.8018
Src_reg_loss	: 0.0126
-------------------------------------
[Epoch : 381/500]
Total_loss	: 0.0745
Coral_loss	: 0.0000
MMD_loss	: 1.3937
cond_ent_wt	: 4.8016
Src_reg_loss	: 0.0126
-------------------------------------
[Epoch : 382/500]
Total_loss	: 0.0745
Coral_loss	: 0.0000
MMD_loss	: 1.3962
cond_ent_wt	: 4.8015
Src_reg_loss	: 0.0126
-------------------------------------
[Epoch : 383/500]
Total_loss	: 0.0746
Coral_loss	: 0.0000
MMD_loss	: 1.3985
cond_ent_wt	: 4.8013
Src_reg_loss	: 0.0126
-------------------------------------
[Epoch : 384/500]
Total_loss	: 0.0746
Coral_loss	: 0.0000
MMD_loss	: 1.4010
cond_ent_wt	: 4.8011
Src_reg_loss	: 0.0125
-------------------------------------
[Epoch : 385/500]
Total_loss	: 0.0746
Coral_loss	: 0.0000
MMD_loss	: 1.4036
cond_ent_wt	: 4.8010
Src_reg_loss	: 0.0125
-------------------------------------
[Epoch : 386/500]
Total_loss	: 0.0746
Coral_loss	: 0.0000
MMD_loss	: 1.4060
cond_ent_wt	: 4.8008
Src_reg_loss	: 0.0125
-------------------------------------
[Epoch : 387/500]
Total_loss	: 0.0746
Coral_loss	: 0.0000
MMD_loss	: 1.4086
cond_ent_wt	: 4.8007
Src_reg_loss	: 0.0125
-------------------------------------
[Epoch : 388/500]
Total_loss	: 0.0746
Coral_loss	: 0.0000
MMD_loss	: 1.4114
cond_ent_wt	: 4.8005
Src_reg_loss	: 0.0125
-------------------------------------
[Epoch : 389/500]
Total_loss	: 0.0746
Coral_loss	: 0.0000
MMD_loss	: 1.4141
cond_ent_wt	: 4.8004
Src_reg_loss	: 0.0125
-------------------------------------
[Epoch : 390/500]
Total_loss	: 0.0747
Coral_loss	: 0.0000
MMD_loss	: 1.4168
cond_ent_wt	: 4.8002
Src_reg_loss	: 0.0125
-------------------------------------
[Epoch : 391/500]
Total_loss	: 0.0747
Coral_loss	: 0.0000
MMD_loss	: 1.4197
cond_ent_wt	: 4.8001
Src_reg_loss	: 0.0125
-------------------------------------
[Epoch : 392/500]
Total_loss	: 0.0747
Coral_loss	: 0.0000
MMD_loss	: 1.4227
cond_ent_wt	: 4.7999
Src_reg_loss	: 0.0125
-------------------------------------
[Epoch : 393/500]
Total_loss	: 0.0747
Coral_loss	: 0.0000
MMD_loss	: 1.4256
cond_ent_wt	: 4.7997
Src_reg_loss	: 0.0125
-------------------------------------
[Epoch : 394/500]
Total_loss	: 0.0747
Coral_loss	: 0.0000
MMD_loss	: 1.4288
cond_ent_wt	: 4.7996
Src_reg_loss	: 0.0124
-------------------------------------
[Epoch : 395/500]
Total_loss	: 0.0747
Coral_loss	: 0.0000
MMD_loss	: 1.4320
cond_ent_wt	: 4.7994
Src_reg_loss	: 0.0124
-------------------------------------
[Epoch : 396/500]
Total_loss	: 0.0748
Coral_loss	: 0.0000
MMD_loss	: 1.4352
cond_ent_wt	: 4.7992
Src_reg_loss	: 0.0124
-------------------------------------
[Epoch : 397/500]
Total_loss	: 0.0748
Coral_loss	: 0.0000
MMD_loss	: 1.4386
cond_ent_wt	: 4.7990
Src_reg_loss	: 0.0124
-------------------------------------
[Epoch : 398/500]
Total_loss	: 0.0748
Coral_loss	: 0.0000
MMD_loss	: 1.4421
cond_ent_wt	: 4.7988
Src_reg_loss	: 0.0124
-------------------------------------
[Epoch : 399/500]
Total_loss	: 0.0748
Coral_loss	: 0.0000
MMD_loss	: 1.4455
cond_ent_wt	: 4.7986
Src_reg_loss	: 0.0124
-------------------------------------
[Epoch : 400/500]
Total_loss	: 0.0748
Coral_loss	: 0.0000
MMD_loss	: 1.4492
cond_ent_wt	: 4.7984
Src_reg_loss	: 0.0124
-------------------------------------
[Epoch : 401/500]
Total_loss	: 0.0749
Coral_loss	: 0.0000
MMD_loss	: 1.4528
cond_ent_wt	: 4.7982
Src_reg_loss	: 0.0124
-------------------------------------
[Epoch : 402/500]
Total_loss	: 0.0749
Coral_loss	: 0.0000
MMD_loss	: 1.4565
cond_ent_wt	: 4.7980
Src_reg_loss	: 0.0123
-------------------------------------
[Epoch : 403/500]
Total_loss	: 0.0749
Coral_loss	: 0.0000
MMD_loss	: 1.4603
cond_ent_wt	: 4.7977
Src_reg_loss	: 0.0123
-------------------------------------
[Epoch : 404/500]
Total_loss	: 0.0749
Coral_loss	: 0.0000
MMD_loss	: 1.4642
cond_ent_wt	: 4.7975
Src_reg_loss	: 0.0123
-------------------------------------
[Epoch : 405/500]
Total_loss	: 0.0750
Coral_loss	: 0.0000
MMD_loss	: 1.4679
cond_ent_wt	: 4.7973
Src_reg_loss	: 0.0123
-------------------------------------
[Epoch : 406/500]
Total_loss	: 0.0750
Coral_loss	: 0.0000
MMD_loss	: 1.4717
cond_ent_wt	: 4.7971
Src_reg_loss	: 0.0123
-------------------------------------
[Epoch : 407/500]
Total_loss	: 0.0750
Coral_loss	: 0.0000
MMD_loss	: 1.4755
cond_ent_wt	: 4.7969
Src_reg_loss	: 0.0123
-------------------------------------
[Epoch : 408/500]
Total_loss	: 0.0750
Coral_loss	: 0.0000
MMD_loss	: 1.4790
cond_ent_wt	: 4.7967
Src_reg_loss	: 0.0123
-------------------------------------
[Epoch : 409/500]
Total_loss	: 0.0751
Coral_loss	: 0.0000
MMD_loss	: 1.4824
cond_ent_wt	: 4.7965
Src_reg_loss	: 0.0123
-------------------------------------
[Epoch : 410/500]
Total_loss	: 0.0751
Coral_loss	: 0.0000
MMD_loss	: 1.4859
cond_ent_wt	: 4.7963
Src_reg_loss	: 0.0123
-------------------------------------
[Epoch : 411/500]
Total_loss	: 0.0751
Coral_loss	: 0.0000
MMD_loss	: 1.4894
cond_ent_wt	: 4.7961
Src_reg_loss	: 0.0123
-------------------------------------
[Epoch : 412/500]
Total_loss	: 0.0751
Coral_loss	: 0.0000
MMD_loss	: 1.4930
cond_ent_wt	: 4.7959
Src_reg_loss	: 0.0122
-------------------------------------
[Epoch : 413/500]
Total_loss	: 0.0752
Coral_loss	: 0.0000
MMD_loss	: 1.4968
cond_ent_wt	: 4.7957
Src_reg_loss	: 0.0122
-------------------------------------
[Epoch : 414/500]
Total_loss	: 0.0752
Coral_loss	: 0.0000
MMD_loss	: 1.5008
cond_ent_wt	: 4.7955
Src_reg_loss	: 0.0122
-------------------------------------
[Epoch : 415/500]
Total_loss	: 0.0752
Coral_loss	: 0.0000
MMD_loss	: 1.5048
cond_ent_wt	: 4.7952
Src_reg_loss	: 0.0122
-------------------------------------
[Epoch : 416/500]
Total_loss	: 0.0752
Coral_loss	: 0.0000
MMD_loss	: 1.5090
cond_ent_wt	: 4.7950
Src_reg_loss	: 0.0122
-------------------------------------
[Epoch : 417/500]
Total_loss	: 0.0753
Coral_loss	: 0.0000
MMD_loss	: 1.5131
cond_ent_wt	: 4.7947
Src_reg_loss	: 0.0122
-------------------------------------
[Epoch : 418/500]
Total_loss	: 0.0753
Coral_loss	: 0.0000
MMD_loss	: 1.5173
cond_ent_wt	: 4.7945
Src_reg_loss	: 0.0122
-------------------------------------
[Epoch : 419/500]
Total_loss	: 0.0753
Coral_loss	: 0.0000
MMD_loss	: 1.5214
cond_ent_wt	: 4.7942
Src_reg_loss	: 0.0122
-------------------------------------
[Epoch : 420/500]
Total_loss	: 0.0753
Coral_loss	: 0.0000
MMD_loss	: 1.5255
cond_ent_wt	: 4.7939
Src_reg_loss	: 0.0121
-------------------------------------
[Epoch : 421/500]
Total_loss	: 0.0754
Coral_loss	: 0.0000
MMD_loss	: 1.5296
cond_ent_wt	: 4.7936
Src_reg_loss	: 0.0121
-------------------------------------
[Epoch : 422/500]
Total_loss	: 0.0754
Coral_loss	: 0.0000
MMD_loss	: 1.5338
cond_ent_wt	: 4.7933
Src_reg_loss	: 0.0121
-------------------------------------
[Epoch : 423/500]
Total_loss	: 0.0754
Coral_loss	: 0.0000
MMD_loss	: 1.5379
cond_ent_wt	: 4.7930
Src_reg_loss	: 0.0121
-------------------------------------
[Epoch : 424/500]
Total_loss	: 0.0754
Coral_loss	: 0.0000
MMD_loss	: 1.5420
cond_ent_wt	: 4.7927
Src_reg_loss	: 0.0121
-------------------------------------
[Epoch : 425/500]
Total_loss	: 0.0755
Coral_loss	: 0.0000
MMD_loss	: 1.5462
cond_ent_wt	: 4.7923
Src_reg_loss	: 0.0121
-------------------------------------
[Epoch : 426/500]
Total_loss	: 0.0755
Coral_loss	: 0.0000
MMD_loss	: 1.5504
cond_ent_wt	: 4.7920
Src_reg_loss	: 0.0121
-------------------------------------
[Epoch : 427/500]
Total_loss	: 0.0755
Coral_loss	: 0.0000
MMD_loss	: 1.5546
cond_ent_wt	: 4.7916
Src_reg_loss	: 0.0121
-------------------------------------
[Epoch : 428/500]
Total_loss	: 0.0755
Coral_loss	: 0.0000
MMD_loss	: 1.5588
cond_ent_wt	: 4.7913
Src_reg_loss	: 0.0120
-------------------------------------
[Epoch : 429/500]
Total_loss	: 0.0756
Coral_loss	: 0.0000
MMD_loss	: 1.5631
cond_ent_wt	: 4.7910
Src_reg_loss	: 0.0120
-------------------------------------
[Epoch : 430/500]
Total_loss	: 0.0756
Coral_loss	: 0.0000
MMD_loss	: 1.5676
cond_ent_wt	: 4.7907
Src_reg_loss	: 0.0120
-------------------------------------
[Epoch : 431/500]
Total_loss	: 0.0756
Coral_loss	: 0.0000
MMD_loss	: 1.5720
cond_ent_wt	: 4.7904
Src_reg_loss	: 0.0120
-------------------------------------
[Epoch : 432/500]
Total_loss	: 0.0757
Coral_loss	: 0.0000
MMD_loss	: 1.5763
cond_ent_wt	: 4.7901
Src_reg_loss	: 0.0120
-------------------------------------
[Epoch : 433/500]
Total_loss	: 0.0757
Coral_loss	: 0.0000
MMD_loss	: 1.5807
cond_ent_wt	: 4.7899
Src_reg_loss	: 0.0120
-------------------------------------
[Epoch : 434/500]
Total_loss	: 0.0757
Coral_loss	: 0.0000
MMD_loss	: 1.5851
cond_ent_wt	: 4.7896
Src_reg_loss	: 0.0120
-------------------------------------
[Epoch : 435/500]
Total_loss	: 0.0758
Coral_loss	: 0.0000
MMD_loss	: 1.5895
cond_ent_wt	: 4.7893
Src_reg_loss	: 0.0120
-------------------------------------
[Epoch : 436/500]
Total_loss	: 0.0758
Coral_loss	: 0.0000
MMD_loss	: 1.5940
cond_ent_wt	: 4.7891
Src_reg_loss	: 0.0120
-------------------------------------
[Epoch : 437/500]
Total_loss	: 0.0759
Coral_loss	: 0.0000
MMD_loss	: 1.5984
cond_ent_wt	: 4.7888
Src_reg_loss	: 0.0120
-------------------------------------
[Epoch : 438/500]
Total_loss	: 0.0759
Coral_loss	: 0.0000
MMD_loss	: 1.6028
cond_ent_wt	: 4.7886
Src_reg_loss	: 0.0120
-------------------------------------
[Epoch : 439/500]
Total_loss	: 0.0759
Coral_loss	: 0.0000
MMD_loss	: 1.6071
cond_ent_wt	: 4.7883
Src_reg_loss	: 0.0120
-------------------------------------
[Epoch : 440/500]
Total_loss	: 0.0759
Coral_loss	: 0.0000
MMD_loss	: 1.6116
cond_ent_wt	: 4.7880
Src_reg_loss	: 0.0119
-------------------------------------
[Epoch : 441/500]
Total_loss	: 0.0760
Coral_loss	: 0.0000
MMD_loss	: 1.6161
cond_ent_wt	: 4.7877
Src_reg_loss	: 0.0119
-------------------------------------
[Epoch : 442/500]
Total_loss	: 0.0760
Coral_loss	: 0.0000
MMD_loss	: 1.6207
cond_ent_wt	: 4.7874
Src_reg_loss	: 0.0119
-------------------------------------
[Epoch : 443/500]
Total_loss	: 0.0760
Coral_loss	: 0.0000
MMD_loss	: 1.6252
cond_ent_wt	: 4.7871
Src_reg_loss	: 0.0119
-------------------------------------
[Epoch : 444/500]
Total_loss	: 0.0761
Coral_loss	: 0.0000
MMD_loss	: 1.6298
cond_ent_wt	: 4.7868
Src_reg_loss	: 0.0119
-------------------------------------
[Epoch : 445/500]
Total_loss	: 0.0761
Coral_loss	: 0.0000
MMD_loss	: 1.6343
cond_ent_wt	: 4.7864
Src_reg_loss	: 0.0119
-------------------------------------
[Epoch : 446/500]
Total_loss	: 0.0761
Coral_loss	: 0.0000
MMD_loss	: 1.6389
cond_ent_wt	: 4.7861
Src_reg_loss	: 0.0119
-------------------------------------
[Epoch : 447/500]
Total_loss	: 0.0762
Coral_loss	: 0.0000
MMD_loss	: 1.6434
cond_ent_wt	: 4.7857
Src_reg_loss	: 0.0119
-------------------------------------
[Epoch : 448/500]
Total_loss	: 0.0762
Coral_loss	: 0.0000
MMD_loss	: 1.6480
cond_ent_wt	: 4.7854
Src_reg_loss	: 0.0119
-------------------------------------
[Epoch : 449/500]
Total_loss	: 0.0762
Coral_loss	: 0.0000
MMD_loss	: 1.6527
cond_ent_wt	: 4.7850
Src_reg_loss	: 0.0118
-------------------------------------
[Epoch : 450/500]
Total_loss	: 0.0763
Coral_loss	: 0.0000
MMD_loss	: 1.6574
cond_ent_wt	: 4.7846
Src_reg_loss	: 0.0118
-------------------------------------
[Epoch : 451/500]
Total_loss	: 0.0763
Coral_loss	: 0.0000
MMD_loss	: 1.6620
cond_ent_wt	: 4.7843
Src_reg_loss	: 0.0118
-------------------------------------
[Epoch : 452/500]
Total_loss	: 0.0763
Coral_loss	: 0.0000
MMD_loss	: 1.6666
cond_ent_wt	: 4.7840
Src_reg_loss	: 0.0118
-------------------------------------
[Epoch : 453/500]
Total_loss	: 0.0764
Coral_loss	: 0.0000
MMD_loss	: 1.6711
cond_ent_wt	: 4.7837
Src_reg_loss	: 0.0118
-------------------------------------
[Epoch : 454/500]
Total_loss	: 0.0764
Coral_loss	: 0.0000
MMD_loss	: 1.6758
cond_ent_wt	: 4.7835
Src_reg_loss	: 0.0118
-------------------------------------
[Epoch : 455/500]
Total_loss	: 0.0764
Coral_loss	: 0.0000
MMD_loss	: 1.6806
cond_ent_wt	: 4.7832
Src_reg_loss	: 0.0118
-------------------------------------
[Epoch : 456/500]
Total_loss	: 0.0765
Coral_loss	: 0.0000
MMD_loss	: 1.6855
cond_ent_wt	: 4.7828
Src_reg_loss	: 0.0118
-------------------------------------
[Epoch : 457/500]
Total_loss	: 0.0765
Coral_loss	: 0.0000
MMD_loss	: 1.6905
cond_ent_wt	: 4.7825
Src_reg_loss	: 0.0118
-------------------------------------
[Epoch : 458/500]
Total_loss	: 0.0766
Coral_loss	: 0.0000
MMD_loss	: 1.6955
cond_ent_wt	: 4.7822
Src_reg_loss	: 0.0118
-------------------------------------
[Epoch : 459/500]
Total_loss	: 0.0766
Coral_loss	: 0.0000
MMD_loss	: 1.7005
cond_ent_wt	: 4.7818
Src_reg_loss	: 0.0118
-------------------------------------
[Epoch : 460/500]
Total_loss	: 0.0766
Coral_loss	: 0.0000
MMD_loss	: 1.7054
cond_ent_wt	: 4.7814
Src_reg_loss	: 0.0117
-------------------------------------
[Epoch : 461/500]
Total_loss	: 0.0767
Coral_loss	: 0.0000
MMD_loss	: 1.7102
cond_ent_wt	: 4.7810
Src_reg_loss	: 0.0117
-------------------------------------
[Epoch : 462/500]
Total_loss	: 0.0767
Coral_loss	: 0.0000
MMD_loss	: 1.7151
cond_ent_wt	: 4.7807
Src_reg_loss	: 0.0117
-------------------------------------
[Epoch : 463/500]
Total_loss	: 0.0767
Coral_loss	: 0.0000
MMD_loss	: 1.7200
cond_ent_wt	: 4.7803
Src_reg_loss	: 0.0117
-------------------------------------
[Epoch : 464/500]
Total_loss	: 0.0768
Coral_loss	: 0.0000
MMD_loss	: 1.7249
cond_ent_wt	: 4.7799
Src_reg_loss	: 0.0117
-------------------------------------
[Epoch : 465/500]
Total_loss	: 0.0768
Coral_loss	: 0.0000
MMD_loss	: 1.7298
cond_ent_wt	: 4.7795
Src_reg_loss	: 0.0117
-------------------------------------
[Epoch : 466/500]
Total_loss	: 0.0768
Coral_loss	: 0.0000
MMD_loss	: 1.7349
cond_ent_wt	: 4.7791
Src_reg_loss	: 0.0117
-------------------------------------
[Epoch : 467/500]
Total_loss	: 0.0769
Coral_loss	: 0.0000
MMD_loss	: 1.7399
cond_ent_wt	: 4.7788
Src_reg_loss	: 0.0117
-------------------------------------
[Epoch : 468/500]
Total_loss	: 0.0769
Coral_loss	: 0.0000
MMD_loss	: 1.7449
cond_ent_wt	: 4.7784
Src_reg_loss	: 0.0117
-------------------------------------
[Epoch : 469/500]
Total_loss	: 0.0770
Coral_loss	: 0.0000
MMD_loss	: 1.7501
cond_ent_wt	: 4.7781
Src_reg_loss	: 0.0117
-------------------------------------
[Epoch : 470/500]
Total_loss	: 0.0770
Coral_loss	: 0.0000
MMD_loss	: 1.7551
cond_ent_wt	: 4.7777
Src_reg_loss	: 0.0117
-------------------------------------
[Epoch : 471/500]
Total_loss	: 0.0770
Coral_loss	: 0.0000
MMD_loss	: 1.7602
cond_ent_wt	: 4.7773
Src_reg_loss	: 0.0116
-------------------------------------
[Epoch : 472/500]
Total_loss	: 0.0771
Coral_loss	: 0.0000
MMD_loss	: 1.7654
cond_ent_wt	: 4.7770
Src_reg_loss	: 0.0116
-------------------------------------
[Epoch : 473/500]
Total_loss	: 0.0771
Coral_loss	: 0.0000
MMD_loss	: 1.7706
cond_ent_wt	: 4.7766
Src_reg_loss	: 0.0116
-------------------------------------
[Epoch : 474/500]
Total_loss	: 0.0772
Coral_loss	: 0.0000
MMD_loss	: 1.7758
cond_ent_wt	: 4.7762
Src_reg_loss	: 0.0116
-------------------------------------
[Epoch : 475/500]
Total_loss	: 0.0772
Coral_loss	: 0.0000
MMD_loss	: 1.7810
cond_ent_wt	: 4.7758
Src_reg_loss	: 0.0116
-------------------------------------
[Epoch : 476/500]
Total_loss	: 0.0772
Coral_loss	: 0.0000
MMD_loss	: 1.7863
cond_ent_wt	: 4.7754
Src_reg_loss	: 0.0116
-------------------------------------
[Epoch : 477/500]
Total_loss	: 0.0773
Coral_loss	: 0.0000
MMD_loss	: 1.7915
cond_ent_wt	: 4.7750
Src_reg_loss	: 0.0116
-------------------------------------
[Epoch : 478/500]
Total_loss	: 0.0773
Coral_loss	: 0.0000
MMD_loss	: 1.7966
cond_ent_wt	: 4.7746
Src_reg_loss	: 0.0116
-------------------------------------
[Epoch : 479/500]
Total_loss	: 0.0773
Coral_loss	: 0.0000
MMD_loss	: 1.8016
cond_ent_wt	: 4.7742
Src_reg_loss	: 0.0116
-------------------------------------
[Epoch : 480/500]
Total_loss	: 0.0774
Coral_loss	: 0.0000
MMD_loss	: 1.8066
cond_ent_wt	: 4.7738
Src_reg_loss	: 0.0116
-------------------------------------
[Epoch : 481/500]
Total_loss	: 0.0774
Coral_loss	: 0.0000
MMD_loss	: 1.8118
cond_ent_wt	: 4.7735
Src_reg_loss	: 0.0116
-------------------------------------
[Epoch : 482/500]
Total_loss	: 0.0775
Coral_loss	: 0.0000
MMD_loss	: 1.8169
cond_ent_wt	: 4.7730
Src_reg_loss	: 0.0115
-------------------------------------
[Epoch : 483/500]
Total_loss	: 0.0775
Coral_loss	: 0.0000
MMD_loss	: 1.8222
cond_ent_wt	: 4.7726
Src_reg_loss	: 0.0115
-------------------------------------
[Epoch : 484/500]
Total_loss	: 0.0775
Coral_loss	: 0.0000
MMD_loss	: 1.8276
cond_ent_wt	: 4.7722
Src_reg_loss	: 0.0115
-------------------------------------
[Epoch : 485/500]
Total_loss	: 0.0776
Coral_loss	: 0.0000
MMD_loss	: 1.8328
cond_ent_wt	: 4.7718
Src_reg_loss	: 0.0115
-------------------------------------
[Epoch : 486/500]
Total_loss	: 0.0776
Coral_loss	: 0.0000
MMD_loss	: 1.8381
cond_ent_wt	: 4.7715
Src_reg_loss	: 0.0115
-------------------------------------
[Epoch : 487/500]
Total_loss	: 0.0777
Coral_loss	: 0.0000
MMD_loss	: 1.8431
cond_ent_wt	: 4.7711
Src_reg_loss	: 0.0115
-------------------------------------
[Epoch : 488/500]
Total_loss	: 0.0777
Coral_loss	: 0.0000
MMD_loss	: 1.8483
cond_ent_wt	: 4.7708
Src_reg_loss	: 0.0115
-------------------------------------
[Epoch : 489/500]
Total_loss	: 0.0777
Coral_loss	: 0.0000
MMD_loss	: 1.8534
cond_ent_wt	: 4.7704
Src_reg_loss	: 0.0115
-------------------------------------
[Epoch : 490/500]
Total_loss	: 0.0778
Coral_loss	: 0.0000
MMD_loss	: 1.8586
cond_ent_wt	: 4.7699
Src_reg_loss	: 0.0115
-------------------------------------
[Epoch : 491/500]
Total_loss	: 0.0778
Coral_loss	: 0.0000
MMD_loss	: 1.8640
cond_ent_wt	: 4.7696
Src_reg_loss	: 0.0115
-------------------------------------
[Epoch : 492/500]
Total_loss	: 0.0779
Coral_loss	: 0.0000
MMD_loss	: 1.8692
cond_ent_wt	: 4.7692
Src_reg_loss	: 0.0115
-------------------------------------
[Epoch : 493/500]
Total_loss	: 0.0779
Coral_loss	: 0.0000
MMD_loss	: 1.8746
cond_ent_wt	: 4.7688
Src_reg_loss	: 0.0115
-------------------------------------
[Epoch : 494/500]
Total_loss	: 0.0780
Coral_loss	: 0.0000
MMD_loss	: 1.8798
cond_ent_wt	: 4.7683
Src_reg_loss	: 0.0115
-------------------------------------
[Epoch : 495/500]
Total_loss	: 0.0780
Coral_loss	: 0.0000
MMD_loss	: 1.8852
cond_ent_wt	: 4.7679
Src_reg_loss	: 0.0114
-------------------------------------
[Epoch : 496/500]
Total_loss	: 0.0780
Coral_loss	: 0.0000
MMD_loss	: 1.8907
cond_ent_wt	: 4.7675
Src_reg_loss	: 0.0114
-------------------------------------
[Epoch : 497/500]
Total_loss	: 0.0781
Coral_loss	: 0.0000
MMD_loss	: 1.8960
cond_ent_wt	: 4.7671
Src_reg_loss	: 0.0114
-------------------------------------
[Epoch : 498/500]
Total_loss	: 0.0781
Coral_loss	: 0.0000
MMD_loss	: 1.9014
cond_ent_wt	: 4.7667
Src_reg_loss	: 0.0114
-------------------------------------
[Epoch : 499/500]
Total_loss	: 0.0782
Coral_loss	: 0.0000
MMD_loss	: 1.9069
cond_ent_wt	: 4.7664
Src_reg_loss	: 0.0114
-------------------------------------
[Epoch : 500/500]
Total_loss	: 0.0782
Coral_loss	: 0.0000
MMD_loss	: 1.9123
cond_ent_wt	: 4.7660
Src_reg_loss	: 0.0114
-------------------------------------
