=============================================
Dataset: Airbox
Method:  MMDA
=============================================
Source: 0 ---> Target: 4
=============================================
[Epoch : 1/200]
Total_loss	: 0.3497
Coral_loss	: 0.0000
MMD_loss	: 2.9201
cond_ent_wt	: 4.8494
Src_reg_loss	: 0.2720
-------------------------------------
[Epoch : 2/200]
Total_loss	: 0.3292
Coral_loss	: 0.0000
MMD_loss	: 2.9177
cond_ent_wt	: 4.8491
Src_reg_loss	: 0.2515
-------------------------------------
[Epoch : 3/200]
Total_loss	: 0.3086
Coral_loss	: 0.0000
MMD_loss	: 2.9105
cond_ent_wt	: 4.8486
Src_reg_loss	: 0.2310
-------------------------------------
[Epoch : 4/200]
Total_loss	: 0.2871
Coral_loss	: 0.0000
MMD_loss	: 2.8979
cond_ent_wt	: 4.8480
Src_reg_loss	: 0.2097
-------------------------------------
[Epoch : 5/200]
Total_loss	: 0.2648
Coral_loss	: 0.0000
MMD_loss	: 2.8782
cond_ent_wt	: 4.8469
Src_reg_loss	: 0.1875
-------------------------------------
[Epoch : 6/200]
Total_loss	: 0.2428
Coral_loss	: 0.0000
MMD_loss	: 2.8497
cond_ent_wt	: 4.8452
Src_reg_loss	: 0.1658
-------------------------------------
[Epoch : 7/200]
Total_loss	: 0.2243
Coral_loss	: 0.0000
MMD_loss	: 2.8144
cond_ent_wt	: 4.8429
Src_reg_loss	: 0.1478
-------------------------------------
[Epoch : 8/200]
Total_loss	: 0.2108
Coral_loss	: 0.0000
MMD_loss	: 2.7818
cond_ent_wt	: 4.8405
Src_reg_loss	: 0.1346
-------------------------------------
[Epoch : 9/200]
Total_loss	: 0.2001
Coral_loss	: 0.0000
MMD_loss	: 2.7593
cond_ent_wt	: 4.8389
Src_reg_loss	: 0.1241
-------------------------------------
[Epoch : 10/200]
Total_loss	: 0.1913
Coral_loss	: 0.0000
MMD_loss	: 2.7458
cond_ent_wt	: 4.8379
Src_reg_loss	: 0.1155
-------------------------------------
[Epoch : 11/200]
Total_loss	: 0.1842
Coral_loss	: 0.0000
MMD_loss	: 2.7375
cond_ent_wt	: 4.8372
Src_reg_loss	: 0.1084
-------------------------------------
[Epoch : 12/200]
Total_loss	: 0.1782
Coral_loss	: 0.0000
MMD_loss	: 2.7315
cond_ent_wt	: 4.8366
Src_reg_loss	: 0.1025
-------------------------------------
[Epoch : 13/200]
Total_loss	: 0.1731
Coral_loss	: 0.0000
MMD_loss	: 2.7268
cond_ent_wt	: 4.8360
Src_reg_loss	: 0.0975
-------------------------------------
[Epoch : 14/200]
Total_loss	: 0.1687
Coral_loss	: 0.0000
MMD_loss	: 2.7234
cond_ent_wt	: 4.8355
Src_reg_loss	: 0.0931
-------------------------------------
[Epoch : 15/200]
Total_loss	: 0.1649
Coral_loss	: 0.0000
MMD_loss	: 2.7214
cond_ent_wt	: 4.8351
Src_reg_loss	: 0.0893
-------------------------------------
[Epoch : 16/200]
Total_loss	: 0.1616
Coral_loss	: 0.0000
MMD_loss	: 2.7207
cond_ent_wt	: 4.8347
Src_reg_loss	: 0.0860
-------------------------------------
[Epoch : 17/200]
Total_loss	: 0.1586
Coral_loss	: 0.0000
MMD_loss	: 2.7208
cond_ent_wt	: 4.8344
Src_reg_loss	: 0.0831
-------------------------------------
[Epoch : 18/200]
Total_loss	: 0.1560
Coral_loss	: 0.0000
MMD_loss	: 2.7215
cond_ent_wt	: 4.8342
Src_reg_loss	: 0.0804
-------------------------------------
[Epoch : 19/200]
Total_loss	: 0.1536
Coral_loss	: 0.0000
MMD_loss	: 2.7225
cond_ent_wt	: 4.8339
Src_reg_loss	: 0.0781
-------------------------------------
[Epoch : 20/200]
Total_loss	: 0.1515
Coral_loss	: 0.0000
MMD_loss	: 2.7236
cond_ent_wt	: 4.8337
Src_reg_loss	: 0.0759
-------------------------------------
[Epoch : 21/200]
Total_loss	: 0.1496
Coral_loss	: 0.0000
MMD_loss	: 2.7247
cond_ent_wt	: 4.8336
Src_reg_loss	: 0.0740
-------------------------------------
[Epoch : 22/200]
Total_loss	: 0.1478
Coral_loss	: 0.0000
MMD_loss	: 2.7258
cond_ent_wt	: 4.8334
Src_reg_loss	: 0.0722
-------------------------------------
[Epoch : 23/200]
Total_loss	: 0.1461
Coral_loss	: 0.0000
MMD_loss	: 2.7267
cond_ent_wt	: 4.8333
Src_reg_loss	: 0.0705
-------------------------------------
[Epoch : 24/200]
Total_loss	: 0.1446
Coral_loss	: 0.0000
MMD_loss	: 2.7275
cond_ent_wt	: 4.8332
Src_reg_loss	: 0.0690
-------------------------------------
[Epoch : 25/200]
Total_loss	: 0.1432
Coral_loss	: 0.0000
MMD_loss	: 2.7281
cond_ent_wt	: 4.8331
Src_reg_loss	: 0.0676
-------------------------------------
[Epoch : 26/200]
Total_loss	: 0.1419
Coral_loss	: 0.0000
MMD_loss	: 2.7287
cond_ent_wt	: 4.8330
Src_reg_loss	: 0.0663
-------------------------------------
[Epoch : 27/200]
Total_loss	: 0.1407
Coral_loss	: 0.0000
MMD_loss	: 2.7292
cond_ent_wt	: 4.8329
Src_reg_loss	: 0.0651
-------------------------------------
[Epoch : 28/200]
Total_loss	: 0.1396
Coral_loss	: 0.0000
MMD_loss	: 2.7295
cond_ent_wt	: 4.8329
Src_reg_loss	: 0.0639
-------------------------------------
[Epoch : 29/200]
Total_loss	: 0.1385
Coral_loss	: 0.0000
MMD_loss	: 2.7298
cond_ent_wt	: 4.8328
Src_reg_loss	: 0.0629
-------------------------------------
[Epoch : 30/200]
Total_loss	: 0.1375
Coral_loss	: 0.0000
MMD_loss	: 2.7299
cond_ent_wt	: 4.8328
Src_reg_loss	: 0.0619
-------------------------------------
[Epoch : 31/200]
Total_loss	: 0.1365
Coral_loss	: 0.0000
MMD_loss	: 2.7297
cond_ent_wt	: 4.8328
Src_reg_loss	: 0.0609
-------------------------------------
[Epoch : 32/200]
Total_loss	: 0.1356
Coral_loss	: 0.0000
MMD_loss	: 2.7292
cond_ent_wt	: 4.8327
Src_reg_loss	: 0.0600
-------------------------------------
[Epoch : 33/200]
Total_loss	: 0.1347
Coral_loss	: 0.0000
MMD_loss	: 2.7284
cond_ent_wt	: 4.8327
Src_reg_loss	: 0.0591
-------------------------------------
[Epoch : 34/200]
Total_loss	: 0.1339
Coral_loss	: 0.0000
MMD_loss	: 2.7273
cond_ent_wt	: 4.8327
Src_reg_loss	: 0.0583
-------------------------------------
[Epoch : 35/200]
Total_loss	: 0.1331
Coral_loss	: 0.0000
MMD_loss	: 2.7257
cond_ent_wt	: 4.8327
Src_reg_loss	: 0.0575
-------------------------------------
[Epoch : 36/200]
Total_loss	: 0.1324
Coral_loss	: 0.0000
MMD_loss	: 2.7238
cond_ent_wt	: 4.8327
Src_reg_loss	: 0.0568
-------------------------------------
[Epoch : 37/200]
Total_loss	: 0.1316
Coral_loss	: 0.0000
MMD_loss	: 2.7215
cond_ent_wt	: 4.8327
Src_reg_loss	: 0.0561
-------------------------------------
[Epoch : 38/200]
Total_loss	: 0.1309
Coral_loss	: 0.0000
MMD_loss	: 2.7189
cond_ent_wt	: 4.8328
Src_reg_loss	: 0.0554
-------------------------------------
[Epoch : 39/200]
Total_loss	: 0.1303
Coral_loss	: 0.0000
MMD_loss	: 2.7159
cond_ent_wt	: 4.8328
Src_reg_loss	: 0.0548
-------------------------------------
[Epoch : 40/200]
Total_loss	: 0.1296
Coral_loss	: 0.0000
MMD_loss	: 2.7127
cond_ent_wt	: 4.8328
Src_reg_loss	: 0.0541
-------------------------------------
[Epoch : 41/200]
Total_loss	: 0.1290
Coral_loss	: 0.0000
MMD_loss	: 2.7091
cond_ent_wt	: 4.8329
Src_reg_loss	: 0.0535
-------------------------------------
[Epoch : 42/200]
Total_loss	: 0.1284
Coral_loss	: 0.0000
MMD_loss	: 2.7052
cond_ent_wt	: 4.8329
Src_reg_loss	: 0.0530
-------------------------------------
[Epoch : 43/200]
Total_loss	: 0.1278
Coral_loss	: 0.0000
MMD_loss	: 2.7010
cond_ent_wt	: 4.8329
Src_reg_loss	: 0.0524
-------------------------------------
[Epoch : 44/200]
Total_loss	: 0.1272
Coral_loss	: 0.0000
MMD_loss	: 2.6967
cond_ent_wt	: 4.8330
Src_reg_loss	: 0.0519
-------------------------------------
[Epoch : 45/200]
Total_loss	: 0.1266
Coral_loss	: 0.0000
MMD_loss	: 2.6920
cond_ent_wt	: 4.8330
Src_reg_loss	: 0.0514
-------------------------------------
[Epoch : 46/200]
Total_loss	: 0.1261
Coral_loss	: 0.0000
MMD_loss	: 2.6871
cond_ent_wt	: 4.8331
Src_reg_loss	: 0.0509
-------------------------------------
[Epoch : 47/200]
Total_loss	: 0.1256
Coral_loss	: 0.0000
MMD_loss	: 2.6820
cond_ent_wt	: 4.8331
Src_reg_loss	: 0.0504
-------------------------------------
[Epoch : 48/200]
Total_loss	: 0.1251
Coral_loss	: 0.0000
MMD_loss	: 2.6767
cond_ent_wt	: 4.8332
Src_reg_loss	: 0.0500
-------------------------------------
[Epoch : 49/200]
Total_loss	: 0.1246
Coral_loss	: 0.0000
MMD_loss	: 2.6711
cond_ent_wt	: 4.8332
Src_reg_loss	: 0.0495
-------------------------------------
[Epoch : 50/200]
Total_loss	: 0.1241
Coral_loss	: 0.0000
MMD_loss	: 2.6653
cond_ent_wt	: 4.8333
Src_reg_loss	: 0.0491
-------------------------------------
[Epoch : 51/200]
Total_loss	: 0.1236
Coral_loss	: 0.0000
MMD_loss	: 2.6593
cond_ent_wt	: 4.8333
Src_reg_loss	: 0.0487
-------------------------------------
[Epoch : 52/200]
Total_loss	: 0.1232
Coral_loss	: 0.0000
MMD_loss	: 2.6531
cond_ent_wt	: 4.8333
Src_reg_loss	: 0.0483
-------------------------------------
[Epoch : 53/200]
Total_loss	: 0.1227
Coral_loss	: 0.0000
MMD_loss	: 2.6466
cond_ent_wt	: 4.8334
Src_reg_loss	: 0.0479
-------------------------------------
[Epoch : 54/200]
Total_loss	: 0.1223
Coral_loss	: 0.0000
MMD_loss	: 2.6399
cond_ent_wt	: 4.8334
Src_reg_loss	: 0.0476
-------------------------------------
[Epoch : 55/200]
Total_loss	: 0.1219
Coral_loss	: 0.0000
MMD_loss	: 2.6330
cond_ent_wt	: 4.8335
Src_reg_loss	: 0.0472
-------------------------------------
[Epoch : 56/200]
Total_loss	: 0.1214
Coral_loss	: 0.0000
MMD_loss	: 2.6258
cond_ent_wt	: 4.8335
Src_reg_loss	: 0.0468
-------------------------------------
[Epoch : 57/200]
Total_loss	: 0.1210
Coral_loss	: 0.0000
MMD_loss	: 2.6185
cond_ent_wt	: 4.8335
Src_reg_loss	: 0.0465
-------------------------------------
[Epoch : 58/200]
Total_loss	: 0.1206
Coral_loss	: 0.0000
MMD_loss	: 2.6110
cond_ent_wt	: 4.8336
Src_reg_loss	: 0.0462
-------------------------------------
[Epoch : 59/200]
Total_loss	: 0.1202
Coral_loss	: 0.0000
MMD_loss	: 2.6032
cond_ent_wt	: 4.8336
Src_reg_loss	: 0.0459
-------------------------------------
[Epoch : 60/200]
Total_loss	: 0.1198
Coral_loss	: 0.0000
MMD_loss	: 2.5953
cond_ent_wt	: 4.8336
Src_reg_loss	: 0.0456
-------------------------------------
[Epoch : 61/200]
Total_loss	: 0.1195
Coral_loss	: 0.0000
MMD_loss	: 2.5871
cond_ent_wt	: 4.8336
Src_reg_loss	: 0.0453
-------------------------------------
[Epoch : 62/200]
Total_loss	: 0.1191
Coral_loss	: 0.0000
MMD_loss	: 2.5787
cond_ent_wt	: 4.8337
Src_reg_loss	: 0.0450
-------------------------------------
[Epoch : 63/200]
Total_loss	: 0.1187
Coral_loss	: 0.0000
MMD_loss	: 2.5702
cond_ent_wt	: 4.8337
Src_reg_loss	: 0.0447
-------------------------------------
[Epoch : 64/200]
Total_loss	: 0.1184
Coral_loss	: 0.0000
MMD_loss	: 2.5614
cond_ent_wt	: 4.8337
Src_reg_loss	: 0.0444
-------------------------------------
[Epoch : 65/200]
Total_loss	: 0.1180
Coral_loss	: 0.0000
MMD_loss	: 2.5525
cond_ent_wt	: 4.8337
Src_reg_loss	: 0.0441
-------------------------------------
[Epoch : 66/200]
Total_loss	: 0.1176
Coral_loss	: 0.0000
MMD_loss	: 2.5433
cond_ent_wt	: 4.8338
Src_reg_loss	: 0.0439
-------------------------------------
[Epoch : 67/200]
Total_loss	: 0.1173
Coral_loss	: 0.0000
MMD_loss	: 2.5340
cond_ent_wt	: 4.8338
Src_reg_loss	: 0.0436
-------------------------------------
[Epoch : 68/200]
Total_loss	: 0.1169
Coral_loss	: 0.0000
MMD_loss	: 2.5244
cond_ent_wt	: 4.8338
Src_reg_loss	: 0.0434
-------------------------------------
[Epoch : 69/200]
Total_loss	: 0.1166
Coral_loss	: 0.0000
MMD_loss	: 2.5147
cond_ent_wt	: 4.8338
Src_reg_loss	: 0.0431
-------------------------------------
[Epoch : 70/200]
Total_loss	: 0.1162
Coral_loss	: 0.0000
MMD_loss	: 2.5048
cond_ent_wt	: 4.8338
Src_reg_loss	: 0.0429
-------------------------------------
[Epoch : 71/200]
Total_loss	: 0.1159
Coral_loss	: 0.0000
MMD_loss	: 2.4948
cond_ent_wt	: 4.8338
Src_reg_loss	: 0.0426
-------------------------------------
[Epoch : 72/200]
Total_loss	: 0.1156
Coral_loss	: 0.0000
MMD_loss	: 2.4845
cond_ent_wt	: 4.8339
Src_reg_loss	: 0.0424
-------------------------------------
[Epoch : 73/200]
Total_loss	: 0.1152
Coral_loss	: 0.0000
MMD_loss	: 2.4741
cond_ent_wt	: 4.8339
Src_reg_loss	: 0.0422
-------------------------------------
[Epoch : 74/200]
Total_loss	: 0.1149
Coral_loss	: 0.0000
MMD_loss	: 2.4636
cond_ent_wt	: 4.8339
Src_reg_loss	: 0.0419
-------------------------------------
[Epoch : 75/200]
Total_loss	: 0.1146
Coral_loss	: 0.0000
MMD_loss	: 2.4529
cond_ent_wt	: 4.8339
Src_reg_loss	: 0.0417
-------------------------------------
[Epoch : 76/200]
Total_loss	: 0.1143
Coral_loss	: 0.0000
MMD_loss	: 2.4420
cond_ent_wt	: 4.8339
Src_reg_loss	: 0.0415
-------------------------------------
[Epoch : 77/200]
Total_loss	: 0.1139
Coral_loss	: 0.0000
MMD_loss	: 2.4311
cond_ent_wt	: 4.8339
Src_reg_loss	: 0.0413
-------------------------------------
[Epoch : 78/200]
Total_loss	: 0.1136
Coral_loss	: 0.0000
MMD_loss	: 2.4200
cond_ent_wt	: 4.8339
Src_reg_loss	: 0.0411
-------------------------------------
[Epoch : 79/200]
Total_loss	: 0.1133
Coral_loss	: 0.0000
MMD_loss	: 2.4088
cond_ent_wt	: 4.8339
Src_reg_loss	: 0.0409
-------------------------------------
[Epoch : 80/200]
Total_loss	: 0.1130
Coral_loss	: 0.0000
MMD_loss	: 2.3975
cond_ent_wt	: 4.8339
Src_reg_loss	: 0.0407
-------------------------------------
[Epoch : 81/200]
Total_loss	: 0.1127
Coral_loss	: 0.0000
MMD_loss	: 2.3861
cond_ent_wt	: 4.8339
Src_reg_loss	: 0.0405
-------------------------------------
[Epoch : 82/200]
Total_loss	: 0.1124
Coral_loss	: 0.0000
MMD_loss	: 2.3747
cond_ent_wt	: 4.8339
Src_reg_loss	: 0.0403
-------------------------------------
[Epoch : 83/200]
Total_loss	: 0.1120
Coral_loss	: 0.0000
MMD_loss	: 2.3632
cond_ent_wt	: 4.8339
Src_reg_loss	: 0.0401
-------------------------------------
[Epoch : 84/200]
Total_loss	: 0.1117
Coral_loss	: 0.0000
MMD_loss	: 2.3517
cond_ent_wt	: 4.8339
Src_reg_loss	: 0.0399
-------------------------------------
[Epoch : 85/200]
Total_loss	: 0.1114
Coral_loss	: 0.0000
MMD_loss	: 2.3401
cond_ent_wt	: 4.8339
Src_reg_loss	: 0.0397
-------------------------------------
[Epoch : 86/200]
Total_loss	: 0.1111
Coral_loss	: 0.0000
MMD_loss	: 2.3286
cond_ent_wt	: 4.8339
Src_reg_loss	: 0.0395
-------------------------------------
[Epoch : 87/200]
Total_loss	: 0.1108
Coral_loss	: 0.0000
MMD_loss	: 2.3170
cond_ent_wt	: 4.8339
Src_reg_loss	: 0.0393
-------------------------------------
[Epoch : 88/200]
Total_loss	: 0.1105
Coral_loss	: 0.0000
MMD_loss	: 2.3055
cond_ent_wt	: 4.8339
Src_reg_loss	: 0.0391
-------------------------------------
[Epoch : 89/200]
Total_loss	: 0.1102
Coral_loss	: 0.0000
MMD_loss	: 2.2939
cond_ent_wt	: 4.8339
Src_reg_loss	: 0.0390
-------------------------------------
[Epoch : 90/200]
Total_loss	: 0.1099
Coral_loss	: 0.0000
MMD_loss	: 2.2825
cond_ent_wt	: 4.8339
Src_reg_loss	: 0.0388
-------------------------------------
[Epoch : 91/200]
Total_loss	: 0.1096
Coral_loss	: 0.0000
MMD_loss	: 2.2711
cond_ent_wt	: 4.8339
Src_reg_loss	: 0.0386
-------------------------------------
[Epoch : 92/200]
Total_loss	: 0.1094
Coral_loss	: 0.0000
MMD_loss	: 2.2598
cond_ent_wt	: 4.8339
Src_reg_loss	: 0.0384
-------------------------------------
[Epoch : 93/200]
Total_loss	: 0.1091
Coral_loss	: 0.0000
MMD_loss	: 2.2486
cond_ent_wt	: 4.8339
Src_reg_loss	: 0.0383
-------------------------------------
[Epoch : 94/200]
Total_loss	: 0.1088
Coral_loss	: 0.0000
MMD_loss	: 2.2374
cond_ent_wt	: 4.8339
Src_reg_loss	: 0.0381
-------------------------------------
[Epoch : 95/200]
Total_loss	: 0.1085
Coral_loss	: 0.0000
MMD_loss	: 2.2264
cond_ent_wt	: 4.8339
Src_reg_loss	: 0.0379
-------------------------------------
[Epoch : 96/200]
Total_loss	: 0.1082
Coral_loss	: 0.0000
MMD_loss	: 2.2155
cond_ent_wt	: 4.8339
Src_reg_loss	: 0.0377
-------------------------------------
[Epoch : 97/200]
Total_loss	: 0.1080
Coral_loss	: 0.0000
MMD_loss	: 2.2048
cond_ent_wt	: 4.8339
Src_reg_loss	: 0.0376
-------------------------------------
[Epoch : 98/200]
Total_loss	: 0.1077
Coral_loss	: 0.0000
MMD_loss	: 2.1942
cond_ent_wt	: 4.8339
Src_reg_loss	: 0.0374
-------------------------------------
[Epoch : 99/200]
Total_loss	: 0.1074
Coral_loss	: 0.0000
MMD_loss	: 2.1838
cond_ent_wt	: 4.8339
Src_reg_loss	: 0.0373
-------------------------------------
[Epoch : 100/200]
Total_loss	: 0.1072
Coral_loss	: 0.0000
MMD_loss	: 2.1735
cond_ent_wt	: 4.8339
Src_reg_loss	: 0.0371
-------------------------------------
[Epoch : 101/200]
Total_loss	: 0.1069
Coral_loss	: 0.0000
MMD_loss	: 2.1633
cond_ent_wt	: 4.8338
Src_reg_loss	: 0.0369
-------------------------------------
[Epoch : 102/200]
Total_loss	: 0.1067
Coral_loss	: 0.0000
MMD_loss	: 2.1534
cond_ent_wt	: 4.8338
Src_reg_loss	: 0.0368
-------------------------------------
[Epoch : 103/200]
Total_loss	: 0.1064
Coral_loss	: 0.0000
MMD_loss	: 2.1436
cond_ent_wt	: 4.8338
Src_reg_loss	: 0.0366
-------------------------------------
[Epoch : 104/200]
Total_loss	: 0.1062
Coral_loss	: 0.0000
MMD_loss	: 2.1340
cond_ent_wt	: 4.8338
Src_reg_loss	: 0.0365
-------------------------------------
[Epoch : 105/200]
Total_loss	: 0.1059
Coral_loss	: 0.0000
MMD_loss	: 2.1246
cond_ent_wt	: 4.8338
Src_reg_loss	: 0.0363
-------------------------------------
[Epoch : 106/200]
Total_loss	: 0.1057
Coral_loss	: 0.0000
MMD_loss	: 2.1154
cond_ent_wt	: 4.8338
Src_reg_loss	: 0.0362
-------------------------------------
[Epoch : 107/200]
Total_loss	: 0.1054
Coral_loss	: 0.0000
MMD_loss	: 2.1063
cond_ent_wt	: 4.8338
Src_reg_loss	: 0.0360
-------------------------------------
[Epoch : 108/200]
Total_loss	: 0.1052
Coral_loss	: 0.0000
MMD_loss	: 2.0974
cond_ent_wt	: 4.8337
Src_reg_loss	: 0.0359
-------------------------------------
[Epoch : 109/200]
Total_loss	: 0.1050
Coral_loss	: 0.0000
MMD_loss	: 2.0887
cond_ent_wt	: 4.8337
Src_reg_loss	: 0.0357
-------------------------------------
[Epoch : 110/200]
Total_loss	: 0.1047
Coral_loss	: 0.0000
MMD_loss	: 2.0802
cond_ent_wt	: 4.8337
Src_reg_loss	: 0.0356
-------------------------------------
[Epoch : 111/200]
Total_loss	: 0.1045
Coral_loss	: 0.0000
MMD_loss	: 2.0719
cond_ent_wt	: 4.8337
Src_reg_loss	: 0.0355
-------------------------------------
[Epoch : 112/200]
Total_loss	: 0.1043
Coral_loss	: 0.0000
MMD_loss	: 2.0637
cond_ent_wt	: 4.8337
Src_reg_loss	: 0.0353
-------------------------------------
[Epoch : 113/200]
Total_loss	: 0.1041
Coral_loss	: 0.0000
MMD_loss	: 2.0557
cond_ent_wt	: 4.8337
Src_reg_loss	: 0.0352
-------------------------------------
[Epoch : 114/200]
Total_loss	: 0.1039
Coral_loss	: 0.0000
MMD_loss	: 2.0479
cond_ent_wt	: 4.8336
Src_reg_loss	: 0.0350
-------------------------------------
[Epoch : 115/200]
Total_loss	: 0.1036
Coral_loss	: 0.0000
MMD_loss	: 2.0402
cond_ent_wt	: 4.8336
Src_reg_loss	: 0.0349
-------------------------------------
[Epoch : 116/200]
Total_loss	: 0.1034
Coral_loss	: 0.0000
MMD_loss	: 2.0327
cond_ent_wt	: 4.8336
Src_reg_loss	: 0.0348
-------------------------------------
[Epoch : 117/200]
Total_loss	: 0.1032
Coral_loss	: 0.0000
MMD_loss	: 2.0253
cond_ent_wt	: 4.8336
Src_reg_loss	: 0.0346
-------------------------------------
[Epoch : 118/200]
Total_loss	: 0.1030
Coral_loss	: 0.0000
MMD_loss	: 2.0181
cond_ent_wt	: 4.8336
Src_reg_loss	: 0.0345
-------------------------------------
[Epoch : 119/200]
Total_loss	: 0.1028
Coral_loss	: 0.0000
MMD_loss	: 2.0111
cond_ent_wt	: 4.8336
Src_reg_loss	: 0.0344
-------------------------------------
[Epoch : 120/200]
Total_loss	: 0.1026
Coral_loss	: 0.0000
MMD_loss	: 2.0042
cond_ent_wt	: 4.8335
Src_reg_loss	: 0.0343
-------------------------------------
[Epoch : 121/200]
Total_loss	: 0.1024
Coral_loss	: 0.0000
MMD_loss	: 1.9974
cond_ent_wt	: 4.8335
Src_reg_loss	: 0.0341
-------------------------------------
[Epoch : 122/200]
Total_loss	: 0.1023
Coral_loss	: 0.0000
MMD_loss	: 1.9908
cond_ent_wt	: 4.8335
Src_reg_loss	: 0.0340
-------------------------------------
[Epoch : 123/200]
Total_loss	: 0.1021
Coral_loss	: 0.0000
MMD_loss	: 1.9844
cond_ent_wt	: 4.8335
Src_reg_loss	: 0.0339
-------------------------------------
[Epoch : 124/200]
Total_loss	: 0.1019
Coral_loss	: 0.0000
MMD_loss	: 1.9780
cond_ent_wt	: 4.8334
Src_reg_loss	: 0.0338
-------------------------------------
[Epoch : 125/200]
Total_loss	: 0.1017
Coral_loss	: 0.0000
MMD_loss	: 1.9718
cond_ent_wt	: 4.8334
Src_reg_loss	: 0.0336
-------------------------------------
[Epoch : 126/200]
Total_loss	: 0.1015
Coral_loss	: 0.0000
MMD_loss	: 1.9657
cond_ent_wt	: 4.8334
Src_reg_loss	: 0.0335
-------------------------------------
[Epoch : 127/200]
Total_loss	: 0.1013
Coral_loss	: 0.0000
MMD_loss	: 1.9597
cond_ent_wt	: 4.8334
Src_reg_loss	: 0.0334
-------------------------------------
[Epoch : 128/200]
Total_loss	: 0.1012
Coral_loss	: 0.0000
MMD_loss	: 1.9538
cond_ent_wt	: 4.8334
Src_reg_loss	: 0.0333
-------------------------------------
[Epoch : 129/200]
Total_loss	: 0.1010
Coral_loss	: 0.0000
MMD_loss	: 1.9480
cond_ent_wt	: 4.8333
Src_reg_loss	: 0.0332
-------------------------------------
[Epoch : 130/200]
Total_loss	: 0.1008
Coral_loss	: 0.0000
MMD_loss	: 1.9423
cond_ent_wt	: 4.8333
Src_reg_loss	: 0.0331
-------------------------------------
[Epoch : 131/200]
Total_loss	: 0.1007
Coral_loss	: 0.0000
MMD_loss	: 1.9368
cond_ent_wt	: 4.8333
Src_reg_loss	: 0.0330
-------------------------------------
[Epoch : 132/200]
Total_loss	: 0.1005
Coral_loss	: 0.0000
MMD_loss	: 1.9313
cond_ent_wt	: 4.8333
Src_reg_loss	: 0.0328
-------------------------------------
[Epoch : 133/200]
Total_loss	: 0.1003
Coral_loss	: 0.0000
MMD_loss	: 1.9259
cond_ent_wt	: 4.8332
Src_reg_loss	: 0.0327
-------------------------------------
[Epoch : 134/200]
Total_loss	: 0.1002
Coral_loss	: 0.0000
MMD_loss	: 1.9207
cond_ent_wt	: 4.8332
Src_reg_loss	: 0.0326
-------------------------------------
[Epoch : 135/200]
Total_loss	: 0.1000
Coral_loss	: 0.0000
MMD_loss	: 1.9155
cond_ent_wt	: 4.8332
Src_reg_loss	: 0.0325
-------------------------------------
[Epoch : 136/200]
Total_loss	: 0.0999
Coral_loss	: 0.0000
MMD_loss	: 1.9104
cond_ent_wt	: 4.8332
Src_reg_loss	: 0.0324
-------------------------------------
[Epoch : 137/200]
Total_loss	: 0.0997
Coral_loss	: 0.0000
MMD_loss	: 1.9054
cond_ent_wt	: 4.8332
Src_reg_loss	: 0.0323
-------------------------------------
[Epoch : 138/200]
Total_loss	: 0.0995
Coral_loss	: 0.0000
MMD_loss	: 1.9005
cond_ent_wt	: 4.8331
Src_reg_loss	: 0.0322
-------------------------------------
[Epoch : 139/200]
Total_loss	: 0.0994
Coral_loss	: 0.0000
MMD_loss	: 1.8957
cond_ent_wt	: 4.8331
Src_reg_loss	: 0.0321
-------------------------------------
[Epoch : 140/200]
Total_loss	: 0.0992
Coral_loss	: 0.0000
MMD_loss	: 1.8910
cond_ent_wt	: 4.8331
Src_reg_loss	: 0.0320
-------------------------------------
[Epoch : 141/200]
Total_loss	: 0.0991
Coral_loss	: 0.0000
MMD_loss	: 1.8864
cond_ent_wt	: 4.8331
Src_reg_loss	: 0.0319
-------------------------------------
[Epoch : 142/200]
Total_loss	: 0.0990
Coral_loss	: 0.0000
MMD_loss	: 1.8818
cond_ent_wt	: 4.8330
Src_reg_loss	: 0.0318
-------------------------------------
[Epoch : 143/200]
Total_loss	: 0.0988
Coral_loss	: 0.0000
MMD_loss	: 1.8774
cond_ent_wt	: 4.8330
Src_reg_loss	: 0.0317
-------------------------------------
[Epoch : 144/200]
Total_loss	: 0.0987
Coral_loss	: 0.0000
MMD_loss	: 1.8730
cond_ent_wt	: 4.8330
Src_reg_loss	: 0.0316
-------------------------------------
[Epoch : 145/200]
Total_loss	: 0.0985
Coral_loss	: 0.0000
MMD_loss	: 1.8687
cond_ent_wt	: 4.8330
Src_reg_loss	: 0.0315
-------------------------------------
[Epoch : 146/200]
Total_loss	: 0.0984
Coral_loss	: 0.0000
MMD_loss	: 1.8644
cond_ent_wt	: 4.8329
Src_reg_loss	: 0.0314
-------------------------------------
[Epoch : 147/200]
Total_loss	: 0.0982
Coral_loss	: 0.0000
MMD_loss	: 1.8603
cond_ent_wt	: 4.8329
Src_reg_loss	: 0.0313
-------------------------------------
[Epoch : 148/200]
Total_loss	: 0.0981
Coral_loss	: 0.0000
MMD_loss	: 1.8562
cond_ent_wt	: 4.8329
Src_reg_loss	: 0.0312
-------------------------------------
[Epoch : 149/200]
Total_loss	: 0.0980
Coral_loss	: 0.0000
MMD_loss	: 1.8522
cond_ent_wt	: 4.8329
Src_reg_loss	: 0.0311
-------------------------------------
[Epoch : 150/200]
Total_loss	: 0.0978
Coral_loss	: 0.0000
MMD_loss	: 1.8482
cond_ent_wt	: 4.8328
Src_reg_loss	: 0.0310
-------------------------------------
[Epoch : 151/200]
Total_loss	: 0.0977
Coral_loss	: 0.0000
MMD_loss	: 1.8443
cond_ent_wt	: 4.8328
Src_reg_loss	: 0.0309
-------------------------------------
[Epoch : 152/200]
Total_loss	: 0.0976
Coral_loss	: 0.0000
MMD_loss	: 1.8405
cond_ent_wt	: 4.8328
Src_reg_loss	: 0.0309
-------------------------------------
[Epoch : 153/200]
Total_loss	: 0.0975
Coral_loss	: 0.0000
MMD_loss	: 1.8368
cond_ent_wt	: 4.8328
Src_reg_loss	: 0.0308
-------------------------------------
[Epoch : 154/200]
Total_loss	: 0.0973
Coral_loss	: 0.0000
MMD_loss	: 1.8331
cond_ent_wt	: 4.8327
Src_reg_loss	: 0.0307
-------------------------------------
[Epoch : 155/200]
Total_loss	: 0.0972
Coral_loss	: 0.0000
MMD_loss	: 1.8295
cond_ent_wt	: 4.8327
Src_reg_loss	: 0.0306
-------------------------------------
[Epoch : 156/200]
Total_loss	: 0.0971
Coral_loss	: 0.0000
MMD_loss	: 1.8260
cond_ent_wt	: 4.8327
Src_reg_loss	: 0.0305
-------------------------------------
[Epoch : 157/200]
Total_loss	: 0.0970
Coral_loss	: 0.0000
MMD_loss	: 1.8225
cond_ent_wt	: 4.8327
Src_reg_loss	: 0.0304
-------------------------------------
[Epoch : 158/200]
Total_loss	: 0.0968
Coral_loss	: 0.0000
MMD_loss	: 1.8191
cond_ent_wt	: 4.8326
Src_reg_loss	: 0.0303
-------------------------------------
[Epoch : 159/200]
Total_loss	: 0.0967
Coral_loss	: 0.0000
MMD_loss	: 1.8157
cond_ent_wt	: 4.8326
Src_reg_loss	: 0.0302
-------------------------------------
[Epoch : 160/200]
Total_loss	: 0.0966
Coral_loss	: 0.0000
MMD_loss	: 1.8124
cond_ent_wt	: 4.8326
Src_reg_loss	: 0.0301
-------------------------------------
[Epoch : 161/200]
Total_loss	: 0.0965
Coral_loss	: 0.0000
MMD_loss	: 1.8091
cond_ent_wt	: 4.8326
Src_reg_loss	: 0.0301
-------------------------------------
[Epoch : 162/200]
Total_loss	: 0.0964
Coral_loss	: 0.0000
MMD_loss	: 1.8059
cond_ent_wt	: 4.8325
Src_reg_loss	: 0.0300
-------------------------------------
[Epoch : 163/200]
Total_loss	: 0.0962
Coral_loss	: 0.0000
MMD_loss	: 1.8028
cond_ent_wt	: 4.8325
Src_reg_loss	: 0.0299
-------------------------------------
[Epoch : 164/200]
Total_loss	: 0.0961
Coral_loss	: 0.0000
MMD_loss	: 1.7997
cond_ent_wt	: 4.8325
Src_reg_loss	: 0.0298
-------------------------------------
[Epoch : 165/200]
Total_loss	: 0.0960
Coral_loss	: 0.0000
MMD_loss	: 1.7967
cond_ent_wt	: 4.8325
Src_reg_loss	: 0.0297
-------------------------------------
[Epoch : 166/200]
Total_loss	: 0.0959
Coral_loss	: 0.0000
MMD_loss	: 1.7937
cond_ent_wt	: 4.8324
Src_reg_loss	: 0.0296
-------------------------------------
[Epoch : 167/200]
Total_loss	: 0.0958
Coral_loss	: 0.0000
MMD_loss	: 1.7907
cond_ent_wt	: 4.8324
Src_reg_loss	: 0.0296
-------------------------------------
[Epoch : 168/200]
Total_loss	: 0.0957
Coral_loss	: 0.0000
MMD_loss	: 1.7879
cond_ent_wt	: 4.8324
Src_reg_loss	: 0.0295
-------------------------------------
[Epoch : 169/200]
Total_loss	: 0.0956
Coral_loss	: 0.0000
MMD_loss	: 1.7850
cond_ent_wt	: 4.8324
Src_reg_loss	: 0.0294
-------------------------------------
[Epoch : 170/200]
Total_loss	: 0.0955
Coral_loss	: 0.0000
MMD_loss	: 1.7822
cond_ent_wt	: 4.8323
Src_reg_loss	: 0.0293
-------------------------------------
[Epoch : 171/200]
Total_loss	: 0.0954
Coral_loss	: 0.0000
MMD_loss	: 1.7794
cond_ent_wt	: 4.8323
Src_reg_loss	: 0.0293
-------------------------------------
[Epoch : 172/200]
Total_loss	: 0.0953
Coral_loss	: 0.0000
MMD_loss	: 1.7767
cond_ent_wt	: 4.8323
Src_reg_loss	: 0.0292
-------------------------------------
[Epoch : 173/200]
Total_loss	: 0.0952
Coral_loss	: 0.0000
MMD_loss	: 1.7741
cond_ent_wt	: 4.8323
Src_reg_loss	: 0.0291
-------------------------------------
[Epoch : 174/200]
Total_loss	: 0.0951
Coral_loss	: 0.0000
MMD_loss	: 1.7714
cond_ent_wt	: 4.8322
Src_reg_loss	: 0.0290
-------------------------------------
[Epoch : 175/200]
Total_loss	: 0.0950
Coral_loss	: 0.0000
MMD_loss	: 1.7689
cond_ent_wt	: 4.8322
Src_reg_loss	: 0.0289
-------------------------------------
[Epoch : 176/200]
Total_loss	: 0.0949
Coral_loss	: 0.0000
MMD_loss	: 1.7663
cond_ent_wt	: 4.8322
Src_reg_loss	: 0.0289
-------------------------------------
[Epoch : 177/200]
Total_loss	: 0.0948
Coral_loss	: 0.0000
MMD_loss	: 1.7638
cond_ent_wt	: 4.8321
Src_reg_loss	: 0.0288
-------------------------------------
[Epoch : 178/200]
Total_loss	: 0.0947
Coral_loss	: 0.0000
MMD_loss	: 1.7613
cond_ent_wt	: 4.8321
Src_reg_loss	: 0.0287
-------------------------------------
[Epoch : 179/200]
Total_loss	: 0.0946
Coral_loss	: 0.0000
MMD_loss	: 1.7589
cond_ent_wt	: 4.8321
Src_reg_loss	: 0.0286
-------------------------------------
[Epoch : 180/200]
Total_loss	: 0.0945
Coral_loss	: 0.0000
MMD_loss	: 1.7565
cond_ent_wt	: 4.8321
Src_reg_loss	: 0.0286
-------------------------------------
[Epoch : 181/200]
Total_loss	: 0.0944
Coral_loss	: 0.0000
MMD_loss	: 1.7541
cond_ent_wt	: 4.8320
Src_reg_loss	: 0.0285
-------------------------------------
[Epoch : 182/200]
Total_loss	: 0.0943
Coral_loss	: 0.0000
MMD_loss	: 1.7518
cond_ent_wt	: 4.8320
Src_reg_loss	: 0.0284
-------------------------------------
[Epoch : 183/200]
Total_loss	: 0.0942
Coral_loss	: 0.0000
MMD_loss	: 1.7495
cond_ent_wt	: 4.8320
Src_reg_loss	: 0.0284
-------------------------------------
[Epoch : 184/200]
Total_loss	: 0.0941
Coral_loss	: 0.0000
MMD_loss	: 1.7473
cond_ent_wt	: 4.8320
Src_reg_loss	: 0.0283
-------------------------------------
[Epoch : 185/200]
Total_loss	: 0.0940
Coral_loss	: 0.0000
MMD_loss	: 1.7450
cond_ent_wt	: 4.8319
Src_reg_loss	: 0.0282
-------------------------------------
[Epoch : 186/200]
Total_loss	: 0.0939
Coral_loss	: 0.0000
MMD_loss	: 1.7428
cond_ent_wt	: 4.8319
Src_reg_loss	: 0.0281
-------------------------------------
[Epoch : 187/200]
Total_loss	: 0.0938
Coral_loss	: 0.0000
MMD_loss	: 1.7407
cond_ent_wt	: 4.8319
Src_reg_loss	: 0.0281
-------------------------------------
[Epoch : 188/200]
Total_loss	: 0.0937
Coral_loss	: 0.0000
MMD_loss	: 1.7385
cond_ent_wt	: 4.8318
Src_reg_loss	: 0.0280
-------------------------------------
[Epoch : 189/200]
Total_loss	: 0.0936
Coral_loss	: 0.0000
MMD_loss	: 1.7364
cond_ent_wt	: 4.8318
Src_reg_loss	: 0.0279
-------------------------------------
[Epoch : 190/200]
Total_loss	: 0.0935
Coral_loss	: 0.0000
MMD_loss	: 1.7344
cond_ent_wt	: 4.8318
Src_reg_loss	: 0.0279
-------------------------------------
[Epoch : 191/200]
Total_loss	: 0.0934
Coral_loss	: 0.0000
MMD_loss	: 1.7323
cond_ent_wt	: 4.8317
Src_reg_loss	: 0.0278
-------------------------------------
[Epoch : 192/200]
Total_loss	: 0.0934
Coral_loss	: 0.0000
MMD_loss	: 1.7303
cond_ent_wt	: 4.8317
Src_reg_loss	: 0.0277
-------------------------------------
[Epoch : 193/200]
Total_loss	: 0.0933
Coral_loss	: 0.0000
MMD_loss	: 1.7283
cond_ent_wt	: 4.8317
Src_reg_loss	: 0.0277
-------------------------------------
[Epoch : 194/200]
Total_loss	: 0.0932
Coral_loss	: 0.0000
MMD_loss	: 1.7263
cond_ent_wt	: 4.8317
Src_reg_loss	: 0.0276
-------------------------------------
[Epoch : 195/200]
Total_loss	: 0.0931
Coral_loss	: 0.0000
MMD_loss	: 1.7244
cond_ent_wt	: 4.8316
Src_reg_loss	: 0.0275
-------------------------------------
[Epoch : 196/200]
Total_loss	: 0.0930
Coral_loss	: 0.0000
MMD_loss	: 1.7225
cond_ent_wt	: 4.8316
Src_reg_loss	: 0.0275
-------------------------------------
[Epoch : 197/200]
Total_loss	: 0.0929
Coral_loss	: 0.0000
MMD_loss	: 1.7206
cond_ent_wt	: 4.8316
Src_reg_loss	: 0.0274
-------------------------------------
[Epoch : 198/200]
Total_loss	: 0.0928
Coral_loss	: 0.0000
MMD_loss	: 1.7187
cond_ent_wt	: 4.8315
Src_reg_loss	: 0.0273
-------------------------------------
[Epoch : 199/200]
Total_loss	: 0.0928
Coral_loss	: 0.0000
MMD_loss	: 1.7169
cond_ent_wt	: 4.8315
Src_reg_loss	: 0.0273
-------------------------------------
[Epoch : 200/200]
Total_loss	: 0.0927
Coral_loss	: 0.0000
MMD_loss	: 1.7150
cond_ent_wt	: 4.8315
Src_reg_loss	: 0.0272
-------------------------------------
