=============================================
Dataset: Airbox
Method:  MMDA
=============================================
Source: 0 ---> Target: 4
=============================================
[Epoch : 1/500]
Total_loss	: 0.3358
Coral_loss	: 0.0000
MMD_loss	: 2.7425
cond_ent_wt	: 4.8494
Src_reg_loss	: 0.2599
-------------------------------------
[Epoch : 2/500]
Total_loss	: 0.3189
Coral_loss	: 0.0000
MMD_loss	: 2.7406
cond_ent_wt	: 4.8492
Src_reg_loss	: 0.2430
-------------------------------------
[Epoch : 3/500]
Total_loss	: 0.3023
Coral_loss	: 0.0000
MMD_loss	: 2.7327
cond_ent_wt	: 4.8489
Src_reg_loss	: 0.2265
-------------------------------------
[Epoch : 4/500]
Total_loss	: 0.2854
Coral_loss	: 0.0000
MMD_loss	: 2.7184
cond_ent_wt	: 4.8484
Src_reg_loss	: 0.2097
-------------------------------------
[Epoch : 5/500]
Total_loss	: 0.2679
Coral_loss	: 0.0000
MMD_loss	: 2.6967
cond_ent_wt	: 4.8478
Src_reg_loss	: 0.1924
-------------------------------------
[Epoch : 6/500]
Total_loss	: 0.2501
Coral_loss	: 0.0000
MMD_loss	: 2.6671
cond_ent_wt	: 4.8469
Src_reg_loss	: 0.1750
-------------------------------------
[Epoch : 7/500]
Total_loss	: 0.2330
Coral_loss	: 0.0000
MMD_loss	: 2.6292
cond_ent_wt	: 4.8456
Src_reg_loss	: 0.1582
-------------------------------------
[Epoch : 8/500]
Total_loss	: 0.2181
Coral_loss	: 0.0000
MMD_loss	: 2.5859
cond_ent_wt	: 4.8439
Src_reg_loss	: 0.1438
-------------------------------------
[Epoch : 9/500]
Total_loss	: 0.2065
Coral_loss	: 0.0000
MMD_loss	: 2.5446
cond_ent_wt	: 4.8420
Src_reg_loss	: 0.1327
-------------------------------------
[Epoch : 10/500]
Total_loss	: 0.1973
Coral_loss	: 0.0000
MMD_loss	: 2.5128
cond_ent_wt	: 4.8405
Src_reg_loss	: 0.1238
-------------------------------------
[Epoch : 11/500]
Total_loss	: 0.1895
Coral_loss	: 0.0000
MMD_loss	: 2.4917
cond_ent_wt	: 4.8395
Src_reg_loss	: 0.1162
-------------------------------------
[Epoch : 12/500]
Total_loss	: 0.1830
Coral_loss	: 0.0000
MMD_loss	: 2.4783
cond_ent_wt	: 4.8388
Src_reg_loss	: 0.1099
-------------------------------------
[Epoch : 13/500]
Total_loss	: 0.1776
Coral_loss	: 0.0000
MMD_loss	: 2.4692
cond_ent_wt	: 4.8383
Src_reg_loss	: 0.1045
-------------------------------------
[Epoch : 14/500]
Total_loss	: 0.1729
Coral_loss	: 0.0000
MMD_loss	: 2.4623
cond_ent_wt	: 4.8378
Src_reg_loss	: 0.0999
-------------------------------------
[Epoch : 15/500]
Total_loss	: 0.1688
Coral_loss	: 0.0000
MMD_loss	: 2.4565
cond_ent_wt	: 4.8374
Src_reg_loss	: 0.0959
-------------------------------------
[Epoch : 16/500]
Total_loss	: 0.1652
Coral_loss	: 0.0000
MMD_loss	: 2.4520
cond_ent_wt	: 4.8370
Src_reg_loss	: 0.0924
-------------------------------------
[Epoch : 17/500]
Total_loss	: 0.1621
Coral_loss	: 0.0000
MMD_loss	: 2.4487
cond_ent_wt	: 4.8366
Src_reg_loss	: 0.0892
-------------------------------------
[Epoch : 18/500]
Total_loss	: 0.1593
Coral_loss	: 0.0000
MMD_loss	: 2.4469
cond_ent_wt	: 4.8363
Src_reg_loss	: 0.0864
-------------------------------------
[Epoch : 19/500]
Total_loss	: 0.1567
Coral_loss	: 0.0000
MMD_loss	: 2.4463
cond_ent_wt	: 4.8360
Src_reg_loss	: 0.0839
-------------------------------------
[Epoch : 20/500]
Total_loss	: 0.1545
Coral_loss	: 0.0000
MMD_loss	: 2.4466
cond_ent_wt	: 4.8358
Src_reg_loss	: 0.0817
-------------------------------------
[Epoch : 21/500]
Total_loss	: 0.1524
Coral_loss	: 0.0000
MMD_loss	: 2.4477
cond_ent_wt	: 4.8356
Src_reg_loss	: 0.0796
-------------------------------------
[Epoch : 22/500]
Total_loss	: 0.1506
Coral_loss	: 0.0000
MMD_loss	: 2.4493
cond_ent_wt	: 4.8354
Src_reg_loss	: 0.0777
-------------------------------------
[Epoch : 23/500]
Total_loss	: 0.1489
Coral_loss	: 0.0000
MMD_loss	: 2.4514
cond_ent_wt	: 4.8353
Src_reg_loss	: 0.0760
-------------------------------------
[Epoch : 24/500]
Total_loss	: 0.1473
Coral_loss	: 0.0000
MMD_loss	: 2.4539
cond_ent_wt	: 4.8351
Src_reg_loss	: 0.0744
-------------------------------------
[Epoch : 25/500]
Total_loss	: 0.1458
Coral_loss	: 0.0000
MMD_loss	: 2.4567
cond_ent_wt	: 4.8350
Src_reg_loss	: 0.0729
-------------------------------------
[Epoch : 26/500]
Total_loss	: 0.1445
Coral_loss	: 0.0000
MMD_loss	: 2.4598
cond_ent_wt	: 4.8349
Src_reg_loss	: 0.0716
-------------------------------------
[Epoch : 27/500]
Total_loss	: 0.1433
Coral_loss	: 0.0000
MMD_loss	: 2.4630
cond_ent_wt	: 4.8348
Src_reg_loss	: 0.0703
-------------------------------------
[Epoch : 28/500]
Total_loss	: 0.1421
Coral_loss	: 0.0000
MMD_loss	: 2.4663
cond_ent_wt	: 4.8347
Src_reg_loss	: 0.0691
-------------------------------------
[Epoch : 29/500]
Total_loss	: 0.1410
Coral_loss	: 0.0000
MMD_loss	: 2.4695
cond_ent_wt	: 4.8346
Src_reg_loss	: 0.0680
-------------------------------------
[Epoch : 30/500]
Total_loss	: 0.1400
Coral_loss	: 0.0000
MMD_loss	: 2.4725
cond_ent_wt	: 4.8345
Src_reg_loss	: 0.0669
-------------------------------------
[Epoch : 31/500]
Total_loss	: 0.1390
Coral_loss	: 0.0000
MMD_loss	: 2.4754
cond_ent_wt	: 4.8344
Src_reg_loss	: 0.0660
-------------------------------------
[Epoch : 32/500]
Total_loss	: 0.1381
Coral_loss	: 0.0000
MMD_loss	: 2.4780
cond_ent_wt	: 4.8344
Src_reg_loss	: 0.0650
-------------------------------------
[Epoch : 33/500]
Total_loss	: 0.1373
Coral_loss	: 0.0000
MMD_loss	: 2.4802
cond_ent_wt	: 4.8343
Src_reg_loss	: 0.0641
-------------------------------------
[Epoch : 34/500]
Total_loss	: 0.1365
Coral_loss	: 0.0000
MMD_loss	: 2.4820
cond_ent_wt	: 4.8343
Src_reg_loss	: 0.0633
-------------------------------------
[Epoch : 35/500]
Total_loss	: 0.1357
Coral_loss	: 0.0000
MMD_loss	: 2.4833
cond_ent_wt	: 4.8342
Src_reg_loss	: 0.0625
-------------------------------------
[Epoch : 36/500]
Total_loss	: 0.1349
Coral_loss	: 0.0000
MMD_loss	: 2.4841
cond_ent_wt	: 4.8342
Src_reg_loss	: 0.0617
-------------------------------------
[Epoch : 37/500]
Total_loss	: 0.1342
Coral_loss	: 0.0000
MMD_loss	: 2.4843
cond_ent_wt	: 4.8342
Src_reg_loss	: 0.0610
-------------------------------------
[Epoch : 38/500]
Total_loss	: 0.1335
Coral_loss	: 0.0000
MMD_loss	: 2.4840
cond_ent_wt	: 4.8342
Src_reg_loss	: 0.0603
-------------------------------------
[Epoch : 39/500]
Total_loss	: 0.1328
Coral_loss	: 0.0000
MMD_loss	: 2.4830
cond_ent_wt	: 4.8341
Src_reg_loss	: 0.0597
-------------------------------------
[Epoch : 40/500]
Total_loss	: 0.1322
Coral_loss	: 0.0000
MMD_loss	: 2.4815
cond_ent_wt	: 4.8341
Src_reg_loss	: 0.0590
-------------------------------------
[Epoch : 41/500]
Total_loss	: 0.1315
Coral_loss	: 0.0000
MMD_loss	: 2.4793
cond_ent_wt	: 4.8341
Src_reg_loss	: 0.0584
-------------------------------------
[Epoch : 42/500]
Total_loss	: 0.1309
Coral_loss	: 0.0000
MMD_loss	: 2.4765
cond_ent_wt	: 4.8341
Src_reg_loss	: 0.0578
-------------------------------------
[Epoch : 43/500]
Total_loss	: 0.1303
Coral_loss	: 0.0000
MMD_loss	: 2.4732
cond_ent_wt	: 4.8341
Src_reg_loss	: 0.0573
-------------------------------------
[Epoch : 44/500]
Total_loss	: 0.1297
Coral_loss	: 0.0000
MMD_loss	: 2.4692
cond_ent_wt	: 4.8341
Src_reg_loss	: 0.0567
-------------------------------------
[Epoch : 45/500]
Total_loss	: 0.1292
Coral_loss	: 0.0000
MMD_loss	: 2.4647
cond_ent_wt	: 4.8341
Src_reg_loss	: 0.0562
-------------------------------------
[Epoch : 46/500]
Total_loss	: 0.1286
Coral_loss	: 0.0000
MMD_loss	: 2.4597
cond_ent_wt	: 4.8341
Src_reg_loss	: 0.0557
-------------------------------------
[Epoch : 47/500]
Total_loss	: 0.1280
Coral_loss	: 0.0000
MMD_loss	: 2.4542
cond_ent_wt	: 4.8341
Src_reg_loss	: 0.0552
-------------------------------------
[Epoch : 48/500]
Total_loss	: 0.1275
Coral_loss	: 0.0000
MMD_loss	: 2.4482
cond_ent_wt	: 4.8342
Src_reg_loss	: 0.0547
-------------------------------------
[Epoch : 49/500]
Total_loss	: 0.1270
Coral_loss	: 0.0000
MMD_loss	: 2.4418
cond_ent_wt	: 4.8342
Src_reg_loss	: 0.0542
-------------------------------------
[Epoch : 50/500]
Total_loss	: 0.1264
Coral_loss	: 0.0000
MMD_loss	: 2.4349
cond_ent_wt	: 4.8342
Src_reg_loss	: 0.0537
-------------------------------------
[Epoch : 51/500]
Total_loss	: 0.1259
Coral_loss	: 0.0000
MMD_loss	: 2.4276
cond_ent_wt	: 4.8342
Src_reg_loss	: 0.0533
-------------------------------------
[Epoch : 52/500]
Total_loss	: 0.1254
Coral_loss	: 0.0000
MMD_loss	: 2.4200
cond_ent_wt	: 4.8342
Src_reg_loss	: 0.0529
-------------------------------------
[Epoch : 53/500]
Total_loss	: 0.1249
Coral_loss	: 0.0000
MMD_loss	: 2.4119
cond_ent_wt	: 4.8343
Src_reg_loss	: 0.0524
-------------------------------------
[Epoch : 54/500]
Total_loss	: 0.1244
Coral_loss	: 0.0000
MMD_loss	: 2.4036
cond_ent_wt	: 4.8343
Src_reg_loss	: 0.0520
-------------------------------------
[Epoch : 55/500]
Total_loss	: 0.1239
Coral_loss	: 0.0000
MMD_loss	: 2.3949
cond_ent_wt	: 4.8343
Src_reg_loss	: 0.0516
-------------------------------------
[Epoch : 56/500]
Total_loss	: 0.1235
Coral_loss	: 0.0000
MMD_loss	: 2.3859
cond_ent_wt	: 4.8344
Src_reg_loss	: 0.0512
-------------------------------------
[Epoch : 57/500]
Total_loss	: 0.1230
Coral_loss	: 0.0000
MMD_loss	: 2.3766
cond_ent_wt	: 4.8344
Src_reg_loss	: 0.0509
-------------------------------------
[Epoch : 58/500]
Total_loss	: 0.1225
Coral_loss	: 0.0000
MMD_loss	: 2.3670
cond_ent_wt	: 4.8344
Src_reg_loss	: 0.0505
-------------------------------------
[Epoch : 59/500]
Total_loss	: 0.1221
Coral_loss	: 0.0000
MMD_loss	: 2.3572
cond_ent_wt	: 4.8344
Src_reg_loss	: 0.0501
-------------------------------------
[Epoch : 60/500]
Total_loss	: 0.1216
Coral_loss	: 0.0000
MMD_loss	: 2.3470
cond_ent_wt	: 4.8345
Src_reg_loss	: 0.0498
-------------------------------------
[Epoch : 61/500]
Total_loss	: 0.1212
Coral_loss	: 0.0000
MMD_loss	: 2.3366
cond_ent_wt	: 4.8345
Src_reg_loss	: 0.0494
-------------------------------------
[Epoch : 62/500]
Total_loss	: 0.1207
Coral_loss	: 0.0000
MMD_loss	: 2.3260
cond_ent_wt	: 4.8345
Src_reg_loss	: 0.0491
-------------------------------------
[Epoch : 63/500]
Total_loss	: 0.1203
Coral_loss	: 0.0000
MMD_loss	: 2.3152
cond_ent_wt	: 4.8345
Src_reg_loss	: 0.0488
-------------------------------------
[Epoch : 64/500]
Total_loss	: 0.1199
Coral_loss	: 0.0000
MMD_loss	: 2.3041
cond_ent_wt	: 4.8346
Src_reg_loss	: 0.0485
-------------------------------------
[Epoch : 65/500]
Total_loss	: 0.1194
Coral_loss	: 0.0000
MMD_loss	: 2.2928
cond_ent_wt	: 4.8346
Src_reg_loss	: 0.0482
-------------------------------------
[Epoch : 66/500]
Total_loss	: 0.1190
Coral_loss	: 0.0000
MMD_loss	: 2.2814
cond_ent_wt	: 4.8346
Src_reg_loss	: 0.0478
-------------------------------------
[Epoch : 67/500]
Total_loss	: 0.1186
Coral_loss	: 0.0000
MMD_loss	: 2.2698
cond_ent_wt	: 4.8346
Src_reg_loss	: 0.0475
-------------------------------------
[Epoch : 68/500]
Total_loss	: 0.1182
Coral_loss	: 0.0000
MMD_loss	: 2.2581
cond_ent_wt	: 4.8346
Src_reg_loss	: 0.0473
-------------------------------------
[Epoch : 69/500]
Total_loss	: 0.1178
Coral_loss	: 0.0000
MMD_loss	: 2.2463
cond_ent_wt	: 4.8347
Src_reg_loss	: 0.0470
-------------------------------------
[Epoch : 70/500]
Total_loss	: 0.1174
Coral_loss	: 0.0000
MMD_loss	: 2.2343
cond_ent_wt	: 4.8347
Src_reg_loss	: 0.0467
-------------------------------------
[Epoch : 71/500]
Total_loss	: 0.1170
Coral_loss	: 0.0000
MMD_loss	: 2.2223
cond_ent_wt	: 4.8347
Src_reg_loss	: 0.0464
-------------------------------------
[Epoch : 72/500]
Total_loss	: 0.1166
Coral_loss	: 0.0000
MMD_loss	: 2.2103
cond_ent_wt	: 4.8347
Src_reg_loss	: 0.0461
-------------------------------------
[Epoch : 73/500]
Total_loss	: 0.1162
Coral_loss	: 0.0000
MMD_loss	: 2.1982
cond_ent_wt	: 4.8347
Src_reg_loss	: 0.0459
-------------------------------------
[Epoch : 74/500]
Total_loss	: 0.1158
Coral_loss	: 0.0000
MMD_loss	: 2.1860
cond_ent_wt	: 4.8347
Src_reg_loss	: 0.0456
-------------------------------------
[Epoch : 75/500]
Total_loss	: 0.1154
Coral_loss	: 0.0000
MMD_loss	: 2.1739
cond_ent_wt	: 4.8347
Src_reg_loss	: 0.0454
-------------------------------------
[Epoch : 76/500]
Total_loss	: 0.1151
Coral_loss	: 0.0000
MMD_loss	: 2.1618
cond_ent_wt	: 4.8347
Src_reg_loss	: 0.0451
-------------------------------------
[Epoch : 77/500]
Total_loss	: 0.1147
Coral_loss	: 0.0000
MMD_loss	: 2.1498
cond_ent_wt	: 4.8347
Src_reg_loss	: 0.0449
-------------------------------------
[Epoch : 78/500]
Total_loss	: 0.1143
Coral_loss	: 0.0000
MMD_loss	: 2.1378
cond_ent_wt	: 4.8347
Src_reg_loss	: 0.0446
-------------------------------------
[Epoch : 79/500]
Total_loss	: 0.1140
Coral_loss	: 0.0000
MMD_loss	: 2.1259
cond_ent_wt	: 4.8347
Src_reg_loss	: 0.0444
-------------------------------------
[Epoch : 80/500]
Total_loss	: 0.1136
Coral_loss	: 0.0000
MMD_loss	: 2.1140
cond_ent_wt	: 4.8347
Src_reg_loss	: 0.0441
-------------------------------------
[Epoch : 81/500]
Total_loss	: 0.1133
Coral_loss	: 0.0000
MMD_loss	: 2.1023
cond_ent_wt	: 4.8347
Src_reg_loss	: 0.0439
-------------------------------------
[Epoch : 82/500]
Total_loss	: 0.1129
Coral_loss	: 0.0000
MMD_loss	: 2.0907
cond_ent_wt	: 4.8347
Src_reg_loss	: 0.0437
-------------------------------------
[Epoch : 83/500]
Total_loss	: 0.1126
Coral_loss	: 0.0000
MMD_loss	: 2.0792
cond_ent_wt	: 4.8347
Src_reg_loss	: 0.0434
-------------------------------------
[Epoch : 84/500]
Total_loss	: 0.1122
Coral_loss	: 0.0000
MMD_loss	: 2.0679
cond_ent_wt	: 4.8347
Src_reg_loss	: 0.0432
-------------------------------------
[Epoch : 85/500]
Total_loss	: 0.1119
Coral_loss	: 0.0000
MMD_loss	: 2.0568
cond_ent_wt	: 4.8347
Src_reg_loss	: 0.0430
-------------------------------------
[Epoch : 86/500]
Total_loss	: 0.1116
Coral_loss	: 0.0000
MMD_loss	: 2.0458
cond_ent_wt	: 4.8347
Src_reg_loss	: 0.0428
-------------------------------------
[Epoch : 87/500]
Total_loss	: 0.1113
Coral_loss	: 0.0000
MMD_loss	: 2.0350
cond_ent_wt	: 4.8346
Src_reg_loss	: 0.0426
-------------------------------------
[Epoch : 88/500]
Total_loss	: 0.1109
Coral_loss	: 0.0000
MMD_loss	: 2.0244
cond_ent_wt	: 4.8346
Src_reg_loss	: 0.0424
-------------------------------------
[Epoch : 89/500]
Total_loss	: 0.1106
Coral_loss	: 0.0000
MMD_loss	: 2.0140
cond_ent_wt	: 4.8346
Src_reg_loss	: 0.0421
-------------------------------------
[Epoch : 90/500]
Total_loss	: 0.1103
Coral_loss	: 0.0000
MMD_loss	: 2.0038
cond_ent_wt	: 4.8346
Src_reg_loss	: 0.0419
-------------------------------------
[Epoch : 91/500]
Total_loss	: 0.1100
Coral_loss	: 0.0000
MMD_loss	: 1.9939
cond_ent_wt	: 4.8346
Src_reg_loss	: 0.0417
-------------------------------------
[Epoch : 92/500]
Total_loss	: 0.1097
Coral_loss	: 0.0000
MMD_loss	: 1.9842
cond_ent_wt	: 4.8346
Src_reg_loss	: 0.0415
-------------------------------------
[Epoch : 93/500]
Total_loss	: 0.1094
Coral_loss	: 0.0000
MMD_loss	: 1.9747
cond_ent_wt	: 4.8345
Src_reg_loss	: 0.0413
-------------------------------------
[Epoch : 94/500]
Total_loss	: 0.1091
Coral_loss	: 0.0000
MMD_loss	: 1.9656
cond_ent_wt	: 4.8345
Src_reg_loss	: 0.0411
-------------------------------------
[Epoch : 95/500]
Total_loss	: 0.1089
Coral_loss	: 0.0000
MMD_loss	: 1.9566
cond_ent_wt	: 4.8345
Src_reg_loss	: 0.0409
-------------------------------------
[Epoch : 96/500]
Total_loss	: 0.1086
Coral_loss	: 0.0000
MMD_loss	: 1.9480
cond_ent_wt	: 4.8345
Src_reg_loss	: 0.0408
-------------------------------------
[Epoch : 97/500]
Total_loss	: 0.1083
Coral_loss	: 0.0000
MMD_loss	: 1.9396
cond_ent_wt	: 4.8345
Src_reg_loss	: 0.0406
-------------------------------------
[Epoch : 98/500]
Total_loss	: 0.1080
Coral_loss	: 0.0000
MMD_loss	: 1.9315
cond_ent_wt	: 4.8344
Src_reg_loss	: 0.0404
-------------------------------------
[Epoch : 99/500]
Total_loss	: 0.1078
Coral_loss	: 0.0000
MMD_loss	: 1.9237
cond_ent_wt	: 4.8344
Src_reg_loss	: 0.0402
-------------------------------------
[Epoch : 100/500]
Total_loss	: 0.1075
Coral_loss	: 0.0000
MMD_loss	: 1.9162
cond_ent_wt	: 4.8344
Src_reg_loss	: 0.0400
-------------------------------------
[Epoch : 101/500]
Total_loss	: 0.1073
Coral_loss	: 0.0000
MMD_loss	: 1.9089
cond_ent_wt	: 4.8344
Src_reg_loss	: 0.0398
-------------------------------------
[Epoch : 102/500]
Total_loss	: 0.1070
Coral_loss	: 0.0000
MMD_loss	: 1.9019
cond_ent_wt	: 4.8343
Src_reg_loss	: 0.0397
-------------------------------------
[Epoch : 103/500]
Total_loss	: 0.1068
Coral_loss	: 0.0000
MMD_loss	: 1.8952
cond_ent_wt	: 4.8343
Src_reg_loss	: 0.0395
-------------------------------------
[Epoch : 104/500]
Total_loss	: 0.1065
Coral_loss	: 0.0000
MMD_loss	: 1.8887
cond_ent_wt	: 4.8343
Src_reg_loss	: 0.0393
-------------------------------------
[Epoch : 105/500]
Total_loss	: 0.1063
Coral_loss	: 0.0000
MMD_loss	: 1.8825
cond_ent_wt	: 4.8342
Src_reg_loss	: 0.0391
-------------------------------------
[Epoch : 106/500]
Total_loss	: 0.1061
Coral_loss	: 0.0000
MMD_loss	: 1.8766
cond_ent_wt	: 4.8342
Src_reg_loss	: 0.0390
-------------------------------------
[Epoch : 107/500]
Total_loss	: 0.1059
Coral_loss	: 0.0000
MMD_loss	: 1.8709
cond_ent_wt	: 4.8342
Src_reg_loss	: 0.0388
-------------------------------------
[Epoch : 108/500]
Total_loss	: 0.1056
Coral_loss	: 0.0000
MMD_loss	: 1.8655
cond_ent_wt	: 4.8341
Src_reg_loss	: 0.0386
-------------------------------------
[Epoch : 109/500]
Total_loss	: 0.1054
Coral_loss	: 0.0000
MMD_loss	: 1.8603
cond_ent_wt	: 4.8341
Src_reg_loss	: 0.0385
-------------------------------------
[Epoch : 110/500]
Total_loss	: 0.1052
Coral_loss	: 0.0000
MMD_loss	: 1.8553
cond_ent_wt	: 4.8341
Src_reg_loss	: 0.0383
-------------------------------------
[Epoch : 111/500]
Total_loss	: 0.1050
Coral_loss	: 0.0000
MMD_loss	: 1.8505
cond_ent_wt	: 4.8341
Src_reg_loss	: 0.0382
-------------------------------------
[Epoch : 112/500]
Total_loss	: 0.1048
Coral_loss	: 0.0000
MMD_loss	: 1.8460
cond_ent_wt	: 4.8340
Src_reg_loss	: 0.0380
-------------------------------------
[Epoch : 113/500]
Total_loss	: 0.1046
Coral_loss	: 0.0000
MMD_loss	: 1.8416
cond_ent_wt	: 4.8340
Src_reg_loss	: 0.0379
-------------------------------------
[Epoch : 114/500]
Total_loss	: 0.1044
Coral_loss	: 0.0000
MMD_loss	: 1.8375
cond_ent_wt	: 4.8340
Src_reg_loss	: 0.0377
-------------------------------------
[Epoch : 115/500]
Total_loss	: 0.1042
Coral_loss	: 0.0000
MMD_loss	: 1.8335
cond_ent_wt	: 4.8339
Src_reg_loss	: 0.0376
-------------------------------------
[Epoch : 116/500]
Total_loss	: 0.1040
Coral_loss	: 0.0000
MMD_loss	: 1.8297
cond_ent_wt	: 4.8339
Src_reg_loss	: 0.0374
-------------------------------------
[Epoch : 117/500]
Total_loss	: 0.1039
Coral_loss	: 0.0000
MMD_loss	: 1.8261
cond_ent_wt	: 4.8339
Src_reg_loss	: 0.0373
-------------------------------------
[Epoch : 118/500]
Total_loss	: 0.1037
Coral_loss	: 0.0000
MMD_loss	: 1.8226
cond_ent_wt	: 4.8338
Src_reg_loss	: 0.0371
-------------------------------------
[Epoch : 119/500]
Total_loss	: 0.1035
Coral_loss	: 0.0000
MMD_loss	: 1.8193
cond_ent_wt	: 4.8338
Src_reg_loss	: 0.0370
-------------------------------------
[Epoch : 120/500]
Total_loss	: 0.1033
Coral_loss	: 0.0000
MMD_loss	: 1.8162
cond_ent_wt	: 4.8337
Src_reg_loss	: 0.0368
-------------------------------------
[Epoch : 121/500]
Total_loss	: 0.1032
Coral_loss	: 0.0000
MMD_loss	: 1.8131
cond_ent_wt	: 4.8337
Src_reg_loss	: 0.0367
-------------------------------------
[Epoch : 122/500]
Total_loss	: 0.1030
Coral_loss	: 0.0000
MMD_loss	: 1.8103
cond_ent_wt	: 4.8337
Src_reg_loss	: 0.0366
-------------------------------------
[Epoch : 123/500]
Total_loss	: 0.1028
Coral_loss	: 0.0000
MMD_loss	: 1.8076
cond_ent_wt	: 4.8336
Src_reg_loss	: 0.0364
-------------------------------------
[Epoch : 124/500]
Total_loss	: 0.1027
Coral_loss	: 0.0000
MMD_loss	: 1.8050
cond_ent_wt	: 4.8336
Src_reg_loss	: 0.0363
-------------------------------------
[Epoch : 125/500]
Total_loss	: 0.1025
Coral_loss	: 0.0000
MMD_loss	: 1.8025
cond_ent_wt	: 4.8336
Src_reg_loss	: 0.0361
-------------------------------------
[Epoch : 126/500]
Total_loss	: 0.1024
Coral_loss	: 0.0000
MMD_loss	: 1.8001
cond_ent_wt	: 4.8335
Src_reg_loss	: 0.0360
-------------------------------------
[Epoch : 127/500]
Total_loss	: 0.1022
Coral_loss	: 0.0000
MMD_loss	: 1.7979
cond_ent_wt	: 4.8335
Src_reg_loss	: 0.0359
-------------------------------------
[Epoch : 128/500]
Total_loss	: 0.1021
Coral_loss	: 0.0000
MMD_loss	: 1.7958
cond_ent_wt	: 4.8335
Src_reg_loss	: 0.0358
-------------------------------------
[Epoch : 129/500]
Total_loss	: 0.1019
Coral_loss	: 0.0000
MMD_loss	: 1.7938
cond_ent_wt	: 4.8334
Src_reg_loss	: 0.0356
-------------------------------------
[Epoch : 130/500]
Total_loss	: 0.1018
Coral_loss	: 0.0000
MMD_loss	: 1.7919
cond_ent_wt	: 4.8334
Src_reg_loss	: 0.0355
-------------------------------------
[Epoch : 131/500]
Total_loss	: 0.1016
Coral_loss	: 0.0000
MMD_loss	: 1.7901
cond_ent_wt	: 4.8334
Src_reg_loss	: 0.0354
-------------------------------------
[Epoch : 132/500]
Total_loss	: 0.1015
Coral_loss	: 0.0000
MMD_loss	: 1.7884
cond_ent_wt	: 4.8333
Src_reg_loss	: 0.0352
-------------------------------------
[Epoch : 133/500]
Total_loss	: 0.1013
Coral_loss	: 0.0000
MMD_loss	: 1.7868
cond_ent_wt	: 4.8333
Src_reg_loss	: 0.0351
-------------------------------------
[Epoch : 134/500]
Total_loss	: 0.1012
Coral_loss	: 0.0000
MMD_loss	: 1.7853
cond_ent_wt	: 4.8333
Src_reg_loss	: 0.0350
-------------------------------------
[Epoch : 135/500]
Total_loss	: 0.1011
Coral_loss	: 0.0000
MMD_loss	: 1.7838
cond_ent_wt	: 4.8332
Src_reg_loss	: 0.0349
-------------------------------------
[Epoch : 136/500]
Total_loss	: 0.1009
Coral_loss	: 0.0000
MMD_loss	: 1.7825
cond_ent_wt	: 4.8332
Src_reg_loss	: 0.0348
-------------------------------------
[Epoch : 137/500]
Total_loss	: 0.1008
Coral_loss	: 0.0000
MMD_loss	: 1.7812
cond_ent_wt	: 4.8331
Src_reg_loss	: 0.0346
-------------------------------------
[Epoch : 138/500]
Total_loss	: 0.1007
Coral_loss	: 0.0000
MMD_loss	: 1.7801
cond_ent_wt	: 4.8331
Src_reg_loss	: 0.0345
-------------------------------------
[Epoch : 139/500]
Total_loss	: 0.1005
Coral_loss	: 0.0000
MMD_loss	: 1.7790
cond_ent_wt	: 4.8331
Src_reg_loss	: 0.0344
-------------------------------------
[Epoch : 140/500]
Total_loss	: 0.1004
Coral_loss	: 0.0000
MMD_loss	: 1.7780
cond_ent_wt	: 4.8330
Src_reg_loss	: 0.0343
-------------------------------------
[Epoch : 141/500]
Total_loss	: 0.1003
Coral_loss	: 0.0000
MMD_loss	: 1.7770
cond_ent_wt	: 4.8330
Src_reg_loss	: 0.0342
-------------------------------------
[Epoch : 142/500]
Total_loss	: 0.1002
Coral_loss	: 0.0000
MMD_loss	: 1.7761
cond_ent_wt	: 4.8330
Src_reg_loss	: 0.0341
-------------------------------------
[Epoch : 143/500]
Total_loss	: 0.1001
Coral_loss	: 0.0000
MMD_loss	: 1.7753
cond_ent_wt	: 4.8329
Src_reg_loss	: 0.0340
-------------------------------------
[Epoch : 144/500]
Total_loss	: 0.0999
Coral_loss	: 0.0000
MMD_loss	: 1.7746
cond_ent_wt	: 4.8329
Src_reg_loss	: 0.0339
-------------------------------------
[Epoch : 145/500]
Total_loss	: 0.0998
Coral_loss	: 0.0000
MMD_loss	: 1.7739
cond_ent_wt	: 4.8329
Src_reg_loss	: 0.0337
-------------------------------------
[Epoch : 146/500]
Total_loss	: 0.0997
Coral_loss	: 0.0000
MMD_loss	: 1.7733
cond_ent_wt	: 4.8328
Src_reg_loss	: 0.0336
-------------------------------------
[Epoch : 147/500]
Total_loss	: 0.0996
Coral_loss	: 0.0000
MMD_loss	: 1.7728
cond_ent_wt	: 4.8328
Src_reg_loss	: 0.0335
-------------------------------------
[Epoch : 148/500]
Total_loss	: 0.0995
Coral_loss	: 0.0000
MMD_loss	: 1.7723
cond_ent_wt	: 4.8327
Src_reg_loss	: 0.0334
-------------------------------------
[Epoch : 149/500]
Total_loss	: 0.0994
Coral_loss	: 0.0000
MMD_loss	: 1.7719
cond_ent_wt	: 4.8327
Src_reg_loss	: 0.0333
-------------------------------------
[Epoch : 150/500]
Total_loss	: 0.0993
Coral_loss	: 0.0000
MMD_loss	: 1.7715
cond_ent_wt	: 4.8327
Src_reg_loss	: 0.0332
-------------------------------------
[Epoch : 151/500]
Total_loss	: 0.0992
Coral_loss	: 0.0000
MMD_loss	: 1.7712
cond_ent_wt	: 4.8326
Src_reg_loss	: 0.0331
-------------------------------------
[Epoch : 152/500]
Total_loss	: 0.0991
Coral_loss	: 0.0000
MMD_loss	: 1.7710
cond_ent_wt	: 4.8326
Src_reg_loss	: 0.0330
-------------------------------------
[Epoch : 153/500]
Total_loss	: 0.0989
Coral_loss	: 0.0000
MMD_loss	: 1.7708
cond_ent_wt	: 4.8325
Src_reg_loss	: 0.0329
-------------------------------------
[Epoch : 154/500]
Total_loss	: 0.0988
Coral_loss	: 0.0000
MMD_loss	: 1.7707
cond_ent_wt	: 4.8325
Src_reg_loss	: 0.0328
-------------------------------------
[Epoch : 155/500]
Total_loss	: 0.0987
Coral_loss	: 0.0000
MMD_loss	: 1.7706
cond_ent_wt	: 4.8325
Src_reg_loss	: 0.0327
-------------------------------------
[Epoch : 156/500]
Total_loss	: 0.0986
Coral_loss	: 0.0000
MMD_loss	: 1.7705
cond_ent_wt	: 4.8324
Src_reg_loss	: 0.0326
-------------------------------------
[Epoch : 157/500]
Total_loss	: 0.0985
Coral_loss	: 0.0000
MMD_loss	: 1.7705
cond_ent_wt	: 4.8324
Src_reg_loss	: 0.0325
-------------------------------------
[Epoch : 158/500]
Total_loss	: 0.0984
Coral_loss	: 0.0000
MMD_loss	: 1.7705
cond_ent_wt	: 4.8323
Src_reg_loss	: 0.0324
-------------------------------------
[Epoch : 159/500]
Total_loss	: 0.0984
Coral_loss	: 0.0000
MMD_loss	: 1.7706
cond_ent_wt	: 4.8323
Src_reg_loss	: 0.0323
-------------------------------------
[Epoch : 160/500]
Total_loss	: 0.0983
Coral_loss	: 0.0000
MMD_loss	: 1.7707
cond_ent_wt	: 4.8323
Src_reg_loss	: 0.0322
-------------------------------------
[Epoch : 161/500]
Total_loss	: 0.0982
Coral_loss	: 0.0000
MMD_loss	: 1.7708
cond_ent_wt	: 4.8322
Src_reg_loss	: 0.0321
-------------------------------------
[Epoch : 162/500]
Total_loss	: 0.0981
Coral_loss	: 0.0000
MMD_loss	: 1.7710
cond_ent_wt	: 4.8322
Src_reg_loss	: 0.0320
-------------------------------------
[Epoch : 163/500]
Total_loss	: 0.0980
Coral_loss	: 0.0000
MMD_loss	: 1.7713
cond_ent_wt	: 4.8321
Src_reg_loss	: 0.0319
-------------------------------------
[Epoch : 164/500]
Total_loss	: 0.0979
Coral_loss	: 0.0000
MMD_loss	: 1.7715
cond_ent_wt	: 4.8321
Src_reg_loss	: 0.0318
-------------------------------------
[Epoch : 165/500]
Total_loss	: 0.0978
Coral_loss	: 0.0000
MMD_loss	: 1.7718
cond_ent_wt	: 4.8321
Src_reg_loss	: 0.0317
-------------------------------------
[Epoch : 166/500]
Total_loss	: 0.0977
Coral_loss	: 0.0000
MMD_loss	: 1.7721
cond_ent_wt	: 4.8320
Src_reg_loss	: 0.0317
-------------------------------------
[Epoch : 167/500]
Total_loss	: 0.0976
Coral_loss	: 0.0000
MMD_loss	: 1.7725
cond_ent_wt	: 4.8320
Src_reg_loss	: 0.0316
-------------------------------------
[Epoch : 168/500]
Total_loss	: 0.0975
Coral_loss	: 0.0000
MMD_loss	: 1.7729
cond_ent_wt	: 4.8319
Src_reg_loss	: 0.0315
-------------------------------------
[Epoch : 169/500]
Total_loss	: 0.0974
Coral_loss	: 0.0000
MMD_loss	: 1.7734
cond_ent_wt	: 4.8319
Src_reg_loss	: 0.0314
-------------------------------------
[Epoch : 170/500]
Total_loss	: 0.0974
Coral_loss	: 0.0000
MMD_loss	: 1.7739
cond_ent_wt	: 4.8318
Src_reg_loss	: 0.0313
-------------------------------------
[Epoch : 171/500]
Total_loss	: 0.0973
Coral_loss	: 0.0000
MMD_loss	: 1.7744
cond_ent_wt	: 4.8318
Src_reg_loss	: 0.0312
-------------------------------------
[Epoch : 172/500]
Total_loss	: 0.0972
Coral_loss	: 0.0000
MMD_loss	: 1.7749
cond_ent_wt	: 4.8317
Src_reg_loss	: 0.0311
-------------------------------------
[Epoch : 173/500]
Total_loss	: 0.0971
Coral_loss	: 0.0000
MMD_loss	: 1.7755
cond_ent_wt	: 4.8317
Src_reg_loss	: 0.0310
-------------------------------------
[Epoch : 174/500]
Total_loss	: 0.0970
Coral_loss	: 0.0000
MMD_loss	: 1.7761
cond_ent_wt	: 4.8317
Src_reg_loss	: 0.0309
-------------------------------------
[Epoch : 175/500]
Total_loss	: 0.0969
Coral_loss	: 0.0000
MMD_loss	: 1.7767
cond_ent_wt	: 4.8316
Src_reg_loss	: 0.0309
-------------------------------------
[Epoch : 176/500]
Total_loss	: 0.0969
Coral_loss	: 0.0000
MMD_loss	: 1.7773
cond_ent_wt	: 4.8316
Src_reg_loss	: 0.0308
-------------------------------------
[Epoch : 177/500]
Total_loss	: 0.0968
Coral_loss	: 0.0000
MMD_loss	: 1.7779
cond_ent_wt	: 4.8315
Src_reg_loss	: 0.0307
-------------------------------------
[Epoch : 178/500]
Total_loss	: 0.0967
Coral_loss	: 0.0000
MMD_loss	: 1.7786
cond_ent_wt	: 4.8315
Src_reg_loss	: 0.0306
-------------------------------------
[Epoch : 179/500]
Total_loss	: 0.0966
Coral_loss	: 0.0000
MMD_loss	: 1.7792
cond_ent_wt	: 4.8314
Src_reg_loss	: 0.0305
-------------------------------------
[Epoch : 180/500]
Total_loss	: 0.0966
Coral_loss	: 0.0000
MMD_loss	: 1.7799
cond_ent_wt	: 4.8314
Src_reg_loss	: 0.0304
-------------------------------------
[Epoch : 181/500]
Total_loss	: 0.0965
Coral_loss	: 0.0000
MMD_loss	: 1.7806
cond_ent_wt	: 4.8313
Src_reg_loss	: 0.0303
-------------------------------------
[Epoch : 182/500]
Total_loss	: 0.0964
Coral_loss	: 0.0000
MMD_loss	: 1.7812
cond_ent_wt	: 4.8313
Src_reg_loss	: 0.0303
-------------------------------------
[Epoch : 183/500]
Total_loss	: 0.0963
Coral_loss	: 0.0000
MMD_loss	: 1.7819
cond_ent_wt	: 4.8312
Src_reg_loss	: 0.0302
-------------------------------------
[Epoch : 184/500]
Total_loss	: 0.0963
Coral_loss	: 0.0000
MMD_loss	: 1.7826
cond_ent_wt	: 4.8312
Src_reg_loss	: 0.0301
-------------------------------------
[Epoch : 185/500]
Total_loss	: 0.0962
Coral_loss	: 0.0000
MMD_loss	: 1.7833
cond_ent_wt	: 4.8311
Src_reg_loss	: 0.0300
-------------------------------------
[Epoch : 186/500]
Total_loss	: 0.0961
Coral_loss	: 0.0000
MMD_loss	: 1.7840
cond_ent_wt	: 4.8311
Src_reg_loss	: 0.0299
-------------------------------------
[Epoch : 187/500]
Total_loss	: 0.0960
Coral_loss	: 0.0000
MMD_loss	: 1.7847
cond_ent_wt	: 4.8310
Src_reg_loss	: 0.0299
-------------------------------------
[Epoch : 188/500]
Total_loss	: 0.0960
Coral_loss	: 0.0000
MMD_loss	: 1.7853
cond_ent_wt	: 4.8310
Src_reg_loss	: 0.0298
-------------------------------------
[Epoch : 189/500]
Total_loss	: 0.0959
Coral_loss	: 0.0000
MMD_loss	: 1.7860
cond_ent_wt	: 4.8309
Src_reg_loss	: 0.0297
-------------------------------------
[Epoch : 190/500]
Total_loss	: 0.0958
Coral_loss	: 0.0000
MMD_loss	: 1.7867
cond_ent_wt	: 4.8308
Src_reg_loss	: 0.0296
-------------------------------------
[Epoch : 191/500]
Total_loss	: 0.0957
Coral_loss	: 0.0000
MMD_loss	: 1.7874
cond_ent_wt	: 4.8308
Src_reg_loss	: 0.0295
-------------------------------------
[Epoch : 192/500]
Total_loss	: 0.0957
Coral_loss	: 0.0000
MMD_loss	: 1.7880
cond_ent_wt	: 4.8307
Src_reg_loss	: 0.0295
-------------------------------------
[Epoch : 193/500]
Total_loss	: 0.0956
Coral_loss	: 0.0000
MMD_loss	: 1.7887
cond_ent_wt	: 4.8307
Src_reg_loss	: 0.0294
-------------------------------------
[Epoch : 194/500]
Total_loss	: 0.0955
Coral_loss	: 0.0000
MMD_loss	: 1.7893
cond_ent_wt	: 4.8306
Src_reg_loss	: 0.0293
-------------------------------------
[Epoch : 195/500]
Total_loss	: 0.0955
Coral_loss	: 0.0000
MMD_loss	: 1.7900
cond_ent_wt	: 4.8306
Src_reg_loss	: 0.0292
-------------------------------------
[Epoch : 196/500]
Total_loss	: 0.0954
Coral_loss	: 0.0000
MMD_loss	: 1.7906
cond_ent_wt	: 4.8305
Src_reg_loss	: 0.0292
-------------------------------------
[Epoch : 197/500]
Total_loss	: 0.0953
Coral_loss	: 0.0000
MMD_loss	: 1.7913
cond_ent_wt	: 4.8305
Src_reg_loss	: 0.0291
-------------------------------------
[Epoch : 198/500]
Total_loss	: 0.0953
Coral_loss	: 0.0000
MMD_loss	: 1.7919
cond_ent_wt	: 4.8304
Src_reg_loss	: 0.0290
-------------------------------------
[Epoch : 199/500]
Total_loss	: 0.0952
Coral_loss	: 0.0000
MMD_loss	: 1.7925
cond_ent_wt	: 4.8303
Src_reg_loss	: 0.0289
-------------------------------------
[Epoch : 200/500]
Total_loss	: 0.0951
Coral_loss	: 0.0000
MMD_loss	: 1.7931
cond_ent_wt	: 4.8303
Src_reg_loss	: 0.0289
-------------------------------------
[Epoch : 201/500]
Total_loss	: 0.0951
Coral_loss	: 0.0000
MMD_loss	: 1.7937
cond_ent_wt	: 4.8302
Src_reg_loss	: 0.0288
-------------------------------------
[Epoch : 202/500]
Total_loss	: 0.0950
Coral_loss	: 0.0000
MMD_loss	: 1.7943
cond_ent_wt	: 4.8302
Src_reg_loss	: 0.0287
-------------------------------------
[Epoch : 203/500]
Total_loss	: 0.0949
Coral_loss	: 0.0000
MMD_loss	: 1.7948
cond_ent_wt	: 4.8301
Src_reg_loss	: 0.0287
-------------------------------------
[Epoch : 204/500]
Total_loss	: 0.0949
Coral_loss	: 0.0000
MMD_loss	: 1.7954
cond_ent_wt	: 4.8301
Src_reg_loss	: 0.0286
-------------------------------------
[Epoch : 205/500]
Total_loss	: 0.0948
Coral_loss	: 0.0000
MMD_loss	: 1.7959
cond_ent_wt	: 4.8300
Src_reg_loss	: 0.0285
-------------------------------------
[Epoch : 206/500]
Total_loss	: 0.0947
Coral_loss	: 0.0000
MMD_loss	: 1.7964
cond_ent_wt	: 4.8299
Src_reg_loss	: 0.0284
-------------------------------------
[Epoch : 207/500]
Total_loss	: 0.0947
Coral_loss	: 0.0000
MMD_loss	: 1.7969
cond_ent_wt	: 4.8299
Src_reg_loss	: 0.0284
-------------------------------------
[Epoch : 208/500]
Total_loss	: 0.0946
Coral_loss	: 0.0000
MMD_loss	: 1.7974
cond_ent_wt	: 4.8298
Src_reg_loss	: 0.0283
-------------------------------------
[Epoch : 209/500]
Total_loss	: 0.0945
Coral_loss	: 0.0000
MMD_loss	: 1.7979
cond_ent_wt	: 4.8297
Src_reg_loss	: 0.0282
-------------------------------------
[Epoch : 210/500]
Total_loss	: 0.0945
Coral_loss	: 0.0000
MMD_loss	: 1.7984
cond_ent_wt	: 4.8297
Src_reg_loss	: 0.0282
-------------------------------------
[Epoch : 211/500]
Total_loss	: 0.0944
Coral_loss	: 0.0000
MMD_loss	: 1.7988
cond_ent_wt	: 4.8296
Src_reg_loss	: 0.0281
-------------------------------------
[Epoch : 212/500]
Total_loss	: 0.0943
Coral_loss	: 0.0000
MMD_loss	: 1.7993
cond_ent_wt	: 4.8296
Src_reg_loss	: 0.0280
-------------------------------------
[Epoch : 213/500]
Total_loss	: 0.0943
Coral_loss	: 0.0000
MMD_loss	: 1.7997
cond_ent_wt	: 4.8295
Src_reg_loss	: 0.0280
-------------------------------------
[Epoch : 214/500]
Total_loss	: 0.0942
Coral_loss	: 0.0000
MMD_loss	: 1.8001
cond_ent_wt	: 4.8294
Src_reg_loss	: 0.0279
-------------------------------------
[Epoch : 215/500]
Total_loss	: 0.0941
Coral_loss	: 0.0000
MMD_loss	: 1.8005
cond_ent_wt	: 4.8294
Src_reg_loss	: 0.0278
-------------------------------------
[Epoch : 216/500]
Total_loss	: 0.0941
Coral_loss	: 0.0000
MMD_loss	: 1.8009
cond_ent_wt	: 4.8293
Src_reg_loss	: 0.0278
-------------------------------------
[Epoch : 217/500]
Total_loss	: 0.0940
Coral_loss	: 0.0000
MMD_loss	: 1.8013
cond_ent_wt	: 4.8292
Src_reg_loss	: 0.0277
-------------------------------------
[Epoch : 218/500]
Total_loss	: 0.0940
Coral_loss	: 0.0000
MMD_loss	: 1.8016
cond_ent_wt	: 4.8292
Src_reg_loss	: 0.0276
-------------------------------------
[Epoch : 219/500]
Total_loss	: 0.0939
Coral_loss	: 0.0000
MMD_loss	: 1.8019
cond_ent_wt	: 4.8291
Src_reg_loss	: 0.0276
-------------------------------------
[Epoch : 220/500]
Total_loss	: 0.0938
Coral_loss	: 0.0000
MMD_loss	: 1.8023
cond_ent_wt	: 4.8290
Src_reg_loss	: 0.0275
-------------------------------------
[Epoch : 221/500]
Total_loss	: 0.0938
Coral_loss	: 0.0000
MMD_loss	: 1.8026
cond_ent_wt	: 4.8290
Src_reg_loss	: 0.0274
-------------------------------------
[Epoch : 222/500]
Total_loss	: 0.0937
Coral_loss	: 0.0000
MMD_loss	: 1.8029
cond_ent_wt	: 4.8289
Src_reg_loss	: 0.0274
-------------------------------------
[Epoch : 223/500]
Total_loss	: 0.0936
Coral_loss	: 0.0000
MMD_loss	: 1.8031
cond_ent_wt	: 4.8288
Src_reg_loss	: 0.0273
-------------------------------------
[Epoch : 224/500]
Total_loss	: 0.0936
Coral_loss	: 0.0000
MMD_loss	: 1.8034
cond_ent_wt	: 4.8287
Src_reg_loss	: 0.0272
-------------------------------------
[Epoch : 225/500]
Total_loss	: 0.0935
Coral_loss	: 0.0000
MMD_loss	: 1.8037
cond_ent_wt	: 4.8287
Src_reg_loss	: 0.0272
-------------------------------------
[Epoch : 226/500]
Total_loss	: 0.0935
Coral_loss	: 0.0000
MMD_loss	: 1.8039
cond_ent_wt	: 4.8286
Src_reg_loss	: 0.0271
-------------------------------------
[Epoch : 227/500]
Total_loss	: 0.0934
Coral_loss	: 0.0000
MMD_loss	: 1.8042
cond_ent_wt	: 4.8285
Src_reg_loss	: 0.0271
-------------------------------------
[Epoch : 228/500]
Total_loss	: 0.0933
Coral_loss	: 0.0000
MMD_loss	: 1.8044
cond_ent_wt	: 4.8285
Src_reg_loss	: 0.0270
-------------------------------------
[Epoch : 229/500]
Total_loss	: 0.0933
Coral_loss	: 0.0000
MMD_loss	: 1.8046
cond_ent_wt	: 4.8284
Src_reg_loss	: 0.0269
-------------------------------------
[Epoch : 230/500]
Total_loss	: 0.0932
Coral_loss	: 0.0000
MMD_loss	: 1.8048
cond_ent_wt	: 4.8283
Src_reg_loss	: 0.0269
-------------------------------------
[Epoch : 231/500]
Total_loss	: 0.0932
Coral_loss	: 0.0000
MMD_loss	: 1.8050
cond_ent_wt	: 4.8282
Src_reg_loss	: 0.0268
-------------------------------------
[Epoch : 232/500]
Total_loss	: 0.0931
Coral_loss	: 0.0000
MMD_loss	: 1.8052
cond_ent_wt	: 4.8281
Src_reg_loss	: 0.0268
-------------------------------------
[Epoch : 233/500]
Total_loss	: 0.0930
Coral_loss	: 0.0000
MMD_loss	: 1.8054
cond_ent_wt	: 4.8281
Src_reg_loss	: 0.0267
-------------------------------------
[Epoch : 234/500]
Total_loss	: 0.0930
Coral_loss	: 0.0000
MMD_loss	: 1.8055
cond_ent_wt	: 4.8280
Src_reg_loss	: 0.0266
-------------------------------------
[Epoch : 235/500]
Total_loss	: 0.0929
Coral_loss	: 0.0000
MMD_loss	: 1.8057
cond_ent_wt	: 4.8279
Src_reg_loss	: 0.0266
-------------------------------------
[Epoch : 236/500]
Total_loss	: 0.0929
Coral_loss	: 0.0000
MMD_loss	: 1.8059
cond_ent_wt	: 4.8278
Src_reg_loss	: 0.0265
-------------------------------------
[Epoch : 237/500]
Total_loss	: 0.0928
Coral_loss	: 0.0000
MMD_loss	: 1.8060
cond_ent_wt	: 4.8278
Src_reg_loss	: 0.0265
-------------------------------------
[Epoch : 238/500]
Total_loss	: 0.0928
Coral_loss	: 0.0000
MMD_loss	: 1.8061
cond_ent_wt	: 4.8277
Src_reg_loss	: 0.0264
-------------------------------------
[Epoch : 239/500]
Total_loss	: 0.0927
Coral_loss	: 0.0000
MMD_loss	: 1.8063
cond_ent_wt	: 4.8276
Src_reg_loss	: 0.0263
-------------------------------------
[Epoch : 240/500]
Total_loss	: 0.0926
Coral_loss	: 0.0000
MMD_loss	: 1.8064
cond_ent_wt	: 4.8275
Src_reg_loss	: 0.0263
-------------------------------------
[Epoch : 241/500]
Total_loss	: 0.0926
Coral_loss	: 0.0000
MMD_loss	: 1.8065
cond_ent_wt	: 4.8274
Src_reg_loss	: 0.0262
-------------------------------------
[Epoch : 242/500]
Total_loss	: 0.0925
Coral_loss	: 0.0000
MMD_loss	: 1.8066
cond_ent_wt	: 4.8273
Src_reg_loss	: 0.0262
-------------------------------------
[Epoch : 243/500]
Total_loss	: 0.0925
Coral_loss	: 0.0000
MMD_loss	: 1.8067
cond_ent_wt	: 4.8273
Src_reg_loss	: 0.0261
-------------------------------------
[Epoch : 244/500]
Total_loss	: 0.0924
Coral_loss	: 0.0000
MMD_loss	: 1.8068
cond_ent_wt	: 4.8272
Src_reg_loss	: 0.0261
-------------------------------------
[Epoch : 245/500]
Total_loss	: 0.0924
Coral_loss	: 0.0000
MMD_loss	: 1.8069
cond_ent_wt	: 4.8271
Src_reg_loss	: 0.0260
-------------------------------------
[Epoch : 246/500]
Total_loss	: 0.0923
Coral_loss	: 0.0000
MMD_loss	: 1.8069
cond_ent_wt	: 4.8270
Src_reg_loss	: 0.0260
-------------------------------------
[Epoch : 247/500]
Total_loss	: 0.0923
Coral_loss	: 0.0000
MMD_loss	: 1.8070
cond_ent_wt	: 4.8269
Src_reg_loss	: 0.0259
-------------------------------------
[Epoch : 248/500]
Total_loss	: 0.0922
Coral_loss	: 0.0000
MMD_loss	: 1.8071
cond_ent_wt	: 4.8268
Src_reg_loss	: 0.0258
-------------------------------------
[Epoch : 249/500]
Total_loss	: 0.0921
Coral_loss	: 0.0000
MMD_loss	: 1.8071
cond_ent_wt	: 4.8267
Src_reg_loss	: 0.0258
-------------------------------------
[Epoch : 250/500]
Total_loss	: 0.0921
Coral_loss	: 0.0000
MMD_loss	: 1.8072
cond_ent_wt	: 4.8266
Src_reg_loss	: 0.0257
-------------------------------------
[Epoch : 251/500]
Total_loss	: 0.0920
Coral_loss	: 0.0000
MMD_loss	: 1.8072
cond_ent_wt	: 4.8265
Src_reg_loss	: 0.0257
-------------------------------------
[Epoch : 252/500]
Total_loss	: 0.0920
Coral_loss	: 0.0000
MMD_loss	: 1.8072
cond_ent_wt	: 4.8265
Src_reg_loss	: 0.0256
-------------------------------------
[Epoch : 253/500]
Total_loss	: 0.0919
Coral_loss	: 0.0000
MMD_loss	: 1.8073
cond_ent_wt	: 4.8264
Src_reg_loss	: 0.0256
-------------------------------------
[Epoch : 254/500]
Total_loss	: 0.0919
Coral_loss	: 0.0000
MMD_loss	: 1.8073
cond_ent_wt	: 4.8263
Src_reg_loss	: 0.0255
-------------------------------------
[Epoch : 255/500]
Total_loss	: 0.0918
Coral_loss	: 0.0000
MMD_loss	: 1.8073
cond_ent_wt	: 4.8262
Src_reg_loss	: 0.0255
-------------------------------------
[Epoch : 256/500]
Total_loss	: 0.0918
Coral_loss	: 0.0000
MMD_loss	: 1.8073
cond_ent_wt	: 4.8261
Src_reg_loss	: 0.0254
-------------------------------------
[Epoch : 257/500]
Total_loss	: 0.0917
Coral_loss	: 0.0000
MMD_loss	: 1.8074
cond_ent_wt	: 4.8260
Src_reg_loss	: 0.0254
-------------------------------------
[Epoch : 258/500]
Total_loss	: 0.0917
Coral_loss	: 0.0000
MMD_loss	: 1.8074
cond_ent_wt	: 4.8259
Src_reg_loss	: 0.0253
-------------------------------------
[Epoch : 259/500]
Total_loss	: 0.0916
Coral_loss	: 0.0000
MMD_loss	: 1.8074
cond_ent_wt	: 4.8258
Src_reg_loss	: 0.0253
-------------------------------------
[Epoch : 260/500]
Total_loss	: 0.0916
Coral_loss	: 0.0000
MMD_loss	: 1.8074
cond_ent_wt	: 4.8257
Src_reg_loss	: 0.0252
-------------------------------------
[Epoch : 261/500]
Total_loss	: 0.0915
Coral_loss	: 0.0000
MMD_loss	: 1.8074
cond_ent_wt	: 4.8256
Src_reg_loss	: 0.0252
-------------------------------------
[Epoch : 262/500]
Total_loss	: 0.0915
Coral_loss	: 0.0000
MMD_loss	: 1.8074
cond_ent_wt	: 4.8255
Src_reg_loss	: 0.0251
-------------------------------------
[Epoch : 263/500]
Total_loss	: 0.0914
Coral_loss	: 0.0000
MMD_loss	: 1.8074
cond_ent_wt	: 4.8254
Src_reg_loss	: 0.0251
-------------------------------------
[Epoch : 264/500]
Total_loss	: 0.0914
Coral_loss	: 0.0000
MMD_loss	: 1.8075
cond_ent_wt	: 4.8253
Src_reg_loss	: 0.0250
-------------------------------------
[Epoch : 265/500]
Total_loss	: 0.0913
Coral_loss	: 0.0000
MMD_loss	: 1.8075
cond_ent_wt	: 4.8252
Src_reg_loss	: 0.0250
-------------------------------------
[Epoch : 266/500]
Total_loss	: 0.0913
Coral_loss	: 0.0000
MMD_loss	: 1.8075
cond_ent_wt	: 4.8251
Src_reg_loss	: 0.0249
-------------------------------------
[Epoch : 267/500]
Total_loss	: 0.0912
Coral_loss	: 0.0000
MMD_loss	: 1.8075
cond_ent_wt	: 4.8250
Src_reg_loss	: 0.0249
-------------------------------------
[Epoch : 268/500]
Total_loss	: 0.0912
Coral_loss	: 0.0000
MMD_loss	: 1.8075
cond_ent_wt	: 4.8249
Src_reg_loss	: 0.0248
-------------------------------------
[Epoch : 269/500]
Total_loss	: 0.0911
Coral_loss	: 0.0000
MMD_loss	: 1.8075
cond_ent_wt	: 4.8248
Src_reg_loss	: 0.0248
-------------------------------------
[Epoch : 270/500]
Total_loss	: 0.0911
Coral_loss	: 0.0000
MMD_loss	: 1.8075
cond_ent_wt	: 4.8247
Src_reg_loss	: 0.0247
-------------------------------------
[Epoch : 271/500]
Total_loss	: 0.0910
Coral_loss	: 0.0000
MMD_loss	: 1.8075
cond_ent_wt	: 4.8246
Src_reg_loss	: 0.0247
-------------------------------------
[Epoch : 272/500]
Total_loss	: 0.0910
Coral_loss	: 0.0000
MMD_loss	: 1.8075
cond_ent_wt	: 4.8244
Src_reg_loss	: 0.0246
-------------------------------------
[Epoch : 273/500]
Total_loss	: 0.0909
Coral_loss	: 0.0000
MMD_loss	: 1.8075
cond_ent_wt	: 4.8243
Src_reg_loss	: 0.0246
-------------------------------------
[Epoch : 274/500]
Total_loss	: 0.0909
Coral_loss	: 0.0000
MMD_loss	: 1.8075
cond_ent_wt	: 4.8242
Src_reg_loss	: 0.0245
-------------------------------------
[Epoch : 275/500]
Total_loss	: 0.0908
Coral_loss	: 0.0000
MMD_loss	: 1.8076
cond_ent_wt	: 4.8241
Src_reg_loss	: 0.0245
-------------------------------------
[Epoch : 276/500]
Total_loss	: 0.0908
Coral_loss	: 0.0000
MMD_loss	: 1.8076
cond_ent_wt	: 4.8240
Src_reg_loss	: 0.0245
-------------------------------------
[Epoch : 277/500]
Total_loss	: 0.0907
Coral_loss	: 0.0000
MMD_loss	: 1.8076
cond_ent_wt	: 4.8239
Src_reg_loss	: 0.0244
-------------------------------------
[Epoch : 278/500]
Total_loss	: 0.0907
Coral_loss	: 0.0000
MMD_loss	: 1.8076
cond_ent_wt	: 4.8238
Src_reg_loss	: 0.0244
-------------------------------------
[Epoch : 279/500]
Total_loss	: 0.0906
Coral_loss	: 0.0000
MMD_loss	: 1.8076
cond_ent_wt	: 4.8237
Src_reg_loss	: 0.0243
-------------------------------------
[Epoch : 280/500]
Total_loss	: 0.0906
Coral_loss	: 0.0000
MMD_loss	: 1.8077
cond_ent_wt	: 4.8236
Src_reg_loss	: 0.0243
-------------------------------------
[Epoch : 281/500]
Total_loss	: 0.0906
Coral_loss	: 0.0000
MMD_loss	: 1.8077
cond_ent_wt	: 4.8234
Src_reg_loss	: 0.0242
-------------------------------------
[Epoch : 282/500]
Total_loss	: 0.0905
Coral_loss	: 0.0000
MMD_loss	: 1.8077
cond_ent_wt	: 4.8233
Src_reg_loss	: 0.0242
-------------------------------------
[Epoch : 283/500]
Total_loss	: 0.0905
Coral_loss	: 0.0000
MMD_loss	: 1.8078
cond_ent_wt	: 4.8232
Src_reg_loss	: 0.0241
-------------------------------------
[Epoch : 284/500]
Total_loss	: 0.0904
Coral_loss	: 0.0000
MMD_loss	: 1.8078
cond_ent_wt	: 4.8231
Src_reg_loss	: 0.0241
-------------------------------------
[Epoch : 285/500]
Total_loss	: 0.0904
Coral_loss	: 0.0000
MMD_loss	: 1.8079
cond_ent_wt	: 4.8230
Src_reg_loss	: 0.0241
-------------------------------------
[Epoch : 286/500]
Total_loss	: 0.0903
Coral_loss	: 0.0000
MMD_loss	: 1.8079
cond_ent_wt	: 4.8228
Src_reg_loss	: 0.0240
-------------------------------------
[Epoch : 287/500]
Total_loss	: 0.0903
Coral_loss	: 0.0000
MMD_loss	: 1.8079
cond_ent_wt	: 4.8227
Src_reg_loss	: 0.0240
-------------------------------------
[Epoch : 288/500]
Total_loss	: 0.0902
Coral_loss	: 0.0000
MMD_loss	: 1.8080
cond_ent_wt	: 4.8226
Src_reg_loss	: 0.0239
-------------------------------------
[Epoch : 289/500]
Total_loss	: 0.0902
Coral_loss	: 0.0000
MMD_loss	: 1.8081
cond_ent_wt	: 4.8225
Src_reg_loss	: 0.0239
-------------------------------------
[Epoch : 290/500]
Total_loss	: 0.0902
Coral_loss	: 0.0000
MMD_loss	: 1.8081
cond_ent_wt	: 4.8223
Src_reg_loss	: 0.0238
-------------------------------------
[Epoch : 291/500]
Total_loss	: 0.0901
Coral_loss	: 0.0000
MMD_loss	: 1.8082
cond_ent_wt	: 4.8222
Src_reg_loss	: 0.0238
-------------------------------------
[Epoch : 292/500]
Total_loss	: 0.0901
Coral_loss	: 0.0000
MMD_loss	: 1.8083
cond_ent_wt	: 4.8221
Src_reg_loss	: 0.0238
-------------------------------------
[Epoch : 293/500]
Total_loss	: 0.0900
Coral_loss	: 0.0000
MMD_loss	: 1.8083
cond_ent_wt	: 4.8220
Src_reg_loss	: 0.0237
-------------------------------------
[Epoch : 294/500]
Total_loss	: 0.0900
Coral_loss	: 0.0000
MMD_loss	: 1.8084
cond_ent_wt	: 4.8218
Src_reg_loss	: 0.0237
-------------------------------------
[Epoch : 295/500]
Total_loss	: 0.0900
Coral_loss	: 0.0000
MMD_loss	: 1.8085
cond_ent_wt	: 4.8217
Src_reg_loss	: 0.0236
-------------------------------------
[Epoch : 296/500]
Total_loss	: 0.0899
Coral_loss	: 0.0000
MMD_loss	: 1.8086
cond_ent_wt	: 4.8216
Src_reg_loss	: 0.0236
-------------------------------------
[Epoch : 297/500]
Total_loss	: 0.0899
Coral_loss	: 0.0000
MMD_loss	: 1.8087
cond_ent_wt	: 4.8214
Src_reg_loss	: 0.0236
-------------------------------------
[Epoch : 298/500]
Total_loss	: 0.0898
Coral_loss	: 0.0000
MMD_loss	: 1.8088
cond_ent_wt	: 4.8213
Src_reg_loss	: 0.0235
-------------------------------------
[Epoch : 299/500]
Total_loss	: 0.0898
Coral_loss	: 0.0000
MMD_loss	: 1.8089
cond_ent_wt	: 4.8212
Src_reg_loss	: 0.0235
-------------------------------------
[Epoch : 300/500]
Total_loss	: 0.0897
Coral_loss	: 0.0000
MMD_loss	: 1.8090
cond_ent_wt	: 4.8210
Src_reg_loss	: 0.0234
-------------------------------------
[Epoch : 301/500]
Total_loss	: 0.0897
Coral_loss	: 0.0000
MMD_loss	: 1.8091
cond_ent_wt	: 4.8209
Src_reg_loss	: 0.0234
-------------------------------------
[Epoch : 302/500]
Total_loss	: 0.0897
Coral_loss	: 0.0000
MMD_loss	: 1.8092
cond_ent_wt	: 4.8208
Src_reg_loss	: 0.0234
-------------------------------------
[Epoch : 303/500]
Total_loss	: 0.0896
Coral_loss	: 0.0000
MMD_loss	: 1.8093
cond_ent_wt	: 4.8206
Src_reg_loss	: 0.0233
-------------------------------------
[Epoch : 304/500]
Total_loss	: 0.0896
Coral_loss	: 0.0000
MMD_loss	: 1.8095
cond_ent_wt	: 4.8205
Src_reg_loss	: 0.0233
-------------------------------------
[Epoch : 305/500]
Total_loss	: 0.0895
Coral_loss	: 0.0000
MMD_loss	: 1.8096
cond_ent_wt	: 4.8203
Src_reg_loss	: 0.0232
-------------------------------------
[Epoch : 306/500]
Total_loss	: 0.0895
Coral_loss	: 0.0000
MMD_loss	: 1.8097
cond_ent_wt	: 4.8202
Src_reg_loss	: 0.0232
-------------------------------------
[Epoch : 307/500]
Total_loss	: 0.0895
Coral_loss	: 0.0000
MMD_loss	: 1.8098
cond_ent_wt	: 4.8200
Src_reg_loss	: 0.0232
-------------------------------------
[Epoch : 308/500]
Total_loss	: 0.0894
Coral_loss	: 0.0000
MMD_loss	: 1.8100
cond_ent_wt	: 4.8199
Src_reg_loss	: 0.0231
-------------------------------------
[Epoch : 309/500]
Total_loss	: 0.0894
Coral_loss	: 0.0000
MMD_loss	: 1.8101
cond_ent_wt	: 4.8198
Src_reg_loss	: 0.0231
-------------------------------------
[Epoch : 310/500]
Total_loss	: 0.0894
Coral_loss	: 0.0000
MMD_loss	: 1.8103
cond_ent_wt	: 4.8196
Src_reg_loss	: 0.0230
-------------------------------------
[Epoch : 311/500]
Total_loss	: 0.0893
Coral_loss	: 0.0000
MMD_loss	: 1.8104
cond_ent_wt	: 4.8195
Src_reg_loss	: 0.0230
-------------------------------------
[Epoch : 312/500]
Total_loss	: 0.0893
Coral_loss	: 0.0000
MMD_loss	: 1.8106
cond_ent_wt	: 4.8193
Src_reg_loss	: 0.0230
-------------------------------------
[Epoch : 313/500]
Total_loss	: 0.0892
Coral_loss	: 0.0000
MMD_loss	: 1.8107
cond_ent_wt	: 4.8192
Src_reg_loss	: 0.0229
-------------------------------------
[Epoch : 314/500]
Total_loss	: 0.0892
Coral_loss	: 0.0000
MMD_loss	: 1.8109
cond_ent_wt	: 4.8190
Src_reg_loss	: 0.0229
-------------------------------------
[Epoch : 315/500]
Total_loss	: 0.0892
Coral_loss	: 0.0000
MMD_loss	: 1.8111
cond_ent_wt	: 4.8188
Src_reg_loss	: 0.0229
-------------------------------------
[Epoch : 316/500]
Total_loss	: 0.0891
Coral_loss	: 0.0000
MMD_loss	: 1.8113
cond_ent_wt	: 4.8187
Src_reg_loss	: 0.0228
-------------------------------------
[Epoch : 317/500]
Total_loss	: 0.0891
Coral_loss	: 0.0000
MMD_loss	: 1.8114
cond_ent_wt	: 4.8185
Src_reg_loss	: 0.0228
-------------------------------------
[Epoch : 318/500]
Total_loss	: 0.0891
Coral_loss	: 0.0000
MMD_loss	: 1.8116
cond_ent_wt	: 4.8184
Src_reg_loss	: 0.0227
-------------------------------------
[Epoch : 319/500]
Total_loss	: 0.0890
Coral_loss	: 0.0000
MMD_loss	: 1.8118
cond_ent_wt	: 4.8182
Src_reg_loss	: 0.0227
-------------------------------------
[Epoch : 320/500]
Total_loss	: 0.0890
Coral_loss	: 0.0000
MMD_loss	: 1.8120
cond_ent_wt	: 4.8181
Src_reg_loss	: 0.0227
-------------------------------------
[Epoch : 321/500]
Total_loss	: 0.0890
Coral_loss	: 0.0000
MMD_loss	: 1.8122
cond_ent_wt	: 4.8179
Src_reg_loss	: 0.0226
-------------------------------------
[Epoch : 322/500]
Total_loss	: 0.0889
Coral_loss	: 0.0000
MMD_loss	: 1.8124
cond_ent_wt	: 4.8177
Src_reg_loss	: 0.0226
-------------------------------------
[Epoch : 323/500]
Total_loss	: 0.0889
Coral_loss	: 0.0000
MMD_loss	: 1.8126
cond_ent_wt	: 4.8176
Src_reg_loss	: 0.0226
-------------------------------------
[Epoch : 324/500]
Total_loss	: 0.0889
Coral_loss	: 0.0000
MMD_loss	: 1.8128
cond_ent_wt	: 4.8174
Src_reg_loss	: 0.0225
-------------------------------------
[Epoch : 325/500]
Total_loss	: 0.0888
Coral_loss	: 0.0000
MMD_loss	: 1.8131
cond_ent_wt	: 4.8172
Src_reg_loss	: 0.0225
-------------------------------------
[Epoch : 326/500]
Total_loss	: 0.0888
Coral_loss	: 0.0000
MMD_loss	: 1.8133
cond_ent_wt	: 4.8171
Src_reg_loss	: 0.0225
-------------------------------------
[Epoch : 327/500]
Total_loss	: 0.0887
Coral_loss	: 0.0000
MMD_loss	: 1.8135
cond_ent_wt	: 4.8169
Src_reg_loss	: 0.0224
-------------------------------------
[Epoch : 328/500]
Total_loss	: 0.0887
Coral_loss	: 0.0000
MMD_loss	: 1.8137
cond_ent_wt	: 4.8167
Src_reg_loss	: 0.0224
-------------------------------------
[Epoch : 329/500]
Total_loss	: 0.0887
Coral_loss	: 0.0000
MMD_loss	: 1.8140
cond_ent_wt	: 4.8165
Src_reg_loss	: 0.0224
-------------------------------------
[Epoch : 330/500]
Total_loss	: 0.0886
Coral_loss	: 0.0000
MMD_loss	: 1.8142
cond_ent_wt	: 4.8164
Src_reg_loss	: 0.0223
-------------------------------------
[Epoch : 331/500]
Total_loss	: 0.0886
Coral_loss	: 0.0000
MMD_loss	: 1.8145
cond_ent_wt	: 4.8162
Src_reg_loss	: 0.0223
-------------------------------------
[Epoch : 332/500]
Total_loss	: 0.0886
Coral_loss	: 0.0000
MMD_loss	: 1.8147
cond_ent_wt	: 4.8160
Src_reg_loss	: 0.0223
-------------------------------------
[Epoch : 333/500]
Total_loss	: 0.0885
Coral_loss	: 0.0000
MMD_loss	: 1.8150
cond_ent_wt	: 4.8158
Src_reg_loss	: 0.0222
-------------------------------------
[Epoch : 334/500]
Total_loss	: 0.0885
Coral_loss	: 0.0000
MMD_loss	: 1.8152
cond_ent_wt	: 4.8157
Src_reg_loss	: 0.0222
-------------------------------------
[Epoch : 335/500]
Total_loss	: 0.0885
Coral_loss	: 0.0000
MMD_loss	: 1.8155
cond_ent_wt	: 4.8155
Src_reg_loss	: 0.0222
-------------------------------------
[Epoch : 336/500]
Total_loss	: 0.0885
Coral_loss	: 0.0000
MMD_loss	: 1.8158
cond_ent_wt	: 4.8153
Src_reg_loss	: 0.0221
-------------------------------------
[Epoch : 337/500]
Total_loss	: 0.0884
Coral_loss	: 0.0000
MMD_loss	: 1.8160
cond_ent_wt	: 4.8151
Src_reg_loss	: 0.0221
-------------------------------------
[Epoch : 338/500]
Total_loss	: 0.0884
Coral_loss	: 0.0000
MMD_loss	: 1.8163
cond_ent_wt	: 4.8149
Src_reg_loss	: 0.0221
-------------------------------------
[Epoch : 339/500]
Total_loss	: 0.0884
Coral_loss	: 0.0000
MMD_loss	: 1.8166
cond_ent_wt	: 4.8147
Src_reg_loss	: 0.0220
-------------------------------------
[Epoch : 340/500]
Total_loss	: 0.0883
Coral_loss	: 0.0000
MMD_loss	: 1.8169
cond_ent_wt	: 4.8145
Src_reg_loss	: 0.0220
-------------------------------------
[Epoch : 341/500]
Total_loss	: 0.0883
Coral_loss	: 0.0000
MMD_loss	: 1.8171
cond_ent_wt	: 4.8143
Src_reg_loss	: 0.0220
-------------------------------------
[Epoch : 342/500]
Total_loss	: 0.0883
Coral_loss	: 0.0000
MMD_loss	: 1.8174
cond_ent_wt	: 4.8142
Src_reg_loss	: 0.0219
-------------------------------------
[Epoch : 343/500]
Total_loss	: 0.0882
Coral_loss	: 0.0000
MMD_loss	: 1.8177
cond_ent_wt	: 4.8140
Src_reg_loss	: 0.0219
-------------------------------------
[Epoch : 344/500]
Total_loss	: 0.0882
Coral_loss	: 0.0000
MMD_loss	: 1.8180
cond_ent_wt	: 4.8138
Src_reg_loss	: 0.0219
-------------------------------------
[Epoch : 345/500]
Total_loss	: 0.0882
Coral_loss	: 0.0000
MMD_loss	: 1.8183
cond_ent_wt	: 4.8136
Src_reg_loss	: 0.0218
-------------------------------------
[Epoch : 346/500]
Total_loss	: 0.0881
Coral_loss	: 0.0000
MMD_loss	: 1.8186
cond_ent_wt	: 4.8134
Src_reg_loss	: 0.0218
-------------------------------------
[Epoch : 347/500]
Total_loss	: 0.0881
Coral_loss	: 0.0000
MMD_loss	: 1.8189
cond_ent_wt	: 4.8132
Src_reg_loss	: 0.0218
-------------------------------------
[Epoch : 348/500]
Total_loss	: 0.0881
Coral_loss	: 0.0000
MMD_loss	: 1.8192
cond_ent_wt	: 4.8130
Src_reg_loss	: 0.0217
-------------------------------------
[Epoch : 349/500]
Total_loss	: 0.0880
Coral_loss	: 0.0000
MMD_loss	: 1.8195
cond_ent_wt	: 4.8128
Src_reg_loss	: 0.0217
-------------------------------------
[Epoch : 350/500]
Total_loss	: 0.0880
Coral_loss	: 0.0000
MMD_loss	: 1.8198
cond_ent_wt	: 4.8126
Src_reg_loss	: 0.0217
-------------------------------------
[Epoch : 351/500]
Total_loss	: 0.0880
Coral_loss	: 0.0000
MMD_loss	: 1.8201
cond_ent_wt	: 4.8124
Src_reg_loss	: 0.0216
-------------------------------------
[Epoch : 352/500]
Total_loss	: 0.0880
Coral_loss	: 0.0000
MMD_loss	: 1.8204
cond_ent_wt	: 4.8122
Src_reg_loss	: 0.0216
-------------------------------------
[Epoch : 353/500]
Total_loss	: 0.0879
Coral_loss	: 0.0000
MMD_loss	: 1.8208
cond_ent_wt	: 4.8120
Src_reg_loss	: 0.0216
-------------------------------------
[Epoch : 354/500]
Total_loss	: 0.0879
Coral_loss	: 0.0000
MMD_loss	: 1.8211
cond_ent_wt	: 4.8117
Src_reg_loss	: 0.0216
-------------------------------------
[Epoch : 355/500]
Total_loss	: 0.0879
Coral_loss	: 0.0000
MMD_loss	: 1.8214
cond_ent_wt	: 4.8115
Src_reg_loss	: 0.0215
-------------------------------------
[Epoch : 356/500]
Total_loss	: 0.0878
Coral_loss	: 0.0000
MMD_loss	: 1.8217
cond_ent_wt	: 4.8113
Src_reg_loss	: 0.0215
-------------------------------------
[Epoch : 357/500]
Total_loss	: 0.0878
Coral_loss	: 0.0000
MMD_loss	: 1.8220
cond_ent_wt	: 4.8111
Src_reg_loss	: 0.0215
-------------------------------------
[Epoch : 358/500]
Total_loss	: 0.0878
Coral_loss	: 0.0000
MMD_loss	: 1.8224
cond_ent_wt	: 4.8109
Src_reg_loss	: 0.0214
-------------------------------------
[Epoch : 359/500]
Total_loss	: 0.0878
Coral_loss	: 0.0000
MMD_loss	: 1.8227
cond_ent_wt	: 4.8107
Src_reg_loss	: 0.0214
-------------------------------------
[Epoch : 360/500]
Total_loss	: 0.0877
Coral_loss	: 0.0000
MMD_loss	: 1.8230
cond_ent_wt	: 4.8105
Src_reg_loss	: 0.0214
-------------------------------------
[Epoch : 361/500]
Total_loss	: 0.0877
Coral_loss	: 0.0000
MMD_loss	: 1.8233
cond_ent_wt	: 4.8103
Src_reg_loss	: 0.0213
-------------------------------------
[Epoch : 362/500]
Total_loss	: 0.0877
Coral_loss	: 0.0000
MMD_loss	: 1.8237
cond_ent_wt	: 4.8100
Src_reg_loss	: 0.0213
-------------------------------------
[Epoch : 363/500]
Total_loss	: 0.0876
Coral_loss	: 0.0000
MMD_loss	: 1.8240
cond_ent_wt	: 4.8098
Src_reg_loss	: 0.0213
-------------------------------------
[Epoch : 364/500]
Total_loss	: 0.0876
Coral_loss	: 0.0000
MMD_loss	: 1.8243
cond_ent_wt	: 4.8096
Src_reg_loss	: 0.0213
-------------------------------------
[Epoch : 365/500]
Total_loss	: 0.0876
Coral_loss	: 0.0000
MMD_loss	: 1.8247
cond_ent_wt	: 4.8094
Src_reg_loss	: 0.0212
-------------------------------------
[Epoch : 366/500]
Total_loss	: 0.0876
Coral_loss	: 0.0000
MMD_loss	: 1.8250
cond_ent_wt	: 4.8092
Src_reg_loss	: 0.0212
-------------------------------------
[Epoch : 367/500]
Total_loss	: 0.0875
Coral_loss	: 0.0000
MMD_loss	: 1.8253
cond_ent_wt	: 4.8089
Src_reg_loss	: 0.0212
-------------------------------------
[Epoch : 368/500]
Total_loss	: 0.0875
Coral_loss	: 0.0000
MMD_loss	: 1.8257
cond_ent_wt	: 4.8087
Src_reg_loss	: 0.0211
-------------------------------------
[Epoch : 369/500]
Total_loss	: 0.0875
Coral_loss	: 0.0000
MMD_loss	: 1.8260
cond_ent_wt	: 4.8085
Src_reg_loss	: 0.0211
-------------------------------------
[Epoch : 370/500]
Total_loss	: 0.0875
Coral_loss	: 0.0000
MMD_loss	: 1.8263
cond_ent_wt	: 4.8083
Src_reg_loss	: 0.0211
-------------------------------------
[Epoch : 371/500]
Total_loss	: 0.0874
Coral_loss	: 0.0000
MMD_loss	: 1.8267
cond_ent_wt	: 4.8080
Src_reg_loss	: 0.0211
-------------------------------------
[Epoch : 372/500]
Total_loss	: 0.0874
Coral_loss	: 0.0000
MMD_loss	: 1.8270
cond_ent_wt	: 4.8078
Src_reg_loss	: 0.0210
-------------------------------------
[Epoch : 373/500]
Total_loss	: 0.0874
Coral_loss	: 0.0000
MMD_loss	: 1.8274
cond_ent_wt	: 4.8076
Src_reg_loss	: 0.0210
-------------------------------------
[Epoch : 374/500]
Total_loss	: 0.0873
Coral_loss	: 0.0000
MMD_loss	: 1.8277
cond_ent_wt	: 4.8074
Src_reg_loss	: 0.0210
-------------------------------------
[Epoch : 375/500]
Total_loss	: 0.0873
Coral_loss	: 0.0000
MMD_loss	: 1.8280
cond_ent_wt	: 4.8071
Src_reg_loss	: 0.0210
-------------------------------------
[Epoch : 376/500]
Total_loss	: 0.0873
Coral_loss	: 0.0000
MMD_loss	: 1.8284
cond_ent_wt	: 4.8069
Src_reg_loss	: 0.0209
-------------------------------------
[Epoch : 377/500]
Total_loss	: 0.0873
Coral_loss	: 0.0000
MMD_loss	: 1.8287
cond_ent_wt	: 4.8067
Src_reg_loss	: 0.0209
-------------------------------------
[Epoch : 378/500]
Total_loss	: 0.0872
Coral_loss	: 0.0000
MMD_loss	: 1.8290
cond_ent_wt	: 4.8064
Src_reg_loss	: 0.0209
-------------------------------------
[Epoch : 379/500]
Total_loss	: 0.0872
Coral_loss	: 0.0000
MMD_loss	: 1.8294
cond_ent_wt	: 4.8062
Src_reg_loss	: 0.0208
-------------------------------------
[Epoch : 380/500]
Total_loss	: 0.0872
Coral_loss	: 0.0000
MMD_loss	: 1.8297
cond_ent_wt	: 4.8060
Src_reg_loss	: 0.0208
-------------------------------------
[Epoch : 381/500]
Total_loss	: 0.0872
Coral_loss	: 0.0000
MMD_loss	: 1.8300
cond_ent_wt	: 4.8057
Src_reg_loss	: 0.0208
-------------------------------------
[Epoch : 382/500]
Total_loss	: 0.0871
Coral_loss	: 0.0000
MMD_loss	: 1.8304
cond_ent_wt	: 4.8055
Src_reg_loss	: 0.0208
-------------------------------------
[Epoch : 383/500]
Total_loss	: 0.0871
Coral_loss	: 0.0000
MMD_loss	: 1.8307
cond_ent_wt	: 4.8052
Src_reg_loss	: 0.0207
-------------------------------------
[Epoch : 384/500]
Total_loss	: 0.0871
Coral_loss	: 0.0000
MMD_loss	: 1.8310
cond_ent_wt	: 4.8050
Src_reg_loss	: 0.0207
-------------------------------------
[Epoch : 385/500]
Total_loss	: 0.0871
Coral_loss	: 0.0000
MMD_loss	: 1.8314
cond_ent_wt	: 4.8048
Src_reg_loss	: 0.0207
-------------------------------------
[Epoch : 386/500]
Total_loss	: 0.0870
Coral_loss	: 0.0000
MMD_loss	: 1.8317
cond_ent_wt	: 4.8045
Src_reg_loss	: 0.0207
-------------------------------------
[Epoch : 387/500]
Total_loss	: 0.0870
Coral_loss	: 0.0000
MMD_loss	: 1.8320
cond_ent_wt	: 4.8043
Src_reg_loss	: 0.0206
-------------------------------------
[Epoch : 388/500]
Total_loss	: 0.0870
Coral_loss	: 0.0000
MMD_loss	: 1.8324
cond_ent_wt	: 4.8041
Src_reg_loss	: 0.0206
-------------------------------------
[Epoch : 389/500]
Total_loss	: 0.0870
Coral_loss	: 0.0000
MMD_loss	: 1.8327
cond_ent_wt	: 4.8038
Src_reg_loss	: 0.0206
-------------------------------------
[Epoch : 390/500]
Total_loss	: 0.0869
Coral_loss	: 0.0000
MMD_loss	: 1.8330
cond_ent_wt	: 4.8036
Src_reg_loss	: 0.0206
-------------------------------------
[Epoch : 391/500]
Total_loss	: 0.0869
Coral_loss	: 0.0000
MMD_loss	: 1.8333
cond_ent_wt	: 4.8033
Src_reg_loss	: 0.0205
-------------------------------------
[Epoch : 392/500]
Total_loss	: 0.0869
Coral_loss	: 0.0000
MMD_loss	: 1.8337
cond_ent_wt	: 4.8031
Src_reg_loss	: 0.0205
-------------------------------------
[Epoch : 393/500]
Total_loss	: 0.0869
Coral_loss	: 0.0000
MMD_loss	: 1.8340
cond_ent_wt	: 4.8028
Src_reg_loss	: 0.0205
-------------------------------------
[Epoch : 394/500]
Total_loss	: 0.0868
Coral_loss	: 0.0000
MMD_loss	: 1.8343
cond_ent_wt	: 4.8026
Src_reg_loss	: 0.0205
-------------------------------------
[Epoch : 395/500]
Total_loss	: 0.0868
Coral_loss	: 0.0000
MMD_loss	: 1.8346
cond_ent_wt	: 4.8023
Src_reg_loss	: 0.0204
-------------------------------------
[Epoch : 396/500]
Total_loss	: 0.0868
Coral_loss	: 0.0000
MMD_loss	: 1.8350
cond_ent_wt	: 4.8021
Src_reg_loss	: 0.0204
-------------------------------------
[Epoch : 397/500]
Total_loss	: 0.0868
Coral_loss	: 0.0000
MMD_loss	: 1.8353
cond_ent_wt	: 4.8019
Src_reg_loss	: 0.0204
-------------------------------------
[Epoch : 398/500]
Total_loss	: 0.0867
Coral_loss	: 0.0000
MMD_loss	: 1.8356
cond_ent_wt	: 4.8016
Src_reg_loss	: 0.0204
-------------------------------------
[Epoch : 399/500]
Total_loss	: 0.0867
Coral_loss	: 0.0000
MMD_loss	: 1.8359
cond_ent_wt	: 4.8014
Src_reg_loss	: 0.0203
-------------------------------------
[Epoch : 400/500]
Total_loss	: 0.0867
Coral_loss	: 0.0000
MMD_loss	: 1.8362
cond_ent_wt	: 4.8011
Src_reg_loss	: 0.0203
-------------------------------------
[Epoch : 401/500]
Total_loss	: 0.0867
Coral_loss	: 0.0000
MMD_loss	: 1.8365
cond_ent_wt	: 4.8009
Src_reg_loss	: 0.0203
-------------------------------------
[Epoch : 402/500]
Total_loss	: 0.0866
Coral_loss	: 0.0000
MMD_loss	: 1.8368
cond_ent_wt	: 4.8006
Src_reg_loss	: 0.0203
-------------------------------------
[Epoch : 403/500]
Total_loss	: 0.0866
Coral_loss	: 0.0000
MMD_loss	: 1.8372
cond_ent_wt	: 4.8004
Src_reg_loss	: 0.0202
-------------------------------------
[Epoch : 404/500]
Total_loss	: 0.0866
Coral_loss	: 0.0000
MMD_loss	: 1.8375
cond_ent_wt	: 4.8001
Src_reg_loss	: 0.0202
-------------------------------------
[Epoch : 405/500]
Total_loss	: 0.0866
Coral_loss	: 0.0000
MMD_loss	: 1.8378
cond_ent_wt	: 4.7999
Src_reg_loss	: 0.0202
-------------------------------------
[Epoch : 406/500]
Total_loss	: 0.0866
Coral_loss	: 0.0000
MMD_loss	: 1.8381
cond_ent_wt	: 4.7996
Src_reg_loss	: 0.0202
-------------------------------------
[Epoch : 407/500]
Total_loss	: 0.0865
Coral_loss	: 0.0000
MMD_loss	: 1.8384
cond_ent_wt	: 4.7994
Src_reg_loss	: 0.0201
-------------------------------------
[Epoch : 408/500]
Total_loss	: 0.0865
Coral_loss	: 0.0000
MMD_loss	: 1.8387
cond_ent_wt	: 4.7991
Src_reg_loss	: 0.0201
-------------------------------------
[Epoch : 409/500]
Total_loss	: 0.0865
Coral_loss	: 0.0000
MMD_loss	: 1.8390
cond_ent_wt	: 4.7989
Src_reg_loss	: 0.0201
-------------------------------------
[Epoch : 410/500]
Total_loss	: 0.0865
Coral_loss	: 0.0000
MMD_loss	: 1.8393
cond_ent_wt	: 4.7986
Src_reg_loss	: 0.0201
-------------------------------------
[Epoch : 411/500]
Total_loss	: 0.0864
Coral_loss	: 0.0000
MMD_loss	: 1.8396
cond_ent_wt	: 4.7983
Src_reg_loss	: 0.0200
-------------------------------------
[Epoch : 412/500]
Total_loss	: 0.0864
Coral_loss	: 0.0000
MMD_loss	: 1.8399
cond_ent_wt	: 4.7981
Src_reg_loss	: 0.0200
-------------------------------------
[Epoch : 413/500]
Total_loss	: 0.0864
Coral_loss	: 0.0000
MMD_loss	: 1.8402
cond_ent_wt	: 4.7978
Src_reg_loss	: 0.0200
-------------------------------------
[Epoch : 414/500]
Total_loss	: 0.0864
Coral_loss	: 0.0000
MMD_loss	: 1.8405
cond_ent_wt	: 4.7976
Src_reg_loss	: 0.0200
-------------------------------------
[Epoch : 415/500]
Total_loss	: 0.0863
Coral_loss	: 0.0000
MMD_loss	: 1.8408
cond_ent_wt	: 4.7973
Src_reg_loss	: 0.0199
-------------------------------------
[Epoch : 416/500]
Total_loss	: 0.0863
Coral_loss	: 0.0000
MMD_loss	: 1.8411
cond_ent_wt	: 4.7971
Src_reg_loss	: 0.0199
-------------------------------------
[Epoch : 417/500]
Total_loss	: 0.0863
Coral_loss	: 0.0000
MMD_loss	: 1.8414
cond_ent_wt	: 4.7968
Src_reg_loss	: 0.0199
-------------------------------------
[Epoch : 418/500]
Total_loss	: 0.0863
Coral_loss	: 0.0000
MMD_loss	: 1.8417
cond_ent_wt	: 4.7966
Src_reg_loss	: 0.0199
-------------------------------------
[Epoch : 419/500]
Total_loss	: 0.0863
Coral_loss	: 0.0000
MMD_loss	: 1.8419
cond_ent_wt	: 4.7963
Src_reg_loss	: 0.0199
-------------------------------------
[Epoch : 420/500]
Total_loss	: 0.0862
Coral_loss	: 0.0000
MMD_loss	: 1.8422
cond_ent_wt	: 4.7960
Src_reg_loss	: 0.0198
-------------------------------------
[Epoch : 421/500]
Total_loss	: 0.0862
Coral_loss	: 0.0000
MMD_loss	: 1.8425
cond_ent_wt	: 4.7958
Src_reg_loss	: 0.0198
-------------------------------------
[Epoch : 422/500]
Total_loss	: 0.0862
Coral_loss	: 0.0000
MMD_loss	: 1.8428
cond_ent_wt	: 4.7955
Src_reg_loss	: 0.0198
-------------------------------------
[Epoch : 423/500]
Total_loss	: 0.0862
Coral_loss	: 0.0000
MMD_loss	: 1.8431
cond_ent_wt	: 4.7953
Src_reg_loss	: 0.0198
-------------------------------------
[Epoch : 424/500]
Total_loss	: 0.0861
Coral_loss	: 0.0000
MMD_loss	: 1.8433
cond_ent_wt	: 4.7950
Src_reg_loss	: 0.0197
-------------------------------------
[Epoch : 425/500]
Total_loss	: 0.0861
Coral_loss	: 0.0000
MMD_loss	: 1.8436
cond_ent_wt	: 4.7947
Src_reg_loss	: 0.0197
-------------------------------------
[Epoch : 426/500]
Total_loss	: 0.0861
Coral_loss	: 0.0000
MMD_loss	: 1.8439
cond_ent_wt	: 4.7945
Src_reg_loss	: 0.0197
-------------------------------------
[Epoch : 427/500]
Total_loss	: 0.0861
Coral_loss	: 0.0000
MMD_loss	: 1.8442
cond_ent_wt	: 4.7942
Src_reg_loss	: 0.0197
-------------------------------------
[Epoch : 428/500]
Total_loss	: 0.0861
Coral_loss	: 0.0000
MMD_loss	: 1.8444
cond_ent_wt	: 4.7940
Src_reg_loss	: 0.0197
-------------------------------------
[Epoch : 429/500]
Total_loss	: 0.0860
Coral_loss	: 0.0000
MMD_loss	: 1.8447
cond_ent_wt	: 4.7937
Src_reg_loss	: 0.0196
-------------------------------------
[Epoch : 430/500]
Total_loss	: 0.0860
Coral_loss	: 0.0000
MMD_loss	: 1.8450
cond_ent_wt	: 4.7935
Src_reg_loss	: 0.0196
-------------------------------------
[Epoch : 431/500]
Total_loss	: 0.0860
Coral_loss	: 0.0000
MMD_loss	: 1.8452
cond_ent_wt	: 4.7932
Src_reg_loss	: 0.0196
-------------------------------------
[Epoch : 432/500]
Total_loss	: 0.0860
Coral_loss	: 0.0000
MMD_loss	: 1.8455
cond_ent_wt	: 4.7929
Src_reg_loss	: 0.0196
-------------------------------------
[Epoch : 433/500]
Total_loss	: 0.0860
Coral_loss	: 0.0000
MMD_loss	: 1.8458
cond_ent_wt	: 4.7927
Src_reg_loss	: 0.0195
-------------------------------------
[Epoch : 434/500]
Total_loss	: 0.0859
Coral_loss	: 0.0000
MMD_loss	: 1.8460
cond_ent_wt	: 4.7924
Src_reg_loss	: 0.0195
-------------------------------------
[Epoch : 435/500]
Total_loss	: 0.0859
Coral_loss	: 0.0000
MMD_loss	: 1.8463
cond_ent_wt	: 4.7921
Src_reg_loss	: 0.0195
-------------------------------------
[Epoch : 436/500]
Total_loss	: 0.0859
Coral_loss	: 0.0000
MMD_loss	: 1.8465
cond_ent_wt	: 4.7919
Src_reg_loss	: 0.0195
-------------------------------------
[Epoch : 437/500]
Total_loss	: 0.0859
Coral_loss	: 0.0000
MMD_loss	: 1.8468
cond_ent_wt	: 4.7916
Src_reg_loss	: 0.0195
-------------------------------------
[Epoch : 438/500]
Total_loss	: 0.0858
Coral_loss	: 0.0000
MMD_loss	: 1.8470
cond_ent_wt	: 4.7914
Src_reg_loss	: 0.0194
-------------------------------------
[Epoch : 439/500]
Total_loss	: 0.0858
Coral_loss	: 0.0000
MMD_loss	: 1.8473
cond_ent_wt	: 4.7911
Src_reg_loss	: 0.0194
-------------------------------------
[Epoch : 440/500]
Total_loss	: 0.0858
Coral_loss	: 0.0000
MMD_loss	: 1.8475
cond_ent_wt	: 4.7908
Src_reg_loss	: 0.0194
-------------------------------------
[Epoch : 441/500]
Total_loss	: 0.0858
Coral_loss	: 0.0000
MMD_loss	: 1.8478
cond_ent_wt	: 4.7906
Src_reg_loss	: 0.0194
-------------------------------------
[Epoch : 442/500]
Total_loss	: 0.0858
Coral_loss	: 0.0000
MMD_loss	: 1.8480
cond_ent_wt	: 4.7903
Src_reg_loss	: 0.0194
-------------------------------------
[Epoch : 443/500]
Total_loss	: 0.0857
Coral_loss	: 0.0000
MMD_loss	: 1.8483
cond_ent_wt	: 4.7900
Src_reg_loss	: 0.0193
-------------------------------------
[Epoch : 444/500]
Total_loss	: 0.0857
Coral_loss	: 0.0000
MMD_loss	: 1.8485
cond_ent_wt	: 4.7898
Src_reg_loss	: 0.0193
-------------------------------------
[Epoch : 445/500]
Total_loss	: 0.0857
Coral_loss	: 0.0000
MMD_loss	: 1.8487
cond_ent_wt	: 4.7895
Src_reg_loss	: 0.0193
-------------------------------------
[Epoch : 446/500]
Total_loss	: 0.0857
Coral_loss	: 0.0000
MMD_loss	: 1.8490
cond_ent_wt	: 4.7893
Src_reg_loss	: 0.0193
-------------------------------------
[Epoch : 447/500]
Total_loss	: 0.0857
Coral_loss	: 0.0000
MMD_loss	: 1.8492
cond_ent_wt	: 4.7890
Src_reg_loss	: 0.0193
-------------------------------------
[Epoch : 448/500]
Total_loss	: 0.0856
Coral_loss	: 0.0000
MMD_loss	: 1.8495
cond_ent_wt	: 4.7887
Src_reg_loss	: 0.0192
-------------------------------------
[Epoch : 449/500]
Total_loss	: 0.0856
Coral_loss	: 0.0000
MMD_loss	: 1.8497
cond_ent_wt	: 4.7885
Src_reg_loss	: 0.0192
-------------------------------------
[Epoch : 450/500]
Total_loss	: 0.0856
Coral_loss	: 0.0000
MMD_loss	: 1.8499
cond_ent_wt	: 4.7882
Src_reg_loss	: 0.0192
-------------------------------------
[Epoch : 451/500]
Total_loss	: 0.0856
Coral_loss	: 0.0000
MMD_loss	: 1.8501
cond_ent_wt	: 4.7879
Src_reg_loss	: 0.0192
-------------------------------------
[Epoch : 452/500]
Total_loss	: 0.0856
Coral_loss	: 0.0000
MMD_loss	: 1.8504
cond_ent_wt	: 4.7877
Src_reg_loss	: 0.0192
-------------------------------------
[Epoch : 453/500]
Total_loss	: 0.0855
Coral_loss	: 0.0000
MMD_loss	: 1.8506
cond_ent_wt	: 4.7874
Src_reg_loss	: 0.0191
-------------------------------------
[Epoch : 454/500]
Total_loss	: 0.0855
Coral_loss	: 0.0000
MMD_loss	: 1.8508
cond_ent_wt	: 4.7871
Src_reg_loss	: 0.0191
-------------------------------------
[Epoch : 455/500]
Total_loss	: 0.0855
Coral_loss	: 0.0000
MMD_loss	: 1.8510
cond_ent_wt	: 4.7869
Src_reg_loss	: 0.0191
-------------------------------------
[Epoch : 456/500]
Total_loss	: 0.0855
Coral_loss	: 0.0000
MMD_loss	: 1.8513
cond_ent_wt	: 4.7866
Src_reg_loss	: 0.0191
-------------------------------------
[Epoch : 457/500]
Total_loss	: 0.0855
Coral_loss	: 0.0000
MMD_loss	: 1.8515
cond_ent_wt	: 4.7864
Src_reg_loss	: 0.0191
-------------------------------------
[Epoch : 458/500]
Total_loss	: 0.0854
Coral_loss	: 0.0000
MMD_loss	: 1.8517
cond_ent_wt	: 4.7861
Src_reg_loss	: 0.0190
-------------------------------------
[Epoch : 459/500]
Total_loss	: 0.0854
Coral_loss	: 0.0000
MMD_loss	: 1.8519
cond_ent_wt	: 4.7858
Src_reg_loss	: 0.0190
-------------------------------------
[Epoch : 460/500]
Total_loss	: 0.0854
Coral_loss	: 0.0000
MMD_loss	: 1.8521
cond_ent_wt	: 4.7856
Src_reg_loss	: 0.0190
-------------------------------------
[Epoch : 461/500]
Total_loss	: 0.0854
Coral_loss	: 0.0000
MMD_loss	: 1.8523
cond_ent_wt	: 4.7853
Src_reg_loss	: 0.0190
-------------------------------------
[Epoch : 462/500]
Total_loss	: 0.0854
Coral_loss	: 0.0000
MMD_loss	: 1.8525
cond_ent_wt	: 4.7850
Src_reg_loss	: 0.0190
-------------------------------------
[Epoch : 463/500]
Total_loss	: 0.0853
Coral_loss	: 0.0000
MMD_loss	: 1.8527
cond_ent_wt	: 4.7848
Src_reg_loss	: 0.0189
-------------------------------------
[Epoch : 464/500]
Total_loss	: 0.0853
Coral_loss	: 0.0000
MMD_loss	: 1.8529
cond_ent_wt	: 4.7845
Src_reg_loss	: 0.0189
-------------------------------------
[Epoch : 465/500]
Total_loss	: 0.0853
Coral_loss	: 0.0000
MMD_loss	: 1.8531
cond_ent_wt	: 4.7842
Src_reg_loss	: 0.0189
-------------------------------------
[Epoch : 466/500]
Total_loss	: 0.0853
Coral_loss	: 0.0000
MMD_loss	: 1.8533
cond_ent_wt	: 4.7840
Src_reg_loss	: 0.0189
-------------------------------------
[Epoch : 467/500]
Total_loss	: 0.0853
Coral_loss	: 0.0000
MMD_loss	: 1.8535
cond_ent_wt	: 4.7837
Src_reg_loss	: 0.0189
-------------------------------------
[Epoch : 468/500]
Total_loss	: 0.0852
Coral_loss	: 0.0000
MMD_loss	: 1.8537
cond_ent_wt	: 4.7834
Src_reg_loss	: 0.0188
-------------------------------------
[Epoch : 469/500]
Total_loss	: 0.0852
Coral_loss	: 0.0000
MMD_loss	: 1.8539
cond_ent_wt	: 4.7832
Src_reg_loss	: 0.0188
-------------------------------------
[Epoch : 470/500]
Total_loss	: 0.0852
Coral_loss	: 0.0000
MMD_loss	: 1.8541
cond_ent_wt	: 4.7829
Src_reg_loss	: 0.0188
-------------------------------------
[Epoch : 471/500]
Total_loss	: 0.0852
Coral_loss	: 0.0000
MMD_loss	: 1.8543
cond_ent_wt	: 4.7826
Src_reg_loss	: 0.0188
-------------------------------------
[Epoch : 472/500]
Total_loss	: 0.0852
Coral_loss	: 0.0000
MMD_loss	: 1.8545
cond_ent_wt	: 4.7824
Src_reg_loss	: 0.0188
-------------------------------------
[Epoch : 473/500]
Total_loss	: 0.0851
Coral_loss	: 0.0000
MMD_loss	: 1.8547
cond_ent_wt	: 4.7821
Src_reg_loss	: 0.0188
-------------------------------------
[Epoch : 474/500]
Total_loss	: 0.0851
Coral_loss	: 0.0000
MMD_loss	: 1.8549
cond_ent_wt	: 4.7818
Src_reg_loss	: 0.0187
-------------------------------------
[Epoch : 475/500]
Total_loss	: 0.0851
Coral_loss	: 0.0000
MMD_loss	: 1.8551
cond_ent_wt	: 4.7816
Src_reg_loss	: 0.0187
-------------------------------------
[Epoch : 476/500]
Total_loss	: 0.0851
Coral_loss	: 0.0000
MMD_loss	: 1.8552
cond_ent_wt	: 4.7813
Src_reg_loss	: 0.0187
-------------------------------------
[Epoch : 477/500]
Total_loss	: 0.0851
Coral_loss	: 0.0000
MMD_loss	: 1.8554
cond_ent_wt	: 4.7810
Src_reg_loss	: 0.0187
-------------------------------------
[Epoch : 478/500]
Total_loss	: 0.0850
Coral_loss	: 0.0000
MMD_loss	: 1.8556
cond_ent_wt	: 4.7808
Src_reg_loss	: 0.0187
-------------------------------------
[Epoch : 479/500]
Total_loss	: 0.0850
Coral_loss	: 0.0000
MMD_loss	: 1.8558
cond_ent_wt	: 4.7805
Src_reg_loss	: 0.0186
-------------------------------------
[Epoch : 480/500]
Total_loss	: 0.0850
Coral_loss	: 0.0000
MMD_loss	: 1.8559
cond_ent_wt	: 4.7802
Src_reg_loss	: 0.0186
-------------------------------------
[Epoch : 481/500]
Total_loss	: 0.0850
Coral_loss	: 0.0000
MMD_loss	: 1.8561
cond_ent_wt	: 4.7800
Src_reg_loss	: 0.0186
-------------------------------------
[Epoch : 482/500]
Total_loss	: 0.0850
Coral_loss	: 0.0000
MMD_loss	: 1.8563
cond_ent_wt	: 4.7797
Src_reg_loss	: 0.0186
-------------------------------------
[Epoch : 483/500]
Total_loss	: 0.0850
Coral_loss	: 0.0000
MMD_loss	: 1.8565
cond_ent_wt	: 4.7794
Src_reg_loss	: 0.0186
-------------------------------------
[Epoch : 484/500]
Total_loss	: 0.0849
Coral_loss	: 0.0000
MMD_loss	: 1.8566
cond_ent_wt	: 4.7792
Src_reg_loss	: 0.0186
-------------------------------------
[Epoch : 485/500]
Total_loss	: 0.0849
Coral_loss	: 0.0000
MMD_loss	: 1.8568
cond_ent_wt	: 4.7789
Src_reg_loss	: 0.0185
-------------------------------------
[Epoch : 486/500]
Total_loss	: 0.0849
Coral_loss	: 0.0000
MMD_loss	: 1.8570
cond_ent_wt	: 4.7786
Src_reg_loss	: 0.0185
-------------------------------------
[Epoch : 487/500]
Total_loss	: 0.0849
Coral_loss	: 0.0000
MMD_loss	: 1.8571
cond_ent_wt	: 4.7784
Src_reg_loss	: 0.0185
-------------------------------------
[Epoch : 488/500]
Total_loss	: 0.0849
Coral_loss	: 0.0000
MMD_loss	: 1.8573
cond_ent_wt	: 4.7781
Src_reg_loss	: 0.0185
-------------------------------------
[Epoch : 489/500]
Total_loss	: 0.0848
Coral_loss	: 0.0000
MMD_loss	: 1.8574
cond_ent_wt	: 4.7778
Src_reg_loss	: 0.0185
-------------------------------------
[Epoch : 490/500]
Total_loss	: 0.0848
Coral_loss	: 0.0000
MMD_loss	: 1.8576
cond_ent_wt	: 4.7776
Src_reg_loss	: 0.0185
-------------------------------------
[Epoch : 491/500]
Total_loss	: 0.0848
Coral_loss	: 0.0000
MMD_loss	: 1.8578
cond_ent_wt	: 4.7773
Src_reg_loss	: 0.0184
-------------------------------------
[Epoch : 492/500]
Total_loss	: 0.0848
Coral_loss	: 0.0000
MMD_loss	: 1.8579
cond_ent_wt	: 4.7770
Src_reg_loss	: 0.0184
-------------------------------------
[Epoch : 493/500]
Total_loss	: 0.0848
Coral_loss	: 0.0000
MMD_loss	: 1.8581
cond_ent_wt	: 4.7768
Src_reg_loss	: 0.0184
-------------------------------------
[Epoch : 494/500]
Total_loss	: 0.0848
Coral_loss	: 0.0000
MMD_loss	: 1.8582
cond_ent_wt	: 4.7765
Src_reg_loss	: 0.0184
-------------------------------------
[Epoch : 495/500]
Total_loss	: 0.0847
Coral_loss	: 0.0000
MMD_loss	: 1.8584
cond_ent_wt	: 4.7762
Src_reg_loss	: 0.0184
-------------------------------------
[Epoch : 496/500]
Total_loss	: 0.0847
Coral_loss	: 0.0000
MMD_loss	: 1.8585
cond_ent_wt	: 4.7760
Src_reg_loss	: 0.0184
-------------------------------------
[Epoch : 497/500]
Total_loss	: 0.0847
Coral_loss	: 0.0000
MMD_loss	: 1.8587
cond_ent_wt	: 4.7757
Src_reg_loss	: 0.0183
-------------------------------------
[Epoch : 498/500]
Total_loss	: 0.0847
Coral_loss	: 0.0000
MMD_loss	: 1.8588
cond_ent_wt	: 4.7755
Src_reg_loss	: 0.0183
-------------------------------------
[Epoch : 499/500]
Total_loss	: 0.0847
Coral_loss	: 0.0000
MMD_loss	: 1.8589
cond_ent_wt	: 4.7752
Src_reg_loss	: 0.0183
-------------------------------------
[Epoch : 500/500]
Total_loss	: 0.0846
Coral_loss	: 0.0000
MMD_loss	: 1.8591
cond_ent_wt	: 4.7749
Src_reg_loss	: 0.0183
-------------------------------------
