=============================================
Dataset: Airbox
Method:  MMDA
=============================================
Source: 0 ---> Target: 4
=============================================
[Epoch : 1/250]
Total_loss	: 1.0490
Coral_loss	: 0.0000
MMD_loss	: 2.9202
cond_ent_wt	: 4.8494
Src_reg_loss	: 0.2720
-------------------------------------
[Epoch : 2/250]
Total_loss	: 1.0282
Coral_loss	: 0.0000
MMD_loss	: 2.9181
cond_ent_wt	: 4.8491
Src_reg_loss	: 0.2515
-------------------------------------
[Epoch : 3/250]
Total_loss	: 1.0070
Coral_loss	: 0.0000
MMD_loss	: 2.9110
cond_ent_wt	: 4.8486
Src_reg_loss	: 0.2310
-------------------------------------
[Epoch : 4/250]
Total_loss	: 0.9843
Coral_loss	: 0.0000
MMD_loss	: 2.8986
cond_ent_wt	: 4.8480
Src_reg_loss	: 0.2096
-------------------------------------
[Epoch : 5/250]
Total_loss	: 0.9600
Coral_loss	: 0.0000
MMD_loss	: 2.8791
cond_ent_wt	: 4.8469
Src_reg_loss	: 0.1874
-------------------------------------
[Epoch : 6/250]
Total_loss	: 0.9353
Coral_loss	: 0.0000
MMD_loss	: 2.8508
cond_ent_wt	: 4.8452
Src_reg_loss	: 0.1657
-------------------------------------
[Epoch : 7/250]
Total_loss	: 0.9135
Coral_loss	: 0.0000
MMD_loss	: 2.8156
cond_ent_wt	: 4.8428
Src_reg_loss	: 0.1477
-------------------------------------
[Epoch : 8/250]
Total_loss	: 0.8969
Coral_loss	: 0.0000
MMD_loss	: 2.7832
cond_ent_wt	: 4.8403
Src_reg_loss	: 0.1346
-------------------------------------
[Epoch : 9/250]
Total_loss	: 0.8841
Coral_loss	: 0.0000
MMD_loss	: 2.7609
cond_ent_wt	: 4.8387
Src_reg_loss	: 0.1241
-------------------------------------
[Epoch : 10/250]
Total_loss	: 0.8741
Coral_loss	: 0.0000
MMD_loss	: 2.7478
cond_ent_wt	: 4.8376
Src_reg_loss	: 0.1155
-------------------------------------
[Epoch : 11/250]
Total_loss	: 0.8661
Coral_loss	: 0.0000
MMD_loss	: 2.7400
cond_ent_wt	: 4.8368
Src_reg_loss	: 0.1085
-------------------------------------
[Epoch : 12/250]
Total_loss	: 0.8596
Coral_loss	: 0.0000
MMD_loss	: 2.7344
cond_ent_wt	: 4.8362
Src_reg_loss	: 0.1025
-------------------------------------
[Epoch : 13/250]
Total_loss	: 0.8541
Coral_loss	: 0.0000
MMD_loss	: 2.7302
cond_ent_wt	: 4.8355
Src_reg_loss	: 0.0975
-------------------------------------
[Epoch : 14/250]
Total_loss	: 0.8494
Coral_loss	: 0.0000
MMD_loss	: 2.7272
cond_ent_wt	: 4.8349
Src_reg_loss	: 0.0932
-------------------------------------
[Epoch : 15/250]
Total_loss	: 0.8454
Coral_loss	: 0.0000
MMD_loss	: 2.7257
cond_ent_wt	: 4.8343
Src_reg_loss	: 0.0894
-------------------------------------
[Epoch : 16/250]
Total_loss	: 0.8420
Coral_loss	: 0.0000
MMD_loss	: 2.7254
cond_ent_wt	: 4.8339
Src_reg_loss	: 0.0861
-------------------------------------
[Epoch : 17/250]
Total_loss	: 0.8391
Coral_loss	: 0.0000
MMD_loss	: 2.7261
cond_ent_wt	: 4.8334
Src_reg_loss	: 0.0831
-------------------------------------
[Epoch : 18/250]
Total_loss	: 0.8366
Coral_loss	: 0.0000
MMD_loss	: 2.7274
cond_ent_wt	: 4.8331
Src_reg_loss	: 0.0805
-------------------------------------
[Epoch : 19/250]
Total_loss	: 0.8343
Coral_loss	: 0.0000
MMD_loss	: 2.7290
cond_ent_wt	: 4.8327
Src_reg_loss	: 0.0782
-------------------------------------
[Epoch : 20/250]
Total_loss	: 0.8323
Coral_loss	: 0.0000
MMD_loss	: 2.7307
cond_ent_wt	: 4.8324
Src_reg_loss	: 0.0760
-------------------------------------
[Epoch : 21/250]
Total_loss	: 0.8305
Coral_loss	: 0.0000
MMD_loss	: 2.7325
cond_ent_wt	: 4.8320
Src_reg_loss	: 0.0741
-------------------------------------
[Epoch : 22/250]
Total_loss	: 0.8289
Coral_loss	: 0.0000
MMD_loss	: 2.7340
cond_ent_wt	: 4.8317
Src_reg_loss	: 0.0723
-------------------------------------
[Epoch : 23/250]
Total_loss	: 0.8273
Coral_loss	: 0.0000
MMD_loss	: 2.7352
cond_ent_wt	: 4.8314
Src_reg_loss	: 0.0707
-------------------------------------
[Epoch : 24/250]
Total_loss	: 0.8259
Coral_loss	: 0.0000
MMD_loss	: 2.7359
cond_ent_wt	: 4.8312
Src_reg_loss	: 0.0691
-------------------------------------
[Epoch : 25/250]
Total_loss	: 0.8244
Coral_loss	: 0.0000
MMD_loss	: 2.7360
cond_ent_wt	: 4.8309
Src_reg_loss	: 0.0677
-------------------------------------
[Epoch : 26/250]
Total_loss	: 0.8231
Coral_loss	: 0.0000
MMD_loss	: 2.7355
cond_ent_wt	: 4.8306
Src_reg_loss	: 0.0664
-------------------------------------
[Epoch : 27/250]
Total_loss	: 0.8217
Coral_loss	: 0.0000
MMD_loss	: 2.7343
cond_ent_wt	: 4.8304
Src_reg_loss	: 0.0652
-------------------------------------
[Epoch : 28/250]
Total_loss	: 0.8204
Coral_loss	: 0.0000
MMD_loss	: 2.7326
cond_ent_wt	: 4.8301
Src_reg_loss	: 0.0641
-------------------------------------
[Epoch : 29/250]
Total_loss	: 0.8191
Coral_loss	: 0.0000
MMD_loss	: 2.7303
cond_ent_wt	: 4.8299
Src_reg_loss	: 0.0630
-------------------------------------
[Epoch : 30/250]
Total_loss	: 0.8178
Coral_loss	: 0.0000
MMD_loss	: 2.7276
cond_ent_wt	: 4.8297
Src_reg_loss	: 0.0620
-------------------------------------
[Epoch : 31/250]
Total_loss	: 0.8165
Coral_loss	: 0.0000
MMD_loss	: 2.7244
cond_ent_wt	: 4.8294
Src_reg_loss	: 0.0611
-------------------------------------
[Epoch : 32/250]
Total_loss	: 0.8152
Coral_loss	: 0.0000
MMD_loss	: 2.7208
cond_ent_wt	: 4.8292
Src_reg_loss	: 0.0602
-------------------------------------
[Epoch : 33/250]
Total_loss	: 0.8139
Coral_loss	: 0.0000
MMD_loss	: 2.7167
cond_ent_wt	: 4.8289
Src_reg_loss	: 0.0594
-------------------------------------
[Epoch : 34/250]
Total_loss	: 0.8126
Coral_loss	: 0.0000
MMD_loss	: 2.7123
cond_ent_wt	: 4.8287
Src_reg_loss	: 0.0585
-------------------------------------
[Epoch : 35/250]
Total_loss	: 0.8114
Coral_loss	: 0.0000
MMD_loss	: 2.7074
cond_ent_wt	: 4.8285
Src_reg_loss	: 0.0578
-------------------------------------
[Epoch : 36/250]
Total_loss	: 0.8101
Coral_loss	: 0.0000
MMD_loss	: 2.7022
cond_ent_wt	: 4.8282
Src_reg_loss	: 0.0571
-------------------------------------
[Epoch : 37/250]
Total_loss	: 0.8088
Coral_loss	: 0.0000
MMD_loss	: 2.6965
cond_ent_wt	: 4.8280
Src_reg_loss	: 0.0564
-------------------------------------
[Epoch : 38/250]
Total_loss	: 0.8075
Coral_loss	: 0.0000
MMD_loss	: 2.6905
cond_ent_wt	: 4.8277
Src_reg_loss	: 0.0557
-------------------------------------
[Epoch : 39/250]
Total_loss	: 0.8062
Coral_loss	: 0.0000
MMD_loss	: 2.6842
cond_ent_wt	: 4.8274
Src_reg_loss	: 0.0551
-------------------------------------
[Epoch : 40/250]
Total_loss	: 0.8049
Coral_loss	: 0.0000
MMD_loss	: 2.6775
cond_ent_wt	: 4.8272
Src_reg_loss	: 0.0544
-------------------------------------
[Epoch : 41/250]
Total_loss	: 0.8036
Coral_loss	: 0.0000
MMD_loss	: 2.6705
cond_ent_wt	: 4.8269
Src_reg_loss	: 0.0539
-------------------------------------
[Epoch : 42/250]
Total_loss	: 0.8023
Coral_loss	: 0.0000
MMD_loss	: 2.6632
cond_ent_wt	: 4.8266
Src_reg_loss	: 0.0533
-------------------------------------
[Epoch : 43/250]
Total_loss	: 0.8009
Coral_loss	: 0.0000
MMD_loss	: 2.6557
cond_ent_wt	: 4.8263
Src_reg_loss	: 0.0528
-------------------------------------
[Epoch : 44/250]
Total_loss	: 0.7996
Coral_loss	: 0.0000
MMD_loss	: 2.6478
cond_ent_wt	: 4.8259
Src_reg_loss	: 0.0522
-------------------------------------
[Epoch : 45/250]
Total_loss	: 0.7983
Coral_loss	: 0.0000
MMD_loss	: 2.6397
cond_ent_wt	: 4.8255
Src_reg_loss	: 0.0517
-------------------------------------
[Epoch : 46/250]
Total_loss	: 0.7969
Coral_loss	: 0.0000
MMD_loss	: 2.6313
cond_ent_wt	: 4.8251
Src_reg_loss	: 0.0512
-------------------------------------
[Epoch : 47/250]
Total_loss	: 0.7955
Coral_loss	: 0.0000
MMD_loss	: 2.6227
cond_ent_wt	: 4.8247
Src_reg_loss	: 0.0508
-------------------------------------
[Epoch : 48/250]
Total_loss	: 0.7941
Coral_loss	: 0.0000
MMD_loss	: 2.6137
cond_ent_wt	: 4.8242
Src_reg_loss	: 0.0503
-------------------------------------
[Epoch : 49/250]
Total_loss	: 0.7927
Coral_loss	: 0.0000
MMD_loss	: 2.6045
cond_ent_wt	: 4.8237
Src_reg_loss	: 0.0499
-------------------------------------
[Epoch : 50/250]
Total_loss	: 0.7913
Coral_loss	: 0.0000
MMD_loss	: 2.5950
cond_ent_wt	: 4.8231
Src_reg_loss	: 0.0495
-------------------------------------
[Epoch : 51/250]
Total_loss	: 0.7898
Coral_loss	: 0.0000
MMD_loss	: 2.5852
cond_ent_wt	: 4.8224
Src_reg_loss	: 0.0491
-------------------------------------
[Epoch : 52/250]
Total_loss	: 0.7884
Coral_loss	: 0.0000
MMD_loss	: 2.5750
cond_ent_wt	: 4.8217
Src_reg_loss	: 0.0487
-------------------------------------
[Epoch : 53/250]
Total_loss	: 0.7869
Coral_loss	: 0.0000
MMD_loss	: 2.5646
cond_ent_wt	: 4.8208
Src_reg_loss	: 0.0483
-------------------------------------
[Epoch : 54/250]
Total_loss	: 0.7853
Coral_loss	: 0.0000
MMD_loss	: 2.5539
cond_ent_wt	: 4.8198
Src_reg_loss	: 0.0480
-------------------------------------
[Epoch : 55/250]
Total_loss	: 0.7838
Coral_loss	: 0.0000
MMD_loss	: 2.5429
cond_ent_wt	: 4.8187
Src_reg_loss	: 0.0476
-------------------------------------
[Epoch : 56/250]
Total_loss	: 0.7822
Coral_loss	: 0.0000
MMD_loss	: 2.5316
cond_ent_wt	: 4.8175
Src_reg_loss	: 0.0473
-------------------------------------
[Epoch : 57/250]
Total_loss	: 0.7806
Coral_loss	: 0.0000
MMD_loss	: 2.5201
cond_ent_wt	: 4.8162
Src_reg_loss	: 0.0469
-------------------------------------
[Epoch : 58/250]
Total_loss	: 0.7789
Coral_loss	: 0.0000
MMD_loss	: 2.5084
cond_ent_wt	: 4.8146
Src_reg_loss	: 0.0466
-------------------------------------
[Epoch : 59/250]
Total_loss	: 0.7773
Coral_loss	: 0.0000
MMD_loss	: 2.4967
cond_ent_wt	: 4.8130
Src_reg_loss	: 0.0463
-------------------------------------
[Epoch : 60/250]
Total_loss	: 0.7756
Coral_loss	: 0.0000
MMD_loss	: 2.4848
cond_ent_wt	: 4.8112
Src_reg_loss	: 0.0460
-------------------------------------
[Epoch : 61/250]
Total_loss	: 0.7739
Coral_loss	: 0.0000
MMD_loss	: 2.4729
cond_ent_wt	: 4.8092
Src_reg_loss	: 0.0457
-------------------------------------
[Epoch : 62/250]
Total_loss	: 0.7723
Coral_loss	: 0.0000
MMD_loss	: 2.4611
cond_ent_wt	: 4.8072
Src_reg_loss	: 0.0454
-------------------------------------
[Epoch : 63/250]
Total_loss	: 0.7706
Coral_loss	: 0.0000
MMD_loss	: 2.4493
cond_ent_wt	: 4.8050
Src_reg_loss	: 0.0452
-------------------------------------
[Epoch : 64/250]
Total_loss	: 0.7689
Coral_loss	: 0.0000
MMD_loss	: 2.4376
cond_ent_wt	: 4.8028
Src_reg_loss	: 0.0449
-------------------------------------
[Epoch : 65/250]
Total_loss	: 0.7673
Coral_loss	: 0.0000
MMD_loss	: 2.4260
cond_ent_wt	: 4.8004
Src_reg_loss	: 0.0446
-------------------------------------
[Epoch : 66/250]
Total_loss	: 0.7657
Coral_loss	: 0.0000
MMD_loss	: 2.4146
cond_ent_wt	: 4.7980
Src_reg_loss	: 0.0444
-------------------------------------
[Epoch : 67/250]
Total_loss	: 0.7640
Coral_loss	: 0.0000
MMD_loss	: 2.4032
cond_ent_wt	: 4.7956
Src_reg_loss	: 0.0441
-------------------------------------
[Epoch : 68/250]
Total_loss	: 0.7624
Coral_loss	: 0.0000
MMD_loss	: 2.3920
cond_ent_wt	: 4.7931
Src_reg_loss	: 0.0439
-------------------------------------
[Epoch : 69/250]
Total_loss	: 0.7608
Coral_loss	: 0.0000
MMD_loss	: 2.3809
cond_ent_wt	: 4.7905
Src_reg_loss	: 0.0437
-------------------------------------
[Epoch : 70/250]
Total_loss	: 0.7592
Coral_loss	: 0.0000
MMD_loss	: 2.3699
cond_ent_wt	: 4.7880
Src_reg_loss	: 0.0435
-------------------------------------
[Epoch : 71/250]
Total_loss	: 0.7577
Coral_loss	: 0.0000
MMD_loss	: 2.3590
cond_ent_wt	: 4.7854
Src_reg_loss	: 0.0432
-------------------------------------
[Epoch : 72/250]
Total_loss	: 0.7561
Coral_loss	: 0.0000
MMD_loss	: 2.3483
cond_ent_wt	: 4.7827
Src_reg_loss	: 0.0430
-------------------------------------
[Epoch : 73/250]
Total_loss	: 0.7546
Coral_loss	: 0.0000
MMD_loss	: 2.3376
cond_ent_wt	: 4.7801
Src_reg_loss	: 0.0428
-------------------------------------
[Epoch : 74/250]
Total_loss	: 0.7531
Coral_loss	: 0.0000
MMD_loss	: 2.3271
cond_ent_wt	: 4.7775
Src_reg_loss	: 0.0426
-------------------------------------
[Epoch : 75/250]
Total_loss	: 0.7515
Coral_loss	: 0.0000
MMD_loss	: 2.3166
cond_ent_wt	: 4.7748
Src_reg_loss	: 0.0424
-------------------------------------
[Epoch : 76/250]
Total_loss	: 0.7500
Coral_loss	: 0.0000
MMD_loss	: 2.3062
cond_ent_wt	: 4.7722
Src_reg_loss	: 0.0422
-------------------------------------
[Epoch : 77/250]
Total_loss	: 0.7486
Coral_loss	: 0.0000
MMD_loss	: 2.2958
cond_ent_wt	: 4.7696
Src_reg_loss	: 0.0420
-------------------------------------
[Epoch : 78/250]
Total_loss	: 0.7471
Coral_loss	: 0.0000
MMD_loss	: 2.2855
cond_ent_wt	: 4.7670
Src_reg_loss	: 0.0418
-------------------------------------
[Epoch : 79/250]
Total_loss	: 0.7456
Coral_loss	: 0.0000
MMD_loss	: 2.2753
cond_ent_wt	: 4.7644
Src_reg_loss	: 0.0416
-------------------------------------
[Epoch : 80/250]
Total_loss	: 0.7441
Coral_loss	: 0.0000
MMD_loss	: 2.2651
cond_ent_wt	: 4.7618
Src_reg_loss	: 0.0415
-------------------------------------
[Epoch : 81/250]
Total_loss	: 0.7427
Coral_loss	: 0.0000
MMD_loss	: 2.2549
cond_ent_wt	: 4.7593
Src_reg_loss	: 0.0413
-------------------------------------
[Epoch : 82/250]
Total_loss	: 0.7413
Coral_loss	: 0.0000
MMD_loss	: 2.2448
cond_ent_wt	: 4.7568
Src_reg_loss	: 0.0411
-------------------------------------
[Epoch : 83/250]
Total_loss	: 0.7398
Coral_loss	: 0.0000
MMD_loss	: 2.2347
cond_ent_wt	: 4.7542
Src_reg_loss	: 0.0409
-------------------------------------
[Epoch : 84/250]
Total_loss	: 0.7384
Coral_loss	: 0.0000
MMD_loss	: 2.2246
cond_ent_wt	: 4.7518
Src_reg_loss	: 0.0408
-------------------------------------
[Epoch : 85/250]
Total_loss	: 0.7370
Coral_loss	: 0.0000
MMD_loss	: 2.2146
cond_ent_wt	: 4.7493
Src_reg_loss	: 0.0406
-------------------------------------
[Epoch : 86/250]
Total_loss	: 0.7356
Coral_loss	: 0.0000
MMD_loss	: 2.2045
cond_ent_wt	: 4.7469
Src_reg_loss	: 0.0404
-------------------------------------
[Epoch : 87/250]
Total_loss	: 0.7342
Coral_loss	: 0.0000
MMD_loss	: 2.1945
cond_ent_wt	: 4.7445
Src_reg_loss	: 0.0403
-------------------------------------
[Epoch : 88/250]
Total_loss	: 0.7328
Coral_loss	: 0.0000
MMD_loss	: 2.1846
cond_ent_wt	: 4.7421
Src_reg_loss	: 0.0401
-------------------------------------
[Epoch : 89/250]
Total_loss	: 0.7314
Coral_loss	: 0.0000
MMD_loss	: 2.1747
cond_ent_wt	: 4.7398
Src_reg_loss	: 0.0399
-------------------------------------
[Epoch : 90/250]
Total_loss	: 0.7300
Coral_loss	: 0.0000
MMD_loss	: 2.1648
cond_ent_wt	: 4.7375
Src_reg_loss	: 0.0398
-------------------------------------
[Epoch : 91/250]
Total_loss	: 0.7286
Coral_loss	: 0.0000
MMD_loss	: 2.1550
cond_ent_wt	: 4.7352
Src_reg_loss	: 0.0396
-------------------------------------
[Epoch : 92/250]
Total_loss	: 0.7273
Coral_loss	: 0.0000
MMD_loss	: 2.1453
cond_ent_wt	: 4.7329
Src_reg_loss	: 0.0395
-------------------------------------
[Epoch : 93/250]
Total_loss	: 0.7259
Coral_loss	: 0.0000
MMD_loss	: 2.1356
cond_ent_wt	: 4.7307
Src_reg_loss	: 0.0393
-------------------------------------
[Epoch : 94/250]
Total_loss	: 0.7246
Coral_loss	: 0.0000
MMD_loss	: 2.1260
cond_ent_wt	: 4.7285
Src_reg_loss	: 0.0392
-------------------------------------
[Epoch : 95/250]
Total_loss	: 0.7233
Coral_loss	: 0.0000
MMD_loss	: 2.1164
cond_ent_wt	: 4.7263
Src_reg_loss	: 0.0390
-------------------------------------
[Epoch : 96/250]
Total_loss	: 0.7220
Coral_loss	: 0.0000
MMD_loss	: 2.1069
cond_ent_wt	: 4.7242
Src_reg_loss	: 0.0389
-------------------------------------
[Epoch : 97/250]
Total_loss	: 0.7207
Coral_loss	: 0.0000
MMD_loss	: 2.0976
cond_ent_wt	: 4.7221
Src_reg_loss	: 0.0387
-------------------------------------
[Epoch : 98/250]
Total_loss	: 0.7194
Coral_loss	: 0.0000
MMD_loss	: 2.0883
cond_ent_wt	: 4.7200
Src_reg_loss	: 0.0386
-------------------------------------
[Epoch : 99/250]
Total_loss	: 0.7182
Coral_loss	: 0.0000
MMD_loss	: 2.0791
cond_ent_wt	: 4.7179
Src_reg_loss	: 0.0385
-------------------------------------
[Epoch : 100/250]
Total_loss	: 0.7169
Coral_loss	: 0.0000
MMD_loss	: 2.0700
cond_ent_wt	: 4.7159
Src_reg_loss	: 0.0383
-------------------------------------
[Epoch : 101/250]
Total_loss	: 0.7157
Coral_loss	: 0.0000
MMD_loss	: 2.0611
cond_ent_wt	: 4.7139
Src_reg_loss	: 0.0382
-------------------------------------
[Epoch : 102/250]
Total_loss	: 0.7145
Coral_loss	: 0.0000
MMD_loss	: 2.0522
cond_ent_wt	: 4.7119
Src_reg_loss	: 0.0380
-------------------------------------
[Epoch : 103/250]
Total_loss	: 0.7133
Coral_loss	: 0.0000
MMD_loss	: 2.0435
cond_ent_wt	: 4.7099
Src_reg_loss	: 0.0379
-------------------------------------
[Epoch : 104/250]
Total_loss	: 0.7121
Coral_loss	: 0.0000
MMD_loss	: 2.0349
cond_ent_wt	: 4.7080
Src_reg_loss	: 0.0378
-------------------------------------
[Epoch : 105/250]
Total_loss	: 0.7109
Coral_loss	: 0.0000
MMD_loss	: 2.0265
cond_ent_wt	: 4.7060
Src_reg_loss	: 0.0376
-------------------------------------
[Epoch : 106/250]
Total_loss	: 0.7097
Coral_loss	: 0.0000
MMD_loss	: 2.0182
cond_ent_wt	: 4.7042
Src_reg_loss	: 0.0375
-------------------------------------
[Epoch : 107/250]
Total_loss	: 0.7086
Coral_loss	: 0.0000
MMD_loss	: 2.0100
cond_ent_wt	: 4.7023
Src_reg_loss	: 0.0374
-------------------------------------
[Epoch : 108/250]
Total_loss	: 0.7075
Coral_loss	: 0.0000
MMD_loss	: 2.0019
cond_ent_wt	: 4.7004
Src_reg_loss	: 0.0373
-------------------------------------
[Epoch : 109/250]
Total_loss	: 0.7064
Coral_loss	: 0.0000
MMD_loss	: 1.9940
cond_ent_wt	: 4.6986
Src_reg_loss	: 0.0371
-------------------------------------
[Epoch : 110/250]
Total_loss	: 0.7053
Coral_loss	: 0.0000
MMD_loss	: 1.9862
cond_ent_wt	: 4.6968
Src_reg_loss	: 0.0370
-------------------------------------
[Epoch : 111/250]
Total_loss	: 0.7042
Coral_loss	: 0.0000
MMD_loss	: 1.9785
cond_ent_wt	: 4.6950
Src_reg_loss	: 0.0369
-------------------------------------
[Epoch : 112/250]
Total_loss	: 0.7032
Coral_loss	: 0.0000
MMD_loss	: 1.9710
cond_ent_wt	: 4.6933
Src_reg_loss	: 0.0368
-------------------------------------
[Epoch : 113/250]
Total_loss	: 0.7021
Coral_loss	: 0.0000
MMD_loss	: 1.9636
cond_ent_wt	: 4.6915
Src_reg_loss	: 0.0366
-------------------------------------
[Epoch : 114/250]
Total_loss	: 0.7011
Coral_loss	: 0.0000
MMD_loss	: 1.9563
cond_ent_wt	: 4.6898
Src_reg_loss	: 0.0365
-------------------------------------
[Epoch : 115/250]
Total_loss	: 0.7001
Coral_loss	: 0.0000
MMD_loss	: 1.9492
cond_ent_wt	: 4.6881
Src_reg_loss	: 0.0364
-------------------------------------
[Epoch : 116/250]
Total_loss	: 0.6991
Coral_loss	: 0.0000
MMD_loss	: 1.9421
cond_ent_wt	: 4.6864
Src_reg_loss	: 0.0363
-------------------------------------
[Epoch : 117/250]
Total_loss	: 0.6981
Coral_loss	: 0.0000
MMD_loss	: 1.9352
cond_ent_wt	: 4.6847
Src_reg_loss	: 0.0362
-------------------------------------
[Epoch : 118/250]
Total_loss	: 0.6972
Coral_loss	: 0.0000
MMD_loss	: 1.9284
cond_ent_wt	: 4.6831
Src_reg_loss	: 0.0360
-------------------------------------
[Epoch : 119/250]
Total_loss	: 0.6962
Coral_loss	: 0.0000
MMD_loss	: 1.9217
cond_ent_wt	: 4.6815
Src_reg_loss	: 0.0359
-------------------------------------
[Epoch : 120/250]
Total_loss	: 0.6953
Coral_loss	: 0.0000
MMD_loss	: 1.9151
cond_ent_wt	: 4.6799
Src_reg_loss	: 0.0358
-------------------------------------
[Epoch : 121/250]
Total_loss	: 0.6944
Coral_loss	: 0.0000
MMD_loss	: 1.9087
cond_ent_wt	: 4.6783
Src_reg_loss	: 0.0357
-------------------------------------
[Epoch : 122/250]
Total_loss	: 0.6935
Coral_loss	: 0.0000
MMD_loss	: 1.9023
cond_ent_wt	: 4.6767
Src_reg_loss	: 0.0356
-------------------------------------
[Epoch : 123/250]
Total_loss	: 0.6926
Coral_loss	: 0.0000
MMD_loss	: 1.8961
cond_ent_wt	: 4.6752
Src_reg_loss	: 0.0355
-------------------------------------
[Epoch : 124/250]
Total_loss	: 0.6917
Coral_loss	: 0.0000
MMD_loss	: 1.8899
cond_ent_wt	: 4.6736
Src_reg_loss	: 0.0354
-------------------------------------
[Epoch : 125/250]
Total_loss	: 0.6908
Coral_loss	: 0.0000
MMD_loss	: 1.8839
cond_ent_wt	: 4.6721
Src_reg_loss	: 0.0352
-------------------------------------
[Epoch : 126/250]
Total_loss	: 0.6900
Coral_loss	: 0.0000
MMD_loss	: 1.8779
cond_ent_wt	: 4.6706
Src_reg_loss	: 0.0351
-------------------------------------
[Epoch : 127/250]
Total_loss	: 0.6891
Coral_loss	: 0.0000
MMD_loss	: 1.8720
cond_ent_wt	: 4.6692
Src_reg_loss	: 0.0350
-------------------------------------
[Epoch : 128/250]
Total_loss	: 0.6883
Coral_loss	: 0.0000
MMD_loss	: 1.8662
cond_ent_wt	: 4.6677
Src_reg_loss	: 0.0349
-------------------------------------
[Epoch : 129/250]
Total_loss	: 0.6875
Coral_loss	: 0.0000
MMD_loss	: 1.8606
cond_ent_wt	: 4.6663
Src_reg_loss	: 0.0348
-------------------------------------
[Epoch : 130/250]
Total_loss	: 0.6867
Coral_loss	: 0.0000
MMD_loss	: 1.8549
cond_ent_wt	: 4.6648
Src_reg_loss	: 0.0347
-------------------------------------
[Epoch : 131/250]
Total_loss	: 0.6859
Coral_loss	: 0.0000
MMD_loss	: 1.8494
cond_ent_wt	: 4.6634
Src_reg_loss	: 0.0346
-------------------------------------
[Epoch : 132/250]
Total_loss	: 0.6851
Coral_loss	: 0.0000
MMD_loss	: 1.8440
cond_ent_wt	: 4.6620
Src_reg_loss	: 0.0345
-------------------------------------
[Epoch : 133/250]
Total_loss	: 0.6843
Coral_loss	: 0.0000
MMD_loss	: 1.8386
cond_ent_wt	: 4.6607
Src_reg_loss	: 0.0344
-------------------------------------
[Epoch : 134/250]
Total_loss	: 0.6836
Coral_loss	: 0.0000
MMD_loss	: 1.8333
cond_ent_wt	: 4.6593
Src_reg_loss	: 0.0343
-------------------------------------
[Epoch : 135/250]
Total_loss	: 0.6828
Coral_loss	: 0.0000
MMD_loss	: 1.8281
cond_ent_wt	: 4.6579
Src_reg_loss	: 0.0342
-------------------------------------
[Epoch : 136/250]
Total_loss	: 0.6821
Coral_loss	: 0.0000
MMD_loss	: 1.8230
cond_ent_wt	: 4.6566
Src_reg_loss	: 0.0341
-------------------------------------
[Epoch : 137/250]
Total_loss	: 0.6813
Coral_loss	: 0.0000
MMD_loss	: 1.8179
cond_ent_wt	: 4.6553
Src_reg_loss	: 0.0340
-------------------------------------
[Epoch : 138/250]
Total_loss	: 0.6806
Coral_loss	: 0.0000
MMD_loss	: 1.8129
cond_ent_wt	: 4.6540
Src_reg_loss	: 0.0339
-------------------------------------
[Epoch : 139/250]
Total_loss	: 0.6799
Coral_loss	: 0.0000
MMD_loss	: 1.8080
cond_ent_wt	: 4.6527
Src_reg_loss	: 0.0338
-------------------------------------
[Epoch : 140/250]
Total_loss	: 0.6792
Coral_loss	: 0.0000
MMD_loss	: 1.8031
cond_ent_wt	: 4.6515
Src_reg_loss	: 0.0337
-------------------------------------
[Epoch : 141/250]
Total_loss	: 0.6785
Coral_loss	: 0.0000
MMD_loss	: 1.7983
cond_ent_wt	: 4.6502
Src_reg_loss	: 0.0336
-------------------------------------
[Epoch : 142/250]
Total_loss	: 0.6778
Coral_loss	: 0.0000
MMD_loss	: 1.7936
cond_ent_wt	: 4.6490
Src_reg_loss	: 0.0335
-------------------------------------
[Epoch : 143/250]
Total_loss	: 0.6771
Coral_loss	: 0.0000
MMD_loss	: 1.7889
cond_ent_wt	: 4.6477
Src_reg_loss	: 0.0334
-------------------------------------
[Epoch : 144/250]
Total_loss	: 0.6764
Coral_loss	: 0.0000
MMD_loss	: 1.7843
cond_ent_wt	: 4.6465
Src_reg_loss	: 0.0333
-------------------------------------
[Epoch : 145/250]
Total_loss	: 0.6757
Coral_loss	: 0.0000
MMD_loss	: 1.7797
cond_ent_wt	: 4.6453
Src_reg_loss	: 0.0332
-------------------------------------
[Epoch : 146/250]
Total_loss	: 0.6751
Coral_loss	: 0.0000
MMD_loss	: 1.7752
cond_ent_wt	: 4.6441
Src_reg_loss	: 0.0331
-------------------------------------
[Epoch : 147/250]
Total_loss	: 0.6744
Coral_loss	: 0.0000
MMD_loss	: 1.7708
cond_ent_wt	: 4.6430
Src_reg_loss	: 0.0331
-------------------------------------
[Epoch : 148/250]
Total_loss	: 0.6738
Coral_loss	: 0.0000
MMD_loss	: 1.7664
cond_ent_wt	: 4.6418
Src_reg_loss	: 0.0330
-------------------------------------
[Epoch : 149/250]
Total_loss	: 0.6731
Coral_loss	: 0.0000
MMD_loss	: 1.7621
cond_ent_wt	: 4.6406
Src_reg_loss	: 0.0329
-------------------------------------
[Epoch : 150/250]
Total_loss	: 0.6725
Coral_loss	: 0.0000
MMD_loss	: 1.7578
cond_ent_wt	: 4.6395
Src_reg_loss	: 0.0328
-------------------------------------
[Epoch : 151/250]
Total_loss	: 0.6719
Coral_loss	: 0.0000
MMD_loss	: 1.7536
cond_ent_wt	: 4.6384
Src_reg_loss	: 0.0327
-------------------------------------
[Epoch : 152/250]
Total_loss	: 0.6713
Coral_loss	: 0.0000
MMD_loss	: 1.7494
cond_ent_wt	: 4.6373
Src_reg_loss	: 0.0326
-------------------------------------
[Epoch : 153/250]
Total_loss	: 0.6707
Coral_loss	: 0.0000
MMD_loss	: 1.7453
cond_ent_wt	: 4.6362
Src_reg_loss	: 0.0325
-------------------------------------
[Epoch : 154/250]
Total_loss	: 0.6701
Coral_loss	: 0.0000
MMD_loss	: 1.7412
cond_ent_wt	: 4.6351
Src_reg_loss	: 0.0324
-------------------------------------
[Epoch : 155/250]
Total_loss	: 0.6695
Coral_loss	: 0.0000
MMD_loss	: 1.7372
cond_ent_wt	: 4.6340
Src_reg_loss	: 0.0324
-------------------------------------
[Epoch : 156/250]
Total_loss	: 0.6689
Coral_loss	: 0.0000
MMD_loss	: 1.7332
cond_ent_wt	: 4.6329
Src_reg_loss	: 0.0323
-------------------------------------
[Epoch : 157/250]
Total_loss	: 0.6683
Coral_loss	: 0.0000
MMD_loss	: 1.7293
cond_ent_wt	: 4.6319
Src_reg_loss	: 0.0322
-------------------------------------
[Epoch : 158/250]
Total_loss	: 0.6677
Coral_loss	: 0.0000
MMD_loss	: 1.7254
cond_ent_wt	: 4.6308
Src_reg_loss	: 0.0321
-------------------------------------
[Epoch : 159/250]
Total_loss	: 0.6672
Coral_loss	: 0.0000
MMD_loss	: 1.7216
cond_ent_wt	: 4.6298
Src_reg_loss	: 0.0320
-------------------------------------
[Epoch : 160/250]
Total_loss	: 0.6666
Coral_loss	: 0.0000
MMD_loss	: 1.7178
cond_ent_wt	: 4.6288
Src_reg_loss	: 0.0320
-------------------------------------
[Epoch : 161/250]
Total_loss	: 0.6661
Coral_loss	: 0.0000
MMD_loss	: 1.7141
cond_ent_wt	: 4.6278
Src_reg_loss	: 0.0319
-------------------------------------
[Epoch : 162/250]
Total_loss	: 0.6655
Coral_loss	: 0.0000
MMD_loss	: 1.7104
cond_ent_wt	: 4.6268
Src_reg_loss	: 0.0318
-------------------------------------
[Epoch : 163/250]
Total_loss	: 0.6650
Coral_loss	: 0.0000
MMD_loss	: 1.7067
cond_ent_wt	: 4.6258
Src_reg_loss	: 0.0317
-------------------------------------
[Epoch : 164/250]
Total_loss	: 0.6644
Coral_loss	: 0.0000
MMD_loss	: 1.7031
cond_ent_wt	: 4.6248
Src_reg_loss	: 0.0316
-------------------------------------
[Epoch : 165/250]
Total_loss	: 0.6639
Coral_loss	: 0.0000
MMD_loss	: 1.6995
cond_ent_wt	: 4.6238
Src_reg_loss	: 0.0316
-------------------------------------
[Epoch : 166/250]
Total_loss	: 0.6634
Coral_loss	: 0.0000
MMD_loss	: 1.6960
cond_ent_wt	: 4.6229
Src_reg_loss	: 0.0315
-------------------------------------
[Epoch : 167/250]
Total_loss	: 0.6629
Coral_loss	: 0.0000
MMD_loss	: 1.6925
cond_ent_wt	: 4.6219
Src_reg_loss	: 0.0314
-------------------------------------
[Epoch : 168/250]
Total_loss	: 0.6623
Coral_loss	: 0.0000
MMD_loss	: 1.6890
cond_ent_wt	: 4.6210
Src_reg_loss	: 0.0313
-------------------------------------
[Epoch : 169/250]
Total_loss	: 0.6618
Coral_loss	: 0.0000
MMD_loss	: 1.6856
cond_ent_wt	: 4.6200
Src_reg_loss	: 0.0313
-------------------------------------
[Epoch : 170/250]
Total_loss	: 0.6613
Coral_loss	: 0.0000
MMD_loss	: 1.6822
cond_ent_wt	: 4.6191
Src_reg_loss	: 0.0312
-------------------------------------
[Epoch : 171/250]
Total_loss	: 0.6608
Coral_loss	: 0.0000
MMD_loss	: 1.6789
cond_ent_wt	: 4.6182
Src_reg_loss	: 0.0311
-------------------------------------
[Epoch : 172/250]
Total_loss	: 0.6603
Coral_loss	: 0.0000
MMD_loss	: 1.6756
cond_ent_wt	: 4.6173
Src_reg_loss	: 0.0310
-------------------------------------
[Epoch : 173/250]
Total_loss	: 0.6598
Coral_loss	: 0.0000
MMD_loss	: 1.6723
cond_ent_wt	: 4.6164
Src_reg_loss	: 0.0310
-------------------------------------
[Epoch : 174/250]
Total_loss	: 0.6594
Coral_loss	: 0.0000
MMD_loss	: 1.6691
cond_ent_wt	: 4.6155
Src_reg_loss	: 0.0309
-------------------------------------
[Epoch : 175/250]
Total_loss	: 0.6589
Coral_loss	: 0.0000
MMD_loss	: 1.6658
cond_ent_wt	: 4.6146
Src_reg_loss	: 0.0308
-------------------------------------
[Epoch : 176/250]
Total_loss	: 0.6584
Coral_loss	: 0.0000
MMD_loss	: 1.6627
cond_ent_wt	: 4.6137
Src_reg_loss	: 0.0308
-------------------------------------
[Epoch : 177/250]
Total_loss	: 0.6579
Coral_loss	: 0.0000
MMD_loss	: 1.6595
cond_ent_wt	: 4.6129
Src_reg_loss	: 0.0307
-------------------------------------
[Epoch : 178/250]
Total_loss	: 0.6575
Coral_loss	: 0.0000
MMD_loss	: 1.6564
cond_ent_wt	: 4.6120
Src_reg_loss	: 0.0306
-------------------------------------
[Epoch : 179/250]
Total_loss	: 0.6570
Coral_loss	: 0.0000
MMD_loss	: 1.6533
cond_ent_wt	: 4.6112
Src_reg_loss	: 0.0306
-------------------------------------
[Epoch : 180/250]
Total_loss	: 0.6565
Coral_loss	: 0.0000
MMD_loss	: 1.6503
cond_ent_wt	: 4.6103
Src_reg_loss	: 0.0305
-------------------------------------
[Epoch : 181/250]
Total_loss	: 0.6561
Coral_loss	: 0.0000
MMD_loss	: 1.6472
cond_ent_wt	: 4.6095
Src_reg_loss	: 0.0304
-------------------------------------
[Epoch : 182/250]
Total_loss	: 0.6556
Coral_loss	: 0.0000
MMD_loss	: 1.6442
cond_ent_wt	: 4.6086
Src_reg_loss	: 0.0304
-------------------------------------
[Epoch : 183/250]
Total_loss	: 0.6552
Coral_loss	: 0.0000
MMD_loss	: 1.6412
cond_ent_wt	: 4.6078
Src_reg_loss	: 0.0303
-------------------------------------
[Epoch : 184/250]
Total_loss	: 0.6548
Coral_loss	: 0.0000
MMD_loss	: 1.6382
cond_ent_wt	: 4.6070
Src_reg_loss	: 0.0302
-------------------------------------
[Epoch : 185/250]
Total_loss	: 0.6543
Coral_loss	: 0.0000
MMD_loss	: 1.6353
cond_ent_wt	: 4.6062
Src_reg_loss	: 0.0302
-------------------------------------
[Epoch : 186/250]
Total_loss	: 0.6539
Coral_loss	: 0.0000
MMD_loss	: 1.6323
cond_ent_wt	: 4.6054
Src_reg_loss	: 0.0301
-------------------------------------
[Epoch : 187/250]
Total_loss	: 0.6534
Coral_loss	: 0.0000
MMD_loss	: 1.6294
cond_ent_wt	: 4.6046
Src_reg_loss	: 0.0300
-------------------------------------
[Epoch : 188/250]
Total_loss	: 0.6530
Coral_loss	: 0.0000
MMD_loss	: 1.6265
cond_ent_wt	: 4.6038
Src_reg_loss	: 0.0300
-------------------------------------
[Epoch : 189/250]
Total_loss	: 0.6526
Coral_loss	: 0.0000
MMD_loss	: 1.6237
cond_ent_wt	: 4.6030
Src_reg_loss	: 0.0299
-------------------------------------
[Epoch : 190/250]
Total_loss	: 0.6522
Coral_loss	: 0.0000
MMD_loss	: 1.6208
cond_ent_wt	: 4.6022
Src_reg_loss	: 0.0298
-------------------------------------
[Epoch : 191/250]
Total_loss	: 0.6517
Coral_loss	: 0.0000
MMD_loss	: 1.6180
cond_ent_wt	: 4.6015
Src_reg_loss	: 0.0298
-------------------------------------
[Epoch : 192/250]
Total_loss	: 0.6513
Coral_loss	: 0.0000
MMD_loss	: 1.6152
cond_ent_wt	: 4.6007
Src_reg_loss	: 0.0297
-------------------------------------
[Epoch : 193/250]
Total_loss	: 0.6509
Coral_loss	: 0.0000
MMD_loss	: 1.6124
cond_ent_wt	: 4.5999
Src_reg_loss	: 0.0297
-------------------------------------
[Epoch : 194/250]
Total_loss	: 0.6505
Coral_loss	: 0.0000
MMD_loss	: 1.6096
cond_ent_wt	: 4.5992
Src_reg_loss	: 0.0296
-------------------------------------
[Epoch : 195/250]
Total_loss	: 0.6501
Coral_loss	: 0.0000
MMD_loss	: 1.6068
cond_ent_wt	: 4.5985
Src_reg_loss	: 0.0295
-------------------------------------
[Epoch : 196/250]
Total_loss	: 0.6497
Coral_loss	: 0.0000
MMD_loss	: 1.6041
cond_ent_wt	: 4.5977
Src_reg_loss	: 0.0295
-------------------------------------
[Epoch : 197/250]
Total_loss	: 0.6493
Coral_loss	: 0.0000
MMD_loss	: 1.6014
cond_ent_wt	: 4.5970
Src_reg_loss	: 0.0294
-------------------------------------
[Epoch : 198/250]
Total_loss	: 0.6489
Coral_loss	: 0.0000
MMD_loss	: 1.5987
cond_ent_wt	: 4.5963
Src_reg_loss	: 0.0294
-------------------------------------
[Epoch : 199/250]
Total_loss	: 0.6485
Coral_loss	: 0.0000
MMD_loss	: 1.5961
cond_ent_wt	: 4.5955
Src_reg_loss	: 0.0293
-------------------------------------
[Epoch : 200/250]
Total_loss	: 0.6481
Coral_loss	: 0.0000
MMD_loss	: 1.5934
cond_ent_wt	: 4.5948
Src_reg_loss	: 0.0293
-------------------------------------
[Epoch : 201/250]
Total_loss	: 0.6477
Coral_loss	: 0.0000
MMD_loss	: 1.5908
cond_ent_wt	: 4.5941
Src_reg_loss	: 0.0292
-------------------------------------
[Epoch : 202/250]
Total_loss	: 0.6473
Coral_loss	: 0.0000
MMD_loss	: 1.5883
cond_ent_wt	: 4.5934
Src_reg_loss	: 0.0291
-------------------------------------
[Epoch : 203/250]
Total_loss	: 0.6469
Coral_loss	: 0.0000
MMD_loss	: 1.5857
cond_ent_wt	: 4.5927
Src_reg_loss	: 0.0291
-------------------------------------
[Epoch : 204/250]
Total_loss	: 0.6465
Coral_loss	: 0.0000
MMD_loss	: 1.5832
cond_ent_wt	: 4.5920
Src_reg_loss	: 0.0290
-------------------------------------
[Epoch : 205/250]
Total_loss	: 0.6462
Coral_loss	: 0.0000
MMD_loss	: 1.5807
cond_ent_wt	: 4.5913
Src_reg_loss	: 0.0290
-------------------------------------
[Epoch : 206/250]
Total_loss	: 0.6458
Coral_loss	: 0.0000
MMD_loss	: 1.5782
cond_ent_wt	: 4.5906
Src_reg_loss	: 0.0289
-------------------------------------
[Epoch : 207/250]
Total_loss	: 0.6454
Coral_loss	: 0.0000
MMD_loss	: 1.5758
cond_ent_wt	: 4.5900
Src_reg_loss	: 0.0289
-------------------------------------
[Epoch : 208/250]
Total_loss	: 0.6451
Coral_loss	: 0.0000
MMD_loss	: 1.5734
cond_ent_wt	: 4.5893
Src_reg_loss	: 0.0288
-------------------------------------
[Epoch : 209/250]
Total_loss	: 0.6447
Coral_loss	: 0.0000
MMD_loss	: 1.5710
cond_ent_wt	: 4.5886
Src_reg_loss	: 0.0288
-------------------------------------
[Epoch : 210/250]
Total_loss	: 0.6444
Coral_loss	: 0.0000
MMD_loss	: 1.5686
cond_ent_wt	: 4.5880
Src_reg_loss	: 0.0287
-------------------------------------
[Epoch : 211/250]
Total_loss	: 0.6440
Coral_loss	: 0.0000
MMD_loss	: 1.5663
cond_ent_wt	: 4.5873
Src_reg_loss	: 0.0286
-------------------------------------
[Epoch : 212/250]
Total_loss	: 0.6437
Coral_loss	: 0.0000
MMD_loss	: 1.5640
cond_ent_wt	: 4.5867
Src_reg_loss	: 0.0286
-------------------------------------
[Epoch : 213/250]
Total_loss	: 0.6433
Coral_loss	: 0.0000
MMD_loss	: 1.5617
cond_ent_wt	: 4.5860
Src_reg_loss	: 0.0285
-------------------------------------
[Epoch : 214/250]
Total_loss	: 0.6430
Coral_loss	: 0.0000
MMD_loss	: 1.5595
cond_ent_wt	: 4.5854
Src_reg_loss	: 0.0285
-------------------------------------
[Epoch : 215/250]
Total_loss	: 0.6426
Coral_loss	: 0.0000
MMD_loss	: 1.5573
cond_ent_wt	: 4.5847
Src_reg_loss	: 0.0284
-------------------------------------
[Epoch : 216/250]
Total_loss	: 0.6423
Coral_loss	: 0.0000
MMD_loss	: 1.5551
cond_ent_wt	: 4.5841
Src_reg_loss	: 0.0284
-------------------------------------
[Epoch : 217/250]
Total_loss	: 0.6420
Coral_loss	: 0.0000
MMD_loss	: 1.5530
cond_ent_wt	: 4.5835
Src_reg_loss	: 0.0283
-------------------------------------
[Epoch : 218/250]
Total_loss	: 0.6417
Coral_loss	: 0.0000
MMD_loss	: 1.5509
cond_ent_wt	: 4.5829
Src_reg_loss	: 0.0283
-------------------------------------
[Epoch : 219/250]
Total_loss	: 0.6413
Coral_loss	: 0.0000
MMD_loss	: 1.5488
cond_ent_wt	: 4.5823
Src_reg_loss	: 0.0282
-------------------------------------
[Epoch : 220/250]
Total_loss	: 0.6410
Coral_loss	: 0.0000
MMD_loss	: 1.5467
cond_ent_wt	: 4.5816
Src_reg_loss	: 0.0282
-------------------------------------
[Epoch : 221/250]
Total_loss	: 0.6407
Coral_loss	: 0.0000
MMD_loss	: 1.5447
cond_ent_wt	: 4.5810
Src_reg_loss	: 0.0281
-------------------------------------
[Epoch : 222/250]
Total_loss	: 0.6404
Coral_loss	: 0.0000
MMD_loss	: 1.5427
cond_ent_wt	: 4.5804
Src_reg_loss	: 0.0281
-------------------------------------
[Epoch : 223/250]
Total_loss	: 0.6401
Coral_loss	: 0.0000
MMD_loss	: 1.5407
cond_ent_wt	: 4.5798
Src_reg_loss	: 0.0280
-------------------------------------
[Epoch : 224/250]
Total_loss	: 0.6398
Coral_loss	: 0.0000
MMD_loss	: 1.5387
cond_ent_wt	: 4.5792
Src_reg_loss	: 0.0280
-------------------------------------
[Epoch : 225/250]
Total_loss	: 0.6395
Coral_loss	: 0.0000
MMD_loss	: 1.5368
cond_ent_wt	: 4.5787
Src_reg_loss	: 0.0279
-------------------------------------
[Epoch : 226/250]
Total_loss	: 0.6392
Coral_loss	: 0.0000
MMD_loss	: 1.5349
cond_ent_wt	: 4.5781
Src_reg_loss	: 0.0279
-------------------------------------
[Epoch : 227/250]
Total_loss	: 0.6389
Coral_loss	: 0.0000
MMD_loss	: 1.5330
cond_ent_wt	: 4.5775
Src_reg_loss	: 0.0278
-------------------------------------
[Epoch : 228/250]
Total_loss	: 0.6386
Coral_loss	: 0.0000
MMD_loss	: 1.5312
cond_ent_wt	: 4.5769
Src_reg_loss	: 0.0278
-------------------------------------
[Epoch : 229/250]
Total_loss	: 0.6383
Coral_loss	: 0.0000
MMD_loss	: 1.5294
cond_ent_wt	: 4.5764
Src_reg_loss	: 0.0278
-------------------------------------
[Epoch : 230/250]
Total_loss	: 0.6380
Coral_loss	: 0.0000
MMD_loss	: 1.5276
cond_ent_wt	: 4.5758
Src_reg_loss	: 0.0277
-------------------------------------
[Epoch : 231/250]
Total_loss	: 0.6378
Coral_loss	: 0.0000
MMD_loss	: 1.5259
cond_ent_wt	: 4.5752
Src_reg_loss	: 0.0277
-------------------------------------
[Epoch : 232/250]
Total_loss	: 0.6375
Coral_loss	: 0.0000
MMD_loss	: 1.5241
cond_ent_wt	: 4.5747
Src_reg_loss	: 0.0276
-------------------------------------
[Epoch : 233/250]
Total_loss	: 0.6372
Coral_loss	: 0.0000
MMD_loss	: 1.5224
cond_ent_wt	: 4.5741
Src_reg_loss	: 0.0276
-------------------------------------
[Epoch : 234/250]
Total_loss	: 0.6370
Coral_loss	: 0.0000
MMD_loss	: 1.5207
cond_ent_wt	: 4.5736
Src_reg_loss	: 0.0275
-------------------------------------
[Epoch : 235/250]
Total_loss	: 0.6367
Coral_loss	: 0.0000
MMD_loss	: 1.5191
cond_ent_wt	: 4.5730
Src_reg_loss	: 0.0275
-------------------------------------
[Epoch : 236/250]
Total_loss	: 0.6364
Coral_loss	: 0.0000
MMD_loss	: 1.5175
cond_ent_wt	: 4.5725
Src_reg_loss	: 0.0274
-------------------------------------
[Epoch : 237/250]
Total_loss	: 0.6362
Coral_loss	: 0.0000
MMD_loss	: 1.5159
cond_ent_wt	: 4.5719
Src_reg_loss	: 0.0274
-------------------------------------
[Epoch : 238/250]
Total_loss	: 0.6359
Coral_loss	: 0.0000
MMD_loss	: 1.5143
cond_ent_wt	: 4.5714
Src_reg_loss	: 0.0273
-------------------------------------
[Epoch : 239/250]
Total_loss	: 0.6357
Coral_loss	: 0.0000
MMD_loss	: 1.5127
cond_ent_wt	: 4.5709
Src_reg_loss	: 0.0273
-------------------------------------
[Epoch : 240/250]
Total_loss	: 0.6354
Coral_loss	: 0.0000
MMD_loss	: 1.5112
cond_ent_wt	: 4.5704
Src_reg_loss	: 0.0272
-------------------------------------
[Epoch : 241/250]
Total_loss	: 0.6352
Coral_loss	: 0.0000
MMD_loss	: 1.5097
cond_ent_wt	: 4.5698
Src_reg_loss	: 0.0272
-------------------------------------
[Epoch : 242/250]
Total_loss	: 0.6349
Coral_loss	: 0.0000
MMD_loss	: 1.5082
cond_ent_wt	: 4.5693
Src_reg_loss	: 0.0272
-------------------------------------
[Epoch : 243/250]
Total_loss	: 0.6347
Coral_loss	: 0.0000
MMD_loss	: 1.5068
cond_ent_wt	: 4.5688
Src_reg_loss	: 0.0271
-------------------------------------
[Epoch : 244/250]
Total_loss	: 0.6344
Coral_loss	: 0.0000
MMD_loss	: 1.5053
cond_ent_wt	: 4.5683
Src_reg_loss	: 0.0271
-------------------------------------
[Epoch : 245/250]
Total_loss	: 0.6342
Coral_loss	: 0.0000
MMD_loss	: 1.5039
cond_ent_wt	: 4.5678
Src_reg_loss	: 0.0270
-------------------------------------
[Epoch : 246/250]
Total_loss	: 0.6340
Coral_loss	: 0.0000
MMD_loss	: 1.5026
cond_ent_wt	: 4.5673
Src_reg_loss	: 0.0270
-------------------------------------
[Epoch : 247/250]
Total_loss	: 0.6337
Coral_loss	: 0.0000
MMD_loss	: 1.5012
cond_ent_wt	: 4.5668
Src_reg_loss	: 0.0269
-------------------------------------
[Epoch : 248/250]
Total_loss	: 0.6335
Coral_loss	: 0.0000
MMD_loss	: 1.4999
cond_ent_wt	: 4.5663
Src_reg_loss	: 0.0269
-------------------------------------
[Epoch : 249/250]
Total_loss	: 0.6333
Coral_loss	: 0.0000
MMD_loss	: 1.4986
cond_ent_wt	: 4.5658
Src_reg_loss	: 0.0269
-------------------------------------
[Epoch : 250/250]
Total_loss	: 0.6331
Coral_loss	: 0.0000
MMD_loss	: 1.4973
cond_ent_wt	: 4.5653
Src_reg_loss	: 0.0268
-------------------------------------
