=============================================
Dataset: Airbox
Method:  MMDA
=============================================
Source: 0 ---> Target: 4
=============================================
[Epoch : 1/500]
Total_loss	: 0.3497
Coral_loss	: 0.0000
MMD_loss	: 2.9201
cond_ent_wt	: 4.8494
Src_reg_loss	: 0.2720
-------------------------------------
[Epoch : 2/500]
Total_loss	: 0.3292
Coral_loss	: 0.0000
MMD_loss	: 2.9177
cond_ent_wt	: 4.8491
Src_reg_loss	: 0.2515
-------------------------------------
[Epoch : 3/500]
Total_loss	: 0.3086
Coral_loss	: 0.0000
MMD_loss	: 2.9105
cond_ent_wt	: 4.8486
Src_reg_loss	: 0.2310
-------------------------------------
[Epoch : 4/500]
Total_loss	: 0.2871
Coral_loss	: 0.0000
MMD_loss	: 2.8979
cond_ent_wt	: 4.8480
Src_reg_loss	: 0.2097
-------------------------------------
[Epoch : 5/500]
Total_loss	: 0.2648
Coral_loss	: 0.0000
MMD_loss	: 2.8782
cond_ent_wt	: 4.8469
Src_reg_loss	: 0.1875
-------------------------------------
[Epoch : 6/500]
Total_loss	: 0.2428
Coral_loss	: 0.0000
MMD_loss	: 2.8497
cond_ent_wt	: 4.8452
Src_reg_loss	: 0.1658
-------------------------------------
[Epoch : 7/500]
Total_loss	: 0.2243
Coral_loss	: 0.0000
MMD_loss	: 2.8144
cond_ent_wt	: 4.8429
Src_reg_loss	: 0.1478
-------------------------------------
[Epoch : 8/500]
Total_loss	: 0.2108
Coral_loss	: 0.0000
MMD_loss	: 2.7818
cond_ent_wt	: 4.8405
Src_reg_loss	: 0.1346
-------------------------------------
[Epoch : 9/500]
Total_loss	: 0.2001
Coral_loss	: 0.0000
MMD_loss	: 2.7593
cond_ent_wt	: 4.8389
Src_reg_loss	: 0.1241
-------------------------------------
[Epoch : 10/500]
Total_loss	: 0.1913
Coral_loss	: 0.0000
MMD_loss	: 2.7458
cond_ent_wt	: 4.8379
Src_reg_loss	: 0.1155
-------------------------------------
[Epoch : 11/500]
Total_loss	: 0.1842
Coral_loss	: 0.0000
MMD_loss	: 2.7375
cond_ent_wt	: 4.8372
Src_reg_loss	: 0.1084
-------------------------------------
[Epoch : 12/500]
Total_loss	: 0.1782
Coral_loss	: 0.0000
MMD_loss	: 2.7315
cond_ent_wt	: 4.8366
Src_reg_loss	: 0.1025
-------------------------------------
[Epoch : 13/500]
Total_loss	: 0.1731
Coral_loss	: 0.0000
MMD_loss	: 2.7268
cond_ent_wt	: 4.8360
Src_reg_loss	: 0.0975
-------------------------------------
[Epoch : 14/500]
Total_loss	: 0.1687
Coral_loss	: 0.0000
MMD_loss	: 2.7234
cond_ent_wt	: 4.8355
Src_reg_loss	: 0.0931
-------------------------------------
[Epoch : 15/500]
Total_loss	: 0.1649
Coral_loss	: 0.0000
MMD_loss	: 2.7214
cond_ent_wt	: 4.8351
Src_reg_loss	: 0.0893
-------------------------------------
[Epoch : 16/500]
Total_loss	: 0.1616
Coral_loss	: 0.0000
MMD_loss	: 2.7207
cond_ent_wt	: 4.8347
Src_reg_loss	: 0.0860
-------------------------------------
[Epoch : 17/500]
Total_loss	: 0.1586
Coral_loss	: 0.0000
MMD_loss	: 2.7208
cond_ent_wt	: 4.8344
Src_reg_loss	: 0.0831
-------------------------------------
[Epoch : 18/500]
Total_loss	: 0.1560
Coral_loss	: 0.0000
MMD_loss	: 2.7215
cond_ent_wt	: 4.8342
Src_reg_loss	: 0.0804
-------------------------------------
[Epoch : 19/500]
Total_loss	: 0.1536
Coral_loss	: 0.0000
MMD_loss	: 2.7225
cond_ent_wt	: 4.8339
Src_reg_loss	: 0.0781
-------------------------------------
[Epoch : 20/500]
Total_loss	: 0.1515
Coral_loss	: 0.0000
MMD_loss	: 2.7236
cond_ent_wt	: 4.8337
Src_reg_loss	: 0.0759
-------------------------------------
[Epoch : 21/500]
Total_loss	: 0.1496
Coral_loss	: 0.0000
MMD_loss	: 2.7247
cond_ent_wt	: 4.8336
Src_reg_loss	: 0.0740
-------------------------------------
[Epoch : 22/500]
Total_loss	: 0.1478
Coral_loss	: 0.0000
MMD_loss	: 2.7258
cond_ent_wt	: 4.8334
Src_reg_loss	: 0.0722
-------------------------------------
[Epoch : 23/500]
Total_loss	: 0.1461
Coral_loss	: 0.0000
MMD_loss	: 2.7267
cond_ent_wt	: 4.8333
Src_reg_loss	: 0.0705
-------------------------------------
[Epoch : 24/500]
Total_loss	: 0.1446
Coral_loss	: 0.0000
MMD_loss	: 2.7275
cond_ent_wt	: 4.8332
Src_reg_loss	: 0.0690
-------------------------------------
[Epoch : 25/500]
Total_loss	: 0.1432
Coral_loss	: 0.0000
MMD_loss	: 2.7281
cond_ent_wt	: 4.8331
Src_reg_loss	: 0.0676
-------------------------------------
[Epoch : 26/500]
Total_loss	: 0.1419
Coral_loss	: 0.0000
MMD_loss	: 2.7287
cond_ent_wt	: 4.8330
Src_reg_loss	: 0.0663
-------------------------------------
[Epoch : 27/500]
Total_loss	: 0.1407
Coral_loss	: 0.0000
MMD_loss	: 2.7292
cond_ent_wt	: 4.8329
Src_reg_loss	: 0.0651
-------------------------------------
[Epoch : 28/500]
Total_loss	: 0.1396
Coral_loss	: 0.0000
MMD_loss	: 2.7295
cond_ent_wt	: 4.8329
Src_reg_loss	: 0.0639
-------------------------------------
[Epoch : 29/500]
Total_loss	: 0.1385
Coral_loss	: 0.0000
MMD_loss	: 2.7298
cond_ent_wt	: 4.8328
Src_reg_loss	: 0.0629
-------------------------------------
[Epoch : 30/500]
Total_loss	: 0.1375
Coral_loss	: 0.0000
MMD_loss	: 2.7299
cond_ent_wt	: 4.8328
Src_reg_loss	: 0.0619
-------------------------------------
[Epoch : 31/500]
Total_loss	: 0.1365
Coral_loss	: 0.0000
MMD_loss	: 2.7297
cond_ent_wt	: 4.8328
Src_reg_loss	: 0.0609
-------------------------------------
[Epoch : 32/500]
Total_loss	: 0.1356
Coral_loss	: 0.0000
MMD_loss	: 2.7292
cond_ent_wt	: 4.8327
Src_reg_loss	: 0.0600
-------------------------------------
[Epoch : 33/500]
Total_loss	: 0.1347
Coral_loss	: 0.0000
MMD_loss	: 2.7284
cond_ent_wt	: 4.8327
Src_reg_loss	: 0.0591
-------------------------------------
[Epoch : 34/500]
Total_loss	: 0.1339
Coral_loss	: 0.0000
MMD_loss	: 2.7273
cond_ent_wt	: 4.8327
Src_reg_loss	: 0.0583
-------------------------------------
[Epoch : 35/500]
Total_loss	: 0.1331
Coral_loss	: 0.0000
MMD_loss	: 2.7257
cond_ent_wt	: 4.8327
Src_reg_loss	: 0.0575
-------------------------------------
[Epoch : 36/500]
Total_loss	: 0.1324
Coral_loss	: 0.0000
MMD_loss	: 2.7238
cond_ent_wt	: 4.8327
Src_reg_loss	: 0.0568
-------------------------------------
[Epoch : 37/500]
Total_loss	: 0.1316
Coral_loss	: 0.0000
MMD_loss	: 2.7215
cond_ent_wt	: 4.8327
Src_reg_loss	: 0.0561
-------------------------------------
[Epoch : 38/500]
Total_loss	: 0.1309
Coral_loss	: 0.0000
MMD_loss	: 2.7189
cond_ent_wt	: 4.8328
Src_reg_loss	: 0.0554
-------------------------------------
[Epoch : 39/500]
Total_loss	: 0.1303
Coral_loss	: 0.0000
MMD_loss	: 2.7159
cond_ent_wt	: 4.8328
Src_reg_loss	: 0.0548
-------------------------------------
[Epoch : 40/500]
Total_loss	: 0.1296
Coral_loss	: 0.0000
MMD_loss	: 2.7127
cond_ent_wt	: 4.8328
Src_reg_loss	: 0.0541
-------------------------------------
[Epoch : 41/500]
Total_loss	: 0.1290
Coral_loss	: 0.0000
MMD_loss	: 2.7091
cond_ent_wt	: 4.8329
Src_reg_loss	: 0.0535
-------------------------------------
[Epoch : 42/500]
Total_loss	: 0.1284
Coral_loss	: 0.0000
MMD_loss	: 2.7052
cond_ent_wt	: 4.8329
Src_reg_loss	: 0.0530
-------------------------------------
[Epoch : 43/500]
Total_loss	: 0.1278
Coral_loss	: 0.0000
MMD_loss	: 2.7010
cond_ent_wt	: 4.8329
Src_reg_loss	: 0.0524
-------------------------------------
[Epoch : 44/500]
Total_loss	: 0.1272
Coral_loss	: 0.0000
MMD_loss	: 2.6967
cond_ent_wt	: 4.8330
Src_reg_loss	: 0.0519
-------------------------------------
[Epoch : 45/500]
Total_loss	: 0.1266
Coral_loss	: 0.0000
MMD_loss	: 2.6920
cond_ent_wt	: 4.8330
Src_reg_loss	: 0.0514
-------------------------------------
[Epoch : 46/500]
Total_loss	: 0.1261
Coral_loss	: 0.0000
MMD_loss	: 2.6871
cond_ent_wt	: 4.8331
Src_reg_loss	: 0.0509
-------------------------------------
[Epoch : 47/500]
Total_loss	: 0.1256
Coral_loss	: 0.0000
MMD_loss	: 2.6820
cond_ent_wt	: 4.8331
Src_reg_loss	: 0.0504
-------------------------------------
[Epoch : 48/500]
Total_loss	: 0.1251
Coral_loss	: 0.0000
MMD_loss	: 2.6767
cond_ent_wt	: 4.8332
Src_reg_loss	: 0.0500
-------------------------------------
[Epoch : 49/500]
Total_loss	: 0.1246
Coral_loss	: 0.0000
MMD_loss	: 2.6711
cond_ent_wt	: 4.8332
Src_reg_loss	: 0.0495
-------------------------------------
[Epoch : 50/500]
Total_loss	: 0.1241
Coral_loss	: 0.0000
MMD_loss	: 2.6653
cond_ent_wt	: 4.8333
Src_reg_loss	: 0.0491
-------------------------------------
[Epoch : 51/500]
Total_loss	: 0.1236
Coral_loss	: 0.0000
MMD_loss	: 2.6593
cond_ent_wt	: 4.8333
Src_reg_loss	: 0.0487
-------------------------------------
[Epoch : 52/500]
Total_loss	: 0.1232
Coral_loss	: 0.0000
MMD_loss	: 2.6531
cond_ent_wt	: 4.8333
Src_reg_loss	: 0.0483
-------------------------------------
[Epoch : 53/500]
Total_loss	: 0.1227
Coral_loss	: 0.0000
MMD_loss	: 2.6466
cond_ent_wt	: 4.8334
Src_reg_loss	: 0.0479
-------------------------------------
[Epoch : 54/500]
Total_loss	: 0.1223
Coral_loss	: 0.0000
MMD_loss	: 2.6399
cond_ent_wt	: 4.8334
Src_reg_loss	: 0.0476
-------------------------------------
[Epoch : 55/500]
Total_loss	: 0.1219
Coral_loss	: 0.0000
MMD_loss	: 2.6330
cond_ent_wt	: 4.8335
Src_reg_loss	: 0.0472
-------------------------------------
[Epoch : 56/500]
Total_loss	: 0.1214
Coral_loss	: 0.0000
MMD_loss	: 2.6258
cond_ent_wt	: 4.8335
Src_reg_loss	: 0.0468
-------------------------------------
[Epoch : 57/500]
Total_loss	: 0.1210
Coral_loss	: 0.0000
MMD_loss	: 2.6185
cond_ent_wt	: 4.8335
Src_reg_loss	: 0.0465
-------------------------------------
[Epoch : 58/500]
Total_loss	: 0.1206
Coral_loss	: 0.0000
MMD_loss	: 2.6110
cond_ent_wt	: 4.8336
Src_reg_loss	: 0.0462
-------------------------------------
[Epoch : 59/500]
Total_loss	: 0.1202
Coral_loss	: 0.0000
MMD_loss	: 2.6032
cond_ent_wt	: 4.8336
Src_reg_loss	: 0.0459
-------------------------------------
[Epoch : 60/500]
Total_loss	: 0.1198
Coral_loss	: 0.0000
MMD_loss	: 2.5953
cond_ent_wt	: 4.8336
Src_reg_loss	: 0.0456
-------------------------------------
[Epoch : 61/500]
Total_loss	: 0.1195
Coral_loss	: 0.0000
MMD_loss	: 2.5871
cond_ent_wt	: 4.8336
Src_reg_loss	: 0.0453
-------------------------------------
[Epoch : 62/500]
Total_loss	: 0.1191
Coral_loss	: 0.0000
MMD_loss	: 2.5787
cond_ent_wt	: 4.8337
Src_reg_loss	: 0.0450
-------------------------------------
[Epoch : 63/500]
Total_loss	: 0.1187
Coral_loss	: 0.0000
MMD_loss	: 2.5702
cond_ent_wt	: 4.8337
Src_reg_loss	: 0.0447
-------------------------------------
[Epoch : 64/500]
Total_loss	: 0.1184
Coral_loss	: 0.0000
MMD_loss	: 2.5614
cond_ent_wt	: 4.8337
Src_reg_loss	: 0.0444
-------------------------------------
[Epoch : 65/500]
Total_loss	: 0.1180
Coral_loss	: 0.0000
MMD_loss	: 2.5525
cond_ent_wt	: 4.8337
Src_reg_loss	: 0.0441
-------------------------------------
[Epoch : 66/500]
Total_loss	: 0.1176
Coral_loss	: 0.0000
MMD_loss	: 2.5433
cond_ent_wt	: 4.8338
Src_reg_loss	: 0.0439
-------------------------------------
[Epoch : 67/500]
Total_loss	: 0.1173
Coral_loss	: 0.0000
MMD_loss	: 2.5340
cond_ent_wt	: 4.8338
Src_reg_loss	: 0.0436
-------------------------------------
[Epoch : 68/500]
Total_loss	: 0.1169
Coral_loss	: 0.0000
MMD_loss	: 2.5244
cond_ent_wt	: 4.8338
Src_reg_loss	: 0.0434
-------------------------------------
[Epoch : 69/500]
Total_loss	: 0.1166
Coral_loss	: 0.0000
MMD_loss	: 2.5147
cond_ent_wt	: 4.8338
Src_reg_loss	: 0.0431
-------------------------------------
[Epoch : 70/500]
Total_loss	: 0.1162
Coral_loss	: 0.0000
MMD_loss	: 2.5048
cond_ent_wt	: 4.8338
Src_reg_loss	: 0.0429
-------------------------------------
[Epoch : 71/500]
Total_loss	: 0.1159
Coral_loss	: 0.0000
MMD_loss	: 2.4948
cond_ent_wt	: 4.8338
Src_reg_loss	: 0.0426
-------------------------------------
[Epoch : 72/500]
Total_loss	: 0.1156
Coral_loss	: 0.0000
MMD_loss	: 2.4845
cond_ent_wt	: 4.8339
Src_reg_loss	: 0.0424
-------------------------------------
[Epoch : 73/500]
Total_loss	: 0.1152
Coral_loss	: 0.0000
MMD_loss	: 2.4741
cond_ent_wt	: 4.8339
Src_reg_loss	: 0.0422
-------------------------------------
[Epoch : 74/500]
Total_loss	: 0.1149
Coral_loss	: 0.0000
MMD_loss	: 2.4636
cond_ent_wt	: 4.8339
Src_reg_loss	: 0.0419
-------------------------------------
[Epoch : 75/500]
Total_loss	: 0.1146
Coral_loss	: 0.0000
MMD_loss	: 2.4529
cond_ent_wt	: 4.8339
Src_reg_loss	: 0.0417
-------------------------------------
[Epoch : 76/500]
Total_loss	: 0.1143
Coral_loss	: 0.0000
MMD_loss	: 2.4420
cond_ent_wt	: 4.8339
Src_reg_loss	: 0.0415
-------------------------------------
[Epoch : 77/500]
Total_loss	: 0.1139
Coral_loss	: 0.0000
MMD_loss	: 2.4311
cond_ent_wt	: 4.8339
Src_reg_loss	: 0.0413
-------------------------------------
[Epoch : 78/500]
Total_loss	: 0.1136
Coral_loss	: 0.0000
MMD_loss	: 2.4200
cond_ent_wt	: 4.8339
Src_reg_loss	: 0.0411
-------------------------------------
[Epoch : 79/500]
Total_loss	: 0.1133
Coral_loss	: 0.0000
MMD_loss	: 2.4088
cond_ent_wt	: 4.8339
Src_reg_loss	: 0.0409
-------------------------------------
[Epoch : 80/500]
Total_loss	: 0.1130
Coral_loss	: 0.0000
MMD_loss	: 2.3975
cond_ent_wt	: 4.8339
Src_reg_loss	: 0.0407
-------------------------------------
[Epoch : 81/500]
Total_loss	: 0.1127
Coral_loss	: 0.0000
MMD_loss	: 2.3861
cond_ent_wt	: 4.8339
Src_reg_loss	: 0.0405
-------------------------------------
[Epoch : 82/500]
Total_loss	: 0.1124
Coral_loss	: 0.0000
MMD_loss	: 2.3747
cond_ent_wt	: 4.8339
Src_reg_loss	: 0.0403
-------------------------------------
[Epoch : 83/500]
Total_loss	: 0.1120
Coral_loss	: 0.0000
MMD_loss	: 2.3632
cond_ent_wt	: 4.8339
Src_reg_loss	: 0.0401
-------------------------------------
[Epoch : 84/500]
Total_loss	: 0.1117
Coral_loss	: 0.0000
MMD_loss	: 2.3517
cond_ent_wt	: 4.8339
Src_reg_loss	: 0.0399
-------------------------------------
[Epoch : 85/500]
Total_loss	: 0.1114
Coral_loss	: 0.0000
MMD_loss	: 2.3401
cond_ent_wt	: 4.8339
Src_reg_loss	: 0.0397
-------------------------------------
[Epoch : 86/500]
Total_loss	: 0.1111
Coral_loss	: 0.0000
MMD_loss	: 2.3286
cond_ent_wt	: 4.8339
Src_reg_loss	: 0.0395
-------------------------------------
[Epoch : 87/500]
Total_loss	: 0.1108
Coral_loss	: 0.0000
MMD_loss	: 2.3170
cond_ent_wt	: 4.8339
Src_reg_loss	: 0.0393
-------------------------------------
[Epoch : 88/500]
Total_loss	: 0.1105
Coral_loss	: 0.0000
MMD_loss	: 2.3055
cond_ent_wt	: 4.8339
Src_reg_loss	: 0.0391
-------------------------------------
[Epoch : 89/500]
Total_loss	: 0.1102
Coral_loss	: 0.0000
MMD_loss	: 2.2939
cond_ent_wt	: 4.8339
Src_reg_loss	: 0.0390
-------------------------------------
[Epoch : 90/500]
Total_loss	: 0.1099
Coral_loss	: 0.0000
MMD_loss	: 2.2825
cond_ent_wt	: 4.8339
Src_reg_loss	: 0.0388
-------------------------------------
[Epoch : 91/500]
Total_loss	: 0.1096
Coral_loss	: 0.0000
MMD_loss	: 2.2711
cond_ent_wt	: 4.8339
Src_reg_loss	: 0.0386
-------------------------------------
[Epoch : 92/500]
Total_loss	: 0.1094
Coral_loss	: 0.0000
MMD_loss	: 2.2598
cond_ent_wt	: 4.8339
Src_reg_loss	: 0.0384
-------------------------------------
[Epoch : 93/500]
Total_loss	: 0.1091
Coral_loss	: 0.0000
MMD_loss	: 2.2486
cond_ent_wt	: 4.8339
Src_reg_loss	: 0.0383
-------------------------------------
[Epoch : 94/500]
Total_loss	: 0.1088
Coral_loss	: 0.0000
MMD_loss	: 2.2374
cond_ent_wt	: 4.8339
Src_reg_loss	: 0.0381
-------------------------------------
[Epoch : 95/500]
Total_loss	: 0.1085
Coral_loss	: 0.0000
MMD_loss	: 2.2264
cond_ent_wt	: 4.8339
Src_reg_loss	: 0.0379
-------------------------------------
[Epoch : 96/500]
Total_loss	: 0.1082
Coral_loss	: 0.0000
MMD_loss	: 2.2155
cond_ent_wt	: 4.8339
Src_reg_loss	: 0.0377
-------------------------------------
[Epoch : 97/500]
Total_loss	: 0.1080
Coral_loss	: 0.0000
MMD_loss	: 2.2048
cond_ent_wt	: 4.8339
Src_reg_loss	: 0.0376
-------------------------------------
[Epoch : 98/500]
Total_loss	: 0.1077
Coral_loss	: 0.0000
MMD_loss	: 2.1942
cond_ent_wt	: 4.8339
Src_reg_loss	: 0.0374
-------------------------------------
[Epoch : 99/500]
Total_loss	: 0.1074
Coral_loss	: 0.0000
MMD_loss	: 2.1838
cond_ent_wt	: 4.8339
Src_reg_loss	: 0.0373
-------------------------------------
[Epoch : 100/500]
Total_loss	: 0.1072
Coral_loss	: 0.0000
MMD_loss	: 2.1735
cond_ent_wt	: 4.8339
Src_reg_loss	: 0.0371
-------------------------------------
[Epoch : 101/500]
Total_loss	: 0.1069
Coral_loss	: 0.0000
MMD_loss	: 2.1633
cond_ent_wt	: 4.8338
Src_reg_loss	: 0.0369
-------------------------------------
[Epoch : 102/500]
Total_loss	: 0.1067
Coral_loss	: 0.0000
MMD_loss	: 2.1534
cond_ent_wt	: 4.8338
Src_reg_loss	: 0.0368
-------------------------------------
[Epoch : 103/500]
Total_loss	: 0.1064
Coral_loss	: 0.0000
MMD_loss	: 2.1436
cond_ent_wt	: 4.8338
Src_reg_loss	: 0.0366
-------------------------------------
[Epoch : 104/500]
Total_loss	: 0.1062
Coral_loss	: 0.0000
MMD_loss	: 2.1340
cond_ent_wt	: 4.8338
Src_reg_loss	: 0.0365
-------------------------------------
[Epoch : 105/500]
Total_loss	: 0.1059
Coral_loss	: 0.0000
MMD_loss	: 2.1246
cond_ent_wt	: 4.8338
Src_reg_loss	: 0.0363
-------------------------------------
[Epoch : 106/500]
Total_loss	: 0.1057
Coral_loss	: 0.0000
MMD_loss	: 2.1154
cond_ent_wt	: 4.8338
Src_reg_loss	: 0.0362
-------------------------------------
[Epoch : 107/500]
Total_loss	: 0.1054
Coral_loss	: 0.0000
MMD_loss	: 2.1063
cond_ent_wt	: 4.8338
Src_reg_loss	: 0.0360
-------------------------------------
[Epoch : 108/500]
Total_loss	: 0.1052
Coral_loss	: 0.0000
MMD_loss	: 2.0974
cond_ent_wt	: 4.8337
Src_reg_loss	: 0.0359
-------------------------------------
[Epoch : 109/500]
Total_loss	: 0.1050
Coral_loss	: 0.0000
MMD_loss	: 2.0887
cond_ent_wt	: 4.8337
Src_reg_loss	: 0.0357
-------------------------------------
[Epoch : 110/500]
Total_loss	: 0.1047
Coral_loss	: 0.0000
MMD_loss	: 2.0802
cond_ent_wt	: 4.8337
Src_reg_loss	: 0.0356
-------------------------------------
[Epoch : 111/500]
Total_loss	: 0.1045
Coral_loss	: 0.0000
MMD_loss	: 2.0719
cond_ent_wt	: 4.8337
Src_reg_loss	: 0.0355
-------------------------------------
[Epoch : 112/500]
Total_loss	: 0.1043
Coral_loss	: 0.0000
MMD_loss	: 2.0637
cond_ent_wt	: 4.8337
Src_reg_loss	: 0.0353
-------------------------------------
[Epoch : 113/500]
Total_loss	: 0.1041
Coral_loss	: 0.0000
MMD_loss	: 2.0557
cond_ent_wt	: 4.8337
Src_reg_loss	: 0.0352
-------------------------------------
[Epoch : 114/500]
Total_loss	: 0.1039
Coral_loss	: 0.0000
MMD_loss	: 2.0479
cond_ent_wt	: 4.8336
Src_reg_loss	: 0.0350
-------------------------------------
[Epoch : 115/500]
Total_loss	: 0.1036
Coral_loss	: 0.0000
MMD_loss	: 2.0402
cond_ent_wt	: 4.8336
Src_reg_loss	: 0.0349
-------------------------------------
[Epoch : 116/500]
Total_loss	: 0.1034
Coral_loss	: 0.0000
MMD_loss	: 2.0327
cond_ent_wt	: 4.8336
Src_reg_loss	: 0.0348
-------------------------------------
[Epoch : 117/500]
Total_loss	: 0.1032
Coral_loss	: 0.0000
MMD_loss	: 2.0253
cond_ent_wt	: 4.8336
Src_reg_loss	: 0.0346
-------------------------------------
[Epoch : 118/500]
Total_loss	: 0.1030
Coral_loss	: 0.0000
MMD_loss	: 2.0181
cond_ent_wt	: 4.8336
Src_reg_loss	: 0.0345
-------------------------------------
[Epoch : 119/500]
Total_loss	: 0.1028
Coral_loss	: 0.0000
MMD_loss	: 2.0111
cond_ent_wt	: 4.8336
Src_reg_loss	: 0.0344
-------------------------------------
[Epoch : 120/500]
Total_loss	: 0.1026
Coral_loss	: 0.0000
MMD_loss	: 2.0042
cond_ent_wt	: 4.8335
Src_reg_loss	: 0.0343
-------------------------------------
[Epoch : 121/500]
Total_loss	: 0.1024
Coral_loss	: 0.0000
MMD_loss	: 1.9974
cond_ent_wt	: 4.8335
Src_reg_loss	: 0.0341
-------------------------------------
[Epoch : 122/500]
Total_loss	: 0.1023
Coral_loss	: 0.0000
MMD_loss	: 1.9908
cond_ent_wt	: 4.8335
Src_reg_loss	: 0.0340
-------------------------------------
[Epoch : 123/500]
Total_loss	: 0.1021
Coral_loss	: 0.0000
MMD_loss	: 1.9844
cond_ent_wt	: 4.8335
Src_reg_loss	: 0.0339
-------------------------------------
[Epoch : 124/500]
Total_loss	: 0.1019
Coral_loss	: 0.0000
MMD_loss	: 1.9780
cond_ent_wt	: 4.8334
Src_reg_loss	: 0.0338
-------------------------------------
[Epoch : 125/500]
Total_loss	: 0.1017
Coral_loss	: 0.0000
MMD_loss	: 1.9718
cond_ent_wt	: 4.8334
Src_reg_loss	: 0.0336
-------------------------------------
[Epoch : 126/500]
Total_loss	: 0.1015
Coral_loss	: 0.0000
MMD_loss	: 1.9657
cond_ent_wt	: 4.8334
Src_reg_loss	: 0.0335
-------------------------------------
[Epoch : 127/500]
Total_loss	: 0.1013
Coral_loss	: 0.0000
MMD_loss	: 1.9597
cond_ent_wt	: 4.8334
Src_reg_loss	: 0.0334
-------------------------------------
[Epoch : 128/500]
Total_loss	: 0.1012
Coral_loss	: 0.0000
MMD_loss	: 1.9538
cond_ent_wt	: 4.8334
Src_reg_loss	: 0.0333
-------------------------------------
[Epoch : 129/500]
Total_loss	: 0.1010
Coral_loss	: 0.0000
MMD_loss	: 1.9480
cond_ent_wt	: 4.8333
Src_reg_loss	: 0.0332
-------------------------------------
[Epoch : 130/500]
Total_loss	: 0.1008
Coral_loss	: 0.0000
MMD_loss	: 1.9423
cond_ent_wt	: 4.8333
Src_reg_loss	: 0.0331
-------------------------------------
[Epoch : 131/500]
Total_loss	: 0.1007
Coral_loss	: 0.0000
MMD_loss	: 1.9368
cond_ent_wt	: 4.8333
Src_reg_loss	: 0.0330
-------------------------------------
[Epoch : 132/500]
Total_loss	: 0.1005
Coral_loss	: 0.0000
MMD_loss	: 1.9313
cond_ent_wt	: 4.8333
Src_reg_loss	: 0.0328
-------------------------------------
[Epoch : 133/500]
Total_loss	: 0.1003
Coral_loss	: 0.0000
MMD_loss	: 1.9259
cond_ent_wt	: 4.8332
Src_reg_loss	: 0.0327
-------------------------------------
[Epoch : 134/500]
Total_loss	: 0.1002
Coral_loss	: 0.0000
MMD_loss	: 1.9207
cond_ent_wt	: 4.8332
Src_reg_loss	: 0.0326
-------------------------------------
[Epoch : 135/500]
Total_loss	: 0.1000
Coral_loss	: 0.0000
MMD_loss	: 1.9155
cond_ent_wt	: 4.8332
Src_reg_loss	: 0.0325
-------------------------------------
[Epoch : 136/500]
Total_loss	: 0.0999
Coral_loss	: 0.0000
MMD_loss	: 1.9104
cond_ent_wt	: 4.8332
Src_reg_loss	: 0.0324
-------------------------------------
[Epoch : 137/500]
Total_loss	: 0.0997
Coral_loss	: 0.0000
MMD_loss	: 1.9054
cond_ent_wt	: 4.8332
Src_reg_loss	: 0.0323
-------------------------------------
[Epoch : 138/500]
Total_loss	: 0.0995
Coral_loss	: 0.0000
MMD_loss	: 1.9005
cond_ent_wt	: 4.8331
Src_reg_loss	: 0.0322
-------------------------------------
[Epoch : 139/500]
Total_loss	: 0.0994
Coral_loss	: 0.0000
MMD_loss	: 1.8957
cond_ent_wt	: 4.8331
Src_reg_loss	: 0.0321
-------------------------------------
[Epoch : 140/500]
Total_loss	: 0.0992
Coral_loss	: 0.0000
MMD_loss	: 1.8910
cond_ent_wt	: 4.8331
Src_reg_loss	: 0.0320
-------------------------------------
[Epoch : 141/500]
Total_loss	: 0.0991
Coral_loss	: 0.0000
MMD_loss	: 1.8864
cond_ent_wt	: 4.8331
Src_reg_loss	: 0.0319
-------------------------------------
[Epoch : 142/500]
Total_loss	: 0.0990
Coral_loss	: 0.0000
MMD_loss	: 1.8818
cond_ent_wt	: 4.8330
Src_reg_loss	: 0.0318
-------------------------------------
[Epoch : 143/500]
Total_loss	: 0.0988
Coral_loss	: 0.0000
MMD_loss	: 1.8774
cond_ent_wt	: 4.8330
Src_reg_loss	: 0.0317
-------------------------------------
[Epoch : 144/500]
Total_loss	: 0.0987
Coral_loss	: 0.0000
MMD_loss	: 1.8730
cond_ent_wt	: 4.8330
Src_reg_loss	: 0.0316
-------------------------------------
[Epoch : 145/500]
Total_loss	: 0.0985
Coral_loss	: 0.0000
MMD_loss	: 1.8687
cond_ent_wt	: 4.8330
Src_reg_loss	: 0.0315
-------------------------------------
[Epoch : 146/500]
Total_loss	: 0.0984
Coral_loss	: 0.0000
MMD_loss	: 1.8644
cond_ent_wt	: 4.8329
Src_reg_loss	: 0.0314
-------------------------------------
[Epoch : 147/500]
Total_loss	: 0.0982
Coral_loss	: 0.0000
MMD_loss	: 1.8603
cond_ent_wt	: 4.8329
Src_reg_loss	: 0.0313
-------------------------------------
[Epoch : 148/500]
Total_loss	: 0.0981
Coral_loss	: 0.0000
MMD_loss	: 1.8562
cond_ent_wt	: 4.8329
Src_reg_loss	: 0.0312
-------------------------------------
[Epoch : 149/500]
Total_loss	: 0.0980
Coral_loss	: 0.0000
MMD_loss	: 1.8522
cond_ent_wt	: 4.8329
Src_reg_loss	: 0.0311
-------------------------------------
[Epoch : 150/500]
Total_loss	: 0.0978
Coral_loss	: 0.0000
MMD_loss	: 1.8482
cond_ent_wt	: 4.8328
Src_reg_loss	: 0.0310
-------------------------------------
[Epoch : 151/500]
Total_loss	: 0.0977
Coral_loss	: 0.0000
MMD_loss	: 1.8443
cond_ent_wt	: 4.8328
Src_reg_loss	: 0.0309
-------------------------------------
[Epoch : 152/500]
Total_loss	: 0.0976
Coral_loss	: 0.0000
MMD_loss	: 1.8405
cond_ent_wt	: 4.8328
Src_reg_loss	: 0.0309
-------------------------------------
[Epoch : 153/500]
Total_loss	: 0.0975
Coral_loss	: 0.0000
MMD_loss	: 1.8368
cond_ent_wt	: 4.8328
Src_reg_loss	: 0.0308
-------------------------------------
[Epoch : 154/500]
Total_loss	: 0.0973
Coral_loss	: 0.0000
MMD_loss	: 1.8331
cond_ent_wt	: 4.8327
Src_reg_loss	: 0.0307
-------------------------------------
[Epoch : 155/500]
Total_loss	: 0.0972
Coral_loss	: 0.0000
MMD_loss	: 1.8295
cond_ent_wt	: 4.8327
Src_reg_loss	: 0.0306
-------------------------------------
[Epoch : 156/500]
Total_loss	: 0.0971
Coral_loss	: 0.0000
MMD_loss	: 1.8260
cond_ent_wt	: 4.8327
Src_reg_loss	: 0.0305
-------------------------------------
[Epoch : 157/500]
Total_loss	: 0.0970
Coral_loss	: 0.0000
MMD_loss	: 1.8225
cond_ent_wt	: 4.8327
Src_reg_loss	: 0.0304
-------------------------------------
[Epoch : 158/500]
Total_loss	: 0.0968
Coral_loss	: 0.0000
MMD_loss	: 1.8191
cond_ent_wt	: 4.8326
Src_reg_loss	: 0.0303
-------------------------------------
[Epoch : 159/500]
Total_loss	: 0.0967
Coral_loss	: 0.0000
MMD_loss	: 1.8157
cond_ent_wt	: 4.8326
Src_reg_loss	: 0.0302
-------------------------------------
[Epoch : 160/500]
Total_loss	: 0.0966
Coral_loss	: 0.0000
MMD_loss	: 1.8124
cond_ent_wt	: 4.8326
Src_reg_loss	: 0.0301
-------------------------------------
[Epoch : 161/500]
Total_loss	: 0.0965
Coral_loss	: 0.0000
MMD_loss	: 1.8091
cond_ent_wt	: 4.8326
Src_reg_loss	: 0.0301
-------------------------------------
[Epoch : 162/500]
Total_loss	: 0.0964
Coral_loss	: 0.0000
MMD_loss	: 1.8059
cond_ent_wt	: 4.8325
Src_reg_loss	: 0.0300
-------------------------------------
[Epoch : 163/500]
Total_loss	: 0.0962
Coral_loss	: 0.0000
MMD_loss	: 1.8028
cond_ent_wt	: 4.8325
Src_reg_loss	: 0.0299
-------------------------------------
[Epoch : 164/500]
Total_loss	: 0.0961
Coral_loss	: 0.0000
MMD_loss	: 1.7997
cond_ent_wt	: 4.8325
Src_reg_loss	: 0.0298
-------------------------------------
[Epoch : 165/500]
Total_loss	: 0.0960
Coral_loss	: 0.0000
MMD_loss	: 1.7967
cond_ent_wt	: 4.8325
Src_reg_loss	: 0.0297
-------------------------------------
[Epoch : 166/500]
Total_loss	: 0.0959
Coral_loss	: 0.0000
MMD_loss	: 1.7937
cond_ent_wt	: 4.8324
Src_reg_loss	: 0.0296
-------------------------------------
[Epoch : 167/500]
Total_loss	: 0.0958
Coral_loss	: 0.0000
MMD_loss	: 1.7907
cond_ent_wt	: 4.8324
Src_reg_loss	: 0.0296
-------------------------------------
[Epoch : 168/500]
Total_loss	: 0.0957
Coral_loss	: 0.0000
MMD_loss	: 1.7879
cond_ent_wt	: 4.8324
Src_reg_loss	: 0.0295
-------------------------------------
[Epoch : 169/500]
Total_loss	: 0.0956
Coral_loss	: 0.0000
MMD_loss	: 1.7850
cond_ent_wt	: 4.8324
Src_reg_loss	: 0.0294
-------------------------------------
[Epoch : 170/500]
Total_loss	: 0.0955
Coral_loss	: 0.0000
MMD_loss	: 1.7822
cond_ent_wt	: 4.8323
Src_reg_loss	: 0.0293
-------------------------------------
[Epoch : 171/500]
Total_loss	: 0.0954
Coral_loss	: 0.0000
MMD_loss	: 1.7794
cond_ent_wt	: 4.8323
Src_reg_loss	: 0.0293
-------------------------------------
[Epoch : 172/500]
Total_loss	: 0.0953
Coral_loss	: 0.0000
MMD_loss	: 1.7767
cond_ent_wt	: 4.8323
Src_reg_loss	: 0.0292
-------------------------------------
[Epoch : 173/500]
Total_loss	: 0.0952
Coral_loss	: 0.0000
MMD_loss	: 1.7741
cond_ent_wt	: 4.8323
Src_reg_loss	: 0.0291
-------------------------------------
[Epoch : 174/500]
Total_loss	: 0.0951
Coral_loss	: 0.0000
MMD_loss	: 1.7714
cond_ent_wt	: 4.8322
Src_reg_loss	: 0.0290
-------------------------------------
[Epoch : 175/500]
Total_loss	: 0.0950
Coral_loss	: 0.0000
MMD_loss	: 1.7689
cond_ent_wt	: 4.8322
Src_reg_loss	: 0.0289
-------------------------------------
[Epoch : 176/500]
Total_loss	: 0.0949
Coral_loss	: 0.0000
MMD_loss	: 1.7663
cond_ent_wt	: 4.8322
Src_reg_loss	: 0.0289
-------------------------------------
[Epoch : 177/500]
Total_loss	: 0.0948
Coral_loss	: 0.0000
MMD_loss	: 1.7638
cond_ent_wt	: 4.8321
Src_reg_loss	: 0.0288
-------------------------------------
[Epoch : 178/500]
Total_loss	: 0.0947
Coral_loss	: 0.0000
MMD_loss	: 1.7613
cond_ent_wt	: 4.8321
Src_reg_loss	: 0.0287
-------------------------------------
[Epoch : 179/500]
Total_loss	: 0.0946
Coral_loss	: 0.0000
MMD_loss	: 1.7589
cond_ent_wt	: 4.8321
Src_reg_loss	: 0.0286
-------------------------------------
[Epoch : 180/500]
Total_loss	: 0.0945
Coral_loss	: 0.0000
MMD_loss	: 1.7565
cond_ent_wt	: 4.8321
Src_reg_loss	: 0.0286
-------------------------------------
[Epoch : 181/500]
Total_loss	: 0.0944
Coral_loss	: 0.0000
MMD_loss	: 1.7541
cond_ent_wt	: 4.8320
Src_reg_loss	: 0.0285
-------------------------------------
[Epoch : 182/500]
Total_loss	: 0.0943
Coral_loss	: 0.0000
MMD_loss	: 1.7518
cond_ent_wt	: 4.8320
Src_reg_loss	: 0.0284
-------------------------------------
[Epoch : 183/500]
Total_loss	: 0.0942
Coral_loss	: 0.0000
MMD_loss	: 1.7495
cond_ent_wt	: 4.8320
Src_reg_loss	: 0.0284
-------------------------------------
[Epoch : 184/500]
Total_loss	: 0.0941
Coral_loss	: 0.0000
MMD_loss	: 1.7473
cond_ent_wt	: 4.8320
Src_reg_loss	: 0.0283
-------------------------------------
[Epoch : 185/500]
Total_loss	: 0.0940
Coral_loss	: 0.0000
MMD_loss	: 1.7450
cond_ent_wt	: 4.8319
Src_reg_loss	: 0.0282
-------------------------------------
[Epoch : 186/500]
Total_loss	: 0.0939
Coral_loss	: 0.0000
MMD_loss	: 1.7428
cond_ent_wt	: 4.8319
Src_reg_loss	: 0.0281
-------------------------------------
[Epoch : 187/500]
Total_loss	: 0.0938
Coral_loss	: 0.0000
MMD_loss	: 1.7407
cond_ent_wt	: 4.8319
Src_reg_loss	: 0.0281
-------------------------------------
[Epoch : 188/500]
Total_loss	: 0.0937
Coral_loss	: 0.0000
MMD_loss	: 1.7385
cond_ent_wt	: 4.8318
Src_reg_loss	: 0.0280
-------------------------------------
[Epoch : 189/500]
Total_loss	: 0.0936
Coral_loss	: 0.0000
MMD_loss	: 1.7364
cond_ent_wt	: 4.8318
Src_reg_loss	: 0.0279
-------------------------------------
[Epoch : 190/500]
Total_loss	: 0.0935
Coral_loss	: 0.0000
MMD_loss	: 1.7344
cond_ent_wt	: 4.8318
Src_reg_loss	: 0.0279
-------------------------------------
[Epoch : 191/500]
Total_loss	: 0.0934
Coral_loss	: 0.0000
MMD_loss	: 1.7323
cond_ent_wt	: 4.8317
Src_reg_loss	: 0.0278
-------------------------------------
[Epoch : 192/500]
Total_loss	: 0.0934
Coral_loss	: 0.0000
MMD_loss	: 1.7303
cond_ent_wt	: 4.8317
Src_reg_loss	: 0.0277
-------------------------------------
[Epoch : 193/500]
Total_loss	: 0.0933
Coral_loss	: 0.0000
MMD_loss	: 1.7283
cond_ent_wt	: 4.8317
Src_reg_loss	: 0.0277
-------------------------------------
[Epoch : 194/500]
Total_loss	: 0.0932
Coral_loss	: 0.0000
MMD_loss	: 1.7263
cond_ent_wt	: 4.8317
Src_reg_loss	: 0.0276
-------------------------------------
[Epoch : 195/500]
Total_loss	: 0.0931
Coral_loss	: 0.0000
MMD_loss	: 1.7244
cond_ent_wt	: 4.8316
Src_reg_loss	: 0.0275
-------------------------------------
[Epoch : 196/500]
Total_loss	: 0.0930
Coral_loss	: 0.0000
MMD_loss	: 1.7225
cond_ent_wt	: 4.8316
Src_reg_loss	: 0.0275
-------------------------------------
[Epoch : 197/500]
Total_loss	: 0.0929
Coral_loss	: 0.0000
MMD_loss	: 1.7206
cond_ent_wt	: 4.8316
Src_reg_loss	: 0.0274
-------------------------------------
[Epoch : 198/500]
Total_loss	: 0.0928
Coral_loss	: 0.0000
MMD_loss	: 1.7187
cond_ent_wt	: 4.8315
Src_reg_loss	: 0.0273
-------------------------------------
[Epoch : 199/500]
Total_loss	: 0.0928
Coral_loss	: 0.0000
MMD_loss	: 1.7169
cond_ent_wt	: 4.8315
Src_reg_loss	: 0.0273
-------------------------------------
[Epoch : 200/500]
Total_loss	: 0.0927
Coral_loss	: 0.0000
MMD_loss	: 1.7150
cond_ent_wt	: 4.8315
Src_reg_loss	: 0.0272
-------------------------------------
[Epoch : 201/500]
Total_loss	: 0.0926
Coral_loss	: 0.0000
MMD_loss	: 1.7132
cond_ent_wt	: 4.8314
Src_reg_loss	: 0.0271
-------------------------------------
[Epoch : 202/500]
Total_loss	: 0.0925
Coral_loss	: 0.0000
MMD_loss	: 1.7114
cond_ent_wt	: 4.8314
Src_reg_loss	: 0.0271
-------------------------------------
[Epoch : 203/500]
Total_loss	: 0.0924
Coral_loss	: 0.0000
MMD_loss	: 1.7097
cond_ent_wt	: 4.8314
Src_reg_loss	: 0.0270
-------------------------------------
[Epoch : 204/500]
Total_loss	: 0.0923
Coral_loss	: 0.0000
MMD_loss	: 1.7079
cond_ent_wt	: 4.8313
Src_reg_loss	: 0.0270
-------------------------------------
[Epoch : 205/500]
Total_loss	: 0.0923
Coral_loss	: 0.0000
MMD_loss	: 1.7062
cond_ent_wt	: 4.8313
Src_reg_loss	: 0.0269
-------------------------------------
[Epoch : 206/500]
Total_loss	: 0.0922
Coral_loss	: 0.0000
MMD_loss	: 1.7045
cond_ent_wt	: 4.8313
Src_reg_loss	: 0.0268
-------------------------------------
[Epoch : 207/500]
Total_loss	: 0.0921
Coral_loss	: 0.0000
MMD_loss	: 1.7028
cond_ent_wt	: 4.8312
Src_reg_loss	: 0.0268
-------------------------------------
[Epoch : 208/500]
Total_loss	: 0.0920
Coral_loss	: 0.0000
MMD_loss	: 1.7011
cond_ent_wt	: 4.8312
Src_reg_loss	: 0.0267
-------------------------------------
[Epoch : 209/500]
Total_loss	: 0.0920
Coral_loss	: 0.0000
MMD_loss	: 1.6995
cond_ent_wt	: 4.8312
Src_reg_loss	: 0.0266
-------------------------------------
[Epoch : 210/500]
Total_loss	: 0.0919
Coral_loss	: 0.0000
MMD_loss	: 1.6978
cond_ent_wt	: 4.8311
Src_reg_loss	: 0.0266
-------------------------------------
[Epoch : 211/500]
Total_loss	: 0.0918
Coral_loss	: 0.0000
MMD_loss	: 1.6962
cond_ent_wt	: 4.8311
Src_reg_loss	: 0.0265
-------------------------------------
[Epoch : 212/500]
Total_loss	: 0.0917
Coral_loss	: 0.0000
MMD_loss	: 1.6946
cond_ent_wt	: 4.8311
Src_reg_loss	: 0.0265
-------------------------------------
[Epoch : 213/500]
Total_loss	: 0.0917
Coral_loss	: 0.0000
MMD_loss	: 1.6930
cond_ent_wt	: 4.8310
Src_reg_loss	: 0.0264
-------------------------------------
[Epoch : 214/500]
Total_loss	: 0.0916
Coral_loss	: 0.0000
MMD_loss	: 1.6915
cond_ent_wt	: 4.8310
Src_reg_loss	: 0.0264
-------------------------------------
[Epoch : 215/500]
Total_loss	: 0.0915
Coral_loss	: 0.0000
MMD_loss	: 1.6899
cond_ent_wt	: 4.8309
Src_reg_loss	: 0.0263
-------------------------------------
[Epoch : 216/500]
Total_loss	: 0.0914
Coral_loss	: 0.0000
MMD_loss	: 1.6884
cond_ent_wt	: 4.8309
Src_reg_loss	: 0.0262
-------------------------------------
[Epoch : 217/500]
Total_loss	: 0.0914
Coral_loss	: 0.0000
MMD_loss	: 1.6868
cond_ent_wt	: 4.8309
Src_reg_loss	: 0.0262
-------------------------------------
[Epoch : 218/500]
Total_loss	: 0.0913
Coral_loss	: 0.0000
MMD_loss	: 1.6853
cond_ent_wt	: 4.8308
Src_reg_loss	: 0.0261
-------------------------------------
[Epoch : 219/500]
Total_loss	: 0.0912
Coral_loss	: 0.0000
MMD_loss	: 1.6838
cond_ent_wt	: 4.8308
Src_reg_loss	: 0.0261
-------------------------------------
[Epoch : 220/500]
Total_loss	: 0.0911
Coral_loss	: 0.0000
MMD_loss	: 1.6823
cond_ent_wt	: 4.8308
Src_reg_loss	: 0.0260
-------------------------------------
[Epoch : 221/500]
Total_loss	: 0.0911
Coral_loss	: 0.0000
MMD_loss	: 1.6809
cond_ent_wt	: 4.8307
Src_reg_loss	: 0.0260
-------------------------------------
[Epoch : 222/500]
Total_loss	: 0.0910
Coral_loss	: 0.0000
MMD_loss	: 1.6794
cond_ent_wt	: 4.8307
Src_reg_loss	: 0.0259
-------------------------------------
[Epoch : 223/500]
Total_loss	: 0.0909
Coral_loss	: 0.0000
MMD_loss	: 1.6780
cond_ent_wt	: 4.8306
Src_reg_loss	: 0.0258
-------------------------------------
[Epoch : 224/500]
Total_loss	: 0.0909
Coral_loss	: 0.0000
MMD_loss	: 1.6766
cond_ent_wt	: 4.8306
Src_reg_loss	: 0.0258
-------------------------------------
[Epoch : 225/500]
Total_loss	: 0.0908
Coral_loss	: 0.0000
MMD_loss	: 1.6751
cond_ent_wt	: 4.8306
Src_reg_loss	: 0.0257
-------------------------------------
[Epoch : 226/500]
Total_loss	: 0.0907
Coral_loss	: 0.0000
MMD_loss	: 1.6737
cond_ent_wt	: 4.8305
Src_reg_loss	: 0.0257
-------------------------------------
[Epoch : 227/500]
Total_loss	: 0.0907
Coral_loss	: 0.0000
MMD_loss	: 1.6724
cond_ent_wt	: 4.8305
Src_reg_loss	: 0.0256
-------------------------------------
[Epoch : 228/500]
Total_loss	: 0.0906
Coral_loss	: 0.0000
MMD_loss	: 1.6710
cond_ent_wt	: 4.8304
Src_reg_loss	: 0.0256
-------------------------------------
[Epoch : 229/500]
Total_loss	: 0.0905
Coral_loss	: 0.0000
MMD_loss	: 1.6696
cond_ent_wt	: 4.8304
Src_reg_loss	: 0.0255
-------------------------------------
[Epoch : 230/500]
Total_loss	: 0.0905
Coral_loss	: 0.0000
MMD_loss	: 1.6683
cond_ent_wt	: 4.8304
Src_reg_loss	: 0.0255
-------------------------------------
[Epoch : 231/500]
Total_loss	: 0.0904
Coral_loss	: 0.0000
MMD_loss	: 1.6669
cond_ent_wt	: 4.8303
Src_reg_loss	: 0.0254
-------------------------------------
[Epoch : 232/500]
Total_loss	: 0.0903
Coral_loss	: 0.0000
MMD_loss	: 1.6656
cond_ent_wt	: 4.8303
Src_reg_loss	: 0.0254
-------------------------------------
[Epoch : 233/500]
Total_loss	: 0.0903
Coral_loss	: 0.0000
MMD_loss	: 1.6643
cond_ent_wt	: 4.8302
Src_reg_loss	: 0.0253
-------------------------------------
[Epoch : 234/500]
Total_loss	: 0.0902
Coral_loss	: 0.0000
MMD_loss	: 1.6630
cond_ent_wt	: 4.8302
Src_reg_loss	: 0.0253
-------------------------------------
[Epoch : 235/500]
Total_loss	: 0.0901
Coral_loss	: 0.0000
MMD_loss	: 1.6617
cond_ent_wt	: 4.8301
Src_reg_loss	: 0.0252
-------------------------------------
[Epoch : 236/500]
Total_loss	: 0.0901
Coral_loss	: 0.0000
MMD_loss	: 1.6604
cond_ent_wt	: 4.8301
Src_reg_loss	: 0.0252
-------------------------------------
[Epoch : 237/500]
Total_loss	: 0.0900
Coral_loss	: 0.0000
MMD_loss	: 1.6591
cond_ent_wt	: 4.8301
Src_reg_loss	: 0.0251
-------------------------------------
[Epoch : 238/500]
Total_loss	: 0.0899
Coral_loss	: 0.0000
MMD_loss	: 1.6579
cond_ent_wt	: 4.8300
Src_reg_loss	: 0.0251
-------------------------------------
[Epoch : 239/500]
Total_loss	: 0.0899
Coral_loss	: 0.0000
MMD_loss	: 1.6566
cond_ent_wt	: 4.8300
Src_reg_loss	: 0.0250
-------------------------------------
[Epoch : 240/500]
Total_loss	: 0.0898
Coral_loss	: 0.0000
MMD_loss	: 1.6554
cond_ent_wt	: 4.8299
Src_reg_loss	: 0.0250
-------------------------------------
[Epoch : 241/500]
Total_loss	: 0.0897
Coral_loss	: 0.0000
MMD_loss	: 1.6542
cond_ent_wt	: 4.8299
Src_reg_loss	: 0.0249
-------------------------------------
[Epoch : 242/500]
Total_loss	: 0.0897
Coral_loss	: 0.0000
MMD_loss	: 1.6530
cond_ent_wt	: 4.8298
Src_reg_loss	: 0.0249
-------------------------------------
[Epoch : 243/500]
Total_loss	: 0.0896
Coral_loss	: 0.0000
MMD_loss	: 1.6518
cond_ent_wt	: 4.8298
Src_reg_loss	: 0.0248
-------------------------------------
[Epoch : 244/500]
Total_loss	: 0.0896
Coral_loss	: 0.0000
MMD_loss	: 1.6506
cond_ent_wt	: 4.8297
Src_reg_loss	: 0.0248
-------------------------------------
[Epoch : 245/500]
Total_loss	: 0.0895
Coral_loss	: 0.0000
MMD_loss	: 1.6494
cond_ent_wt	: 4.8297
Src_reg_loss	: 0.0247
-------------------------------------
[Epoch : 246/500]
Total_loss	: 0.0894
Coral_loss	: 0.0000
MMD_loss	: 1.6482
cond_ent_wt	: 4.8296
Src_reg_loss	: 0.0247
-------------------------------------
[Epoch : 247/500]
Total_loss	: 0.0894
Coral_loss	: 0.0000
MMD_loss	: 1.6471
cond_ent_wt	: 4.8296
Src_reg_loss	: 0.0246
-------------------------------------
[Epoch : 248/500]
Total_loss	: 0.0893
Coral_loss	: 0.0000
MMD_loss	: 1.6459
cond_ent_wt	: 4.8295
Src_reg_loss	: 0.0246
-------------------------------------
[Epoch : 249/500]
Total_loss	: 0.0893
Coral_loss	: 0.0000
MMD_loss	: 1.6448
cond_ent_wt	: 4.8295
Src_reg_loss	: 0.0245
-------------------------------------
[Epoch : 250/500]
Total_loss	: 0.0892
Coral_loss	: 0.0000
MMD_loss	: 1.6437
cond_ent_wt	: 4.8294
Src_reg_loss	: 0.0245
-------------------------------------
[Epoch : 251/500]
Total_loss	: 0.0891
Coral_loss	: 0.0000
MMD_loss	: 1.6426
cond_ent_wt	: 4.8294
Src_reg_loss	: 0.0244
-------------------------------------
[Epoch : 252/500]
Total_loss	: 0.0891
Coral_loss	: 0.0000
MMD_loss	: 1.6415
cond_ent_wt	: 4.8293
Src_reg_loss	: 0.0244
-------------------------------------
[Epoch : 253/500]
Total_loss	: 0.0890
Coral_loss	: 0.0000
MMD_loss	: 1.6404
cond_ent_wt	: 4.8293
Src_reg_loss	: 0.0243
-------------------------------------
[Epoch : 254/500]
Total_loss	: 0.0890
Coral_loss	: 0.0000
MMD_loss	: 1.6393
cond_ent_wt	: 4.8292
Src_reg_loss	: 0.0243
-------------------------------------
[Epoch : 255/500]
Total_loss	: 0.0889
Coral_loss	: 0.0000
MMD_loss	: 1.6383
cond_ent_wt	: 4.8292
Src_reg_loss	: 0.0242
-------------------------------------
[Epoch : 256/500]
Total_loss	: 0.0889
Coral_loss	: 0.0000
MMD_loss	: 1.6372
cond_ent_wt	: 4.8291
Src_reg_loss	: 0.0242
-------------------------------------
[Epoch : 257/500]
Total_loss	: 0.0888
Coral_loss	: 0.0000
MMD_loss	: 1.6362
cond_ent_wt	: 4.8291
Src_reg_loss	: 0.0242
-------------------------------------
[Epoch : 258/500]
Total_loss	: 0.0888
Coral_loss	: 0.0000
MMD_loss	: 1.6351
cond_ent_wt	: 4.8290
Src_reg_loss	: 0.0241
-------------------------------------
[Epoch : 259/500]
Total_loss	: 0.0887
Coral_loss	: 0.0000
MMD_loss	: 1.6341
cond_ent_wt	: 4.8290
Src_reg_loss	: 0.0241
-------------------------------------
[Epoch : 260/500]
Total_loss	: 0.0886
Coral_loss	: 0.0000
MMD_loss	: 1.6331
cond_ent_wt	: 4.8289
Src_reg_loss	: 0.0240
-------------------------------------
[Epoch : 261/500]
Total_loss	: 0.0886
Coral_loss	: 0.0000
MMD_loss	: 1.6321
cond_ent_wt	: 4.8289
Src_reg_loss	: 0.0240
-------------------------------------
[Epoch : 262/500]
Total_loss	: 0.0885
Coral_loss	: 0.0000
MMD_loss	: 1.6311
cond_ent_wt	: 4.8288
Src_reg_loss	: 0.0239
-------------------------------------
[Epoch : 263/500]
Total_loss	: 0.0885
Coral_loss	: 0.0000
MMD_loss	: 1.6301
cond_ent_wt	: 4.8288
Src_reg_loss	: 0.0239
-------------------------------------
[Epoch : 264/500]
Total_loss	: 0.0884
Coral_loss	: 0.0000
MMD_loss	: 1.6291
cond_ent_wt	: 4.8287
Src_reg_loss	: 0.0238
-------------------------------------
[Epoch : 265/500]
Total_loss	: 0.0884
Coral_loss	: 0.0000
MMD_loss	: 1.6282
cond_ent_wt	: 4.8287
Src_reg_loss	: 0.0238
-------------------------------------
[Epoch : 266/500]
Total_loss	: 0.0883
Coral_loss	: 0.0000
MMD_loss	: 1.6272
cond_ent_wt	: 4.8286
Src_reg_loss	: 0.0238
-------------------------------------
[Epoch : 267/500]
Total_loss	: 0.0883
Coral_loss	: 0.0000
MMD_loss	: 1.6263
cond_ent_wt	: 4.8285
Src_reg_loss	: 0.0237
-------------------------------------
[Epoch : 268/500]
Total_loss	: 0.0882
Coral_loss	: 0.0000
MMD_loss	: 1.6254
cond_ent_wt	: 4.8285
Src_reg_loss	: 0.0237
-------------------------------------
[Epoch : 269/500]
Total_loss	: 0.0882
Coral_loss	: 0.0000
MMD_loss	: 1.6245
cond_ent_wt	: 4.8284
Src_reg_loss	: 0.0236
-------------------------------------
[Epoch : 270/500]
Total_loss	: 0.0881
Coral_loss	: 0.0000
MMD_loss	: 1.6236
cond_ent_wt	: 4.8284
Src_reg_loss	: 0.0236
-------------------------------------
[Epoch : 271/500]
Total_loss	: 0.0881
Coral_loss	: 0.0000
MMD_loss	: 1.6227
cond_ent_wt	: 4.8283
Src_reg_loss	: 0.0236
-------------------------------------
[Epoch : 272/500]
Total_loss	: 0.0880
Coral_loss	: 0.0000
MMD_loss	: 1.6218
cond_ent_wt	: 4.8282
Src_reg_loss	: 0.0235
-------------------------------------
[Epoch : 273/500]
Total_loss	: 0.0880
Coral_loss	: 0.0000
MMD_loss	: 1.6210
cond_ent_wt	: 4.8282
Src_reg_loss	: 0.0235
-------------------------------------
[Epoch : 274/500]
Total_loss	: 0.0879
Coral_loss	: 0.0000
MMD_loss	: 1.6201
cond_ent_wt	: 4.8281
Src_reg_loss	: 0.0234
-------------------------------------
[Epoch : 275/500]
Total_loss	: 0.0879
Coral_loss	: 0.0000
MMD_loss	: 1.6193
cond_ent_wt	: 4.8281
Src_reg_loss	: 0.0234
-------------------------------------
[Epoch : 276/500]
Total_loss	: 0.0878
Coral_loss	: 0.0000
MMD_loss	: 1.6185
cond_ent_wt	: 4.8280
Src_reg_loss	: 0.0233
-------------------------------------
[Epoch : 277/500]
Total_loss	: 0.0878
Coral_loss	: 0.0000
MMD_loss	: 1.6177
cond_ent_wt	: 4.8279
Src_reg_loss	: 0.0233
-------------------------------------
[Epoch : 278/500]
Total_loss	: 0.0877
Coral_loss	: 0.0000
MMD_loss	: 1.6169
cond_ent_wt	: 4.8279
Src_reg_loss	: 0.0233
-------------------------------------
[Epoch : 279/500]
Total_loss	: 0.0877
Coral_loss	: 0.0000
MMD_loss	: 1.6161
cond_ent_wt	: 4.8278
Src_reg_loss	: 0.0232
-------------------------------------
[Epoch : 280/500]
Total_loss	: 0.0876
Coral_loss	: 0.0000
MMD_loss	: 1.6154
cond_ent_wt	: 4.8277
Src_reg_loss	: 0.0232
-------------------------------------
[Epoch : 281/500]
Total_loss	: 0.0876
Coral_loss	: 0.0000
MMD_loss	: 1.6146
cond_ent_wt	: 4.8277
Src_reg_loss	: 0.0231
-------------------------------------
[Epoch : 282/500]
Total_loss	: 0.0875
Coral_loss	: 0.0000
MMD_loss	: 1.6139
cond_ent_wt	: 4.8276
Src_reg_loss	: 0.0231
-------------------------------------
[Epoch : 283/500]
Total_loss	: 0.0875
Coral_loss	: 0.0000
MMD_loss	: 1.6132
cond_ent_wt	: 4.8275
Src_reg_loss	: 0.0231
-------------------------------------
[Epoch : 284/500]
Total_loss	: 0.0874
Coral_loss	: 0.0000
MMD_loss	: 1.6125
cond_ent_wt	: 4.8275
Src_reg_loss	: 0.0230
-------------------------------------
[Epoch : 285/500]
Total_loss	: 0.0874
Coral_loss	: 0.0000
MMD_loss	: 1.6118
cond_ent_wt	: 4.8274
Src_reg_loss	: 0.0230
-------------------------------------
[Epoch : 286/500]
Total_loss	: 0.0873
Coral_loss	: 0.0000
MMD_loss	: 1.6111
cond_ent_wt	: 4.8273
Src_reg_loss	: 0.0230
-------------------------------------
[Epoch : 287/500]
Total_loss	: 0.0873
Coral_loss	: 0.0000
MMD_loss	: 1.6105
cond_ent_wt	: 4.8272
Src_reg_loss	: 0.0229
-------------------------------------
[Epoch : 288/500]
Total_loss	: 0.0873
Coral_loss	: 0.0000
MMD_loss	: 1.6098
cond_ent_wt	: 4.8272
Src_reg_loss	: 0.0229
-------------------------------------
[Epoch : 289/500]
Total_loss	: 0.0872
Coral_loss	: 0.0000
MMD_loss	: 1.6092
cond_ent_wt	: 4.8271
Src_reg_loss	: 0.0228
-------------------------------------
[Epoch : 290/500]
Total_loss	: 0.0872
Coral_loss	: 0.0000
MMD_loss	: 1.6086
cond_ent_wt	: 4.8270
Src_reg_loss	: 0.0228
-------------------------------------
[Epoch : 291/500]
Total_loss	: 0.0871
Coral_loss	: 0.0000
MMD_loss	: 1.6080
cond_ent_wt	: 4.8269
Src_reg_loss	: 0.0228
-------------------------------------
[Epoch : 292/500]
Total_loss	: 0.0871
Coral_loss	: 0.0000
MMD_loss	: 1.6074
cond_ent_wt	: 4.8269
Src_reg_loss	: 0.0227
-------------------------------------
[Epoch : 293/500]
Total_loss	: 0.0870
Coral_loss	: 0.0000
MMD_loss	: 1.6068
cond_ent_wt	: 4.8268
Src_reg_loss	: 0.0227
-------------------------------------
[Epoch : 294/500]
Total_loss	: 0.0870
Coral_loss	: 0.0000
MMD_loss	: 1.6063
cond_ent_wt	: 4.8267
Src_reg_loss	: 0.0227
-------------------------------------
[Epoch : 295/500]
Total_loss	: 0.0869
Coral_loss	: 0.0000
MMD_loss	: 1.6057
cond_ent_wt	: 4.8266
Src_reg_loss	: 0.0226
-------------------------------------
[Epoch : 296/500]
Total_loss	: 0.0869
Coral_loss	: 0.0000
MMD_loss	: 1.6052
cond_ent_wt	: 4.8266
Src_reg_loss	: 0.0226
-------------------------------------
[Epoch : 297/500]
Total_loss	: 0.0869
Coral_loss	: 0.0000
MMD_loss	: 1.6047
cond_ent_wt	: 4.8265
Src_reg_loss	: 0.0225
-------------------------------------
[Epoch : 298/500]
Total_loss	: 0.0868
Coral_loss	: 0.0000
MMD_loss	: 1.6042
cond_ent_wt	: 4.8264
Src_reg_loss	: 0.0225
-------------------------------------
[Epoch : 299/500]
Total_loss	: 0.0868
Coral_loss	: 0.0000
MMD_loss	: 1.6037
cond_ent_wt	: 4.8263
Src_reg_loss	: 0.0225
-------------------------------------
[Epoch : 300/500]
Total_loss	: 0.0867
Coral_loss	: 0.0000
MMD_loss	: 1.6032
cond_ent_wt	: 4.8262
Src_reg_loss	: 0.0224
-------------------------------------
[Epoch : 301/500]
Total_loss	: 0.0867
Coral_loss	: 0.0000
MMD_loss	: 1.6028
cond_ent_wt	: 4.8261
Src_reg_loss	: 0.0224
-------------------------------------
[Epoch : 302/500]
Total_loss	: 0.0867
Coral_loss	: 0.0000
MMD_loss	: 1.6023
cond_ent_wt	: 4.8261
Src_reg_loss	: 0.0224
-------------------------------------
[Epoch : 303/500]
Total_loss	: 0.0866
Coral_loss	: 0.0000
MMD_loss	: 1.6019
cond_ent_wt	: 4.8260
Src_reg_loss	: 0.0223
-------------------------------------
[Epoch : 304/500]
Total_loss	: 0.0866
Coral_loss	: 0.0000
MMD_loss	: 1.6015
cond_ent_wt	: 4.8259
Src_reg_loss	: 0.0223
-------------------------------------
[Epoch : 305/500]
Total_loss	: 0.0865
Coral_loss	: 0.0000
MMD_loss	: 1.6011
cond_ent_wt	: 4.8258
Src_reg_loss	: 0.0223
-------------------------------------
[Epoch : 306/500]
Total_loss	: 0.0865
Coral_loss	: 0.0000
MMD_loss	: 1.6007
cond_ent_wt	: 4.8257
Src_reg_loss	: 0.0222
-------------------------------------
[Epoch : 307/500]
Total_loss	: 0.0865
Coral_loss	: 0.0000
MMD_loss	: 1.6003
cond_ent_wt	: 4.8256
Src_reg_loss	: 0.0222
-------------------------------------
[Epoch : 308/500]
Total_loss	: 0.0864
Coral_loss	: 0.0000
MMD_loss	: 1.6000
cond_ent_wt	: 4.8255
Src_reg_loss	: 0.0222
-------------------------------------
[Epoch : 309/500]
Total_loss	: 0.0864
Coral_loss	: 0.0000
MMD_loss	: 1.5996
cond_ent_wt	: 4.8254
Src_reg_loss	: 0.0221
-------------------------------------
[Epoch : 310/500]
Total_loss	: 0.0863
Coral_loss	: 0.0000
MMD_loss	: 1.5993
cond_ent_wt	: 4.8253
Src_reg_loss	: 0.0221
-------------------------------------
[Epoch : 311/500]
Total_loss	: 0.0863
Coral_loss	: 0.0000
MMD_loss	: 1.5990
cond_ent_wt	: 4.8253
Src_reg_loss	: 0.0221
-------------------------------------
[Epoch : 312/500]
Total_loss	: 0.0863
Coral_loss	: 0.0000
MMD_loss	: 1.5987
cond_ent_wt	: 4.8252
Src_reg_loss	: 0.0220
-------------------------------------
[Epoch : 313/500]
Total_loss	: 0.0862
Coral_loss	: 0.0000
MMD_loss	: 1.5984
cond_ent_wt	: 4.8251
Src_reg_loss	: 0.0220
-------------------------------------
[Epoch : 314/500]
Total_loss	: 0.0862
Coral_loss	: 0.0000
MMD_loss	: 1.5982
cond_ent_wt	: 4.8250
Src_reg_loss	: 0.0220
-------------------------------------
[Epoch : 315/500]
Total_loss	: 0.0862
Coral_loss	: 0.0000
MMD_loss	: 1.5979
cond_ent_wt	: 4.8249
Src_reg_loss	: 0.0219
-------------------------------------
[Epoch : 316/500]
Total_loss	: 0.0861
Coral_loss	: 0.0000
MMD_loss	: 1.5977
cond_ent_wt	: 4.8248
Src_reg_loss	: 0.0219
-------------------------------------
[Epoch : 317/500]
Total_loss	: 0.0861
Coral_loss	: 0.0000
MMD_loss	: 1.5975
cond_ent_wt	: 4.8247
Src_reg_loss	: 0.0219
-------------------------------------
[Epoch : 318/500]
Total_loss	: 0.0861
Coral_loss	: 0.0000
MMD_loss	: 1.5973
cond_ent_wt	: 4.8246
Src_reg_loss	: 0.0218
-------------------------------------
[Epoch : 319/500]
Total_loss	: 0.0860
Coral_loss	: 0.0000
MMD_loss	: 1.5971
cond_ent_wt	: 4.8245
Src_reg_loss	: 0.0218
-------------------------------------
[Epoch : 320/500]
Total_loss	: 0.0860
Coral_loss	: 0.0000
MMD_loss	: 1.5969
cond_ent_wt	: 4.8244
Src_reg_loss	: 0.0218
-------------------------------------
[Epoch : 321/500]
Total_loss	: 0.0860
Coral_loss	: 0.0000
MMD_loss	: 1.5967
cond_ent_wt	: 4.8243
Src_reg_loss	: 0.0217
-------------------------------------
[Epoch : 322/500]
Total_loss	: 0.0859
Coral_loss	: 0.0000
MMD_loss	: 1.5966
cond_ent_wt	: 4.8242
Src_reg_loss	: 0.0217
-------------------------------------
[Epoch : 323/500]
Total_loss	: 0.0859
Coral_loss	: 0.0000
MMD_loss	: 1.5965
cond_ent_wt	: 4.8241
Src_reg_loss	: 0.0217
-------------------------------------
[Epoch : 324/500]
Total_loss	: 0.0859
Coral_loss	: 0.0000
MMD_loss	: 1.5963
cond_ent_wt	: 4.8239
Src_reg_loss	: 0.0216
-------------------------------------
[Epoch : 325/500]
Total_loss	: 0.0858
Coral_loss	: 0.0000
MMD_loss	: 1.5962
cond_ent_wt	: 4.8238
Src_reg_loss	: 0.0216
-------------------------------------
[Epoch : 326/500]
Total_loss	: 0.0858
Coral_loss	: 0.0000
MMD_loss	: 1.5961
cond_ent_wt	: 4.8237
Src_reg_loss	: 0.0216
-------------------------------------
[Epoch : 327/500]
Total_loss	: 0.0858
Coral_loss	: 0.0000
MMD_loss	: 1.5961
cond_ent_wt	: 4.8236
Src_reg_loss	: 0.0216
-------------------------------------
[Epoch : 328/500]
Total_loss	: 0.0857
Coral_loss	: 0.0000
MMD_loss	: 1.5960
cond_ent_wt	: 4.8235
Src_reg_loss	: 0.0215
-------------------------------------
[Epoch : 329/500]
Total_loss	: 0.0857
Coral_loss	: 0.0000
MMD_loss	: 1.5960
cond_ent_wt	: 4.8234
Src_reg_loss	: 0.0215
-------------------------------------
[Epoch : 330/500]
Total_loss	: 0.0857
Coral_loss	: 0.0000
MMD_loss	: 1.5959
cond_ent_wt	: 4.8233
Src_reg_loss	: 0.0215
-------------------------------------
[Epoch : 331/500]
Total_loss	: 0.0856
Coral_loss	: 0.0000
MMD_loss	: 1.5959
cond_ent_wt	: 4.8232
Src_reg_loss	: 0.0214
-------------------------------------
[Epoch : 332/500]
Total_loss	: 0.0856
Coral_loss	: 0.0000
MMD_loss	: 1.5959
cond_ent_wt	: 4.8231
Src_reg_loss	: 0.0214
-------------------------------------
[Epoch : 333/500]
Total_loss	: 0.0856
Coral_loss	: 0.0000
MMD_loss	: 1.5959
cond_ent_wt	: 4.8229
Src_reg_loss	: 0.0214
-------------------------------------
[Epoch : 334/500]
Total_loss	: 0.0855
Coral_loss	: 0.0000
MMD_loss	: 1.5960
cond_ent_wt	: 4.8228
Src_reg_loss	: 0.0213
-------------------------------------
[Epoch : 335/500]
Total_loss	: 0.0855
Coral_loss	: 0.0000
MMD_loss	: 1.5960
cond_ent_wt	: 4.8227
Src_reg_loss	: 0.0213
-------------------------------------
[Epoch : 336/500]
Total_loss	: 0.0855
Coral_loss	: 0.0000
MMD_loss	: 1.5961
cond_ent_wt	: 4.8226
Src_reg_loss	: 0.0213
-------------------------------------
[Epoch : 337/500]
Total_loss	: 0.0854
Coral_loss	: 0.0000
MMD_loss	: 1.5961
cond_ent_wt	: 4.8225
Src_reg_loss	: 0.0213
-------------------------------------
[Epoch : 338/500]
Total_loss	: 0.0854
Coral_loss	: 0.0000
MMD_loss	: 1.5962
cond_ent_wt	: 4.8224
Src_reg_loss	: 0.0212
-------------------------------------
[Epoch : 339/500]
Total_loss	: 0.0854
Coral_loss	: 0.0000
MMD_loss	: 1.5963
cond_ent_wt	: 4.8222
Src_reg_loss	: 0.0212
-------------------------------------
[Epoch : 340/500]
Total_loss	: 0.0854
Coral_loss	: 0.0000
MMD_loss	: 1.5964
cond_ent_wt	: 4.8221
Src_reg_loss	: 0.0212
-------------------------------------
[Epoch : 341/500]
Total_loss	: 0.0853
Coral_loss	: 0.0000
MMD_loss	: 1.5965
cond_ent_wt	: 4.8220
Src_reg_loss	: 0.0211
-------------------------------------
[Epoch : 342/500]
Total_loss	: 0.0853
Coral_loss	: 0.0000
MMD_loss	: 1.5966
cond_ent_wt	: 4.8219
Src_reg_loss	: 0.0211
-------------------------------------
[Epoch : 343/500]
Total_loss	: 0.0853
Coral_loss	: 0.0000
MMD_loss	: 1.5968
cond_ent_wt	: 4.8217
Src_reg_loss	: 0.0211
-------------------------------------
[Epoch : 344/500]
Total_loss	: 0.0852
Coral_loss	: 0.0000
MMD_loss	: 1.5970
cond_ent_wt	: 4.8216
Src_reg_loss	: 0.0211
-------------------------------------
[Epoch : 345/500]
Total_loss	: 0.0852
Coral_loss	: 0.0000
MMD_loss	: 1.5971
cond_ent_wt	: 4.8215
Src_reg_loss	: 0.0210
-------------------------------------
[Epoch : 346/500]
Total_loss	: 0.0852
Coral_loss	: 0.0000
MMD_loss	: 1.5973
cond_ent_wt	: 4.8213
Src_reg_loss	: 0.0210
-------------------------------------
[Epoch : 347/500]
Total_loss	: 0.0852
Coral_loss	: 0.0000
MMD_loss	: 1.5975
cond_ent_wt	: 4.8212
Src_reg_loss	: 0.0210
-------------------------------------
[Epoch : 348/500]
Total_loss	: 0.0851
Coral_loss	: 0.0000
MMD_loss	: 1.5977
cond_ent_wt	: 4.8211
Src_reg_loss	: 0.0209
-------------------------------------
[Epoch : 349/500]
Total_loss	: 0.0851
Coral_loss	: 0.0000
MMD_loss	: 1.5979
cond_ent_wt	: 4.8209
Src_reg_loss	: 0.0209
-------------------------------------
[Epoch : 350/500]
Total_loss	: 0.0851
Coral_loss	: 0.0000
MMD_loss	: 1.5982
cond_ent_wt	: 4.8208
Src_reg_loss	: 0.0209
-------------------------------------
[Epoch : 351/500]
Total_loss	: 0.0850
Coral_loss	: 0.0000
MMD_loss	: 1.5984
cond_ent_wt	: 4.8207
Src_reg_loss	: 0.0209
-------------------------------------
[Epoch : 352/500]
Total_loss	: 0.0850
Coral_loss	: 0.0000
MMD_loss	: 1.5987
cond_ent_wt	: 4.8205
Src_reg_loss	: 0.0208
-------------------------------------
[Epoch : 353/500]
Total_loss	: 0.0850
Coral_loss	: 0.0000
MMD_loss	: 1.5990
cond_ent_wt	: 4.8204
Src_reg_loss	: 0.0208
-------------------------------------
[Epoch : 354/500]
Total_loss	: 0.0850
Coral_loss	: 0.0000
MMD_loss	: 1.5992
cond_ent_wt	: 4.8202
Src_reg_loss	: 0.0208
-------------------------------------
[Epoch : 355/500]
Total_loss	: 0.0849
Coral_loss	: 0.0000
MMD_loss	: 1.5995
cond_ent_wt	: 4.8201
Src_reg_loss	: 0.0208
-------------------------------------
[Epoch : 356/500]
Total_loss	: 0.0849
Coral_loss	: 0.0000
MMD_loss	: 1.5998
cond_ent_wt	: 4.8200
Src_reg_loss	: 0.0207
-------------------------------------
[Epoch : 357/500]
Total_loss	: 0.0849
Coral_loss	: 0.0000
MMD_loss	: 1.6002
cond_ent_wt	: 4.8198
Src_reg_loss	: 0.0207
-------------------------------------
[Epoch : 358/500]
Total_loss	: 0.0849
Coral_loss	: 0.0000
MMD_loss	: 1.6005
cond_ent_wt	: 4.8197
Src_reg_loss	: 0.0207
-------------------------------------
[Epoch : 359/500]
Total_loss	: 0.0848
Coral_loss	: 0.0000
MMD_loss	: 1.6008
cond_ent_wt	: 4.8195
Src_reg_loss	: 0.0206
-------------------------------------
[Epoch : 360/500]
Total_loss	: 0.0848
Coral_loss	: 0.0000
MMD_loss	: 1.6012
cond_ent_wt	: 4.8194
Src_reg_loss	: 0.0206
-------------------------------------
[Epoch : 361/500]
Total_loss	: 0.0848
Coral_loss	: 0.0000
MMD_loss	: 1.6015
cond_ent_wt	: 4.8192
Src_reg_loss	: 0.0206
-------------------------------------
[Epoch : 362/500]
Total_loss	: 0.0848
Coral_loss	: 0.0000
MMD_loss	: 1.6019
cond_ent_wt	: 4.8191
Src_reg_loss	: 0.0206
-------------------------------------
[Epoch : 363/500]
Total_loss	: 0.0848
Coral_loss	: 0.0000
MMD_loss	: 1.6023
cond_ent_wt	: 4.8189
Src_reg_loss	: 0.0205
-------------------------------------
[Epoch : 364/500]
Total_loss	: 0.0847
Coral_loss	: 0.0000
MMD_loss	: 1.6027
cond_ent_wt	: 4.8188
Src_reg_loss	: 0.0205
-------------------------------------
[Epoch : 365/500]
Total_loss	: 0.0847
Coral_loss	: 0.0000
MMD_loss	: 1.6031
cond_ent_wt	: 4.8186
Src_reg_loss	: 0.0205
-------------------------------------
[Epoch : 366/500]
Total_loss	: 0.0847
Coral_loss	: 0.0000
MMD_loss	: 1.6035
cond_ent_wt	: 4.8184
Src_reg_loss	: 0.0205
-------------------------------------
[Epoch : 367/500]
Total_loss	: 0.0847
Coral_loss	: 0.0000
MMD_loss	: 1.6039
cond_ent_wt	: 4.8183
Src_reg_loss	: 0.0204
-------------------------------------
[Epoch : 368/500]
Total_loss	: 0.0846
Coral_loss	: 0.0000
MMD_loss	: 1.6043
cond_ent_wt	: 4.8181
Src_reg_loss	: 0.0204
-------------------------------------
[Epoch : 369/500]
Total_loss	: 0.0846
Coral_loss	: 0.0000
MMD_loss	: 1.6048
cond_ent_wt	: 4.8180
Src_reg_loss	: 0.0204
-------------------------------------
[Epoch : 370/500]
Total_loss	: 0.0846
Coral_loss	: 0.0000
MMD_loss	: 1.6052
cond_ent_wt	: 4.8178
Src_reg_loss	: 0.0204
-------------------------------------
[Epoch : 371/500]
Total_loss	: 0.0846
Coral_loss	: 0.0000
MMD_loss	: 1.6057
cond_ent_wt	: 4.8176
Src_reg_loss	: 0.0203
-------------------------------------
[Epoch : 372/500]
Total_loss	: 0.0845
Coral_loss	: 0.0000
MMD_loss	: 1.6061
cond_ent_wt	: 4.8175
Src_reg_loss	: 0.0203
-------------------------------------
[Epoch : 373/500]
Total_loss	: 0.0845
Coral_loss	: 0.0000
MMD_loss	: 1.6066
cond_ent_wt	: 4.8173
Src_reg_loss	: 0.0203
-------------------------------------
[Epoch : 374/500]
Total_loss	: 0.0845
Coral_loss	: 0.0000
MMD_loss	: 1.6071
cond_ent_wt	: 4.8171
Src_reg_loss	: 0.0203
-------------------------------------
[Epoch : 375/500]
Total_loss	: 0.0845
Coral_loss	: 0.0000
MMD_loss	: 1.6076
cond_ent_wt	: 4.8170
Src_reg_loss	: 0.0202
-------------------------------------
[Epoch : 376/500]
Total_loss	: 0.0845
Coral_loss	: 0.0000
MMD_loss	: 1.6081
cond_ent_wt	: 4.8168
Src_reg_loss	: 0.0202
-------------------------------------
[Epoch : 377/500]
Total_loss	: 0.0844
Coral_loss	: 0.0000
MMD_loss	: 1.6086
cond_ent_wt	: 4.8166
Src_reg_loss	: 0.0202
-------------------------------------
[Epoch : 378/500]
Total_loss	: 0.0844
Coral_loss	: 0.0000
MMD_loss	: 1.6091
cond_ent_wt	: 4.8165
Src_reg_loss	: 0.0202
-------------------------------------
[Epoch : 379/500]
Total_loss	: 0.0844
Coral_loss	: 0.0000
MMD_loss	: 1.6096
cond_ent_wt	: 4.8163
Src_reg_loss	: 0.0201
-------------------------------------
[Epoch : 380/500]
Total_loss	: 0.0844
Coral_loss	: 0.0000
MMD_loss	: 1.6102
cond_ent_wt	: 4.8161
Src_reg_loss	: 0.0201
-------------------------------------
[Epoch : 381/500]
Total_loss	: 0.0844
Coral_loss	: 0.0000
MMD_loss	: 1.6107
cond_ent_wt	: 4.8159
Src_reg_loss	: 0.0201
-------------------------------------
[Epoch : 382/500]
Total_loss	: 0.0843
Coral_loss	: 0.0000
MMD_loss	: 1.6112
cond_ent_wt	: 4.8158
Src_reg_loss	: 0.0201
-------------------------------------
[Epoch : 383/500]
Total_loss	: 0.0843
Coral_loss	: 0.0000
MMD_loss	: 1.6118
cond_ent_wt	: 4.8156
Src_reg_loss	: 0.0200
-------------------------------------
[Epoch : 384/500]
Total_loss	: 0.0843
Coral_loss	: 0.0000
MMD_loss	: 1.6123
cond_ent_wt	: 4.8154
Src_reg_loss	: 0.0200
-------------------------------------
[Epoch : 385/500]
Total_loss	: 0.0843
Coral_loss	: 0.0000
MMD_loss	: 1.6129
cond_ent_wt	: 4.8152
Src_reg_loss	: 0.0200
-------------------------------------
[Epoch : 386/500]
Total_loss	: 0.0843
Coral_loss	: 0.0000
MMD_loss	: 1.6135
cond_ent_wt	: 4.8150
Src_reg_loss	: 0.0200
-------------------------------------
[Epoch : 387/500]
Total_loss	: 0.0842
Coral_loss	: 0.0000
MMD_loss	: 1.6141
cond_ent_wt	: 4.8148
Src_reg_loss	: 0.0199
-------------------------------------
[Epoch : 388/500]
Total_loss	: 0.0842
Coral_loss	: 0.0000
MMD_loss	: 1.6146
cond_ent_wt	: 4.8147
Src_reg_loss	: 0.0199
-------------------------------------
[Epoch : 389/500]
Total_loss	: 0.0842
Coral_loss	: 0.0000
MMD_loss	: 1.6152
cond_ent_wt	: 4.8145
Src_reg_loss	: 0.0199
-------------------------------------
[Epoch : 390/500]
Total_loss	: 0.0842
Coral_loss	: 0.0000
MMD_loss	: 1.6158
cond_ent_wt	: 4.8143
Src_reg_loss	: 0.0199
-------------------------------------
[Epoch : 391/500]
Total_loss	: 0.0842
Coral_loss	: 0.0000
MMD_loss	: 1.6164
cond_ent_wt	: 4.8141
Src_reg_loss	: 0.0199
-------------------------------------
[Epoch : 392/500]
Total_loss	: 0.0841
Coral_loss	: 0.0000
MMD_loss	: 1.6170
cond_ent_wt	: 4.8139
Src_reg_loss	: 0.0198
-------------------------------------
[Epoch : 393/500]
Total_loss	: 0.0841
Coral_loss	: 0.0000
MMD_loss	: 1.6176
cond_ent_wt	: 4.8137
Src_reg_loss	: 0.0198
-------------------------------------
[Epoch : 394/500]
Total_loss	: 0.0841
Coral_loss	: 0.0000
MMD_loss	: 1.6183
cond_ent_wt	: 4.8135
Src_reg_loss	: 0.0198
-------------------------------------
[Epoch : 395/500]
Total_loss	: 0.0841
Coral_loss	: 0.0000
MMD_loss	: 1.6189
cond_ent_wt	: 4.8133
Src_reg_loss	: 0.0198
-------------------------------------
[Epoch : 396/500]
Total_loss	: 0.0841
Coral_loss	: 0.0000
MMD_loss	: 1.6195
cond_ent_wt	: 4.8131
Src_reg_loss	: 0.0197
-------------------------------------
[Epoch : 397/500]
Total_loss	: 0.0841
Coral_loss	: 0.0000
MMD_loss	: 1.6201
cond_ent_wt	: 4.8130
Src_reg_loss	: 0.0197
-------------------------------------
[Epoch : 398/500]
Total_loss	: 0.0840
Coral_loss	: 0.0000
MMD_loss	: 1.6208
cond_ent_wt	: 4.8128
Src_reg_loss	: 0.0197
-------------------------------------
[Epoch : 399/500]
Total_loss	: 0.0840
Coral_loss	: 0.0000
MMD_loss	: 1.6214
cond_ent_wt	: 4.8126
Src_reg_loss	: 0.0197
-------------------------------------
[Epoch : 400/500]
Total_loss	: 0.0840
Coral_loss	: 0.0000
MMD_loss	: 1.6221
cond_ent_wt	: 4.8124
Src_reg_loss	: 0.0197
-------------------------------------
[Epoch : 401/500]
Total_loss	: 0.0840
Coral_loss	: 0.0000
MMD_loss	: 1.6227
cond_ent_wt	: 4.8122
Src_reg_loss	: 0.0196
-------------------------------------
[Epoch : 402/500]
Total_loss	: 0.0840
Coral_loss	: 0.0000
MMD_loss	: 1.6234
cond_ent_wt	: 4.8120
Src_reg_loss	: 0.0196
-------------------------------------
[Epoch : 403/500]
Total_loss	: 0.0839
Coral_loss	: 0.0000
MMD_loss	: 1.6240
cond_ent_wt	: 4.8118
Src_reg_loss	: 0.0196
-------------------------------------
[Epoch : 404/500]
Total_loss	: 0.0839
Coral_loss	: 0.0000
MMD_loss	: 1.6247
cond_ent_wt	: 4.8116
Src_reg_loss	: 0.0196
-------------------------------------
[Epoch : 405/500]
Total_loss	: 0.0839
Coral_loss	: 0.0000
MMD_loss	: 1.6254
cond_ent_wt	: 4.8114
Src_reg_loss	: 0.0195
-------------------------------------
[Epoch : 406/500]
Total_loss	: 0.0839
Coral_loss	: 0.0000
MMD_loss	: 1.6261
cond_ent_wt	: 4.8112
Src_reg_loss	: 0.0195
-------------------------------------
[Epoch : 407/500]
Total_loss	: 0.0839
Coral_loss	: 0.0000
MMD_loss	: 1.6267
cond_ent_wt	: 4.8109
Src_reg_loss	: 0.0195
-------------------------------------
[Epoch : 408/500]
Total_loss	: 0.0839
Coral_loss	: 0.0000
MMD_loss	: 1.6274
cond_ent_wt	: 4.8107
Src_reg_loss	: 0.0195
-------------------------------------
[Epoch : 409/500]
Total_loss	: 0.0838
Coral_loss	: 0.0000
MMD_loss	: 1.6281
cond_ent_wt	: 4.8105
Src_reg_loss	: 0.0195
-------------------------------------
[Epoch : 410/500]
Total_loss	: 0.0838
Coral_loss	: 0.0000
MMD_loss	: 1.6288
cond_ent_wt	: 4.8103
Src_reg_loss	: 0.0194
-------------------------------------
[Epoch : 411/500]
Total_loss	: 0.0838
Coral_loss	: 0.0000
MMD_loss	: 1.6295
cond_ent_wt	: 4.8101
Src_reg_loss	: 0.0194
-------------------------------------
[Epoch : 412/500]
Total_loss	: 0.0838
Coral_loss	: 0.0000
MMD_loss	: 1.6302
cond_ent_wt	: 4.8099
Src_reg_loss	: 0.0194
-------------------------------------
[Epoch : 413/500]
Total_loss	: 0.0838
Coral_loss	: 0.0000
MMD_loss	: 1.6309
cond_ent_wt	: 4.8097
Src_reg_loss	: 0.0194
-------------------------------------
[Epoch : 414/500]
Total_loss	: 0.0838
Coral_loss	: 0.0000
MMD_loss	: 1.6316
cond_ent_wt	: 4.8095
Src_reg_loss	: 0.0194
-------------------------------------
[Epoch : 415/500]
Total_loss	: 0.0837
Coral_loss	: 0.0000
MMD_loss	: 1.6323
cond_ent_wt	: 4.8093
Src_reg_loss	: 0.0193
-------------------------------------
[Epoch : 416/500]
Total_loss	: 0.0837
Coral_loss	: 0.0000
MMD_loss	: 1.6330
cond_ent_wt	: 4.8090
Src_reg_loss	: 0.0193
-------------------------------------
[Epoch : 417/500]
Total_loss	: 0.0837
Coral_loss	: 0.0000
MMD_loss	: 1.6338
cond_ent_wt	: 4.8088
Src_reg_loss	: 0.0193
-------------------------------------
[Epoch : 418/500]
Total_loss	: 0.0837
Coral_loss	: 0.0000
MMD_loss	: 1.6345
cond_ent_wt	: 4.8086
Src_reg_loss	: 0.0193
-------------------------------------
[Epoch : 419/500]
Total_loss	: 0.0837
Coral_loss	: 0.0000
MMD_loss	: 1.6352
cond_ent_wt	: 4.8084
Src_reg_loss	: 0.0192
-------------------------------------
[Epoch : 420/500]
Total_loss	: 0.0837
Coral_loss	: 0.0000
MMD_loss	: 1.6359
cond_ent_wt	: 4.8082
Src_reg_loss	: 0.0192
-------------------------------------
[Epoch : 421/500]
Total_loss	: 0.0837
Coral_loss	: 0.0000
MMD_loss	: 1.6367
cond_ent_wt	: 4.8080
Src_reg_loss	: 0.0192
-------------------------------------
[Epoch : 422/500]
Total_loss	: 0.0836
Coral_loss	: 0.0000
MMD_loss	: 1.6374
cond_ent_wt	: 4.8077
Src_reg_loss	: 0.0192
-------------------------------------
[Epoch : 423/500]
Total_loss	: 0.0836
Coral_loss	: 0.0000
MMD_loss	: 1.6381
cond_ent_wt	: 4.8075
Src_reg_loss	: 0.0192
-------------------------------------
[Epoch : 424/500]
Total_loss	: 0.0836
Coral_loss	: 0.0000
MMD_loss	: 1.6389
cond_ent_wt	: 4.8073
Src_reg_loss	: 0.0191
-------------------------------------
[Epoch : 425/500]
Total_loss	: 0.0836
Coral_loss	: 0.0000
MMD_loss	: 1.6396
cond_ent_wt	: 4.8071
Src_reg_loss	: 0.0191
-------------------------------------
[Epoch : 426/500]
Total_loss	: 0.0836
Coral_loss	: 0.0000
MMD_loss	: 1.6404
cond_ent_wt	: 4.8068
Src_reg_loss	: 0.0191
-------------------------------------
[Epoch : 427/500]
Total_loss	: 0.0836
Coral_loss	: 0.0000
MMD_loss	: 1.6411
cond_ent_wt	: 4.8066
Src_reg_loss	: 0.0191
-------------------------------------
[Epoch : 428/500]
Total_loss	: 0.0835
Coral_loss	: 0.0000
MMD_loss	: 1.6418
cond_ent_wt	: 4.8064
Src_reg_loss	: 0.0191
-------------------------------------
[Epoch : 429/500]
Total_loss	: 0.0835
Coral_loss	: 0.0000
MMD_loss	: 1.6426
cond_ent_wt	: 4.8062
Src_reg_loss	: 0.0190
-------------------------------------
[Epoch : 430/500]
Total_loss	: 0.0835
Coral_loss	: 0.0000
MMD_loss	: 1.6433
cond_ent_wt	: 4.8059
Src_reg_loss	: 0.0190
-------------------------------------
[Epoch : 431/500]
Total_loss	: 0.0835
Coral_loss	: 0.0000
MMD_loss	: 1.6441
cond_ent_wt	: 4.8057
Src_reg_loss	: 0.0190
-------------------------------------
[Epoch : 432/500]
Total_loss	: 0.0835
Coral_loss	: 0.0000
MMD_loss	: 1.6449
cond_ent_wt	: 4.8055
Src_reg_loss	: 0.0190
-------------------------------------
[Epoch : 433/500]
Total_loss	: 0.0835
Coral_loss	: 0.0000
MMD_loss	: 1.6456
cond_ent_wt	: 4.8052
Src_reg_loss	: 0.0190
-------------------------------------
[Epoch : 434/500]
Total_loss	: 0.0835
Coral_loss	: 0.0000
MMD_loss	: 1.6464
cond_ent_wt	: 4.8050
Src_reg_loss	: 0.0189
-------------------------------------
[Epoch : 435/500]
Total_loss	: 0.0834
Coral_loss	: 0.0000
MMD_loss	: 1.6471
cond_ent_wt	: 4.8048
Src_reg_loss	: 0.0189
-------------------------------------
[Epoch : 436/500]
Total_loss	: 0.0834
Coral_loss	: 0.0000
MMD_loss	: 1.6479
cond_ent_wt	: 4.8046
Src_reg_loss	: 0.0189
-------------------------------------
[Epoch : 437/500]
Total_loss	: 0.0834
Coral_loss	: 0.0000
MMD_loss	: 1.6487
cond_ent_wt	: 4.8043
Src_reg_loss	: 0.0189
-------------------------------------
[Epoch : 438/500]
Total_loss	: 0.0834
Coral_loss	: 0.0000
MMD_loss	: 1.6494
cond_ent_wt	: 4.8041
Src_reg_loss	: 0.0189
-------------------------------------
[Epoch : 439/500]
Total_loss	: 0.0834
Coral_loss	: 0.0000
MMD_loss	: 1.6502
cond_ent_wt	: 4.8038
Src_reg_loss	: 0.0189
-------------------------------------
[Epoch : 440/500]
Total_loss	: 0.0834
Coral_loss	: 0.0000
MMD_loss	: 1.6509
cond_ent_wt	: 4.8036
Src_reg_loss	: 0.0188
-------------------------------------
[Epoch : 441/500]
Total_loss	: 0.0834
Coral_loss	: 0.0000
MMD_loss	: 1.6517
cond_ent_wt	: 4.8034
Src_reg_loss	: 0.0188
-------------------------------------
[Epoch : 442/500]
Total_loss	: 0.0834
Coral_loss	: 0.0000
MMD_loss	: 1.6525
cond_ent_wt	: 4.8031
Src_reg_loss	: 0.0188
-------------------------------------
[Epoch : 443/500]
Total_loss	: 0.0833
Coral_loss	: 0.0000
MMD_loss	: 1.6533
cond_ent_wt	: 4.8029
Src_reg_loss	: 0.0188
-------------------------------------
[Epoch : 444/500]
Total_loss	: 0.0833
Coral_loss	: 0.0000
MMD_loss	: 1.6540
cond_ent_wt	: 4.8027
Src_reg_loss	: 0.0188
-------------------------------------
[Epoch : 445/500]
Total_loss	: 0.0833
Coral_loss	: 0.0000
MMD_loss	: 1.6548
cond_ent_wt	: 4.8024
Src_reg_loss	: 0.0187
-------------------------------------
[Epoch : 446/500]
Total_loss	: 0.0833
Coral_loss	: 0.0000
MMD_loss	: 1.6556
cond_ent_wt	: 4.8022
Src_reg_loss	: 0.0187
-------------------------------------
[Epoch : 447/500]
Total_loss	: 0.0833
Coral_loss	: 0.0000
MMD_loss	: 1.6563
cond_ent_wt	: 4.8019
Src_reg_loss	: 0.0187
-------------------------------------
[Epoch : 448/500]
Total_loss	: 0.0833
Coral_loss	: 0.0000
MMD_loss	: 1.6571
cond_ent_wt	: 4.8017
Src_reg_loss	: 0.0187
-------------------------------------
[Epoch : 449/500]
Total_loss	: 0.0833
Coral_loss	: 0.0000
MMD_loss	: 1.6579
cond_ent_wt	: 4.8015
Src_reg_loss	: 0.0187
-------------------------------------
[Epoch : 450/500]
Total_loss	: 0.0832
Coral_loss	: 0.0000
MMD_loss	: 1.6587
cond_ent_wt	: 4.8012
Src_reg_loss	: 0.0186
-------------------------------------
[Epoch : 451/500]
Total_loss	: 0.0832
Coral_loss	: 0.0000
MMD_loss	: 1.6594
cond_ent_wt	: 4.8010
Src_reg_loss	: 0.0186
-------------------------------------
[Epoch : 452/500]
Total_loss	: 0.0832
Coral_loss	: 0.0000
MMD_loss	: 1.6602
cond_ent_wt	: 4.8007
Src_reg_loss	: 0.0186
-------------------------------------
[Epoch : 453/500]
Total_loss	: 0.0832
Coral_loss	: 0.0000
MMD_loss	: 1.6610
cond_ent_wt	: 4.8005
Src_reg_loss	: 0.0186
-------------------------------------
[Epoch : 454/500]
Total_loss	: 0.0832
Coral_loss	: 0.0000
MMD_loss	: 1.6617
cond_ent_wt	: 4.8003
Src_reg_loss	: 0.0186
-------------------------------------
[Epoch : 455/500]
Total_loss	: 0.0832
Coral_loss	: 0.0000
MMD_loss	: 1.6625
cond_ent_wt	: 4.8000
Src_reg_loss	: 0.0186
-------------------------------------
[Epoch : 456/500]
Total_loss	: 0.0832
Coral_loss	: 0.0000
MMD_loss	: 1.6633
cond_ent_wt	: 4.7998
Src_reg_loss	: 0.0185
-------------------------------------
[Epoch : 457/500]
Total_loss	: 0.0832
Coral_loss	: 0.0000
MMD_loss	: 1.6641
cond_ent_wt	: 4.7995
Src_reg_loss	: 0.0185
-------------------------------------
[Epoch : 458/500]
Total_loss	: 0.0831
Coral_loss	: 0.0000
MMD_loss	: 1.6648
cond_ent_wt	: 4.7993
Src_reg_loss	: 0.0185
-------------------------------------
[Epoch : 459/500]
Total_loss	: 0.0831
Coral_loss	: 0.0000
MMD_loss	: 1.6656
cond_ent_wt	: 4.7990
Src_reg_loss	: 0.0185
-------------------------------------
[Epoch : 460/500]
Total_loss	: 0.0831
Coral_loss	: 0.0000
MMD_loss	: 1.6664
cond_ent_wt	: 4.7988
Src_reg_loss	: 0.0185
-------------------------------------
[Epoch : 461/500]
Total_loss	: 0.0831
Coral_loss	: 0.0000
MMD_loss	: 1.6671
cond_ent_wt	: 4.7985
Src_reg_loss	: 0.0185
-------------------------------------
[Epoch : 462/500]
Total_loss	: 0.0831
Coral_loss	: 0.0000
MMD_loss	: 1.6679
cond_ent_wt	: 4.7983
Src_reg_loss	: 0.0184
-------------------------------------
[Epoch : 463/500]
Total_loss	: 0.0831
Coral_loss	: 0.0000
MMD_loss	: 1.6687
cond_ent_wt	: 4.7981
Src_reg_loss	: 0.0184
-------------------------------------
[Epoch : 464/500]
Total_loss	: 0.0831
Coral_loss	: 0.0000
MMD_loss	: 1.6694
cond_ent_wt	: 4.7978
Src_reg_loss	: 0.0184
-------------------------------------
[Epoch : 465/500]
Total_loss	: 0.0831
Coral_loss	: 0.0000
MMD_loss	: 1.6702
cond_ent_wt	: 4.7976
Src_reg_loss	: 0.0184
-------------------------------------
[Epoch : 466/500]
Total_loss	: 0.0830
Coral_loss	: 0.0000
MMD_loss	: 1.6710
cond_ent_wt	: 4.7973
Src_reg_loss	: 0.0184
-------------------------------------
[Epoch : 467/500]
Total_loss	: 0.0830
Coral_loss	: 0.0000
MMD_loss	: 1.6717
cond_ent_wt	: 4.7971
Src_reg_loss	: 0.0183
-------------------------------------
[Epoch : 468/500]
Total_loss	: 0.0830
Coral_loss	: 0.0000
MMD_loss	: 1.6725
cond_ent_wt	: 4.7968
Src_reg_loss	: 0.0183
-------------------------------------
[Epoch : 469/500]
Total_loss	: 0.0830
Coral_loss	: 0.0000
MMD_loss	: 1.6733
cond_ent_wt	: 4.7966
Src_reg_loss	: 0.0183
-------------------------------------
[Epoch : 470/500]
Total_loss	: 0.0830
Coral_loss	: 0.0000
MMD_loss	: 1.6740
cond_ent_wt	: 4.7963
Src_reg_loss	: 0.0183
-------------------------------------
[Epoch : 471/500]
Total_loss	: 0.0830
Coral_loss	: 0.0000
MMD_loss	: 1.6748
cond_ent_wt	: 4.7961
Src_reg_loss	: 0.0183
-------------------------------------
[Epoch : 472/500]
Total_loss	: 0.0830
Coral_loss	: 0.0000
MMD_loss	: 1.6755
cond_ent_wt	: 4.7958
Src_reg_loss	: 0.0183
-------------------------------------
[Epoch : 473/500]
Total_loss	: 0.0830
Coral_loss	: 0.0000
MMD_loss	: 1.6763
cond_ent_wt	: 4.7956
Src_reg_loss	: 0.0182
-------------------------------------
[Epoch : 474/500]
Total_loss	: 0.0830
Coral_loss	: 0.0000
MMD_loss	: 1.6770
cond_ent_wt	: 4.7953
Src_reg_loss	: 0.0182
-------------------------------------
[Epoch : 475/500]
Total_loss	: 0.0829
Coral_loss	: 0.0000
MMD_loss	: 1.6778
cond_ent_wt	: 4.7951
Src_reg_loss	: 0.0182
-------------------------------------
[Epoch : 476/500]
Total_loss	: 0.0829
Coral_loss	: 0.0000
MMD_loss	: 1.6785
cond_ent_wt	: 4.7948
Src_reg_loss	: 0.0182
-------------------------------------
[Epoch : 477/500]
Total_loss	: 0.0829
Coral_loss	: 0.0000
MMD_loss	: 1.6793
cond_ent_wt	: 4.7946
Src_reg_loss	: 0.0182
-------------------------------------
[Epoch : 478/500]
Total_loss	: 0.0829
Coral_loss	: 0.0000
MMD_loss	: 1.6800
cond_ent_wt	: 4.7943
Src_reg_loss	: 0.0182
-------------------------------------
[Epoch : 479/500]
Total_loss	: 0.0829
Coral_loss	: 0.0000
MMD_loss	: 1.6808
cond_ent_wt	: 4.7941
Src_reg_loss	: 0.0181
-------------------------------------
[Epoch : 480/500]
Total_loss	: 0.0829
Coral_loss	: 0.0000
MMD_loss	: 1.6815
cond_ent_wt	: 4.7938
Src_reg_loss	: 0.0181
-------------------------------------
[Epoch : 481/500]
Total_loss	: 0.0829
Coral_loss	: 0.0000
MMD_loss	: 1.6823
cond_ent_wt	: 4.7936
Src_reg_loss	: 0.0181
-------------------------------------
[Epoch : 482/500]
Total_loss	: 0.0829
Coral_loss	: 0.0000
MMD_loss	: 1.6830
cond_ent_wt	: 4.7933
Src_reg_loss	: 0.0181
-------------------------------------
[Epoch : 483/500]
Total_loss	: 0.0828
Coral_loss	: 0.0000
MMD_loss	: 1.6837
cond_ent_wt	: 4.7930
Src_reg_loss	: 0.0181
-------------------------------------
[Epoch : 484/500]
Total_loss	: 0.0828
Coral_loss	: 0.0000
MMD_loss	: 1.6844
cond_ent_wt	: 4.7928
Src_reg_loss	: 0.0181
-------------------------------------
[Epoch : 485/500]
Total_loss	: 0.0828
Coral_loss	: 0.0000
MMD_loss	: 1.6852
cond_ent_wt	: 4.7925
Src_reg_loss	: 0.0180
-------------------------------------
[Epoch : 486/500]
Total_loss	: 0.0828
Coral_loss	: 0.0000
MMD_loss	: 1.6859
cond_ent_wt	: 4.7923
Src_reg_loss	: 0.0180
-------------------------------------
[Epoch : 487/500]
Total_loss	: 0.0828
Coral_loss	: 0.0000
MMD_loss	: 1.6866
cond_ent_wt	: 4.7920
Src_reg_loss	: 0.0180
-------------------------------------
[Epoch : 488/500]
Total_loss	: 0.0828
Coral_loss	: 0.0000
MMD_loss	: 1.6873
cond_ent_wt	: 4.7918
Src_reg_loss	: 0.0180
-------------------------------------
[Epoch : 489/500]
Total_loss	: 0.0828
Coral_loss	: 0.0000
MMD_loss	: 1.6880
cond_ent_wt	: 4.7915
Src_reg_loss	: 0.0180
-------------------------------------
[Epoch : 490/500]
Total_loss	: 0.0828
Coral_loss	: 0.0000
MMD_loss	: 1.6887
cond_ent_wt	: 4.7913
Src_reg_loss	: 0.0180
-------------------------------------
[Epoch : 491/500]
Total_loss	: 0.0828
Coral_loss	: 0.0000
MMD_loss	: 1.6894
cond_ent_wt	: 4.7910
Src_reg_loss	: 0.0180
-------------------------------------
[Epoch : 492/500]
Total_loss	: 0.0827
Coral_loss	: 0.0000
MMD_loss	: 1.6901
cond_ent_wt	: 4.7908
Src_reg_loss	: 0.0179
-------------------------------------
[Epoch : 493/500]
Total_loss	: 0.0827
Coral_loss	: 0.0000
MMD_loss	: 1.6908
cond_ent_wt	: 4.7905
Src_reg_loss	: 0.0179
-------------------------------------
[Epoch : 494/500]
Total_loss	: 0.0827
Coral_loss	: 0.0000
MMD_loss	: 1.6915
cond_ent_wt	: 4.7903
Src_reg_loss	: 0.0179
-------------------------------------
[Epoch : 495/500]
Total_loss	: 0.0827
Coral_loss	: 0.0000
MMD_loss	: 1.6922
cond_ent_wt	: 4.7900
Src_reg_loss	: 0.0179
-------------------------------------
[Epoch : 496/500]
Total_loss	: 0.0827
Coral_loss	: 0.0000
MMD_loss	: 1.6929
cond_ent_wt	: 4.7898
Src_reg_loss	: 0.0179
-------------------------------------
[Epoch : 497/500]
Total_loss	: 0.0827
Coral_loss	: 0.0000
MMD_loss	: 1.6936
cond_ent_wt	: 4.7895
Src_reg_loss	: 0.0179
-------------------------------------
[Epoch : 498/500]
Total_loss	: 0.0827
Coral_loss	: 0.0000
MMD_loss	: 1.6943
cond_ent_wt	: 4.7893
Src_reg_loss	: 0.0178
-------------------------------------
[Epoch : 499/500]
Total_loss	: 0.0827
Coral_loss	: 0.0000
MMD_loss	: 1.6950
cond_ent_wt	: 4.7890
Src_reg_loss	: 0.0178
-------------------------------------
[Epoch : 500/500]
Total_loss	: 0.0827
Coral_loss	: 0.0000
MMD_loss	: 1.6957
cond_ent_wt	: 4.7887
Src_reg_loss	: 0.0178
-------------------------------------
