=============================================
Dataset: Airbox
Method:  MMDA
=============================================
Source: 0 ---> Target: 2
=============================================
[Epoch : 1/500]
Total_loss	: 0.2776
Coral_loss	: 0.0000
MMD_loss	: 2.1260
cond_ent_wt	: 4.8486
Src_reg_loss	: 0.2078
-------------------------------------
[Epoch : 2/500]
Total_loss	: 0.2097
Coral_loss	: 0.0000
MMD_loss	: 2.1697
cond_ent_wt	: 4.8437
Src_reg_loss	: 0.1396
-------------------------------------
[Epoch : 3/500]
Total_loss	: 0.1802
Coral_loss	: 0.0000
MMD_loss	: 2.1971
cond_ent_wt	: 4.8383
Src_reg_loss	: 0.1099
-------------------------------------
[Epoch : 4/500]
Total_loss	: 0.1635
Coral_loss	: 0.0000
MMD_loss	: 2.2062
cond_ent_wt	: 4.8372
Src_reg_loss	: 0.0930
-------------------------------------
[Epoch : 5/500]
Total_loss	: 0.1535
Coral_loss	: 0.0000
MMD_loss	: 2.2034
cond_ent_wt	: 4.8368
Src_reg_loss	: 0.0831
-------------------------------------
[Epoch : 6/500]
Total_loss	: 0.1462
Coral_loss	: 0.0000
MMD_loss	: 2.1965
cond_ent_wt	: 4.8359
Src_reg_loss	: 0.0759
-------------------------------------
[Epoch : 7/500]
Total_loss	: 0.1407
Coral_loss	: 0.0000
MMD_loss	: 2.1846
cond_ent_wt	: 4.8353
Src_reg_loss	: 0.0705
-------------------------------------
[Epoch : 8/500]
Total_loss	: 0.1365
Coral_loss	: 0.0000
MMD_loss	: 2.1701
cond_ent_wt	: 4.8352
Src_reg_loss	: 0.0664
-------------------------------------
[Epoch : 9/500]
Total_loss	: 0.1331
Coral_loss	: 0.0000
MMD_loss	: 2.1579
cond_ent_wt	: 4.8350
Src_reg_loss	: 0.0632
-------------------------------------
[Epoch : 10/500]
Total_loss	: 0.1304
Coral_loss	: 0.0000
MMD_loss	: 2.1519
cond_ent_wt	: 4.8347
Src_reg_loss	: 0.0605
-------------------------------------
[Epoch : 11/500]
Total_loss	: 0.1281
Coral_loss	: 0.0000
MMD_loss	: 2.1550
cond_ent_wt	: 4.8346
Src_reg_loss	: 0.0582
-------------------------------------
[Epoch : 12/500]
Total_loss	: 0.1262
Coral_loss	: 0.0000
MMD_loss	: 2.1629
cond_ent_wt	: 4.8345
Src_reg_loss	: 0.0562
-------------------------------------
[Epoch : 13/500]
Total_loss	: 0.1246
Coral_loss	: 0.0000
MMD_loss	: 2.1719
cond_ent_wt	: 4.8344
Src_reg_loss	: 0.0545
-------------------------------------
[Epoch : 14/500]
Total_loss	: 0.1230
Coral_loss	: 0.0000
MMD_loss	: 2.1801
cond_ent_wt	: 4.8342
Src_reg_loss	: 0.0529
-------------------------------------
[Epoch : 15/500]
Total_loss	: 0.1217
Coral_loss	: 0.0000
MMD_loss	: 2.1865
cond_ent_wt	: 4.8341
Src_reg_loss	: 0.0515
-------------------------------------
[Epoch : 16/500]
Total_loss	: 0.1204
Coral_loss	: 0.0000
MMD_loss	: 2.1910
cond_ent_wt	: 4.8340
Src_reg_loss	: 0.0501
-------------------------------------
[Epoch : 17/500]
Total_loss	: 0.1192
Coral_loss	: 0.0000
MMD_loss	: 2.1935
cond_ent_wt	: 4.8338
Src_reg_loss	: 0.0489
-------------------------------------
[Epoch : 18/500]
Total_loss	: 0.1180
Coral_loss	: 0.0000
MMD_loss	: 2.1938
cond_ent_wt	: 4.8337
Src_reg_loss	: 0.0478
-------------------------------------
[Epoch : 19/500]
Total_loss	: 0.1170
Coral_loss	: 0.0000
MMD_loss	: 2.1917
cond_ent_wt	: 4.8335
Src_reg_loss	: 0.0467
-------------------------------------
[Epoch : 20/500]
Total_loss	: 0.1159
Coral_loss	: 0.0000
MMD_loss	: 2.1869
cond_ent_wt	: 4.8333
Src_reg_loss	: 0.0457
-------------------------------------
[Epoch : 21/500]
Total_loss	: 0.1149
Coral_loss	: 0.0000
MMD_loss	: 2.1796
cond_ent_wt	: 4.8332
Src_reg_loss	: 0.0448
-------------------------------------
[Epoch : 22/500]
Total_loss	: 0.1140
Coral_loss	: 0.0000
MMD_loss	: 2.1700
cond_ent_wt	: 4.8330
Src_reg_loss	: 0.0439
-------------------------------------
[Epoch : 23/500]
Total_loss	: 0.1130
Coral_loss	: 0.0000
MMD_loss	: 2.1584
cond_ent_wt	: 4.8329
Src_reg_loss	: 0.0431
-------------------------------------
[Epoch : 24/500]
Total_loss	: 0.1121
Coral_loss	: 0.0000
MMD_loss	: 2.1452
cond_ent_wt	: 4.8327
Src_reg_loss	: 0.0423
-------------------------------------
[Epoch : 25/500]
Total_loss	: 0.1112
Coral_loss	: 0.0000
MMD_loss	: 2.1307
cond_ent_wt	: 4.8326
Src_reg_loss	: 0.0415
-------------------------------------
[Epoch : 26/500]
Total_loss	: 0.1103
Coral_loss	: 0.0000
MMD_loss	: 2.1148
cond_ent_wt	: 4.8325
Src_reg_loss	: 0.0408
-------------------------------------
[Epoch : 27/500]
Total_loss	: 0.1094
Coral_loss	: 0.0000
MMD_loss	: 2.0978
cond_ent_wt	: 4.8324
Src_reg_loss	: 0.0401
-------------------------------------
[Epoch : 28/500]
Total_loss	: 0.1085
Coral_loss	: 0.0000
MMD_loss	: 2.0801
cond_ent_wt	: 4.8323
Src_reg_loss	: 0.0394
-------------------------------------
[Epoch : 29/500]
Total_loss	: 0.1077
Coral_loss	: 0.0000
MMD_loss	: 2.0622
cond_ent_wt	: 4.8322
Src_reg_loss	: 0.0388
-------------------------------------
[Epoch : 30/500]
Total_loss	: 0.1069
Coral_loss	: 0.0000
MMD_loss	: 2.0445
cond_ent_wt	: 4.8321
Src_reg_loss	: 0.0381
-------------------------------------
[Epoch : 31/500]
Total_loss	: 0.1062
Coral_loss	: 0.0000
MMD_loss	: 2.0275
cond_ent_wt	: 4.8320
Src_reg_loss	: 0.0376
-------------------------------------
[Epoch : 32/500]
Total_loss	: 0.1054
Coral_loss	: 0.0000
MMD_loss	: 2.0114
cond_ent_wt	: 4.8319
Src_reg_loss	: 0.0370
-------------------------------------
[Epoch : 33/500]
Total_loss	: 0.1048
Coral_loss	: 0.0000
MMD_loss	: 1.9963
cond_ent_wt	: 4.8319
Src_reg_loss	: 0.0365
-------------------------------------
[Epoch : 34/500]
Total_loss	: 0.1041
Coral_loss	: 0.0000
MMD_loss	: 1.9824
cond_ent_wt	: 4.8318
Src_reg_loss	: 0.0360
-------------------------------------
[Epoch : 35/500]
Total_loss	: 0.1035
Coral_loss	: 0.0000
MMD_loss	: 1.9696
cond_ent_wt	: 4.8317
Src_reg_loss	: 0.0355
-------------------------------------
[Epoch : 36/500]
Total_loss	: 0.1029
Coral_loss	: 0.0000
MMD_loss	: 1.9579
cond_ent_wt	: 4.8316
Src_reg_loss	: 0.0350
-------------------------------------
[Epoch : 37/500]
Total_loss	: 0.1023
Coral_loss	: 0.0000
MMD_loss	: 1.9472
cond_ent_wt	: 4.8315
Src_reg_loss	: 0.0345
-------------------------------------
[Epoch : 38/500]
Total_loss	: 0.1018
Coral_loss	: 0.0000
MMD_loss	: 1.9374
cond_ent_wt	: 4.8315
Src_reg_loss	: 0.0341
-------------------------------------
[Epoch : 39/500]
Total_loss	: 0.1013
Coral_loss	: 0.0000
MMD_loss	: 1.9285
cond_ent_wt	: 4.8314
Src_reg_loss	: 0.0337
-------------------------------------
[Epoch : 40/500]
Total_loss	: 0.1008
Coral_loss	: 0.0000
MMD_loss	: 1.9203
cond_ent_wt	: 4.8313
Src_reg_loss	: 0.0333
-------------------------------------
[Epoch : 41/500]
Total_loss	: 0.1003
Coral_loss	: 0.0000
MMD_loss	: 1.9128
cond_ent_wt	: 4.8312
Src_reg_loss	: 0.0329
-------------------------------------
[Epoch : 42/500]
Total_loss	: 0.0999
Coral_loss	: 0.0000
MMD_loss	: 1.9059
cond_ent_wt	: 4.8311
Src_reg_loss	: 0.0325
-------------------------------------
[Epoch : 43/500]
Total_loss	: 0.0995
Coral_loss	: 0.0000
MMD_loss	: 1.8996
cond_ent_wt	: 4.8311
Src_reg_loss	: 0.0322
-------------------------------------
[Epoch : 44/500]
Total_loss	: 0.0991
Coral_loss	: 0.0000
MMD_loss	: 1.8939
cond_ent_wt	: 4.8310
Src_reg_loss	: 0.0318
-------------------------------------
[Epoch : 45/500]
Total_loss	: 0.0987
Coral_loss	: 0.0000
MMD_loss	: 1.8886
cond_ent_wt	: 4.8309
Src_reg_loss	: 0.0315
-------------------------------------
[Epoch : 46/500]
Total_loss	: 0.0983
Coral_loss	: 0.0000
MMD_loss	: 1.8838
cond_ent_wt	: 4.8308
Src_reg_loss	: 0.0311
-------------------------------------
[Epoch : 47/500]
Total_loss	: 0.0979
Coral_loss	: 0.0000
MMD_loss	: 1.8794
cond_ent_wt	: 4.8307
Src_reg_loss	: 0.0308
-------------------------------------
[Epoch : 48/500]
Total_loss	: 0.0976
Coral_loss	: 0.0000
MMD_loss	: 1.8754
cond_ent_wt	: 4.8306
Src_reg_loss	: 0.0305
-------------------------------------
[Epoch : 49/500]
Total_loss	: 0.0972
Coral_loss	: 0.0000
MMD_loss	: 1.8717
cond_ent_wt	: 4.8306
Src_reg_loss	: 0.0302
-------------------------------------
[Epoch : 50/500]
Total_loss	: 0.0969
Coral_loss	: 0.0000
MMD_loss	: 1.8682
cond_ent_wt	: 4.8305
Src_reg_loss	: 0.0299
-------------------------------------
[Epoch : 51/500]
Total_loss	: 0.0966
Coral_loss	: 0.0000
MMD_loss	: 1.8651
cond_ent_wt	: 4.8304
Src_reg_loss	: 0.0296
-------------------------------------
[Epoch : 52/500]
Total_loss	: 0.0963
Coral_loss	: 0.0000
MMD_loss	: 1.8623
cond_ent_wt	: 4.8303
Src_reg_loss	: 0.0293
-------------------------------------
[Epoch : 53/500]
Total_loss	: 0.0960
Coral_loss	: 0.0000
MMD_loss	: 1.8595
cond_ent_wt	: 4.8302
Src_reg_loss	: 0.0291
-------------------------------------
[Epoch : 54/500]
Total_loss	: 0.0957
Coral_loss	: 0.0000
MMD_loss	: 1.8568
cond_ent_wt	: 4.8301
Src_reg_loss	: 0.0288
-------------------------------------
[Epoch : 55/500]
Total_loss	: 0.0954
Coral_loss	: 0.0000
MMD_loss	: 1.8543
cond_ent_wt	: 4.8301
Src_reg_loss	: 0.0286
-------------------------------------
[Epoch : 56/500]
Total_loss	: 0.0951
Coral_loss	: 0.0000
MMD_loss	: 1.8521
cond_ent_wt	: 4.8300
Src_reg_loss	: 0.0283
-------------------------------------
[Epoch : 57/500]
Total_loss	: 0.0948
Coral_loss	: 0.0000
MMD_loss	: 1.8501
cond_ent_wt	: 4.8299
Src_reg_loss	: 0.0280
-------------------------------------
[Epoch : 58/500]
Total_loss	: 0.0946
Coral_loss	: 0.0000
MMD_loss	: 1.8482
cond_ent_wt	: 4.8298
Src_reg_loss	: 0.0278
-------------------------------------
[Epoch : 59/500]
Total_loss	: 0.0944
Coral_loss	: 0.0000
MMD_loss	: 1.8460
cond_ent_wt	: 4.8297
Src_reg_loss	: 0.0276
-------------------------------------
[Epoch : 60/500]
Total_loss	: 0.0941
Coral_loss	: 0.0000
MMD_loss	: 1.8439
cond_ent_wt	: 4.8297
Src_reg_loss	: 0.0274
-------------------------------------
[Epoch : 61/500]
Total_loss	: 0.0939
Coral_loss	: 0.0000
MMD_loss	: 1.8422
cond_ent_wt	: 4.8296
Src_reg_loss	: 0.0272
-------------------------------------
[Epoch : 62/500]
Total_loss	: 0.0936
Coral_loss	: 0.0000
MMD_loss	: 1.8408
cond_ent_wt	: 4.8295
Src_reg_loss	: 0.0269
-------------------------------------
[Epoch : 63/500]
Total_loss	: 0.0934
Coral_loss	: 0.0000
MMD_loss	: 1.8393
cond_ent_wt	: 4.8295
Src_reg_loss	: 0.0268
-------------------------------------
[Epoch : 64/500]
Total_loss	: 0.0933
Coral_loss	: 0.0000
MMD_loss	: 1.8374
cond_ent_wt	: 4.8294
Src_reg_loss	: 0.0266
-------------------------------------
[Epoch : 65/500]
Total_loss	: 0.0930
Coral_loss	: 0.0000
MMD_loss	: 1.8356
cond_ent_wt	: 4.8293
Src_reg_loss	: 0.0264
-------------------------------------
[Epoch : 66/500]
Total_loss	: 0.0928
Coral_loss	: 0.0000
MMD_loss	: 1.8342
cond_ent_wt	: 4.8293
Src_reg_loss	: 0.0262
-------------------------------------
[Epoch : 67/500]
Total_loss	: 0.0926
Coral_loss	: 0.0000
MMD_loss	: 1.8331
cond_ent_wt	: 4.8292
Src_reg_loss	: 0.0260
-------------------------------------
[Epoch : 68/500]
Total_loss	: 0.0925
Coral_loss	: 0.0000
MMD_loss	: 1.8318
cond_ent_wt	: 4.8292
Src_reg_loss	: 0.0258
-------------------------------------
[Epoch : 69/500]
Total_loss	: 0.0923
Coral_loss	: 0.0000
MMD_loss	: 1.8303
cond_ent_wt	: 4.8291
Src_reg_loss	: 0.0257
-------------------------------------
[Epoch : 70/500]
Total_loss	: 0.0921
Coral_loss	: 0.0000
MMD_loss	: 1.8288
cond_ent_wt	: 4.8291
Src_reg_loss	: 0.0255
-------------------------------------
[Epoch : 71/500]
Total_loss	: 0.0919
Coral_loss	: 0.0000
MMD_loss	: 1.8278
cond_ent_wt	: 4.8290
Src_reg_loss	: 0.0253
-------------------------------------
[Epoch : 72/500]
Total_loss	: 0.0917
Coral_loss	: 0.0000
MMD_loss	: 1.8268
cond_ent_wt	: 4.8289
Src_reg_loss	: 0.0251
-------------------------------------
[Epoch : 73/500]
Total_loss	: 0.0915
Coral_loss	: 0.0000
MMD_loss	: 1.8256
cond_ent_wt	: 4.8289
Src_reg_loss	: 0.0250
-------------------------------------
[Epoch : 74/500]
Total_loss	: 0.0913
Coral_loss	: 0.0000
MMD_loss	: 1.8245
cond_ent_wt	: 4.8288
Src_reg_loss	: 0.0248
-------------------------------------
[Epoch : 75/500]
Total_loss	: 0.0912
Coral_loss	: 0.0000
MMD_loss	: 1.8236
cond_ent_wt	: 4.8288
Src_reg_loss	: 0.0246
-------------------------------------
[Epoch : 76/500]
Total_loss	: 0.0910
Coral_loss	: 0.0000
MMD_loss	: 1.8228
cond_ent_wt	: 4.8287
Src_reg_loss	: 0.0245
-------------------------------------
[Epoch : 77/500]
Total_loss	: 0.0908
Coral_loss	: 0.0000
MMD_loss	: 1.8219
cond_ent_wt	: 4.8286
Src_reg_loss	: 0.0243
-------------------------------------
[Epoch : 78/500]
Total_loss	: 0.0907
Coral_loss	: 0.0000
MMD_loss	: 1.8211
cond_ent_wt	: 4.8286
Src_reg_loss	: 0.0242
-------------------------------------
[Epoch : 79/500]
Total_loss	: 0.0905
Coral_loss	: 0.0000
MMD_loss	: 1.8205
cond_ent_wt	: 4.8285
Src_reg_loss	: 0.0240
-------------------------------------
[Epoch : 80/500]
Total_loss	: 0.0904
Coral_loss	: 0.0000
MMD_loss	: 1.8199
cond_ent_wt	: 4.8284
Src_reg_loss	: 0.0239
-------------------------------------
[Epoch : 81/500]
Total_loss	: 0.0902
Coral_loss	: 0.0000
MMD_loss	: 1.8191
cond_ent_wt	: 4.8284
Src_reg_loss	: 0.0237
-------------------------------------
[Epoch : 82/500]
Total_loss	: 0.0901
Coral_loss	: 0.0000
MMD_loss	: 1.8184
cond_ent_wt	: 4.8283
Src_reg_loss	: 0.0236
-------------------------------------
[Epoch : 83/500]
Total_loss	: 0.0899
Coral_loss	: 0.0000
MMD_loss	: 1.8177
cond_ent_wt	: 4.8282
Src_reg_loss	: 0.0235
-------------------------------------
[Epoch : 84/500]
Total_loss	: 0.0898
Coral_loss	: 0.0000
MMD_loss	: 1.8173
cond_ent_wt	: 4.8281
Src_reg_loss	: 0.0233
-------------------------------------
[Epoch : 85/500]
Total_loss	: 0.0896
Coral_loss	: 0.0000
MMD_loss	: 1.8167
cond_ent_wt	: 4.8281
Src_reg_loss	: 0.0232
-------------------------------------
[Epoch : 86/500]
Total_loss	: 0.0895
Coral_loss	: 0.0000
MMD_loss	: 1.8160
cond_ent_wt	: 4.8280
Src_reg_loss	: 0.0231
-------------------------------------
[Epoch : 87/500]
Total_loss	: 0.0894
Coral_loss	: 0.0000
MMD_loss	: 1.8153
cond_ent_wt	: 4.8279
Src_reg_loss	: 0.0229
-------------------------------------
[Epoch : 88/500]
Total_loss	: 0.0892
Coral_loss	: 0.0000
MMD_loss	: 1.8148
cond_ent_wt	: 4.8278
Src_reg_loss	: 0.0228
-------------------------------------
[Epoch : 89/500]
Total_loss	: 0.0891
Coral_loss	: 0.0000
MMD_loss	: 1.8144
cond_ent_wt	: 4.8278
Src_reg_loss	: 0.0227
-------------------------------------
[Epoch : 90/500]
Total_loss	: 0.0890
Coral_loss	: 0.0000
MMD_loss	: 1.8138
cond_ent_wt	: 4.8277
Src_reg_loss	: 0.0226
-------------------------------------
[Epoch : 91/500]
Total_loss	: 0.0889
Coral_loss	: 0.0000
MMD_loss	: 1.8132
cond_ent_wt	: 4.8276
Src_reg_loss	: 0.0225
-------------------------------------
[Epoch : 92/500]
Total_loss	: 0.0887
Coral_loss	: 0.0000
MMD_loss	: 1.8126
cond_ent_wt	: 4.8276
Src_reg_loss	: 0.0223
-------------------------------------
[Epoch : 93/500]
Total_loss	: 0.0886
Coral_loss	: 0.0000
MMD_loss	: 1.8122
cond_ent_wt	: 4.8275
Src_reg_loss	: 0.0222
-------------------------------------
[Epoch : 94/500]
Total_loss	: 0.0885
Coral_loss	: 0.0000
MMD_loss	: 1.8118
cond_ent_wt	: 4.8274
Src_reg_loss	: 0.0221
-------------------------------------
[Epoch : 95/500]
Total_loss	: 0.0884
Coral_loss	: 0.0000
MMD_loss	: 1.8112
cond_ent_wt	: 4.8273
Src_reg_loss	: 0.0220
-------------------------------------
[Epoch : 96/500]
Total_loss	: 0.0883
Coral_loss	: 0.0000
MMD_loss	: 1.8107
cond_ent_wt	: 4.8272
Src_reg_loss	: 0.0219
-------------------------------------
[Epoch : 97/500]
Total_loss	: 0.0882
Coral_loss	: 0.0000
MMD_loss	: 1.8103
cond_ent_wt	: 4.8272
Src_reg_loss	: 0.0218
-------------------------------------
[Epoch : 98/500]
Total_loss	: 0.0881
Coral_loss	: 0.0000
MMD_loss	: 1.8100
cond_ent_wt	: 4.8271
Src_reg_loss	: 0.0217
-------------------------------------
[Epoch : 99/500]
Total_loss	: 0.0880
Coral_loss	: 0.0000
MMD_loss	: 1.8095
cond_ent_wt	: 4.8270
Src_reg_loss	: 0.0216
-------------------------------------
[Epoch : 100/500]
Total_loss	: 0.0879
Coral_loss	: 0.0000
MMD_loss	: 1.8091
cond_ent_wt	: 4.8269
Src_reg_loss	: 0.0215
-------------------------------------
[Epoch : 101/500]
Total_loss	: 0.0878
Coral_loss	: 0.0000
MMD_loss	: 1.8087
cond_ent_wt	: 4.8268
Src_reg_loss	: 0.0214
-------------------------------------
[Epoch : 102/500]
Total_loss	: 0.0876
Coral_loss	: 0.0000
MMD_loss	: 1.8084
cond_ent_wt	: 4.8268
Src_reg_loss	: 0.0213
-------------------------------------
[Epoch : 103/500]
Total_loss	: 0.0875
Coral_loss	: 0.0000
MMD_loss	: 1.8080
cond_ent_wt	: 4.8267
Src_reg_loss	: 0.0212
-------------------------------------
[Epoch : 104/500]
Total_loss	: 0.0875
Coral_loss	: 0.0000
MMD_loss	: 1.8076
cond_ent_wt	: 4.8266
Src_reg_loss	: 0.0211
-------------------------------------
[Epoch : 105/500]
Total_loss	: 0.0874
Coral_loss	: 0.0000
MMD_loss	: 1.8073
cond_ent_wt	: 4.8265
Src_reg_loss	: 0.0210
-------------------------------------
[Epoch : 106/500]
Total_loss	: 0.0873
Coral_loss	: 0.0000
MMD_loss	: 1.8070
cond_ent_wt	: 4.8264
Src_reg_loss	: 0.0209
-------------------------------------
[Epoch : 107/500]
Total_loss	: 0.0872
Coral_loss	: 0.0000
MMD_loss	: 1.8068
cond_ent_wt	: 4.8263
Src_reg_loss	: 0.0208
-------------------------------------
[Epoch : 108/500]
Total_loss	: 0.0871
Coral_loss	: 0.0000
MMD_loss	: 1.8065
cond_ent_wt	: 4.8262
Src_reg_loss	: 0.0208
-------------------------------------
[Epoch : 109/500]
Total_loss	: 0.0870
Coral_loss	: 0.0000
MMD_loss	: 1.8061
cond_ent_wt	: 4.8262
Src_reg_loss	: 0.0207
-------------------------------------
[Epoch : 110/500]
Total_loss	: 0.0869
Coral_loss	: 0.0000
MMD_loss	: 1.8059
cond_ent_wt	: 4.8261
Src_reg_loss	: 0.0206
-------------------------------------
[Epoch : 111/500]
Total_loss	: 0.0868
Coral_loss	: 0.0000
MMD_loss	: 1.8056
cond_ent_wt	: 4.8260
Src_reg_loss	: 0.0205
-------------------------------------
[Epoch : 112/500]
Total_loss	: 0.0867
Coral_loss	: 0.0000
MMD_loss	: 1.8054
cond_ent_wt	: 4.8259
Src_reg_loss	: 0.0204
-------------------------------------
[Epoch : 113/500]
Total_loss	: 0.0866
Coral_loss	: 0.0000
MMD_loss	: 1.8051
cond_ent_wt	: 4.8258
Src_reg_loss	: 0.0203
-------------------------------------
[Epoch : 114/500]
Total_loss	: 0.0866
Coral_loss	: 0.0000
MMD_loss	: 1.8049
cond_ent_wt	: 4.8257
Src_reg_loss	: 0.0202
-------------------------------------
[Epoch : 115/500]
Total_loss	: 0.0865
Coral_loss	: 0.0000
MMD_loss	: 1.8047
cond_ent_wt	: 4.8256
Src_reg_loss	: 0.0202
-------------------------------------
[Epoch : 116/500]
Total_loss	: 0.0864
Coral_loss	: 0.0000
MMD_loss	: 1.8046
cond_ent_wt	: 4.8255
Src_reg_loss	: 0.0201
-------------------------------------
[Epoch : 117/500]
Total_loss	: 0.0863
Coral_loss	: 0.0000
MMD_loss	: 1.8043
cond_ent_wt	: 4.8254
Src_reg_loss	: 0.0200
-------------------------------------
[Epoch : 118/500]
Total_loss	: 0.0862
Coral_loss	: 0.0000
MMD_loss	: 1.8041
cond_ent_wt	: 4.8253
Src_reg_loss	: 0.0199
-------------------------------------
[Epoch : 119/500]
Total_loss	: 0.0862
Coral_loss	: 0.0000
MMD_loss	: 1.8039
cond_ent_wt	: 4.8253
Src_reg_loss	: 0.0199
-------------------------------------
[Epoch : 120/500]
Total_loss	: 0.0861
Coral_loss	: 0.0000
MMD_loss	: 1.8038
cond_ent_wt	: 4.8252
Src_reg_loss	: 0.0198
-------------------------------------
[Epoch : 121/500]
Total_loss	: 0.0860
Coral_loss	: 0.0000
MMD_loss	: 1.8037
cond_ent_wt	: 4.8251
Src_reg_loss	: 0.0197
-------------------------------------
[Epoch : 122/500]
Total_loss	: 0.0859
Coral_loss	: 0.0000
MMD_loss	: 1.8035
cond_ent_wt	: 4.8250
Src_reg_loss	: 0.0196
-------------------------------------
[Epoch : 123/500]
Total_loss	: 0.0859
Coral_loss	: 0.0000
MMD_loss	: 1.8033
cond_ent_wt	: 4.8249
Src_reg_loss	: 0.0196
-------------------------------------
[Epoch : 124/500]
Total_loss	: 0.0858
Coral_loss	: 0.0000
MMD_loss	: 1.8032
cond_ent_wt	: 4.8248
Src_reg_loss	: 0.0195
-------------------------------------
[Epoch : 125/500]
Total_loss	: 0.0857
Coral_loss	: 0.0000
MMD_loss	: 1.8031
cond_ent_wt	: 4.8247
Src_reg_loss	: 0.0194
-------------------------------------
[Epoch : 126/500]
Total_loss	: 0.0856
Coral_loss	: 0.0000
MMD_loss	: 1.8030
cond_ent_wt	: 4.8246
Src_reg_loss	: 0.0194
-------------------------------------
[Epoch : 127/500]
Total_loss	: 0.0856
Coral_loss	: 0.0000
MMD_loss	: 1.8028
cond_ent_wt	: 4.8245
Src_reg_loss	: 0.0193
-------------------------------------
[Epoch : 128/500]
Total_loss	: 0.0855
Coral_loss	: 0.0000
MMD_loss	: 1.8028
cond_ent_wt	: 4.8244
Src_reg_loss	: 0.0192
-------------------------------------
[Epoch : 129/500]
Total_loss	: 0.0854
Coral_loss	: 0.0000
MMD_loss	: 1.8027
cond_ent_wt	: 4.8243
Src_reg_loss	: 0.0192
-------------------------------------
[Epoch : 130/500]
Total_loss	: 0.0854
Coral_loss	: 0.0000
MMD_loss	: 1.8026
cond_ent_wt	: 4.8242
Src_reg_loss	: 0.0191
-------------------------------------
[Epoch : 131/500]
Total_loss	: 0.0853
Coral_loss	: 0.0000
MMD_loss	: 1.8025
cond_ent_wt	: 4.8241
Src_reg_loss	: 0.0190
-------------------------------------
[Epoch : 132/500]
Total_loss	: 0.0852
Coral_loss	: 0.0000
MMD_loss	: 1.8025
cond_ent_wt	: 4.8240
Src_reg_loss	: 0.0190
-------------------------------------
[Epoch : 133/500]
Total_loss	: 0.0852
Coral_loss	: 0.0000
MMD_loss	: 1.8025
cond_ent_wt	: 4.8239
Src_reg_loss	: 0.0189
-------------------------------------
[Epoch : 134/500]
Total_loss	: 0.0851
Coral_loss	: 0.0000
MMD_loss	: 1.8024
cond_ent_wt	: 4.8238
Src_reg_loss	: 0.0188
-------------------------------------
[Epoch : 135/500]
Total_loss	: 0.0851
Coral_loss	: 0.0000
MMD_loss	: 1.8023
cond_ent_wt	: 4.8237
Src_reg_loss	: 0.0188
-------------------------------------
[Epoch : 136/500]
Total_loss	: 0.0850
Coral_loss	: 0.0000
MMD_loss	: 1.8023
cond_ent_wt	: 4.8237
Src_reg_loss	: 0.0187
-------------------------------------
[Epoch : 137/500]
Total_loss	: 0.0849
Coral_loss	: 0.0000
MMD_loss	: 1.8023
cond_ent_wt	: 4.8236
Src_reg_loss	: 0.0187
-------------------------------------
[Epoch : 138/500]
Total_loss	: 0.0849
Coral_loss	: 0.0000
MMD_loss	: 1.8023
cond_ent_wt	: 4.8235
Src_reg_loss	: 0.0186
-------------------------------------
[Epoch : 139/500]
Total_loss	: 0.0848
Coral_loss	: 0.0000
MMD_loss	: 1.8022
cond_ent_wt	: 4.8234
Src_reg_loss	: 0.0186
-------------------------------------
[Epoch : 140/500]
Total_loss	: 0.0848
Coral_loss	: 0.0000
MMD_loss	: 1.8022
cond_ent_wt	: 4.8233
Src_reg_loss	: 0.0185
-------------------------------------
[Epoch : 141/500]
Total_loss	: 0.0847
Coral_loss	: 0.0000
MMD_loss	: 1.8023
cond_ent_wt	: 4.8232
Src_reg_loss	: 0.0184
-------------------------------------
[Epoch : 142/500]
Total_loss	: 0.0846
Coral_loss	: 0.0000
MMD_loss	: 1.8023
cond_ent_wt	: 4.8231
Src_reg_loss	: 0.0184
-------------------------------------
[Epoch : 143/500]
Total_loss	: 0.0846
Coral_loss	: 0.0000
MMD_loss	: 1.8022
cond_ent_wt	: 4.8230
Src_reg_loss	: 0.0183
-------------------------------------
[Epoch : 144/500]
Total_loss	: 0.0845
Coral_loss	: 0.0000
MMD_loss	: 1.8022
cond_ent_wt	: 4.8229
Src_reg_loss	: 0.0183
-------------------------------------
[Epoch : 145/500]
Total_loss	: 0.0845
Coral_loss	: 0.0000
MMD_loss	: 1.8023
cond_ent_wt	: 4.8228
Src_reg_loss	: 0.0182
-------------------------------------
[Epoch : 146/500]
Total_loss	: 0.0844
Coral_loss	: 0.0000
MMD_loss	: 1.8024
cond_ent_wt	: 4.8227
Src_reg_loss	: 0.0182
-------------------------------------
[Epoch : 147/500]
Total_loss	: 0.0844
Coral_loss	: 0.0000
MMD_loss	: 1.8023
cond_ent_wt	: 4.8226
Src_reg_loss	: 0.0181
-------------------------------------
[Epoch : 148/500]
Total_loss	: 0.0843
Coral_loss	: 0.0000
MMD_loss	: 1.8023
cond_ent_wt	: 4.8225
Src_reg_loss	: 0.0181
-------------------------------------
[Epoch : 149/500]
Total_loss	: 0.0843
Coral_loss	: 0.0000
MMD_loss	: 1.8024
cond_ent_wt	: 4.8224
Src_reg_loss	: 0.0180
-------------------------------------
[Epoch : 150/500]
Total_loss	: 0.0842
Coral_loss	: 0.0000
MMD_loss	: 1.8025
cond_ent_wt	: 4.8223
Src_reg_loss	: 0.0180
-------------------------------------
[Epoch : 151/500]
Total_loss	: 0.0842
Coral_loss	: 0.0000
MMD_loss	: 1.8026
cond_ent_wt	: 4.8222
Src_reg_loss	: 0.0179
-------------------------------------
[Epoch : 152/500]
Total_loss	: 0.0841
Coral_loss	: 0.0000
MMD_loss	: 1.8026
cond_ent_wt	: 4.8221
Src_reg_loss	: 0.0179
-------------------------------------
[Epoch : 153/500]
Total_loss	: 0.0841
Coral_loss	: 0.0000
MMD_loss	: 1.8027
cond_ent_wt	: 4.8220
Src_reg_loss	: 0.0178
-------------------------------------
[Epoch : 154/500]
Total_loss	: 0.0840
Coral_loss	: 0.0000
MMD_loss	: 1.8028
cond_ent_wt	: 4.8219
Src_reg_loss	: 0.0178
-------------------------------------
[Epoch : 155/500]
Total_loss	: 0.0840
Coral_loss	: 0.0000
MMD_loss	: 1.8029
cond_ent_wt	: 4.8218
Src_reg_loss	: 0.0177
-------------------------------------
[Epoch : 156/500]
Total_loss	: 0.0839
Coral_loss	: 0.0000
MMD_loss	: 1.8029
cond_ent_wt	: 4.8217
Src_reg_loss	: 0.0177
-------------------------------------
[Epoch : 157/500]
Total_loss	: 0.0839
Coral_loss	: 0.0000
MMD_loss	: 1.8030
cond_ent_wt	: 4.8216
Src_reg_loss	: 0.0176
-------------------------------------
[Epoch : 158/500]
Total_loss	: 0.0838
Coral_loss	: 0.0000
MMD_loss	: 1.8032
cond_ent_wt	: 4.8215
Src_reg_loss	: 0.0176
-------------------------------------
[Epoch : 159/500]
Total_loss	: 0.0838
Coral_loss	: 0.0000
MMD_loss	: 1.8032
cond_ent_wt	: 4.8214
Src_reg_loss	: 0.0175
-------------------------------------
[Epoch : 160/500]
Total_loss	: 0.0837
Coral_loss	: 0.0000
MMD_loss	: 1.8033
cond_ent_wt	: 4.8213
Src_reg_loss	: 0.0175
-------------------------------------
[Epoch : 161/500]
Total_loss	: 0.0837
Coral_loss	: 0.0000
MMD_loss	: 1.8035
cond_ent_wt	: 4.8213
Src_reg_loss	: 0.0175
-------------------------------------
[Epoch : 162/500]
Total_loss	: 0.0837
Coral_loss	: 0.0000
MMD_loss	: 1.8036
cond_ent_wt	: 4.8212
Src_reg_loss	: 0.0174
-------------------------------------
[Epoch : 163/500]
Total_loss	: 0.0836
Coral_loss	: 0.0000
MMD_loss	: 1.8037
cond_ent_wt	: 4.8211
Src_reg_loss	: 0.0174
-------------------------------------
[Epoch : 164/500]
Total_loss	: 0.0836
Coral_loss	: 0.0000
MMD_loss	: 1.8038
cond_ent_wt	: 4.8210
Src_reg_loss	: 0.0173
-------------------------------------
[Epoch : 165/500]
Total_loss	: 0.0835
Coral_loss	: 0.0000
MMD_loss	: 1.8040
cond_ent_wt	: 4.8209
Src_reg_loss	: 0.0173
-------------------------------------
[Epoch : 166/500]
Total_loss	: 0.0835
Coral_loss	: 0.0000
MMD_loss	: 1.8042
cond_ent_wt	: 4.8208
Src_reg_loss	: 0.0172
-------------------------------------
[Epoch : 167/500]
Total_loss	: 0.0834
Coral_loss	: 0.0000
MMD_loss	: 1.8043
cond_ent_wt	: 4.8207
Src_reg_loss	: 0.0172
-------------------------------------
[Epoch : 168/500]
Total_loss	: 0.0834
Coral_loss	: 0.0000
MMD_loss	: 1.8044
cond_ent_wt	: 4.8206
Src_reg_loss	: 0.0172
-------------------------------------
[Epoch : 169/500]
Total_loss	: 0.0834
Coral_loss	: 0.0000
MMD_loss	: 1.8046
cond_ent_wt	: 4.8205
Src_reg_loss	: 0.0171
-------------------------------------
[Epoch : 170/500]
Total_loss	: 0.0833
Coral_loss	: 0.0000
MMD_loss	: 1.8047
cond_ent_wt	: 4.8204
Src_reg_loss	: 0.0171
-------------------------------------
[Epoch : 171/500]
Total_loss	: 0.0833
Coral_loss	: 0.0000
MMD_loss	: 1.8049
cond_ent_wt	: 4.8203
Src_reg_loss	: 0.0170
-------------------------------------
[Epoch : 172/500]
Total_loss	: 0.0832
Coral_loss	: 0.0000
MMD_loss	: 1.8050
cond_ent_wt	: 4.8202
Src_reg_loss	: 0.0170
-------------------------------------
[Epoch : 173/500]
Total_loss	: 0.0832
Coral_loss	: 0.0000
MMD_loss	: 1.8052
cond_ent_wt	: 4.8201
Src_reg_loss	: 0.0169
-------------------------------------
[Epoch : 174/500]
Total_loss	: 0.0832
Coral_loss	: 0.0000
MMD_loss	: 1.8054
cond_ent_wt	: 4.8200
Src_reg_loss	: 0.0169
-------------------------------------
[Epoch : 175/500]
Total_loss	: 0.0831
Coral_loss	: 0.0000
MMD_loss	: 1.8055
cond_ent_wt	: 4.8199
Src_reg_loss	: 0.0169
-------------------------------------
[Epoch : 176/500]
Total_loss	: 0.0831
Coral_loss	: 0.0000
MMD_loss	: 1.8057
cond_ent_wt	: 4.8198
Src_reg_loss	: 0.0168
-------------------------------------
[Epoch : 177/500]
Total_loss	: 0.0830
Coral_loss	: 0.0000
MMD_loss	: 1.8059
cond_ent_wt	: 4.8197
Src_reg_loss	: 0.0168
-------------------------------------
[Epoch : 178/500]
Total_loss	: 0.0830
Coral_loss	: 0.0000
MMD_loss	: 1.8061
cond_ent_wt	: 4.8196
Src_reg_loss	: 0.0167
-------------------------------------
[Epoch : 179/500]
Total_loss	: 0.0830
Coral_loss	: 0.0000
MMD_loss	: 1.8062
cond_ent_wt	: 4.8195
Src_reg_loss	: 0.0167
-------------------------------------
[Epoch : 180/500]
Total_loss	: 0.0829
Coral_loss	: 0.0000
MMD_loss	: 1.8064
cond_ent_wt	: 4.8194
Src_reg_loss	: 0.0167
-------------------------------------
[Epoch : 181/500]
Total_loss	: 0.0829
Coral_loss	: 0.0000
MMD_loss	: 1.8066
cond_ent_wt	: 4.8193
Src_reg_loss	: 0.0166
-------------------------------------
[Epoch : 182/500]
Total_loss	: 0.0829
Coral_loss	: 0.0000
MMD_loss	: 1.8068
cond_ent_wt	: 4.8192
Src_reg_loss	: 0.0166
-------------------------------------
[Epoch : 183/500]
Total_loss	: 0.0828
Coral_loss	: 0.0000
MMD_loss	: 1.8069
cond_ent_wt	: 4.8191
Src_reg_loss	: 0.0166
-------------------------------------
[Epoch : 184/500]
Total_loss	: 0.0828
Coral_loss	: 0.0000
MMD_loss	: 1.8071
cond_ent_wt	: 4.8190
Src_reg_loss	: 0.0165
-------------------------------------
[Epoch : 185/500]
Total_loss	: 0.0828
Coral_loss	: 0.0000
MMD_loss	: 1.8074
cond_ent_wt	: 4.8190
Src_reg_loss	: 0.0165
-------------------------------------
[Epoch : 186/500]
Total_loss	: 0.0827
Coral_loss	: 0.0000
MMD_loss	: 1.8076
cond_ent_wt	: 4.8189
Src_reg_loss	: 0.0165
-------------------------------------
[Epoch : 187/500]
Total_loss	: 0.0827
Coral_loss	: 0.0000
MMD_loss	: 1.8077
cond_ent_wt	: 4.8188
Src_reg_loss	: 0.0164
-------------------------------------
[Epoch : 188/500]
Total_loss	: 0.0827
Coral_loss	: 0.0000
MMD_loss	: 1.8079
cond_ent_wt	: 4.8187
Src_reg_loss	: 0.0164
-------------------------------------
[Epoch : 189/500]
Total_loss	: 0.0826
Coral_loss	: 0.0000
MMD_loss	: 1.8081
cond_ent_wt	: 4.8186
Src_reg_loss	: 0.0164
-------------------------------------
[Epoch : 190/500]
Total_loss	: 0.0826
Coral_loss	: 0.0000
MMD_loss	: 1.8083
cond_ent_wt	: 4.8185
Src_reg_loss	: 0.0163
-------------------------------------
[Epoch : 191/500]
Total_loss	: 0.0826
Coral_loss	: 0.0000
MMD_loss	: 1.8084
cond_ent_wt	: 4.8184
Src_reg_loss	: 0.0163
-------------------------------------
[Epoch : 192/500]
Total_loss	: 0.0825
Coral_loss	: 0.0000
MMD_loss	: 1.8087
cond_ent_wt	: 4.8183
Src_reg_loss	: 0.0163
-------------------------------------
[Epoch : 193/500]
Total_loss	: 0.0825
Coral_loss	: 0.0000
MMD_loss	: 1.8089
cond_ent_wt	: 4.8182
Src_reg_loss	: 0.0162
-------------------------------------
[Epoch : 194/500]
Total_loss	: 0.0825
Coral_loss	: 0.0000
MMD_loss	: 1.8090
cond_ent_wt	: 4.8181
Src_reg_loss	: 0.0162
-------------------------------------
[Epoch : 195/500]
Total_loss	: 0.0824
Coral_loss	: 0.0000
MMD_loss	: 1.8092
cond_ent_wt	: 4.8180
Src_reg_loss	: 0.0162
-------------------------------------
[Epoch : 196/500]
Total_loss	: 0.0824
Coral_loss	: 0.0000
MMD_loss	: 1.8094
cond_ent_wt	: 4.8179
Src_reg_loss	: 0.0161
-------------------------------------
[Epoch : 197/500]
Total_loss	: 0.0824
Coral_loss	: 0.0000
MMD_loss	: 1.8097
cond_ent_wt	: 4.8178
Src_reg_loss	: 0.0161
-------------------------------------
[Epoch : 198/500]
Total_loss	: 0.0823
Coral_loss	: 0.0000
MMD_loss	: 1.8098
cond_ent_wt	: 4.8177
Src_reg_loss	: 0.0161
-------------------------------------
[Epoch : 199/500]
Total_loss	: 0.0823
Coral_loss	: 0.0000
MMD_loss	: 1.8100
cond_ent_wt	: 4.8176
Src_reg_loss	: 0.0160
-------------------------------------
[Epoch : 200/500]
Total_loss	: 0.0823
Coral_loss	: 0.0000
MMD_loss	: 1.8102
cond_ent_wt	: 4.8175
Src_reg_loss	: 0.0160
-------------------------------------
[Epoch : 201/500]
Total_loss	: 0.0822
Coral_loss	: 0.0000
MMD_loss	: 1.8104
cond_ent_wt	: 4.8174
Src_reg_loss	: 0.0160
-------------------------------------
[Epoch : 202/500]
Total_loss	: 0.0822
Coral_loss	: 0.0000
MMD_loss	: 1.8106
cond_ent_wt	: 4.8173
Src_reg_loss	: 0.0159
-------------------------------------
[Epoch : 203/500]
Total_loss	: 0.0822
Coral_loss	: 0.0000
MMD_loss	: 1.8108
cond_ent_wt	: 4.8172
Src_reg_loss	: 0.0159
-------------------------------------
[Epoch : 204/500]
Total_loss	: 0.0821
Coral_loss	: 0.0000
MMD_loss	: 1.8110
cond_ent_wt	: 4.8171
Src_reg_loss	: 0.0159
-------------------------------------
[Epoch : 205/500]
Total_loss	: 0.0821
Coral_loss	: 0.0000
MMD_loss	: 1.8111
cond_ent_wt	: 4.8170
Src_reg_loss	: 0.0158
-------------------------------------
[Epoch : 206/500]
Total_loss	: 0.0821
Coral_loss	: 0.0000
MMD_loss	: 1.8113
cond_ent_wt	: 4.8169
Src_reg_loss	: 0.0158
-------------------------------------
[Epoch : 207/500]
Total_loss	: 0.0821
Coral_loss	: 0.0000
MMD_loss	: 1.8115
cond_ent_wt	: 4.8168
Src_reg_loss	: 0.0158
-------------------------------------
[Epoch : 208/500]
Total_loss	: 0.0820
Coral_loss	: 0.0000
MMD_loss	: 1.8117
cond_ent_wt	: 4.8167
Src_reg_loss	: 0.0157
-------------------------------------
[Epoch : 209/500]
Total_loss	: 0.0820
Coral_loss	: 0.0000
MMD_loss	: 1.8119
cond_ent_wt	: 4.8166
Src_reg_loss	: 0.0157
-------------------------------------
[Epoch : 210/500]
Total_loss	: 0.0820
Coral_loss	: 0.0000
MMD_loss	: 1.8121
cond_ent_wt	: 4.8165
Src_reg_loss	: 0.0157
-------------------------------------
[Epoch : 211/500]
Total_loss	: 0.0820
Coral_loss	: 0.0000
MMD_loss	: 1.8123
cond_ent_wt	: 4.8164
Src_reg_loss	: 0.0157
-------------------------------------
[Epoch : 212/500]
Total_loss	: 0.0819
Coral_loss	: 0.0000
MMD_loss	: 1.8125
cond_ent_wt	: 4.8163
Src_reg_loss	: 0.0156
-------------------------------------
[Epoch : 213/500]
Total_loss	: 0.0819
Coral_loss	: 0.0000
MMD_loss	: 1.8126
cond_ent_wt	: 4.8162
Src_reg_loss	: 0.0156
-------------------------------------
[Epoch : 214/500]
Total_loss	: 0.0819
Coral_loss	: 0.0000
MMD_loss	: 1.8129
cond_ent_wt	: 4.8161
Src_reg_loss	: 0.0156
-------------------------------------
[Epoch : 215/500]
Total_loss	: 0.0818
Coral_loss	: 0.0000
MMD_loss	: 1.8131
cond_ent_wt	: 4.8160
Src_reg_loss	: 0.0155
-------------------------------------
[Epoch : 216/500]
Total_loss	: 0.0818
Coral_loss	: 0.0000
MMD_loss	: 1.8132
cond_ent_wt	: 4.8158
Src_reg_loss	: 0.0155
-------------------------------------
[Epoch : 217/500]
Total_loss	: 0.0818
Coral_loss	: 0.0000
MMD_loss	: 1.8134
cond_ent_wt	: 4.8157
Src_reg_loss	: 0.0155
-------------------------------------
[Epoch : 218/500]
Total_loss	: 0.0818
Coral_loss	: 0.0000
MMD_loss	: 1.8136
cond_ent_wt	: 4.8156
Src_reg_loss	: 0.0155
-------------------------------------
[Epoch : 219/500]
Total_loss	: 0.0817
Coral_loss	: 0.0000
MMD_loss	: 1.8138
cond_ent_wt	: 4.8155
Src_reg_loss	: 0.0154
-------------------------------------
[Epoch : 220/500]
Total_loss	: 0.0817
Coral_loss	: 0.0000
MMD_loss	: 1.8139
cond_ent_wt	: 4.8154
Src_reg_loss	: 0.0154
-------------------------------------
[Epoch : 221/500]
Total_loss	: 0.0817
Coral_loss	: 0.0000
MMD_loss	: 1.8141
cond_ent_wt	: 4.8153
Src_reg_loss	: 0.0154
-------------------------------------
[Epoch : 222/500]
Total_loss	: 0.0817
Coral_loss	: 0.0000
MMD_loss	: 1.8143
cond_ent_wt	: 4.8152
Src_reg_loss	: 0.0154
-------------------------------------
[Epoch : 223/500]
Total_loss	: 0.0816
Coral_loss	: 0.0000
MMD_loss	: 1.8144
cond_ent_wt	: 4.8151
Src_reg_loss	: 0.0153
-------------------------------------
[Epoch : 224/500]
Total_loss	: 0.0816
Coral_loss	: 0.0000
MMD_loss	: 1.8146
cond_ent_wt	: 4.8150
Src_reg_loss	: 0.0153
-------------------------------------
[Epoch : 225/500]
Total_loss	: 0.0816
Coral_loss	: 0.0000
MMD_loss	: 1.8148
cond_ent_wt	: 4.8149
Src_reg_loss	: 0.0153
-------------------------------------
[Epoch : 226/500]
Total_loss	: 0.0815
Coral_loss	: 0.0000
MMD_loss	: 1.8150
cond_ent_wt	: 4.8148
Src_reg_loss	: 0.0152
-------------------------------------
[Epoch : 227/500]
Total_loss	: 0.0815
Coral_loss	: 0.0000
MMD_loss	: 1.8150
cond_ent_wt	: 4.8147
Src_reg_loss	: 0.0152
-------------------------------------
[Epoch : 228/500]
Total_loss	: 0.0815
Coral_loss	: 0.0000
MMD_loss	: 1.8153
cond_ent_wt	: 4.8146
Src_reg_loss	: 0.0152
-------------------------------------
[Epoch : 229/500]
Total_loss	: 0.0815
Coral_loss	: 0.0000
MMD_loss	: 1.8154
cond_ent_wt	: 4.8144
Src_reg_loss	: 0.0152
-------------------------------------
[Epoch : 230/500]
Total_loss	: 0.0815
Coral_loss	: 0.0000
MMD_loss	: 1.8155
cond_ent_wt	: 4.8143
Src_reg_loss	: 0.0152
-------------------------------------
[Epoch : 231/500]
Total_loss	: 0.0814
Coral_loss	: 0.0000
MMD_loss	: 1.8157
cond_ent_wt	: 4.8142
Src_reg_loss	: 0.0151
-------------------------------------
[Epoch : 232/500]
Total_loss	: 0.0814
Coral_loss	: 0.0000
MMD_loss	: 1.8159
cond_ent_wt	: 4.8141
Src_reg_loss	: 0.0151
-------------------------------------
[Epoch : 233/500]
Total_loss	: 0.0814
Coral_loss	: 0.0000
MMD_loss	: 1.8160
cond_ent_wt	: 4.8140
Src_reg_loss	: 0.0151
-------------------------------------
[Epoch : 234/500]
Total_loss	: 0.0814
Coral_loss	: 0.0000
MMD_loss	: 1.8161
cond_ent_wt	: 4.8139
Src_reg_loss	: 0.0151
-------------------------------------
[Epoch : 235/500]
Total_loss	: 0.0813
Coral_loss	: 0.0000
MMD_loss	: 1.8163
cond_ent_wt	: 4.8138
Src_reg_loss	: 0.0150
-------------------------------------
[Epoch : 236/500]
Total_loss	: 0.0813
Coral_loss	: 0.0000
MMD_loss	: 1.8165
cond_ent_wt	: 4.8137
Src_reg_loss	: 0.0150
-------------------------------------
[Epoch : 237/500]
Total_loss	: 0.0813
Coral_loss	: 0.0000
MMD_loss	: 1.8166
cond_ent_wt	: 4.8136
Src_reg_loss	: 0.0150
-------------------------------------
[Epoch : 238/500]
Total_loss	: 0.0813
Coral_loss	: 0.0000
MMD_loss	: 1.8167
cond_ent_wt	: 4.8134
Src_reg_loss	: 0.0150
-------------------------------------
[Epoch : 239/500]
Total_loss	: 0.0812
Coral_loss	: 0.0000
MMD_loss	: 1.8169
cond_ent_wt	: 4.8133
Src_reg_loss	: 0.0149
-------------------------------------
[Epoch : 240/500]
Total_loss	: 0.0812
Coral_loss	: 0.0000
MMD_loss	: 1.8170
cond_ent_wt	: 4.8132
Src_reg_loss	: 0.0149
-------------------------------------
[Epoch : 241/500]
Total_loss	: 0.0812
Coral_loss	: 0.0000
MMD_loss	: 1.8171
cond_ent_wt	: 4.8131
Src_reg_loss	: 0.0149
-------------------------------------
[Epoch : 242/500]
Total_loss	: 0.0812
Coral_loss	: 0.0000
MMD_loss	: 1.8173
cond_ent_wt	: 4.8130
Src_reg_loss	: 0.0149
-------------------------------------
[Epoch : 243/500]
Total_loss	: 0.0811
Coral_loss	: 0.0000
MMD_loss	: 1.8174
cond_ent_wt	: 4.8129
Src_reg_loss	: 0.0148
-------------------------------------
[Epoch : 244/500]
Total_loss	: 0.0811
Coral_loss	: 0.0000
MMD_loss	: 1.8175
cond_ent_wt	: 4.8127
Src_reg_loss	: 0.0148
-------------------------------------
[Epoch : 245/500]
Total_loss	: 0.0811
Coral_loss	: 0.0000
MMD_loss	: 1.8176
cond_ent_wt	: 4.8126
Src_reg_loss	: 0.0148
-------------------------------------
[Epoch : 246/500]
Total_loss	: 0.0811
Coral_loss	: 0.0000
MMD_loss	: 1.8178
cond_ent_wt	: 4.8125
Src_reg_loss	: 0.0148
-------------------------------------
[Epoch : 247/500]
Total_loss	: 0.0810
Coral_loss	: 0.0000
MMD_loss	: 1.8178
cond_ent_wt	: 4.8124
Src_reg_loss	: 0.0147
-------------------------------------
[Epoch : 248/500]
Total_loss	: 0.0810
Coral_loss	: 0.0000
MMD_loss	: 1.8179
cond_ent_wt	: 4.8123
Src_reg_loss	: 0.0147
-------------------------------------
[Epoch : 249/500]
Total_loss	: 0.0810
Coral_loss	: 0.0000
MMD_loss	: 1.8181
cond_ent_wt	: 4.8122
Src_reg_loss	: 0.0147
-------------------------------------
[Epoch : 250/500]
Total_loss	: 0.0810
Coral_loss	: 0.0000
MMD_loss	: 1.8182
cond_ent_wt	: 4.8120
Src_reg_loss	: 0.0147
-------------------------------------
[Epoch : 251/500]
Total_loss	: 0.0810
Coral_loss	: 0.0000
MMD_loss	: 1.8182
cond_ent_wt	: 4.8119
Src_reg_loss	: 0.0147
-------------------------------------
[Epoch : 252/500]
Total_loss	: 0.0809
Coral_loss	: 0.0000
MMD_loss	: 1.8184
cond_ent_wt	: 4.8118
Src_reg_loss	: 0.0146
-------------------------------------
[Epoch : 253/500]
Total_loss	: 0.0809
Coral_loss	: 0.0000
MMD_loss	: 1.8185
cond_ent_wt	: 4.8117
Src_reg_loss	: 0.0146
-------------------------------------
[Epoch : 254/500]
Total_loss	: 0.0809
Coral_loss	: 0.0000
MMD_loss	: 1.8185
cond_ent_wt	: 4.8116
Src_reg_loss	: 0.0146
-------------------------------------
[Epoch : 255/500]
Total_loss	: 0.0809
Coral_loss	: 0.0000
MMD_loss	: 1.8187
cond_ent_wt	: 4.8115
Src_reg_loss	: 0.0146
-------------------------------------
[Epoch : 256/500]
Total_loss	: 0.0808
Coral_loss	: 0.0000
MMD_loss	: 1.8188
cond_ent_wt	: 4.8113
Src_reg_loss	: 0.0145
-------------------------------------
[Epoch : 257/500]
Total_loss	: 0.0808
Coral_loss	: 0.0000
MMD_loss	: 1.8188
cond_ent_wt	: 4.8112
Src_reg_loss	: 0.0145
-------------------------------------
[Epoch : 258/500]
Total_loss	: 0.0808
Coral_loss	: 0.0000
MMD_loss	: 1.8189
cond_ent_wt	: 4.8111
Src_reg_loss	: 0.0145
-------------------------------------
[Epoch : 259/500]
Total_loss	: 0.0808
Coral_loss	: 0.0000
MMD_loss	: 1.8190
cond_ent_wt	: 4.8110
Src_reg_loss	: 0.0145
-------------------------------------
[Epoch : 260/500]
Total_loss	: 0.0808
Coral_loss	: 0.0000
MMD_loss	: 1.8190
cond_ent_wt	: 4.8108
Src_reg_loss	: 0.0145
-------------------------------------
[Epoch : 261/500]
Total_loss	: 0.0807
Coral_loss	: 0.0000
MMD_loss	: 1.8191
cond_ent_wt	: 4.8107
Src_reg_loss	: 0.0144
-------------------------------------
[Epoch : 262/500]
Total_loss	: 0.0807
Coral_loss	: 0.0000
MMD_loss	: 1.8192
cond_ent_wt	: 4.8106
Src_reg_loss	: 0.0144
-------------------------------------
[Epoch : 263/500]
Total_loss	: 0.0807
Coral_loss	: 0.0000
MMD_loss	: 1.8193
cond_ent_wt	: 4.8105
Src_reg_loss	: 0.0144
-------------------------------------
[Epoch : 264/500]
Total_loss	: 0.0807
Coral_loss	: 0.0000
MMD_loss	: 1.8193
cond_ent_wt	: 4.8103
Src_reg_loss	: 0.0144
-------------------------------------
[Epoch : 265/500]
Total_loss	: 0.0807
Coral_loss	: 0.0000
MMD_loss	: 1.8193
cond_ent_wt	: 4.8102
Src_reg_loss	: 0.0144
-------------------------------------
[Epoch : 266/500]
Total_loss	: 0.0806
Coral_loss	: 0.0000
MMD_loss	: 1.8194
cond_ent_wt	: 4.8101
Src_reg_loss	: 0.0143
-------------------------------------
[Epoch : 267/500]
Total_loss	: 0.0806
Coral_loss	: 0.0000
MMD_loss	: 1.8194
cond_ent_wt	: 4.8100
Src_reg_loss	: 0.0143
-------------------------------------
[Epoch : 268/500]
Total_loss	: 0.0806
Coral_loss	: 0.0000
MMD_loss	: 1.8195
cond_ent_wt	: 4.8098
Src_reg_loss	: 0.0143
-------------------------------------
[Epoch : 269/500]
Total_loss	: 0.0806
Coral_loss	: 0.0000
MMD_loss	: 1.8196
cond_ent_wt	: 4.8097
Src_reg_loss	: 0.0143
-------------------------------------
[Epoch : 270/500]
Total_loss	: 0.0806
Coral_loss	: 0.0000
MMD_loss	: 1.8196
cond_ent_wt	: 4.8096
Src_reg_loss	: 0.0143
-------------------------------------
[Epoch : 271/500]
Total_loss	: 0.0805
Coral_loss	: 0.0000
MMD_loss	: 1.8196
cond_ent_wt	: 4.8094
Src_reg_loss	: 0.0142
-------------------------------------
[Epoch : 272/500]
Total_loss	: 0.0805
Coral_loss	: 0.0000
MMD_loss	: 1.8197
cond_ent_wt	: 4.8093
Src_reg_loss	: 0.0142
-------------------------------------
[Epoch : 273/500]
Total_loss	: 0.0805
Coral_loss	: 0.0000
MMD_loss	: 1.8197
cond_ent_wt	: 4.8092
Src_reg_loss	: 0.0142
-------------------------------------
[Epoch : 274/500]
Total_loss	: 0.0805
Coral_loss	: 0.0000
MMD_loss	: 1.8196
cond_ent_wt	: 4.8091
Src_reg_loss	: 0.0142
-------------------------------------
[Epoch : 275/500]
Total_loss	: 0.0805
Coral_loss	: 0.0000
MMD_loss	: 1.8197
cond_ent_wt	: 4.8089
Src_reg_loss	: 0.0142
-------------------------------------
[Epoch : 276/500]
Total_loss	: 0.0804
Coral_loss	: 0.0000
MMD_loss	: 1.8197
cond_ent_wt	: 4.8088
Src_reg_loss	: 0.0141
-------------------------------------
[Epoch : 277/500]
Total_loss	: 0.0804
Coral_loss	: 0.0000
MMD_loss	: 1.8197
cond_ent_wt	: 4.8087
Src_reg_loss	: 0.0141
-------------------------------------
[Epoch : 278/500]
Total_loss	: 0.0804
Coral_loss	: 0.0000
MMD_loss	: 1.8197
cond_ent_wt	: 4.8086
Src_reg_loss	: 0.0141
-------------------------------------
[Epoch : 279/500]
Total_loss	: 0.0804
Coral_loss	: 0.0000
MMD_loss	: 1.8197
cond_ent_wt	: 4.8084
Src_reg_loss	: 0.0141
-------------------------------------
[Epoch : 280/500]
Total_loss	: 0.0803
Coral_loss	: 0.0000
MMD_loss	: 1.8197
cond_ent_wt	: 4.8083
Src_reg_loss	: 0.0141
-------------------------------------
[Epoch : 281/500]
Total_loss	: 0.0803
Coral_loss	: 0.0000
MMD_loss	: 1.8197
cond_ent_wt	: 4.8082
Src_reg_loss	: 0.0140
-------------------------------------
[Epoch : 282/500]
Total_loss	: 0.0803
Coral_loss	: 0.0000
MMD_loss	: 1.8198
cond_ent_wt	: 4.8080
Src_reg_loss	: 0.0140
-------------------------------------
[Epoch : 283/500]
Total_loss	: 0.0803
Coral_loss	: 0.0000
MMD_loss	: 1.8197
cond_ent_wt	: 4.8079
Src_reg_loss	: 0.0140
-------------------------------------
[Epoch : 284/500]
Total_loss	: 0.0803
Coral_loss	: 0.0000
MMD_loss	: 1.8197
cond_ent_wt	: 4.8078
Src_reg_loss	: 0.0140
-------------------------------------
[Epoch : 285/500]
Total_loss	: 0.0802
Coral_loss	: 0.0000
MMD_loss	: 1.8197
cond_ent_wt	: 4.8076
Src_reg_loss	: 0.0140
-------------------------------------
[Epoch : 286/500]
Total_loss	: 0.0802
Coral_loss	: 0.0000
MMD_loss	: 1.8197
cond_ent_wt	: 4.8075
Src_reg_loss	: 0.0140
-------------------------------------
[Epoch : 287/500]
Total_loss	: 0.0802
Coral_loss	: 0.0000
MMD_loss	: 1.8196
cond_ent_wt	: 4.8074
Src_reg_loss	: 0.0139
-------------------------------------
[Epoch : 288/500]
Total_loss	: 0.0802
Coral_loss	: 0.0000
MMD_loss	: 1.8196
cond_ent_wt	: 4.8072
Src_reg_loss	: 0.0139
-------------------------------------
[Epoch : 289/500]
Total_loss	: 0.0802
Coral_loss	: 0.0000
MMD_loss	: 1.8196
cond_ent_wt	: 4.8071
Src_reg_loss	: 0.0139
-------------------------------------
[Epoch : 290/500]
Total_loss	: 0.0802
Coral_loss	: 0.0000
MMD_loss	: 1.8195
cond_ent_wt	: 4.8070
Src_reg_loss	: 0.0139
-------------------------------------
[Epoch : 291/500]
Total_loss	: 0.0801
Coral_loss	: 0.0000
MMD_loss	: 1.8195
cond_ent_wt	: 4.8068
Src_reg_loss	: 0.0139
-------------------------------------
[Epoch : 292/500]
Total_loss	: 0.0801
Coral_loss	: 0.0000
MMD_loss	: 1.8195
cond_ent_wt	: 4.8067
Src_reg_loss	: 0.0138
-------------------------------------
[Epoch : 293/500]
Total_loss	: 0.0801
Coral_loss	: 0.0000
MMD_loss	: 1.8194
cond_ent_wt	: 4.8066
Src_reg_loss	: 0.0138
-------------------------------------
[Epoch : 294/500]
Total_loss	: 0.0801
Coral_loss	: 0.0000
MMD_loss	: 1.8194
cond_ent_wt	: 4.8064
Src_reg_loss	: 0.0138
-------------------------------------
[Epoch : 295/500]
Total_loss	: 0.0801
Coral_loss	: 0.0000
MMD_loss	: 1.8194
cond_ent_wt	: 4.8063
Src_reg_loss	: 0.0138
-------------------------------------
[Epoch : 296/500]
Total_loss	: 0.0800
Coral_loss	: 0.0000
MMD_loss	: 1.8193
cond_ent_wt	: 4.8062
Src_reg_loss	: 0.0138
-------------------------------------
[Epoch : 297/500]
Total_loss	: 0.0800
Coral_loss	: 0.0000
MMD_loss	: 1.8192
cond_ent_wt	: 4.8060
Src_reg_loss	: 0.0138
-------------------------------------
[Epoch : 298/500]
Total_loss	: 0.0800
Coral_loss	: 0.0000
MMD_loss	: 1.8192
cond_ent_wt	: 4.8059
Src_reg_loss	: 0.0137
-------------------------------------
[Epoch : 299/500]
Total_loss	: 0.0800
Coral_loss	: 0.0000
MMD_loss	: 1.8191
cond_ent_wt	: 4.8057
Src_reg_loss	: 0.0137
-------------------------------------
[Epoch : 300/500]
Total_loss	: 0.0800
Coral_loss	: 0.0000
MMD_loss	: 1.8190
cond_ent_wt	: 4.8056
Src_reg_loss	: 0.0137
-------------------------------------
[Epoch : 301/500]
Total_loss	: 0.0799
Coral_loss	: 0.0000
MMD_loss	: 1.8190
cond_ent_wt	: 4.8055
Src_reg_loss	: 0.0137
-------------------------------------
[Epoch : 302/500]
Total_loss	: 0.0799
Coral_loss	: 0.0000
MMD_loss	: 1.8189
cond_ent_wt	: 4.8053
Src_reg_loss	: 0.0137
-------------------------------------
[Epoch : 303/500]
Total_loss	: 0.0799
Coral_loss	: 0.0000
MMD_loss	: 1.8188
cond_ent_wt	: 4.8052
Src_reg_loss	: 0.0137
-------------------------------------
[Epoch : 304/500]
Total_loss	: 0.0799
Coral_loss	: 0.0000
MMD_loss	: 1.8187
cond_ent_wt	: 4.8051
Src_reg_loss	: 0.0136
-------------------------------------
[Epoch : 305/500]
Total_loss	: 0.0799
Coral_loss	: 0.0000
MMD_loss	: 1.8187
cond_ent_wt	: 4.8049
Src_reg_loss	: 0.0136
-------------------------------------
[Epoch : 306/500]
Total_loss	: 0.0798
Coral_loss	: 0.0000
MMD_loss	: 1.8186
cond_ent_wt	: 4.8048
Src_reg_loss	: 0.0136
-------------------------------------
[Epoch : 307/500]
Total_loss	: 0.0798
Coral_loss	: 0.0000
MMD_loss	: 1.8185
cond_ent_wt	: 4.8047
Src_reg_loss	: 0.0136
-------------------------------------
[Epoch : 308/500]
Total_loss	: 0.0798
Coral_loss	: 0.0000
MMD_loss	: 1.8185
cond_ent_wt	: 4.8045
Src_reg_loss	: 0.0136
-------------------------------------
[Epoch : 309/500]
Total_loss	: 0.0798
Coral_loss	: 0.0000
MMD_loss	: 1.8184
cond_ent_wt	: 4.8044
Src_reg_loss	: 0.0136
-------------------------------------
[Epoch : 310/500]
Total_loss	: 0.0798
Coral_loss	: 0.0000
MMD_loss	: 1.8183
cond_ent_wt	: 4.8043
Src_reg_loss	: 0.0135
-------------------------------------
[Epoch : 311/500]
Total_loss	: 0.0798
Coral_loss	: 0.0000
MMD_loss	: 1.8182
cond_ent_wt	: 4.8041
Src_reg_loss	: 0.0135
-------------------------------------
[Epoch : 312/500]
Total_loss	: 0.0797
Coral_loss	: 0.0000
MMD_loss	: 1.8181
cond_ent_wt	: 4.8040
Src_reg_loss	: 0.0135
-------------------------------------
[Epoch : 313/500]
Total_loss	: 0.0797
Coral_loss	: 0.0000
MMD_loss	: 1.8180
cond_ent_wt	: 4.8038
Src_reg_loss	: 0.0135
-------------------------------------
[Epoch : 314/500]
Total_loss	: 0.0797
Coral_loss	: 0.0000
MMD_loss	: 1.8179
cond_ent_wt	: 4.8037
Src_reg_loss	: 0.0135
-------------------------------------
[Epoch : 315/500]
Total_loss	: 0.0797
Coral_loss	: 0.0000
MMD_loss	: 1.8178
cond_ent_wt	: 4.8036
Src_reg_loss	: 0.0135
-------------------------------------
[Epoch : 316/500]
Total_loss	: 0.0797
Coral_loss	: 0.0000
MMD_loss	: 1.8177
cond_ent_wt	: 4.8034
Src_reg_loss	: 0.0135
-------------------------------------
[Epoch : 317/500]
Total_loss	: 0.0796
Coral_loss	: 0.0000
MMD_loss	: 1.8176
cond_ent_wt	: 4.8033
Src_reg_loss	: 0.0134
-------------------------------------
[Epoch : 318/500]
Total_loss	: 0.0796
Coral_loss	: 0.0000
MMD_loss	: 1.8175
cond_ent_wt	: 4.8032
Src_reg_loss	: 0.0134
-------------------------------------
[Epoch : 319/500]
Total_loss	: 0.0796
Coral_loss	: 0.0000
MMD_loss	: 1.8174
cond_ent_wt	: 4.8030
Src_reg_loss	: 0.0134
-------------------------------------
[Epoch : 320/500]
Total_loss	: 0.0796
Coral_loss	: 0.0000
MMD_loss	: 1.8173
cond_ent_wt	: 4.8029
Src_reg_loss	: 0.0134
-------------------------------------
[Epoch : 321/500]
Total_loss	: 0.0796
Coral_loss	: 0.0000
MMD_loss	: 1.8172
cond_ent_wt	: 4.8027
Src_reg_loss	: 0.0134
-------------------------------------
[Epoch : 322/500]
Total_loss	: 0.0796
Coral_loss	: 0.0000
MMD_loss	: 1.8171
cond_ent_wt	: 4.8026
Src_reg_loss	: 0.0134
-------------------------------------
[Epoch : 323/500]
Total_loss	: 0.0795
Coral_loss	: 0.0000
MMD_loss	: 1.8169
cond_ent_wt	: 4.8025
Src_reg_loss	: 0.0133
-------------------------------------
[Epoch : 324/500]
Total_loss	: 0.0795
Coral_loss	: 0.0000
MMD_loss	: 1.8169
cond_ent_wt	: 4.8023
Src_reg_loss	: 0.0133
-------------------------------------
[Epoch : 325/500]
Total_loss	: 0.0795
Coral_loss	: 0.0000
MMD_loss	: 1.8168
cond_ent_wt	: 4.8022
Src_reg_loss	: 0.0133
-------------------------------------
[Epoch : 326/500]
Total_loss	: 0.0795
Coral_loss	: 0.0000
MMD_loss	: 1.8166
cond_ent_wt	: 4.8020
Src_reg_loss	: 0.0133
-------------------------------------
[Epoch : 327/500]
Total_loss	: 0.0795
Coral_loss	: 0.0000
MMD_loss	: 1.8165
cond_ent_wt	: 4.8019
Src_reg_loss	: 0.0133
-------------------------------------
[Epoch : 328/500]
Total_loss	: 0.0795
Coral_loss	: 0.0000
MMD_loss	: 1.8164
cond_ent_wt	: 4.8018
Src_reg_loss	: 0.0133
-------------------------------------
[Epoch : 329/500]
Total_loss	: 0.0794
Coral_loss	: 0.0000
MMD_loss	: 1.8162
cond_ent_wt	: 4.8016
Src_reg_loss	: 0.0133
-------------------------------------
[Epoch : 330/500]
Total_loss	: 0.0794
Coral_loss	: 0.0000
MMD_loss	: 1.8161
cond_ent_wt	: 4.8015
Src_reg_loss	: 0.0132
-------------------------------------
[Epoch : 331/500]
Total_loss	: 0.0794
Coral_loss	: 0.0000
MMD_loss	: 1.8160
cond_ent_wt	: 4.8013
Src_reg_loss	: 0.0132
-------------------------------------
[Epoch : 332/500]
Total_loss	: 0.0794
Coral_loss	: 0.0000
MMD_loss	: 1.8159
cond_ent_wt	: 4.8012
Src_reg_loss	: 0.0132
-------------------------------------
[Epoch : 333/500]
Total_loss	: 0.0794
Coral_loss	: 0.0000
MMD_loss	: 1.8158
cond_ent_wt	: 4.8011
Src_reg_loss	: 0.0132
-------------------------------------
[Epoch : 334/500]
Total_loss	: 0.0793
Coral_loss	: 0.0000
MMD_loss	: 1.8157
cond_ent_wt	: 4.8009
Src_reg_loss	: 0.0132
-------------------------------------
[Epoch : 335/500]
Total_loss	: 0.0793
Coral_loss	: 0.0000
MMD_loss	: 1.8155
cond_ent_wt	: 4.8008
Src_reg_loss	: 0.0132
-------------------------------------
[Epoch : 336/500]
Total_loss	: 0.0793
Coral_loss	: 0.0000
MMD_loss	: 1.8154
cond_ent_wt	: 4.8006
Src_reg_loss	: 0.0132
-------------------------------------
[Epoch : 337/500]
Total_loss	: 0.0793
Coral_loss	: 0.0000
MMD_loss	: 1.8153
cond_ent_wt	: 4.8005
Src_reg_loss	: 0.0131
-------------------------------------
[Epoch : 338/500]
Total_loss	: 0.0793
Coral_loss	: 0.0000
MMD_loss	: 1.8151
cond_ent_wt	: 4.8004
Src_reg_loss	: 0.0131
-------------------------------------
[Epoch : 339/500]
Total_loss	: 0.0793
Coral_loss	: 0.0000
MMD_loss	: 1.8150
cond_ent_wt	: 4.8002
Src_reg_loss	: 0.0131
-------------------------------------
[Epoch : 340/500]
Total_loss	: 0.0792
Coral_loss	: 0.0000
MMD_loss	: 1.8149
cond_ent_wt	: 4.8001
Src_reg_loss	: 0.0131
-------------------------------------
[Epoch : 341/500]
Total_loss	: 0.0792
Coral_loss	: 0.0000
MMD_loss	: 1.8147
cond_ent_wt	: 4.7999
Src_reg_loss	: 0.0131
-------------------------------------
[Epoch : 342/500]
Total_loss	: 0.0792
Coral_loss	: 0.0000
MMD_loss	: 1.8145
cond_ent_wt	: 4.7998
Src_reg_loss	: 0.0131
-------------------------------------
[Epoch : 343/500]
Total_loss	: 0.0792
Coral_loss	: 0.0000
MMD_loss	: 1.8144
cond_ent_wt	: 4.7996
Src_reg_loss	: 0.0131
-------------------------------------
[Epoch : 344/500]
Total_loss	: 0.0792
Coral_loss	: 0.0000
MMD_loss	: 1.8143
cond_ent_wt	: 4.7995
Src_reg_loss	: 0.0130
-------------------------------------
[Epoch : 345/500]
Total_loss	: 0.0792
Coral_loss	: 0.0000
MMD_loss	: 1.8141
cond_ent_wt	: 4.7993
Src_reg_loss	: 0.0130
-------------------------------------
[Epoch : 346/500]
Total_loss	: 0.0791
Coral_loss	: 0.0000
MMD_loss	: 1.8140
cond_ent_wt	: 4.7992
Src_reg_loss	: 0.0130
-------------------------------------
[Epoch : 347/500]
Total_loss	: 0.0791
Coral_loss	: 0.0000
MMD_loss	: 1.8138
cond_ent_wt	: 4.7991
Src_reg_loss	: 0.0130
-------------------------------------
[Epoch : 348/500]
Total_loss	: 0.0791
Coral_loss	: 0.0000
MMD_loss	: 1.8137
cond_ent_wt	: 4.7989
Src_reg_loss	: 0.0130
-------------------------------------
[Epoch : 349/500]
Total_loss	: 0.0791
Coral_loss	: 0.0000
MMD_loss	: 1.8135
cond_ent_wt	: 4.7988
Src_reg_loss	: 0.0130
-------------------------------------
[Epoch : 350/500]
Total_loss	: 0.0791
Coral_loss	: 0.0000
MMD_loss	: 1.8134
cond_ent_wt	: 4.7986
Src_reg_loss	: 0.0130
-------------------------------------
[Epoch : 351/500]
Total_loss	: 0.0791
Coral_loss	: 0.0000
MMD_loss	: 1.8132
cond_ent_wt	: 4.7985
Src_reg_loss	: 0.0129
-------------------------------------
[Epoch : 352/500]
Total_loss	: 0.0790
Coral_loss	: 0.0000
MMD_loss	: 1.8131
cond_ent_wt	: 4.7984
Src_reg_loss	: 0.0129
-------------------------------------
[Epoch : 353/500]
Total_loss	: 0.0790
Coral_loss	: 0.0000
MMD_loss	: 1.8130
cond_ent_wt	: 4.7982
Src_reg_loss	: 0.0129
-------------------------------------
[Epoch : 354/500]
Total_loss	: 0.0790
Coral_loss	: 0.0000
MMD_loss	: 1.8128
cond_ent_wt	: 4.7981
Src_reg_loss	: 0.0129
-------------------------------------
[Epoch : 355/500]
Total_loss	: 0.0790
Coral_loss	: 0.0000
MMD_loss	: 1.8126
cond_ent_wt	: 4.7979
Src_reg_loss	: 0.0129
-------------------------------------
[Epoch : 356/500]
Total_loss	: 0.0790
Coral_loss	: 0.0000
MMD_loss	: 1.8125
cond_ent_wt	: 4.7978
Src_reg_loss	: 0.0129
-------------------------------------
[Epoch : 357/500]
Total_loss	: 0.0790
Coral_loss	: 0.0000
MMD_loss	: 1.8123
cond_ent_wt	: 4.7976
Src_reg_loss	: 0.0129
-------------------------------------
[Epoch : 358/500]
Total_loss	: 0.0789
Coral_loss	: 0.0000
MMD_loss	: 1.8121
cond_ent_wt	: 4.7975
Src_reg_loss	: 0.0128
-------------------------------------
[Epoch : 359/500]
Total_loss	: 0.0789
Coral_loss	: 0.0000
MMD_loss	: 1.8120
cond_ent_wt	: 4.7973
Src_reg_loss	: 0.0128
-------------------------------------
[Epoch : 360/500]
Total_loss	: 0.0789
Coral_loss	: 0.0000
MMD_loss	: 1.8119
cond_ent_wt	: 4.7972
Src_reg_loss	: 0.0128
-------------------------------------
[Epoch : 361/500]
Total_loss	: 0.0789
Coral_loss	: 0.0000
MMD_loss	: 1.8117
cond_ent_wt	: 4.7970
Src_reg_loss	: 0.0128
-------------------------------------
[Epoch : 362/500]
Total_loss	: 0.0789
Coral_loss	: 0.0000
MMD_loss	: 1.8115
cond_ent_wt	: 4.7969
Src_reg_loss	: 0.0128
-------------------------------------
[Epoch : 363/500]
Total_loss	: 0.0789
Coral_loss	: 0.0000
MMD_loss	: 1.8114
cond_ent_wt	: 4.7968
Src_reg_loss	: 0.0128
-------------------------------------
[Epoch : 364/500]
Total_loss	: 0.0789
Coral_loss	: 0.0000
MMD_loss	: 1.8112
cond_ent_wt	: 4.7966
Src_reg_loss	: 0.0128
-------------------------------------
[Epoch : 365/500]
Total_loss	: 0.0788
Coral_loss	: 0.0000
MMD_loss	: 1.8111
cond_ent_wt	: 4.7965
Src_reg_loss	: 0.0128
-------------------------------------
[Epoch : 366/500]
Total_loss	: 0.0788
Coral_loss	: 0.0000
MMD_loss	: 1.8109
cond_ent_wt	: 4.7963
Src_reg_loss	: 0.0127
-------------------------------------
[Epoch : 367/500]
Total_loss	: 0.0788
Coral_loss	: 0.0000
MMD_loss	: 1.8108
cond_ent_wt	: 4.7962
Src_reg_loss	: 0.0127
-------------------------------------
[Epoch : 368/500]
Total_loss	: 0.0788
Coral_loss	: 0.0000
MMD_loss	: 1.8106
cond_ent_wt	: 4.7961
Src_reg_loss	: 0.0127
-------------------------------------
[Epoch : 369/500]
Total_loss	: 0.0788
Coral_loss	: 0.0000
MMD_loss	: 1.8105
cond_ent_wt	: 4.7959
Src_reg_loss	: 0.0127
-------------------------------------
[Epoch : 370/500]
Total_loss	: 0.0788
Coral_loss	: 0.0000
MMD_loss	: 1.8103
cond_ent_wt	: 4.7958
Src_reg_loss	: 0.0127
-------------------------------------
[Epoch : 371/500]
Total_loss	: 0.0787
Coral_loss	: 0.0000
MMD_loss	: 1.8101
cond_ent_wt	: 4.7956
Src_reg_loss	: 0.0127
-------------------------------------
[Epoch : 372/500]
Total_loss	: 0.0787
Coral_loss	: 0.0000
MMD_loss	: 1.8100
cond_ent_wt	: 4.7955
Src_reg_loss	: 0.0127
-------------------------------------
[Epoch : 373/500]
Total_loss	: 0.0787
Coral_loss	: 0.0000
MMD_loss	: 1.8098
cond_ent_wt	: 4.7953
Src_reg_loss	: 0.0127
-------------------------------------
[Epoch : 374/500]
Total_loss	: 0.0787
Coral_loss	: 0.0000
MMD_loss	: 1.8096
cond_ent_wt	: 4.7952
Src_reg_loss	: 0.0126
-------------------------------------
[Epoch : 375/500]
Total_loss	: 0.0787
Coral_loss	: 0.0000
MMD_loss	: 1.8095
cond_ent_wt	: 4.7950
Src_reg_loss	: 0.0126
-------------------------------------
[Epoch : 376/500]
Total_loss	: 0.0787
Coral_loss	: 0.0000
MMD_loss	: 1.8093
cond_ent_wt	: 4.7948
Src_reg_loss	: 0.0126
-------------------------------------
[Epoch : 377/500]
Total_loss	: 0.0786
Coral_loss	: 0.0000
MMD_loss	: 1.8091
cond_ent_wt	: 4.7947
Src_reg_loss	: 0.0126
-------------------------------------
[Epoch : 378/500]
Total_loss	: 0.0786
Coral_loss	: 0.0000
MMD_loss	: 1.8089
cond_ent_wt	: 4.7945
Src_reg_loss	: 0.0126
-------------------------------------
[Epoch : 379/500]
Total_loss	: 0.0786
Coral_loss	: 0.0000
MMD_loss	: 1.8088
cond_ent_wt	: 4.7944
Src_reg_loss	: 0.0126
-------------------------------------
[Epoch : 380/500]
Total_loss	: 0.0786
Coral_loss	: 0.0000
MMD_loss	: 1.8085
cond_ent_wt	: 4.7942
Src_reg_loss	: 0.0126
-------------------------------------
[Epoch : 381/500]
Total_loss	: 0.0786
Coral_loss	: 0.0000
MMD_loss	: 1.8084
cond_ent_wt	: 4.7941
Src_reg_loss	: 0.0126
-------------------------------------
[Epoch : 382/500]
Total_loss	: 0.0786
Coral_loss	: 0.0000
MMD_loss	: 1.8083
cond_ent_wt	: 4.7939
Src_reg_loss	: 0.0125
-------------------------------------
[Epoch : 383/500]
Total_loss	: 0.0786
Coral_loss	: 0.0000
MMD_loss	: 1.8081
cond_ent_wt	: 4.7938
Src_reg_loss	: 0.0125
-------------------------------------
[Epoch : 384/500]
Total_loss	: 0.0785
Coral_loss	: 0.0000
MMD_loss	: 1.8079
cond_ent_wt	: 4.7937
Src_reg_loss	: 0.0125
-------------------------------------
[Epoch : 385/500]
Total_loss	: 0.0785
Coral_loss	: 0.0000
MMD_loss	: 1.8078
cond_ent_wt	: 4.7935
Src_reg_loss	: 0.0125
-------------------------------------
[Epoch : 386/500]
Total_loss	: 0.0785
Coral_loss	: 0.0000
MMD_loss	: 1.8076
cond_ent_wt	: 4.7934
Src_reg_loss	: 0.0125
-------------------------------------
[Epoch : 387/500]
Total_loss	: 0.0785
Coral_loss	: 0.0000
MMD_loss	: 1.8074
cond_ent_wt	: 4.7932
Src_reg_loss	: 0.0125
-------------------------------------
[Epoch : 388/500]
Total_loss	: 0.0785
Coral_loss	: 0.0000
MMD_loss	: 1.8073
cond_ent_wt	: 4.7931
Src_reg_loss	: 0.0125
-------------------------------------
[Epoch : 389/500]
Total_loss	: 0.0785
Coral_loss	: 0.0000
MMD_loss	: 1.8071
cond_ent_wt	: 4.7929
Src_reg_loss	: 0.0125
-------------------------------------
[Epoch : 390/500]
Total_loss	: 0.0784
Coral_loss	: 0.0000
MMD_loss	: 1.8069
cond_ent_wt	: 4.7928
Src_reg_loss	: 0.0124
-------------------------------------
[Epoch : 391/500]
Total_loss	: 0.0784
Coral_loss	: 0.0000
MMD_loss	: 1.8068
cond_ent_wt	: 4.7926
Src_reg_loss	: 0.0124
-------------------------------------
[Epoch : 392/500]
Total_loss	: 0.0784
Coral_loss	: 0.0000
MMD_loss	: 1.8065
cond_ent_wt	: 4.7924
Src_reg_loss	: 0.0124
-------------------------------------
[Epoch : 393/500]
Total_loss	: 0.0784
Coral_loss	: 0.0000
MMD_loss	: 1.8063
cond_ent_wt	: 4.7923
Src_reg_loss	: 0.0124
-------------------------------------
[Epoch : 394/500]
Total_loss	: 0.0784
Coral_loss	: 0.0000
MMD_loss	: 1.8061
cond_ent_wt	: 4.7921
Src_reg_loss	: 0.0124
-------------------------------------
[Epoch : 395/500]
Total_loss	: 0.0784
Coral_loss	: 0.0000
MMD_loss	: 1.8059
cond_ent_wt	: 4.7919
Src_reg_loss	: 0.0124
-------------------------------------
[Epoch : 396/500]
Total_loss	: 0.0783
Coral_loss	: 0.0000
MMD_loss	: 1.8057
cond_ent_wt	: 4.7918
Src_reg_loss	: 0.0124
-------------------------------------
[Epoch : 397/500]
Total_loss	: 0.0783
Coral_loss	: 0.0000
MMD_loss	: 1.8055
cond_ent_wt	: 4.7916
Src_reg_loss	: 0.0124
-------------------------------------
[Epoch : 398/500]
Total_loss	: 0.0783
Coral_loss	: 0.0000
MMD_loss	: 1.8053
cond_ent_wt	: 4.7914
Src_reg_loss	: 0.0123
-------------------------------------
[Epoch : 399/500]
Total_loss	: 0.0783
Coral_loss	: 0.0000
MMD_loss	: 1.8050
cond_ent_wt	: 4.7912
Src_reg_loss	: 0.0123
-------------------------------------
[Epoch : 400/500]
Total_loss	: 0.0783
Coral_loss	: 0.0000
MMD_loss	: 1.8049
cond_ent_wt	: 4.7911
Src_reg_loss	: 0.0123
-------------------------------------
[Epoch : 401/500]
Total_loss	: 0.0783
Coral_loss	: 0.0000
MMD_loss	: 1.8048
cond_ent_wt	: 4.7909
Src_reg_loss	: 0.0123
-------------------------------------
[Epoch : 402/500]
Total_loss	: 0.0783
Coral_loss	: 0.0000
MMD_loss	: 1.8046
cond_ent_wt	: 4.7907
Src_reg_loss	: 0.0123
-------------------------------------
[Epoch : 403/500]
Total_loss	: 0.0783
Coral_loss	: 0.0000
MMD_loss	: 1.8044
cond_ent_wt	: 4.7906
Src_reg_loss	: 0.0123
-------------------------------------
[Epoch : 404/500]
Total_loss	: 0.0782
Coral_loss	: 0.0000
MMD_loss	: 1.8042
cond_ent_wt	: 4.7905
Src_reg_loss	: 0.0123
-------------------------------------
[Epoch : 405/500]
Total_loss	: 0.0782
Coral_loss	: 0.0000
MMD_loss	: 1.8041
cond_ent_wt	: 4.7903
Src_reg_loss	: 0.0123
-------------------------------------
[Epoch : 406/500]
Total_loss	: 0.0782
Coral_loss	: 0.0000
MMD_loss	: 1.8040
cond_ent_wt	: 4.7902
Src_reg_loss	: 0.0123
-------------------------------------
[Epoch : 407/500]
Total_loss	: 0.0782
Coral_loss	: 0.0000
MMD_loss	: 1.8038
cond_ent_wt	: 4.7900
Src_reg_loss	: 0.0123
-------------------------------------
[Epoch : 408/500]
Total_loss	: 0.0782
Coral_loss	: 0.0000
MMD_loss	: 1.8037
cond_ent_wt	: 4.7899
Src_reg_loss	: 0.0122
-------------------------------------
[Epoch : 409/500]
Total_loss	: 0.0782
Coral_loss	: 0.0000
MMD_loss	: 1.8036
cond_ent_wt	: 4.7897
Src_reg_loss	: 0.0122
-------------------------------------
[Epoch : 410/500]
Total_loss	: 0.0782
Coral_loss	: 0.0000
MMD_loss	: 1.8034
cond_ent_wt	: 4.7896
Src_reg_loss	: 0.0122
-------------------------------------
[Epoch : 411/500]
Total_loss	: 0.0781
Coral_loss	: 0.0000
MMD_loss	: 1.8033
cond_ent_wt	: 4.7894
Src_reg_loss	: 0.0122
-------------------------------------
[Epoch : 412/500]
Total_loss	: 0.0781
Coral_loss	: 0.0000
MMD_loss	: 1.8031
cond_ent_wt	: 4.7893
Src_reg_loss	: 0.0122
-------------------------------------
[Epoch : 413/500]
Total_loss	: 0.0781
Coral_loss	: 0.0000
MMD_loss	: 1.8029
cond_ent_wt	: 4.7891
Src_reg_loss	: 0.0122
-------------------------------------
[Epoch : 414/500]
Total_loss	: 0.0781
Coral_loss	: 0.0000
MMD_loss	: 1.8027
cond_ent_wt	: 4.7889
Src_reg_loss	: 0.0122
-------------------------------------
[Epoch : 415/500]
Total_loss	: 0.0781
Coral_loss	: 0.0000
MMD_loss	: 1.8025
cond_ent_wt	: 4.7888
Src_reg_loss	: 0.0122
-------------------------------------
[Epoch : 416/500]
Total_loss	: 0.0781
Coral_loss	: 0.0000
MMD_loss	: 1.8023
cond_ent_wt	: 4.7886
Src_reg_loss	: 0.0121
-------------------------------------
[Epoch : 417/500]
Total_loss	: 0.0780
Coral_loss	: 0.0000
MMD_loss	: 1.8022
cond_ent_wt	: 4.7884
Src_reg_loss	: 0.0121
-------------------------------------
[Epoch : 418/500]
Total_loss	: 0.0780
Coral_loss	: 0.0000
MMD_loss	: 1.8019
cond_ent_wt	: 4.7882
Src_reg_loss	: 0.0121
-------------------------------------
[Epoch : 419/500]
Total_loss	: 0.0780
Coral_loss	: 0.0000
MMD_loss	: 1.8017
cond_ent_wt	: 4.7881
Src_reg_loss	: 0.0121
-------------------------------------
[Epoch : 420/500]
Total_loss	: 0.0780
Coral_loss	: 0.0000
MMD_loss	: 1.8016
cond_ent_wt	: 4.7879
Src_reg_loss	: 0.0121
-------------------------------------
[Epoch : 421/500]
Total_loss	: 0.0780
Coral_loss	: 0.0000
MMD_loss	: 1.8014
cond_ent_wt	: 4.7877
Src_reg_loss	: 0.0121
-------------------------------------
[Epoch : 422/500]
Total_loss	: 0.0780
Coral_loss	: 0.0000
MMD_loss	: 1.8012
cond_ent_wt	: 4.7875
Src_reg_loss	: 0.0121
-------------------------------------
[Epoch : 423/500]
Total_loss	: 0.0780
Coral_loss	: 0.0000
MMD_loss	: 1.8011
cond_ent_wt	: 4.7874
Src_reg_loss	: 0.0121
-------------------------------------
[Epoch : 424/500]
Total_loss	: 0.0780
Coral_loss	: 0.0000
MMD_loss	: 1.8009
cond_ent_wt	: 4.7872
Src_reg_loss	: 0.0121
-------------------------------------
[Epoch : 425/500]
Total_loss	: 0.0779
Coral_loss	: 0.0000
MMD_loss	: 1.8007
cond_ent_wt	: 4.7870
Src_reg_loss	: 0.0121
-------------------------------------
[Epoch : 426/500]
Total_loss	: 0.0779
Coral_loss	: 0.0000
MMD_loss	: 1.8006
cond_ent_wt	: 4.7869
Src_reg_loss	: 0.0121
-------------------------------------
[Epoch : 427/500]
Total_loss	: 0.0779
Coral_loss	: 0.0000
MMD_loss	: 1.8005
cond_ent_wt	: 4.7867
Src_reg_loss	: 0.0120
-------------------------------------
[Epoch : 428/500]
Total_loss	: 0.0779
Coral_loss	: 0.0000
MMD_loss	: 1.8003
cond_ent_wt	: 4.7866
Src_reg_loss	: 0.0120
-------------------------------------
[Epoch : 429/500]
Total_loss	: 0.0779
Coral_loss	: 0.0000
MMD_loss	: 1.8002
cond_ent_wt	: 4.7864
Src_reg_loss	: 0.0120
-------------------------------------
[Epoch : 430/500]
Total_loss	: 0.0779
Coral_loss	: 0.0000
MMD_loss	: 1.8000
cond_ent_wt	: 4.7862
Src_reg_loss	: 0.0120
-------------------------------------
[Epoch : 431/500]
Total_loss	: 0.0779
Coral_loss	: 0.0000
MMD_loss	: 1.7998
cond_ent_wt	: 4.7860
Src_reg_loss	: 0.0120
-------------------------------------
[Epoch : 432/500]
Total_loss	: 0.0778
Coral_loss	: 0.0000
MMD_loss	: 1.7996
cond_ent_wt	: 4.7859
Src_reg_loss	: 0.0120
-------------------------------------
[Epoch : 433/500]
Total_loss	: 0.0778
Coral_loss	: 0.0000
MMD_loss	: 1.7994
cond_ent_wt	: 4.7857
Src_reg_loss	: 0.0120
-------------------------------------
[Epoch : 434/500]
Total_loss	: 0.0778
Coral_loss	: 0.0000
MMD_loss	: 1.7991
cond_ent_wt	: 4.7855
Src_reg_loss	: 0.0120
-------------------------------------
[Epoch : 435/500]
Total_loss	: 0.0778
Coral_loss	: 0.0000
MMD_loss	: 1.7989
cond_ent_wt	: 4.7853
Src_reg_loss	: 0.0119
-------------------------------------
[Epoch : 436/500]
Total_loss	: 0.0778
Coral_loss	: 0.0000
MMD_loss	: 1.7986
cond_ent_wt	: 4.7851
Src_reg_loss	: 0.0119
-------------------------------------
[Epoch : 437/500]
Total_loss	: 0.0778
Coral_loss	: 0.0000
MMD_loss	: 1.7984
cond_ent_wt	: 4.7849
Src_reg_loss	: 0.0119
-------------------------------------
[Epoch : 438/500]
Total_loss	: 0.0777
Coral_loss	: 0.0000
MMD_loss	: 1.7981
cond_ent_wt	: 4.7847
Src_reg_loss	: 0.0119
-------------------------------------
[Epoch : 439/500]
Total_loss	: 0.0777
Coral_loss	: 0.0000
MMD_loss	: 1.7978
cond_ent_wt	: 4.7845
Src_reg_loss	: 0.0119
-------------------------------------
[Epoch : 440/500]
Total_loss	: 0.0777
Coral_loss	: 0.0000
MMD_loss	: 1.7976
cond_ent_wt	: 4.7843
Src_reg_loss	: 0.0119
-------------------------------------
[Epoch : 441/500]
Total_loss	: 0.0777
Coral_loss	: 0.0000
MMD_loss	: 1.7973
cond_ent_wt	: 4.7841
Src_reg_loss	: 0.0119
-------------------------------------
[Epoch : 442/500]
Total_loss	: 0.0777
Coral_loss	: 0.0000
MMD_loss	: 1.7971
cond_ent_wt	: 4.7839
Src_reg_loss	: 0.0119
-------------------------------------
[Epoch : 443/500]
Total_loss	: 0.0777
Coral_loss	: 0.0000
MMD_loss	: 1.7968
cond_ent_wt	: 4.7837
Src_reg_loss	: 0.0119
-------------------------------------
[Epoch : 444/500]
Total_loss	: 0.0777
Coral_loss	: 0.0000
MMD_loss	: 1.7967
cond_ent_wt	: 4.7835
Src_reg_loss	: 0.0119
-------------------------------------
[Epoch : 445/500]
Total_loss	: 0.0777
Coral_loss	: 0.0000
MMD_loss	: 1.7966
cond_ent_wt	: 4.7833
Src_reg_loss	: 0.0119
-------------------------------------
[Epoch : 446/500]
Total_loss	: 0.0777
Coral_loss	: 0.0000
MMD_loss	: 1.7964
cond_ent_wt	: 4.7832
Src_reg_loss	: 0.0119
-------------------------------------
[Epoch : 447/500]
Total_loss	: 0.0777
Coral_loss	: 0.0000
MMD_loss	: 1.7964
cond_ent_wt	: 4.7831
Src_reg_loss	: 0.0119
-------------------------------------
[Epoch : 448/500]
Total_loss	: 0.0776
Coral_loss	: 0.0000
MMD_loss	: 1.7964
cond_ent_wt	: 4.7829
Src_reg_loss	: 0.0118
-------------------------------------
[Epoch : 449/500]
Total_loss	: 0.0776
Coral_loss	: 0.0000
MMD_loss	: 1.7964
cond_ent_wt	: 4.7828
Src_reg_loss	: 0.0118
-------------------------------------
[Epoch : 450/500]
Total_loss	: 0.0776
Coral_loss	: 0.0000
MMD_loss	: 1.7963
cond_ent_wt	: 4.7827
Src_reg_loss	: 0.0118
-------------------------------------
[Epoch : 451/500]
Total_loss	: 0.0776
Coral_loss	: 0.0000
MMD_loss	: 1.7962
cond_ent_wt	: 4.7825
Src_reg_loss	: 0.0118
-------------------------------------
[Epoch : 452/500]
Total_loss	: 0.0776
Coral_loss	: 0.0000
MMD_loss	: 1.7961
cond_ent_wt	: 4.7824
Src_reg_loss	: 0.0118
-------------------------------------
[Epoch : 453/500]
Total_loss	: 0.0776
Coral_loss	: 0.0000
MMD_loss	: 1.7961
cond_ent_wt	: 4.7822
Src_reg_loss	: 0.0118
-------------------------------------
[Epoch : 454/500]
Total_loss	: 0.0776
Coral_loss	: 0.0000
MMD_loss	: 1.7960
cond_ent_wt	: 4.7821
Src_reg_loss	: 0.0118
-------------------------------------
[Epoch : 455/500]
Total_loss	: 0.0776
Coral_loss	: 0.0000
MMD_loss	: 1.7959
cond_ent_wt	: 4.7820
Src_reg_loss	: 0.0118
-------------------------------------
[Epoch : 456/500]
Total_loss	: 0.0776
Coral_loss	: 0.0000
MMD_loss	: 1.7958
cond_ent_wt	: 4.7818
Src_reg_loss	: 0.0118
-------------------------------------
[Epoch : 457/500]
Total_loss	: 0.0775
Coral_loss	: 0.0000
MMD_loss	: 1.7957
cond_ent_wt	: 4.7817
Src_reg_loss	: 0.0118
-------------------------------------
[Epoch : 458/500]
Total_loss	: 0.0775
Coral_loss	: 0.0000
MMD_loss	: 1.7956
cond_ent_wt	: 4.7815
Src_reg_loss	: 0.0118
-------------------------------------
[Epoch : 459/500]
Total_loss	: 0.0775
Coral_loss	: 0.0000
MMD_loss	: 1.7955
cond_ent_wt	: 4.7814
Src_reg_loss	: 0.0117
-------------------------------------
[Epoch : 460/500]
Total_loss	: 0.0775
Coral_loss	: 0.0000
MMD_loss	: 1.7954
cond_ent_wt	: 4.7812
Src_reg_loss	: 0.0117
-------------------------------------
[Epoch : 461/500]
Total_loss	: 0.0775
Coral_loss	: 0.0000
MMD_loss	: 1.7953
cond_ent_wt	: 4.7810
Src_reg_loss	: 0.0117
-------------------------------------
[Epoch : 462/500]
Total_loss	: 0.0775
Coral_loss	: 0.0000
MMD_loss	: 1.7951
cond_ent_wt	: 4.7809
Src_reg_loss	: 0.0117
-------------------------------------
[Epoch : 463/500]
Total_loss	: 0.0775
Coral_loss	: 0.0000
MMD_loss	: 1.7950
cond_ent_wt	: 4.7807
Src_reg_loss	: 0.0117
-------------------------------------
[Epoch : 464/500]
Total_loss	: 0.0775
Coral_loss	: 0.0000
MMD_loss	: 1.7948
cond_ent_wt	: 4.7805
Src_reg_loss	: 0.0117
-------------------------------------
[Epoch : 465/500]
Total_loss	: 0.0774
Coral_loss	: 0.0000
MMD_loss	: 1.7947
cond_ent_wt	: 4.7804
Src_reg_loss	: 0.0117
-------------------------------------
[Epoch : 466/500]
Total_loss	: 0.0774
Coral_loss	: 0.0000
MMD_loss	: 1.7945
cond_ent_wt	: 4.7802
Src_reg_loss	: 0.0117
-------------------------------------
[Epoch : 467/500]
Total_loss	: 0.0774
Coral_loss	: 0.0000
MMD_loss	: 1.7943
cond_ent_wt	: 4.7800
Src_reg_loss	: 0.0117
-------------------------------------
[Epoch : 468/500]
Total_loss	: 0.0774
Coral_loss	: 0.0000
MMD_loss	: 1.7941
cond_ent_wt	: 4.7798
Src_reg_loss	: 0.0117
-------------------------------------
[Epoch : 469/500]
Total_loss	: 0.0774
Coral_loss	: 0.0000
MMD_loss	: 1.7940
cond_ent_wt	: 4.7796
Src_reg_loss	: 0.0116
-------------------------------------
[Epoch : 470/500]
Total_loss	: 0.0774
Coral_loss	: 0.0000
MMD_loss	: 1.7938
cond_ent_wt	: 4.7795
Src_reg_loss	: 0.0116
-------------------------------------
[Epoch : 471/500]
Total_loss	: 0.0774
Coral_loss	: 0.0000
MMD_loss	: 1.7936
cond_ent_wt	: 4.7793
Src_reg_loss	: 0.0116
-------------------------------------
[Epoch : 472/500]
Total_loss	: 0.0774
Coral_loss	: 0.0000
MMD_loss	: 1.7935
cond_ent_wt	: 4.7791
Src_reg_loss	: 0.0116
-------------------------------------
[Epoch : 473/500]
Total_loss	: 0.0773
Coral_loss	: 0.0000
MMD_loss	: 1.7933
cond_ent_wt	: 4.7789
Src_reg_loss	: 0.0116
-------------------------------------
[Epoch : 474/500]
Total_loss	: 0.0773
Coral_loss	: 0.0000
MMD_loss	: 1.7931
cond_ent_wt	: 4.7787
Src_reg_loss	: 0.0116
-------------------------------------
[Epoch : 475/500]
Total_loss	: 0.0773
Coral_loss	: 0.0000
MMD_loss	: 1.7929
cond_ent_wt	: 4.7785
Src_reg_loss	: 0.0116
-------------------------------------
[Epoch : 476/500]
Total_loss	: 0.0773
Coral_loss	: 0.0000
MMD_loss	: 1.7927
cond_ent_wt	: 4.7783
Src_reg_loss	: 0.0116
-------------------------------------
[Epoch : 477/500]
Total_loss	: 0.0773
Coral_loss	: 0.0000
MMD_loss	: 1.7925
cond_ent_wt	: 4.7781
Src_reg_loss	: 0.0116
-------------------------------------
[Epoch : 478/500]
Total_loss	: 0.0773
Coral_loss	: 0.0000
MMD_loss	: 1.7923
cond_ent_wt	: 4.7779
Src_reg_loss	: 0.0116
-------------------------------------
[Epoch : 479/500]
Total_loss	: 0.0773
Coral_loss	: 0.0000
MMD_loss	: 1.7921
cond_ent_wt	: 4.7777
Src_reg_loss	: 0.0116
-------------------------------------
[Epoch : 480/500]
Total_loss	: 0.0772
Coral_loss	: 0.0000
MMD_loss	: 1.7919
cond_ent_wt	: 4.7775
Src_reg_loss	: 0.0115
-------------------------------------
[Epoch : 481/500]
Total_loss	: 0.0772
Coral_loss	: 0.0000
MMD_loss	: 1.7916
cond_ent_wt	: 4.7773
Src_reg_loss	: 0.0115
-------------------------------------
[Epoch : 482/500]
Total_loss	: 0.0772
Coral_loss	: 0.0000
MMD_loss	: 1.7914
cond_ent_wt	: 4.7771
Src_reg_loss	: 0.0115
-------------------------------------
[Epoch : 483/500]
Total_loss	: 0.0772
Coral_loss	: 0.0000
MMD_loss	: 1.7912
cond_ent_wt	: 4.7769
Src_reg_loss	: 0.0115
-------------------------------------
[Epoch : 484/500]
Total_loss	: 0.0772
Coral_loss	: 0.0000
MMD_loss	: 1.7909
cond_ent_wt	: 4.7767
Src_reg_loss	: 0.0115
-------------------------------------
[Epoch : 485/500]
Total_loss	: 0.0772
Coral_loss	: 0.0000
MMD_loss	: 1.7906
cond_ent_wt	: 4.7765
Src_reg_loss	: 0.0115
-------------------------------------
[Epoch : 486/500]
Total_loss	: 0.0772
Coral_loss	: 0.0000
MMD_loss	: 1.7904
cond_ent_wt	: 4.7763
Src_reg_loss	: 0.0115
-------------------------------------
[Epoch : 487/500]
Total_loss	: 0.0772
Coral_loss	: 0.0000
MMD_loss	: 1.7902
cond_ent_wt	: 4.7761
Src_reg_loss	: 0.0115
-------------------------------------
[Epoch : 488/500]
Total_loss	: 0.0771
Coral_loss	: 0.0000
MMD_loss	: 1.7900
cond_ent_wt	: 4.7759
Src_reg_loss	: 0.0115
-------------------------------------
[Epoch : 489/500]
Total_loss	: 0.0771
Coral_loss	: 0.0000
MMD_loss	: 1.7899
cond_ent_wt	: 4.7757
Src_reg_loss	: 0.0115
-------------------------------------
[Epoch : 490/500]
Total_loss	: 0.0771
Coral_loss	: 0.0000
MMD_loss	: 1.7898
cond_ent_wt	: 4.7755
Src_reg_loss	: 0.0115
-------------------------------------
[Epoch : 491/500]
Total_loss	: 0.0771
Coral_loss	: 0.0000
MMD_loss	: 1.7896
cond_ent_wt	: 4.7753
Src_reg_loss	: 0.0115
-------------------------------------
[Epoch : 492/500]
Total_loss	: 0.0771
Coral_loss	: 0.0000
MMD_loss	: 1.7895
cond_ent_wt	: 4.7752
Src_reg_loss	: 0.0115
-------------------------------------
[Epoch : 493/500]
Total_loss	: 0.0771
Coral_loss	: 0.0000
MMD_loss	: 1.7894
cond_ent_wt	: 4.7750
Src_reg_loss	: 0.0114
-------------------------------------
[Epoch : 494/500]
Total_loss	: 0.0771
Coral_loss	: 0.0000
MMD_loss	: 1.7893
cond_ent_wt	: 4.7748
Src_reg_loss	: 0.0114
-------------------------------------
[Epoch : 495/500]
Total_loss	: 0.0771
Coral_loss	: 0.0000
MMD_loss	: 1.7892
cond_ent_wt	: 4.7747
Src_reg_loss	: 0.0114
-------------------------------------
[Epoch : 496/500]
Total_loss	: 0.0771
Coral_loss	: 0.0000
MMD_loss	: 1.7891
cond_ent_wt	: 4.7745
Src_reg_loss	: 0.0114
-------------------------------------
[Epoch : 497/500]
Total_loss	: 0.0771
Coral_loss	: 0.0000
MMD_loss	: 1.7889
cond_ent_wt	: 4.7743
Src_reg_loss	: 0.0114
-------------------------------------
[Epoch : 498/500]
Total_loss	: 0.0770
Coral_loss	: 0.0000
MMD_loss	: 1.7887
cond_ent_wt	: 4.7741
Src_reg_loss	: 0.0114
-------------------------------------
[Epoch : 499/500]
Total_loss	: 0.0770
Coral_loss	: 0.0000
MMD_loss	: 1.7886
cond_ent_wt	: 4.7739
Src_reg_loss	: 0.0114
-------------------------------------
[Epoch : 500/500]
Total_loss	: 0.0770
Coral_loss	: 0.0000
MMD_loss	: 1.7883
cond_ent_wt	: 4.7737
Src_reg_loss	: 0.0114
-------------------------------------
