=============================================
Dataset: Airbox
Method:  MMDA
=============================================
Source: 0 ---> Target: 2
=============================================
[Epoch : 1/500]
Total_loss	: 0.3411
Coral_loss	: 0.0000
MMD_loss	: 2.0873
cond_ent_wt	: 4.8495
Src_reg_loss	: 0.2717
-------------------------------------
[Epoch : 2/500]
Total_loss	: 0.3261
Coral_loss	: 0.0000
MMD_loss	: 2.0916
cond_ent_wt	: 4.8494
Src_reg_loss	: 0.2567
-------------------------------------
[Epoch : 3/500]
Total_loss	: 0.3117
Coral_loss	: 0.0000
MMD_loss	: 2.1000
cond_ent_wt	: 4.8492
Src_reg_loss	: 0.2422
-------------------------------------
[Epoch : 4/500]
Total_loss	: 0.2972
Coral_loss	: 0.0000
MMD_loss	: 2.1127
cond_ent_wt	: 4.8489
Src_reg_loss	: 0.2276
-------------------------------------
[Epoch : 5/500]
Total_loss	: 0.2824
Coral_loss	: 0.0000
MMD_loss	: 2.1295
cond_ent_wt	: 4.8485
Src_reg_loss	: 0.2126
-------------------------------------
[Epoch : 6/500]
Total_loss	: 0.2671
Coral_loss	: 0.0000
MMD_loss	: 2.1499
cond_ent_wt	: 4.8480
Src_reg_loss	: 0.1971
-------------------------------------
[Epoch : 7/500]
Total_loss	: 0.2516
Coral_loss	: 0.0000
MMD_loss	: 2.1726
cond_ent_wt	: 4.8473
Src_reg_loss	: 0.1814
-------------------------------------
[Epoch : 8/500]
Total_loss	: 0.2365
Coral_loss	: 0.0000
MMD_loss	: 2.1958
cond_ent_wt	: 4.8463
Src_reg_loss	: 0.1661
-------------------------------------
[Epoch : 9/500]
Total_loss	: 0.2229
Coral_loss	: 0.0000
MMD_loss	: 2.2176
cond_ent_wt	: 4.8451
Src_reg_loss	: 0.1522
-------------------------------------
[Epoch : 10/500]
Total_loss	: 0.2119
Coral_loss	: 0.0000
MMD_loss	: 2.2368
cond_ent_wt	: 4.8435
Src_reg_loss	: 0.1411
-------------------------------------
[Epoch : 11/500]
Total_loss	: 0.2030
Coral_loss	: 0.0000
MMD_loss	: 2.2531
cond_ent_wt	: 4.8421
Src_reg_loss	: 0.1321
-------------------------------------
[Epoch : 12/500]
Total_loss	: 0.1954
Coral_loss	: 0.0000
MMD_loss	: 2.2664
cond_ent_wt	: 4.8411
Src_reg_loss	: 0.1244
-------------------------------------
[Epoch : 13/500]
Total_loss	: 0.1889
Coral_loss	: 0.0000
MMD_loss	: 2.2768
cond_ent_wt	: 4.8403
Src_reg_loss	: 0.1177
-------------------------------------
[Epoch : 14/500]
Total_loss	: 0.1832
Coral_loss	: 0.0000
MMD_loss	: 2.2847
cond_ent_wt	: 4.8397
Src_reg_loss	: 0.1120
-------------------------------------
[Epoch : 15/500]
Total_loss	: 0.1783
Coral_loss	: 0.0000
MMD_loss	: 2.2910
cond_ent_wt	: 4.8392
Src_reg_loss	: 0.1070
-------------------------------------
[Epoch : 16/500]
Total_loss	: 0.1740
Coral_loss	: 0.0000
MMD_loss	: 2.2961
cond_ent_wt	: 4.8388
Src_reg_loss	: 0.1027
-------------------------------------
[Epoch : 17/500]
Total_loss	: 0.1702
Coral_loss	: 0.0000
MMD_loss	: 2.3003
cond_ent_wt	: 4.8383
Src_reg_loss	: 0.0988
-------------------------------------
[Epoch : 18/500]
Total_loss	: 0.1668
Coral_loss	: 0.0000
MMD_loss	: 2.3036
cond_ent_wt	: 4.8379
Src_reg_loss	: 0.0954
-------------------------------------
[Epoch : 19/500]
Total_loss	: 0.1637
Coral_loss	: 0.0000
MMD_loss	: 2.3060
cond_ent_wt	: 4.8375
Src_reg_loss	: 0.0923
-------------------------------------
[Epoch : 20/500]
Total_loss	: 0.1609
Coral_loss	: 0.0000
MMD_loss	: 2.3074
cond_ent_wt	: 4.8371
Src_reg_loss	: 0.0895
-------------------------------------
[Epoch : 21/500]
Total_loss	: 0.1584
Coral_loss	: 0.0000
MMD_loss	: 2.3079
cond_ent_wt	: 4.8368
Src_reg_loss	: 0.0870
-------------------------------------
[Epoch : 22/500]
Total_loss	: 0.1561
Coral_loss	: 0.0000
MMD_loss	: 2.3075
cond_ent_wt	: 4.8366
Src_reg_loss	: 0.0847
-------------------------------------
[Epoch : 23/500]
Total_loss	: 0.1540
Coral_loss	: 0.0000
MMD_loss	: 2.3063
cond_ent_wt	: 4.8363
Src_reg_loss	: 0.0825
-------------------------------------
[Epoch : 24/500]
Total_loss	: 0.1520
Coral_loss	: 0.0000
MMD_loss	: 2.3043
cond_ent_wt	: 4.8361
Src_reg_loss	: 0.0806
-------------------------------------
[Epoch : 25/500]
Total_loss	: 0.1502
Coral_loss	: 0.0000
MMD_loss	: 2.3017
cond_ent_wt	: 4.8359
Src_reg_loss	: 0.0788
-------------------------------------
[Epoch : 26/500]
Total_loss	: 0.1485
Coral_loss	: 0.0000
MMD_loss	: 2.2982
cond_ent_wt	: 4.8356
Src_reg_loss	: 0.0771
-------------------------------------
[Epoch : 27/500]
Total_loss	: 0.1469
Coral_loss	: 0.0000
MMD_loss	: 2.2941
cond_ent_wt	: 4.8355
Src_reg_loss	: 0.0756
-------------------------------------
[Epoch : 28/500]
Total_loss	: 0.1454
Coral_loss	: 0.0000
MMD_loss	: 2.2892
cond_ent_wt	: 4.8353
Src_reg_loss	: 0.0741
-------------------------------------
[Epoch : 29/500]
Total_loss	: 0.1440
Coral_loss	: 0.0000
MMD_loss	: 2.2837
cond_ent_wt	: 4.8351
Src_reg_loss	: 0.0728
-------------------------------------
[Epoch : 30/500]
Total_loss	: 0.1426
Coral_loss	: 0.0000
MMD_loss	: 2.2776
cond_ent_wt	: 4.8349
Src_reg_loss	: 0.0715
-------------------------------------
[Epoch : 31/500]
Total_loss	: 0.1414
Coral_loss	: 0.0000
MMD_loss	: 2.2711
cond_ent_wt	: 4.8348
Src_reg_loss	: 0.0703
-------------------------------------
[Epoch : 32/500]
Total_loss	: 0.1402
Coral_loss	: 0.0000
MMD_loss	: 2.2642
cond_ent_wt	: 4.8346
Src_reg_loss	: 0.0692
-------------------------------------
[Epoch : 33/500]
Total_loss	: 0.1390
Coral_loss	: 0.0000
MMD_loss	: 2.2572
cond_ent_wt	: 4.8345
Src_reg_loss	: 0.0681
-------------------------------------
[Epoch : 34/500]
Total_loss	: 0.1380
Coral_loss	: 0.0000
MMD_loss	: 2.2502
cond_ent_wt	: 4.8344
Src_reg_loss	: 0.0671
-------------------------------------
[Epoch : 35/500]
Total_loss	: 0.1369
Coral_loss	: 0.0000
MMD_loss	: 2.2434
cond_ent_wt	: 4.8343
Src_reg_loss	: 0.0662
-------------------------------------
[Epoch : 36/500]
Total_loss	: 0.1360
Coral_loss	: 0.0000
MMD_loss	: 2.2371
cond_ent_wt	: 4.8341
Src_reg_loss	: 0.0653
-------------------------------------
[Epoch : 37/500]
Total_loss	: 0.1351
Coral_loss	: 0.0000
MMD_loss	: 2.2314
cond_ent_wt	: 4.8340
Src_reg_loss	: 0.0644
-------------------------------------
[Epoch : 38/500]
Total_loss	: 0.1342
Coral_loss	: 0.0000
MMD_loss	: 2.2264
cond_ent_wt	: 4.8339
Src_reg_loss	: 0.0636
-------------------------------------
[Epoch : 39/500]
Total_loss	: 0.1333
Coral_loss	: 0.0000
MMD_loss	: 2.2221
cond_ent_wt	: 4.8338
Src_reg_loss	: 0.0628
-------------------------------------
[Epoch : 40/500]
Total_loss	: 0.1326
Coral_loss	: 0.0000
MMD_loss	: 2.2187
cond_ent_wt	: 4.8337
Src_reg_loss	: 0.0620
-------------------------------------
[Epoch : 41/500]
Total_loss	: 0.1318
Coral_loss	: 0.0000
MMD_loss	: 2.2161
cond_ent_wt	: 4.8336
Src_reg_loss	: 0.0613
-------------------------------------
[Epoch : 42/500]
Total_loss	: 0.1311
Coral_loss	: 0.0000
MMD_loss	: 2.2142
cond_ent_wt	: 4.8335
Src_reg_loss	: 0.0606
-------------------------------------
[Epoch : 43/500]
Total_loss	: 0.1304
Coral_loss	: 0.0000
MMD_loss	: 2.2129
cond_ent_wt	: 4.8334
Src_reg_loss	: 0.0600
-------------------------------------
[Epoch : 44/500]
Total_loss	: 0.1298
Coral_loss	: 0.0000
MMD_loss	: 2.2122
cond_ent_wt	: 4.8333
Src_reg_loss	: 0.0593
-------------------------------------
[Epoch : 45/500]
Total_loss	: 0.1292
Coral_loss	: 0.0000
MMD_loss	: 2.2120
cond_ent_wt	: 4.8332
Src_reg_loss	: 0.0587
-------------------------------------
[Epoch : 46/500]
Total_loss	: 0.1286
Coral_loss	: 0.0000
MMD_loss	: 2.2123
cond_ent_wt	: 4.8332
Src_reg_loss	: 0.0581
-------------------------------------
[Epoch : 47/500]
Total_loss	: 0.1280
Coral_loss	: 0.0000
MMD_loss	: 2.2128
cond_ent_wt	: 4.8331
Src_reg_loss	: 0.0575
-------------------------------------
[Epoch : 48/500]
Total_loss	: 0.1274
Coral_loss	: 0.0000
MMD_loss	: 2.2137
cond_ent_wt	: 4.8330
Src_reg_loss	: 0.0570
-------------------------------------
[Epoch : 49/500]
Total_loss	: 0.1269
Coral_loss	: 0.0000
MMD_loss	: 2.2147
cond_ent_wt	: 4.8329
Src_reg_loss	: 0.0564
-------------------------------------
[Epoch : 50/500]
Total_loss	: 0.1264
Coral_loss	: 0.0000
MMD_loss	: 2.2159
cond_ent_wt	: 4.8328
Src_reg_loss	: 0.0559
-------------------------------------
[Epoch : 51/500]
Total_loss	: 0.1259
Coral_loss	: 0.0000
MMD_loss	: 2.2172
cond_ent_wt	: 4.8328
Src_reg_loss	: 0.0554
-------------------------------------
[Epoch : 52/500]
Total_loss	: 0.1254
Coral_loss	: 0.0000
MMD_loss	: 2.2185
cond_ent_wt	: 4.8327
Src_reg_loss	: 0.0549
-------------------------------------
[Epoch : 53/500]
Total_loss	: 0.1250
Coral_loss	: 0.0000
MMD_loss	: 2.2199
cond_ent_wt	: 4.8326
Src_reg_loss	: 0.0544
-------------------------------------
[Epoch : 54/500]
Total_loss	: 0.1245
Coral_loss	: 0.0000
MMD_loss	: 2.2213
cond_ent_wt	: 4.8326
Src_reg_loss	: 0.0540
-------------------------------------
[Epoch : 55/500]
Total_loss	: 0.1241
Coral_loss	: 0.0000
MMD_loss	: 2.2227
cond_ent_wt	: 4.8325
Src_reg_loss	: 0.0535
-------------------------------------
[Epoch : 56/500]
Total_loss	: 0.1236
Coral_loss	: 0.0000
MMD_loss	: 2.2240
cond_ent_wt	: 4.8324
Src_reg_loss	: 0.0531
-------------------------------------
[Epoch : 57/500]
Total_loss	: 0.1232
Coral_loss	: 0.0000
MMD_loss	: 2.2254
cond_ent_wt	: 4.8323
Src_reg_loss	: 0.0527
-------------------------------------
[Epoch : 58/500]
Total_loss	: 0.1228
Coral_loss	: 0.0000
MMD_loss	: 2.2268
cond_ent_wt	: 4.8323
Src_reg_loss	: 0.0522
-------------------------------------
[Epoch : 59/500]
Total_loss	: 0.1224
Coral_loss	: 0.0000
MMD_loss	: 2.2281
cond_ent_wt	: 4.8322
Src_reg_loss	: 0.0518
-------------------------------------
[Epoch : 60/500]
Total_loss	: 0.1221
Coral_loss	: 0.0000
MMD_loss	: 2.2295
cond_ent_wt	: 4.8321
Src_reg_loss	: 0.0514
-------------------------------------
[Epoch : 61/500]
Total_loss	: 0.1217
Coral_loss	: 0.0000
MMD_loss	: 2.2308
cond_ent_wt	: 4.8321
Src_reg_loss	: 0.0510
-------------------------------------
[Epoch : 62/500]
Total_loss	: 0.1213
Coral_loss	: 0.0000
MMD_loss	: 2.2321
cond_ent_wt	: 4.8320
Src_reg_loss	: 0.0507
-------------------------------------
[Epoch : 63/500]
Total_loss	: 0.1210
Coral_loss	: 0.0000
MMD_loss	: 2.2334
cond_ent_wt	: 4.8319
Src_reg_loss	: 0.0503
-------------------------------------
[Epoch : 64/500]
Total_loss	: 0.1206
Coral_loss	: 0.0000
MMD_loss	: 2.2348
cond_ent_wt	: 4.8318
Src_reg_loss	: 0.0499
-------------------------------------
[Epoch : 65/500]
Total_loss	: 0.1203
Coral_loss	: 0.0000
MMD_loss	: 2.2361
cond_ent_wt	: 4.8318
Src_reg_loss	: 0.0496
-------------------------------------
[Epoch : 66/500]
Total_loss	: 0.1199
Coral_loss	: 0.0000
MMD_loss	: 2.2374
cond_ent_wt	: 4.8317
Src_reg_loss	: 0.0493
-------------------------------------
[Epoch : 67/500]
Total_loss	: 0.1196
Coral_loss	: 0.0000
MMD_loss	: 2.2387
cond_ent_wt	: 4.8316
Src_reg_loss	: 0.0489
-------------------------------------
[Epoch : 68/500]
Total_loss	: 0.1193
Coral_loss	: 0.0000
MMD_loss	: 2.2400
cond_ent_wt	: 4.8316
Src_reg_loss	: 0.0486
-------------------------------------
[Epoch : 69/500]
Total_loss	: 0.1190
Coral_loss	: 0.0000
MMD_loss	: 2.2413
cond_ent_wt	: 4.8315
Src_reg_loss	: 0.0483
-------------------------------------
[Epoch : 70/500]
Total_loss	: 0.1187
Coral_loss	: 0.0000
MMD_loss	: 2.2425
cond_ent_wt	: 4.8314
Src_reg_loss	: 0.0480
-------------------------------------
[Epoch : 71/500]
Total_loss	: 0.1184
Coral_loss	: 0.0000
MMD_loss	: 2.2437
cond_ent_wt	: 4.8314
Src_reg_loss	: 0.0477
-------------------------------------
[Epoch : 72/500]
Total_loss	: 0.1181
Coral_loss	: 0.0000
MMD_loss	: 2.2448
cond_ent_wt	: 4.8313
Src_reg_loss	: 0.0474
-------------------------------------
[Epoch : 73/500]
Total_loss	: 0.1179
Coral_loss	: 0.0000
MMD_loss	: 2.2459
cond_ent_wt	: 4.8312
Src_reg_loss	: 0.0471
-------------------------------------
[Epoch : 74/500]
Total_loss	: 0.1176
Coral_loss	: 0.0000
MMD_loss	: 2.2469
cond_ent_wt	: 4.8312
Src_reg_loss	: 0.0468
-------------------------------------
[Epoch : 75/500]
Total_loss	: 0.1173
Coral_loss	: 0.0000
MMD_loss	: 2.2478
cond_ent_wt	: 4.8311
Src_reg_loss	: 0.0465
-------------------------------------
[Epoch : 76/500]
Total_loss	: 0.1170
Coral_loss	: 0.0000
MMD_loss	: 2.2486
cond_ent_wt	: 4.8311
Src_reg_loss	: 0.0462
-------------------------------------
[Epoch : 77/500]
Total_loss	: 0.1168
Coral_loss	: 0.0000
MMD_loss	: 2.2493
cond_ent_wt	: 4.8310
Src_reg_loss	: 0.0460
-------------------------------------
[Epoch : 78/500]
Total_loss	: 0.1165
Coral_loss	: 0.0000
MMD_loss	: 2.2499
cond_ent_wt	: 4.8309
Src_reg_loss	: 0.0457
-------------------------------------
[Epoch : 79/500]
Total_loss	: 0.1163
Coral_loss	: 0.0000
MMD_loss	: 2.2504
cond_ent_wt	: 4.8309
Src_reg_loss	: 0.0454
-------------------------------------
[Epoch : 80/500]
Total_loss	: 0.1160
Coral_loss	: 0.0000
MMD_loss	: 2.2507
cond_ent_wt	: 4.8308
Src_reg_loss	: 0.0452
-------------------------------------
[Epoch : 81/500]
Total_loss	: 0.1158
Coral_loss	: 0.0000
MMD_loss	: 2.2509
cond_ent_wt	: 4.8308
Src_reg_loss	: 0.0449
-------------------------------------
[Epoch : 82/500]
Total_loss	: 0.1155
Coral_loss	: 0.0000
MMD_loss	: 2.2510
cond_ent_wt	: 4.8307
Src_reg_loss	: 0.0447
-------------------------------------
[Epoch : 83/500]
Total_loss	: 0.1153
Coral_loss	: 0.0000
MMD_loss	: 2.2509
cond_ent_wt	: 4.8307
Src_reg_loss	: 0.0444
-------------------------------------
[Epoch : 84/500]
Total_loss	: 0.1150
Coral_loss	: 0.0000
MMD_loss	: 2.2507
cond_ent_wt	: 4.8306
Src_reg_loss	: 0.0442
-------------------------------------
[Epoch : 85/500]
Total_loss	: 0.1148
Coral_loss	: 0.0000
MMD_loss	: 2.2503
cond_ent_wt	: 4.8306
Src_reg_loss	: 0.0440
-------------------------------------
[Epoch : 86/500]
Total_loss	: 0.1145
Coral_loss	: 0.0000
MMD_loss	: 2.2498
cond_ent_wt	: 4.8305
Src_reg_loss	: 0.0437
-------------------------------------
[Epoch : 87/500]
Total_loss	: 0.1143
Coral_loss	: 0.0000
MMD_loss	: 2.2491
cond_ent_wt	: 4.8304
Src_reg_loss	: 0.0435
-------------------------------------
[Epoch : 88/500]
Total_loss	: 0.1141
Coral_loss	: 0.0000
MMD_loss	: 2.2483
cond_ent_wt	: 4.8304
Src_reg_loss	: 0.0433
-------------------------------------
[Epoch : 89/500]
Total_loss	: 0.1138
Coral_loss	: 0.0000
MMD_loss	: 2.2473
cond_ent_wt	: 4.8303
Src_reg_loss	: 0.0431
-------------------------------------
[Epoch : 90/500]
Total_loss	: 0.1136
Coral_loss	: 0.0000
MMD_loss	: 2.2462
cond_ent_wt	: 4.8303
Src_reg_loss	: 0.0428
-------------------------------------
[Epoch : 91/500]
Total_loss	: 0.1134
Coral_loss	: 0.0000
MMD_loss	: 2.2449
cond_ent_wt	: 4.8302
Src_reg_loss	: 0.0426
-------------------------------------
[Epoch : 92/500]
Total_loss	: 0.1131
Coral_loss	: 0.0000
MMD_loss	: 2.2434
cond_ent_wt	: 4.8302
Src_reg_loss	: 0.0424
-------------------------------------
[Epoch : 93/500]
Total_loss	: 0.1129
Coral_loss	: 0.0000
MMD_loss	: 2.2418
cond_ent_wt	: 4.8301
Src_reg_loss	: 0.0422
-------------------------------------
[Epoch : 94/500]
Total_loss	: 0.1127
Coral_loss	: 0.0000
MMD_loss	: 2.2400
cond_ent_wt	: 4.8301
Src_reg_loss	: 0.0420
-------------------------------------
[Epoch : 95/500]
Total_loss	: 0.1125
Coral_loss	: 0.0000
MMD_loss	: 2.2381
cond_ent_wt	: 4.8301
Src_reg_loss	: 0.0418
-------------------------------------
[Epoch : 96/500]
Total_loss	: 0.1122
Coral_loss	: 0.0000
MMD_loss	: 2.2360
cond_ent_wt	: 4.8300
Src_reg_loss	: 0.0416
-------------------------------------
[Epoch : 97/500]
Total_loss	: 0.1120
Coral_loss	: 0.0000
MMD_loss	: 2.2338
cond_ent_wt	: 4.8300
Src_reg_loss	: 0.0414
-------------------------------------
[Epoch : 98/500]
Total_loss	: 0.1118
Coral_loss	: 0.0000
MMD_loss	: 2.2314
cond_ent_wt	: 4.8299
Src_reg_loss	: 0.0412
-------------------------------------
[Epoch : 99/500]
Total_loss	: 0.1116
Coral_loss	: 0.0000
MMD_loss	: 2.2288
cond_ent_wt	: 4.8299
Src_reg_loss	: 0.0410
-------------------------------------
[Epoch : 100/500]
Total_loss	: 0.1113
Coral_loss	: 0.0000
MMD_loss	: 2.2261
cond_ent_wt	: 4.8298
Src_reg_loss	: 0.0408
-------------------------------------
[Epoch : 101/500]
Total_loss	: 0.1111
Coral_loss	: 0.0000
MMD_loss	: 2.2233
cond_ent_wt	: 4.8298
Src_reg_loss	: 0.0406
-------------------------------------
[Epoch : 102/500]
Total_loss	: 0.1109
Coral_loss	: 0.0000
MMD_loss	: 2.2203
cond_ent_wt	: 4.8297
Src_reg_loss	: 0.0404
-------------------------------------
[Epoch : 103/500]
Total_loss	: 0.1107
Coral_loss	: 0.0000
MMD_loss	: 2.2171
cond_ent_wt	: 4.8297
Src_reg_loss	: 0.0402
-------------------------------------
[Epoch : 104/500]
Total_loss	: 0.1104
Coral_loss	: 0.0000
MMD_loss	: 2.2139
cond_ent_wt	: 4.8297
Src_reg_loss	: 0.0400
-------------------------------------
[Epoch : 105/500]
Total_loss	: 0.1102
Coral_loss	: 0.0000
MMD_loss	: 2.2105
cond_ent_wt	: 4.8296
Src_reg_loss	: 0.0398
-------------------------------------
[Epoch : 106/500]
Total_loss	: 0.1100
Coral_loss	: 0.0000
MMD_loss	: 2.2070
cond_ent_wt	: 4.8296
Src_reg_loss	: 0.0396
-------------------------------------
[Epoch : 107/500]
Total_loss	: 0.1098
Coral_loss	: 0.0000
MMD_loss	: 2.2034
cond_ent_wt	: 4.8295
Src_reg_loss	: 0.0395
-------------------------------------
[Epoch : 108/500]
Total_loss	: 0.1096
Coral_loss	: 0.0000
MMD_loss	: 2.1997
cond_ent_wt	: 4.8295
Src_reg_loss	: 0.0393
-------------------------------------
[Epoch : 109/500]
Total_loss	: 0.1093
Coral_loss	: 0.0000
MMD_loss	: 2.1959
cond_ent_wt	: 4.8295
Src_reg_loss	: 0.0391
-------------------------------------
[Epoch : 110/500]
Total_loss	: 0.1091
Coral_loss	: 0.0000
MMD_loss	: 2.1920
cond_ent_wt	: 4.8294
Src_reg_loss	: 0.0389
-------------------------------------
[Epoch : 111/500]
Total_loss	: 0.1089
Coral_loss	: 0.0000
MMD_loss	: 2.1880
cond_ent_wt	: 4.8294
Src_reg_loss	: 0.0387
-------------------------------------
[Epoch : 112/500]
Total_loss	: 0.1087
Coral_loss	: 0.0000
MMD_loss	: 2.1839
cond_ent_wt	: 4.8294
Src_reg_loss	: 0.0386
-------------------------------------
[Epoch : 113/500]
Total_loss	: 0.1085
Coral_loss	: 0.0000
MMD_loss	: 2.1798
cond_ent_wt	: 4.8293
Src_reg_loss	: 0.0384
-------------------------------------
[Epoch : 114/500]
Total_loss	: 0.1083
Coral_loss	: 0.0000
MMD_loss	: 2.1756
cond_ent_wt	: 4.8293
Src_reg_loss	: 0.0382
-------------------------------------
[Epoch : 115/500]
Total_loss	: 0.1081
Coral_loss	: 0.0000
MMD_loss	: 2.1714
cond_ent_wt	: 4.8292
Src_reg_loss	: 0.0381
-------------------------------------
[Epoch : 116/500]
Total_loss	: 0.1079
Coral_loss	: 0.0000
MMD_loss	: 2.1671
cond_ent_wt	: 4.8292
Src_reg_loss	: 0.0379
-------------------------------------
[Epoch : 117/500]
Total_loss	: 0.1077
Coral_loss	: 0.0000
MMD_loss	: 2.1628
cond_ent_wt	: 4.8292
Src_reg_loss	: 0.0377
-------------------------------------
[Epoch : 118/500]
Total_loss	: 0.1074
Coral_loss	: 0.0000
MMD_loss	: 2.1585
cond_ent_wt	: 4.8291
Src_reg_loss	: 0.0376
-------------------------------------
[Epoch : 119/500]
Total_loss	: 0.1072
Coral_loss	: 0.0000
MMD_loss	: 2.1542
cond_ent_wt	: 4.8291
Src_reg_loss	: 0.0374
-------------------------------------
[Epoch : 120/500]
Total_loss	: 0.1070
Coral_loss	: 0.0000
MMD_loss	: 2.1499
cond_ent_wt	: 4.8291
Src_reg_loss	: 0.0373
-------------------------------------
[Epoch : 121/500]
Total_loss	: 0.1068
Coral_loss	: 0.0000
MMD_loss	: 2.1456
cond_ent_wt	: 4.8290
Src_reg_loss	: 0.0371
-------------------------------------
[Epoch : 122/500]
Total_loss	: 0.1066
Coral_loss	: 0.0000
MMD_loss	: 2.1413
cond_ent_wt	: 4.8290
Src_reg_loss	: 0.0369
-------------------------------------
[Epoch : 123/500]
Total_loss	: 0.1065
Coral_loss	: 0.0000
MMD_loss	: 2.1371
cond_ent_wt	: 4.8290
Src_reg_loss	: 0.0368
-------------------------------------
[Epoch : 124/500]
Total_loss	: 0.1063
Coral_loss	: 0.0000
MMD_loss	: 2.1329
cond_ent_wt	: 4.8289
Src_reg_loss	: 0.0366
-------------------------------------
[Epoch : 125/500]
Total_loss	: 0.1061
Coral_loss	: 0.0000
MMD_loss	: 2.1287
cond_ent_wt	: 4.8289
Src_reg_loss	: 0.0365
-------------------------------------
[Epoch : 126/500]
Total_loss	: 0.1059
Coral_loss	: 0.0000
MMD_loss	: 2.1245
cond_ent_wt	: 4.8289
Src_reg_loss	: 0.0363
-------------------------------------
[Epoch : 127/500]
Total_loss	: 0.1057
Coral_loss	: 0.0000
MMD_loss	: 2.1205
cond_ent_wt	: 4.8288
Src_reg_loss	: 0.0362
-------------------------------------
[Epoch : 128/500]
Total_loss	: 0.1055
Coral_loss	: 0.0000
MMD_loss	: 2.1164
cond_ent_wt	: 4.8288
Src_reg_loss	: 0.0361
-------------------------------------
[Epoch : 129/500]
Total_loss	: 0.1053
Coral_loss	: 0.0000
MMD_loss	: 2.1125
cond_ent_wt	: 4.8287
Src_reg_loss	: 0.0359
-------------------------------------
[Epoch : 130/500]
Total_loss	: 0.1051
Coral_loss	: 0.0000
MMD_loss	: 2.1086
cond_ent_wt	: 4.8287
Src_reg_loss	: 0.0358
-------------------------------------
[Epoch : 131/500]
Total_loss	: 0.1050
Coral_loss	: 0.0000
MMD_loss	: 2.1047
cond_ent_wt	: 4.8287
Src_reg_loss	: 0.0356
-------------------------------------
[Epoch : 132/500]
Total_loss	: 0.1048
Coral_loss	: 0.0000
MMD_loss	: 2.1010
cond_ent_wt	: 4.8286
Src_reg_loss	: 0.0355
-------------------------------------
[Epoch : 133/500]
Total_loss	: 0.1046
Coral_loss	: 0.0000
MMD_loss	: 2.0973
cond_ent_wt	: 4.8286
Src_reg_loss	: 0.0354
-------------------------------------
[Epoch : 134/500]
Total_loss	: 0.1045
Coral_loss	: 0.0000
MMD_loss	: 2.0936
cond_ent_wt	: 4.8286
Src_reg_loss	: 0.0352
-------------------------------------
[Epoch : 135/500]
Total_loss	: 0.1043
Coral_loss	: 0.0000
MMD_loss	: 2.0901
cond_ent_wt	: 4.8285
Src_reg_loss	: 0.0351
-------------------------------------
[Epoch : 136/500]
Total_loss	: 0.1041
Coral_loss	: 0.0000
MMD_loss	: 2.0866
cond_ent_wt	: 4.8285
Src_reg_loss	: 0.0350
-------------------------------------
[Epoch : 137/500]
Total_loss	: 0.1040
Coral_loss	: 0.0000
MMD_loss	: 2.0832
cond_ent_wt	: 4.8285
Src_reg_loss	: 0.0348
-------------------------------------
[Epoch : 138/500]
Total_loss	: 0.1038
Coral_loss	: 0.0000
MMD_loss	: 2.0799
cond_ent_wt	: 4.8284
Src_reg_loss	: 0.0347
-------------------------------------
[Epoch : 139/500]
Total_loss	: 0.1036
Coral_loss	: 0.0000
MMD_loss	: 2.0766
cond_ent_wt	: 4.8284
Src_reg_loss	: 0.0346
-------------------------------------
[Epoch : 140/500]
Total_loss	: 0.1035
Coral_loss	: 0.0000
MMD_loss	: 2.0735
cond_ent_wt	: 4.8284
Src_reg_loss	: 0.0345
-------------------------------------
[Epoch : 141/500]
Total_loss	: 0.1033
Coral_loss	: 0.0000
MMD_loss	: 2.0704
cond_ent_wt	: 4.8283
Src_reg_loss	: 0.0343
-------------------------------------
[Epoch : 142/500]
Total_loss	: 0.1032
Coral_loss	: 0.0000
MMD_loss	: 2.0673
cond_ent_wt	: 4.8283
Src_reg_loss	: 0.0342
-------------------------------------
[Epoch : 143/500]
Total_loss	: 0.1030
Coral_loss	: 0.0000
MMD_loss	: 2.0644
cond_ent_wt	: 4.8282
Src_reg_loss	: 0.0341
-------------------------------------
[Epoch : 144/500]
Total_loss	: 0.1029
Coral_loss	: 0.0000
MMD_loss	: 2.0615
cond_ent_wt	: 4.8282
Src_reg_loss	: 0.0340
-------------------------------------
[Epoch : 145/500]
Total_loss	: 0.1027
Coral_loss	: 0.0000
MMD_loss	: 2.0587
cond_ent_wt	: 4.8282
Src_reg_loss	: 0.0339
-------------------------------------
[Epoch : 146/500]
Total_loss	: 0.1026
Coral_loss	: 0.0000
MMD_loss	: 2.0559
cond_ent_wt	: 4.8281
Src_reg_loss	: 0.0337
-------------------------------------
[Epoch : 147/500]
Total_loss	: 0.1024
Coral_loss	: 0.0000
MMD_loss	: 2.0533
cond_ent_wt	: 4.8281
Src_reg_loss	: 0.0336
-------------------------------------
[Epoch : 148/500]
Total_loss	: 0.1023
Coral_loss	: 0.0000
MMD_loss	: 2.0507
cond_ent_wt	: 4.8281
Src_reg_loss	: 0.0335
-------------------------------------
[Epoch : 149/500]
Total_loss	: 0.1021
Coral_loss	: 0.0000
MMD_loss	: 2.0481
cond_ent_wt	: 4.8280
Src_reg_loss	: 0.0334
-------------------------------------
[Epoch : 150/500]
Total_loss	: 0.1020
Coral_loss	: 0.0000
MMD_loss	: 2.0457
cond_ent_wt	: 4.8280
Src_reg_loss	: 0.0333
-------------------------------------
[Epoch : 151/500]
Total_loss	: 0.1019
Coral_loss	: 0.0000
MMD_loss	: 2.0433
cond_ent_wt	: 4.8279
Src_reg_loss	: 0.0332
-------------------------------------
[Epoch : 152/500]
Total_loss	: 0.1017
Coral_loss	: 0.0000
MMD_loss	: 2.0409
cond_ent_wt	: 4.8279
Src_reg_loss	: 0.0331
-------------------------------------
[Epoch : 153/500]
Total_loss	: 0.1016
Coral_loss	: 0.0000
MMD_loss	: 2.0387
cond_ent_wt	: 4.8279
Src_reg_loss	: 0.0329
-------------------------------------
[Epoch : 154/500]
Total_loss	: 0.1015
Coral_loss	: 0.0000
MMD_loss	: 2.0365
cond_ent_wt	: 4.8278
Src_reg_loss	: 0.0328
-------------------------------------
[Epoch : 155/500]
Total_loss	: 0.1014
Coral_loss	: 0.0000
MMD_loss	: 2.0343
cond_ent_wt	: 4.8278
Src_reg_loss	: 0.0327
-------------------------------------
[Epoch : 156/500]
Total_loss	: 0.1012
Coral_loss	: 0.0000
MMD_loss	: 2.0322
cond_ent_wt	: 4.8277
Src_reg_loss	: 0.0326
-------------------------------------
[Epoch : 157/500]
Total_loss	: 0.1011
Coral_loss	: 0.0000
MMD_loss	: 2.0302
cond_ent_wt	: 4.8277
Src_reg_loss	: 0.0325
-------------------------------------
[Epoch : 158/500]
Total_loss	: 0.1010
Coral_loss	: 0.0000
MMD_loss	: 2.0282
cond_ent_wt	: 4.8277
Src_reg_loss	: 0.0324
-------------------------------------
[Epoch : 159/500]
Total_loss	: 0.1009
Coral_loss	: 0.0000
MMD_loss	: 2.0263
cond_ent_wt	: 4.8276
Src_reg_loss	: 0.0323
-------------------------------------
[Epoch : 160/500]
Total_loss	: 0.1007
Coral_loss	: 0.0000
MMD_loss	: 2.0245
cond_ent_wt	: 4.8276
Src_reg_loss	: 0.0322
-------------------------------------
[Epoch : 161/500]
Total_loss	: 0.1006
Coral_loss	: 0.0000
MMD_loss	: 2.0227
cond_ent_wt	: 4.8275
Src_reg_loss	: 0.0321
-------------------------------------
[Epoch : 162/500]
Total_loss	: 0.1005
Coral_loss	: 0.0000
MMD_loss	: 2.0209
cond_ent_wt	: 4.8275
Src_reg_loss	: 0.0320
-------------------------------------
[Epoch : 163/500]
Total_loss	: 0.1004
Coral_loss	: 0.0000
MMD_loss	: 2.0192
cond_ent_wt	: 4.8274
Src_reg_loss	: 0.0319
-------------------------------------
[Epoch : 164/500]
Total_loss	: 0.1003
Coral_loss	: 0.0000
MMD_loss	: 2.0176
cond_ent_wt	: 4.8274
Src_reg_loss	: 0.0318
-------------------------------------
[Epoch : 165/500]
Total_loss	: 0.1001
Coral_loss	: 0.0000
MMD_loss	: 2.0160
cond_ent_wt	: 4.8273
Src_reg_loss	: 0.0317
-------------------------------------
[Epoch : 166/500]
Total_loss	: 0.1000
Coral_loss	: 0.0000
MMD_loss	: 2.0145
cond_ent_wt	: 4.8273
Src_reg_loss	: 0.0316
-------------------------------------
[Epoch : 167/500]
Total_loss	: 0.0999
Coral_loss	: 0.0000
MMD_loss	: 2.0130
cond_ent_wt	: 4.8273
Src_reg_loss	: 0.0315
-------------------------------------
[Epoch : 168/500]
Total_loss	: 0.0998
Coral_loss	: 0.0000
MMD_loss	: 2.0115
cond_ent_wt	: 4.8272
Src_reg_loss	: 0.0314
-------------------------------------
[Epoch : 169/500]
Total_loss	: 0.0997
Coral_loss	: 0.0000
MMD_loss	: 2.0101
cond_ent_wt	: 4.8272
Src_reg_loss	: 0.0313
-------------------------------------
[Epoch : 170/500]
Total_loss	: 0.0996
Coral_loss	: 0.0000
MMD_loss	: 2.0088
cond_ent_wt	: 4.8271
Src_reg_loss	: 0.0312
-------------------------------------
[Epoch : 171/500]
Total_loss	: 0.0995
Coral_loss	: 0.0000
MMD_loss	: 2.0074
cond_ent_wt	: 4.8271
Src_reg_loss	: 0.0311
-------------------------------------
[Epoch : 172/500]
Total_loss	: 0.0994
Coral_loss	: 0.0000
MMD_loss	: 2.0062
cond_ent_wt	: 4.8270
Src_reg_loss	: 0.0311
-------------------------------------
[Epoch : 173/500]
Total_loss	: 0.0993
Coral_loss	: 0.0000
MMD_loss	: 2.0049
cond_ent_wt	: 4.8270
Src_reg_loss	: 0.0310
-------------------------------------
[Epoch : 174/500]
Total_loss	: 0.0992
Coral_loss	: 0.0000
MMD_loss	: 2.0038
cond_ent_wt	: 4.8269
Src_reg_loss	: 0.0309
-------------------------------------
[Epoch : 175/500]
Total_loss	: 0.0991
Coral_loss	: 0.0000
MMD_loss	: 2.0026
cond_ent_wt	: 4.8269
Src_reg_loss	: 0.0308
-------------------------------------
[Epoch : 176/500]
Total_loss	: 0.0990
Coral_loss	: 0.0000
MMD_loss	: 2.0015
cond_ent_wt	: 4.8268
Src_reg_loss	: 0.0307
-------------------------------------
[Epoch : 177/500]
Total_loss	: 0.0989
Coral_loss	: 0.0000
MMD_loss	: 2.0004
cond_ent_wt	: 4.8268
Src_reg_loss	: 0.0306
-------------------------------------
[Epoch : 178/500]
Total_loss	: 0.0988
Coral_loss	: 0.0000
MMD_loss	: 1.9994
cond_ent_wt	: 4.8267
Src_reg_loss	: 0.0305
-------------------------------------
[Epoch : 179/500]
Total_loss	: 0.0987
Coral_loss	: 0.0000
MMD_loss	: 1.9984
cond_ent_wt	: 4.8267
Src_reg_loss	: 0.0304
-------------------------------------
[Epoch : 180/500]
Total_loss	: 0.0986
Coral_loss	: 0.0000
MMD_loss	: 1.9974
cond_ent_wt	: 4.8266
Src_reg_loss	: 0.0304
-------------------------------------
[Epoch : 181/500]
Total_loss	: 0.0985
Coral_loss	: 0.0000
MMD_loss	: 1.9965
cond_ent_wt	: 4.8265
Src_reg_loss	: 0.0303
-------------------------------------
[Epoch : 182/500]
Total_loss	: 0.0984
Coral_loss	: 0.0000
MMD_loss	: 1.9956
cond_ent_wt	: 4.8265
Src_reg_loss	: 0.0302
-------------------------------------
[Epoch : 183/500]
Total_loss	: 0.0983
Coral_loss	: 0.0000
MMD_loss	: 1.9948
cond_ent_wt	: 4.8264
Src_reg_loss	: 0.0301
-------------------------------------
[Epoch : 184/500]
Total_loss	: 0.0982
Coral_loss	: 0.0000
MMD_loss	: 1.9940
cond_ent_wt	: 4.8264
Src_reg_loss	: 0.0300
-------------------------------------
[Epoch : 185/500]
Total_loss	: 0.0981
Coral_loss	: 0.0000
MMD_loss	: 1.9932
cond_ent_wt	: 4.8263
Src_reg_loss	: 0.0299
-------------------------------------
[Epoch : 186/500]
Total_loss	: 0.0980
Coral_loss	: 0.0000
MMD_loss	: 1.9924
cond_ent_wt	: 4.8263
Src_reg_loss	: 0.0299
-------------------------------------
[Epoch : 187/500]
Total_loss	: 0.0979
Coral_loss	: 0.0000
MMD_loss	: 1.9917
cond_ent_wt	: 4.8262
Src_reg_loss	: 0.0298
-------------------------------------
[Epoch : 188/500]
Total_loss	: 0.0979
Coral_loss	: 0.0000
MMD_loss	: 1.9910
cond_ent_wt	: 4.8261
Src_reg_loss	: 0.0297
-------------------------------------
[Epoch : 189/500]
Total_loss	: 0.0978
Coral_loss	: 0.0000
MMD_loss	: 1.9903
cond_ent_wt	: 4.8261
Src_reg_loss	: 0.0296
-------------------------------------
[Epoch : 190/500]
Total_loss	: 0.0977
Coral_loss	: 0.0000
MMD_loss	: 1.9897
cond_ent_wt	: 4.8260
Src_reg_loss	: 0.0295
-------------------------------------
[Epoch : 191/500]
Total_loss	: 0.0976
Coral_loss	: 0.0000
MMD_loss	: 1.9891
cond_ent_wt	: 4.8259
Src_reg_loss	: 0.0295
-------------------------------------
[Epoch : 192/500]
Total_loss	: 0.0975
Coral_loss	: 0.0000
MMD_loss	: 1.9885
cond_ent_wt	: 4.8259
Src_reg_loss	: 0.0294
-------------------------------------
[Epoch : 193/500]
Total_loss	: 0.0974
Coral_loss	: 0.0000
MMD_loss	: 1.9880
cond_ent_wt	: 4.8258
Src_reg_loss	: 0.0293
-------------------------------------
[Epoch : 194/500]
Total_loss	: 0.0974
Coral_loss	: 0.0000
MMD_loss	: 1.9874
cond_ent_wt	: 4.8258
Src_reg_loss	: 0.0292
-------------------------------------
[Epoch : 195/500]
Total_loss	: 0.0973
Coral_loss	: 0.0000
MMD_loss	: 1.9869
cond_ent_wt	: 4.8257
Src_reg_loss	: 0.0291
-------------------------------------
[Epoch : 196/500]
Total_loss	: 0.0972
Coral_loss	: 0.0000
MMD_loss	: 1.9865
cond_ent_wt	: 4.8256
Src_reg_loss	: 0.0291
-------------------------------------
[Epoch : 197/500]
Total_loss	: 0.0971
Coral_loss	: 0.0000
MMD_loss	: 1.9860
cond_ent_wt	: 4.8256
Src_reg_loss	: 0.0290
-------------------------------------
[Epoch : 198/500]
Total_loss	: 0.0970
Coral_loss	: 0.0000
MMD_loss	: 1.9856
cond_ent_wt	: 4.8255
Src_reg_loss	: 0.0289
-------------------------------------
[Epoch : 199/500]
Total_loss	: 0.0970
Coral_loss	: 0.0000
MMD_loss	: 1.9852
cond_ent_wt	: 4.8254
Src_reg_loss	: 0.0288
-------------------------------------
[Epoch : 200/500]
Total_loss	: 0.0969
Coral_loss	: 0.0000
MMD_loss	: 1.9848
cond_ent_wt	: 4.8253
Src_reg_loss	: 0.0288
-------------------------------------
[Epoch : 201/500]
Total_loss	: 0.0968
Coral_loss	: 0.0000
MMD_loss	: 1.9844
cond_ent_wt	: 4.8253
Src_reg_loss	: 0.0287
-------------------------------------
[Epoch : 202/500]
Total_loss	: 0.0967
Coral_loss	: 0.0000
MMD_loss	: 1.9841
cond_ent_wt	: 4.8252
Src_reg_loss	: 0.0286
-------------------------------------
[Epoch : 203/500]
Total_loss	: 0.0966
Coral_loss	: 0.0000
MMD_loss	: 1.9838
cond_ent_wt	: 4.8251
Src_reg_loss	: 0.0286
-------------------------------------
[Epoch : 204/500]
Total_loss	: 0.0966
Coral_loss	: 0.0000
MMD_loss	: 1.9835
cond_ent_wt	: 4.8250
Src_reg_loss	: 0.0285
-------------------------------------
[Epoch : 205/500]
Total_loss	: 0.0965
Coral_loss	: 0.0000
MMD_loss	: 1.9832
cond_ent_wt	: 4.8250
Src_reg_loss	: 0.0284
-------------------------------------
[Epoch : 206/500]
Total_loss	: 0.0964
Coral_loss	: 0.0000
MMD_loss	: 1.9829
cond_ent_wt	: 4.8249
Src_reg_loss	: 0.0283
-------------------------------------
[Epoch : 207/500]
Total_loss	: 0.0963
Coral_loss	: 0.0000
MMD_loss	: 1.9827
cond_ent_wt	: 4.8248
Src_reg_loss	: 0.0283
-------------------------------------
[Epoch : 208/500]
Total_loss	: 0.0963
Coral_loss	: 0.0000
MMD_loss	: 1.9824
cond_ent_wt	: 4.8247
Src_reg_loss	: 0.0282
-------------------------------------
[Epoch : 209/500]
Total_loss	: 0.0962
Coral_loss	: 0.0000
MMD_loss	: 1.9822
cond_ent_wt	: 4.8247
Src_reg_loss	: 0.0281
-------------------------------------
[Epoch : 210/500]
Total_loss	: 0.0961
Coral_loss	: 0.0000
MMD_loss	: 1.9820
cond_ent_wt	: 4.8246
Src_reg_loss	: 0.0281
-------------------------------------
[Epoch : 211/500]
Total_loss	: 0.0961
Coral_loss	: 0.0000
MMD_loss	: 1.9819
cond_ent_wt	: 4.8245
Src_reg_loss	: 0.0280
-------------------------------------
[Epoch : 212/500]
Total_loss	: 0.0960
Coral_loss	: 0.0000
MMD_loss	: 1.9817
cond_ent_wt	: 4.8244
Src_reg_loss	: 0.0279
-------------------------------------
[Epoch : 213/500]
Total_loss	: 0.0959
Coral_loss	: 0.0000
MMD_loss	: 1.9815
cond_ent_wt	: 4.8243
Src_reg_loss	: 0.0279
-------------------------------------
[Epoch : 214/500]
Total_loss	: 0.0959
Coral_loss	: 0.0000
MMD_loss	: 1.9814
cond_ent_wt	: 4.8242
Src_reg_loss	: 0.0278
-------------------------------------
[Epoch : 215/500]
Total_loss	: 0.0958
Coral_loss	: 0.0000
MMD_loss	: 1.9813
cond_ent_wt	: 4.8242
Src_reg_loss	: 0.0277
-------------------------------------
[Epoch : 216/500]
Total_loss	: 0.0957
Coral_loss	: 0.0000
MMD_loss	: 1.9812
cond_ent_wt	: 4.8241
Src_reg_loss	: 0.0277
-------------------------------------
[Epoch : 217/500]
Total_loss	: 0.0956
Coral_loss	: 0.0000
MMD_loss	: 1.9811
cond_ent_wt	: 4.8240
Src_reg_loss	: 0.0276
-------------------------------------
[Epoch : 218/500]
Total_loss	: 0.0956
Coral_loss	: 0.0000
MMD_loss	: 1.9810
cond_ent_wt	: 4.8239
Src_reg_loss	: 0.0275
-------------------------------------
[Epoch : 219/500]
Total_loss	: 0.0955
Coral_loss	: 0.0000
MMD_loss	: 1.9809
cond_ent_wt	: 4.8238
Src_reg_loss	: 0.0275
-------------------------------------
[Epoch : 220/500]
Total_loss	: 0.0954
Coral_loss	: 0.0000
MMD_loss	: 1.9809
cond_ent_wt	: 4.8237
Src_reg_loss	: 0.0274
-------------------------------------
[Epoch : 221/500]
Total_loss	: 0.0954
Coral_loss	: 0.0000
MMD_loss	: 1.9808
cond_ent_wt	: 4.8236
Src_reg_loss	: 0.0273
-------------------------------------
[Epoch : 222/500]
Total_loss	: 0.0953
Coral_loss	: 0.0000
MMD_loss	: 1.9808
cond_ent_wt	: 4.8235
Src_reg_loss	: 0.0273
-------------------------------------
[Epoch : 223/500]
Total_loss	: 0.0953
Coral_loss	: 0.0000
MMD_loss	: 1.9807
cond_ent_wt	: 4.8234
Src_reg_loss	: 0.0272
-------------------------------------
[Epoch : 224/500]
Total_loss	: 0.0952
Coral_loss	: 0.0000
MMD_loss	: 1.9807
cond_ent_wt	: 4.8233
Src_reg_loss	: 0.0271
-------------------------------------
[Epoch : 225/500]
Total_loss	: 0.0951
Coral_loss	: 0.0000
MMD_loss	: 1.9807
cond_ent_wt	: 4.8232
Src_reg_loss	: 0.0271
-------------------------------------
[Epoch : 226/500]
Total_loss	: 0.0951
Coral_loss	: 0.0000
MMD_loss	: 1.9807
cond_ent_wt	: 4.8231
Src_reg_loss	: 0.0270
-------------------------------------
[Epoch : 227/500]
Total_loss	: 0.0950
Coral_loss	: 0.0000
MMD_loss	: 1.9807
cond_ent_wt	: 4.8230
Src_reg_loss	: 0.0270
-------------------------------------
[Epoch : 228/500]
Total_loss	: 0.0949
Coral_loss	: 0.0000
MMD_loss	: 1.9807
cond_ent_wt	: 4.8229
Src_reg_loss	: 0.0269
-------------------------------------
[Epoch : 229/500]
Total_loss	: 0.0949
Coral_loss	: 0.0000
MMD_loss	: 1.9808
cond_ent_wt	: 4.8228
Src_reg_loss	: 0.0268
-------------------------------------
[Epoch : 230/500]
Total_loss	: 0.0948
Coral_loss	: 0.0000
MMD_loss	: 1.9808
cond_ent_wt	: 4.8227
Src_reg_loss	: 0.0268
-------------------------------------
[Epoch : 231/500]
Total_loss	: 0.0948
Coral_loss	: 0.0000
MMD_loss	: 1.9808
cond_ent_wt	: 4.8226
Src_reg_loss	: 0.0267
-------------------------------------
[Epoch : 232/500]
Total_loss	: 0.0947
Coral_loss	: 0.0000
MMD_loss	: 1.9809
cond_ent_wt	: 4.8225
Src_reg_loss	: 0.0267
-------------------------------------
[Epoch : 233/500]
Total_loss	: 0.0946
Coral_loss	: 0.0000
MMD_loss	: 1.9809
cond_ent_wt	: 4.8224
Src_reg_loss	: 0.0266
-------------------------------------
[Epoch : 234/500]
Total_loss	: 0.0946
Coral_loss	: 0.0000
MMD_loss	: 1.9810
cond_ent_wt	: 4.8223
Src_reg_loss	: 0.0265
-------------------------------------
[Epoch : 235/500]
Total_loss	: 0.0945
Coral_loss	: 0.0000
MMD_loss	: 1.9810
cond_ent_wt	: 4.8222
Src_reg_loss	: 0.0265
-------------------------------------
[Epoch : 236/500]
Total_loss	: 0.0945
Coral_loss	: 0.0000
MMD_loss	: 1.9811
cond_ent_wt	: 4.8221
Src_reg_loss	: 0.0264
-------------------------------------
[Epoch : 237/500]
Total_loss	: 0.0944
Coral_loss	: 0.0000
MMD_loss	: 1.9812
cond_ent_wt	: 4.8220
Src_reg_loss	: 0.0264
-------------------------------------
[Epoch : 238/500]
Total_loss	: 0.0943
Coral_loss	: 0.0000
MMD_loss	: 1.9812
cond_ent_wt	: 4.8218
Src_reg_loss	: 0.0263
-------------------------------------
[Epoch : 239/500]
Total_loss	: 0.0943
Coral_loss	: 0.0000
MMD_loss	: 1.9813
cond_ent_wt	: 4.8217
Src_reg_loss	: 0.0263
-------------------------------------
[Epoch : 240/500]
Total_loss	: 0.0942
Coral_loss	: 0.0000
MMD_loss	: 1.9814
cond_ent_wt	: 4.8216
Src_reg_loss	: 0.0262
-------------------------------------
[Epoch : 241/500]
Total_loss	: 0.0942
Coral_loss	: 0.0000
MMD_loss	: 1.9815
cond_ent_wt	: 4.8215
Src_reg_loss	: 0.0261
-------------------------------------
[Epoch : 242/500]
Total_loss	: 0.0941
Coral_loss	: 0.0000
MMD_loss	: 1.9816
cond_ent_wt	: 4.8214
Src_reg_loss	: 0.0261
-------------------------------------
[Epoch : 243/500]
Total_loss	: 0.0941
Coral_loss	: 0.0000
MMD_loss	: 1.9817
cond_ent_wt	: 4.8213
Src_reg_loss	: 0.0260
-------------------------------------
[Epoch : 244/500]
Total_loss	: 0.0940
Coral_loss	: 0.0000
MMD_loss	: 1.9818
cond_ent_wt	: 4.8211
Src_reg_loss	: 0.0260
-------------------------------------
[Epoch : 245/500]
Total_loss	: 0.0939
Coral_loss	: 0.0000
MMD_loss	: 1.9819
cond_ent_wt	: 4.8210
Src_reg_loss	: 0.0259
-------------------------------------
[Epoch : 246/500]
Total_loss	: 0.0939
Coral_loss	: 0.0000
MMD_loss	: 1.9820
cond_ent_wt	: 4.8209
Src_reg_loss	: 0.0259
-------------------------------------
[Epoch : 247/500]
Total_loss	: 0.0938
Coral_loss	: 0.0000
MMD_loss	: 1.9821
cond_ent_wt	: 4.8208
Src_reg_loss	: 0.0258
-------------------------------------
[Epoch : 248/500]
Total_loss	: 0.0938
Coral_loss	: 0.0000
MMD_loss	: 1.9822
cond_ent_wt	: 4.8206
Src_reg_loss	: 0.0258
-------------------------------------
[Epoch : 249/500]
Total_loss	: 0.0937
Coral_loss	: 0.0000
MMD_loss	: 1.9823
cond_ent_wt	: 4.8205
Src_reg_loss	: 0.0257
-------------------------------------
[Epoch : 250/500]
Total_loss	: 0.0937
Coral_loss	: 0.0000
MMD_loss	: 1.9824
cond_ent_wt	: 4.8204
Src_reg_loss	: 0.0256
-------------------------------------
[Epoch : 251/500]
Total_loss	: 0.0936
Coral_loss	: 0.0000
MMD_loss	: 1.9825
cond_ent_wt	: 4.8202
Src_reg_loss	: 0.0256
-------------------------------------
[Epoch : 252/500]
Total_loss	: 0.0936
Coral_loss	: 0.0000
MMD_loss	: 1.9826
cond_ent_wt	: 4.8201
Src_reg_loss	: 0.0255
-------------------------------------
[Epoch : 253/500]
Total_loss	: 0.0935
Coral_loss	: 0.0000
MMD_loss	: 1.9827
cond_ent_wt	: 4.8200
Src_reg_loss	: 0.0255
-------------------------------------
[Epoch : 254/500]
Total_loss	: 0.0935
Coral_loss	: 0.0000
MMD_loss	: 1.9829
cond_ent_wt	: 4.8198
Src_reg_loss	: 0.0254
-------------------------------------
[Epoch : 255/500]
Total_loss	: 0.0934
Coral_loss	: 0.0000
MMD_loss	: 1.9830
cond_ent_wt	: 4.8197
Src_reg_loss	: 0.0254
-------------------------------------
[Epoch : 256/500]
Total_loss	: 0.0934
Coral_loss	: 0.0000
MMD_loss	: 1.9831
cond_ent_wt	: 4.8195
Src_reg_loss	: 0.0253
-------------------------------------
[Epoch : 257/500]
Total_loss	: 0.0933
Coral_loss	: 0.0000
MMD_loss	: 1.9832
cond_ent_wt	: 4.8194
Src_reg_loss	: 0.0253
-------------------------------------
[Epoch : 258/500]
Total_loss	: 0.0933
Coral_loss	: 0.0000
MMD_loss	: 1.9833
cond_ent_wt	: 4.8193
Src_reg_loss	: 0.0252
-------------------------------------
[Epoch : 259/500]
Total_loss	: 0.0932
Coral_loss	: 0.0000
MMD_loss	: 1.9834
cond_ent_wt	: 4.8191
Src_reg_loss	: 0.0252
-------------------------------------
[Epoch : 260/500]
Total_loss	: 0.0932
Coral_loss	: 0.0000
MMD_loss	: 1.9835
cond_ent_wt	: 4.8190
Src_reg_loss	: 0.0251
-------------------------------------
[Epoch : 261/500]
Total_loss	: 0.0931
Coral_loss	: 0.0000
MMD_loss	: 1.9837
cond_ent_wt	: 4.8188
Src_reg_loss	: 0.0251
-------------------------------------
[Epoch : 262/500]
Total_loss	: 0.0931
Coral_loss	: 0.0000
MMD_loss	: 1.9838
cond_ent_wt	: 4.8187
Src_reg_loss	: 0.0250
-------------------------------------
[Epoch : 263/500]
Total_loss	: 0.0930
Coral_loss	: 0.0000
MMD_loss	: 1.9839
cond_ent_wt	: 4.8185
Src_reg_loss	: 0.0250
-------------------------------------
[Epoch : 264/500]
Total_loss	: 0.0930
Coral_loss	: 0.0000
MMD_loss	: 1.9840
cond_ent_wt	: 4.8184
Src_reg_loss	: 0.0249
-------------------------------------
[Epoch : 265/500]
Total_loss	: 0.0929
Coral_loss	: 0.0000
MMD_loss	: 1.9841
cond_ent_wt	: 4.8182
Src_reg_loss	: 0.0249
-------------------------------------
[Epoch : 266/500]
Total_loss	: 0.0929
Coral_loss	: 0.0000
MMD_loss	: 1.9842
cond_ent_wt	: 4.8181
Src_reg_loss	: 0.0248
-------------------------------------
[Epoch : 267/500]
Total_loss	: 0.0928
Coral_loss	: 0.0000
MMD_loss	: 1.9843
cond_ent_wt	: 4.8179
Src_reg_loss	: 0.0248
-------------------------------------
[Epoch : 268/500]
Total_loss	: 0.0928
Coral_loss	: 0.0000
MMD_loss	: 1.9844
cond_ent_wt	: 4.8177
Src_reg_loss	: 0.0247
-------------------------------------
[Epoch : 269/500]
Total_loss	: 0.0927
Coral_loss	: 0.0000
MMD_loss	: 1.9845
cond_ent_wt	: 4.8176
Src_reg_loss	: 0.0247
-------------------------------------
[Epoch : 270/500]
Total_loss	: 0.0927
Coral_loss	: 0.0000
MMD_loss	: 1.9846
cond_ent_wt	: 4.8174
Src_reg_loss	: 0.0246
-------------------------------------
[Epoch : 271/500]
Total_loss	: 0.0926
Coral_loss	: 0.0000
MMD_loss	: 1.9847
cond_ent_wt	: 4.8173
Src_reg_loss	: 0.0246
-------------------------------------
[Epoch : 272/500]
Total_loss	: 0.0926
Coral_loss	: 0.0000
MMD_loss	: 1.9848
cond_ent_wt	: 4.8171
Src_reg_loss	: 0.0245
-------------------------------------
[Epoch : 273/500]
Total_loss	: 0.0925
Coral_loss	: 0.0000
MMD_loss	: 1.9849
cond_ent_wt	: 4.8169
Src_reg_loss	: 0.0245
-------------------------------------
[Epoch : 274/500]
Total_loss	: 0.0925
Coral_loss	: 0.0000
MMD_loss	: 1.9849
cond_ent_wt	: 4.8167
Src_reg_loss	: 0.0245
-------------------------------------
[Epoch : 275/500]
Total_loss	: 0.0924
Coral_loss	: 0.0000
MMD_loss	: 1.9850
cond_ent_wt	: 4.8166
Src_reg_loss	: 0.0244
-------------------------------------
[Epoch : 276/500]
Total_loss	: 0.0924
Coral_loss	: 0.0000
MMD_loss	: 1.9851
cond_ent_wt	: 4.8164
Src_reg_loss	: 0.0244
-------------------------------------
[Epoch : 277/500]
Total_loss	: 0.0923
Coral_loss	: 0.0000
MMD_loss	: 1.9852
cond_ent_wt	: 4.8162
Src_reg_loss	: 0.0243
-------------------------------------
[Epoch : 278/500]
Total_loss	: 0.0923
Coral_loss	: 0.0000
MMD_loss	: 1.9853
cond_ent_wt	: 4.8160
Src_reg_loss	: 0.0243
-------------------------------------
[Epoch : 279/500]
Total_loss	: 0.0922
Coral_loss	: 0.0000
MMD_loss	: 1.9853
cond_ent_wt	: 4.8159
Src_reg_loss	: 0.0242
-------------------------------------
[Epoch : 280/500]
Total_loss	: 0.0922
Coral_loss	: 0.0000
MMD_loss	: 1.9854
cond_ent_wt	: 4.8157
Src_reg_loss	: 0.0242
-------------------------------------
[Epoch : 281/500]
Total_loss	: 0.0921
Coral_loss	: 0.0000
MMD_loss	: 1.9855
cond_ent_wt	: 4.8155
Src_reg_loss	: 0.0241
-------------------------------------
[Epoch : 282/500]
Total_loss	: 0.0921
Coral_loss	: 0.0000
MMD_loss	: 1.9855
cond_ent_wt	: 4.8153
Src_reg_loss	: 0.0241
-------------------------------------
[Epoch : 283/500]
Total_loss	: 0.0920
Coral_loss	: 0.0000
MMD_loss	: 1.9856
cond_ent_wt	: 4.8151
Src_reg_loss	: 0.0240
-------------------------------------
[Epoch : 284/500]
Total_loss	: 0.0920
Coral_loss	: 0.0000
MMD_loss	: 1.9856
cond_ent_wt	: 4.8150
Src_reg_loss	: 0.0240
-------------------------------------
[Epoch : 285/500]
Total_loss	: 0.0920
Coral_loss	: 0.0000
MMD_loss	: 1.9857
cond_ent_wt	: 4.8148
Src_reg_loss	: 0.0240
-------------------------------------
[Epoch : 286/500]
Total_loss	: 0.0919
Coral_loss	: 0.0000
MMD_loss	: 1.9857
cond_ent_wt	: 4.8146
Src_reg_loss	: 0.0239
-------------------------------------
[Epoch : 287/500]
Total_loss	: 0.0919
Coral_loss	: 0.0000
MMD_loss	: 1.9858
cond_ent_wt	: 4.8144
Src_reg_loss	: 0.0239
-------------------------------------
[Epoch : 288/500]
Total_loss	: 0.0918
Coral_loss	: 0.0000
MMD_loss	: 1.9858
cond_ent_wt	: 4.8142
Src_reg_loss	: 0.0238
-------------------------------------
[Epoch : 289/500]
Total_loss	: 0.0918
Coral_loss	: 0.0000
MMD_loss	: 1.9859
cond_ent_wt	: 4.8140
Src_reg_loss	: 0.0238
-------------------------------------
[Epoch : 290/500]
Total_loss	: 0.0917
Coral_loss	: 0.0000
MMD_loss	: 1.9859
cond_ent_wt	: 4.8138
Src_reg_loss	: 0.0237
-------------------------------------
[Epoch : 291/500]
Total_loss	: 0.0917
Coral_loss	: 0.0000
MMD_loss	: 1.9859
cond_ent_wt	: 4.8136
Src_reg_loss	: 0.0237
-------------------------------------
[Epoch : 292/500]
Total_loss	: 0.0916
Coral_loss	: 0.0000
MMD_loss	: 1.9859
cond_ent_wt	: 4.8134
Src_reg_loss	: 0.0236
-------------------------------------
[Epoch : 293/500]
Total_loss	: 0.0916
Coral_loss	: 0.0000
MMD_loss	: 1.9860
cond_ent_wt	: 4.8132
Src_reg_loss	: 0.0236
-------------------------------------
[Epoch : 294/500]
Total_loss	: 0.0916
Coral_loss	: 0.0000
MMD_loss	: 1.9860
cond_ent_wt	: 4.8130
Src_reg_loss	: 0.0236
-------------------------------------
[Epoch : 295/500]
Total_loss	: 0.0915
Coral_loss	: 0.0000
MMD_loss	: 1.9860
cond_ent_wt	: 4.8128
Src_reg_loss	: 0.0235
-------------------------------------
[Epoch : 296/500]
Total_loss	: 0.0915
Coral_loss	: 0.0000
MMD_loss	: 1.9860
cond_ent_wt	: 4.8126
Src_reg_loss	: 0.0235
-------------------------------------
[Epoch : 297/500]
Total_loss	: 0.0914
Coral_loss	: 0.0000
MMD_loss	: 1.9860
cond_ent_wt	: 4.8124
Src_reg_loss	: 0.0234
-------------------------------------
[Epoch : 298/500]
Total_loss	: 0.0914
Coral_loss	: 0.0000
MMD_loss	: 1.9860
cond_ent_wt	: 4.8121
Src_reg_loss	: 0.0234
-------------------------------------
[Epoch : 299/500]
Total_loss	: 0.0913
Coral_loss	: 0.0000
MMD_loss	: 1.9860
cond_ent_wt	: 4.8119
Src_reg_loss	: 0.0234
-------------------------------------
[Epoch : 300/500]
Total_loss	: 0.0913
Coral_loss	: 0.0000
MMD_loss	: 1.9860
cond_ent_wt	: 4.8117
Src_reg_loss	: 0.0233
-------------------------------------
[Epoch : 301/500]
Total_loss	: 0.0913
Coral_loss	: 0.0000
MMD_loss	: 1.9860
cond_ent_wt	: 4.8115
Src_reg_loss	: 0.0233
-------------------------------------
[Epoch : 302/500]
Total_loss	: 0.0912
Coral_loss	: 0.0000
MMD_loss	: 1.9860
cond_ent_wt	: 4.8113
Src_reg_loss	: 0.0232
-------------------------------------
[Epoch : 303/500]
Total_loss	: 0.0912
Coral_loss	: 0.0000
MMD_loss	: 1.9859
cond_ent_wt	: 4.8111
Src_reg_loss	: 0.0232
-------------------------------------
[Epoch : 304/500]
Total_loss	: 0.0911
Coral_loss	: 0.0000
MMD_loss	: 1.9859
cond_ent_wt	: 4.8108
Src_reg_loss	: 0.0232
-------------------------------------
[Epoch : 305/500]
Total_loss	: 0.0911
Coral_loss	: 0.0000
MMD_loss	: 1.9859
cond_ent_wt	: 4.8106
Src_reg_loss	: 0.0231
-------------------------------------
[Epoch : 306/500]
Total_loss	: 0.0910
Coral_loss	: 0.0000
MMD_loss	: 1.9859
cond_ent_wt	: 4.8104
Src_reg_loss	: 0.0231
-------------------------------------
[Epoch : 307/500]
Total_loss	: 0.0910
Coral_loss	: 0.0000
MMD_loss	: 1.9858
cond_ent_wt	: 4.8102
Src_reg_loss	: 0.0230
-------------------------------------
[Epoch : 308/500]
Total_loss	: 0.0910
Coral_loss	: 0.0000
MMD_loss	: 1.9858
cond_ent_wt	: 4.8099
Src_reg_loss	: 0.0230
-------------------------------------
[Epoch : 309/500]
Total_loss	: 0.0909
Coral_loss	: 0.0000
MMD_loss	: 1.9857
cond_ent_wt	: 4.8097
Src_reg_loss	: 0.0230
-------------------------------------
[Epoch : 310/500]
Total_loss	: 0.0909
Coral_loss	: 0.0000
MMD_loss	: 1.9857
cond_ent_wt	: 4.8095
Src_reg_loss	: 0.0229
-------------------------------------
[Epoch : 311/500]
Total_loss	: 0.0908
Coral_loss	: 0.0000
MMD_loss	: 1.9856
cond_ent_wt	: 4.8093
Src_reg_loss	: 0.0229
-------------------------------------
[Epoch : 312/500]
Total_loss	: 0.0908
Coral_loss	: 0.0000
MMD_loss	: 1.9856
cond_ent_wt	: 4.8090
Src_reg_loss	: 0.0228
-------------------------------------
[Epoch : 313/500]
Total_loss	: 0.0907
Coral_loss	: 0.0000
MMD_loss	: 1.9855
cond_ent_wt	: 4.8088
Src_reg_loss	: 0.0228
-------------------------------------
[Epoch : 314/500]
Total_loss	: 0.0907
Coral_loss	: 0.0000
MMD_loss	: 1.9854
cond_ent_wt	: 4.8086
Src_reg_loss	: 0.0228
-------------------------------------
[Epoch : 315/500]
Total_loss	: 0.0907
Coral_loss	: 0.0000
MMD_loss	: 1.9854
cond_ent_wt	: 4.8083
Src_reg_loss	: 0.0227
-------------------------------------
[Epoch : 316/500]
Total_loss	: 0.0906
Coral_loss	: 0.0000
MMD_loss	: 1.9853
cond_ent_wt	: 4.8081
Src_reg_loss	: 0.0227
-------------------------------------
[Epoch : 317/500]
Total_loss	: 0.0906
Coral_loss	: 0.0000
MMD_loss	: 1.9852
cond_ent_wt	: 4.8078
Src_reg_loss	: 0.0227
-------------------------------------
[Epoch : 318/500]
Total_loss	: 0.0905
Coral_loss	: 0.0000
MMD_loss	: 1.9851
cond_ent_wt	: 4.8076
Src_reg_loss	: 0.0226
-------------------------------------
[Epoch : 319/500]
Total_loss	: 0.0905
Coral_loss	: 0.0000
MMD_loss	: 1.9850
cond_ent_wt	: 4.8074
Src_reg_loss	: 0.0226
-------------------------------------
[Epoch : 320/500]
Total_loss	: 0.0905
Coral_loss	: 0.0000
MMD_loss	: 1.9849
cond_ent_wt	: 4.8071
Src_reg_loss	: 0.0225
-------------------------------------
[Epoch : 321/500]
Total_loss	: 0.0904
Coral_loss	: 0.0000
MMD_loss	: 1.9848
cond_ent_wt	: 4.8069
Src_reg_loss	: 0.0225
-------------------------------------
[Epoch : 322/500]
Total_loss	: 0.0904
Coral_loss	: 0.0000
MMD_loss	: 1.9847
cond_ent_wt	: 4.8066
Src_reg_loss	: 0.0225
-------------------------------------
[Epoch : 323/500]
Total_loss	: 0.0903
Coral_loss	: 0.0000
MMD_loss	: 1.9846
cond_ent_wt	: 4.8064
Src_reg_loss	: 0.0224
-------------------------------------
[Epoch : 324/500]
Total_loss	: 0.0903
Coral_loss	: 0.0000
MMD_loss	: 1.9845
cond_ent_wt	: 4.8061
Src_reg_loss	: 0.0224
-------------------------------------
[Epoch : 325/500]
Total_loss	: 0.0903
Coral_loss	: 0.0000
MMD_loss	: 1.9844
cond_ent_wt	: 4.8059
Src_reg_loss	: 0.0224
-------------------------------------
[Epoch : 326/500]
Total_loss	: 0.0902
Coral_loss	: 0.0000
MMD_loss	: 1.9843
cond_ent_wt	: 4.8056
Src_reg_loss	: 0.0223
-------------------------------------
[Epoch : 327/500]
Total_loss	: 0.0902
Coral_loss	: 0.0000
MMD_loss	: 1.9842
cond_ent_wt	: 4.8054
Src_reg_loss	: 0.0223
-------------------------------------
[Epoch : 328/500]
Total_loss	: 0.0901
Coral_loss	: 0.0000
MMD_loss	: 1.9841
cond_ent_wt	: 4.8051
Src_reg_loss	: 0.0223
-------------------------------------
[Epoch : 329/500]
Total_loss	: 0.0901
Coral_loss	: 0.0000
MMD_loss	: 1.9839
cond_ent_wt	: 4.8049
Src_reg_loss	: 0.0222
-------------------------------------
[Epoch : 330/500]
Total_loss	: 0.0901
Coral_loss	: 0.0000
MMD_loss	: 1.9838
cond_ent_wt	: 4.8046
Src_reg_loss	: 0.0222
-------------------------------------
[Epoch : 331/500]
Total_loss	: 0.0900
Coral_loss	: 0.0000
MMD_loss	: 1.9837
cond_ent_wt	: 4.8043
Src_reg_loss	: 0.0222
-------------------------------------
[Epoch : 332/500]
Total_loss	: 0.0900
Coral_loss	: 0.0000
MMD_loss	: 1.9836
cond_ent_wt	: 4.8041
Src_reg_loss	: 0.0221
-------------------------------------
[Epoch : 333/500]
Total_loss	: 0.0900
Coral_loss	: 0.0000
MMD_loss	: 1.9834
cond_ent_wt	: 4.8038
Src_reg_loss	: 0.0221
-------------------------------------
[Epoch : 334/500]
Total_loss	: 0.0899
Coral_loss	: 0.0000
MMD_loss	: 1.9833
cond_ent_wt	: 4.8036
Src_reg_loss	: 0.0220
-------------------------------------
[Epoch : 335/500]
Total_loss	: 0.0899
Coral_loss	: 0.0000
MMD_loss	: 1.9831
cond_ent_wt	: 4.8033
Src_reg_loss	: 0.0220
-------------------------------------
[Epoch : 336/500]
Total_loss	: 0.0898
Coral_loss	: 0.0000
MMD_loss	: 1.9830
cond_ent_wt	: 4.8030
Src_reg_loss	: 0.0220
-------------------------------------
[Epoch : 337/500]
Total_loss	: 0.0898
Coral_loss	: 0.0000
MMD_loss	: 1.9828
cond_ent_wt	: 4.8028
Src_reg_loss	: 0.0219
-------------------------------------
[Epoch : 338/500]
Total_loss	: 0.0898
Coral_loss	: 0.0000
MMD_loss	: 1.9827
cond_ent_wt	: 4.8025
Src_reg_loss	: 0.0219
-------------------------------------
[Epoch : 339/500]
Total_loss	: 0.0897
Coral_loss	: 0.0000
MMD_loss	: 1.9825
cond_ent_wt	: 4.8023
Src_reg_loss	: 0.0219
-------------------------------------
[Epoch : 340/500]
Total_loss	: 0.0897
Coral_loss	: 0.0000
MMD_loss	: 1.9824
cond_ent_wt	: 4.8020
Src_reg_loss	: 0.0218
-------------------------------------
[Epoch : 341/500]
Total_loss	: 0.0897
Coral_loss	: 0.0000
MMD_loss	: 1.9822
cond_ent_wt	: 4.8017
Src_reg_loss	: 0.0218
-------------------------------------
[Epoch : 342/500]
Total_loss	: 0.0896
Coral_loss	: 0.0000
MMD_loss	: 1.9820
cond_ent_wt	: 4.8015
Src_reg_loss	: 0.0218
-------------------------------------
[Epoch : 343/500]
Total_loss	: 0.0896
Coral_loss	: 0.0000
MMD_loss	: 1.9819
cond_ent_wt	: 4.8012
Src_reg_loss	: 0.0217
-------------------------------------
[Epoch : 344/500]
Total_loss	: 0.0895
Coral_loss	: 0.0000
MMD_loss	: 1.9817
cond_ent_wt	: 4.8009
Src_reg_loss	: 0.0217
-------------------------------------
[Epoch : 345/500]
Total_loss	: 0.0895
Coral_loss	: 0.0000
MMD_loss	: 1.9815
cond_ent_wt	: 4.8007
Src_reg_loss	: 0.0217
-------------------------------------
[Epoch : 346/500]
Total_loss	: 0.0895
Coral_loss	: 0.0000
MMD_loss	: 1.9813
cond_ent_wt	: 4.8004
Src_reg_loss	: 0.0216
-------------------------------------
[Epoch : 347/500]
Total_loss	: 0.0894
Coral_loss	: 0.0000
MMD_loss	: 1.9812
cond_ent_wt	: 4.8001
Src_reg_loss	: 0.0216
-------------------------------------
[Epoch : 348/500]
Total_loss	: 0.0894
Coral_loss	: 0.0000
MMD_loss	: 1.9810
cond_ent_wt	: 4.7998
Src_reg_loss	: 0.0216
-------------------------------------
[Epoch : 349/500]
Total_loss	: 0.0894
Coral_loss	: 0.0000
MMD_loss	: 1.9808
cond_ent_wt	: 4.7996
Src_reg_loss	: 0.0216
-------------------------------------
[Epoch : 350/500]
Total_loss	: 0.0893
Coral_loss	: 0.0000
MMD_loss	: 1.9806
cond_ent_wt	: 4.7993
Src_reg_loss	: 0.0215
-------------------------------------
[Epoch : 351/500]
Total_loss	: 0.0893
Coral_loss	: 0.0000
MMD_loss	: 1.9804
cond_ent_wt	: 4.7990
Src_reg_loss	: 0.0215
-------------------------------------
[Epoch : 352/500]
Total_loss	: 0.0892
Coral_loss	: 0.0000
MMD_loss	: 1.9802
cond_ent_wt	: 4.7987
Src_reg_loss	: 0.0215
-------------------------------------
[Epoch : 353/500]
Total_loss	: 0.0892
Coral_loss	: 0.0000
MMD_loss	: 1.9800
cond_ent_wt	: 4.7985
Src_reg_loss	: 0.0214
-------------------------------------
[Epoch : 354/500]
Total_loss	: 0.0892
Coral_loss	: 0.0000
MMD_loss	: 1.9798
cond_ent_wt	: 4.7982
Src_reg_loss	: 0.0214
-------------------------------------
[Epoch : 355/500]
Total_loss	: 0.0891
Coral_loss	: 0.0000
MMD_loss	: 1.9796
cond_ent_wt	: 4.7979
Src_reg_loss	: 0.0214
-------------------------------------
[Epoch : 356/500]
Total_loss	: 0.0891
Coral_loss	: 0.0000
MMD_loss	: 1.9794
cond_ent_wt	: 4.7976
Src_reg_loss	: 0.0213
-------------------------------------
[Epoch : 357/500]
Total_loss	: 0.0891
Coral_loss	: 0.0000
MMD_loss	: 1.9792
cond_ent_wt	: 4.7974
Src_reg_loss	: 0.0213
-------------------------------------
[Epoch : 358/500]
Total_loss	: 0.0890
Coral_loss	: 0.0000
MMD_loss	: 1.9790
cond_ent_wt	: 4.7971
Src_reg_loss	: 0.0213
-------------------------------------
[Epoch : 359/500]
Total_loss	: 0.0890
Coral_loss	: 0.0000
MMD_loss	: 1.9788
cond_ent_wt	: 4.7968
Src_reg_loss	: 0.0212
-------------------------------------
[Epoch : 360/500]
Total_loss	: 0.0890
Coral_loss	: 0.0000
MMD_loss	: 1.9785
cond_ent_wt	: 4.7965
Src_reg_loss	: 0.0212
-------------------------------------
[Epoch : 361/500]
Total_loss	: 0.0889
Coral_loss	: 0.0000
MMD_loss	: 1.9783
cond_ent_wt	: 4.7963
Src_reg_loss	: 0.0212
-------------------------------------
[Epoch : 362/500]
Total_loss	: 0.0889
Coral_loss	: 0.0000
MMD_loss	: 1.9781
cond_ent_wt	: 4.7960
Src_reg_loss	: 0.0211
-------------------------------------
[Epoch : 363/500]
Total_loss	: 0.0889
Coral_loss	: 0.0000
MMD_loss	: 1.9779
cond_ent_wt	: 4.7957
Src_reg_loss	: 0.0211
-------------------------------------
[Epoch : 364/500]
Total_loss	: 0.0888
Coral_loss	: 0.0000
MMD_loss	: 1.9777
cond_ent_wt	: 4.7954
Src_reg_loss	: 0.0211
-------------------------------------
[Epoch : 365/500]
Total_loss	: 0.0888
Coral_loss	: 0.0000
MMD_loss	: 1.9774
cond_ent_wt	: 4.7951
Src_reg_loss	: 0.0211
-------------------------------------
[Epoch : 366/500]
Total_loss	: 0.0888
Coral_loss	: 0.0000
MMD_loss	: 1.9772
cond_ent_wt	: 4.7949
Src_reg_loss	: 0.0210
-------------------------------------
[Epoch : 367/500]
Total_loss	: 0.0887
Coral_loss	: 0.0000
MMD_loss	: 1.9770
cond_ent_wt	: 4.7946
Src_reg_loss	: 0.0210
-------------------------------------
[Epoch : 368/500]
Total_loss	: 0.0887
Coral_loss	: 0.0000
MMD_loss	: 1.9767
cond_ent_wt	: 4.7943
Src_reg_loss	: 0.0210
-------------------------------------
[Epoch : 369/500]
Total_loss	: 0.0886
Coral_loss	: 0.0000
MMD_loss	: 1.9765
cond_ent_wt	: 4.7940
Src_reg_loss	: 0.0209
-------------------------------------
[Epoch : 370/500]
Total_loss	: 0.0886
Coral_loss	: 0.0000
MMD_loss	: 1.9763
cond_ent_wt	: 4.7937
Src_reg_loss	: 0.0209
-------------------------------------
[Epoch : 371/500]
Total_loss	: 0.0886
Coral_loss	: 0.0000
MMD_loss	: 1.9760
cond_ent_wt	: 4.7934
Src_reg_loss	: 0.0209
-------------------------------------
[Epoch : 372/500]
Total_loss	: 0.0885
Coral_loss	: 0.0000
MMD_loss	: 1.9758
cond_ent_wt	: 4.7932
Src_reg_loss	: 0.0209
-------------------------------------
[Epoch : 373/500]
Total_loss	: 0.0885
Coral_loss	: 0.0000
MMD_loss	: 1.9755
cond_ent_wt	: 4.7929
Src_reg_loss	: 0.0208
-------------------------------------
[Epoch : 374/500]
Total_loss	: 0.0885
Coral_loss	: 0.0000
MMD_loss	: 1.9753
cond_ent_wt	: 4.7926
Src_reg_loss	: 0.0208
-------------------------------------
[Epoch : 375/500]
Total_loss	: 0.0884
Coral_loss	: 0.0000
MMD_loss	: 1.9750
cond_ent_wt	: 4.7923
Src_reg_loss	: 0.0208
-------------------------------------
[Epoch : 376/500]
Total_loss	: 0.0884
Coral_loss	: 0.0000
MMD_loss	: 1.9748
cond_ent_wt	: 4.7920
Src_reg_loss	: 0.0207
-------------------------------------
[Epoch : 377/500]
Total_loss	: 0.0884
Coral_loss	: 0.0000
MMD_loss	: 1.9745
cond_ent_wt	: 4.7917
Src_reg_loss	: 0.0207
-------------------------------------
[Epoch : 378/500]
Total_loss	: 0.0883
Coral_loss	: 0.0000
MMD_loss	: 1.9743
cond_ent_wt	: 4.7914
Src_reg_loss	: 0.0207
-------------------------------------
[Epoch : 379/500]
Total_loss	: 0.0883
Coral_loss	: 0.0000
MMD_loss	: 1.9740
cond_ent_wt	: 4.7912
Src_reg_loss	: 0.0207
-------------------------------------
[Epoch : 380/500]
Total_loss	: 0.0883
Coral_loss	: 0.0000
MMD_loss	: 1.9738
cond_ent_wt	: 4.7909
Src_reg_loss	: 0.0206
-------------------------------------
[Epoch : 381/500]
Total_loss	: 0.0882
Coral_loss	: 0.0000
MMD_loss	: 1.9735
cond_ent_wt	: 4.7906
Src_reg_loss	: 0.0206
-------------------------------------
[Epoch : 382/500]
Total_loss	: 0.0882
Coral_loss	: 0.0000
MMD_loss	: 1.9733
cond_ent_wt	: 4.7903
Src_reg_loss	: 0.0206
-------------------------------------
[Epoch : 383/500]
Total_loss	: 0.0882
Coral_loss	: 0.0000
MMD_loss	: 1.9730
cond_ent_wt	: 4.7900
Src_reg_loss	: 0.0205
-------------------------------------
[Epoch : 384/500]
Total_loss	: 0.0881
Coral_loss	: 0.0000
MMD_loss	: 1.9727
cond_ent_wt	: 4.7897
Src_reg_loss	: 0.0205
-------------------------------------
[Epoch : 385/500]
Total_loss	: 0.0881
Coral_loss	: 0.0000
MMD_loss	: 1.9725
cond_ent_wt	: 4.7894
Src_reg_loss	: 0.0205
-------------------------------------
[Epoch : 386/500]
Total_loss	: 0.0881
Coral_loss	: 0.0000
MMD_loss	: 1.9722
cond_ent_wt	: 4.7892
Src_reg_loss	: 0.0205
-------------------------------------
[Epoch : 387/500]
Total_loss	: 0.0880
Coral_loss	: 0.0000
MMD_loss	: 1.9719
cond_ent_wt	: 4.7889
Src_reg_loss	: 0.0204
-------------------------------------
[Epoch : 388/500]
Total_loss	: 0.0880
Coral_loss	: 0.0000
MMD_loss	: 1.9717
cond_ent_wt	: 4.7886
Src_reg_loss	: 0.0204
-------------------------------------
[Epoch : 389/500]
Total_loss	: 0.0880
Coral_loss	: 0.0000
MMD_loss	: 1.9714
cond_ent_wt	: 4.7883
Src_reg_loss	: 0.0204
-------------------------------------
[Epoch : 390/500]
Total_loss	: 0.0880
Coral_loss	: 0.0000
MMD_loss	: 1.9711
cond_ent_wt	: 4.7880
Src_reg_loss	: 0.0204
-------------------------------------
[Epoch : 391/500]
Total_loss	: 0.0879
Coral_loss	: 0.0000
MMD_loss	: 1.9709
cond_ent_wt	: 4.7877
Src_reg_loss	: 0.0203
-------------------------------------
[Epoch : 392/500]
Total_loss	: 0.0879
Coral_loss	: 0.0000
MMD_loss	: 1.9706
cond_ent_wt	: 4.7874
Src_reg_loss	: 0.0203
-------------------------------------
[Epoch : 393/500]
Total_loss	: 0.0879
Coral_loss	: 0.0000
MMD_loss	: 1.9703
cond_ent_wt	: 4.7872
Src_reg_loss	: 0.0203
-------------------------------------
[Epoch : 394/500]
Total_loss	: 0.0878
Coral_loss	: 0.0000
MMD_loss	: 1.9700
cond_ent_wt	: 4.7869
Src_reg_loss	: 0.0203
-------------------------------------
[Epoch : 395/500]
Total_loss	: 0.0878
Coral_loss	: 0.0000
MMD_loss	: 1.9698
cond_ent_wt	: 4.7866
Src_reg_loss	: 0.0202
-------------------------------------
[Epoch : 396/500]
Total_loss	: 0.0878
Coral_loss	: 0.0000
MMD_loss	: 1.9695
cond_ent_wt	: 4.7863
Src_reg_loss	: 0.0202
-------------------------------------
[Epoch : 397/500]
Total_loss	: 0.0877
Coral_loss	: 0.0000
MMD_loss	: 1.9692
cond_ent_wt	: 4.7860
Src_reg_loss	: 0.0202
-------------------------------------
[Epoch : 398/500]
Total_loss	: 0.0877
Coral_loss	: 0.0000
MMD_loss	: 1.9689
cond_ent_wt	: 4.7857
Src_reg_loss	: 0.0202
-------------------------------------
[Epoch : 399/500]
Total_loss	: 0.0877
Coral_loss	: 0.0000
MMD_loss	: 1.9686
cond_ent_wt	: 4.7854
Src_reg_loss	: 0.0201
-------------------------------------
[Epoch : 400/500]
Total_loss	: 0.0876
Coral_loss	: 0.0000
MMD_loss	: 1.9683
cond_ent_wt	: 4.7851
Src_reg_loss	: 0.0201
-------------------------------------
[Epoch : 401/500]
Total_loss	: 0.0876
Coral_loss	: 0.0000
MMD_loss	: 1.9681
cond_ent_wt	: 4.7848
Src_reg_loss	: 0.0201
-------------------------------------
[Epoch : 402/500]
Total_loss	: 0.0876
Coral_loss	: 0.0000
MMD_loss	: 1.9678
cond_ent_wt	: 4.7846
Src_reg_loss	: 0.0200
-------------------------------------
[Epoch : 403/500]
Total_loss	: 0.0875
Coral_loss	: 0.0000
MMD_loss	: 1.9675
cond_ent_wt	: 4.7843
Src_reg_loss	: 0.0200
-------------------------------------
[Epoch : 404/500]
Total_loss	: 0.0875
Coral_loss	: 0.0000
MMD_loss	: 1.9672
cond_ent_wt	: 4.7840
Src_reg_loss	: 0.0200
-------------------------------------
[Epoch : 405/500]
Total_loss	: 0.0875
Coral_loss	: 0.0000
MMD_loss	: 1.9669
cond_ent_wt	: 4.7837
Src_reg_loss	: 0.0200
-------------------------------------
[Epoch : 406/500]
Total_loss	: 0.0874
Coral_loss	: 0.0000
MMD_loss	: 1.9666
cond_ent_wt	: 4.7834
Src_reg_loss	: 0.0199
-------------------------------------
[Epoch : 407/500]
Total_loss	: 0.0874
Coral_loss	: 0.0000
MMD_loss	: 1.9663
cond_ent_wt	: 4.7831
Src_reg_loss	: 0.0199
-------------------------------------
[Epoch : 408/500]
Total_loss	: 0.0874
Coral_loss	: 0.0000
MMD_loss	: 1.9660
cond_ent_wt	: 4.7828
Src_reg_loss	: 0.0199
-------------------------------------
[Epoch : 409/500]
Total_loss	: 0.0874
Coral_loss	: 0.0000
MMD_loss	: 1.9657
cond_ent_wt	: 4.7825
Src_reg_loss	: 0.0199
-------------------------------------
[Epoch : 410/500]
Total_loss	: 0.0873
Coral_loss	: 0.0000
MMD_loss	: 1.9654
cond_ent_wt	: 4.7823
Src_reg_loss	: 0.0199
-------------------------------------
[Epoch : 411/500]
Total_loss	: 0.0873
Coral_loss	: 0.0000
MMD_loss	: 1.9651
cond_ent_wt	: 4.7820
Src_reg_loss	: 0.0198
-------------------------------------
[Epoch : 412/500]
Total_loss	: 0.0873
Coral_loss	: 0.0000
MMD_loss	: 1.9648
cond_ent_wt	: 4.7817
Src_reg_loss	: 0.0198
-------------------------------------
[Epoch : 413/500]
Total_loss	: 0.0872
Coral_loss	: 0.0000
MMD_loss	: 1.9645
cond_ent_wt	: 4.7814
Src_reg_loss	: 0.0198
-------------------------------------
[Epoch : 414/500]
Total_loss	: 0.0872
Coral_loss	: 0.0000
MMD_loss	: 1.9642
cond_ent_wt	: 4.7811
Src_reg_loss	: 0.0198
-------------------------------------
[Epoch : 415/500]
Total_loss	: 0.0872
Coral_loss	: 0.0000
MMD_loss	: 1.9639
cond_ent_wt	: 4.7808
Src_reg_loss	: 0.0197
-------------------------------------
[Epoch : 416/500]
Total_loss	: 0.0871
Coral_loss	: 0.0000
MMD_loss	: 1.9636
cond_ent_wt	: 4.7805
Src_reg_loss	: 0.0197
-------------------------------------
[Epoch : 417/500]
Total_loss	: 0.0871
Coral_loss	: 0.0000
MMD_loss	: 1.9633
cond_ent_wt	: 4.7802
Src_reg_loss	: 0.0197
-------------------------------------
[Epoch : 418/500]
Total_loss	: 0.0871
Coral_loss	: 0.0000
MMD_loss	: 1.9630
cond_ent_wt	: 4.7800
Src_reg_loss	: 0.0197
-------------------------------------
[Epoch : 419/500]
Total_loss	: 0.0871
Coral_loss	: 0.0000
MMD_loss	: 1.9627
cond_ent_wt	: 4.7797
Src_reg_loss	: 0.0196
-------------------------------------
[Epoch : 420/500]
Total_loss	: 0.0870
Coral_loss	: 0.0000
MMD_loss	: 1.9624
cond_ent_wt	: 4.7794
Src_reg_loss	: 0.0196
-------------------------------------
[Epoch : 421/500]
Total_loss	: 0.0870
Coral_loss	: 0.0000
MMD_loss	: 1.9621
cond_ent_wt	: 4.7791
Src_reg_loss	: 0.0196
-------------------------------------
[Epoch : 422/500]
Total_loss	: 0.0870
Coral_loss	: 0.0000
MMD_loss	: 1.9618
cond_ent_wt	: 4.7788
Src_reg_loss	: 0.0196
-------------------------------------
[Epoch : 423/500]
Total_loss	: 0.0869
Coral_loss	: 0.0000
MMD_loss	: 1.9615
cond_ent_wt	: 4.7785
Src_reg_loss	: 0.0195
-------------------------------------
[Epoch : 424/500]
Total_loss	: 0.0869
Coral_loss	: 0.0000
MMD_loss	: 1.9612
cond_ent_wt	: 4.7782
Src_reg_loss	: 0.0195
-------------------------------------
[Epoch : 425/500]
Total_loss	: 0.0869
Coral_loss	: 0.0000
MMD_loss	: 1.9609
cond_ent_wt	: 4.7779
Src_reg_loss	: 0.0195
-------------------------------------
[Epoch : 426/500]
Total_loss	: 0.0869
Coral_loss	: 0.0000
MMD_loss	: 1.9605
cond_ent_wt	: 4.7777
Src_reg_loss	: 0.0195
-------------------------------------
[Epoch : 427/500]
Total_loss	: 0.0868
Coral_loss	: 0.0000
MMD_loss	: 1.9602
cond_ent_wt	: 4.7774
Src_reg_loss	: 0.0195
-------------------------------------
[Epoch : 428/500]
Total_loss	: 0.0868
Coral_loss	: 0.0000
MMD_loss	: 1.9599
cond_ent_wt	: 4.7771
Src_reg_loss	: 0.0194
-------------------------------------
[Epoch : 429/500]
Total_loss	: 0.0868
Coral_loss	: 0.0000
MMD_loss	: 1.9596
cond_ent_wt	: 4.7768
Src_reg_loss	: 0.0194
-------------------------------------
[Epoch : 430/500]
Total_loss	: 0.0867
Coral_loss	: 0.0000
MMD_loss	: 1.9593
cond_ent_wt	: 4.7765
Src_reg_loss	: 0.0194
-------------------------------------
[Epoch : 431/500]
Total_loss	: 0.0867
Coral_loss	: 0.0000
MMD_loss	: 1.9590
cond_ent_wt	: 4.7762
Src_reg_loss	: 0.0194
-------------------------------------
[Epoch : 432/500]
Total_loss	: 0.0867
Coral_loss	: 0.0000
MMD_loss	: 1.9586
cond_ent_wt	: 4.7759
Src_reg_loss	: 0.0193
-------------------------------------
[Epoch : 433/500]
Total_loss	: 0.0867
Coral_loss	: 0.0000
MMD_loss	: 1.9583
cond_ent_wt	: 4.7756
Src_reg_loss	: 0.0193
-------------------------------------
[Epoch : 434/500]
Total_loss	: 0.0866
Coral_loss	: 0.0000
MMD_loss	: 1.9580
cond_ent_wt	: 4.7754
Src_reg_loss	: 0.0193
-------------------------------------
[Epoch : 435/500]
Total_loss	: 0.0866
Coral_loss	: 0.0000
MMD_loss	: 1.9577
cond_ent_wt	: 4.7751
Src_reg_loss	: 0.0193
-------------------------------------
[Epoch : 436/500]
Total_loss	: 0.0866
Coral_loss	: 0.0000
MMD_loss	: 1.9574
cond_ent_wt	: 4.7748
Src_reg_loss	: 0.0192
-------------------------------------
[Epoch : 437/500]
Total_loss	: 0.0865
Coral_loss	: 0.0000
MMD_loss	: 1.9570
cond_ent_wt	: 4.7745
Src_reg_loss	: 0.0192
-------------------------------------
[Epoch : 438/500]
Total_loss	: 0.0865
Coral_loss	: 0.0000
MMD_loss	: 1.9567
cond_ent_wt	: 4.7742
Src_reg_loss	: 0.0192
-------------------------------------
[Epoch : 439/500]
Total_loss	: 0.0865
Coral_loss	: 0.0000
MMD_loss	: 1.9564
cond_ent_wt	: 4.7739
Src_reg_loss	: 0.0192
-------------------------------------
[Epoch : 440/500]
Total_loss	: 0.0865
Coral_loss	: 0.0000
MMD_loss	: 1.9561
cond_ent_wt	: 4.7736
Src_reg_loss	: 0.0192
-------------------------------------
[Epoch : 441/500]
Total_loss	: 0.0864
Coral_loss	: 0.0000
MMD_loss	: 1.9558
cond_ent_wt	: 4.7734
Src_reg_loss	: 0.0191
-------------------------------------
[Epoch : 442/500]
Total_loss	: 0.0864
Coral_loss	: 0.0000
MMD_loss	: 1.9554
cond_ent_wt	: 4.7731
Src_reg_loss	: 0.0191
-------------------------------------
[Epoch : 443/500]
Total_loss	: 0.0864
Coral_loss	: 0.0000
MMD_loss	: 1.9551
cond_ent_wt	: 4.7728
Src_reg_loss	: 0.0191
-------------------------------------
[Epoch : 444/500]
Total_loss	: 0.0863
Coral_loss	: 0.0000
MMD_loss	: 1.9548
cond_ent_wt	: 4.7725
Src_reg_loss	: 0.0191
-------------------------------------
[Epoch : 445/500]
Total_loss	: 0.0863
Coral_loss	: 0.0000
MMD_loss	: 1.9544
cond_ent_wt	: 4.7722
Src_reg_loss	: 0.0191
-------------------------------------
[Epoch : 446/500]
Total_loss	: 0.0863
Coral_loss	: 0.0000
MMD_loss	: 1.9541
cond_ent_wt	: 4.7719
Src_reg_loss	: 0.0190
-------------------------------------
[Epoch : 447/500]
Total_loss	: 0.0863
Coral_loss	: 0.0000
MMD_loss	: 1.9538
cond_ent_wt	: 4.7716
Src_reg_loss	: 0.0190
-------------------------------------
[Epoch : 448/500]
Total_loss	: 0.0862
Coral_loss	: 0.0000
MMD_loss	: 1.9534
cond_ent_wt	: 4.7714
Src_reg_loss	: 0.0190
-------------------------------------
[Epoch : 449/500]
Total_loss	: 0.0862
Coral_loss	: 0.0000
MMD_loss	: 1.9531
cond_ent_wt	: 4.7711
Src_reg_loss	: 0.0190
-------------------------------------
[Epoch : 450/500]
Total_loss	: 0.0862
Coral_loss	: 0.0000
MMD_loss	: 1.9527
cond_ent_wt	: 4.7708
Src_reg_loss	: 0.0189
-------------------------------------
[Epoch : 451/500]
Total_loss	: 0.0862
Coral_loss	: 0.0000
MMD_loss	: 1.9524
cond_ent_wt	: 4.7705
Src_reg_loss	: 0.0189
-------------------------------------
[Epoch : 452/500]
Total_loss	: 0.0861
Coral_loss	: 0.0000
MMD_loss	: 1.9521
cond_ent_wt	: 4.7702
Src_reg_loss	: 0.0189
-------------------------------------
[Epoch : 453/500]
Total_loss	: 0.0861
Coral_loss	: 0.0000
MMD_loss	: 1.9517
cond_ent_wt	: 4.7699
Src_reg_loss	: 0.0189
-------------------------------------
[Epoch : 454/500]
Total_loss	: 0.0861
Coral_loss	: 0.0000
MMD_loss	: 1.9514
cond_ent_wt	: 4.7697
Src_reg_loss	: 0.0189
-------------------------------------
[Epoch : 455/500]
Total_loss	: 0.0860
Coral_loss	: 0.0000
MMD_loss	: 1.9510
cond_ent_wt	: 4.7694
Src_reg_loss	: 0.0188
-------------------------------------
[Epoch : 456/500]
Total_loss	: 0.0860
Coral_loss	: 0.0000
MMD_loss	: 1.9507
cond_ent_wt	: 4.7691
Src_reg_loss	: 0.0188
-------------------------------------
[Epoch : 457/500]
Total_loss	: 0.0860
Coral_loss	: 0.0000
MMD_loss	: 1.9504
cond_ent_wt	: 4.7688
Src_reg_loss	: 0.0188
-------------------------------------
[Epoch : 458/500]
Total_loss	: 0.0860
Coral_loss	: 0.0000
MMD_loss	: 1.9500
cond_ent_wt	: 4.7685
Src_reg_loss	: 0.0188
-------------------------------------
[Epoch : 459/500]
Total_loss	: 0.0859
Coral_loss	: 0.0000
MMD_loss	: 1.9497
cond_ent_wt	: 4.7683
Src_reg_loss	: 0.0188
-------------------------------------
[Epoch : 460/500]
Total_loss	: 0.0859
Coral_loss	: 0.0000
MMD_loss	: 1.9493
cond_ent_wt	: 4.7680
Src_reg_loss	: 0.0187
-------------------------------------
[Epoch : 461/500]
Total_loss	: 0.0859
Coral_loss	: 0.0000
MMD_loss	: 1.9490
cond_ent_wt	: 4.7677
Src_reg_loss	: 0.0187
-------------------------------------
[Epoch : 462/500]
Total_loss	: 0.0859
Coral_loss	: 0.0000
MMD_loss	: 1.9486
cond_ent_wt	: 4.7674
Src_reg_loss	: 0.0187
-------------------------------------
[Epoch : 463/500]
Total_loss	: 0.0858
Coral_loss	: 0.0000
MMD_loss	: 1.9483
cond_ent_wt	: 4.7671
Src_reg_loss	: 0.0187
-------------------------------------
[Epoch : 464/500]
Total_loss	: 0.0858
Coral_loss	: 0.0000
MMD_loss	: 1.9479
cond_ent_wt	: 4.7668
Src_reg_loss	: 0.0187
-------------------------------------
[Epoch : 465/500]
Total_loss	: 0.0858
Coral_loss	: 0.0000
MMD_loss	: 1.9476
cond_ent_wt	: 4.7666
Src_reg_loss	: 0.0186
-------------------------------------
[Epoch : 466/500]
Total_loss	: 0.0858
Coral_loss	: 0.0000
MMD_loss	: 1.9473
cond_ent_wt	: 4.7663
Src_reg_loss	: 0.0186
-------------------------------------
[Epoch : 467/500]
Total_loss	: 0.0857
Coral_loss	: 0.0000
MMD_loss	: 1.9469
cond_ent_wt	: 4.7660
Src_reg_loss	: 0.0186
-------------------------------------
[Epoch : 468/500]
Total_loss	: 0.0857
Coral_loss	: 0.0000
MMD_loss	: 1.9466
cond_ent_wt	: 4.7657
Src_reg_loss	: 0.0186
-------------------------------------
[Epoch : 469/500]
Total_loss	: 0.0857
Coral_loss	: 0.0000
MMD_loss	: 1.9462
cond_ent_wt	: 4.7654
Src_reg_loss	: 0.0186
-------------------------------------
[Epoch : 470/500]
Total_loss	: 0.0857
Coral_loss	: 0.0000
MMD_loss	: 1.9459
cond_ent_wt	: 4.7652
Src_reg_loss	: 0.0185
-------------------------------------
[Epoch : 471/500]
Total_loss	: 0.0856
Coral_loss	: 0.0000
MMD_loss	: 1.9455
cond_ent_wt	: 4.7649
Src_reg_loss	: 0.0185
-------------------------------------
[Epoch : 472/500]
Total_loss	: 0.0856
Coral_loss	: 0.0000
MMD_loss	: 1.9452
cond_ent_wt	: 4.7646
Src_reg_loss	: 0.0185
-------------------------------------
[Epoch : 473/500]
Total_loss	: 0.0856
Coral_loss	: 0.0000
MMD_loss	: 1.9448
cond_ent_wt	: 4.7643
Src_reg_loss	: 0.0185
-------------------------------------
[Epoch : 474/500]
Total_loss	: 0.0856
Coral_loss	: 0.0000
MMD_loss	: 1.9445
cond_ent_wt	: 4.7641
Src_reg_loss	: 0.0185
-------------------------------------
[Epoch : 475/500]
Total_loss	: 0.0855
Coral_loss	: 0.0000
MMD_loss	: 1.9441
cond_ent_wt	: 4.7638
Src_reg_loss	: 0.0184
-------------------------------------
[Epoch : 476/500]
Total_loss	: 0.0855
Coral_loss	: 0.0000
MMD_loss	: 1.9438
cond_ent_wt	: 4.7635
Src_reg_loss	: 0.0184
-------------------------------------
[Epoch : 477/500]
Total_loss	: 0.0855
Coral_loss	: 0.0000
MMD_loss	: 1.9434
cond_ent_wt	: 4.7632
Src_reg_loss	: 0.0184
-------------------------------------
[Epoch : 478/500]
Total_loss	: 0.0855
Coral_loss	: 0.0000
MMD_loss	: 1.9431
cond_ent_wt	: 4.7629
Src_reg_loss	: 0.0184
-------------------------------------
[Epoch : 479/500]
Total_loss	: 0.0854
Coral_loss	: 0.0000
MMD_loss	: 1.9427
cond_ent_wt	: 4.7627
Src_reg_loss	: 0.0184
-------------------------------------
[Epoch : 480/500]
Total_loss	: 0.0854
Coral_loss	: 0.0000
MMD_loss	: 1.9424
cond_ent_wt	: 4.7624
Src_reg_loss	: 0.0184
-------------------------------------
[Epoch : 481/500]
Total_loss	: 0.0854
Coral_loss	: 0.0000
MMD_loss	: 1.9420
cond_ent_wt	: 4.7621
Src_reg_loss	: 0.0183
-------------------------------------
[Epoch : 482/500]
Total_loss	: 0.0854
Coral_loss	: 0.0000
MMD_loss	: 1.9417
cond_ent_wt	: 4.7618
Src_reg_loss	: 0.0183
-------------------------------------
[Epoch : 483/500]
Total_loss	: 0.0853
Coral_loss	: 0.0000
MMD_loss	: 1.9413
cond_ent_wt	: 4.7616
Src_reg_loss	: 0.0183
-------------------------------------
[Epoch : 484/500]
Total_loss	: 0.0853
Coral_loss	: 0.0000
MMD_loss	: 1.9410
cond_ent_wt	: 4.7613
Src_reg_loss	: 0.0183
-------------------------------------
[Epoch : 485/500]
Total_loss	: 0.0853
Coral_loss	: 0.0000
MMD_loss	: 1.9406
cond_ent_wt	: 4.7610
Src_reg_loss	: 0.0183
-------------------------------------
[Epoch : 486/500]
Total_loss	: 0.0853
Coral_loss	: 0.0000
MMD_loss	: 1.9402
cond_ent_wt	: 4.7607
Src_reg_loss	: 0.0182
-------------------------------------
[Epoch : 487/500]
Total_loss	: 0.0852
Coral_loss	: 0.0000
MMD_loss	: 1.9399
cond_ent_wt	: 4.7605
Src_reg_loss	: 0.0182
-------------------------------------
[Epoch : 488/500]
Total_loss	: 0.0852
Coral_loss	: 0.0000
MMD_loss	: 1.9395
cond_ent_wt	: 4.7602
Src_reg_loss	: 0.0182
-------------------------------------
[Epoch : 489/500]
Total_loss	: 0.0852
Coral_loss	: 0.0000
MMD_loss	: 1.9392
cond_ent_wt	: 4.7599
Src_reg_loss	: 0.0182
-------------------------------------
[Epoch : 490/500]
Total_loss	: 0.0852
Coral_loss	: 0.0000
MMD_loss	: 1.9388
cond_ent_wt	: 4.7597
Src_reg_loss	: 0.0182
-------------------------------------
[Epoch : 491/500]
Total_loss	: 0.0851
Coral_loss	: 0.0000
MMD_loss	: 1.9385
cond_ent_wt	: 4.7594
Src_reg_loss	: 0.0182
-------------------------------------
[Epoch : 492/500]
Total_loss	: 0.0851
Coral_loss	: 0.0000
MMD_loss	: 1.9381
cond_ent_wt	: 4.7591
Src_reg_loss	: 0.0181
-------------------------------------
[Epoch : 493/500]
Total_loss	: 0.0851
Coral_loss	: 0.0000
MMD_loss	: 1.9378
cond_ent_wt	: 4.7588
Src_reg_loss	: 0.0181
-------------------------------------
[Epoch : 494/500]
Total_loss	: 0.0851
Coral_loss	: 0.0000
MMD_loss	: 1.9374
cond_ent_wt	: 4.7586
Src_reg_loss	: 0.0181
-------------------------------------
[Epoch : 495/500]
Total_loss	: 0.0850
Coral_loss	: 0.0000
MMD_loss	: 1.9371
cond_ent_wt	: 4.7583
Src_reg_loss	: 0.0181
-------------------------------------
[Epoch : 496/500]
Total_loss	: 0.0850
Coral_loss	: 0.0000
MMD_loss	: 1.9367
cond_ent_wt	: 4.7580
Src_reg_loss	: 0.0181
-------------------------------------
[Epoch : 497/500]
Total_loss	: 0.0850
Coral_loss	: 0.0000
MMD_loss	: 1.9363
cond_ent_wt	: 4.7578
Src_reg_loss	: 0.0180
-------------------------------------
[Epoch : 498/500]
Total_loss	: 0.0850
Coral_loss	: 0.0000
MMD_loss	: 1.9360
cond_ent_wt	: 4.7575
Src_reg_loss	: 0.0180
-------------------------------------
[Epoch : 499/500]
Total_loss	: 0.0849
Coral_loss	: 0.0000
MMD_loss	: 1.9356
cond_ent_wt	: 4.7572
Src_reg_loss	: 0.0180
-------------------------------------
[Epoch : 500/500]
Total_loss	: 0.0849
Coral_loss	: 0.0000
MMD_loss	: 1.9353
cond_ent_wt	: 4.7569
Src_reg_loss	: 0.0180
-------------------------------------
