=============================================
Dataset: Airbox
Method:  MMDA
=============================================
Source: 0 ---> Target: 2
=============================================
[Epoch : 1/250]
Total_loss	: 0.9475
Coral_loss	: 0.0000
MMD_loss	: 1.9056
cond_ent_wt	: 4.8495
Src_reg_loss	: 0.2720
-------------------------------------
[Epoch : 2/250]
Total_loss	: 0.9275
Coral_loss	: 0.0000
MMD_loss	: 1.9110
cond_ent_wt	: 4.8493
Src_reg_loss	: 0.2515
-------------------------------------
[Epoch : 3/250]
Total_loss	: 0.9078
Coral_loss	: 0.0000
MMD_loss	: 1.9190
cond_ent_wt	: 4.8489
Src_reg_loss	: 0.2310
-------------------------------------
[Epoch : 4/250]
Total_loss	: 0.8874
Coral_loss	: 0.0000
MMD_loss	: 1.9294
cond_ent_wt	: 4.8483
Src_reg_loss	: 0.2096
-------------------------------------
[Epoch : 5/250]
Total_loss	: 0.8663
Coral_loss	: 0.0000
MMD_loss	: 1.9417
cond_ent_wt	: 4.8473
Src_reg_loss	: 0.1874
-------------------------------------
[Epoch : 6/250]
Total_loss	: 0.8457
Coral_loss	: 0.0000
MMD_loss	: 1.9539
cond_ent_wt	: 4.8459
Src_reg_loss	: 0.1657
-------------------------------------
[Epoch : 7/250]
Total_loss	: 0.8285
Coral_loss	: 0.0000
MMD_loss	: 1.9647
cond_ent_wt	: 4.8439
Src_reg_loss	: 0.1477
-------------------------------------
[Epoch : 8/250]
Total_loss	: 0.8161
Coral_loss	: 0.0000
MMD_loss	: 1.9731
cond_ent_wt	: 4.8418
Src_reg_loss	: 0.1346
-------------------------------------
[Epoch : 9/250]
Total_loss	: 0.8060
Coral_loss	: 0.0000
MMD_loss	: 1.9790
cond_ent_wt	: 4.8403
Src_reg_loss	: 0.1241
-------------------------------------
[Epoch : 10/250]
Total_loss	: 0.7977
Coral_loss	: 0.0000
MMD_loss	: 1.9825
cond_ent_wt	: 4.8394
Src_reg_loss	: 0.1155
-------------------------------------
[Epoch : 11/250]
Total_loss	: 0.7907
Coral_loss	: 0.0000
MMD_loss	: 1.9844
cond_ent_wt	: 4.8387
Src_reg_loss	: 0.1084
-------------------------------------
[Epoch : 12/250]
Total_loss	: 0.7848
Coral_loss	: 0.0000
MMD_loss	: 1.9851
cond_ent_wt	: 4.8381
Src_reg_loss	: 0.1025
-------------------------------------
[Epoch : 13/250]
Total_loss	: 0.7797
Coral_loss	: 0.0000
MMD_loss	: 1.9851
cond_ent_wt	: 4.8375
Src_reg_loss	: 0.0975
-------------------------------------
[Epoch : 14/250]
Total_loss	: 0.7753
Coral_loss	: 0.0000
MMD_loss	: 1.9844
cond_ent_wt	: 4.8369
Src_reg_loss	: 0.0931
-------------------------------------
[Epoch : 15/250]
Total_loss	: 0.7713
Coral_loss	: 0.0000
MMD_loss	: 1.9828
cond_ent_wt	: 4.8364
Src_reg_loss	: 0.0893
-------------------------------------
[Epoch : 16/250]
Total_loss	: 0.7677
Coral_loss	: 0.0000
MMD_loss	: 1.9806
cond_ent_wt	: 4.8360
Src_reg_loss	: 0.0860
-------------------------------------
[Epoch : 17/250]
Total_loss	: 0.7644
Coral_loss	: 0.0000
MMD_loss	: 1.9777
cond_ent_wt	: 4.8355
Src_reg_loss	: 0.0831
-------------------------------------
[Epoch : 18/250]
Total_loss	: 0.7614
Coral_loss	: 0.0000
MMD_loss	: 1.9744
cond_ent_wt	: 4.8352
Src_reg_loss	: 0.0804
-------------------------------------
[Epoch : 19/250]
Total_loss	: 0.7586
Coral_loss	: 0.0000
MMD_loss	: 1.9707
cond_ent_wt	: 4.8348
Src_reg_loss	: 0.0781
-------------------------------------
[Epoch : 20/250]
Total_loss	: 0.7560
Coral_loss	: 0.0000
MMD_loss	: 1.9668
cond_ent_wt	: 4.8345
Src_reg_loss	: 0.0759
-------------------------------------
[Epoch : 21/250]
Total_loss	: 0.7537
Coral_loss	: 0.0000
MMD_loss	: 1.9629
cond_ent_wt	: 4.8341
Src_reg_loss	: 0.0740
-------------------------------------
[Epoch : 22/250]
Total_loss	: 0.7515
Coral_loss	: 0.0000
MMD_loss	: 1.9594
cond_ent_wt	: 4.8338
Src_reg_loss	: 0.0722
-------------------------------------
[Epoch : 23/250]
Total_loss	: 0.7495
Coral_loss	: 0.0000
MMD_loss	: 1.9565
cond_ent_wt	: 4.8335
Src_reg_loss	: 0.0705
-------------------------------------
[Epoch : 24/250]
Total_loss	: 0.7478
Coral_loss	: 0.0000
MMD_loss	: 1.9545
cond_ent_wt	: 4.8332
Src_reg_loss	: 0.0690
-------------------------------------
[Epoch : 25/250]
Total_loss	: 0.7463
Coral_loss	: 0.0000
MMD_loss	: 1.9537
cond_ent_wt	: 4.8329
Src_reg_loss	: 0.0676
-------------------------------------
[Epoch : 26/250]
Total_loss	: 0.7450
Coral_loss	: 0.0000
MMD_loss	: 1.9543
cond_ent_wt	: 4.8326
Src_reg_loss	: 0.0663
-------------------------------------
[Epoch : 27/250]
Total_loss	: 0.7439
Coral_loss	: 0.0000
MMD_loss	: 1.9561
cond_ent_wt	: 4.8323
Src_reg_loss	: 0.0651
-------------------------------------
[Epoch : 28/250]
Total_loss	: 0.7431
Coral_loss	: 0.0000
MMD_loss	: 1.9592
cond_ent_wt	: 4.8320
Src_reg_loss	: 0.0639
-------------------------------------
[Epoch : 29/250]
Total_loss	: 0.7424
Coral_loss	: 0.0000
MMD_loss	: 1.9632
cond_ent_wt	: 4.8317
Src_reg_loss	: 0.0629
-------------------------------------
[Epoch : 30/250]
Total_loss	: 0.7418
Coral_loss	: 0.0000
MMD_loss	: 1.9678
cond_ent_wt	: 4.8315
Src_reg_loss	: 0.0619
-------------------------------------
[Epoch : 31/250]
Total_loss	: 0.7413
Coral_loss	: 0.0000
MMD_loss	: 1.9727
cond_ent_wt	: 4.8312
Src_reg_loss	: 0.0609
-------------------------------------
[Epoch : 32/250]
Total_loss	: 0.7409
Coral_loss	: 0.0000
MMD_loss	: 1.9777
cond_ent_wt	: 4.8309
Src_reg_loss	: 0.0600
-------------------------------------
[Epoch : 33/250]
Total_loss	: 0.7405
Coral_loss	: 0.0000
MMD_loss	: 1.9826
cond_ent_wt	: 4.8306
Src_reg_loss	: 0.0591
-------------------------------------
[Epoch : 34/250]
Total_loss	: 0.7401
Coral_loss	: 0.0000
MMD_loss	: 1.9872
cond_ent_wt	: 4.8303
Src_reg_loss	: 0.0583
-------------------------------------
[Epoch : 35/250]
Total_loss	: 0.7397
Coral_loss	: 0.0000
MMD_loss	: 1.9914
cond_ent_wt	: 4.8300
Src_reg_loss	: 0.0576
-------------------------------------
[Epoch : 36/250]
Total_loss	: 0.7393
Coral_loss	: 0.0000
MMD_loss	: 1.9953
cond_ent_wt	: 4.8296
Src_reg_loss	: 0.0568
-------------------------------------
[Epoch : 37/250]
Total_loss	: 0.7389
Coral_loss	: 0.0000
MMD_loss	: 1.9987
cond_ent_wt	: 4.8293
Src_reg_loss	: 0.0561
-------------------------------------
[Epoch : 38/250]
Total_loss	: 0.7385
Coral_loss	: 0.0000
MMD_loss	: 2.0018
cond_ent_wt	: 4.8290
Src_reg_loss	: 0.0554
-------------------------------------
[Epoch : 39/250]
Total_loss	: 0.7381
Coral_loss	: 0.0000
MMD_loss	: 2.0046
cond_ent_wt	: 4.8286
Src_reg_loss	: 0.0548
-------------------------------------
[Epoch : 40/250]
Total_loss	: 0.7377
Coral_loss	: 0.0000
MMD_loss	: 2.0070
cond_ent_wt	: 4.8282
Src_reg_loss	: 0.0542
-------------------------------------
[Epoch : 41/250]
Total_loss	: 0.7373
Coral_loss	: 0.0000
MMD_loss	: 2.0092
cond_ent_wt	: 4.8278
Src_reg_loss	: 0.0536
-------------------------------------
[Epoch : 42/250]
Total_loss	: 0.7369
Coral_loss	: 0.0000
MMD_loss	: 2.0112
cond_ent_wt	: 4.8274
Src_reg_loss	: 0.0530
-------------------------------------
[Epoch : 43/250]
Total_loss	: 0.7365
Coral_loss	: 0.0000
MMD_loss	: 2.0131
cond_ent_wt	: 4.8270
Src_reg_loss	: 0.0525
-------------------------------------
[Epoch : 44/250]
Total_loss	: 0.7361
Coral_loss	: 0.0000
MMD_loss	: 2.0148
cond_ent_wt	: 4.8265
Src_reg_loss	: 0.0519
-------------------------------------
[Epoch : 45/250]
Total_loss	: 0.7357
Coral_loss	: 0.0000
MMD_loss	: 2.0164
cond_ent_wt	: 4.8260
Src_reg_loss	: 0.0514
-------------------------------------
[Epoch : 46/250]
Total_loss	: 0.7353
Coral_loss	: 0.0000
MMD_loss	: 2.0179
cond_ent_wt	: 4.8255
Src_reg_loss	: 0.0509
-------------------------------------
[Epoch : 47/250]
Total_loss	: 0.7349
Coral_loss	: 0.0000
MMD_loss	: 2.0193
cond_ent_wt	: 4.8249
Src_reg_loss	: 0.0505
-------------------------------------
[Epoch : 48/250]
Total_loss	: 0.7345
Coral_loss	: 0.0000
MMD_loss	: 2.0207
cond_ent_wt	: 4.8242
Src_reg_loss	: 0.0500
-------------------------------------
[Epoch : 49/250]
Total_loss	: 0.7341
Coral_loss	: 0.0000
MMD_loss	: 2.0220
cond_ent_wt	: 4.8235
Src_reg_loss	: 0.0496
-------------------------------------
[Epoch : 50/250]
Total_loss	: 0.7338
Coral_loss	: 0.0000
MMD_loss	: 2.0232
cond_ent_wt	: 4.8227
Src_reg_loss	: 0.0492
-------------------------------------
[Epoch : 51/250]
Total_loss	: 0.7334
Coral_loss	: 0.0000
MMD_loss	: 2.0244
cond_ent_wt	: 4.8218
Src_reg_loss	: 0.0488
-------------------------------------
[Epoch : 52/250]
Total_loss	: 0.7330
Coral_loss	: 0.0000
MMD_loss	: 2.0256
cond_ent_wt	: 4.8208
Src_reg_loss	: 0.0484
-------------------------------------
[Epoch : 53/250]
Total_loss	: 0.7327
Coral_loss	: 0.0000
MMD_loss	: 2.0267
cond_ent_wt	: 4.8197
Src_reg_loss	: 0.0480
-------------------------------------
[Epoch : 54/250]
Total_loss	: 0.7323
Coral_loss	: 0.0000
MMD_loss	: 2.0277
cond_ent_wt	: 4.8185
Src_reg_loss	: 0.0477
-------------------------------------
[Epoch : 55/250]
Total_loss	: 0.7319
Coral_loss	: 0.0000
MMD_loss	: 2.0287
cond_ent_wt	: 4.8172
Src_reg_loss	: 0.0473
-------------------------------------
[Epoch : 56/250]
Total_loss	: 0.7315
Coral_loss	: 0.0000
MMD_loss	: 2.0296
cond_ent_wt	: 4.8157
Src_reg_loss	: 0.0470
-------------------------------------
[Epoch : 57/250]
Total_loss	: 0.7311
Coral_loss	: 0.0000
MMD_loss	: 2.0305
cond_ent_wt	: 4.8140
Src_reg_loss	: 0.0467
-------------------------------------
[Epoch : 58/250]
Total_loss	: 0.7307
Coral_loss	: 0.0000
MMD_loss	: 2.0313
cond_ent_wt	: 4.8123
Src_reg_loss	: 0.0463
-------------------------------------
[Epoch : 59/250]
Total_loss	: 0.7303
Coral_loss	: 0.0000
MMD_loss	: 2.0321
cond_ent_wt	: 4.8103
Src_reg_loss	: 0.0460
-------------------------------------
[Epoch : 60/250]
Total_loss	: 0.7298
Coral_loss	: 0.0000
MMD_loss	: 2.0329
cond_ent_wt	: 4.8082
Src_reg_loss	: 0.0457
-------------------------------------
[Epoch : 61/250]
Total_loss	: 0.7294
Coral_loss	: 0.0000
MMD_loss	: 2.0336
cond_ent_wt	: 4.8060
Src_reg_loss	: 0.0455
-------------------------------------
[Epoch : 62/250]
Total_loss	: 0.7290
Coral_loss	: 0.0000
MMD_loss	: 2.0343
cond_ent_wt	: 4.8036
Src_reg_loss	: 0.0452
-------------------------------------
[Epoch : 63/250]
Total_loss	: 0.7285
Coral_loss	: 0.0000
MMD_loss	: 2.0351
cond_ent_wt	: 4.8012
Src_reg_loss	: 0.0449
-------------------------------------
[Epoch : 64/250]
Total_loss	: 0.7281
Coral_loss	: 0.0000
MMD_loss	: 2.0358
cond_ent_wt	: 4.7986
Src_reg_loss	: 0.0446
-------------------------------------
[Epoch : 65/250]
Total_loss	: 0.7277
Coral_loss	: 0.0000
MMD_loss	: 2.0366
cond_ent_wt	: 4.7960
Src_reg_loss	: 0.0444
-------------------------------------
[Epoch : 66/250]
Total_loss	: 0.7272
Coral_loss	: 0.0000
MMD_loss	: 2.0375
cond_ent_wt	: 4.7933
Src_reg_loss	: 0.0441
-------------------------------------
[Epoch : 67/250]
Total_loss	: 0.7268
Coral_loss	: 0.0000
MMD_loss	: 2.0384
cond_ent_wt	: 4.7906
Src_reg_loss	: 0.0439
-------------------------------------
[Epoch : 68/250]
Total_loss	: 0.7264
Coral_loss	: 0.0000
MMD_loss	: 2.0392
cond_ent_wt	: 4.7878
Src_reg_loss	: 0.0437
-------------------------------------
[Epoch : 69/250]
Total_loss	: 0.7260
Coral_loss	: 0.0000
MMD_loss	: 2.0402
cond_ent_wt	: 4.7850
Src_reg_loss	: 0.0435
-------------------------------------
[Epoch : 70/250]
Total_loss	: 0.7255
Coral_loss	: 0.0000
MMD_loss	: 2.0410
cond_ent_wt	: 4.7821
Src_reg_loss	: 0.0432
-------------------------------------
[Epoch : 71/250]
Total_loss	: 0.7251
Coral_loss	: 0.0000
MMD_loss	: 2.0419
cond_ent_wt	: 4.7792
Src_reg_loss	: 0.0430
-------------------------------------
[Epoch : 72/250]
Total_loss	: 0.7247
Coral_loss	: 0.0000
MMD_loss	: 2.0427
cond_ent_wt	: 4.7764
Src_reg_loss	: 0.0428
-------------------------------------
[Epoch : 73/250]
Total_loss	: 0.7243
Coral_loss	: 0.0000
MMD_loss	: 2.0435
cond_ent_wt	: 4.7735
Src_reg_loss	: 0.0426
-------------------------------------
[Epoch : 74/250]
Total_loss	: 0.7239
Coral_loss	: 0.0000
MMD_loss	: 2.0442
cond_ent_wt	: 4.7706
Src_reg_loss	: 0.0424
-------------------------------------
[Epoch : 75/250]
Total_loss	: 0.7235
Coral_loss	: 0.0000
MMD_loss	: 2.0448
cond_ent_wt	: 4.7677
Src_reg_loss	: 0.0422
-------------------------------------
[Epoch : 76/250]
Total_loss	: 0.7230
Coral_loss	: 0.0000
MMD_loss	: 2.0453
cond_ent_wt	: 4.7649
Src_reg_loss	: 0.0420
-------------------------------------
[Epoch : 77/250]
Total_loss	: 0.7226
Coral_loss	: 0.0000
MMD_loss	: 2.0457
cond_ent_wt	: 4.7620
Src_reg_loss	: 0.0418
-------------------------------------
[Epoch : 78/250]
Total_loss	: 0.7222
Coral_loss	: 0.0000
MMD_loss	: 2.0460
cond_ent_wt	: 4.7592
Src_reg_loss	: 0.0417
-------------------------------------
[Epoch : 79/250]
Total_loss	: 0.7218
Coral_loss	: 0.0000
MMD_loss	: 2.0463
cond_ent_wt	: 4.7564
Src_reg_loss	: 0.0415
-------------------------------------
[Epoch : 80/250]
Total_loss	: 0.7213
Coral_loss	: 0.0000
MMD_loss	: 2.0464
cond_ent_wt	: 4.7536
Src_reg_loss	: 0.0413
-------------------------------------
[Epoch : 81/250]
Total_loss	: 0.7209
Coral_loss	: 0.0000
MMD_loss	: 2.0465
cond_ent_wt	: 4.7509
Src_reg_loss	: 0.0411
-------------------------------------
[Epoch : 82/250]
Total_loss	: 0.7204
Coral_loss	: 0.0000
MMD_loss	: 2.0464
cond_ent_wt	: 4.7482
Src_reg_loss	: 0.0410
-------------------------------------
[Epoch : 83/250]
Total_loss	: 0.7200
Coral_loss	: 0.0000
MMD_loss	: 2.0463
cond_ent_wt	: 4.7455
Src_reg_loss	: 0.0408
-------------------------------------
[Epoch : 84/250]
Total_loss	: 0.7195
Coral_loss	: 0.0000
MMD_loss	: 2.0460
cond_ent_wt	: 4.7429
Src_reg_loss	: 0.0407
-------------------------------------
[Epoch : 85/250]
Total_loss	: 0.7191
Coral_loss	: 0.0000
MMD_loss	: 2.0457
cond_ent_wt	: 4.7402
Src_reg_loss	: 0.0405
-------------------------------------
[Epoch : 86/250]
Total_loss	: 0.7186
Coral_loss	: 0.0000
MMD_loss	: 2.0453
cond_ent_wt	: 4.7377
Src_reg_loss	: 0.0403
-------------------------------------
[Epoch : 87/250]
Total_loss	: 0.7182
Coral_loss	: 0.0000
MMD_loss	: 2.0449
cond_ent_wt	: 4.7351
Src_reg_loss	: 0.0402
-------------------------------------
[Epoch : 88/250]
Total_loss	: 0.7177
Coral_loss	: 0.0000
MMD_loss	: 2.0443
cond_ent_wt	: 4.7326
Src_reg_loss	: 0.0400
-------------------------------------
[Epoch : 89/250]
Total_loss	: 0.7173
Coral_loss	: 0.0000
MMD_loss	: 2.0437
cond_ent_wt	: 4.7301
Src_reg_loss	: 0.0399
-------------------------------------
[Epoch : 90/250]
Total_loss	: 0.7168
Coral_loss	: 0.0000
MMD_loss	: 2.0430
cond_ent_wt	: 4.7276
Src_reg_loss	: 0.0398
-------------------------------------
[Epoch : 91/250]
Total_loss	: 0.7164
Coral_loss	: 0.0000
MMD_loss	: 2.0423
cond_ent_wt	: 4.7252
Src_reg_loss	: 0.0396
-------------------------------------
[Epoch : 92/250]
Total_loss	: 0.7159
Coral_loss	: 0.0000
MMD_loss	: 2.0415
cond_ent_wt	: 4.7228
Src_reg_loss	: 0.0395
-------------------------------------
[Epoch : 93/250]
Total_loss	: 0.7154
Coral_loss	: 0.0000
MMD_loss	: 2.0406
cond_ent_wt	: 4.7205
Src_reg_loss	: 0.0393
-------------------------------------
[Epoch : 94/250]
Total_loss	: 0.7150
Coral_loss	: 0.0000
MMD_loss	: 2.0397
cond_ent_wt	: 4.7181
Src_reg_loss	: 0.0392
-------------------------------------
[Epoch : 95/250]
Total_loss	: 0.7145
Coral_loss	: 0.0000
MMD_loss	: 2.0387
cond_ent_wt	: 4.7158
Src_reg_loss	: 0.0391
-------------------------------------
[Epoch : 96/250]
Total_loss	: 0.7141
Coral_loss	: 0.0000
MMD_loss	: 2.0377
cond_ent_wt	: 4.7136
Src_reg_loss	: 0.0389
-------------------------------------
[Epoch : 97/250]
Total_loss	: 0.7136
Coral_loss	: 0.0000
MMD_loss	: 2.0367
cond_ent_wt	: 4.7113
Src_reg_loss	: 0.0388
-------------------------------------
[Epoch : 98/250]
Total_loss	: 0.7131
Coral_loss	: 0.0000
MMD_loss	: 2.0356
cond_ent_wt	: 4.7092
Src_reg_loss	: 0.0387
-------------------------------------
[Epoch : 99/250]
Total_loss	: 0.7127
Coral_loss	: 0.0000
MMD_loss	: 2.0345
cond_ent_wt	: 4.7070
Src_reg_loss	: 0.0385
-------------------------------------
[Epoch : 100/250]
Total_loss	: 0.7122
Coral_loss	: 0.0000
MMD_loss	: 2.0333
cond_ent_wt	: 4.7049
Src_reg_loss	: 0.0384
-------------------------------------
[Epoch : 101/250]
Total_loss	: 0.7118
Coral_loss	: 0.0000
MMD_loss	: 2.0321
cond_ent_wt	: 4.7028
Src_reg_loss	: 0.0383
-------------------------------------
[Epoch : 102/250]
Total_loss	: 0.7113
Coral_loss	: 0.0000
MMD_loss	: 2.0309
cond_ent_wt	: 4.7007
Src_reg_loss	: 0.0382
-------------------------------------
[Epoch : 103/250]
Total_loss	: 0.7109
Coral_loss	: 0.0000
MMD_loss	: 2.0297
cond_ent_wt	: 4.6986
Src_reg_loss	: 0.0380
-------------------------------------
[Epoch : 104/250]
Total_loss	: 0.7104
Coral_loss	: 0.0000
MMD_loss	: 2.0284
cond_ent_wt	: 4.6966
Src_reg_loss	: 0.0379
-------------------------------------
[Epoch : 105/250]
Total_loss	: 0.7100
Coral_loss	: 0.0000
MMD_loss	: 2.0271
cond_ent_wt	: 4.6946
Src_reg_loss	: 0.0378
-------------------------------------
[Epoch : 106/250]
Total_loss	: 0.7095
Coral_loss	: 0.0000
MMD_loss	: 2.0258
cond_ent_wt	: 4.6927
Src_reg_loss	: 0.0377
-------------------------------------
[Epoch : 107/250]
Total_loss	: 0.7091
Coral_loss	: 0.0000
MMD_loss	: 2.0245
cond_ent_wt	: 4.6907
Src_reg_loss	: 0.0376
-------------------------------------
[Epoch : 108/250]
Total_loss	: 0.7087
Coral_loss	: 0.0000
MMD_loss	: 2.0232
cond_ent_wt	: 4.6888
Src_reg_loss	: 0.0375
-------------------------------------
[Epoch : 109/250]
Total_loss	: 0.7082
Coral_loss	: 0.0000
MMD_loss	: 2.0218
cond_ent_wt	: 4.6870
Src_reg_loss	: 0.0373
-------------------------------------
[Epoch : 110/250]
Total_loss	: 0.7078
Coral_loss	: 0.0000
MMD_loss	: 2.0204
cond_ent_wt	: 4.6851
Src_reg_loss	: 0.0372
-------------------------------------
[Epoch : 111/250]
Total_loss	: 0.7073
Coral_loss	: 0.0000
MMD_loss	: 2.0190
cond_ent_wt	: 4.6833
Src_reg_loss	: 0.0371
-------------------------------------
[Epoch : 112/250]
Total_loss	: 0.7069
Coral_loss	: 0.0000
MMD_loss	: 2.0175
cond_ent_wt	: 4.6815
Src_reg_loss	: 0.0370
-------------------------------------
[Epoch : 113/250]
Total_loss	: 0.7065
Coral_loss	: 0.0000
MMD_loss	: 2.0160
cond_ent_wt	: 4.6797
Src_reg_loss	: 0.0369
-------------------------------------
[Epoch : 114/250]
Total_loss	: 0.7060
Coral_loss	: 0.0000
MMD_loss	: 2.0145
cond_ent_wt	: 4.6779
Src_reg_loss	: 0.0368
-------------------------------------
[Epoch : 115/250]
Total_loss	: 0.7056
Coral_loss	: 0.0000
MMD_loss	: 2.0130
cond_ent_wt	: 4.6762
Src_reg_loss	: 0.0367
-------------------------------------
[Epoch : 116/250]
Total_loss	: 0.7052
Coral_loss	: 0.0000
MMD_loss	: 2.0114
cond_ent_wt	: 4.6745
Src_reg_loss	: 0.0366
-------------------------------------
[Epoch : 117/250]
Total_loss	: 0.7047
Coral_loss	: 0.0000
MMD_loss	: 2.0098
cond_ent_wt	: 4.6728
Src_reg_loss	: 0.0365
-------------------------------------
[Epoch : 118/250]
Total_loss	: 0.7043
Coral_loss	: 0.0000
MMD_loss	: 2.0081
cond_ent_wt	: 4.6712
Src_reg_loss	: 0.0364
-------------------------------------
[Epoch : 119/250]
Total_loss	: 0.7038
Coral_loss	: 0.0000
MMD_loss	: 2.0064
cond_ent_wt	: 4.6695
Src_reg_loss	: 0.0362
-------------------------------------
[Epoch : 120/250]
Total_loss	: 0.7034
Coral_loss	: 0.0000
MMD_loss	: 2.0047
cond_ent_wt	: 4.6679
Src_reg_loss	: 0.0361
-------------------------------------
[Epoch : 121/250]
Total_loss	: 0.7030
Coral_loss	: 0.0000
MMD_loss	: 2.0029
cond_ent_wt	: 4.6663
Src_reg_loss	: 0.0360
-------------------------------------
[Epoch : 122/250]
Total_loss	: 0.7025
Coral_loss	: 0.0000
MMD_loss	: 2.0011
cond_ent_wt	: 4.6648
Src_reg_loss	: 0.0359
-------------------------------------
[Epoch : 123/250]
Total_loss	: 0.7021
Coral_loss	: 0.0000
MMD_loss	: 1.9992
cond_ent_wt	: 4.6632
Src_reg_loss	: 0.0358
-------------------------------------
[Epoch : 124/250]
Total_loss	: 0.7016
Coral_loss	: 0.0000
MMD_loss	: 1.9973
cond_ent_wt	: 4.6617
Src_reg_loss	: 0.0357
-------------------------------------
[Epoch : 125/250]
Total_loss	: 0.7012
Coral_loss	: 0.0000
MMD_loss	: 1.9953
cond_ent_wt	: 4.6602
Src_reg_loss	: 0.0356
-------------------------------------
[Epoch : 126/250]
Total_loss	: 0.7007
Coral_loss	: 0.0000
MMD_loss	: 1.9933
cond_ent_wt	: 4.6587
Src_reg_loss	: 0.0355
-------------------------------------
[Epoch : 127/250]
Total_loss	: 0.7003
Coral_loss	: 0.0000
MMD_loss	: 1.9913
cond_ent_wt	: 4.6573
Src_reg_loss	: 0.0354
-------------------------------------
[Epoch : 128/250]
Total_loss	: 0.6998
Coral_loss	: 0.0000
MMD_loss	: 1.9892
cond_ent_wt	: 4.6558
Src_reg_loss	: 0.0353
-------------------------------------
[Epoch : 129/250]
Total_loss	: 0.6994
Coral_loss	: 0.0000
MMD_loss	: 1.9871
cond_ent_wt	: 4.6544
Src_reg_loss	: 0.0352
-------------------------------------
[Epoch : 130/250]
Total_loss	: 0.6989
Coral_loss	: 0.0000
MMD_loss	: 1.9849
cond_ent_wt	: 4.6530
Src_reg_loss	: 0.0351
-------------------------------------
[Epoch : 131/250]
Total_loss	: 0.6985
Coral_loss	: 0.0000
MMD_loss	: 1.9827
cond_ent_wt	: 4.6516
Src_reg_loss	: 0.0351
-------------------------------------
[Epoch : 132/250]
Total_loss	: 0.6980
Coral_loss	: 0.0000
MMD_loss	: 1.9804
cond_ent_wt	: 4.6503
Src_reg_loss	: 0.0350
-------------------------------------
[Epoch : 133/250]
Total_loss	: 0.6976
Coral_loss	: 0.0000
MMD_loss	: 1.9781
cond_ent_wt	: 4.6489
Src_reg_loss	: 0.0349
-------------------------------------
[Epoch : 134/250]
Total_loss	: 0.6971
Coral_loss	: 0.0000
MMD_loss	: 1.9757
cond_ent_wt	: 4.6476
Src_reg_loss	: 0.0348
-------------------------------------
[Epoch : 135/250]
Total_loss	: 0.6966
Coral_loss	: 0.0000
MMD_loss	: 1.9733
cond_ent_wt	: 4.6463
Src_reg_loss	: 0.0347
-------------------------------------
[Epoch : 136/250]
Total_loss	: 0.6962
Coral_loss	: 0.0000
MMD_loss	: 1.9709
cond_ent_wt	: 4.6450
Src_reg_loss	: 0.0346
-------------------------------------
[Epoch : 137/250]
Total_loss	: 0.6957
Coral_loss	: 0.0000
MMD_loss	: 1.9684
cond_ent_wt	: 4.6437
Src_reg_loss	: 0.0345
-------------------------------------
[Epoch : 138/250]
Total_loss	: 0.6952
Coral_loss	: 0.0000
MMD_loss	: 1.9659
cond_ent_wt	: 4.6424
Src_reg_loss	: 0.0344
-------------------------------------
[Epoch : 139/250]
Total_loss	: 0.6948
Coral_loss	: 0.0000
MMD_loss	: 1.9633
cond_ent_wt	: 4.6412
Src_reg_loss	: 0.0343
-------------------------------------
[Epoch : 140/250]
Total_loss	: 0.6943
Coral_loss	: 0.0000
MMD_loss	: 1.9607
cond_ent_wt	: 4.6400
Src_reg_loss	: 0.0342
-------------------------------------
[Epoch : 141/250]
Total_loss	: 0.6938
Coral_loss	: 0.0000
MMD_loss	: 1.9581
cond_ent_wt	: 4.6388
Src_reg_loss	: 0.0341
-------------------------------------
[Epoch : 142/250]
Total_loss	: 0.6933
Coral_loss	: 0.0000
MMD_loss	: 1.9554
cond_ent_wt	: 4.6376
Src_reg_loss	: 0.0340
-------------------------------------
[Epoch : 143/250]
Total_loss	: 0.6929
Coral_loss	: 0.0000
MMD_loss	: 1.9527
cond_ent_wt	: 4.6364
Src_reg_loss	: 0.0340
-------------------------------------
[Epoch : 144/250]
Total_loss	: 0.6924
Coral_loss	: 0.0000
MMD_loss	: 1.9499
cond_ent_wt	: 4.6352
Src_reg_loss	: 0.0339
-------------------------------------
[Epoch : 145/250]
Total_loss	: 0.6919
Coral_loss	: 0.0000
MMD_loss	: 1.9471
cond_ent_wt	: 4.6341
Src_reg_loss	: 0.0338
-------------------------------------
[Epoch : 146/250]
Total_loss	: 0.6914
Coral_loss	: 0.0000
MMD_loss	: 1.9443
cond_ent_wt	: 4.6329
Src_reg_loss	: 0.0337
-------------------------------------
[Epoch : 147/250]
Total_loss	: 0.6909
Coral_loss	: 0.0000
MMD_loss	: 1.9414
cond_ent_wt	: 4.6318
Src_reg_loss	: 0.0336
-------------------------------------
[Epoch : 148/250]
Total_loss	: 0.6904
Coral_loss	: 0.0000
MMD_loss	: 1.9385
cond_ent_wt	: 4.6307
Src_reg_loss	: 0.0335
-------------------------------------
[Epoch : 149/250]
Total_loss	: 0.6900
Coral_loss	: 0.0000
MMD_loss	: 1.9356
cond_ent_wt	: 4.6296
Src_reg_loss	: 0.0334
-------------------------------------
[Epoch : 150/250]
Total_loss	: 0.6895
Coral_loss	: 0.0000
MMD_loss	: 1.9326
cond_ent_wt	: 4.6285
Src_reg_loss	: 0.0334
-------------------------------------
[Epoch : 151/250]
Total_loss	: 0.6890
Coral_loss	: 0.0000
MMD_loss	: 1.9296
cond_ent_wt	: 4.6275
Src_reg_loss	: 0.0333
-------------------------------------
[Epoch : 152/250]
Total_loss	: 0.6885
Coral_loss	: 0.0000
MMD_loss	: 1.9266
cond_ent_wt	: 4.6264
Src_reg_loss	: 0.0332
-------------------------------------
[Epoch : 153/250]
Total_loss	: 0.6880
Coral_loss	: 0.0000
MMD_loss	: 1.9236
cond_ent_wt	: 4.6254
Src_reg_loss	: 0.0331
-------------------------------------
[Epoch : 154/250]
Total_loss	: 0.6875
Coral_loss	: 0.0000
MMD_loss	: 1.9205
cond_ent_wt	: 4.6243
Src_reg_loss	: 0.0330
-------------------------------------
[Epoch : 155/250]
Total_loss	: 0.6870
Coral_loss	: 0.0000
MMD_loss	: 1.9174
cond_ent_wt	: 4.6233
Src_reg_loss	: 0.0329
-------------------------------------
[Epoch : 156/250]
Total_loss	: 0.6865
Coral_loss	: 0.0000
MMD_loss	: 1.9143
cond_ent_wt	: 4.6223
Src_reg_loss	: 0.0329
-------------------------------------
[Epoch : 157/250]
Total_loss	: 0.6860
Coral_loss	: 0.0000
MMD_loss	: 1.9112
cond_ent_wt	: 4.6213
Src_reg_loss	: 0.0328
-------------------------------------
[Epoch : 158/250]
Total_loss	: 0.6855
Coral_loss	: 0.0000
MMD_loss	: 1.9081
cond_ent_wt	: 4.6203
Src_reg_loss	: 0.0327
-------------------------------------
[Epoch : 159/250]
Total_loss	: 0.6851
Coral_loss	: 0.0000
MMD_loss	: 1.9049
cond_ent_wt	: 4.6194
Src_reg_loss	: 0.0326
-------------------------------------
[Epoch : 160/250]
Total_loss	: 0.6846
Coral_loss	: 0.0000
MMD_loss	: 1.9017
cond_ent_wt	: 4.6184
Src_reg_loss	: 0.0325
-------------------------------------
[Epoch : 161/250]
Total_loss	: 0.6841
Coral_loss	: 0.0000
MMD_loss	: 1.8986
cond_ent_wt	: 4.6175
Src_reg_loss	: 0.0325
-------------------------------------
[Epoch : 162/250]
Total_loss	: 0.6836
Coral_loss	: 0.0000
MMD_loss	: 1.8954
cond_ent_wt	: 4.6165
Src_reg_loss	: 0.0324
-------------------------------------
[Epoch : 163/250]
Total_loss	: 0.6831
Coral_loss	: 0.0000
MMD_loss	: 1.8922
cond_ent_wt	: 4.6156
Src_reg_loss	: 0.0323
-------------------------------------
[Epoch : 164/250]
Total_loss	: 0.6826
Coral_loss	: 0.0000
MMD_loss	: 1.8890
cond_ent_wt	: 4.6147
Src_reg_loss	: 0.0322
-------------------------------------
[Epoch : 165/250]
Total_loss	: 0.6821
Coral_loss	: 0.0000
MMD_loss	: 1.8857
cond_ent_wt	: 4.6138
Src_reg_loss	: 0.0322
-------------------------------------
[Epoch : 166/250]
Total_loss	: 0.6816
Coral_loss	: 0.0000
MMD_loss	: 1.8825
cond_ent_wt	: 4.6129
Src_reg_loss	: 0.0321
-------------------------------------
[Epoch : 167/250]
Total_loss	: 0.6811
Coral_loss	: 0.0000
MMD_loss	: 1.8793
cond_ent_wt	: 4.6120
Src_reg_loss	: 0.0320
-------------------------------------
[Epoch : 168/250]
Total_loss	: 0.6807
Coral_loss	: 0.0000
MMD_loss	: 1.8760
cond_ent_wt	: 4.6111
Src_reg_loss	: 0.0319
-------------------------------------
[Epoch : 169/250]
Total_loss	: 0.6802
Coral_loss	: 0.0000
MMD_loss	: 1.8728
cond_ent_wt	: 4.6102
Src_reg_loss	: 0.0319
-------------------------------------
[Epoch : 170/250]
Total_loss	: 0.6797
Coral_loss	: 0.0000
MMD_loss	: 1.8696
cond_ent_wt	: 4.6094
Src_reg_loss	: 0.0318
-------------------------------------
[Epoch : 171/250]
Total_loss	: 0.6792
Coral_loss	: 0.0000
MMD_loss	: 1.8664
cond_ent_wt	: 4.6085
Src_reg_loss	: 0.0317
-------------------------------------
[Epoch : 172/250]
Total_loss	: 0.6787
Coral_loss	: 0.0000
MMD_loss	: 1.8631
cond_ent_wt	: 4.6077
Src_reg_loss	: 0.0316
-------------------------------------
[Epoch : 173/250]
Total_loss	: 0.6783
Coral_loss	: 0.0000
MMD_loss	: 1.8599
cond_ent_wt	: 4.6068
Src_reg_loss	: 0.0316
-------------------------------------
[Epoch : 174/250]
Total_loss	: 0.6778
Coral_loss	: 0.0000
MMD_loss	: 1.8567
cond_ent_wt	: 4.6060
Src_reg_loss	: 0.0315
-------------------------------------
[Epoch : 175/250]
Total_loss	: 0.6773
Coral_loss	: 0.0000
MMD_loss	: 1.8535
cond_ent_wt	: 4.6052
Src_reg_loss	: 0.0314
-------------------------------------
[Epoch : 176/250]
Total_loss	: 0.6768
Coral_loss	: 0.0000
MMD_loss	: 1.8503
cond_ent_wt	: 4.6044
Src_reg_loss	: 0.0314
-------------------------------------
[Epoch : 177/250]
Total_loss	: 0.6764
Coral_loss	: 0.0000
MMD_loss	: 1.8471
cond_ent_wt	: 4.6036
Src_reg_loss	: 0.0313
-------------------------------------
[Epoch : 178/250]
Total_loss	: 0.6759
Coral_loss	: 0.0000
MMD_loss	: 1.8439
cond_ent_wt	: 4.6028
Src_reg_loss	: 0.0312
-------------------------------------
[Epoch : 179/250]
Total_loss	: 0.6754
Coral_loss	: 0.0000
MMD_loss	: 1.8408
cond_ent_wt	: 4.6020
Src_reg_loss	: 0.0312
-------------------------------------
[Epoch : 180/250]
Total_loss	: 0.6750
Coral_loss	: 0.0000
MMD_loss	: 1.8376
cond_ent_wt	: 4.6012
Src_reg_loss	: 0.0311
-------------------------------------
[Epoch : 181/250]
Total_loss	: 0.6745
Coral_loss	: 0.0000
MMD_loss	: 1.8345
cond_ent_wt	: 4.6004
Src_reg_loss	: 0.0310
-------------------------------------
[Epoch : 182/250]
Total_loss	: 0.6741
Coral_loss	: 0.0000
MMD_loss	: 1.8314
cond_ent_wt	: 4.5997
Src_reg_loss	: 0.0310
-------------------------------------
[Epoch : 183/250]
Total_loss	: 0.6736
Coral_loss	: 0.0000
MMD_loss	: 1.8283
cond_ent_wt	: 4.5989
Src_reg_loss	: 0.0309
-------------------------------------
[Epoch : 184/250]
Total_loss	: 0.6732
Coral_loss	: 0.0000
MMD_loss	: 1.8252
cond_ent_wt	: 4.5982
Src_reg_loss	: 0.0308
-------------------------------------
[Epoch : 185/250]
Total_loss	: 0.6727
Coral_loss	: 0.0000
MMD_loss	: 1.8221
cond_ent_wt	: 4.5974
Src_reg_loss	: 0.0308
-------------------------------------
[Epoch : 186/250]
Total_loss	: 0.6723
Coral_loss	: 0.0000
MMD_loss	: 1.8190
cond_ent_wt	: 4.5967
Src_reg_loss	: 0.0307
-------------------------------------
[Epoch : 187/250]
Total_loss	: 0.6718
Coral_loss	: 0.0000
MMD_loss	: 1.8160
cond_ent_wt	: 4.5960
Src_reg_loss	: 0.0306
-------------------------------------
[Epoch : 188/250]
Total_loss	: 0.6714
Coral_loss	: 0.0000
MMD_loss	: 1.8130
cond_ent_wt	: 4.5952
Src_reg_loss	: 0.0306
-------------------------------------
[Epoch : 189/250]
Total_loss	: 0.6710
Coral_loss	: 0.0000
MMD_loss	: 1.8100
cond_ent_wt	: 4.5945
Src_reg_loss	: 0.0305
-------------------------------------
[Epoch : 190/250]
Total_loss	: 0.6705
Coral_loss	: 0.0000
MMD_loss	: 1.8070
cond_ent_wt	: 4.5938
Src_reg_loss	: 0.0304
-------------------------------------
[Epoch : 191/250]
Total_loss	: 0.6701
Coral_loss	: 0.0000
MMD_loss	: 1.8040
cond_ent_wt	: 4.5931
Src_reg_loss	: 0.0304
-------------------------------------
[Epoch : 192/250]
Total_loss	: 0.6697
Coral_loss	: 0.0000
MMD_loss	: 1.8011
cond_ent_wt	: 4.5924
Src_reg_loss	: 0.0303
-------------------------------------
[Epoch : 193/250]
Total_loss	: 0.6693
Coral_loss	: 0.0000
MMD_loss	: 1.7981
cond_ent_wt	: 4.5917
Src_reg_loss	: 0.0303
-------------------------------------
[Epoch : 194/250]
Total_loss	: 0.6688
Coral_loss	: 0.0000
MMD_loss	: 1.7952
cond_ent_wt	: 4.5910
Src_reg_loss	: 0.0302
-------------------------------------
[Epoch : 195/250]
Total_loss	: 0.6684
Coral_loss	: 0.0000
MMD_loss	: 1.7924
cond_ent_wt	: 4.5904
Src_reg_loss	: 0.0301
-------------------------------------
[Epoch : 196/250]
Total_loss	: 0.6680
Coral_loss	: 0.0000
MMD_loss	: 1.7895
cond_ent_wt	: 4.5897
Src_reg_loss	: 0.0301
-------------------------------------
[Epoch : 197/250]
Total_loss	: 0.6676
Coral_loss	: 0.0000
MMD_loss	: 1.7867
cond_ent_wt	: 4.5890
Src_reg_loss	: 0.0300
-------------------------------------
[Epoch : 198/250]
Total_loss	: 0.6672
Coral_loss	: 0.0000
MMD_loss	: 1.7838
cond_ent_wt	: 4.5884
Src_reg_loss	: 0.0300
-------------------------------------
[Epoch : 199/250]
Total_loss	: 0.6668
Coral_loss	: 0.0000
MMD_loss	: 1.7810
cond_ent_wt	: 4.5877
Src_reg_loss	: 0.0299
-------------------------------------
[Epoch : 200/250]
Total_loss	: 0.6664
Coral_loss	: 0.0000
MMD_loss	: 1.7783
cond_ent_wt	: 4.5871
Src_reg_loss	: 0.0298
-------------------------------------
[Epoch : 201/250]
Total_loss	: 0.6660
Coral_loss	: 0.0000
MMD_loss	: 1.7755
cond_ent_wt	: 4.5864
Src_reg_loss	: 0.0298
-------------------------------------
[Epoch : 202/250]
Total_loss	: 0.6656
Coral_loss	: 0.0000
MMD_loss	: 1.7728
cond_ent_wt	: 4.5858
Src_reg_loss	: 0.0297
-------------------------------------
[Epoch : 203/250]
Total_loss	: 0.6652
Coral_loss	: 0.0000
MMD_loss	: 1.7701
cond_ent_wt	: 4.5851
Src_reg_loss	: 0.0297
-------------------------------------
[Epoch : 204/250]
Total_loss	: 0.6648
Coral_loss	: 0.0000
MMD_loss	: 1.7674
cond_ent_wt	: 4.5845
Src_reg_loss	: 0.0296
-------------------------------------
[Epoch : 205/250]
Total_loss	: 0.6644
Coral_loss	: 0.0000
MMD_loss	: 1.7647
cond_ent_wt	: 4.5839
Src_reg_loss	: 0.0296
-------------------------------------
[Epoch : 206/250]
Total_loss	: 0.6640
Coral_loss	: 0.0000
MMD_loss	: 1.7621
cond_ent_wt	: 4.5833
Src_reg_loss	: 0.0295
-------------------------------------
[Epoch : 207/250]
Total_loss	: 0.6637
Coral_loss	: 0.0000
MMD_loss	: 1.7594
cond_ent_wt	: 4.5827
Src_reg_loss	: 0.0295
-------------------------------------
[Epoch : 208/250]
Total_loss	: 0.6633
Coral_loss	: 0.0000
MMD_loss	: 1.7568
cond_ent_wt	: 4.5821
Src_reg_loss	: 0.0294
-------------------------------------
[Epoch : 209/250]
Total_loss	: 0.6629
Coral_loss	: 0.0000
MMD_loss	: 1.7543
cond_ent_wt	: 4.5815
Src_reg_loss	: 0.0293
-------------------------------------
[Epoch : 210/250]
Total_loss	: 0.6626
Coral_loss	: 0.0000
MMD_loss	: 1.7517
cond_ent_wt	: 4.5809
Src_reg_loss	: 0.0293
-------------------------------------
[Epoch : 211/250]
Total_loss	: 0.6622
Coral_loss	: 0.0000
MMD_loss	: 1.7492
cond_ent_wt	: 4.5803
Src_reg_loss	: 0.0292
-------------------------------------
[Epoch : 212/250]
Total_loss	: 0.6618
Coral_loss	: 0.0000
MMD_loss	: 1.7467
cond_ent_wt	: 4.5797
Src_reg_loss	: 0.0292
-------------------------------------
[Epoch : 213/250]
Total_loss	: 0.6615
Coral_loss	: 0.0000
MMD_loss	: 1.7442
cond_ent_wt	: 4.5791
Src_reg_loss	: 0.0291
-------------------------------------
[Epoch : 214/250]
Total_loss	: 0.6611
Coral_loss	: 0.0000
MMD_loss	: 1.7417
cond_ent_wt	: 4.5785
Src_reg_loss	: 0.0291
-------------------------------------
[Epoch : 215/250]
Total_loss	: 0.6607
Coral_loss	: 0.0000
MMD_loss	: 1.7392
cond_ent_wt	: 4.5779
Src_reg_loss	: 0.0290
-------------------------------------
[Epoch : 216/250]
Total_loss	: 0.6604
Coral_loss	: 0.0000
MMD_loss	: 1.7368
cond_ent_wt	: 4.5774
Src_reg_loss	: 0.0290
-------------------------------------
[Epoch : 217/250]
Total_loss	: 0.6600
Coral_loss	: 0.0000
MMD_loss	: 1.7344
cond_ent_wt	: 4.5768
Src_reg_loss	: 0.0289
-------------------------------------
[Epoch : 218/250]
Total_loss	: 0.6597
Coral_loss	: 0.0000
MMD_loss	: 1.7320
cond_ent_wt	: 4.5763
Src_reg_loss	: 0.0289
-------------------------------------
[Epoch : 219/250]
Total_loss	: 0.6594
Coral_loss	: 0.0000
MMD_loss	: 1.7296
cond_ent_wt	: 4.5757
Src_reg_loss	: 0.0288
-------------------------------------
[Epoch : 220/250]
Total_loss	: 0.6590
Coral_loss	: 0.0000
MMD_loss	: 1.7273
cond_ent_wt	: 4.5751
Src_reg_loss	: 0.0288
-------------------------------------
[Epoch : 221/250]
Total_loss	: 0.6587
Coral_loss	: 0.0000
MMD_loss	: 1.7250
cond_ent_wt	: 4.5746
Src_reg_loss	: 0.0287
-------------------------------------
[Epoch : 222/250]
Total_loss	: 0.6583
Coral_loss	: 0.0000
MMD_loss	: 1.7227
cond_ent_wt	: 4.5741
Src_reg_loss	: 0.0287
-------------------------------------
[Epoch : 223/250]
Total_loss	: 0.6580
Coral_loss	: 0.0000
MMD_loss	: 1.7204
cond_ent_wt	: 4.5735
Src_reg_loss	: 0.0286
-------------------------------------
[Epoch : 224/250]
Total_loss	: 0.6577
Coral_loss	: 0.0000
MMD_loss	: 1.7181
cond_ent_wt	: 4.5730
Src_reg_loss	: 0.0286
-------------------------------------
[Epoch : 225/250]
Total_loss	: 0.6574
Coral_loss	: 0.0000
MMD_loss	: 1.7159
cond_ent_wt	: 4.5725
Src_reg_loss	: 0.0285
-------------------------------------
[Epoch : 226/250]
Total_loss	: 0.6570
Coral_loss	: 0.0000
MMD_loss	: 1.7137
cond_ent_wt	: 4.5719
Src_reg_loss	: 0.0285
-------------------------------------
[Epoch : 227/250]
Total_loss	: 0.6567
Coral_loss	: 0.0000
MMD_loss	: 1.7115
cond_ent_wt	: 4.5714
Src_reg_loss	: 0.0284
-------------------------------------
[Epoch : 228/250]
Total_loss	: 0.6564
Coral_loss	: 0.0000
MMD_loss	: 1.7093
cond_ent_wt	: 4.5709
Src_reg_loss	: 0.0284
-------------------------------------
[Epoch : 229/250]
Total_loss	: 0.6561
Coral_loss	: 0.0000
MMD_loss	: 1.7071
cond_ent_wt	: 4.5704
Src_reg_loss	: 0.0283
-------------------------------------
[Epoch : 230/250]
Total_loss	: 0.6558
Coral_loss	: 0.0000
MMD_loss	: 1.7050
cond_ent_wt	: 4.5699
Src_reg_loss	: 0.0283
-------------------------------------
[Epoch : 231/250]
Total_loss	: 0.6555
Coral_loss	: 0.0000
MMD_loss	: 1.7029
cond_ent_wt	: 4.5694
Src_reg_loss	: 0.0282
-------------------------------------
[Epoch : 232/250]
Total_loss	: 0.6552
Coral_loss	: 0.0000
MMD_loss	: 1.7008
cond_ent_wt	: 4.5689
Src_reg_loss	: 0.0282
-------------------------------------
[Epoch : 233/250]
Total_loss	: 0.6549
Coral_loss	: 0.0000
MMD_loss	: 1.6987
cond_ent_wt	: 4.5684
Src_reg_loss	: 0.0281
-------------------------------------
[Epoch : 234/250]
Total_loss	: 0.6545
Coral_loss	: 0.0000
MMD_loss	: 1.6967
cond_ent_wt	: 4.5679
Src_reg_loss	: 0.0281
-------------------------------------
[Epoch : 235/250]
Total_loss	: 0.6542
Coral_loss	: 0.0000
MMD_loss	: 1.6946
cond_ent_wt	: 4.5674
Src_reg_loss	: 0.0280
-------------------------------------
[Epoch : 236/250]
Total_loss	: 0.6540
Coral_loss	: 0.0000
MMD_loss	: 1.6926
cond_ent_wt	: 4.5669
Src_reg_loss	: 0.0280
-------------------------------------
[Epoch : 237/250]
Total_loss	: 0.6537
Coral_loss	: 0.0000
MMD_loss	: 1.6906
cond_ent_wt	: 4.5664
Src_reg_loss	: 0.0279
-------------------------------------
[Epoch : 238/250]
Total_loss	: 0.6534
Coral_loss	: 0.0000
MMD_loss	: 1.6886
cond_ent_wt	: 4.5659
Src_reg_loss	: 0.0279
-------------------------------------
[Epoch : 239/250]
Total_loss	: 0.6531
Coral_loss	: 0.0000
MMD_loss	: 1.6866
cond_ent_wt	: 4.5655
Src_reg_loss	: 0.0279
-------------------------------------
[Epoch : 240/250]
Total_loss	: 0.6528
Coral_loss	: 0.0000
MMD_loss	: 1.6847
cond_ent_wt	: 4.5650
Src_reg_loss	: 0.0278
-------------------------------------
[Epoch : 241/250]
Total_loss	: 0.6525
Coral_loss	: 0.0000
MMD_loss	: 1.6828
cond_ent_wt	: 4.5645
Src_reg_loss	: 0.0278
-------------------------------------
[Epoch : 242/250]
Total_loss	: 0.6522
Coral_loss	: 0.0000
MMD_loss	: 1.6809
cond_ent_wt	: 4.5641
Src_reg_loss	: 0.0277
-------------------------------------
[Epoch : 243/250]
Total_loss	: 0.6519
Coral_loss	: 0.0000
MMD_loss	: 1.6790
cond_ent_wt	: 4.5636
Src_reg_loss	: 0.0277
-------------------------------------
[Epoch : 244/250]
Total_loss	: 0.6517
Coral_loss	: 0.0000
MMD_loss	: 1.6771
cond_ent_wt	: 4.5631
Src_reg_loss	: 0.0276
-------------------------------------
[Epoch : 245/250]
Total_loss	: 0.6514
Coral_loss	: 0.0000
MMD_loss	: 1.6752
cond_ent_wt	: 4.5627
Src_reg_loss	: 0.0276
-------------------------------------
[Epoch : 246/250]
Total_loss	: 0.6511
Coral_loss	: 0.0000
MMD_loss	: 1.6734
cond_ent_wt	: 4.5622
Src_reg_loss	: 0.0275
-------------------------------------
[Epoch : 247/250]
Total_loss	: 0.6508
Coral_loss	: 0.0000
MMD_loss	: 1.6716
cond_ent_wt	: 4.5618
Src_reg_loss	: 0.0275
-------------------------------------
[Epoch : 248/250]
Total_loss	: 0.6506
Coral_loss	: 0.0000
MMD_loss	: 1.6698
cond_ent_wt	: 4.5613
Src_reg_loss	: 0.0275
-------------------------------------
[Epoch : 249/250]
Total_loss	: 0.6503
Coral_loss	: 0.0000
MMD_loss	: 1.6680
cond_ent_wt	: 4.5609
Src_reg_loss	: 0.0274
-------------------------------------
[Epoch : 250/250]
Total_loss	: 0.6500
Coral_loss	: 0.0000
MMD_loss	: 1.6662
cond_ent_wt	: 4.5605
Src_reg_loss	: 0.0274
-------------------------------------
