=============================================
Dataset: Airbox
Method:  MMDA
=============================================
Source: 0 ---> Target: 2
=============================================
[Epoch : 1/500]
Total_loss	: 0.3396
Coral_loss	: 0.0000
MMD_loss	: 1.9056
cond_ent_wt	: 4.8495
Src_reg_loss	: 0.2720
-------------------------------------
[Epoch : 2/500]
Total_loss	: 0.3191
Coral_loss	: 0.0000
MMD_loss	: 1.9111
cond_ent_wt	: 4.8493
Src_reg_loss	: 0.2515
-------------------------------------
[Epoch : 3/500]
Total_loss	: 0.2987
Coral_loss	: 0.0000
MMD_loss	: 1.9190
cond_ent_wt	: 4.8489
Src_reg_loss	: 0.2310
-------------------------------------
[Epoch : 4/500]
Total_loss	: 0.2774
Coral_loss	: 0.0000
MMD_loss	: 1.9294
cond_ent_wt	: 4.8483
Src_reg_loss	: 0.2097
-------------------------------------
[Epoch : 5/500]
Total_loss	: 0.2554
Coral_loss	: 0.0000
MMD_loss	: 1.9416
cond_ent_wt	: 4.8474
Src_reg_loss	: 0.1875
-------------------------------------
[Epoch : 6/500]
Total_loss	: 0.2338
Coral_loss	: 0.0000
MMD_loss	: 1.9539
cond_ent_wt	: 4.8459
Src_reg_loss	: 0.1658
-------------------------------------
[Epoch : 7/500]
Total_loss	: 0.2158
Coral_loss	: 0.0000
MMD_loss	: 1.9646
cond_ent_wt	: 4.8439
Src_reg_loss	: 0.1478
-------------------------------------
[Epoch : 8/500]
Total_loss	: 0.2027
Coral_loss	: 0.0000
MMD_loss	: 1.9730
cond_ent_wt	: 4.8419
Src_reg_loss	: 0.1346
-------------------------------------
[Epoch : 9/500]
Total_loss	: 0.1923
Coral_loss	: 0.0000
MMD_loss	: 1.9789
cond_ent_wt	: 4.8405
Src_reg_loss	: 0.1241
-------------------------------------
[Epoch : 10/500]
Total_loss	: 0.1837
Coral_loss	: 0.0000
MMD_loss	: 1.9824
cond_ent_wt	: 4.8396
Src_reg_loss	: 0.1155
-------------------------------------
[Epoch : 11/500]
Total_loss	: 0.1767
Coral_loss	: 0.0000
MMD_loss	: 1.9842
cond_ent_wt	: 4.8390
Src_reg_loss	: 0.1084
-------------------------------------
[Epoch : 12/500]
Total_loss	: 0.1707
Coral_loss	: 0.0000
MMD_loss	: 1.9849
cond_ent_wt	: 4.8384
Src_reg_loss	: 0.1025
-------------------------------------
[Epoch : 13/500]
Total_loss	: 0.1657
Coral_loss	: 0.0000
MMD_loss	: 1.9848
cond_ent_wt	: 4.8379
Src_reg_loss	: 0.0975
-------------------------------------
[Epoch : 14/500]
Total_loss	: 0.1613
Coral_loss	: 0.0000
MMD_loss	: 1.9840
cond_ent_wt	: 4.8374
Src_reg_loss	: 0.0931
-------------------------------------
[Epoch : 15/500]
Total_loss	: 0.1575
Coral_loss	: 0.0000
MMD_loss	: 1.9825
cond_ent_wt	: 4.8369
Src_reg_loss	: 0.0893
-------------------------------------
[Epoch : 16/500]
Total_loss	: 0.1542
Coral_loss	: 0.0000
MMD_loss	: 1.9803
cond_ent_wt	: 4.8366
Src_reg_loss	: 0.0860
-------------------------------------
[Epoch : 17/500]
Total_loss	: 0.1512
Coral_loss	: 0.0000
MMD_loss	: 1.9775
cond_ent_wt	: 4.8363
Src_reg_loss	: 0.0831
-------------------------------------
[Epoch : 18/500]
Total_loss	: 0.1485
Coral_loss	: 0.0000
MMD_loss	: 1.9743
cond_ent_wt	: 4.8360
Src_reg_loss	: 0.0804
-------------------------------------
[Epoch : 19/500]
Total_loss	: 0.1461
Coral_loss	: 0.0000
MMD_loss	: 1.9708
cond_ent_wt	: 4.8357
Src_reg_loss	: 0.0781
-------------------------------------
[Epoch : 20/500]
Total_loss	: 0.1439
Coral_loss	: 0.0000
MMD_loss	: 1.9672
cond_ent_wt	: 4.8355
Src_reg_loss	: 0.0759
-------------------------------------
[Epoch : 21/500]
Total_loss	: 0.1420
Coral_loss	: 0.0000
MMD_loss	: 1.9637
cond_ent_wt	: 4.8352
Src_reg_loss	: 0.0740
-------------------------------------
[Epoch : 22/500]
Total_loss	: 0.1401
Coral_loss	: 0.0000
MMD_loss	: 1.9606
cond_ent_wt	: 4.8350
Src_reg_loss	: 0.0722
-------------------------------------
[Epoch : 23/500]
Total_loss	: 0.1385
Coral_loss	: 0.0000
MMD_loss	: 1.9580
cond_ent_wt	: 4.8349
Src_reg_loss	: 0.0705
-------------------------------------
[Epoch : 24/500]
Total_loss	: 0.1369
Coral_loss	: 0.0000
MMD_loss	: 1.9564
cond_ent_wt	: 4.8347
Src_reg_loss	: 0.0690
-------------------------------------
[Epoch : 25/500]
Total_loss	: 0.1355
Coral_loss	: 0.0000
MMD_loss	: 1.9557
cond_ent_wt	: 4.8345
Src_reg_loss	: 0.0676
-------------------------------------
[Epoch : 26/500]
Total_loss	: 0.1342
Coral_loss	: 0.0000
MMD_loss	: 1.9562
cond_ent_wt	: 4.8344
Src_reg_loss	: 0.0663
-------------------------------------
[Epoch : 27/500]
Total_loss	: 0.1330
Coral_loss	: 0.0000
MMD_loss	: 1.9578
cond_ent_wt	: 4.8342
Src_reg_loss	: 0.0651
-------------------------------------
[Epoch : 28/500]
Total_loss	: 0.1319
Coral_loss	: 0.0000
MMD_loss	: 1.9603
cond_ent_wt	: 4.8341
Src_reg_loss	: 0.0639
-------------------------------------
[Epoch : 29/500]
Total_loss	: 0.1308
Coral_loss	: 0.0000
MMD_loss	: 1.9636
cond_ent_wt	: 4.8340
Src_reg_loss	: 0.0629
-------------------------------------
[Epoch : 30/500]
Total_loss	: 0.1299
Coral_loss	: 0.0000
MMD_loss	: 1.9674
cond_ent_wt	: 4.8339
Src_reg_loss	: 0.0618
-------------------------------------
[Epoch : 31/500]
Total_loss	: 0.1289
Coral_loss	: 0.0000
MMD_loss	: 1.9715
cond_ent_wt	: 4.8338
Src_reg_loss	: 0.0609
-------------------------------------
[Epoch : 32/500]
Total_loss	: 0.1281
Coral_loss	: 0.0000
MMD_loss	: 1.9758
cond_ent_wt	: 4.8337
Src_reg_loss	: 0.0600
-------------------------------------
[Epoch : 33/500]
Total_loss	: 0.1273
Coral_loss	: 0.0000
MMD_loss	: 1.9799
cond_ent_wt	: 4.8336
Src_reg_loss	: 0.0591
-------------------------------------
[Epoch : 34/500]
Total_loss	: 0.1265
Coral_loss	: 0.0000
MMD_loss	: 1.9839
cond_ent_wt	: 4.8335
Src_reg_loss	: 0.0583
-------------------------------------
[Epoch : 35/500]
Total_loss	: 0.1257
Coral_loss	: 0.0000
MMD_loss	: 1.9877
cond_ent_wt	: 4.8334
Src_reg_loss	: 0.0575
-------------------------------------
[Epoch : 36/500]
Total_loss	: 0.1250
Coral_loss	: 0.0000
MMD_loss	: 1.9912
cond_ent_wt	: 4.8333
Src_reg_loss	: 0.0568
-------------------------------------
[Epoch : 37/500]
Total_loss	: 0.1243
Coral_loss	: 0.0000
MMD_loss	: 1.9943
cond_ent_wt	: 4.8332
Src_reg_loss	: 0.0561
-------------------------------------
[Epoch : 38/500]
Total_loss	: 0.1237
Coral_loss	: 0.0000
MMD_loss	: 1.9971
cond_ent_wt	: 4.8331
Src_reg_loss	: 0.0554
-------------------------------------
[Epoch : 39/500]
Total_loss	: 0.1231
Coral_loss	: 0.0000
MMD_loss	: 1.9997
cond_ent_wt	: 4.8330
Src_reg_loss	: 0.0547
-------------------------------------
[Epoch : 40/500]
Total_loss	: 0.1225
Coral_loss	: 0.0000
MMD_loss	: 2.0019
cond_ent_wt	: 4.8330
Src_reg_loss	: 0.0541
-------------------------------------
[Epoch : 41/500]
Total_loss	: 0.1219
Coral_loss	: 0.0000
MMD_loss	: 2.0040
cond_ent_wt	: 4.8329
Src_reg_loss	: 0.0535
-------------------------------------
[Epoch : 42/500]
Total_loss	: 0.1213
Coral_loss	: 0.0000
MMD_loss	: 2.0058
cond_ent_wt	: 4.8328
Src_reg_loss	: 0.0529
-------------------------------------
[Epoch : 43/500]
Total_loss	: 0.1208
Coral_loss	: 0.0000
MMD_loss	: 2.0074
cond_ent_wt	: 4.8328
Src_reg_loss	: 0.0524
-------------------------------------
[Epoch : 44/500]
Total_loss	: 0.1203
Coral_loss	: 0.0000
MMD_loss	: 2.0088
cond_ent_wt	: 4.8327
Src_reg_loss	: 0.0519
-------------------------------------
[Epoch : 45/500]
Total_loss	: 0.1198
Coral_loss	: 0.0000
MMD_loss	: 2.0102
cond_ent_wt	: 4.8326
Src_reg_loss	: 0.0514
-------------------------------------
[Epoch : 46/500]
Total_loss	: 0.1193
Coral_loss	: 0.0000
MMD_loss	: 2.0114
cond_ent_wt	: 4.8326
Src_reg_loss	: 0.0509
-------------------------------------
[Epoch : 47/500]
Total_loss	: 0.1188
Coral_loss	: 0.0000
MMD_loss	: 2.0125
cond_ent_wt	: 4.8325
Src_reg_loss	: 0.0504
-------------------------------------
[Epoch : 48/500]
Total_loss	: 0.1184
Coral_loss	: 0.0000
MMD_loss	: 2.0135
cond_ent_wt	: 4.8325
Src_reg_loss	: 0.0499
-------------------------------------
[Epoch : 49/500]
Total_loss	: 0.1180
Coral_loss	: 0.0000
MMD_loss	: 2.0144
cond_ent_wt	: 4.8324
Src_reg_loss	: 0.0495
-------------------------------------
[Epoch : 50/500]
Total_loss	: 0.1176
Coral_loss	: 0.0000
MMD_loss	: 2.0152
cond_ent_wt	: 4.8323
Src_reg_loss	: 0.0491
-------------------------------------
[Epoch : 51/500]
Total_loss	: 0.1172
Coral_loss	: 0.0000
MMD_loss	: 2.0159
cond_ent_wt	: 4.8323
Src_reg_loss	: 0.0487
-------------------------------------
[Epoch : 52/500]
Total_loss	: 0.1168
Coral_loss	: 0.0000
MMD_loss	: 2.0166
cond_ent_wt	: 4.8322
Src_reg_loss	: 0.0483
-------------------------------------
[Epoch : 53/500]
Total_loss	: 0.1164
Coral_loss	: 0.0000
MMD_loss	: 2.0171
cond_ent_wt	: 4.8322
Src_reg_loss	: 0.0479
-------------------------------------
[Epoch : 54/500]
Total_loss	: 0.1160
Coral_loss	: 0.0000
MMD_loss	: 2.0176
cond_ent_wt	: 4.8321
Src_reg_loss	: 0.0475
-------------------------------------
[Epoch : 55/500]
Total_loss	: 0.1157
Coral_loss	: 0.0000
MMD_loss	: 2.0180
cond_ent_wt	: 4.8321
Src_reg_loss	: 0.0472
-------------------------------------
[Epoch : 56/500]
Total_loss	: 0.1153
Coral_loss	: 0.0000
MMD_loss	: 2.0183
cond_ent_wt	: 4.8320
Src_reg_loss	: 0.0468
-------------------------------------
[Epoch : 57/500]
Total_loss	: 0.1150
Coral_loss	: 0.0000
MMD_loss	: 2.0186
cond_ent_wt	: 4.8320
Src_reg_loss	: 0.0465
-------------------------------------
[Epoch : 58/500]
Total_loss	: 0.1147
Coral_loss	: 0.0000
MMD_loss	: 2.0187
cond_ent_wt	: 4.8320
Src_reg_loss	: 0.0462
-------------------------------------
[Epoch : 59/500]
Total_loss	: 0.1144
Coral_loss	: 0.0000
MMD_loss	: 2.0188
cond_ent_wt	: 4.8319
Src_reg_loss	: 0.0459
-------------------------------------
[Epoch : 60/500]
Total_loss	: 0.1140
Coral_loss	: 0.0000
MMD_loss	: 2.0187
cond_ent_wt	: 4.8319
Src_reg_loss	: 0.0455
-------------------------------------
[Epoch : 61/500]
Total_loss	: 0.1137
Coral_loss	: 0.0000
MMD_loss	: 2.0186
cond_ent_wt	: 4.8318
Src_reg_loss	: 0.0452
-------------------------------------
[Epoch : 62/500]
Total_loss	: 0.1135
Coral_loss	: 0.0000
MMD_loss	: 2.0183
cond_ent_wt	: 4.8318
Src_reg_loss	: 0.0450
-------------------------------------
[Epoch : 63/500]
Total_loss	: 0.1132
Coral_loss	: 0.0000
MMD_loss	: 2.0180
cond_ent_wt	: 4.8318
Src_reg_loss	: 0.0447
-------------------------------------
[Epoch : 64/500]
Total_loss	: 0.1129
Coral_loss	: 0.0000
MMD_loss	: 2.0176
cond_ent_wt	: 4.8317
Src_reg_loss	: 0.0444
-------------------------------------
[Epoch : 65/500]
Total_loss	: 0.1126
Coral_loss	: 0.0000
MMD_loss	: 2.0170
cond_ent_wt	: 4.8317
Src_reg_loss	: 0.0441
-------------------------------------
[Epoch : 66/500]
Total_loss	: 0.1123
Coral_loss	: 0.0000
MMD_loss	: 2.0164
cond_ent_wt	: 4.8317
Src_reg_loss	: 0.0439
-------------------------------------
[Epoch : 67/500]
Total_loss	: 0.1121
Coral_loss	: 0.0000
MMD_loss	: 2.0157
cond_ent_wt	: 4.8316
Src_reg_loss	: 0.0436
-------------------------------------
[Epoch : 68/500]
Total_loss	: 0.1118
Coral_loss	: 0.0000
MMD_loss	: 2.0148
cond_ent_wt	: 4.8316
Src_reg_loss	: 0.0433
-------------------------------------
[Epoch : 69/500]
Total_loss	: 0.1115
Coral_loss	: 0.0000
MMD_loss	: 2.0139
cond_ent_wt	: 4.8316
Src_reg_loss	: 0.0431
-------------------------------------
[Epoch : 70/500]
Total_loss	: 0.1113
Coral_loss	: 0.0000
MMD_loss	: 2.0129
cond_ent_wt	: 4.8315
Src_reg_loss	: 0.0428
-------------------------------------
[Epoch : 71/500]
Total_loss	: 0.1110
Coral_loss	: 0.0000
MMD_loss	: 2.0117
cond_ent_wt	: 4.8315
Src_reg_loss	: 0.0426
-------------------------------------
[Epoch : 72/500]
Total_loss	: 0.1108
Coral_loss	: 0.0000
MMD_loss	: 2.0105
cond_ent_wt	: 4.8315
Src_reg_loss	: 0.0424
-------------------------------------
[Epoch : 73/500]
Total_loss	: 0.1106
Coral_loss	: 0.0000
MMD_loss	: 2.0092
cond_ent_wt	: 4.8315
Src_reg_loss	: 0.0422
-------------------------------------
[Epoch : 74/500]
Total_loss	: 0.1103
Coral_loss	: 0.0000
MMD_loss	: 2.0078
cond_ent_wt	: 4.8314
Src_reg_loss	: 0.0419
-------------------------------------
[Epoch : 75/500]
Total_loss	: 0.1101
Coral_loss	: 0.0000
MMD_loss	: 2.0063
cond_ent_wt	: 4.8314
Src_reg_loss	: 0.0417
-------------------------------------
[Epoch : 76/500]
Total_loss	: 0.1098
Coral_loss	: 0.0000
MMD_loss	: 2.0046
cond_ent_wt	: 4.8314
Src_reg_loss	: 0.0415
-------------------------------------
[Epoch : 77/500]
Total_loss	: 0.1096
Coral_loss	: 0.0000
MMD_loss	: 2.0029
cond_ent_wt	: 4.8313
Src_reg_loss	: 0.0413
-------------------------------------
[Epoch : 78/500]
Total_loss	: 0.1094
Coral_loss	: 0.0000
MMD_loss	: 2.0011
cond_ent_wt	: 4.8313
Src_reg_loss	: 0.0411
-------------------------------------
[Epoch : 79/500]
Total_loss	: 0.1092
Coral_loss	: 0.0000
MMD_loss	: 1.9992
cond_ent_wt	: 4.8313
Src_reg_loss	: 0.0409
-------------------------------------
[Epoch : 80/500]
Total_loss	: 0.1089
Coral_loss	: 0.0000
MMD_loss	: 1.9973
cond_ent_wt	: 4.8313
Src_reg_loss	: 0.0407
-------------------------------------
[Epoch : 81/500]
Total_loss	: 0.1087
Coral_loss	: 0.0000
MMD_loss	: 1.9952
cond_ent_wt	: 4.8313
Src_reg_loss	: 0.0405
-------------------------------------
[Epoch : 82/500]
Total_loss	: 0.1085
Coral_loss	: 0.0000
MMD_loss	: 1.9930
cond_ent_wt	: 4.8312
Src_reg_loss	: 0.0403
-------------------------------------
[Epoch : 83/500]
Total_loss	: 0.1083
Coral_loss	: 0.0000
MMD_loss	: 1.9908
cond_ent_wt	: 4.8312
Src_reg_loss	: 0.0401
-------------------------------------
[Epoch : 84/500]
Total_loss	: 0.1081
Coral_loss	: 0.0000
MMD_loss	: 1.9884
cond_ent_wt	: 4.8312
Src_reg_loss	: 0.0399
-------------------------------------
[Epoch : 85/500]
Total_loss	: 0.1079
Coral_loss	: 0.0000
MMD_loss	: 1.9860
cond_ent_wt	: 4.8312
Src_reg_loss	: 0.0397
-------------------------------------
[Epoch : 86/500]
Total_loss	: 0.1076
Coral_loss	: 0.0000
MMD_loss	: 1.9835
cond_ent_wt	: 4.8312
Src_reg_loss	: 0.0395
-------------------------------------
[Epoch : 87/500]
Total_loss	: 0.1074
Coral_loss	: 0.0000
MMD_loss	: 1.9809
cond_ent_wt	: 4.8311
Src_reg_loss	: 0.0393
-------------------------------------
[Epoch : 88/500]
Total_loss	: 0.1072
Coral_loss	: 0.0000
MMD_loss	: 1.9783
cond_ent_wt	: 4.8311
Src_reg_loss	: 0.0391
-------------------------------------
[Epoch : 89/500]
Total_loss	: 0.1070
Coral_loss	: 0.0000
MMD_loss	: 1.9755
cond_ent_wt	: 4.8311
Src_reg_loss	: 0.0390
-------------------------------------
[Epoch : 90/500]
Total_loss	: 0.1068
Coral_loss	: 0.0000
MMD_loss	: 1.9727
cond_ent_wt	: 4.8311
Src_reg_loss	: 0.0388
-------------------------------------
[Epoch : 91/500]
Total_loss	: 0.1066
Coral_loss	: 0.0000
MMD_loss	: 1.9699
cond_ent_wt	: 4.8311
Src_reg_loss	: 0.0386
-------------------------------------
[Epoch : 92/500]
Total_loss	: 0.1064
Coral_loss	: 0.0000
MMD_loss	: 1.9669
cond_ent_wt	: 4.8311
Src_reg_loss	: 0.0384
-------------------------------------
[Epoch : 93/500]
Total_loss	: 0.1062
Coral_loss	: 0.0000
MMD_loss	: 1.9639
cond_ent_wt	: 4.8311
Src_reg_loss	: 0.0383
-------------------------------------
[Epoch : 94/500]
Total_loss	: 0.1060
Coral_loss	: 0.0000
MMD_loss	: 1.9609
cond_ent_wt	: 4.8310
Src_reg_loss	: 0.0381
-------------------------------------
[Epoch : 95/500]
Total_loss	: 0.1058
Coral_loss	: 0.0000
MMD_loss	: 1.9578
cond_ent_wt	: 4.8310
Src_reg_loss	: 0.0379
-------------------------------------
[Epoch : 96/500]
Total_loss	: 0.1056
Coral_loss	: 0.0000
MMD_loss	: 1.9546
cond_ent_wt	: 4.8310
Src_reg_loss	: 0.0377
-------------------------------------
[Epoch : 97/500]
Total_loss	: 0.1054
Coral_loss	: 0.0000
MMD_loss	: 1.9514
cond_ent_wt	: 4.8310
Src_reg_loss	: 0.0376
-------------------------------------
[Epoch : 98/500]
Total_loss	: 0.1052
Coral_loss	: 0.0000
MMD_loss	: 1.9481
cond_ent_wt	: 4.8310
Src_reg_loss	: 0.0374
-------------------------------------
[Epoch : 99/500]
Total_loss	: 0.1050
Coral_loss	: 0.0000
MMD_loss	: 1.9448
cond_ent_wt	: 4.8310
Src_reg_loss	: 0.0373
-------------------------------------
[Epoch : 100/500]
Total_loss	: 0.1048
Coral_loss	: 0.0000
MMD_loss	: 1.9415
cond_ent_wt	: 4.8310
Src_reg_loss	: 0.0371
-------------------------------------
[Epoch : 101/500]
Total_loss	: 0.1046
Coral_loss	: 0.0000
MMD_loss	: 1.9381
cond_ent_wt	: 4.8310
Src_reg_loss	: 0.0369
-------------------------------------
[Epoch : 102/500]
Total_loss	: 0.1044
Coral_loss	: 0.0000
MMD_loss	: 1.9347
cond_ent_wt	: 4.8310
Src_reg_loss	: 0.0368
-------------------------------------
[Epoch : 103/500]
Total_loss	: 0.1043
Coral_loss	: 0.0000
MMD_loss	: 1.9313
cond_ent_wt	: 4.8309
Src_reg_loss	: 0.0366
-------------------------------------
[Epoch : 104/500]
Total_loss	: 0.1041
Coral_loss	: 0.0000
MMD_loss	: 1.9278
cond_ent_wt	: 4.8309
Src_reg_loss	: 0.0365
-------------------------------------
[Epoch : 105/500]
Total_loss	: 0.1039
Coral_loss	: 0.0000
MMD_loss	: 1.9244
cond_ent_wt	: 4.8309
Src_reg_loss	: 0.0363
-------------------------------------
[Epoch : 106/500]
Total_loss	: 0.1037
Coral_loss	: 0.0000
MMD_loss	: 1.9209
cond_ent_wt	: 4.8309
Src_reg_loss	: 0.0362
-------------------------------------
[Epoch : 107/500]
Total_loss	: 0.1035
Coral_loss	: 0.0000
MMD_loss	: 1.9174
cond_ent_wt	: 4.8309
Src_reg_loss	: 0.0360
-------------------------------------
[Epoch : 108/500]
Total_loss	: 0.1033
Coral_loss	: 0.0000
MMD_loss	: 1.9139
cond_ent_wt	: 4.8309
Src_reg_loss	: 0.0359
-------------------------------------
[Epoch : 109/500]
Total_loss	: 0.1032
Coral_loss	: 0.0000
MMD_loss	: 1.9104
cond_ent_wt	: 4.8309
Src_reg_loss	: 0.0357
-------------------------------------
[Epoch : 110/500]
Total_loss	: 0.1030
Coral_loss	: 0.0000
MMD_loss	: 1.9069
cond_ent_wt	: 4.8309
Src_reg_loss	: 0.0356
-------------------------------------
[Epoch : 111/500]
Total_loss	: 0.1028
Coral_loss	: 0.0000
MMD_loss	: 1.9035
cond_ent_wt	: 4.8309
Src_reg_loss	: 0.0355
-------------------------------------
[Epoch : 112/500]
Total_loss	: 0.1026
Coral_loss	: 0.0000
MMD_loss	: 1.9000
cond_ent_wt	: 4.8309
Src_reg_loss	: 0.0353
-------------------------------------
[Epoch : 113/500]
Total_loss	: 0.1025
Coral_loss	: 0.0000
MMD_loss	: 1.8966
cond_ent_wt	: 4.8309
Src_reg_loss	: 0.0352
-------------------------------------
[Epoch : 114/500]
Total_loss	: 0.1023
Coral_loss	: 0.0000
MMD_loss	: 1.8931
cond_ent_wt	: 4.8309
Src_reg_loss	: 0.0350
-------------------------------------
[Epoch : 115/500]
Total_loss	: 0.1021
Coral_loss	: 0.0000
MMD_loss	: 1.8897
cond_ent_wt	: 4.8308
Src_reg_loss	: 0.0349
-------------------------------------
[Epoch : 116/500]
Total_loss	: 0.1020
Coral_loss	: 0.0000
MMD_loss	: 1.8864
cond_ent_wt	: 4.8308
Src_reg_loss	: 0.0348
-------------------------------------
[Epoch : 117/500]
Total_loss	: 0.1018
Coral_loss	: 0.0000
MMD_loss	: 1.8830
cond_ent_wt	: 4.8308
Src_reg_loss	: 0.0347
-------------------------------------
[Epoch : 118/500]
Total_loss	: 0.1016
Coral_loss	: 0.0000
MMD_loss	: 1.8797
cond_ent_wt	: 4.8308
Src_reg_loss	: 0.0345
-------------------------------------
[Epoch : 119/500]
Total_loss	: 0.1015
Coral_loss	: 0.0000
MMD_loss	: 1.8764
cond_ent_wt	: 4.8308
Src_reg_loss	: 0.0344
-------------------------------------
[Epoch : 120/500]
Total_loss	: 0.1013
Coral_loss	: 0.0000
MMD_loss	: 1.8732
cond_ent_wt	: 4.8308
Src_reg_loss	: 0.0343
-------------------------------------
[Epoch : 121/500]
Total_loss	: 0.1012
Coral_loss	: 0.0000
MMD_loss	: 1.8700
cond_ent_wt	: 4.8308
Src_reg_loss	: 0.0341
-------------------------------------
[Epoch : 122/500]
Total_loss	: 0.1010
Coral_loss	: 0.0000
MMD_loss	: 1.8668
cond_ent_wt	: 4.8308
Src_reg_loss	: 0.0340
-------------------------------------
[Epoch : 123/500]
Total_loss	: 0.1008
Coral_loss	: 0.0000
MMD_loss	: 1.8637
cond_ent_wt	: 4.8308
Src_reg_loss	: 0.0339
-------------------------------------
[Epoch : 124/500]
Total_loss	: 0.1007
Coral_loss	: 0.0000
MMD_loss	: 1.8606
cond_ent_wt	: 4.8308
Src_reg_loss	: 0.0338
-------------------------------------
[Epoch : 125/500]
Total_loss	: 0.1005
Coral_loss	: 0.0000
MMD_loss	: 1.8576
cond_ent_wt	: 4.8308
Src_reg_loss	: 0.0337
-------------------------------------
[Epoch : 126/500]
Total_loss	: 0.1004
Coral_loss	: 0.0000
MMD_loss	: 1.8546
cond_ent_wt	: 4.8307
Src_reg_loss	: 0.0335
-------------------------------------
[Epoch : 127/500]
Total_loss	: 0.1002
Coral_loss	: 0.0000
MMD_loss	: 1.8517
cond_ent_wt	: 4.8307
Src_reg_loss	: 0.0334
-------------------------------------
[Epoch : 128/500]
Total_loss	: 0.1001
Coral_loss	: 0.0000
MMD_loss	: 1.8488
cond_ent_wt	: 4.8307
Src_reg_loss	: 0.0333
-------------------------------------
[Epoch : 129/500]
Total_loss	: 0.1000
Coral_loss	: 0.0000
MMD_loss	: 1.8460
cond_ent_wt	: 4.8307
Src_reg_loss	: 0.0332
-------------------------------------
[Epoch : 130/500]
Total_loss	: 0.0998
Coral_loss	: 0.0000
MMD_loss	: 1.8432
cond_ent_wt	: 4.8307
Src_reg_loss	: 0.0331
-------------------------------------
[Epoch : 131/500]
Total_loss	: 0.0997
Coral_loss	: 0.0000
MMD_loss	: 1.8405
cond_ent_wt	: 4.8307
Src_reg_loss	: 0.0330
-------------------------------------
[Epoch : 132/500]
Total_loss	: 0.0995
Coral_loss	: 0.0000
MMD_loss	: 1.8378
cond_ent_wt	: 4.8307
Src_reg_loss	: 0.0329
-------------------------------------
[Epoch : 133/500]
Total_loss	: 0.0994
Coral_loss	: 0.0000
MMD_loss	: 1.8352
cond_ent_wt	: 4.8307
Src_reg_loss	: 0.0327
-------------------------------------
[Epoch : 134/500]
Total_loss	: 0.0993
Coral_loss	: 0.0000
MMD_loss	: 1.8326
cond_ent_wt	: 4.8307
Src_reg_loss	: 0.0326
-------------------------------------
[Epoch : 135/500]
Total_loss	: 0.0991
Coral_loss	: 0.0000
MMD_loss	: 1.8301
cond_ent_wt	: 4.8306
Src_reg_loss	: 0.0325
-------------------------------------
[Epoch : 136/500]
Total_loss	: 0.0990
Coral_loss	: 0.0000
MMD_loss	: 1.8276
cond_ent_wt	: 4.8306
Src_reg_loss	: 0.0324
-------------------------------------
[Epoch : 137/500]
Total_loss	: 0.0989
Coral_loss	: 0.0000
MMD_loss	: 1.8252
cond_ent_wt	: 4.8306
Src_reg_loss	: 0.0323
-------------------------------------
[Epoch : 138/500]
Total_loss	: 0.0988
Coral_loss	: 0.0000
MMD_loss	: 1.8229
cond_ent_wt	: 4.8306
Src_reg_loss	: 0.0322
-------------------------------------
[Epoch : 139/500]
Total_loss	: 0.0986
Coral_loss	: 0.0000
MMD_loss	: 1.8205
cond_ent_wt	: 4.8306
Src_reg_loss	: 0.0321
-------------------------------------
[Epoch : 140/500]
Total_loss	: 0.0985
Coral_loss	: 0.0000
MMD_loss	: 1.8183
cond_ent_wt	: 4.8306
Src_reg_loss	: 0.0320
-------------------------------------
[Epoch : 141/500]
Total_loss	: 0.0984
Coral_loss	: 0.0000
MMD_loss	: 1.8161
cond_ent_wt	: 4.8306
Src_reg_loss	: 0.0319
-------------------------------------
[Epoch : 142/500]
Total_loss	: 0.0983
Coral_loss	: 0.0000
MMD_loss	: 1.8139
cond_ent_wt	: 4.8306
Src_reg_loss	: 0.0318
-------------------------------------
[Epoch : 143/500]
Total_loss	: 0.0981
Coral_loss	: 0.0000
MMD_loss	: 1.8118
cond_ent_wt	: 4.8306
Src_reg_loss	: 0.0317
-------------------------------------
[Epoch : 144/500]
Total_loss	: 0.0980
Coral_loss	: 0.0000
MMD_loss	: 1.8097
cond_ent_wt	: 4.8305
Src_reg_loss	: 0.0316
-------------------------------------
[Epoch : 145/500]
Total_loss	: 0.0979
Coral_loss	: 0.0000
MMD_loss	: 1.8077
cond_ent_wt	: 4.8305
Src_reg_loss	: 0.0315
-------------------------------------
[Epoch : 146/500]
Total_loss	: 0.0978
Coral_loss	: 0.0000
MMD_loss	: 1.8057
cond_ent_wt	: 4.8305
Src_reg_loss	: 0.0314
-------------------------------------
[Epoch : 147/500]
Total_loss	: 0.0977
Coral_loss	: 0.0000
MMD_loss	: 1.8038
cond_ent_wt	: 4.8305
Src_reg_loss	: 0.0313
-------------------------------------
[Epoch : 148/500]
Total_loss	: 0.0976
Coral_loss	: 0.0000
MMD_loss	: 1.8020
cond_ent_wt	: 4.8305
Src_reg_loss	: 0.0312
-------------------------------------
[Epoch : 149/500]
Total_loss	: 0.0974
Coral_loss	: 0.0000
MMD_loss	: 1.8001
cond_ent_wt	: 4.8305
Src_reg_loss	: 0.0311
-------------------------------------
[Epoch : 150/500]
Total_loss	: 0.0973
Coral_loss	: 0.0000
MMD_loss	: 1.7983
cond_ent_wt	: 4.8305
Src_reg_loss	: 0.0310
-------------------------------------
[Epoch : 151/500]
Total_loss	: 0.0972
Coral_loss	: 0.0000
MMD_loss	: 1.7966
cond_ent_wt	: 4.8304
Src_reg_loss	: 0.0310
-------------------------------------
[Epoch : 152/500]
Total_loss	: 0.0971
Coral_loss	: 0.0000
MMD_loss	: 1.7949
cond_ent_wt	: 4.8304
Src_reg_loss	: 0.0309
-------------------------------------
[Epoch : 153/500]
Total_loss	: 0.0970
Coral_loss	: 0.0000
MMD_loss	: 1.7933
cond_ent_wt	: 4.8304
Src_reg_loss	: 0.0308
-------------------------------------
[Epoch : 154/500]
Total_loss	: 0.0969
Coral_loss	: 0.0000
MMD_loss	: 1.7917
cond_ent_wt	: 4.8304
Src_reg_loss	: 0.0307
-------------------------------------
[Epoch : 155/500]
Total_loss	: 0.0968
Coral_loss	: 0.0000
MMD_loss	: 1.7901
cond_ent_wt	: 4.8304
Src_reg_loss	: 0.0306
-------------------------------------
[Epoch : 156/500]
Total_loss	: 0.0967
Coral_loss	: 0.0000
MMD_loss	: 1.7886
cond_ent_wt	: 4.8304
Src_reg_loss	: 0.0305
-------------------------------------
[Epoch : 157/500]
Total_loss	: 0.0966
Coral_loss	: 0.0000
MMD_loss	: 1.7871
cond_ent_wt	: 4.8304
Src_reg_loss	: 0.0304
-------------------------------------
[Epoch : 158/500]
Total_loss	: 0.0965
Coral_loss	: 0.0000
MMD_loss	: 1.7856
cond_ent_wt	: 4.8303
Src_reg_loss	: 0.0303
-------------------------------------
[Epoch : 159/500]
Total_loss	: 0.0964
Coral_loss	: 0.0000
MMD_loss	: 1.7842
cond_ent_wt	: 4.8303
Src_reg_loss	: 0.0302
-------------------------------------
[Epoch : 160/500]
Total_loss	: 0.0963
Coral_loss	: 0.0000
MMD_loss	: 1.7829
cond_ent_wt	: 4.8303
Src_reg_loss	: 0.0302
-------------------------------------
[Epoch : 161/500]
Total_loss	: 0.0962
Coral_loss	: 0.0000
MMD_loss	: 1.7815
cond_ent_wt	: 4.8303
Src_reg_loss	: 0.0301
-------------------------------------
[Epoch : 162/500]
Total_loss	: 0.0961
Coral_loss	: 0.0000
MMD_loss	: 1.7802
cond_ent_wt	: 4.8303
Src_reg_loss	: 0.0300
-------------------------------------
[Epoch : 163/500]
Total_loss	: 0.0960
Coral_loss	: 0.0000
MMD_loss	: 1.7790
cond_ent_wt	: 4.8303
Src_reg_loss	: 0.0299
-------------------------------------
[Epoch : 164/500]
Total_loss	: 0.0959
Coral_loss	: 0.0000
MMD_loss	: 1.7778
cond_ent_wt	: 4.8303
Src_reg_loss	: 0.0298
-------------------------------------
[Epoch : 165/500]
Total_loss	: 0.0958
Coral_loss	: 0.0000
MMD_loss	: 1.7766
cond_ent_wt	: 4.8302
Src_reg_loss	: 0.0297
-------------------------------------
[Epoch : 166/500]
Total_loss	: 0.0957
Coral_loss	: 0.0000
MMD_loss	: 1.7754
cond_ent_wt	: 4.8302
Src_reg_loss	: 0.0297
-------------------------------------
[Epoch : 167/500]
Total_loss	: 0.0956
Coral_loss	: 0.0000
MMD_loss	: 1.7743
cond_ent_wt	: 4.8302
Src_reg_loss	: 0.0296
-------------------------------------
[Epoch : 168/500]
Total_loss	: 0.0955
Coral_loss	: 0.0000
MMD_loss	: 1.7732
cond_ent_wt	: 4.8302
Src_reg_loss	: 0.0295
-------------------------------------
[Epoch : 169/500]
Total_loss	: 0.0954
Coral_loss	: 0.0000
MMD_loss	: 1.7721
cond_ent_wt	: 4.8302
Src_reg_loss	: 0.0294
-------------------------------------
[Epoch : 170/500]
Total_loss	: 0.0954
Coral_loss	: 0.0000
MMD_loss	: 1.7711
cond_ent_wt	: 4.8301
Src_reg_loss	: 0.0293
-------------------------------------
[Epoch : 171/500]
Total_loss	: 0.0953
Coral_loss	: 0.0000
MMD_loss	: 1.7701
cond_ent_wt	: 4.8301
Src_reg_loss	: 0.0293
-------------------------------------
[Epoch : 172/500]
Total_loss	: 0.0952
Coral_loss	: 0.0000
MMD_loss	: 1.7692
cond_ent_wt	: 4.8301
Src_reg_loss	: 0.0292
-------------------------------------
[Epoch : 173/500]
Total_loss	: 0.0951
Coral_loss	: 0.0000
MMD_loss	: 1.7682
cond_ent_wt	: 4.8301
Src_reg_loss	: 0.0291
-------------------------------------
[Epoch : 174/500]
Total_loss	: 0.0950
Coral_loss	: 0.0000
MMD_loss	: 1.7673
cond_ent_wt	: 4.8301
Src_reg_loss	: 0.0290
-------------------------------------
[Epoch : 175/500]
Total_loss	: 0.0949
Coral_loss	: 0.0000
MMD_loss	: 1.7664
cond_ent_wt	: 4.8301
Src_reg_loss	: 0.0290
-------------------------------------
[Epoch : 176/500]
Total_loss	: 0.0948
Coral_loss	: 0.0000
MMD_loss	: 1.7656
cond_ent_wt	: 4.8300
Src_reg_loss	: 0.0289
-------------------------------------
[Epoch : 177/500]
Total_loss	: 0.0948
Coral_loss	: 0.0000
MMD_loss	: 1.7648
cond_ent_wt	: 4.8300
Src_reg_loss	: 0.0288
-------------------------------------
[Epoch : 178/500]
Total_loss	: 0.0947
Coral_loss	: 0.0000
MMD_loss	: 1.7640
cond_ent_wt	: 4.8300
Src_reg_loss	: 0.0287
-------------------------------------
[Epoch : 179/500]
Total_loss	: 0.0946
Coral_loss	: 0.0000
MMD_loss	: 1.7632
cond_ent_wt	: 4.8300
Src_reg_loss	: 0.0287
-------------------------------------
[Epoch : 180/500]
Total_loss	: 0.0945
Coral_loss	: 0.0000
MMD_loss	: 1.7624
cond_ent_wt	: 4.8300
Src_reg_loss	: 0.0286
-------------------------------------
[Epoch : 181/500]
Total_loss	: 0.0944
Coral_loss	: 0.0000
MMD_loss	: 1.7617
cond_ent_wt	: 4.8299
Src_reg_loss	: 0.0285
-------------------------------------
[Epoch : 182/500]
Total_loss	: 0.0943
Coral_loss	: 0.0000
MMD_loss	: 1.7610
cond_ent_wt	: 4.8299
Src_reg_loss	: 0.0284
-------------------------------------
[Epoch : 183/500]
Total_loss	: 0.0943
Coral_loss	: 0.0000
MMD_loss	: 1.7603
cond_ent_wt	: 4.8299
Src_reg_loss	: 0.0284
-------------------------------------
[Epoch : 184/500]
Total_loss	: 0.0942
Coral_loss	: 0.0000
MMD_loss	: 1.7597
cond_ent_wt	: 4.8299
Src_reg_loss	: 0.0283
-------------------------------------
[Epoch : 185/500]
Total_loss	: 0.0941
Coral_loss	: 0.0000
MMD_loss	: 1.7590
cond_ent_wt	: 4.8299
Src_reg_loss	: 0.0282
-------------------------------------
[Epoch : 186/500]
Total_loss	: 0.0940
Coral_loss	: 0.0000
MMD_loss	: 1.7584
cond_ent_wt	: 4.8298
Src_reg_loss	: 0.0282
-------------------------------------
[Epoch : 187/500]
Total_loss	: 0.0940
Coral_loss	: 0.0000
MMD_loss	: 1.7578
cond_ent_wt	: 4.8298
Src_reg_loss	: 0.0281
-------------------------------------
[Epoch : 188/500]
Total_loss	: 0.0939
Coral_loss	: 0.0000
MMD_loss	: 1.7572
cond_ent_wt	: 4.8298
Src_reg_loss	: 0.0280
-------------------------------------
[Epoch : 189/500]
Total_loss	: 0.0938
Coral_loss	: 0.0000
MMD_loss	: 1.7567
cond_ent_wt	: 4.8298
Src_reg_loss	: 0.0279
-------------------------------------
[Epoch : 190/500]
Total_loss	: 0.0937
Coral_loss	: 0.0000
MMD_loss	: 1.7561
cond_ent_wt	: 4.8298
Src_reg_loss	: 0.0279
-------------------------------------
[Epoch : 191/500]
Total_loss	: 0.0937
Coral_loss	: 0.0000
MMD_loss	: 1.7556
cond_ent_wt	: 4.8297
Src_reg_loss	: 0.0278
-------------------------------------
[Epoch : 192/500]
Total_loss	: 0.0936
Coral_loss	: 0.0000
MMD_loss	: 1.7551
cond_ent_wt	: 4.8297
Src_reg_loss	: 0.0277
-------------------------------------
[Epoch : 193/500]
Total_loss	: 0.0935
Coral_loss	: 0.0000
MMD_loss	: 1.7546
cond_ent_wt	: 4.8297
Src_reg_loss	: 0.0277
-------------------------------------
[Epoch : 194/500]
Total_loss	: 0.0934
Coral_loss	: 0.0000
MMD_loss	: 1.7541
cond_ent_wt	: 4.8297
Src_reg_loss	: 0.0276
-------------------------------------
[Epoch : 195/500]
Total_loss	: 0.0934
Coral_loss	: 0.0000
MMD_loss	: 1.7537
cond_ent_wt	: 4.8296
Src_reg_loss	: 0.0275
-------------------------------------
[Epoch : 196/500]
Total_loss	: 0.0933
Coral_loss	: 0.0000
MMD_loss	: 1.7532
cond_ent_wt	: 4.8296
Src_reg_loss	: 0.0275
-------------------------------------
[Epoch : 197/500]
Total_loss	: 0.0932
Coral_loss	: 0.0000
MMD_loss	: 1.7528
cond_ent_wt	: 4.8296
Src_reg_loss	: 0.0274
-------------------------------------
[Epoch : 198/500]
Total_loss	: 0.0932
Coral_loss	: 0.0000
MMD_loss	: 1.7523
cond_ent_wt	: 4.8296
Src_reg_loss	: 0.0273
-------------------------------------
[Epoch : 199/500]
Total_loss	: 0.0931
Coral_loss	: 0.0000
MMD_loss	: 1.7519
cond_ent_wt	: 4.8295
Src_reg_loss	: 0.0273
-------------------------------------
[Epoch : 200/500]
Total_loss	: 0.0930
Coral_loss	: 0.0000
MMD_loss	: 1.7515
cond_ent_wt	: 4.8295
Src_reg_loss	: 0.0272
-------------------------------------
[Epoch : 201/500]
Total_loss	: 0.0930
Coral_loss	: 0.0000
MMD_loss	: 1.7511
cond_ent_wt	: 4.8295
Src_reg_loss	: 0.0272
-------------------------------------
[Epoch : 202/500]
Total_loss	: 0.0929
Coral_loss	: 0.0000
MMD_loss	: 1.7508
cond_ent_wt	: 4.8295
Src_reg_loss	: 0.0271
-------------------------------------
[Epoch : 203/500]
Total_loss	: 0.0928
Coral_loss	: 0.0000
MMD_loss	: 1.7504
cond_ent_wt	: 4.8294
Src_reg_loss	: 0.0270
-------------------------------------
[Epoch : 204/500]
Total_loss	: 0.0928
Coral_loss	: 0.0000
MMD_loss	: 1.7500
cond_ent_wt	: 4.8294
Src_reg_loss	: 0.0270
-------------------------------------
[Epoch : 205/500]
Total_loss	: 0.0927
Coral_loss	: 0.0000
MMD_loss	: 1.7497
cond_ent_wt	: 4.8294
Src_reg_loss	: 0.0269
-------------------------------------
[Epoch : 206/500]
Total_loss	: 0.0926
Coral_loss	: 0.0000
MMD_loss	: 1.7493
cond_ent_wt	: 4.8294
Src_reg_loss	: 0.0268
-------------------------------------
[Epoch : 207/500]
Total_loss	: 0.0926
Coral_loss	: 0.0000
MMD_loss	: 1.7490
cond_ent_wt	: 4.8293
Src_reg_loss	: 0.0268
-------------------------------------
[Epoch : 208/500]
Total_loss	: 0.0925
Coral_loss	: 0.0000
MMD_loss	: 1.7487
cond_ent_wt	: 4.8293
Src_reg_loss	: 0.0267
-------------------------------------
[Epoch : 209/500]
Total_loss	: 0.0924
Coral_loss	: 0.0000
MMD_loss	: 1.7484
cond_ent_wt	: 4.8293
Src_reg_loss	: 0.0267
-------------------------------------
[Epoch : 210/500]
Total_loss	: 0.0924
Coral_loss	: 0.0000
MMD_loss	: 1.7481
cond_ent_wt	: 4.8292
Src_reg_loss	: 0.0266
-------------------------------------
[Epoch : 211/500]
Total_loss	: 0.0923
Coral_loss	: 0.0000
MMD_loss	: 1.7478
cond_ent_wt	: 4.8292
Src_reg_loss	: 0.0265
-------------------------------------
[Epoch : 212/500]
Total_loss	: 0.0922
Coral_loss	: 0.0000
MMD_loss	: 1.7475
cond_ent_wt	: 4.8292
Src_reg_loss	: 0.0265
-------------------------------------
[Epoch : 213/500]
Total_loss	: 0.0922
Coral_loss	: 0.0000
MMD_loss	: 1.7472
cond_ent_wt	: 4.8292
Src_reg_loss	: 0.0264
-------------------------------------
[Epoch : 214/500]
Total_loss	: 0.0921
Coral_loss	: 0.0000
MMD_loss	: 1.7469
cond_ent_wt	: 4.8291
Src_reg_loss	: 0.0264
-------------------------------------
[Epoch : 215/500]
Total_loss	: 0.0921
Coral_loss	: 0.0000
MMD_loss	: 1.7466
cond_ent_wt	: 4.8291
Src_reg_loss	: 0.0263
-------------------------------------
[Epoch : 216/500]
Total_loss	: 0.0920
Coral_loss	: 0.0000
MMD_loss	: 1.7463
cond_ent_wt	: 4.8291
Src_reg_loss	: 0.0262
-------------------------------------
[Epoch : 217/500]
Total_loss	: 0.0919
Coral_loss	: 0.0000
MMD_loss	: 1.7461
cond_ent_wt	: 4.8290
Src_reg_loss	: 0.0262
-------------------------------------
[Epoch : 218/500]
Total_loss	: 0.0919
Coral_loss	: 0.0000
MMD_loss	: 1.7458
cond_ent_wt	: 4.8290
Src_reg_loss	: 0.0261
-------------------------------------
[Epoch : 219/500]
Total_loss	: 0.0918
Coral_loss	: 0.0000
MMD_loss	: 1.7455
cond_ent_wt	: 4.8290
Src_reg_loss	: 0.0261
-------------------------------------
[Epoch : 220/500]
Total_loss	: 0.0918
Coral_loss	: 0.0000
MMD_loss	: 1.7453
cond_ent_wt	: 4.8289
Src_reg_loss	: 0.0260
-------------------------------------
[Epoch : 221/500]
Total_loss	: 0.0917
Coral_loss	: 0.0000
MMD_loss	: 1.7450
cond_ent_wt	: 4.8289
Src_reg_loss	: 0.0260
-------------------------------------
[Epoch : 222/500]
Total_loss	: 0.0916
Coral_loss	: 0.0000
MMD_loss	: 1.7448
cond_ent_wt	: 4.8289
Src_reg_loss	: 0.0259
-------------------------------------
[Epoch : 223/500]
Total_loss	: 0.0916
Coral_loss	: 0.0000
MMD_loss	: 1.7445
cond_ent_wt	: 4.8288
Src_reg_loss	: 0.0259
-------------------------------------
[Epoch : 224/500]
Total_loss	: 0.0915
Coral_loss	: 0.0000
MMD_loss	: 1.7443
cond_ent_wt	: 4.8288
Src_reg_loss	: 0.0258
-------------------------------------
[Epoch : 225/500]
Total_loss	: 0.0915
Coral_loss	: 0.0000
MMD_loss	: 1.7440
cond_ent_wt	: 4.8288
Src_reg_loss	: 0.0257
-------------------------------------
[Epoch : 226/500]
Total_loss	: 0.0914
Coral_loss	: 0.0000
MMD_loss	: 1.7438
cond_ent_wt	: 4.8287
Src_reg_loss	: 0.0257
-------------------------------------
[Epoch : 227/500]
Total_loss	: 0.0914
Coral_loss	: 0.0000
MMD_loss	: 1.7435
cond_ent_wt	: 4.8287
Src_reg_loss	: 0.0256
-------------------------------------
[Epoch : 228/500]
Total_loss	: 0.0913
Coral_loss	: 0.0000
MMD_loss	: 1.7433
cond_ent_wt	: 4.8287
Src_reg_loss	: 0.0256
-------------------------------------
[Epoch : 229/500]
Total_loss	: 0.0912
Coral_loss	: 0.0000
MMD_loss	: 1.7430
cond_ent_wt	: 4.8286
Src_reg_loss	: 0.0255
-------------------------------------
[Epoch : 230/500]
Total_loss	: 0.0912
Coral_loss	: 0.0000
MMD_loss	: 1.7428
cond_ent_wt	: 4.8286
Src_reg_loss	: 0.0255
-------------------------------------
[Epoch : 231/500]
Total_loss	: 0.0911
Coral_loss	: 0.0000
MMD_loss	: 1.7425
cond_ent_wt	: 4.8286
Src_reg_loss	: 0.0254
-------------------------------------
[Epoch : 232/500]
Total_loss	: 0.0911
Coral_loss	: 0.0000
MMD_loss	: 1.7423
cond_ent_wt	: 4.8285
Src_reg_loss	: 0.0254
-------------------------------------
[Epoch : 233/500]
Total_loss	: 0.0910
Coral_loss	: 0.0000
MMD_loss	: 1.7420
cond_ent_wt	: 4.8285
Src_reg_loss	: 0.0253
-------------------------------------
[Epoch : 234/500]
Total_loss	: 0.0910
Coral_loss	: 0.0000
MMD_loss	: 1.7418
cond_ent_wt	: 4.8285
Src_reg_loss	: 0.0253
-------------------------------------
[Epoch : 235/500]
Total_loss	: 0.0909
Coral_loss	: 0.0000
MMD_loss	: 1.7415
cond_ent_wt	: 4.8284
Src_reg_loss	: 0.0252
-------------------------------------
[Epoch : 236/500]
Total_loss	: 0.0909
Coral_loss	: 0.0000
MMD_loss	: 1.7413
cond_ent_wt	: 4.8284
Src_reg_loss	: 0.0252
-------------------------------------
[Epoch : 237/500]
Total_loss	: 0.0908
Coral_loss	: 0.0000
MMD_loss	: 1.7411
cond_ent_wt	: 4.8283
Src_reg_loss	: 0.0251
-------------------------------------
[Epoch : 238/500]
Total_loss	: 0.0908
Coral_loss	: 0.0000
MMD_loss	: 1.7408
cond_ent_wt	: 4.8283
Src_reg_loss	: 0.0251
-------------------------------------
[Epoch : 239/500]
Total_loss	: 0.0907
Coral_loss	: 0.0000
MMD_loss	: 1.7406
cond_ent_wt	: 4.8283
Src_reg_loss	: 0.0250
-------------------------------------
[Epoch : 240/500]
Total_loss	: 0.0906
Coral_loss	: 0.0000
MMD_loss	: 1.7403
cond_ent_wt	: 4.8282
Src_reg_loss	: 0.0250
-------------------------------------
[Epoch : 241/500]
Total_loss	: 0.0906
Coral_loss	: 0.0000
MMD_loss	: 1.7401
cond_ent_wt	: 4.8282
Src_reg_loss	: 0.0249
-------------------------------------
[Epoch : 242/500]
Total_loss	: 0.0905
Coral_loss	: 0.0000
MMD_loss	: 1.7398
cond_ent_wt	: 4.8281
Src_reg_loss	: 0.0249
-------------------------------------
[Epoch : 243/500]
Total_loss	: 0.0905
Coral_loss	: 0.0000
MMD_loss	: 1.7396
cond_ent_wt	: 4.8281
Src_reg_loss	: 0.0248
-------------------------------------
[Epoch : 244/500]
Total_loss	: 0.0904
Coral_loss	: 0.0000
MMD_loss	: 1.7393
cond_ent_wt	: 4.8281
Src_reg_loss	: 0.0248
-------------------------------------
[Epoch : 245/500]
Total_loss	: 0.0904
Coral_loss	: 0.0000
MMD_loss	: 1.7391
cond_ent_wt	: 4.8280
Src_reg_loss	: 0.0247
-------------------------------------
[Epoch : 246/500]
Total_loss	: 0.0903
Coral_loss	: 0.0000
MMD_loss	: 1.7388
cond_ent_wt	: 4.8280
Src_reg_loss	: 0.0247
-------------------------------------
[Epoch : 247/500]
Total_loss	: 0.0903
Coral_loss	: 0.0000
MMD_loss	: 1.7386
cond_ent_wt	: 4.8279
Src_reg_loss	: 0.0246
-------------------------------------
[Epoch : 248/500]
Total_loss	: 0.0902
Coral_loss	: 0.0000
MMD_loss	: 1.7383
cond_ent_wt	: 4.8279
Src_reg_loss	: 0.0246
-------------------------------------
[Epoch : 249/500]
Total_loss	: 0.0902
Coral_loss	: 0.0000
MMD_loss	: 1.7381
cond_ent_wt	: 4.8279
Src_reg_loss	: 0.0245
-------------------------------------
[Epoch : 250/500]
Total_loss	: 0.0901
Coral_loss	: 0.0000
MMD_loss	: 1.7378
cond_ent_wt	: 4.8278
Src_reg_loss	: 0.0245
-------------------------------------
[Epoch : 251/500]
Total_loss	: 0.0901
Coral_loss	: 0.0000
MMD_loss	: 1.7376
cond_ent_wt	: 4.8278
Src_reg_loss	: 0.0244
-------------------------------------
[Epoch : 252/500]
Total_loss	: 0.0900
Coral_loss	: 0.0000
MMD_loss	: 1.7373
cond_ent_wt	: 4.8277
Src_reg_loss	: 0.0244
-------------------------------------
[Epoch : 253/500]
Total_loss	: 0.0900
Coral_loss	: 0.0000
MMD_loss	: 1.7370
cond_ent_wt	: 4.8277
Src_reg_loss	: 0.0243
-------------------------------------
[Epoch : 254/500]
Total_loss	: 0.0899
Coral_loss	: 0.0000
MMD_loss	: 1.7368
cond_ent_wt	: 4.8276
Src_reg_loss	: 0.0243
-------------------------------------
[Epoch : 255/500]
Total_loss	: 0.0899
Coral_loss	: 0.0000
MMD_loss	: 1.7365
cond_ent_wt	: 4.8276
Src_reg_loss	: 0.0243
-------------------------------------
[Epoch : 256/500]
Total_loss	: 0.0898
Coral_loss	: 0.0000
MMD_loss	: 1.7363
cond_ent_wt	: 4.8275
Src_reg_loss	: 0.0242
-------------------------------------
[Epoch : 257/500]
Total_loss	: 0.0898
Coral_loss	: 0.0000
MMD_loss	: 1.7360
cond_ent_wt	: 4.8275
Src_reg_loss	: 0.0242
-------------------------------------
[Epoch : 258/500]
Total_loss	: 0.0898
Coral_loss	: 0.0000
MMD_loss	: 1.7357
cond_ent_wt	: 4.8274
Src_reg_loss	: 0.0241
-------------------------------------
[Epoch : 259/500]
Total_loss	: 0.0897
Coral_loss	: 0.0000
MMD_loss	: 1.7355
cond_ent_wt	: 4.8274
Src_reg_loss	: 0.0241
-------------------------------------
[Epoch : 260/500]
Total_loss	: 0.0897
Coral_loss	: 0.0000
MMD_loss	: 1.7352
cond_ent_wt	: 4.8273
Src_reg_loss	: 0.0240
-------------------------------------
[Epoch : 261/500]
Total_loss	: 0.0896
Coral_loss	: 0.0000
MMD_loss	: 1.7349
cond_ent_wt	: 4.8273
Src_reg_loss	: 0.0240
-------------------------------------
[Epoch : 262/500]
Total_loss	: 0.0896
Coral_loss	: 0.0000
MMD_loss	: 1.7347
cond_ent_wt	: 4.8272
Src_reg_loss	: 0.0239
-------------------------------------
[Epoch : 263/500]
Total_loss	: 0.0895
Coral_loss	: 0.0000
MMD_loss	: 1.7344
cond_ent_wt	: 4.8272
Src_reg_loss	: 0.0239
-------------------------------------
[Epoch : 264/500]
Total_loss	: 0.0895
Coral_loss	: 0.0000
MMD_loss	: 1.7341
cond_ent_wt	: 4.8271
Src_reg_loss	: 0.0239
-------------------------------------
[Epoch : 265/500]
Total_loss	: 0.0894
Coral_loss	: 0.0000
MMD_loss	: 1.7338
cond_ent_wt	: 4.8271
Src_reg_loss	: 0.0238
-------------------------------------
[Epoch : 266/500]
Total_loss	: 0.0894
Coral_loss	: 0.0000
MMD_loss	: 1.7336
cond_ent_wt	: 4.8270
Src_reg_loss	: 0.0238
-------------------------------------
[Epoch : 267/500]
Total_loss	: 0.0893
Coral_loss	: 0.0000
MMD_loss	: 1.7333
cond_ent_wt	: 4.8270
Src_reg_loss	: 0.0237
-------------------------------------
[Epoch : 268/500]
Total_loss	: 0.0893
Coral_loss	: 0.0000
MMD_loss	: 1.7330
cond_ent_wt	: 4.8269
Src_reg_loss	: 0.0237
-------------------------------------
[Epoch : 269/500]
Total_loss	: 0.0892
Coral_loss	: 0.0000
MMD_loss	: 1.7327
cond_ent_wt	: 4.8269
Src_reg_loss	: 0.0236
-------------------------------------
[Epoch : 270/500]
Total_loss	: 0.0892
Coral_loss	: 0.0000
MMD_loss	: 1.7325
cond_ent_wt	: 4.8268
Src_reg_loss	: 0.0236
-------------------------------------
[Epoch : 271/500]
Total_loss	: 0.0892
Coral_loss	: 0.0000
MMD_loss	: 1.7322
cond_ent_wt	: 4.8268
Src_reg_loss	: 0.0236
-------------------------------------
[Epoch : 272/500]
Total_loss	: 0.0891
Coral_loss	: 0.0000
MMD_loss	: 1.7319
cond_ent_wt	: 4.8267
Src_reg_loss	: 0.0235
-------------------------------------
[Epoch : 273/500]
Total_loss	: 0.0891
Coral_loss	: 0.0000
MMD_loss	: 1.7316
cond_ent_wt	: 4.8267
Src_reg_loss	: 0.0235
-------------------------------------
[Epoch : 274/500]
Total_loss	: 0.0890
Coral_loss	: 0.0000
MMD_loss	: 1.7313
cond_ent_wt	: 4.8266
Src_reg_loss	: 0.0234
-------------------------------------
[Epoch : 275/500]
Total_loss	: 0.0890
Coral_loss	: 0.0000
MMD_loss	: 1.7310
cond_ent_wt	: 4.8265
Src_reg_loss	: 0.0234
-------------------------------------
[Epoch : 276/500]
Total_loss	: 0.0889
Coral_loss	: 0.0000
MMD_loss	: 1.7307
cond_ent_wt	: 4.8265
Src_reg_loss	: 0.0234
-------------------------------------
[Epoch : 277/500]
Total_loss	: 0.0889
Coral_loss	: 0.0000
MMD_loss	: 1.7304
cond_ent_wt	: 4.8264
Src_reg_loss	: 0.0233
-------------------------------------
[Epoch : 278/500]
Total_loss	: 0.0888
Coral_loss	: 0.0000
MMD_loss	: 1.7302
cond_ent_wt	: 4.8264
Src_reg_loss	: 0.0233
-------------------------------------
[Epoch : 279/500]
Total_loss	: 0.0888
Coral_loss	: 0.0000
MMD_loss	: 1.7299
cond_ent_wt	: 4.8263
Src_reg_loss	: 0.0232
-------------------------------------
[Epoch : 280/500]
Total_loss	: 0.0888
Coral_loss	: 0.0000
MMD_loss	: 1.7296
cond_ent_wt	: 4.8263
Src_reg_loss	: 0.0232
-------------------------------------
[Epoch : 281/500]
Total_loss	: 0.0887
Coral_loss	: 0.0000
MMD_loss	: 1.7293
cond_ent_wt	: 4.8262
Src_reg_loss	: 0.0232
-------------------------------------
[Epoch : 282/500]
Total_loss	: 0.0887
Coral_loss	: 0.0000
MMD_loss	: 1.7290
cond_ent_wt	: 4.8261
Src_reg_loss	: 0.0231
-------------------------------------
[Epoch : 283/500]
Total_loss	: 0.0886
Coral_loss	: 0.0000
MMD_loss	: 1.7287
cond_ent_wt	: 4.8261
Src_reg_loss	: 0.0231
-------------------------------------
[Epoch : 284/500]
Total_loss	: 0.0886
Coral_loss	: 0.0000
MMD_loss	: 1.7284
cond_ent_wt	: 4.8260
Src_reg_loss	: 0.0230
-------------------------------------
[Epoch : 285/500]
Total_loss	: 0.0885
Coral_loss	: 0.0000
MMD_loss	: 1.7280
cond_ent_wt	: 4.8259
Src_reg_loss	: 0.0230
-------------------------------------
[Epoch : 286/500]
Total_loss	: 0.0885
Coral_loss	: 0.0000
MMD_loss	: 1.7277
cond_ent_wt	: 4.8259
Src_reg_loss	: 0.0230
-------------------------------------
[Epoch : 287/500]
Total_loss	: 0.0885
Coral_loss	: 0.0000
MMD_loss	: 1.7274
cond_ent_wt	: 4.8258
Src_reg_loss	: 0.0229
-------------------------------------
[Epoch : 288/500]
Total_loss	: 0.0884
Coral_loss	: 0.0000
MMD_loss	: 1.7271
cond_ent_wt	: 4.8257
Src_reg_loss	: 0.0229
-------------------------------------
[Epoch : 289/500]
Total_loss	: 0.0884
Coral_loss	: 0.0000
MMD_loss	: 1.7268
cond_ent_wt	: 4.8257
Src_reg_loss	: 0.0229
-------------------------------------
[Epoch : 290/500]
Total_loss	: 0.0883
Coral_loss	: 0.0000
MMD_loss	: 1.7265
cond_ent_wt	: 4.8256
Src_reg_loss	: 0.0228
-------------------------------------
[Epoch : 291/500]
Total_loss	: 0.0883
Coral_loss	: 0.0000
MMD_loss	: 1.7262
cond_ent_wt	: 4.8255
Src_reg_loss	: 0.0228
-------------------------------------
[Epoch : 292/500]
Total_loss	: 0.0883
Coral_loss	: 0.0000
MMD_loss	: 1.7259
cond_ent_wt	: 4.8255
Src_reg_loss	: 0.0227
-------------------------------------
[Epoch : 293/500]
Total_loss	: 0.0882
Coral_loss	: 0.0000
MMD_loss	: 1.7256
cond_ent_wt	: 4.8254
Src_reg_loss	: 0.0227
-------------------------------------
[Epoch : 294/500]
Total_loss	: 0.0882
Coral_loss	: 0.0000
MMD_loss	: 1.7253
cond_ent_wt	: 4.8253
Src_reg_loss	: 0.0227
-------------------------------------
[Epoch : 295/500]
Total_loss	: 0.0881
Coral_loss	: 0.0000
MMD_loss	: 1.7250
cond_ent_wt	: 4.8253
Src_reg_loss	: 0.0226
-------------------------------------
[Epoch : 296/500]
Total_loss	: 0.0881
Coral_loss	: 0.0000
MMD_loss	: 1.7246
cond_ent_wt	: 4.8252
Src_reg_loss	: 0.0226
-------------------------------------
[Epoch : 297/500]
Total_loss	: 0.0881
Coral_loss	: 0.0000
MMD_loss	: 1.7243
cond_ent_wt	: 4.8251
Src_reg_loss	: 0.0226
-------------------------------------
[Epoch : 298/500]
Total_loss	: 0.0880
Coral_loss	: 0.0000
MMD_loss	: 1.7240
cond_ent_wt	: 4.8251
Src_reg_loss	: 0.0225
-------------------------------------
[Epoch : 299/500]
Total_loss	: 0.0880
Coral_loss	: 0.0000
MMD_loss	: 1.7237
cond_ent_wt	: 4.8250
Src_reg_loss	: 0.0225
-------------------------------------
[Epoch : 300/500]
Total_loss	: 0.0879
Coral_loss	: 0.0000
MMD_loss	: 1.7234
cond_ent_wt	: 4.8249
Src_reg_loss	: 0.0225
-------------------------------------
[Epoch : 301/500]
Total_loss	: 0.0879
Coral_loss	: 0.0000
MMD_loss	: 1.7231
cond_ent_wt	: 4.8248
Src_reg_loss	: 0.0224
-------------------------------------
[Epoch : 302/500]
Total_loss	: 0.0879
Coral_loss	: 0.0000
MMD_loss	: 1.7228
cond_ent_wt	: 4.8248
Src_reg_loss	: 0.0224
-------------------------------------
[Epoch : 303/500]
Total_loss	: 0.0878
Coral_loss	: 0.0000
MMD_loss	: 1.7224
cond_ent_wt	: 4.8247
Src_reg_loss	: 0.0224
-------------------------------------
[Epoch : 304/500]
Total_loss	: 0.0878
Coral_loss	: 0.0000
MMD_loss	: 1.7221
cond_ent_wt	: 4.8246
Src_reg_loss	: 0.0223
-------------------------------------
[Epoch : 305/500]
Total_loss	: 0.0877
Coral_loss	: 0.0000
MMD_loss	: 1.7218
cond_ent_wt	: 4.8245
Src_reg_loss	: 0.0223
-------------------------------------
[Epoch : 306/500]
Total_loss	: 0.0877
Coral_loss	: 0.0000
MMD_loss	: 1.7215
cond_ent_wt	: 4.8244
Src_reg_loss	: 0.0222
-------------------------------------
[Epoch : 307/500]
Total_loss	: 0.0877
Coral_loss	: 0.0000
MMD_loss	: 1.7212
cond_ent_wt	: 4.8244
Src_reg_loss	: 0.0222
-------------------------------------
[Epoch : 308/500]
Total_loss	: 0.0876
Coral_loss	: 0.0000
MMD_loss	: 1.7208
cond_ent_wt	: 4.8243
Src_reg_loss	: 0.0222
-------------------------------------
[Epoch : 309/500]
Total_loss	: 0.0876
Coral_loss	: 0.0000
MMD_loss	: 1.7205
cond_ent_wt	: 4.8242
Src_reg_loss	: 0.0221
-------------------------------------
[Epoch : 310/500]
Total_loss	: 0.0876
Coral_loss	: 0.0000
MMD_loss	: 1.7202
cond_ent_wt	: 4.8241
Src_reg_loss	: 0.0221
-------------------------------------
[Epoch : 311/500]
Total_loss	: 0.0875
Coral_loss	: 0.0000
MMD_loss	: 1.7199
cond_ent_wt	: 4.8240
Src_reg_loss	: 0.0221
-------------------------------------
[Epoch : 312/500]
Total_loss	: 0.0875
Coral_loss	: 0.0000
MMD_loss	: 1.7196
cond_ent_wt	: 4.8239
Src_reg_loss	: 0.0220
-------------------------------------
[Epoch : 313/500]
Total_loss	: 0.0874
Coral_loss	: 0.0000
MMD_loss	: 1.7193
cond_ent_wt	: 4.8239
Src_reg_loss	: 0.0220
-------------------------------------
[Epoch : 314/500]
Total_loss	: 0.0874
Coral_loss	: 0.0000
MMD_loss	: 1.7189
cond_ent_wt	: 4.8238
Src_reg_loss	: 0.0220
-------------------------------------
[Epoch : 315/500]
Total_loss	: 0.0874
Coral_loss	: 0.0000
MMD_loss	: 1.7186
cond_ent_wt	: 4.8237
Src_reg_loss	: 0.0219
-------------------------------------
[Epoch : 316/500]
Total_loss	: 0.0873
Coral_loss	: 0.0000
MMD_loss	: 1.7183
cond_ent_wt	: 4.8236
Src_reg_loss	: 0.0219
-------------------------------------
[Epoch : 317/500]
Total_loss	: 0.0873
Coral_loss	: 0.0000
MMD_loss	: 1.7180
cond_ent_wt	: 4.8235
Src_reg_loss	: 0.0219
-------------------------------------
[Epoch : 318/500]
Total_loss	: 0.0873
Coral_loss	: 0.0000
MMD_loss	: 1.7177
cond_ent_wt	: 4.8234
Src_reg_loss	: 0.0219
-------------------------------------
[Epoch : 319/500]
Total_loss	: 0.0872
Coral_loss	: 0.0000
MMD_loss	: 1.7173
cond_ent_wt	: 4.8233
Src_reg_loss	: 0.0218
-------------------------------------
[Epoch : 320/500]
Total_loss	: 0.0872
Coral_loss	: 0.0000
MMD_loss	: 1.7170
cond_ent_wt	: 4.8232
Src_reg_loss	: 0.0218
-------------------------------------
[Epoch : 321/500]
Total_loss	: 0.0872
Coral_loss	: 0.0000
MMD_loss	: 1.7167
cond_ent_wt	: 4.8232
Src_reg_loss	: 0.0218
-------------------------------------
[Epoch : 322/500]
Total_loss	: 0.0871
Coral_loss	: 0.0000
MMD_loss	: 1.7164
cond_ent_wt	: 4.8231
Src_reg_loss	: 0.0217
-------------------------------------
[Epoch : 323/500]
Total_loss	: 0.0871
Coral_loss	: 0.0000
MMD_loss	: 1.7161
cond_ent_wt	: 4.8230
Src_reg_loss	: 0.0217
-------------------------------------
[Epoch : 324/500]
Total_loss	: 0.0870
Coral_loss	: 0.0000
MMD_loss	: 1.7158
cond_ent_wt	: 4.8229
Src_reg_loss	: 0.0217
-------------------------------------
[Epoch : 325/500]
Total_loss	: 0.0870
Coral_loss	: 0.0000
MMD_loss	: 1.7154
cond_ent_wt	: 4.8228
Src_reg_loss	: 0.0216
-------------------------------------
[Epoch : 326/500]
Total_loss	: 0.0870
Coral_loss	: 0.0000
MMD_loss	: 1.7151
cond_ent_wt	: 4.8227
Src_reg_loss	: 0.0216
-------------------------------------
[Epoch : 327/500]
Total_loss	: 0.0869
Coral_loss	: 0.0000
MMD_loss	: 1.7148
cond_ent_wt	: 4.8226
Src_reg_loss	: 0.0216
-------------------------------------
[Epoch : 328/500]
Total_loss	: 0.0869
Coral_loss	: 0.0000
MMD_loss	: 1.7145
cond_ent_wt	: 4.8225
Src_reg_loss	: 0.0215
-------------------------------------
[Epoch : 329/500]
Total_loss	: 0.0869
Coral_loss	: 0.0000
MMD_loss	: 1.7142
cond_ent_wt	: 4.8224
Src_reg_loss	: 0.0215
-------------------------------------
[Epoch : 330/500]
Total_loss	: 0.0868
Coral_loss	: 0.0000
MMD_loss	: 1.7139
cond_ent_wt	: 4.8223
Src_reg_loss	: 0.0215
-------------------------------------
[Epoch : 331/500]
Total_loss	: 0.0868
Coral_loss	: 0.0000
MMD_loss	: 1.7136
cond_ent_wt	: 4.8222
Src_reg_loss	: 0.0214
-------------------------------------
[Epoch : 332/500]
Total_loss	: 0.0868
Coral_loss	: 0.0000
MMD_loss	: 1.7133
cond_ent_wt	: 4.8221
Src_reg_loss	: 0.0214
-------------------------------------
[Epoch : 333/500]
Total_loss	: 0.0867
Coral_loss	: 0.0000
MMD_loss	: 1.7129
cond_ent_wt	: 4.8220
Src_reg_loss	: 0.0214
-------------------------------------
[Epoch : 334/500]
Total_loss	: 0.0867
Coral_loss	: 0.0000
MMD_loss	: 1.7126
cond_ent_wt	: 4.8219
Src_reg_loss	: 0.0214
-------------------------------------
[Epoch : 335/500]
Total_loss	: 0.0867
Coral_loss	: 0.0000
MMD_loss	: 1.7123
cond_ent_wt	: 4.8218
Src_reg_loss	: 0.0213
-------------------------------------
[Epoch : 336/500]
Total_loss	: 0.0866
Coral_loss	: 0.0000
MMD_loss	: 1.7120
cond_ent_wt	: 4.8217
Src_reg_loss	: 0.0213
-------------------------------------
[Epoch : 337/500]
Total_loss	: 0.0866
Coral_loss	: 0.0000
MMD_loss	: 1.7117
cond_ent_wt	: 4.8216
Src_reg_loss	: 0.0213
-------------------------------------
[Epoch : 338/500]
Total_loss	: 0.0866
Coral_loss	: 0.0000
MMD_loss	: 1.7114
cond_ent_wt	: 4.8215
Src_reg_loss	: 0.0212
-------------------------------------
[Epoch : 339/500]
Total_loss	: 0.0865
Coral_loss	: 0.0000
MMD_loss	: 1.7111
cond_ent_wt	: 4.8214
Src_reg_loss	: 0.0212
-------------------------------------
[Epoch : 340/500]
Total_loss	: 0.0865
Coral_loss	: 0.0000
MMD_loss	: 1.7108
cond_ent_wt	: 4.8212
Src_reg_loss	: 0.0212
-------------------------------------
[Epoch : 341/500]
Total_loss	: 0.0865
Coral_loss	: 0.0000
MMD_loss	: 1.7105
cond_ent_wt	: 4.8211
Src_reg_loss	: 0.0212
-------------------------------------
[Epoch : 342/500]
Total_loss	: 0.0864
Coral_loss	: 0.0000
MMD_loss	: 1.7102
cond_ent_wt	: 4.8210
Src_reg_loss	: 0.0211
-------------------------------------
[Epoch : 343/500]
Total_loss	: 0.0864
Coral_loss	: 0.0000
MMD_loss	: 1.7099
cond_ent_wt	: 4.8209
Src_reg_loss	: 0.0211
-------------------------------------
[Epoch : 344/500]
Total_loss	: 0.0864
Coral_loss	: 0.0000
MMD_loss	: 1.7096
cond_ent_wt	: 4.8208
Src_reg_loss	: 0.0211
-------------------------------------
[Epoch : 345/500]
Total_loss	: 0.0863
Coral_loss	: 0.0000
MMD_loss	: 1.7093
cond_ent_wt	: 4.8207
Src_reg_loss	: 0.0210
-------------------------------------
[Epoch : 346/500]
Total_loss	: 0.0863
Coral_loss	: 0.0000
MMD_loss	: 1.7090
cond_ent_wt	: 4.8206
Src_reg_loss	: 0.0210
-------------------------------------
[Epoch : 347/500]
Total_loss	: 0.0863
Coral_loss	: 0.0000
MMD_loss	: 1.7087
cond_ent_wt	: 4.8205
Src_reg_loss	: 0.0210
-------------------------------------
[Epoch : 348/500]
Total_loss	: 0.0862
Coral_loss	: 0.0000
MMD_loss	: 1.7084
cond_ent_wt	: 4.8203
Src_reg_loss	: 0.0210
-------------------------------------
[Epoch : 349/500]
Total_loss	: 0.0862
Coral_loss	: 0.0000
MMD_loss	: 1.7081
cond_ent_wt	: 4.8202
Src_reg_loss	: 0.0209
-------------------------------------
[Epoch : 350/500]
Total_loss	: 0.0862
Coral_loss	: 0.0000
MMD_loss	: 1.7078
cond_ent_wt	: 4.8201
Src_reg_loss	: 0.0209
-------------------------------------
[Epoch : 351/500]
Total_loss	: 0.0862
Coral_loss	: 0.0000
MMD_loss	: 1.7075
cond_ent_wt	: 4.8200
Src_reg_loss	: 0.0209
-------------------------------------
[Epoch : 352/500]
Total_loss	: 0.0861
Coral_loss	: 0.0000
MMD_loss	: 1.7072
cond_ent_wt	: 4.8199
Src_reg_loss	: 0.0208
-------------------------------------
[Epoch : 353/500]
Total_loss	: 0.0861
Coral_loss	: 0.0000
MMD_loss	: 1.7069
cond_ent_wt	: 4.8197
Src_reg_loss	: 0.0208
-------------------------------------
[Epoch : 354/500]
Total_loss	: 0.0861
Coral_loss	: 0.0000
MMD_loss	: 1.7066
cond_ent_wt	: 4.8196
Src_reg_loss	: 0.0208
-------------------------------------
[Epoch : 355/500]
Total_loss	: 0.0860
Coral_loss	: 0.0000
MMD_loss	: 1.7063
cond_ent_wt	: 4.8195
Src_reg_loss	: 0.0208
-------------------------------------
[Epoch : 356/500]
Total_loss	: 0.0860
Coral_loss	: 0.0000
MMD_loss	: 1.7060
cond_ent_wt	: 4.8194
Src_reg_loss	: 0.0207
-------------------------------------
[Epoch : 357/500]
Total_loss	: 0.0860
Coral_loss	: 0.0000
MMD_loss	: 1.7057
cond_ent_wt	: 4.8193
Src_reg_loss	: 0.0207
-------------------------------------
[Epoch : 358/500]
Total_loss	: 0.0859
Coral_loss	: 0.0000
MMD_loss	: 1.7054
cond_ent_wt	: 4.8191
Src_reg_loss	: 0.0207
-------------------------------------
[Epoch : 359/500]
Total_loss	: 0.0859
Coral_loss	: 0.0000
MMD_loss	: 1.7052
cond_ent_wt	: 4.8190
Src_reg_loss	: 0.0207
-------------------------------------
[Epoch : 360/500]
Total_loss	: 0.0859
Coral_loss	: 0.0000
MMD_loss	: 1.7049
cond_ent_wt	: 4.8189
Src_reg_loss	: 0.0206
-------------------------------------
[Epoch : 361/500]
Total_loss	: 0.0858
Coral_loss	: 0.0000
MMD_loss	: 1.7046
cond_ent_wt	: 4.8187
Src_reg_loss	: 0.0206
-------------------------------------
[Epoch : 362/500]
Total_loss	: 0.0858
Coral_loss	: 0.0000
MMD_loss	: 1.7043
cond_ent_wt	: 4.8186
Src_reg_loss	: 0.0206
-------------------------------------
[Epoch : 363/500]
Total_loss	: 0.0858
Coral_loss	: 0.0000
MMD_loss	: 1.7040
cond_ent_wt	: 4.8185
Src_reg_loss	: 0.0206
-------------------------------------
[Epoch : 364/500]
Total_loss	: 0.0858
Coral_loss	: 0.0000
MMD_loss	: 1.7037
cond_ent_wt	: 4.8183
Src_reg_loss	: 0.0205
-------------------------------------
[Epoch : 365/500]
Total_loss	: 0.0857
Coral_loss	: 0.0000
MMD_loss	: 1.7034
cond_ent_wt	: 4.8182
Src_reg_loss	: 0.0205
-------------------------------------
[Epoch : 366/500]
Total_loss	: 0.0857
Coral_loss	: 0.0000
MMD_loss	: 1.7031
cond_ent_wt	: 4.8181
Src_reg_loss	: 0.0205
-------------------------------------
[Epoch : 367/500]
Total_loss	: 0.0857
Coral_loss	: 0.0000
MMD_loss	: 1.7029
cond_ent_wt	: 4.8179
Src_reg_loss	: 0.0205
-------------------------------------
[Epoch : 368/500]
Total_loss	: 0.0856
Coral_loss	: 0.0000
MMD_loss	: 1.7026
cond_ent_wt	: 4.8178
Src_reg_loss	: 0.0204
-------------------------------------
[Epoch : 369/500]
Total_loss	: 0.0856
Coral_loss	: 0.0000
MMD_loss	: 1.7023
cond_ent_wt	: 4.8176
Src_reg_loss	: 0.0204
-------------------------------------
[Epoch : 370/500]
Total_loss	: 0.0856
Coral_loss	: 0.0000
MMD_loss	: 1.7020
cond_ent_wt	: 4.8175
Src_reg_loss	: 0.0204
-------------------------------------
[Epoch : 371/500]
Total_loss	: 0.0855
Coral_loss	: 0.0000
MMD_loss	: 1.7017
cond_ent_wt	: 4.8174
Src_reg_loss	: 0.0204
-------------------------------------
[Epoch : 372/500]
Total_loss	: 0.0855
Coral_loss	: 0.0000
MMD_loss	: 1.7014
cond_ent_wt	: 4.8172
Src_reg_loss	: 0.0203
-------------------------------------
[Epoch : 373/500]
Total_loss	: 0.0855
Coral_loss	: 0.0000
MMD_loss	: 1.7012
cond_ent_wt	: 4.8171
Src_reg_loss	: 0.0203
-------------------------------------
[Epoch : 374/500]
Total_loss	: 0.0855
Coral_loss	: 0.0000
MMD_loss	: 1.7009
cond_ent_wt	: 4.8169
Src_reg_loss	: 0.0203
-------------------------------------
[Epoch : 375/500]
Total_loss	: 0.0854
Coral_loss	: 0.0000
MMD_loss	: 1.7006
cond_ent_wt	: 4.8168
Src_reg_loss	: 0.0203
-------------------------------------
[Epoch : 376/500]
Total_loss	: 0.0854
Coral_loss	: 0.0000
MMD_loss	: 1.7003
cond_ent_wt	: 4.8166
Src_reg_loss	: 0.0202
-------------------------------------
[Epoch : 377/500]
Total_loss	: 0.0854
Coral_loss	: 0.0000
MMD_loss	: 1.7001
cond_ent_wt	: 4.8165
Src_reg_loss	: 0.0202
-------------------------------------
[Epoch : 378/500]
Total_loss	: 0.0853
Coral_loss	: 0.0000
MMD_loss	: 1.6998
cond_ent_wt	: 4.8163
Src_reg_loss	: 0.0202
-------------------------------------
[Epoch : 379/500]
Total_loss	: 0.0853
Coral_loss	: 0.0000
MMD_loss	: 1.6995
cond_ent_wt	: 4.8162
Src_reg_loss	: 0.0202
-------------------------------------
[Epoch : 380/500]
Total_loss	: 0.0853
Coral_loss	: 0.0000
MMD_loss	: 1.6992
cond_ent_wt	: 4.8160
Src_reg_loss	: 0.0201
-------------------------------------
[Epoch : 381/500]
Total_loss	: 0.0853
Coral_loss	: 0.0000
MMD_loss	: 1.6990
cond_ent_wt	: 4.8159
Src_reg_loss	: 0.0201
-------------------------------------
[Epoch : 382/500]
Total_loss	: 0.0852
Coral_loss	: 0.0000
MMD_loss	: 1.6987
cond_ent_wt	: 4.8157
Src_reg_loss	: 0.0201
-------------------------------------
[Epoch : 383/500]
Total_loss	: 0.0852
Coral_loss	: 0.0000
MMD_loss	: 1.6984
cond_ent_wt	: 4.8156
Src_reg_loss	: 0.0201
-------------------------------------
[Epoch : 384/500]
Total_loss	: 0.0852
Coral_loss	: 0.0000
MMD_loss	: 1.6981
cond_ent_wt	: 4.8154
Src_reg_loss	: 0.0200
-------------------------------------
[Epoch : 385/500]
Total_loss	: 0.0851
Coral_loss	: 0.0000
MMD_loss	: 1.6979
cond_ent_wt	: 4.8152
Src_reg_loss	: 0.0200
-------------------------------------
[Epoch : 386/500]
Total_loss	: 0.0851
Coral_loss	: 0.0000
MMD_loss	: 1.6976
cond_ent_wt	: 4.8151
Src_reg_loss	: 0.0200
-------------------------------------
[Epoch : 387/500]
Total_loss	: 0.0851
Coral_loss	: 0.0000
MMD_loss	: 1.6973
cond_ent_wt	: 4.8149
Src_reg_loss	: 0.0200
-------------------------------------
[Epoch : 388/500]
Total_loss	: 0.0851
Coral_loss	: 0.0000
MMD_loss	: 1.6971
cond_ent_wt	: 4.8148
Src_reg_loss	: 0.0199
-------------------------------------
[Epoch : 389/500]
Total_loss	: 0.0850
Coral_loss	: 0.0000
MMD_loss	: 1.6968
cond_ent_wt	: 4.8146
Src_reg_loss	: 0.0199
-------------------------------------
[Epoch : 390/500]
Total_loss	: 0.0850
Coral_loss	: 0.0000
MMD_loss	: 1.6966
cond_ent_wt	: 4.8144
Src_reg_loss	: 0.0199
-------------------------------------
[Epoch : 391/500]
Total_loss	: 0.0850
Coral_loss	: 0.0000
MMD_loss	: 1.6963
cond_ent_wt	: 4.8143
Src_reg_loss	: 0.0199
-------------------------------------
[Epoch : 392/500]
Total_loss	: 0.0850
Coral_loss	: 0.0000
MMD_loss	: 1.6960
cond_ent_wt	: 4.8141
Src_reg_loss	: 0.0199
-------------------------------------
[Epoch : 393/500]
Total_loss	: 0.0849
Coral_loss	: 0.0000
MMD_loss	: 1.6958
cond_ent_wt	: 4.8139
Src_reg_loss	: 0.0198
-------------------------------------
[Epoch : 394/500]
Total_loss	: 0.0849
Coral_loss	: 0.0000
MMD_loss	: 1.6955
cond_ent_wt	: 4.8138
Src_reg_loss	: 0.0198
-------------------------------------
[Epoch : 395/500]
Total_loss	: 0.0849
Coral_loss	: 0.0000
MMD_loss	: 1.6953
cond_ent_wt	: 4.8136
Src_reg_loss	: 0.0198
-------------------------------------
[Epoch : 396/500]
Total_loss	: 0.0848
Coral_loss	: 0.0000
MMD_loss	: 1.6950
cond_ent_wt	: 4.8134
Src_reg_loss	: 0.0198
-------------------------------------
[Epoch : 397/500]
Total_loss	: 0.0848
Coral_loss	: 0.0000
MMD_loss	: 1.6947
cond_ent_wt	: 4.8133
Src_reg_loss	: 0.0197
-------------------------------------
[Epoch : 398/500]
Total_loss	: 0.0848
Coral_loss	: 0.0000
MMD_loss	: 1.6945
cond_ent_wt	: 4.8131
Src_reg_loss	: 0.0197
-------------------------------------
[Epoch : 399/500]
Total_loss	: 0.0848
Coral_loss	: 0.0000
MMD_loss	: 1.6942
cond_ent_wt	: 4.8129
Src_reg_loss	: 0.0197
-------------------------------------
[Epoch : 400/500]
Total_loss	: 0.0847
Coral_loss	: 0.0000
MMD_loss	: 1.6940
cond_ent_wt	: 4.8127
Src_reg_loss	: 0.0197
-------------------------------------
[Epoch : 401/500]
Total_loss	: 0.0847
Coral_loss	: 0.0000
MMD_loss	: 1.6937
cond_ent_wt	: 4.8126
Src_reg_loss	: 0.0197
-------------------------------------
[Epoch : 402/500]
Total_loss	: 0.0847
Coral_loss	: 0.0000
MMD_loss	: 1.6935
cond_ent_wt	: 4.8124
Src_reg_loss	: 0.0196
-------------------------------------
[Epoch : 403/500]
Total_loss	: 0.0847
Coral_loss	: 0.0000
MMD_loss	: 1.6932
cond_ent_wt	: 4.8122
Src_reg_loss	: 0.0196
-------------------------------------
[Epoch : 404/500]
Total_loss	: 0.0846
Coral_loss	: 0.0000
MMD_loss	: 1.6930
cond_ent_wt	: 4.8120
Src_reg_loss	: 0.0196
-------------------------------------
[Epoch : 405/500]
Total_loss	: 0.0846
Coral_loss	: 0.0000
MMD_loss	: 1.6928
cond_ent_wt	: 4.8118
Src_reg_loss	: 0.0196
-------------------------------------
[Epoch : 406/500]
Total_loss	: 0.0846
Coral_loss	: 0.0000
MMD_loss	: 1.6925
cond_ent_wt	: 4.8117
Src_reg_loss	: 0.0195
-------------------------------------
[Epoch : 407/500]
Total_loss	: 0.0846
Coral_loss	: 0.0000
MMD_loss	: 1.6923
cond_ent_wt	: 4.8115
Src_reg_loss	: 0.0195
-------------------------------------
[Epoch : 408/500]
Total_loss	: 0.0845
Coral_loss	: 0.0000
MMD_loss	: 1.6920
cond_ent_wt	: 4.8113
Src_reg_loss	: 0.0195
-------------------------------------
[Epoch : 409/500]
Total_loss	: 0.0845
Coral_loss	: 0.0000
MMD_loss	: 1.6918
cond_ent_wt	: 4.8111
Src_reg_loss	: 0.0195
-------------------------------------
[Epoch : 410/500]
Total_loss	: 0.0845
Coral_loss	: 0.0000
MMD_loss	: 1.6916
cond_ent_wt	: 4.8109
Src_reg_loss	: 0.0195
-------------------------------------
[Epoch : 411/500]
Total_loss	: 0.0845
Coral_loss	: 0.0000
MMD_loss	: 1.6913
cond_ent_wt	: 4.8107
Src_reg_loss	: 0.0194
-------------------------------------
[Epoch : 412/500]
Total_loss	: 0.0844
Coral_loss	: 0.0000
MMD_loss	: 1.6911
cond_ent_wt	: 4.8106
Src_reg_loss	: 0.0194
-------------------------------------
[Epoch : 413/500]
Total_loss	: 0.0844
Coral_loss	: 0.0000
MMD_loss	: 1.6908
cond_ent_wt	: 4.8104
Src_reg_loss	: 0.0194
-------------------------------------
[Epoch : 414/500]
Total_loss	: 0.0844
Coral_loss	: 0.0000
MMD_loss	: 1.6906
cond_ent_wt	: 4.8102
Src_reg_loss	: 0.0194
-------------------------------------
[Epoch : 415/500]
Total_loss	: 0.0844
Coral_loss	: 0.0000
MMD_loss	: 1.6904
cond_ent_wt	: 4.8100
Src_reg_loss	: 0.0194
-------------------------------------
[Epoch : 416/500]
Total_loss	: 0.0843
Coral_loss	: 0.0000
MMD_loss	: 1.6901
cond_ent_wt	: 4.8098
Src_reg_loss	: 0.0193
-------------------------------------
[Epoch : 417/500]
Total_loss	: 0.0843
Coral_loss	: 0.0000
MMD_loss	: 1.6899
cond_ent_wt	: 4.8096
Src_reg_loss	: 0.0193
-------------------------------------
[Epoch : 418/500]
Total_loss	: 0.0843
Coral_loss	: 0.0000
MMD_loss	: 1.6897
cond_ent_wt	: 4.8094
Src_reg_loss	: 0.0193
-------------------------------------
[Epoch : 419/500]
Total_loss	: 0.0843
Coral_loss	: 0.0000
MMD_loss	: 1.6894
cond_ent_wt	: 4.8092
Src_reg_loss	: 0.0193
-------------------------------------
[Epoch : 420/500]
Total_loss	: 0.0842
Coral_loss	: 0.0000
MMD_loss	: 1.6892
cond_ent_wt	: 4.8090
Src_reg_loss	: 0.0192
-------------------------------------
[Epoch : 421/500]
Total_loss	: 0.0842
Coral_loss	: 0.0000
MMD_loss	: 1.6890
cond_ent_wt	: 4.8088
Src_reg_loss	: 0.0192
-------------------------------------
[Epoch : 422/500]
Total_loss	: 0.0842
Coral_loss	: 0.0000
MMD_loss	: 1.6888
cond_ent_wt	: 4.8086
Src_reg_loss	: 0.0192
-------------------------------------
[Epoch : 423/500]
Total_loss	: 0.0842
Coral_loss	: 0.0000
MMD_loss	: 1.6885
cond_ent_wt	: 4.8084
Src_reg_loss	: 0.0192
-------------------------------------
[Epoch : 424/500]
Total_loss	: 0.0841
Coral_loss	: 0.0000
MMD_loss	: 1.6883
cond_ent_wt	: 4.8082
Src_reg_loss	: 0.0192
-------------------------------------
[Epoch : 425/500]
Total_loss	: 0.0841
Coral_loss	: 0.0000
MMD_loss	: 1.6881
cond_ent_wt	: 4.8080
Src_reg_loss	: 0.0191
-------------------------------------
[Epoch : 426/500]
Total_loss	: 0.0841
Coral_loss	: 0.0000
MMD_loss	: 1.6879
cond_ent_wt	: 4.8078
Src_reg_loss	: 0.0191
-------------------------------------
[Epoch : 427/500]
Total_loss	: 0.0841
Coral_loss	: 0.0000
MMD_loss	: 1.6876
cond_ent_wt	: 4.8076
Src_reg_loss	: 0.0191
-------------------------------------
[Epoch : 428/500]
Total_loss	: 0.0840
Coral_loss	: 0.0000
MMD_loss	: 1.6874
cond_ent_wt	: 4.8074
Src_reg_loss	: 0.0191
-------------------------------------
[Epoch : 429/500]
Total_loss	: 0.0840
Coral_loss	: 0.0000
MMD_loss	: 1.6872
cond_ent_wt	: 4.8072
Src_reg_loss	: 0.0191
-------------------------------------
[Epoch : 430/500]
Total_loss	: 0.0840
Coral_loss	: 0.0000
MMD_loss	: 1.6870
cond_ent_wt	: 4.8070
Src_reg_loss	: 0.0190
-------------------------------------
[Epoch : 431/500]
Total_loss	: 0.0840
Coral_loss	: 0.0000
MMD_loss	: 1.6867
cond_ent_wt	: 4.8068
Src_reg_loss	: 0.0190
-------------------------------------
[Epoch : 432/500]
Total_loss	: 0.0839
Coral_loss	: 0.0000
MMD_loss	: 1.6865
cond_ent_wt	: 4.8066
Src_reg_loss	: 0.0190
-------------------------------------
[Epoch : 433/500]
Total_loss	: 0.0839
Coral_loss	: 0.0000
MMD_loss	: 1.6863
cond_ent_wt	: 4.8064
Src_reg_loss	: 0.0190
-------------------------------------
[Epoch : 434/500]
Total_loss	: 0.0839
Coral_loss	: 0.0000
MMD_loss	: 1.6861
cond_ent_wt	: 4.8062
Src_reg_loss	: 0.0190
-------------------------------------
[Epoch : 435/500]
Total_loss	: 0.0839
Coral_loss	: 0.0000
MMD_loss	: 1.6859
cond_ent_wt	: 4.8060
Src_reg_loss	: 0.0190
-------------------------------------
[Epoch : 436/500]
Total_loss	: 0.0838
Coral_loss	: 0.0000
MMD_loss	: 1.6857
cond_ent_wt	: 4.8058
Src_reg_loss	: 0.0189
-------------------------------------
[Epoch : 437/500]
Total_loss	: 0.0838
Coral_loss	: 0.0000
MMD_loss	: 1.6855
cond_ent_wt	: 4.8056
Src_reg_loss	: 0.0189
-------------------------------------
[Epoch : 438/500]
Total_loss	: 0.0838
Coral_loss	: 0.0000
MMD_loss	: 1.6852
cond_ent_wt	: 4.8054
Src_reg_loss	: 0.0189
-------------------------------------
[Epoch : 439/500]
Total_loss	: 0.0838
Coral_loss	: 0.0000
MMD_loss	: 1.6850
cond_ent_wt	: 4.8052
Src_reg_loss	: 0.0189
-------------------------------------
[Epoch : 440/500]
Total_loss	: 0.0838
Coral_loss	: 0.0000
MMD_loss	: 1.6848
cond_ent_wt	: 4.8050
Src_reg_loss	: 0.0189
-------------------------------------
[Epoch : 441/500]
Total_loss	: 0.0837
Coral_loss	: 0.0000
MMD_loss	: 1.6846
cond_ent_wt	: 4.8048
Src_reg_loss	: 0.0188
-------------------------------------
[Epoch : 442/500]
Total_loss	: 0.0837
Coral_loss	: 0.0000
MMD_loss	: 1.6844
cond_ent_wt	: 4.8045
Src_reg_loss	: 0.0188
-------------------------------------
[Epoch : 443/500]
Total_loss	: 0.0837
Coral_loss	: 0.0000
MMD_loss	: 1.6842
cond_ent_wt	: 4.8043
Src_reg_loss	: 0.0188
-------------------------------------
[Epoch : 444/500]
Total_loss	: 0.0837
Coral_loss	: 0.0000
MMD_loss	: 1.6840
cond_ent_wt	: 4.8041
Src_reg_loss	: 0.0188
-------------------------------------
[Epoch : 445/500]
Total_loss	: 0.0836
Coral_loss	: 0.0000
MMD_loss	: 1.6838
cond_ent_wt	: 4.8039
Src_reg_loss	: 0.0188
-------------------------------------
[Epoch : 446/500]
Total_loss	: 0.0836
Coral_loss	: 0.0000
MMD_loss	: 1.6836
cond_ent_wt	: 4.8037
Src_reg_loss	: 0.0187
-------------------------------------
[Epoch : 447/500]
Total_loss	: 0.0836
Coral_loss	: 0.0000
MMD_loss	: 1.6834
cond_ent_wt	: 4.8035
Src_reg_loss	: 0.0187
-------------------------------------
[Epoch : 448/500]
Total_loss	: 0.0836
Coral_loss	: 0.0000
MMD_loss	: 1.6832
cond_ent_wt	: 4.8033
Src_reg_loss	: 0.0187
-------------------------------------
[Epoch : 449/500]
Total_loss	: 0.0835
Coral_loss	: 0.0000
MMD_loss	: 1.6830
cond_ent_wt	: 4.8031
Src_reg_loss	: 0.0187
-------------------------------------
[Epoch : 450/500]
Total_loss	: 0.0835
Coral_loss	: 0.0000
MMD_loss	: 1.6827
cond_ent_wt	: 4.8028
Src_reg_loss	: 0.0187
-------------------------------------
[Epoch : 451/500]
Total_loss	: 0.0835
Coral_loss	: 0.0000
MMD_loss	: 1.6825
cond_ent_wt	: 4.8026
Src_reg_loss	: 0.0187
-------------------------------------
[Epoch : 452/500]
Total_loss	: 0.0835
Coral_loss	: 0.0000
MMD_loss	: 1.6823
cond_ent_wt	: 4.8024
Src_reg_loss	: 0.0186
-------------------------------------
[Epoch : 453/500]
Total_loss	: 0.0835
Coral_loss	: 0.0000
MMD_loss	: 1.6821
cond_ent_wt	: 4.8022
Src_reg_loss	: 0.0186
-------------------------------------
[Epoch : 454/500]
Total_loss	: 0.0834
Coral_loss	: 0.0000
MMD_loss	: 1.6819
cond_ent_wt	: 4.8020
Src_reg_loss	: 0.0186
-------------------------------------
[Epoch : 455/500]
Total_loss	: 0.0834
Coral_loss	: 0.0000
MMD_loss	: 1.6817
cond_ent_wt	: 4.8017
Src_reg_loss	: 0.0186
-------------------------------------
[Epoch : 456/500]
Total_loss	: 0.0834
Coral_loss	: 0.0000
MMD_loss	: 1.6815
cond_ent_wt	: 4.8015
Src_reg_loss	: 0.0186
-------------------------------------
[Epoch : 457/500]
Total_loss	: 0.0834
Coral_loss	: 0.0000
MMD_loss	: 1.6813
cond_ent_wt	: 4.8013
Src_reg_loss	: 0.0185
-------------------------------------
[Epoch : 458/500]
Total_loss	: 0.0833
Coral_loss	: 0.0000
MMD_loss	: 1.6811
cond_ent_wt	: 4.8011
Src_reg_loss	: 0.0185
-------------------------------------
[Epoch : 459/500]
Total_loss	: 0.0833
Coral_loss	: 0.0000
MMD_loss	: 1.6809
cond_ent_wt	: 4.8009
Src_reg_loss	: 0.0185
-------------------------------------
[Epoch : 460/500]
Total_loss	: 0.0833
Coral_loss	: 0.0000
MMD_loss	: 1.6807
cond_ent_wt	: 4.8006
Src_reg_loss	: 0.0185
-------------------------------------
[Epoch : 461/500]
Total_loss	: 0.0833
Coral_loss	: 0.0000
MMD_loss	: 1.6805
cond_ent_wt	: 4.8004
Src_reg_loss	: 0.0185
-------------------------------------
[Epoch : 462/500]
Total_loss	: 0.0833
Coral_loss	: 0.0000
MMD_loss	: 1.6803
cond_ent_wt	: 4.8002
Src_reg_loss	: 0.0185
-------------------------------------
[Epoch : 463/500]
Total_loss	: 0.0832
Coral_loss	: 0.0000
MMD_loss	: 1.6802
cond_ent_wt	: 4.8000
Src_reg_loss	: 0.0184
-------------------------------------
[Epoch : 464/500]
Total_loss	: 0.0832
Coral_loss	: 0.0000
MMD_loss	: 1.6800
cond_ent_wt	: 4.7997
Src_reg_loss	: 0.0184
-------------------------------------
[Epoch : 465/500]
Total_loss	: 0.0832
Coral_loss	: 0.0000
MMD_loss	: 1.6798
cond_ent_wt	: 4.7995
Src_reg_loss	: 0.0184
-------------------------------------
[Epoch : 466/500]
Total_loss	: 0.0832
Coral_loss	: 0.0000
MMD_loss	: 1.6796
cond_ent_wt	: 4.7993
Src_reg_loss	: 0.0184
-------------------------------------
[Epoch : 467/500]
Total_loss	: 0.0832
Coral_loss	: 0.0000
MMD_loss	: 1.6794
cond_ent_wt	: 4.7991
Src_reg_loss	: 0.0184
-------------------------------------
[Epoch : 468/500]
Total_loss	: 0.0831
Coral_loss	: 0.0000
MMD_loss	: 1.6792
cond_ent_wt	: 4.7988
Src_reg_loss	: 0.0184
-------------------------------------
[Epoch : 469/500]
Total_loss	: 0.0831
Coral_loss	: 0.0000
MMD_loss	: 1.6790
cond_ent_wt	: 4.7986
Src_reg_loss	: 0.0183
-------------------------------------
[Epoch : 470/500]
Total_loss	: 0.0831
Coral_loss	: 0.0000
MMD_loss	: 1.6788
cond_ent_wt	: 4.7984
Src_reg_loss	: 0.0183
-------------------------------------
[Epoch : 471/500]
Total_loss	: 0.0831
Coral_loss	: 0.0000
MMD_loss	: 1.6786
cond_ent_wt	: 4.7982
Src_reg_loss	: 0.0183
-------------------------------------
[Epoch : 472/500]
Total_loss	: 0.0830
Coral_loss	: 0.0000
MMD_loss	: 1.6784
cond_ent_wt	: 4.7979
Src_reg_loss	: 0.0183
-------------------------------------
[Epoch : 473/500]
Total_loss	: 0.0830
Coral_loss	: 0.0000
MMD_loss	: 1.6782
cond_ent_wt	: 4.7977
Src_reg_loss	: 0.0183
-------------------------------------
[Epoch : 474/500]
Total_loss	: 0.0830
Coral_loss	: 0.0000
MMD_loss	: 1.6780
cond_ent_wt	: 4.7975
Src_reg_loss	: 0.0182
-------------------------------------
[Epoch : 475/500]
Total_loss	: 0.0830
Coral_loss	: 0.0000
MMD_loss	: 1.6778
cond_ent_wt	: 4.7973
Src_reg_loss	: 0.0182
-------------------------------------
[Epoch : 476/500]
Total_loss	: 0.0830
Coral_loss	: 0.0000
MMD_loss	: 1.6777
cond_ent_wt	: 4.7970
Src_reg_loss	: 0.0182
-------------------------------------
[Epoch : 477/500]
Total_loss	: 0.0829
Coral_loss	: 0.0000
MMD_loss	: 1.6775
cond_ent_wt	: 4.7968
Src_reg_loss	: 0.0182
-------------------------------------
[Epoch : 478/500]
Total_loss	: 0.0829
Coral_loss	: 0.0000
MMD_loss	: 1.6773
cond_ent_wt	: 4.7966
Src_reg_loss	: 0.0182
-------------------------------------
[Epoch : 479/500]
Total_loss	: 0.0829
Coral_loss	: 0.0000
MMD_loss	: 1.6771
cond_ent_wt	: 4.7963
Src_reg_loss	: 0.0182
-------------------------------------
[Epoch : 480/500]
Total_loss	: 0.0829
Coral_loss	: 0.0000
MMD_loss	: 1.6769
cond_ent_wt	: 4.7961
Src_reg_loss	: 0.0181
-------------------------------------
[Epoch : 481/500]
Total_loss	: 0.0829
Coral_loss	: 0.0000
MMD_loss	: 1.6767
cond_ent_wt	: 4.7959
Src_reg_loss	: 0.0181
-------------------------------------
[Epoch : 482/500]
Total_loss	: 0.0828
Coral_loss	: 0.0000
MMD_loss	: 1.6765
cond_ent_wt	: 4.7956
Src_reg_loss	: 0.0181
-------------------------------------
[Epoch : 483/500]
Total_loss	: 0.0828
Coral_loss	: 0.0000
MMD_loss	: 1.6763
cond_ent_wt	: 4.7954
Src_reg_loss	: 0.0181
-------------------------------------
[Epoch : 484/500]
Total_loss	: 0.0828
Coral_loss	: 0.0000
MMD_loss	: 1.6761
cond_ent_wt	: 4.7952
Src_reg_loss	: 0.0181
-------------------------------------
[Epoch : 485/500]
Total_loss	: 0.0828
Coral_loss	: 0.0000
MMD_loss	: 1.6760
cond_ent_wt	: 4.7949
Src_reg_loss	: 0.0181
-------------------------------------
[Epoch : 486/500]
Total_loss	: 0.0828
Coral_loss	: 0.0000
MMD_loss	: 1.6758
cond_ent_wt	: 4.7947
Src_reg_loss	: 0.0181
-------------------------------------
[Epoch : 487/500]
Total_loss	: 0.0827
Coral_loss	: 0.0000
MMD_loss	: 1.6756
cond_ent_wt	: 4.7945
Src_reg_loss	: 0.0180
-------------------------------------
[Epoch : 488/500]
Total_loss	: 0.0827
Coral_loss	: 0.0000
MMD_loss	: 1.6754
cond_ent_wt	: 4.7943
Src_reg_loss	: 0.0180
-------------------------------------
[Epoch : 489/500]
Total_loss	: 0.0827
Coral_loss	: 0.0000
MMD_loss	: 1.6752
cond_ent_wt	: 4.7940
Src_reg_loss	: 0.0180
-------------------------------------
[Epoch : 490/500]
Total_loss	: 0.0827
Coral_loss	: 0.0000
MMD_loss	: 1.6750
cond_ent_wt	: 4.7938
Src_reg_loss	: 0.0180
-------------------------------------
[Epoch : 491/500]
Total_loss	: 0.0827
Coral_loss	: 0.0000
MMD_loss	: 1.6748
cond_ent_wt	: 4.7936
Src_reg_loss	: 0.0180
-------------------------------------
[Epoch : 492/500]
Total_loss	: 0.0826
Coral_loss	: 0.0000
MMD_loss	: 1.6747
cond_ent_wt	: 4.7933
Src_reg_loss	: 0.0180
-------------------------------------
[Epoch : 493/500]
Total_loss	: 0.0826
Coral_loss	: 0.0000
MMD_loss	: 1.6745
cond_ent_wt	: 4.7931
Src_reg_loss	: 0.0179
-------------------------------------
[Epoch : 494/500]
Total_loss	: 0.0826
Coral_loss	: 0.0000
MMD_loss	: 1.6743
cond_ent_wt	: 4.7929
Src_reg_loss	: 0.0179
-------------------------------------
[Epoch : 495/500]
Total_loss	: 0.0826
Coral_loss	: 0.0000
MMD_loss	: 1.6741
cond_ent_wt	: 4.7926
Src_reg_loss	: 0.0179
-------------------------------------
[Epoch : 496/500]
Total_loss	: 0.0826
Coral_loss	: 0.0000
MMD_loss	: 1.6739
cond_ent_wt	: 4.7924
Src_reg_loss	: 0.0179
-------------------------------------
[Epoch : 497/500]
Total_loss	: 0.0825
Coral_loss	: 0.0000
MMD_loss	: 1.6738
cond_ent_wt	: 4.7922
Src_reg_loss	: 0.0179
-------------------------------------
[Epoch : 498/500]
Total_loss	: 0.0825
Coral_loss	: 0.0000
MMD_loss	: 1.6736
cond_ent_wt	: 4.7919
Src_reg_loss	: 0.0179
-------------------------------------
[Epoch : 499/500]
Total_loss	: 0.0825
Coral_loss	: 0.0000
MMD_loss	: 1.6734
cond_ent_wt	: 4.7917
Src_reg_loss	: 0.0178
-------------------------------------
[Epoch : 500/500]
Total_loss	: 0.0825
Coral_loss	: 0.0000
MMD_loss	: 1.6732
cond_ent_wt	: 4.7914
Src_reg_loss	: 0.0178
-------------------------------------
