=============================================
Dataset: Airbox
Method:  MMDA
=============================================
Source: 0 ---> Target: 2
=============================================
[Epoch : 1/500]
Total_loss	: 0.3296
Coral_loss	: 0.0000
MMD_loss	: 2.1184
cond_ent_wt	: 4.8495
Src_reg_loss	: 0.2599
-------------------------------------
[Epoch : 2/500]
Total_loss	: 0.3127
Coral_loss	: 0.0000
MMD_loss	: 2.1234
cond_ent_wt	: 4.8493
Src_reg_loss	: 0.2430
-------------------------------------
[Epoch : 3/500]
Total_loss	: 0.2963
Coral_loss	: 0.0000
MMD_loss	: 2.1306
cond_ent_wt	: 4.8491
Src_reg_loss	: 0.2265
-------------------------------------
[Epoch : 4/500]
Total_loss	: 0.2796
Coral_loss	: 0.0000
MMD_loss	: 2.1401
cond_ent_wt	: 4.8487
Src_reg_loss	: 0.2097
-------------------------------------
[Epoch : 5/500]
Total_loss	: 0.2624
Coral_loss	: 0.0000
MMD_loss	: 2.1513
cond_ent_wt	: 4.8481
Src_reg_loss	: 0.1924
-------------------------------------
[Epoch : 6/500]
Total_loss	: 0.2451
Coral_loss	: 0.0000
MMD_loss	: 2.1629
cond_ent_wt	: 4.8474
Src_reg_loss	: 0.1750
-------------------------------------
[Epoch : 7/500]
Total_loss	: 0.2284
Coral_loss	: 0.0000
MMD_loss	: 2.1736
cond_ent_wt	: 4.8463
Src_reg_loss	: 0.1582
-------------------------------------
[Epoch : 8/500]
Total_loss	: 0.2141
Coral_loss	: 0.0000
MMD_loss	: 2.1819
cond_ent_wt	: 4.8448
Src_reg_loss	: 0.1438
-------------------------------------
[Epoch : 9/500]
Total_loss	: 0.2030
Coral_loss	: 0.0000
MMD_loss	: 2.1884
cond_ent_wt	: 4.8432
Src_reg_loss	: 0.1327
-------------------------------------
[Epoch : 10/500]
Total_loss	: 0.1941
Coral_loss	: 0.0000
MMD_loss	: 2.1937
cond_ent_wt	: 4.8419
Src_reg_loss	: 0.1238
-------------------------------------
[Epoch : 11/500]
Total_loss	: 0.1866
Coral_loss	: 0.0000
MMD_loss	: 2.1980
cond_ent_wt	: 4.8410
Src_reg_loss	: 0.1162
-------------------------------------
[Epoch : 12/500]
Total_loss	: 0.1803
Coral_loss	: 0.0000
MMD_loss	: 2.2010
cond_ent_wt	: 4.8404
Src_reg_loss	: 0.1099
-------------------------------------
[Epoch : 13/500]
Total_loss	: 0.1749
Coral_loss	: 0.0000
MMD_loss	: 2.2030
cond_ent_wt	: 4.8400
Src_reg_loss	: 0.1045
-------------------------------------
[Epoch : 14/500]
Total_loss	: 0.1703
Coral_loss	: 0.0000
MMD_loss	: 2.2042
cond_ent_wt	: 4.8395
Src_reg_loss	: 0.0999
-------------------------------------
[Epoch : 15/500]
Total_loss	: 0.1663
Coral_loss	: 0.0000
MMD_loss	: 2.2048
cond_ent_wt	: 4.8391
Src_reg_loss	: 0.0959
-------------------------------------
[Epoch : 16/500]
Total_loss	: 0.1628
Coral_loss	: 0.0000
MMD_loss	: 2.2048
cond_ent_wt	: 4.8387
Src_reg_loss	: 0.0924
-------------------------------------
[Epoch : 17/500]
Total_loss	: 0.1597
Coral_loss	: 0.0000
MMD_loss	: 2.2043
cond_ent_wt	: 4.8384
Src_reg_loss	: 0.0892
-------------------------------------
[Epoch : 18/500]
Total_loss	: 0.1568
Coral_loss	: 0.0000
MMD_loss	: 2.2032
cond_ent_wt	: 4.8381
Src_reg_loss	: 0.0864
-------------------------------------
[Epoch : 19/500]
Total_loss	: 0.1543
Coral_loss	: 0.0000
MMD_loss	: 2.2015
cond_ent_wt	: 4.8378
Src_reg_loss	: 0.0839
-------------------------------------
[Epoch : 20/500]
Total_loss	: 0.1520
Coral_loss	: 0.0000
MMD_loss	: 2.1994
cond_ent_wt	: 4.8376
Src_reg_loss	: 0.0817
-------------------------------------
[Epoch : 21/500]
Total_loss	: 0.1499
Coral_loss	: 0.0000
MMD_loss	: 2.1967
cond_ent_wt	: 4.8374
Src_reg_loss	: 0.0796
-------------------------------------
[Epoch : 22/500]
Total_loss	: 0.1480
Coral_loss	: 0.0000
MMD_loss	: 2.1936
cond_ent_wt	: 4.8372
Src_reg_loss	: 0.0777
-------------------------------------
[Epoch : 23/500]
Total_loss	: 0.1463
Coral_loss	: 0.0000
MMD_loss	: 2.1901
cond_ent_wt	: 4.8370
Src_reg_loss	: 0.0760
-------------------------------------
[Epoch : 24/500]
Total_loss	: 0.1446
Coral_loss	: 0.0000
MMD_loss	: 2.1863
cond_ent_wt	: 4.8368
Src_reg_loss	: 0.0744
-------------------------------------
[Epoch : 25/500]
Total_loss	: 0.1431
Coral_loss	: 0.0000
MMD_loss	: 2.1821
cond_ent_wt	: 4.8366
Src_reg_loss	: 0.0729
-------------------------------------
[Epoch : 26/500]
Total_loss	: 0.1417
Coral_loss	: 0.0000
MMD_loss	: 2.1777
cond_ent_wt	: 4.8365
Src_reg_loss	: 0.0716
-------------------------------------
[Epoch : 27/500]
Total_loss	: 0.1404
Coral_loss	: 0.0000
MMD_loss	: 2.1733
cond_ent_wt	: 4.8363
Src_reg_loss	: 0.0703
-------------------------------------
[Epoch : 28/500]
Total_loss	: 0.1391
Coral_loss	: 0.0000
MMD_loss	: 2.1690
cond_ent_wt	: 4.8362
Src_reg_loss	: 0.0691
-------------------------------------
[Epoch : 29/500]
Total_loss	: 0.1380
Coral_loss	: 0.0000
MMD_loss	: 2.1649
cond_ent_wt	: 4.8361
Src_reg_loss	: 0.0680
-------------------------------------
[Epoch : 30/500]
Total_loss	: 0.1369
Coral_loss	: 0.0000
MMD_loss	: 2.1613
cond_ent_wt	: 4.8359
Src_reg_loss	: 0.0669
-------------------------------------
[Epoch : 31/500]
Total_loss	: 0.1359
Coral_loss	: 0.0000
MMD_loss	: 2.1583
cond_ent_wt	: 4.8358
Src_reg_loss	: 0.0659
-------------------------------------
[Epoch : 32/500]
Total_loss	: 0.1349
Coral_loss	: 0.0000
MMD_loss	: 2.1560
cond_ent_wt	: 4.8357
Src_reg_loss	: 0.0650
-------------------------------------
[Epoch : 33/500]
Total_loss	: 0.1340
Coral_loss	: 0.0000
MMD_loss	: 2.1546
cond_ent_wt	: 4.8356
Src_reg_loss	: 0.0641
-------------------------------------
[Epoch : 34/500]
Total_loss	: 0.1332
Coral_loss	: 0.0000
MMD_loss	: 2.1539
cond_ent_wt	: 4.8355
Src_reg_loss	: 0.0633
-------------------------------------
[Epoch : 35/500]
Total_loss	: 0.1324
Coral_loss	: 0.0000
MMD_loss	: 2.1540
cond_ent_wt	: 4.8354
Src_reg_loss	: 0.0625
-------------------------------------
[Epoch : 36/500]
Total_loss	: 0.1316
Coral_loss	: 0.0000
MMD_loss	: 2.1548
cond_ent_wt	: 4.8353
Src_reg_loss	: 0.0617
-------------------------------------
[Epoch : 37/500]
Total_loss	: 0.1309
Coral_loss	: 0.0000
MMD_loss	: 2.1562
cond_ent_wt	: 4.8352
Src_reg_loss	: 0.0610
-------------------------------------
[Epoch : 38/500]
Total_loss	: 0.1302
Coral_loss	: 0.0000
MMD_loss	: 2.1581
cond_ent_wt	: 4.8352
Src_reg_loss	: 0.0603
-------------------------------------
[Epoch : 39/500]
Total_loss	: 0.1296
Coral_loss	: 0.0000
MMD_loss	: 2.1603
cond_ent_wt	: 4.8351
Src_reg_loss	: 0.0596
-------------------------------------
[Epoch : 40/500]
Total_loss	: 0.1290
Coral_loss	: 0.0000
MMD_loss	: 2.1629
cond_ent_wt	: 4.8350
Src_reg_loss	: 0.0590
-------------------------------------
[Epoch : 41/500]
Total_loss	: 0.1284
Coral_loss	: 0.0000
MMD_loss	: 2.1656
cond_ent_wt	: 4.8349
Src_reg_loss	: 0.0584
-------------------------------------
[Epoch : 42/500]
Total_loss	: 0.1278
Coral_loss	: 0.0000
MMD_loss	: 2.1684
cond_ent_wt	: 4.8348
Src_reg_loss	: 0.0578
-------------------------------------
[Epoch : 43/500]
Total_loss	: 0.1273
Coral_loss	: 0.0000
MMD_loss	: 2.1713
cond_ent_wt	: 4.8348
Src_reg_loss	: 0.0572
-------------------------------------
[Epoch : 44/500]
Total_loss	: 0.1268
Coral_loss	: 0.0000
MMD_loss	: 2.1741
cond_ent_wt	: 4.8347
Src_reg_loss	: 0.0567
-------------------------------------
[Epoch : 45/500]
Total_loss	: 0.1263
Coral_loss	: 0.0000
MMD_loss	: 2.1769
cond_ent_wt	: 4.8346
Src_reg_loss	: 0.0561
-------------------------------------
[Epoch : 46/500]
Total_loss	: 0.1258
Coral_loss	: 0.0000
MMD_loss	: 2.1796
cond_ent_wt	: 4.8346
Src_reg_loss	: 0.0556
-------------------------------------
[Epoch : 47/500]
Total_loss	: 0.1253
Coral_loss	: 0.0000
MMD_loss	: 2.1821
cond_ent_wt	: 4.8345
Src_reg_loss	: 0.0551
-------------------------------------
[Epoch : 48/500]
Total_loss	: 0.1248
Coral_loss	: 0.0000
MMD_loss	: 2.1845
cond_ent_wt	: 4.8344
Src_reg_loss	: 0.0546
-------------------------------------
[Epoch : 49/500]
Total_loss	: 0.1244
Coral_loss	: 0.0000
MMD_loss	: 2.1868
cond_ent_wt	: 4.8343
Src_reg_loss	: 0.0542
-------------------------------------
[Epoch : 50/500]
Total_loss	: 0.1240
Coral_loss	: 0.0000
MMD_loss	: 2.1889
cond_ent_wt	: 4.8343
Src_reg_loss	: 0.0537
-------------------------------------
[Epoch : 51/500]
Total_loss	: 0.1235
Coral_loss	: 0.0000
MMD_loss	: 2.1908
cond_ent_wt	: 4.8342
Src_reg_loss	: 0.0533
-------------------------------------
[Epoch : 52/500]
Total_loss	: 0.1231
Coral_loss	: 0.0000
MMD_loss	: 2.1926
cond_ent_wt	: 4.8342
Src_reg_loss	: 0.0528
-------------------------------------
[Epoch : 53/500]
Total_loss	: 0.1227
Coral_loss	: 0.0000
MMD_loss	: 2.1942
cond_ent_wt	: 4.8341
Src_reg_loss	: 0.0524
-------------------------------------
[Epoch : 54/500]
Total_loss	: 0.1223
Coral_loss	: 0.0000
MMD_loss	: 2.1956
cond_ent_wt	: 4.8340
Src_reg_loss	: 0.0520
-------------------------------------
[Epoch : 55/500]
Total_loss	: 0.1219
Coral_loss	: 0.0000
MMD_loss	: 2.1968
cond_ent_wt	: 4.8340
Src_reg_loss	: 0.0516
-------------------------------------
[Epoch : 56/500]
Total_loss	: 0.1215
Coral_loss	: 0.0000
MMD_loss	: 2.1979
cond_ent_wt	: 4.8339
Src_reg_loss	: 0.0512
-------------------------------------
[Epoch : 57/500]
Total_loss	: 0.1212
Coral_loss	: 0.0000
MMD_loss	: 2.1988
cond_ent_wt	: 4.8338
Src_reg_loss	: 0.0508
-------------------------------------
[Epoch : 58/500]
Total_loss	: 0.1208
Coral_loss	: 0.0000
MMD_loss	: 2.1995
cond_ent_wt	: 4.8338
Src_reg_loss	: 0.0505
-------------------------------------
[Epoch : 59/500]
Total_loss	: 0.1205
Coral_loss	: 0.0000
MMD_loss	: 2.2001
cond_ent_wt	: 4.8337
Src_reg_loss	: 0.0501
-------------------------------------
[Epoch : 60/500]
Total_loss	: 0.1201
Coral_loss	: 0.0000
MMD_loss	: 2.2005
cond_ent_wt	: 4.8336
Src_reg_loss	: 0.0498
-------------------------------------
[Epoch : 61/500]
Total_loss	: 0.1198
Coral_loss	: 0.0000
MMD_loss	: 2.2007
cond_ent_wt	: 4.8336
Src_reg_loss	: 0.0494
-------------------------------------
[Epoch : 62/500]
Total_loss	: 0.1194
Coral_loss	: 0.0000
MMD_loss	: 2.2007
cond_ent_wt	: 4.8335
Src_reg_loss	: 0.0491
-------------------------------------
[Epoch : 63/500]
Total_loss	: 0.1191
Coral_loss	: 0.0000
MMD_loss	: 2.2005
cond_ent_wt	: 4.8334
Src_reg_loss	: 0.0488
-------------------------------------
[Epoch : 64/500]
Total_loss	: 0.1188
Coral_loss	: 0.0000
MMD_loss	: 2.2002
cond_ent_wt	: 4.8334
Src_reg_loss	: 0.0484
-------------------------------------
[Epoch : 65/500]
Total_loss	: 0.1185
Coral_loss	: 0.0000
MMD_loss	: 2.1997
cond_ent_wt	: 4.8333
Src_reg_loss	: 0.0481
-------------------------------------
[Epoch : 66/500]
Total_loss	: 0.1181
Coral_loss	: 0.0000
MMD_loss	: 2.1990
cond_ent_wt	: 4.8333
Src_reg_loss	: 0.0478
-------------------------------------
[Epoch : 67/500]
Total_loss	: 0.1178
Coral_loss	: 0.0000
MMD_loss	: 2.1981
cond_ent_wt	: 4.8332
Src_reg_loss	: 0.0475
-------------------------------------
[Epoch : 68/500]
Total_loss	: 0.1175
Coral_loss	: 0.0000
MMD_loss	: 2.1971
cond_ent_wt	: 4.8331
Src_reg_loss	: 0.0472
-------------------------------------
[Epoch : 69/500]
Total_loss	: 0.1172
Coral_loss	: 0.0000
MMD_loss	: 2.1959
cond_ent_wt	: 4.8331
Src_reg_loss	: 0.0469
-------------------------------------
[Epoch : 70/500]
Total_loss	: 0.1169
Coral_loss	: 0.0000
MMD_loss	: 2.1946
cond_ent_wt	: 4.8330
Src_reg_loss	: 0.0467
-------------------------------------
[Epoch : 71/500]
Total_loss	: 0.1167
Coral_loss	: 0.0000
MMD_loss	: 2.1931
cond_ent_wt	: 4.8330
Src_reg_loss	: 0.0464
-------------------------------------
[Epoch : 72/500]
Total_loss	: 0.1164
Coral_loss	: 0.0000
MMD_loss	: 2.1914
cond_ent_wt	: 4.8329
Src_reg_loss	: 0.0461
-------------------------------------
[Epoch : 73/500]
Total_loss	: 0.1161
Coral_loss	: 0.0000
MMD_loss	: 2.1896
cond_ent_wt	: 4.8329
Src_reg_loss	: 0.0459
-------------------------------------
[Epoch : 74/500]
Total_loss	: 0.1158
Coral_loss	: 0.0000
MMD_loss	: 2.1876
cond_ent_wt	: 4.8328
Src_reg_loss	: 0.0456
-------------------------------------
[Epoch : 75/500]
Total_loss	: 0.1155
Coral_loss	: 0.0000
MMD_loss	: 2.1855
cond_ent_wt	: 4.8327
Src_reg_loss	: 0.0453
-------------------------------------
[Epoch : 76/500]
Total_loss	: 0.1152
Coral_loss	: 0.0000
MMD_loss	: 2.1833
cond_ent_wt	: 4.8327
Src_reg_loss	: 0.0451
-------------------------------------
[Epoch : 77/500]
Total_loss	: 0.1150
Coral_loss	: 0.0000
MMD_loss	: 2.1809
cond_ent_wt	: 4.8326
Src_reg_loss	: 0.0448
-------------------------------------
[Epoch : 78/500]
Total_loss	: 0.1147
Coral_loss	: 0.0000
MMD_loss	: 2.1784
cond_ent_wt	: 4.8326
Src_reg_loss	: 0.0446
-------------------------------------
[Epoch : 79/500]
Total_loss	: 0.1144
Coral_loss	: 0.0000
MMD_loss	: 2.1758
cond_ent_wt	: 4.8325
Src_reg_loss	: 0.0444
-------------------------------------
[Epoch : 80/500]
Total_loss	: 0.1142
Coral_loss	: 0.0000
MMD_loss	: 2.1730
cond_ent_wt	: 4.8325
Src_reg_loss	: 0.0441
-------------------------------------
[Epoch : 81/500]
Total_loss	: 0.1139
Coral_loss	: 0.0000
MMD_loss	: 2.1702
cond_ent_wt	: 4.8324
Src_reg_loss	: 0.0439
-------------------------------------
[Epoch : 82/500]
Total_loss	: 0.1137
Coral_loss	: 0.0000
MMD_loss	: 2.1672
cond_ent_wt	: 4.8324
Src_reg_loss	: 0.0437
-------------------------------------
[Epoch : 83/500]
Total_loss	: 0.1134
Coral_loss	: 0.0000
MMD_loss	: 2.1641
cond_ent_wt	: 4.8323
Src_reg_loss	: 0.0434
-------------------------------------
[Epoch : 84/500]
Total_loss	: 0.1131
Coral_loss	: 0.0000
MMD_loss	: 2.1609
cond_ent_wt	: 4.8323
Src_reg_loss	: 0.0432
-------------------------------------
[Epoch : 85/500]
Total_loss	: 0.1129
Coral_loss	: 0.0000
MMD_loss	: 2.1576
cond_ent_wt	: 4.8322
Src_reg_loss	: 0.0430
-------------------------------------
[Epoch : 86/500]
Total_loss	: 0.1126
Coral_loss	: 0.0000
MMD_loss	: 2.1542
cond_ent_wt	: 4.8322
Src_reg_loss	: 0.0428
-------------------------------------
[Epoch : 87/500]
Total_loss	: 0.1124
Coral_loss	: 0.0000
MMD_loss	: 2.1506
cond_ent_wt	: 4.8322
Src_reg_loss	: 0.0426
-------------------------------------
[Epoch : 88/500]
Total_loss	: 0.1121
Coral_loss	: 0.0000
MMD_loss	: 2.1470
cond_ent_wt	: 4.8321
Src_reg_loss	: 0.0423
-------------------------------------
[Epoch : 89/500]
Total_loss	: 0.1119
Coral_loss	: 0.0000
MMD_loss	: 2.1433
cond_ent_wt	: 4.8321
Src_reg_loss	: 0.0421
-------------------------------------
[Epoch : 90/500]
Total_loss	: 0.1116
Coral_loss	: 0.0000
MMD_loss	: 2.1396
cond_ent_wt	: 4.8320
Src_reg_loss	: 0.0419
-------------------------------------
[Epoch : 91/500]
Total_loss	: 0.1114
Coral_loss	: 0.0000
MMD_loss	: 2.1357
cond_ent_wt	: 4.8320
Src_reg_loss	: 0.0417
-------------------------------------
[Epoch : 92/500]
Total_loss	: 0.1112
Coral_loss	: 0.0000
MMD_loss	: 2.1318
cond_ent_wt	: 4.8319
Src_reg_loss	: 0.0415
-------------------------------------
[Epoch : 93/500]
Total_loss	: 0.1109
Coral_loss	: 0.0000
MMD_loss	: 2.1278
cond_ent_wt	: 4.8319
Src_reg_loss	: 0.0413
-------------------------------------
[Epoch : 94/500]
Total_loss	: 0.1107
Coral_loss	: 0.0000
MMD_loss	: 2.1237
cond_ent_wt	: 4.8319
Src_reg_loss	: 0.0411
-------------------------------------
[Epoch : 95/500]
Total_loss	: 0.1105
Coral_loss	: 0.0000
MMD_loss	: 2.1196
cond_ent_wt	: 4.8318
Src_reg_loss	: 0.0409
-------------------------------------
[Epoch : 96/500]
Total_loss	: 0.1102
Coral_loss	: 0.0000
MMD_loss	: 2.1155
cond_ent_wt	: 4.8318
Src_reg_loss	: 0.0408
-------------------------------------
[Epoch : 97/500]
Total_loss	: 0.1100
Coral_loss	: 0.0000
MMD_loss	: 2.1112
cond_ent_wt	: 4.8318
Src_reg_loss	: 0.0406
-------------------------------------
[Epoch : 98/500]
Total_loss	: 0.1098
Coral_loss	: 0.0000
MMD_loss	: 2.1070
cond_ent_wt	: 4.8317
Src_reg_loss	: 0.0404
-------------------------------------
[Epoch : 99/500]
Total_loss	: 0.1095
Coral_loss	: 0.0000
MMD_loss	: 2.1027
cond_ent_wt	: 4.8317
Src_reg_loss	: 0.0402
-------------------------------------
[Epoch : 100/500]
Total_loss	: 0.1093
Coral_loss	: 0.0000
MMD_loss	: 2.0984
cond_ent_wt	: 4.8317
Src_reg_loss	: 0.0400
-------------------------------------
[Epoch : 101/500]
Total_loss	: 0.1091
Coral_loss	: 0.0000
MMD_loss	: 2.0941
cond_ent_wt	: 4.8316
Src_reg_loss	: 0.0398
-------------------------------------
[Epoch : 102/500]
Total_loss	: 0.1089
Coral_loss	: 0.0000
MMD_loss	: 2.0897
cond_ent_wt	: 4.8316
Src_reg_loss	: 0.0397
-------------------------------------
[Epoch : 103/500]
Total_loss	: 0.1087
Coral_loss	: 0.0000
MMD_loss	: 2.0854
cond_ent_wt	: 4.8316
Src_reg_loss	: 0.0395
-------------------------------------
[Epoch : 104/500]
Total_loss	: 0.1084
Coral_loss	: 0.0000
MMD_loss	: 2.0810
cond_ent_wt	: 4.8315
Src_reg_loss	: 0.0393
-------------------------------------
[Epoch : 105/500]
Total_loss	: 0.1082
Coral_loss	: 0.0000
MMD_loss	: 2.0767
cond_ent_wt	: 4.8315
Src_reg_loss	: 0.0391
-------------------------------------
[Epoch : 106/500]
Total_loss	: 0.1080
Coral_loss	: 0.0000
MMD_loss	: 2.0723
cond_ent_wt	: 4.8315
Src_reg_loss	: 0.0390
-------------------------------------
[Epoch : 107/500]
Total_loss	: 0.1078
Coral_loss	: 0.0000
MMD_loss	: 2.0680
cond_ent_wt	: 4.8314
Src_reg_loss	: 0.0388
-------------------------------------
[Epoch : 108/500]
Total_loss	: 0.1076
Coral_loss	: 0.0000
MMD_loss	: 2.0637
cond_ent_wt	: 4.8314
Src_reg_loss	: 0.0386
-------------------------------------
[Epoch : 109/500]
Total_loss	: 0.1074
Coral_loss	: 0.0000
MMD_loss	: 2.0594
cond_ent_wt	: 4.8314
Src_reg_loss	: 0.0385
-------------------------------------
[Epoch : 110/500]
Total_loss	: 0.1072
Coral_loss	: 0.0000
MMD_loss	: 2.0551
cond_ent_wt	: 4.8313
Src_reg_loss	: 0.0383
-------------------------------------
[Epoch : 111/500]
Total_loss	: 0.1070
Coral_loss	: 0.0000
MMD_loss	: 2.0509
cond_ent_wt	: 4.8313
Src_reg_loss	: 0.0382
-------------------------------------
[Epoch : 112/500]
Total_loss	: 0.1068
Coral_loss	: 0.0000
MMD_loss	: 2.0467
cond_ent_wt	: 4.8313
Src_reg_loss	: 0.0380
-------------------------------------
[Epoch : 113/500]
Total_loss	: 0.1066
Coral_loss	: 0.0000
MMD_loss	: 2.0425
cond_ent_wt	: 4.8313
Src_reg_loss	: 0.0379
-------------------------------------
[Epoch : 114/500]
Total_loss	: 0.1064
Coral_loss	: 0.0000
MMD_loss	: 2.0384
cond_ent_wt	: 4.8312
Src_reg_loss	: 0.0377
-------------------------------------
[Epoch : 115/500]
Total_loss	: 0.1062
Coral_loss	: 0.0000
MMD_loss	: 2.0343
cond_ent_wt	: 4.8312
Src_reg_loss	: 0.0376
-------------------------------------
[Epoch : 116/500]
Total_loss	: 0.1060
Coral_loss	: 0.0000
MMD_loss	: 2.0303
cond_ent_wt	: 4.8312
Src_reg_loss	: 0.0374
-------------------------------------
[Epoch : 117/500]
Total_loss	: 0.1058
Coral_loss	: 0.0000
MMD_loss	: 2.0263
cond_ent_wt	: 4.8311
Src_reg_loss	: 0.0373
-------------------------------------
[Epoch : 118/500]
Total_loss	: 0.1057
Coral_loss	: 0.0000
MMD_loss	: 2.0224
cond_ent_wt	: 4.8311
Src_reg_loss	: 0.0371
-------------------------------------
[Epoch : 119/500]
Total_loss	: 0.1055
Coral_loss	: 0.0000
MMD_loss	: 2.0185
cond_ent_wt	: 4.8311
Src_reg_loss	: 0.0370
-------------------------------------
[Epoch : 120/500]
Total_loss	: 0.1053
Coral_loss	: 0.0000
MMD_loss	: 2.0147
cond_ent_wt	: 4.8311
Src_reg_loss	: 0.0368
-------------------------------------
[Epoch : 121/500]
Total_loss	: 0.1051
Coral_loss	: 0.0000
MMD_loss	: 2.0109
cond_ent_wt	: 4.8310
Src_reg_loss	: 0.0367
-------------------------------------
[Epoch : 122/500]
Total_loss	: 0.1049
Coral_loss	: 0.0000
MMD_loss	: 2.0072
cond_ent_wt	: 4.8310
Src_reg_loss	: 0.0366
-------------------------------------
[Epoch : 123/500]
Total_loss	: 0.1048
Coral_loss	: 0.0000
MMD_loss	: 2.0036
cond_ent_wt	: 4.8310
Src_reg_loss	: 0.0364
-------------------------------------
[Epoch : 124/500]
Total_loss	: 0.1046
Coral_loss	: 0.0000
MMD_loss	: 2.0000
cond_ent_wt	: 4.8310
Src_reg_loss	: 0.0363
-------------------------------------
[Epoch : 125/500]
Total_loss	: 0.1044
Coral_loss	: 0.0000
MMD_loss	: 1.9964
cond_ent_wt	: 4.8309
Src_reg_loss	: 0.0362
-------------------------------------
[Epoch : 126/500]
Total_loss	: 0.1043
Coral_loss	: 0.0000
MMD_loss	: 1.9929
cond_ent_wt	: 4.8309
Src_reg_loss	: 0.0360
-------------------------------------
[Epoch : 127/500]
Total_loss	: 0.1041
Coral_loss	: 0.0000
MMD_loss	: 1.9895
cond_ent_wt	: 4.8309
Src_reg_loss	: 0.0359
-------------------------------------
[Epoch : 128/500]
Total_loss	: 0.1039
Coral_loss	: 0.0000
MMD_loss	: 1.9862
cond_ent_wt	: 4.8309
Src_reg_loss	: 0.0358
-------------------------------------
[Epoch : 129/500]
Total_loss	: 0.1038
Coral_loss	: 0.0000
MMD_loss	: 1.9829
cond_ent_wt	: 4.8308
Src_reg_loss	: 0.0356
-------------------------------------
[Epoch : 130/500]
Total_loss	: 0.1036
Coral_loss	: 0.0000
MMD_loss	: 1.9796
cond_ent_wt	: 4.8308
Src_reg_loss	: 0.0355
-------------------------------------
[Epoch : 131/500]
Total_loss	: 0.1035
Coral_loss	: 0.0000
MMD_loss	: 1.9764
cond_ent_wt	: 4.8308
Src_reg_loss	: 0.0354
-------------------------------------
[Epoch : 132/500]
Total_loss	: 0.1033
Coral_loss	: 0.0000
MMD_loss	: 1.9733
cond_ent_wt	: 4.8307
Src_reg_loss	: 0.0353
-------------------------------------
[Epoch : 133/500]
Total_loss	: 0.1031
Coral_loss	: 0.0000
MMD_loss	: 1.9702
cond_ent_wt	: 4.8307
Src_reg_loss	: 0.0351
-------------------------------------
[Epoch : 134/500]
Total_loss	: 0.1030
Coral_loss	: 0.0000
MMD_loss	: 1.9672
cond_ent_wt	: 4.8307
Src_reg_loss	: 0.0350
-------------------------------------
[Epoch : 135/500]
Total_loss	: 0.1028
Coral_loss	: 0.0000
MMD_loss	: 1.9642
cond_ent_wt	: 4.8307
Src_reg_loss	: 0.0349
-------------------------------------
[Epoch : 136/500]
Total_loss	: 0.1027
Coral_loss	: 0.0000
MMD_loss	: 1.9613
cond_ent_wt	: 4.8306
Src_reg_loss	: 0.0348
-------------------------------------
[Epoch : 137/500]
Total_loss	: 0.1025
Coral_loss	: 0.0000
MMD_loss	: 1.9585
cond_ent_wt	: 4.8306
Src_reg_loss	: 0.0347
-------------------------------------
[Epoch : 138/500]
Total_loss	: 0.1024
Coral_loss	: 0.0000
MMD_loss	: 1.9557
cond_ent_wt	: 4.8306
Src_reg_loss	: 0.0345
-------------------------------------
[Epoch : 139/500]
Total_loss	: 0.1023
Coral_loss	: 0.0000
MMD_loss	: 1.9530
cond_ent_wt	: 4.8306
Src_reg_loss	: 0.0344
-------------------------------------
[Epoch : 140/500]
Total_loss	: 0.1021
Coral_loss	: 0.0000
MMD_loss	: 1.9503
cond_ent_wt	: 4.8305
Src_reg_loss	: 0.0343
-------------------------------------
[Epoch : 141/500]
Total_loss	: 0.1020
Coral_loss	: 0.0000
MMD_loss	: 1.9477
cond_ent_wt	: 4.8305
Src_reg_loss	: 0.0342
-------------------------------------
[Epoch : 142/500]
Total_loss	: 0.1018
Coral_loss	: 0.0000
MMD_loss	: 1.9451
cond_ent_wt	: 4.8305
Src_reg_loss	: 0.0341
-------------------------------------
[Epoch : 143/500]
Total_loss	: 0.1017
Coral_loss	: 0.0000
MMD_loss	: 1.9426
cond_ent_wt	: 4.8305
Src_reg_loss	: 0.0340
-------------------------------------
[Epoch : 144/500]
Total_loss	: 0.1016
Coral_loss	: 0.0000
MMD_loss	: 1.9401
cond_ent_wt	: 4.8304
Src_reg_loss	: 0.0339
-------------------------------------
[Epoch : 145/500]
Total_loss	: 0.1014
Coral_loss	: 0.0000
MMD_loss	: 1.9377
cond_ent_wt	: 4.8304
Src_reg_loss	: 0.0338
-------------------------------------
[Epoch : 146/500]
Total_loss	: 0.1013
Coral_loss	: 0.0000
MMD_loss	: 1.9354
cond_ent_wt	: 4.8304
Src_reg_loss	: 0.0336
-------------------------------------
[Epoch : 147/500]
Total_loss	: 0.1012
Coral_loss	: 0.0000
MMD_loss	: 1.9331
cond_ent_wt	: 4.8304
Src_reg_loss	: 0.0335
-------------------------------------
[Epoch : 148/500]
Total_loss	: 0.1010
Coral_loss	: 0.0000
MMD_loss	: 1.9308
cond_ent_wt	: 4.8303
Src_reg_loss	: 0.0334
-------------------------------------
[Epoch : 149/500]
Total_loss	: 0.1009
Coral_loss	: 0.0000
MMD_loss	: 1.9286
cond_ent_wt	: 4.8303
Src_reg_loss	: 0.0333
-------------------------------------
[Epoch : 150/500]
Total_loss	: 0.1008
Coral_loss	: 0.0000
MMD_loss	: 1.9265
cond_ent_wt	: 4.8303
Src_reg_loss	: 0.0332
-------------------------------------
[Epoch : 151/500]
Total_loss	: 0.1007
Coral_loss	: 0.0000
MMD_loss	: 1.9243
cond_ent_wt	: 4.8302
Src_reg_loss	: 0.0331
-------------------------------------
[Epoch : 152/500]
Total_loss	: 0.1005
Coral_loss	: 0.0000
MMD_loss	: 1.9223
cond_ent_wt	: 4.8302
Src_reg_loss	: 0.0330
-------------------------------------
[Epoch : 153/500]
Total_loss	: 0.1004
Coral_loss	: 0.0000
MMD_loss	: 1.9203
cond_ent_wt	: 4.8302
Src_reg_loss	: 0.0329
-------------------------------------
[Epoch : 154/500]
Total_loss	: 0.1003
Coral_loss	: 0.0000
MMD_loss	: 1.9183
cond_ent_wt	: 4.8302
Src_reg_loss	: 0.0328
-------------------------------------
[Epoch : 155/500]
Total_loss	: 0.1002
Coral_loss	: 0.0000
MMD_loss	: 1.9164
cond_ent_wt	: 4.8301
Src_reg_loss	: 0.0327
-------------------------------------
[Epoch : 156/500]
Total_loss	: 0.1001
Coral_loss	: 0.0000
MMD_loss	: 1.9145
cond_ent_wt	: 4.8301
Src_reg_loss	: 0.0326
-------------------------------------
[Epoch : 157/500]
Total_loss	: 0.0999
Coral_loss	: 0.0000
MMD_loss	: 1.9126
cond_ent_wt	: 4.8301
Src_reg_loss	: 0.0325
-------------------------------------
[Epoch : 158/500]
Total_loss	: 0.0998
Coral_loss	: 0.0000
MMD_loss	: 1.9108
cond_ent_wt	: 4.8300
Src_reg_loss	: 0.0324
-------------------------------------
[Epoch : 159/500]
Total_loss	: 0.0997
Coral_loss	: 0.0000
MMD_loss	: 1.9091
cond_ent_wt	: 4.8300
Src_reg_loss	: 0.0323
-------------------------------------
[Epoch : 160/500]
Total_loss	: 0.0996
Coral_loss	: 0.0000
MMD_loss	: 1.9074
cond_ent_wt	: 4.8300
Src_reg_loss	: 0.0322
-------------------------------------
[Epoch : 161/500]
Total_loss	: 0.0995
Coral_loss	: 0.0000
MMD_loss	: 1.9057
cond_ent_wt	: 4.8300
Src_reg_loss	: 0.0321
-------------------------------------
[Epoch : 162/500]
Total_loss	: 0.0994
Coral_loss	: 0.0000
MMD_loss	: 1.9041
cond_ent_wt	: 4.8299
Src_reg_loss	: 0.0320
-------------------------------------
[Epoch : 163/500]
Total_loss	: 0.0993
Coral_loss	: 0.0000
MMD_loss	: 1.9025
cond_ent_wt	: 4.8299
Src_reg_loss	: 0.0319
-------------------------------------
[Epoch : 164/500]
Total_loss	: 0.0992
Coral_loss	: 0.0000
MMD_loss	: 1.9009
cond_ent_wt	: 4.8299
Src_reg_loss	: 0.0319
-------------------------------------
[Epoch : 165/500]
Total_loss	: 0.0991
Coral_loss	: 0.0000
MMD_loss	: 1.8994
cond_ent_wt	: 4.8298
Src_reg_loss	: 0.0318
-------------------------------------
[Epoch : 166/500]
Total_loss	: 0.0989
Coral_loss	: 0.0000
MMD_loss	: 1.8979
cond_ent_wt	: 4.8298
Src_reg_loss	: 0.0317
-------------------------------------
[Epoch : 167/500]
Total_loss	: 0.0988
Coral_loss	: 0.0000
MMD_loss	: 1.8965
cond_ent_wt	: 4.8298
Src_reg_loss	: 0.0316
-------------------------------------
[Epoch : 168/500]
Total_loss	: 0.0987
Coral_loss	: 0.0000
MMD_loss	: 1.8951
cond_ent_wt	: 4.8297
Src_reg_loss	: 0.0315
-------------------------------------
[Epoch : 169/500]
Total_loss	: 0.0986
Coral_loss	: 0.0000
MMD_loss	: 1.8937
cond_ent_wt	: 4.8297
Src_reg_loss	: 0.0314
-------------------------------------
[Epoch : 170/500]
Total_loss	: 0.0985
Coral_loss	: 0.0000
MMD_loss	: 1.8924
cond_ent_wt	: 4.8297
Src_reg_loss	: 0.0313
-------------------------------------
[Epoch : 171/500]
Total_loss	: 0.0984
Coral_loss	: 0.0000
MMD_loss	: 1.8911
cond_ent_wt	: 4.8296
Src_reg_loss	: 0.0312
-------------------------------------
[Epoch : 172/500]
Total_loss	: 0.0983
Coral_loss	: 0.0000
MMD_loss	: 1.8898
cond_ent_wt	: 4.8296
Src_reg_loss	: 0.0311
-------------------------------------
[Epoch : 173/500]
Total_loss	: 0.0982
Coral_loss	: 0.0000
MMD_loss	: 1.8886
cond_ent_wt	: 4.8296
Src_reg_loss	: 0.0310
-------------------------------------
[Epoch : 174/500]
Total_loss	: 0.0981
Coral_loss	: 0.0000
MMD_loss	: 1.8874
cond_ent_wt	: 4.8295
Src_reg_loss	: 0.0310
-------------------------------------
[Epoch : 175/500]
Total_loss	: 0.0980
Coral_loss	: 0.0000
MMD_loss	: 1.8862
cond_ent_wt	: 4.8295
Src_reg_loss	: 0.0309
-------------------------------------
[Epoch : 176/500]
Total_loss	: 0.0979
Coral_loss	: 0.0000
MMD_loss	: 1.8851
cond_ent_wt	: 4.8295
Src_reg_loss	: 0.0308
-------------------------------------
[Epoch : 177/500]
Total_loss	: 0.0978
Coral_loss	: 0.0000
MMD_loss	: 1.8840
cond_ent_wt	: 4.8294
Src_reg_loss	: 0.0307
-------------------------------------
[Epoch : 178/500]
Total_loss	: 0.0977
Coral_loss	: 0.0000
MMD_loss	: 1.8829
cond_ent_wt	: 4.8294
Src_reg_loss	: 0.0306
-------------------------------------
[Epoch : 179/500]
Total_loss	: 0.0976
Coral_loss	: 0.0000
MMD_loss	: 1.8819
cond_ent_wt	: 4.8293
Src_reg_loss	: 0.0305
-------------------------------------
[Epoch : 180/500]
Total_loss	: 0.0975
Coral_loss	: 0.0000
MMD_loss	: 1.8809
cond_ent_wt	: 4.8293
Src_reg_loss	: 0.0304
-------------------------------------
[Epoch : 181/500]
Total_loss	: 0.0975
Coral_loss	: 0.0000
MMD_loss	: 1.8799
cond_ent_wt	: 4.8293
Src_reg_loss	: 0.0304
-------------------------------------
[Epoch : 182/500]
Total_loss	: 0.0974
Coral_loss	: 0.0000
MMD_loss	: 1.8789
cond_ent_wt	: 4.8292
Src_reg_loss	: 0.0303
-------------------------------------
[Epoch : 183/500]
Total_loss	: 0.0973
Coral_loss	: 0.0000
MMD_loss	: 1.8780
cond_ent_wt	: 4.8292
Src_reg_loss	: 0.0302
-------------------------------------
[Epoch : 184/500]
Total_loss	: 0.0972
Coral_loss	: 0.0000
MMD_loss	: 1.8771
cond_ent_wt	: 4.8292
Src_reg_loss	: 0.0301
-------------------------------------
[Epoch : 185/500]
Total_loss	: 0.0971
Coral_loss	: 0.0000
MMD_loss	: 1.8763
cond_ent_wt	: 4.8291
Src_reg_loss	: 0.0300
-------------------------------------
[Epoch : 186/500]
Total_loss	: 0.0970
Coral_loss	: 0.0000
MMD_loss	: 1.8754
cond_ent_wt	: 4.8291
Src_reg_loss	: 0.0300
-------------------------------------
[Epoch : 187/500]
Total_loss	: 0.0969
Coral_loss	: 0.0000
MMD_loss	: 1.8746
cond_ent_wt	: 4.8290
Src_reg_loss	: 0.0299
-------------------------------------
[Epoch : 188/500]
Total_loss	: 0.0968
Coral_loss	: 0.0000
MMD_loss	: 1.8738
cond_ent_wt	: 4.8290
Src_reg_loss	: 0.0298
-------------------------------------
[Epoch : 189/500]
Total_loss	: 0.0967
Coral_loss	: 0.0000
MMD_loss	: 1.8730
cond_ent_wt	: 4.8290
Src_reg_loss	: 0.0297
-------------------------------------
[Epoch : 190/500]
Total_loss	: 0.0967
Coral_loss	: 0.0000
MMD_loss	: 1.8723
cond_ent_wt	: 4.8289
Src_reg_loss	: 0.0296
-------------------------------------
[Epoch : 191/500]
Total_loss	: 0.0966
Coral_loss	: 0.0000
MMD_loss	: 1.8716
cond_ent_wt	: 4.8289
Src_reg_loss	: 0.0296
-------------------------------------
[Epoch : 192/500]
Total_loss	: 0.0965
Coral_loss	: 0.0000
MMD_loss	: 1.8709
cond_ent_wt	: 4.8288
Src_reg_loss	: 0.0295
-------------------------------------
[Epoch : 193/500]
Total_loss	: 0.0964
Coral_loss	: 0.0000
MMD_loss	: 1.8702
cond_ent_wt	: 4.8288
Src_reg_loss	: 0.0294
-------------------------------------
[Epoch : 194/500]
Total_loss	: 0.0963
Coral_loss	: 0.0000
MMD_loss	: 1.8695
cond_ent_wt	: 4.8287
Src_reg_loss	: 0.0293
-------------------------------------
[Epoch : 195/500]
Total_loss	: 0.0962
Coral_loss	: 0.0000
MMD_loss	: 1.8688
cond_ent_wt	: 4.8287
Src_reg_loss	: 0.0293
-------------------------------------
[Epoch : 196/500]
Total_loss	: 0.0961
Coral_loss	: 0.0000
MMD_loss	: 1.8682
cond_ent_wt	: 4.8287
Src_reg_loss	: 0.0292
-------------------------------------
[Epoch : 197/500]
Total_loss	: 0.0961
Coral_loss	: 0.0000
MMD_loss	: 1.8676
cond_ent_wt	: 4.8286
Src_reg_loss	: 0.0291
-------------------------------------
[Epoch : 198/500]
Total_loss	: 0.0960
Coral_loss	: 0.0000
MMD_loss	: 1.8670
cond_ent_wt	: 4.8286
Src_reg_loss	: 0.0290
-------------------------------------
[Epoch : 199/500]
Total_loss	: 0.0959
Coral_loss	: 0.0000
MMD_loss	: 1.8664
cond_ent_wt	: 4.8285
Src_reg_loss	: 0.0290
-------------------------------------
[Epoch : 200/500]
Total_loss	: 0.0958
Coral_loss	: 0.0000
MMD_loss	: 1.8658
cond_ent_wt	: 4.8285
Src_reg_loss	: 0.0289
-------------------------------------
[Epoch : 201/500]
Total_loss	: 0.0957
Coral_loss	: 0.0000
MMD_loss	: 1.8653
cond_ent_wt	: 4.8284
Src_reg_loss	: 0.0288
-------------------------------------
[Epoch : 202/500]
Total_loss	: 0.0957
Coral_loss	: 0.0000
MMD_loss	: 1.8647
cond_ent_wt	: 4.8284
Src_reg_loss	: 0.0287
-------------------------------------
[Epoch : 203/500]
Total_loss	: 0.0956
Coral_loss	: 0.0000
MMD_loss	: 1.8642
cond_ent_wt	: 4.8283
Src_reg_loss	: 0.0287
-------------------------------------
[Epoch : 204/500]
Total_loss	: 0.0955
Coral_loss	: 0.0000
MMD_loss	: 1.8637
cond_ent_wt	: 4.8283
Src_reg_loss	: 0.0286
-------------------------------------
[Epoch : 205/500]
Total_loss	: 0.0954
Coral_loss	: 0.0000
MMD_loss	: 1.8632
cond_ent_wt	: 4.8282
Src_reg_loss	: 0.0285
-------------------------------------
[Epoch : 206/500]
Total_loss	: 0.0954
Coral_loss	: 0.0000
MMD_loss	: 1.8627
cond_ent_wt	: 4.8282
Src_reg_loss	: 0.0285
-------------------------------------
[Epoch : 207/500]
Total_loss	: 0.0953
Coral_loss	: 0.0000
MMD_loss	: 1.8622
cond_ent_wt	: 4.8281
Src_reg_loss	: 0.0284
-------------------------------------
[Epoch : 208/500]
Total_loss	: 0.0952
Coral_loss	: 0.0000
MMD_loss	: 1.8617
cond_ent_wt	: 4.8281
Src_reg_loss	: 0.0283
-------------------------------------
[Epoch : 209/500]
Total_loss	: 0.0951
Coral_loss	: 0.0000
MMD_loss	: 1.8613
cond_ent_wt	: 4.8280
Src_reg_loss	: 0.0282
-------------------------------------
[Epoch : 210/500]
Total_loss	: 0.0951
Coral_loss	: 0.0000
MMD_loss	: 1.8608
cond_ent_wt	: 4.8280
Src_reg_loss	: 0.0282
-------------------------------------
[Epoch : 211/500]
Total_loss	: 0.0950
Coral_loss	: 0.0000
MMD_loss	: 1.8604
cond_ent_wt	: 4.8279
Src_reg_loss	: 0.0281
-------------------------------------
[Epoch : 212/500]
Total_loss	: 0.0949
Coral_loss	: 0.0000
MMD_loss	: 1.8599
cond_ent_wt	: 4.8279
Src_reg_loss	: 0.0280
-------------------------------------
[Epoch : 213/500]
Total_loss	: 0.0948
Coral_loss	: 0.0000
MMD_loss	: 1.8595
cond_ent_wt	: 4.8278
Src_reg_loss	: 0.0280
-------------------------------------
[Epoch : 214/500]
Total_loss	: 0.0948
Coral_loss	: 0.0000
MMD_loss	: 1.8591
cond_ent_wt	: 4.8278
Src_reg_loss	: 0.0279
-------------------------------------
[Epoch : 215/500]
Total_loss	: 0.0947
Coral_loss	: 0.0000
MMD_loss	: 1.8587
cond_ent_wt	: 4.8277
Src_reg_loss	: 0.0278
-------------------------------------
[Epoch : 216/500]
Total_loss	: 0.0946
Coral_loss	: 0.0000
MMD_loss	: 1.8583
cond_ent_wt	: 4.8276
Src_reg_loss	: 0.0278
-------------------------------------
[Epoch : 217/500]
Total_loss	: 0.0946
Coral_loss	: 0.0000
MMD_loss	: 1.8579
cond_ent_wt	: 4.8276
Src_reg_loss	: 0.0277
-------------------------------------
[Epoch : 218/500]
Total_loss	: 0.0945
Coral_loss	: 0.0000
MMD_loss	: 1.8575
cond_ent_wt	: 4.8275
Src_reg_loss	: 0.0276
-------------------------------------
[Epoch : 219/500]
Total_loss	: 0.0944
Coral_loss	: 0.0000
MMD_loss	: 1.8571
cond_ent_wt	: 4.8275
Src_reg_loss	: 0.0276
-------------------------------------
[Epoch : 220/500]
Total_loss	: 0.0943
Coral_loss	: 0.0000
MMD_loss	: 1.8567
cond_ent_wt	: 4.8274
Src_reg_loss	: 0.0275
-------------------------------------
[Epoch : 221/500]
Total_loss	: 0.0943
Coral_loss	: 0.0000
MMD_loss	: 1.8563
cond_ent_wt	: 4.8274
Src_reg_loss	: 0.0274
-------------------------------------
[Epoch : 222/500]
Total_loss	: 0.0942
Coral_loss	: 0.0000
MMD_loss	: 1.8560
cond_ent_wt	: 4.8273
Src_reg_loss	: 0.0274
-------------------------------------
[Epoch : 223/500]
Total_loss	: 0.0941
Coral_loss	: 0.0000
MMD_loss	: 1.8556
cond_ent_wt	: 4.8272
Src_reg_loss	: 0.0273
-------------------------------------
[Epoch : 224/500]
Total_loss	: 0.0941
Coral_loss	: 0.0000
MMD_loss	: 1.8552
cond_ent_wt	: 4.8272
Src_reg_loss	: 0.0273
-------------------------------------
[Epoch : 225/500]
Total_loss	: 0.0940
Coral_loss	: 0.0000
MMD_loss	: 1.8549
cond_ent_wt	: 4.8271
Src_reg_loss	: 0.0272
-------------------------------------
[Epoch : 226/500]
Total_loss	: 0.0939
Coral_loss	: 0.0000
MMD_loss	: 1.8545
cond_ent_wt	: 4.8271
Src_reg_loss	: 0.0271
-------------------------------------
[Epoch : 227/500]
Total_loss	: 0.0939
Coral_loss	: 0.0000
MMD_loss	: 1.8542
cond_ent_wt	: 4.8270
Src_reg_loss	: 0.0271
-------------------------------------
[Epoch : 228/500]
Total_loss	: 0.0938
Coral_loss	: 0.0000
MMD_loss	: 1.8538
cond_ent_wt	: 4.8269
Src_reg_loss	: 0.0270
-------------------------------------
[Epoch : 229/500]
Total_loss	: 0.0937
Coral_loss	: 0.0000
MMD_loss	: 1.8535
cond_ent_wt	: 4.8269
Src_reg_loss	: 0.0269
-------------------------------------
[Epoch : 230/500]
Total_loss	: 0.0937
Coral_loss	: 0.0000
MMD_loss	: 1.8532
cond_ent_wt	: 4.8268
Src_reg_loss	: 0.0269
-------------------------------------
[Epoch : 231/500]
Total_loss	: 0.0936
Coral_loss	: 0.0000
MMD_loss	: 1.8528
cond_ent_wt	: 4.8267
Src_reg_loss	: 0.0268
-------------------------------------
[Epoch : 232/500]
Total_loss	: 0.0936
Coral_loss	: 0.0000
MMD_loss	: 1.8525
cond_ent_wt	: 4.8267
Src_reg_loss	: 0.0268
-------------------------------------
[Epoch : 233/500]
Total_loss	: 0.0935
Coral_loss	: 0.0000
MMD_loss	: 1.8522
cond_ent_wt	: 4.8266
Src_reg_loss	: 0.0267
-------------------------------------
[Epoch : 234/500]
Total_loss	: 0.0934
Coral_loss	: 0.0000
MMD_loss	: 1.8518
cond_ent_wt	: 4.8265
Src_reg_loss	: 0.0266
-------------------------------------
[Epoch : 235/500]
Total_loss	: 0.0934
Coral_loss	: 0.0000
MMD_loss	: 1.8515
cond_ent_wt	: 4.8265
Src_reg_loss	: 0.0266
-------------------------------------
[Epoch : 236/500]
Total_loss	: 0.0933
Coral_loss	: 0.0000
MMD_loss	: 1.8512
cond_ent_wt	: 4.8264
Src_reg_loss	: 0.0265
-------------------------------------
[Epoch : 237/500]
Total_loss	: 0.0932
Coral_loss	: 0.0000
MMD_loss	: 1.8509
cond_ent_wt	: 4.8263
Src_reg_loss	: 0.0265
-------------------------------------
[Epoch : 238/500]
Total_loss	: 0.0932
Coral_loss	: 0.0000
MMD_loss	: 1.8506
cond_ent_wt	: 4.8262
Src_reg_loss	: 0.0264
-------------------------------------
[Epoch : 239/500]
Total_loss	: 0.0931
Coral_loss	: 0.0000
MMD_loss	: 1.8503
cond_ent_wt	: 4.8262
Src_reg_loss	: 0.0264
-------------------------------------
[Epoch : 240/500]
Total_loss	: 0.0931
Coral_loss	: 0.0000
MMD_loss	: 1.8499
cond_ent_wt	: 4.8261
Src_reg_loss	: 0.0263
-------------------------------------
[Epoch : 241/500]
Total_loss	: 0.0930
Coral_loss	: 0.0000
MMD_loss	: 1.8496
cond_ent_wt	: 4.8260
Src_reg_loss	: 0.0262
-------------------------------------
[Epoch : 242/500]
Total_loss	: 0.0929
Coral_loss	: 0.0000
MMD_loss	: 1.8493
cond_ent_wt	: 4.8260
Src_reg_loss	: 0.0262
-------------------------------------
[Epoch : 243/500]
Total_loss	: 0.0929
Coral_loss	: 0.0000
MMD_loss	: 1.8490
cond_ent_wt	: 4.8259
Src_reg_loss	: 0.0261
-------------------------------------
[Epoch : 244/500]
Total_loss	: 0.0928
Coral_loss	: 0.0000
MMD_loss	: 1.8487
cond_ent_wt	: 4.8258
Src_reg_loss	: 0.0261
-------------------------------------
[Epoch : 245/500]
Total_loss	: 0.0928
Coral_loss	: 0.0000
MMD_loss	: 1.8484
cond_ent_wt	: 4.8257
Src_reg_loss	: 0.0260
-------------------------------------
[Epoch : 246/500]
Total_loss	: 0.0927
Coral_loss	: 0.0000
MMD_loss	: 1.8481
cond_ent_wt	: 4.8257
Src_reg_loss	: 0.0260
-------------------------------------
[Epoch : 247/500]
Total_loss	: 0.0926
Coral_loss	: 0.0000
MMD_loss	: 1.8478
cond_ent_wt	: 4.8256
Src_reg_loss	: 0.0259
-------------------------------------
[Epoch : 248/500]
Total_loss	: 0.0926
Coral_loss	: 0.0000
MMD_loss	: 1.8475
cond_ent_wt	: 4.8255
Src_reg_loss	: 0.0259
-------------------------------------
[Epoch : 249/500]
Total_loss	: 0.0925
Coral_loss	: 0.0000
MMD_loss	: 1.8472
cond_ent_wt	: 4.8254
Src_reg_loss	: 0.0258
-------------------------------------
[Epoch : 250/500]
Total_loss	: 0.0925
Coral_loss	: 0.0000
MMD_loss	: 1.8469
cond_ent_wt	: 4.8253
Src_reg_loss	: 0.0257
-------------------------------------
[Epoch : 251/500]
Total_loss	: 0.0924
Coral_loss	: 0.0000
MMD_loss	: 1.8466
cond_ent_wt	: 4.8253
Src_reg_loss	: 0.0257
-------------------------------------
[Epoch : 252/500]
Total_loss	: 0.0924
Coral_loss	: 0.0000
MMD_loss	: 1.8463
cond_ent_wt	: 4.8252
Src_reg_loss	: 0.0256
-------------------------------------
[Epoch : 253/500]
Total_loss	: 0.0923
Coral_loss	: 0.0000
MMD_loss	: 1.8461
cond_ent_wt	: 4.8251
Src_reg_loss	: 0.0256
-------------------------------------
[Epoch : 254/500]
Total_loss	: 0.0922
Coral_loss	: 0.0000
MMD_loss	: 1.8458
cond_ent_wt	: 4.8250
Src_reg_loss	: 0.0255
-------------------------------------
[Epoch : 255/500]
Total_loss	: 0.0922
Coral_loss	: 0.0000
MMD_loss	: 1.8455
cond_ent_wt	: 4.8249
Src_reg_loss	: 0.0255
-------------------------------------
[Epoch : 256/500]
Total_loss	: 0.0921
Coral_loss	: 0.0000
MMD_loss	: 1.8452
cond_ent_wt	: 4.8249
Src_reg_loss	: 0.0254
-------------------------------------
[Epoch : 257/500]
Total_loss	: 0.0921
Coral_loss	: 0.0000
MMD_loss	: 1.8449
cond_ent_wt	: 4.8248
Src_reg_loss	: 0.0254
-------------------------------------
[Epoch : 258/500]
Total_loss	: 0.0920
Coral_loss	: 0.0000
MMD_loss	: 1.8446
cond_ent_wt	: 4.8247
Src_reg_loss	: 0.0253
-------------------------------------
[Epoch : 259/500]
Total_loss	: 0.0920
Coral_loss	: 0.0000
MMD_loss	: 1.8443
cond_ent_wt	: 4.8246
Src_reg_loss	: 0.0253
-------------------------------------
[Epoch : 260/500]
Total_loss	: 0.0919
Coral_loss	: 0.0000
MMD_loss	: 1.8441
cond_ent_wt	: 4.8245
Src_reg_loss	: 0.0252
-------------------------------------
[Epoch : 261/500]
Total_loss	: 0.0919
Coral_loss	: 0.0000
MMD_loss	: 1.8438
cond_ent_wt	: 4.8244
Src_reg_loss	: 0.0252
-------------------------------------
[Epoch : 262/500]
Total_loss	: 0.0918
Coral_loss	: 0.0000
MMD_loss	: 1.8435
cond_ent_wt	: 4.8243
Src_reg_loss	: 0.0251
-------------------------------------
[Epoch : 263/500]
Total_loss	: 0.0917
Coral_loss	: 0.0000
MMD_loss	: 1.8432
cond_ent_wt	: 4.8242
Src_reg_loss	: 0.0251
-------------------------------------
[Epoch : 264/500]
Total_loss	: 0.0917
Coral_loss	: 0.0000
MMD_loss	: 1.8429
cond_ent_wt	: 4.8242
Src_reg_loss	: 0.0250
-------------------------------------
[Epoch : 265/500]
Total_loss	: 0.0916
Coral_loss	: 0.0000
MMD_loss	: 1.8427
cond_ent_wt	: 4.8241
Src_reg_loss	: 0.0250
-------------------------------------
[Epoch : 266/500]
Total_loss	: 0.0916
Coral_loss	: 0.0000
MMD_loss	: 1.8424
cond_ent_wt	: 4.8240
Src_reg_loss	: 0.0249
-------------------------------------
[Epoch : 267/500]
Total_loss	: 0.0915
Coral_loss	: 0.0000
MMD_loss	: 1.8421
cond_ent_wt	: 4.8239
Src_reg_loss	: 0.0249
-------------------------------------
[Epoch : 268/500]
Total_loss	: 0.0915
Coral_loss	: 0.0000
MMD_loss	: 1.8418
cond_ent_wt	: 4.8238
Src_reg_loss	: 0.0248
-------------------------------------
[Epoch : 269/500]
Total_loss	: 0.0914
Coral_loss	: 0.0000
MMD_loss	: 1.8416
cond_ent_wt	: 4.8237
Src_reg_loss	: 0.0248
-------------------------------------
[Epoch : 270/500]
Total_loss	: 0.0914
Coral_loss	: 0.0000
MMD_loss	: 1.8413
cond_ent_wt	: 4.8236
Src_reg_loss	: 0.0247
-------------------------------------
[Epoch : 271/500]
Total_loss	: 0.0913
Coral_loss	: 0.0000
MMD_loss	: 1.8410
cond_ent_wt	: 4.8235
Src_reg_loss	: 0.0247
-------------------------------------
[Epoch : 272/500]
Total_loss	: 0.0913
Coral_loss	: 0.0000
MMD_loss	: 1.8408
cond_ent_wt	: 4.8234
Src_reg_loss	: 0.0246
-------------------------------------
[Epoch : 273/500]
Total_loss	: 0.0912
Coral_loss	: 0.0000
MMD_loss	: 1.8405
cond_ent_wt	: 4.8233
Src_reg_loss	: 0.0246
-------------------------------------
[Epoch : 274/500]
Total_loss	: 0.0912
Coral_loss	: 0.0000
MMD_loss	: 1.8402
cond_ent_wt	: 4.8232
Src_reg_loss	: 0.0245
-------------------------------------
[Epoch : 275/500]
Total_loss	: 0.0911
Coral_loss	: 0.0000
MMD_loss	: 1.8400
cond_ent_wt	: 4.8231
Src_reg_loss	: 0.0245
-------------------------------------
[Epoch : 276/500]
Total_loss	: 0.0911
Coral_loss	: 0.0000
MMD_loss	: 1.8397
cond_ent_wt	: 4.8230
Src_reg_loss	: 0.0245
-------------------------------------
[Epoch : 277/500]
Total_loss	: 0.0910
Coral_loss	: 0.0000
MMD_loss	: 1.8394
cond_ent_wt	: 4.8229
Src_reg_loss	: 0.0244
-------------------------------------
[Epoch : 278/500]
Total_loss	: 0.0910
Coral_loss	: 0.0000
MMD_loss	: 1.8392
cond_ent_wt	: 4.8228
Src_reg_loss	: 0.0244
-------------------------------------
[Epoch : 279/500]
Total_loss	: 0.0909
Coral_loss	: 0.0000
MMD_loss	: 1.8389
cond_ent_wt	: 4.8227
Src_reg_loss	: 0.0243
-------------------------------------
[Epoch : 280/500]
Total_loss	: 0.0909
Coral_loss	: 0.0000
MMD_loss	: 1.8387
cond_ent_wt	: 4.8226
Src_reg_loss	: 0.0243
-------------------------------------
[Epoch : 281/500]
Total_loss	: 0.0908
Coral_loss	: 0.0000
MMD_loss	: 1.8384
cond_ent_wt	: 4.8225
Src_reg_loss	: 0.0242
-------------------------------------
[Epoch : 282/500]
Total_loss	: 0.0908
Coral_loss	: 0.0000
MMD_loss	: 1.8381
cond_ent_wt	: 4.8224
Src_reg_loss	: 0.0242
-------------------------------------
[Epoch : 283/500]
Total_loss	: 0.0907
Coral_loss	: 0.0000
MMD_loss	: 1.8379
cond_ent_wt	: 4.8223
Src_reg_loss	: 0.0241
-------------------------------------
[Epoch : 284/500]
Total_loss	: 0.0907
Coral_loss	: 0.0000
MMD_loss	: 1.8376
cond_ent_wt	: 4.8222
Src_reg_loss	: 0.0241
-------------------------------------
[Epoch : 285/500]
Total_loss	: 0.0906
Coral_loss	: 0.0000
MMD_loss	: 1.8374
cond_ent_wt	: 4.8221
Src_reg_loss	: 0.0241
-------------------------------------
[Epoch : 286/500]
Total_loss	: 0.0906
Coral_loss	: 0.0000
MMD_loss	: 1.8371
cond_ent_wt	: 4.8220
Src_reg_loss	: 0.0240
-------------------------------------
[Epoch : 287/500]
Total_loss	: 0.0906
Coral_loss	: 0.0000
MMD_loss	: 1.8369
cond_ent_wt	: 4.8219
Src_reg_loss	: 0.0240
-------------------------------------
[Epoch : 288/500]
Total_loss	: 0.0905
Coral_loss	: 0.0000
MMD_loss	: 1.8366
cond_ent_wt	: 4.8217
Src_reg_loss	: 0.0239
-------------------------------------
[Epoch : 289/500]
Total_loss	: 0.0905
Coral_loss	: 0.0000
MMD_loss	: 1.8364
cond_ent_wt	: 4.8216
Src_reg_loss	: 0.0239
-------------------------------------
[Epoch : 290/500]
Total_loss	: 0.0904
Coral_loss	: 0.0000
MMD_loss	: 1.8361
cond_ent_wt	: 4.8215
Src_reg_loss	: 0.0238
-------------------------------------
[Epoch : 291/500]
Total_loss	: 0.0904
Coral_loss	: 0.0000
MMD_loss	: 1.8359
cond_ent_wt	: 4.8214
Src_reg_loss	: 0.0238
-------------------------------------
[Epoch : 292/500]
Total_loss	: 0.0903
Coral_loss	: 0.0000
MMD_loss	: 1.8356
cond_ent_wt	: 4.8213
Src_reg_loss	: 0.0238
-------------------------------------
[Epoch : 293/500]
Total_loss	: 0.0903
Coral_loss	: 0.0000
MMD_loss	: 1.8354
cond_ent_wt	: 4.8212
Src_reg_loss	: 0.0237
-------------------------------------
[Epoch : 294/500]
Total_loss	: 0.0902
Coral_loss	: 0.0000
MMD_loss	: 1.8352
cond_ent_wt	: 4.8211
Src_reg_loss	: 0.0237
-------------------------------------
[Epoch : 295/500]
Total_loss	: 0.0902
Coral_loss	: 0.0000
MMD_loss	: 1.8349
cond_ent_wt	: 4.8210
Src_reg_loss	: 0.0236
-------------------------------------
[Epoch : 296/500]
Total_loss	: 0.0901
Coral_loss	: 0.0000
MMD_loss	: 1.8347
cond_ent_wt	: 4.8208
Src_reg_loss	: 0.0236
-------------------------------------
[Epoch : 297/500]
Total_loss	: 0.0901
Coral_loss	: 0.0000
MMD_loss	: 1.8344
cond_ent_wt	: 4.8207
Src_reg_loss	: 0.0235
-------------------------------------
[Epoch : 298/500]
Total_loss	: 0.0901
Coral_loss	: 0.0000
MMD_loss	: 1.8342
cond_ent_wt	: 4.8206
Src_reg_loss	: 0.0235
-------------------------------------
[Epoch : 299/500]
Total_loss	: 0.0900
Coral_loss	: 0.0000
MMD_loss	: 1.8340
cond_ent_wt	: 4.8205
Src_reg_loss	: 0.0235
-------------------------------------
[Epoch : 300/500]
Total_loss	: 0.0900
Coral_loss	: 0.0000
MMD_loss	: 1.8337
cond_ent_wt	: 4.8204
Src_reg_loss	: 0.0234
-------------------------------------
[Epoch : 301/500]
Total_loss	: 0.0899
Coral_loss	: 0.0000
MMD_loss	: 1.8335
cond_ent_wt	: 4.8202
Src_reg_loss	: 0.0234
-------------------------------------
[Epoch : 302/500]
Total_loss	: 0.0899
Coral_loss	: 0.0000
MMD_loss	: 1.8332
cond_ent_wt	: 4.8201
Src_reg_loss	: 0.0233
-------------------------------------
[Epoch : 303/500]
Total_loss	: 0.0898
Coral_loss	: 0.0000
MMD_loss	: 1.8330
cond_ent_wt	: 4.8200
Src_reg_loss	: 0.0233
-------------------------------------
[Epoch : 304/500]
Total_loss	: 0.0898
Coral_loss	: 0.0000
MMD_loss	: 1.8328
cond_ent_wt	: 4.8199
Src_reg_loss	: 0.0233
-------------------------------------
[Epoch : 305/500]
Total_loss	: 0.0898
Coral_loss	: 0.0000
MMD_loss	: 1.8325
cond_ent_wt	: 4.8197
Src_reg_loss	: 0.0232
-------------------------------------
[Epoch : 306/500]
Total_loss	: 0.0897
Coral_loss	: 0.0000
MMD_loss	: 1.8323
cond_ent_wt	: 4.8196
Src_reg_loss	: 0.0232
-------------------------------------
[Epoch : 307/500]
Total_loss	: 0.0897
Coral_loss	: 0.0000
MMD_loss	: 1.8320
cond_ent_wt	: 4.8195
Src_reg_loss	: 0.0232
-------------------------------------
[Epoch : 308/500]
Total_loss	: 0.0896
Coral_loss	: 0.0000
MMD_loss	: 1.8318
cond_ent_wt	: 4.8193
Src_reg_loss	: 0.0231
-------------------------------------
[Epoch : 309/500]
Total_loss	: 0.0896
Coral_loss	: 0.0000
MMD_loss	: 1.8316
cond_ent_wt	: 4.8192
Src_reg_loss	: 0.0231
-------------------------------------
[Epoch : 310/500]
Total_loss	: 0.0895
Coral_loss	: 0.0000
MMD_loss	: 1.8314
cond_ent_wt	: 4.8191
Src_reg_loss	: 0.0230
-------------------------------------
[Epoch : 311/500]
Total_loss	: 0.0895
Coral_loss	: 0.0000
MMD_loss	: 1.8311
cond_ent_wt	: 4.8190
Src_reg_loss	: 0.0230
-------------------------------------
[Epoch : 312/500]
Total_loss	: 0.0895
Coral_loss	: 0.0000
MMD_loss	: 1.8309
cond_ent_wt	: 4.8188
Src_reg_loss	: 0.0230
-------------------------------------
[Epoch : 313/500]
Total_loss	: 0.0894
Coral_loss	: 0.0000
MMD_loss	: 1.8307
cond_ent_wt	: 4.8187
Src_reg_loss	: 0.0229
-------------------------------------
[Epoch : 314/500]
Total_loss	: 0.0894
Coral_loss	: 0.0000
MMD_loss	: 1.8305
cond_ent_wt	: 4.8185
Src_reg_loss	: 0.0229
-------------------------------------
[Epoch : 315/500]
Total_loss	: 0.0893
Coral_loss	: 0.0000
MMD_loss	: 1.8302
cond_ent_wt	: 4.8184
Src_reg_loss	: 0.0229
-------------------------------------
[Epoch : 316/500]
Total_loss	: 0.0893
Coral_loss	: 0.0000
MMD_loss	: 1.8300
cond_ent_wt	: 4.8183
Src_reg_loss	: 0.0228
-------------------------------------
[Epoch : 317/500]
Total_loss	: 0.0893
Coral_loss	: 0.0000
MMD_loss	: 1.8298
cond_ent_wt	: 4.8181
Src_reg_loss	: 0.0228
-------------------------------------
[Epoch : 318/500]
Total_loss	: 0.0892
Coral_loss	: 0.0000
MMD_loss	: 1.8296
cond_ent_wt	: 4.8180
Src_reg_loss	: 0.0227
-------------------------------------
[Epoch : 319/500]
Total_loss	: 0.0892
Coral_loss	: 0.0000
MMD_loss	: 1.8294
cond_ent_wt	: 4.8179
Src_reg_loss	: 0.0227
-------------------------------------
[Epoch : 320/500]
Total_loss	: 0.0891
Coral_loss	: 0.0000
MMD_loss	: 1.8292
cond_ent_wt	: 4.8177
Src_reg_loss	: 0.0227
-------------------------------------
[Epoch : 321/500]
Total_loss	: 0.0891
Coral_loss	: 0.0000
MMD_loss	: 1.8290
cond_ent_wt	: 4.8176
Src_reg_loss	: 0.0226
-------------------------------------
[Epoch : 322/500]
Total_loss	: 0.0891
Coral_loss	: 0.0000
MMD_loss	: 1.8287
cond_ent_wt	: 4.8174
Src_reg_loss	: 0.0226
-------------------------------------
[Epoch : 323/500]
Total_loss	: 0.0890
Coral_loss	: 0.0000
MMD_loss	: 1.8285
cond_ent_wt	: 4.8173
Src_reg_loss	: 0.0226
-------------------------------------
[Epoch : 324/500]
Total_loss	: 0.0890
Coral_loss	: 0.0000
MMD_loss	: 1.8283
cond_ent_wt	: 4.8171
Src_reg_loss	: 0.0225
-------------------------------------
[Epoch : 325/500]
Total_loss	: 0.0889
Coral_loss	: 0.0000
MMD_loss	: 1.8281
cond_ent_wt	: 4.8170
Src_reg_loss	: 0.0225
-------------------------------------
[Epoch : 326/500]
Total_loss	: 0.0889
Coral_loss	: 0.0000
MMD_loss	: 1.8279
cond_ent_wt	: 4.8168
Src_reg_loss	: 0.0225
-------------------------------------
[Epoch : 327/500]
Total_loss	: 0.0889
Coral_loss	: 0.0000
MMD_loss	: 1.8277
cond_ent_wt	: 4.8167
Src_reg_loss	: 0.0224
-------------------------------------
[Epoch : 328/500]
Total_loss	: 0.0888
Coral_loss	: 0.0000
MMD_loss	: 1.8275
cond_ent_wt	: 4.8165
Src_reg_loss	: 0.0224
-------------------------------------
[Epoch : 329/500]
Total_loss	: 0.0888
Coral_loss	: 0.0000
MMD_loss	: 1.8273
cond_ent_wt	: 4.8164
Src_reg_loss	: 0.0224
-------------------------------------
[Epoch : 330/500]
Total_loss	: 0.0888
Coral_loss	: 0.0000
MMD_loss	: 1.8271
cond_ent_wt	: 4.8162
Src_reg_loss	: 0.0223
-------------------------------------
[Epoch : 331/500]
Total_loss	: 0.0887
Coral_loss	: 0.0000
MMD_loss	: 1.8269
cond_ent_wt	: 4.8161
Src_reg_loss	: 0.0223
-------------------------------------
[Epoch : 332/500]
Total_loss	: 0.0887
Coral_loss	: 0.0000
MMD_loss	: 1.8267
cond_ent_wt	: 4.8159
Src_reg_loss	: 0.0223
-------------------------------------
[Epoch : 333/500]
Total_loss	: 0.0886
Coral_loss	: 0.0000
MMD_loss	: 1.8265
cond_ent_wt	: 4.8158
Src_reg_loss	: 0.0222
-------------------------------------
[Epoch : 334/500]
Total_loss	: 0.0886
Coral_loss	: 0.0000
MMD_loss	: 1.8263
cond_ent_wt	: 4.8156
Src_reg_loss	: 0.0222
-------------------------------------
[Epoch : 335/500]
Total_loss	: 0.0886
Coral_loss	: 0.0000
MMD_loss	: 1.8262
cond_ent_wt	: 4.8154
Src_reg_loss	: 0.0222
-------------------------------------
[Epoch : 336/500]
Total_loss	: 0.0885
Coral_loss	: 0.0000
MMD_loss	: 1.8260
cond_ent_wt	: 4.8153
Src_reg_loss	: 0.0221
-------------------------------------
[Epoch : 337/500]
Total_loss	: 0.0885
Coral_loss	: 0.0000
MMD_loss	: 1.8258
cond_ent_wt	: 4.8151
Src_reg_loss	: 0.0221
-------------------------------------
[Epoch : 338/500]
Total_loss	: 0.0885
Coral_loss	: 0.0000
MMD_loss	: 1.8256
cond_ent_wt	: 4.8150
Src_reg_loss	: 0.0221
-------------------------------------
[Epoch : 339/500]
Total_loss	: 0.0884
Coral_loss	: 0.0000
MMD_loss	: 1.8254
cond_ent_wt	: 4.8148
Src_reg_loss	: 0.0220
-------------------------------------
[Epoch : 340/500]
Total_loss	: 0.0884
Coral_loss	: 0.0000
MMD_loss	: 1.8252
cond_ent_wt	: 4.8146
Src_reg_loss	: 0.0220
-------------------------------------
[Epoch : 341/500]
Total_loss	: 0.0883
Coral_loss	: 0.0000
MMD_loss	: 1.8250
cond_ent_wt	: 4.8145
Src_reg_loss	: 0.0220
-------------------------------------
[Epoch : 342/500]
Total_loss	: 0.0883
Coral_loss	: 0.0000
MMD_loss	: 1.8249
cond_ent_wt	: 4.8143
Src_reg_loss	: 0.0219
-------------------------------------
[Epoch : 343/500]
Total_loss	: 0.0883
Coral_loss	: 0.0000
MMD_loss	: 1.8247
cond_ent_wt	: 4.8141
Src_reg_loss	: 0.0219
-------------------------------------
[Epoch : 344/500]
Total_loss	: 0.0882
Coral_loss	: 0.0000
MMD_loss	: 1.8245
cond_ent_wt	: 4.8139
Src_reg_loss	: 0.0219
-------------------------------------
[Epoch : 345/500]
Total_loss	: 0.0882
Coral_loss	: 0.0000
MMD_loss	: 1.8243
cond_ent_wt	: 4.8138
Src_reg_loss	: 0.0218
-------------------------------------
[Epoch : 346/500]
Total_loss	: 0.0882
Coral_loss	: 0.0000
MMD_loss	: 1.8241
cond_ent_wt	: 4.8136
Src_reg_loss	: 0.0218
-------------------------------------
[Epoch : 347/500]
Total_loss	: 0.0881
Coral_loss	: 0.0000
MMD_loss	: 1.8240
cond_ent_wt	: 4.8134
Src_reg_loss	: 0.0218
-------------------------------------
[Epoch : 348/500]
Total_loss	: 0.0881
Coral_loss	: 0.0000
MMD_loss	: 1.8238
cond_ent_wt	: 4.8133
Src_reg_loss	: 0.0217
-------------------------------------
[Epoch : 349/500]
Total_loss	: 0.0881
Coral_loss	: 0.0000
MMD_loss	: 1.8236
cond_ent_wt	: 4.8131
Src_reg_loss	: 0.0217
-------------------------------------
[Epoch : 350/500]
Total_loss	: 0.0880
Coral_loss	: 0.0000
MMD_loss	: 1.8234
cond_ent_wt	: 4.8129
Src_reg_loss	: 0.0217
-------------------------------------
[Epoch : 351/500]
Total_loss	: 0.0880
Coral_loss	: 0.0000
MMD_loss	: 1.8233
cond_ent_wt	: 4.8127
Src_reg_loss	: 0.0216
-------------------------------------
[Epoch : 352/500]
Total_loss	: 0.0880
Coral_loss	: 0.0000
MMD_loss	: 1.8231
cond_ent_wt	: 4.8125
Src_reg_loss	: 0.0216
-------------------------------------
[Epoch : 353/500]
Total_loss	: 0.0879
Coral_loss	: 0.0000
MMD_loss	: 1.8229
cond_ent_wt	: 4.8124
Src_reg_loss	: 0.0216
-------------------------------------
[Epoch : 354/500]
Total_loss	: 0.0879
Coral_loss	: 0.0000
MMD_loss	: 1.8228
cond_ent_wt	: 4.8122
Src_reg_loss	: 0.0215
-------------------------------------
[Epoch : 355/500]
Total_loss	: 0.0879
Coral_loss	: 0.0000
MMD_loss	: 1.8226
cond_ent_wt	: 4.8120
Src_reg_loss	: 0.0215
-------------------------------------
[Epoch : 356/500]
Total_loss	: 0.0878
Coral_loss	: 0.0000
MMD_loss	: 1.8224
cond_ent_wt	: 4.8118
Src_reg_loss	: 0.0215
-------------------------------------
[Epoch : 357/500]
Total_loss	: 0.0878
Coral_loss	: 0.0000
MMD_loss	: 1.8223
cond_ent_wt	: 4.8116
Src_reg_loss	: 0.0215
-------------------------------------
[Epoch : 358/500]
Total_loss	: 0.0878
Coral_loss	: 0.0000
MMD_loss	: 1.8221
cond_ent_wt	: 4.8114
Src_reg_loss	: 0.0214
-------------------------------------
[Epoch : 359/500]
Total_loss	: 0.0877
Coral_loss	: 0.0000
MMD_loss	: 1.8220
cond_ent_wt	: 4.8112
Src_reg_loss	: 0.0214
-------------------------------------
[Epoch : 360/500]
Total_loss	: 0.0877
Coral_loss	: 0.0000
MMD_loss	: 1.8218
cond_ent_wt	: 4.8111
Src_reg_loss	: 0.0214
-------------------------------------
[Epoch : 361/500]
Total_loss	: 0.0877
Coral_loss	: 0.0000
MMD_loss	: 1.8216
cond_ent_wt	: 4.8109
Src_reg_loss	: 0.0213
-------------------------------------
[Epoch : 362/500]
Total_loss	: 0.0876
Coral_loss	: 0.0000
MMD_loss	: 1.8215
cond_ent_wt	: 4.8107
Src_reg_loss	: 0.0213
-------------------------------------
[Epoch : 363/500]
Total_loss	: 0.0876
Coral_loss	: 0.0000
MMD_loss	: 1.8213
cond_ent_wt	: 4.8105
Src_reg_loss	: 0.0213
-------------------------------------
[Epoch : 364/500]
Total_loss	: 0.0876
Coral_loss	: 0.0000
MMD_loss	: 1.8212
cond_ent_wt	: 4.8103
Src_reg_loss	: 0.0213
-------------------------------------
[Epoch : 365/500]
Total_loss	: 0.0875
Coral_loss	: 0.0000
MMD_loss	: 1.8210
cond_ent_wt	: 4.8101
Src_reg_loss	: 0.0212
-------------------------------------
[Epoch : 366/500]
Total_loss	: 0.0875
Coral_loss	: 0.0000
MMD_loss	: 1.8209
cond_ent_wt	: 4.8099
Src_reg_loss	: 0.0212
-------------------------------------
[Epoch : 367/500]
Total_loss	: 0.0875
Coral_loss	: 0.0000
MMD_loss	: 1.8207
cond_ent_wt	: 4.8097
Src_reg_loss	: 0.0212
-------------------------------------
[Epoch : 368/500]
Total_loss	: 0.0874
Coral_loss	: 0.0000
MMD_loss	: 1.8206
cond_ent_wt	: 4.8095
Src_reg_loss	: 0.0211
-------------------------------------
[Epoch : 369/500]
Total_loss	: 0.0874
Coral_loss	: 0.0000
MMD_loss	: 1.8204
cond_ent_wt	: 4.8093
Src_reg_loss	: 0.0211
-------------------------------------
[Epoch : 370/500]
Total_loss	: 0.0874
Coral_loss	: 0.0000
MMD_loss	: 1.8203
cond_ent_wt	: 4.8091
Src_reg_loss	: 0.0211
-------------------------------------
[Epoch : 371/500]
Total_loss	: 0.0873
Coral_loss	: 0.0000
MMD_loss	: 1.8201
cond_ent_wt	: 4.8089
Src_reg_loss	: 0.0211
-------------------------------------
[Epoch : 372/500]
Total_loss	: 0.0873
Coral_loss	: 0.0000
MMD_loss	: 1.8200
cond_ent_wt	: 4.8087
Src_reg_loss	: 0.0210
-------------------------------------
[Epoch : 373/500]
Total_loss	: 0.0873
Coral_loss	: 0.0000
MMD_loss	: 1.8198
cond_ent_wt	: 4.8085
Src_reg_loss	: 0.0210
-------------------------------------
[Epoch : 374/500]
Total_loss	: 0.0873
Coral_loss	: 0.0000
MMD_loss	: 1.8197
cond_ent_wt	: 4.8083
Src_reg_loss	: 0.0210
-------------------------------------
[Epoch : 375/500]
Total_loss	: 0.0872
Coral_loss	: 0.0000
MMD_loss	: 1.8195
cond_ent_wt	: 4.8081
Src_reg_loss	: 0.0209
-------------------------------------
[Epoch : 376/500]
Total_loss	: 0.0872
Coral_loss	: 0.0000
MMD_loss	: 1.8194
cond_ent_wt	: 4.8079
Src_reg_loss	: 0.0209
-------------------------------------
[Epoch : 377/500]
Total_loss	: 0.0872
Coral_loss	: 0.0000
MMD_loss	: 1.8193
cond_ent_wt	: 4.8077
Src_reg_loss	: 0.0209
-------------------------------------
[Epoch : 378/500]
Total_loss	: 0.0871
Coral_loss	: 0.0000
MMD_loss	: 1.8191
cond_ent_wt	: 4.8074
Src_reg_loss	: 0.0209
-------------------------------------
[Epoch : 379/500]
Total_loss	: 0.0871
Coral_loss	: 0.0000
MMD_loss	: 1.8190
cond_ent_wt	: 4.8072
Src_reg_loss	: 0.0208
-------------------------------------
[Epoch : 380/500]
Total_loss	: 0.0871
Coral_loss	: 0.0000
MMD_loss	: 1.8188
cond_ent_wt	: 4.8070
Src_reg_loss	: 0.0208
-------------------------------------
[Epoch : 381/500]
Total_loss	: 0.0870
Coral_loss	: 0.0000
MMD_loss	: 1.8187
cond_ent_wt	: 4.8068
Src_reg_loss	: 0.0208
-------------------------------------
[Epoch : 382/500]
Total_loss	: 0.0870
Coral_loss	: 0.0000
MMD_loss	: 1.8186
cond_ent_wt	: 4.8066
Src_reg_loss	: 0.0208
-------------------------------------
[Epoch : 383/500]
Total_loss	: 0.0870
Coral_loss	: 0.0000
MMD_loss	: 1.8184
cond_ent_wt	: 4.8064
Src_reg_loss	: 0.0207
-------------------------------------
[Epoch : 384/500]
Total_loss	: 0.0869
Coral_loss	: 0.0000
MMD_loss	: 1.8183
cond_ent_wt	: 4.8062
Src_reg_loss	: 0.0207
-------------------------------------
[Epoch : 385/500]
Total_loss	: 0.0869
Coral_loss	: 0.0000
MMD_loss	: 1.8182
cond_ent_wt	: 4.8059
Src_reg_loss	: 0.0207
-------------------------------------
[Epoch : 386/500]
Total_loss	: 0.0869
Coral_loss	: 0.0000
MMD_loss	: 1.8180
cond_ent_wt	: 4.8057
Src_reg_loss	: 0.0207
-------------------------------------
[Epoch : 387/500]
Total_loss	: 0.0869
Coral_loss	: 0.0000
MMD_loss	: 1.8179
cond_ent_wt	: 4.8055
Src_reg_loss	: 0.0206
-------------------------------------
[Epoch : 388/500]
Total_loss	: 0.0868
Coral_loss	: 0.0000
MMD_loss	: 1.8178
cond_ent_wt	: 4.8053
Src_reg_loss	: 0.0206
-------------------------------------
[Epoch : 389/500]
Total_loss	: 0.0868
Coral_loss	: 0.0000
MMD_loss	: 1.8176
cond_ent_wt	: 4.8051
Src_reg_loss	: 0.0206
-------------------------------------
[Epoch : 390/500]
Total_loss	: 0.0868
Coral_loss	: 0.0000
MMD_loss	: 1.8175
cond_ent_wt	: 4.8048
Src_reg_loss	: 0.0205
-------------------------------------
[Epoch : 391/500]
Total_loss	: 0.0867
Coral_loss	: 0.0000
MMD_loss	: 1.8174
cond_ent_wt	: 4.8046
Src_reg_loss	: 0.0205
-------------------------------------
[Epoch : 392/500]
Total_loss	: 0.0867
Coral_loss	: 0.0000
MMD_loss	: 1.8172
cond_ent_wt	: 4.8044
Src_reg_loss	: 0.0205
-------------------------------------
[Epoch : 393/500]
Total_loss	: 0.0867
Coral_loss	: 0.0000
MMD_loss	: 1.8171
cond_ent_wt	: 4.8042
Src_reg_loss	: 0.0205
-------------------------------------
[Epoch : 394/500]
Total_loss	: 0.0867
Coral_loss	: 0.0000
MMD_loss	: 1.8170
cond_ent_wt	: 4.8040
Src_reg_loss	: 0.0204
-------------------------------------
[Epoch : 395/500]
Total_loss	: 0.0866
Coral_loss	: 0.0000
MMD_loss	: 1.8168
cond_ent_wt	: 4.8037
Src_reg_loss	: 0.0204
-------------------------------------
[Epoch : 396/500]
Total_loss	: 0.0866
Coral_loss	: 0.0000
MMD_loss	: 1.8167
cond_ent_wt	: 4.8035
Src_reg_loss	: 0.0204
-------------------------------------
[Epoch : 397/500]
Total_loss	: 0.0866
Coral_loss	: 0.0000
MMD_loss	: 1.8166
cond_ent_wt	: 4.8033
Src_reg_loss	: 0.0204
-------------------------------------
[Epoch : 398/500]
Total_loss	: 0.0865
Coral_loss	: 0.0000
MMD_loss	: 1.8165
cond_ent_wt	: 4.8030
Src_reg_loss	: 0.0203
-------------------------------------
[Epoch : 399/500]
Total_loss	: 0.0865
Coral_loss	: 0.0000
MMD_loss	: 1.8163
cond_ent_wt	: 4.8028
Src_reg_loss	: 0.0203
-------------------------------------
[Epoch : 400/500]
Total_loss	: 0.0865
Coral_loss	: 0.0000
MMD_loss	: 1.8162
cond_ent_wt	: 4.8026
Src_reg_loss	: 0.0203
-------------------------------------
[Epoch : 401/500]
Total_loss	: 0.0865
Coral_loss	: 0.0000
MMD_loss	: 1.8161
cond_ent_wt	: 4.8024
Src_reg_loss	: 0.0203
-------------------------------------
[Epoch : 402/500]
Total_loss	: 0.0864
Coral_loss	: 0.0000
MMD_loss	: 1.8160
cond_ent_wt	: 4.8021
Src_reg_loss	: 0.0202
-------------------------------------
[Epoch : 403/500]
Total_loss	: 0.0864
Coral_loss	: 0.0000
MMD_loss	: 1.8158
cond_ent_wt	: 4.8019
Src_reg_loss	: 0.0202
-------------------------------------
[Epoch : 404/500]
Total_loss	: 0.0864
Coral_loss	: 0.0000
MMD_loss	: 1.8157
cond_ent_wt	: 4.8017
Src_reg_loss	: 0.0202
-------------------------------------
[Epoch : 405/500]
Total_loss	: 0.0863
Coral_loss	: 0.0000
MMD_loss	: 1.8156
cond_ent_wt	: 4.8014
Src_reg_loss	: 0.0202
-------------------------------------
[Epoch : 406/500]
Total_loss	: 0.0863
Coral_loss	: 0.0000
MMD_loss	: 1.8155
cond_ent_wt	: 4.8012
Src_reg_loss	: 0.0202
-------------------------------------
[Epoch : 407/500]
Total_loss	: 0.0863
Coral_loss	: 0.0000
MMD_loss	: 1.8153
cond_ent_wt	: 4.8010
Src_reg_loss	: 0.0201
-------------------------------------
[Epoch : 408/500]
Total_loss	: 0.0863
Coral_loss	: 0.0000
MMD_loss	: 1.8152
cond_ent_wt	: 4.8007
Src_reg_loss	: 0.0201
-------------------------------------
[Epoch : 409/500]
Total_loss	: 0.0862
Coral_loss	: 0.0000
MMD_loss	: 1.8151
cond_ent_wt	: 4.8005
Src_reg_loss	: 0.0201
-------------------------------------
[Epoch : 410/500]
Total_loss	: 0.0862
Coral_loss	: 0.0000
MMD_loss	: 1.8150
cond_ent_wt	: 4.8002
Src_reg_loss	: 0.0201
-------------------------------------
[Epoch : 411/500]
Total_loss	: 0.0862
Coral_loss	: 0.0000
MMD_loss	: 1.8149
cond_ent_wt	: 4.8000
Src_reg_loss	: 0.0200
-------------------------------------
[Epoch : 412/500]
Total_loss	: 0.0862
Coral_loss	: 0.0000
MMD_loss	: 1.8147
cond_ent_wt	: 4.7998
Src_reg_loss	: 0.0200
-------------------------------------
[Epoch : 413/500]
Total_loss	: 0.0861
Coral_loss	: 0.0000
MMD_loss	: 1.8146
cond_ent_wt	: 4.7995
Src_reg_loss	: 0.0200
-------------------------------------
[Epoch : 414/500]
Total_loss	: 0.0861
Coral_loss	: 0.0000
MMD_loss	: 1.8145
cond_ent_wt	: 4.7993
Src_reg_loss	: 0.0200
-------------------------------------
[Epoch : 415/500]
Total_loss	: 0.0861
Coral_loss	: 0.0000
MMD_loss	: 1.8144
cond_ent_wt	: 4.7990
Src_reg_loss	: 0.0199
-------------------------------------
[Epoch : 416/500]
Total_loss	: 0.0860
Coral_loss	: 0.0000
MMD_loss	: 1.8143
cond_ent_wt	: 4.7988
Src_reg_loss	: 0.0199
-------------------------------------
[Epoch : 417/500]
Total_loss	: 0.0860
Coral_loss	: 0.0000
MMD_loss	: 1.8141
cond_ent_wt	: 4.7986
Src_reg_loss	: 0.0199
-------------------------------------
[Epoch : 418/500]
Total_loss	: 0.0860
Coral_loss	: 0.0000
MMD_loss	: 1.8140
cond_ent_wt	: 4.7983
Src_reg_loss	: 0.0199
-------------------------------------
[Epoch : 419/500]
Total_loss	: 0.0860
Coral_loss	: 0.0000
MMD_loss	: 1.8139
cond_ent_wt	: 4.7981
Src_reg_loss	: 0.0198
-------------------------------------
[Epoch : 420/500]
Total_loss	: 0.0859
Coral_loss	: 0.0000
MMD_loss	: 1.8138
cond_ent_wt	: 4.7978
Src_reg_loss	: 0.0198
-------------------------------------
[Epoch : 421/500]
Total_loss	: 0.0859
Coral_loss	: 0.0000
MMD_loss	: 1.8137
cond_ent_wt	: 4.7976
Src_reg_loss	: 0.0198
-------------------------------------
[Epoch : 422/500]
Total_loss	: 0.0859
Coral_loss	: 0.0000
MMD_loss	: 1.8136
cond_ent_wt	: 4.7973
Src_reg_loss	: 0.0198
-------------------------------------
[Epoch : 423/500]
Total_loss	: 0.0859
Coral_loss	: 0.0000
MMD_loss	: 1.8134
cond_ent_wt	: 4.7971
Src_reg_loss	: 0.0198
-------------------------------------
[Epoch : 424/500]
Total_loss	: 0.0858
Coral_loss	: 0.0000
MMD_loss	: 1.8133
cond_ent_wt	: 4.7968
Src_reg_loss	: 0.0197
-------------------------------------
[Epoch : 425/500]
Total_loss	: 0.0858
Coral_loss	: 0.0000
MMD_loss	: 1.8132
cond_ent_wt	: 4.7966
Src_reg_loss	: 0.0197
-------------------------------------
[Epoch : 426/500]
Total_loss	: 0.0858
Coral_loss	: 0.0000
MMD_loss	: 1.8131
cond_ent_wt	: 4.7964
Src_reg_loss	: 0.0197
-------------------------------------
[Epoch : 427/500]
Total_loss	: 0.0858
Coral_loss	: 0.0000
MMD_loss	: 1.8130
cond_ent_wt	: 4.7961
Src_reg_loss	: 0.0197
-------------------------------------
[Epoch : 428/500]
Total_loss	: 0.0857
Coral_loss	: 0.0000
MMD_loss	: 1.8129
cond_ent_wt	: 4.7959
Src_reg_loss	: 0.0196
-------------------------------------
[Epoch : 429/500]
Total_loss	: 0.0857
Coral_loss	: 0.0000
MMD_loss	: 1.8128
cond_ent_wt	: 4.7956
Src_reg_loss	: 0.0196
-------------------------------------
[Epoch : 430/500]
Total_loss	: 0.0857
Coral_loss	: 0.0000
MMD_loss	: 1.8126
cond_ent_wt	: 4.7954
Src_reg_loss	: 0.0196
-------------------------------------
[Epoch : 431/500]
Total_loss	: 0.0857
Coral_loss	: 0.0000
MMD_loss	: 1.8125
cond_ent_wt	: 4.7951
Src_reg_loss	: 0.0196
-------------------------------------
[Epoch : 432/500]
Total_loss	: 0.0856
Coral_loss	: 0.0000
MMD_loss	: 1.8124
cond_ent_wt	: 4.7949
Src_reg_loss	: 0.0196
-------------------------------------
[Epoch : 433/500]
Total_loss	: 0.0856
Coral_loss	: 0.0000
MMD_loss	: 1.8123
cond_ent_wt	: 4.7946
Src_reg_loss	: 0.0195
-------------------------------------
[Epoch : 434/500]
Total_loss	: 0.0856
Coral_loss	: 0.0000
MMD_loss	: 1.8122
cond_ent_wt	: 4.7944
Src_reg_loss	: 0.0195
-------------------------------------
[Epoch : 435/500]
Total_loss	: 0.0856
Coral_loss	: 0.0000
MMD_loss	: 1.8121
cond_ent_wt	: 4.7941
Src_reg_loss	: 0.0195
-------------------------------------
[Epoch : 436/500]
Total_loss	: 0.0855
Coral_loss	: 0.0000
MMD_loss	: 1.8120
cond_ent_wt	: 4.7939
Src_reg_loss	: 0.0195
-------------------------------------
[Epoch : 437/500]
Total_loss	: 0.0855
Coral_loss	: 0.0000
MMD_loss	: 1.8119
cond_ent_wt	: 4.7936
Src_reg_loss	: 0.0195
-------------------------------------
[Epoch : 438/500]
Total_loss	: 0.0855
Coral_loss	: 0.0000
MMD_loss	: 1.8118
cond_ent_wt	: 4.7934
Src_reg_loss	: 0.0194
-------------------------------------
[Epoch : 439/500]
Total_loss	: 0.0855
Coral_loss	: 0.0000
MMD_loss	: 1.8116
cond_ent_wt	: 4.7931
Src_reg_loss	: 0.0194
-------------------------------------
[Epoch : 440/500]
Total_loss	: 0.0854
Coral_loss	: 0.0000
MMD_loss	: 1.8115
cond_ent_wt	: 4.7929
Src_reg_loss	: 0.0194
-------------------------------------
[Epoch : 441/500]
Total_loss	: 0.0854
Coral_loss	: 0.0000
MMD_loss	: 1.8114
cond_ent_wt	: 4.7926
Src_reg_loss	: 0.0194
-------------------------------------
[Epoch : 442/500]
Total_loss	: 0.0854
Coral_loss	: 0.0000
MMD_loss	: 1.8113
cond_ent_wt	: 4.7924
Src_reg_loss	: 0.0194
-------------------------------------
[Epoch : 443/500]
Total_loss	: 0.0854
Coral_loss	: 0.0000
MMD_loss	: 1.8112
cond_ent_wt	: 4.7921
Src_reg_loss	: 0.0193
-------------------------------------
[Epoch : 444/500]
Total_loss	: 0.0853
Coral_loss	: 0.0000
MMD_loss	: 1.8111
cond_ent_wt	: 4.7919
Src_reg_loss	: 0.0193
-------------------------------------
[Epoch : 445/500]
Total_loss	: 0.0853
Coral_loss	: 0.0000
MMD_loss	: 1.8110
cond_ent_wt	: 4.7916
Src_reg_loss	: 0.0193
-------------------------------------
[Epoch : 446/500]
Total_loss	: 0.0853
Coral_loss	: 0.0000
MMD_loss	: 1.8109
cond_ent_wt	: 4.7914
Src_reg_loss	: 0.0193
-------------------------------------
[Epoch : 447/500]
Total_loss	: 0.0853
Coral_loss	: 0.0000
MMD_loss	: 1.8108
cond_ent_wt	: 4.7911
Src_reg_loss	: 0.0193
-------------------------------------
[Epoch : 448/500]
Total_loss	: 0.0852
Coral_loss	: 0.0000
MMD_loss	: 1.8107
cond_ent_wt	: 4.7908
Src_reg_loss	: 0.0192
-------------------------------------
[Epoch : 449/500]
Total_loss	: 0.0852
Coral_loss	: 0.0000
MMD_loss	: 1.8106
cond_ent_wt	: 4.7906
Src_reg_loss	: 0.0192
-------------------------------------
[Epoch : 450/500]
Total_loss	: 0.0852
Coral_loss	: 0.0000
MMD_loss	: 1.8105
cond_ent_wt	: 4.7903
Src_reg_loss	: 0.0192
-------------------------------------
[Epoch : 451/500]
Total_loss	: 0.0852
Coral_loss	: 0.0000
MMD_loss	: 1.8104
cond_ent_wt	: 4.7901
Src_reg_loss	: 0.0192
-------------------------------------
[Epoch : 452/500]
Total_loss	: 0.0852
Coral_loss	: 0.0000
MMD_loss	: 1.8102
cond_ent_wt	: 4.7898
Src_reg_loss	: 0.0191
-------------------------------------
[Epoch : 453/500]
Total_loss	: 0.0851
Coral_loss	: 0.0000
MMD_loss	: 1.8101
cond_ent_wt	: 4.7896
Src_reg_loss	: 0.0191
-------------------------------------
[Epoch : 454/500]
Total_loss	: 0.0851
Coral_loss	: 0.0000
MMD_loss	: 1.8100
cond_ent_wt	: 4.7893
Src_reg_loss	: 0.0191
-------------------------------------
[Epoch : 455/500]
Total_loss	: 0.0851
Coral_loss	: 0.0000
MMD_loss	: 1.8099
cond_ent_wt	: 4.7891
Src_reg_loss	: 0.0191
-------------------------------------
[Epoch : 456/500]
Total_loss	: 0.0851
Coral_loss	: 0.0000
MMD_loss	: 1.8098
cond_ent_wt	: 4.7888
Src_reg_loss	: 0.0191
-------------------------------------
[Epoch : 457/500]
Total_loss	: 0.0850
Coral_loss	: 0.0000
MMD_loss	: 1.8097
cond_ent_wt	: 4.7886
Src_reg_loss	: 0.0191
-------------------------------------
[Epoch : 458/500]
Total_loss	: 0.0850
Coral_loss	: 0.0000
MMD_loss	: 1.8096
cond_ent_wt	: 4.7883
Src_reg_loss	: 0.0190
-------------------------------------
[Epoch : 459/500]
Total_loss	: 0.0850
Coral_loss	: 0.0000
MMD_loss	: 1.8095
cond_ent_wt	: 4.7881
Src_reg_loss	: 0.0190
-------------------------------------
[Epoch : 460/500]
Total_loss	: 0.0850
Coral_loss	: 0.0000
MMD_loss	: 1.8094
cond_ent_wt	: 4.7878
Src_reg_loss	: 0.0190
-------------------------------------
[Epoch : 461/500]
Total_loss	: 0.0849
Coral_loss	: 0.0000
MMD_loss	: 1.8093
cond_ent_wt	: 4.7876
Src_reg_loss	: 0.0190
-------------------------------------
[Epoch : 462/500]
Total_loss	: 0.0849
Coral_loss	: 0.0000
MMD_loss	: 1.8092
cond_ent_wt	: 4.7873
Src_reg_loss	: 0.0190
-------------------------------------
[Epoch : 463/500]
Total_loss	: 0.0849
Coral_loss	: 0.0000
MMD_loss	: 1.8091
cond_ent_wt	: 4.7870
Src_reg_loss	: 0.0189
-------------------------------------
[Epoch : 464/500]
Total_loss	: 0.0849
Coral_loss	: 0.0000
MMD_loss	: 1.8090
cond_ent_wt	: 4.7868
Src_reg_loss	: 0.0189
-------------------------------------
[Epoch : 465/500]
Total_loss	: 0.0849
Coral_loss	: 0.0000
MMD_loss	: 1.8089
cond_ent_wt	: 4.7865
Src_reg_loss	: 0.0189
-------------------------------------
[Epoch : 466/500]
Total_loss	: 0.0848
Coral_loss	: 0.0000
MMD_loss	: 1.8088
cond_ent_wt	: 4.7863
Src_reg_loss	: 0.0189
-------------------------------------
[Epoch : 467/500]
Total_loss	: 0.0848
Coral_loss	: 0.0000
MMD_loss	: 1.8086
cond_ent_wt	: 4.7860
Src_reg_loss	: 0.0189
-------------------------------------
[Epoch : 468/500]
Total_loss	: 0.0848
Coral_loss	: 0.0000
MMD_loss	: 1.8085
cond_ent_wt	: 4.7858
Src_reg_loss	: 0.0188
-------------------------------------
[Epoch : 469/500]
Total_loss	: 0.0848
Coral_loss	: 0.0000
MMD_loss	: 1.8084
cond_ent_wt	: 4.7855
Src_reg_loss	: 0.0188
-------------------------------------
[Epoch : 470/500]
Total_loss	: 0.0847
Coral_loss	: 0.0000
MMD_loss	: 1.8083
cond_ent_wt	: 4.7853
Src_reg_loss	: 0.0188
-------------------------------------
[Epoch : 471/500]
Total_loss	: 0.0847
Coral_loss	: 0.0000
MMD_loss	: 1.8082
cond_ent_wt	: 4.7850
Src_reg_loss	: 0.0188
-------------------------------------
[Epoch : 472/500]
Total_loss	: 0.0847
Coral_loss	: 0.0000
MMD_loss	: 1.8081
cond_ent_wt	: 4.7848
Src_reg_loss	: 0.0188
-------------------------------------
[Epoch : 473/500]
Total_loss	: 0.0847
Coral_loss	: 0.0000
MMD_loss	: 1.8080
cond_ent_wt	: 4.7845
Src_reg_loss	: 0.0187
-------------------------------------
[Epoch : 474/500]
Total_loss	: 0.0847
Coral_loss	: 0.0000
MMD_loss	: 1.8079
cond_ent_wt	: 4.7843
Src_reg_loss	: 0.0187
-------------------------------------
[Epoch : 475/500]
Total_loss	: 0.0846
Coral_loss	: 0.0000
MMD_loss	: 1.8078
cond_ent_wt	: 4.7840
Src_reg_loss	: 0.0187
-------------------------------------
[Epoch : 476/500]
Total_loss	: 0.0846
Coral_loss	: 0.0000
MMD_loss	: 1.8077
cond_ent_wt	: 4.7837
Src_reg_loss	: 0.0187
-------------------------------------
[Epoch : 477/500]
Total_loss	: 0.0846
Coral_loss	: 0.0000
MMD_loss	: 1.8076
cond_ent_wt	: 4.7835
Src_reg_loss	: 0.0187
-------------------------------------
[Epoch : 478/500]
Total_loss	: 0.0846
Coral_loss	: 0.0000
MMD_loss	: 1.8075
cond_ent_wt	: 4.7832
Src_reg_loss	: 0.0187
-------------------------------------
[Epoch : 479/500]
Total_loss	: 0.0845
Coral_loss	: 0.0000
MMD_loss	: 1.8074
cond_ent_wt	: 4.7830
Src_reg_loss	: 0.0186
-------------------------------------
[Epoch : 480/500]
Total_loss	: 0.0845
Coral_loss	: 0.0000
MMD_loss	: 1.8073
cond_ent_wt	: 4.7827
Src_reg_loss	: 0.0186
-------------------------------------
[Epoch : 481/500]
Total_loss	: 0.0845
Coral_loss	: 0.0000
MMD_loss	: 1.8071
cond_ent_wt	: 4.7825
Src_reg_loss	: 0.0186
-------------------------------------
[Epoch : 482/500]
Total_loss	: 0.0845
Coral_loss	: 0.0000
MMD_loss	: 1.8070
cond_ent_wt	: 4.7822
Src_reg_loss	: 0.0186
-------------------------------------
[Epoch : 483/500]
Total_loss	: 0.0845
Coral_loss	: 0.0000
MMD_loss	: 1.8069
cond_ent_wt	: 4.7820
Src_reg_loss	: 0.0186
-------------------------------------
[Epoch : 484/500]
Total_loss	: 0.0844
Coral_loss	: 0.0000
MMD_loss	: 1.8068
cond_ent_wt	: 4.7817
Src_reg_loss	: 0.0186
-------------------------------------
[Epoch : 485/500]
Total_loss	: 0.0844
Coral_loss	: 0.0000
MMD_loss	: 1.8067
cond_ent_wt	: 4.7815
Src_reg_loss	: 0.0185
-------------------------------------
[Epoch : 486/500]
Total_loss	: 0.0844
Coral_loss	: 0.0000
MMD_loss	: 1.8066
cond_ent_wt	: 4.7812
Src_reg_loss	: 0.0185
-------------------------------------
[Epoch : 487/500]
Total_loss	: 0.0844
Coral_loss	: 0.0000
MMD_loss	: 1.8065
cond_ent_wt	: 4.7810
Src_reg_loss	: 0.0185
-------------------------------------
[Epoch : 488/500]
Total_loss	: 0.0844
Coral_loss	: 0.0000
MMD_loss	: 1.8064
cond_ent_wt	: 4.7807
Src_reg_loss	: 0.0185
-------------------------------------
[Epoch : 489/500]
Total_loss	: 0.0843
Coral_loss	: 0.0000
MMD_loss	: 1.8063
cond_ent_wt	: 4.7805
Src_reg_loss	: 0.0185
-------------------------------------
[Epoch : 490/500]
Total_loss	: 0.0843
Coral_loss	: 0.0000
MMD_loss	: 1.8062
cond_ent_wt	: 4.7802
Src_reg_loss	: 0.0184
-------------------------------------
[Epoch : 491/500]
Total_loss	: 0.0843
Coral_loss	: 0.0000
MMD_loss	: 1.8061
cond_ent_wt	: 4.7800
Src_reg_loss	: 0.0184
-------------------------------------
[Epoch : 492/500]
Total_loss	: 0.0843
Coral_loss	: 0.0000
MMD_loss	: 1.8060
cond_ent_wt	: 4.7797
Src_reg_loss	: 0.0184
-------------------------------------
[Epoch : 493/500]
Total_loss	: 0.0842
Coral_loss	: 0.0000
MMD_loss	: 1.8059
cond_ent_wt	: 4.7795
Src_reg_loss	: 0.0184
-------------------------------------
[Epoch : 494/500]
Total_loss	: 0.0842
Coral_loss	: 0.0000
MMD_loss	: 1.8058
cond_ent_wt	: 4.7792
Src_reg_loss	: 0.0184
-------------------------------------
[Epoch : 495/500]
Total_loss	: 0.0842
Coral_loss	: 0.0000
MMD_loss	: 1.8057
cond_ent_wt	: 4.7789
Src_reg_loss	: 0.0184
-------------------------------------
[Epoch : 496/500]
Total_loss	: 0.0842
Coral_loss	: 0.0000
MMD_loss	: 1.8056
cond_ent_wt	: 4.7787
Src_reg_loss	: 0.0183
-------------------------------------
[Epoch : 497/500]
Total_loss	: 0.0842
Coral_loss	: 0.0000
MMD_loss	: 1.8054
cond_ent_wt	: 4.7784
Src_reg_loss	: 0.0183
-------------------------------------
[Epoch : 498/500]
Total_loss	: 0.0841
Coral_loss	: 0.0000
MMD_loss	: 1.8053
cond_ent_wt	: 4.7782
Src_reg_loss	: 0.0183
-------------------------------------
[Epoch : 499/500]
Total_loss	: 0.0841
Coral_loss	: 0.0000
MMD_loss	: 1.8052
cond_ent_wt	: 4.7779
Src_reg_loss	: 0.0183
-------------------------------------
[Epoch : 500/500]
Total_loss	: 0.0841
Coral_loss	: 0.0000
MMD_loss	: 1.8051
cond_ent_wt	: 4.7777
Src_reg_loss	: 0.0183
-------------------------------------
