=============================================
Dataset: Airbox
Method:  DANN
=============================================
Source: 0 ---> Target: 4
=============================================
[Epoch : 1/500]
Total_loss	: 1.9940
Domain_loss	: 1.3871
Src_reg_loss	: 0.2775
-------------------------------------
[Epoch : 2/500]
Total_loss	: 1.9624
Domain_loss	: 1.3868
Src_reg_loss	: 0.2622
-------------------------------------
[Epoch : 3/500]
Total_loss	: 1.9319
Domain_loss	: 1.3865
Src_reg_loss	: 0.2474
-------------------------------------
[Epoch : 4/500]
Total_loss	: 1.9011
Domain_loss	: 1.3862
Src_reg_loss	: 0.2325
-------------------------------------
[Epoch : 5/500]
Total_loss	: 1.8693
Domain_loss	: 1.3858
Src_reg_loss	: 0.2170
-------------------------------------
[Epoch : 6/500]
Total_loss	: 1.8365
Domain_loss	: 1.3855
Src_reg_loss	: 0.2011
-------------------------------------
[Epoch : 7/500]
Total_loss	: 1.8029
Domain_loss	: 1.3852
Src_reg_loss	: 0.1848
-------------------------------------
[Epoch : 8/500]
Total_loss	: 1.7699
Domain_loss	: 1.3848
Src_reg_loss	: 0.1688
-------------------------------------
[Epoch : 9/500]
Total_loss	: 1.7398
Domain_loss	: 1.3845
Src_reg_loss	: 0.1542
-------------------------------------
[Epoch : 10/500]
Total_loss	: 1.7155
Domain_loss	: 1.3841
Src_reg_loss	: 0.1424
-------------------------------------
[Epoch : 11/500]
Total_loss	: 1.6961
Domain_loss	: 1.3838
Src_reg_loss	: 0.1331
-------------------------------------
[Epoch : 12/500]
Total_loss	: 1.6795
Domain_loss	: 1.3835
Src_reg_loss	: 0.1251
-------------------------------------
[Epoch : 13/500]
Total_loss	: 1.6651
Domain_loss	: 1.3833
Src_reg_loss	: 0.1181
-------------------------------------
[Epoch : 14/500]
Total_loss	: 1.6527
Domain_loss	: 1.3831
Src_reg_loss	: 0.1122
-------------------------------------
[Epoch : 15/500]
Total_loss	: 1.6420
Domain_loss	: 1.3829
Src_reg_loss	: 0.1070
-------------------------------------
[Epoch : 16/500]
Total_loss	: 1.6327
Domain_loss	: 1.3828
Src_reg_loss	: 0.1025
-------------------------------------
[Epoch : 17/500]
Total_loss	: 1.6244
Domain_loss	: 1.3827
Src_reg_loss	: 0.0985
-------------------------------------
[Epoch : 18/500]
Total_loss	: 1.6171
Domain_loss	: 1.3827
Src_reg_loss	: 0.0949
-------------------------------------
[Epoch : 19/500]
Total_loss	: 1.6106
Domain_loss	: 1.3827
Src_reg_loss	: 0.0917
-------------------------------------
[Epoch : 20/500]
Total_loss	: 1.6047
Domain_loss	: 1.3828
Src_reg_loss	: 0.0888
-------------------------------------
[Epoch : 21/500]
Total_loss	: 1.5995
Domain_loss	: 1.3829
Src_reg_loss	: 0.0862
-------------------------------------
[Epoch : 22/500]
Total_loss	: 1.5948
Domain_loss	: 1.3830
Src_reg_loss	: 0.0838
-------------------------------------
[Epoch : 23/500]
Total_loss	: 1.5905
Domain_loss	: 1.3831
Src_reg_loss	: 0.0816
-------------------------------------
[Epoch : 24/500]
Total_loss	: 1.5866
Domain_loss	: 1.3833
Src_reg_loss	: 0.0796
-------------------------------------
[Epoch : 25/500]
Total_loss	: 1.5830
Domain_loss	: 1.3835
Src_reg_loss	: 0.0778
-------------------------------------
[Epoch : 26/500]
Total_loss	: 1.5797
Domain_loss	: 1.3836
Src_reg_loss	: 0.0761
-------------------------------------
[Epoch : 27/500]
Total_loss	: 1.5767
Domain_loss	: 1.3838
Src_reg_loss	: 0.0745
-------------------------------------
[Epoch : 28/500]
Total_loss	: 1.5738
Domain_loss	: 1.3840
Src_reg_loss	: 0.0730
-------------------------------------
[Epoch : 29/500]
Total_loss	: 1.5712
Domain_loss	: 1.3841
Src_reg_loss	: 0.0716
-------------------------------------
[Epoch : 30/500]
Total_loss	: 1.5687
Domain_loss	: 1.3842
Src_reg_loss	: 0.0704
-------------------------------------
[Epoch : 31/500]
Total_loss	: 1.5664
Domain_loss	: 1.3843
Src_reg_loss	: 0.0692
-------------------------------------
[Epoch : 32/500]
Total_loss	: 1.5642
Domain_loss	: 1.3844
Src_reg_loss	: 0.0681
-------------------------------------
[Epoch : 33/500]
Total_loss	: 1.5621
Domain_loss	: 1.3845
Src_reg_loss	: 0.0670
-------------------------------------
[Epoch : 34/500]
Total_loss	: 1.5601
Domain_loss	: 1.3845
Src_reg_loss	: 0.0660
-------------------------------------
[Epoch : 35/500]
Total_loss	: 1.5582
Domain_loss	: 1.3845
Src_reg_loss	: 0.0651
-------------------------------------
[Epoch : 36/500]
Total_loss	: 1.5564
Domain_loss	: 1.3845
Src_reg_loss	: 0.0642
-------------------------------------
[Epoch : 37/500]
Total_loss	: 1.5547
Domain_loss	: 1.3845
Src_reg_loss	: 0.0633
-------------------------------------
[Epoch : 38/500]
Total_loss	: 1.5531
Domain_loss	: 1.3845
Src_reg_loss	: 0.0625
-------------------------------------
[Epoch : 39/500]
Total_loss	: 1.5515
Domain_loss	: 1.3845
Src_reg_loss	: 0.0618
-------------------------------------
[Epoch : 40/500]
Total_loss	: 1.5500
Domain_loss	: 1.3845
Src_reg_loss	: 0.0611
-------------------------------------
[Epoch : 41/500]
Total_loss	: 1.5487
Domain_loss	: 1.3845
Src_reg_loss	: 0.0604
-------------------------------------
[Epoch : 42/500]
Total_loss	: 1.5473
Domain_loss	: 1.3846
Src_reg_loss	: 0.0597
-------------------------------------
[Epoch : 43/500]
Total_loss	: 1.5461
Domain_loss	: 1.3846
Src_reg_loss	: 0.0591
-------------------------------------
[Epoch : 44/500]
Total_loss	: 1.5449
Domain_loss	: 1.3846
Src_reg_loss	: 0.0585
-------------------------------------
[Epoch : 45/500]
Total_loss	: 1.5438
Domain_loss	: 1.3846
Src_reg_loss	: 0.0579
-------------------------------------
[Epoch : 46/500]
Total_loss	: 1.5427
Domain_loss	: 1.3846
Src_reg_loss	: 0.0574
-------------------------------------
[Epoch : 47/500]
Total_loss	: 1.5416
Domain_loss	: 1.3846
Src_reg_loss	: 0.0569
-------------------------------------
[Epoch : 48/500]
Total_loss	: 1.5406
Domain_loss	: 1.3846
Src_reg_loss	: 0.0564
-------------------------------------
[Epoch : 49/500]
Total_loss	: 1.5396
Domain_loss	: 1.3846
Src_reg_loss	: 0.0559
-------------------------------------
[Epoch : 50/500]
Total_loss	: 1.5386
Domain_loss	: 1.3845
Src_reg_loss	: 0.0554
-------------------------------------
[Epoch : 51/500]
Total_loss	: 1.5377
Domain_loss	: 1.3845
Src_reg_loss	: 0.0550
-------------------------------------
[Epoch : 52/500]
Total_loss	: 1.5368
Domain_loss	: 1.3845
Src_reg_loss	: 0.0546
-------------------------------------
[Epoch : 53/500]
Total_loss	: 1.5359
Domain_loss	: 1.3845
Src_reg_loss	: 0.0542
-------------------------------------
[Epoch : 54/500]
Total_loss	: 1.5351
Domain_loss	: 1.3844
Src_reg_loss	: 0.0538
-------------------------------------
[Epoch : 55/500]
Total_loss	: 1.5343
Domain_loss	: 1.3844
Src_reg_loss	: 0.0534
-------------------------------------
[Epoch : 56/500]
Total_loss	: 1.5335
Domain_loss	: 1.3844
Src_reg_loss	: 0.0530
-------------------------------------
[Epoch : 57/500]
Total_loss	: 1.5328
Domain_loss	: 1.3844
Src_reg_loss	: 0.0527
-------------------------------------
[Epoch : 58/500]
Total_loss	: 1.5321
Domain_loss	: 1.3844
Src_reg_loss	: 0.0523
-------------------------------------
[Epoch : 59/500]
Total_loss	: 1.5315
Domain_loss	: 1.3845
Src_reg_loss	: 0.0520
-------------------------------------
[Epoch : 60/500]
Total_loss	: 1.5309
Domain_loss	: 1.3845
Src_reg_loss	: 0.0517
-------------------------------------
[Epoch : 61/500]
Total_loss	: 1.5303
Domain_loss	: 1.3845
Src_reg_loss	: 0.0514
-------------------------------------
[Epoch : 62/500]
Total_loss	: 1.5297
Domain_loss	: 1.3846
Src_reg_loss	: 0.0511
-------------------------------------
[Epoch : 63/500]
Total_loss	: 1.5291
Domain_loss	: 1.3846
Src_reg_loss	: 0.0508
-------------------------------------
[Epoch : 64/500]
Total_loss	: 1.5286
Domain_loss	: 1.3846
Src_reg_loss	: 0.0505
-------------------------------------
[Epoch : 65/500]
Total_loss	: 1.5281
Domain_loss	: 1.3847
Src_reg_loss	: 0.0502
-------------------------------------
[Epoch : 66/500]
Total_loss	: 1.5276
Domain_loss	: 1.3847
Src_reg_loss	: 0.0500
-------------------------------------
[Epoch : 67/500]
Total_loss	: 1.5271
Domain_loss	: 1.3847
Src_reg_loss	: 0.0497
-------------------------------------
[Epoch : 68/500]
Total_loss	: 1.5266
Domain_loss	: 1.3847
Src_reg_loss	: 0.0494
-------------------------------------
[Epoch : 69/500]
Total_loss	: 1.5261
Domain_loss	: 1.3847
Src_reg_loss	: 0.0492
-------------------------------------
[Epoch : 70/500]
Total_loss	: 1.5256
Domain_loss	: 1.3847
Src_reg_loss	: 0.0490
-------------------------------------
[Epoch : 71/500]
Total_loss	: 1.5251
Domain_loss	: 1.3848
Src_reg_loss	: 0.0487
-------------------------------------
[Epoch : 72/500]
Total_loss	: 1.5247
Domain_loss	: 1.3848
Src_reg_loss	: 0.0485
-------------------------------------
[Epoch : 73/500]
Total_loss	: 1.5243
Domain_loss	: 1.3848
Src_reg_loss	: 0.0483
-------------------------------------
[Epoch : 74/500]
Total_loss	: 1.5238
Domain_loss	: 1.3848
Src_reg_loss	: 0.0481
-------------------------------------
[Epoch : 75/500]
Total_loss	: 1.5234
Domain_loss	: 1.3848
Src_reg_loss	: 0.0479
-------------------------------------
[Epoch : 76/500]
Total_loss	: 1.5230
Domain_loss	: 1.3848
Src_reg_loss	: 0.0477
-------------------------------------
[Epoch : 77/500]
Total_loss	: 1.5226
Domain_loss	: 1.3848
Src_reg_loss	: 0.0475
-------------------------------------
[Epoch : 78/500]
Total_loss	: 1.5223
Domain_loss	: 1.3848
Src_reg_loss	: 0.0473
-------------------------------------
[Epoch : 79/500]
Total_loss	: 1.5219
Domain_loss	: 1.3848
Src_reg_loss	: 0.0471
-------------------------------------
[Epoch : 80/500]
Total_loss	: 1.5215
Domain_loss	: 1.3848
Src_reg_loss	: 0.0469
-------------------------------------
[Epoch : 81/500]
Total_loss	: 1.5212
Domain_loss	: 1.3849
Src_reg_loss	: 0.0467
-------------------------------------
[Epoch : 82/500]
Total_loss	: 1.5209
Domain_loss	: 1.3849
Src_reg_loss	: 0.0466
-------------------------------------
[Epoch : 83/500]
Total_loss	: 1.5205
Domain_loss	: 1.3849
Src_reg_loss	: 0.0464
-------------------------------------
[Epoch : 84/500]
Total_loss	: 1.5202
Domain_loss	: 1.3849
Src_reg_loss	: 0.0462
-------------------------------------
[Epoch : 85/500]
Total_loss	: 1.5199
Domain_loss	: 1.3849
Src_reg_loss	: 0.0461
-------------------------------------
[Epoch : 86/500]
Total_loss	: 1.5196
Domain_loss	: 1.3849
Src_reg_loss	: 0.0459
-------------------------------------
[Epoch : 87/500]
Total_loss	: 1.5192
Domain_loss	: 1.3849
Src_reg_loss	: 0.0458
-------------------------------------
[Epoch : 88/500]
Total_loss	: 1.5189
Domain_loss	: 1.3849
Src_reg_loss	: 0.0456
-------------------------------------
[Epoch : 89/500]
Total_loss	: 1.5186
Domain_loss	: 1.3849
Src_reg_loss	: 0.0455
-------------------------------------
[Epoch : 90/500]
Total_loss	: 1.5183
Domain_loss	: 1.3849
Src_reg_loss	: 0.0453
-------------------------------------
[Epoch : 91/500]
Total_loss	: 1.5180
Domain_loss	: 1.3848
Src_reg_loss	: 0.0452
-------------------------------------
[Epoch : 92/500]
Total_loss	: 1.5177
Domain_loss	: 1.3848
Src_reg_loss	: 0.0450
-------------------------------------
[Epoch : 93/500]
Total_loss	: 1.5174
Domain_loss	: 1.3848
Src_reg_loss	: 0.0449
-------------------------------------
[Epoch : 94/500]
Total_loss	: 1.5171
Domain_loss	: 1.3847
Src_reg_loss	: 0.0448
-------------------------------------
[Epoch : 95/500]
Total_loss	: 1.5168
Domain_loss	: 1.3847
Src_reg_loss	: 0.0446
-------------------------------------
[Epoch : 96/500]
Total_loss	: 1.5165
Domain_loss	: 1.3847
Src_reg_loss	: 0.0445
-------------------------------------
[Epoch : 97/500]
Total_loss	: 1.5162
Domain_loss	: 1.3847
Src_reg_loss	: 0.0444
-------------------------------------
[Epoch : 98/500]
Total_loss	: 1.5159
Domain_loss	: 1.3846
Src_reg_loss	: 0.0443
-------------------------------------
[Epoch : 99/500]
Total_loss	: 1.5156
Domain_loss	: 1.3846
Src_reg_loss	: 0.0441
-------------------------------------
[Epoch : 100/500]
Total_loss	: 1.5154
Domain_loss	: 1.3846
Src_reg_loss	: 0.0440
-------------------------------------
[Epoch : 101/500]
Total_loss	: 1.5151
Domain_loss	: 1.3846
Src_reg_loss	: 0.0439
-------------------------------------
[Epoch : 102/500]
Total_loss	: 1.5149
Domain_loss	: 1.3846
Src_reg_loss	: 0.0438
-------------------------------------
[Epoch : 103/500]
Total_loss	: 1.5147
Domain_loss	: 1.3846
Src_reg_loss	: 0.0437
-------------------------------------
[Epoch : 104/500]
Total_loss	: 1.5145
Domain_loss	: 1.3846
Src_reg_loss	: 0.0436
-------------------------------------
[Epoch : 105/500]
Total_loss	: 1.5143
Domain_loss	: 1.3846
Src_reg_loss	: 0.0435
-------------------------------------
[Epoch : 106/500]
Total_loss	: 1.5141
Domain_loss	: 1.3847
Src_reg_loss	: 0.0434
-------------------------------------
[Epoch : 107/500]
Total_loss	: 1.5139
Domain_loss	: 1.3847
Src_reg_loss	: 0.0432
-------------------------------------
[Epoch : 108/500]
Total_loss	: 1.5137
Domain_loss	: 1.3847
Src_reg_loss	: 0.0431
-------------------------------------
[Epoch : 109/500]
Total_loss	: 1.5135
Domain_loss	: 1.3847
Src_reg_loss	: 0.0430
-------------------------------------
[Epoch : 110/500]
Total_loss	: 1.5133
Domain_loss	: 1.3848
Src_reg_loss	: 0.0429
-------------------------------------
[Epoch : 111/500]
Total_loss	: 1.5132
Domain_loss	: 1.3848
Src_reg_loss	: 0.0428
-------------------------------------
[Epoch : 112/500]
Total_loss	: 1.5130
Domain_loss	: 1.3848
Src_reg_loss	: 0.0428
-------------------------------------
[Epoch : 113/500]
Total_loss	: 1.5128
Domain_loss	: 1.3848
Src_reg_loss	: 0.0427
-------------------------------------
[Epoch : 114/500]
Total_loss	: 1.5126
Domain_loss	: 1.3848
Src_reg_loss	: 0.0426
-------------------------------------
[Epoch : 115/500]
Total_loss	: 1.5125
Domain_loss	: 1.3848
Src_reg_loss	: 0.0425
-------------------------------------
[Epoch : 116/500]
Total_loss	: 1.5123
Domain_loss	: 1.3848
Src_reg_loss	: 0.0424
-------------------------------------
[Epoch : 117/500]
Total_loss	: 1.5121
Domain_loss	: 1.3849
Src_reg_loss	: 0.0423
-------------------------------------
[Epoch : 118/500]
Total_loss	: 1.5120
Domain_loss	: 1.3849
Src_reg_loss	: 0.0422
-------------------------------------
[Epoch : 119/500]
Total_loss	: 1.5118
Domain_loss	: 1.3849
Src_reg_loss	: 0.0421
-------------------------------------
[Epoch : 120/500]
Total_loss	: 1.5116
Domain_loss	: 1.3849
Src_reg_loss	: 0.0420
-------------------------------------
[Epoch : 121/500]
Total_loss	: 1.5115
Domain_loss	: 1.3849
Src_reg_loss	: 0.0420
-------------------------------------
[Epoch : 122/500]
Total_loss	: 1.5113
Domain_loss	: 1.3849
Src_reg_loss	: 0.0419
-------------------------------------
[Epoch : 123/500]
Total_loss	: 1.5111
Domain_loss	: 1.3849
Src_reg_loss	: 0.0418
-------------------------------------
[Epoch : 124/500]
Total_loss	: 1.5110
Domain_loss	: 1.3849
Src_reg_loss	: 0.0417
-------------------------------------
[Epoch : 125/500]
Total_loss	: 1.5108
Domain_loss	: 1.3849
Src_reg_loss	: 0.0416
-------------------------------------
[Epoch : 126/500]
Total_loss	: 1.5106
Domain_loss	: 1.3848
Src_reg_loss	: 0.0416
-------------------------------------
[Epoch : 127/500]
Total_loss	: 1.5104
Domain_loss	: 1.3848
Src_reg_loss	: 0.0415
-------------------------------------
[Epoch : 128/500]
Total_loss	: 1.5103
Domain_loss	: 1.3848
Src_reg_loss	: 0.0414
-------------------------------------
[Epoch : 129/500]
Total_loss	: 1.5101
Domain_loss	: 1.3848
Src_reg_loss	: 0.0414
-------------------------------------
[Epoch : 130/500]
Total_loss	: 1.5099
Domain_loss	: 1.3847
Src_reg_loss	: 0.0413
-------------------------------------
[Epoch : 131/500]
Total_loss	: 1.5098
Domain_loss	: 1.3847
Src_reg_loss	: 0.0412
-------------------------------------
[Epoch : 132/500]
Total_loss	: 1.5096
Domain_loss	: 1.3847
Src_reg_loss	: 0.0411
-------------------------------------
[Epoch : 133/500]
Total_loss	: 1.5095
Domain_loss	: 1.3847
Src_reg_loss	: 0.0411
-------------------------------------
[Epoch : 134/500]
Total_loss	: 1.5093
Domain_loss	: 1.3847
Src_reg_loss	: 0.0410
-------------------------------------
[Epoch : 135/500]
Total_loss	: 1.5092
Domain_loss	: 1.3847
Src_reg_loss	: 0.0409
-------------------------------------
[Epoch : 136/500]
Total_loss	: 1.5091
Domain_loss	: 1.3847
Src_reg_loss	: 0.0409
-------------------------------------
[Epoch : 137/500]
Total_loss	: 1.5090
Domain_loss	: 1.3847
Src_reg_loss	: 0.0408
-------------------------------------
[Epoch : 138/500]
Total_loss	: 1.5089
Domain_loss	: 1.3848
Src_reg_loss	: 0.0408
-------------------------------------
[Epoch : 139/500]
Total_loss	: 1.5088
Domain_loss	: 1.3848
Src_reg_loss	: 0.0407
-------------------------------------
[Epoch : 140/500]
Total_loss	: 1.5087
Domain_loss	: 1.3848
Src_reg_loss	: 0.0406
-------------------------------------
[Epoch : 141/500]
Total_loss	: 1.5086
Domain_loss	: 1.3849
Src_reg_loss	: 0.0406
-------------------------------------
[Epoch : 142/500]
Total_loss	: 1.5085
Domain_loss	: 1.3849
Src_reg_loss	: 0.0405
-------------------------------------
[Epoch : 143/500]
Total_loss	: 1.5084
Domain_loss	: 1.3849
Src_reg_loss	: 0.0404
-------------------------------------
[Epoch : 144/500]
Total_loss	: 1.5083
Domain_loss	: 1.3849
Src_reg_loss	: 0.0404
-------------------------------------
[Epoch : 145/500]
Total_loss	: 1.5082
Domain_loss	: 1.3850
Src_reg_loss	: 0.0403
-------------------------------------
[Epoch : 146/500]
Total_loss	: 1.5081
Domain_loss	: 1.3850
Src_reg_loss	: 0.0403
-------------------------------------
[Epoch : 147/500]
Total_loss	: 1.5080
Domain_loss	: 1.3850
Src_reg_loss	: 0.0402
-------------------------------------
[Epoch : 148/500]
Total_loss	: 1.5079
Domain_loss	: 1.3850
Src_reg_loss	: 0.0402
-------------------------------------
[Epoch : 149/500]
Total_loss	: 1.5078
Domain_loss	: 1.3849
Src_reg_loss	: 0.0401
-------------------------------------
[Epoch : 150/500]
Total_loss	: 1.5076
Domain_loss	: 1.3849
Src_reg_loss	: 0.0401
-------------------------------------
[Epoch : 151/500]
Total_loss	: 1.5075
Domain_loss	: 1.3849
Src_reg_loss	: 0.0400
-------------------------------------
[Epoch : 152/500]
Total_loss	: 1.5074
Domain_loss	: 1.3849
Src_reg_loss	: 0.0400
-------------------------------------
[Epoch : 153/500]
Total_loss	: 1.5072
Domain_loss	: 1.3849
Src_reg_loss	: 0.0399
-------------------------------------
[Epoch : 154/500]
Total_loss	: 1.5071
Domain_loss	: 1.3848
Src_reg_loss	: 0.0399
-------------------------------------
[Epoch : 155/500]
Total_loss	: 1.5070
Domain_loss	: 1.3848
Src_reg_loss	: 0.0398
-------------------------------------
[Epoch : 156/500]
Total_loss	: 1.5069
Domain_loss	: 1.3848
Src_reg_loss	: 0.0398
-------------------------------------
[Epoch : 157/500]
Total_loss	: 1.5068
Domain_loss	: 1.3848
Src_reg_loss	: 0.0397
-------------------------------------
[Epoch : 158/500]
Total_loss	: 1.5067
Domain_loss	: 1.3848
Src_reg_loss	: 0.0397
-------------------------------------
[Epoch : 159/500]
Total_loss	: 1.5065
Domain_loss	: 1.3848
Src_reg_loss	: 0.0396
-------------------------------------
[Epoch : 160/500]
Total_loss	: 1.5065
Domain_loss	: 1.3848
Src_reg_loss	: 0.0396
-------------------------------------
[Epoch : 161/500]
Total_loss	: 1.5064
Domain_loss	: 1.3848
Src_reg_loss	: 0.0395
-------------------------------------
[Epoch : 162/500]
Total_loss	: 1.5063
Domain_loss	: 1.3848
Src_reg_loss	: 0.0395
-------------------------------------
[Epoch : 163/500]
Total_loss	: 1.5062
Domain_loss	: 1.3848
Src_reg_loss	: 0.0394
-------------------------------------
[Epoch : 164/500]
Total_loss	: 1.5061
Domain_loss	: 1.3848
Src_reg_loss	: 0.0394
-------------------------------------
[Epoch : 165/500]
Total_loss	: 1.5060
Domain_loss	: 1.3848
Src_reg_loss	: 0.0393
-------------------------------------
[Epoch : 166/500]
Total_loss	: 1.5060
Domain_loss	: 1.3848
Src_reg_loss	: 0.0393
-------------------------------------
[Epoch : 167/500]
Total_loss	: 1.5059
Domain_loss	: 1.3848
Src_reg_loss	: 0.0392
-------------------------------------
[Epoch : 168/500]
Total_loss	: 1.5058
Domain_loss	: 1.3849
Src_reg_loss	: 0.0392
-------------------------------------
[Epoch : 169/500]
Total_loss	: 1.5057
Domain_loss	: 1.3849
Src_reg_loss	: 0.0392
-------------------------------------
[Epoch : 170/500]
Total_loss	: 1.5057
Domain_loss	: 1.3849
Src_reg_loss	: 0.0391
-------------------------------------
[Epoch : 171/500]
Total_loss	: 1.5056
Domain_loss	: 1.3849
Src_reg_loss	: 0.0391
-------------------------------------
[Epoch : 172/500]
Total_loss	: 1.5056
Domain_loss	: 1.3849
Src_reg_loss	: 0.0390
-------------------------------------
[Epoch : 173/500]
Total_loss	: 1.5055
Domain_loss	: 1.3850
Src_reg_loss	: 0.0390
-------------------------------------
[Epoch : 174/500]
Total_loss	: 1.5054
Domain_loss	: 1.3850
Src_reg_loss	: 0.0390
-------------------------------------
[Epoch : 175/500]
Total_loss	: 1.5054
Domain_loss	: 1.3850
Src_reg_loss	: 0.0389
-------------------------------------
[Epoch : 176/500]
Total_loss	: 1.5053
Domain_loss	: 1.3850
Src_reg_loss	: 0.0389
-------------------------------------
[Epoch : 177/500]
Total_loss	: 1.5052
Domain_loss	: 1.3850
Src_reg_loss	: 0.0388
-------------------------------------
[Epoch : 178/500]
Total_loss	: 1.5052
Domain_loss	: 1.3850
Src_reg_loss	: 0.0388
-------------------------------------
[Epoch : 179/500]
Total_loss	: 1.5051
Domain_loss	: 1.3850
Src_reg_loss	: 0.0388
-------------------------------------
[Epoch : 180/500]
Total_loss	: 1.5050
Domain_loss	: 1.3850
Src_reg_loss	: 0.0387
-------------------------------------
[Epoch : 181/500]
Total_loss	: 1.5049
Domain_loss	: 1.3850
Src_reg_loss	: 0.0387
-------------------------------------
[Epoch : 182/500]
Total_loss	: 1.5048
Domain_loss	: 1.3850
Src_reg_loss	: 0.0387
-------------------------------------
[Epoch : 183/500]
Total_loss	: 1.5047
Domain_loss	: 1.3849
Src_reg_loss	: 0.0386
-------------------------------------
[Epoch : 184/500]
Total_loss	: 1.5046
Domain_loss	: 1.3849
Src_reg_loss	: 0.0386
-------------------------------------
[Epoch : 185/500]
Total_loss	: 1.5045
Domain_loss	: 1.3849
Src_reg_loss	: 0.0385
-------------------------------------
[Epoch : 186/500]
Total_loss	: 1.5044
Domain_loss	: 1.3849
Src_reg_loss	: 0.0385
-------------------------------------
[Epoch : 187/500]
Total_loss	: 1.5043
Domain_loss	: 1.3848
Src_reg_loss	: 0.0385
-------------------------------------
[Epoch : 188/500]
Total_loss	: 1.5042
Domain_loss	: 1.3848
Src_reg_loss	: 0.0384
-------------------------------------
[Epoch : 189/500]
Total_loss	: 1.5042
Domain_loss	: 1.3848
Src_reg_loss	: 0.0384
-------------------------------------
[Epoch : 190/500]
Total_loss	: 1.5041
Domain_loss	: 1.3848
Src_reg_loss	: 0.0384
-------------------------------------
[Epoch : 191/500]
Total_loss	: 1.5040
Domain_loss	: 1.3848
Src_reg_loss	: 0.0383
-------------------------------------
[Epoch : 192/500]
Total_loss	: 1.5040
Domain_loss	: 1.3848
Src_reg_loss	: 0.0383
-------------------------------------
[Epoch : 193/500]
Total_loss	: 1.5039
Domain_loss	: 1.3848
Src_reg_loss	: 0.0383
-------------------------------------
[Epoch : 194/500]
Total_loss	: 1.5039
Domain_loss	: 1.3849
Src_reg_loss	: 0.0382
-------------------------------------
[Epoch : 195/500]
Total_loss	: 1.5038
Domain_loss	: 1.3849
Src_reg_loss	: 0.0382
-------------------------------------
[Epoch : 196/500]
Total_loss	: 1.5038
Domain_loss	: 1.3849
Src_reg_loss	: 0.0382
-------------------------------------
[Epoch : 197/500]
Total_loss	: 1.5037
Domain_loss	: 1.3849
Src_reg_loss	: 0.0382
-------------------------------------
[Epoch : 198/500]
Total_loss	: 1.5037
Domain_loss	: 1.3849
Src_reg_loss	: 0.0381
-------------------------------------
[Epoch : 199/500]
Total_loss	: 1.5037
Domain_loss	: 1.3850
Src_reg_loss	: 0.0381
-------------------------------------
[Epoch : 200/500]
Total_loss	: 1.5036
Domain_loss	: 1.3850
Src_reg_loss	: 0.0381
-------------------------------------
[Epoch : 201/500]
Total_loss	: 1.5036
Domain_loss	: 1.3850
Src_reg_loss	: 0.0380
-------------------------------------
[Epoch : 202/500]
Total_loss	: 1.5036
Domain_loss	: 1.3850
Src_reg_loss	: 0.0380
-------------------------------------
[Epoch : 203/500]
Total_loss	: 1.5035
Domain_loss	: 1.3851
Src_reg_loss	: 0.0380
-------------------------------------
[Epoch : 204/500]
Total_loss	: 1.5035
Domain_loss	: 1.3851
Src_reg_loss	: 0.0379
-------------------------------------
[Epoch : 205/500]
Total_loss	: 1.5034
Domain_loss	: 1.3851
Src_reg_loss	: 0.0379
-------------------------------------
[Epoch : 206/500]
Total_loss	: 1.5033
Domain_loss	: 1.3850
Src_reg_loss	: 0.0379
-------------------------------------
[Epoch : 207/500]
Total_loss	: 1.5033
Domain_loss	: 1.3850
Src_reg_loss	: 0.0379
-------------------------------------
[Epoch : 208/500]
Total_loss	: 1.5032
Domain_loss	: 1.3850
Src_reg_loss	: 0.0378
-------------------------------------
[Epoch : 209/500]
Total_loss	: 1.5031
Domain_loss	: 1.3850
Src_reg_loss	: 0.0378
-------------------------------------
[Epoch : 210/500]
Total_loss	: 1.5030
Domain_loss	: 1.3850
Src_reg_loss	: 0.0378
-------------------------------------
[Epoch : 211/500]
Total_loss	: 1.5029
Domain_loss	: 1.3849
Src_reg_loss	: 0.0377
-------------------------------------
[Epoch : 212/500]
Total_loss	: 1.5028
Domain_loss	: 1.3849
Src_reg_loss	: 0.0377
-------------------------------------
[Epoch : 213/500]
Total_loss	: 1.5028
Domain_loss	: 1.3849
Src_reg_loss	: 0.0377
-------------------------------------
[Epoch : 214/500]
Total_loss	: 1.5027
Domain_loss	: 1.3849
Src_reg_loss	: 0.0377
-------------------------------------
[Epoch : 215/500]
Total_loss	: 1.5026
Domain_loss	: 1.3849
Src_reg_loss	: 0.0376
-------------------------------------
[Epoch : 216/500]
Total_loss	: 1.5026
Domain_loss	: 1.3848
Src_reg_loss	: 0.0376
-------------------------------------
[Epoch : 217/500]
Total_loss	: 1.5025
Domain_loss	: 1.3848
Src_reg_loss	: 0.0376
-------------------------------------
[Epoch : 218/500]
Total_loss	: 1.5025
Domain_loss	: 1.3848
Src_reg_loss	: 0.0376
-------------------------------------
[Epoch : 219/500]
Total_loss	: 1.5024
Domain_loss	: 1.3848
Src_reg_loss	: 0.0375
-------------------------------------
[Epoch : 220/500]
Total_loss	: 1.5024
Domain_loss	: 1.3848
Src_reg_loss	: 0.0375
-------------------------------------
[Epoch : 221/500]
Total_loss	: 1.5023
Domain_loss	: 1.3848
Src_reg_loss	: 0.0375
-------------------------------------
[Epoch : 222/500]
Total_loss	: 1.5022
Domain_loss	: 1.3848
Src_reg_loss	: 0.0375
-------------------------------------
[Epoch : 223/500]
Total_loss	: 1.5022
Domain_loss	: 1.3848
Src_reg_loss	: 0.0374
-------------------------------------
[Epoch : 224/500]
Total_loss	: 1.5021
Domain_loss	: 1.3848
Src_reg_loss	: 0.0374
-------------------------------------
[Epoch : 225/500]
Total_loss	: 1.5021
Domain_loss	: 1.3848
Src_reg_loss	: 0.0374
-------------------------------------
[Epoch : 226/500]
Total_loss	: 1.5020
Domain_loss	: 1.3848
Src_reg_loss	: 0.0374
-------------------------------------
[Epoch : 227/500]
Total_loss	: 1.5020
Domain_loss	: 1.3848
Src_reg_loss	: 0.0373
-------------------------------------
[Epoch : 228/500]
Total_loss	: 1.5020
Domain_loss	: 1.3848
Src_reg_loss	: 0.0373
-------------------------------------
[Epoch : 229/500]
Total_loss	: 1.5019
Domain_loss	: 1.3848
Src_reg_loss	: 0.0373
-------------------------------------
[Epoch : 230/500]
Total_loss	: 1.5019
Domain_loss	: 1.3848
Src_reg_loss	: 0.0373
-------------------------------------
[Epoch : 231/500]
Total_loss	: 1.5018
Domain_loss	: 1.3848
Src_reg_loss	: 0.0373
-------------------------------------
[Epoch : 232/500]
Total_loss	: 1.5018
Domain_loss	: 1.3849
Src_reg_loss	: 0.0372
-------------------------------------
[Epoch : 233/500]
Total_loss	: 1.5018
Domain_loss	: 1.3849
Src_reg_loss	: 0.0372
-------------------------------------
[Epoch : 234/500]
Total_loss	: 1.5017
Domain_loss	: 1.3849
Src_reg_loss	: 0.0372
-------------------------------------
[Epoch : 235/500]
Total_loss	: 1.5017
Domain_loss	: 1.3849
Src_reg_loss	: 0.0372
-------------------------------------
[Epoch : 236/500]
Total_loss	: 1.5017
Domain_loss	: 1.3849
Src_reg_loss	: 0.0371
-------------------------------------
[Epoch : 237/500]
Total_loss	: 1.5016
Domain_loss	: 1.3849
Src_reg_loss	: 0.0371
-------------------------------------
[Epoch : 238/500]
Total_loss	: 1.5016
Domain_loss	: 1.3849
Src_reg_loss	: 0.0371
-------------------------------------
[Epoch : 239/500]
Total_loss	: 1.5016
Domain_loss	: 1.3849
Src_reg_loss	: 0.0371
-------------------------------------
[Epoch : 240/500]
Total_loss	: 1.5015
Domain_loss	: 1.3849
Src_reg_loss	: 0.0371
-------------------------------------
[Epoch : 241/500]
Total_loss	: 1.5015
Domain_loss	: 1.3849
Src_reg_loss	: 0.0370
-------------------------------------
[Epoch : 242/500]
Total_loss	: 1.5014
Domain_loss	: 1.3849
Src_reg_loss	: 0.0370
-------------------------------------
[Epoch : 243/500]
Total_loss	: 1.5014
Domain_loss	: 1.3849
Src_reg_loss	: 0.0370
-------------------------------------
[Epoch : 244/500]
Total_loss	: 1.5013
Domain_loss	: 1.3849
Src_reg_loss	: 0.0370
-------------------------------------
[Epoch : 245/500]
Total_loss	: 1.5013
Domain_loss	: 1.3849
Src_reg_loss	: 0.0370
-------------------------------------
[Epoch : 246/500]
Total_loss	: 1.5012
Domain_loss	: 1.3849
Src_reg_loss	: 0.0369
-------------------------------------
[Epoch : 247/500]
Total_loss	: 1.5012
Domain_loss	: 1.3849
Src_reg_loss	: 0.0369
-------------------------------------
[Epoch : 248/500]
Total_loss	: 1.5011
Domain_loss	: 1.3849
Src_reg_loss	: 0.0369
-------------------------------------
[Epoch : 249/500]
Total_loss	: 1.5011
Domain_loss	: 1.3848
Src_reg_loss	: 0.0369
-------------------------------------
[Epoch : 250/500]
Total_loss	: 1.5010
Domain_loss	: 1.3848
Src_reg_loss	: 0.0369
-------------------------------------
[Epoch : 251/500]
Total_loss	: 1.5010
Domain_loss	: 1.3848
Src_reg_loss	: 0.0368
-------------------------------------
[Epoch : 252/500]
Total_loss	: 1.5009
Domain_loss	: 1.3848
Src_reg_loss	: 0.0368
-------------------------------------
[Epoch : 253/500]
Total_loss	: 1.5009
Domain_loss	: 1.3848
Src_reg_loss	: 0.0368
-------------------------------------
[Epoch : 254/500]
Total_loss	: 1.5009
Domain_loss	: 1.3848
Src_reg_loss	: 0.0368
-------------------------------------
[Epoch : 255/500]
Total_loss	: 1.5008
Domain_loss	: 1.3849
Src_reg_loss	: 0.0368
-------------------------------------
[Epoch : 256/500]
Total_loss	: 1.5008
Domain_loss	: 1.3849
Src_reg_loss	: 0.0367
-------------------------------------
[Epoch : 257/500]
Total_loss	: 1.5008
Domain_loss	: 1.3849
Src_reg_loss	: 0.0367
-------------------------------------
[Epoch : 258/500]
Total_loss	: 1.5008
Domain_loss	: 1.3849
Src_reg_loss	: 0.0367
-------------------------------------
[Epoch : 259/500]
Total_loss	: 1.5008
Domain_loss	: 1.3849
Src_reg_loss	: 0.0367
-------------------------------------
[Epoch : 260/500]
Total_loss	: 1.5007
Domain_loss	: 1.3849
Src_reg_loss	: 0.0367
-------------------------------------
[Epoch : 261/500]
Total_loss	: 1.5007
Domain_loss	: 1.3849
Src_reg_loss	: 0.0367
-------------------------------------
[Epoch : 262/500]
Total_loss	: 1.5007
Domain_loss	: 1.3849
Src_reg_loss	: 0.0366
-------------------------------------
[Epoch : 263/500]
Total_loss	: 1.5006
Domain_loss	: 1.3849
Src_reg_loss	: 0.0366
-------------------------------------
[Epoch : 264/500]
Total_loss	: 1.5006
Domain_loss	: 1.3849
Src_reg_loss	: 0.0366
-------------------------------------
[Epoch : 265/500]
Total_loss	: 1.5006
Domain_loss	: 1.3849
Src_reg_loss	: 0.0366
-------------------------------------
[Epoch : 266/500]
Total_loss	: 1.5005
Domain_loss	: 1.3849
Src_reg_loss	: 0.0366
-------------------------------------
[Epoch : 267/500]
Total_loss	: 1.5005
Domain_loss	: 1.3849
Src_reg_loss	: 0.0366
-------------------------------------
[Epoch : 268/500]
Total_loss	: 1.5005
Domain_loss	: 1.3849
Src_reg_loss	: 0.0365
-------------------------------------
[Epoch : 269/500]
Total_loss	: 1.5004
Domain_loss	: 1.3849
Src_reg_loss	: 0.0365
-------------------------------------
[Epoch : 270/500]
Total_loss	: 1.5004
Domain_loss	: 1.3849
Src_reg_loss	: 0.0365
-------------------------------------
[Epoch : 271/500]
Total_loss	: 1.5004
Domain_loss	: 1.3849
Src_reg_loss	: 0.0365
-------------------------------------
[Epoch : 272/500]
Total_loss	: 1.5003
Domain_loss	: 1.3849
Src_reg_loss	: 0.0365
-------------------------------------
[Epoch : 273/500]
Total_loss	: 1.5003
Domain_loss	: 1.3849
Src_reg_loss	: 0.0365
-------------------------------------
[Epoch : 274/500]
Total_loss	: 1.5003
Domain_loss	: 1.3849
Src_reg_loss	: 0.0364
-------------------------------------
[Epoch : 275/500]
Total_loss	: 1.5002
Domain_loss	: 1.3849
Src_reg_loss	: 0.0364
-------------------------------------
[Epoch : 276/500]
Total_loss	: 1.5002
Domain_loss	: 1.3849
Src_reg_loss	: 0.0364
-------------------------------------
[Epoch : 277/500]
Total_loss	: 1.5002
Domain_loss	: 1.3849
Src_reg_loss	: 0.0364
-------------------------------------
[Epoch : 278/500]
Total_loss	: 1.5002
Domain_loss	: 1.3849
Src_reg_loss	: 0.0364
-------------------------------------
[Epoch : 279/500]
Total_loss	: 1.5001
Domain_loss	: 1.3850
Src_reg_loss	: 0.0364
-------------------------------------
[Epoch : 280/500]
Total_loss	: 1.5001
Domain_loss	: 1.3850
Src_reg_loss	: 0.0364
-------------------------------------
[Epoch : 281/500]
Total_loss	: 1.5001
Domain_loss	: 1.3850
Src_reg_loss	: 0.0363
-------------------------------------
[Epoch : 282/500]
Total_loss	: 1.5001
Domain_loss	: 1.3850
Src_reg_loss	: 0.0363
-------------------------------------
[Epoch : 283/500]
Total_loss	: 1.5001
Domain_loss	: 1.3850
Src_reg_loss	: 0.0363
-------------------------------------
[Epoch : 284/500]
Total_loss	: 1.5001
Domain_loss	: 1.3850
Src_reg_loss	: 0.0363
-------------------------------------
[Epoch : 285/500]
Total_loss	: 1.5000
Domain_loss	: 1.3850
Src_reg_loss	: 0.0363
-------------------------------------
[Epoch : 286/500]
Total_loss	: 1.5000
Domain_loss	: 1.3850
Src_reg_loss	: 0.0363
-------------------------------------
[Epoch : 287/500]
Total_loss	: 1.5000
Domain_loss	: 1.3850
Src_reg_loss	: 0.0363
-------------------------------------
[Epoch : 288/500]
Total_loss	: 1.5000
Domain_loss	: 1.3851
Src_reg_loss	: 0.0362
-------------------------------------
[Epoch : 289/500]
Total_loss	: 1.4999
Domain_loss	: 1.3851
Src_reg_loss	: 0.0362
-------------------------------------
[Epoch : 290/500]
Total_loss	: 1.4999
Domain_loss	: 1.3851
Src_reg_loss	: 0.0362
-------------------------------------
[Epoch : 291/500]
Total_loss	: 1.4999
Domain_loss	: 1.3850
Src_reg_loss	: 0.0362
-------------------------------------
[Epoch : 292/500]
Total_loss	: 1.4998
Domain_loss	: 1.3850
Src_reg_loss	: 0.0362
-------------------------------------
[Epoch : 293/500]
Total_loss	: 1.4998
Domain_loss	: 1.3850
Src_reg_loss	: 0.0362
-------------------------------------
[Epoch : 294/500]
Total_loss	: 1.4997
Domain_loss	: 1.3850
Src_reg_loss	: 0.0362
-------------------------------------
[Epoch : 295/500]
Total_loss	: 1.4997
Domain_loss	: 1.3850
Src_reg_loss	: 0.0361
-------------------------------------
[Epoch : 296/500]
Total_loss	: 1.4996
Domain_loss	: 1.3850
Src_reg_loss	: 0.0361
-------------------------------------
[Epoch : 297/500]
Total_loss	: 1.4996
Domain_loss	: 1.3849
Src_reg_loss	: 0.0361
-------------------------------------
[Epoch : 298/500]
Total_loss	: 1.4995
Domain_loss	: 1.3849
Src_reg_loss	: 0.0361
-------------------------------------
[Epoch : 299/500]
Total_loss	: 1.4995
Domain_loss	: 1.3849
Src_reg_loss	: 0.0361
-------------------------------------
[Epoch : 300/500]
Total_loss	: 1.4995
Domain_loss	: 1.3849
Src_reg_loss	: 0.0361
-------------------------------------
[Epoch : 301/500]
Total_loss	: 1.4994
Domain_loss	: 1.3849
Src_reg_loss	: 0.0361
-------------------------------------
[Epoch : 302/500]
Total_loss	: 1.4994
Domain_loss	: 1.3849
Src_reg_loss	: 0.0360
-------------------------------------
[Epoch : 303/500]
Total_loss	: 1.4994
Domain_loss	: 1.3849
Src_reg_loss	: 0.0360
-------------------------------------
[Epoch : 304/500]
Total_loss	: 1.4993
Domain_loss	: 1.3849
Src_reg_loss	: 0.0360
-------------------------------------
[Epoch : 305/500]
Total_loss	: 1.4993
Domain_loss	: 1.3849
Src_reg_loss	: 0.0360
-------------------------------------
[Epoch : 306/500]
Total_loss	: 1.4993
Domain_loss	: 1.3849
Src_reg_loss	: 0.0360
-------------------------------------
[Epoch : 307/500]
Total_loss	: 1.4993
Domain_loss	: 1.3849
Src_reg_loss	: 0.0360
-------------------------------------
[Epoch : 308/500]
Total_loss	: 1.4993
Domain_loss	: 1.3849
Src_reg_loss	: 0.0360
-------------------------------------
[Epoch : 309/500]
Total_loss	: 1.4993
Domain_loss	: 1.3849
Src_reg_loss	: 0.0360
-------------------------------------
[Epoch : 310/500]
Total_loss	: 1.4993
Domain_loss	: 1.3850
Src_reg_loss	: 0.0359
-------------------------------------
[Epoch : 311/500]
Total_loss	: 1.4993
Domain_loss	: 1.3850
Src_reg_loss	: 0.0359
-------------------------------------
[Epoch : 312/500]
Total_loss	: 1.4993
Domain_loss	: 1.3850
Src_reg_loss	: 0.0359
-------------------------------------
[Epoch : 313/500]
Total_loss	: 1.4993
Domain_loss	: 1.3850
Src_reg_loss	: 0.0359
-------------------------------------
[Epoch : 314/500]
Total_loss	: 1.4993
Domain_loss	: 1.3850
Src_reg_loss	: 0.0359
-------------------------------------
[Epoch : 315/500]
Total_loss	: 1.4993
Domain_loss	: 1.3851
Src_reg_loss	: 0.0359
-------------------------------------
[Epoch : 316/500]
Total_loss	: 1.4992
Domain_loss	: 1.3851
Src_reg_loss	: 0.0359
-------------------------------------
[Epoch : 317/500]
Total_loss	: 1.4992
Domain_loss	: 1.3851
Src_reg_loss	: 0.0359
-------------------------------------
[Epoch : 318/500]
Total_loss	: 1.4992
Domain_loss	: 1.3851
Src_reg_loss	: 0.0358
-------------------------------------
[Epoch : 319/500]
Total_loss	: 1.4992
Domain_loss	: 1.3851
Src_reg_loss	: 0.0358
-------------------------------------
[Epoch : 320/500]
Total_loss	: 1.4992
Domain_loss	: 1.3851
Src_reg_loss	: 0.0358
-------------------------------------
[Epoch : 321/500]
Total_loss	: 1.4992
Domain_loss	: 1.3851
Src_reg_loss	: 0.0358
-------------------------------------
[Epoch : 322/500]
Total_loss	: 1.4991
Domain_loss	: 1.3851
Src_reg_loss	: 0.0358
-------------------------------------
[Epoch : 323/500]
Total_loss	: 1.4991
Domain_loss	: 1.3851
Src_reg_loss	: 0.0358
-------------------------------------
[Epoch : 324/500]
Total_loss	: 1.4991
Domain_loss	: 1.3851
Src_reg_loss	: 0.0358
-------------------------------------
[Epoch : 325/500]
Total_loss	: 1.4990
Domain_loss	: 1.3851
Src_reg_loss	: 0.0358
-------------------------------------
[Epoch : 326/500]
Total_loss	: 1.4990
Domain_loss	: 1.3851
Src_reg_loss	: 0.0358
-------------------------------------
[Epoch : 327/500]
Total_loss	: 1.4990
Domain_loss	: 1.3851
Src_reg_loss	: 0.0357
-------------------------------------
[Epoch : 328/500]
Total_loss	: 1.4990
Domain_loss	: 1.3851
Src_reg_loss	: 0.0357
-------------------------------------
[Epoch : 329/500]
Total_loss	: 1.4989
Domain_loss	: 1.3851
Src_reg_loss	: 0.0357
-------------------------------------
[Epoch : 330/500]
Total_loss	: 1.4989
Domain_loss	: 1.3851
Src_reg_loss	: 0.0357
-------------------------------------
[Epoch : 331/500]
Total_loss	: 1.4989
Domain_loss	: 1.3851
Src_reg_loss	: 0.0357
-------------------------------------
[Epoch : 332/500]
Total_loss	: 1.4989
Domain_loss	: 1.3851
Src_reg_loss	: 0.0357
-------------------------------------
[Epoch : 333/500]
Total_loss	: 1.4988
Domain_loss	: 1.3851
Src_reg_loss	: 0.0357
-------------------------------------
[Epoch : 334/500]
Total_loss	: 1.4988
Domain_loss	: 1.3851
Src_reg_loss	: 0.0357
-------------------------------------
[Epoch : 335/500]
Total_loss	: 1.4988
Domain_loss	: 1.3851
Src_reg_loss	: 0.0357
-------------------------------------
[Epoch : 336/500]
Total_loss	: 1.4988
Domain_loss	: 1.3851
Src_reg_loss	: 0.0356
-------------------------------------
[Epoch : 337/500]
Total_loss	: 1.4987
Domain_loss	: 1.3850
Src_reg_loss	: 0.0356
-------------------------------------
[Epoch : 338/500]
Total_loss	: 1.4987
Domain_loss	: 1.3850
Src_reg_loss	: 0.0356
-------------------------------------
[Epoch : 339/500]
Total_loss	: 1.4987
Domain_loss	: 1.3850
Src_reg_loss	: 0.0356
-------------------------------------
[Epoch : 340/500]
Total_loss	: 1.4987
Domain_loss	: 1.3850
Src_reg_loss	: 0.0356
-------------------------------------
[Epoch : 341/500]
Total_loss	: 1.4986
Domain_loss	: 1.3850
Src_reg_loss	: 0.0356
-------------------------------------
[Epoch : 342/500]
Total_loss	: 1.4986
Domain_loss	: 1.3850
Src_reg_loss	: 0.0356
-------------------------------------
[Epoch : 343/500]
Total_loss	: 1.4986
Domain_loss	: 1.3850
Src_reg_loss	: 0.0356
-------------------------------------
[Epoch : 344/500]
Total_loss	: 1.4985
Domain_loss	: 1.3850
Src_reg_loss	: 0.0356
-------------------------------------
[Epoch : 345/500]
Total_loss	: 1.4985
Domain_loss	: 1.3850
Src_reg_loss	: 0.0356
-------------------------------------
[Epoch : 346/500]
Total_loss	: 1.4985
Domain_loss	: 1.3850
Src_reg_loss	: 0.0355
-------------------------------------
[Epoch : 347/500]
Total_loss	: 1.4984
Domain_loss	: 1.3850
Src_reg_loss	: 0.0355
-------------------------------------
[Epoch : 348/500]
Total_loss	: 1.4984
Domain_loss	: 1.3849
Src_reg_loss	: 0.0355
-------------------------------------
[Epoch : 349/500]
Total_loss	: 1.4984
Domain_loss	: 1.3849
Src_reg_loss	: 0.0355
-------------------------------------
[Epoch : 350/500]
Total_loss	: 1.4984
Domain_loss	: 1.3849
Src_reg_loss	: 0.0355
-------------------------------------
[Epoch : 351/500]
Total_loss	: 1.4984
Domain_loss	: 1.3849
Src_reg_loss	: 0.0355
-------------------------------------
[Epoch : 352/500]
Total_loss	: 1.4983
Domain_loss	: 1.3849
Src_reg_loss	: 0.0355
-------------------------------------
[Epoch : 353/500]
Total_loss	: 1.4983
Domain_loss	: 1.3850
Src_reg_loss	: 0.0355
-------------------------------------
[Epoch : 354/500]
Total_loss	: 1.4983
Domain_loss	: 1.3850
Src_reg_loss	: 0.0355
-------------------------------------
[Epoch : 355/500]
Total_loss	: 1.4983
Domain_loss	: 1.3850
Src_reg_loss	: 0.0355
-------------------------------------
[Epoch : 356/500]
Total_loss	: 1.4983
Domain_loss	: 1.3850
Src_reg_loss	: 0.0355
-------------------------------------
[Epoch : 357/500]
Total_loss	: 1.4983
Domain_loss	: 1.3850
Src_reg_loss	: 0.0354
-------------------------------------
[Epoch : 358/500]
Total_loss	: 1.4983
Domain_loss	: 1.3850
Src_reg_loss	: 0.0354
-------------------------------------
[Epoch : 359/500]
Total_loss	: 1.4983
Domain_loss	: 1.3851
Src_reg_loss	: 0.0354
-------------------------------------
[Epoch : 360/500]
Total_loss	: 1.4983
Domain_loss	: 1.3851
Src_reg_loss	: 0.0354
-------------------------------------
[Epoch : 361/500]
Total_loss	: 1.4983
Domain_loss	: 1.3851
Src_reg_loss	: 0.0354
-------------------------------------
[Epoch : 362/500]
Total_loss	: 1.4982
Domain_loss	: 1.3850
Src_reg_loss	: 0.0354
-------------------------------------
[Epoch : 363/500]
Total_loss	: 1.4982
Domain_loss	: 1.3850
Src_reg_loss	: 0.0354
-------------------------------------
[Epoch : 364/500]
Total_loss	: 1.4982
Domain_loss	: 1.3850
Src_reg_loss	: 0.0354
-------------------------------------
[Epoch : 365/500]
Total_loss	: 1.4981
Domain_loss	: 1.3850
Src_reg_loss	: 0.0354
-------------------------------------
[Epoch : 366/500]
Total_loss	: 1.4981
Domain_loss	: 1.3850
Src_reg_loss	: 0.0354
-------------------------------------
[Epoch : 367/500]
Total_loss	: 1.4980
Domain_loss	: 1.3849
Src_reg_loss	: 0.0354
-------------------------------------
[Epoch : 368/500]
Total_loss	: 1.4980
Domain_loss	: 1.3849
Src_reg_loss	: 0.0353
-------------------------------------
[Epoch : 369/500]
Total_loss	: 1.4980
Domain_loss	: 1.3849
Src_reg_loss	: 0.0353
-------------------------------------
[Epoch : 370/500]
Total_loss	: 1.4979
Domain_loss	: 1.3849
Src_reg_loss	: 0.0353
-------------------------------------
[Epoch : 371/500]
Total_loss	: 1.4979
Domain_loss	: 1.3849
Src_reg_loss	: 0.0353
-------------------------------------
[Epoch : 372/500]
Total_loss	: 1.4979
Domain_loss	: 1.3849
Src_reg_loss	: 0.0353
-------------------------------------
[Epoch : 373/500]
Total_loss	: 1.4979
Domain_loss	: 1.3849
Src_reg_loss	: 0.0353
-------------------------------------
[Epoch : 374/500]
Total_loss	: 1.4979
Domain_loss	: 1.3849
Src_reg_loss	: 0.0353
-------------------------------------
[Epoch : 375/500]
Total_loss	: 1.4979
Domain_loss	: 1.3849
Src_reg_loss	: 0.0353
-------------------------------------
[Epoch : 376/500]
Total_loss	: 1.4979
Domain_loss	: 1.3849
Src_reg_loss	: 0.0353
-------------------------------------
[Epoch : 377/500]
Total_loss	: 1.4979
Domain_loss	: 1.3849
Src_reg_loss	: 0.0353
-------------------------------------
[Epoch : 378/500]
Total_loss	: 1.4979
Domain_loss	: 1.3850
Src_reg_loss	: 0.0353
-------------------------------------
[Epoch : 379/500]
Total_loss	: 1.4979
Domain_loss	: 1.3850
Src_reg_loss	: 0.0352
-------------------------------------
[Epoch : 380/500]
Total_loss	: 1.4979
Domain_loss	: 1.3850
Src_reg_loss	: 0.0352
-------------------------------------
[Epoch : 381/500]
Total_loss	: 1.4979
Domain_loss	: 1.3850
Src_reg_loss	: 0.0352
-------------------------------------
[Epoch : 382/500]
Total_loss	: 1.4979
Domain_loss	: 1.3850
Src_reg_loss	: 0.0352
-------------------------------------
[Epoch : 383/500]
Total_loss	: 1.4979
Domain_loss	: 1.3850
Src_reg_loss	: 0.0352
-------------------------------------
[Epoch : 384/500]
Total_loss	: 1.4979
Domain_loss	: 1.3851
Src_reg_loss	: 0.0352
-------------------------------------
[Epoch : 385/500]
Total_loss	: 1.4979
Domain_loss	: 1.3851
Src_reg_loss	: 0.0352
-------------------------------------
[Epoch : 386/500]
Total_loss	: 1.4979
Domain_loss	: 1.3851
Src_reg_loss	: 0.0352
-------------------------------------
[Epoch : 387/500]
Total_loss	: 1.4979
Domain_loss	: 1.3851
Src_reg_loss	: 0.0352
-------------------------------------
[Epoch : 388/500]
Total_loss	: 1.4978
Domain_loss	: 1.3851
Src_reg_loss	: 0.0352
-------------------------------------
[Epoch : 389/500]
Total_loss	: 1.4978
Domain_loss	: 1.3851
Src_reg_loss	: 0.0352
-------------------------------------
[Epoch : 390/500]
Total_loss	: 1.4978
Domain_loss	: 1.3851
Src_reg_loss	: 0.0352
-------------------------------------
[Epoch : 391/500]
Total_loss	: 1.4978
Domain_loss	: 1.3851
Src_reg_loss	: 0.0352
-------------------------------------
[Epoch : 392/500]
Total_loss	: 1.4977
Domain_loss	: 1.3850
Src_reg_loss	: 0.0351
-------------------------------------
[Epoch : 393/500]
Total_loss	: 1.4977
Domain_loss	: 1.3850
Src_reg_loss	: 0.0351
-------------------------------------
[Epoch : 394/500]
Total_loss	: 1.4977
Domain_loss	: 1.3850
Src_reg_loss	: 0.0351
-------------------------------------
[Epoch : 395/500]
Total_loss	: 1.4977
Domain_loss	: 1.3850
Src_reg_loss	: 0.0351
-------------------------------------
[Epoch : 396/500]
Total_loss	: 1.4976
Domain_loss	: 1.3850
Src_reg_loss	: 0.0351
-------------------------------------
[Epoch : 397/500]
Total_loss	: 1.4976
Domain_loss	: 1.3850
Src_reg_loss	: 0.0351
-------------------------------------
[Epoch : 398/500]
Total_loss	: 1.4976
Domain_loss	: 1.3850
Src_reg_loss	: 0.0351
-------------------------------------
[Epoch : 399/500]
Total_loss	: 1.4976
Domain_loss	: 1.3850
Src_reg_loss	: 0.0351
-------------------------------------
[Epoch : 400/500]
Total_loss	: 1.4976
Domain_loss	: 1.3850
Src_reg_loss	: 0.0351
-------------------------------------
[Epoch : 401/500]
Total_loss	: 1.4976
Domain_loss	: 1.3850
Src_reg_loss	: 0.0351
-------------------------------------
[Epoch : 402/500]
Total_loss	: 1.4976
Domain_loss	: 1.3850
Src_reg_loss	: 0.0351
-------------------------------------
[Epoch : 403/500]
Total_loss	: 1.4976
Domain_loss	: 1.3850
Src_reg_loss	: 0.0351
-------------------------------------
[Epoch : 404/500]
Total_loss	: 1.4975
Domain_loss	: 1.3850
Src_reg_loss	: 0.0351
-------------------------------------
[Epoch : 405/500]
Total_loss	: 1.4975
Domain_loss	: 1.3850
Src_reg_loss	: 0.0350
-------------------------------------
[Epoch : 406/500]
Total_loss	: 1.4975
Domain_loss	: 1.3850
Src_reg_loss	: 0.0350
-------------------------------------
[Epoch : 407/500]
Total_loss	: 1.4975
Domain_loss	: 1.3850
Src_reg_loss	: 0.0350
-------------------------------------
[Epoch : 408/500]
Total_loss	: 1.4975
Domain_loss	: 1.3850
Src_reg_loss	: 0.0350
-------------------------------------
[Epoch : 409/500]
Total_loss	: 1.4974
Domain_loss	: 1.3850
Src_reg_loss	: 0.0350
-------------------------------------
[Epoch : 410/500]
Total_loss	: 1.4974
Domain_loss	: 1.3850
Src_reg_loss	: 0.0350
-------------------------------------
[Epoch : 411/500]
Total_loss	: 1.4974
Domain_loss	: 1.3850
Src_reg_loss	: 0.0350
-------------------------------------
[Epoch : 412/500]
Total_loss	: 1.4974
Domain_loss	: 1.3850
Src_reg_loss	: 0.0350
-------------------------------------
[Epoch : 413/500]
Total_loss	: 1.4974
Domain_loss	: 1.3850
Src_reg_loss	: 0.0350
-------------------------------------
[Epoch : 414/500]
Total_loss	: 1.4974
Domain_loss	: 1.3850
Src_reg_loss	: 0.0350
-------------------------------------
[Epoch : 415/500]
Total_loss	: 1.4974
Domain_loss	: 1.3851
Src_reg_loss	: 0.0350
-------------------------------------
[Epoch : 416/500]
Total_loss	: 1.4974
Domain_loss	: 1.3851
Src_reg_loss	: 0.0350
-------------------------------------
[Epoch : 417/500]
Total_loss	: 1.4974
Domain_loss	: 1.3851
Src_reg_loss	: 0.0350
-------------------------------------
[Epoch : 418/500]
Total_loss	: 1.4975
Domain_loss	: 1.3851
Src_reg_loss	: 0.0350
-------------------------------------
[Epoch : 419/500]
Total_loss	: 1.4975
Domain_loss	: 1.3852
Src_reg_loss	: 0.0350
-------------------------------------
[Epoch : 420/500]
Total_loss	: 1.4975
Domain_loss	: 1.3852
Src_reg_loss	: 0.0349
-------------------------------------
[Epoch : 421/500]
Total_loss	: 1.4974
Domain_loss	: 1.3852
Src_reg_loss	: 0.0349
-------------------------------------
[Epoch : 422/500]
Total_loss	: 1.4974
Domain_loss	: 1.3852
Src_reg_loss	: 0.0349
-------------------------------------
[Epoch : 423/500]
Total_loss	: 1.4974
Domain_loss	: 1.3851
Src_reg_loss	: 0.0349
-------------------------------------
[Epoch : 424/500]
Total_loss	: 1.4973
Domain_loss	: 1.3851
Src_reg_loss	: 0.0349
-------------------------------------
[Epoch : 425/500]
Total_loss	: 1.4973
Domain_loss	: 1.3851
Src_reg_loss	: 0.0349
-------------------------------------
[Epoch : 426/500]
Total_loss	: 1.4972
Domain_loss	: 1.3850
Src_reg_loss	: 0.0349
-------------------------------------
[Epoch : 427/500]
Total_loss	: 1.4972
Domain_loss	: 1.3850
Src_reg_loss	: 0.0349
-------------------------------------
[Epoch : 428/500]
Total_loss	: 1.4972
Domain_loss	: 1.3850
Src_reg_loss	: 0.0349
-------------------------------------
[Epoch : 429/500]
Total_loss	: 1.4972
Domain_loss	: 1.3850
Src_reg_loss	: 0.0349
-------------------------------------
[Epoch : 430/500]
Total_loss	: 1.4971
Domain_loss	: 1.3850
Src_reg_loss	: 0.0349
-------------------------------------
[Epoch : 431/500]
Total_loss	: 1.4971
Domain_loss	: 1.3850
Src_reg_loss	: 0.0349
-------------------------------------
[Epoch : 432/500]
Total_loss	: 1.4971
Domain_loss	: 1.3850
Src_reg_loss	: 0.0349
-------------------------------------
[Epoch : 433/500]
Total_loss	: 1.4971
Domain_loss	: 1.3850
Src_reg_loss	: 0.0349
-------------------------------------
[Epoch : 434/500]
Total_loss	: 1.4971
Domain_loss	: 1.3850
Src_reg_loss	: 0.0349
-------------------------------------
[Epoch : 435/500]
Total_loss	: 1.4971
Domain_loss	: 1.3850
Src_reg_loss	: 0.0349
-------------------------------------
[Epoch : 436/500]
Total_loss	: 1.4971
Domain_loss	: 1.3850
Src_reg_loss	: 0.0349
-------------------------------------
[Epoch : 437/500]
Total_loss	: 1.4971
Domain_loss	: 1.3851
Src_reg_loss	: 0.0348
-------------------------------------
[Epoch : 438/500]
Total_loss	: 1.4971
Domain_loss	: 1.3851
Src_reg_loss	: 0.0348
-------------------------------------
[Epoch : 439/500]
Total_loss	: 1.4971
Domain_loss	: 1.3851
Src_reg_loss	: 0.0348
-------------------------------------
[Epoch : 440/500]
Total_loss	: 1.4971
Domain_loss	: 1.3851
Src_reg_loss	: 0.0348
-------------------------------------
[Epoch : 441/500]
Total_loss	: 1.4971
Domain_loss	: 1.3851
Src_reg_loss	: 0.0348
-------------------------------------
[Epoch : 442/500]
Total_loss	: 1.4971
Domain_loss	: 1.3850
Src_reg_loss	: 0.0348
-------------------------------------
[Epoch : 443/500]
Total_loss	: 1.4970
Domain_loss	: 1.3850
Src_reg_loss	: 0.0348
-------------------------------------
[Epoch : 444/500]
Total_loss	: 1.4970
Domain_loss	: 1.3850
Src_reg_loss	: 0.0348
-------------------------------------
[Epoch : 445/500]
Total_loss	: 1.4970
Domain_loss	: 1.3850
Src_reg_loss	: 0.0348
-------------------------------------
[Epoch : 446/500]
Total_loss	: 1.4969
Domain_loss	: 1.3850
Src_reg_loss	: 0.0348
-------------------------------------
[Epoch : 447/500]
Total_loss	: 1.4969
Domain_loss	: 1.3849
Src_reg_loss	: 0.0348
-------------------------------------
[Epoch : 448/500]
Total_loss	: 1.4969
Domain_loss	: 1.3849
Src_reg_loss	: 0.0348
-------------------------------------
[Epoch : 449/500]
Total_loss	: 1.4969
Domain_loss	: 1.3849
Src_reg_loss	: 0.0348
-------------------------------------
[Epoch : 450/500]
Total_loss	: 1.4968
Domain_loss	: 1.3849
Src_reg_loss	: 0.0348
-------------------------------------
[Epoch : 451/500]
Total_loss	: 1.4968
Domain_loss	: 1.3849
Src_reg_loss	: 0.0348
-------------------------------------
[Epoch : 452/500]
Total_loss	: 1.4968
Domain_loss	: 1.3849
Src_reg_loss	: 0.0348
-------------------------------------
[Epoch : 453/500]
Total_loss	: 1.4968
Domain_loss	: 1.3849
Src_reg_loss	: 0.0348
-------------------------------------
[Epoch : 454/500]
Total_loss	: 1.4968
Domain_loss	: 1.3849
Src_reg_loss	: 0.0348
-------------------------------------
[Epoch : 455/500]
Total_loss	: 1.4968
Domain_loss	: 1.3849
Src_reg_loss	: 0.0347
-------------------------------------
[Epoch : 456/500]
Total_loss	: 1.4968
Domain_loss	: 1.3849
Src_reg_loss	: 0.0347
-------------------------------------
[Epoch : 457/500]
Total_loss	: 1.4968
Domain_loss	: 1.3850
Src_reg_loss	: 0.0347
-------------------------------------
[Epoch : 458/500]
Total_loss	: 1.4968
Domain_loss	: 1.3850
Src_reg_loss	: 0.0347
-------------------------------------
[Epoch : 459/500]
Total_loss	: 1.4968
Domain_loss	: 1.3850
Src_reg_loss	: 0.0347
-------------------------------------
[Epoch : 460/500]
Total_loss	: 1.4968
Domain_loss	: 1.3850
Src_reg_loss	: 0.0347
-------------------------------------
[Epoch : 461/500]
Total_loss	: 1.4968
Domain_loss	: 1.3850
Src_reg_loss	: 0.0347
-------------------------------------
[Epoch : 462/500]
Total_loss	: 1.4968
Domain_loss	: 1.3850
Src_reg_loss	: 0.0347
-------------------------------------
[Epoch : 463/500]
Total_loss	: 1.4968
Domain_loss	: 1.3850
Src_reg_loss	: 0.0347
-------------------------------------
[Epoch : 464/500]
Total_loss	: 1.4968
Domain_loss	: 1.3850
Src_reg_loss	: 0.0347
-------------------------------------
[Epoch : 465/500]
Total_loss	: 1.4967
Domain_loss	: 1.3850
Src_reg_loss	: 0.0347
-------------------------------------
[Epoch : 466/500]
Total_loss	: 1.4967
Domain_loss	: 1.3850
Src_reg_loss	: 0.0347
-------------------------------------
[Epoch : 467/500]
Total_loss	: 1.4967
Domain_loss	: 1.3850
Src_reg_loss	: 0.0347
-------------------------------------
[Epoch : 468/500]
Total_loss	: 1.4967
Domain_loss	: 1.3850
Src_reg_loss	: 0.0347
-------------------------------------
[Epoch : 469/500]
Total_loss	: 1.4967
Domain_loss	: 1.3850
Src_reg_loss	: 0.0347
-------------------------------------
[Epoch : 470/500]
Total_loss	: 1.4967
Domain_loss	: 1.3850
Src_reg_loss	: 0.0347
-------------------------------------
[Epoch : 471/500]
Total_loss	: 1.4967
Domain_loss	: 1.3850
Src_reg_loss	: 0.0347
-------------------------------------
[Epoch : 472/500]
Total_loss	: 1.4967
Domain_loss	: 1.3850
Src_reg_loss	: 0.0347
-------------------------------------
[Epoch : 473/500]
Total_loss	: 1.4967
Domain_loss	: 1.3850
Src_reg_loss	: 0.0346
-------------------------------------
[Epoch : 474/500]
Total_loss	: 1.4967
Domain_loss	: 1.3850
Src_reg_loss	: 0.0346
-------------------------------------
[Epoch : 475/500]
Total_loss	: 1.4966
Domain_loss	: 1.3850
Src_reg_loss	: 0.0346
-------------------------------------
[Epoch : 476/500]
Total_loss	: 1.4966
Domain_loss	: 1.3850
Src_reg_loss	: 0.0346
-------------------------------------
[Epoch : 477/500]
Total_loss	: 1.4966
Domain_loss	: 1.3850
Src_reg_loss	: 0.0346
-------------------------------------
[Epoch : 478/500]
Total_loss	: 1.4966
Domain_loss	: 1.3850
Src_reg_loss	: 0.0346
-------------------------------------
[Epoch : 479/500]
Total_loss	: 1.4966
Domain_loss	: 1.3850
Src_reg_loss	: 0.0346
-------------------------------------
[Epoch : 480/500]
Total_loss	: 1.4966
Domain_loss	: 1.3850
Src_reg_loss	: 0.0346
-------------------------------------
[Epoch : 481/500]
Total_loss	: 1.4966
Domain_loss	: 1.3850
Src_reg_loss	: 0.0346
-------------------------------------
[Epoch : 482/500]
Total_loss	: 1.4966
Domain_loss	: 1.3850
Src_reg_loss	: 0.0346
-------------------------------------
[Epoch : 483/500]
Total_loss	: 1.4966
Domain_loss	: 1.3850
Src_reg_loss	: 0.0346
-------------------------------------
[Epoch : 484/500]
Total_loss	: 1.4966
Domain_loss	: 1.3850
Src_reg_loss	: 0.0346
-------------------------------------
[Epoch : 485/500]
Total_loss	: 1.4966
Domain_loss	: 1.3850
Src_reg_loss	: 0.0346
-------------------------------------
[Epoch : 486/500]
Total_loss	: 1.4966
Domain_loss	: 1.3850
Src_reg_loss	: 0.0346
-------------------------------------
[Epoch : 487/500]
Total_loss	: 1.4965
Domain_loss	: 1.3850
Src_reg_loss	: 0.0346
-------------------------------------
[Epoch : 488/500]
Total_loss	: 1.4965
Domain_loss	: 1.3850
Src_reg_loss	: 0.0346
-------------------------------------
[Epoch : 489/500]
Total_loss	: 1.4965
Domain_loss	: 1.3850
Src_reg_loss	: 0.0346
-------------------------------------
[Epoch : 490/500]
Total_loss	: 1.4965
Domain_loss	: 1.3850
Src_reg_loss	: 0.0346
-------------------------------------
[Epoch : 491/500]
Total_loss	: 1.4965
Domain_loss	: 1.3850
Src_reg_loss	: 0.0346
-------------------------------------
[Epoch : 492/500]
Total_loss	: 1.4965
Domain_loss	: 1.3850
Src_reg_loss	: 0.0346
-------------------------------------
[Epoch : 493/500]
Total_loss	: 1.4965
Domain_loss	: 1.3850
Src_reg_loss	: 0.0345
-------------------------------------
[Epoch : 494/500]
Total_loss	: 1.4965
Domain_loss	: 1.3850
Src_reg_loss	: 0.0345
-------------------------------------
[Epoch : 495/500]
Total_loss	: 1.4964
Domain_loss	: 1.3850
Src_reg_loss	: 0.0345
-------------------------------------
[Epoch : 496/500]
Total_loss	: 1.4964
Domain_loss	: 1.3850
Src_reg_loss	: 0.0345
-------------------------------------
[Epoch : 497/500]
Total_loss	: 1.4964
Domain_loss	: 1.3850
Src_reg_loss	: 0.0345
-------------------------------------
[Epoch : 498/500]
Total_loss	: 1.4964
Domain_loss	: 1.3850
Src_reg_loss	: 0.0345
-------------------------------------
[Epoch : 499/500]
Total_loss	: 1.4964
Domain_loss	: 1.3850
Src_reg_loss	: 0.0345
-------------------------------------
[Epoch : 500/500]
Total_loss	: 1.4964
Domain_loss	: 1.3850
Src_reg_loss	: 0.0345
-------------------------------------
