=============================================
Dataset: Airbox
Method:  AirDA
=============================================
Source: 0 ---> Target: 4
=============================================
[Epoch : 1/500]
Total_loss	: 0.3279
MMD_loss	: 3.2804
Src_reg_loss	: 0.2951
-------------------------------------
[Epoch : 2/500]
Total_loss	: 0.3091
MMD_loss	: 3.2774
Src_reg_loss	: 0.2764
-------------------------------------
[Epoch : 3/500]
Total_loss	: 0.2906
MMD_loss	: 3.2672
Src_reg_loss	: 0.2580
-------------------------------------
[Epoch : 4/500]
Total_loss	: 0.2714
MMD_loss	: 3.2494
Src_reg_loss	: 0.2389
-------------------------------------
[Epoch : 5/500]
Total_loss	: 0.2512
MMD_loss	: 3.2232
Src_reg_loss	: 0.2190
-------------------------------------
[Epoch : 6/500]
Total_loss	: 0.2303
MMD_loss	: 3.1875
Src_reg_loss	: 0.1985
-------------------------------------
[Epoch : 7/500]
Total_loss	: 0.2097
MMD_loss	: 3.1421
Src_reg_loss	: 0.1783
-------------------------------------
[Epoch : 8/500]
Total_loss	: 0.1918
MMD_loss	: 3.0902
Src_reg_loss	: 0.1609
-------------------------------------
[Epoch : 9/500]
Total_loss	: 0.1782
MMD_loss	: 3.0400
Src_reg_loss	: 0.1478
-------------------------------------
[Epoch : 10/500]
Total_loss	: 0.1673
MMD_loss	: 2.9999
Src_reg_loss	: 0.1373
-------------------------------------
[Epoch : 11/500]
Total_loss	: 0.1582
MMD_loss	: 2.9708
Src_reg_loss	: 0.1285
-------------------------------------
[Epoch : 12/500]
Total_loss	: 0.1505
MMD_loss	: 2.9497
Src_reg_loss	: 0.1210
-------------------------------------
[Epoch : 13/500]
Total_loss	: 0.1440
MMD_loss	: 2.9329
Src_reg_loss	: 0.1147
-------------------------------------
[Epoch : 14/500]
Total_loss	: 0.1384
MMD_loss	: 2.9186
Src_reg_loss	: 0.1092
-------------------------------------
[Epoch : 15/500]
Total_loss	: 0.1335
MMD_loss	: 2.9059
Src_reg_loss	: 0.1044
-------------------------------------
[Epoch : 16/500]
Total_loss	: 0.1292
MMD_loss	: 2.8951
Src_reg_loss	: 0.1003
-------------------------------------
[Epoch : 17/500]
Total_loss	: 0.1254
MMD_loss	: 2.8864
Src_reg_loss	: 0.0966
-------------------------------------
[Epoch : 18/500]
Total_loss	: 0.1221
MMD_loss	: 2.8798
Src_reg_loss	: 0.0933
-------------------------------------
[Epoch : 19/500]
Total_loss	: 0.1190
MMD_loss	: 2.8752
Src_reg_loss	: 0.0903
-------------------------------------
[Epoch : 20/500]
Total_loss	: 0.1163
MMD_loss	: 2.8722
Src_reg_loss	: 0.0876
-------------------------------------
[Epoch : 21/500]
Total_loss	: 0.1139
MMD_loss	: 2.8707
Src_reg_loss	: 0.0852
-------------------------------------
[Epoch : 22/500]
Total_loss	: 0.1116
MMD_loss	: 2.8706
Src_reg_loss	: 0.0829
-------------------------------------
[Epoch : 23/500]
Total_loss	: 0.1096
MMD_loss	: 2.8720
Src_reg_loss	: 0.0809
-------------------------------------
[Epoch : 24/500]
Total_loss	: 0.1077
MMD_loss	: 2.8750
Src_reg_loss	: 0.0790
-------------------------------------
[Epoch : 25/500]
Total_loss	: 0.1060
MMD_loss	: 2.8796
Src_reg_loss	: 0.0772
-------------------------------------
[Epoch : 26/500]
Total_loss	: 0.1044
MMD_loss	: 2.8857
Src_reg_loss	: 0.0756
-------------------------------------
[Epoch : 27/500]
Total_loss	: 0.1030
MMD_loss	: 2.8934
Src_reg_loss	: 0.0741
-------------------------------------
[Epoch : 28/500]
Total_loss	: 0.1017
MMD_loss	: 2.9025
Src_reg_loss	: 0.0727
-------------------------------------
[Epoch : 29/500]
Total_loss	: 0.1004
MMD_loss	: 2.9129
Src_reg_loss	: 0.0713
-------------------------------------
[Epoch : 30/500]
Total_loss	: 0.0993
MMD_loss	: 2.9244
Src_reg_loss	: 0.0701
-------------------------------------
[Epoch : 31/500]
Total_loss	: 0.0983
MMD_loss	: 2.9368
Src_reg_loss	: 0.0689
-------------------------------------
[Epoch : 32/500]
Total_loss	: 0.0973
MMD_loss	: 2.9498
Src_reg_loss	: 0.0678
-------------------------------------
[Epoch : 33/500]
Total_loss	: 0.0963
MMD_loss	: 2.9630
Src_reg_loss	: 0.0667
-------------------------------------
[Epoch : 34/500]
Total_loss	: 0.0955
MMD_loss	: 2.9764
Src_reg_loss	: 0.0657
-------------------------------------
[Epoch : 35/500]
Total_loss	: 0.0946
MMD_loss	: 2.9897
Src_reg_loss	: 0.0647
-------------------------------------
[Epoch : 36/500]
Total_loss	: 0.0939
MMD_loss	: 3.0027
Src_reg_loss	: 0.0638
-------------------------------------
[Epoch : 37/500]
Total_loss	: 0.0931
MMD_loss	: 3.0153
Src_reg_loss	: 0.0630
-------------------------------------
[Epoch : 38/500]
Total_loss	: 0.0924
MMD_loss	: 3.0275
Src_reg_loss	: 0.0621
-------------------------------------
[Epoch : 39/500]
Total_loss	: 0.0917
MMD_loss	: 3.0391
Src_reg_loss	: 0.0613
-------------------------------------
[Epoch : 40/500]
Total_loss	: 0.0911
MMD_loss	: 3.0501
Src_reg_loss	: 0.0606
-------------------------------------
[Epoch : 41/500]
Total_loss	: 0.0904
MMD_loss	: 3.0605
Src_reg_loss	: 0.0598
-------------------------------------
[Epoch : 42/500]
Total_loss	: 0.0898
MMD_loss	: 3.0703
Src_reg_loss	: 0.0591
-------------------------------------
[Epoch : 43/500]
Total_loss	: 0.0892
MMD_loss	: 3.0796
Src_reg_loss	: 0.0584
-------------------------------------
[Epoch : 44/500]
Total_loss	: 0.0886
MMD_loss	: 3.0881
Src_reg_loss	: 0.0578
-------------------------------------
[Epoch : 45/500]
Total_loss	: 0.0881
MMD_loss	: 3.0961
Src_reg_loss	: 0.0571
-------------------------------------
[Epoch : 46/500]
Total_loss	: 0.0875
MMD_loss	: 3.1035
Src_reg_loss	: 0.0565
-------------------------------------
[Epoch : 47/500]
Total_loss	: 0.0870
MMD_loss	: 3.1104
Src_reg_loss	: 0.0559
-------------------------------------
[Epoch : 48/500]
Total_loss	: 0.0865
MMD_loss	: 3.1166
Src_reg_loss	: 0.0553
-------------------------------------
[Epoch : 49/500]
Total_loss	: 0.0860
MMD_loss	: 3.1223
Src_reg_loss	: 0.0548
-------------------------------------
[Epoch : 50/500]
Total_loss	: 0.0855
MMD_loss	: 3.1275
Src_reg_loss	: 0.0542
-------------------------------------
[Epoch : 51/500]
Total_loss	: 0.0850
MMD_loss	: 3.1321
Src_reg_loss	: 0.0537
-------------------------------------
[Epoch : 52/500]
Total_loss	: 0.0846
MMD_loss	: 3.1361
Src_reg_loss	: 0.0532
-------------------------------------
[Epoch : 53/500]
Total_loss	: 0.0841
MMD_loss	: 3.1397
Src_reg_loss	: 0.0527
-------------------------------------
[Epoch : 54/500]
Total_loss	: 0.0837
MMD_loss	: 3.1427
Src_reg_loss	: 0.0522
-------------------------------------
[Epoch : 55/500]
Total_loss	: 0.0832
MMD_loss	: 3.1452
Src_reg_loss	: 0.0518
-------------------------------------
[Epoch : 56/500]
Total_loss	: 0.0828
MMD_loss	: 3.1471
Src_reg_loss	: 0.0513
-------------------------------------
[Epoch : 57/500]
Total_loss	: 0.0824
MMD_loss	: 3.1485
Src_reg_loss	: 0.0509
-------------------------------------
[Epoch : 58/500]
Total_loss	: 0.0820
MMD_loss	: 3.1494
Src_reg_loss	: 0.0505
-------------------------------------
[Epoch : 59/500]
Total_loss	: 0.0816
MMD_loss	: 3.1498
Src_reg_loss	: 0.0501
-------------------------------------
[Epoch : 60/500]
Total_loss	: 0.0812
MMD_loss	: 3.1497
Src_reg_loss	: 0.0497
-------------------------------------
[Epoch : 61/500]
Total_loss	: 0.0808
MMD_loss	: 3.1491
Src_reg_loss	: 0.0493
-------------------------------------
[Epoch : 62/500]
Total_loss	: 0.0804
MMD_loss	: 3.1479
Src_reg_loss	: 0.0490
-------------------------------------
[Epoch : 63/500]
Total_loss	: 0.0801
MMD_loss	: 3.1463
Src_reg_loss	: 0.0486
-------------------------------------
[Epoch : 64/500]
Total_loss	: 0.0797
MMD_loss	: 3.1442
Src_reg_loss	: 0.0483
-------------------------------------
[Epoch : 65/500]
Total_loss	: 0.0793
MMD_loss	: 3.1417
Src_reg_loss	: 0.0479
-------------------------------------
[Epoch : 66/500]
Total_loss	: 0.0790
MMD_loss	: 3.1387
Src_reg_loss	: 0.0476
-------------------------------------
[Epoch : 67/500]
Total_loss	: 0.0786
MMD_loss	: 3.1353
Src_reg_loss	: 0.0473
-------------------------------------
[Epoch : 68/500]
Total_loss	: 0.0783
MMD_loss	: 3.1314
Src_reg_loss	: 0.0469
-------------------------------------
[Epoch : 69/500]
Total_loss	: 0.0779
MMD_loss	: 3.1271
Src_reg_loss	: 0.0466
-------------------------------------
[Epoch : 70/500]
Total_loss	: 0.0776
MMD_loss	: 3.1225
Src_reg_loss	: 0.0463
-------------------------------------
[Epoch : 71/500]
Total_loss	: 0.0772
MMD_loss	: 3.1174
Src_reg_loss	: 0.0461
-------------------------------------
[Epoch : 72/500]
Total_loss	: 0.0769
MMD_loss	: 3.1120
Src_reg_loss	: 0.0458
-------------------------------------
[Epoch : 73/500]
Total_loss	: 0.0766
MMD_loss	: 3.1063
Src_reg_loss	: 0.0455
-------------------------------------
[Epoch : 74/500]
Total_loss	: 0.0762
MMD_loss	: 3.1002
Src_reg_loss	: 0.0452
-------------------------------------
[Epoch : 75/500]
Total_loss	: 0.0759
MMD_loss	: 3.0938
Src_reg_loss	: 0.0450
-------------------------------------
[Epoch : 76/500]
Total_loss	: 0.0756
MMD_loss	: 3.0871
Src_reg_loss	: 0.0447
-------------------------------------
[Epoch : 77/500]
Total_loss	: 0.0752
MMD_loss	: 3.0800
Src_reg_loss	: 0.0444
-------------------------------------
[Epoch : 78/500]
Total_loss	: 0.0749
MMD_loss	: 3.0727
Src_reg_loss	: 0.0442
-------------------------------------
[Epoch : 79/500]
Total_loss	: 0.0746
MMD_loss	: 3.0651
Src_reg_loss	: 0.0439
-------------------------------------
[Epoch : 80/500]
Total_loss	: 0.0743
MMD_loss	: 3.0573
Src_reg_loss	: 0.0437
-------------------------------------
[Epoch : 81/500]
Total_loss	: 0.0740
MMD_loss	: 3.0492
Src_reg_loss	: 0.0435
-------------------------------------
[Epoch : 82/500]
Total_loss	: 0.0736
MMD_loss	: 3.0408
Src_reg_loss	: 0.0432
-------------------------------------
[Epoch : 83/500]
Total_loss	: 0.0733
MMD_loss	: 3.0323
Src_reg_loss	: 0.0430
-------------------------------------
[Epoch : 84/500]
Total_loss	: 0.0730
MMD_loss	: 3.0235
Src_reg_loss	: 0.0428
-------------------------------------
[Epoch : 85/500]
Total_loss	: 0.0727
MMD_loss	: 3.0145
Src_reg_loss	: 0.0426
-------------------------------------
[Epoch : 86/500]
Total_loss	: 0.0724
MMD_loss	: 3.0053
Src_reg_loss	: 0.0424
-------------------------------------
[Epoch : 87/500]
Total_loss	: 0.0721
MMD_loss	: 2.9959
Src_reg_loss	: 0.0422
-------------------------------------
[Epoch : 88/500]
Total_loss	: 0.0718
MMD_loss	: 2.9864
Src_reg_loss	: 0.0419
-------------------------------------
[Epoch : 89/500]
Total_loss	: 0.0715
MMD_loss	: 2.9767
Src_reg_loss	: 0.0417
-------------------------------------
[Epoch : 90/500]
Total_loss	: 0.0712
MMD_loss	: 2.9668
Src_reg_loss	: 0.0415
-------------------------------------
[Epoch : 91/500]
Total_loss	: 0.0709
MMD_loss	: 2.9568
Src_reg_loss	: 0.0413
-------------------------------------
[Epoch : 92/500]
Total_loss	: 0.0706
MMD_loss	: 2.9467
Src_reg_loss	: 0.0412
-------------------------------------
[Epoch : 93/500]
Total_loss	: 0.0703
MMD_loss	: 2.9364
Src_reg_loss	: 0.0410
-------------------------------------
[Epoch : 94/500]
Total_loss	: 0.0700
MMD_loss	: 2.9261
Src_reg_loss	: 0.0408
-------------------------------------
[Epoch : 95/500]
Total_loss	: 0.0697
MMD_loss	: 2.9156
Src_reg_loss	: 0.0406
-------------------------------------
[Epoch : 96/500]
Total_loss	: 0.0695
MMD_loss	: 2.9050
Src_reg_loss	: 0.0404
-------------------------------------
[Epoch : 97/500]
Total_loss	: 0.0692
MMD_loss	: 2.8944
Src_reg_loss	: 0.0402
-------------------------------------
[Epoch : 98/500]
Total_loss	: 0.0689
MMD_loss	: 2.8837
Src_reg_loss	: 0.0401
-------------------------------------
[Epoch : 99/500]
Total_loss	: 0.0686
MMD_loss	: 2.8729
Src_reg_loss	: 0.0399
-------------------------------------
[Epoch : 100/500]
Total_loss	: 0.0683
MMD_loss	: 2.8621
Src_reg_loss	: 0.0397
-------------------------------------
[Epoch : 101/500]
Total_loss	: 0.0680
MMD_loss	: 2.8512
Src_reg_loss	: 0.0395
-------------------------------------
[Epoch : 102/500]
Total_loss	: 0.0678
MMD_loss	: 2.8403
Src_reg_loss	: 0.0394
-------------------------------------
[Epoch : 103/500]
Total_loss	: 0.0675
MMD_loss	: 2.8294
Src_reg_loss	: 0.0392
-------------------------------------
[Epoch : 104/500]
Total_loss	: 0.0672
MMD_loss	: 2.8185
Src_reg_loss	: 0.0390
-------------------------------------
[Epoch : 105/500]
Total_loss	: 0.0670
MMD_loss	: 2.8075
Src_reg_loss	: 0.0389
-------------------------------------
[Epoch : 106/500]
Total_loss	: 0.0667
MMD_loss	: 2.7966
Src_reg_loss	: 0.0387
-------------------------------------
[Epoch : 107/500]
Total_loss	: 0.0664
MMD_loss	: 2.7856
Src_reg_loss	: 0.0386
-------------------------------------
[Epoch : 108/500]
Total_loss	: 0.0661
MMD_loss	: 2.7747
Src_reg_loss	: 0.0384
-------------------------------------
[Epoch : 109/500]
Total_loss	: 0.0659
MMD_loss	: 2.7638
Src_reg_loss	: 0.0382
-------------------------------------
[Epoch : 110/500]
Total_loss	: 0.0656
MMD_loss	: 2.7530
Src_reg_loss	: 0.0381
-------------------------------------
[Epoch : 111/500]
Total_loss	: 0.0654
MMD_loss	: 2.7422
Src_reg_loss	: 0.0379
-------------------------------------
[Epoch : 112/500]
Total_loss	: 0.0651
MMD_loss	: 2.7315
Src_reg_loss	: 0.0378
-------------------------------------
[Epoch : 113/500]
Total_loss	: 0.0649
MMD_loss	: 2.7208
Src_reg_loss	: 0.0376
-------------------------------------
[Epoch : 114/500]
Total_loss	: 0.0646
MMD_loss	: 2.7103
Src_reg_loss	: 0.0375
-------------------------------------
[Epoch : 115/500]
Total_loss	: 0.0644
MMD_loss	: 2.6998
Src_reg_loss	: 0.0374
-------------------------------------
[Epoch : 116/500]
Total_loss	: 0.0641
MMD_loss	: 2.6894
Src_reg_loss	: 0.0372
-------------------------------------
[Epoch : 117/500]
Total_loss	: 0.0639
MMD_loss	: 2.6791
Src_reg_loss	: 0.0371
-------------------------------------
[Epoch : 118/500]
Total_loss	: 0.0636
MMD_loss	: 2.6689
Src_reg_loss	: 0.0369
-------------------------------------
[Epoch : 119/500]
Total_loss	: 0.0634
MMD_loss	: 2.6589
Src_reg_loss	: 0.0368
-------------------------------------
[Epoch : 120/500]
Total_loss	: 0.0631
MMD_loss	: 2.6489
Src_reg_loss	: 0.0367
-------------------------------------
[Epoch : 121/500]
Total_loss	: 0.0629
MMD_loss	: 2.6391
Src_reg_loss	: 0.0365
-------------------------------------
[Epoch : 122/500]
Total_loss	: 0.0627
MMD_loss	: 2.6295
Src_reg_loss	: 0.0364
-------------------------------------
[Epoch : 123/500]
Total_loss	: 0.0624
MMD_loss	: 2.6199
Src_reg_loss	: 0.0362
-------------------------------------
[Epoch : 124/500]
Total_loss	: 0.0622
MMD_loss	: 2.6105
Src_reg_loss	: 0.0361
-------------------------------------
[Epoch : 125/500]
Total_loss	: 0.0620
MMD_loss	: 2.6013
Src_reg_loss	: 0.0360
-------------------------------------
[Epoch : 126/500]
Total_loss	: 0.0618
MMD_loss	: 2.5922
Src_reg_loss	: 0.0359
-------------------------------------
[Epoch : 127/500]
Total_loss	: 0.0616
MMD_loss	: 2.5832
Src_reg_loss	: 0.0357
-------------------------------------
[Epoch : 128/500]
Total_loss	: 0.0613
MMD_loss	: 2.5744
Src_reg_loss	: 0.0356
-------------------------------------
[Epoch : 129/500]
Total_loss	: 0.0611
MMD_loss	: 2.5658
Src_reg_loss	: 0.0355
-------------------------------------
[Epoch : 130/500]
Total_loss	: 0.0609
MMD_loss	: 2.5573
Src_reg_loss	: 0.0353
-------------------------------------
[Epoch : 131/500]
Total_loss	: 0.0607
MMD_loss	: 2.5490
Src_reg_loss	: 0.0352
-------------------------------------
[Epoch : 132/500]
Total_loss	: 0.0605
MMD_loss	: 2.5409
Src_reg_loss	: 0.0351
-------------------------------------
[Epoch : 133/500]
Total_loss	: 0.0603
MMD_loss	: 2.5329
Src_reg_loss	: 0.0350
-------------------------------------
[Epoch : 134/500]
Total_loss	: 0.0601
MMD_loss	: 2.5251
Src_reg_loss	: 0.0349
-------------------------------------
[Epoch : 135/500]
Total_loss	: 0.0599
MMD_loss	: 2.5175
Src_reg_loss	: 0.0347
-------------------------------------
[Epoch : 136/500]
Total_loss	: 0.0597
MMD_loss	: 2.5100
Src_reg_loss	: 0.0346
-------------------------------------
[Epoch : 137/500]
Total_loss	: 0.0595
MMD_loss	: 2.5027
Src_reg_loss	: 0.0345
-------------------------------------
[Epoch : 138/500]
Total_loss	: 0.0593
MMD_loss	: 2.4956
Src_reg_loss	: 0.0344
-------------------------------------
[Epoch : 139/500]
Total_loss	: 0.0592
MMD_loss	: 2.4886
Src_reg_loss	: 0.0343
-------------------------------------
[Epoch : 140/500]
Total_loss	: 0.0590
MMD_loss	: 2.4818
Src_reg_loss	: 0.0342
-------------------------------------
[Epoch : 141/500]
Total_loss	: 0.0588
MMD_loss	: 2.4752
Src_reg_loss	: 0.0340
-------------------------------------
[Epoch : 142/500]
Total_loss	: 0.0586
MMD_loss	: 2.4687
Src_reg_loss	: 0.0339
-------------------------------------
[Epoch : 143/500]
Total_loss	: 0.0584
MMD_loss	: 2.4624
Src_reg_loss	: 0.0338
-------------------------------------
[Epoch : 144/500]
Total_loss	: 0.0583
MMD_loss	: 2.4562
Src_reg_loss	: 0.0337
-------------------------------------
[Epoch : 145/500]
Total_loss	: 0.0581
MMD_loss	: 2.4502
Src_reg_loss	: 0.0336
-------------------------------------
[Epoch : 146/500]
Total_loss	: 0.0579
MMD_loss	: 2.4444
Src_reg_loss	: 0.0335
-------------------------------------
[Epoch : 147/500]
Total_loss	: 0.0578
MMD_loss	: 2.4387
Src_reg_loss	: 0.0334
-------------------------------------
[Epoch : 148/500]
Total_loss	: 0.0576
MMD_loss	: 2.4331
Src_reg_loss	: 0.0333
-------------------------------------
[Epoch : 149/500]
Total_loss	: 0.0575
MMD_loss	: 2.4277
Src_reg_loss	: 0.0332
-------------------------------------
[Epoch : 150/500]
Total_loss	: 0.0573
MMD_loss	: 2.4225
Src_reg_loss	: 0.0331
-------------------------------------
[Epoch : 151/500]
Total_loss	: 0.0571
MMD_loss	: 2.4173
Src_reg_loss	: 0.0330
-------------------------------------
[Epoch : 152/500]
Total_loss	: 0.0570
MMD_loss	: 2.4123
Src_reg_loss	: 0.0329
-------------------------------------
[Epoch : 153/500]
Total_loss	: 0.0568
MMD_loss	: 2.4075
Src_reg_loss	: 0.0328
-------------------------------------
[Epoch : 154/500]
Total_loss	: 0.0567
MMD_loss	: 2.4027
Src_reg_loss	: 0.0327
-------------------------------------
[Epoch : 155/500]
Total_loss	: 0.0566
MMD_loss	: 2.3981
Src_reg_loss	: 0.0326
-------------------------------------
[Epoch : 156/500]
Total_loss	: 0.0564
MMD_loss	: 2.3936
Src_reg_loss	: 0.0325
-------------------------------------
[Epoch : 157/500]
Total_loss	: 0.0563
MMD_loss	: 2.3892
Src_reg_loss	: 0.0324
-------------------------------------
[Epoch : 158/500]
Total_loss	: 0.0561
MMD_loss	: 2.3850
Src_reg_loss	: 0.0323
-------------------------------------
[Epoch : 159/500]
Total_loss	: 0.0560
MMD_loss	: 2.3809
Src_reg_loss	: 0.0322
-------------------------------------
[Epoch : 160/500]
Total_loss	: 0.0559
MMD_loss	: 2.3768
Src_reg_loss	: 0.0321
-------------------------------------
[Epoch : 161/500]
Total_loss	: 0.0557
MMD_loss	: 2.3729
Src_reg_loss	: 0.0320
-------------------------------------
[Epoch : 162/500]
Total_loss	: 0.0556
MMD_loss	: 2.3691
Src_reg_loss	: 0.0319
-------------------------------------
[Epoch : 163/500]
Total_loss	: 0.0555
MMD_loss	: 2.3654
Src_reg_loss	: 0.0318
-------------------------------------
[Epoch : 164/500]
Total_loss	: 0.0553
MMD_loss	: 2.3618
Src_reg_loss	: 0.0317
-------------------------------------
[Epoch : 165/500]
Total_loss	: 0.0552
MMD_loss	: 2.3583
Src_reg_loss	: 0.0316
-------------------------------------
[Epoch : 166/500]
Total_loss	: 0.0551
MMD_loss	: 2.3549
Src_reg_loss	: 0.0315
-------------------------------------
[Epoch : 167/500]
Total_loss	: 0.0550
MMD_loss	: 2.3516
Src_reg_loss	: 0.0315
-------------------------------------
[Epoch : 168/500]
Total_loss	: 0.0549
MMD_loss	: 2.3483
Src_reg_loss	: 0.0314
-------------------------------------
[Epoch : 169/500]
Total_loss	: 0.0547
MMD_loss	: 2.3452
Src_reg_loss	: 0.0313
-------------------------------------
[Epoch : 170/500]
Total_loss	: 0.0546
MMD_loss	: 2.3421
Src_reg_loss	: 0.0312
-------------------------------------
[Epoch : 171/500]
Total_loss	: 0.0545
MMD_loss	: 2.3391
Src_reg_loss	: 0.0311
-------------------------------------
[Epoch : 172/500]
Total_loss	: 0.0544
MMD_loss	: 2.3362
Src_reg_loss	: 0.0310
-------------------------------------
[Epoch : 173/500]
Total_loss	: 0.0543
MMD_loss	: 2.3334
Src_reg_loss	: 0.0309
-------------------------------------
[Epoch : 174/500]
Total_loss	: 0.0542
MMD_loss	: 2.3306
Src_reg_loss	: 0.0309
-------------------------------------
[Epoch : 175/500]
Total_loss	: 0.0541
MMD_loss	: 2.3279
Src_reg_loss	: 0.0308
-------------------------------------
[Epoch : 176/500]
Total_loss	: 0.0539
MMD_loss	: 2.3253
Src_reg_loss	: 0.0307
-------------------------------------
[Epoch : 177/500]
Total_loss	: 0.0538
MMD_loss	: 2.3228
Src_reg_loss	: 0.0306
-------------------------------------
[Epoch : 178/500]
Total_loss	: 0.0537
MMD_loss	: 2.3203
Src_reg_loss	: 0.0305
-------------------------------------
[Epoch : 179/500]
Total_loss	: 0.0536
MMD_loss	: 2.3179
Src_reg_loss	: 0.0304
-------------------------------------
[Epoch : 180/500]
Total_loss	: 0.0535
MMD_loss	: 2.3156
Src_reg_loss	: 0.0304
-------------------------------------
[Epoch : 181/500]
Total_loss	: 0.0534
MMD_loss	: 2.3133
Src_reg_loss	: 0.0303
-------------------------------------
[Epoch : 182/500]
Total_loss	: 0.0533
MMD_loss	: 2.3111
Src_reg_loss	: 0.0302
-------------------------------------
[Epoch : 183/500]
Total_loss	: 0.0532
MMD_loss	: 2.3089
Src_reg_loss	: 0.0301
-------------------------------------
[Epoch : 184/500]
Total_loss	: 0.0531
MMD_loss	: 2.3068
Src_reg_loss	: 0.0301
-------------------------------------
[Epoch : 185/500]
Total_loss	: 0.0530
MMD_loss	: 2.3047
Src_reg_loss	: 0.0300
-------------------------------------
[Epoch : 186/500]
Total_loss	: 0.0529
MMD_loss	: 2.3027
Src_reg_loss	: 0.0299
-------------------------------------
[Epoch : 187/500]
Total_loss	: 0.0528
MMD_loss	: 2.3008
Src_reg_loss	: 0.0298
-------------------------------------
[Epoch : 188/500]
Total_loss	: 0.0527
MMD_loss	: 2.2989
Src_reg_loss	: 0.0298
-------------------------------------
[Epoch : 189/500]
Total_loss	: 0.0527
MMD_loss	: 2.2970
Src_reg_loss	: 0.0297
-------------------------------------
[Epoch : 190/500]
Total_loss	: 0.0526
MMD_loss	: 2.2952
Src_reg_loss	: 0.0296
-------------------------------------
[Epoch : 191/500]
Total_loss	: 0.0525
MMD_loss	: 2.2935
Src_reg_loss	: 0.0295
-------------------------------------
[Epoch : 192/500]
Total_loss	: 0.0524
MMD_loss	: 2.2918
Src_reg_loss	: 0.0295
-------------------------------------
[Epoch : 193/500]
Total_loss	: 0.0523
MMD_loss	: 2.2901
Src_reg_loss	: 0.0294
-------------------------------------
[Epoch : 194/500]
Total_loss	: 0.0522
MMD_loss	: 2.2885
Src_reg_loss	: 0.0293
-------------------------------------
[Epoch : 195/500]
Total_loss	: 0.0521
MMD_loss	: 2.2869
Src_reg_loss	: 0.0293
-------------------------------------
[Epoch : 196/500]
Total_loss	: 0.0520
MMD_loss	: 2.2853
Src_reg_loss	: 0.0292
-------------------------------------
[Epoch : 197/500]
Total_loss	: 0.0520
MMD_loss	: 2.2838
Src_reg_loss	: 0.0291
-------------------------------------
[Epoch : 198/500]
Total_loss	: 0.0519
MMD_loss	: 2.2824
Src_reg_loss	: 0.0290
-------------------------------------
[Epoch : 199/500]
Total_loss	: 0.0518
MMD_loss	: 2.2809
Src_reg_loss	: 0.0290
-------------------------------------
[Epoch : 200/500]
Total_loss	: 0.0517
MMD_loss	: 2.2796
Src_reg_loss	: 0.0289
-------------------------------------
[Epoch : 201/500]
Total_loss	: 0.0516
MMD_loss	: 2.2782
Src_reg_loss	: 0.0288
-------------------------------------
[Epoch : 202/500]
Total_loss	: 0.0515
MMD_loss	: 2.2769
Src_reg_loss	: 0.0288
-------------------------------------
[Epoch : 203/500]
Total_loss	: 0.0515
MMD_loss	: 2.2756
Src_reg_loss	: 0.0287
-------------------------------------
[Epoch : 204/500]
Total_loss	: 0.0514
MMD_loss	: 2.2743
Src_reg_loss	: 0.0286
-------------------------------------
[Epoch : 205/500]
Total_loss	: 0.0513
MMD_loss	: 2.2731
Src_reg_loss	: 0.0286
-------------------------------------
[Epoch : 206/500]
Total_loss	: 0.0512
MMD_loss	: 2.2719
Src_reg_loss	: 0.0285
-------------------------------------
[Epoch : 207/500]
Total_loss	: 0.0512
MMD_loss	: 2.2707
Src_reg_loss	: 0.0284
-------------------------------------
[Epoch : 208/500]
Total_loss	: 0.0511
MMD_loss	: 2.2696
Src_reg_loss	: 0.0284
-------------------------------------
[Epoch : 209/500]
Total_loss	: 0.0510
MMD_loss	: 2.2684
Src_reg_loss	: 0.0283
-------------------------------------
[Epoch : 210/500]
Total_loss	: 0.0509
MMD_loss	: 2.2673
Src_reg_loss	: 0.0283
-------------------------------------
[Epoch : 211/500]
Total_loss	: 0.0509
MMD_loss	: 2.2663
Src_reg_loss	: 0.0282
-------------------------------------
[Epoch : 212/500]
Total_loss	: 0.0508
MMD_loss	: 2.2652
Src_reg_loss	: 0.0281
-------------------------------------
[Epoch : 213/500]
Total_loss	: 0.0507
MMD_loss	: 2.2642
Src_reg_loss	: 0.0281
-------------------------------------
[Epoch : 214/500]
Total_loss	: 0.0506
MMD_loss	: 2.2632
Src_reg_loss	: 0.0280
-------------------------------------
[Epoch : 215/500]
Total_loss	: 0.0506
MMD_loss	: 2.2622
Src_reg_loss	: 0.0279
-------------------------------------
[Epoch : 216/500]
Total_loss	: 0.0505
MMD_loss	: 2.2612
Src_reg_loss	: 0.0279
-------------------------------------
[Epoch : 217/500]
Total_loss	: 0.0504
MMD_loss	: 2.2603
Src_reg_loss	: 0.0278
-------------------------------------
[Epoch : 218/500]
Total_loss	: 0.0504
MMD_loss	: 2.2594
Src_reg_loss	: 0.0278
-------------------------------------
[Epoch : 219/500]
Total_loss	: 0.0503
MMD_loss	: 2.2585
Src_reg_loss	: 0.0277
-------------------------------------
[Epoch : 220/500]
Total_loss	: 0.0502
MMD_loss	: 2.2576
Src_reg_loss	: 0.0276
-------------------------------------
[Epoch : 221/500]
Total_loss	: 0.0502
MMD_loss	: 2.2567
Src_reg_loss	: 0.0276
-------------------------------------
[Epoch : 222/500]
Total_loss	: 0.0501
MMD_loss	: 2.2559
Src_reg_loss	: 0.0275
-------------------------------------
[Epoch : 223/500]
Total_loss	: 0.0500
MMD_loss	: 2.2550
Src_reg_loss	: 0.0275
-------------------------------------
[Epoch : 224/500]
Total_loss	: 0.0500
MMD_loss	: 2.2542
Src_reg_loss	: 0.0274
-------------------------------------
[Epoch : 225/500]
Total_loss	: 0.0499
MMD_loss	: 2.2534
Src_reg_loss	: 0.0274
-------------------------------------
[Epoch : 226/500]
Total_loss	: 0.0498
MMD_loss	: 2.2526
Src_reg_loss	: 0.0273
-------------------------------------
[Epoch : 227/500]
Total_loss	: 0.0498
MMD_loss	: 2.2518
Src_reg_loss	: 0.0272
-------------------------------------
[Epoch : 228/500]
Total_loss	: 0.0497
MMD_loss	: 2.2510
Src_reg_loss	: 0.0272
-------------------------------------
[Epoch : 229/500]
Total_loss	: 0.0496
MMD_loss	: 2.2502
Src_reg_loss	: 0.0271
-------------------------------------
[Epoch : 230/500]
Total_loss	: 0.0496
MMD_loss	: 2.2495
Src_reg_loss	: 0.0271
-------------------------------------
[Epoch : 231/500]
Total_loss	: 0.0495
MMD_loss	: 2.2487
Src_reg_loss	: 0.0270
-------------------------------------
[Epoch : 232/500]
Total_loss	: 0.0494
MMD_loss	: 2.2480
Src_reg_loss	: 0.0270
-------------------------------------
[Epoch : 233/500]
Total_loss	: 0.0494
MMD_loss	: 2.2473
Src_reg_loss	: 0.0269
-------------------------------------
[Epoch : 234/500]
Total_loss	: 0.0493
MMD_loss	: 2.2466
Src_reg_loss	: 0.0268
-------------------------------------
[Epoch : 235/500]
Total_loss	: 0.0493
MMD_loss	: 2.2458
Src_reg_loss	: 0.0268
-------------------------------------
[Epoch : 236/500]
Total_loss	: 0.0492
MMD_loss	: 2.2451
Src_reg_loss	: 0.0267
-------------------------------------
[Epoch : 237/500]
Total_loss	: 0.0491
MMD_loss	: 2.2444
Src_reg_loss	: 0.0267
-------------------------------------
[Epoch : 238/500]
Total_loss	: 0.0491
MMD_loss	: 2.2437
Src_reg_loss	: 0.0266
-------------------------------------
[Epoch : 239/500]
Total_loss	: 0.0490
MMD_loss	: 2.2430
Src_reg_loss	: 0.0266
-------------------------------------
[Epoch : 240/500]
Total_loss	: 0.0490
MMD_loss	: 2.2423
Src_reg_loss	: 0.0265
-------------------------------------
[Epoch : 241/500]
Total_loss	: 0.0489
MMD_loss	: 2.2417
Src_reg_loss	: 0.0265
-------------------------------------
[Epoch : 242/500]
Total_loss	: 0.0488
MMD_loss	: 2.2410
Src_reg_loss	: 0.0264
-------------------------------------
[Epoch : 243/500]
Total_loss	: 0.0488
MMD_loss	: 2.2403
Src_reg_loss	: 0.0264
-------------------------------------
[Epoch : 244/500]
Total_loss	: 0.0487
MMD_loss	: 2.2396
Src_reg_loss	: 0.0263
-------------------------------------
[Epoch : 245/500]
Total_loss	: 0.0487
MMD_loss	: 2.2390
Src_reg_loss	: 0.0263
-------------------------------------
[Epoch : 246/500]
Total_loss	: 0.0486
MMD_loss	: 2.2383
Src_reg_loss	: 0.0262
-------------------------------------
[Epoch : 247/500]
Total_loss	: 0.0485
MMD_loss	: 2.2376
Src_reg_loss	: 0.0262
-------------------------------------
[Epoch : 248/500]
Total_loss	: 0.0485
MMD_loss	: 2.2369
Src_reg_loss	: 0.0261
-------------------------------------
[Epoch : 249/500]
Total_loss	: 0.0484
MMD_loss	: 2.2363
Src_reg_loss	: 0.0261
-------------------------------------
[Epoch : 250/500]
Total_loss	: 0.0484
MMD_loss	: 2.2356
Src_reg_loss	: 0.0260
-------------------------------------
[Epoch : 251/500]
Total_loss	: 0.0483
MMD_loss	: 2.2349
Src_reg_loss	: 0.0260
-------------------------------------
[Epoch : 252/500]
Total_loss	: 0.0483
MMD_loss	: 2.2343
Src_reg_loss	: 0.0259
-------------------------------------
[Epoch : 253/500]
Total_loss	: 0.0482
MMD_loss	: 2.2336
Src_reg_loss	: 0.0259
-------------------------------------
[Epoch : 254/500]
Total_loss	: 0.0481
MMD_loss	: 2.2329
Src_reg_loss	: 0.0258
-------------------------------------
[Epoch : 255/500]
Total_loss	: 0.0481
MMD_loss	: 2.2323
Src_reg_loss	: 0.0258
-------------------------------------
[Epoch : 256/500]
Total_loss	: 0.0480
MMD_loss	: 2.2316
Src_reg_loss	: 0.0257
-------------------------------------
[Epoch : 257/500]
Total_loss	: 0.0480
MMD_loss	: 2.2309
Src_reg_loss	: 0.0257
-------------------------------------
[Epoch : 258/500]
Total_loss	: 0.0479
MMD_loss	: 2.2303
Src_reg_loss	: 0.0256
-------------------------------------
[Epoch : 259/500]
Total_loss	: 0.0479
MMD_loss	: 2.2296
Src_reg_loss	: 0.0256
-------------------------------------
[Epoch : 260/500]
Total_loss	: 0.0478
MMD_loss	: 2.2289
Src_reg_loss	: 0.0255
-------------------------------------
[Epoch : 261/500]
Total_loss	: 0.0478
MMD_loss	: 2.2282
Src_reg_loss	: 0.0255
-------------------------------------
[Epoch : 262/500]
Total_loss	: 0.0477
MMD_loss	: 2.2276
Src_reg_loss	: 0.0254
-------------------------------------
[Epoch : 263/500]
Total_loss	: 0.0477
MMD_loss	: 2.2269
Src_reg_loss	: 0.0254
-------------------------------------
[Epoch : 264/500]
Total_loss	: 0.0476
MMD_loss	: 2.2262
Src_reg_loss	: 0.0253
-------------------------------------
[Epoch : 265/500]
Total_loss	: 0.0476
MMD_loss	: 2.2255
Src_reg_loss	: 0.0253
-------------------------------------
[Epoch : 266/500]
Total_loss	: 0.0475
MMD_loss	: 2.2248
Src_reg_loss	: 0.0253
-------------------------------------
[Epoch : 267/500]
Total_loss	: 0.0474
MMD_loss	: 2.2241
Src_reg_loss	: 0.0252
-------------------------------------
[Epoch : 268/500]
Total_loss	: 0.0474
MMD_loss	: 2.2234
Src_reg_loss	: 0.0252
-------------------------------------
[Epoch : 269/500]
Total_loss	: 0.0473
MMD_loss	: 2.2227
Src_reg_loss	: 0.0251
-------------------------------------
[Epoch : 270/500]
Total_loss	: 0.0473
MMD_loss	: 2.2219
Src_reg_loss	: 0.0251
-------------------------------------
[Epoch : 271/500]
Total_loss	: 0.0472
MMD_loss	: 2.2212
Src_reg_loss	: 0.0250
-------------------------------------
[Epoch : 272/500]
Total_loss	: 0.0472
MMD_loss	: 2.2205
Src_reg_loss	: 0.0250
-------------------------------------
[Epoch : 273/500]
Total_loss	: 0.0471
MMD_loss	: 2.2197
Src_reg_loss	: 0.0249
-------------------------------------
[Epoch : 274/500]
Total_loss	: 0.0471
MMD_loss	: 2.2190
Src_reg_loss	: 0.0249
-------------------------------------
[Epoch : 275/500]
Total_loss	: 0.0470
MMD_loss	: 2.2182
Src_reg_loss	: 0.0248
-------------------------------------
[Epoch : 276/500]
Total_loss	: 0.0470
MMD_loss	: 2.2175
Src_reg_loss	: 0.0248
-------------------------------------
[Epoch : 277/500]
Total_loss	: 0.0469
MMD_loss	: 2.2167
Src_reg_loss	: 0.0248
-------------------------------------
[Epoch : 278/500]
Total_loss	: 0.0469
MMD_loss	: 2.2160
Src_reg_loss	: 0.0247
-------------------------------------
[Epoch : 279/500]
Total_loss	: 0.0468
MMD_loss	: 2.2152
Src_reg_loss	: 0.0247
-------------------------------------
[Epoch : 280/500]
Total_loss	: 0.0468
MMD_loss	: 2.2144
Src_reg_loss	: 0.0246
-------------------------------------
[Epoch : 281/500]
Total_loss	: 0.0467
MMD_loss	: 2.2136
Src_reg_loss	: 0.0246
-------------------------------------
[Epoch : 282/500]
Total_loss	: 0.0467
MMD_loss	: 2.2128
Src_reg_loss	: 0.0245
-------------------------------------
[Epoch : 283/500]
Total_loss	: 0.0466
MMD_loss	: 2.2120
Src_reg_loss	: 0.0245
-------------------------------------
[Epoch : 284/500]
Total_loss	: 0.0466
MMD_loss	: 2.2112
Src_reg_loss	: 0.0245
-------------------------------------
[Epoch : 285/500]
Total_loss	: 0.0465
MMD_loss	: 2.2104
Src_reg_loss	: 0.0244
-------------------------------------
[Epoch : 286/500]
Total_loss	: 0.0465
MMD_loss	: 2.2095
Src_reg_loss	: 0.0244
-------------------------------------
[Epoch : 287/500]
Total_loss	: 0.0464
MMD_loss	: 2.2087
Src_reg_loss	: 0.0243
-------------------------------------
[Epoch : 288/500]
Total_loss	: 0.0464
MMD_loss	: 2.2079
Src_reg_loss	: 0.0243
-------------------------------------
[Epoch : 289/500]
Total_loss	: 0.0463
MMD_loss	: 2.2070
Src_reg_loss	: 0.0242
-------------------------------------
[Epoch : 290/500]
Total_loss	: 0.0463
MMD_loss	: 2.2062
Src_reg_loss	: 0.0242
-------------------------------------
[Epoch : 291/500]
Total_loss	: 0.0462
MMD_loss	: 2.2053
Src_reg_loss	: 0.0242
-------------------------------------
[Epoch : 292/500]
Total_loss	: 0.0462
MMD_loss	: 2.2044
Src_reg_loss	: 0.0241
-------------------------------------
[Epoch : 293/500]
Total_loss	: 0.0461
MMD_loss	: 2.2036
Src_reg_loss	: 0.0241
-------------------------------------
[Epoch : 294/500]
Total_loss	: 0.0461
MMD_loss	: 2.2027
Src_reg_loss	: 0.0240
-------------------------------------
[Epoch : 295/500]
Total_loss	: 0.0460
MMD_loss	: 2.2018
Src_reg_loss	: 0.0240
-------------------------------------
[Epoch : 296/500]
Total_loss	: 0.0460
MMD_loss	: 2.2009
Src_reg_loss	: 0.0240
-------------------------------------
[Epoch : 297/500]
Total_loss	: 0.0459
MMD_loss	: 2.2000
Src_reg_loss	: 0.0239
-------------------------------------
[Epoch : 298/500]
Total_loss	: 0.0459
MMD_loss	: 2.1991
Src_reg_loss	: 0.0239
-------------------------------------
[Epoch : 299/500]
Total_loss	: 0.0458
MMD_loss	: 2.1981
Src_reg_loss	: 0.0238
-------------------------------------
[Epoch : 300/500]
Total_loss	: 0.0458
MMD_loss	: 2.1972
Src_reg_loss	: 0.0238
-------------------------------------
[Epoch : 301/500]
Total_loss	: 0.0457
MMD_loss	: 2.1963
Src_reg_loss	: 0.0238
-------------------------------------
[Epoch : 302/500]
Total_loss	: 0.0457
MMD_loss	: 2.1953
Src_reg_loss	: 0.0237
-------------------------------------
[Epoch : 303/500]
Total_loss	: 0.0456
MMD_loss	: 2.1944
Src_reg_loss	: 0.0237
-------------------------------------
[Epoch : 304/500]
Total_loss	: 0.0456
MMD_loss	: 2.1934
Src_reg_loss	: 0.0236
-------------------------------------
[Epoch : 305/500]
Total_loss	: 0.0455
MMD_loss	: 2.1925
Src_reg_loss	: 0.0236
-------------------------------------
[Epoch : 306/500]
Total_loss	: 0.0455
MMD_loss	: 2.1915
Src_reg_loss	: 0.0236
-------------------------------------
[Epoch : 307/500]
Total_loss	: 0.0454
MMD_loss	: 2.1905
Src_reg_loss	: 0.0235
-------------------------------------
[Epoch : 308/500]
Total_loss	: 0.0454
MMD_loss	: 2.1895
Src_reg_loss	: 0.0235
-------------------------------------
[Epoch : 309/500]
Total_loss	: 0.0453
MMD_loss	: 2.1885
Src_reg_loss	: 0.0235
-------------------------------------
[Epoch : 310/500]
Total_loss	: 0.0453
MMD_loss	: 2.1875
Src_reg_loss	: 0.0234
-------------------------------------
[Epoch : 311/500]
Total_loss	: 0.0452
MMD_loss	: 2.1865
Src_reg_loss	: 0.0234
-------------------------------------
[Epoch : 312/500]
Total_loss	: 0.0452
MMD_loss	: 2.1855
Src_reg_loss	: 0.0233
-------------------------------------
[Epoch : 313/500]
Total_loss	: 0.0452
MMD_loss	: 2.1845
Src_reg_loss	: 0.0233
-------------------------------------
[Epoch : 314/500]
Total_loss	: 0.0451
MMD_loss	: 2.1835
Src_reg_loss	: 0.0233
-------------------------------------
[Epoch : 315/500]
Total_loss	: 0.0451
MMD_loss	: 2.1824
Src_reg_loss	: 0.0232
-------------------------------------
[Epoch : 316/500]
Total_loss	: 0.0450
MMD_loss	: 2.1814
Src_reg_loss	: 0.0232
-------------------------------------
[Epoch : 317/500]
Total_loss	: 0.0450
MMD_loss	: 2.1803
Src_reg_loss	: 0.0232
-------------------------------------
[Epoch : 318/500]
Total_loss	: 0.0449
MMD_loss	: 2.1793
Src_reg_loss	: 0.0231
-------------------------------------
[Epoch : 319/500]
Total_loss	: 0.0449
MMD_loss	: 2.1782
Src_reg_loss	: 0.0231
-------------------------------------
[Epoch : 320/500]
Total_loss	: 0.0448
MMD_loss	: 2.1772
Src_reg_loss	: 0.0231
-------------------------------------
[Epoch : 321/500]
Total_loss	: 0.0448
MMD_loss	: 2.1761
Src_reg_loss	: 0.0230
-------------------------------------
[Epoch : 322/500]
Total_loss	: 0.0447
MMD_loss	: 2.1750
Src_reg_loss	: 0.0230
-------------------------------------
[Epoch : 323/500]
Total_loss	: 0.0447
MMD_loss	: 2.1739
Src_reg_loss	: 0.0229
-------------------------------------
[Epoch : 324/500]
Total_loss	: 0.0446
MMD_loss	: 2.1728
Src_reg_loss	: 0.0229
-------------------------------------
[Epoch : 325/500]
Total_loss	: 0.0446
MMD_loss	: 2.1717
Src_reg_loss	: 0.0229
-------------------------------------
[Epoch : 326/500]
Total_loss	: 0.0445
MMD_loss	: 2.1706
Src_reg_loss	: 0.0228
-------------------------------------
[Epoch : 327/500]
Total_loss	: 0.0445
MMD_loss	: 2.1695
Src_reg_loss	: 0.0228
-------------------------------------
[Epoch : 328/500]
Total_loss	: 0.0444
MMD_loss	: 2.1684
Src_reg_loss	: 0.0228
-------------------------------------
[Epoch : 329/500]
Total_loss	: 0.0444
MMD_loss	: 2.1673
Src_reg_loss	: 0.0227
-------------------------------------
[Epoch : 330/500]
Total_loss	: 0.0444
MMD_loss	: 2.1662
Src_reg_loss	: 0.0227
-------------------------------------
[Epoch : 331/500]
Total_loss	: 0.0443
MMD_loss	: 2.1650
Src_reg_loss	: 0.0227
-------------------------------------
[Epoch : 332/500]
Total_loss	: 0.0443
MMD_loss	: 2.1639
Src_reg_loss	: 0.0226
-------------------------------------
[Epoch : 333/500]
Total_loss	: 0.0442
MMD_loss	: 2.1627
Src_reg_loss	: 0.0226
-------------------------------------
[Epoch : 334/500]
Total_loss	: 0.0442
MMD_loss	: 2.1616
Src_reg_loss	: 0.0226
-------------------------------------
[Epoch : 335/500]
Total_loss	: 0.0441
MMD_loss	: 2.1605
Src_reg_loss	: 0.0225
-------------------------------------
[Epoch : 336/500]
Total_loss	: 0.0441
MMD_loss	: 2.1593
Src_reg_loss	: 0.0225
-------------------------------------
[Epoch : 337/500]
Total_loss	: 0.0440
MMD_loss	: 2.1581
Src_reg_loss	: 0.0225
-------------------------------------
[Epoch : 338/500]
Total_loss	: 0.0440
MMD_loss	: 2.1570
Src_reg_loss	: 0.0224
-------------------------------------
[Epoch : 339/500]
Total_loss	: 0.0439
MMD_loss	: 2.1558
Src_reg_loss	: 0.0224
-------------------------------------
[Epoch : 340/500]
Total_loss	: 0.0439
MMD_loss	: 2.1546
Src_reg_loss	: 0.0224
-------------------------------------
[Epoch : 341/500]
Total_loss	: 0.0439
MMD_loss	: 2.1535
Src_reg_loss	: 0.0223
-------------------------------------
[Epoch : 342/500]
Total_loss	: 0.0438
MMD_loss	: 2.1523
Src_reg_loss	: 0.0223
-------------------------------------
[Epoch : 343/500]
Total_loss	: 0.0438
MMD_loss	: 2.1511
Src_reg_loss	: 0.0223
-------------------------------------
[Epoch : 344/500]
Total_loss	: 0.0437
MMD_loss	: 2.1499
Src_reg_loss	: 0.0222
-------------------------------------
[Epoch : 345/500]
Total_loss	: 0.0437
MMD_loss	: 2.1487
Src_reg_loss	: 0.0222
-------------------------------------
[Epoch : 346/500]
Total_loss	: 0.0436
MMD_loss	: 2.1475
Src_reg_loss	: 0.0222
-------------------------------------
[Epoch : 347/500]
Total_loss	: 0.0436
MMD_loss	: 2.1464
Src_reg_loss	: 0.0221
-------------------------------------
[Epoch : 348/500]
Total_loss	: 0.0435
MMD_loss	: 2.1452
Src_reg_loss	: 0.0221
-------------------------------------
[Epoch : 349/500]
Total_loss	: 0.0435
MMD_loss	: 2.1440
Src_reg_loss	: 0.0221
-------------------------------------
[Epoch : 350/500]
Total_loss	: 0.0435
MMD_loss	: 2.1427
Src_reg_loss	: 0.0220
-------------------------------------
[Epoch : 351/500]
Total_loss	: 0.0434
MMD_loss	: 2.1415
Src_reg_loss	: 0.0220
-------------------------------------
[Epoch : 352/500]
Total_loss	: 0.0434
MMD_loss	: 2.1403
Src_reg_loss	: 0.0220
-------------------------------------
[Epoch : 353/500]
Total_loss	: 0.0433
MMD_loss	: 2.1391
Src_reg_loss	: 0.0219
-------------------------------------
[Epoch : 354/500]
Total_loss	: 0.0433
MMD_loss	: 2.1379
Src_reg_loss	: 0.0219
-------------------------------------
[Epoch : 355/500]
Total_loss	: 0.0432
MMD_loss	: 2.1367
Src_reg_loss	: 0.0219
-------------------------------------
[Epoch : 356/500]
Total_loss	: 0.0432
MMD_loss	: 2.1355
Src_reg_loss	: 0.0218
-------------------------------------
[Epoch : 357/500]
Total_loss	: 0.0432
MMD_loss	: 2.1343
Src_reg_loss	: 0.0218
-------------------------------------
[Epoch : 358/500]
Total_loss	: 0.0431
MMD_loss	: 2.1330
Src_reg_loss	: 0.0218
-------------------------------------
[Epoch : 359/500]
Total_loss	: 0.0431
MMD_loss	: 2.1318
Src_reg_loss	: 0.0217
-------------------------------------
[Epoch : 360/500]
Total_loss	: 0.0430
MMD_loss	: 2.1306
Src_reg_loss	: 0.0217
-------------------------------------
[Epoch : 361/500]
Total_loss	: 0.0430
MMD_loss	: 2.1294
Src_reg_loss	: 0.0217
-------------------------------------
[Epoch : 362/500]
Total_loss	: 0.0429
MMD_loss	: 2.1281
Src_reg_loss	: 0.0217
-------------------------------------
[Epoch : 363/500]
Total_loss	: 0.0429
MMD_loss	: 2.1269
Src_reg_loss	: 0.0216
-------------------------------------
[Epoch : 364/500]
Total_loss	: 0.0429
MMD_loss	: 2.1257
Src_reg_loss	: 0.0216
-------------------------------------
[Epoch : 365/500]
Total_loss	: 0.0428
MMD_loss	: 2.1245
Src_reg_loss	: 0.0216
-------------------------------------
[Epoch : 366/500]
Total_loss	: 0.0428
MMD_loss	: 2.1232
Src_reg_loss	: 0.0215
-------------------------------------
[Epoch : 367/500]
Total_loss	: 0.0427
MMD_loss	: 2.1220
Src_reg_loss	: 0.0215
-------------------------------------
[Epoch : 368/500]
Total_loss	: 0.0427
MMD_loss	: 2.1208
Src_reg_loss	: 0.0215
-------------------------------------
[Epoch : 369/500]
Total_loss	: 0.0426
MMD_loss	: 2.1195
Src_reg_loss	: 0.0214
-------------------------------------
[Epoch : 370/500]
Total_loss	: 0.0426
MMD_loss	: 2.1183
Src_reg_loss	: 0.0214
-------------------------------------
[Epoch : 371/500]
Total_loss	: 0.0426
MMD_loss	: 2.1171
Src_reg_loss	: 0.0214
-------------------------------------
[Epoch : 372/500]
Total_loss	: 0.0425
MMD_loss	: 2.1159
Src_reg_loss	: 0.0214
-------------------------------------
[Epoch : 373/500]
Total_loss	: 0.0425
MMD_loss	: 2.1146
Src_reg_loss	: 0.0213
-------------------------------------
[Epoch : 374/500]
Total_loss	: 0.0424
MMD_loss	: 2.1134
Src_reg_loss	: 0.0213
-------------------------------------
[Epoch : 375/500]
Total_loss	: 0.0424
MMD_loss	: 2.1122
Src_reg_loss	: 0.0213
-------------------------------------
[Epoch : 376/500]
Total_loss	: 0.0423
MMD_loss	: 2.1109
Src_reg_loss	: 0.0212
-------------------------------------
[Epoch : 377/500]
Total_loss	: 0.0423
MMD_loss	: 2.1097
Src_reg_loss	: 0.0212
-------------------------------------
[Epoch : 378/500]
Total_loss	: 0.0423
MMD_loss	: 2.1085
Src_reg_loss	: 0.0212
-------------------------------------
[Epoch : 379/500]
Total_loss	: 0.0422
MMD_loss	: 2.1073
Src_reg_loss	: 0.0212
-------------------------------------
[Epoch : 380/500]
Total_loss	: 0.0422
MMD_loss	: 2.1060
Src_reg_loss	: 0.0211
-------------------------------------
[Epoch : 381/500]
Total_loss	: 0.0421
MMD_loss	: 2.1048
Src_reg_loss	: 0.0211
-------------------------------------
[Epoch : 382/500]
Total_loss	: 0.0421
MMD_loss	: 2.1036
Src_reg_loss	: 0.0211
-------------------------------------
[Epoch : 383/500]
Total_loss	: 0.0421
MMD_loss	: 2.1023
Src_reg_loss	: 0.0210
-------------------------------------
[Epoch : 384/500]
Total_loss	: 0.0420
MMD_loss	: 2.1011
Src_reg_loss	: 0.0210
-------------------------------------
[Epoch : 385/500]
Total_loss	: 0.0420
MMD_loss	: 2.0999
Src_reg_loss	: 0.0210
-------------------------------------
[Epoch : 386/500]
Total_loss	: 0.0419
MMD_loss	: 2.0987
Src_reg_loss	: 0.0210
-------------------------------------
[Epoch : 387/500]
Total_loss	: 0.0419
MMD_loss	: 2.0975
Src_reg_loss	: 0.0209
-------------------------------------
[Epoch : 388/500]
Total_loss	: 0.0419
MMD_loss	: 2.0963
Src_reg_loss	: 0.0209
-------------------------------------
[Epoch : 389/500]
Total_loss	: 0.0418
MMD_loss	: 2.0950
Src_reg_loss	: 0.0209
-------------------------------------
[Epoch : 390/500]
Total_loss	: 0.0418
MMD_loss	: 2.0938
Src_reg_loss	: 0.0208
-------------------------------------
[Epoch : 391/500]
Total_loss	: 0.0417
MMD_loss	: 2.0926
Src_reg_loss	: 0.0208
-------------------------------------
[Epoch : 392/500]
Total_loss	: 0.0417
MMD_loss	: 2.0914
Src_reg_loss	: 0.0208
-------------------------------------
[Epoch : 393/500]
Total_loss	: 0.0417
MMD_loss	: 2.0902
Src_reg_loss	: 0.0208
-------------------------------------
[Epoch : 394/500]
Total_loss	: 0.0416
MMD_loss	: 2.0890
Src_reg_loss	: 0.0207
-------------------------------------
[Epoch : 395/500]
Total_loss	: 0.0416
MMD_loss	: 2.0878
Src_reg_loss	: 0.0207
-------------------------------------
[Epoch : 396/500]
Total_loss	: 0.0416
MMD_loss	: 2.0866
Src_reg_loss	: 0.0207
-------------------------------------
[Epoch : 397/500]
Total_loss	: 0.0415
MMD_loss	: 2.0854
Src_reg_loss	: 0.0207
-------------------------------------
[Epoch : 398/500]
Total_loss	: 0.0415
MMD_loss	: 2.0842
Src_reg_loss	: 0.0206
-------------------------------------
[Epoch : 399/500]
Total_loss	: 0.0414
MMD_loss	: 2.0830
Src_reg_loss	: 0.0206
-------------------------------------
[Epoch : 400/500]
Total_loss	: 0.0414
MMD_loss	: 2.0819
Src_reg_loss	: 0.0206
-------------------------------------
[Epoch : 401/500]
Total_loss	: 0.0414
MMD_loss	: 2.0807
Src_reg_loss	: 0.0206
-------------------------------------
[Epoch : 402/500]
Total_loss	: 0.0413
MMD_loss	: 2.0795
Src_reg_loss	: 0.0205
-------------------------------------
[Epoch : 403/500]
Total_loss	: 0.0413
MMD_loss	: 2.0783
Src_reg_loss	: 0.0205
-------------------------------------
[Epoch : 404/500]
Total_loss	: 0.0412
MMD_loss	: 2.0772
Src_reg_loss	: 0.0205
-------------------------------------
[Epoch : 405/500]
Total_loss	: 0.0412
MMD_loss	: 2.0760
Src_reg_loss	: 0.0204
-------------------------------------
[Epoch : 406/500]
Total_loss	: 0.0412
MMD_loss	: 2.0748
Src_reg_loss	: 0.0204
-------------------------------------
[Epoch : 407/500]
Total_loss	: 0.0411
MMD_loss	: 2.0737
Src_reg_loss	: 0.0204
-------------------------------------
[Epoch : 408/500]
Total_loss	: 0.0411
MMD_loss	: 2.0725
Src_reg_loss	: 0.0204
-------------------------------------
[Epoch : 409/500]
Total_loss	: 0.0411
MMD_loss	: 2.0714
Src_reg_loss	: 0.0203
-------------------------------------
[Epoch : 410/500]
Total_loss	: 0.0410
MMD_loss	: 2.0702
Src_reg_loss	: 0.0203
-------------------------------------
[Epoch : 411/500]
Total_loss	: 0.0410
MMD_loss	: 2.0691
Src_reg_loss	: 0.0203
-------------------------------------
[Epoch : 412/500]
Total_loss	: 0.0409
MMD_loss	: 2.0680
Src_reg_loss	: 0.0203
-------------------------------------
[Epoch : 413/500]
Total_loss	: 0.0409
MMD_loss	: 2.0668
Src_reg_loss	: 0.0202
-------------------------------------
[Epoch : 414/500]
Total_loss	: 0.0409
MMD_loss	: 2.0657
Src_reg_loss	: 0.0202
-------------------------------------
[Epoch : 415/500]
Total_loss	: 0.0408
MMD_loss	: 2.0646
Src_reg_loss	: 0.0202
-------------------------------------
[Epoch : 416/500]
Total_loss	: 0.0408
MMD_loss	: 2.0634
Src_reg_loss	: 0.0202
-------------------------------------
[Epoch : 417/500]
Total_loss	: 0.0408
MMD_loss	: 2.0623
Src_reg_loss	: 0.0201
-------------------------------------
[Epoch : 418/500]
Total_loss	: 0.0407
MMD_loss	: 2.0612
Src_reg_loss	: 0.0201
-------------------------------------
[Epoch : 419/500]
Total_loss	: 0.0407
MMD_loss	: 2.0601
Src_reg_loss	: 0.0201
-------------------------------------
[Epoch : 420/500]
Total_loss	: 0.0407
MMD_loss	: 2.0590
Src_reg_loss	: 0.0201
-------------------------------------
[Epoch : 421/500]
Total_loss	: 0.0406
MMD_loss	: 2.0579
Src_reg_loss	: 0.0200
-------------------------------------
[Epoch : 422/500]
Total_loss	: 0.0406
MMD_loss	: 2.0568
Src_reg_loss	: 0.0200
-------------------------------------
[Epoch : 423/500]
Total_loss	: 0.0406
MMD_loss	: 2.0557
Src_reg_loss	: 0.0200
-------------------------------------
[Epoch : 424/500]
Total_loss	: 0.0405
MMD_loss	: 2.0546
Src_reg_loss	: 0.0200
-------------------------------------
[Epoch : 425/500]
Total_loss	: 0.0405
MMD_loss	: 2.0535
Src_reg_loss	: 0.0200
-------------------------------------
[Epoch : 426/500]
Total_loss	: 0.0405
MMD_loss	: 2.0525
Src_reg_loss	: 0.0199
-------------------------------------
[Epoch : 427/500]
Total_loss	: 0.0404
MMD_loss	: 2.0514
Src_reg_loss	: 0.0199
-------------------------------------
[Epoch : 428/500]
Total_loss	: 0.0404
MMD_loss	: 2.0503
Src_reg_loss	: 0.0199
-------------------------------------
[Epoch : 429/500]
Total_loss	: 0.0403
MMD_loss	: 2.0493
Src_reg_loss	: 0.0199
-------------------------------------
[Epoch : 430/500]
Total_loss	: 0.0403
MMD_loss	: 2.0482
Src_reg_loss	: 0.0198
-------------------------------------
[Epoch : 431/500]
Total_loss	: 0.0403
MMD_loss	: 2.0472
Src_reg_loss	: 0.0198
-------------------------------------
[Epoch : 432/500]
Total_loss	: 0.0402
MMD_loss	: 2.0461
Src_reg_loss	: 0.0198
-------------------------------------
[Epoch : 433/500]
Total_loss	: 0.0402
MMD_loss	: 2.0451
Src_reg_loss	: 0.0198
-------------------------------------
[Epoch : 434/500]
Total_loss	: 0.0402
MMD_loss	: 2.0440
Src_reg_loss	: 0.0197
-------------------------------------
[Epoch : 435/500]
Total_loss	: 0.0401
MMD_loss	: 2.0430
Src_reg_loss	: 0.0197
-------------------------------------
[Epoch : 436/500]
Total_loss	: 0.0401
MMD_loss	: 2.0420
Src_reg_loss	: 0.0197
-------------------------------------
[Epoch : 437/500]
Total_loss	: 0.0401
MMD_loss	: 2.0410
Src_reg_loss	: 0.0197
-------------------------------------
[Epoch : 438/500]
Total_loss	: 0.0400
MMD_loss	: 2.0400
Src_reg_loss	: 0.0196
-------------------------------------
[Epoch : 439/500]
Total_loss	: 0.0400
MMD_loss	: 2.0389
Src_reg_loss	: 0.0196
-------------------------------------
[Epoch : 440/500]
Total_loss	: 0.0400
MMD_loss	: 2.0379
Src_reg_loss	: 0.0196
-------------------------------------
[Epoch : 441/500]
Total_loss	: 0.0399
MMD_loss	: 2.0369
Src_reg_loss	: 0.0196
-------------------------------------
[Epoch : 442/500]
Total_loss	: 0.0399
MMD_loss	: 2.0359
Src_reg_loss	: 0.0196
-------------------------------------
[Epoch : 443/500]
Total_loss	: 0.0399
MMD_loss	: 2.0350
Src_reg_loss	: 0.0195
-------------------------------------
[Epoch : 444/500]
Total_loss	: 0.0399
MMD_loss	: 2.0340
Src_reg_loss	: 0.0195
-------------------------------------
[Epoch : 445/500]
Total_loss	: 0.0398
MMD_loss	: 2.0330
Src_reg_loss	: 0.0195
-------------------------------------
[Epoch : 446/500]
Total_loss	: 0.0398
MMD_loss	: 2.0320
Src_reg_loss	: 0.0195
-------------------------------------
[Epoch : 447/500]
Total_loss	: 0.0398
MMD_loss	: 2.0310
Src_reg_loss	: 0.0194
-------------------------------------
[Epoch : 448/500]
Total_loss	: 0.0397
MMD_loss	: 2.0301
Src_reg_loss	: 0.0194
-------------------------------------
[Epoch : 449/500]
Total_loss	: 0.0397
MMD_loss	: 2.0291
Src_reg_loss	: 0.0194
-------------------------------------
[Epoch : 450/500]
Total_loss	: 0.0397
MMD_loss	: 2.0282
Src_reg_loss	: 0.0194
-------------------------------------
[Epoch : 451/500]
Total_loss	: 0.0396
MMD_loss	: 2.0272
Src_reg_loss	: 0.0194
-------------------------------------
[Epoch : 452/500]
Total_loss	: 0.0396
MMD_loss	: 2.0263
Src_reg_loss	: 0.0193
-------------------------------------
[Epoch : 453/500]
Total_loss	: 0.0396
MMD_loss	: 2.0254
Src_reg_loss	: 0.0193
-------------------------------------
[Epoch : 454/500]
Total_loss	: 0.0395
MMD_loss	: 2.0244
Src_reg_loss	: 0.0193
-------------------------------------
[Epoch : 455/500]
Total_loss	: 0.0395
MMD_loss	: 2.0235
Src_reg_loss	: 0.0193
-------------------------------------
[Epoch : 456/500]
Total_loss	: 0.0395
MMD_loss	: 2.0226
Src_reg_loss	: 0.0192
-------------------------------------
[Epoch : 457/500]
Total_loss	: 0.0394
MMD_loss	: 2.0217
Src_reg_loss	: 0.0192
-------------------------------------
[Epoch : 458/500]
Total_loss	: 0.0394
MMD_loss	: 2.0208
Src_reg_loss	: 0.0192
-------------------------------------
[Epoch : 459/500]
Total_loss	: 0.0394
MMD_loss	: 2.0199
Src_reg_loss	: 0.0192
-------------------------------------
[Epoch : 460/500]
Total_loss	: 0.0394
MMD_loss	: 2.0190
Src_reg_loss	: 0.0192
-------------------------------------
[Epoch : 461/500]
Total_loss	: 0.0393
MMD_loss	: 2.0181
Src_reg_loss	: 0.0191
-------------------------------------
[Epoch : 462/500]
Total_loss	: 0.0393
MMD_loss	: 2.0172
Src_reg_loss	: 0.0191
-------------------------------------
[Epoch : 463/500]
Total_loss	: 0.0393
MMD_loss	: 2.0163
Src_reg_loss	: 0.0191
-------------------------------------
[Epoch : 464/500]
Total_loss	: 0.0392
MMD_loss	: 2.0154
Src_reg_loss	: 0.0191
-------------------------------------
[Epoch : 465/500]
Total_loss	: 0.0392
MMD_loss	: 2.0146
Src_reg_loss	: 0.0191
-------------------------------------
[Epoch : 466/500]
Total_loss	: 0.0392
MMD_loss	: 2.0137
Src_reg_loss	: 0.0190
-------------------------------------
[Epoch : 467/500]
Total_loss	: 0.0391
MMD_loss	: 2.0128
Src_reg_loss	: 0.0190
-------------------------------------
[Epoch : 468/500]
Total_loss	: 0.0391
MMD_loss	: 2.0120
Src_reg_loss	: 0.0190
-------------------------------------
[Epoch : 469/500]
Total_loss	: 0.0391
MMD_loss	: 2.0111
Src_reg_loss	: 0.0190
-------------------------------------
[Epoch : 470/500]
Total_loss	: 0.0391
MMD_loss	: 2.0103
Src_reg_loss	: 0.0190
-------------------------------------
[Epoch : 471/500]
Total_loss	: 0.0390
MMD_loss	: 2.0095
Src_reg_loss	: 0.0189
-------------------------------------
[Epoch : 472/500]
Total_loss	: 0.0390
MMD_loss	: 2.0086
Src_reg_loss	: 0.0189
-------------------------------------
[Epoch : 473/500]
Total_loss	: 0.0390
MMD_loss	: 2.0078
Src_reg_loss	: 0.0189
-------------------------------------
[Epoch : 474/500]
Total_loss	: 0.0389
MMD_loss	: 2.0070
Src_reg_loss	: 0.0189
-------------------------------------
[Epoch : 475/500]
Total_loss	: 0.0389
MMD_loss	: 2.0062
Src_reg_loss	: 0.0189
-------------------------------------
[Epoch : 476/500]
Total_loss	: 0.0389
MMD_loss	: 2.0054
Src_reg_loss	: 0.0188
-------------------------------------
[Epoch : 477/500]
Total_loss	: 0.0389
MMD_loss	: 2.0046
Src_reg_loss	: 0.0188
-------------------------------------
[Epoch : 478/500]
Total_loss	: 0.0388
MMD_loss	: 2.0038
Src_reg_loss	: 0.0188
-------------------------------------
[Epoch : 479/500]
Total_loss	: 0.0388
MMD_loss	: 2.0030
Src_reg_loss	: 0.0188
-------------------------------------
[Epoch : 480/500]
Total_loss	: 0.0388
MMD_loss	: 2.0022
Src_reg_loss	: 0.0188
-------------------------------------
[Epoch : 481/500]
Total_loss	: 0.0387
MMD_loss	: 2.0014
Src_reg_loss	: 0.0187
-------------------------------------
[Epoch : 482/500]
Total_loss	: 0.0387
MMD_loss	: 2.0006
Src_reg_loss	: 0.0187
-------------------------------------
[Epoch : 483/500]
Total_loss	: 0.0387
MMD_loss	: 1.9999
Src_reg_loss	: 0.0187
-------------------------------------
[Epoch : 484/500]
Total_loss	: 0.0387
MMD_loss	: 1.9991
Src_reg_loss	: 0.0187
-------------------------------------
[Epoch : 485/500]
Total_loss	: 0.0386
MMD_loss	: 1.9984
Src_reg_loss	: 0.0187
-------------------------------------
[Epoch : 486/500]
Total_loss	: 0.0386
MMD_loss	: 1.9976
Src_reg_loss	: 0.0186
-------------------------------------
[Epoch : 487/500]
Total_loss	: 0.0386
MMD_loss	: 1.9969
Src_reg_loss	: 0.0186
-------------------------------------
[Epoch : 488/500]
Total_loss	: 0.0386
MMD_loss	: 1.9961
Src_reg_loss	: 0.0186
-------------------------------------
[Epoch : 489/500]
Total_loss	: 0.0385
MMD_loss	: 1.9954
Src_reg_loss	: 0.0186
-------------------------------------
[Epoch : 490/500]
Total_loss	: 0.0385
MMD_loss	: 1.9946
Src_reg_loss	: 0.0186
-------------------------------------
[Epoch : 491/500]
Total_loss	: 0.0385
MMD_loss	: 1.9939
Src_reg_loss	: 0.0185
-------------------------------------
[Epoch : 492/500]
Total_loss	: 0.0385
MMD_loss	: 1.9932
Src_reg_loss	: 0.0185
-------------------------------------
[Epoch : 493/500]
Total_loss	: 0.0384
MMD_loss	: 1.9925
Src_reg_loss	: 0.0185
-------------------------------------
[Epoch : 494/500]
Total_loss	: 0.0384
MMD_loss	: 1.9918
Src_reg_loss	: 0.0185
-------------------------------------
[Epoch : 495/500]
Total_loss	: 0.0384
MMD_loss	: 1.9911
Src_reg_loss	: 0.0185
-------------------------------------
[Epoch : 496/500]
Total_loss	: 0.0384
MMD_loss	: 1.9904
Src_reg_loss	: 0.0184
-------------------------------------
[Epoch : 497/500]
Total_loss	: 0.0383
MMD_loss	: 1.9897
Src_reg_loss	: 0.0184
-------------------------------------
[Epoch : 498/500]
Total_loss	: 0.0383
MMD_loss	: 1.9890
Src_reg_loss	: 0.0184
-------------------------------------
[Epoch : 499/500]
Total_loss	: 0.0383
MMD_loss	: 1.9883
Src_reg_loss	: 0.0184
-------------------------------------
[Epoch : 500/500]
Total_loss	: 0.0382
MMD_loss	: 1.9876
Src_reg_loss	: 0.0184
-------------------------------------
