=============================================
Dataset: Airbox
Method:  AirDA
=============================================
Source: 0 ---> Target: 4
=============================================
[Epoch : 1/500]
Total_loss	: 0.3353
MMD_loss	: 2.6836
cond_ent_wt	: 4.8494
Src_reg_loss	: 0.2600
-------------------------------------
[Epoch : 2/500]
Total_loss	: 0.3233
MMD_loss	: 2.6843
cond_ent_wt	: 4.8493
Src_reg_loss	: 0.2480
-------------------------------------
[Epoch : 3/500]
Total_loss	: 0.3118
MMD_loss	: 2.6813
cond_ent_wt	: 4.8491
Src_reg_loss	: 0.2365
-------------------------------------
[Epoch : 4/500]
Total_loss	: 0.3005
MMD_loss	: 2.6746
cond_ent_wt	: 4.8489
Src_reg_loss	: 0.2253
-------------------------------------
[Epoch : 5/500]
Total_loss	: 0.2890
MMD_loss	: 2.6638
cond_ent_wt	: 4.8487
Src_reg_loss	: 0.2139
-------------------------------------
[Epoch : 6/500]
Total_loss	: 0.2772
MMD_loss	: 2.6488
cond_ent_wt	: 4.8483
Src_reg_loss	: 0.2023
-------------------------------------
[Epoch : 7/500]
Total_loss	: 0.2651
MMD_loss	: 2.6291
cond_ent_wt	: 4.8479
Src_reg_loss	: 0.1903
-------------------------------------
[Epoch : 8/500]
Total_loss	: 0.2527
MMD_loss	: 2.6044
cond_ent_wt	: 4.8473
Src_reg_loss	: 0.1782
-------------------------------------
[Epoch : 9/500]
Total_loss	: 0.2404
MMD_loss	: 2.5743
cond_ent_wt	: 4.8465
Src_reg_loss	: 0.1662
-------------------------------------
[Epoch : 10/500]
Total_loss	: 0.2284
MMD_loss	: 2.5389
cond_ent_wt	: 4.8455
Src_reg_loss	: 0.1546
-------------------------------------
[Epoch : 11/500]
Total_loss	: 0.2176
MMD_loss	: 2.4994
cond_ent_wt	: 4.8443
Src_reg_loss	: 0.1441
-------------------------------------
[Epoch : 12/500]
Total_loss	: 0.2084
MMD_loss	: 2.4595
cond_ent_wt	: 4.8428
Src_reg_loss	: 0.1354
-------------------------------------
[Epoch : 13/500]
Total_loss	: 0.2008
MMD_loss	: 2.4244
cond_ent_wt	: 4.8414
Src_reg_loss	: 0.1281
-------------------------------------
[Epoch : 14/500]
Total_loss	: 0.1942
MMD_loss	: 2.3974
cond_ent_wt	: 4.8403
Src_reg_loss	: 0.1218
-------------------------------------
[Epoch : 15/500]
Total_loss	: 0.1883
MMD_loss	: 2.3786
cond_ent_wt	: 4.8394
Src_reg_loss	: 0.1161
-------------------------------------
[Epoch : 16/500]
Total_loss	: 0.1831
MMD_loss	: 2.3664
cond_ent_wt	: 4.8387
Src_reg_loss	: 0.1111
-------------------------------------
[Epoch : 17/500]
Total_loss	: 0.1786
MMD_loss	: 2.3588
cond_ent_wt	: 4.8382
Src_reg_loss	: 0.1066
-------------------------------------
[Epoch : 18/500]
Total_loss	: 0.1746
MMD_loss	: 2.3541
cond_ent_wt	: 4.8378
Src_reg_loss	: 0.1027
-------------------------------------
[Epoch : 19/500]
Total_loss	: 0.1711
MMD_loss	: 2.3513
cond_ent_wt	: 4.8374
Src_reg_loss	: 0.0992
-------------------------------------
[Epoch : 20/500]
Total_loss	: 0.1678
MMD_loss	: 2.3498
cond_ent_wt	: 4.8370
Src_reg_loss	: 0.0960
-------------------------------------
[Epoch : 21/500]
Total_loss	: 0.1649
MMD_loss	: 2.3494
cond_ent_wt	: 4.8366
Src_reg_loss	: 0.0931
-------------------------------------
[Epoch : 22/500]
Total_loss	: 0.1623
MMD_loss	: 2.3503
cond_ent_wt	: 4.8363
Src_reg_loss	: 0.0904
-------------------------------------
[Epoch : 23/500]
Total_loss	: 0.1599
MMD_loss	: 2.3524
cond_ent_wt	: 4.8359
Src_reg_loss	: 0.0880
-------------------------------------
[Epoch : 24/500]
Total_loss	: 0.1577
MMD_loss	: 2.3557
cond_ent_wt	: 4.8356
Src_reg_loss	: 0.0858
-------------------------------------
[Epoch : 25/500]
Total_loss	: 0.1556
MMD_loss	: 2.3601
cond_ent_wt	: 4.8354
Src_reg_loss	: 0.0837
-------------------------------------
[Epoch : 26/500]
Total_loss	: 0.1538
MMD_loss	: 2.3652
cond_ent_wt	: 4.8351
Src_reg_loss	: 0.0818
-------------------------------------
[Epoch : 27/500]
Total_loss	: 0.1520
MMD_loss	: 2.3710
cond_ent_wt	: 4.8349
Src_reg_loss	: 0.0800
-------------------------------------
[Epoch : 28/500]
Total_loss	: 0.1504
MMD_loss	: 2.3772
cond_ent_wt	: 4.8347
Src_reg_loss	: 0.0783
-------------------------------------
[Epoch : 29/500]
Total_loss	: 0.1490
MMD_loss	: 2.3837
cond_ent_wt	: 4.8345
Src_reg_loss	: 0.0768
-------------------------------------
[Epoch : 30/500]
Total_loss	: 0.1476
MMD_loss	: 2.3904
cond_ent_wt	: 4.8343
Src_reg_loss	: 0.0753
-------------------------------------
[Epoch : 31/500]
Total_loss	: 0.1463
MMD_loss	: 2.3970
cond_ent_wt	: 4.8342
Src_reg_loss	: 0.0740
-------------------------------------
[Epoch : 32/500]
Total_loss	: 0.1450
MMD_loss	: 2.4036
cond_ent_wt	: 4.8340
Src_reg_loss	: 0.0727
-------------------------------------
[Epoch : 33/500]
Total_loss	: 0.1439
MMD_loss	: 2.4099
cond_ent_wt	: 4.8339
Src_reg_loss	: 0.0715
-------------------------------------
[Epoch : 34/500]
Total_loss	: 0.1428
MMD_loss	: 2.4157
cond_ent_wt	: 4.8337
Src_reg_loss	: 0.0703
-------------------------------------
[Epoch : 35/500]
Total_loss	: 0.1418
MMD_loss	: 2.4209
cond_ent_wt	: 4.8336
Src_reg_loss	: 0.0692
-------------------------------------
[Epoch : 36/500]
Total_loss	: 0.1408
MMD_loss	: 2.4254
cond_ent_wt	: 4.8335
Src_reg_loss	: 0.0682
-------------------------------------
[Epoch : 37/500]
Total_loss	: 0.1398
MMD_loss	: 2.4290
cond_ent_wt	: 4.8334
Src_reg_loss	: 0.0672
-------------------------------------
[Epoch : 38/500]
Total_loss	: 0.1389
MMD_loss	: 2.4315
cond_ent_wt	: 4.8333
Src_reg_loss	: 0.0663
-------------------------------------
[Epoch : 39/500]
Total_loss	: 0.1380
MMD_loss	: 2.4329
cond_ent_wt	: 4.8332
Src_reg_loss	: 0.0654
-------------------------------------
[Epoch : 40/500]
Total_loss	: 0.1372
MMD_loss	: 2.4329
cond_ent_wt	: 4.8331
Src_reg_loss	: 0.0645
-------------------------------------
[Epoch : 41/500]
Total_loss	: 0.1363
MMD_loss	: 2.4316
cond_ent_wt	: 4.8330
Src_reg_loss	: 0.0637
-------------------------------------
[Epoch : 42/500]
Total_loss	: 0.1355
MMD_loss	: 2.4288
cond_ent_wt	: 4.8330
Src_reg_loss	: 0.0629
-------------------------------------
[Epoch : 43/500]
Total_loss	: 0.1347
MMD_loss	: 2.4247
cond_ent_wt	: 4.8329
Src_reg_loss	: 0.0621
-------------------------------------
[Epoch : 44/500]
Total_loss	: 0.1339
MMD_loss	: 2.4193
cond_ent_wt	: 4.8328
Src_reg_loss	: 0.0614
-------------------------------------
[Epoch : 45/500]
Total_loss	: 0.1332
MMD_loss	: 2.4126
cond_ent_wt	: 4.8328
Src_reg_loss	: 0.0607
-------------------------------------
[Epoch : 46/500]
Total_loss	: 0.1324
MMD_loss	: 2.4047
cond_ent_wt	: 4.8327
Src_reg_loss	: 0.0600
-------------------------------------
[Epoch : 47/500]
Total_loss	: 0.1316
MMD_loss	: 2.3956
cond_ent_wt	: 4.8326
Src_reg_loss	: 0.0594
-------------------------------------
[Epoch : 48/500]
Total_loss	: 0.1309
MMD_loss	: 2.3856
cond_ent_wt	: 4.8326
Src_reg_loss	: 0.0587
-------------------------------------
[Epoch : 49/500]
Total_loss	: 0.1302
MMD_loss	: 2.3746
cond_ent_wt	: 4.8326
Src_reg_loss	: 0.0581
-------------------------------------
[Epoch : 50/500]
Total_loss	: 0.1295
MMD_loss	: 2.3629
cond_ent_wt	: 4.8325
Src_reg_loss	: 0.0575
-------------------------------------
[Epoch : 51/500]
Total_loss	: 0.1288
MMD_loss	: 2.3504
cond_ent_wt	: 4.8325
Src_reg_loss	: 0.0569
-------------------------------------
[Epoch : 52/500]
Total_loss	: 0.1281
MMD_loss	: 2.3373
cond_ent_wt	: 4.8324
Src_reg_loss	: 0.0564
-------------------------------------
[Epoch : 53/500]
Total_loss	: 0.1274
MMD_loss	: 2.3237
cond_ent_wt	: 4.8324
Src_reg_loss	: 0.0558
-------------------------------------
[Epoch : 54/500]
Total_loss	: 0.1267
MMD_loss	: 2.3096
cond_ent_wt	: 4.8324
Src_reg_loss	: 0.0553
-------------------------------------
[Epoch : 55/500]
Total_loss	: 0.1261
MMD_loss	: 2.2952
cond_ent_wt	: 4.8324
Src_reg_loss	: 0.0548
-------------------------------------
[Epoch : 56/500]
Total_loss	: 0.1254
MMD_loss	: 2.2804
cond_ent_wt	: 4.8323
Src_reg_loss	: 0.0543
-------------------------------------
[Epoch : 57/500]
Total_loss	: 0.1248
MMD_loss	: 2.2655
cond_ent_wt	: 4.8323
Src_reg_loss	: 0.0538
-------------------------------------
[Epoch : 58/500]
Total_loss	: 0.1241
MMD_loss	: 2.2505
cond_ent_wt	: 4.8323
Src_reg_loss	: 0.0533
-------------------------------------
[Epoch : 59/500]
Total_loss	: 0.1235
MMD_loss	: 2.2354
cond_ent_wt	: 4.8323
Src_reg_loss	: 0.0528
-------------------------------------
[Epoch : 60/500]
Total_loss	: 0.1229
MMD_loss	: 2.2203
cond_ent_wt	: 4.8323
Src_reg_loss	: 0.0524
-------------------------------------
[Epoch : 61/500]
Total_loss	: 0.1223
MMD_loss	: 2.2052
cond_ent_wt	: 4.8322
Src_reg_loss	: 0.0519
-------------------------------------
[Epoch : 62/500]
Total_loss	: 0.1217
MMD_loss	: 2.1903
cond_ent_wt	: 4.8322
Src_reg_loss	: 0.0515
-------------------------------------
[Epoch : 63/500]
Total_loss	: 0.1211
MMD_loss	: 2.1756
cond_ent_wt	: 4.8322
Src_reg_loss	: 0.0511
-------------------------------------
[Epoch : 64/500]
Total_loss	: 0.1206
MMD_loss	: 2.1610
cond_ent_wt	: 4.8322
Src_reg_loss	: 0.0506
-------------------------------------
[Epoch : 65/500]
Total_loss	: 0.1200
MMD_loss	: 2.1467
cond_ent_wt	: 4.8322
Src_reg_loss	: 0.0502
-------------------------------------
[Epoch : 66/500]
Total_loss	: 0.1195
MMD_loss	: 2.1327
cond_ent_wt	: 4.8322
Src_reg_loss	: 0.0498
-------------------------------------
[Epoch : 67/500]
Total_loss	: 0.1190
MMD_loss	: 2.1190
cond_ent_wt	: 4.8322
Src_reg_loss	: 0.0494
-------------------------------------
[Epoch : 68/500]
Total_loss	: 0.1184
MMD_loss	: 2.1056
cond_ent_wt	: 4.8322
Src_reg_loss	: 0.0491
-------------------------------------
[Epoch : 69/500]
Total_loss	: 0.1179
MMD_loss	: 2.0925
cond_ent_wt	: 4.8322
Src_reg_loss	: 0.0487
-------------------------------------
[Epoch : 70/500]
Total_loss	: 0.1174
MMD_loss	: 2.0798
cond_ent_wt	: 4.8321
Src_reg_loss	: 0.0483
-------------------------------------
[Epoch : 71/500]
Total_loss	: 0.1170
MMD_loss	: 2.0673
cond_ent_wt	: 4.8321
Src_reg_loss	: 0.0480
-------------------------------------
[Epoch : 72/500]
Total_loss	: 0.1165
MMD_loss	: 2.0553
cond_ent_wt	: 4.8321
Src_reg_loss	: 0.0476
-------------------------------------
[Epoch : 73/500]
Total_loss	: 0.1160
MMD_loss	: 2.0435
cond_ent_wt	: 4.8321
Src_reg_loss	: 0.0473
-------------------------------------
[Epoch : 74/500]
Total_loss	: 0.1156
MMD_loss	: 2.0320
cond_ent_wt	: 4.8321
Src_reg_loss	: 0.0469
-------------------------------------
[Epoch : 75/500]
Total_loss	: 0.1151
MMD_loss	: 2.0209
cond_ent_wt	: 4.8321
Src_reg_loss	: 0.0466
-------------------------------------
[Epoch : 76/500]
Total_loss	: 0.1147
MMD_loss	: 2.0100
cond_ent_wt	: 4.8320
Src_reg_loss	: 0.0463
-------------------------------------
[Epoch : 77/500]
Total_loss	: 0.1143
MMD_loss	: 1.9994
cond_ent_wt	: 4.8320
Src_reg_loss	: 0.0460
-------------------------------------
[Epoch : 78/500]
Total_loss	: 0.1138
MMD_loss	: 1.9891
cond_ent_wt	: 4.8320
Src_reg_loss	: 0.0456
-------------------------------------
[Epoch : 79/500]
Total_loss	: 0.1134
MMD_loss	: 1.9791
cond_ent_wt	: 4.8320
Src_reg_loss	: 0.0453
-------------------------------------
[Epoch : 80/500]
Total_loss	: 0.1130
MMD_loss	: 1.9693
cond_ent_wt	: 4.8319
Src_reg_loss	: 0.0450
-------------------------------------
[Epoch : 81/500]
Total_loss	: 0.1127
MMD_loss	: 1.9597
cond_ent_wt	: 4.8319
Src_reg_loss	: 0.0447
-------------------------------------
[Epoch : 82/500]
Total_loss	: 0.1123
MMD_loss	: 1.9504
cond_ent_wt	: 4.8319
Src_reg_loss	: 0.0444
-------------------------------------
[Epoch : 83/500]
Total_loss	: 0.1119
MMD_loss	: 1.9413
cond_ent_wt	: 4.8319
Src_reg_loss	: 0.0442
-------------------------------------
[Epoch : 84/500]
Total_loss	: 0.1115
MMD_loss	: 1.9324
cond_ent_wt	: 4.8318
Src_reg_loss	: 0.0439
-------------------------------------
[Epoch : 85/500]
Total_loss	: 0.1112
MMD_loss	: 1.9237
cond_ent_wt	: 4.8318
Src_reg_loss	: 0.0436
-------------------------------------
[Epoch : 86/500]
Total_loss	: 0.1108
MMD_loss	: 1.9152
cond_ent_wt	: 4.8318
Src_reg_loss	: 0.0433
-------------------------------------
[Epoch : 87/500]
Total_loss	: 0.1105
MMD_loss	: 1.9069
cond_ent_wt	: 4.8318
Src_reg_loss	: 0.0431
-------------------------------------
[Epoch : 88/500]
Total_loss	: 0.1101
MMD_loss	: 1.8987
cond_ent_wt	: 4.8317
Src_reg_loss	: 0.0428
-------------------------------------
[Epoch : 89/500]
Total_loss	: 0.1098
MMD_loss	: 1.8908
cond_ent_wt	: 4.8317
Src_reg_loss	: 0.0426
-------------------------------------
[Epoch : 90/500]
Total_loss	: 0.1094
MMD_loss	: 1.8830
cond_ent_wt	: 4.8317
Src_reg_loss	: 0.0423
-------------------------------------
[Epoch : 91/500]
Total_loss	: 0.1091
MMD_loss	: 1.8754
cond_ent_wt	: 4.8317
Src_reg_loss	: 0.0420
-------------------------------------
[Epoch : 92/500]
Total_loss	: 0.1088
MMD_loss	: 1.8679
cond_ent_wt	: 4.8316
Src_reg_loss	: 0.0418
-------------------------------------
[Epoch : 93/500]
Total_loss	: 0.1085
MMD_loss	: 1.8605
cond_ent_wt	: 4.8316
Src_reg_loss	: 0.0416
-------------------------------------
[Epoch : 94/500]
Total_loss	: 0.1082
MMD_loss	: 1.8533
cond_ent_wt	: 4.8316
Src_reg_loss	: 0.0413
-------------------------------------
[Epoch : 95/500]
Total_loss	: 0.1079
MMD_loss	: 1.8463
cond_ent_wt	: 4.8315
Src_reg_loss	: 0.0411
-------------------------------------
[Epoch : 96/500]
Total_loss	: 0.1076
MMD_loss	: 1.8394
cond_ent_wt	: 4.8315
Src_reg_loss	: 0.0409
-------------------------------------
[Epoch : 97/500]
Total_loss	: 0.1073
MMD_loss	: 1.8326
cond_ent_wt	: 4.8315
Src_reg_loss	: 0.0406
-------------------------------------
[Epoch : 98/500]
Total_loss	: 0.1070
MMD_loss	: 1.8259
cond_ent_wt	: 4.8315
Src_reg_loss	: 0.0404
-------------------------------------
[Epoch : 99/500]
Total_loss	: 0.1067
MMD_loss	: 1.8193
cond_ent_wt	: 4.8314
Src_reg_loss	: 0.0402
-------------------------------------
[Epoch : 100/500]
Total_loss	: 0.1064
MMD_loss	: 1.8129
cond_ent_wt	: 4.8314
Src_reg_loss	: 0.0399
-------------------------------------
[Epoch : 101/500]
Total_loss	: 0.1061
MMD_loss	: 1.8065
cond_ent_wt	: 4.8314
Src_reg_loss	: 0.0397
-------------------------------------
[Epoch : 102/500]
Total_loss	: 0.1058
MMD_loss	: 1.8003
cond_ent_wt	: 4.8314
Src_reg_loss	: 0.0395
-------------------------------------
[Epoch : 103/500]
Total_loss	: 0.1056
MMD_loss	: 1.7942
cond_ent_wt	: 4.8313
Src_reg_loss	: 0.0393
-------------------------------------
[Epoch : 104/500]
Total_loss	: 0.1053
MMD_loss	: 1.7882
cond_ent_wt	: 4.8313
Src_reg_loss	: 0.0391
-------------------------------------
[Epoch : 105/500]
Total_loss	: 0.1050
MMD_loss	: 1.7823
cond_ent_wt	: 4.8313
Src_reg_loss	: 0.0389
-------------------------------------
[Epoch : 106/500]
Total_loss	: 0.1047
MMD_loss	: 1.7765
cond_ent_wt	: 4.8312
Src_reg_loss	: 0.0387
-------------------------------------
[Epoch : 107/500]
Total_loss	: 0.1045
MMD_loss	: 1.7708
cond_ent_wt	: 4.8312
Src_reg_loss	: 0.0385
-------------------------------------
[Epoch : 108/500]
Total_loss	: 0.1042
MMD_loss	: 1.7651
cond_ent_wt	: 4.8312
Src_reg_loss	: 0.0383
-------------------------------------
[Epoch : 109/500]
Total_loss	: 0.1040
MMD_loss	: 1.7596
cond_ent_wt	: 4.8312
Src_reg_loss	: 0.0381
-------------------------------------
[Epoch : 110/500]
Total_loss	: 0.1037
MMD_loss	: 1.7542
cond_ent_wt	: 4.8311
Src_reg_loss	: 0.0379
-------------------------------------
[Epoch : 111/500]
Total_loss	: 0.1035
MMD_loss	: 1.7488
cond_ent_wt	: 4.8311
Src_reg_loss	: 0.0377
-------------------------------------
[Epoch : 112/500]
Total_loss	: 0.1032
MMD_loss	: 1.7435
cond_ent_wt	: 4.8311
Src_reg_loss	: 0.0375
-------------------------------------
[Epoch : 113/500]
Total_loss	: 0.1030
MMD_loss	: 1.7383
cond_ent_wt	: 4.8310
Src_reg_loss	: 0.0373
-------------------------------------
[Epoch : 114/500]
Total_loss	: 0.1027
MMD_loss	: 1.7331
cond_ent_wt	: 4.8310
Src_reg_loss	: 0.0371
-------------------------------------
[Epoch : 115/500]
Total_loss	: 0.1025
MMD_loss	: 1.7281
cond_ent_wt	: 4.8310
Src_reg_loss	: 0.0369
-------------------------------------
[Epoch : 116/500]
Total_loss	: 0.1022
MMD_loss	: 1.7231
cond_ent_wt	: 4.8310
Src_reg_loss	: 0.0367
-------------------------------------
[Epoch : 117/500]
Total_loss	: 0.1020
MMD_loss	: 1.7182
cond_ent_wt	: 4.8309
Src_reg_loss	: 0.0365
-------------------------------------
[Epoch : 118/500]
Total_loss	: 0.1018
MMD_loss	: 1.7134
cond_ent_wt	: 4.8309
Src_reg_loss	: 0.0363
-------------------------------------
[Epoch : 119/500]
Total_loss	: 0.1015
MMD_loss	: 1.7087
cond_ent_wt	: 4.8309
Src_reg_loss	: 0.0362
-------------------------------------
[Epoch : 120/500]
Total_loss	: 0.1013
MMD_loss	: 1.7041
cond_ent_wt	: 4.8308
Src_reg_loss	: 0.0360
-------------------------------------
[Epoch : 121/500]
Total_loss	: 0.1011
MMD_loss	: 1.6995
cond_ent_wt	: 4.8308
Src_reg_loss	: 0.0358
-------------------------------------
[Epoch : 122/500]
Total_loss	: 0.1009
MMD_loss	: 1.6950
cond_ent_wt	: 4.8308
Src_reg_loss	: 0.0356
-------------------------------------
[Epoch : 123/500]
Total_loss	: 0.1006
MMD_loss	: 1.6907
cond_ent_wt	: 4.8308
Src_reg_loss	: 0.0354
-------------------------------------
[Epoch : 124/500]
Total_loss	: 0.1004
MMD_loss	: 1.6864
cond_ent_wt	: 4.8307
Src_reg_loss	: 0.0353
-------------------------------------
[Epoch : 125/500]
Total_loss	: 0.1002
MMD_loss	: 1.6822
cond_ent_wt	: 4.8307
Src_reg_loss	: 0.0351
-------------------------------------
[Epoch : 126/500]
Total_loss	: 0.1000
MMD_loss	: 1.6781
cond_ent_wt	: 4.8307
Src_reg_loss	: 0.0349
-------------------------------------
[Epoch : 127/500]
Total_loss	: 0.0998
MMD_loss	: 1.6741
cond_ent_wt	: 4.8306
Src_reg_loss	: 0.0347
-------------------------------------
[Epoch : 128/500]
Total_loss	: 0.0996
MMD_loss	: 1.6702
cond_ent_wt	: 4.8306
Src_reg_loss	: 0.0346
-------------------------------------
[Epoch : 129/500]
Total_loss	: 0.0994
MMD_loss	: 1.6664
cond_ent_wt	: 4.8306
Src_reg_loss	: 0.0344
-------------------------------------
[Epoch : 130/500]
Total_loss	: 0.0992
MMD_loss	: 1.6627
cond_ent_wt	: 4.8305
Src_reg_loss	: 0.0342
-------------------------------------
[Epoch : 131/500]
Total_loss	: 0.0990
MMD_loss	: 1.6591
cond_ent_wt	: 4.8305
Src_reg_loss	: 0.0341
-------------------------------------
[Epoch : 132/500]
Total_loss	: 0.0988
MMD_loss	: 1.6556
cond_ent_wt	: 4.8305
Src_reg_loss	: 0.0339
-------------------------------------
[Epoch : 133/500]
Total_loss	: 0.0986
MMD_loss	: 1.6522
cond_ent_wt	: 4.8305
Src_reg_loss	: 0.0337
-------------------------------------
[Epoch : 134/500]
Total_loss	: 0.0984
MMD_loss	: 1.6489
cond_ent_wt	: 4.8304
Src_reg_loss	: 0.0336
-------------------------------------
[Epoch : 135/500]
Total_loss	: 0.0982
MMD_loss	: 1.6458
cond_ent_wt	: 4.8304
Src_reg_loss	: 0.0334
-------------------------------------
[Epoch : 136/500]
Total_loss	: 0.0980
MMD_loss	: 1.6427
cond_ent_wt	: 4.8304
Src_reg_loss	: 0.0333
-------------------------------------
[Epoch : 137/500]
Total_loss	: 0.0978
MMD_loss	: 1.6398
cond_ent_wt	: 4.8303
Src_reg_loss	: 0.0331
-------------------------------------
[Epoch : 138/500]
Total_loss	: 0.0976
MMD_loss	: 1.6370
cond_ent_wt	: 4.8303
Src_reg_loss	: 0.0329
-------------------------------------
[Epoch : 139/500]
Total_loss	: 0.0974
MMD_loss	: 1.6342
cond_ent_wt	: 4.8303
Src_reg_loss	: 0.0328
-------------------------------------
[Epoch : 140/500]
Total_loss	: 0.0973
MMD_loss	: 1.6316
cond_ent_wt	: 4.8302
Src_reg_loss	: 0.0326
-------------------------------------
[Epoch : 141/500]
Total_loss	: 0.0971
MMD_loss	: 1.6291
cond_ent_wt	: 4.8302
Src_reg_loss	: 0.0325
-------------------------------------
[Epoch : 142/500]
Total_loss	: 0.0969
MMD_loss	: 1.6267
cond_ent_wt	: 4.8302
Src_reg_loss	: 0.0323
-------------------------------------
[Epoch : 143/500]
Total_loss	: 0.0967
MMD_loss	: 1.6244
cond_ent_wt	: 4.8301
Src_reg_loss	: 0.0322
-------------------------------------
[Epoch : 144/500]
Total_loss	: 0.0966
MMD_loss	: 1.6222
cond_ent_wt	: 4.8301
Src_reg_loss	: 0.0321
-------------------------------------
[Epoch : 145/500]
Total_loss	: 0.0964
MMD_loss	: 1.6201
cond_ent_wt	: 4.8301
Src_reg_loss	: 0.0319
-------------------------------------
[Epoch : 146/500]
Total_loss	: 0.0963
MMD_loss	: 1.6181
cond_ent_wt	: 4.8300
Src_reg_loss	: 0.0318
-------------------------------------
[Epoch : 147/500]
Total_loss	: 0.0961
MMD_loss	: 1.6161
cond_ent_wt	: 4.8300
Src_reg_loss	: 0.0316
-------------------------------------
[Epoch : 148/500]
Total_loss	: 0.0959
MMD_loss	: 1.6142
cond_ent_wt	: 4.8299
Src_reg_loss	: 0.0315
-------------------------------------
[Epoch : 149/500]
Total_loss	: 0.0958
MMD_loss	: 1.6124
cond_ent_wt	: 4.8299
Src_reg_loss	: 0.0314
-------------------------------------
[Epoch : 150/500]
Total_loss	: 0.0956
MMD_loss	: 1.6106
cond_ent_wt	: 4.8299
Src_reg_loss	: 0.0312
-------------------------------------
[Epoch : 151/500]
Total_loss	: 0.0955
MMD_loss	: 1.6089
cond_ent_wt	: 4.8298
Src_reg_loss	: 0.0311
-------------------------------------
[Epoch : 152/500]
Total_loss	: 0.0953
MMD_loss	: 1.6073
cond_ent_wt	: 4.8298
Src_reg_loss	: 0.0310
-------------------------------------
[Epoch : 153/500]
Total_loss	: 0.0952
MMD_loss	: 1.6057
cond_ent_wt	: 4.8298
Src_reg_loss	: 0.0308
-------------------------------------
[Epoch : 154/500]
Total_loss	: 0.0950
MMD_loss	: 1.6041
cond_ent_wt	: 4.8297
Src_reg_loss	: 0.0307
-------------------------------------
[Epoch : 155/500]
Total_loss	: 0.0949
MMD_loss	: 1.6027
cond_ent_wt	: 4.8297
Src_reg_loss	: 0.0306
-------------------------------------
[Epoch : 156/500]
Total_loss	: 0.0948
MMD_loss	: 1.6012
cond_ent_wt	: 4.8297
Src_reg_loss	: 0.0305
-------------------------------------
[Epoch : 157/500]
Total_loss	: 0.0946
MMD_loss	: 1.5998
cond_ent_wt	: 4.8296
Src_reg_loss	: 0.0303
-------------------------------------
[Epoch : 158/500]
Total_loss	: 0.0945
MMD_loss	: 1.5984
cond_ent_wt	: 4.8296
Src_reg_loss	: 0.0302
-------------------------------------
[Epoch : 159/500]
Total_loss	: 0.0944
MMD_loss	: 1.5971
cond_ent_wt	: 4.8296
Src_reg_loss	: 0.0301
-------------------------------------
[Epoch : 160/500]
Total_loss	: 0.0942
MMD_loss	: 1.5958
cond_ent_wt	: 4.8295
Src_reg_loss	: 0.0300
-------------------------------------
[Epoch : 161/500]
Total_loss	: 0.0941
MMD_loss	: 1.5946
cond_ent_wt	: 4.8295
Src_reg_loss	: 0.0299
-------------------------------------
[Epoch : 162/500]
Total_loss	: 0.0940
MMD_loss	: 1.5933
cond_ent_wt	: 4.8295
Src_reg_loss	: 0.0297
-------------------------------------
[Epoch : 163/500]
Total_loss	: 0.0938
MMD_loss	: 1.5922
cond_ent_wt	: 4.8294
Src_reg_loss	: 0.0296
-------------------------------------
[Epoch : 164/500]
Total_loss	: 0.0937
MMD_loss	: 1.5910
cond_ent_wt	: 4.8294
Src_reg_loss	: 0.0295
-------------------------------------
[Epoch : 165/500]
Total_loss	: 0.0936
MMD_loss	: 1.5899
cond_ent_wt	: 4.8294
Src_reg_loss	: 0.0294
-------------------------------------
[Epoch : 166/500]
Total_loss	: 0.0935
MMD_loss	: 1.5888
cond_ent_wt	: 4.8293
Src_reg_loss	: 0.0293
-------------------------------------
[Epoch : 167/500]
Total_loss	: 0.0934
MMD_loss	: 1.5877
cond_ent_wt	: 4.8293
Src_reg_loss	: 0.0292
-------------------------------------
[Epoch : 168/500]
Total_loss	: 0.0932
MMD_loss	: 1.5867
cond_ent_wt	: 4.8292
Src_reg_loss	: 0.0291
-------------------------------------
[Epoch : 169/500]
Total_loss	: 0.0931
MMD_loss	: 1.5857
cond_ent_wt	: 4.8292
Src_reg_loss	: 0.0290
-------------------------------------
[Epoch : 170/500]
Total_loss	: 0.0930
MMD_loss	: 1.5847
cond_ent_wt	: 4.8292
Src_reg_loss	: 0.0289
-------------------------------------
[Epoch : 171/500]
Total_loss	: 0.0929
MMD_loss	: 1.5838
cond_ent_wt	: 4.8291
Src_reg_loss	: 0.0288
-------------------------------------
[Epoch : 172/500]
Total_loss	: 0.0928
MMD_loss	: 1.5828
cond_ent_wt	: 4.8291
Src_reg_loss	: 0.0286
-------------------------------------
[Epoch : 173/500]
Total_loss	: 0.0927
MMD_loss	: 1.5819
cond_ent_wt	: 4.8291
Src_reg_loss	: 0.0285
-------------------------------------
[Epoch : 174/500]
Total_loss	: 0.0925
MMD_loss	: 1.5811
cond_ent_wt	: 4.8290
Src_reg_loss	: 0.0284
-------------------------------------
[Epoch : 175/500]
Total_loss	: 0.0924
MMD_loss	: 1.5802
cond_ent_wt	: 4.8290
Src_reg_loss	: 0.0283
-------------------------------------
[Epoch : 176/500]
Total_loss	: 0.0923
MMD_loss	: 1.5794
cond_ent_wt	: 4.8290
Src_reg_loss	: 0.0282
-------------------------------------
[Epoch : 177/500]
Total_loss	: 0.0922
MMD_loss	: 1.5786
cond_ent_wt	: 4.8289
Src_reg_loss	: 0.0281
-------------------------------------
[Epoch : 178/500]
Total_loss	: 0.0921
MMD_loss	: 1.5778
cond_ent_wt	: 4.8289
Src_reg_loss	: 0.0280
-------------------------------------
[Epoch : 179/500]
Total_loss	: 0.0920
MMD_loss	: 1.5770
cond_ent_wt	: 4.8289
Src_reg_loss	: 0.0279
-------------------------------------
[Epoch : 180/500]
Total_loss	: 0.0919
MMD_loss	: 1.5763
cond_ent_wt	: 4.8288
Src_reg_loss	: 0.0278
-------------------------------------
[Epoch : 181/500]
Total_loss	: 0.0918
MMD_loss	: 1.5756
cond_ent_wt	: 4.8288
Src_reg_loss	: 0.0278
-------------------------------------
[Epoch : 182/500]
Total_loss	: 0.0917
MMD_loss	: 1.5749
cond_ent_wt	: 4.8288
Src_reg_loss	: 0.0277
-------------------------------------
[Epoch : 183/500]
Total_loss	: 0.0916
MMD_loss	: 1.5742
cond_ent_wt	: 4.8287
Src_reg_loss	: 0.0276
-------------------------------------
[Epoch : 184/500]
Total_loss	: 0.0915
MMD_loss	: 1.5735
cond_ent_wt	: 4.8287
Src_reg_loss	: 0.0275
-------------------------------------
[Epoch : 185/500]
Total_loss	: 0.0914
MMD_loss	: 1.5729
cond_ent_wt	: 4.8287
Src_reg_loss	: 0.0274
-------------------------------------
[Epoch : 186/500]
Total_loss	: 0.0913
MMD_loss	: 1.5723
cond_ent_wt	: 4.8286
Src_reg_loss	: 0.0273
-------------------------------------
[Epoch : 187/500]
Total_loss	: 0.0912
MMD_loss	: 1.5717
cond_ent_wt	: 4.8286
Src_reg_loss	: 0.0272
-------------------------------------
[Epoch : 188/500]
Total_loss	: 0.0911
MMD_loss	: 1.5711
cond_ent_wt	: 4.8286
Src_reg_loss	: 0.0271
-------------------------------------
[Epoch : 189/500]
Total_loss	: 0.0910
MMD_loss	: 1.5705
cond_ent_wt	: 4.8285
Src_reg_loss	: 0.0270
-------------------------------------
[Epoch : 190/500]
Total_loss	: 0.0909
MMD_loss	: 1.5700
cond_ent_wt	: 4.8285
Src_reg_loss	: 0.0269
-------------------------------------
[Epoch : 191/500]
Total_loss	: 0.0908
MMD_loss	: 1.5695
cond_ent_wt	: 4.8285
Src_reg_loss	: 0.0268
-------------------------------------
[Epoch : 192/500]
Total_loss	: 0.0907
MMD_loss	: 1.5690
cond_ent_wt	: 4.8284
Src_reg_loss	: 0.0268
-------------------------------------
[Epoch : 193/500]
Total_loss	: 0.0906
MMD_loss	: 1.5685
cond_ent_wt	: 4.8284
Src_reg_loss	: 0.0267
-------------------------------------
[Epoch : 194/500]
Total_loss	: 0.0906
MMD_loss	: 1.5680
cond_ent_wt	: 4.8284
Src_reg_loss	: 0.0266
-------------------------------------
[Epoch : 195/500]
Total_loss	: 0.0905
MMD_loss	: 1.5675
cond_ent_wt	: 4.8283
Src_reg_loss	: 0.0265
-------------------------------------
[Epoch : 196/500]
Total_loss	: 0.0904
MMD_loss	: 1.5671
cond_ent_wt	: 4.8283
Src_reg_loss	: 0.0264
-------------------------------------
[Epoch : 197/500]
Total_loss	: 0.0903
MMD_loss	: 1.5666
cond_ent_wt	: 4.8283
Src_reg_loss	: 0.0263
-------------------------------------
[Epoch : 198/500]
Total_loss	: 0.0902
MMD_loss	: 1.5662
cond_ent_wt	: 4.8282
Src_reg_loss	: 0.0263
-------------------------------------
[Epoch : 199/500]
Total_loss	: 0.0901
MMD_loss	: 1.5658
cond_ent_wt	: 4.8282
Src_reg_loss	: 0.0262
-------------------------------------
[Epoch : 200/500]
Total_loss	: 0.0900
MMD_loss	: 1.5654
cond_ent_wt	: 4.8282
Src_reg_loss	: 0.0261
-------------------------------------
[Epoch : 201/500]
Total_loss	: 0.0900
MMD_loss	: 1.5651
cond_ent_wt	: 4.8281
Src_reg_loss	: 0.0260
-------------------------------------
[Epoch : 202/500]
Total_loss	: 0.0899
MMD_loss	: 1.5647
cond_ent_wt	: 4.8281
Src_reg_loss	: 0.0259
-------------------------------------
[Epoch : 203/500]
Total_loss	: 0.0898
MMD_loss	: 1.5644
cond_ent_wt	: 4.8281
Src_reg_loss	: 0.0259
-------------------------------------
[Epoch : 204/500]
Total_loss	: 0.0897
MMD_loss	: 1.5640
cond_ent_wt	: 4.8280
Src_reg_loss	: 0.0258
-------------------------------------
[Epoch : 205/500]
Total_loss	: 0.0896
MMD_loss	: 1.5637
cond_ent_wt	: 4.8280
Src_reg_loss	: 0.0257
-------------------------------------
[Epoch : 206/500]
Total_loss	: 0.0896
MMD_loss	: 1.5634
cond_ent_wt	: 4.8279
Src_reg_loss	: 0.0256
-------------------------------------
[Epoch : 207/500]
Total_loss	: 0.0895
MMD_loss	: 1.5631
cond_ent_wt	: 4.8279
Src_reg_loss	: 0.0256
-------------------------------------
[Epoch : 208/500]
Total_loss	: 0.0894
MMD_loss	: 1.5629
cond_ent_wt	: 4.8279
Src_reg_loss	: 0.0255
-------------------------------------
[Epoch : 209/500]
Total_loss	: 0.0893
MMD_loss	: 1.5626
cond_ent_wt	: 4.8278
Src_reg_loss	: 0.0254
-------------------------------------
[Epoch : 210/500]
Total_loss	: 0.0892
MMD_loss	: 1.5624
cond_ent_wt	: 4.8278
Src_reg_loss	: 0.0253
-------------------------------------
[Epoch : 211/500]
Total_loss	: 0.0892
MMD_loss	: 1.5621
cond_ent_wt	: 4.8278
Src_reg_loss	: 0.0253
-------------------------------------
[Epoch : 212/500]
Total_loss	: 0.0891
MMD_loss	: 1.5619
cond_ent_wt	: 4.8277
Src_reg_loss	: 0.0252
-------------------------------------
[Epoch : 213/500]
Total_loss	: 0.0890
MMD_loss	: 1.5617
cond_ent_wt	: 4.8277
Src_reg_loss	: 0.0251
-------------------------------------
[Epoch : 214/500]
Total_loss	: 0.0889
MMD_loss	: 1.5615
cond_ent_wt	: 4.8277
Src_reg_loss	: 0.0251
-------------------------------------
[Epoch : 215/500]
Total_loss	: 0.0889
MMD_loss	: 1.5613
cond_ent_wt	: 4.8276
Src_reg_loss	: 0.0250
-------------------------------------
[Epoch : 216/500]
Total_loss	: 0.0888
MMD_loss	: 1.5612
cond_ent_wt	: 4.8276
Src_reg_loss	: 0.0249
-------------------------------------
[Epoch : 217/500]
Total_loss	: 0.0887
MMD_loss	: 1.5610
cond_ent_wt	: 4.8275
Src_reg_loss	: 0.0248
-------------------------------------
[Epoch : 218/500]
Total_loss	: 0.0887
MMD_loss	: 1.5609
cond_ent_wt	: 4.8275
Src_reg_loss	: 0.0248
-------------------------------------
[Epoch : 219/500]
Total_loss	: 0.0886
MMD_loss	: 1.5607
cond_ent_wt	: 4.8275
Src_reg_loss	: 0.0247
-------------------------------------
[Epoch : 220/500]
Total_loss	: 0.0885
MMD_loss	: 1.5606
cond_ent_wt	: 4.8274
Src_reg_loss	: 0.0246
-------------------------------------
[Epoch : 221/500]
Total_loss	: 0.0884
MMD_loss	: 1.5605
cond_ent_wt	: 4.8274
Src_reg_loss	: 0.0246
-------------------------------------
[Epoch : 222/500]
Total_loss	: 0.0884
MMD_loss	: 1.5604
cond_ent_wt	: 4.8274
Src_reg_loss	: 0.0245
-------------------------------------
[Epoch : 223/500]
Total_loss	: 0.0883
MMD_loss	: 1.5603
cond_ent_wt	: 4.8273
Src_reg_loss	: 0.0244
-------------------------------------
[Epoch : 224/500]
Total_loss	: 0.0882
MMD_loss	: 1.5603
cond_ent_wt	: 4.8273
Src_reg_loss	: 0.0244
-------------------------------------
[Epoch : 225/500]
Total_loss	: 0.0882
MMD_loss	: 1.5602
cond_ent_wt	: 4.8272
Src_reg_loss	: 0.0243
-------------------------------------
[Epoch : 226/500]
Total_loss	: 0.0881
MMD_loss	: 1.5601
cond_ent_wt	: 4.8272
Src_reg_loss	: 0.0242
-------------------------------------
[Epoch : 227/500]
Total_loss	: 0.0880
MMD_loss	: 1.5601
cond_ent_wt	: 4.8272
Src_reg_loss	: 0.0242
-------------------------------------
[Epoch : 228/500]
Total_loss	: 0.0880
MMD_loss	: 1.5601
cond_ent_wt	: 4.8271
Src_reg_loss	: 0.0241
-------------------------------------
[Epoch : 229/500]
Total_loss	: 0.0879
MMD_loss	: 1.5600
cond_ent_wt	: 4.8271
Src_reg_loss	: 0.0240
-------------------------------------
[Epoch : 230/500]
Total_loss	: 0.0879
MMD_loss	: 1.5600
cond_ent_wt	: 4.8271
Src_reg_loss	: 0.0240
-------------------------------------
[Epoch : 231/500]
Total_loss	: 0.0878
MMD_loss	: 1.5600
cond_ent_wt	: 4.8270
Src_reg_loss	: 0.0239
-------------------------------------
[Epoch : 232/500]
Total_loss	: 0.0877
MMD_loss	: 1.5600
cond_ent_wt	: 4.8270
Src_reg_loss	: 0.0239
-------------------------------------
[Epoch : 233/500]
Total_loss	: 0.0877
MMD_loss	: 1.5601
cond_ent_wt	: 4.8269
Src_reg_loss	: 0.0238
-------------------------------------
[Epoch : 234/500]
Total_loss	: 0.0876
MMD_loss	: 1.5601
cond_ent_wt	: 4.8269
Src_reg_loss	: 0.0237
-------------------------------------
[Epoch : 235/500]
Total_loss	: 0.0875
MMD_loss	: 1.5601
cond_ent_wt	: 4.8269
Src_reg_loss	: 0.0237
-------------------------------------
[Epoch : 236/500]
Total_loss	: 0.0875
MMD_loss	: 1.5602
cond_ent_wt	: 4.8268
Src_reg_loss	: 0.0236
-------------------------------------
[Epoch : 237/500]
Total_loss	: 0.0874
MMD_loss	: 1.5603
cond_ent_wt	: 4.8268
Src_reg_loss	: 0.0236
-------------------------------------
[Epoch : 238/500]
Total_loss	: 0.0874
MMD_loss	: 1.5603
cond_ent_wt	: 4.8267
Src_reg_loss	: 0.0235
-------------------------------------
[Epoch : 239/500]
Total_loss	: 0.0873
MMD_loss	: 1.5604
cond_ent_wt	: 4.8267
Src_reg_loss	: 0.0234
-------------------------------------
[Epoch : 240/500]
Total_loss	: 0.0873
MMD_loss	: 1.5605
cond_ent_wt	: 4.8266
Src_reg_loss	: 0.0234
-------------------------------------
[Epoch : 241/500]
Total_loss	: 0.0872
MMD_loss	: 1.5606
cond_ent_wt	: 4.8266
Src_reg_loss	: 0.0233
-------------------------------------
[Epoch : 242/500]
Total_loss	: 0.0871
MMD_loss	: 1.5607
cond_ent_wt	: 4.8266
Src_reg_loss	: 0.0233
-------------------------------------
[Epoch : 243/500]
Total_loss	: 0.0871
MMD_loss	: 1.5609
cond_ent_wt	: 4.8265
Src_reg_loss	: 0.0232
-------------------------------------
[Epoch : 244/500]
Total_loss	: 0.0870
MMD_loss	: 1.5610
cond_ent_wt	: 4.8265
Src_reg_loss	: 0.0232
-------------------------------------
[Epoch : 245/500]
Total_loss	: 0.0870
MMD_loss	: 1.5612
cond_ent_wt	: 4.8264
Src_reg_loss	: 0.0231
-------------------------------------
[Epoch : 246/500]
Total_loss	: 0.0869
MMD_loss	: 1.5613
cond_ent_wt	: 4.8264
Src_reg_loss	: 0.0230
-------------------------------------
[Epoch : 247/500]
Total_loss	: 0.0869
MMD_loss	: 1.5615
cond_ent_wt	: 4.8263
Src_reg_loss	: 0.0230
-------------------------------------
[Epoch : 248/500]
Total_loss	: 0.0868
MMD_loss	: 1.5617
cond_ent_wt	: 4.8263
Src_reg_loss	: 0.0229
-------------------------------------
[Epoch : 249/500]
Total_loss	: 0.0868
MMD_loss	: 1.5619
cond_ent_wt	: 4.8262
Src_reg_loss	: 0.0229
-------------------------------------
[Epoch : 250/500]
Total_loss	: 0.0867
MMD_loss	: 1.5621
cond_ent_wt	: 4.8262
Src_reg_loss	: 0.0228
-------------------------------------
[Epoch : 251/500]
Total_loss	: 0.0866
MMD_loss	: 1.5623
cond_ent_wt	: 4.8262
Src_reg_loss	: 0.0228
-------------------------------------
[Epoch : 252/500]
Total_loss	: 0.0866
MMD_loss	: 1.5625
cond_ent_wt	: 4.8261
Src_reg_loss	: 0.0227
-------------------------------------
[Epoch : 253/500]
Total_loss	: 0.0865
MMD_loss	: 1.5627
cond_ent_wt	: 4.8261
Src_reg_loss	: 0.0227
-------------------------------------
[Epoch : 254/500]
Total_loss	: 0.0865
MMD_loss	: 1.5630
cond_ent_wt	: 4.8260
Src_reg_loss	: 0.0226
-------------------------------------
[Epoch : 255/500]
Total_loss	: 0.0864
MMD_loss	: 1.5633
cond_ent_wt	: 4.8260
Src_reg_loss	: 0.0225
-------------------------------------
[Epoch : 256/500]
Total_loss	: 0.0864
MMD_loss	: 1.5635
cond_ent_wt	: 4.8259
Src_reg_loss	: 0.0225
-------------------------------------
[Epoch : 257/500]
Total_loss	: 0.0863
MMD_loss	: 1.5638
cond_ent_wt	: 4.8259
Src_reg_loss	: 0.0224
-------------------------------------
[Epoch : 258/500]
Total_loss	: 0.0863
MMD_loss	: 1.5641
cond_ent_wt	: 4.8258
Src_reg_loss	: 0.0224
-------------------------------------
[Epoch : 259/500]
Total_loss	: 0.0862
MMD_loss	: 1.5644
cond_ent_wt	: 4.8258
Src_reg_loss	: 0.0223
-------------------------------------
[Epoch : 260/500]
Total_loss	: 0.0862
MMD_loss	: 1.5647
cond_ent_wt	: 4.8257
Src_reg_loss	: 0.0223
-------------------------------------
[Epoch : 261/500]
Total_loss	: 0.0861
MMD_loss	: 1.5651
cond_ent_wt	: 4.8257
Src_reg_loss	: 0.0222
-------------------------------------
[Epoch : 262/500]
Total_loss	: 0.0861
MMD_loss	: 1.5654
cond_ent_wt	: 4.8256
Src_reg_loss	: 0.0222
-------------------------------------
[Epoch : 263/500]
Total_loss	: 0.0860
MMD_loss	: 1.5658
cond_ent_wt	: 4.8256
Src_reg_loss	: 0.0221
-------------------------------------
[Epoch : 264/500]
Total_loss	: 0.0860
MMD_loss	: 1.5661
cond_ent_wt	: 4.8255
Src_reg_loss	: 0.0221
-------------------------------------
[Epoch : 265/500]
Total_loss	: 0.0860
MMD_loss	: 1.5665
cond_ent_wt	: 4.8254
Src_reg_loss	: 0.0220
-------------------------------------
[Epoch : 266/500]
Total_loss	: 0.0859
MMD_loss	: 1.5669
cond_ent_wt	: 4.8254
Src_reg_loss	: 0.0220
-------------------------------------
[Epoch : 267/500]
Total_loss	: 0.0859
MMD_loss	: 1.5673
cond_ent_wt	: 4.8253
Src_reg_loss	: 0.0219
-------------------------------------
[Epoch : 268/500]
Total_loss	: 0.0858
MMD_loss	: 1.5677
cond_ent_wt	: 4.8253
Src_reg_loss	: 0.0219
-------------------------------------
[Epoch : 269/500]
Total_loss	: 0.0858
MMD_loss	: 1.5681
cond_ent_wt	: 4.8252
Src_reg_loss	: 0.0218
-------------------------------------
[Epoch : 270/500]
Total_loss	: 0.0857
MMD_loss	: 1.5685
cond_ent_wt	: 4.8252
Src_reg_loss	: 0.0218
-------------------------------------
[Epoch : 271/500]
Total_loss	: 0.0857
MMD_loss	: 1.5689
cond_ent_wt	: 4.8251
Src_reg_loss	: 0.0217
-------------------------------------
[Epoch : 272/500]
Total_loss	: 0.0856
MMD_loss	: 1.5694
cond_ent_wt	: 4.8251
Src_reg_loss	: 0.0217
-------------------------------------
[Epoch : 273/500]
Total_loss	: 0.0856
MMD_loss	: 1.5698
cond_ent_wt	: 4.8250
Src_reg_loss	: 0.0216
-------------------------------------
[Epoch : 274/500]
Total_loss	: 0.0856
MMD_loss	: 1.5703
cond_ent_wt	: 4.8249
Src_reg_loss	: 0.0216
-------------------------------------
[Epoch : 275/500]
Total_loss	: 0.0855
MMD_loss	: 1.5707
cond_ent_wt	: 4.8249
Src_reg_loss	: 0.0216
-------------------------------------
[Epoch : 276/500]
Total_loss	: 0.0855
MMD_loss	: 1.5712
cond_ent_wt	: 4.8248
Src_reg_loss	: 0.0215
-------------------------------------
[Epoch : 277/500]
Total_loss	: 0.0854
MMD_loss	: 1.5717
cond_ent_wt	: 4.8247
Src_reg_loss	: 0.0215
-------------------------------------
[Epoch : 278/500]
Total_loss	: 0.0854
MMD_loss	: 1.5722
cond_ent_wt	: 4.8247
Src_reg_loss	: 0.0214
-------------------------------------
[Epoch : 279/500]
Total_loss	: 0.0853
MMD_loss	: 1.5727
cond_ent_wt	: 4.8246
Src_reg_loss	: 0.0214
-------------------------------------
[Epoch : 280/500]
Total_loss	: 0.0853
MMD_loss	: 1.5732
cond_ent_wt	: 4.8246
Src_reg_loss	: 0.0213
-------------------------------------
[Epoch : 281/500]
Total_loss	: 0.0853
MMD_loss	: 1.5738
cond_ent_wt	: 4.8245
Src_reg_loss	: 0.0213
-------------------------------------
[Epoch : 282/500]
Total_loss	: 0.0852
MMD_loss	: 1.5743
cond_ent_wt	: 4.8244
Src_reg_loss	: 0.0212
-------------------------------------
[Epoch : 283/500]
Total_loss	: 0.0852
MMD_loss	: 1.5748
cond_ent_wt	: 4.8244
Src_reg_loss	: 0.0212
-------------------------------------
[Epoch : 284/500]
Total_loss	: 0.0851
MMD_loss	: 1.5754
cond_ent_wt	: 4.8243
Src_reg_loss	: 0.0211
-------------------------------------
[Epoch : 285/500]
Total_loss	: 0.0851
MMD_loss	: 1.5760
cond_ent_wt	: 4.8242
Src_reg_loss	: 0.0211
-------------------------------------
[Epoch : 286/500]
Total_loss	: 0.0851
MMD_loss	: 1.5765
cond_ent_wt	: 4.8242
Src_reg_loss	: 0.0211
-------------------------------------
[Epoch : 287/500]
Total_loss	: 0.0850
MMD_loss	: 1.5771
cond_ent_wt	: 4.8241
Src_reg_loss	: 0.0210
-------------------------------------
[Epoch : 288/500]
Total_loss	: 0.0850
MMD_loss	: 1.5777
cond_ent_wt	: 4.8240
Src_reg_loss	: 0.0210
-------------------------------------
[Epoch : 289/500]
Total_loss	: 0.0849
MMD_loss	: 1.5783
cond_ent_wt	: 4.8239
Src_reg_loss	: 0.0209
-------------------------------------
[Epoch : 290/500]
Total_loss	: 0.0849
MMD_loss	: 1.5790
cond_ent_wt	: 4.8239
Src_reg_loss	: 0.0209
-------------------------------------
[Epoch : 291/500]
Total_loss	: 0.0849
MMD_loss	: 1.5796
cond_ent_wt	: 4.8238
Src_reg_loss	: 0.0208
-------------------------------------
[Epoch : 292/500]
Total_loss	: 0.0848
MMD_loss	: 1.5802
cond_ent_wt	: 4.8237
Src_reg_loss	: 0.0208
-------------------------------------
[Epoch : 293/500]
Total_loss	: 0.0848
MMD_loss	: 1.5809
cond_ent_wt	: 4.8236
Src_reg_loss	: 0.0207
-------------------------------------
[Epoch : 294/500]
Total_loss	: 0.0848
MMD_loss	: 1.5815
cond_ent_wt	: 4.8236
Src_reg_loss	: 0.0207
-------------------------------------
[Epoch : 295/500]
Total_loss	: 0.0847
MMD_loss	: 1.5822
cond_ent_wt	: 4.8235
Src_reg_loss	: 0.0207
-------------------------------------
[Epoch : 296/500]
Total_loss	: 0.0847
MMD_loss	: 1.5829
cond_ent_wt	: 4.8234
Src_reg_loss	: 0.0206
-------------------------------------
[Epoch : 297/500]
Total_loss	: 0.0846
MMD_loss	: 1.5836
cond_ent_wt	: 4.8233
Src_reg_loss	: 0.0206
-------------------------------------
[Epoch : 298/500]
Total_loss	: 0.0846
MMD_loss	: 1.5843
cond_ent_wt	: 4.8233
Src_reg_loss	: 0.0205
-------------------------------------
[Epoch : 299/500]
Total_loss	: 0.0846
MMD_loss	: 1.5850
cond_ent_wt	: 4.8232
Src_reg_loss	: 0.0205
-------------------------------------
[Epoch : 300/500]
Total_loss	: 0.0845
MMD_loss	: 1.5857
cond_ent_wt	: 4.8231
Src_reg_loss	: 0.0205
-------------------------------------
[Epoch : 301/500]
Total_loss	: 0.0845
MMD_loss	: 1.5865
cond_ent_wt	: 4.8230
Src_reg_loss	: 0.0204
-------------------------------------
[Epoch : 302/500]
Total_loss	: 0.0845
MMD_loss	: 1.5872
cond_ent_wt	: 4.8229
Src_reg_loss	: 0.0204
-------------------------------------
[Epoch : 303/500]
Total_loss	: 0.0844
MMD_loss	: 1.5880
cond_ent_wt	: 4.8228
Src_reg_loss	: 0.0203
-------------------------------------
[Epoch : 304/500]
Total_loss	: 0.0844
MMD_loss	: 1.5887
cond_ent_wt	: 4.8227
Src_reg_loss	: 0.0203
-------------------------------------
[Epoch : 305/500]
Total_loss	: 0.0844
MMD_loss	: 1.5895
cond_ent_wt	: 4.8227
Src_reg_loss	: 0.0203
-------------------------------------
[Epoch : 306/500]
Total_loss	: 0.0843
MMD_loss	: 1.5903
cond_ent_wt	: 4.8226
Src_reg_loss	: 0.0202
-------------------------------------
[Epoch : 307/500]
Total_loss	: 0.0843
MMD_loss	: 1.5911
cond_ent_wt	: 4.8225
Src_reg_loss	: 0.0202
-------------------------------------
[Epoch : 308/500]
Total_loss	: 0.0843
MMD_loss	: 1.5919
cond_ent_wt	: 4.8224
Src_reg_loss	: 0.0201
-------------------------------------
[Epoch : 309/500]
Total_loss	: 0.0842
MMD_loss	: 1.5927
cond_ent_wt	: 4.8223
Src_reg_loss	: 0.0201
-------------------------------------
[Epoch : 310/500]
Total_loss	: 0.0842
MMD_loss	: 1.5935
cond_ent_wt	: 4.8222
Src_reg_loss	: 0.0201
-------------------------------------
[Epoch : 311/500]
Total_loss	: 0.0842
MMD_loss	: 1.5944
cond_ent_wt	: 4.8221
Src_reg_loss	: 0.0200
-------------------------------------
[Epoch : 312/500]
Total_loss	: 0.0841
MMD_loss	: 1.5952
cond_ent_wt	: 4.8220
Src_reg_loss	: 0.0200
-------------------------------------
[Epoch : 313/500]
Total_loss	: 0.0841
MMD_loss	: 1.5961
cond_ent_wt	: 4.8219
Src_reg_loss	: 0.0199
-------------------------------------
[Epoch : 314/500]
Total_loss	: 0.0841
MMD_loss	: 1.5970
cond_ent_wt	: 4.8218
Src_reg_loss	: 0.0199
-------------------------------------
[Epoch : 315/500]
Total_loss	: 0.0841
MMD_loss	: 1.5979
cond_ent_wt	: 4.8217
Src_reg_loss	: 0.0199
-------------------------------------
[Epoch : 316/500]
Total_loss	: 0.0840
MMD_loss	: 1.5988
cond_ent_wt	: 4.8216
Src_reg_loss	: 0.0198
-------------------------------------
[Epoch : 317/500]
Total_loss	: 0.0840
MMD_loss	: 1.5997
cond_ent_wt	: 4.8215
Src_reg_loss	: 0.0198
-------------------------------------
[Epoch : 318/500]
Total_loss	: 0.0840
MMD_loss	: 1.6007
cond_ent_wt	: 4.8214
Src_reg_loss	: 0.0197
-------------------------------------
[Epoch : 319/500]
Total_loss	: 0.0839
MMD_loss	: 1.6016
cond_ent_wt	: 4.8213
Src_reg_loss	: 0.0197
-------------------------------------
[Epoch : 320/500]
Total_loss	: 0.0839
MMD_loss	: 1.6026
cond_ent_wt	: 4.8212
Src_reg_loss	: 0.0197
-------------------------------------
[Epoch : 321/500]
Total_loss	: 0.0839
MMD_loss	: 1.6036
cond_ent_wt	: 4.8211
Src_reg_loss	: 0.0196
-------------------------------------
[Epoch : 322/500]
Total_loss	: 0.0839
MMD_loss	: 1.6046
cond_ent_wt	: 4.8209
Src_reg_loss	: 0.0196
-------------------------------------
[Epoch : 323/500]
Total_loss	: 0.0838
MMD_loss	: 1.6056
cond_ent_wt	: 4.8208
Src_reg_loss	: 0.0196
-------------------------------------
[Epoch : 324/500]
Total_loss	: 0.0838
MMD_loss	: 1.6066
cond_ent_wt	: 4.8207
Src_reg_loss	: 0.0195
-------------------------------------
[Epoch : 325/500]
Total_loss	: 0.0838
MMD_loss	: 1.6076
cond_ent_wt	: 4.8206
Src_reg_loss	: 0.0195
-------------------------------------
[Epoch : 326/500]
Total_loss	: 0.0837
MMD_loss	: 1.6087
cond_ent_wt	: 4.8205
Src_reg_loss	: 0.0194
-------------------------------------
[Epoch : 327/500]
Total_loss	: 0.0837
MMD_loss	: 1.6097
cond_ent_wt	: 4.8203
Src_reg_loss	: 0.0194
-------------------------------------
[Epoch : 328/500]
Total_loss	: 0.0837
MMD_loss	: 1.6108
cond_ent_wt	: 4.8202
Src_reg_loss	: 0.0194
-------------------------------------
[Epoch : 329/500]
Total_loss	: 0.0837
MMD_loss	: 1.6119
cond_ent_wt	: 4.8201
Src_reg_loss	: 0.0193
-------------------------------------
[Epoch : 330/500]
Total_loss	: 0.0836
MMD_loss	: 1.6130
cond_ent_wt	: 4.8199
Src_reg_loss	: 0.0193
-------------------------------------
[Epoch : 331/500]
Total_loss	: 0.0836
MMD_loss	: 1.6141
cond_ent_wt	: 4.8198
Src_reg_loss	: 0.0193
-------------------------------------
[Epoch : 332/500]
Total_loss	: 0.0836
MMD_loss	: 1.6152
cond_ent_wt	: 4.8196
Src_reg_loss	: 0.0192
-------------------------------------
[Epoch : 333/500]
Total_loss	: 0.0836
MMD_loss	: 1.6163
cond_ent_wt	: 4.8195
Src_reg_loss	: 0.0192
-------------------------------------
[Epoch : 334/500]
Total_loss	: 0.0835
MMD_loss	: 1.6175
cond_ent_wt	: 4.8194
Src_reg_loss	: 0.0192
-------------------------------------
[Epoch : 335/500]
Total_loss	: 0.0835
MMD_loss	: 1.6186
cond_ent_wt	: 4.8192
Src_reg_loss	: 0.0191
-------------------------------------
[Epoch : 336/500]
Total_loss	: 0.0835
MMD_loss	: 1.6197
cond_ent_wt	: 4.8191
Src_reg_loss	: 0.0191
-------------------------------------
[Epoch : 337/500]
Total_loss	: 0.0835
MMD_loss	: 1.6209
cond_ent_wt	: 4.8189
Src_reg_loss	: 0.0191
-------------------------------------
[Epoch : 338/500]
Total_loss	: 0.0834
MMD_loss	: 1.6221
cond_ent_wt	: 4.8188
Src_reg_loss	: 0.0190
-------------------------------------
[Epoch : 339/500]
Total_loss	: 0.0834
MMD_loss	: 1.6232
cond_ent_wt	: 4.8186
Src_reg_loss	: 0.0190
-------------------------------------
[Epoch : 340/500]
Total_loss	: 0.0834
MMD_loss	: 1.6244
cond_ent_wt	: 4.8184
Src_reg_loss	: 0.0190
-------------------------------------
[Epoch : 341/500]
Total_loss	: 0.0834
MMD_loss	: 1.6256
cond_ent_wt	: 4.8183
Src_reg_loss	: 0.0189
-------------------------------------
[Epoch : 342/500]
Total_loss	: 0.0833
MMD_loss	: 1.6268
cond_ent_wt	: 4.8181
Src_reg_loss	: 0.0189
-------------------------------------
[Epoch : 343/500]
Total_loss	: 0.0833
MMD_loss	: 1.6280
cond_ent_wt	: 4.8179
Src_reg_loss	: 0.0189
-------------------------------------
[Epoch : 344/500]
Total_loss	: 0.0833
MMD_loss	: 1.6292
cond_ent_wt	: 4.8178
Src_reg_loss	: 0.0188
-------------------------------------
[Epoch : 345/500]
Total_loss	: 0.0833
MMD_loss	: 1.6304
cond_ent_wt	: 4.8176
Src_reg_loss	: 0.0188
-------------------------------------
[Epoch : 346/500]
Total_loss	: 0.0832
MMD_loss	: 1.6316
cond_ent_wt	: 4.8174
Src_reg_loss	: 0.0188
-------------------------------------
[Epoch : 347/500]
Total_loss	: 0.0832
MMD_loss	: 1.6328
cond_ent_wt	: 4.8172
Src_reg_loss	: 0.0187
-------------------------------------
[Epoch : 348/500]
Total_loss	: 0.0832
MMD_loss	: 1.6340
cond_ent_wt	: 4.8171
Src_reg_loss	: 0.0187
-------------------------------------
[Epoch : 349/500]
Total_loss	: 0.0832
MMD_loss	: 1.6352
cond_ent_wt	: 4.8169
Src_reg_loss	: 0.0187
-------------------------------------
[Epoch : 350/500]
Total_loss	: 0.0832
MMD_loss	: 1.6365
cond_ent_wt	: 4.8167
Src_reg_loss	: 0.0186
-------------------------------------
[Epoch : 351/500]
Total_loss	: 0.0831
MMD_loss	: 1.6377
cond_ent_wt	: 4.8165
Src_reg_loss	: 0.0186
-------------------------------------
[Epoch : 352/500]
Total_loss	: 0.0831
MMD_loss	: 1.6389
cond_ent_wt	: 4.8163
Src_reg_loss	: 0.0186
-------------------------------------
[Epoch : 353/500]
Total_loss	: 0.0831
MMD_loss	: 1.6401
cond_ent_wt	: 4.8161
Src_reg_loss	: 0.0185
-------------------------------------
[Epoch : 354/500]
Total_loss	: 0.0831
MMD_loss	: 1.6413
cond_ent_wt	: 4.8159
Src_reg_loss	: 0.0185
-------------------------------------
[Epoch : 355/500]
Total_loss	: 0.0830
MMD_loss	: 1.6425
cond_ent_wt	: 4.8157
Src_reg_loss	: 0.0185
-------------------------------------
[Epoch : 356/500]
Total_loss	: 0.0830
MMD_loss	: 1.6438
cond_ent_wt	: 4.8155
Src_reg_loss	: 0.0184
-------------------------------------
[Epoch : 357/500]
Total_loss	: 0.0830
MMD_loss	: 1.6450
cond_ent_wt	: 4.8153
Src_reg_loss	: 0.0184
-------------------------------------
[Epoch : 358/500]
Total_loss	: 0.0830
MMD_loss	: 1.6462
cond_ent_wt	: 4.8151
Src_reg_loss	: 0.0184
-------------------------------------
[Epoch : 359/500]
Total_loss	: 0.0830
MMD_loss	: 1.6474
cond_ent_wt	: 4.8149
Src_reg_loss	: 0.0183
-------------------------------------
[Epoch : 360/500]
Total_loss	: 0.0829
MMD_loss	: 1.6486
cond_ent_wt	: 4.8146
Src_reg_loss	: 0.0183
-------------------------------------
[Epoch : 361/500]
Total_loss	: 0.0829
MMD_loss	: 1.6498
cond_ent_wt	: 4.8144
Src_reg_loss	: 0.0183
-------------------------------------
[Epoch : 362/500]
Total_loss	: 0.0829
MMD_loss	: 1.6510
cond_ent_wt	: 4.8142
Src_reg_loss	: 0.0182
-------------------------------------
[Epoch : 363/500]
Total_loss	: 0.0829
MMD_loss	: 1.6522
cond_ent_wt	: 4.8140
Src_reg_loss	: 0.0182
-------------------------------------
[Epoch : 364/500]
Total_loss	: 0.0828
MMD_loss	: 1.6534
cond_ent_wt	: 4.8137
Src_reg_loss	: 0.0182
-------------------------------------
[Epoch : 365/500]
Total_loss	: 0.0828
MMD_loss	: 1.6546
cond_ent_wt	: 4.8135
Src_reg_loss	: 0.0181
-------------------------------------
[Epoch : 366/500]
Total_loss	: 0.0828
MMD_loss	: 1.6558
cond_ent_wt	: 4.8133
Src_reg_loss	: 0.0181
-------------------------------------
[Epoch : 367/500]
Total_loss	: 0.0828
MMD_loss	: 1.6570
cond_ent_wt	: 4.8130
Src_reg_loss	: 0.0181
-------------------------------------
[Epoch : 368/500]
Total_loss	: 0.0828
MMD_loss	: 1.6582
cond_ent_wt	: 4.8128
Src_reg_loss	: 0.0180
-------------------------------------
[Epoch : 369/500]
Total_loss	: 0.0827
MMD_loss	: 1.6593
cond_ent_wt	: 4.8126
Src_reg_loss	: 0.0180
-------------------------------------
[Epoch : 370/500]
Total_loss	: 0.0827
MMD_loss	: 1.6605
cond_ent_wt	: 4.8123
Src_reg_loss	: 0.0180
-------------------------------------
[Epoch : 371/500]
Total_loss	: 0.0827
MMD_loss	: 1.6617
cond_ent_wt	: 4.8121
Src_reg_loss	: 0.0180
-------------------------------------
[Epoch : 372/500]
Total_loss	: 0.0827
MMD_loss	: 1.6629
cond_ent_wt	: 4.8118
Src_reg_loss	: 0.0179
-------------------------------------
[Epoch : 373/500]
Total_loss	: 0.0827
MMD_loss	: 1.6640
cond_ent_wt	: 4.8116
Src_reg_loss	: 0.0179
-------------------------------------
[Epoch : 374/500]
Total_loss	: 0.0826
MMD_loss	: 1.6652
cond_ent_wt	: 4.8113
Src_reg_loss	: 0.0179
-------------------------------------
[Epoch : 375/500]
Total_loss	: 0.0826
MMD_loss	: 1.6663
cond_ent_wt	: 4.8110
Src_reg_loss	: 0.0178
-------------------------------------
[Epoch : 376/500]
Total_loss	: 0.0826
MMD_loss	: 1.6675
cond_ent_wt	: 4.8108
Src_reg_loss	: 0.0178
-------------------------------------
[Epoch : 377/500]
Total_loss	: 0.0826
MMD_loss	: 1.6686
cond_ent_wt	: 4.8105
Src_reg_loss	: 0.0178
-------------------------------------
[Epoch : 378/500]
Total_loss	: 0.0825
MMD_loss	: 1.6697
cond_ent_wt	: 4.8102
Src_reg_loss	: 0.0177
-------------------------------------
[Epoch : 379/500]
Total_loss	: 0.0825
MMD_loss	: 1.6708
cond_ent_wt	: 4.8100
Src_reg_loss	: 0.0177
-------------------------------------
[Epoch : 380/500]
Total_loss	: 0.0825
MMD_loss	: 1.6720
cond_ent_wt	: 4.8097
Src_reg_loss	: 0.0177
-------------------------------------
[Epoch : 381/500]
Total_loss	: 0.0825
MMD_loss	: 1.6731
cond_ent_wt	: 4.8094
Src_reg_loss	: 0.0177
-------------------------------------
[Epoch : 382/500]
Total_loss	: 0.0825
MMD_loss	: 1.6742
cond_ent_wt	: 4.8091
Src_reg_loss	: 0.0176
-------------------------------------
[Epoch : 383/500]
Total_loss	: 0.0824
MMD_loss	: 1.6753
cond_ent_wt	: 4.8089
Src_reg_loss	: 0.0176
-------------------------------------
[Epoch : 384/500]
Total_loss	: 0.0824
MMD_loss	: 1.6763
cond_ent_wt	: 4.8086
Src_reg_loss	: 0.0176
-------------------------------------
[Epoch : 385/500]
Total_loss	: 0.0824
MMD_loss	: 1.6774
cond_ent_wt	: 4.8083
Src_reg_loss	: 0.0175
-------------------------------------
[Epoch : 386/500]
Total_loss	: 0.0824
MMD_loss	: 1.6785
cond_ent_wt	: 4.8080
Src_reg_loss	: 0.0175
-------------------------------------
[Epoch : 387/500]
Total_loss	: 0.0824
MMD_loss	: 1.6795
cond_ent_wt	: 4.8077
Src_reg_loss	: 0.0175
-------------------------------------
[Epoch : 388/500]
Total_loss	: 0.0823
MMD_loss	: 1.6805
cond_ent_wt	: 4.8074
Src_reg_loss	: 0.0175
-------------------------------------
[Epoch : 389/500]
Total_loss	: 0.0823
MMD_loss	: 1.6816
cond_ent_wt	: 4.8071
Src_reg_loss	: 0.0174
-------------------------------------
[Epoch : 390/500]
Total_loss	: 0.0823
MMD_loss	: 1.6826
cond_ent_wt	: 4.8068
Src_reg_loss	: 0.0174
-------------------------------------
[Epoch : 391/500]
Total_loss	: 0.0823
MMD_loss	: 1.6836
cond_ent_wt	: 4.8065
Src_reg_loss	: 0.0174
-------------------------------------
[Epoch : 392/500]
Total_loss	: 0.0823
MMD_loss	: 1.6846
cond_ent_wt	: 4.8062
Src_reg_loss	: 0.0173
-------------------------------------
[Epoch : 393/500]
Total_loss	: 0.0822
MMD_loss	: 1.6856
cond_ent_wt	: 4.8059
Src_reg_loss	: 0.0173
-------------------------------------
[Epoch : 394/500]
Total_loss	: 0.0822
MMD_loss	: 1.6866
cond_ent_wt	: 4.8056
Src_reg_loss	: 0.0173
-------------------------------------
[Epoch : 395/500]
Total_loss	: 0.0822
MMD_loss	: 1.6876
cond_ent_wt	: 4.8053
Src_reg_loss	: 0.0173
-------------------------------------
[Epoch : 396/500]
Total_loss	: 0.0822
MMD_loss	: 1.6886
cond_ent_wt	: 4.8049
Src_reg_loss	: 0.0172
-------------------------------------
[Epoch : 397/500]
Total_loss	: 0.0822
MMD_loss	: 1.6896
cond_ent_wt	: 4.8046
Src_reg_loss	: 0.0172
-------------------------------------
[Epoch : 398/500]
Total_loss	: 0.0821
MMD_loss	: 1.6905
cond_ent_wt	: 4.8043
Src_reg_loss	: 0.0172
-------------------------------------
[Epoch : 399/500]
Total_loss	: 0.0821
MMD_loss	: 1.6913
cond_ent_wt	: 4.8040
Src_reg_loss	: 0.0172
-------------------------------------
[Epoch : 400/500]
Total_loss	: 0.0821
MMD_loss	: 1.6922
cond_ent_wt	: 4.8037
Src_reg_loss	: 0.0171
-------------------------------------
[Epoch : 401/500]
Total_loss	: 0.0821
MMD_loss	: 1.6929
cond_ent_wt	: 4.8033
Src_reg_loss	: 0.0171
-------------------------------------
[Epoch : 402/500]
Total_loss	: 0.0821
MMD_loss	: 1.6937
cond_ent_wt	: 4.8030
Src_reg_loss	: 0.0171
-------------------------------------
[Epoch : 403/500]
Total_loss	: 0.0820
MMD_loss	: 1.6945
cond_ent_wt	: 4.8027
Src_reg_loss	: 0.0171
-------------------------------------
[Epoch : 404/500]
Total_loss	: 0.0820
MMD_loss	: 1.6953
cond_ent_wt	: 4.8024
Src_reg_loss	: 0.0170
-------------------------------------
[Epoch : 405/500]
Total_loss	: 0.0820
MMD_loss	: 1.6961
cond_ent_wt	: 4.8020
Src_reg_loss	: 0.0170
-------------------------------------
[Epoch : 406/500]
Total_loss	: 0.0820
MMD_loss	: 1.6970
cond_ent_wt	: 4.8017
Src_reg_loss	: 0.0170
-------------------------------------
[Epoch : 407/500]
Total_loss	: 0.0819
MMD_loss	: 1.6978
cond_ent_wt	: 4.8014
Src_reg_loss	: 0.0170
-------------------------------------
[Epoch : 408/500]
Total_loss	: 0.0819
MMD_loss	: 1.6986
cond_ent_wt	: 4.8011
Src_reg_loss	: 0.0169
-------------------------------------
[Epoch : 409/500]
Total_loss	: 0.0819
MMD_loss	: 1.6994
cond_ent_wt	: 4.8007
Src_reg_loss	: 0.0169
-------------------------------------
[Epoch : 410/500]
Total_loss	: 0.0819
MMD_loss	: 1.7002
cond_ent_wt	: 4.8004
Src_reg_loss	: 0.0169
-------------------------------------
[Epoch : 411/500]
Total_loss	: 0.0819
MMD_loss	: 1.7010
cond_ent_wt	: 4.8001
Src_reg_loss	: 0.0169
-------------------------------------
[Epoch : 412/500]
Total_loss	: 0.0818
MMD_loss	: 1.7017
cond_ent_wt	: 4.7997
Src_reg_loss	: 0.0168
-------------------------------------
[Epoch : 413/500]
Total_loss	: 0.0818
MMD_loss	: 1.7025
cond_ent_wt	: 4.7994
Src_reg_loss	: 0.0168
-------------------------------------
[Epoch : 414/500]
Total_loss	: 0.0818
MMD_loss	: 1.7032
cond_ent_wt	: 4.7991
Src_reg_loss	: 0.0168
-------------------------------------
[Epoch : 415/500]
Total_loss	: 0.0818
MMD_loss	: 1.7038
cond_ent_wt	: 4.7987
Src_reg_loss	: 0.0167
-------------------------------------
[Epoch : 416/500]
Total_loss	: 0.0818
MMD_loss	: 1.7045
cond_ent_wt	: 4.7984
Src_reg_loss	: 0.0167
-------------------------------------
[Epoch : 417/500]
Total_loss	: 0.0817
MMD_loss	: 1.7052
cond_ent_wt	: 4.7981
Src_reg_loss	: 0.0167
-------------------------------------
[Epoch : 418/500]
Total_loss	: 0.0817
MMD_loss	: 1.7058
cond_ent_wt	: 4.7977
Src_reg_loss	: 0.0167
-------------------------------------
[Epoch : 419/500]
Total_loss	: 0.0817
MMD_loss	: 1.7065
cond_ent_wt	: 4.7974
Src_reg_loss	: 0.0166
-------------------------------------
[Epoch : 420/500]
Total_loss	: 0.0817
MMD_loss	: 1.7071
cond_ent_wt	: 4.7970
Src_reg_loss	: 0.0166
-------------------------------------
[Epoch : 421/500]
Total_loss	: 0.0816
MMD_loss	: 1.7078
cond_ent_wt	: 4.7967
Src_reg_loss	: 0.0166
-------------------------------------
[Epoch : 422/500]
Total_loss	: 0.0816
MMD_loss	: 1.7084
cond_ent_wt	: 4.7964
Src_reg_loss	: 0.0166
-------------------------------------
[Epoch : 423/500]
Total_loss	: 0.0816
MMD_loss	: 1.7090
cond_ent_wt	: 4.7960
Src_reg_loss	: 0.0165
-------------------------------------
[Epoch : 424/500]
Total_loss	: 0.0816
MMD_loss	: 1.7095
cond_ent_wt	: 4.7957
Src_reg_loss	: 0.0165
-------------------------------------
[Epoch : 425/500]
Total_loss	: 0.0816
MMD_loss	: 1.7101
cond_ent_wt	: 4.7953
Src_reg_loss	: 0.0165
-------------------------------------
[Epoch : 426/500]
Total_loss	: 0.0815
MMD_loss	: 1.7107
cond_ent_wt	: 4.7950
Src_reg_loss	: 0.0165
-------------------------------------
[Epoch : 427/500]
Total_loss	: 0.0815
MMD_loss	: 1.7112
cond_ent_wt	: 4.7946
Src_reg_loss	: 0.0164
-------------------------------------
[Epoch : 428/500]
Total_loss	: 0.0815
MMD_loss	: 1.7118
cond_ent_wt	: 4.7943
Src_reg_loss	: 0.0164
-------------------------------------
[Epoch : 429/500]
Total_loss	: 0.0815
MMD_loss	: 1.7123
cond_ent_wt	: 4.7939
Src_reg_loss	: 0.0164
-------------------------------------
[Epoch : 430/500]
Total_loss	: 0.0814
MMD_loss	: 1.7129
cond_ent_wt	: 4.7936
Src_reg_loss	: 0.0164
-------------------------------------
[Epoch : 431/500]
Total_loss	: 0.0814
MMD_loss	: 1.7134
cond_ent_wt	: 4.7932
Src_reg_loss	: 0.0164
-------------------------------------
[Epoch : 432/500]
Total_loss	: 0.0814
MMD_loss	: 1.7139
cond_ent_wt	: 4.7929
Src_reg_loss	: 0.0163
-------------------------------------
[Epoch : 433/500]
Total_loss	: 0.0814
MMD_loss	: 1.7144
cond_ent_wt	: 4.7925
Src_reg_loss	: 0.0163
-------------------------------------
[Epoch : 434/500]
Total_loss	: 0.0813
MMD_loss	: 1.7148
cond_ent_wt	: 4.7921
Src_reg_loss	: 0.0163
-------------------------------------
[Epoch : 435/500]
Total_loss	: 0.0813
MMD_loss	: 1.7152
cond_ent_wt	: 4.7918
Src_reg_loss	: 0.0163
-------------------------------------
[Epoch : 436/500]
Total_loss	: 0.0813
MMD_loss	: 1.7157
cond_ent_wt	: 4.7914
Src_reg_loss	: 0.0162
-------------------------------------
[Epoch : 437/500]
Total_loss	: 0.0813
MMD_loss	: 1.7160
cond_ent_wt	: 4.7911
Src_reg_loss	: 0.0162
-------------------------------------
[Epoch : 438/500]
Total_loss	: 0.0813
MMD_loss	: 1.7164
cond_ent_wt	: 4.7907
Src_reg_loss	: 0.0162
-------------------------------------
[Epoch : 439/500]
Total_loss	: 0.0812
MMD_loss	: 1.7168
cond_ent_wt	: 4.7904
Src_reg_loss	: 0.0162
-------------------------------------
[Epoch : 440/500]
Total_loss	: 0.0812
MMD_loss	: 1.7173
cond_ent_wt	: 4.7900
Src_reg_loss	: 0.0161
-------------------------------------
[Epoch : 441/500]
Total_loss	: 0.0812
MMD_loss	: 1.7177
cond_ent_wt	: 4.7896
Src_reg_loss	: 0.0161
-------------------------------------
[Epoch : 442/500]
Total_loss	: 0.0812
MMD_loss	: 1.7182
cond_ent_wt	: 4.7893
Src_reg_loss	: 0.0161
-------------------------------------
[Epoch : 443/500]
Total_loss	: 0.0812
MMD_loss	: 1.7187
cond_ent_wt	: 4.7889
Src_reg_loss	: 0.0161
-------------------------------------
[Epoch : 444/500]
Total_loss	: 0.0811
MMD_loss	: 1.7191
cond_ent_wt	: 4.7886
Src_reg_loss	: 0.0161
-------------------------------------
[Epoch : 445/500]
Total_loss	: 0.0811
MMD_loss	: 1.7195
cond_ent_wt	: 4.7882
Src_reg_loss	: 0.0160
-------------------------------------
[Epoch : 446/500]
Total_loss	: 0.0811
MMD_loss	: 1.7199
cond_ent_wt	: 4.7878
Src_reg_loss	: 0.0160
-------------------------------------
[Epoch : 447/500]
Total_loss	: 0.0811
MMD_loss	: 1.7202
cond_ent_wt	: 4.7875
Src_reg_loss	: 0.0160
-------------------------------------
[Epoch : 448/500]
Total_loss	: 0.0810
MMD_loss	: 1.7205
cond_ent_wt	: 4.7871
Src_reg_loss	: 0.0160
-------------------------------------
[Epoch : 449/500]
Total_loss	: 0.0810
MMD_loss	: 1.7208
cond_ent_wt	: 4.7868
Src_reg_loss	: 0.0159
-------------------------------------
[Epoch : 450/500]
Total_loss	: 0.0810
MMD_loss	: 1.7211
cond_ent_wt	: 4.7864
Src_reg_loss	: 0.0159
-------------------------------------
[Epoch : 451/500]
Total_loss	: 0.0810
MMD_loss	: 1.7214
cond_ent_wt	: 4.7861
Src_reg_loss	: 0.0159
-------------------------------------
[Epoch : 452/500]
Total_loss	: 0.0810
MMD_loss	: 1.7218
cond_ent_wt	: 4.7857
Src_reg_loss	: 0.0159
-------------------------------------
[Epoch : 453/500]
Total_loss	: 0.0809
MMD_loss	: 1.7221
cond_ent_wt	: 4.7853
Src_reg_loss	: 0.0159
-------------------------------------
[Epoch : 454/500]
Total_loss	: 0.0809
MMD_loss	: 1.7224
cond_ent_wt	: 4.7850
Src_reg_loss	: 0.0158
-------------------------------------
[Epoch : 455/500]
Total_loss	: 0.0809
MMD_loss	: 1.7226
cond_ent_wt	: 4.7846
Src_reg_loss	: 0.0158
-------------------------------------
[Epoch : 456/500]
Total_loss	: 0.0809
MMD_loss	: 1.7229
cond_ent_wt	: 4.7843
Src_reg_loss	: 0.0158
-------------------------------------
[Epoch : 457/500]
Total_loss	: 0.0808
MMD_loss	: 1.7232
cond_ent_wt	: 4.7839
Src_reg_loss	: 0.0158
-------------------------------------
[Epoch : 458/500]
Total_loss	: 0.0808
MMD_loss	: 1.7235
cond_ent_wt	: 4.7836
Src_reg_loss	: 0.0157
-------------------------------------
[Epoch : 459/500]
Total_loss	: 0.0808
MMD_loss	: 1.7237
cond_ent_wt	: 4.7832
Src_reg_loss	: 0.0157
-------------------------------------
[Epoch : 460/500]
Total_loss	: 0.0808
MMD_loss	: 1.7240
cond_ent_wt	: 4.7828
Src_reg_loss	: 0.0157
-------------------------------------
[Epoch : 461/500]
Total_loss	: 0.0808
MMD_loss	: 1.7242
cond_ent_wt	: 4.7825
Src_reg_loss	: 0.0157
-------------------------------------
[Epoch : 462/500]
Total_loss	: 0.0807
MMD_loss	: 1.7244
cond_ent_wt	: 4.7821
Src_reg_loss	: 0.0157
-------------------------------------
[Epoch : 463/500]
Total_loss	: 0.0807
MMD_loss	: 1.7246
cond_ent_wt	: 4.7818
Src_reg_loss	: 0.0156
-------------------------------------
[Epoch : 464/500]
Total_loss	: 0.0807
MMD_loss	: 1.7248
cond_ent_wt	: 4.7814
Src_reg_loss	: 0.0156
-------------------------------------
[Epoch : 465/500]
Total_loss	: 0.0807
MMD_loss	: 1.7250
cond_ent_wt	: 4.7810
Src_reg_loss	: 0.0156
-------------------------------------
[Epoch : 466/500]
Total_loss	: 0.0806
MMD_loss	: 1.7252
cond_ent_wt	: 4.7807
Src_reg_loss	: 0.0156
-------------------------------------
[Epoch : 467/500]
Total_loss	: 0.0806
MMD_loss	: 1.7253
cond_ent_wt	: 4.7803
Src_reg_loss	: 0.0156
-------------------------------------
[Epoch : 468/500]
Total_loss	: 0.0806
MMD_loss	: 1.7255
cond_ent_wt	: 4.7800
Src_reg_loss	: 0.0155
-------------------------------------
[Epoch : 469/500]
Total_loss	: 0.0806
MMD_loss	: 1.7257
cond_ent_wt	: 4.7796
Src_reg_loss	: 0.0155
-------------------------------------
[Epoch : 470/500]
Total_loss	: 0.0805
MMD_loss	: 1.7258
cond_ent_wt	: 4.7792
Src_reg_loss	: 0.0155
-------------------------------------
[Epoch : 471/500]
Total_loss	: 0.0805
MMD_loss	: 1.7260
cond_ent_wt	: 4.7789
Src_reg_loss	: 0.0155
-------------------------------------
[Epoch : 472/500]
Total_loss	: 0.0805
MMD_loss	: 1.7261
cond_ent_wt	: 4.7785
Src_reg_loss	: 0.0155
-------------------------------------
[Epoch : 473/500]
Total_loss	: 0.0805
MMD_loss	: 1.7262
cond_ent_wt	: 4.7782
Src_reg_loss	: 0.0154
-------------------------------------
[Epoch : 474/500]
Total_loss	: 0.0805
MMD_loss	: 1.7262
cond_ent_wt	: 4.7778
Src_reg_loss	: 0.0154
-------------------------------------
[Epoch : 475/500]
Total_loss	: 0.0804
MMD_loss	: 1.7263
cond_ent_wt	: 4.7774
Src_reg_loss	: 0.0154
-------------------------------------
[Epoch : 476/500]
Total_loss	: 0.0804
MMD_loss	: 1.7263
cond_ent_wt	: 4.7771
Src_reg_loss	: 0.0154
-------------------------------------
[Epoch : 477/500]
Total_loss	: 0.0804
MMD_loss	: 1.7264
cond_ent_wt	: 4.7767
Src_reg_loss	: 0.0154
-------------------------------------
[Epoch : 478/500]
Total_loss	: 0.0804
MMD_loss	: 1.7264
cond_ent_wt	: 4.7764
Src_reg_loss	: 0.0153
-------------------------------------
[Epoch : 479/500]
Total_loss	: 0.0803
MMD_loss	: 1.7265
cond_ent_wt	: 4.7760
Src_reg_loss	: 0.0153
-------------------------------------
[Epoch : 480/500]
Total_loss	: 0.0803
MMD_loss	: 1.7266
cond_ent_wt	: 4.7757
Src_reg_loss	: 0.0153
-------------------------------------
[Epoch : 481/500]
Total_loss	: 0.0803
MMD_loss	: 1.7267
cond_ent_wt	: 4.7753
Src_reg_loss	: 0.0153
-------------------------------------
[Epoch : 482/500]
Total_loss	: 0.0803
MMD_loss	: 1.7268
cond_ent_wt	: 4.7749
Src_reg_loss	: 0.0153
-------------------------------------
[Epoch : 483/500]
Total_loss	: 0.0802
MMD_loss	: 1.7269
cond_ent_wt	: 4.7746
Src_reg_loss	: 0.0152
-------------------------------------
[Epoch : 484/500]
Total_loss	: 0.0802
MMD_loss	: 1.7269
cond_ent_wt	: 4.7742
Src_reg_loss	: 0.0152
-------------------------------------
[Epoch : 485/500]
Total_loss	: 0.0802
MMD_loss	: 1.7269
cond_ent_wt	: 4.7739
Src_reg_loss	: 0.0152
-------------------------------------
[Epoch : 486/500]
Total_loss	: 0.0802
MMD_loss	: 1.7269
cond_ent_wt	: 4.7735
Src_reg_loss	: 0.0152
-------------------------------------
[Epoch : 487/500]
Total_loss	: 0.0802
MMD_loss	: 1.7268
cond_ent_wt	: 4.7732
Src_reg_loss	: 0.0152
-------------------------------------
[Epoch : 488/500]
Total_loss	: 0.0801
MMD_loss	: 1.7267
cond_ent_wt	: 4.7728
Src_reg_loss	: 0.0151
-------------------------------------
[Epoch : 489/500]
Total_loss	: 0.0801
MMD_loss	: 1.7266
cond_ent_wt	: 4.7725
Src_reg_loss	: 0.0151
-------------------------------------
[Epoch : 490/500]
Total_loss	: 0.0801
MMD_loss	: 1.7266
cond_ent_wt	: 4.7721
Src_reg_loss	: 0.0151
-------------------------------------
[Epoch : 491/500]
Total_loss	: 0.0801
MMD_loss	: 1.7266
cond_ent_wt	: 4.7718
Src_reg_loss	: 0.0151
-------------------------------------
[Epoch : 492/500]
Total_loss	: 0.0800
MMD_loss	: 1.7265
cond_ent_wt	: 4.7714
Src_reg_loss	: 0.0151
-------------------------------------
[Epoch : 493/500]
Total_loss	: 0.0800
MMD_loss	: 1.7265
cond_ent_wt	: 4.7710
Src_reg_loss	: 0.0150
-------------------------------------
[Epoch : 494/500]
Total_loss	: 0.0800
MMD_loss	: 1.7265
cond_ent_wt	: 4.7707
Src_reg_loss	: 0.0150
-------------------------------------
[Epoch : 495/500]
Total_loss	: 0.0800
MMD_loss	: 1.7265
cond_ent_wt	: 4.7704
Src_reg_loss	: 0.0150
-------------------------------------
[Epoch : 496/500]
Total_loss	: 0.0800
MMD_loss	: 1.7264
cond_ent_wt	: 4.7700
Src_reg_loss	: 0.0150
-------------------------------------
[Epoch : 497/500]
Total_loss	: 0.0799
MMD_loss	: 1.7264
cond_ent_wt	: 4.7697
Src_reg_loss	: 0.0150
-------------------------------------
[Epoch : 498/500]
Total_loss	: 0.0799
MMD_loss	: 1.7263
cond_ent_wt	: 4.7693
Src_reg_loss	: 0.0150
-------------------------------------
[Epoch : 499/500]
Total_loss	: 0.0799
MMD_loss	: 1.7263
cond_ent_wt	: 4.7690
Src_reg_loss	: 0.0149
-------------------------------------
[Epoch : 500/500]
Total_loss	: 0.0799
MMD_loss	: 1.7262
cond_ent_wt	: 4.7686
Src_reg_loss	: 0.0149
-------------------------------------
