=============================================
Dataset: Airbox
Method:  AirDA
=============================================
Source: 0 ---> Target: 2
=============================================
[Epoch : 1/500]
Total_loss	: 0.3411
MMD_loss	: 2.0873
cond_ent_wt	: 4.8495
Src_reg_loss	: 0.2717
-------------------------------------
[Epoch : 2/500]
Total_loss	: 0.3261
MMD_loss	: 2.0916
cond_ent_wt	: 4.8494
Src_reg_loss	: 0.2567
-------------------------------------
[Epoch : 3/500]
Total_loss	: 0.3117
MMD_loss	: 2.1000
cond_ent_wt	: 4.8492
Src_reg_loss	: 0.2422
-------------------------------------
[Epoch : 4/500]
Total_loss	: 0.2972
MMD_loss	: 2.1127
cond_ent_wt	: 4.8489
Src_reg_loss	: 0.2276
-------------------------------------
[Epoch : 5/500]
Total_loss	: 0.2824
MMD_loss	: 2.1295
cond_ent_wt	: 4.8485
Src_reg_loss	: 0.2126
-------------------------------------
[Epoch : 6/500]
Total_loss	: 0.2671
MMD_loss	: 2.1499
cond_ent_wt	: 4.8480
Src_reg_loss	: 0.1971
-------------------------------------
[Epoch : 7/500]
Total_loss	: 0.2516
MMD_loss	: 2.1726
cond_ent_wt	: 4.8473
Src_reg_loss	: 0.1814
-------------------------------------
[Epoch : 8/500]
Total_loss	: 0.2365
MMD_loss	: 2.1958
cond_ent_wt	: 4.8463
Src_reg_loss	: 0.1661
-------------------------------------
[Epoch : 9/500]
Total_loss	: 0.2229
MMD_loss	: 2.2176
cond_ent_wt	: 4.8451
Src_reg_loss	: 0.1522
-------------------------------------
[Epoch : 10/500]
Total_loss	: 0.2119
MMD_loss	: 2.2368
cond_ent_wt	: 4.8435
Src_reg_loss	: 0.1411
-------------------------------------
[Epoch : 11/500]
Total_loss	: 0.2030
MMD_loss	: 2.2531
cond_ent_wt	: 4.8421
Src_reg_loss	: 0.1321
-------------------------------------
[Epoch : 12/500]
Total_loss	: 0.1954
MMD_loss	: 2.2664
cond_ent_wt	: 4.8411
Src_reg_loss	: 0.1244
-------------------------------------
[Epoch : 13/500]
Total_loss	: 0.1889
MMD_loss	: 2.2768
cond_ent_wt	: 4.8403
Src_reg_loss	: 0.1177
-------------------------------------
[Epoch : 14/500]
Total_loss	: 0.1832
MMD_loss	: 2.2847
cond_ent_wt	: 4.8397
Src_reg_loss	: 0.1120
-------------------------------------
[Epoch : 15/500]
Total_loss	: 0.1783
MMD_loss	: 2.2910
cond_ent_wt	: 4.8392
Src_reg_loss	: 0.1070
-------------------------------------
[Epoch : 16/500]
Total_loss	: 0.1740
MMD_loss	: 2.2961
cond_ent_wt	: 4.8388
Src_reg_loss	: 0.1027
-------------------------------------
[Epoch : 17/500]
Total_loss	: 0.1702
MMD_loss	: 2.3003
cond_ent_wt	: 4.8383
Src_reg_loss	: 0.0988
-------------------------------------
[Epoch : 18/500]
Total_loss	: 0.1668
MMD_loss	: 2.3036
cond_ent_wt	: 4.8379
Src_reg_loss	: 0.0954
-------------------------------------
[Epoch : 19/500]
Total_loss	: 0.1637
MMD_loss	: 2.3060
cond_ent_wt	: 4.8375
Src_reg_loss	: 0.0923
-------------------------------------
[Epoch : 20/500]
Total_loss	: 0.1609
MMD_loss	: 2.3074
cond_ent_wt	: 4.8371
Src_reg_loss	: 0.0895
-------------------------------------
[Epoch : 21/500]
Total_loss	: 0.1584
MMD_loss	: 2.3079
cond_ent_wt	: 4.8368
Src_reg_loss	: 0.0870
-------------------------------------
[Epoch : 22/500]
Total_loss	: 0.1561
MMD_loss	: 2.3075
cond_ent_wt	: 4.8366
Src_reg_loss	: 0.0847
-------------------------------------
[Epoch : 23/500]
Total_loss	: 0.1540
MMD_loss	: 2.3063
cond_ent_wt	: 4.8363
Src_reg_loss	: 0.0825
-------------------------------------
[Epoch : 24/500]
Total_loss	: 0.1520
MMD_loss	: 2.3043
cond_ent_wt	: 4.8361
Src_reg_loss	: 0.0806
-------------------------------------
[Epoch : 25/500]
Total_loss	: 0.1502
MMD_loss	: 2.3017
cond_ent_wt	: 4.8359
Src_reg_loss	: 0.0788
-------------------------------------
[Epoch : 26/500]
Total_loss	: 0.1485
MMD_loss	: 2.2982
cond_ent_wt	: 4.8356
Src_reg_loss	: 0.0771
-------------------------------------
[Epoch : 27/500]
Total_loss	: 0.1469
MMD_loss	: 2.2941
cond_ent_wt	: 4.8355
Src_reg_loss	: 0.0756
-------------------------------------
[Epoch : 28/500]
Total_loss	: 0.1454
MMD_loss	: 2.2892
cond_ent_wt	: 4.8353
Src_reg_loss	: 0.0741
-------------------------------------
[Epoch : 29/500]
Total_loss	: 0.1440
MMD_loss	: 2.2837
cond_ent_wt	: 4.8351
Src_reg_loss	: 0.0728
-------------------------------------
[Epoch : 30/500]
Total_loss	: 0.1426
MMD_loss	: 2.2776
cond_ent_wt	: 4.8349
Src_reg_loss	: 0.0715
-------------------------------------
[Epoch : 31/500]
Total_loss	: 0.1414
MMD_loss	: 2.2711
cond_ent_wt	: 4.8348
Src_reg_loss	: 0.0703
-------------------------------------
[Epoch : 32/500]
Total_loss	: 0.1402
MMD_loss	: 2.2642
cond_ent_wt	: 4.8346
Src_reg_loss	: 0.0692
-------------------------------------
[Epoch : 33/500]
Total_loss	: 0.1390
MMD_loss	: 2.2572
cond_ent_wt	: 4.8345
Src_reg_loss	: 0.0681
-------------------------------------
[Epoch : 34/500]
Total_loss	: 0.1380
MMD_loss	: 2.2502
cond_ent_wt	: 4.8344
Src_reg_loss	: 0.0671
-------------------------------------
[Epoch : 35/500]
Total_loss	: 0.1369
MMD_loss	: 2.2434
cond_ent_wt	: 4.8343
Src_reg_loss	: 0.0662
-------------------------------------
[Epoch : 36/500]
Total_loss	: 0.1360
MMD_loss	: 2.2371
cond_ent_wt	: 4.8341
Src_reg_loss	: 0.0653
-------------------------------------
[Epoch : 37/500]
Total_loss	: 0.1351
MMD_loss	: 2.2314
cond_ent_wt	: 4.8340
Src_reg_loss	: 0.0644
-------------------------------------
[Epoch : 38/500]
Total_loss	: 0.1342
MMD_loss	: 2.2264
cond_ent_wt	: 4.8339
Src_reg_loss	: 0.0636
-------------------------------------
[Epoch : 39/500]
Total_loss	: 0.1333
MMD_loss	: 2.2221
cond_ent_wt	: 4.8338
Src_reg_loss	: 0.0628
-------------------------------------
[Epoch : 40/500]
Total_loss	: 0.1326
MMD_loss	: 2.2187
cond_ent_wt	: 4.8337
Src_reg_loss	: 0.0620
-------------------------------------
[Epoch : 41/500]
Total_loss	: 0.1318
MMD_loss	: 2.2161
cond_ent_wt	: 4.8336
Src_reg_loss	: 0.0613
-------------------------------------
[Epoch : 42/500]
Total_loss	: 0.1311
MMD_loss	: 2.2142
cond_ent_wt	: 4.8335
Src_reg_loss	: 0.0606
-------------------------------------
[Epoch : 43/500]
Total_loss	: 0.1304
MMD_loss	: 2.2129
cond_ent_wt	: 4.8334
Src_reg_loss	: 0.0600
-------------------------------------
[Epoch : 44/500]
Total_loss	: 0.1298
MMD_loss	: 2.2122
cond_ent_wt	: 4.8333
Src_reg_loss	: 0.0593
-------------------------------------
[Epoch : 45/500]
Total_loss	: 0.1292
MMD_loss	: 2.2121
cond_ent_wt	: 4.8332
Src_reg_loss	: 0.0587
-------------------------------------
[Epoch : 46/500]
Total_loss	: 0.1286
MMD_loss	: 2.2123
cond_ent_wt	: 4.8332
Src_reg_loss	: 0.0581
-------------------------------------
[Epoch : 47/500]
Total_loss	: 0.1280
MMD_loss	: 2.2128
cond_ent_wt	: 4.8331
Src_reg_loss	: 0.0575
-------------------------------------
[Epoch : 48/500]
Total_loss	: 0.1274
MMD_loss	: 2.2137
cond_ent_wt	: 4.8330
Src_reg_loss	: 0.0570
-------------------------------------
[Epoch : 49/500]
Total_loss	: 0.1269
MMD_loss	: 2.2147
cond_ent_wt	: 4.8329
Src_reg_loss	: 0.0564
-------------------------------------
[Epoch : 50/500]
Total_loss	: 0.1264
MMD_loss	: 2.2159
cond_ent_wt	: 4.8328
Src_reg_loss	: 0.0559
-------------------------------------
[Epoch : 51/500]
Total_loss	: 0.1259
MMD_loss	: 2.2172
cond_ent_wt	: 4.8328
Src_reg_loss	: 0.0554
-------------------------------------
[Epoch : 52/500]
Total_loss	: 0.1254
MMD_loss	: 2.2185
cond_ent_wt	: 4.8327
Src_reg_loss	: 0.0549
-------------------------------------
[Epoch : 53/500]
Total_loss	: 0.1250
MMD_loss	: 2.2199
cond_ent_wt	: 4.8326
Src_reg_loss	: 0.0544
-------------------------------------
[Epoch : 54/500]
Total_loss	: 0.1245
MMD_loss	: 2.2213
cond_ent_wt	: 4.8326
Src_reg_loss	: 0.0540
-------------------------------------
[Epoch : 55/500]
Total_loss	: 0.1241
MMD_loss	: 2.2227
cond_ent_wt	: 4.8325
Src_reg_loss	: 0.0535
-------------------------------------
[Epoch : 56/500]
Total_loss	: 0.1236
MMD_loss	: 2.2240
cond_ent_wt	: 4.8324
Src_reg_loss	: 0.0531
-------------------------------------
[Epoch : 57/500]
Total_loss	: 0.1232
MMD_loss	: 2.2254
cond_ent_wt	: 4.8323
Src_reg_loss	: 0.0527
-------------------------------------
[Epoch : 58/500]
Total_loss	: 0.1228
MMD_loss	: 2.2268
cond_ent_wt	: 4.8323
Src_reg_loss	: 0.0522
-------------------------------------
[Epoch : 59/500]
Total_loss	: 0.1224
MMD_loss	: 2.2281
cond_ent_wt	: 4.8322
Src_reg_loss	: 0.0518
-------------------------------------
[Epoch : 60/500]
Total_loss	: 0.1221
MMD_loss	: 2.2295
cond_ent_wt	: 4.8321
Src_reg_loss	: 0.0514
-------------------------------------
[Epoch : 61/500]
Total_loss	: 0.1217
MMD_loss	: 2.2308
cond_ent_wt	: 4.8321
Src_reg_loss	: 0.0510
-------------------------------------
[Epoch : 62/500]
Total_loss	: 0.1213
MMD_loss	: 2.2321
cond_ent_wt	: 4.8320
Src_reg_loss	: 0.0507
-------------------------------------
[Epoch : 63/500]
Total_loss	: 0.1210
MMD_loss	: 2.2334
cond_ent_wt	: 4.8319
Src_reg_loss	: 0.0503
-------------------------------------
[Epoch : 64/500]
Total_loss	: 0.1206
MMD_loss	: 2.2348
cond_ent_wt	: 4.8318
Src_reg_loss	: 0.0499
-------------------------------------
[Epoch : 65/500]
Total_loss	: 0.1203
MMD_loss	: 2.2361
cond_ent_wt	: 4.8318
Src_reg_loss	: 0.0496
-------------------------------------
[Epoch : 66/500]
Total_loss	: 0.1199
MMD_loss	: 2.2374
cond_ent_wt	: 4.8317
Src_reg_loss	: 0.0493
-------------------------------------
[Epoch : 67/500]
Total_loss	: 0.1196
MMD_loss	: 2.2387
cond_ent_wt	: 4.8316
Src_reg_loss	: 0.0489
-------------------------------------
[Epoch : 68/500]
Total_loss	: 0.1193
MMD_loss	: 2.2400
cond_ent_wt	: 4.8316
Src_reg_loss	: 0.0486
-------------------------------------
[Epoch : 69/500]
Total_loss	: 0.1190
MMD_loss	: 2.2413
cond_ent_wt	: 4.8315
Src_reg_loss	: 0.0483
-------------------------------------
[Epoch : 70/500]
Total_loss	: 0.1187
MMD_loss	: 2.2425
cond_ent_wt	: 4.8314
Src_reg_loss	: 0.0480
-------------------------------------
[Epoch : 71/500]
Total_loss	: 0.1184
MMD_loss	: 2.2437
cond_ent_wt	: 4.8314
Src_reg_loss	: 0.0477
-------------------------------------
[Epoch : 72/500]
Total_loss	: 0.1181
MMD_loss	: 2.2448
cond_ent_wt	: 4.8313
Src_reg_loss	: 0.0474
-------------------------------------
[Epoch : 73/500]
Total_loss	: 0.1179
MMD_loss	: 2.2459
cond_ent_wt	: 4.8312
Src_reg_loss	: 0.0471
-------------------------------------
[Epoch : 74/500]
Total_loss	: 0.1176
MMD_loss	: 2.2469
cond_ent_wt	: 4.8312
Src_reg_loss	: 0.0468
-------------------------------------
[Epoch : 75/500]
Total_loss	: 0.1173
MMD_loss	: 2.2478
cond_ent_wt	: 4.8311
Src_reg_loss	: 0.0465
-------------------------------------
[Epoch : 76/500]
Total_loss	: 0.1170
MMD_loss	: 2.2486
cond_ent_wt	: 4.8311
Src_reg_loss	: 0.0462
-------------------------------------
[Epoch : 77/500]
Total_loss	: 0.1168
MMD_loss	: 2.2493
cond_ent_wt	: 4.8310
Src_reg_loss	: 0.0460
-------------------------------------
[Epoch : 78/500]
Total_loss	: 0.1165
MMD_loss	: 2.2499
cond_ent_wt	: 4.8309
Src_reg_loss	: 0.0457
-------------------------------------
[Epoch : 79/500]
Total_loss	: 0.1163
MMD_loss	: 2.2504
cond_ent_wt	: 4.8309
Src_reg_loss	: 0.0454
-------------------------------------
[Epoch : 80/500]
Total_loss	: 0.1160
MMD_loss	: 2.2507
cond_ent_wt	: 4.8308
Src_reg_loss	: 0.0452
-------------------------------------
[Epoch : 81/500]
Total_loss	: 0.1158
MMD_loss	: 2.2509
cond_ent_wt	: 4.8308
Src_reg_loss	: 0.0449
-------------------------------------
[Epoch : 82/500]
Total_loss	: 0.1155
MMD_loss	: 2.2510
cond_ent_wt	: 4.8307
Src_reg_loss	: 0.0447
-------------------------------------
[Epoch : 83/500]
Total_loss	: 0.1153
MMD_loss	: 2.2509
cond_ent_wt	: 4.8307
Src_reg_loss	: 0.0444
-------------------------------------
[Epoch : 84/500]
Total_loss	: 0.1150
MMD_loss	: 2.2507
cond_ent_wt	: 4.8306
Src_reg_loss	: 0.0442
-------------------------------------
[Epoch : 85/500]
Total_loss	: 0.1148
MMD_loss	: 2.2503
cond_ent_wt	: 4.8306
Src_reg_loss	: 0.0440
-------------------------------------
[Epoch : 86/500]
Total_loss	: 0.1145
MMD_loss	: 2.2498
cond_ent_wt	: 4.8305
Src_reg_loss	: 0.0437
-------------------------------------
[Epoch : 87/500]
Total_loss	: 0.1143
MMD_loss	: 2.2491
cond_ent_wt	: 4.8304
Src_reg_loss	: 0.0435
-------------------------------------
[Epoch : 88/500]
Total_loss	: 0.1141
MMD_loss	: 2.2483
cond_ent_wt	: 4.8304
Src_reg_loss	: 0.0433
-------------------------------------
[Epoch : 89/500]
Total_loss	: 0.1138
MMD_loss	: 2.2473
cond_ent_wt	: 4.8303
Src_reg_loss	: 0.0431
-------------------------------------
[Epoch : 90/500]
Total_loss	: 0.1136
MMD_loss	: 2.2462
cond_ent_wt	: 4.8303
Src_reg_loss	: 0.0428
-------------------------------------
[Epoch : 91/500]
Total_loss	: 0.1134
MMD_loss	: 2.2449
cond_ent_wt	: 4.8302
Src_reg_loss	: 0.0426
-------------------------------------
[Epoch : 92/500]
Total_loss	: 0.1131
MMD_loss	: 2.2434
cond_ent_wt	: 4.8302
Src_reg_loss	: 0.0424
-------------------------------------
[Epoch : 93/500]
Total_loss	: 0.1129
MMD_loss	: 2.2418
cond_ent_wt	: 4.8301
Src_reg_loss	: 0.0422
-------------------------------------
[Epoch : 94/500]
Total_loss	: 0.1127
MMD_loss	: 2.2400
cond_ent_wt	: 4.8301
Src_reg_loss	: 0.0420
-------------------------------------
[Epoch : 95/500]
Total_loss	: 0.1125
MMD_loss	: 2.2381
cond_ent_wt	: 4.8301
Src_reg_loss	: 0.0418
-------------------------------------
[Epoch : 96/500]
Total_loss	: 0.1122
MMD_loss	: 2.2360
cond_ent_wt	: 4.8300
Src_reg_loss	: 0.0416
-------------------------------------
[Epoch : 97/500]
Total_loss	: 0.1120
MMD_loss	: 2.2338
cond_ent_wt	: 4.8300
Src_reg_loss	: 0.0414
-------------------------------------
[Epoch : 98/500]
Total_loss	: 0.1118
MMD_loss	: 2.2314
cond_ent_wt	: 4.8299
Src_reg_loss	: 0.0412
-------------------------------------
[Epoch : 99/500]
Total_loss	: 0.1116
MMD_loss	: 2.2288
cond_ent_wt	: 4.8299
Src_reg_loss	: 0.0410
-------------------------------------
[Epoch : 100/500]
Total_loss	: 0.1113
MMD_loss	: 2.2261
cond_ent_wt	: 4.8298
Src_reg_loss	: 0.0408
-------------------------------------
[Epoch : 101/500]
Total_loss	: 0.1111
MMD_loss	: 2.2233
cond_ent_wt	: 4.8298
Src_reg_loss	: 0.0406
-------------------------------------
[Epoch : 102/500]
Total_loss	: 0.1109
MMD_loss	: 2.2203
cond_ent_wt	: 4.8297
Src_reg_loss	: 0.0404
-------------------------------------
[Epoch : 103/500]
Total_loss	: 0.1107
MMD_loss	: 2.2171
cond_ent_wt	: 4.8297
Src_reg_loss	: 0.0402
-------------------------------------
[Epoch : 104/500]
Total_loss	: 0.1104
MMD_loss	: 2.2139
cond_ent_wt	: 4.8297
Src_reg_loss	: 0.0400
-------------------------------------
[Epoch : 105/500]
Total_loss	: 0.1102
MMD_loss	: 2.2105
cond_ent_wt	: 4.8296
Src_reg_loss	: 0.0398
-------------------------------------
[Epoch : 106/500]
Total_loss	: 0.1100
MMD_loss	: 2.2070
cond_ent_wt	: 4.8296
Src_reg_loss	: 0.0396
-------------------------------------
[Epoch : 107/500]
Total_loss	: 0.1098
MMD_loss	: 2.2034
cond_ent_wt	: 4.8295
Src_reg_loss	: 0.0395
-------------------------------------
[Epoch : 108/500]
Total_loss	: 0.1096
MMD_loss	: 2.1997
cond_ent_wt	: 4.8295
Src_reg_loss	: 0.0393
-------------------------------------
[Epoch : 109/500]
Total_loss	: 0.1093
MMD_loss	: 2.1959
cond_ent_wt	: 4.8295
Src_reg_loss	: 0.0391
-------------------------------------
[Epoch : 110/500]
Total_loss	: 0.1091
MMD_loss	: 2.1920
cond_ent_wt	: 4.8294
Src_reg_loss	: 0.0389
-------------------------------------
[Epoch : 111/500]
Total_loss	: 0.1089
MMD_loss	: 2.1880
cond_ent_wt	: 4.8294
Src_reg_loss	: 0.0387
-------------------------------------
[Epoch : 112/500]
Total_loss	: 0.1087
MMD_loss	: 2.1839
cond_ent_wt	: 4.8294
Src_reg_loss	: 0.0386
-------------------------------------
[Epoch : 113/500]
Total_loss	: 0.1085
MMD_loss	: 2.1798
cond_ent_wt	: 4.8293
Src_reg_loss	: 0.0384
-------------------------------------
[Epoch : 114/500]
Total_loss	: 0.1083
MMD_loss	: 2.1756
cond_ent_wt	: 4.8293
Src_reg_loss	: 0.0382
-------------------------------------
[Epoch : 115/500]
Total_loss	: 0.1081
MMD_loss	: 2.1714
cond_ent_wt	: 4.8292
Src_reg_loss	: 0.0381
-------------------------------------
[Epoch : 116/500]
Total_loss	: 0.1079
MMD_loss	: 2.1671
cond_ent_wt	: 4.8292
Src_reg_loss	: 0.0379
-------------------------------------
[Epoch : 117/500]
Total_loss	: 0.1077
MMD_loss	: 2.1628
cond_ent_wt	: 4.8292
Src_reg_loss	: 0.0377
-------------------------------------
[Epoch : 118/500]
Total_loss	: 0.1074
MMD_loss	: 2.1585
cond_ent_wt	: 4.8291
Src_reg_loss	: 0.0376
-------------------------------------
[Epoch : 119/500]
Total_loss	: 0.1072
MMD_loss	: 2.1542
cond_ent_wt	: 4.8291
Src_reg_loss	: 0.0374
-------------------------------------
[Epoch : 120/500]
Total_loss	: 0.1070
MMD_loss	: 2.1499
cond_ent_wt	: 4.8291
Src_reg_loss	: 0.0373
-------------------------------------
[Epoch : 121/500]
Total_loss	: 0.1068
MMD_loss	: 2.1456
cond_ent_wt	: 4.8290
Src_reg_loss	: 0.0371
-------------------------------------
[Epoch : 122/500]
Total_loss	: 0.1066
MMD_loss	: 2.1413
cond_ent_wt	: 4.8290
Src_reg_loss	: 0.0369
-------------------------------------
[Epoch : 123/500]
Total_loss	: 0.1065
MMD_loss	: 2.1371
cond_ent_wt	: 4.8290
Src_reg_loss	: 0.0368
-------------------------------------
[Epoch : 124/500]
Total_loss	: 0.1063
MMD_loss	: 2.1328
cond_ent_wt	: 4.8289
Src_reg_loss	: 0.0366
-------------------------------------
[Epoch : 125/500]
Total_loss	: 0.1061
MMD_loss	: 2.1287
cond_ent_wt	: 4.8289
Src_reg_loss	: 0.0365
-------------------------------------
[Epoch : 126/500]
Total_loss	: 0.1059
MMD_loss	: 2.1245
cond_ent_wt	: 4.8289
Src_reg_loss	: 0.0363
-------------------------------------
[Epoch : 127/500]
Total_loss	: 0.1057
MMD_loss	: 2.1205
cond_ent_wt	: 4.8288
Src_reg_loss	: 0.0362
-------------------------------------
[Epoch : 128/500]
Total_loss	: 0.1055
MMD_loss	: 2.1164
cond_ent_wt	: 4.8288
Src_reg_loss	: 0.0361
-------------------------------------
[Epoch : 129/500]
Total_loss	: 0.1053
MMD_loss	: 2.1125
cond_ent_wt	: 4.8287
Src_reg_loss	: 0.0359
-------------------------------------
[Epoch : 130/500]
Total_loss	: 0.1051
MMD_loss	: 2.1086
cond_ent_wt	: 4.8287
Src_reg_loss	: 0.0358
-------------------------------------
[Epoch : 131/500]
Total_loss	: 0.1050
MMD_loss	: 2.1047
cond_ent_wt	: 4.8287
Src_reg_loss	: 0.0356
-------------------------------------
[Epoch : 132/500]
Total_loss	: 0.1048
MMD_loss	: 2.1010
cond_ent_wt	: 4.8286
Src_reg_loss	: 0.0355
-------------------------------------
[Epoch : 133/500]
Total_loss	: 0.1046
MMD_loss	: 2.0973
cond_ent_wt	: 4.8286
Src_reg_loss	: 0.0354
-------------------------------------
[Epoch : 134/500]
Total_loss	: 0.1045
MMD_loss	: 2.0936
cond_ent_wt	: 4.8286
Src_reg_loss	: 0.0352
-------------------------------------
[Epoch : 135/500]
Total_loss	: 0.1043
MMD_loss	: 2.0901
cond_ent_wt	: 4.8285
Src_reg_loss	: 0.0351
-------------------------------------
[Epoch : 136/500]
Total_loss	: 0.1041
MMD_loss	: 2.0866
cond_ent_wt	: 4.8285
Src_reg_loss	: 0.0350
-------------------------------------
[Epoch : 137/500]
Total_loss	: 0.1040
MMD_loss	: 2.0832
cond_ent_wt	: 4.8285
Src_reg_loss	: 0.0348
-------------------------------------
[Epoch : 138/500]
Total_loss	: 0.1038
MMD_loss	: 2.0799
cond_ent_wt	: 4.8284
Src_reg_loss	: 0.0347
-------------------------------------
[Epoch : 139/500]
Total_loss	: 0.1036
MMD_loss	: 2.0766
cond_ent_wt	: 4.8284
Src_reg_loss	: 0.0346
-------------------------------------
[Epoch : 140/500]
Total_loss	: 0.1035
MMD_loss	: 2.0735
cond_ent_wt	: 4.8284
Src_reg_loss	: 0.0345
-------------------------------------
[Epoch : 141/500]
Total_loss	: 0.1033
MMD_loss	: 2.0704
cond_ent_wt	: 4.8283
Src_reg_loss	: 0.0343
-------------------------------------
[Epoch : 142/500]
Total_loss	: 0.1032
MMD_loss	: 2.0673
cond_ent_wt	: 4.8283
Src_reg_loss	: 0.0342
-------------------------------------
[Epoch : 143/500]
Total_loss	: 0.1030
MMD_loss	: 2.0644
cond_ent_wt	: 4.8282
Src_reg_loss	: 0.0341
-------------------------------------
[Epoch : 144/500]
Total_loss	: 0.1029
MMD_loss	: 2.0615
cond_ent_wt	: 4.8282
Src_reg_loss	: 0.0340
-------------------------------------
[Epoch : 145/500]
Total_loss	: 0.1027
MMD_loss	: 2.0587
cond_ent_wt	: 4.8282
Src_reg_loss	: 0.0339
-------------------------------------
[Epoch : 146/500]
Total_loss	: 0.1026
MMD_loss	: 2.0559
cond_ent_wt	: 4.8281
Src_reg_loss	: 0.0337
-------------------------------------
[Epoch : 147/500]
Total_loss	: 0.1024
MMD_loss	: 2.0532
cond_ent_wt	: 4.8281
Src_reg_loss	: 0.0336
-------------------------------------
[Epoch : 148/500]
Total_loss	: 0.1023
MMD_loss	: 2.0506
cond_ent_wt	: 4.8281
Src_reg_loss	: 0.0335
-------------------------------------
[Epoch : 149/500]
Total_loss	: 0.1021
MMD_loss	: 2.0481
cond_ent_wt	: 4.8280
Src_reg_loss	: 0.0334
-------------------------------------
[Epoch : 150/500]
Total_loss	: 0.1020
MMD_loss	: 2.0456
cond_ent_wt	: 4.8280
Src_reg_loss	: 0.0333
-------------------------------------
[Epoch : 151/500]
Total_loss	: 0.1019
MMD_loss	: 2.0432
cond_ent_wt	: 4.8279
Src_reg_loss	: 0.0332
-------------------------------------
[Epoch : 152/500]
Total_loss	: 0.1017
MMD_loss	: 2.0409
cond_ent_wt	: 4.8279
Src_reg_loss	: 0.0331
-------------------------------------
[Epoch : 153/500]
Total_loss	: 0.1016
MMD_loss	: 2.0386
cond_ent_wt	: 4.8279
Src_reg_loss	: 0.0329
-------------------------------------
[Epoch : 154/500]
Total_loss	: 0.1015
MMD_loss	: 2.0364
cond_ent_wt	: 4.8278
Src_reg_loss	: 0.0328
-------------------------------------
[Epoch : 155/500]
Total_loss	: 0.1014
MMD_loss	: 2.0343
cond_ent_wt	: 4.8278
Src_reg_loss	: 0.0327
-------------------------------------
[Epoch : 156/500]
Total_loss	: 0.1012
MMD_loss	: 2.0322
cond_ent_wt	: 4.8277
Src_reg_loss	: 0.0326
-------------------------------------
[Epoch : 157/500]
Total_loss	: 0.1011
MMD_loss	: 2.0302
cond_ent_wt	: 4.8277
Src_reg_loss	: 0.0325
-------------------------------------
[Epoch : 158/500]
Total_loss	: 0.1010
MMD_loss	: 2.0282
cond_ent_wt	: 4.8277
Src_reg_loss	: 0.0324
-------------------------------------
[Epoch : 159/500]
Total_loss	: 0.1009
MMD_loss	: 2.0263
cond_ent_wt	: 4.8276
Src_reg_loss	: 0.0323
-------------------------------------
[Epoch : 160/500]
Total_loss	: 0.1007
MMD_loss	: 2.0245
cond_ent_wt	: 4.8276
Src_reg_loss	: 0.0322
-------------------------------------
[Epoch : 161/500]
Total_loss	: 0.1006
MMD_loss	: 2.0227
cond_ent_wt	: 4.8275
Src_reg_loss	: 0.0321
-------------------------------------
[Epoch : 162/500]
Total_loss	: 0.1005
MMD_loss	: 2.0209
cond_ent_wt	: 4.8275
Src_reg_loss	: 0.0320
-------------------------------------
[Epoch : 163/500]
Total_loss	: 0.1004
MMD_loss	: 2.0192
cond_ent_wt	: 4.8274
Src_reg_loss	: 0.0319
-------------------------------------
[Epoch : 164/500]
Total_loss	: 0.1003
MMD_loss	: 2.0176
cond_ent_wt	: 4.8274
Src_reg_loss	: 0.0318
-------------------------------------
[Epoch : 165/500]
Total_loss	: 0.1001
MMD_loss	: 2.0160
cond_ent_wt	: 4.8273
Src_reg_loss	: 0.0317
-------------------------------------
[Epoch : 166/500]
Total_loss	: 0.1000
MMD_loss	: 2.0145
cond_ent_wt	: 4.8273
Src_reg_loss	: 0.0316
-------------------------------------
[Epoch : 167/500]
Total_loss	: 0.0999
MMD_loss	: 2.0130
cond_ent_wt	: 4.8273
Src_reg_loss	: 0.0315
-------------------------------------
[Epoch : 168/500]
Total_loss	: 0.0998
MMD_loss	: 2.0115
cond_ent_wt	: 4.8272
Src_reg_loss	: 0.0314
-------------------------------------
[Epoch : 169/500]
Total_loss	: 0.0997
MMD_loss	: 2.0101
cond_ent_wt	: 4.8272
Src_reg_loss	: 0.0313
-------------------------------------
[Epoch : 170/500]
Total_loss	: 0.0996
MMD_loss	: 2.0088
cond_ent_wt	: 4.8271
Src_reg_loss	: 0.0312
-------------------------------------
[Epoch : 171/500]
Total_loss	: 0.0995
MMD_loss	: 2.0074
cond_ent_wt	: 4.8271
Src_reg_loss	: 0.0311
-------------------------------------
[Epoch : 172/500]
Total_loss	: 0.0994
MMD_loss	: 2.0062
cond_ent_wt	: 4.8270
Src_reg_loss	: 0.0311
-------------------------------------
[Epoch : 173/500]
Total_loss	: 0.0993
MMD_loss	: 2.0050
cond_ent_wt	: 4.8270
Src_reg_loss	: 0.0310
-------------------------------------
[Epoch : 174/500]
Total_loss	: 0.0992
MMD_loss	: 2.0038
cond_ent_wt	: 4.8269
Src_reg_loss	: 0.0309
-------------------------------------
[Epoch : 175/500]
Total_loss	: 0.0991
MMD_loss	: 2.0026
cond_ent_wt	: 4.8269
Src_reg_loss	: 0.0308
-------------------------------------
[Epoch : 176/500]
Total_loss	: 0.0990
MMD_loss	: 2.0015
cond_ent_wt	: 4.8268
Src_reg_loss	: 0.0307
-------------------------------------
[Epoch : 177/500]
Total_loss	: 0.0989
MMD_loss	: 2.0004
cond_ent_wt	: 4.8268
Src_reg_loss	: 0.0306
-------------------------------------
[Epoch : 178/500]
Total_loss	: 0.0988
MMD_loss	: 1.9994
cond_ent_wt	: 4.8267
Src_reg_loss	: 0.0305
-------------------------------------
[Epoch : 179/500]
Total_loss	: 0.0987
MMD_loss	: 1.9984
cond_ent_wt	: 4.8266
Src_reg_loss	: 0.0304
-------------------------------------
[Epoch : 180/500]
Total_loss	: 0.0986
MMD_loss	: 1.9974
cond_ent_wt	: 4.8266
Src_reg_loss	: 0.0304
-------------------------------------
[Epoch : 181/500]
Total_loss	: 0.0985
MMD_loss	: 1.9965
cond_ent_wt	: 4.8265
Src_reg_loss	: 0.0303
-------------------------------------
[Epoch : 182/500]
Total_loss	: 0.0984
MMD_loss	: 1.9956
cond_ent_wt	: 4.8265
Src_reg_loss	: 0.0302
-------------------------------------
[Epoch : 183/500]
Total_loss	: 0.0983
MMD_loss	: 1.9948
cond_ent_wt	: 4.8264
Src_reg_loss	: 0.0301
-------------------------------------
[Epoch : 184/500]
Total_loss	: 0.0982
MMD_loss	: 1.9939
cond_ent_wt	: 4.8264
Src_reg_loss	: 0.0300
-------------------------------------
[Epoch : 185/500]
Total_loss	: 0.0981
MMD_loss	: 1.9932
cond_ent_wt	: 4.8263
Src_reg_loss	: 0.0299
-------------------------------------
[Epoch : 186/500]
Total_loss	: 0.0980
MMD_loss	: 1.9924
cond_ent_wt	: 4.8263
Src_reg_loss	: 0.0299
-------------------------------------
[Epoch : 187/500]
Total_loss	: 0.0980
MMD_loss	: 1.9917
cond_ent_wt	: 4.8262
Src_reg_loss	: 0.0298
-------------------------------------
[Epoch : 188/500]
Total_loss	: 0.0979
MMD_loss	: 1.9910
cond_ent_wt	: 4.8261
Src_reg_loss	: 0.0297
-------------------------------------
[Epoch : 189/500]
Total_loss	: 0.0978
MMD_loss	: 1.9903
cond_ent_wt	: 4.8261
Src_reg_loss	: 0.0296
-------------------------------------
[Epoch : 190/500]
Total_loss	: 0.0977
MMD_loss	: 1.9897
cond_ent_wt	: 4.8260
Src_reg_loss	: 0.0295
-------------------------------------
[Epoch : 191/500]
Total_loss	: 0.0976
MMD_loss	: 1.9891
cond_ent_wt	: 4.8259
Src_reg_loss	: 0.0295
-------------------------------------
[Epoch : 192/500]
Total_loss	: 0.0975
MMD_loss	: 1.9885
cond_ent_wt	: 4.8259
Src_reg_loss	: 0.0294
-------------------------------------
[Epoch : 193/500]
Total_loss	: 0.0974
MMD_loss	: 1.9879
cond_ent_wt	: 4.8258
Src_reg_loss	: 0.0293
-------------------------------------
[Epoch : 194/500]
Total_loss	: 0.0974
MMD_loss	: 1.9874
cond_ent_wt	: 4.8258
Src_reg_loss	: 0.0292
-------------------------------------
[Epoch : 195/500]
Total_loss	: 0.0973
MMD_loss	: 1.9869
cond_ent_wt	: 4.8257
Src_reg_loss	: 0.0291
-------------------------------------
[Epoch : 196/500]
Total_loss	: 0.0972
MMD_loss	: 1.9864
cond_ent_wt	: 4.8256
Src_reg_loss	: 0.0291
-------------------------------------
[Epoch : 197/500]
Total_loss	: 0.0971
MMD_loss	: 1.9860
cond_ent_wt	: 4.8255
Src_reg_loss	: 0.0290
-------------------------------------
[Epoch : 198/500]
Total_loss	: 0.0970
MMD_loss	: 1.9855
cond_ent_wt	: 4.8255
Src_reg_loss	: 0.0289
-------------------------------------
[Epoch : 199/500]
Total_loss	: 0.0970
MMD_loss	: 1.9851
cond_ent_wt	: 4.8254
Src_reg_loss	: 0.0288
-------------------------------------
[Epoch : 200/500]
Total_loss	: 0.0969
MMD_loss	: 1.9847
cond_ent_wt	: 4.8253
Src_reg_loss	: 0.0288
-------------------------------------
[Epoch : 201/500]
Total_loss	: 0.0968
MMD_loss	: 1.9844
cond_ent_wt	: 4.8253
Src_reg_loss	: 0.0287
-------------------------------------
[Epoch : 202/500]
Total_loss	: 0.0967
MMD_loss	: 1.9840
cond_ent_wt	: 4.8252
Src_reg_loss	: 0.0286
-------------------------------------
[Epoch : 203/500]
Total_loss	: 0.0966
MMD_loss	: 1.9837
cond_ent_wt	: 4.8251
Src_reg_loss	: 0.0286
-------------------------------------
[Epoch : 204/500]
Total_loss	: 0.0966
MMD_loss	: 1.9834
cond_ent_wt	: 4.8250
Src_reg_loss	: 0.0285
-------------------------------------
[Epoch : 205/500]
Total_loss	: 0.0965
MMD_loss	: 1.9831
cond_ent_wt	: 4.8250
Src_reg_loss	: 0.0284
-------------------------------------
[Epoch : 206/500]
Total_loss	: 0.0964
MMD_loss	: 1.9828
cond_ent_wt	: 4.8249
Src_reg_loss	: 0.0283
-------------------------------------
[Epoch : 207/500]
Total_loss	: 0.0963
MMD_loss	: 1.9826
cond_ent_wt	: 4.8248
Src_reg_loss	: 0.0283
-------------------------------------
[Epoch : 208/500]
Total_loss	: 0.0963
MMD_loss	: 1.9824
cond_ent_wt	: 4.8247
Src_reg_loss	: 0.0282
-------------------------------------
[Epoch : 209/500]
Total_loss	: 0.0962
MMD_loss	: 1.9822
cond_ent_wt	: 4.8247
Src_reg_loss	: 0.0281
-------------------------------------
[Epoch : 210/500]
Total_loss	: 0.0961
MMD_loss	: 1.9820
cond_ent_wt	: 4.8246
Src_reg_loss	: 0.0281
-------------------------------------
[Epoch : 211/500]
Total_loss	: 0.0961
MMD_loss	: 1.9818
cond_ent_wt	: 4.8245
Src_reg_loss	: 0.0280
-------------------------------------
[Epoch : 212/500]
Total_loss	: 0.0960
MMD_loss	: 1.9816
cond_ent_wt	: 4.8244
Src_reg_loss	: 0.0279
-------------------------------------
[Epoch : 213/500]
Total_loss	: 0.0959
MMD_loss	: 1.9815
cond_ent_wt	: 4.8243
Src_reg_loss	: 0.0279
-------------------------------------
[Epoch : 214/500]
Total_loss	: 0.0959
MMD_loss	: 1.9813
cond_ent_wt	: 4.8242
Src_reg_loss	: 0.0278
-------------------------------------
[Epoch : 215/500]
Total_loss	: 0.0958
MMD_loss	: 1.9812
cond_ent_wt	: 4.8242
Src_reg_loss	: 0.0277
-------------------------------------
[Epoch : 216/500]
Total_loss	: 0.0957
MMD_loss	: 1.9811
cond_ent_wt	: 4.8241
Src_reg_loss	: 0.0277
-------------------------------------
[Epoch : 217/500]
Total_loss	: 0.0956
MMD_loss	: 1.9810
cond_ent_wt	: 4.8240
Src_reg_loss	: 0.0276
-------------------------------------
[Epoch : 218/500]
Total_loss	: 0.0956
MMD_loss	: 1.9809
cond_ent_wt	: 4.8239
Src_reg_loss	: 0.0275
-------------------------------------
[Epoch : 219/500]
Total_loss	: 0.0955
MMD_loss	: 1.9808
cond_ent_wt	: 4.8238
Src_reg_loss	: 0.0275
-------------------------------------
[Epoch : 220/500]
Total_loss	: 0.0954
MMD_loss	: 1.9808
cond_ent_wt	: 4.8237
Src_reg_loss	: 0.0274
-------------------------------------
[Epoch : 221/500]
Total_loss	: 0.0954
MMD_loss	: 1.9807
cond_ent_wt	: 4.8236
Src_reg_loss	: 0.0273
-------------------------------------
[Epoch : 222/500]
Total_loss	: 0.0953
MMD_loss	: 1.9807
cond_ent_wt	: 4.8235
Src_reg_loss	: 0.0273
-------------------------------------
[Epoch : 223/500]
Total_loss	: 0.0953
MMD_loss	: 1.9807
cond_ent_wt	: 4.8234
Src_reg_loss	: 0.0272
-------------------------------------
[Epoch : 224/500]
Total_loss	: 0.0952
MMD_loss	: 1.9806
cond_ent_wt	: 4.8233
Src_reg_loss	: 0.0272
-------------------------------------
[Epoch : 225/500]
Total_loss	: 0.0951
MMD_loss	: 1.9806
cond_ent_wt	: 4.8232
Src_reg_loss	: 0.0271
-------------------------------------
[Epoch : 226/500]
Total_loss	: 0.0951
MMD_loss	: 1.9806
cond_ent_wt	: 4.8231
Src_reg_loss	: 0.0270
-------------------------------------
[Epoch : 227/500]
Total_loss	: 0.0950
MMD_loss	: 1.9806
cond_ent_wt	: 4.8230
Src_reg_loss	: 0.0270
-------------------------------------
[Epoch : 228/500]
Total_loss	: 0.0949
MMD_loss	: 1.9806
cond_ent_wt	: 4.8229
Src_reg_loss	: 0.0269
-------------------------------------
[Epoch : 229/500]
Total_loss	: 0.0949
MMD_loss	: 1.9807
cond_ent_wt	: 4.8228
Src_reg_loss	: 0.0268
-------------------------------------
[Epoch : 230/500]
Total_loss	: 0.0948
MMD_loss	: 1.9807
cond_ent_wt	: 4.8227
Src_reg_loss	: 0.0268
-------------------------------------
[Epoch : 231/500]
Total_loss	: 0.0948
MMD_loss	: 1.9807
cond_ent_wt	: 4.8226
Src_reg_loss	: 0.0267
-------------------------------------
[Epoch : 232/500]
Total_loss	: 0.0947
MMD_loss	: 1.9808
cond_ent_wt	: 4.8225
Src_reg_loss	: 0.0267
-------------------------------------
[Epoch : 233/500]
Total_loss	: 0.0946
MMD_loss	: 1.9808
cond_ent_wt	: 4.8224
Src_reg_loss	: 0.0266
-------------------------------------
[Epoch : 234/500]
Total_loss	: 0.0946
MMD_loss	: 1.9809
cond_ent_wt	: 4.8223
Src_reg_loss	: 0.0265
-------------------------------------
[Epoch : 235/500]
Total_loss	: 0.0945
MMD_loss	: 1.9809
cond_ent_wt	: 4.8222
Src_reg_loss	: 0.0265
-------------------------------------
[Epoch : 236/500]
Total_loss	: 0.0945
MMD_loss	: 1.9810
cond_ent_wt	: 4.8221
Src_reg_loss	: 0.0264
-------------------------------------
[Epoch : 237/500]
Total_loss	: 0.0944
MMD_loss	: 1.9810
cond_ent_wt	: 4.8220
Src_reg_loss	: 0.0264
-------------------------------------
[Epoch : 238/500]
Total_loss	: 0.0943
MMD_loss	: 1.9811
cond_ent_wt	: 4.8218
Src_reg_loss	: 0.0263
-------------------------------------
[Epoch : 239/500]
Total_loss	: 0.0943
MMD_loss	: 1.9812
cond_ent_wt	: 4.8217
Src_reg_loss	: 0.0263
-------------------------------------
[Epoch : 240/500]
Total_loss	: 0.0942
MMD_loss	: 1.9813
cond_ent_wt	: 4.8216
Src_reg_loss	: 0.0262
-------------------------------------
[Epoch : 241/500]
Total_loss	: 0.0942
MMD_loss	: 1.9813
cond_ent_wt	: 4.8215
Src_reg_loss	: 0.0261
-------------------------------------
[Epoch : 242/500]
Total_loss	: 0.0941
MMD_loss	: 1.9814
cond_ent_wt	: 4.8214
Src_reg_loss	: 0.0261
-------------------------------------
[Epoch : 243/500]
Total_loss	: 0.0941
MMD_loss	: 1.9815
cond_ent_wt	: 4.8212
Src_reg_loss	: 0.0260
-------------------------------------
[Epoch : 244/500]
Total_loss	: 0.0940
MMD_loss	: 1.9816
cond_ent_wt	: 4.8211
Src_reg_loss	: 0.0260
-------------------------------------
[Epoch : 245/500]
Total_loss	: 0.0939
MMD_loss	: 1.9817
cond_ent_wt	: 4.8210
Src_reg_loss	: 0.0259
-------------------------------------
[Epoch : 246/500]
Total_loss	: 0.0939
MMD_loss	: 1.9818
cond_ent_wt	: 4.8209
Src_reg_loss	: 0.0259
-------------------------------------
[Epoch : 247/500]
Total_loss	: 0.0938
MMD_loss	: 1.9819
cond_ent_wt	: 4.8208
Src_reg_loss	: 0.0258
-------------------------------------
[Epoch : 248/500]
Total_loss	: 0.0938
MMD_loss	: 1.9820
cond_ent_wt	: 4.8206
Src_reg_loss	: 0.0258
-------------------------------------
[Epoch : 249/500]
Total_loss	: 0.0937
MMD_loss	: 1.9821
cond_ent_wt	: 4.8205
Src_reg_loss	: 0.0257
-------------------------------------
[Epoch : 250/500]
Total_loss	: 0.0937
MMD_loss	: 1.9822
cond_ent_wt	: 4.8204
Src_reg_loss	: 0.0257
-------------------------------------
[Epoch : 251/500]
Total_loss	: 0.0936
MMD_loss	: 1.9823
cond_ent_wt	: 4.8202
Src_reg_loss	: 0.0256
-------------------------------------
[Epoch : 252/500]
Total_loss	: 0.0936
MMD_loss	: 1.9824
cond_ent_wt	: 4.8201
Src_reg_loss	: 0.0255
-------------------------------------
[Epoch : 253/500]
Total_loss	: 0.0935
MMD_loss	: 1.9826
cond_ent_wt	: 4.8200
Src_reg_loss	: 0.0255
-------------------------------------
[Epoch : 254/500]
Total_loss	: 0.0935
MMD_loss	: 1.9827
cond_ent_wt	: 4.8198
Src_reg_loss	: 0.0254
-------------------------------------
[Epoch : 255/500]
Total_loss	: 0.0934
MMD_loss	: 1.9828
cond_ent_wt	: 4.8197
Src_reg_loss	: 0.0254
-------------------------------------
[Epoch : 256/500]
Total_loss	: 0.0934
MMD_loss	: 1.9829
cond_ent_wt	: 4.8195
Src_reg_loss	: 0.0253
-------------------------------------
[Epoch : 257/500]
Total_loss	: 0.0933
MMD_loss	: 1.9830
cond_ent_wt	: 4.8194
Src_reg_loss	: 0.0253
-------------------------------------
[Epoch : 258/500]
Total_loss	: 0.0933
MMD_loss	: 1.9831
cond_ent_wt	: 4.8193
Src_reg_loss	: 0.0252
-------------------------------------
[Epoch : 259/500]
Total_loss	: 0.0932
MMD_loss	: 1.9832
cond_ent_wt	: 4.8191
Src_reg_loss	: 0.0252
-------------------------------------
[Epoch : 260/500]
Total_loss	: 0.0932
MMD_loss	: 1.9833
cond_ent_wt	: 4.8190
Src_reg_loss	: 0.0251
-------------------------------------
[Epoch : 261/500]
Total_loss	: 0.0931
MMD_loss	: 1.9834
cond_ent_wt	: 4.8188
Src_reg_loss	: 0.0251
-------------------------------------
[Epoch : 262/500]
Total_loss	: 0.0931
MMD_loss	: 1.9836
cond_ent_wt	: 4.8187
Src_reg_loss	: 0.0250
-------------------------------------
[Epoch : 263/500]
Total_loss	: 0.0930
MMD_loss	: 1.9837
cond_ent_wt	: 4.8185
Src_reg_loss	: 0.0250
-------------------------------------
[Epoch : 264/500]
Total_loss	: 0.0930
MMD_loss	: 1.9838
cond_ent_wt	: 4.8184
Src_reg_loss	: 0.0249
-------------------------------------
[Epoch : 265/500]
Total_loss	: 0.0929
MMD_loss	: 1.9839
cond_ent_wt	: 4.8182
Src_reg_loss	: 0.0249
-------------------------------------
[Epoch : 266/500]
Total_loss	: 0.0929
MMD_loss	: 1.9840
cond_ent_wt	: 4.8180
Src_reg_loss	: 0.0248
-------------------------------------
[Epoch : 267/500]
Total_loss	: 0.0928
MMD_loss	: 1.9841
cond_ent_wt	: 4.8179
Src_reg_loss	: 0.0248
-------------------------------------
[Epoch : 268/500]
Total_loss	: 0.0928
MMD_loss	: 1.9842
cond_ent_wt	: 4.8177
Src_reg_loss	: 0.0247
-------------------------------------
[Epoch : 269/500]
Total_loss	: 0.0927
MMD_loss	: 1.9843
cond_ent_wt	: 4.8176
Src_reg_loss	: 0.0247
-------------------------------------
[Epoch : 270/500]
Total_loss	: 0.0927
MMD_loss	: 1.9844
cond_ent_wt	: 4.8174
Src_reg_loss	: 0.0246
-------------------------------------
[Epoch : 271/500]
Total_loss	: 0.0926
MMD_loss	: 1.9844
cond_ent_wt	: 4.8172
Src_reg_loss	: 0.0246
-------------------------------------
[Epoch : 272/500]
Total_loss	: 0.0926
MMD_loss	: 1.9845
cond_ent_wt	: 4.8171
Src_reg_loss	: 0.0245
-------------------------------------
[Epoch : 273/500]
Total_loss	: 0.0925
MMD_loss	: 1.9846
cond_ent_wt	: 4.8169
Src_reg_loss	: 0.0245
-------------------------------------
[Epoch : 274/500]
Total_loss	: 0.0925
MMD_loss	: 1.9847
cond_ent_wt	: 4.8167
Src_reg_loss	: 0.0245
-------------------------------------
[Epoch : 275/500]
Total_loss	: 0.0924
MMD_loss	: 1.9848
cond_ent_wt	: 4.8166
Src_reg_loss	: 0.0244
-------------------------------------
[Epoch : 276/500]
Total_loss	: 0.0924
MMD_loss	: 1.9849
cond_ent_wt	: 4.8164
Src_reg_loss	: 0.0244
-------------------------------------
[Epoch : 277/500]
Total_loss	: 0.0923
MMD_loss	: 1.9849
cond_ent_wt	: 4.8162
Src_reg_loss	: 0.0243
-------------------------------------
[Epoch : 278/500]
Total_loss	: 0.0923
MMD_loss	: 1.9850
cond_ent_wt	: 4.8160
Src_reg_loss	: 0.0243
-------------------------------------
[Epoch : 279/500]
Total_loss	: 0.0922
MMD_loss	: 1.9851
cond_ent_wt	: 4.8159
Src_reg_loss	: 0.0242
-------------------------------------
[Epoch : 280/500]
Total_loss	: 0.0922
MMD_loss	: 1.9852
cond_ent_wt	: 4.8157
Src_reg_loss	: 0.0242
-------------------------------------
[Epoch : 281/500]
Total_loss	: 0.0921
MMD_loss	: 1.9852
cond_ent_wt	: 4.8155
Src_reg_loss	: 0.0241
-------------------------------------
[Epoch : 282/500]
Total_loss	: 0.0921
MMD_loss	: 1.9853
cond_ent_wt	: 4.8153
Src_reg_loss	: 0.0241
-------------------------------------
[Epoch : 283/500]
Total_loss	: 0.0920
MMD_loss	: 1.9853
cond_ent_wt	: 4.8151
Src_reg_loss	: 0.0240
-------------------------------------
[Epoch : 284/500]
Total_loss	: 0.0920
MMD_loss	: 1.9854
cond_ent_wt	: 4.8149
Src_reg_loss	: 0.0240
-------------------------------------
[Epoch : 285/500]
Total_loss	: 0.0920
MMD_loss	: 1.9854
cond_ent_wt	: 4.8147
Src_reg_loss	: 0.0240
-------------------------------------
[Epoch : 286/500]
Total_loss	: 0.0919
MMD_loss	: 1.9855
cond_ent_wt	: 4.8146
Src_reg_loss	: 0.0239
-------------------------------------
[Epoch : 287/500]
Total_loss	: 0.0919
MMD_loss	: 1.9855
cond_ent_wt	: 4.8144
Src_reg_loss	: 0.0239
-------------------------------------
[Epoch : 288/500]
Total_loss	: 0.0918
MMD_loss	: 1.9856
cond_ent_wt	: 4.8142
Src_reg_loss	: 0.0238
-------------------------------------
[Epoch : 289/500]
Total_loss	: 0.0918
MMD_loss	: 1.9856
cond_ent_wt	: 4.8140
Src_reg_loss	: 0.0238
-------------------------------------
[Epoch : 290/500]
Total_loss	: 0.0917
MMD_loss	: 1.9856
cond_ent_wt	: 4.8138
Src_reg_loss	: 0.0237
-------------------------------------
[Epoch : 291/500]
Total_loss	: 0.0917
MMD_loss	: 1.9856
cond_ent_wt	: 4.8136
Src_reg_loss	: 0.0237
-------------------------------------
[Epoch : 292/500]
Total_loss	: 0.0916
MMD_loss	: 1.9857
cond_ent_wt	: 4.8134
Src_reg_loss	: 0.0237
-------------------------------------
[Epoch : 293/500]
Total_loss	: 0.0916
MMD_loss	: 1.9857
cond_ent_wt	: 4.8132
Src_reg_loss	: 0.0236
-------------------------------------
[Epoch : 294/500]
Total_loss	: 0.0916
MMD_loss	: 1.9857
cond_ent_wt	: 4.8130
Src_reg_loss	: 0.0236
-------------------------------------
[Epoch : 295/500]
Total_loss	: 0.0915
MMD_loss	: 1.9857
cond_ent_wt	: 4.8127
Src_reg_loss	: 0.0235
-------------------------------------
[Epoch : 296/500]
Total_loss	: 0.0915
MMD_loss	: 1.9857
cond_ent_wt	: 4.8125
Src_reg_loss	: 0.0235
-------------------------------------
[Epoch : 297/500]
Total_loss	: 0.0914
MMD_loss	: 1.9857
cond_ent_wt	: 4.8123
Src_reg_loss	: 0.0234
-------------------------------------
[Epoch : 298/500]
Total_loss	: 0.0914
MMD_loss	: 1.9857
cond_ent_wt	: 4.8121
Src_reg_loss	: 0.0234
-------------------------------------
[Epoch : 299/500]
Total_loss	: 0.0913
MMD_loss	: 1.9857
cond_ent_wt	: 4.8119
Src_reg_loss	: 0.0234
-------------------------------------
[Epoch : 300/500]
Total_loss	: 0.0913
MMD_loss	: 1.9857
cond_ent_wt	: 4.8117
Src_reg_loss	: 0.0233
-------------------------------------
[Epoch : 301/500]
Total_loss	: 0.0913
MMD_loss	: 1.9857
cond_ent_wt	: 4.8115
Src_reg_loss	: 0.0233
-------------------------------------
[Epoch : 302/500]
Total_loss	: 0.0912
MMD_loss	: 1.9857
cond_ent_wt	: 4.8113
Src_reg_loss	: 0.0232
-------------------------------------
[Epoch : 303/500]
Total_loss	: 0.0912
MMD_loss	: 1.9856
cond_ent_wt	: 4.8110
Src_reg_loss	: 0.0232
-------------------------------------
[Epoch : 304/500]
Total_loss	: 0.0911
MMD_loss	: 1.9856
cond_ent_wt	: 4.8108
Src_reg_loss	: 0.0232
-------------------------------------
[Epoch : 305/500]
Total_loss	: 0.0911
MMD_loss	: 1.9856
cond_ent_wt	: 4.8106
Src_reg_loss	: 0.0231
-------------------------------------
[Epoch : 306/500]
Total_loss	: 0.0910
MMD_loss	: 1.9856
cond_ent_wt	: 4.8104
Src_reg_loss	: 0.0231
-------------------------------------
[Epoch : 307/500]
Total_loss	: 0.0910
MMD_loss	: 1.9855
cond_ent_wt	: 4.8101
Src_reg_loss	: 0.0230
-------------------------------------
[Epoch : 308/500]
Total_loss	: 0.0910
MMD_loss	: 1.9855
cond_ent_wt	: 4.8099
Src_reg_loss	: 0.0230
-------------------------------------
[Epoch : 309/500]
Total_loss	: 0.0909
MMD_loss	: 1.9854
cond_ent_wt	: 4.8097
Src_reg_loss	: 0.0230
-------------------------------------
[Epoch : 310/500]
Total_loss	: 0.0909
MMD_loss	: 1.9854
cond_ent_wt	: 4.8094
Src_reg_loss	: 0.0229
-------------------------------------
[Epoch : 311/500]
Total_loss	: 0.0908
MMD_loss	: 1.9853
cond_ent_wt	: 4.8092
Src_reg_loss	: 0.0229
-------------------------------------
[Epoch : 312/500]
Total_loss	: 0.0908
MMD_loss	: 1.9852
cond_ent_wt	: 4.8090
Src_reg_loss	: 0.0228
-------------------------------------
[Epoch : 313/500]
Total_loss	: 0.0907
MMD_loss	: 1.9852
cond_ent_wt	: 4.8087
Src_reg_loss	: 0.0228
-------------------------------------
[Epoch : 314/500]
Total_loss	: 0.0907
MMD_loss	: 1.9851
cond_ent_wt	: 4.8085
Src_reg_loss	: 0.0228
-------------------------------------
[Epoch : 315/500]
Total_loss	: 0.0907
MMD_loss	: 1.9850
cond_ent_wt	: 4.8083
Src_reg_loss	: 0.0227
-------------------------------------
[Epoch : 316/500]
Total_loss	: 0.0906
MMD_loss	: 1.9850
cond_ent_wt	: 4.8080
Src_reg_loss	: 0.0227
-------------------------------------
[Epoch : 317/500]
Total_loss	: 0.0906
MMD_loss	: 1.9849
cond_ent_wt	: 4.8078
Src_reg_loss	: 0.0227
-------------------------------------
[Epoch : 318/500]
Total_loss	: 0.0905
MMD_loss	: 1.9848
cond_ent_wt	: 4.8075
Src_reg_loss	: 0.0226
-------------------------------------
[Epoch : 319/500]
Total_loss	: 0.0905
MMD_loss	: 1.9847
cond_ent_wt	: 4.8073
Src_reg_loss	: 0.0226
-------------------------------------
[Epoch : 320/500]
Total_loss	: 0.0905
MMD_loss	: 1.9846
cond_ent_wt	: 4.8071
Src_reg_loss	: 0.0225
-------------------------------------
[Epoch : 321/500]
Total_loss	: 0.0904
MMD_loss	: 1.9845
cond_ent_wt	: 4.8068
Src_reg_loss	: 0.0225
-------------------------------------
[Epoch : 322/500]
Total_loss	: 0.0904
MMD_loss	: 1.9844
cond_ent_wt	: 4.8066
Src_reg_loss	: 0.0225
-------------------------------------
[Epoch : 323/500]
Total_loss	: 0.0903
MMD_loss	: 1.9843
cond_ent_wt	: 4.8063
Src_reg_loss	: 0.0224
-------------------------------------
[Epoch : 324/500]
Total_loss	: 0.0903
MMD_loss	: 1.9842
cond_ent_wt	: 4.8061
Src_reg_loss	: 0.0224
-------------------------------------
[Epoch : 325/500]
Total_loss	: 0.0903
MMD_loss	: 1.9841
cond_ent_wt	: 4.8058
Src_reg_loss	: 0.0224
-------------------------------------
[Epoch : 326/500]
Total_loss	: 0.0902
MMD_loss	: 1.9840
cond_ent_wt	: 4.8056
Src_reg_loss	: 0.0223
-------------------------------------
[Epoch : 327/500]
Total_loss	: 0.0902
MMD_loss	: 1.9838
cond_ent_wt	: 4.8053
Src_reg_loss	: 0.0223
-------------------------------------
[Epoch : 328/500]
Total_loss	: 0.0901
MMD_loss	: 1.9837
cond_ent_wt	: 4.8051
Src_reg_loss	: 0.0223
-------------------------------------
[Epoch : 329/500]
Total_loss	: 0.0901
MMD_loss	: 1.9836
cond_ent_wt	: 4.8048
Src_reg_loss	: 0.0222
-------------------------------------
[Epoch : 330/500]
Total_loss	: 0.0901
MMD_loss	: 1.9835
cond_ent_wt	: 4.8045
Src_reg_loss	: 0.0222
-------------------------------------
[Epoch : 331/500]
Total_loss	: 0.0900
MMD_loss	: 1.9833
cond_ent_wt	: 4.8043
Src_reg_loss	: 0.0222
-------------------------------------
[Epoch : 332/500]
Total_loss	: 0.0900
MMD_loss	: 1.9832
cond_ent_wt	: 4.8040
Src_reg_loss	: 0.0221
-------------------------------------
[Epoch : 333/500]
Total_loss	: 0.0900
MMD_loss	: 1.9831
cond_ent_wt	: 4.8038
Src_reg_loss	: 0.0221
-------------------------------------
[Epoch : 334/500]
Total_loss	: 0.0899
MMD_loss	: 1.9829
cond_ent_wt	: 4.8035
Src_reg_loss	: 0.0221
-------------------------------------
[Epoch : 335/500]
Total_loss	: 0.0899
MMD_loss	: 1.9828
cond_ent_wt	: 4.8033
Src_reg_loss	: 0.0220
-------------------------------------
[Epoch : 336/500]
Total_loss	: 0.0898
MMD_loss	: 1.9826
cond_ent_wt	: 4.8030
Src_reg_loss	: 0.0220
-------------------------------------
[Epoch : 337/500]
Total_loss	: 0.0898
MMD_loss	: 1.9825
cond_ent_wt	: 4.8027
Src_reg_loss	: 0.0219
-------------------------------------
[Epoch : 338/500]
Total_loss	: 0.0898
MMD_loss	: 1.9823
cond_ent_wt	: 4.8025
Src_reg_loss	: 0.0219
-------------------------------------
[Epoch : 339/500]
Total_loss	: 0.0897
MMD_loss	: 1.9821
cond_ent_wt	: 4.8022
Src_reg_loss	: 0.0219
-------------------------------------
[Epoch : 340/500]
Total_loss	: 0.0897
MMD_loss	: 1.9820
cond_ent_wt	: 4.8019
Src_reg_loss	: 0.0218
-------------------------------------
[Epoch : 341/500]
Total_loss	: 0.0896
MMD_loss	: 1.9818
cond_ent_wt	: 4.8017
Src_reg_loss	: 0.0218
-------------------------------------
[Epoch : 342/500]
Total_loss	: 0.0896
MMD_loss	: 1.9816
cond_ent_wt	: 4.8014
Src_reg_loss	: 0.0218
-------------------------------------
[Epoch : 343/500]
Total_loss	: 0.0896
MMD_loss	: 1.9815
cond_ent_wt	: 4.8011
Src_reg_loss	: 0.0217
-------------------------------------
[Epoch : 344/500]
Total_loss	: 0.0895
MMD_loss	: 1.9813
cond_ent_wt	: 4.8009
Src_reg_loss	: 0.0217
-------------------------------------
[Epoch : 345/500]
Total_loss	: 0.0895
MMD_loss	: 1.9811
cond_ent_wt	: 4.8006
Src_reg_loss	: 0.0217
-------------------------------------
[Epoch : 346/500]
Total_loss	: 0.0895
MMD_loss	: 1.9809
cond_ent_wt	: 4.8003
Src_reg_loss	: 0.0217
-------------------------------------
[Epoch : 347/500]
Total_loss	: 0.0894
MMD_loss	: 1.9808
cond_ent_wt	: 4.8000
Src_reg_loss	: 0.0216
-------------------------------------
[Epoch : 348/500]
Total_loss	: 0.0894
MMD_loss	: 1.9806
cond_ent_wt	: 4.7998
Src_reg_loss	: 0.0216
-------------------------------------
[Epoch : 349/500]
Total_loss	: 0.0894
MMD_loss	: 1.9804
cond_ent_wt	: 4.7995
Src_reg_loss	: 0.0216
-------------------------------------
[Epoch : 350/500]
Total_loss	: 0.0893
MMD_loss	: 1.9802
cond_ent_wt	: 4.7992
Src_reg_loss	: 0.0215
-------------------------------------
[Epoch : 351/500]
Total_loss	: 0.0893
MMD_loss	: 1.9800
cond_ent_wt	: 4.7990
Src_reg_loss	: 0.0215
-------------------------------------
[Epoch : 352/500]
Total_loss	: 0.0892
MMD_loss	: 1.9798
cond_ent_wt	: 4.7987
Src_reg_loss	: 0.0215
-------------------------------------
[Epoch : 353/500]
Total_loss	: 0.0892
MMD_loss	: 1.9796
cond_ent_wt	: 4.7984
Src_reg_loss	: 0.0214
-------------------------------------
[Epoch : 354/500]
Total_loss	: 0.0892
MMD_loss	: 1.9794
cond_ent_wt	: 4.7981
Src_reg_loss	: 0.0214
-------------------------------------
[Epoch : 355/500]
Total_loss	: 0.0891
MMD_loss	: 1.9792
cond_ent_wt	: 4.7978
Src_reg_loss	: 0.0214
-------------------------------------
[Epoch : 356/500]
Total_loss	: 0.0891
MMD_loss	: 1.9790
cond_ent_wt	: 4.7976
Src_reg_loss	: 0.0213
-------------------------------------
[Epoch : 357/500]
Total_loss	: 0.0891
MMD_loss	: 1.9788
cond_ent_wt	: 4.7973
Src_reg_loss	: 0.0213
-------------------------------------
[Epoch : 358/500]
Total_loss	: 0.0890
MMD_loss	: 1.9786
cond_ent_wt	: 4.7970
Src_reg_loss	: 0.0213
-------------------------------------
[Epoch : 359/500]
Total_loss	: 0.0890
MMD_loss	: 1.9783
cond_ent_wt	: 4.7967
Src_reg_loss	: 0.0212
-------------------------------------
[Epoch : 360/500]
Total_loss	: 0.0890
MMD_loss	: 1.9781
cond_ent_wt	: 4.7965
Src_reg_loss	: 0.0212
-------------------------------------
[Epoch : 361/500]
Total_loss	: 0.0889
MMD_loss	: 1.9779
cond_ent_wt	: 4.7962
Src_reg_loss	: 0.0212
-------------------------------------
[Epoch : 362/500]
Total_loss	: 0.0889
MMD_loss	: 1.9777
cond_ent_wt	: 4.7959
Src_reg_loss	: 0.0212
-------------------------------------
[Epoch : 363/500]
Total_loss	: 0.0889
MMD_loss	: 1.9775
cond_ent_wt	: 4.7956
Src_reg_loss	: 0.0211
-------------------------------------
[Epoch : 364/500]
Total_loss	: 0.0888
MMD_loss	: 1.9772
cond_ent_wt	: 4.7953
Src_reg_loss	: 0.0211
-------------------------------------
[Epoch : 365/500]
Total_loss	: 0.0888
MMD_loss	: 1.9770
cond_ent_wt	: 4.7951
Src_reg_loss	: 0.0211
-------------------------------------
[Epoch : 366/500]
Total_loss	: 0.0887
MMD_loss	: 1.9768
cond_ent_wt	: 4.7948
Src_reg_loss	: 0.0210
-------------------------------------
[Epoch : 367/500]
Total_loss	: 0.0887
MMD_loss	: 1.9765
cond_ent_wt	: 4.7945
Src_reg_loss	: 0.0210
-------------------------------------
[Epoch : 368/500]
Total_loss	: 0.0887
MMD_loss	: 1.9763
cond_ent_wt	: 4.7942
Src_reg_loss	: 0.0210
-------------------------------------
[Epoch : 369/500]
Total_loss	: 0.0886
MMD_loss	: 1.9761
cond_ent_wt	: 4.7939
Src_reg_loss	: 0.0209
-------------------------------------
[Epoch : 370/500]
Total_loss	: 0.0886
MMD_loss	: 1.9758
cond_ent_wt	: 4.7936
Src_reg_loss	: 0.0209
-------------------------------------
[Epoch : 371/500]
Total_loss	: 0.0886
MMD_loss	: 1.9756
cond_ent_wt	: 4.7934
Src_reg_loss	: 0.0209
-------------------------------------
[Epoch : 372/500]
Total_loss	: 0.0885
MMD_loss	: 1.9753
cond_ent_wt	: 4.7931
Src_reg_loss	: 0.0209
-------------------------------------
[Epoch : 373/500]
Total_loss	: 0.0885
MMD_loss	: 1.9751
cond_ent_wt	: 4.7928
Src_reg_loss	: 0.0208
-------------------------------------
[Epoch : 374/500]
Total_loss	: 0.0885
MMD_loss	: 1.9748
cond_ent_wt	: 4.7925
Src_reg_loss	: 0.0208
-------------------------------------
[Epoch : 375/500]
Total_loss	: 0.0884
MMD_loss	: 1.9746
cond_ent_wt	: 4.7922
Src_reg_loss	: 0.0208
-------------------------------------
[Epoch : 376/500]
Total_loss	: 0.0884
MMD_loss	: 1.9743
cond_ent_wt	: 4.7919
Src_reg_loss	: 0.0207
-------------------------------------
[Epoch : 377/500]
Total_loss	: 0.0884
MMD_loss	: 1.9741
cond_ent_wt	: 4.7917
Src_reg_loss	: 0.0207
-------------------------------------
[Epoch : 378/500]
Total_loss	: 0.0883
MMD_loss	: 1.9738
cond_ent_wt	: 4.7914
Src_reg_loss	: 0.0207
-------------------------------------
[Epoch : 379/500]
Total_loss	: 0.0883
MMD_loss	: 1.9736
cond_ent_wt	: 4.7911
Src_reg_loss	: 0.0207
-------------------------------------
[Epoch : 380/500]
Total_loss	: 0.0883
MMD_loss	: 1.9733
cond_ent_wt	: 4.7908
Src_reg_loss	: 0.0206
-------------------------------------
[Epoch : 381/500]
Total_loss	: 0.0882
MMD_loss	: 1.9731
cond_ent_wt	: 4.7905
Src_reg_loss	: 0.0206
-------------------------------------
[Epoch : 382/500]
Total_loss	: 0.0882
MMD_loss	: 1.9728
cond_ent_wt	: 4.7902
Src_reg_loss	: 0.0206
-------------------------------------
[Epoch : 383/500]
Total_loss	: 0.0882
MMD_loss	: 1.9725
cond_ent_wt	: 4.7899
Src_reg_loss	: 0.0206
-------------------------------------
[Epoch : 384/500]
Total_loss	: 0.0881
MMD_loss	: 1.9723
cond_ent_wt	: 4.7896
Src_reg_loss	: 0.0205
-------------------------------------
[Epoch : 385/500]
Total_loss	: 0.0881
MMD_loss	: 1.9720
cond_ent_wt	: 4.7894
Src_reg_loss	: 0.0205
-------------------------------------
[Epoch : 386/500]
Total_loss	: 0.0881
MMD_loss	: 1.9717
cond_ent_wt	: 4.7891
Src_reg_loss	: 0.0205
-------------------------------------
[Epoch : 387/500]
Total_loss	: 0.0880
MMD_loss	: 1.9715
cond_ent_wt	: 4.7888
Src_reg_loss	: 0.0204
-------------------------------------
[Epoch : 388/500]
Total_loss	: 0.0880
MMD_loss	: 1.9712
cond_ent_wt	: 4.7885
Src_reg_loss	: 0.0204
-------------------------------------
[Epoch : 389/500]
Total_loss	: 0.0880
MMD_loss	: 1.9709
cond_ent_wt	: 4.7882
Src_reg_loss	: 0.0204
-------------------------------------
[Epoch : 390/500]
Total_loss	: 0.0879
MMD_loss	: 1.9707
cond_ent_wt	: 4.7879
Src_reg_loss	: 0.0204
-------------------------------------
[Epoch : 391/500]
Total_loss	: 0.0879
MMD_loss	: 1.9704
cond_ent_wt	: 4.7876
Src_reg_loss	: 0.0203
-------------------------------------
[Epoch : 392/500]
Total_loss	: 0.0879
MMD_loss	: 1.9701
cond_ent_wt	: 4.7874
Src_reg_loss	: 0.0203
-------------------------------------
[Epoch : 393/500]
Total_loss	: 0.0879
MMD_loss	: 1.9698
cond_ent_wt	: 4.7871
Src_reg_loss	: 0.0203
-------------------------------------
[Epoch : 394/500]
Total_loss	: 0.0878
MMD_loss	: 1.9696
cond_ent_wt	: 4.7868
Src_reg_loss	: 0.0203
-------------------------------------
[Epoch : 395/500]
Total_loss	: 0.0878
MMD_loss	: 1.9693
cond_ent_wt	: 4.7865
Src_reg_loss	: 0.0202
-------------------------------------
[Epoch : 396/500]
Total_loss	: 0.0878
MMD_loss	: 1.9690
cond_ent_wt	: 4.7862
Src_reg_loss	: 0.0202
-------------------------------------
[Epoch : 397/500]
Total_loss	: 0.0877
MMD_loss	: 1.9687
cond_ent_wt	: 4.7859
Src_reg_loss	: 0.0202
-------------------------------------
[Epoch : 398/500]
Total_loss	: 0.0877
MMD_loss	: 1.9684
cond_ent_wt	: 4.7856
Src_reg_loss	: 0.0202
-------------------------------------
[Epoch : 399/500]
Total_loss	: 0.0877
MMD_loss	: 1.9681
cond_ent_wt	: 4.7853
Src_reg_loss	: 0.0201
-------------------------------------
[Epoch : 400/500]
Total_loss	: 0.0876
MMD_loss	: 1.9679
cond_ent_wt	: 4.7850
Src_reg_loss	: 0.0201
-------------------------------------
[Epoch : 401/500]
Total_loss	: 0.0876
MMD_loss	: 1.9676
cond_ent_wt	: 4.7848
Src_reg_loss	: 0.0201
-------------------------------------
[Epoch : 402/500]
Total_loss	: 0.0876
MMD_loss	: 1.9673
cond_ent_wt	: 4.7845
Src_reg_loss	: 0.0201
-------------------------------------
[Epoch : 403/500]
Total_loss	: 0.0875
MMD_loss	: 1.9670
cond_ent_wt	: 4.7842
Src_reg_loss	: 0.0200
-------------------------------------
[Epoch : 404/500]
Total_loss	: 0.0875
MMD_loss	: 1.9667
cond_ent_wt	: 4.7839
Src_reg_loss	: 0.0200
-------------------------------------
[Epoch : 405/500]
Total_loss	: 0.0875
MMD_loss	: 1.9664
cond_ent_wt	: 4.7836
Src_reg_loss	: 0.0200
-------------------------------------
[Epoch : 406/500]
Total_loss	: 0.0874
MMD_loss	: 1.9661
cond_ent_wt	: 4.7833
Src_reg_loss	: 0.0200
-------------------------------------
[Epoch : 407/500]
Total_loss	: 0.0874
MMD_loss	: 1.9658
cond_ent_wt	: 4.7830
Src_reg_loss	: 0.0199
-------------------------------------
[Epoch : 408/500]
Total_loss	: 0.0874
MMD_loss	: 1.9655
cond_ent_wt	: 4.7827
Src_reg_loss	: 0.0199
-------------------------------------
[Epoch : 409/500]
Total_loss	: 0.0874
MMD_loss	: 1.9652
cond_ent_wt	: 4.7824
Src_reg_loss	: 0.0199
-------------------------------------
[Epoch : 410/500]
Total_loss	: 0.0873
MMD_loss	: 1.9649
cond_ent_wt	: 4.7822
Src_reg_loss	: 0.0199
-------------------------------------
[Epoch : 411/500]
Total_loss	: 0.0873
MMD_loss	: 1.9646
cond_ent_wt	: 4.7819
Src_reg_loss	: 0.0198
-------------------------------------
[Epoch : 412/500]
Total_loss	: 0.0873
MMD_loss	: 1.9643
cond_ent_wt	: 4.7816
Src_reg_loss	: 0.0198
-------------------------------------
[Epoch : 413/500]
Total_loss	: 0.0872
MMD_loss	: 1.9640
cond_ent_wt	: 4.7813
Src_reg_loss	: 0.0198
-------------------------------------
[Epoch : 414/500]
Total_loss	: 0.0872
MMD_loss	: 1.9637
cond_ent_wt	: 4.7810
Src_reg_loss	: 0.0198
-------------------------------------
[Epoch : 415/500]
Total_loss	: 0.0872
MMD_loss	: 1.9634
cond_ent_wt	: 4.7807
Src_reg_loss	: 0.0197
-------------------------------------
[Epoch : 416/500]
Total_loss	: 0.0871
MMD_loss	: 1.9631
cond_ent_wt	: 4.7804
Src_reg_loss	: 0.0197
-------------------------------------
[Epoch : 417/500]
Total_loss	: 0.0871
MMD_loss	: 1.9628
cond_ent_wt	: 4.7801
Src_reg_loss	: 0.0197
-------------------------------------
[Epoch : 418/500]
Total_loss	: 0.0871
MMD_loss	: 1.9625
cond_ent_wt	: 4.7799
Src_reg_loss	: 0.0197
-------------------------------------
[Epoch : 419/500]
Total_loss	: 0.0871
MMD_loss	: 1.9622
cond_ent_wt	: 4.7796
Src_reg_loss	: 0.0196
-------------------------------------
[Epoch : 420/500]
Total_loss	: 0.0870
MMD_loss	: 1.9619
cond_ent_wt	: 4.7793
Src_reg_loss	: 0.0196
-------------------------------------
[Epoch : 421/500]
Total_loss	: 0.0870
MMD_loss	: 1.9616
cond_ent_wt	: 4.7790
Src_reg_loss	: 0.0196
-------------------------------------
[Epoch : 422/500]
Total_loss	: 0.0870
MMD_loss	: 1.9613
cond_ent_wt	: 4.7787
Src_reg_loss	: 0.0196
-------------------------------------
[Epoch : 423/500]
Total_loss	: 0.0869
MMD_loss	: 1.9610
cond_ent_wt	: 4.7784
Src_reg_loss	: 0.0195
-------------------------------------
[Epoch : 424/500]
Total_loss	: 0.0869
MMD_loss	: 1.9606
cond_ent_wt	: 4.7781
Src_reg_loss	: 0.0195
-------------------------------------
[Epoch : 425/500]
Total_loss	: 0.0869
MMD_loss	: 1.9603
cond_ent_wt	: 4.7778
Src_reg_loss	: 0.0195
-------------------------------------
[Epoch : 426/500]
Total_loss	: 0.0869
MMD_loss	: 1.9600
cond_ent_wt	: 4.7776
Src_reg_loss	: 0.0195
-------------------------------------
[Epoch : 427/500]
Total_loss	: 0.0868
MMD_loss	: 1.9597
cond_ent_wt	: 4.7773
Src_reg_loss	: 0.0195
-------------------------------------
[Epoch : 428/500]
Total_loss	: 0.0868
MMD_loss	: 1.9594
cond_ent_wt	: 4.7770
Src_reg_loss	: 0.0194
-------------------------------------
[Epoch : 429/500]
Total_loss	: 0.0868
MMD_loss	: 1.9591
cond_ent_wt	: 4.7767
Src_reg_loss	: 0.0194
-------------------------------------
[Epoch : 430/500]
Total_loss	: 0.0867
MMD_loss	: 1.9587
cond_ent_wt	: 4.7764
Src_reg_loss	: 0.0194
-------------------------------------
[Epoch : 431/500]
Total_loss	: 0.0867
MMD_loss	: 1.9584
cond_ent_wt	: 4.7761
Src_reg_loss	: 0.0194
-------------------------------------
[Epoch : 432/500]
Total_loss	: 0.0867
MMD_loss	: 1.9581
cond_ent_wt	: 4.7758
Src_reg_loss	: 0.0193
-------------------------------------
[Epoch : 433/500]
Total_loss	: 0.0867
MMD_loss	: 1.9578
cond_ent_wt	: 4.7755
Src_reg_loss	: 0.0193
-------------------------------------
[Epoch : 434/500]
Total_loss	: 0.0866
MMD_loss	: 1.9575
cond_ent_wt	: 4.7753
Src_reg_loss	: 0.0193
-------------------------------------
[Epoch : 435/500]
Total_loss	: 0.0866
MMD_loss	: 1.9571
cond_ent_wt	: 4.7750
Src_reg_loss	: 0.0193
-------------------------------------
[Epoch : 436/500]
Total_loss	: 0.0866
MMD_loss	: 1.9568
cond_ent_wt	: 4.7747
Src_reg_loss	: 0.0193
-------------------------------------
[Epoch : 437/500]
Total_loss	: 0.0865
MMD_loss	: 1.9565
cond_ent_wt	: 4.7744
Src_reg_loss	: 0.0192
-------------------------------------
[Epoch : 438/500]
Total_loss	: 0.0865
MMD_loss	: 1.9562
cond_ent_wt	: 4.7741
Src_reg_loss	: 0.0192
-------------------------------------
[Epoch : 439/500]
Total_loss	: 0.0865
MMD_loss	: 1.9558
cond_ent_wt	: 4.7738
Src_reg_loss	: 0.0192
-------------------------------------
[Epoch : 440/500]
Total_loss	: 0.0865
MMD_loss	: 1.9555
cond_ent_wt	: 4.7735
Src_reg_loss	: 0.0192
-------------------------------------
[Epoch : 441/500]
Total_loss	: 0.0864
MMD_loss	: 1.9552
cond_ent_wt	: 4.7733
Src_reg_loss	: 0.0191
-------------------------------------
[Epoch : 442/500]
Total_loss	: 0.0864
MMD_loss	: 1.9548
cond_ent_wt	: 4.7730
Src_reg_loss	: 0.0191
-------------------------------------
[Epoch : 443/500]
Total_loss	: 0.0864
MMD_loss	: 1.9545
cond_ent_wt	: 4.7727
Src_reg_loss	: 0.0191
-------------------------------------
[Epoch : 444/500]
Total_loss	: 0.0863
MMD_loss	: 1.9542
cond_ent_wt	: 4.7724
Src_reg_loss	: 0.0191
-------------------------------------
[Epoch : 445/500]
Total_loss	: 0.0863
MMD_loss	: 1.9538
cond_ent_wt	: 4.7721
Src_reg_loss	: 0.0191
-------------------------------------
[Epoch : 446/500]
Total_loss	: 0.0863
MMD_loss	: 1.9535
cond_ent_wt	: 4.7718
Src_reg_loss	: 0.0190
-------------------------------------
[Epoch : 447/500]
Total_loss	: 0.0863
MMD_loss	: 1.9532
cond_ent_wt	: 4.7715
Src_reg_loss	: 0.0190
-------------------------------------
[Epoch : 448/500]
Total_loss	: 0.0862
MMD_loss	: 1.9528
cond_ent_wt	: 4.7713
Src_reg_loss	: 0.0190
-------------------------------------
[Epoch : 449/500]
Total_loss	: 0.0862
MMD_loss	: 1.9525
cond_ent_wt	: 4.7710
Src_reg_loss	: 0.0190
-------------------------------------
[Epoch : 450/500]
Total_loss	: 0.0862
MMD_loss	: 1.9521
cond_ent_wt	: 4.7707
Src_reg_loss	: 0.0190
-------------------------------------
[Epoch : 451/500]
Total_loss	: 0.0862
MMD_loss	: 1.9518
cond_ent_wt	: 4.7704
Src_reg_loss	: 0.0189
-------------------------------------
[Epoch : 452/500]
Total_loss	: 0.0861
MMD_loss	: 1.9515
cond_ent_wt	: 4.7701
Src_reg_loss	: 0.0189
-------------------------------------
[Epoch : 453/500]
Total_loss	: 0.0861
MMD_loss	: 1.9511
cond_ent_wt	: 4.7698
Src_reg_loss	: 0.0189
-------------------------------------
[Epoch : 454/500]
Total_loss	: 0.0861
MMD_loss	: 1.9508
cond_ent_wt	: 4.7695
Src_reg_loss	: 0.0189
-------------------------------------
[Epoch : 455/500]
Total_loss	: 0.0860
MMD_loss	: 1.9504
cond_ent_wt	: 4.7693
Src_reg_loss	: 0.0188
-------------------------------------
[Epoch : 456/500]
Total_loss	: 0.0860
MMD_loss	: 1.9501
cond_ent_wt	: 4.7690
Src_reg_loss	: 0.0188
-------------------------------------
[Epoch : 457/500]
Total_loss	: 0.0860
MMD_loss	: 1.9497
cond_ent_wt	: 4.7687
Src_reg_loss	: 0.0188
-------------------------------------
[Epoch : 458/500]
Total_loss	: 0.0860
MMD_loss	: 1.9494
cond_ent_wt	: 4.7684
Src_reg_loss	: 0.0188
-------------------------------------
[Epoch : 459/500]
Total_loss	: 0.0859
MMD_loss	: 1.9490
cond_ent_wt	: 4.7681
Src_reg_loss	: 0.0188
-------------------------------------
[Epoch : 460/500]
Total_loss	: 0.0859
MMD_loss	: 1.9487
cond_ent_wt	: 4.7679
Src_reg_loss	: 0.0187
-------------------------------------
[Epoch : 461/500]
Total_loss	: 0.0859
MMD_loss	: 1.9484
cond_ent_wt	: 4.7676
Src_reg_loss	: 0.0187
-------------------------------------
[Epoch : 462/500]
Total_loss	: 0.0859
MMD_loss	: 1.9480
cond_ent_wt	: 4.7673
Src_reg_loss	: 0.0187
-------------------------------------
[Epoch : 463/500]
Total_loss	: 0.0858
MMD_loss	: 1.9477
cond_ent_wt	: 4.7670
Src_reg_loss	: 0.0187
-------------------------------------
[Epoch : 464/500]
Total_loss	: 0.0858
MMD_loss	: 1.9473
cond_ent_wt	: 4.7667
Src_reg_loss	: 0.0187
-------------------------------------
[Epoch : 465/500]
Total_loss	: 0.0858
MMD_loss	: 1.9470
cond_ent_wt	: 4.7664
Src_reg_loss	: 0.0186
-------------------------------------
[Epoch : 466/500]
Total_loss	: 0.0858
MMD_loss	: 1.9466
cond_ent_wt	: 4.7662
Src_reg_loss	: 0.0186
-------------------------------------
[Epoch : 467/500]
Total_loss	: 0.0857
MMD_loss	: 1.9463
cond_ent_wt	: 4.7659
Src_reg_loss	: 0.0186
-------------------------------------
[Epoch : 468/500]
Total_loss	: 0.0857
MMD_loss	: 1.9459
cond_ent_wt	: 4.7656
Src_reg_loss	: 0.0186
-------------------------------------
[Epoch : 469/500]
Total_loss	: 0.0857
MMD_loss	: 1.9456
cond_ent_wt	: 4.7653
Src_reg_loss	: 0.0186
-------------------------------------
[Epoch : 470/500]
Total_loss	: 0.0857
MMD_loss	: 1.9452
cond_ent_wt	: 4.7650
Src_reg_loss	: 0.0185
-------------------------------------
[Epoch : 471/500]
Total_loss	: 0.0856
MMD_loss	: 1.9449
cond_ent_wt	: 4.7648
Src_reg_loss	: 0.0185
-------------------------------------
[Epoch : 472/500]
Total_loss	: 0.0856
MMD_loss	: 1.9445
cond_ent_wt	: 4.7645
Src_reg_loss	: 0.0185
-------------------------------------
[Epoch : 473/500]
Total_loss	: 0.0856
MMD_loss	: 1.9442
cond_ent_wt	: 4.7642
Src_reg_loss	: 0.0185
-------------------------------------
[Epoch : 474/500]
Total_loss	: 0.0855
MMD_loss	: 1.9438
cond_ent_wt	: 4.7639
Src_reg_loss	: 0.0185
-------------------------------------
[Epoch : 475/500]
Total_loss	: 0.0855
MMD_loss	: 1.9435
cond_ent_wt	: 4.7637
Src_reg_loss	: 0.0185
-------------------------------------
[Epoch : 476/500]
Total_loss	: 0.0855
MMD_loss	: 1.9431
cond_ent_wt	: 4.7634
Src_reg_loss	: 0.0184
-------------------------------------
[Epoch : 477/500]
Total_loss	: 0.0855
MMD_loss	: 1.9427
cond_ent_wt	: 4.7631
Src_reg_loss	: 0.0184
-------------------------------------
[Epoch : 478/500]
Total_loss	: 0.0854
MMD_loss	: 1.9424
cond_ent_wt	: 4.7628
Src_reg_loss	: 0.0184
-------------------------------------
[Epoch : 479/500]
Total_loss	: 0.0854
MMD_loss	: 1.9420
cond_ent_wt	: 4.7625
Src_reg_loss	: 0.0184
-------------------------------------
[Epoch : 480/500]
Total_loss	: 0.0854
MMD_loss	: 1.9417
cond_ent_wt	: 4.7623
Src_reg_loss	: 0.0184
-------------------------------------
[Epoch : 481/500]
Total_loss	: 0.0854
MMD_loss	: 1.9413
cond_ent_wt	: 4.7620
Src_reg_loss	: 0.0183
-------------------------------------
[Epoch : 482/500]
Total_loss	: 0.0853
MMD_loss	: 1.9410
cond_ent_wt	: 4.7617
Src_reg_loss	: 0.0183
-------------------------------------
[Epoch : 483/500]
Total_loss	: 0.0853
MMD_loss	: 1.9406
cond_ent_wt	: 4.7614
Src_reg_loss	: 0.0183
-------------------------------------
[Epoch : 484/500]
Total_loss	: 0.0853
MMD_loss	: 1.9403
cond_ent_wt	: 4.7612
Src_reg_loss	: 0.0183
-------------------------------------
[Epoch : 485/500]
Total_loss	: 0.0853
MMD_loss	: 1.9399
cond_ent_wt	: 4.7609
Src_reg_loss	: 0.0183
-------------------------------------
[Epoch : 486/500]
Total_loss	: 0.0852
MMD_loss	: 1.9396
cond_ent_wt	: 4.7606
Src_reg_loss	: 0.0182
-------------------------------------
[Epoch : 487/500]
Total_loss	: 0.0852
MMD_loss	: 1.9392
cond_ent_wt	: 4.7604
Src_reg_loss	: 0.0182
-------------------------------------
[Epoch : 488/500]
Total_loss	: 0.0852
MMD_loss	: 1.9388
cond_ent_wt	: 4.7601
Src_reg_loss	: 0.0182
-------------------------------------
[Epoch : 489/500]
Total_loss	: 0.0852
MMD_loss	: 1.9385
cond_ent_wt	: 4.7598
Src_reg_loss	: 0.0182
-------------------------------------
[Epoch : 490/500]
Total_loss	: 0.0852
MMD_loss	: 1.9381
cond_ent_wt	: 4.7595
Src_reg_loss	: 0.0182
-------------------------------------
[Epoch : 491/500]
Total_loss	: 0.0851
MMD_loss	: 1.9378
cond_ent_wt	: 4.7593
Src_reg_loss	: 0.0182
-------------------------------------
[Epoch : 492/500]
Total_loss	: 0.0851
MMD_loss	: 1.9374
cond_ent_wt	: 4.7590
Src_reg_loss	: 0.0181
-------------------------------------
[Epoch : 493/500]
Total_loss	: 0.0851
MMD_loss	: 1.9371
cond_ent_wt	: 4.7587
Src_reg_loss	: 0.0181
-------------------------------------
[Epoch : 494/500]
Total_loss	: 0.0851
MMD_loss	: 1.9367
cond_ent_wt	: 4.7584
Src_reg_loss	: 0.0181
-------------------------------------
[Epoch : 495/500]
Total_loss	: 0.0850
MMD_loss	: 1.9363
cond_ent_wt	: 4.7582
Src_reg_loss	: 0.0181
-------------------------------------
[Epoch : 496/500]
Total_loss	: 0.0850
MMD_loss	: 1.9360
cond_ent_wt	: 4.7579
Src_reg_loss	: 0.0181
-------------------------------------
[Epoch : 497/500]
Total_loss	: 0.0850
MMD_loss	: 1.9356
cond_ent_wt	: 4.7576
Src_reg_loss	: 0.0180
-------------------------------------
[Epoch : 498/500]
Total_loss	: 0.0850
MMD_loss	: 1.9353
cond_ent_wt	: 4.7574
Src_reg_loss	: 0.0180
-------------------------------------
[Epoch : 499/500]
Total_loss	: 0.0849
MMD_loss	: 1.9349
cond_ent_wt	: 4.7571
Src_reg_loss	: 0.0180
-------------------------------------
[Epoch : 500/500]
Total_loss	: 0.0849
MMD_loss	: 1.9345
cond_ent_wt	: 4.7568
Src_reg_loss	: 0.0180
-------------------------------------
