=============================================
Dataset: Airbox
Method:  AirDA
=============================================
Source: 0 ---> Target: 2
=============================================
[Epoch : 1/800]
Total_loss	: 0.3170
MMD_loss	: 2.1841
Src_reg_loss	: 0.2951
-------------------------------------
[Epoch : 2/800]
Total_loss	: 0.2982
MMD_loss	: 2.1867
Src_reg_loss	: 0.2764
-------------------------------------
[Epoch : 3/800]
Total_loss	: 0.2799
MMD_loss	: 2.1942
Src_reg_loss	: 0.2580
-------------------------------------
[Epoch : 4/800]
Total_loss	: 0.2610
MMD_loss	: 2.2077
Src_reg_loss	: 0.2389
-------------------------------------
[Epoch : 5/800]
Total_loss	: 0.2413
MMD_loss	: 2.2277
Src_reg_loss	: 0.2190
-------------------------------------
[Epoch : 6/800]
Total_loss	: 0.2210
MMD_loss	: 2.2531
Src_reg_loss	: 0.1985
-------------------------------------
[Epoch : 7/800]
Total_loss	: 0.2011
MMD_loss	: 2.2817
Src_reg_loss	: 0.1783
-------------------------------------
[Epoch : 8/800]
Total_loss	: 0.1840
MMD_loss	: 2.3102
Src_reg_loss	: 0.1609
-------------------------------------
[Epoch : 9/800]
Total_loss	: 0.1711
MMD_loss	: 2.3355
Src_reg_loss	: 0.1478
-------------------------------------
[Epoch : 10/800]
Total_loss	: 0.1609
MMD_loss	: 2.3555
Src_reg_loss	: 0.1373
-------------------------------------
[Epoch : 11/800]
Total_loss	: 0.1522
MMD_loss	: 2.3702
Src_reg_loss	: 0.1285
-------------------------------------
[Epoch : 12/800]
Total_loss	: 0.1448
MMD_loss	: 2.3803
Src_reg_loss	: 0.1210
-------------------------------------
[Epoch : 13/800]
Total_loss	: 0.1386
MMD_loss	: 2.3873
Src_reg_loss	: 0.1147
-------------------------------------
[Epoch : 14/800]
Total_loss	: 0.1331
MMD_loss	: 2.3924
Src_reg_loss	: 0.1092
-------------------------------------
[Epoch : 15/800]
Total_loss	: 0.1284
MMD_loss	: 2.3960
Src_reg_loss	: 0.1044
-------------------------------------
[Epoch : 16/800]
Total_loss	: 0.1242
MMD_loss	: 2.3982
Src_reg_loss	: 0.1003
-------------------------------------
[Epoch : 17/800]
Total_loss	: 0.1206
MMD_loss	: 2.3989
Src_reg_loss	: 0.0966
-------------------------------------
[Epoch : 18/800]
Total_loss	: 0.1172
MMD_loss	: 2.3980
Src_reg_loss	: 0.0933
-------------------------------------
[Epoch : 19/800]
Total_loss	: 0.1142
MMD_loss	: 2.3958
Src_reg_loss	: 0.0903
-------------------------------------
[Epoch : 20/800]
Total_loss	: 0.1115
MMD_loss	: 2.3923
Src_reg_loss	: 0.0876
-------------------------------------
[Epoch : 21/800]
Total_loss	: 0.1090
MMD_loss	: 2.3877
Src_reg_loss	: 0.0852
-------------------------------------
[Epoch : 22/800]
Total_loss	: 0.1067
MMD_loss	: 2.3822
Src_reg_loss	: 0.0829
-------------------------------------
[Epoch : 23/800]
Total_loss	: 0.1046
MMD_loss	: 2.3760
Src_reg_loss	: 0.0809
-------------------------------------
[Epoch : 24/800]
Total_loss	: 0.1027
MMD_loss	: 2.3692
Src_reg_loss	: 0.0790
-------------------------------------
[Epoch : 25/800]
Total_loss	: 0.1008
MMD_loss	: 2.3619
Src_reg_loss	: 0.0772
-------------------------------------
[Epoch : 26/800]
Total_loss	: 0.0991
MMD_loss	: 2.3546
Src_reg_loss	: 0.0756
-------------------------------------
[Epoch : 27/800]
Total_loss	: 0.0975
MMD_loss	: 2.3473
Src_reg_loss	: 0.0741
-------------------------------------
[Epoch : 28/800]
Total_loss	: 0.0961
MMD_loss	: 2.3403
Src_reg_loss	: 0.0727
-------------------------------------
[Epoch : 29/800]
Total_loss	: 0.0947
MMD_loss	: 2.3338
Src_reg_loss	: 0.0713
-------------------------------------
[Epoch : 30/800]
Total_loss	: 0.0933
MMD_loss	: 2.3278
Src_reg_loss	: 0.0701
-------------------------------------
[Epoch : 31/800]
Total_loss	: 0.0921
MMD_loss	: 2.3224
Src_reg_loss	: 0.0689
-------------------------------------
[Epoch : 32/800]
Total_loss	: 0.0909
MMD_loss	: 2.3177
Src_reg_loss	: 0.0678
-------------------------------------
[Epoch : 33/800]
Total_loss	: 0.0898
MMD_loss	: 2.3135
Src_reg_loss	: 0.0667
-------------------------------------
[Epoch : 34/800]
Total_loss	: 0.0888
MMD_loss	: 2.3099
Src_reg_loss	: 0.0657
-------------------------------------
[Epoch : 35/800]
Total_loss	: 0.0878
MMD_loss	: 2.3068
Src_reg_loss	: 0.0647
-------------------------------------
[Epoch : 36/800]
Total_loss	: 0.0869
MMD_loss	: 2.3041
Src_reg_loss	: 0.0638
-------------------------------------
[Epoch : 37/800]
Total_loss	: 0.0860
MMD_loss	: 2.3018
Src_reg_loss	: 0.0630
-------------------------------------
[Epoch : 38/800]
Total_loss	: 0.0851
MMD_loss	: 2.2998
Src_reg_loss	: 0.0621
-------------------------------------
[Epoch : 39/800]
Total_loss	: 0.0843
MMD_loss	: 2.2981
Src_reg_loss	: 0.0613
-------------------------------------
[Epoch : 40/800]
Total_loss	: 0.0835
MMD_loss	: 2.2967
Src_reg_loss	: 0.0606
-------------------------------------
[Epoch : 41/800]
Total_loss	: 0.0828
MMD_loss	: 2.2955
Src_reg_loss	: 0.0598
-------------------------------------
[Epoch : 42/800]
Total_loss	: 0.0820
MMD_loss	: 2.2946
Src_reg_loss	: 0.0591
-------------------------------------
[Epoch : 43/800]
Total_loss	: 0.0814
MMD_loss	: 2.2938
Src_reg_loss	: 0.0584
-------------------------------------
[Epoch : 44/800]
Total_loss	: 0.0807
MMD_loss	: 2.2933
Src_reg_loss	: 0.0578
-------------------------------------
[Epoch : 45/800]
Total_loss	: 0.0800
MMD_loss	: 2.2930
Src_reg_loss	: 0.0571
-------------------------------------
[Epoch : 46/800]
Total_loss	: 0.0794
MMD_loss	: 2.2928
Src_reg_loss	: 0.0565
-------------------------------------
[Epoch : 47/800]
Total_loss	: 0.0788
MMD_loss	: 2.2928
Src_reg_loss	: 0.0559
-------------------------------------
[Epoch : 48/800]
Total_loss	: 0.0783
MMD_loss	: 2.2930
Src_reg_loss	: 0.0553
-------------------------------------
[Epoch : 49/800]
Total_loss	: 0.0777
MMD_loss	: 2.2933
Src_reg_loss	: 0.0548
-------------------------------------
[Epoch : 50/800]
Total_loss	: 0.0772
MMD_loss	: 2.2938
Src_reg_loss	: 0.0542
-------------------------------------
[Epoch : 51/800]
Total_loss	: 0.0767
MMD_loss	: 2.2944
Src_reg_loss	: 0.0537
-------------------------------------
[Epoch : 52/800]
Total_loss	: 0.0762
MMD_loss	: 2.2951
Src_reg_loss	: 0.0532
-------------------------------------
[Epoch : 53/800]
Total_loss	: 0.0757
MMD_loss	: 2.2960
Src_reg_loss	: 0.0527
-------------------------------------
[Epoch : 54/800]
Total_loss	: 0.0752
MMD_loss	: 2.2969
Src_reg_loss	: 0.0522
-------------------------------------
[Epoch : 55/800]
Total_loss	: 0.0748
MMD_loss	: 2.2979
Src_reg_loss	: 0.0518
-------------------------------------
[Epoch : 56/800]
Total_loss	: 0.0743
MMD_loss	: 2.2990
Src_reg_loss	: 0.0513
-------------------------------------
[Epoch : 57/800]
Total_loss	: 0.0739
MMD_loss	: 2.3001
Src_reg_loss	: 0.0509
-------------------------------------
[Epoch : 58/800]
Total_loss	: 0.0735
MMD_loss	: 2.3013
Src_reg_loss	: 0.0505
-------------------------------------
[Epoch : 59/800]
Total_loss	: 0.0731
MMD_loss	: 2.3025
Src_reg_loss	: 0.0501
-------------------------------------
[Epoch : 60/800]
Total_loss	: 0.0727
MMD_loss	: 2.3037
Src_reg_loss	: 0.0497
-------------------------------------
[Epoch : 61/800]
Total_loss	: 0.0724
MMD_loss	: 2.3050
Src_reg_loss	: 0.0493
-------------------------------------
[Epoch : 62/800]
Total_loss	: 0.0720
MMD_loss	: 2.3062
Src_reg_loss	: 0.0490
-------------------------------------
[Epoch : 63/800]
Total_loss	: 0.0717
MMD_loss	: 2.3075
Src_reg_loss	: 0.0486
-------------------------------------
[Epoch : 64/800]
Total_loss	: 0.0713
MMD_loss	: 2.3087
Src_reg_loss	: 0.0483
-------------------------------------
[Epoch : 65/800]
Total_loss	: 0.0710
MMD_loss	: 2.3100
Src_reg_loss	: 0.0479
-------------------------------------
[Epoch : 66/800]
Total_loss	: 0.0707
MMD_loss	: 2.3112
Src_reg_loss	: 0.0476
-------------------------------------
[Epoch : 67/800]
Total_loss	: 0.0704
MMD_loss	: 2.3124
Src_reg_loss	: 0.0473
-------------------------------------
[Epoch : 68/800]
Total_loss	: 0.0701
MMD_loss	: 2.3135
Src_reg_loss	: 0.0469
-------------------------------------
[Epoch : 69/800]
Total_loss	: 0.0698
MMD_loss	: 2.3146
Src_reg_loss	: 0.0466
-------------------------------------
[Epoch : 70/800]
Total_loss	: 0.0695
MMD_loss	: 2.3156
Src_reg_loss	: 0.0463
-------------------------------------
[Epoch : 71/800]
Total_loss	: 0.0692
MMD_loss	: 2.3166
Src_reg_loss	: 0.0461
-------------------------------------
[Epoch : 72/800]
Total_loss	: 0.0689
MMD_loss	: 2.3176
Src_reg_loss	: 0.0458
-------------------------------------
[Epoch : 73/800]
Total_loss	: 0.0687
MMD_loss	: 2.3184
Src_reg_loss	: 0.0455
-------------------------------------
[Epoch : 74/800]
Total_loss	: 0.0684
MMD_loss	: 2.3193
Src_reg_loss	: 0.0452
-------------------------------------
[Epoch : 75/800]
Total_loss	: 0.0682
MMD_loss	: 2.3200
Src_reg_loss	: 0.0450
-------------------------------------
[Epoch : 76/800]
Total_loss	: 0.0679
MMD_loss	: 2.3207
Src_reg_loss	: 0.0447
-------------------------------------
[Epoch : 77/800]
Total_loss	: 0.0676
MMD_loss	: 2.3213
Src_reg_loss	: 0.0444
-------------------------------------
[Epoch : 78/800]
Total_loss	: 0.0674
MMD_loss	: 2.3219
Src_reg_loss	: 0.0442
-------------------------------------
[Epoch : 79/800]
Total_loss	: 0.0672
MMD_loss	: 2.3223
Src_reg_loss	: 0.0439
-------------------------------------
[Epoch : 80/800]
Total_loss	: 0.0669
MMD_loss	: 2.3227
Src_reg_loss	: 0.0437
-------------------------------------
[Epoch : 81/800]
Total_loss	: 0.0667
MMD_loss	: 2.3230
Src_reg_loss	: 0.0435
-------------------------------------
[Epoch : 82/800]
Total_loss	: 0.0665
MMD_loss	: 2.3232
Src_reg_loss	: 0.0432
-------------------------------------
[Epoch : 83/800]
Total_loss	: 0.0662
MMD_loss	: 2.3234
Src_reg_loss	: 0.0430
-------------------------------------
[Epoch : 84/800]
Total_loss	: 0.0660
MMD_loss	: 2.3234
Src_reg_loss	: 0.0428
-------------------------------------
[Epoch : 85/800]
Total_loss	: 0.0658
MMD_loss	: 2.3234
Src_reg_loss	: 0.0426
-------------------------------------
[Epoch : 86/800]
Total_loss	: 0.0656
MMD_loss	: 2.3233
Src_reg_loss	: 0.0424
-------------------------------------
[Epoch : 87/800]
Total_loss	: 0.0654
MMD_loss	: 2.3231
Src_reg_loss	: 0.0422
-------------------------------------
[Epoch : 88/800]
Total_loss	: 0.0652
MMD_loss	: 2.3227
Src_reg_loss	: 0.0419
-------------------------------------
[Epoch : 89/800]
Total_loss	: 0.0650
MMD_loss	: 2.3223
Src_reg_loss	: 0.0417
-------------------------------------
[Epoch : 90/800]
Total_loss	: 0.0648
MMD_loss	: 2.3218
Src_reg_loss	: 0.0415
-------------------------------------
[Epoch : 91/800]
Total_loss	: 0.0646
MMD_loss	: 2.3212
Src_reg_loss	: 0.0413
-------------------------------------
[Epoch : 92/800]
Total_loss	: 0.0644
MMD_loss	: 2.3205
Src_reg_loss	: 0.0412
-------------------------------------
[Epoch : 93/800]
Total_loss	: 0.0642
MMD_loss	: 2.3197
Src_reg_loss	: 0.0410
-------------------------------------
[Epoch : 94/800]
Total_loss	: 0.0640
MMD_loss	: 2.3188
Src_reg_loss	: 0.0408
-------------------------------------
[Epoch : 95/800]
Total_loss	: 0.0638
MMD_loss	: 2.3178
Src_reg_loss	: 0.0406
-------------------------------------
[Epoch : 96/800]
Total_loss	: 0.0636
MMD_loss	: 2.3166
Src_reg_loss	: 0.0404
-------------------------------------
[Epoch : 97/800]
Total_loss	: 0.0634
MMD_loss	: 2.3154
Src_reg_loss	: 0.0402
-------------------------------------
[Epoch : 98/800]
Total_loss	: 0.0632
MMD_loss	: 2.3141
Src_reg_loss	: 0.0401
-------------------------------------
[Epoch : 99/800]
Total_loss	: 0.0630
MMD_loss	: 2.3126
Src_reg_loss	: 0.0399
-------------------------------------
[Epoch : 100/800]
Total_loss	: 0.0628
MMD_loss	: 2.3110
Src_reg_loss	: 0.0397
-------------------------------------
[Epoch : 101/800]
Total_loss	: 0.0626
MMD_loss	: 2.3094
Src_reg_loss	: 0.0395
-------------------------------------
[Epoch : 102/800]
Total_loss	: 0.0624
MMD_loss	: 2.3076
Src_reg_loss	: 0.0394
-------------------------------------
[Epoch : 103/800]
Total_loss	: 0.0623
MMD_loss	: 2.3057
Src_reg_loss	: 0.0392
-------------------------------------
[Epoch : 104/800]
Total_loss	: 0.0621
MMD_loss	: 2.3036
Src_reg_loss	: 0.0390
-------------------------------------
[Epoch : 105/800]
Total_loss	: 0.0619
MMD_loss	: 2.3015
Src_reg_loss	: 0.0389
-------------------------------------
[Epoch : 106/800]
Total_loss	: 0.0617
MMD_loss	: 2.2993
Src_reg_loss	: 0.0387
-------------------------------------
[Epoch : 107/800]
Total_loss	: 0.0615
MMD_loss	: 2.2969
Src_reg_loss	: 0.0386
-------------------------------------
[Epoch : 108/800]
Total_loss	: 0.0613
MMD_loss	: 2.2944
Src_reg_loss	: 0.0384
-------------------------------------
[Epoch : 109/800]
Total_loss	: 0.0612
MMD_loss	: 2.2918
Src_reg_loss	: 0.0382
-------------------------------------
[Epoch : 110/800]
Total_loss	: 0.0610
MMD_loss	: 2.2891
Src_reg_loss	: 0.0381
-------------------------------------
[Epoch : 111/800]
Total_loss	: 0.0608
MMD_loss	: 2.2863
Src_reg_loss	: 0.0379
-------------------------------------
[Epoch : 112/800]
Total_loss	: 0.0606
MMD_loss	: 2.2834
Src_reg_loss	: 0.0378
-------------------------------------
[Epoch : 113/800]
Total_loss	: 0.0605
MMD_loss	: 2.2804
Src_reg_loss	: 0.0376
-------------------------------------
[Epoch : 114/800]
Total_loss	: 0.0603
MMD_loss	: 2.2773
Src_reg_loss	: 0.0375
-------------------------------------
[Epoch : 115/800]
Total_loss	: 0.0601
MMD_loss	: 2.2741
Src_reg_loss	: 0.0374
-------------------------------------
[Epoch : 116/800]
Total_loss	: 0.0599
MMD_loss	: 2.2708
Src_reg_loss	: 0.0372
-------------------------------------
[Epoch : 117/800]
Total_loss	: 0.0597
MMD_loss	: 2.2674
Src_reg_loss	: 0.0371
-------------------------------------
[Epoch : 118/800]
Total_loss	: 0.0596
MMD_loss	: 2.2639
Src_reg_loss	: 0.0369
-------------------------------------
[Epoch : 119/800]
Total_loss	: 0.0594
MMD_loss	: 2.2603
Src_reg_loss	: 0.0368
-------------------------------------
[Epoch : 120/800]
Total_loss	: 0.0592
MMD_loss	: 2.2566
Src_reg_loss	: 0.0367
-------------------------------------
[Epoch : 121/800]
Total_loss	: 0.0590
MMD_loss	: 2.2529
Src_reg_loss	: 0.0365
-------------------------------------
[Epoch : 122/800]
Total_loss	: 0.0589
MMD_loss	: 2.2490
Src_reg_loss	: 0.0364
-------------------------------------
[Epoch : 123/800]
Total_loss	: 0.0587
MMD_loss	: 2.2451
Src_reg_loss	: 0.0362
-------------------------------------
[Epoch : 124/800]
Total_loss	: 0.0585
MMD_loss	: 2.2411
Src_reg_loss	: 0.0361
-------------------------------------
[Epoch : 125/800]
Total_loss	: 0.0584
MMD_loss	: 2.2371
Src_reg_loss	: 0.0360
-------------------------------------
[Epoch : 126/800]
Total_loss	: 0.0582
MMD_loss	: 2.2330
Src_reg_loss	: 0.0359
-------------------------------------
[Epoch : 127/800]
Total_loss	: 0.0580
MMD_loss	: 2.2288
Src_reg_loss	: 0.0357
-------------------------------------
[Epoch : 128/800]
Total_loss	: 0.0578
MMD_loss	: 2.2246
Src_reg_loss	: 0.0356
-------------------------------------
[Epoch : 129/800]
Total_loss	: 0.0577
MMD_loss	: 2.2203
Src_reg_loss	: 0.0355
-------------------------------------
[Epoch : 130/800]
Total_loss	: 0.0575
MMD_loss	: 2.2160
Src_reg_loss	: 0.0353
-------------------------------------
[Epoch : 131/800]
Total_loss	: 0.0573
MMD_loss	: 2.2116
Src_reg_loss	: 0.0352
-------------------------------------
[Epoch : 132/800]
Total_loss	: 0.0572
MMD_loss	: 2.2072
Src_reg_loss	: 0.0351
-------------------------------------
[Epoch : 133/800]
Total_loss	: 0.0570
MMD_loss	: 2.2028
Src_reg_loss	: 0.0350
-------------------------------------
[Epoch : 134/800]
Total_loss	: 0.0568
MMD_loss	: 2.1983
Src_reg_loss	: 0.0349
-------------------------------------
[Epoch : 135/800]
Total_loss	: 0.0567
MMD_loss	: 2.1938
Src_reg_loss	: 0.0347
-------------------------------------
[Epoch : 136/800]
Total_loss	: 0.0565
MMD_loss	: 2.1893
Src_reg_loss	: 0.0346
-------------------------------------
[Epoch : 137/800]
Total_loss	: 0.0563
MMD_loss	: 2.1848
Src_reg_loss	: 0.0345
-------------------------------------
[Epoch : 138/800]
Total_loss	: 0.0562
MMD_loss	: 2.1803
Src_reg_loss	: 0.0344
-------------------------------------
[Epoch : 139/800]
Total_loss	: 0.0560
MMD_loss	: 2.1757
Src_reg_loss	: 0.0343
-------------------------------------
[Epoch : 140/800]
Total_loss	: 0.0559
MMD_loss	: 2.1712
Src_reg_loss	: 0.0342
-------------------------------------
[Epoch : 141/800]
Total_loss	: 0.0557
MMD_loss	: 2.1667
Src_reg_loss	: 0.0340
-------------------------------------
[Epoch : 142/800]
Total_loss	: 0.0556
MMD_loss	: 2.1621
Src_reg_loss	: 0.0339
-------------------------------------
[Epoch : 143/800]
Total_loss	: 0.0554
MMD_loss	: 2.1576
Src_reg_loss	: 0.0338
-------------------------------------
[Epoch : 144/800]
Total_loss	: 0.0552
MMD_loss	: 2.1531
Src_reg_loss	: 0.0337
-------------------------------------
[Epoch : 145/800]
Total_loss	: 0.0551
MMD_loss	: 2.1486
Src_reg_loss	: 0.0336
-------------------------------------
[Epoch : 146/800]
Total_loss	: 0.0549
MMD_loss	: 2.1441
Src_reg_loss	: 0.0335
-------------------------------------
[Epoch : 147/800]
Total_loss	: 0.0548
MMD_loss	: 2.1396
Src_reg_loss	: 0.0334
-------------------------------------
[Epoch : 148/800]
Total_loss	: 0.0546
MMD_loss	: 2.1352
Src_reg_loss	: 0.0333
-------------------------------------
[Epoch : 149/800]
Total_loss	: 0.0545
MMD_loss	: 2.1307
Src_reg_loss	: 0.0332
-------------------------------------
[Epoch : 150/800]
Total_loss	: 0.0543
MMD_loss	: 2.1263
Src_reg_loss	: 0.0331
-------------------------------------
[Epoch : 151/800]
Total_loss	: 0.0542
MMD_loss	: 2.1219
Src_reg_loss	: 0.0330
-------------------------------------
[Epoch : 152/800]
Total_loss	: 0.0540
MMD_loss	: 2.1176
Src_reg_loss	: 0.0329
-------------------------------------
[Epoch : 153/800]
Total_loss	: 0.0539
MMD_loss	: 2.1133
Src_reg_loss	: 0.0328
-------------------------------------
[Epoch : 154/800]
Total_loss	: 0.0538
MMD_loss	: 2.1090
Src_reg_loss	: 0.0327
-------------------------------------
[Epoch : 155/800]
Total_loss	: 0.0536
MMD_loss	: 2.1047
Src_reg_loss	: 0.0326
-------------------------------------
[Epoch : 156/800]
Total_loss	: 0.0535
MMD_loss	: 2.1005
Src_reg_loss	: 0.0325
-------------------------------------
[Epoch : 157/800]
Total_loss	: 0.0533
MMD_loss	: 2.0963
Src_reg_loss	: 0.0324
-------------------------------------
[Epoch : 158/800]
Total_loss	: 0.0532
MMD_loss	: 2.0922
Src_reg_loss	: 0.0323
-------------------------------------
[Epoch : 159/800]
Total_loss	: 0.0531
MMD_loss	: 2.0881
Src_reg_loss	: 0.0322
-------------------------------------
[Epoch : 160/800]
Total_loss	: 0.0529
MMD_loss	: 2.0840
Src_reg_loss	: 0.0321
-------------------------------------
[Epoch : 161/800]
Total_loss	: 0.0528
MMD_loss	: 2.0800
Src_reg_loss	: 0.0320
-------------------------------------
[Epoch : 162/800]
Total_loss	: 0.0527
MMD_loss	: 2.0760
Src_reg_loss	: 0.0319
-------------------------------------
[Epoch : 163/800]
Total_loss	: 0.0525
MMD_loss	: 2.0721
Src_reg_loss	: 0.0318
-------------------------------------
[Epoch : 164/800]
Total_loss	: 0.0524
MMD_loss	: 2.0682
Src_reg_loss	: 0.0317
-------------------------------------
[Epoch : 165/800]
Total_loss	: 0.0523
MMD_loss	: 2.0643
Src_reg_loss	: 0.0316
-------------------------------------
[Epoch : 166/800]
Total_loss	: 0.0521
MMD_loss	: 2.0605
Src_reg_loss	: 0.0315
-------------------------------------
[Epoch : 167/800]
Total_loss	: 0.0520
MMD_loss	: 2.0567
Src_reg_loss	: 0.0315
-------------------------------------
[Epoch : 168/800]
Total_loss	: 0.0519
MMD_loss	: 2.0530
Src_reg_loss	: 0.0314
-------------------------------------
[Epoch : 169/800]
Total_loss	: 0.0518
MMD_loss	: 2.0493
Src_reg_loss	: 0.0313
-------------------------------------
[Epoch : 170/800]
Total_loss	: 0.0517
MMD_loss	: 2.0456
Src_reg_loss	: 0.0312
-------------------------------------
[Epoch : 171/800]
Total_loss	: 0.0515
MMD_loss	: 2.0420
Src_reg_loss	: 0.0311
-------------------------------------
[Epoch : 172/800]
Total_loss	: 0.0514
MMD_loss	: 2.0385
Src_reg_loss	: 0.0310
-------------------------------------
[Epoch : 173/800]
Total_loss	: 0.0513
MMD_loss	: 2.0350
Src_reg_loss	: 0.0309
-------------------------------------
[Epoch : 174/800]
Total_loss	: 0.0512
MMD_loss	: 2.0315
Src_reg_loss	: 0.0309
-------------------------------------
[Epoch : 175/800]
Total_loss	: 0.0511
MMD_loss	: 2.0281
Src_reg_loss	: 0.0308
-------------------------------------
[Epoch : 176/800]
Total_loss	: 0.0509
MMD_loss	: 2.0247
Src_reg_loss	: 0.0307
-------------------------------------
[Epoch : 177/800]
Total_loss	: 0.0508
MMD_loss	: 2.0213
Src_reg_loss	: 0.0306
-------------------------------------
[Epoch : 178/800]
Total_loss	: 0.0507
MMD_loss	: 2.0180
Src_reg_loss	: 0.0305
-------------------------------------
[Epoch : 179/800]
Total_loss	: 0.0506
MMD_loss	: 2.0148
Src_reg_loss	: 0.0304
-------------------------------------
[Epoch : 180/800]
Total_loss	: 0.0505
MMD_loss	: 2.0115
Src_reg_loss	: 0.0304
-------------------------------------
[Epoch : 181/800]
Total_loss	: 0.0504
MMD_loss	: 2.0084
Src_reg_loss	: 0.0303
-------------------------------------
[Epoch : 182/800]
Total_loss	: 0.0503
MMD_loss	: 2.0052
Src_reg_loss	: 0.0302
-------------------------------------
[Epoch : 183/800]
Total_loss	: 0.0502
MMD_loss	: 2.0021
Src_reg_loss	: 0.0301
-------------------------------------
[Epoch : 184/800]
Total_loss	: 0.0501
MMD_loss	: 1.9991
Src_reg_loss	: 0.0301
-------------------------------------
[Epoch : 185/800]
Total_loss	: 0.0499
MMD_loss	: 1.9961
Src_reg_loss	: 0.0300
-------------------------------------
[Epoch : 186/800]
Total_loss	: 0.0498
MMD_loss	: 1.9931
Src_reg_loss	: 0.0299
-------------------------------------
[Epoch : 187/800]
Total_loss	: 0.0497
MMD_loss	: 1.9902
Src_reg_loss	: 0.0298
-------------------------------------
[Epoch : 188/800]
Total_loss	: 0.0496
MMD_loss	: 1.9873
Src_reg_loss	: 0.0298
-------------------------------------
[Epoch : 189/800]
Total_loss	: 0.0495
MMD_loss	: 1.9844
Src_reg_loss	: 0.0297
-------------------------------------
[Epoch : 190/800]
Total_loss	: 0.0494
MMD_loss	: 1.9816
Src_reg_loss	: 0.0296
-------------------------------------
[Epoch : 191/800]
Total_loss	: 0.0493
MMD_loss	: 1.9788
Src_reg_loss	: 0.0295
-------------------------------------
[Epoch : 192/800]
Total_loss	: 0.0492
MMD_loss	: 1.9761
Src_reg_loss	: 0.0295
-------------------------------------
[Epoch : 193/800]
Total_loss	: 0.0491
MMD_loss	: 1.9734
Src_reg_loss	: 0.0294
-------------------------------------
[Epoch : 194/800]
Total_loss	: 0.0490
MMD_loss	: 1.9707
Src_reg_loss	: 0.0293
-------------------------------------
[Epoch : 195/800]
Total_loss	: 0.0489
MMD_loss	: 1.9681
Src_reg_loss	: 0.0293
-------------------------------------
[Epoch : 196/800]
Total_loss	: 0.0488
MMD_loss	: 1.9655
Src_reg_loss	: 0.0292
-------------------------------------
[Epoch : 197/800]
Total_loss	: 0.0487
MMD_loss	: 1.9629
Src_reg_loss	: 0.0291
-------------------------------------
[Epoch : 198/800]
Total_loss	: 0.0487
MMD_loss	: 1.9604
Src_reg_loss	: 0.0290
-------------------------------------
[Epoch : 199/800]
Total_loss	: 0.0486
MMD_loss	: 1.9579
Src_reg_loss	: 0.0290
-------------------------------------
[Epoch : 200/800]
Total_loss	: 0.0485
MMD_loss	: 1.9554
Src_reg_loss	: 0.0289
-------------------------------------
[Epoch : 201/800]
Total_loss	: 0.0484
MMD_loss	: 1.9530
Src_reg_loss	: 0.0288
-------------------------------------
[Epoch : 202/800]
Total_loss	: 0.0483
MMD_loss	: 1.9506
Src_reg_loss	: 0.0288
-------------------------------------
[Epoch : 203/800]
Total_loss	: 0.0482
MMD_loss	: 1.9483
Src_reg_loss	: 0.0287
-------------------------------------
[Epoch : 204/800]
Total_loss	: 0.0481
MMD_loss	: 1.9460
Src_reg_loss	: 0.0286
-------------------------------------
[Epoch : 205/800]
Total_loss	: 0.0480
MMD_loss	: 1.9437
Src_reg_loss	: 0.0286
-------------------------------------
[Epoch : 206/800]
Total_loss	: 0.0479
MMD_loss	: 1.9414
Src_reg_loss	: 0.0285
-------------------------------------
[Epoch : 207/800]
Total_loss	: 0.0478
MMD_loss	: 1.9392
Src_reg_loss	: 0.0284
-------------------------------------
[Epoch : 208/800]
Total_loss	: 0.0478
MMD_loss	: 1.9370
Src_reg_loss	: 0.0284
-------------------------------------
[Epoch : 209/800]
Total_loss	: 0.0477
MMD_loss	: 1.9348
Src_reg_loss	: 0.0283
-------------------------------------
[Epoch : 210/800]
Total_loss	: 0.0476
MMD_loss	: 1.9327
Src_reg_loss	: 0.0283
-------------------------------------
[Epoch : 211/800]
Total_loss	: 0.0475
MMD_loss	: 1.9306
Src_reg_loss	: 0.0282
-------------------------------------
[Epoch : 212/800]
Total_loss	: 0.0474
MMD_loss	: 1.9285
Src_reg_loss	: 0.0281
-------------------------------------
[Epoch : 213/800]
Total_loss	: 0.0473
MMD_loss	: 1.9264
Src_reg_loss	: 0.0281
-------------------------------------
[Epoch : 214/800]
Total_loss	: 0.0473
MMD_loss	: 1.9244
Src_reg_loss	: 0.0280
-------------------------------------
[Epoch : 215/800]
Total_loss	: 0.0472
MMD_loss	: 1.9224
Src_reg_loss	: 0.0279
-------------------------------------
[Epoch : 216/800]
Total_loss	: 0.0471
MMD_loss	: 1.9204
Src_reg_loss	: 0.0279
-------------------------------------
[Epoch : 217/800]
Total_loss	: 0.0470
MMD_loss	: 1.9185
Src_reg_loss	: 0.0278
-------------------------------------
[Epoch : 218/800]
Total_loss	: 0.0469
MMD_loss	: 1.9166
Src_reg_loss	: 0.0278
-------------------------------------
[Epoch : 219/800]
Total_loss	: 0.0469
MMD_loss	: 1.9147
Src_reg_loss	: 0.0277
-------------------------------------
[Epoch : 220/800]
Total_loss	: 0.0468
MMD_loss	: 1.9128
Src_reg_loss	: 0.0276
-------------------------------------
[Epoch : 221/800]
Total_loss	: 0.0467
MMD_loss	: 1.9110
Src_reg_loss	: 0.0276
-------------------------------------
[Epoch : 222/800]
Total_loss	: 0.0466
MMD_loss	: 1.9092
Src_reg_loss	: 0.0275
-------------------------------------
[Epoch : 223/800]
Total_loss	: 0.0465
MMD_loss	: 1.9074
Src_reg_loss	: 0.0275
-------------------------------------
[Epoch : 224/800]
Total_loss	: 0.0465
MMD_loss	: 1.9056
Src_reg_loss	: 0.0274
-------------------------------------
[Epoch : 225/800]
Total_loss	: 0.0464
MMD_loss	: 1.9039
Src_reg_loss	: 0.0274
-------------------------------------
[Epoch : 226/800]
Total_loss	: 0.0463
MMD_loss	: 1.9022
Src_reg_loss	: 0.0273
-------------------------------------
[Epoch : 227/800]
Total_loss	: 0.0462
MMD_loss	: 1.9005
Src_reg_loss	: 0.0272
-------------------------------------
[Epoch : 228/800]
Total_loss	: 0.0462
MMD_loss	: 1.8988
Src_reg_loss	: 0.0272
-------------------------------------
[Epoch : 229/800]
Total_loss	: 0.0461
MMD_loss	: 1.8971
Src_reg_loss	: 0.0271
-------------------------------------
[Epoch : 230/800]
Total_loss	: 0.0460
MMD_loss	: 1.8955
Src_reg_loss	: 0.0271
-------------------------------------
[Epoch : 231/800]
Total_loss	: 0.0460
MMD_loss	: 1.8939
Src_reg_loss	: 0.0270
-------------------------------------
[Epoch : 232/800]
Total_loss	: 0.0459
MMD_loss	: 1.8923
Src_reg_loss	: 0.0270
-------------------------------------
[Epoch : 233/800]
Total_loss	: 0.0458
MMD_loss	: 1.8908
Src_reg_loss	: 0.0269
-------------------------------------
[Epoch : 234/800]
Total_loss	: 0.0457
MMD_loss	: 1.8892
Src_reg_loss	: 0.0268
-------------------------------------
[Epoch : 235/800]
Total_loss	: 0.0457
MMD_loss	: 1.8877
Src_reg_loss	: 0.0268
-------------------------------------
[Epoch : 236/800]
Total_loss	: 0.0456
MMD_loss	: 1.8862
Src_reg_loss	: 0.0267
-------------------------------------
[Epoch : 237/800]
Total_loss	: 0.0455
MMD_loss	: 1.8847
Src_reg_loss	: 0.0267
-------------------------------------
[Epoch : 238/800]
Total_loss	: 0.0455
MMD_loss	: 1.8833
Src_reg_loss	: 0.0266
-------------------------------------
[Epoch : 239/800]
Total_loss	: 0.0454
MMD_loss	: 1.8818
Src_reg_loss	: 0.0266
-------------------------------------
[Epoch : 240/800]
Total_loss	: 0.0453
MMD_loss	: 1.8804
Src_reg_loss	: 0.0265
-------------------------------------
[Epoch : 241/800]
Total_loss	: 0.0453
MMD_loss	: 1.8790
Src_reg_loss	: 0.0265
-------------------------------------
[Epoch : 242/800]
Total_loss	: 0.0452
MMD_loss	: 1.8776
Src_reg_loss	: 0.0264
-------------------------------------
[Epoch : 243/800]
Total_loss	: 0.0451
MMD_loss	: 1.8762
Src_reg_loss	: 0.0264
-------------------------------------
[Epoch : 244/800]
Total_loss	: 0.0451
MMD_loss	: 1.8749
Src_reg_loss	: 0.0263
-------------------------------------
[Epoch : 245/800]
Total_loss	: 0.0450
MMD_loss	: 1.8736
Src_reg_loss	: 0.0263
-------------------------------------
[Epoch : 246/800]
Total_loss	: 0.0449
MMD_loss	: 1.8722
Src_reg_loss	: 0.0262
-------------------------------------
[Epoch : 247/800]
Total_loss	: 0.0449
MMD_loss	: 1.8710
Src_reg_loss	: 0.0262
-------------------------------------
[Epoch : 248/800]
Total_loss	: 0.0448
MMD_loss	: 1.8697
Src_reg_loss	: 0.0261
-------------------------------------
[Epoch : 249/800]
Total_loss	: 0.0448
MMD_loss	: 1.8684
Src_reg_loss	: 0.0261
-------------------------------------
[Epoch : 250/800]
Total_loss	: 0.0447
MMD_loss	: 1.8672
Src_reg_loss	: 0.0260
-------------------------------------
[Epoch : 251/800]
Total_loss	: 0.0446
MMD_loss	: 1.8659
Src_reg_loss	: 0.0260
-------------------------------------
[Epoch : 252/800]
Total_loss	: 0.0446
MMD_loss	: 1.8647
Src_reg_loss	: 0.0259
-------------------------------------
[Epoch : 253/800]
Total_loss	: 0.0445
MMD_loss	: 1.8635
Src_reg_loss	: 0.0259
-------------------------------------
[Epoch : 254/800]
Total_loss	: 0.0444
MMD_loss	: 1.8623
Src_reg_loss	: 0.0258
-------------------------------------
[Epoch : 255/800]
Total_loss	: 0.0444
MMD_loss	: 1.8612
Src_reg_loss	: 0.0258
-------------------------------------
[Epoch : 256/800]
Total_loss	: 0.0443
MMD_loss	: 1.8600
Src_reg_loss	: 0.0257
-------------------------------------
[Epoch : 257/800]
Total_loss	: 0.0443
MMD_loss	: 1.8589
Src_reg_loss	: 0.0257
-------------------------------------
[Epoch : 258/800]
Total_loss	: 0.0442
MMD_loss	: 1.8577
Src_reg_loss	: 0.0256
-------------------------------------
[Epoch : 259/800]
Total_loss	: 0.0441
MMD_loss	: 1.8566
Src_reg_loss	: 0.0256
-------------------------------------
[Epoch : 260/800]
Total_loss	: 0.0441
MMD_loss	: 1.8555
Src_reg_loss	: 0.0255
-------------------------------------
[Epoch : 261/800]
Total_loss	: 0.0440
MMD_loss	: 1.8544
Src_reg_loss	: 0.0255
-------------------------------------
[Epoch : 262/800]
Total_loss	: 0.0440
MMD_loss	: 1.8533
Src_reg_loss	: 0.0254
-------------------------------------
[Epoch : 263/800]
Total_loss	: 0.0439
MMD_loss	: 1.8523
Src_reg_loss	: 0.0254
-------------------------------------
[Epoch : 264/800]
Total_loss	: 0.0439
MMD_loss	: 1.8512
Src_reg_loss	: 0.0253
-------------------------------------
[Epoch : 265/800]
Total_loss	: 0.0438
MMD_loss	: 1.8502
Src_reg_loss	: 0.0253
-------------------------------------
[Epoch : 266/800]
Total_loss	: 0.0437
MMD_loss	: 1.8491
Src_reg_loss	: 0.0253
-------------------------------------
[Epoch : 267/800]
Total_loss	: 0.0437
MMD_loss	: 1.8481
Src_reg_loss	: 0.0252
-------------------------------------
[Epoch : 268/800]
Total_loss	: 0.0436
MMD_loss	: 1.8471
Src_reg_loss	: 0.0252
-------------------------------------
[Epoch : 269/800]
Total_loss	: 0.0436
MMD_loss	: 1.8461
Src_reg_loss	: 0.0251
-------------------------------------
[Epoch : 270/800]
Total_loss	: 0.0435
MMD_loss	: 1.8451
Src_reg_loss	: 0.0251
-------------------------------------
[Epoch : 271/800]
Total_loss	: 0.0435
MMD_loss	: 1.8442
Src_reg_loss	: 0.0250
-------------------------------------
[Epoch : 272/800]
Total_loss	: 0.0434
MMD_loss	: 1.8432
Src_reg_loss	: 0.0250
-------------------------------------
[Epoch : 273/800]
Total_loss	: 0.0434
MMD_loss	: 1.8422
Src_reg_loss	: 0.0249
-------------------------------------
[Epoch : 274/800]
Total_loss	: 0.0433
MMD_loss	: 1.8413
Src_reg_loss	: 0.0249
-------------------------------------
[Epoch : 275/800]
Total_loss	: 0.0432
MMD_loss	: 1.8404
Src_reg_loss	: 0.0248
-------------------------------------
[Epoch : 276/800]
Total_loss	: 0.0432
MMD_loss	: 1.8394
Src_reg_loss	: 0.0248
-------------------------------------
[Epoch : 277/800]
Total_loss	: 0.0431
MMD_loss	: 1.8385
Src_reg_loss	: 0.0248
-------------------------------------
[Epoch : 278/800]
Total_loss	: 0.0431
MMD_loss	: 1.8376
Src_reg_loss	: 0.0247
-------------------------------------
[Epoch : 279/800]
Total_loss	: 0.0430
MMD_loss	: 1.8367
Src_reg_loss	: 0.0247
-------------------------------------
[Epoch : 280/800]
Total_loss	: 0.0430
MMD_loss	: 1.8358
Src_reg_loss	: 0.0246
-------------------------------------
[Epoch : 281/800]
Total_loss	: 0.0429
MMD_loss	: 1.8350
Src_reg_loss	: 0.0246
-------------------------------------
[Epoch : 282/800]
Total_loss	: 0.0429
MMD_loss	: 1.8341
Src_reg_loss	: 0.0245
-------------------------------------
[Epoch : 283/800]
Total_loss	: 0.0428
MMD_loss	: 1.8332
Src_reg_loss	: 0.0245
-------------------------------------
[Epoch : 284/800]
Total_loss	: 0.0428
MMD_loss	: 1.8324
Src_reg_loss	: 0.0245
-------------------------------------
[Epoch : 285/800]
Total_loss	: 0.0427
MMD_loss	: 1.8315
Src_reg_loss	: 0.0244
-------------------------------------
[Epoch : 286/800]
Total_loss	: 0.0427
MMD_loss	: 1.8307
Src_reg_loss	: 0.0244
-------------------------------------
[Epoch : 287/800]
Total_loss	: 0.0426
MMD_loss	: 1.8299
Src_reg_loss	: 0.0243
-------------------------------------
[Epoch : 288/800]
Total_loss	: 0.0426
MMD_loss	: 1.8290
Src_reg_loss	: 0.0243
-------------------------------------
[Epoch : 289/800]
Total_loss	: 0.0425
MMD_loss	: 1.8282
Src_reg_loss	: 0.0242
-------------------------------------
[Epoch : 290/800]
Total_loss	: 0.0425
MMD_loss	: 1.8274
Src_reg_loss	: 0.0242
-------------------------------------
[Epoch : 291/800]
Total_loss	: 0.0424
MMD_loss	: 1.8266
Src_reg_loss	: 0.0242
-------------------------------------
[Epoch : 292/800]
Total_loss	: 0.0424
MMD_loss	: 1.8258
Src_reg_loss	: 0.0241
-------------------------------------
[Epoch : 293/800]
Total_loss	: 0.0423
MMD_loss	: 1.8250
Src_reg_loss	: 0.0241
-------------------------------------
[Epoch : 294/800]
Total_loss	: 0.0423
MMD_loss	: 1.8243
Src_reg_loss	: 0.0240
-------------------------------------
[Epoch : 295/800]
Total_loss	: 0.0422
MMD_loss	: 1.8235
Src_reg_loss	: 0.0240
-------------------------------------
[Epoch : 296/800]
Total_loss	: 0.0422
MMD_loss	: 1.8227
Src_reg_loss	: 0.0240
-------------------------------------
[Epoch : 297/800]
Total_loss	: 0.0421
MMD_loss	: 1.8220
Src_reg_loss	: 0.0239
-------------------------------------
[Epoch : 298/800]
Total_loss	: 0.0421
MMD_loss	: 1.8212
Src_reg_loss	: 0.0239
-------------------------------------
[Epoch : 299/800]
Total_loss	: 0.0420
MMD_loss	: 1.8205
Src_reg_loss	: 0.0238
-------------------------------------
[Epoch : 300/800]
Total_loss	: 0.0420
MMD_loss	: 1.8197
Src_reg_loss	: 0.0238
-------------------------------------
[Epoch : 301/800]
Total_loss	: 0.0420
MMD_loss	: 1.8190
Src_reg_loss	: 0.0238
-------------------------------------
[Epoch : 302/800]
Total_loss	: 0.0419
MMD_loss	: 1.8182
Src_reg_loss	: 0.0237
-------------------------------------
[Epoch : 303/800]
Total_loss	: 0.0419
MMD_loss	: 1.8175
Src_reg_loss	: 0.0237
-------------------------------------
[Epoch : 304/800]
Total_loss	: 0.0418
MMD_loss	: 1.8168
Src_reg_loss	: 0.0236
-------------------------------------
[Epoch : 305/800]
Total_loss	: 0.0418
MMD_loss	: 1.8161
Src_reg_loss	: 0.0236
-------------------------------------
[Epoch : 306/800]
Total_loss	: 0.0417
MMD_loss	: 1.8154
Src_reg_loss	: 0.0236
-------------------------------------
[Epoch : 307/800]
Total_loss	: 0.0417
MMD_loss	: 1.8147
Src_reg_loss	: 0.0235
-------------------------------------
[Epoch : 308/800]
Total_loss	: 0.0416
MMD_loss	: 1.8140
Src_reg_loss	: 0.0235
-------------------------------------
[Epoch : 309/800]
Total_loss	: 0.0416
MMD_loss	: 1.8133
Src_reg_loss	: 0.0235
-------------------------------------
[Epoch : 310/800]
Total_loss	: 0.0415
MMD_loss	: 1.8126
Src_reg_loss	: 0.0234
-------------------------------------
[Epoch : 311/800]
Total_loss	: 0.0415
MMD_loss	: 1.8119
Src_reg_loss	: 0.0234
-------------------------------------
[Epoch : 312/800]
Total_loss	: 0.0415
MMD_loss	: 1.8112
Src_reg_loss	: 0.0233
-------------------------------------
[Epoch : 313/800]
Total_loss	: 0.0414
MMD_loss	: 1.8106
Src_reg_loss	: 0.0233
-------------------------------------
[Epoch : 314/800]
Total_loss	: 0.0414
MMD_loss	: 1.8099
Src_reg_loss	: 0.0233
-------------------------------------
[Epoch : 315/800]
Total_loss	: 0.0413
MMD_loss	: 1.8092
Src_reg_loss	: 0.0232
-------------------------------------
[Epoch : 316/800]
Total_loss	: 0.0413
MMD_loss	: 1.8086
Src_reg_loss	: 0.0232
-------------------------------------
[Epoch : 317/800]
Total_loss	: 0.0412
MMD_loss	: 1.8079
Src_reg_loss	: 0.0232
-------------------------------------
[Epoch : 318/800]
Total_loss	: 0.0412
MMD_loss	: 1.8073
Src_reg_loss	: 0.0231
-------------------------------------
[Epoch : 319/800]
Total_loss	: 0.0412
MMD_loss	: 1.8066
Src_reg_loss	: 0.0231
-------------------------------------
[Epoch : 320/800]
Total_loss	: 0.0411
MMD_loss	: 1.8060
Src_reg_loss	: 0.0231
-------------------------------------
[Epoch : 321/800]
Total_loss	: 0.0411
MMD_loss	: 1.8053
Src_reg_loss	: 0.0230
-------------------------------------
[Epoch : 322/800]
Total_loss	: 0.0410
MMD_loss	: 1.8047
Src_reg_loss	: 0.0230
-------------------------------------
[Epoch : 323/800]
Total_loss	: 0.0410
MMD_loss	: 1.8041
Src_reg_loss	: 0.0229
-------------------------------------
[Epoch : 324/800]
Total_loss	: 0.0409
MMD_loss	: 1.8034
Src_reg_loss	: 0.0229
-------------------------------------
[Epoch : 325/800]
Total_loss	: 0.0409
MMD_loss	: 1.8028
Src_reg_loss	: 0.0229
-------------------------------------
[Epoch : 326/800]
Total_loss	: 0.0409
MMD_loss	: 1.8022
Src_reg_loss	: 0.0228
-------------------------------------
[Epoch : 327/800]
Total_loss	: 0.0408
MMD_loss	: 1.8016
Src_reg_loss	: 0.0228
-------------------------------------
[Epoch : 328/800]
Total_loss	: 0.0408
MMD_loss	: 1.8010
Src_reg_loss	: 0.0228
-------------------------------------
[Epoch : 329/800]
Total_loss	: 0.0407
MMD_loss	: 1.8004
Src_reg_loss	: 0.0227
-------------------------------------
[Epoch : 330/800]
Total_loss	: 0.0407
MMD_loss	: 1.7998
Src_reg_loss	: 0.0227
-------------------------------------
[Epoch : 331/800]
Total_loss	: 0.0407
MMD_loss	: 1.7992
Src_reg_loss	: 0.0227
-------------------------------------
[Epoch : 332/800]
Total_loss	: 0.0406
MMD_loss	: 1.7986
Src_reg_loss	: 0.0226
-------------------------------------
[Epoch : 333/800]
Total_loss	: 0.0406
MMD_loss	: 1.7980
Src_reg_loss	: 0.0226
-------------------------------------
[Epoch : 334/800]
Total_loss	: 0.0405
MMD_loss	: 1.7974
Src_reg_loss	: 0.0226
-------------------------------------
[Epoch : 335/800]
Total_loss	: 0.0405
MMD_loss	: 1.7968
Src_reg_loss	: 0.0225
-------------------------------------
[Epoch : 336/800]
Total_loss	: 0.0405
MMD_loss	: 1.7962
Src_reg_loss	: 0.0225
-------------------------------------
[Epoch : 337/800]
Total_loss	: 0.0404
MMD_loss	: 1.7956
Src_reg_loss	: 0.0225
-------------------------------------
[Epoch : 338/800]
Total_loss	: 0.0404
MMD_loss	: 1.7951
Src_reg_loss	: 0.0224
-------------------------------------
[Epoch : 339/800]
Total_loss	: 0.0403
MMD_loss	: 1.7945
Src_reg_loss	: 0.0224
-------------------------------------
[Epoch : 340/800]
Total_loss	: 0.0403
MMD_loss	: 1.7939
Src_reg_loss	: 0.0224
-------------------------------------
[Epoch : 341/800]
Total_loss	: 0.0403
MMD_loss	: 1.7933
Src_reg_loss	: 0.0223
-------------------------------------
[Epoch : 342/800]
Total_loss	: 0.0402
MMD_loss	: 1.7928
Src_reg_loss	: 0.0223
-------------------------------------
[Epoch : 343/800]
Total_loss	: 0.0402
MMD_loss	: 1.7922
Src_reg_loss	: 0.0223
-------------------------------------
[Epoch : 344/800]
Total_loss	: 0.0401
MMD_loss	: 1.7917
Src_reg_loss	: 0.0222
-------------------------------------
[Epoch : 345/800]
Total_loss	: 0.0401
MMD_loss	: 1.7911
Src_reg_loss	: 0.0222
-------------------------------------
[Epoch : 346/800]
Total_loss	: 0.0401
MMD_loss	: 1.7906
Src_reg_loss	: 0.0222
-------------------------------------
[Epoch : 347/800]
Total_loss	: 0.0400
MMD_loss	: 1.7900
Src_reg_loss	: 0.0221
-------------------------------------
[Epoch : 348/800]
Total_loss	: 0.0400
MMD_loss	: 1.7895
Src_reg_loss	: 0.0221
-------------------------------------
[Epoch : 349/800]
Total_loss	: 0.0400
MMD_loss	: 1.7889
Src_reg_loss	: 0.0221
-------------------------------------
[Epoch : 350/800]
Total_loss	: 0.0399
MMD_loss	: 1.7884
Src_reg_loss	: 0.0220
-------------------------------------
[Epoch : 351/800]
Total_loss	: 0.0399
MMD_loss	: 1.7878
Src_reg_loss	: 0.0220
-------------------------------------
[Epoch : 352/800]
Total_loss	: 0.0398
MMD_loss	: 1.7873
Src_reg_loss	: 0.0220
-------------------------------------
[Epoch : 353/800]
Total_loss	: 0.0398
MMD_loss	: 1.7868
Src_reg_loss	: 0.0219
-------------------------------------
[Epoch : 354/800]
Total_loss	: 0.0398
MMD_loss	: 1.7862
Src_reg_loss	: 0.0219
-------------------------------------
[Epoch : 355/800]
Total_loss	: 0.0397
MMD_loss	: 1.7857
Src_reg_loss	: 0.0219
-------------------------------------
[Epoch : 356/800]
Total_loss	: 0.0397
MMD_loss	: 1.7852
Src_reg_loss	: 0.0218
-------------------------------------
[Epoch : 357/800]
Total_loss	: 0.0397
MMD_loss	: 1.7847
Src_reg_loss	: 0.0218
-------------------------------------
[Epoch : 358/800]
Total_loss	: 0.0396
MMD_loss	: 1.7841
Src_reg_loss	: 0.0218
-------------------------------------
[Epoch : 359/800]
Total_loss	: 0.0396
MMD_loss	: 1.7836
Src_reg_loss	: 0.0217
-------------------------------------
[Epoch : 360/800]
Total_loss	: 0.0395
MMD_loss	: 1.7831
Src_reg_loss	: 0.0217
-------------------------------------
[Epoch : 361/800]
Total_loss	: 0.0395
MMD_loss	: 1.7826
Src_reg_loss	: 0.0217
-------------------------------------
[Epoch : 362/800]
Total_loss	: 0.0395
MMD_loss	: 1.7821
Src_reg_loss	: 0.0217
-------------------------------------
[Epoch : 363/800]
Total_loss	: 0.0394
MMD_loss	: 1.7816
Src_reg_loss	: 0.0216
-------------------------------------
[Epoch : 364/800]
Total_loss	: 0.0394
MMD_loss	: 1.7811
Src_reg_loss	: 0.0216
-------------------------------------
[Epoch : 365/800]
Total_loss	: 0.0394
MMD_loss	: 1.7806
Src_reg_loss	: 0.0216
-------------------------------------
[Epoch : 366/800]
Total_loss	: 0.0393
MMD_loss	: 1.7801
Src_reg_loss	: 0.0215
-------------------------------------
[Epoch : 367/800]
Total_loss	: 0.0393
MMD_loss	: 1.7796
Src_reg_loss	: 0.0215
-------------------------------------
[Epoch : 368/800]
Total_loss	: 0.0393
MMD_loss	: 1.7791
Src_reg_loss	: 0.0215
-------------------------------------
[Epoch : 369/800]
Total_loss	: 0.0392
MMD_loss	: 1.7786
Src_reg_loss	: 0.0214
-------------------------------------
[Epoch : 370/800]
Total_loss	: 0.0392
MMD_loss	: 1.7781
Src_reg_loss	: 0.0214
-------------------------------------
[Epoch : 371/800]
Total_loss	: 0.0392
MMD_loss	: 1.7776
Src_reg_loss	: 0.0214
-------------------------------------
[Epoch : 372/800]
Total_loss	: 0.0391
MMD_loss	: 1.7771
Src_reg_loss	: 0.0214
-------------------------------------
[Epoch : 373/800]
Total_loss	: 0.0391
MMD_loss	: 1.7767
Src_reg_loss	: 0.0213
-------------------------------------
[Epoch : 374/800]
Total_loss	: 0.0391
MMD_loss	: 1.7762
Src_reg_loss	: 0.0213
-------------------------------------
[Epoch : 375/800]
Total_loss	: 0.0390
MMD_loss	: 1.7757
Src_reg_loss	: 0.0213
-------------------------------------
[Epoch : 376/800]
Total_loss	: 0.0390
MMD_loss	: 1.7752
Src_reg_loss	: 0.0212
-------------------------------------
[Epoch : 377/800]
Total_loss	: 0.0390
MMD_loss	: 1.7748
Src_reg_loss	: 0.0212
-------------------------------------
[Epoch : 378/800]
Total_loss	: 0.0389
MMD_loss	: 1.7743
Src_reg_loss	: 0.0212
-------------------------------------
[Epoch : 379/800]
Total_loss	: 0.0389
MMD_loss	: 1.7738
Src_reg_loss	: 0.0212
-------------------------------------
[Epoch : 380/800]
Total_loss	: 0.0389
MMD_loss	: 1.7734
Src_reg_loss	: 0.0211
-------------------------------------
[Epoch : 381/800]
Total_loss	: 0.0388
MMD_loss	: 1.7729
Src_reg_loss	: 0.0211
-------------------------------------
[Epoch : 382/800]
Total_loss	: 0.0388
MMD_loss	: 1.7725
Src_reg_loss	: 0.0211
-------------------------------------
[Epoch : 383/800]
Total_loss	: 0.0388
MMD_loss	: 1.7720
Src_reg_loss	: 0.0210
-------------------------------------
[Epoch : 384/800]
Total_loss	: 0.0387
MMD_loss	: 1.7716
Src_reg_loss	: 0.0210
-------------------------------------
[Epoch : 385/800]
Total_loss	: 0.0387
MMD_loss	: 1.7711
Src_reg_loss	: 0.0210
-------------------------------------
[Epoch : 386/800]
Total_loss	: 0.0387
MMD_loss	: 1.7707
Src_reg_loss	: 0.0210
-------------------------------------
[Epoch : 387/800]
Total_loss	: 0.0386
MMD_loss	: 1.7702
Src_reg_loss	: 0.0209
-------------------------------------
[Epoch : 388/800]
Total_loss	: 0.0386
MMD_loss	: 1.7698
Src_reg_loss	: 0.0209
-------------------------------------
[Epoch : 389/800]
Total_loss	: 0.0386
MMD_loss	: 1.7694
Src_reg_loss	: 0.0209
-------------------------------------
[Epoch : 390/800]
Total_loss	: 0.0385
MMD_loss	: 1.7689
Src_reg_loss	: 0.0208
-------------------------------------
[Epoch : 391/800]
Total_loss	: 0.0385
MMD_loss	: 1.7685
Src_reg_loss	: 0.0208
-------------------------------------
[Epoch : 392/800]
Total_loss	: 0.0385
MMD_loss	: 1.7681
Src_reg_loss	: 0.0208
-------------------------------------
[Epoch : 393/800]
Total_loss	: 0.0384
MMD_loss	: 1.7677
Src_reg_loss	: 0.0208
-------------------------------------
[Epoch : 394/800]
Total_loss	: 0.0384
MMD_loss	: 1.7672
Src_reg_loss	: 0.0207
-------------------------------------
[Epoch : 395/800]
Total_loss	: 0.0384
MMD_loss	: 1.7668
Src_reg_loss	: 0.0207
-------------------------------------
[Epoch : 396/800]
Total_loss	: 0.0383
MMD_loss	: 1.7664
Src_reg_loss	: 0.0207
-------------------------------------
[Epoch : 397/800]
Total_loss	: 0.0383
MMD_loss	: 1.7660
Src_reg_loss	: 0.0207
-------------------------------------
[Epoch : 398/800]
Total_loss	: 0.0383
MMD_loss	: 1.7656
Src_reg_loss	: 0.0206
-------------------------------------
[Epoch : 399/800]
Total_loss	: 0.0383
MMD_loss	: 1.7652
Src_reg_loss	: 0.0206
-------------------------------------
[Epoch : 400/800]
Total_loss	: 0.0382
MMD_loss	: 1.7648
Src_reg_loss	: 0.0206
-------------------------------------
[Epoch : 401/800]
Total_loss	: 0.0382
MMD_loss	: 1.7644
Src_reg_loss	: 0.0206
-------------------------------------
[Epoch : 402/800]
Total_loss	: 0.0382
MMD_loss	: 1.7640
Src_reg_loss	: 0.0205
-------------------------------------
[Epoch : 403/800]
Total_loss	: 0.0381
MMD_loss	: 1.7636
Src_reg_loss	: 0.0205
-------------------------------------
[Epoch : 404/800]
Total_loss	: 0.0381
MMD_loss	: 1.7632
Src_reg_loss	: 0.0205
-------------------------------------
[Epoch : 405/800]
Total_loss	: 0.0381
MMD_loss	: 1.7629
Src_reg_loss	: 0.0204
-------------------------------------
[Epoch : 406/800]
Total_loss	: 0.0380
MMD_loss	: 1.7625
Src_reg_loss	: 0.0204
-------------------------------------
[Epoch : 407/800]
Total_loss	: 0.0380
MMD_loss	: 1.7621
Src_reg_loss	: 0.0204
-------------------------------------
[Epoch : 408/800]
Total_loss	: 0.0380
MMD_loss	: 1.7617
Src_reg_loss	: 0.0204
-------------------------------------
[Epoch : 409/800]
Total_loss	: 0.0380
MMD_loss	: 1.7614
Src_reg_loss	: 0.0203
-------------------------------------
[Epoch : 410/800]
Total_loss	: 0.0379
MMD_loss	: 1.7610
Src_reg_loss	: 0.0203
-------------------------------------
[Epoch : 411/800]
Total_loss	: 0.0379
MMD_loss	: 1.7606
Src_reg_loss	: 0.0203
-------------------------------------
[Epoch : 412/800]
Total_loss	: 0.0379
MMD_loss	: 1.7603
Src_reg_loss	: 0.0203
-------------------------------------
[Epoch : 413/800]
Total_loss	: 0.0378
MMD_loss	: 1.7599
Src_reg_loss	: 0.0202
-------------------------------------
[Epoch : 414/800]
Total_loss	: 0.0378
MMD_loss	: 1.7596
Src_reg_loss	: 0.0202
-------------------------------------
[Epoch : 415/800]
Total_loss	: 0.0378
MMD_loss	: 1.7592
Src_reg_loss	: 0.0202
-------------------------------------
[Epoch : 416/800]
Total_loss	: 0.0378
MMD_loss	: 1.7589
Src_reg_loss	: 0.0202
-------------------------------------
[Epoch : 417/800]
Total_loss	: 0.0377
MMD_loss	: 1.7585
Src_reg_loss	: 0.0201
-------------------------------------
[Epoch : 418/800]
Total_loss	: 0.0377
MMD_loss	: 1.7582
Src_reg_loss	: 0.0201
-------------------------------------
[Epoch : 419/800]
Total_loss	: 0.0377
MMD_loss	: 1.7578
Src_reg_loss	: 0.0201
-------------------------------------
[Epoch : 420/800]
Total_loss	: 0.0376
MMD_loss	: 1.7575
Src_reg_loss	: 0.0201
-------------------------------------
[Epoch : 421/800]
Total_loss	: 0.0376
MMD_loss	: 1.7572
Src_reg_loss	: 0.0200
-------------------------------------
[Epoch : 422/800]
Total_loss	: 0.0376
MMD_loss	: 1.7568
Src_reg_loss	: 0.0200
-------------------------------------
[Epoch : 423/800]
Total_loss	: 0.0376
MMD_loss	: 1.7565
Src_reg_loss	: 0.0200
-------------------------------------
[Epoch : 424/800]
Total_loss	: 0.0375
MMD_loss	: 1.7562
Src_reg_loss	: 0.0200
-------------------------------------
[Epoch : 425/800]
Total_loss	: 0.0375
MMD_loss	: 1.7559
Src_reg_loss	: 0.0200
-------------------------------------
[Epoch : 426/800]
Total_loss	: 0.0375
MMD_loss	: 1.7556
Src_reg_loss	: 0.0199
-------------------------------------
[Epoch : 427/800]
Total_loss	: 0.0375
MMD_loss	: 1.7553
Src_reg_loss	: 0.0199
-------------------------------------
[Epoch : 428/800]
Total_loss	: 0.0374
MMD_loss	: 1.7549
Src_reg_loss	: 0.0199
-------------------------------------
[Epoch : 429/800]
Total_loss	: 0.0374
MMD_loss	: 1.7546
Src_reg_loss	: 0.0199
-------------------------------------
[Epoch : 430/800]
Total_loss	: 0.0374
MMD_loss	: 1.7543
Src_reg_loss	: 0.0198
-------------------------------------
[Epoch : 431/800]
Total_loss	: 0.0373
MMD_loss	: 1.7540
Src_reg_loss	: 0.0198
-------------------------------------
[Epoch : 432/800]
Total_loss	: 0.0373
MMD_loss	: 1.7538
Src_reg_loss	: 0.0198
-------------------------------------
[Epoch : 433/800]
Total_loss	: 0.0373
MMD_loss	: 1.7535
Src_reg_loss	: 0.0198
-------------------------------------
[Epoch : 434/800]
Total_loss	: 0.0373
MMD_loss	: 1.7532
Src_reg_loss	: 0.0197
-------------------------------------
[Epoch : 435/800]
Total_loss	: 0.0372
MMD_loss	: 1.7529
Src_reg_loss	: 0.0197
-------------------------------------
[Epoch : 436/800]
Total_loss	: 0.0372
MMD_loss	: 1.7526
Src_reg_loss	: 0.0197
-------------------------------------
[Epoch : 437/800]
Total_loss	: 0.0372
MMD_loss	: 1.7523
Src_reg_loss	: 0.0197
-------------------------------------
[Epoch : 438/800]
Total_loss	: 0.0372
MMD_loss	: 1.7521
Src_reg_loss	: 0.0196
-------------------------------------
[Epoch : 439/800]
Total_loss	: 0.0371
MMD_loss	: 1.7518
Src_reg_loss	: 0.0196
-------------------------------------
[Epoch : 440/800]
Total_loss	: 0.0371
MMD_loss	: 1.7515
Src_reg_loss	: 0.0196
-------------------------------------
[Epoch : 441/800]
Total_loss	: 0.0371
MMD_loss	: 1.7513
Src_reg_loss	: 0.0196
-------------------------------------
[Epoch : 442/800]
Total_loss	: 0.0371
MMD_loss	: 1.7510
Src_reg_loss	: 0.0196
-------------------------------------
[Epoch : 443/800]
Total_loss	: 0.0370
MMD_loss	: 1.7507
Src_reg_loss	: 0.0195
-------------------------------------
[Epoch : 444/800]
Total_loss	: 0.0370
MMD_loss	: 1.7505
Src_reg_loss	: 0.0195
-------------------------------------
[Epoch : 445/800]
Total_loss	: 0.0370
MMD_loss	: 1.7502
Src_reg_loss	: 0.0195
-------------------------------------
[Epoch : 446/800]
Total_loss	: 0.0370
MMD_loss	: 1.7500
Src_reg_loss	: 0.0195
-------------------------------------
[Epoch : 447/800]
Total_loss	: 0.0369
MMD_loss	: 1.7497
Src_reg_loss	: 0.0194
-------------------------------------
[Epoch : 448/800]
Total_loss	: 0.0369
MMD_loss	: 1.7495
Src_reg_loss	: 0.0194
-------------------------------------
[Epoch : 449/800]
Total_loss	: 0.0369
MMD_loss	: 1.7493
Src_reg_loss	: 0.0194
-------------------------------------
[Epoch : 450/800]
Total_loss	: 0.0369
MMD_loss	: 1.7490
Src_reg_loss	: 0.0194
-------------------------------------
[Epoch : 451/800]
Total_loss	: 0.0368
MMD_loss	: 1.7488
Src_reg_loss	: 0.0194
-------------------------------------
[Epoch : 452/800]
Total_loss	: 0.0368
MMD_loss	: 1.7486
Src_reg_loss	: 0.0193
-------------------------------------
[Epoch : 453/800]
Total_loss	: 0.0368
MMD_loss	: 1.7483
Src_reg_loss	: 0.0193
-------------------------------------
[Epoch : 454/800]
Total_loss	: 0.0368
MMD_loss	: 1.7481
Src_reg_loss	: 0.0193
-------------------------------------
[Epoch : 455/800]
Total_loss	: 0.0367
MMD_loss	: 1.7479
Src_reg_loss	: 0.0193
-------------------------------------
[Epoch : 456/800]
Total_loss	: 0.0367
MMD_loss	: 1.7477
Src_reg_loss	: 0.0192
-------------------------------------
[Epoch : 457/800]
Total_loss	: 0.0367
MMD_loss	: 1.7475
Src_reg_loss	: 0.0192
-------------------------------------
[Epoch : 458/800]
Total_loss	: 0.0367
MMD_loss	: 1.7473
Src_reg_loss	: 0.0192
-------------------------------------
[Epoch : 459/800]
Total_loss	: 0.0367
MMD_loss	: 1.7470
Src_reg_loss	: 0.0192
-------------------------------------
[Epoch : 460/800]
Total_loss	: 0.0366
MMD_loss	: 1.7468
Src_reg_loss	: 0.0192
-------------------------------------
[Epoch : 461/800]
Total_loss	: 0.0366
MMD_loss	: 1.7466
Src_reg_loss	: 0.0191
-------------------------------------
[Epoch : 462/800]
Total_loss	: 0.0366
MMD_loss	: 1.7464
Src_reg_loss	: 0.0191
-------------------------------------
[Epoch : 463/800]
Total_loss	: 0.0366
MMD_loss	: 1.7463
Src_reg_loss	: 0.0191
-------------------------------------
[Epoch : 464/800]
Total_loss	: 0.0365
MMD_loss	: 1.7461
Src_reg_loss	: 0.0191
-------------------------------------
[Epoch : 465/800]
Total_loss	: 0.0365
MMD_loss	: 1.7459
Src_reg_loss	: 0.0191
-------------------------------------
[Epoch : 466/800]
Total_loss	: 0.0365
MMD_loss	: 1.7457
Src_reg_loss	: 0.0190
-------------------------------------
[Epoch : 467/800]
Total_loss	: 0.0365
MMD_loss	: 1.7455
Src_reg_loss	: 0.0190
-------------------------------------
[Epoch : 468/800]
Total_loss	: 0.0364
MMD_loss	: 1.7453
Src_reg_loss	: 0.0190
-------------------------------------
[Epoch : 469/800]
Total_loss	: 0.0364
MMD_loss	: 1.7452
Src_reg_loss	: 0.0190
-------------------------------------
[Epoch : 470/800]
Total_loss	: 0.0364
MMD_loss	: 1.7450
Src_reg_loss	: 0.0190
-------------------------------------
[Epoch : 471/800]
Total_loss	: 0.0364
MMD_loss	: 1.7448
Src_reg_loss	: 0.0189
-------------------------------------
[Epoch : 472/800]
Total_loss	: 0.0364
MMD_loss	: 1.7446
Src_reg_loss	: 0.0189
-------------------------------------
[Epoch : 473/800]
Total_loss	: 0.0363
MMD_loss	: 1.7445
Src_reg_loss	: 0.0189
-------------------------------------
[Epoch : 474/800]
Total_loss	: 0.0363
MMD_loss	: 1.7443
Src_reg_loss	: 0.0189
-------------------------------------
[Epoch : 475/800]
Total_loss	: 0.0363
MMD_loss	: 1.7442
Src_reg_loss	: 0.0189
-------------------------------------
[Epoch : 476/800]
Total_loss	: 0.0363
MMD_loss	: 1.7440
Src_reg_loss	: 0.0188
-------------------------------------
[Epoch : 477/800]
Total_loss	: 0.0363
MMD_loss	: 1.7439
Src_reg_loss	: 0.0188
-------------------------------------
[Epoch : 478/800]
Total_loss	: 0.0362
MMD_loss	: 1.7437
Src_reg_loss	: 0.0188
-------------------------------------
[Epoch : 479/800]
Total_loss	: 0.0362
MMD_loss	: 1.7436
Src_reg_loss	: 0.0188
-------------------------------------
[Epoch : 480/800]
Total_loss	: 0.0362
MMD_loss	: 1.7434
Src_reg_loss	: 0.0188
-------------------------------------
[Epoch : 481/800]
Total_loss	: 0.0362
MMD_loss	: 1.7433
Src_reg_loss	: 0.0187
-------------------------------------
[Epoch : 482/800]
Total_loss	: 0.0361
MMD_loss	: 1.7431
Src_reg_loss	: 0.0187
-------------------------------------
[Epoch : 483/800]
Total_loss	: 0.0361
MMD_loss	: 1.7430
Src_reg_loss	: 0.0187
-------------------------------------
[Epoch : 484/800]
Total_loss	: 0.0361
MMD_loss	: 1.7429
Src_reg_loss	: 0.0187
-------------------------------------
[Epoch : 485/800]
Total_loss	: 0.0361
MMD_loss	: 1.7427
Src_reg_loss	: 0.0187
-------------------------------------
[Epoch : 486/800]
Total_loss	: 0.0361
MMD_loss	: 1.7426
Src_reg_loss	: 0.0186
-------------------------------------
[Epoch : 487/800]
Total_loss	: 0.0360
MMD_loss	: 1.7425
Src_reg_loss	: 0.0186
-------------------------------------
[Epoch : 488/800]
Total_loss	: 0.0360
MMD_loss	: 1.7424
Src_reg_loss	: 0.0186
-------------------------------------
[Epoch : 489/800]
Total_loss	: 0.0360
MMD_loss	: 1.7422
Src_reg_loss	: 0.0186
-------------------------------------
[Epoch : 490/800]
Total_loss	: 0.0360
MMD_loss	: 1.7421
Src_reg_loss	: 0.0186
-------------------------------------
[Epoch : 491/800]
Total_loss	: 0.0360
MMD_loss	: 1.7420
Src_reg_loss	: 0.0185
-------------------------------------
[Epoch : 492/800]
Total_loss	: 0.0359
MMD_loss	: 1.7419
Src_reg_loss	: 0.0185
-------------------------------------
[Epoch : 493/800]
Total_loss	: 0.0359
MMD_loss	: 1.7418
Src_reg_loss	: 0.0185
-------------------------------------
[Epoch : 494/800]
Total_loss	: 0.0359
MMD_loss	: 1.7417
Src_reg_loss	: 0.0185
-------------------------------------
[Epoch : 495/800]
Total_loss	: 0.0359
MMD_loss	: 1.7416
Src_reg_loss	: 0.0185
-------------------------------------
[Epoch : 496/800]
Total_loss	: 0.0359
MMD_loss	: 1.7415
Src_reg_loss	: 0.0184
-------------------------------------
[Epoch : 497/800]
Total_loss	: 0.0358
MMD_loss	: 1.7414
Src_reg_loss	: 0.0184
-------------------------------------
[Epoch : 498/800]
Total_loss	: 0.0358
MMD_loss	: 1.7413
Src_reg_loss	: 0.0184
-------------------------------------
[Epoch : 499/800]
Total_loss	: 0.0358
MMD_loss	: 1.7412
Src_reg_loss	: 0.0184
-------------------------------------
[Epoch : 500/800]
Total_loss	: 0.0358
MMD_loss	: 1.7411
Src_reg_loss	: 0.0184
-------------------------------------
[Epoch : 501/800]
Total_loss	: 0.0358
MMD_loss	: 1.7410
Src_reg_loss	: 0.0184
-------------------------------------
[Epoch : 502/800]
Total_loss	: 0.0357
MMD_loss	: 1.7409
Src_reg_loss	: 0.0183
-------------------------------------
[Epoch : 503/800]
Total_loss	: 0.0357
MMD_loss	: 1.7408
Src_reg_loss	: 0.0183
-------------------------------------
[Epoch : 504/800]
Total_loss	: 0.0357
MMD_loss	: 1.7408
Src_reg_loss	: 0.0183
-------------------------------------
[Epoch : 505/800]
Total_loss	: 0.0357
MMD_loss	: 1.7407
Src_reg_loss	: 0.0183
-------------------------------------
[Epoch : 506/800]
Total_loss	: 0.0357
MMD_loss	: 1.7406
Src_reg_loss	: 0.0183
-------------------------------------
[Epoch : 507/800]
Total_loss	: 0.0357
MMD_loss	: 1.7405
Src_reg_loss	: 0.0182
-------------------------------------
[Epoch : 508/800]
Total_loss	: 0.0356
MMD_loss	: 1.7405
Src_reg_loss	: 0.0182
-------------------------------------
[Epoch : 509/800]
Total_loss	: 0.0356
MMD_loss	: 1.7404
Src_reg_loss	: 0.0182
-------------------------------------
[Epoch : 510/800]
Total_loss	: 0.0356
MMD_loss	: 1.7403
Src_reg_loss	: 0.0182
-------------------------------------
[Epoch : 511/800]
Total_loss	: 0.0356
MMD_loss	: 1.7403
Src_reg_loss	: 0.0182
-------------------------------------
[Epoch : 512/800]
Total_loss	: 0.0356
MMD_loss	: 1.7402
Src_reg_loss	: 0.0182
-------------------------------------
[Epoch : 513/800]
Total_loss	: 0.0355
MMD_loss	: 1.7402
Src_reg_loss	: 0.0181
-------------------------------------
[Epoch : 514/800]
Total_loss	: 0.0355
MMD_loss	: 1.7401
Src_reg_loss	: 0.0181
-------------------------------------
[Epoch : 515/800]
Total_loss	: 0.0355
MMD_loss	: 1.7401
Src_reg_loss	: 0.0181
-------------------------------------
[Epoch : 516/800]
Total_loss	: 0.0355
MMD_loss	: 1.7400
Src_reg_loss	: 0.0181
-------------------------------------
[Epoch : 517/800]
Total_loss	: 0.0355
MMD_loss	: 1.7400
Src_reg_loss	: 0.0181
-------------------------------------
[Epoch : 518/800]
Total_loss	: 0.0354
MMD_loss	: 1.7399
Src_reg_loss	: 0.0181
-------------------------------------
[Epoch : 519/800]
Total_loss	: 0.0354
MMD_loss	: 1.7399
Src_reg_loss	: 0.0180
-------------------------------------
[Epoch : 520/800]
Total_loss	: 0.0354
MMD_loss	: 1.7398
Src_reg_loss	: 0.0180
-------------------------------------
[Epoch : 521/800]
Total_loss	: 0.0354
MMD_loss	: 1.7398
Src_reg_loss	: 0.0180
-------------------------------------
[Epoch : 522/800]
Total_loss	: 0.0354
MMD_loss	: 1.7398
Src_reg_loss	: 0.0180
-------------------------------------
[Epoch : 523/800]
Total_loss	: 0.0354
MMD_loss	: 1.7397
Src_reg_loss	: 0.0180
-------------------------------------
[Epoch : 524/800]
Total_loss	: 0.0353
MMD_loss	: 1.7397
Src_reg_loss	: 0.0179
-------------------------------------
[Epoch : 525/800]
Total_loss	: 0.0353
MMD_loss	: 1.7397
Src_reg_loss	: 0.0179
-------------------------------------
[Epoch : 526/800]
Total_loss	: 0.0353
MMD_loss	: 1.7396
Src_reg_loss	: 0.0179
-------------------------------------
[Epoch : 527/800]
Total_loss	: 0.0353
MMD_loss	: 1.7396
Src_reg_loss	: 0.0179
-------------------------------------
[Epoch : 528/800]
Total_loss	: 0.0353
MMD_loss	: 1.7396
Src_reg_loss	: 0.0179
-------------------------------------
[Epoch : 529/800]
Total_loss	: 0.0353
MMD_loss	: 1.7396
Src_reg_loss	: 0.0179
-------------------------------------
[Epoch : 530/800]
Total_loss	: 0.0352
MMD_loss	: 1.7395
Src_reg_loss	: 0.0178
-------------------------------------
[Epoch : 531/800]
Total_loss	: 0.0352
MMD_loss	: 1.7395
Src_reg_loss	: 0.0178
-------------------------------------
[Epoch : 532/800]
Total_loss	: 0.0352
MMD_loss	: 1.7395
Src_reg_loss	: 0.0178
-------------------------------------
[Epoch : 533/800]
Total_loss	: 0.0352
MMD_loss	: 1.7395
Src_reg_loss	: 0.0178
-------------------------------------
[Epoch : 534/800]
Total_loss	: 0.0352
MMD_loss	: 1.7395
Src_reg_loss	: 0.0178
-------------------------------------
[Epoch : 535/800]
Total_loss	: 0.0352
MMD_loss	: 1.7395
Src_reg_loss	: 0.0178
-------------------------------------
[Epoch : 536/800]
Total_loss	: 0.0351
MMD_loss	: 1.7395
Src_reg_loss	: 0.0177
-------------------------------------
[Epoch : 537/800]
Total_loss	: 0.0351
MMD_loss	: 1.7395
Src_reg_loss	: 0.0177
-------------------------------------
[Epoch : 538/800]
Total_loss	: 0.0351
MMD_loss	: 1.7395
Src_reg_loss	: 0.0177
-------------------------------------
[Epoch : 539/800]
Total_loss	: 0.0351
MMD_loss	: 1.7395
Src_reg_loss	: 0.0177
-------------------------------------
[Epoch : 540/800]
Total_loss	: 0.0351
MMD_loss	: 1.7395
Src_reg_loss	: 0.0177
-------------------------------------
[Epoch : 541/800]
Total_loss	: 0.0351
MMD_loss	: 1.7395
Src_reg_loss	: 0.0177
-------------------------------------
[Epoch : 542/800]
Total_loss	: 0.0350
MMD_loss	: 1.7395
Src_reg_loss	: 0.0176
-------------------------------------
[Epoch : 543/800]
Total_loss	: 0.0350
MMD_loss	: 1.7395
Src_reg_loss	: 0.0176
-------------------------------------
[Epoch : 544/800]
Total_loss	: 0.0350
MMD_loss	: 1.7395
Src_reg_loss	: 0.0176
-------------------------------------
[Epoch : 545/800]
Total_loss	: 0.0350
MMD_loss	: 1.7395
Src_reg_loss	: 0.0176
-------------------------------------
[Epoch : 546/800]
Total_loss	: 0.0350
MMD_loss	: 1.7395
Src_reg_loss	: 0.0176
-------------------------------------
[Epoch : 547/800]
Total_loss	: 0.0350
MMD_loss	: 1.7395
Src_reg_loss	: 0.0176
-------------------------------------
[Epoch : 548/800]
Total_loss	: 0.0349
MMD_loss	: 1.7395
Src_reg_loss	: 0.0176
-------------------------------------
[Epoch : 549/800]
Total_loss	: 0.0349
MMD_loss	: 1.7396
Src_reg_loss	: 0.0175
-------------------------------------
[Epoch : 550/800]
Total_loss	: 0.0349
MMD_loss	: 1.7396
Src_reg_loss	: 0.0175
-------------------------------------
[Epoch : 551/800]
Total_loss	: 0.0349
MMD_loss	: 1.7396
Src_reg_loss	: 0.0175
-------------------------------------
[Epoch : 552/800]
Total_loss	: 0.0349
MMD_loss	: 1.7396
Src_reg_loss	: 0.0175
-------------------------------------
[Epoch : 553/800]
Total_loss	: 0.0349
MMD_loss	: 1.7397
Src_reg_loss	: 0.0175
-------------------------------------
[Epoch : 554/800]
Total_loss	: 0.0349
MMD_loss	: 1.7397
Src_reg_loss	: 0.0175
-------------------------------------
[Epoch : 555/800]
Total_loss	: 0.0348
MMD_loss	: 1.7397
Src_reg_loss	: 0.0174
-------------------------------------
[Epoch : 556/800]
Total_loss	: 0.0348
MMD_loss	: 1.7398
Src_reg_loss	: 0.0174
-------------------------------------
[Epoch : 557/800]
Total_loss	: 0.0348
MMD_loss	: 1.7398
Src_reg_loss	: 0.0174
-------------------------------------
[Epoch : 558/800]
Total_loss	: 0.0348
MMD_loss	: 1.7398
Src_reg_loss	: 0.0174
-------------------------------------
[Epoch : 559/800]
Total_loss	: 0.0348
MMD_loss	: 1.7399
Src_reg_loss	: 0.0174
-------------------------------------
[Epoch : 560/800]
Total_loss	: 0.0348
MMD_loss	: 1.7399
Src_reg_loss	: 0.0174
-------------------------------------
[Epoch : 561/800]
Total_loss	: 0.0348
MMD_loss	: 1.7399
Src_reg_loss	: 0.0174
-------------------------------------
[Epoch : 562/800]
Total_loss	: 0.0347
MMD_loss	: 1.7400
Src_reg_loss	: 0.0173
-------------------------------------
[Epoch : 563/800]
Total_loss	: 0.0347
MMD_loss	: 1.7400
Src_reg_loss	: 0.0173
-------------------------------------
[Epoch : 564/800]
Total_loss	: 0.0347
MMD_loss	: 1.7401
Src_reg_loss	: 0.0173
-------------------------------------
[Epoch : 565/800]
Total_loss	: 0.0347
MMD_loss	: 1.7401
Src_reg_loss	: 0.0173
-------------------------------------
[Epoch : 566/800]
Total_loss	: 0.0347
MMD_loss	: 1.7402
Src_reg_loss	: 0.0173
-------------------------------------
[Epoch : 567/800]
Total_loss	: 0.0347
MMD_loss	: 1.7402
Src_reg_loss	: 0.0173
-------------------------------------
[Epoch : 568/800]
Total_loss	: 0.0347
MMD_loss	: 1.7403
Src_reg_loss	: 0.0172
-------------------------------------
[Epoch : 569/800]
Total_loss	: 0.0346
MMD_loss	: 1.7403
Src_reg_loss	: 0.0172
-------------------------------------
[Epoch : 570/800]
Total_loss	: 0.0346
MMD_loss	: 1.7404
Src_reg_loss	: 0.0172
-------------------------------------
[Epoch : 571/800]
Total_loss	: 0.0346
MMD_loss	: 1.7404
Src_reg_loss	: 0.0172
-------------------------------------
[Epoch : 572/800]
Total_loss	: 0.0346
MMD_loss	: 1.7405
Src_reg_loss	: 0.0172
-------------------------------------
[Epoch : 573/800]
Total_loss	: 0.0346
MMD_loss	: 1.7406
Src_reg_loss	: 0.0172
-------------------------------------
[Epoch : 574/800]
Total_loss	: 0.0346
MMD_loss	: 1.7406
Src_reg_loss	: 0.0172
-------------------------------------
[Epoch : 575/800]
Total_loss	: 0.0346
MMD_loss	: 1.7407
Src_reg_loss	: 0.0171
-------------------------------------
[Epoch : 576/800]
Total_loss	: 0.0345
MMD_loss	: 1.7407
Src_reg_loss	: 0.0171
-------------------------------------
[Epoch : 577/800]
Total_loss	: 0.0345
MMD_loss	: 1.7408
Src_reg_loss	: 0.0171
-------------------------------------
[Epoch : 578/800]
Total_loss	: 0.0345
MMD_loss	: 1.7409
Src_reg_loss	: 0.0171
-------------------------------------
[Epoch : 579/800]
Total_loss	: 0.0345
MMD_loss	: 1.7409
Src_reg_loss	: 0.0171
-------------------------------------
[Epoch : 580/800]
Total_loss	: 0.0345
MMD_loss	: 1.7410
Src_reg_loss	: 0.0171
-------------------------------------
[Epoch : 581/800]
Total_loss	: 0.0345
MMD_loss	: 1.7411
Src_reg_loss	: 0.0171
-------------------------------------
[Epoch : 582/800]
Total_loss	: 0.0345
MMD_loss	: 1.7412
Src_reg_loss	: 0.0170
-------------------------------------
[Epoch : 583/800]
Total_loss	: 0.0344
MMD_loss	: 1.7412
Src_reg_loss	: 0.0170
-------------------------------------
[Epoch : 584/800]
Total_loss	: 0.0344
MMD_loss	: 1.7413
Src_reg_loss	: 0.0170
-------------------------------------
[Epoch : 585/800]
Total_loss	: 0.0344
MMD_loss	: 1.7414
Src_reg_loss	: 0.0170
-------------------------------------
[Epoch : 586/800]
Total_loss	: 0.0344
MMD_loss	: 1.7415
Src_reg_loss	: 0.0170
-------------------------------------
[Epoch : 587/800]
Total_loss	: 0.0344
MMD_loss	: 1.7415
Src_reg_loss	: 0.0170
-------------------------------------
[Epoch : 588/800]
Total_loss	: 0.0344
MMD_loss	: 1.7416
Src_reg_loss	: 0.0170
-------------------------------------
[Epoch : 589/800]
Total_loss	: 0.0344
MMD_loss	: 1.7417
Src_reg_loss	: 0.0169
-------------------------------------
[Epoch : 590/800]
Total_loss	: 0.0344
MMD_loss	: 1.7418
Src_reg_loss	: 0.0169
-------------------------------------
[Epoch : 591/800]
Total_loss	: 0.0343
MMD_loss	: 1.7419
Src_reg_loss	: 0.0169
-------------------------------------
[Epoch : 592/800]
Total_loss	: 0.0343
MMD_loss	: 1.7420
Src_reg_loss	: 0.0169
-------------------------------------
[Epoch : 593/800]
Total_loss	: 0.0343
MMD_loss	: 1.7421
Src_reg_loss	: 0.0169
-------------------------------------
[Epoch : 594/800]
Total_loss	: 0.0343
MMD_loss	: 1.7422
Src_reg_loss	: 0.0169
-------------------------------------
[Epoch : 595/800]
Total_loss	: 0.0343
MMD_loss	: 1.7422
Src_reg_loss	: 0.0169
-------------------------------------
[Epoch : 596/800]
Total_loss	: 0.0343
MMD_loss	: 1.7423
Src_reg_loss	: 0.0168
-------------------------------------
[Epoch : 597/800]
Total_loss	: 0.0343
MMD_loss	: 1.7424
Src_reg_loss	: 0.0168
-------------------------------------
[Epoch : 598/800]
Total_loss	: 0.0342
MMD_loss	: 1.7425
Src_reg_loss	: 0.0168
-------------------------------------
[Epoch : 599/800]
Total_loss	: 0.0342
MMD_loss	: 1.7426
Src_reg_loss	: 0.0168
-------------------------------------
[Epoch : 600/800]
Total_loss	: 0.0342
MMD_loss	: 1.7427
Src_reg_loss	: 0.0168
-------------------------------------
[Epoch : 601/800]
Total_loss	: 0.0342
MMD_loss	: 1.7428
Src_reg_loss	: 0.0168
-------------------------------------
[Epoch : 602/800]
Total_loss	: 0.0342
MMD_loss	: 1.7429
Src_reg_loss	: 0.0168
-------------------------------------
[Epoch : 603/800]
Total_loss	: 0.0342
MMD_loss	: 1.7430
Src_reg_loss	: 0.0168
-------------------------------------
[Epoch : 604/800]
Total_loss	: 0.0342
MMD_loss	: 1.7431
Src_reg_loss	: 0.0167
-------------------------------------
[Epoch : 605/800]
Total_loss	: 0.0342
MMD_loss	: 1.7432
Src_reg_loss	: 0.0167
-------------------------------------
[Epoch : 606/800]
Total_loss	: 0.0341
MMD_loss	: 1.7433
Src_reg_loss	: 0.0167
-------------------------------------
[Epoch : 607/800]
Total_loss	: 0.0341
MMD_loss	: 1.7434
Src_reg_loss	: 0.0167
-------------------------------------
[Epoch : 608/800]
Total_loss	: 0.0341
MMD_loss	: 1.7435
Src_reg_loss	: 0.0167
-------------------------------------
[Epoch : 609/800]
Total_loss	: 0.0341
MMD_loss	: 1.7436
Src_reg_loss	: 0.0167
-------------------------------------
[Epoch : 610/800]
Total_loss	: 0.0341
MMD_loss	: 1.7438
Src_reg_loss	: 0.0167
-------------------------------------
[Epoch : 611/800]
Total_loss	: 0.0341
MMD_loss	: 1.7439
Src_reg_loss	: 0.0166
-------------------------------------
[Epoch : 612/800]
Total_loss	: 0.0341
MMD_loss	: 1.7440
Src_reg_loss	: 0.0166
-------------------------------------
[Epoch : 613/800]
Total_loss	: 0.0341
MMD_loss	: 1.7441
Src_reg_loss	: 0.0166
-------------------------------------
[Epoch : 614/800]
Total_loss	: 0.0341
MMD_loss	: 1.7442
Src_reg_loss	: 0.0166
-------------------------------------
[Epoch : 615/800]
Total_loss	: 0.0340
MMD_loss	: 1.7443
Src_reg_loss	: 0.0166
-------------------------------------
[Epoch : 616/800]
Total_loss	: 0.0340
MMD_loss	: 1.7444
Src_reg_loss	: 0.0166
-------------------------------------
[Epoch : 617/800]
Total_loss	: 0.0340
MMD_loss	: 1.7445
Src_reg_loss	: 0.0166
-------------------------------------
[Epoch : 618/800]
Total_loss	: 0.0340
MMD_loss	: 1.7447
Src_reg_loss	: 0.0166
-------------------------------------
[Epoch : 619/800]
Total_loss	: 0.0340
MMD_loss	: 1.7448
Src_reg_loss	: 0.0165
-------------------------------------
[Epoch : 620/800]
Total_loss	: 0.0340
MMD_loss	: 1.7449
Src_reg_loss	: 0.0165
-------------------------------------
[Epoch : 621/800]
Total_loss	: 0.0340
MMD_loss	: 1.7450
Src_reg_loss	: 0.0165
-------------------------------------
[Epoch : 622/800]
Total_loss	: 0.0340
MMD_loss	: 1.7451
Src_reg_loss	: 0.0165
-------------------------------------
[Epoch : 623/800]
Total_loss	: 0.0339
MMD_loss	: 1.7453
Src_reg_loss	: 0.0165
-------------------------------------
[Epoch : 624/800]
Total_loss	: 0.0339
MMD_loss	: 1.7454
Src_reg_loss	: 0.0165
-------------------------------------
[Epoch : 625/800]
Total_loss	: 0.0339
MMD_loss	: 1.7455
Src_reg_loss	: 0.0165
-------------------------------------
[Epoch : 626/800]
Total_loss	: 0.0339
MMD_loss	: 1.7457
Src_reg_loss	: 0.0165
-------------------------------------
[Epoch : 627/800]
Total_loss	: 0.0339
MMD_loss	: 1.7458
Src_reg_loss	: 0.0164
-------------------------------------
[Epoch : 628/800]
Total_loss	: 0.0339
MMD_loss	: 1.7459
Src_reg_loss	: 0.0164
-------------------------------------
[Epoch : 629/800]
Total_loss	: 0.0339
MMD_loss	: 1.7460
Src_reg_loss	: 0.0164
-------------------------------------
[Epoch : 630/800]
Total_loss	: 0.0339
MMD_loss	: 1.7462
Src_reg_loss	: 0.0164
-------------------------------------
[Epoch : 631/800]
Total_loss	: 0.0339
MMD_loss	: 1.7463
Src_reg_loss	: 0.0164
-------------------------------------
[Epoch : 632/800]
Total_loss	: 0.0338
MMD_loss	: 1.7464
Src_reg_loss	: 0.0164
-------------------------------------
[Epoch : 633/800]
Total_loss	: 0.0338
MMD_loss	: 1.7466
Src_reg_loss	: 0.0164
-------------------------------------
[Epoch : 634/800]
Total_loss	: 0.0338
MMD_loss	: 1.7467
Src_reg_loss	: 0.0164
-------------------------------------
[Epoch : 635/800]
Total_loss	: 0.0338
MMD_loss	: 1.7468
Src_reg_loss	: 0.0163
-------------------------------------
[Epoch : 636/800]
Total_loss	: 0.0338
MMD_loss	: 1.7470
Src_reg_loss	: 0.0163
-------------------------------------
[Epoch : 637/800]
Total_loss	: 0.0338
MMD_loss	: 1.7471
Src_reg_loss	: 0.0163
-------------------------------------
[Epoch : 638/800]
Total_loss	: 0.0338
MMD_loss	: 1.7472
Src_reg_loss	: 0.0163
-------------------------------------
[Epoch : 639/800]
Total_loss	: 0.0338
MMD_loss	: 1.7474
Src_reg_loss	: 0.0163
-------------------------------------
[Epoch : 640/800]
Total_loss	: 0.0338
MMD_loss	: 1.7475
Src_reg_loss	: 0.0163
-------------------------------------
[Epoch : 641/800]
Total_loss	: 0.0338
MMD_loss	: 1.7477
Src_reg_loss	: 0.0163
-------------------------------------
[Epoch : 642/800]
Total_loss	: 0.0337
MMD_loss	: 1.7478
Src_reg_loss	: 0.0163
-------------------------------------
[Epoch : 643/800]
Total_loss	: 0.0337
MMD_loss	: 1.7479
Src_reg_loss	: 0.0162
-------------------------------------
[Epoch : 644/800]
Total_loss	: 0.0337
MMD_loss	: 1.7481
Src_reg_loss	: 0.0162
-------------------------------------
[Epoch : 645/800]
Total_loss	: 0.0337
MMD_loss	: 1.7482
Src_reg_loss	: 0.0162
-------------------------------------
[Epoch : 646/800]
Total_loss	: 0.0337
MMD_loss	: 1.7484
Src_reg_loss	: 0.0162
-------------------------------------
[Epoch : 647/800]
Total_loss	: 0.0337
MMD_loss	: 1.7485
Src_reg_loss	: 0.0162
-------------------------------------
[Epoch : 648/800]
Total_loss	: 0.0337
MMD_loss	: 1.7487
Src_reg_loss	: 0.0162
-------------------------------------
[Epoch : 649/800]
Total_loss	: 0.0337
MMD_loss	: 1.7488
Src_reg_loss	: 0.0162
-------------------------------------
[Epoch : 650/800]
Total_loss	: 0.0337
MMD_loss	: 1.7490
Src_reg_loss	: 0.0162
-------------------------------------
[Epoch : 651/800]
Total_loss	: 0.0336
MMD_loss	: 1.7491
Src_reg_loss	: 0.0162
-------------------------------------
[Epoch : 652/800]
Total_loss	: 0.0336
MMD_loss	: 1.7492
Src_reg_loss	: 0.0161
-------------------------------------
[Epoch : 653/800]
Total_loss	: 0.0336
MMD_loss	: 1.7494
Src_reg_loss	: 0.0161
-------------------------------------
[Epoch : 654/800]
Total_loss	: 0.0336
MMD_loss	: 1.7495
Src_reg_loss	: 0.0161
-------------------------------------
[Epoch : 655/800]
Total_loss	: 0.0336
MMD_loss	: 1.7497
Src_reg_loss	: 0.0161
-------------------------------------
[Epoch : 656/800]
Total_loss	: 0.0336
MMD_loss	: 1.7498
Src_reg_loss	: 0.0161
-------------------------------------
[Epoch : 657/800]
Total_loss	: 0.0336
MMD_loss	: 1.7500
Src_reg_loss	: 0.0161
-------------------------------------
[Epoch : 658/800]
Total_loss	: 0.0336
MMD_loss	: 1.7501
Src_reg_loss	: 0.0161
-------------------------------------
[Epoch : 659/800]
Total_loss	: 0.0336
MMD_loss	: 1.7503
Src_reg_loss	: 0.0161
-------------------------------------
[Epoch : 660/800]
Total_loss	: 0.0336
MMD_loss	: 1.7504
Src_reg_loss	: 0.0161
-------------------------------------
[Epoch : 661/800]
Total_loss	: 0.0335
MMD_loss	: 1.7506
Src_reg_loss	: 0.0160
-------------------------------------
[Epoch : 662/800]
Total_loss	: 0.0335
MMD_loss	: 1.7507
Src_reg_loss	: 0.0160
-------------------------------------
[Epoch : 663/800]
Total_loss	: 0.0335
MMD_loss	: 1.7509
Src_reg_loss	: 0.0160
-------------------------------------
[Epoch : 664/800]
Total_loss	: 0.0335
MMD_loss	: 1.7511
Src_reg_loss	: 0.0160
-------------------------------------
[Epoch : 665/800]
Total_loss	: 0.0335
MMD_loss	: 1.7512
Src_reg_loss	: 0.0160
-------------------------------------
[Epoch : 666/800]
Total_loss	: 0.0335
MMD_loss	: 1.7514
Src_reg_loss	: 0.0160
-------------------------------------
[Epoch : 667/800]
Total_loss	: 0.0335
MMD_loss	: 1.7515
Src_reg_loss	: 0.0160
-------------------------------------
[Epoch : 668/800]
Total_loss	: 0.0335
MMD_loss	: 1.7517
Src_reg_loss	: 0.0160
-------------------------------------
[Epoch : 669/800]
Total_loss	: 0.0335
MMD_loss	: 1.7518
Src_reg_loss	: 0.0159
-------------------------------------
[Epoch : 670/800]
Total_loss	: 0.0335
MMD_loss	: 1.7520
Src_reg_loss	: 0.0159
-------------------------------------
[Epoch : 671/800]
Total_loss	: 0.0334
MMD_loss	: 1.7521
Src_reg_loss	: 0.0159
-------------------------------------
[Epoch : 672/800]
Total_loss	: 0.0334
MMD_loss	: 1.7523
Src_reg_loss	: 0.0159
-------------------------------------
[Epoch : 673/800]
Total_loss	: 0.0334
MMD_loss	: 1.7525
Src_reg_loss	: 0.0159
-------------------------------------
[Epoch : 674/800]
Total_loss	: 0.0334
MMD_loss	: 1.7526
Src_reg_loss	: 0.0159
-------------------------------------
[Epoch : 675/800]
Total_loss	: 0.0334
MMD_loss	: 1.7528
Src_reg_loss	: 0.0159
-------------------------------------
[Epoch : 676/800]
Total_loss	: 0.0334
MMD_loss	: 1.7529
Src_reg_loss	: 0.0159
-------------------------------------
[Epoch : 677/800]
Total_loss	: 0.0334
MMD_loss	: 1.7531
Src_reg_loss	: 0.0159
-------------------------------------
[Epoch : 678/800]
Total_loss	: 0.0334
MMD_loss	: 1.7533
Src_reg_loss	: 0.0158
-------------------------------------
[Epoch : 679/800]
Total_loss	: 0.0334
MMD_loss	: 1.7534
Src_reg_loss	: 0.0158
-------------------------------------
[Epoch : 680/800]
Total_loss	: 0.0334
MMD_loss	: 1.7536
Src_reg_loss	: 0.0158
-------------------------------------
[Epoch : 681/800]
Total_loss	: 0.0334
MMD_loss	: 1.7537
Src_reg_loss	: 0.0158
-------------------------------------
[Epoch : 682/800]
Total_loss	: 0.0333
MMD_loss	: 1.7539
Src_reg_loss	: 0.0158
-------------------------------------
[Epoch : 683/800]
Total_loss	: 0.0333
MMD_loss	: 1.7541
Src_reg_loss	: 0.0158
-------------------------------------
[Epoch : 684/800]
Total_loss	: 0.0333
MMD_loss	: 1.7542
Src_reg_loss	: 0.0158
-------------------------------------
[Epoch : 685/800]
Total_loss	: 0.0333
MMD_loss	: 1.7544
Src_reg_loss	: 0.0158
-------------------------------------
[Epoch : 686/800]
Total_loss	: 0.0333
MMD_loss	: 1.7546
Src_reg_loss	: 0.0158
-------------------------------------
[Epoch : 687/800]
Total_loss	: 0.0333
MMD_loss	: 1.7547
Src_reg_loss	: 0.0158
-------------------------------------
[Epoch : 688/800]
Total_loss	: 0.0333
MMD_loss	: 1.7549
Src_reg_loss	: 0.0157
-------------------------------------
[Epoch : 689/800]
Total_loss	: 0.0333
MMD_loss	: 1.7550
Src_reg_loss	: 0.0157
-------------------------------------
[Epoch : 690/800]
Total_loss	: 0.0333
MMD_loss	: 1.7552
Src_reg_loss	: 0.0157
-------------------------------------
[Epoch : 691/800]
Total_loss	: 0.0333
MMD_loss	: 1.7554
Src_reg_loss	: 0.0157
-------------------------------------
[Epoch : 692/800]
Total_loss	: 0.0333
MMD_loss	: 1.7555
Src_reg_loss	: 0.0157
-------------------------------------
[Epoch : 693/800]
Total_loss	: 0.0332
MMD_loss	: 1.7557
Src_reg_loss	: 0.0157
-------------------------------------
[Epoch : 694/800]
Total_loss	: 0.0332
MMD_loss	: 1.7559
Src_reg_loss	: 0.0157
-------------------------------------
[Epoch : 695/800]
Total_loss	: 0.0332
MMD_loss	: 1.7560
Src_reg_loss	: 0.0157
-------------------------------------
[Epoch : 696/800]
Total_loss	: 0.0332
MMD_loss	: 1.7562
Src_reg_loss	: 0.0157
-------------------------------------
[Epoch : 697/800]
Total_loss	: 0.0332
MMD_loss	: 1.7564
Src_reg_loss	: 0.0156
-------------------------------------
[Epoch : 698/800]
Total_loss	: 0.0332
MMD_loss	: 1.7565
Src_reg_loss	: 0.0156
-------------------------------------
[Epoch : 699/800]
Total_loss	: 0.0332
MMD_loss	: 1.7567
Src_reg_loss	: 0.0156
-------------------------------------
[Epoch : 700/800]
Total_loss	: 0.0332
MMD_loss	: 1.7569
Src_reg_loss	: 0.0156
-------------------------------------
[Epoch : 701/800]
Total_loss	: 0.0332
MMD_loss	: 1.7570
Src_reg_loss	: 0.0156
-------------------------------------
[Epoch : 702/800]
Total_loss	: 0.0332
MMD_loss	: 1.7572
Src_reg_loss	: 0.0156
-------------------------------------
[Epoch : 703/800]
Total_loss	: 0.0332
MMD_loss	: 1.7574
Src_reg_loss	: 0.0156
-------------------------------------
[Epoch : 704/800]
Total_loss	: 0.0332
MMD_loss	: 1.7575
Src_reg_loss	: 0.0156
-------------------------------------
[Epoch : 705/800]
Total_loss	: 0.0331
MMD_loss	: 1.7577
Src_reg_loss	: 0.0156
-------------------------------------
[Epoch : 706/800]
Total_loss	: 0.0331
MMD_loss	: 1.7579
Src_reg_loss	: 0.0156
-------------------------------------
[Epoch : 707/800]
Total_loss	: 0.0331
MMD_loss	: 1.7580
Src_reg_loss	: 0.0155
-------------------------------------
[Epoch : 708/800]
Total_loss	: 0.0331
MMD_loss	: 1.7582
Src_reg_loss	: 0.0155
-------------------------------------
[Epoch : 709/800]
Total_loss	: 0.0331
MMD_loss	: 1.7584
Src_reg_loss	: 0.0155
-------------------------------------
[Epoch : 710/800]
Total_loss	: 0.0331
MMD_loss	: 1.7586
Src_reg_loss	: 0.0155
-------------------------------------
[Epoch : 711/800]
Total_loss	: 0.0331
MMD_loss	: 1.7587
Src_reg_loss	: 0.0155
-------------------------------------
[Epoch : 712/800]
Total_loss	: 0.0331
MMD_loss	: 1.7589
Src_reg_loss	: 0.0155
-------------------------------------
[Epoch : 713/800]
Total_loss	: 0.0331
MMD_loss	: 1.7591
Src_reg_loss	: 0.0155
-------------------------------------
[Epoch : 714/800]
Total_loss	: 0.0331
MMD_loss	: 1.7592
Src_reg_loss	: 0.0155
-------------------------------------
[Epoch : 715/800]
Total_loss	: 0.0331
MMD_loss	: 1.7594
Src_reg_loss	: 0.0155
-------------------------------------
[Epoch : 716/800]
Total_loss	: 0.0331
MMD_loss	: 1.7596
Src_reg_loss	: 0.0155
-------------------------------------
[Epoch : 717/800]
Total_loss	: 0.0330
MMD_loss	: 1.7597
Src_reg_loss	: 0.0154
-------------------------------------
[Epoch : 718/800]
Total_loss	: 0.0330
MMD_loss	: 1.7599
Src_reg_loss	: 0.0154
-------------------------------------
[Epoch : 719/800]
Total_loss	: 0.0330
MMD_loss	: 1.7601
Src_reg_loss	: 0.0154
-------------------------------------
[Epoch : 720/800]
Total_loss	: 0.0330
MMD_loss	: 1.7603
Src_reg_loss	: 0.0154
-------------------------------------
[Epoch : 721/800]
Total_loss	: 0.0330
MMD_loss	: 1.7604
Src_reg_loss	: 0.0154
-------------------------------------
[Epoch : 722/800]
Total_loss	: 0.0330
MMD_loss	: 1.7606
Src_reg_loss	: 0.0154
-------------------------------------
[Epoch : 723/800]
Total_loss	: 0.0330
MMD_loss	: 1.7608
Src_reg_loss	: 0.0154
-------------------------------------
[Epoch : 724/800]
Total_loss	: 0.0330
MMD_loss	: 1.7610
Src_reg_loss	: 0.0154
-------------------------------------
[Epoch : 725/800]
Total_loss	: 0.0330
MMD_loss	: 1.7611
Src_reg_loss	: 0.0154
-------------------------------------
[Epoch : 726/800]
Total_loss	: 0.0330
MMD_loss	: 1.7613
Src_reg_loss	: 0.0154
-------------------------------------
[Epoch : 727/800]
Total_loss	: 0.0330
MMD_loss	: 1.7615
Src_reg_loss	: 0.0153
-------------------------------------
[Epoch : 728/800]
Total_loss	: 0.0330
MMD_loss	: 1.7616
Src_reg_loss	: 0.0153
-------------------------------------
[Epoch : 729/800]
Total_loss	: 0.0329
MMD_loss	: 1.7618
Src_reg_loss	: 0.0153
-------------------------------------
[Epoch : 730/800]
Total_loss	: 0.0329
MMD_loss	: 1.7620
Src_reg_loss	: 0.0153
-------------------------------------
[Epoch : 731/800]
Total_loss	: 0.0329
MMD_loss	: 1.7622
Src_reg_loss	: 0.0153
-------------------------------------
[Epoch : 732/800]
Total_loss	: 0.0329
MMD_loss	: 1.7623
Src_reg_loss	: 0.0153
-------------------------------------
[Epoch : 733/800]
Total_loss	: 0.0329
MMD_loss	: 1.7625
Src_reg_loss	: 0.0153
-------------------------------------
[Epoch : 734/800]
Total_loss	: 0.0329
MMD_loss	: 1.7627
Src_reg_loss	: 0.0153
-------------------------------------
[Epoch : 735/800]
Total_loss	: 0.0329
MMD_loss	: 1.7629
Src_reg_loss	: 0.0153
-------------------------------------
[Epoch : 736/800]
Total_loss	: 0.0329
MMD_loss	: 1.7630
Src_reg_loss	: 0.0153
-------------------------------------
[Epoch : 737/800]
Total_loss	: 0.0329
MMD_loss	: 1.7632
Src_reg_loss	: 0.0153
-------------------------------------
[Epoch : 738/800]
Total_loss	: 0.0329
MMD_loss	: 1.7634
Src_reg_loss	: 0.0152
-------------------------------------
[Epoch : 739/800]
Total_loss	: 0.0329
MMD_loss	: 1.7636
Src_reg_loss	: 0.0152
-------------------------------------
[Epoch : 740/800]
Total_loss	: 0.0329
MMD_loss	: 1.7637
Src_reg_loss	: 0.0152
-------------------------------------
[Epoch : 741/800]
Total_loss	: 0.0329
MMD_loss	: 1.7639
Src_reg_loss	: 0.0152
-------------------------------------
[Epoch : 742/800]
Total_loss	: 0.0328
MMD_loss	: 1.7641
Src_reg_loss	: 0.0152
-------------------------------------
[Epoch : 743/800]
Total_loss	: 0.0328
MMD_loss	: 1.7642
Src_reg_loss	: 0.0152
-------------------------------------
[Epoch : 744/800]
Total_loss	: 0.0328
MMD_loss	: 1.7644
Src_reg_loss	: 0.0152
-------------------------------------
[Epoch : 745/800]
Total_loss	: 0.0328
MMD_loss	: 1.7646
Src_reg_loss	: 0.0152
-------------------------------------
[Epoch : 746/800]
Total_loss	: 0.0328
MMD_loss	: 1.7648
Src_reg_loss	: 0.0152
-------------------------------------
[Epoch : 747/800]
Total_loss	: 0.0328
MMD_loss	: 1.7649
Src_reg_loss	: 0.0152
-------------------------------------
[Epoch : 748/800]
Total_loss	: 0.0328
MMD_loss	: 1.7651
Src_reg_loss	: 0.0151
-------------------------------------
[Epoch : 749/800]
Total_loss	: 0.0328
MMD_loss	: 1.7653
Src_reg_loss	: 0.0151
-------------------------------------
[Epoch : 750/800]
Total_loss	: 0.0328
MMD_loss	: 1.7655
Src_reg_loss	: 0.0151
-------------------------------------
[Epoch : 751/800]
Total_loss	: 0.0328
MMD_loss	: 1.7656
Src_reg_loss	: 0.0151
-------------------------------------
[Epoch : 752/800]
Total_loss	: 0.0328
MMD_loss	: 1.7658
Src_reg_loss	: 0.0151
-------------------------------------
[Epoch : 753/800]
Total_loss	: 0.0328
MMD_loss	: 1.7660
Src_reg_loss	: 0.0151
-------------------------------------
[Epoch : 754/800]
Total_loss	: 0.0328
MMD_loss	: 1.7662
Src_reg_loss	: 0.0151
-------------------------------------
[Epoch : 755/800]
Total_loss	: 0.0327
MMD_loss	: 1.7663
Src_reg_loss	: 0.0151
-------------------------------------
[Epoch : 756/800]
Total_loss	: 0.0327
MMD_loss	: 1.7665
Src_reg_loss	: 0.0151
-------------------------------------
[Epoch : 757/800]
Total_loss	: 0.0327
MMD_loss	: 1.7667
Src_reg_loss	: 0.0151
-------------------------------------
[Epoch : 758/800]
Total_loss	: 0.0327
MMD_loss	: 1.7669
Src_reg_loss	: 0.0151
-------------------------------------
[Epoch : 759/800]
Total_loss	: 0.0327
MMD_loss	: 1.7670
Src_reg_loss	: 0.0151
-------------------------------------
[Epoch : 760/800]
Total_loss	: 0.0327
MMD_loss	: 1.7672
Src_reg_loss	: 0.0150
-------------------------------------
[Epoch : 761/800]
Total_loss	: 0.0327
MMD_loss	: 1.7674
Src_reg_loss	: 0.0150
-------------------------------------
[Epoch : 762/800]
Total_loss	: 0.0327
MMD_loss	: 1.7676
Src_reg_loss	: 0.0150
-------------------------------------
[Epoch : 763/800]
Total_loss	: 0.0327
MMD_loss	: 1.7677
Src_reg_loss	: 0.0150
-------------------------------------
[Epoch : 764/800]
Total_loss	: 0.0327
MMD_loss	: 1.7679
Src_reg_loss	: 0.0150
-------------------------------------
[Epoch : 765/800]
Total_loss	: 0.0327
MMD_loss	: 1.7681
Src_reg_loss	: 0.0150
-------------------------------------
[Epoch : 766/800]
Total_loss	: 0.0327
MMD_loss	: 1.7682
Src_reg_loss	: 0.0150
-------------------------------------
[Epoch : 767/800]
Total_loss	: 0.0327
MMD_loss	: 1.7684
Src_reg_loss	: 0.0150
-------------------------------------
[Epoch : 768/800]
Total_loss	: 0.0327
MMD_loss	: 1.7686
Src_reg_loss	: 0.0150
-------------------------------------
[Epoch : 769/800]
Total_loss	: 0.0326
MMD_loss	: 1.7688
Src_reg_loss	: 0.0150
-------------------------------------
[Epoch : 770/800]
Total_loss	: 0.0326
MMD_loss	: 1.7689
Src_reg_loss	: 0.0150
-------------------------------------
[Epoch : 771/800]
Total_loss	: 0.0326
MMD_loss	: 1.7691
Src_reg_loss	: 0.0149
-------------------------------------
[Epoch : 772/800]
Total_loss	: 0.0326
MMD_loss	: 1.7693
Src_reg_loss	: 0.0149
-------------------------------------
[Epoch : 773/800]
Total_loss	: 0.0326
MMD_loss	: 1.7695
Src_reg_loss	: 0.0149
-------------------------------------
[Epoch : 774/800]
Total_loss	: 0.0326
MMD_loss	: 1.7696
Src_reg_loss	: 0.0149
-------------------------------------
[Epoch : 775/800]
Total_loss	: 0.0326
MMD_loss	: 1.7698
Src_reg_loss	: 0.0149
-------------------------------------
[Epoch : 776/800]
Total_loss	: 0.0326
MMD_loss	: 1.7700
Src_reg_loss	: 0.0149
-------------------------------------
[Epoch : 777/800]
Total_loss	: 0.0326
MMD_loss	: 1.7701
Src_reg_loss	: 0.0149
-------------------------------------
[Epoch : 778/800]
Total_loss	: 0.0326
MMD_loss	: 1.7703
Src_reg_loss	: 0.0149
-------------------------------------
[Epoch : 779/800]
Total_loss	: 0.0326
MMD_loss	: 1.7705
Src_reg_loss	: 0.0149
-------------------------------------
[Epoch : 780/800]
Total_loss	: 0.0326
MMD_loss	: 1.7707
Src_reg_loss	: 0.0149
-------------------------------------
[Epoch : 781/800]
Total_loss	: 0.0326
MMD_loss	: 1.7708
Src_reg_loss	: 0.0149
-------------------------------------
[Epoch : 782/800]
Total_loss	: 0.0326
MMD_loss	: 1.7710
Src_reg_loss	: 0.0148
-------------------------------------
[Epoch : 783/800]
Total_loss	: 0.0326
MMD_loss	: 1.7712
Src_reg_loss	: 0.0148
-------------------------------------
[Epoch : 784/800]
Total_loss	: 0.0325
MMD_loss	: 1.7713
Src_reg_loss	: 0.0148
-------------------------------------
[Epoch : 785/800]
Total_loss	: 0.0325
MMD_loss	: 1.7715
Src_reg_loss	: 0.0148
-------------------------------------
[Epoch : 786/800]
Total_loss	: 0.0325
MMD_loss	: 1.7717
Src_reg_loss	: 0.0148
-------------------------------------
[Epoch : 787/800]
Total_loss	: 0.0325
MMD_loss	: 1.7719
Src_reg_loss	: 0.0148
-------------------------------------
[Epoch : 788/800]
Total_loss	: 0.0325
MMD_loss	: 1.7720
Src_reg_loss	: 0.0148
-------------------------------------
[Epoch : 789/800]
Total_loss	: 0.0325
MMD_loss	: 1.7722
Src_reg_loss	: 0.0148
-------------------------------------
[Epoch : 790/800]
Total_loss	: 0.0325
MMD_loss	: 1.7724
Src_reg_loss	: 0.0148
-------------------------------------
[Epoch : 791/800]
Total_loss	: 0.0325
MMD_loss	: 1.7725
Src_reg_loss	: 0.0148
-------------------------------------
[Epoch : 792/800]
Total_loss	: 0.0325
MMD_loss	: 1.7727
Src_reg_loss	: 0.0148
-------------------------------------
[Epoch : 793/800]
Total_loss	: 0.0325
MMD_loss	: 1.7729
Src_reg_loss	: 0.0148
-------------------------------------
[Epoch : 794/800]
Total_loss	: 0.0325
MMD_loss	: 1.7731
Src_reg_loss	: 0.0147
-------------------------------------
[Epoch : 795/800]
Total_loss	: 0.0325
MMD_loss	: 1.7732
Src_reg_loss	: 0.0147
-------------------------------------
[Epoch : 796/800]
Total_loss	: 0.0325
MMD_loss	: 1.7734
Src_reg_loss	: 0.0147
-------------------------------------
[Epoch : 797/800]
Total_loss	: 0.0325
MMD_loss	: 1.7736
Src_reg_loss	: 0.0147
-------------------------------------
[Epoch : 798/800]
Total_loss	: 0.0325
MMD_loss	: 1.7737
Src_reg_loss	: 0.0147
-------------------------------------
[Epoch : 799/800]
Total_loss	: 0.0324
MMD_loss	: 1.7739
Src_reg_loss	: 0.0147
-------------------------------------
[Epoch : 800/800]
Total_loss	: 0.0324
MMD_loss	: 1.7741
Src_reg_loss	: 0.0147
-------------------------------------
