=============================================
Dataset: Airbox
Method:  AirDA
=============================================
Source: 0 ---> Target: 2
=============================================
[Epoch : 1/500]
Total_loss	: 0.3275
MMD_loss	: 1.4984
Src_reg_loss	: 0.3125
-------------------------------------
[Epoch : 2/500]
Total_loss	: 0.3115
MMD_loss	: 1.4970
Src_reg_loss	: 0.2965
-------------------------------------
[Epoch : 3/500]
Total_loss	: 0.2969
MMD_loss	: 1.4961
Src_reg_loss	: 0.2820
-------------------------------------
[Epoch : 4/500]
Total_loss	: 0.2828
MMD_loss	: 1.4956
Src_reg_loss	: 0.2678
-------------------------------------
[Epoch : 5/500]
Total_loss	: 0.2686
MMD_loss	: 1.4959
Src_reg_loss	: 0.2536
-------------------------------------
[Epoch : 6/500]
Total_loss	: 0.2538
MMD_loss	: 1.4973
Src_reg_loss	: 0.2389
-------------------------------------
[Epoch : 7/500]
Total_loss	: 0.2385
MMD_loss	: 1.5011
Src_reg_loss	: 0.2235
-------------------------------------
[Epoch : 8/500]
Total_loss	: 0.2225
MMD_loss	: 1.5091
Src_reg_loss	: 0.2074
-------------------------------------
[Epoch : 9/500]
Total_loss	: 0.2067
MMD_loss	: 1.5233
Src_reg_loss	: 0.1914
-------------------------------------
[Epoch : 10/500]
Total_loss	: 0.1918
MMD_loss	: 1.5446
Src_reg_loss	: 0.1764
-------------------------------------
[Epoch : 11/500]
Total_loss	: 0.1794
MMD_loss	: 1.5703
Src_reg_loss	: 0.1637
-------------------------------------
[Epoch : 12/500]
Total_loss	: 0.1694
MMD_loss	: 1.5943
Src_reg_loss	: 0.1535
-------------------------------------
[Epoch : 13/500]
Total_loss	: 0.1607
MMD_loss	: 1.6120
Src_reg_loss	: 0.1446
-------------------------------------
[Epoch : 14/500]
Total_loss	: 0.1530
MMD_loss	: 1.6232
Src_reg_loss	: 0.1368
-------------------------------------
[Epoch : 15/500]
Total_loss	: 0.1463
MMD_loss	: 1.6301
Src_reg_loss	: 0.1300
-------------------------------------
[Epoch : 16/500]
Total_loss	: 0.1405
MMD_loss	: 1.6348
Src_reg_loss	: 0.1241
-------------------------------------
[Epoch : 17/500]
Total_loss	: 0.1353
MMD_loss	: 1.6386
Src_reg_loss	: 0.1189
-------------------------------------
[Epoch : 18/500]
Total_loss	: 0.1307
MMD_loss	: 1.6419
Src_reg_loss	: 0.1143
-------------------------------------
[Epoch : 19/500]
Total_loss	: 0.1265
MMD_loss	: 1.6445
Src_reg_loss	: 0.1101
-------------------------------------
[Epoch : 20/500]
Total_loss	: 0.1228
MMD_loss	: 1.6463
Src_reg_loss	: 0.1063
-------------------------------------
[Epoch : 21/500]
Total_loss	: 0.1194
MMD_loss	: 1.6471
Src_reg_loss	: 0.1029
-------------------------------------
[Epoch : 22/500]
Total_loss	: 0.1163
MMD_loss	: 1.6472
Src_reg_loss	: 0.0998
-------------------------------------
[Epoch : 23/500]
Total_loss	: 0.1134
MMD_loss	: 1.6468
Src_reg_loss	: 0.0970
-------------------------------------
[Epoch : 24/500]
Total_loss	: 0.1108
MMD_loss	: 1.6462
Src_reg_loss	: 0.0944
-------------------------------------
[Epoch : 25/500]
Total_loss	: 0.1084
MMD_loss	: 1.6456
Src_reg_loss	: 0.0920
-------------------------------------
[Epoch : 26/500]
Total_loss	: 0.1062
MMD_loss	: 1.6451
Src_reg_loss	: 0.0898
-------------------------------------
[Epoch : 27/500]
Total_loss	: 0.1041
MMD_loss	: 1.6448
Src_reg_loss	: 0.0877
-------------------------------------
[Epoch : 28/500]
Total_loss	: 0.1022
MMD_loss	: 1.6446
Src_reg_loss	: 0.0858
-------------------------------------
[Epoch : 29/500]
Total_loss	: 0.1004
MMD_loss	: 1.6448
Src_reg_loss	: 0.0840
-------------------------------------
[Epoch : 30/500]
Total_loss	: 0.0988
MMD_loss	: 1.6453
Src_reg_loss	: 0.0823
-------------------------------------
[Epoch : 31/500]
Total_loss	: 0.0972
MMD_loss	: 1.6461
Src_reg_loss	: 0.0808
-------------------------------------
[Epoch : 32/500]
Total_loss	: 0.0958
MMD_loss	: 1.6474
Src_reg_loss	: 0.0793
-------------------------------------
[Epoch : 33/500]
Total_loss	: 0.0944
MMD_loss	: 1.6489
Src_reg_loss	: 0.0779
-------------------------------------
[Epoch : 34/500]
Total_loss	: 0.0931
MMD_loss	: 1.6508
Src_reg_loss	: 0.0766
-------------------------------------
[Epoch : 35/500]
Total_loss	: 0.0919
MMD_loss	: 1.6530
Src_reg_loss	: 0.0754
-------------------------------------
[Epoch : 36/500]
Total_loss	: 0.0908
MMD_loss	: 1.6555
Src_reg_loss	: 0.0742
-------------------------------------
[Epoch : 37/500]
Total_loss	: 0.0897
MMD_loss	: 1.6582
Src_reg_loss	: 0.0731
-------------------------------------
[Epoch : 38/500]
Total_loss	: 0.0887
MMD_loss	: 1.6612
Src_reg_loss	: 0.0721
-------------------------------------
[Epoch : 39/500]
Total_loss	: 0.0877
MMD_loss	: 1.6643
Src_reg_loss	: 0.0711
-------------------------------------
[Epoch : 40/500]
Total_loss	: 0.0868
MMD_loss	: 1.6675
Src_reg_loss	: 0.0701
-------------------------------------
[Epoch : 41/500]
Total_loss	: 0.0859
MMD_loss	: 1.6709
Src_reg_loss	: 0.0692
-------------------------------------
[Epoch : 42/500]
Total_loss	: 0.0851
MMD_loss	: 1.6745
Src_reg_loss	: 0.0683
-------------------------------------
[Epoch : 43/500]
Total_loss	: 0.0843
MMD_loss	: 1.6781
Src_reg_loss	: 0.0675
-------------------------------------
[Epoch : 44/500]
Total_loss	: 0.0835
MMD_loss	: 1.6817
Src_reg_loss	: 0.0667
-------------------------------------
[Epoch : 45/500]
Total_loss	: 0.0828
MMD_loss	: 1.6854
Src_reg_loss	: 0.0659
-------------------------------------
[Epoch : 46/500]
Total_loss	: 0.0821
MMD_loss	: 1.6892
Src_reg_loss	: 0.0652
-------------------------------------
[Epoch : 47/500]
Total_loss	: 0.0814
MMD_loss	: 1.6930
Src_reg_loss	: 0.0645
-------------------------------------
[Epoch : 48/500]
Total_loss	: 0.0808
MMD_loss	: 1.6968
Src_reg_loss	: 0.0638
-------------------------------------
[Epoch : 49/500]
Total_loss	: 0.0802
MMD_loss	: 1.7006
Src_reg_loss	: 0.0632
-------------------------------------
[Epoch : 50/500]
Total_loss	: 0.0796
MMD_loss	: 1.7044
Src_reg_loss	: 0.0625
-------------------------------------
[Epoch : 51/500]
Total_loss	: 0.0790
MMD_loss	: 1.7082
Src_reg_loss	: 0.0619
-------------------------------------
[Epoch : 52/500]
Total_loss	: 0.0785
MMD_loss	: 1.7120
Src_reg_loss	: 0.0614
-------------------------------------
[Epoch : 53/500]
Total_loss	: 0.0779
MMD_loss	: 1.7158
Src_reg_loss	: 0.0608
-------------------------------------
[Epoch : 54/500]
Total_loss	: 0.0774
MMD_loss	: 1.7195
Src_reg_loss	: 0.0602
-------------------------------------
[Epoch : 55/500]
Total_loss	: 0.0769
MMD_loss	: 1.7233
Src_reg_loss	: 0.0597
-------------------------------------
[Epoch : 56/500]
Total_loss	: 0.0765
MMD_loss	: 1.7270
Src_reg_loss	: 0.0592
-------------------------------------
[Epoch : 57/500]
Total_loss	: 0.0760
MMD_loss	: 1.7307
Src_reg_loss	: 0.0587
-------------------------------------
[Epoch : 58/500]
Total_loss	: 0.0756
MMD_loss	: 1.7343
Src_reg_loss	: 0.0582
-------------------------------------
[Epoch : 59/500]
Total_loss	: 0.0751
MMD_loss	: 1.7379
Src_reg_loss	: 0.0578
-------------------------------------
[Epoch : 60/500]
Total_loss	: 0.0747
MMD_loss	: 1.7415
Src_reg_loss	: 0.0573
-------------------------------------
[Epoch : 61/500]
Total_loss	: 0.0743
MMD_loss	: 1.7450
Src_reg_loss	: 0.0569
-------------------------------------
[Epoch : 62/500]
Total_loss	: 0.0739
MMD_loss	: 1.7485
Src_reg_loss	: 0.0564
-------------------------------------
[Epoch : 63/500]
Total_loss	: 0.0735
MMD_loss	: 1.7519
Src_reg_loss	: 0.0560
-------------------------------------
[Epoch : 64/500]
Total_loss	: 0.0731
MMD_loss	: 1.7553
Src_reg_loss	: 0.0556
-------------------------------------
[Epoch : 65/500]
Total_loss	: 0.0728
MMD_loss	: 1.7586
Src_reg_loss	: 0.0552
-------------------------------------
[Epoch : 66/500]
Total_loss	: 0.0724
MMD_loss	: 1.7619
Src_reg_loss	: 0.0548
-------------------------------------
[Epoch : 67/500]
Total_loss	: 0.0721
MMD_loss	: 1.7651
Src_reg_loss	: 0.0544
-------------------------------------
[Epoch : 68/500]
Total_loss	: 0.0717
MMD_loss	: 1.7683
Src_reg_loss	: 0.0541
-------------------------------------
[Epoch : 69/500]
Total_loss	: 0.0714
MMD_loss	: 1.7713
Src_reg_loss	: 0.0537
-------------------------------------
[Epoch : 70/500]
Total_loss	: 0.0711
MMD_loss	: 1.7743
Src_reg_loss	: 0.0534
-------------------------------------
[Epoch : 71/500]
Total_loss	: 0.0708
MMD_loss	: 1.7772
Src_reg_loss	: 0.0530
-------------------------------------
[Epoch : 72/500]
Total_loss	: 0.0705
MMD_loss	: 1.7800
Src_reg_loss	: 0.0527
-------------------------------------
[Epoch : 73/500]
Total_loss	: 0.0702
MMD_loss	: 1.7827
Src_reg_loss	: 0.0523
-------------------------------------
[Epoch : 74/500]
Total_loss	: 0.0699
MMD_loss	: 1.7853
Src_reg_loss	: 0.0520
-------------------------------------
[Epoch : 75/500]
Total_loss	: 0.0696
MMD_loss	: 1.7878
Src_reg_loss	: 0.0517
-------------------------------------
[Epoch : 76/500]
Total_loss	: 0.0693
MMD_loss	: 1.7901
Src_reg_loss	: 0.0514
-------------------------------------
[Epoch : 77/500]
Total_loss	: 0.0690
MMD_loss	: 1.7923
Src_reg_loss	: 0.0511
-------------------------------------
[Epoch : 78/500]
Total_loss	: 0.0687
MMD_loss	: 1.7944
Src_reg_loss	: 0.0508
-------------------------------------
[Epoch : 79/500]
Total_loss	: 0.0685
MMD_loss	: 1.7963
Src_reg_loss	: 0.0505
-------------------------------------
[Epoch : 80/500]
Total_loss	: 0.0682
MMD_loss	: 1.7980
Src_reg_loss	: 0.0502
-------------------------------------
[Epoch : 81/500]
Total_loss	: 0.0680
MMD_loss	: 1.7996
Src_reg_loss	: 0.0500
-------------------------------------
[Epoch : 82/500]
Total_loss	: 0.0677
MMD_loss	: 1.8011
Src_reg_loss	: 0.0497
-------------------------------------
[Epoch : 83/500]
Total_loss	: 0.0674
MMD_loss	: 1.8023
Src_reg_loss	: 0.0494
-------------------------------------
[Epoch : 84/500]
Total_loss	: 0.0672
MMD_loss	: 1.8034
Src_reg_loss	: 0.0492
-------------------------------------
[Epoch : 85/500]
Total_loss	: 0.0669
MMD_loss	: 1.8043
Src_reg_loss	: 0.0489
-------------------------------------
[Epoch : 86/500]
Total_loss	: 0.0667
MMD_loss	: 1.8050
Src_reg_loss	: 0.0486
-------------------------------------
[Epoch : 87/500]
Total_loss	: 0.0664
MMD_loss	: 1.8056
Src_reg_loss	: 0.0484
-------------------------------------
[Epoch : 88/500]
Total_loss	: 0.0662
MMD_loss	: 1.8059
Src_reg_loss	: 0.0481
-------------------------------------
[Epoch : 89/500]
Total_loss	: 0.0660
MMD_loss	: 1.8061
Src_reg_loss	: 0.0479
-------------------------------------
[Epoch : 90/500]
Total_loss	: 0.0657
MMD_loss	: 1.8061
Src_reg_loss	: 0.0477
-------------------------------------
[Epoch : 91/500]
Total_loss	: 0.0655
MMD_loss	: 1.8060
Src_reg_loss	: 0.0474
-------------------------------------
[Epoch : 92/500]
Total_loss	: 0.0653
MMD_loss	: 1.8056
Src_reg_loss	: 0.0472
-------------------------------------
[Epoch : 93/500]
Total_loss	: 0.0650
MMD_loss	: 1.8051
Src_reg_loss	: 0.0470
-------------------------------------
[Epoch : 94/500]
Total_loss	: 0.0648
MMD_loss	: 1.8044
Src_reg_loss	: 0.0468
-------------------------------------
[Epoch : 95/500]
Total_loss	: 0.0646
MMD_loss	: 1.8035
Src_reg_loss	: 0.0465
-------------------------------------
[Epoch : 96/500]
Total_loss	: 0.0643
MMD_loss	: 1.8024
Src_reg_loss	: 0.0463
-------------------------------------
[Epoch : 97/500]
Total_loss	: 0.0641
MMD_loss	: 1.8012
Src_reg_loss	: 0.0461
-------------------------------------
[Epoch : 98/500]
Total_loss	: 0.0639
MMD_loss	: 1.7998
Src_reg_loss	: 0.0459
-------------------------------------
[Epoch : 99/500]
Total_loss	: 0.0637
MMD_loss	: 1.7983
Src_reg_loss	: 0.0457
-------------------------------------
[Epoch : 100/500]
Total_loss	: 0.0634
MMD_loss	: 1.7965
Src_reg_loss	: 0.0455
-------------------------------------
[Epoch : 101/500]
Total_loss	: 0.0632
MMD_loss	: 1.7946
Src_reg_loss	: 0.0453
-------------------------------------
[Epoch : 102/500]
Total_loss	: 0.0630
MMD_loss	: 1.7926
Src_reg_loss	: 0.0451
-------------------------------------
[Epoch : 103/500]
Total_loss	: 0.0628
MMD_loss	: 1.7904
Src_reg_loss	: 0.0449
-------------------------------------
[Epoch : 104/500]
Total_loss	: 0.0626
MMD_loss	: 1.7880
Src_reg_loss	: 0.0447
-------------------------------------
[Epoch : 105/500]
Total_loss	: 0.0623
MMD_loss	: 1.7855
Src_reg_loss	: 0.0445
-------------------------------------
[Epoch : 106/500]
Total_loss	: 0.0621
MMD_loss	: 1.7828
Src_reg_loss	: 0.0443
-------------------------------------
[Epoch : 107/500]
Total_loss	: 0.0619
MMD_loss	: 1.7801
Src_reg_loss	: 0.0441
-------------------------------------
[Epoch : 108/500]
Total_loss	: 0.0617
MMD_loss	: 1.7771
Src_reg_loss	: 0.0439
-------------------------------------
[Epoch : 109/500]
Total_loss	: 0.0615
MMD_loss	: 1.7741
Src_reg_loss	: 0.0437
-------------------------------------
[Epoch : 110/500]
Total_loss	: 0.0613
MMD_loss	: 1.7709
Src_reg_loss	: 0.0436
-------------------------------------
[Epoch : 111/500]
Total_loss	: 0.0611
MMD_loss	: 1.7676
Src_reg_loss	: 0.0434
-------------------------------------
[Epoch : 112/500]
Total_loss	: 0.0608
MMD_loss	: 1.7642
Src_reg_loss	: 0.0432
-------------------------------------
[Epoch : 113/500]
Total_loss	: 0.0606
MMD_loss	: 1.7607
Src_reg_loss	: 0.0430
-------------------------------------
[Epoch : 114/500]
Total_loss	: 0.0604
MMD_loss	: 1.7571
Src_reg_loss	: 0.0428
-------------------------------------
[Epoch : 115/500]
Total_loss	: 0.0602
MMD_loss	: 1.7535
Src_reg_loss	: 0.0427
-------------------------------------
[Epoch : 116/500]
Total_loss	: 0.0600
MMD_loss	: 1.7497
Src_reg_loss	: 0.0425
-------------------------------------
[Epoch : 117/500]
Total_loss	: 0.0598
MMD_loss	: 1.7459
Src_reg_loss	: 0.0423
-------------------------------------
[Epoch : 118/500]
Total_loss	: 0.0596
MMD_loss	: 1.7420
Src_reg_loss	: 0.0422
-------------------------------------
[Epoch : 119/500]
Total_loss	: 0.0594
MMD_loss	: 1.7381
Src_reg_loss	: 0.0420
-------------------------------------
[Epoch : 120/500]
Total_loss	: 0.0592
MMD_loss	: 1.7341
Src_reg_loss	: 0.0418
-------------------------------------
[Epoch : 121/500]
Total_loss	: 0.0590
MMD_loss	: 1.7300
Src_reg_loss	: 0.0417
-------------------------------------
[Epoch : 122/500]
Total_loss	: 0.0588
MMD_loss	: 1.7260
Src_reg_loss	: 0.0415
-------------------------------------
[Epoch : 123/500]
Total_loss	: 0.0586
MMD_loss	: 1.7218
Src_reg_loss	: 0.0414
-------------------------------------
[Epoch : 124/500]
Total_loss	: 0.0584
MMD_loss	: 1.7177
Src_reg_loss	: 0.0412
-------------------------------------
[Epoch : 125/500]
Total_loss	: 0.0582
MMD_loss	: 1.7135
Src_reg_loss	: 0.0410
-------------------------------------
[Epoch : 126/500]
Total_loss	: 0.0580
MMD_loss	: 1.7093
Src_reg_loss	: 0.0409
-------------------------------------
[Epoch : 127/500]
Total_loss	: 0.0578
MMD_loss	: 1.7051
Src_reg_loss	: 0.0407
-------------------------------------
[Epoch : 128/500]
Total_loss	: 0.0576
MMD_loss	: 1.7009
Src_reg_loss	: 0.0406
-------------------------------------
[Epoch : 129/500]
Total_loss	: 0.0574
MMD_loss	: 1.6967
Src_reg_loss	: 0.0404
-------------------------------------
[Epoch : 130/500]
Total_loss	: 0.0572
MMD_loss	: 1.6924
Src_reg_loss	: 0.0403
-------------------------------------
[Epoch : 131/500]
Total_loss	: 0.0570
MMD_loss	: 1.6882
Src_reg_loss	: 0.0401
-------------------------------------
[Epoch : 132/500]
Total_loss	: 0.0568
MMD_loss	: 1.6840
Src_reg_loss	: 0.0400
-------------------------------------
[Epoch : 133/500]
Total_loss	: 0.0566
MMD_loss	: 1.6798
Src_reg_loss	: 0.0398
-------------------------------------
[Epoch : 134/500]
Total_loss	: 0.0565
MMD_loss	: 1.6756
Src_reg_loss	: 0.0397
-------------------------------------
[Epoch : 135/500]
Total_loss	: 0.0563
MMD_loss	: 1.6714
Src_reg_loss	: 0.0396
-------------------------------------
[Epoch : 136/500]
Total_loss	: 0.0561
MMD_loss	: 1.6672
Src_reg_loss	: 0.0394
-------------------------------------
[Epoch : 137/500]
Total_loss	: 0.0559
MMD_loss	: 1.6631
Src_reg_loss	: 0.0393
-------------------------------------
[Epoch : 138/500]
Total_loss	: 0.0557
MMD_loss	: 1.6590
Src_reg_loss	: 0.0391
-------------------------------------
[Epoch : 139/500]
Total_loss	: 0.0556
MMD_loss	: 1.6549
Src_reg_loss	: 0.0390
-------------------------------------
[Epoch : 140/500]
Total_loss	: 0.0554
MMD_loss	: 1.6508
Src_reg_loss	: 0.0389
-------------------------------------
[Epoch : 141/500]
Total_loss	: 0.0552
MMD_loss	: 1.6468
Src_reg_loss	: 0.0387
-------------------------------------
[Epoch : 142/500]
Total_loss	: 0.0550
MMD_loss	: 1.6428
Src_reg_loss	: 0.0386
-------------------------------------
[Epoch : 143/500]
Total_loss	: 0.0549
MMD_loss	: 1.6388
Src_reg_loss	: 0.0385
-------------------------------------
[Epoch : 144/500]
Total_loss	: 0.0547
MMD_loss	: 1.6349
Src_reg_loss	: 0.0383
-------------------------------------
[Epoch : 145/500]
Total_loss	: 0.0545
MMD_loss	: 1.6310
Src_reg_loss	: 0.0382
-------------------------------------
[Epoch : 146/500]
Total_loss	: 0.0544
MMD_loss	: 1.6271
Src_reg_loss	: 0.0381
-------------------------------------
[Epoch : 147/500]
Total_loss	: 0.0542
MMD_loss	: 1.6233
Src_reg_loss	: 0.0380
-------------------------------------
[Epoch : 148/500]
Total_loss	: 0.0540
MMD_loss	: 1.6195
Src_reg_loss	: 0.0378
-------------------------------------
[Epoch : 149/500]
Total_loss	: 0.0539
MMD_loss	: 1.6157
Src_reg_loss	: 0.0377
-------------------------------------
[Epoch : 150/500]
Total_loss	: 0.0537
MMD_loss	: 1.6120
Src_reg_loss	: 0.0376
-------------------------------------
[Epoch : 151/500]
Total_loss	: 0.0536
MMD_loss	: 1.6084
Src_reg_loss	: 0.0375
-------------------------------------
[Epoch : 152/500]
Total_loss	: 0.0534
MMD_loss	: 1.6048
Src_reg_loss	: 0.0374
-------------------------------------
[Epoch : 153/500]
Total_loss	: 0.0532
MMD_loss	: 1.6012
Src_reg_loss	: 0.0372
-------------------------------------
[Epoch : 154/500]
Total_loss	: 0.0531
MMD_loss	: 1.5977
Src_reg_loss	: 0.0371
-------------------------------------
[Epoch : 155/500]
Total_loss	: 0.0529
MMD_loss	: 1.5942
Src_reg_loss	: 0.0370
-------------------------------------
[Epoch : 156/500]
Total_loss	: 0.0528
MMD_loss	: 1.5907
Src_reg_loss	: 0.0369
-------------------------------------
[Epoch : 157/500]
Total_loss	: 0.0526
MMD_loss	: 1.5873
Src_reg_loss	: 0.0368
-------------------------------------
[Epoch : 158/500]
Total_loss	: 0.0525
MMD_loss	: 1.5840
Src_reg_loss	: 0.0367
-------------------------------------
[Epoch : 159/500]
Total_loss	: 0.0524
MMD_loss	: 1.5807
Src_reg_loss	: 0.0365
-------------------------------------
[Epoch : 160/500]
Total_loss	: 0.0522
MMD_loss	: 1.5774
Src_reg_loss	: 0.0364
-------------------------------------
[Epoch : 161/500]
Total_loss	: 0.0521
MMD_loss	: 1.5742
Src_reg_loss	: 0.0363
-------------------------------------
[Epoch : 162/500]
Total_loss	: 0.0519
MMD_loss	: 1.5711
Src_reg_loss	: 0.0362
-------------------------------------
[Epoch : 163/500]
Total_loss	: 0.0518
MMD_loss	: 1.5679
Src_reg_loss	: 0.0361
-------------------------------------
[Epoch : 164/500]
Total_loss	: 0.0516
MMD_loss	: 1.5649
Src_reg_loss	: 0.0360
-------------------------------------
[Epoch : 165/500]
Total_loss	: 0.0515
MMD_loss	: 1.5618
Src_reg_loss	: 0.0359
-------------------------------------
[Epoch : 166/500]
Total_loss	: 0.0514
MMD_loss	: 1.5589
Src_reg_loss	: 0.0358
-------------------------------------
[Epoch : 167/500]
Total_loss	: 0.0512
MMD_loss	: 1.5559
Src_reg_loss	: 0.0357
-------------------------------------
[Epoch : 168/500]
Total_loss	: 0.0511
MMD_loss	: 1.5530
Src_reg_loss	: 0.0356
-------------------------------------
[Epoch : 169/500]
Total_loss	: 0.0510
MMD_loss	: 1.5502
Src_reg_loss	: 0.0355
-------------------------------------
[Epoch : 170/500]
Total_loss	: 0.0508
MMD_loss	: 1.5474
Src_reg_loss	: 0.0354
-------------------------------------
[Epoch : 171/500]
Total_loss	: 0.0507
MMD_loss	: 1.5447
Src_reg_loss	: 0.0353
-------------------------------------
[Epoch : 172/500]
Total_loss	: 0.0506
MMD_loss	: 1.5420
Src_reg_loss	: 0.0352
-------------------------------------
[Epoch : 173/500]
Total_loss	: 0.0505
MMD_loss	: 1.5393
Src_reg_loss	: 0.0351
-------------------------------------
[Epoch : 174/500]
Total_loss	: 0.0503
MMD_loss	: 1.5367
Src_reg_loss	: 0.0350
-------------------------------------
[Epoch : 175/500]
Total_loss	: 0.0502
MMD_loss	: 1.5341
Src_reg_loss	: 0.0349
-------------------------------------
[Epoch : 176/500]
Total_loss	: 0.0501
MMD_loss	: 1.5316
Src_reg_loss	: 0.0348
-------------------------------------
[Epoch : 177/500]
Total_loss	: 0.0500
MMD_loss	: 1.5291
Src_reg_loss	: 0.0347
-------------------------------------
[Epoch : 178/500]
Total_loss	: 0.0499
MMD_loss	: 1.5267
Src_reg_loss	: 0.0346
-------------------------------------
[Epoch : 179/500]
Total_loss	: 0.0497
MMD_loss	: 1.5243
Src_reg_loss	: 0.0345
-------------------------------------
[Epoch : 180/500]
Total_loss	: 0.0496
MMD_loss	: 1.5219
Src_reg_loss	: 0.0344
-------------------------------------
[Epoch : 181/500]
Total_loss	: 0.0495
MMD_loss	: 1.5196
Src_reg_loss	: 0.0343
-------------------------------------
[Epoch : 182/500]
Total_loss	: 0.0494
MMD_loss	: 1.5173
Src_reg_loss	: 0.0342
-------------------------------------
[Epoch : 183/500]
Total_loss	: 0.0493
MMD_loss	: 1.5151
Src_reg_loss	: 0.0341
-------------------------------------
[Epoch : 184/500]
Total_loss	: 0.0492
MMD_loss	: 1.5129
Src_reg_loss	: 0.0340
-------------------------------------
[Epoch : 185/500]
Total_loss	: 0.0490
MMD_loss	: 1.5108
Src_reg_loss	: 0.0339
-------------------------------------
[Epoch : 186/500]
Total_loss	: 0.0489
MMD_loss	: 1.5087
Src_reg_loss	: 0.0338
-------------------------------------
[Epoch : 187/500]
Total_loss	: 0.0488
MMD_loss	: 1.5066
Src_reg_loss	: 0.0338
-------------------------------------
[Epoch : 188/500]
Total_loss	: 0.0487
MMD_loss	: 1.5046
Src_reg_loss	: 0.0337
-------------------------------------
[Epoch : 189/500]
Total_loss	: 0.0486
MMD_loss	: 1.5026
Src_reg_loss	: 0.0336
-------------------------------------
[Epoch : 190/500]
Total_loss	: 0.0485
MMD_loss	: 1.5007
Src_reg_loss	: 0.0335
-------------------------------------
[Epoch : 191/500]
Total_loss	: 0.0484
MMD_loss	: 1.4988
Src_reg_loss	: 0.0334
-------------------------------------
[Epoch : 192/500]
Total_loss	: 0.0483
MMD_loss	: 1.4969
Src_reg_loss	: 0.0333
-------------------------------------
[Epoch : 193/500]
Total_loss	: 0.0482
MMD_loss	: 1.4951
Src_reg_loss	: 0.0332
-------------------------------------
[Epoch : 194/500]
Total_loss	: 0.0481
MMD_loss	: 1.4933
Src_reg_loss	: 0.0331
-------------------------------------
[Epoch : 195/500]
Total_loss	: 0.0480
MMD_loss	: 1.4916
Src_reg_loss	: 0.0331
-------------------------------------
[Epoch : 196/500]
Total_loss	: 0.0479
MMD_loss	: 1.4899
Src_reg_loss	: 0.0330
-------------------------------------
[Epoch : 197/500]
Total_loss	: 0.0478
MMD_loss	: 1.4882
Src_reg_loss	: 0.0329
-------------------------------------
[Epoch : 198/500]
Total_loss	: 0.0477
MMD_loss	: 1.4866
Src_reg_loss	: 0.0328
-------------------------------------
[Epoch : 199/500]
Total_loss	: 0.0476
MMD_loss	: 1.4850
Src_reg_loss	: 0.0327
-------------------------------------
[Epoch : 200/500]
Total_loss	: 0.0475
MMD_loss	: 1.4835
Src_reg_loss	: 0.0327
-------------------------------------
[Epoch : 201/500]
Total_loss	: 0.0474
MMD_loss	: 1.4819
Src_reg_loss	: 0.0326
-------------------------------------
[Epoch : 202/500]
Total_loss	: 0.0473
MMD_loss	: 1.4805
Src_reg_loss	: 0.0325
-------------------------------------
[Epoch : 203/500]
Total_loss	: 0.0472
MMD_loss	: 1.4790
Src_reg_loss	: 0.0324
-------------------------------------
[Epoch : 204/500]
Total_loss	: 0.0471
MMD_loss	: 1.4776
Src_reg_loss	: 0.0323
-------------------------------------
[Epoch : 205/500]
Total_loss	: 0.0470
MMD_loss	: 1.4762
Src_reg_loss	: 0.0323
-------------------------------------
[Epoch : 206/500]
Total_loss	: 0.0469
MMD_loss	: 1.4749
Src_reg_loss	: 0.0322
-------------------------------------
[Epoch : 207/500]
Total_loss	: 0.0468
MMD_loss	: 1.4736
Src_reg_loss	: 0.0321
-------------------------------------
[Epoch : 208/500]
Total_loss	: 0.0467
MMD_loss	: 1.4723
Src_reg_loss	: 0.0320
-------------------------------------
[Epoch : 209/500]
Total_loss	: 0.0467
MMD_loss	: 1.4711
Src_reg_loss	: 0.0319
-------------------------------------
[Epoch : 210/500]
Total_loss	: 0.0466
MMD_loss	: 1.4698
Src_reg_loss	: 0.0319
-------------------------------------
[Epoch : 211/500]
Total_loss	: 0.0465
MMD_loss	: 1.4687
Src_reg_loss	: 0.0318
-------------------------------------
[Epoch : 212/500]
Total_loss	: 0.0464
MMD_loss	: 1.4675
Src_reg_loss	: 0.0317
-------------------------------------
[Epoch : 213/500]
Total_loss	: 0.0463
MMD_loss	: 1.4664
Src_reg_loss	: 0.0316
-------------------------------------
[Epoch : 214/500]
Total_loss	: 0.0462
MMD_loss	: 1.4653
Src_reg_loss	: 0.0316
-------------------------------------
[Epoch : 215/500]
Total_loss	: 0.0461
MMD_loss	: 1.4643
Src_reg_loss	: 0.0315
-------------------------------------
[Epoch : 216/500]
Total_loss	: 0.0460
MMD_loss	: 1.4633
Src_reg_loss	: 0.0314
-------------------------------------
[Epoch : 217/500]
Total_loss	: 0.0460
MMD_loss	: 1.4623
Src_reg_loss	: 0.0313
-------------------------------------
[Epoch : 218/500]
Total_loss	: 0.0459
MMD_loss	: 1.4613
Src_reg_loss	: 0.0313
-------------------------------------
[Epoch : 219/500]
Total_loss	: 0.0458
MMD_loss	: 1.4604
Src_reg_loss	: 0.0312
-------------------------------------
[Epoch : 220/500]
Total_loss	: 0.0457
MMD_loss	: 1.4595
Src_reg_loss	: 0.0311
-------------------------------------
[Epoch : 221/500]
Total_loss	: 0.0456
MMD_loss	: 1.4586
Src_reg_loss	: 0.0311
-------------------------------------
[Epoch : 222/500]
Total_loss	: 0.0456
MMD_loss	: 1.4577
Src_reg_loss	: 0.0310
-------------------------------------
[Epoch : 223/500]
Total_loss	: 0.0455
MMD_loss	: 1.4569
Src_reg_loss	: 0.0309
-------------------------------------
[Epoch : 224/500]
Total_loss	: 0.0454
MMD_loss	: 1.4561
Src_reg_loss	: 0.0308
-------------------------------------
[Epoch : 225/500]
Total_loss	: 0.0453
MMD_loss	: 1.4553
Src_reg_loss	: 0.0308
-------------------------------------
[Epoch : 226/500]
Total_loss	: 0.0452
MMD_loss	: 1.4546
Src_reg_loss	: 0.0307
-------------------------------------
[Epoch : 227/500]
Total_loss	: 0.0452
MMD_loss	: 1.4539
Src_reg_loss	: 0.0306
-------------------------------------
[Epoch : 228/500]
Total_loss	: 0.0451
MMD_loss	: 1.4532
Src_reg_loss	: 0.0306
-------------------------------------
[Epoch : 229/500]
Total_loss	: 0.0450
MMD_loss	: 1.4525
Src_reg_loss	: 0.0305
-------------------------------------
[Epoch : 230/500]
Total_loss	: 0.0449
MMD_loss	: 1.4519
Src_reg_loss	: 0.0304
-------------------------------------
[Epoch : 231/500]
Total_loss	: 0.0449
MMD_loss	: 1.4512
Src_reg_loss	: 0.0304
-------------------------------------
[Epoch : 232/500]
Total_loss	: 0.0448
MMD_loss	: 1.4506
Src_reg_loss	: 0.0303
-------------------------------------
[Epoch : 233/500]
Total_loss	: 0.0447
MMD_loss	: 1.4501
Src_reg_loss	: 0.0302
-------------------------------------
[Epoch : 234/500]
Total_loss	: 0.0447
MMD_loss	: 1.4495
Src_reg_loss	: 0.0302
-------------------------------------
[Epoch : 235/500]
Total_loss	: 0.0446
MMD_loss	: 1.4490
Src_reg_loss	: 0.0301
-------------------------------------
[Epoch : 236/500]
Total_loss	: 0.0445
MMD_loss	: 1.4485
Src_reg_loss	: 0.0300
-------------------------------------
[Epoch : 237/500]
Total_loss	: 0.0444
MMD_loss	: 1.4480
Src_reg_loss	: 0.0300
-------------------------------------
[Epoch : 238/500]
Total_loss	: 0.0444
MMD_loss	: 1.4475
Src_reg_loss	: 0.0299
-------------------------------------
[Epoch : 239/500]
Total_loss	: 0.0443
MMD_loss	: 1.4471
Src_reg_loss	: 0.0298
-------------------------------------
[Epoch : 240/500]
Total_loss	: 0.0442
MMD_loss	: 1.4466
Src_reg_loss	: 0.0298
-------------------------------------
[Epoch : 241/500]
Total_loss	: 0.0442
MMD_loss	: 1.4462
Src_reg_loss	: 0.0297
-------------------------------------
[Epoch : 242/500]
Total_loss	: 0.0441
MMD_loss	: 1.4458
Src_reg_loss	: 0.0296
-------------------------------------
[Epoch : 243/500]
Total_loss	: 0.0440
MMD_loss	: 1.4454
Src_reg_loss	: 0.0296
-------------------------------------
[Epoch : 244/500]
Total_loss	: 0.0440
MMD_loss	: 1.4451
Src_reg_loss	: 0.0295
-------------------------------------
[Epoch : 245/500]
Total_loss	: 0.0439
MMD_loss	: 1.4448
Src_reg_loss	: 0.0295
-------------------------------------
[Epoch : 246/500]
Total_loss	: 0.0438
MMD_loss	: 1.4444
Src_reg_loss	: 0.0294
-------------------------------------
[Epoch : 247/500]
Total_loss	: 0.0438
MMD_loss	: 1.4441
Src_reg_loss	: 0.0293
-------------------------------------
[Epoch : 248/500]
Total_loss	: 0.0437
MMD_loss	: 1.4438
Src_reg_loss	: 0.0293
-------------------------------------
[Epoch : 249/500]
Total_loss	: 0.0436
MMD_loss	: 1.4436
Src_reg_loss	: 0.0292
-------------------------------------
[Epoch : 250/500]
Total_loss	: 0.0436
MMD_loss	: 1.4433
Src_reg_loss	: 0.0291
-------------------------------------
[Epoch : 251/500]
Total_loss	: 0.0435
MMD_loss	: 1.4431
Src_reg_loss	: 0.0291
-------------------------------------
[Epoch : 252/500]
Total_loss	: 0.0435
MMD_loss	: 1.4429
Src_reg_loss	: 0.0290
-------------------------------------
[Epoch : 253/500]
Total_loss	: 0.0434
MMD_loss	: 1.4426
Src_reg_loss	: 0.0290
-------------------------------------
[Epoch : 254/500]
Total_loss	: 0.0433
MMD_loss	: 1.4425
Src_reg_loss	: 0.0289
-------------------------------------
[Epoch : 255/500]
Total_loss	: 0.0433
MMD_loss	: 1.4423
Src_reg_loss	: 0.0288
-------------------------------------
[Epoch : 256/500]
Total_loss	: 0.0432
MMD_loss	: 1.4421
Src_reg_loss	: 0.0288
-------------------------------------
[Epoch : 257/500]
Total_loss	: 0.0432
MMD_loss	: 1.4419
Src_reg_loss	: 0.0287
-------------------------------------
[Epoch : 258/500]
Total_loss	: 0.0431
MMD_loss	: 1.4418
Src_reg_loss	: 0.0287
-------------------------------------
[Epoch : 259/500]
Total_loss	: 0.0430
MMD_loss	: 1.4417
Src_reg_loss	: 0.0286
-------------------------------------
[Epoch : 260/500]
Total_loss	: 0.0430
MMD_loss	: 1.4416
Src_reg_loss	: 0.0286
-------------------------------------
[Epoch : 261/500]
Total_loss	: 0.0429
MMD_loss	: 1.4415
Src_reg_loss	: 0.0285
-------------------------------------
[Epoch : 262/500]
Total_loss	: 0.0429
MMD_loss	: 1.4414
Src_reg_loss	: 0.0284
-------------------------------------
[Epoch : 263/500]
Total_loss	: 0.0428
MMD_loss	: 1.4413
Src_reg_loss	: 0.0284
-------------------------------------
[Epoch : 264/500]
Total_loss	: 0.0427
MMD_loss	: 1.4412
Src_reg_loss	: 0.0283
-------------------------------------
[Epoch : 265/500]
Total_loss	: 0.0427
MMD_loss	: 1.4411
Src_reg_loss	: 0.0283
-------------------------------------
[Epoch : 266/500]
Total_loss	: 0.0426
MMD_loss	: 1.4411
Src_reg_loss	: 0.0282
-------------------------------------
[Epoch : 267/500]
Total_loss	: 0.0426
MMD_loss	: 1.4410
Src_reg_loss	: 0.0282
-------------------------------------
[Epoch : 268/500]
Total_loss	: 0.0425
MMD_loss	: 1.4410
Src_reg_loss	: 0.0281
-------------------------------------
[Epoch : 269/500]
Total_loss	: 0.0425
MMD_loss	: 1.4410
Src_reg_loss	: 0.0281
-------------------------------------
[Epoch : 270/500]
Total_loss	: 0.0424
MMD_loss	: 1.4410
Src_reg_loss	: 0.0280
-------------------------------------
[Epoch : 271/500]
Total_loss	: 0.0424
MMD_loss	: 1.4410
Src_reg_loss	: 0.0279
-------------------------------------
[Epoch : 272/500]
Total_loss	: 0.0423
MMD_loss	: 1.4410
Src_reg_loss	: 0.0279
-------------------------------------
[Epoch : 273/500]
Total_loss	: 0.0422
MMD_loss	: 1.4410
Src_reg_loss	: 0.0278
-------------------------------------
[Epoch : 274/500]
Total_loss	: 0.0422
MMD_loss	: 1.4410
Src_reg_loss	: 0.0278
-------------------------------------
[Epoch : 275/500]
Total_loss	: 0.0421
MMD_loss	: 1.4410
Src_reg_loss	: 0.0277
-------------------------------------
[Epoch : 276/500]
Total_loss	: 0.0421
MMD_loss	: 1.4411
Src_reg_loss	: 0.0277
-------------------------------------
[Epoch : 277/500]
Total_loss	: 0.0420
MMD_loss	: 1.4411
Src_reg_loss	: 0.0276
-------------------------------------
[Epoch : 278/500]
Total_loss	: 0.0420
MMD_loss	: 1.4412
Src_reg_loss	: 0.0276
-------------------------------------
[Epoch : 279/500]
Total_loss	: 0.0419
MMD_loss	: 1.4412
Src_reg_loss	: 0.0275
-------------------------------------
[Epoch : 280/500]
Total_loss	: 0.0419
MMD_loss	: 1.4413
Src_reg_loss	: 0.0275
-------------------------------------
[Epoch : 281/500]
Total_loss	: 0.0418
MMD_loss	: 1.4414
Src_reg_loss	: 0.0274
-------------------------------------
[Epoch : 282/500]
Total_loss	: 0.0418
MMD_loss	: 1.4414
Src_reg_loss	: 0.0274
-------------------------------------
[Epoch : 283/500]
Total_loss	: 0.0417
MMD_loss	: 1.4415
Src_reg_loss	: 0.0273
-------------------------------------
[Epoch : 284/500]
Total_loss	: 0.0417
MMD_loss	: 1.4416
Src_reg_loss	: 0.0273
-------------------------------------
[Epoch : 285/500]
Total_loss	: 0.0416
MMD_loss	: 1.4417
Src_reg_loss	: 0.0272
-------------------------------------
[Epoch : 286/500]
Total_loss	: 0.0416
MMD_loss	: 1.4418
Src_reg_loss	: 0.0272
-------------------------------------
[Epoch : 287/500]
Total_loss	: 0.0415
MMD_loss	: 1.4419
Src_reg_loss	: 0.0271
-------------------------------------
[Epoch : 288/500]
Total_loss	: 0.0415
MMD_loss	: 1.4420
Src_reg_loss	: 0.0271
-------------------------------------
[Epoch : 289/500]
Total_loss	: 0.0414
MMD_loss	: 1.4421
Src_reg_loss	: 0.0270
-------------------------------------
[Epoch : 290/500]
Total_loss	: 0.0414
MMD_loss	: 1.4423
Src_reg_loss	: 0.0270
-------------------------------------
[Epoch : 291/500]
Total_loss	: 0.0413
MMD_loss	: 1.4424
Src_reg_loss	: 0.0269
-------------------------------------
[Epoch : 292/500]
Total_loss	: 0.0413
MMD_loss	: 1.4425
Src_reg_loss	: 0.0269
-------------------------------------
[Epoch : 293/500]
Total_loss	: 0.0413
MMD_loss	: 1.4427
Src_reg_loss	: 0.0268
-------------------------------------
[Epoch : 294/500]
Total_loss	: 0.0412
MMD_loss	: 1.4428
Src_reg_loss	: 0.0268
-------------------------------------
[Epoch : 295/500]
Total_loss	: 0.0412
MMD_loss	: 1.4429
Src_reg_loss	: 0.0267
-------------------------------------
[Epoch : 296/500]
Total_loss	: 0.0411
MMD_loss	: 1.4431
Src_reg_loss	: 0.0267
-------------------------------------
[Epoch : 297/500]
Total_loss	: 0.0411
MMD_loss	: 1.4432
Src_reg_loss	: 0.0266
-------------------------------------
[Epoch : 298/500]
Total_loss	: 0.0410
MMD_loss	: 1.4434
Src_reg_loss	: 0.0266
-------------------------------------
[Epoch : 299/500]
Total_loss	: 0.0410
MMD_loss	: 1.4436
Src_reg_loss	: 0.0265
-------------------------------------
[Epoch : 300/500]
Total_loss	: 0.0409
MMD_loss	: 1.4437
Src_reg_loss	: 0.0265
-------------------------------------
[Epoch : 301/500]
Total_loss	: 0.0409
MMD_loss	: 1.4439
Src_reg_loss	: 0.0264
-------------------------------------
[Epoch : 302/500]
Total_loss	: 0.0408
MMD_loss	: 1.4441
Src_reg_loss	: 0.0264
-------------------------------------
[Epoch : 303/500]
Total_loss	: 0.0408
MMD_loss	: 1.4442
Src_reg_loss	: 0.0264
-------------------------------------
[Epoch : 304/500]
Total_loss	: 0.0408
MMD_loss	: 1.4444
Src_reg_loss	: 0.0263
-------------------------------------
[Epoch : 305/500]
Total_loss	: 0.0407
MMD_loss	: 1.4446
Src_reg_loss	: 0.0263
-------------------------------------
[Epoch : 306/500]
Total_loss	: 0.0407
MMD_loss	: 1.4448
Src_reg_loss	: 0.0262
-------------------------------------
[Epoch : 307/500]
Total_loss	: 0.0406
MMD_loss	: 1.4450
Src_reg_loss	: 0.0262
-------------------------------------
[Epoch : 308/500]
Total_loss	: 0.0406
MMD_loss	: 1.4452
Src_reg_loss	: 0.0261
-------------------------------------
[Epoch : 309/500]
Total_loss	: 0.0405
MMD_loss	: 1.4454
Src_reg_loss	: 0.0261
-------------------------------------
[Epoch : 310/500]
Total_loss	: 0.0405
MMD_loss	: 1.4455
Src_reg_loss	: 0.0260
-------------------------------------
[Epoch : 311/500]
Total_loss	: 0.0405
MMD_loss	: 1.4457
Src_reg_loss	: 0.0260
-------------------------------------
[Epoch : 312/500]
Total_loss	: 0.0404
MMD_loss	: 1.4459
Src_reg_loss	: 0.0260
-------------------------------------
[Epoch : 313/500]
Total_loss	: 0.0404
MMD_loss	: 1.4462
Src_reg_loss	: 0.0259
-------------------------------------
[Epoch : 314/500]
Total_loss	: 0.0403
MMD_loss	: 1.4464
Src_reg_loss	: 0.0259
-------------------------------------
[Epoch : 315/500]
Total_loss	: 0.0403
MMD_loss	: 1.4466
Src_reg_loss	: 0.0258
-------------------------------------
[Epoch : 316/500]
Total_loss	: 0.0402
MMD_loss	: 1.4468
Src_reg_loss	: 0.0258
-------------------------------------
[Epoch : 317/500]
Total_loss	: 0.0402
MMD_loss	: 1.4470
Src_reg_loss	: 0.0257
-------------------------------------
[Epoch : 318/500]
Total_loss	: 0.0402
MMD_loss	: 1.4472
Src_reg_loss	: 0.0257
-------------------------------------
[Epoch : 319/500]
Total_loss	: 0.0401
MMD_loss	: 1.4474
Src_reg_loss	: 0.0257
-------------------------------------
[Epoch : 320/500]
Total_loss	: 0.0401
MMD_loss	: 1.4476
Src_reg_loss	: 0.0256
-------------------------------------
[Epoch : 321/500]
Total_loss	: 0.0401
MMD_loss	: 1.4479
Src_reg_loss	: 0.0256
-------------------------------------
[Epoch : 322/500]
Total_loss	: 0.0400
MMD_loss	: 1.4481
Src_reg_loss	: 0.0255
-------------------------------------
[Epoch : 323/500]
Total_loss	: 0.0400
MMD_loss	: 1.4483
Src_reg_loss	: 0.0255
-------------------------------------
[Epoch : 324/500]
Total_loss	: 0.0399
MMD_loss	: 1.4485
Src_reg_loss	: 0.0254
-------------------------------------
[Epoch : 325/500]
Total_loss	: 0.0399
MMD_loss	: 1.4488
Src_reg_loss	: 0.0254
-------------------------------------
[Epoch : 326/500]
Total_loss	: 0.0399
MMD_loss	: 1.4490
Src_reg_loss	: 0.0254
-------------------------------------
[Epoch : 327/500]
Total_loss	: 0.0398
MMD_loss	: 1.4492
Src_reg_loss	: 0.0253
-------------------------------------
[Epoch : 328/500]
Total_loss	: 0.0398
MMD_loss	: 1.4495
Src_reg_loss	: 0.0253
-------------------------------------
[Epoch : 329/500]
Total_loss	: 0.0397
MMD_loss	: 1.4497
Src_reg_loss	: 0.0252
-------------------------------------
[Epoch : 330/500]
Total_loss	: 0.0397
MMD_loss	: 1.4499
Src_reg_loss	: 0.0252
-------------------------------------
[Epoch : 331/500]
Total_loss	: 0.0397
MMD_loss	: 1.4502
Src_reg_loss	: 0.0252
-------------------------------------
[Epoch : 332/500]
Total_loss	: 0.0396
MMD_loss	: 1.4504
Src_reg_loss	: 0.0251
-------------------------------------
[Epoch : 333/500]
Total_loss	: 0.0396
MMD_loss	: 1.4506
Src_reg_loss	: 0.0251
-------------------------------------
[Epoch : 334/500]
Total_loss	: 0.0396
MMD_loss	: 1.4509
Src_reg_loss	: 0.0250
-------------------------------------
[Epoch : 335/500]
Total_loss	: 0.0395
MMD_loss	: 1.4511
Src_reg_loss	: 0.0250
-------------------------------------
[Epoch : 336/500]
Total_loss	: 0.0395
MMD_loss	: 1.4514
Src_reg_loss	: 0.0250
-------------------------------------
[Epoch : 337/500]
Total_loss	: 0.0394
MMD_loss	: 1.4516
Src_reg_loss	: 0.0249
-------------------------------------
[Epoch : 338/500]
Total_loss	: 0.0394
MMD_loss	: 1.4519
Src_reg_loss	: 0.0249
-------------------------------------
[Epoch : 339/500]
Total_loss	: 0.0394
MMD_loss	: 1.4521
Src_reg_loss	: 0.0249
-------------------------------------
[Epoch : 340/500]
Total_loss	: 0.0393
MMD_loss	: 1.4524
Src_reg_loss	: 0.0248
-------------------------------------
[Epoch : 341/500]
Total_loss	: 0.0393
MMD_loss	: 1.4526
Src_reg_loss	: 0.0248
-------------------------------------
[Epoch : 342/500]
Total_loss	: 0.0393
MMD_loss	: 1.4529
Src_reg_loss	: 0.0247
-------------------------------------
[Epoch : 343/500]
Total_loss	: 0.0392
MMD_loss	: 1.4531
Src_reg_loss	: 0.0247
-------------------------------------
[Epoch : 344/500]
Total_loss	: 0.0392
MMD_loss	: 1.4534
Src_reg_loss	: 0.0247
-------------------------------------
[Epoch : 345/500]
Total_loss	: 0.0392
MMD_loss	: 1.4536
Src_reg_loss	: 0.0246
-------------------------------------
[Epoch : 346/500]
Total_loss	: 0.0391
MMD_loss	: 1.4539
Src_reg_loss	: 0.0246
-------------------------------------
[Epoch : 347/500]
Total_loss	: 0.0391
MMD_loss	: 1.4541
Src_reg_loss	: 0.0246
-------------------------------------
[Epoch : 348/500]
Total_loss	: 0.0391
MMD_loss	: 1.4544
Src_reg_loss	: 0.0245
-------------------------------------
[Epoch : 349/500]
Total_loss	: 0.0390
MMD_loss	: 1.4547
Src_reg_loss	: 0.0245
-------------------------------------
[Epoch : 350/500]
Total_loss	: 0.0390
MMD_loss	: 1.4549
Src_reg_loss	: 0.0244
-------------------------------------
[Epoch : 351/500]
Total_loss	: 0.0390
MMD_loss	: 1.4552
Src_reg_loss	: 0.0244
-------------------------------------
[Epoch : 352/500]
Total_loss	: 0.0389
MMD_loss	: 1.4554
Src_reg_loss	: 0.0244
-------------------------------------
[Epoch : 353/500]
Total_loss	: 0.0389
MMD_loss	: 1.4557
Src_reg_loss	: 0.0243
-------------------------------------
[Epoch : 354/500]
Total_loss	: 0.0389
MMD_loss	: 1.4560
Src_reg_loss	: 0.0243
-------------------------------------
[Epoch : 355/500]
Total_loss	: 0.0388
MMD_loss	: 1.4562
Src_reg_loss	: 0.0243
-------------------------------------
[Epoch : 356/500]
Total_loss	: 0.0388
MMD_loss	: 1.4565
Src_reg_loss	: 0.0242
-------------------------------------
[Epoch : 357/500]
Total_loss	: 0.0388
MMD_loss	: 1.4568
Src_reg_loss	: 0.0242
-------------------------------------
[Epoch : 358/500]
Total_loss	: 0.0387
MMD_loss	: 1.4570
Src_reg_loss	: 0.0242
-------------------------------------
[Epoch : 359/500]
Total_loss	: 0.0387
MMD_loss	: 1.4573
Src_reg_loss	: 0.0241
-------------------------------------
[Epoch : 360/500]
Total_loss	: 0.0387
MMD_loss	: 1.4576
Src_reg_loss	: 0.0241
-------------------------------------
[Epoch : 361/500]
Total_loss	: 0.0386
MMD_loss	: 1.4578
Src_reg_loss	: 0.0241
-------------------------------------
[Epoch : 362/500]
Total_loss	: 0.0386
MMD_loss	: 1.4581
Src_reg_loss	: 0.0240
-------------------------------------
[Epoch : 363/500]
Total_loss	: 0.0386
MMD_loss	: 1.4584
Src_reg_loss	: 0.0240
-------------------------------------
[Epoch : 364/500]
Total_loss	: 0.0385
MMD_loss	: 1.4586
Src_reg_loss	: 0.0240
-------------------------------------
[Epoch : 365/500]
Total_loss	: 0.0385
MMD_loss	: 1.4589
Src_reg_loss	: 0.0239
-------------------------------------
[Epoch : 366/500]
Total_loss	: 0.0385
MMD_loss	: 1.4592
Src_reg_loss	: 0.0239
-------------------------------------
[Epoch : 367/500]
Total_loss	: 0.0385
MMD_loss	: 1.4594
Src_reg_loss	: 0.0239
-------------------------------------
[Epoch : 368/500]
Total_loss	: 0.0384
MMD_loss	: 1.4597
Src_reg_loss	: 0.0238
-------------------------------------
[Epoch : 369/500]
Total_loss	: 0.0384
MMD_loss	: 1.4600
Src_reg_loss	: 0.0238
-------------------------------------
[Epoch : 370/500]
Total_loss	: 0.0384
MMD_loss	: 1.4602
Src_reg_loss	: 0.0238
-------------------------------------
[Epoch : 371/500]
Total_loss	: 0.0383
MMD_loss	: 1.4605
Src_reg_loss	: 0.0237
-------------------------------------
[Epoch : 372/500]
Total_loss	: 0.0383
MMD_loss	: 1.4608
Src_reg_loss	: 0.0237
-------------------------------------
[Epoch : 373/500]
Total_loss	: 0.0383
MMD_loss	: 1.4611
Src_reg_loss	: 0.0237
-------------------------------------
[Epoch : 374/500]
Total_loss	: 0.0382
MMD_loss	: 1.4613
Src_reg_loss	: 0.0236
-------------------------------------
[Epoch : 375/500]
Total_loss	: 0.0382
MMD_loss	: 1.4616
Src_reg_loss	: 0.0236
-------------------------------------
[Epoch : 376/500]
Total_loss	: 0.0382
MMD_loss	: 1.4619
Src_reg_loss	: 0.0236
-------------------------------------
[Epoch : 377/500]
Total_loss	: 0.0382
MMD_loss	: 1.4622
Src_reg_loss	: 0.0235
-------------------------------------
[Epoch : 378/500]
Total_loss	: 0.0381
MMD_loss	: 1.4624
Src_reg_loss	: 0.0235
-------------------------------------
[Epoch : 379/500]
Total_loss	: 0.0381
MMD_loss	: 1.4627
Src_reg_loss	: 0.0235
-------------------------------------
[Epoch : 380/500]
Total_loss	: 0.0381
MMD_loss	: 1.4630
Src_reg_loss	: 0.0234
-------------------------------------
[Epoch : 381/500]
Total_loss	: 0.0380
MMD_loss	: 1.4632
Src_reg_loss	: 0.0234
-------------------------------------
[Epoch : 382/500]
Total_loss	: 0.0380
MMD_loss	: 1.4635
Src_reg_loss	: 0.0234
-------------------------------------
[Epoch : 383/500]
Total_loss	: 0.0380
MMD_loss	: 1.4638
Src_reg_loss	: 0.0233
-------------------------------------
[Epoch : 384/500]
Total_loss	: 0.0380
MMD_loss	: 1.4641
Src_reg_loss	: 0.0233
-------------------------------------
[Epoch : 385/500]
Total_loss	: 0.0379
MMD_loss	: 1.4644
Src_reg_loss	: 0.0233
-------------------------------------
[Epoch : 386/500]
Total_loss	: 0.0379
MMD_loss	: 1.4646
Src_reg_loss	: 0.0232
-------------------------------------
[Epoch : 387/500]
Total_loss	: 0.0379
MMD_loss	: 1.4649
Src_reg_loss	: 0.0232
-------------------------------------
[Epoch : 388/500]
Total_loss	: 0.0378
MMD_loss	: 1.4652
Src_reg_loss	: 0.0232
-------------------------------------
[Epoch : 389/500]
Total_loss	: 0.0378
MMD_loss	: 1.4655
Src_reg_loss	: 0.0232
-------------------------------------
[Epoch : 390/500]
Total_loss	: 0.0378
MMD_loss	: 1.4657
Src_reg_loss	: 0.0231
-------------------------------------
[Epoch : 391/500]
Total_loss	: 0.0378
MMD_loss	: 1.4660
Src_reg_loss	: 0.0231
-------------------------------------
[Epoch : 392/500]
Total_loss	: 0.0377
MMD_loss	: 1.4663
Src_reg_loss	: 0.0231
-------------------------------------
[Epoch : 393/500]
Total_loss	: 0.0377
MMD_loss	: 1.4666
Src_reg_loss	: 0.0230
-------------------------------------
[Epoch : 394/500]
Total_loss	: 0.0377
MMD_loss	: 1.4669
Src_reg_loss	: 0.0230
-------------------------------------
[Epoch : 395/500]
Total_loss	: 0.0376
MMD_loss	: 1.4671
Src_reg_loss	: 0.0230
-------------------------------------
[Epoch : 396/500]
Total_loss	: 0.0376
MMD_loss	: 1.4674
Src_reg_loss	: 0.0229
-------------------------------------
[Epoch : 397/500]
Total_loss	: 0.0376
MMD_loss	: 1.4677
Src_reg_loss	: 0.0229
-------------------------------------
[Epoch : 398/500]
Total_loss	: 0.0376
MMD_loss	: 1.4680
Src_reg_loss	: 0.0229
-------------------------------------
[Epoch : 399/500]
Total_loss	: 0.0375
MMD_loss	: 1.4683
Src_reg_loss	: 0.0229
-------------------------------------
[Epoch : 400/500]
Total_loss	: 0.0375
MMD_loss	: 1.4685
Src_reg_loss	: 0.0228
-------------------------------------
[Epoch : 401/500]
Total_loss	: 0.0375
MMD_loss	: 1.4688
Src_reg_loss	: 0.0228
-------------------------------------
[Epoch : 402/500]
Total_loss	: 0.0375
MMD_loss	: 1.4691
Src_reg_loss	: 0.0228
-------------------------------------
[Epoch : 403/500]
Total_loss	: 0.0374
MMD_loss	: 1.4694
Src_reg_loss	: 0.0227
-------------------------------------
[Epoch : 404/500]
Total_loss	: 0.0374
MMD_loss	: 1.4697
Src_reg_loss	: 0.0227
-------------------------------------
[Epoch : 405/500]
Total_loss	: 0.0374
MMD_loss	: 1.4699
Src_reg_loss	: 0.0227
-------------------------------------
[Epoch : 406/500]
Total_loss	: 0.0374
MMD_loss	: 1.4702
Src_reg_loss	: 0.0227
-------------------------------------
[Epoch : 407/500]
Total_loss	: 0.0373
MMD_loss	: 1.4705
Src_reg_loss	: 0.0226
-------------------------------------
[Epoch : 408/500]
Total_loss	: 0.0373
MMD_loss	: 1.4708
Src_reg_loss	: 0.0226
-------------------------------------
[Epoch : 409/500]
Total_loss	: 0.0373
MMD_loss	: 1.4711
Src_reg_loss	: 0.0226
-------------------------------------
[Epoch : 410/500]
Total_loss	: 0.0373
MMD_loss	: 1.4713
Src_reg_loss	: 0.0226
-------------------------------------
[Epoch : 411/500]
Total_loss	: 0.0372
MMD_loss	: 1.4716
Src_reg_loss	: 0.0225
-------------------------------------
[Epoch : 412/500]
Total_loss	: 0.0372
MMD_loss	: 1.4719
Src_reg_loss	: 0.0225
-------------------------------------
[Epoch : 413/500]
Total_loss	: 0.0372
MMD_loss	: 1.4722
Src_reg_loss	: 0.0225
-------------------------------------
[Epoch : 414/500]
Total_loss	: 0.0372
MMD_loss	: 1.4725
Src_reg_loss	: 0.0224
-------------------------------------
[Epoch : 415/500]
Total_loss	: 0.0371
MMD_loss	: 1.4728
Src_reg_loss	: 0.0224
-------------------------------------
[Epoch : 416/500]
Total_loss	: 0.0371
MMD_loss	: 1.4730
Src_reg_loss	: 0.0224
-------------------------------------
[Epoch : 417/500]
Total_loss	: 0.0371
MMD_loss	: 1.4733
Src_reg_loss	: 0.0224
-------------------------------------
[Epoch : 418/500]
Total_loss	: 0.0371
MMD_loss	: 1.4736
Src_reg_loss	: 0.0223
-------------------------------------
[Epoch : 419/500]
Total_loss	: 0.0370
MMD_loss	: 1.4739
Src_reg_loss	: 0.0223
-------------------------------------
[Epoch : 420/500]
Total_loss	: 0.0370
MMD_loss	: 1.4742
Src_reg_loss	: 0.0223
-------------------------------------
[Epoch : 421/500]
Total_loss	: 0.0370
MMD_loss	: 1.4745
Src_reg_loss	: 0.0223
-------------------------------------
[Epoch : 422/500]
Total_loss	: 0.0370
MMD_loss	: 1.4747
Src_reg_loss	: 0.0222
-------------------------------------
[Epoch : 423/500]
Total_loss	: 0.0370
MMD_loss	: 1.4750
Src_reg_loss	: 0.0222
-------------------------------------
[Epoch : 424/500]
Total_loss	: 0.0369
MMD_loss	: 1.4753
Src_reg_loss	: 0.0222
-------------------------------------
[Epoch : 425/500]
Total_loss	: 0.0369
MMD_loss	: 1.4756
Src_reg_loss	: 0.0221
-------------------------------------
[Epoch : 426/500]
Total_loss	: 0.0369
MMD_loss	: 1.4759
Src_reg_loss	: 0.0221
-------------------------------------
[Epoch : 427/500]
Total_loss	: 0.0369
MMD_loss	: 1.4762
Src_reg_loss	: 0.0221
-------------------------------------
[Epoch : 428/500]
Total_loss	: 0.0368
MMD_loss	: 1.4764
Src_reg_loss	: 0.0221
-------------------------------------
[Epoch : 429/500]
Total_loss	: 0.0368
MMD_loss	: 1.4767
Src_reg_loss	: 0.0220
-------------------------------------
[Epoch : 430/500]
Total_loss	: 0.0368
MMD_loss	: 1.4770
Src_reg_loss	: 0.0220
-------------------------------------
[Epoch : 431/500]
Total_loss	: 0.0368
MMD_loss	: 1.4773
Src_reg_loss	: 0.0220
-------------------------------------
[Epoch : 432/500]
Total_loss	: 0.0367
MMD_loss	: 1.4776
Src_reg_loss	: 0.0220
-------------------------------------
[Epoch : 433/500]
Total_loss	: 0.0367
MMD_loss	: 1.4779
Src_reg_loss	: 0.0219
-------------------------------------
[Epoch : 434/500]
Total_loss	: 0.0367
MMD_loss	: 1.4781
Src_reg_loss	: 0.0219
-------------------------------------
[Epoch : 435/500]
Total_loss	: 0.0367
MMD_loss	: 1.4784
Src_reg_loss	: 0.0219
-------------------------------------
[Epoch : 436/500]
Total_loss	: 0.0367
MMD_loss	: 1.4787
Src_reg_loss	: 0.0219
-------------------------------------
[Epoch : 437/500]
Total_loss	: 0.0366
MMD_loss	: 1.4790
Src_reg_loss	: 0.0218
-------------------------------------
[Epoch : 438/500]
Total_loss	: 0.0366
MMD_loss	: 1.4793
Src_reg_loss	: 0.0218
-------------------------------------
[Epoch : 439/500]
Total_loss	: 0.0366
MMD_loss	: 1.4796
Src_reg_loss	: 0.0218
-------------------------------------
[Epoch : 440/500]
Total_loss	: 0.0366
MMD_loss	: 1.4799
Src_reg_loss	: 0.0218
-------------------------------------
[Epoch : 441/500]
Total_loss	: 0.0365
MMD_loss	: 1.4801
Src_reg_loss	: 0.0217
-------------------------------------
[Epoch : 442/500]
Total_loss	: 0.0365
MMD_loss	: 1.4804
Src_reg_loss	: 0.0217
-------------------------------------
[Epoch : 443/500]
Total_loss	: 0.0365
MMD_loss	: 1.4807
Src_reg_loss	: 0.0217
-------------------------------------
[Epoch : 444/500]
Total_loss	: 0.0365
MMD_loss	: 1.4810
Src_reg_loss	: 0.0217
-------------------------------------
[Epoch : 445/500]
Total_loss	: 0.0365
MMD_loss	: 1.4813
Src_reg_loss	: 0.0217
-------------------------------------
[Epoch : 446/500]
Total_loss	: 0.0364
MMD_loss	: 1.4816
Src_reg_loss	: 0.0216
-------------------------------------
[Epoch : 447/500]
Total_loss	: 0.0364
MMD_loss	: 1.4818
Src_reg_loss	: 0.0216
-------------------------------------
[Epoch : 448/500]
Total_loss	: 0.0364
MMD_loss	: 1.4821
Src_reg_loss	: 0.0216
-------------------------------------
[Epoch : 449/500]
Total_loss	: 0.0364
MMD_loss	: 1.4824
Src_reg_loss	: 0.0216
-------------------------------------
[Epoch : 450/500]
Total_loss	: 0.0364
MMD_loss	: 1.4827
Src_reg_loss	: 0.0215
-------------------------------------
[Epoch : 451/500]
Total_loss	: 0.0363
MMD_loss	: 1.4830
Src_reg_loss	: 0.0215
-------------------------------------
[Epoch : 452/500]
Total_loss	: 0.0363
MMD_loss	: 1.4833
Src_reg_loss	: 0.0215
-------------------------------------
[Epoch : 453/500]
Total_loss	: 0.0363
MMD_loss	: 1.4836
Src_reg_loss	: 0.0215
-------------------------------------
[Epoch : 454/500]
Total_loss	: 0.0363
MMD_loss	: 1.4838
Src_reg_loss	: 0.0214
-------------------------------------
[Epoch : 455/500]
Total_loss	: 0.0363
MMD_loss	: 1.4841
Src_reg_loss	: 0.0214
-------------------------------------
[Epoch : 456/500]
Total_loss	: 0.0362
MMD_loss	: 1.4844
Src_reg_loss	: 0.0214
-------------------------------------
[Epoch : 457/500]
Total_loss	: 0.0362
MMD_loss	: 1.4847
Src_reg_loss	: 0.0214
-------------------------------------
[Epoch : 458/500]
Total_loss	: 0.0362
MMD_loss	: 1.4850
Src_reg_loss	: 0.0213
-------------------------------------
[Epoch : 459/500]
Total_loss	: 0.0362
MMD_loss	: 1.4853
Src_reg_loss	: 0.0213
-------------------------------------
[Epoch : 460/500]
Total_loss	: 0.0362
MMD_loss	: 1.4855
Src_reg_loss	: 0.0213
-------------------------------------
[Epoch : 461/500]
Total_loss	: 0.0361
MMD_loss	: 1.4858
Src_reg_loss	: 0.0213
-------------------------------------
[Epoch : 462/500]
Total_loss	: 0.0361
MMD_loss	: 1.4861
Src_reg_loss	: 0.0213
-------------------------------------
[Epoch : 463/500]
Total_loss	: 0.0361
MMD_loss	: 1.4864
Src_reg_loss	: 0.0212
-------------------------------------
[Epoch : 464/500]
Total_loss	: 0.0361
MMD_loss	: 1.4867
Src_reg_loss	: 0.0212
-------------------------------------
[Epoch : 465/500]
Total_loss	: 0.0361
MMD_loss	: 1.4870
Src_reg_loss	: 0.0212
-------------------------------------
[Epoch : 466/500]
Total_loss	: 0.0360
MMD_loss	: 1.4873
Src_reg_loss	: 0.0212
-------------------------------------
[Epoch : 467/500]
Total_loss	: 0.0360
MMD_loss	: 1.4875
Src_reg_loss	: 0.0211
-------------------------------------
[Epoch : 468/500]
Total_loss	: 0.0360
MMD_loss	: 1.4878
Src_reg_loss	: 0.0211
-------------------------------------
[Epoch : 469/500]
Total_loss	: 0.0360
MMD_loss	: 1.4881
Src_reg_loss	: 0.0211
-------------------------------------
[Epoch : 470/500]
Total_loss	: 0.0360
MMD_loss	: 1.4884
Src_reg_loss	: 0.0211
-------------------------------------
[Epoch : 471/500]
Total_loss	: 0.0359
MMD_loss	: 1.4887
Src_reg_loss	: 0.0211
-------------------------------------
[Epoch : 472/500]
Total_loss	: 0.0359
MMD_loss	: 1.4889
Src_reg_loss	: 0.0210
-------------------------------------
[Epoch : 473/500]
Total_loss	: 0.0359
MMD_loss	: 1.4892
Src_reg_loss	: 0.0210
-------------------------------------
[Epoch : 474/500]
Total_loss	: 0.0359
MMD_loss	: 1.4895
Src_reg_loss	: 0.0210
-------------------------------------
[Epoch : 475/500]
Total_loss	: 0.0359
MMD_loss	: 1.4898
Src_reg_loss	: 0.0210
-------------------------------------
[Epoch : 476/500]
Total_loss	: 0.0359
MMD_loss	: 1.4901
Src_reg_loss	: 0.0209
-------------------------------------
[Epoch : 477/500]
Total_loss	: 0.0358
MMD_loss	: 1.4903
Src_reg_loss	: 0.0209
-------------------------------------
[Epoch : 478/500]
Total_loss	: 0.0358
MMD_loss	: 1.4906
Src_reg_loss	: 0.0209
-------------------------------------
[Epoch : 479/500]
Total_loss	: 0.0358
MMD_loss	: 1.4909
Src_reg_loss	: 0.0209
-------------------------------------
[Epoch : 480/500]
Total_loss	: 0.0358
MMD_loss	: 1.4912
Src_reg_loss	: 0.0209
-------------------------------------
[Epoch : 481/500]
Total_loss	: 0.0358
MMD_loss	: 1.4915
Src_reg_loss	: 0.0208
-------------------------------------
[Epoch : 482/500]
Total_loss	: 0.0357
MMD_loss	: 1.4917
Src_reg_loss	: 0.0208
-------------------------------------
[Epoch : 483/500]
Total_loss	: 0.0357
MMD_loss	: 1.4920
Src_reg_loss	: 0.0208
-------------------------------------
[Epoch : 484/500]
Total_loss	: 0.0357
MMD_loss	: 1.4923
Src_reg_loss	: 0.0208
-------------------------------------
[Epoch : 485/500]
Total_loss	: 0.0357
MMD_loss	: 1.4926
Src_reg_loss	: 0.0208
-------------------------------------
[Epoch : 486/500]
Total_loss	: 0.0357
MMD_loss	: 1.4928
Src_reg_loss	: 0.0207
-------------------------------------
[Epoch : 487/500]
Total_loss	: 0.0357
MMD_loss	: 1.4931
Src_reg_loss	: 0.0207
-------------------------------------
[Epoch : 488/500]
Total_loss	: 0.0356
MMD_loss	: 1.4934
Src_reg_loss	: 0.0207
-------------------------------------
[Epoch : 489/500]
Total_loss	: 0.0356
MMD_loss	: 1.4936
Src_reg_loss	: 0.0207
-------------------------------------
[Epoch : 490/500]
Total_loss	: 0.0356
MMD_loss	: 1.4939
Src_reg_loss	: 0.0207
-------------------------------------
[Epoch : 491/500]
Total_loss	: 0.0356
MMD_loss	: 1.4942
Src_reg_loss	: 0.0206
-------------------------------------
[Epoch : 492/500]
Total_loss	: 0.0356
MMD_loss	: 1.4944
Src_reg_loss	: 0.0206
-------------------------------------
[Epoch : 493/500]
Total_loss	: 0.0355
MMD_loss	: 1.4947
Src_reg_loss	: 0.0206
-------------------------------------
[Epoch : 494/500]
Total_loss	: 0.0355
MMD_loss	: 1.4950
Src_reg_loss	: 0.0206
-------------------------------------
[Epoch : 495/500]
Total_loss	: 0.0355
MMD_loss	: 1.4953
Src_reg_loss	: 0.0206
-------------------------------------
[Epoch : 496/500]
Total_loss	: 0.0355
MMD_loss	: 1.4955
Src_reg_loss	: 0.0205
-------------------------------------
[Epoch : 497/500]
Total_loss	: 0.0355
MMD_loss	: 1.4958
Src_reg_loss	: 0.0205
-------------------------------------
[Epoch : 498/500]
Total_loss	: 0.0355
MMD_loss	: 1.4961
Src_reg_loss	: 0.0205
-------------------------------------
[Epoch : 499/500]
Total_loss	: 0.0354
MMD_loss	: 1.4963
Src_reg_loss	: 0.0205
-------------------------------------
[Epoch : 500/500]
Total_loss	: 0.0354
MMD_loss	: 1.4966
Src_reg_loss	: 0.0205
-------------------------------------
