=============================================
Dataset: Airbox
Method:  AirDA
=============================================
Source: 0 ---> Target: 5
=============================================
[Epoch : 1/500]
Total_loss	: 0.3020
MMD_loss	: 3.0282
Src_reg_loss	: 0.2717
-------------------------------------
[Epoch : 2/500]
Total_loss	: 0.2869
MMD_loss	: 3.0260
Src_reg_loss	: 0.2567
-------------------------------------
[Epoch : 3/500]
Total_loss	: 0.2724
MMD_loss	: 3.0184
Src_reg_loss	: 0.2422
-------------------------------------
[Epoch : 4/500]
Total_loss	: 0.2577
MMD_loss	: 3.0047
Src_reg_loss	: 0.2276
-------------------------------------
[Epoch : 5/500]
Total_loss	: 0.2424
MMD_loss	: 2.9844
Src_reg_loss	: 0.2126
-------------------------------------
[Epoch : 6/500]
Total_loss	: 0.2267
MMD_loss	: 2.9566
Src_reg_loss	: 0.1971
-------------------------------------
[Epoch : 7/500]
Total_loss	: 0.2106
MMD_loss	: 2.9208
Src_reg_loss	: 0.1814
-------------------------------------
[Epoch : 8/500]
Total_loss	: 0.1948
MMD_loss	: 2.8773
Src_reg_loss	: 0.1661
-------------------------------------
[Epoch : 9/500]
Total_loss	: 0.1805
MMD_loss	: 2.8279
Src_reg_loss	: 0.1522
-------------------------------------
[Epoch : 10/500]
Total_loss	: 0.1688
MMD_loss	: 2.7785
Src_reg_loss	: 0.1411
-------------------------------------
[Epoch : 11/500]
Total_loss	: 0.1595
MMD_loss	: 2.7363
Src_reg_loss	: 0.1321
-------------------------------------
[Epoch : 12/500]
Total_loss	: 0.1514
MMD_loss	: 2.7045
Src_reg_loss	: 0.1244
-------------------------------------
[Epoch : 13/500]
Total_loss	: 0.1445
MMD_loss	: 2.6819
Src_reg_loss	: 0.1177
-------------------------------------
[Epoch : 14/500]
Total_loss	: 0.1386
MMD_loss	: 2.6654
Src_reg_loss	: 0.1120
-------------------------------------
[Epoch : 15/500]
Total_loss	: 0.1336
MMD_loss	: 2.6525
Src_reg_loss	: 0.1070
-------------------------------------
[Epoch : 16/500]
Total_loss	: 0.1291
MMD_loss	: 2.6415
Src_reg_loss	: 0.1027
-------------------------------------
[Epoch : 17/500]
Total_loss	: 0.1251
MMD_loss	: 2.6319
Src_reg_loss	: 0.0988
-------------------------------------
[Epoch : 18/500]
Total_loss	: 0.1216
MMD_loss	: 2.6238
Src_reg_loss	: 0.0954
-------------------------------------
[Epoch : 19/500]
Total_loss	: 0.1185
MMD_loss	: 2.6175
Src_reg_loss	: 0.0923
-------------------------------------
[Epoch : 20/500]
Total_loss	: 0.1156
MMD_loss	: 2.6130
Src_reg_loss	: 0.0895
-------------------------------------
[Epoch : 21/500]
Total_loss	: 0.1131
MMD_loss	: 2.6102
Src_reg_loss	: 0.0870
-------------------------------------
[Epoch : 22/500]
Total_loss	: 0.1107
MMD_loss	: 2.6088
Src_reg_loss	: 0.0847
-------------------------------------
[Epoch : 23/500]
Total_loss	: 0.1086
MMD_loss	: 2.6084
Src_reg_loss	: 0.0825
-------------------------------------
[Epoch : 24/500]
Total_loss	: 0.1067
MMD_loss	: 2.6089
Src_reg_loss	: 0.0806
-------------------------------------
[Epoch : 25/500]
Total_loss	: 0.1049
MMD_loss	: 2.6102
Src_reg_loss	: 0.0788
-------------------------------------
[Epoch : 26/500]
Total_loss	: 0.1032
MMD_loss	: 2.6122
Src_reg_loss	: 0.0771
-------------------------------------
[Epoch : 27/500]
Total_loss	: 0.1017
MMD_loss	: 2.6150
Src_reg_loss	: 0.0756
-------------------------------------
[Epoch : 28/500]
Total_loss	: 0.1003
MMD_loss	: 2.6184
Src_reg_loss	: 0.0741
-------------------------------------
[Epoch : 29/500]
Total_loss	: 0.0990
MMD_loss	: 2.6225
Src_reg_loss	: 0.0728
-------------------------------------
[Epoch : 30/500]
Total_loss	: 0.0978
MMD_loss	: 2.6270
Src_reg_loss	: 0.0715
-------------------------------------
[Epoch : 31/500]
Total_loss	: 0.0966
MMD_loss	: 2.6319
Src_reg_loss	: 0.0703
-------------------------------------
[Epoch : 32/500]
Total_loss	: 0.0956
MMD_loss	: 2.6371
Src_reg_loss	: 0.0692
-------------------------------------
[Epoch : 33/500]
Total_loss	: 0.0946
MMD_loss	: 2.6426
Src_reg_loss	: 0.0681
-------------------------------------
[Epoch : 34/500]
Total_loss	: 0.0936
MMD_loss	: 2.6481
Src_reg_loss	: 0.0671
-------------------------------------
[Epoch : 35/500]
Total_loss	: 0.0927
MMD_loss	: 2.6537
Src_reg_loss	: 0.0662
-------------------------------------
[Epoch : 36/500]
Total_loss	: 0.0919
MMD_loss	: 2.6591
Src_reg_loss	: 0.0653
-------------------------------------
[Epoch : 37/500]
Total_loss	: 0.0910
MMD_loss	: 2.6643
Src_reg_loss	: 0.0644
-------------------------------------
[Epoch : 38/500]
Total_loss	: 0.0903
MMD_loss	: 2.6692
Src_reg_loss	: 0.0636
-------------------------------------
[Epoch : 39/500]
Total_loss	: 0.0895
MMD_loss	: 2.6737
Src_reg_loss	: 0.0628
-------------------------------------
[Epoch : 40/500]
Total_loss	: 0.0888
MMD_loss	: 2.6777
Src_reg_loss	: 0.0620
-------------------------------------
[Epoch : 41/500]
Total_loss	: 0.0881
MMD_loss	: 2.6810
Src_reg_loss	: 0.0613
-------------------------------------
[Epoch : 42/500]
Total_loss	: 0.0875
MMD_loss	: 2.6837
Src_reg_loss	: 0.0606
-------------------------------------
[Epoch : 43/500]
Total_loss	: 0.0868
MMD_loss	: 2.6858
Src_reg_loss	: 0.0600
-------------------------------------
[Epoch : 44/500]
Total_loss	: 0.0862
MMD_loss	: 2.6871
Src_reg_loss	: 0.0593
-------------------------------------
[Epoch : 45/500]
Total_loss	: 0.0856
MMD_loss	: 2.6877
Src_reg_loss	: 0.0587
-------------------------------------
[Epoch : 46/500]
Total_loss	: 0.0850
MMD_loss	: 2.6875
Src_reg_loss	: 0.0581
-------------------------------------
[Epoch : 47/500]
Total_loss	: 0.0844
MMD_loss	: 2.6867
Src_reg_loss	: 0.0575
-------------------------------------
[Epoch : 48/500]
Total_loss	: 0.0838
MMD_loss	: 2.6851
Src_reg_loss	: 0.0570
-------------------------------------
[Epoch : 49/500]
Total_loss	: 0.0833
MMD_loss	: 2.6828
Src_reg_loss	: 0.0564
-------------------------------------
[Epoch : 50/500]
Total_loss	: 0.0827
MMD_loss	: 2.6798
Src_reg_loss	: 0.0559
-------------------------------------
[Epoch : 51/500]
Total_loss	: 0.0822
MMD_loss	: 2.6762
Src_reg_loss	: 0.0554
-------------------------------------
[Epoch : 52/500]
Total_loss	: 0.0816
MMD_loss	: 2.6720
Src_reg_loss	: 0.0549
-------------------------------------
[Epoch : 53/500]
Total_loss	: 0.0811
MMD_loss	: 2.6672
Src_reg_loss	: 0.0544
-------------------------------------
[Epoch : 54/500]
Total_loss	: 0.0806
MMD_loss	: 2.6619
Src_reg_loss	: 0.0540
-------------------------------------
[Epoch : 55/500]
Total_loss	: 0.0801
MMD_loss	: 2.6560
Src_reg_loss	: 0.0535
-------------------------------------
[Epoch : 56/500]
Total_loss	: 0.0796
MMD_loss	: 2.6496
Src_reg_loss	: 0.0531
-------------------------------------
[Epoch : 57/500]
Total_loss	: 0.0791
MMD_loss	: 2.6428
Src_reg_loss	: 0.0527
-------------------------------------
[Epoch : 58/500]
Total_loss	: 0.0786
MMD_loss	: 2.6355
Src_reg_loss	: 0.0522
-------------------------------------
[Epoch : 59/500]
Total_loss	: 0.0781
MMD_loss	: 2.6277
Src_reg_loss	: 0.0518
-------------------------------------
[Epoch : 60/500]
Total_loss	: 0.0776
MMD_loss	: 2.6196
Src_reg_loss	: 0.0514
-------------------------------------
[Epoch : 61/500]
Total_loss	: 0.0772
MMD_loss	: 2.6111
Src_reg_loss	: 0.0510
-------------------------------------
[Epoch : 62/500]
Total_loss	: 0.0767
MMD_loss	: 2.6022
Src_reg_loss	: 0.0507
-------------------------------------
[Epoch : 63/500]
Total_loss	: 0.0762
MMD_loss	: 2.5929
Src_reg_loss	: 0.0503
-------------------------------------
[Epoch : 64/500]
Total_loss	: 0.0758
MMD_loss	: 2.5834
Src_reg_loss	: 0.0499
-------------------------------------
[Epoch : 65/500]
Total_loss	: 0.0753
MMD_loss	: 2.5735
Src_reg_loss	: 0.0496
-------------------------------------
[Epoch : 66/500]
Total_loss	: 0.0749
MMD_loss	: 2.5634
Src_reg_loss	: 0.0493
-------------------------------------
[Epoch : 67/500]
Total_loss	: 0.0745
MMD_loss	: 2.5531
Src_reg_loss	: 0.0489
-------------------------------------
[Epoch : 68/500]
Total_loss	: 0.0740
MMD_loss	: 2.5425
Src_reg_loss	: 0.0486
-------------------------------------
[Epoch : 69/500]
Total_loss	: 0.0736
MMD_loss	: 2.5317
Src_reg_loss	: 0.0483
-------------------------------------
[Epoch : 70/500]
Total_loss	: 0.0732
MMD_loss	: 2.5208
Src_reg_loss	: 0.0480
-------------------------------------
[Epoch : 71/500]
Total_loss	: 0.0728
MMD_loss	: 2.5098
Src_reg_loss	: 0.0477
-------------------------------------
[Epoch : 72/500]
Total_loss	: 0.0724
MMD_loss	: 2.4986
Src_reg_loss	: 0.0474
-------------------------------------
[Epoch : 73/500]
Total_loss	: 0.0719
MMD_loss	: 2.4874
Src_reg_loss	: 0.0471
-------------------------------------
[Epoch : 74/500]
Total_loss	: 0.0715
MMD_loss	: 2.4761
Src_reg_loss	: 0.0468
-------------------------------------
[Epoch : 75/500]
Total_loss	: 0.0712
MMD_loss	: 2.4648
Src_reg_loss	: 0.0465
-------------------------------------
[Epoch : 76/500]
Total_loss	: 0.0708
MMD_loss	: 2.4535
Src_reg_loss	: 0.0462
-------------------------------------
[Epoch : 77/500]
Total_loss	: 0.0704
MMD_loss	: 2.4421
Src_reg_loss	: 0.0460
-------------------------------------
[Epoch : 78/500]
Total_loss	: 0.0700
MMD_loss	: 2.4308
Src_reg_loss	: 0.0457
-------------------------------------
[Epoch : 79/500]
Total_loss	: 0.0696
MMD_loss	: 2.4196
Src_reg_loss	: 0.0454
-------------------------------------
[Epoch : 80/500]
Total_loss	: 0.0693
MMD_loss	: 2.4084
Src_reg_loss	: 0.0452
-------------------------------------
[Epoch : 81/500]
Total_loss	: 0.0689
MMD_loss	: 2.3972
Src_reg_loss	: 0.0449
-------------------------------------
[Epoch : 82/500]
Total_loss	: 0.0685
MMD_loss	: 2.3862
Src_reg_loss	: 0.0447
-------------------------------------
[Epoch : 83/500]
Total_loss	: 0.0682
MMD_loss	: 2.3752
Src_reg_loss	: 0.0444
-------------------------------------
[Epoch : 84/500]
Total_loss	: 0.0678
MMD_loss	: 2.3644
Src_reg_loss	: 0.0442
-------------------------------------
[Epoch : 85/500]
Total_loss	: 0.0675
MMD_loss	: 2.3537
Src_reg_loss	: 0.0440
-------------------------------------
[Epoch : 86/500]
Total_loss	: 0.0672
MMD_loss	: 2.3430
Src_reg_loss	: 0.0437
-------------------------------------
[Epoch : 87/500]
Total_loss	: 0.0668
MMD_loss	: 2.3326
Src_reg_loss	: 0.0435
-------------------------------------
[Epoch : 88/500]
Total_loss	: 0.0665
MMD_loss	: 2.3222
Src_reg_loss	: 0.0433
-------------------------------------
[Epoch : 89/500]
Total_loss	: 0.0662
MMD_loss	: 2.3120
Src_reg_loss	: 0.0430
-------------------------------------
[Epoch : 90/500]
Total_loss	: 0.0658
MMD_loss	: 2.3020
Src_reg_loss	: 0.0428
-------------------------------------
[Epoch : 91/500]
Total_loss	: 0.0655
MMD_loss	: 2.2921
Src_reg_loss	: 0.0426
-------------------------------------
[Epoch : 92/500]
Total_loss	: 0.0652
MMD_loss	: 2.2823
Src_reg_loss	: 0.0424
-------------------------------------
[Epoch : 93/500]
Total_loss	: 0.0649
MMD_loss	: 2.2728
Src_reg_loss	: 0.0422
-------------------------------------
[Epoch : 94/500]
Total_loss	: 0.0646
MMD_loss	: 2.2633
Src_reg_loss	: 0.0420
-------------------------------------
[Epoch : 95/500]
Total_loss	: 0.0643
MMD_loss	: 2.2541
Src_reg_loss	: 0.0418
-------------------------------------
[Epoch : 96/500]
Total_loss	: 0.0640
MMD_loss	: 2.2450
Src_reg_loss	: 0.0416
-------------------------------------
[Epoch : 97/500]
Total_loss	: 0.0637
MMD_loss	: 2.2361
Src_reg_loss	: 0.0414
-------------------------------------
[Epoch : 98/500]
Total_loss	: 0.0634
MMD_loss	: 2.2274
Src_reg_loss	: 0.0412
-------------------------------------
[Epoch : 99/500]
Total_loss	: 0.0631
MMD_loss	: 2.2189
Src_reg_loss	: 0.0410
-------------------------------------
[Epoch : 100/500]
Total_loss	: 0.0629
MMD_loss	: 2.2105
Src_reg_loss	: 0.0408
-------------------------------------
[Epoch : 101/500]
Total_loss	: 0.0626
MMD_loss	: 2.2023
Src_reg_loss	: 0.0406
-------------------------------------
[Epoch : 102/500]
Total_loss	: 0.0623
MMD_loss	: 2.1943
Src_reg_loss	: 0.0404
-------------------------------------
[Epoch : 103/500]
Total_loss	: 0.0620
MMD_loss	: 2.1865
Src_reg_loss	: 0.0402
-------------------------------------
[Epoch : 104/500]
Total_loss	: 0.0618
MMD_loss	: 2.1789
Src_reg_loss	: 0.0400
-------------------------------------
[Epoch : 105/500]
Total_loss	: 0.0615
MMD_loss	: 2.1715
Src_reg_loss	: 0.0398
-------------------------------------
[Epoch : 106/500]
Total_loss	: 0.0613
MMD_loss	: 2.1642
Src_reg_loss	: 0.0396
-------------------------------------
[Epoch : 107/500]
Total_loss	: 0.0610
MMD_loss	: 2.1572
Src_reg_loss	: 0.0394
-------------------------------------
[Epoch : 108/500]
Total_loss	: 0.0608
MMD_loss	: 2.1504
Src_reg_loss	: 0.0393
-------------------------------------
[Epoch : 109/500]
Total_loss	: 0.0605
MMD_loss	: 2.1438
Src_reg_loss	: 0.0391
-------------------------------------
[Epoch : 110/500]
Total_loss	: 0.0603
MMD_loss	: 2.1374
Src_reg_loss	: 0.0389
-------------------------------------
[Epoch : 111/500]
Total_loss	: 0.0600
MMD_loss	: 2.1312
Src_reg_loss	: 0.0387
-------------------------------------
[Epoch : 112/500]
Total_loss	: 0.0598
MMD_loss	: 2.1252
Src_reg_loss	: 0.0386
-------------------------------------
[Epoch : 113/500]
Total_loss	: 0.0596
MMD_loss	: 2.1194
Src_reg_loss	: 0.0384
-------------------------------------
[Epoch : 114/500]
Total_loss	: 0.0594
MMD_loss	: 2.1139
Src_reg_loss	: 0.0382
-------------------------------------
[Epoch : 115/500]
Total_loss	: 0.0591
MMD_loss	: 2.1085
Src_reg_loss	: 0.0381
-------------------------------------
[Epoch : 116/500]
Total_loss	: 0.0589
MMD_loss	: 2.1034
Src_reg_loss	: 0.0379
-------------------------------------
[Epoch : 117/500]
Total_loss	: 0.0587
MMD_loss	: 2.0985
Src_reg_loss	: 0.0377
-------------------------------------
[Epoch : 118/500]
Total_loss	: 0.0585
MMD_loss	: 2.0937
Src_reg_loss	: 0.0376
-------------------------------------
[Epoch : 119/500]
Total_loss	: 0.0583
MMD_loss	: 2.0892
Src_reg_loss	: 0.0374
-------------------------------------
[Epoch : 120/500]
Total_loss	: 0.0581
MMD_loss	: 2.0848
Src_reg_loss	: 0.0372
-------------------------------------
[Epoch : 121/500]
Total_loss	: 0.0579
MMD_loss	: 2.0807
Src_reg_loss	: 0.0371
-------------------------------------
[Epoch : 122/500]
Total_loss	: 0.0577
MMD_loss	: 2.0767
Src_reg_loss	: 0.0369
-------------------------------------
[Epoch : 123/500]
Total_loss	: 0.0575
MMD_loss	: 2.0729
Src_reg_loss	: 0.0368
-------------------------------------
[Epoch : 124/500]
Total_loss	: 0.0573
MMD_loss	: 2.0693
Src_reg_loss	: 0.0366
-------------------------------------
[Epoch : 125/500]
Total_loss	: 0.0571
MMD_loss	: 2.0658
Src_reg_loss	: 0.0365
-------------------------------------
[Epoch : 126/500]
Total_loss	: 0.0570
MMD_loss	: 2.0625
Src_reg_loss	: 0.0363
-------------------------------------
[Epoch : 127/500]
Total_loss	: 0.0568
MMD_loss	: 2.0594
Src_reg_loss	: 0.0362
-------------------------------------
[Epoch : 128/500]
Total_loss	: 0.0566
MMD_loss	: 2.0563
Src_reg_loss	: 0.0361
-------------------------------------
[Epoch : 129/500]
Total_loss	: 0.0564
MMD_loss	: 2.0534
Src_reg_loss	: 0.0359
-------------------------------------
[Epoch : 130/500]
Total_loss	: 0.0563
MMD_loss	: 2.0507
Src_reg_loss	: 0.0358
-------------------------------------
[Epoch : 131/500]
Total_loss	: 0.0561
MMD_loss	: 2.0480
Src_reg_loss	: 0.0356
-------------------------------------
[Epoch : 132/500]
Total_loss	: 0.0560
MMD_loss	: 2.0455
Src_reg_loss	: 0.0355
-------------------------------------
[Epoch : 133/500]
Total_loss	: 0.0558
MMD_loss	: 2.0430
Src_reg_loss	: 0.0354
-------------------------------------
[Epoch : 134/500]
Total_loss	: 0.0556
MMD_loss	: 2.0407
Src_reg_loss	: 0.0352
-------------------------------------
[Epoch : 135/500]
Total_loss	: 0.0555
MMD_loss	: 2.0385
Src_reg_loss	: 0.0351
-------------------------------------
[Epoch : 136/500]
Total_loss	: 0.0553
MMD_loss	: 2.0363
Src_reg_loss	: 0.0350
-------------------------------------
[Epoch : 137/500]
Total_loss	: 0.0552
MMD_loss	: 2.0343
Src_reg_loss	: 0.0348
-------------------------------------
[Epoch : 138/500]
Total_loss	: 0.0550
MMD_loss	: 2.0323
Src_reg_loss	: 0.0347
-------------------------------------
[Epoch : 139/500]
Total_loss	: 0.0549
MMD_loss	: 2.0305
Src_reg_loss	: 0.0346
-------------------------------------
[Epoch : 140/500]
Total_loss	: 0.0547
MMD_loss	: 2.0287
Src_reg_loss	: 0.0345
-------------------------------------
[Epoch : 141/500]
Total_loss	: 0.0546
MMD_loss	: 2.0269
Src_reg_loss	: 0.0343
-------------------------------------
[Epoch : 142/500]
Total_loss	: 0.0545
MMD_loss	: 2.0253
Src_reg_loss	: 0.0342
-------------------------------------
[Epoch : 143/500]
Total_loss	: 0.0543
MMD_loss	: 2.0237
Src_reg_loss	: 0.0341
-------------------------------------
[Epoch : 144/500]
Total_loss	: 0.0542
MMD_loss	: 2.0222
Src_reg_loss	: 0.0340
-------------------------------------
[Epoch : 145/500]
Total_loss	: 0.0541
MMD_loss	: 2.0207
Src_reg_loss	: 0.0339
-------------------------------------
[Epoch : 146/500]
Total_loss	: 0.0539
MMD_loss	: 2.0193
Src_reg_loss	: 0.0337
-------------------------------------
[Epoch : 147/500]
Total_loss	: 0.0538
MMD_loss	: 2.0180
Src_reg_loss	: 0.0336
-------------------------------------
[Epoch : 148/500]
Total_loss	: 0.0537
MMD_loss	: 2.0167
Src_reg_loss	: 0.0335
-------------------------------------
[Epoch : 149/500]
Total_loss	: 0.0535
MMD_loss	: 2.0154
Src_reg_loss	: 0.0334
-------------------------------------
[Epoch : 150/500]
Total_loss	: 0.0534
MMD_loss	: 2.0142
Src_reg_loss	: 0.0333
-------------------------------------
[Epoch : 151/500]
Total_loss	: 0.0533
MMD_loss	: 2.0131
Src_reg_loss	: 0.0332
-------------------------------------
[Epoch : 152/500]
Total_loss	: 0.0532
MMD_loss	: 2.0120
Src_reg_loss	: 0.0331
-------------------------------------
[Epoch : 153/500]
Total_loss	: 0.0531
MMD_loss	: 2.0109
Src_reg_loss	: 0.0330
-------------------------------------
[Epoch : 154/500]
Total_loss	: 0.0529
MMD_loss	: 2.0099
Src_reg_loss	: 0.0328
-------------------------------------
[Epoch : 155/500]
Total_loss	: 0.0528
MMD_loss	: 2.0089
Src_reg_loss	: 0.0327
-------------------------------------
[Epoch : 156/500]
Total_loss	: 0.0527
MMD_loss	: 2.0080
Src_reg_loss	: 0.0326
-------------------------------------
[Epoch : 157/500]
Total_loss	: 0.0526
MMD_loss	: 2.0071
Src_reg_loss	: 0.0325
-------------------------------------
[Epoch : 158/500]
Total_loss	: 0.0525
MMD_loss	: 2.0062
Src_reg_loss	: 0.0324
-------------------------------------
[Epoch : 159/500]
Total_loss	: 0.0524
MMD_loss	: 2.0053
Src_reg_loss	: 0.0323
-------------------------------------
[Epoch : 160/500]
Total_loss	: 0.0523
MMD_loss	: 2.0045
Src_reg_loss	: 0.0322
-------------------------------------
[Epoch : 161/500]
Total_loss	: 0.0522
MMD_loss	: 2.0037
Src_reg_loss	: 0.0321
-------------------------------------
[Epoch : 162/500]
Total_loss	: 0.0520
MMD_loss	: 2.0029
Src_reg_loss	: 0.0320
-------------------------------------
[Epoch : 163/500]
Total_loss	: 0.0519
MMD_loss	: 2.0022
Src_reg_loss	: 0.0319
-------------------------------------
[Epoch : 164/500]
Total_loss	: 0.0518
MMD_loss	: 2.0015
Src_reg_loss	: 0.0318
-------------------------------------
[Epoch : 165/500]
Total_loss	: 0.0517
MMD_loss	: 2.0008
Src_reg_loss	: 0.0317
-------------------------------------
[Epoch : 166/500]
Total_loss	: 0.0516
MMD_loss	: 2.0001
Src_reg_loss	: 0.0316
-------------------------------------
[Epoch : 167/500]
Total_loss	: 0.0515
MMD_loss	: 1.9995
Src_reg_loss	: 0.0315
-------------------------------------
[Epoch : 168/500]
Total_loss	: 0.0514
MMD_loss	: 1.9989
Src_reg_loss	: 0.0314
-------------------------------------
[Epoch : 169/500]
Total_loss	: 0.0513
MMD_loss	: 1.9983
Src_reg_loss	: 0.0313
-------------------------------------
[Epoch : 170/500]
Total_loss	: 0.0512
MMD_loss	: 1.9977
Src_reg_loss	: 0.0313
-------------------------------------
[Epoch : 171/500]
Total_loss	: 0.0511
MMD_loss	: 1.9971
Src_reg_loss	: 0.0312
-------------------------------------
[Epoch : 172/500]
Total_loss	: 0.0510
MMD_loss	: 1.9966
Src_reg_loss	: 0.0311
-------------------------------------
[Epoch : 173/500]
Total_loss	: 0.0509
MMD_loss	: 1.9960
Src_reg_loss	: 0.0310
-------------------------------------
[Epoch : 174/500]
Total_loss	: 0.0508
MMD_loss	: 1.9955
Src_reg_loss	: 0.0309
-------------------------------------
[Epoch : 175/500]
Total_loss	: 0.0508
MMD_loss	: 1.9950
Src_reg_loss	: 0.0308
-------------------------------------
[Epoch : 176/500]
Total_loss	: 0.0507
MMD_loss	: 1.9945
Src_reg_loss	: 0.0307
-------------------------------------
[Epoch : 177/500]
Total_loss	: 0.0506
MMD_loss	: 1.9940
Src_reg_loss	: 0.0306
-------------------------------------
[Epoch : 178/500]
Total_loss	: 0.0505
MMD_loss	: 1.9935
Src_reg_loss	: 0.0305
-------------------------------------
[Epoch : 179/500]
Total_loss	: 0.0504
MMD_loss	: 1.9930
Src_reg_loss	: 0.0305
-------------------------------------
[Epoch : 180/500]
Total_loss	: 0.0503
MMD_loss	: 1.9925
Src_reg_loss	: 0.0304
-------------------------------------
[Epoch : 181/500]
Total_loss	: 0.0502
MMD_loss	: 1.9920
Src_reg_loss	: 0.0303
-------------------------------------
[Epoch : 182/500]
Total_loss	: 0.0501
MMD_loss	: 1.9916
Src_reg_loss	: 0.0302
-------------------------------------
[Epoch : 183/500]
Total_loss	: 0.0500
MMD_loss	: 1.9911
Src_reg_loss	: 0.0301
-------------------------------------
[Epoch : 184/500]
Total_loss	: 0.0499
MMD_loss	: 1.9906
Src_reg_loss	: 0.0300
-------------------------------------
[Epoch : 185/500]
Total_loss	: 0.0499
MMD_loss	: 1.9902
Src_reg_loss	: 0.0300
-------------------------------------
[Epoch : 186/500]
Total_loss	: 0.0498
MMD_loss	: 1.9897
Src_reg_loss	: 0.0299
-------------------------------------
[Epoch : 187/500]
Total_loss	: 0.0497
MMD_loss	: 1.9893
Src_reg_loss	: 0.0298
-------------------------------------
[Epoch : 188/500]
Total_loss	: 0.0496
MMD_loss	: 1.9888
Src_reg_loss	: 0.0297
-------------------------------------
[Epoch : 189/500]
Total_loss	: 0.0495
MMD_loss	: 1.9884
Src_reg_loss	: 0.0296
-------------------------------------
[Epoch : 190/500]
Total_loss	: 0.0494
MMD_loss	: 1.9879
Src_reg_loss	: 0.0296
-------------------------------------
[Epoch : 191/500]
Total_loss	: 0.0493
MMD_loss	: 1.9874
Src_reg_loss	: 0.0295
-------------------------------------
[Epoch : 192/500]
Total_loss	: 0.0493
MMD_loss	: 1.9870
Src_reg_loss	: 0.0294
-------------------------------------
[Epoch : 193/500]
Total_loss	: 0.0492
MMD_loss	: 1.9865
Src_reg_loss	: 0.0293
-------------------------------------
[Epoch : 194/500]
Total_loss	: 0.0491
MMD_loss	: 1.9861
Src_reg_loss	: 0.0292
-------------------------------------
[Epoch : 195/500]
Total_loss	: 0.0490
MMD_loss	: 1.9856
Src_reg_loss	: 0.0292
-------------------------------------
[Epoch : 196/500]
Total_loss	: 0.0489
MMD_loss	: 1.9852
Src_reg_loss	: 0.0291
-------------------------------------
[Epoch : 197/500]
Total_loss	: 0.0489
MMD_loss	: 1.9847
Src_reg_loss	: 0.0290
-------------------------------------
[Epoch : 198/500]
Total_loss	: 0.0488
MMD_loss	: 1.9842
Src_reg_loss	: 0.0289
-------------------------------------
[Epoch : 199/500]
Total_loss	: 0.0487
MMD_loss	: 1.9837
Src_reg_loss	: 0.0289
-------------------------------------
[Epoch : 200/500]
Total_loss	: 0.0486
MMD_loss	: 1.9833
Src_reg_loss	: 0.0288
-------------------------------------
[Epoch : 201/500]
Total_loss	: 0.0486
MMD_loss	: 1.9828
Src_reg_loss	: 0.0287
-------------------------------------
[Epoch : 202/500]
Total_loss	: 0.0485
MMD_loss	: 1.9823
Src_reg_loss	: 0.0287
-------------------------------------
[Epoch : 203/500]
Total_loss	: 0.0484
MMD_loss	: 1.9818
Src_reg_loss	: 0.0286
-------------------------------------
[Epoch : 204/500]
Total_loss	: 0.0483
MMD_loss	: 1.9812
Src_reg_loss	: 0.0285
-------------------------------------
[Epoch : 205/500]
Total_loss	: 0.0482
MMD_loss	: 1.9807
Src_reg_loss	: 0.0284
-------------------------------------
[Epoch : 206/500]
Total_loss	: 0.0482
MMD_loss	: 1.9802
Src_reg_loss	: 0.0284
-------------------------------------
[Epoch : 207/500]
Total_loss	: 0.0481
MMD_loss	: 1.9796
Src_reg_loss	: 0.0283
-------------------------------------
[Epoch : 208/500]
Total_loss	: 0.0480
MMD_loss	: 1.9790
Src_reg_loss	: 0.0282
-------------------------------------
[Epoch : 209/500]
Total_loss	: 0.0479
MMD_loss	: 1.9785
Src_reg_loss	: 0.0282
-------------------------------------
[Epoch : 210/500]
Total_loss	: 0.0479
MMD_loss	: 1.9779
Src_reg_loss	: 0.0281
-------------------------------------
[Epoch : 211/500]
Total_loss	: 0.0478
MMD_loss	: 1.9773
Src_reg_loss	: 0.0280
-------------------------------------
[Epoch : 212/500]
Total_loss	: 0.0477
MMD_loss	: 1.9766
Src_reg_loss	: 0.0280
-------------------------------------
[Epoch : 213/500]
Total_loss	: 0.0477
MMD_loss	: 1.9760
Src_reg_loss	: 0.0279
-------------------------------------
[Epoch : 214/500]
Total_loss	: 0.0476
MMD_loss	: 1.9754
Src_reg_loss	: 0.0278
-------------------------------------
[Epoch : 215/500]
Total_loss	: 0.0475
MMD_loss	: 1.9747
Src_reg_loss	: 0.0278
-------------------------------------
[Epoch : 216/500]
Total_loss	: 0.0474
MMD_loss	: 1.9740
Src_reg_loss	: 0.0277
-------------------------------------
[Epoch : 217/500]
Total_loss	: 0.0474
MMD_loss	: 1.9733
Src_reg_loss	: 0.0276
-------------------------------------
[Epoch : 218/500]
Total_loss	: 0.0473
MMD_loss	: 1.9726
Src_reg_loss	: 0.0276
-------------------------------------
[Epoch : 219/500]
Total_loss	: 0.0472
MMD_loss	: 1.9719
Src_reg_loss	: 0.0275
-------------------------------------
[Epoch : 220/500]
Total_loss	: 0.0471
MMD_loss	: 1.9712
Src_reg_loss	: 0.0274
-------------------------------------
[Epoch : 221/500]
Total_loss	: 0.0471
MMD_loss	: 1.9704
Src_reg_loss	: 0.0274
-------------------------------------
[Epoch : 222/500]
Total_loss	: 0.0470
MMD_loss	: 1.9697
Src_reg_loss	: 0.0273
-------------------------------------
[Epoch : 223/500]
Total_loss	: 0.0469
MMD_loss	: 1.9689
Src_reg_loss	: 0.0272
-------------------------------------
[Epoch : 224/500]
Total_loss	: 0.0469
MMD_loss	: 1.9681
Src_reg_loss	: 0.0272
-------------------------------------
[Epoch : 225/500]
Total_loss	: 0.0468
MMD_loss	: 1.9673
Src_reg_loss	: 0.0271
-------------------------------------
[Epoch : 226/500]
Total_loss	: 0.0467
MMD_loss	: 1.9664
Src_reg_loss	: 0.0271
-------------------------------------
[Epoch : 227/500]
Total_loss	: 0.0467
MMD_loss	: 1.9656
Src_reg_loss	: 0.0270
-------------------------------------
[Epoch : 228/500]
Total_loss	: 0.0466
MMD_loss	: 1.9648
Src_reg_loss	: 0.0269
-------------------------------------
[Epoch : 229/500]
Total_loss	: 0.0465
MMD_loss	: 1.9639
Src_reg_loss	: 0.0269
-------------------------------------
[Epoch : 230/500]
Total_loss	: 0.0465
MMD_loss	: 1.9630
Src_reg_loss	: 0.0268
-------------------------------------
[Epoch : 231/500]
Total_loss	: 0.0464
MMD_loss	: 1.9621
Src_reg_loss	: 0.0268
-------------------------------------
[Epoch : 232/500]
Total_loss	: 0.0463
MMD_loss	: 1.9612
Src_reg_loss	: 0.0267
-------------------------------------
[Epoch : 233/500]
Total_loss	: 0.0462
MMD_loss	: 1.9602
Src_reg_loss	: 0.0266
-------------------------------------
[Epoch : 234/500]
Total_loss	: 0.0462
MMD_loss	: 1.9593
Src_reg_loss	: 0.0266
-------------------------------------
[Epoch : 235/500]
Total_loss	: 0.0461
MMD_loss	: 1.9583
Src_reg_loss	: 0.0265
-------------------------------------
[Epoch : 236/500]
Total_loss	: 0.0460
MMD_loss	: 1.9574
Src_reg_loss	: 0.0265
-------------------------------------
[Epoch : 237/500]
Total_loss	: 0.0460
MMD_loss	: 1.9564
Src_reg_loss	: 0.0264
-------------------------------------
[Epoch : 238/500]
Total_loss	: 0.0459
MMD_loss	: 1.9554
Src_reg_loss	: 0.0264
-------------------------------------
[Epoch : 239/500]
Total_loss	: 0.0458
MMD_loss	: 1.9543
Src_reg_loss	: 0.0263
-------------------------------------
[Epoch : 240/500]
Total_loss	: 0.0458
MMD_loss	: 1.9533
Src_reg_loss	: 0.0262
-------------------------------------
[Epoch : 241/500]
Total_loss	: 0.0457
MMD_loss	: 1.9523
Src_reg_loss	: 0.0262
-------------------------------------
[Epoch : 242/500]
Total_loss	: 0.0456
MMD_loss	: 1.9512
Src_reg_loss	: 0.0261
-------------------------------------
[Epoch : 243/500]
Total_loss	: 0.0456
MMD_loss	: 1.9501
Src_reg_loss	: 0.0261
-------------------------------------
[Epoch : 244/500]
Total_loss	: 0.0455
MMD_loss	: 1.9490
Src_reg_loss	: 0.0260
-------------------------------------
[Epoch : 245/500]
Total_loss	: 0.0454
MMD_loss	: 1.9479
Src_reg_loss	: 0.0260
-------------------------------------
[Epoch : 246/500]
Total_loss	: 0.0454
MMD_loss	: 1.9468
Src_reg_loss	: 0.0259
-------------------------------------
[Epoch : 247/500]
Total_loss	: 0.0453
MMD_loss	: 1.9456
Src_reg_loss	: 0.0259
-------------------------------------
[Epoch : 248/500]
Total_loss	: 0.0452
MMD_loss	: 1.9445
Src_reg_loss	: 0.0258
-------------------------------------
[Epoch : 249/500]
Total_loss	: 0.0452
MMD_loss	: 1.9433
Src_reg_loss	: 0.0257
-------------------------------------
[Epoch : 250/500]
Total_loss	: 0.0451
MMD_loss	: 1.9421
Src_reg_loss	: 0.0257
-------------------------------------
[Epoch : 251/500]
Total_loss	: 0.0451
MMD_loss	: 1.9410
Src_reg_loss	: 0.0256
-------------------------------------
[Epoch : 252/500]
Total_loss	: 0.0450
MMD_loss	: 1.9397
Src_reg_loss	: 0.0256
-------------------------------------
[Epoch : 253/500]
Total_loss	: 0.0449
MMD_loss	: 1.9385
Src_reg_loss	: 0.0255
-------------------------------------
[Epoch : 254/500]
Total_loss	: 0.0449
MMD_loss	: 1.9373
Src_reg_loss	: 0.0255
-------------------------------------
[Epoch : 255/500]
Total_loss	: 0.0448
MMD_loss	: 1.9361
Src_reg_loss	: 0.0254
-------------------------------------
[Epoch : 256/500]
Total_loss	: 0.0447
MMD_loss	: 1.9348
Src_reg_loss	: 0.0254
-------------------------------------
[Epoch : 257/500]
Total_loss	: 0.0447
MMD_loss	: 1.9335
Src_reg_loss	: 0.0253
-------------------------------------
[Epoch : 258/500]
Total_loss	: 0.0446
MMD_loss	: 1.9323
Src_reg_loss	: 0.0253
-------------------------------------
[Epoch : 259/500]
Total_loss	: 0.0445
MMD_loss	: 1.9310
Src_reg_loss	: 0.0252
-------------------------------------
[Epoch : 260/500]
Total_loss	: 0.0445
MMD_loss	: 1.9297
Src_reg_loss	: 0.0252
-------------------------------------
[Epoch : 261/500]
Total_loss	: 0.0444
MMD_loss	: 1.9283
Src_reg_loss	: 0.0251
-------------------------------------
[Epoch : 262/500]
Total_loss	: 0.0444
MMD_loss	: 1.9270
Src_reg_loss	: 0.0251
-------------------------------------
[Epoch : 263/500]
Total_loss	: 0.0443
MMD_loss	: 1.9257
Src_reg_loss	: 0.0250
-------------------------------------
[Epoch : 264/500]
Total_loss	: 0.0442
MMD_loss	: 1.9243
Src_reg_loss	: 0.0250
-------------------------------------
[Epoch : 265/500]
Total_loss	: 0.0442
MMD_loss	: 1.9230
Src_reg_loss	: 0.0249
-------------------------------------
[Epoch : 266/500]
Total_loss	: 0.0441
MMD_loss	: 1.9216
Src_reg_loss	: 0.0249
-------------------------------------
[Epoch : 267/500]
Total_loss	: 0.0440
MMD_loss	: 1.9202
Src_reg_loss	: 0.0248
-------------------------------------
[Epoch : 268/500]
Total_loss	: 0.0440
MMD_loss	: 1.9188
Src_reg_loss	: 0.0248
-------------------------------------
[Epoch : 269/500]
Total_loss	: 0.0439
MMD_loss	: 1.9174
Src_reg_loss	: 0.0247
-------------------------------------
[Epoch : 270/500]
Total_loss	: 0.0439
MMD_loss	: 1.9160
Src_reg_loss	: 0.0247
-------------------------------------
[Epoch : 271/500]
Total_loss	: 0.0438
MMD_loss	: 1.9146
Src_reg_loss	: 0.0246
-------------------------------------
[Epoch : 272/500]
Total_loss	: 0.0437
MMD_loss	: 1.9132
Src_reg_loss	: 0.0246
-------------------------------------
[Epoch : 273/500]
Total_loss	: 0.0437
MMD_loss	: 1.9117
Src_reg_loss	: 0.0246
-------------------------------------
[Epoch : 274/500]
Total_loss	: 0.0436
MMD_loss	: 1.9103
Src_reg_loss	: 0.0245
-------------------------------------
[Epoch : 275/500]
Total_loss	: 0.0435
MMD_loss	: 1.9089
Src_reg_loss	: 0.0245
-------------------------------------
[Epoch : 276/500]
Total_loss	: 0.0435
MMD_loss	: 1.9074
Src_reg_loss	: 0.0244
-------------------------------------
[Epoch : 277/500]
Total_loss	: 0.0434
MMD_loss	: 1.9059
Src_reg_loss	: 0.0244
-------------------------------------
[Epoch : 278/500]
Total_loss	: 0.0434
MMD_loss	: 1.9045
Src_reg_loss	: 0.0243
-------------------------------------
[Epoch : 279/500]
Total_loss	: 0.0433
MMD_loss	: 1.9030
Src_reg_loss	: 0.0243
-------------------------------------
[Epoch : 280/500]
Total_loss	: 0.0432
MMD_loss	: 1.9015
Src_reg_loss	: 0.0242
-------------------------------------
[Epoch : 281/500]
Total_loss	: 0.0432
MMD_loss	: 1.9000
Src_reg_loss	: 0.0242
-------------------------------------
[Epoch : 282/500]
Total_loss	: 0.0431
MMD_loss	: 1.8985
Src_reg_loss	: 0.0241
-------------------------------------
[Epoch : 283/500]
Total_loss	: 0.0431
MMD_loss	: 1.8970
Src_reg_loss	: 0.0241
-------------------------------------
[Epoch : 284/500]
Total_loss	: 0.0430
MMD_loss	: 1.8955
Src_reg_loss	: 0.0241
-------------------------------------
[Epoch : 285/500]
Total_loss	: 0.0430
MMD_loss	: 1.8940
Src_reg_loss	: 0.0240
-------------------------------------
[Epoch : 286/500]
Total_loss	: 0.0429
MMD_loss	: 1.8924
Src_reg_loss	: 0.0240
-------------------------------------
[Epoch : 287/500]
Total_loss	: 0.0428
MMD_loss	: 1.8909
Src_reg_loss	: 0.0239
-------------------------------------
[Epoch : 288/500]
Total_loss	: 0.0428
MMD_loss	: 1.8894
Src_reg_loss	: 0.0239
-------------------------------------
[Epoch : 289/500]
Total_loss	: 0.0427
MMD_loss	: 1.8878
Src_reg_loss	: 0.0238
-------------------------------------
[Epoch : 290/500]
Total_loss	: 0.0427
MMD_loss	: 1.8863
Src_reg_loss	: 0.0238
-------------------------------------
[Epoch : 291/500]
Total_loss	: 0.0426
MMD_loss	: 1.8847
Src_reg_loss	: 0.0238
-------------------------------------
[Epoch : 292/500]
Total_loss	: 0.0425
MMD_loss	: 1.8832
Src_reg_loss	: 0.0237
-------------------------------------
[Epoch : 293/500]
Total_loss	: 0.0425
MMD_loss	: 1.8816
Src_reg_loss	: 0.0237
-------------------------------------
[Epoch : 294/500]
Total_loss	: 0.0424
MMD_loss	: 1.8801
Src_reg_loss	: 0.0236
-------------------------------------
[Epoch : 295/500]
Total_loss	: 0.0424
MMD_loss	: 1.8785
Src_reg_loss	: 0.0236
-------------------------------------
[Epoch : 296/500]
Total_loss	: 0.0423
MMD_loss	: 1.8770
Src_reg_loss	: 0.0235
-------------------------------------
[Epoch : 297/500]
Total_loss	: 0.0423
MMD_loss	: 1.8754
Src_reg_loss	: 0.0235
-------------------------------------
[Epoch : 298/500]
Total_loss	: 0.0422
MMD_loss	: 1.8738
Src_reg_loss	: 0.0235
-------------------------------------
[Epoch : 299/500]
Total_loss	: 0.0421
MMD_loss	: 1.8722
Src_reg_loss	: 0.0234
-------------------------------------
[Epoch : 300/500]
Total_loss	: 0.0421
MMD_loss	: 1.8707
Src_reg_loss	: 0.0234
-------------------------------------
[Epoch : 301/500]
Total_loss	: 0.0420
MMD_loss	: 1.8691
Src_reg_loss	: 0.0233
-------------------------------------
[Epoch : 302/500]
Total_loss	: 0.0420
MMD_loss	: 1.8675
Src_reg_loss	: 0.0233
-------------------------------------
[Epoch : 303/500]
Total_loss	: 0.0419
MMD_loss	: 1.8659
Src_reg_loss	: 0.0233
-------------------------------------
[Epoch : 304/500]
Total_loss	: 0.0419
MMD_loss	: 1.8643
Src_reg_loss	: 0.0232
-------------------------------------
[Epoch : 305/500]
Total_loss	: 0.0418
MMD_loss	: 1.8627
Src_reg_loss	: 0.0232
-------------------------------------
[Epoch : 306/500]
Total_loss	: 0.0418
MMD_loss	: 1.8612
Src_reg_loss	: 0.0231
-------------------------------------
[Epoch : 307/500]
Total_loss	: 0.0417
MMD_loss	: 1.8596
Src_reg_loss	: 0.0231
-------------------------------------
[Epoch : 308/500]
Total_loss	: 0.0416
MMD_loss	: 1.8580
Src_reg_loss	: 0.0231
-------------------------------------
[Epoch : 309/500]
Total_loss	: 0.0416
MMD_loss	: 1.8564
Src_reg_loss	: 0.0230
-------------------------------------
[Epoch : 310/500]
Total_loss	: 0.0415
MMD_loss	: 1.8548
Src_reg_loss	: 0.0230
-------------------------------------
[Epoch : 311/500]
Total_loss	: 0.0415
MMD_loss	: 1.8532
Src_reg_loss	: 0.0229
-------------------------------------
[Epoch : 312/500]
Total_loss	: 0.0414
MMD_loss	: 1.8516
Src_reg_loss	: 0.0229
-------------------------------------
[Epoch : 313/500]
Total_loss	: 0.0414
MMD_loss	: 1.8500
Src_reg_loss	: 0.0229
-------------------------------------
[Epoch : 314/500]
Total_loss	: 0.0413
MMD_loss	: 1.8484
Src_reg_loss	: 0.0228
-------------------------------------
[Epoch : 315/500]
Total_loss	: 0.0413
MMD_loss	: 1.8468
Src_reg_loss	: 0.0228
-------------------------------------
[Epoch : 316/500]
Total_loss	: 0.0412
MMD_loss	: 1.8453
Src_reg_loss	: 0.0228
-------------------------------------
[Epoch : 317/500]
Total_loss	: 0.0412
MMD_loss	: 1.8437
Src_reg_loss	: 0.0227
-------------------------------------
[Epoch : 318/500]
Total_loss	: 0.0411
MMD_loss	: 1.8421
Src_reg_loss	: 0.0227
-------------------------------------
[Epoch : 319/500]
Total_loss	: 0.0411
MMD_loss	: 1.8405
Src_reg_loss	: 0.0226
-------------------------------------
[Epoch : 320/500]
Total_loss	: 0.0410
MMD_loss	: 1.8389
Src_reg_loss	: 0.0226
-------------------------------------
[Epoch : 321/500]
Total_loss	: 0.0409
MMD_loss	: 1.8373
Src_reg_loss	: 0.0226
-------------------------------------
[Epoch : 322/500]
Total_loss	: 0.0409
MMD_loss	: 1.8357
Src_reg_loss	: 0.0225
-------------------------------------
[Epoch : 323/500]
Total_loss	: 0.0408
MMD_loss	: 1.8341
Src_reg_loss	: 0.0225
-------------------------------------
[Epoch : 324/500]
Total_loss	: 0.0408
MMD_loss	: 1.8326
Src_reg_loss	: 0.0225
-------------------------------------
[Epoch : 325/500]
Total_loss	: 0.0407
MMD_loss	: 1.8310
Src_reg_loss	: 0.0224
-------------------------------------
[Epoch : 326/500]
Total_loss	: 0.0407
MMD_loss	: 1.8294
Src_reg_loss	: 0.0224
-------------------------------------
[Epoch : 327/500]
Total_loss	: 0.0406
MMD_loss	: 1.8278
Src_reg_loss	: 0.0224
-------------------------------------
[Epoch : 328/500]
Total_loss	: 0.0406
MMD_loss	: 1.8263
Src_reg_loss	: 0.0223
-------------------------------------
[Epoch : 329/500]
Total_loss	: 0.0405
MMD_loss	: 1.8247
Src_reg_loss	: 0.0223
-------------------------------------
[Epoch : 330/500]
Total_loss	: 0.0405
MMD_loss	: 1.8231
Src_reg_loss	: 0.0223
-------------------------------------
[Epoch : 331/500]
Total_loss	: 0.0404
MMD_loss	: 1.8216
Src_reg_loss	: 0.0222
-------------------------------------
[Epoch : 332/500]
Total_loss	: 0.0404
MMD_loss	: 1.8200
Src_reg_loss	: 0.0222
-------------------------------------
[Epoch : 333/500]
Total_loss	: 0.0403
MMD_loss	: 1.8184
Src_reg_loss	: 0.0221
-------------------------------------
[Epoch : 334/500]
Total_loss	: 0.0403
MMD_loss	: 1.8169
Src_reg_loss	: 0.0221
-------------------------------------
[Epoch : 335/500]
Total_loss	: 0.0402
MMD_loss	: 1.8153
Src_reg_loss	: 0.0221
-------------------------------------
[Epoch : 336/500]
Total_loss	: 0.0402
MMD_loss	: 1.8138
Src_reg_loss	: 0.0220
-------------------------------------
[Epoch : 337/500]
Total_loss	: 0.0401
MMD_loss	: 1.8122
Src_reg_loss	: 0.0220
-------------------------------------
[Epoch : 338/500]
Total_loss	: 0.0401
MMD_loss	: 1.8107
Src_reg_loss	: 0.0220
-------------------------------------
[Epoch : 339/500]
Total_loss	: 0.0400
MMD_loss	: 1.8092
Src_reg_loss	: 0.0219
-------------------------------------
[Epoch : 340/500]
Total_loss	: 0.0400
MMD_loss	: 1.8076
Src_reg_loss	: 0.0219
-------------------------------------
[Epoch : 341/500]
Total_loss	: 0.0399
MMD_loss	: 1.8061
Src_reg_loss	: 0.0219
-------------------------------------
[Epoch : 342/500]
Total_loss	: 0.0399
MMD_loss	: 1.8046
Src_reg_loss	: 0.0218
-------------------------------------
[Epoch : 343/500]
Total_loss	: 0.0398
MMD_loss	: 1.8030
Src_reg_loss	: 0.0218
-------------------------------------
[Epoch : 344/500]
Total_loss	: 0.0398
MMD_loss	: 1.8015
Src_reg_loss	: 0.0218
-------------------------------------
[Epoch : 345/500]
Total_loss	: 0.0397
MMD_loss	: 1.8000
Src_reg_loss	: 0.0217
-------------------------------------
[Epoch : 346/500]
Total_loss	: 0.0397
MMD_loss	: 1.7985
Src_reg_loss	: 0.0217
-------------------------------------
[Epoch : 347/500]
Total_loss	: 0.0397
MMD_loss	: 1.7970
Src_reg_loss	: 0.0217
-------------------------------------
[Epoch : 348/500]
Total_loss	: 0.0396
MMD_loss	: 1.7955
Src_reg_loss	: 0.0216
-------------------------------------
[Epoch : 349/500]
Total_loss	: 0.0396
MMD_loss	: 1.7940
Src_reg_loss	: 0.0216
-------------------------------------
[Epoch : 350/500]
Total_loss	: 0.0395
MMD_loss	: 1.7925
Src_reg_loss	: 0.0216
-------------------------------------
[Epoch : 351/500]
Total_loss	: 0.0395
MMD_loss	: 1.7910
Src_reg_loss	: 0.0216
-------------------------------------
[Epoch : 352/500]
Total_loss	: 0.0394
MMD_loss	: 1.7895
Src_reg_loss	: 0.0215
-------------------------------------
[Epoch : 353/500]
Total_loss	: 0.0394
MMD_loss	: 1.7880
Src_reg_loss	: 0.0215
-------------------------------------
[Epoch : 354/500]
Total_loss	: 0.0393
MMD_loss	: 1.7866
Src_reg_loss	: 0.0215
-------------------------------------
[Epoch : 355/500]
Total_loss	: 0.0393
MMD_loss	: 1.7851
Src_reg_loss	: 0.0214
-------------------------------------
[Epoch : 356/500]
Total_loss	: 0.0392
MMD_loss	: 1.7836
Src_reg_loss	: 0.0214
-------------------------------------
[Epoch : 357/500]
Total_loss	: 0.0392
MMD_loss	: 1.7822
Src_reg_loss	: 0.0214
-------------------------------------
[Epoch : 358/500]
Total_loss	: 0.0391
MMD_loss	: 1.7807
Src_reg_loss	: 0.0213
-------------------------------------
[Epoch : 359/500]
Total_loss	: 0.0391
MMD_loss	: 1.7793
Src_reg_loss	: 0.0213
-------------------------------------
[Epoch : 360/500]
Total_loss	: 0.0391
MMD_loss	: 1.7778
Src_reg_loss	: 0.0213
-------------------------------------
[Epoch : 361/500]
Total_loss	: 0.0390
MMD_loss	: 1.7764
Src_reg_loss	: 0.0212
-------------------------------------
[Epoch : 362/500]
Total_loss	: 0.0390
MMD_loss	: 1.7750
Src_reg_loss	: 0.0212
-------------------------------------
[Epoch : 363/500]
Total_loss	: 0.0389
MMD_loss	: 1.7736
Src_reg_loss	: 0.0212
-------------------------------------
[Epoch : 364/500]
Total_loss	: 0.0389
MMD_loss	: 1.7721
Src_reg_loss	: 0.0212
-------------------------------------
[Epoch : 365/500]
Total_loss	: 0.0388
MMD_loss	: 1.7707
Src_reg_loss	: 0.0211
-------------------------------------
[Epoch : 366/500]
Total_loss	: 0.0388
MMD_loss	: 1.7693
Src_reg_loss	: 0.0211
-------------------------------------
[Epoch : 367/500]
Total_loss	: 0.0387
MMD_loss	: 1.7679
Src_reg_loss	: 0.0211
-------------------------------------
[Epoch : 368/500]
Total_loss	: 0.0387
MMD_loss	: 1.7665
Src_reg_loss	: 0.0210
-------------------------------------
[Epoch : 369/500]
Total_loss	: 0.0387
MMD_loss	: 1.7651
Src_reg_loss	: 0.0210
-------------------------------------
[Epoch : 370/500]
Total_loss	: 0.0386
MMD_loss	: 1.7637
Src_reg_loss	: 0.0210
-------------------------------------
[Epoch : 371/500]
Total_loss	: 0.0386
MMD_loss	: 1.7624
Src_reg_loss	: 0.0209
-------------------------------------
[Epoch : 372/500]
Total_loss	: 0.0385
MMD_loss	: 1.7610
Src_reg_loss	: 0.0209
-------------------------------------
[Epoch : 373/500]
Total_loss	: 0.0385
MMD_loss	: 1.7596
Src_reg_loss	: 0.0209
-------------------------------------
[Epoch : 374/500]
Total_loss	: 0.0384
MMD_loss	: 1.7582
Src_reg_loss	: 0.0209
-------------------------------------
[Epoch : 375/500]
Total_loss	: 0.0384
MMD_loss	: 1.7569
Src_reg_loss	: 0.0208
-------------------------------------
[Epoch : 376/500]
Total_loss	: 0.0384
MMD_loss	: 1.7555
Src_reg_loss	: 0.0208
-------------------------------------
[Epoch : 377/500]
Total_loss	: 0.0383
MMD_loss	: 1.7542
Src_reg_loss	: 0.0208
-------------------------------------
[Epoch : 378/500]
Total_loss	: 0.0383
MMD_loss	: 1.7528
Src_reg_loss	: 0.0207
-------------------------------------
[Epoch : 379/500]
Total_loss	: 0.0382
MMD_loss	: 1.7515
Src_reg_loss	: 0.0207
-------------------------------------
[Epoch : 380/500]
Total_loss	: 0.0382
MMD_loss	: 1.7502
Src_reg_loss	: 0.0207
-------------------------------------
[Epoch : 381/500]
Total_loss	: 0.0382
MMD_loss	: 1.7488
Src_reg_loss	: 0.0207
-------------------------------------
[Epoch : 382/500]
Total_loss	: 0.0381
MMD_loss	: 1.7475
Src_reg_loss	: 0.0206
-------------------------------------
[Epoch : 383/500]
Total_loss	: 0.0381
MMD_loss	: 1.7462
Src_reg_loss	: 0.0206
-------------------------------------
[Epoch : 384/500]
Total_loss	: 0.0380
MMD_loss	: 1.7449
Src_reg_loss	: 0.0206
-------------------------------------
[Epoch : 385/500]
Total_loss	: 0.0380
MMD_loss	: 1.7436
Src_reg_loss	: 0.0206
-------------------------------------
[Epoch : 386/500]
Total_loss	: 0.0379
MMD_loss	: 1.7423
Src_reg_loss	: 0.0205
-------------------------------------
[Epoch : 387/500]
Total_loss	: 0.0379
MMD_loss	: 1.7410
Src_reg_loss	: 0.0205
-------------------------------------
[Epoch : 388/500]
Total_loss	: 0.0379
MMD_loss	: 1.7397
Src_reg_loss	: 0.0205
-------------------------------------
[Epoch : 389/500]
Total_loss	: 0.0378
MMD_loss	: 1.7384
Src_reg_loss	: 0.0204
-------------------------------------
[Epoch : 390/500]
Total_loss	: 0.0378
MMD_loss	: 1.7371
Src_reg_loss	: 0.0204
-------------------------------------
[Epoch : 391/500]
Total_loss	: 0.0377
MMD_loss	: 1.7359
Src_reg_loss	: 0.0204
-------------------------------------
[Epoch : 392/500]
Total_loss	: 0.0377
MMD_loss	: 1.7346
Src_reg_loss	: 0.0204
-------------------------------------
[Epoch : 393/500]
Total_loss	: 0.0377
MMD_loss	: 1.7333
Src_reg_loss	: 0.0203
-------------------------------------
[Epoch : 394/500]
Total_loss	: 0.0376
MMD_loss	: 1.7321
Src_reg_loss	: 0.0203
-------------------------------------
[Epoch : 395/500]
Total_loss	: 0.0376
MMD_loss	: 1.7308
Src_reg_loss	: 0.0203
-------------------------------------
[Epoch : 396/500]
Total_loss	: 0.0376
MMD_loss	: 1.7296
Src_reg_loss	: 0.0203
-------------------------------------
[Epoch : 397/500]
Total_loss	: 0.0375
MMD_loss	: 1.7284
Src_reg_loss	: 0.0202
-------------------------------------
[Epoch : 398/500]
Total_loss	: 0.0375
MMD_loss	: 1.7271
Src_reg_loss	: 0.0202
-------------------------------------
[Epoch : 399/500]
Total_loss	: 0.0374
MMD_loss	: 1.7259
Src_reg_loss	: 0.0202
-------------------------------------
[Epoch : 400/500]
Total_loss	: 0.0374
MMD_loss	: 1.7247
Src_reg_loss	: 0.0202
-------------------------------------
[Epoch : 401/500]
Total_loss	: 0.0374
MMD_loss	: 1.7235
Src_reg_loss	: 0.0201
-------------------------------------
[Epoch : 402/500]
Total_loss	: 0.0373
MMD_loss	: 1.7223
Src_reg_loss	: 0.0201
-------------------------------------
[Epoch : 403/500]
Total_loss	: 0.0373
MMD_loss	: 1.7211
Src_reg_loss	: 0.0201
-------------------------------------
[Epoch : 404/500]
Total_loss	: 0.0373
MMD_loss	: 1.7199
Src_reg_loss	: 0.0201
-------------------------------------
[Epoch : 405/500]
Total_loss	: 0.0372
MMD_loss	: 1.7187
Src_reg_loss	: 0.0200
-------------------------------------
[Epoch : 406/500]
Total_loss	: 0.0372
MMD_loss	: 1.7175
Src_reg_loss	: 0.0200
-------------------------------------
[Epoch : 407/500]
Total_loss	: 0.0371
MMD_loss	: 1.7163
Src_reg_loss	: 0.0200
-------------------------------------
[Epoch : 408/500]
Total_loss	: 0.0371
MMD_loss	: 1.7151
Src_reg_loss	: 0.0200
-------------------------------------
[Epoch : 409/500]
Total_loss	: 0.0371
MMD_loss	: 1.7140
Src_reg_loss	: 0.0199
-------------------------------------
[Epoch : 410/500]
Total_loss	: 0.0370
MMD_loss	: 1.7128
Src_reg_loss	: 0.0199
-------------------------------------
[Epoch : 411/500]
Total_loss	: 0.0370
MMD_loss	: 1.7117
Src_reg_loss	: 0.0199
-------------------------------------
[Epoch : 412/500]
Total_loss	: 0.0370
MMD_loss	: 1.7105
Src_reg_loss	: 0.0199
-------------------------------------
[Epoch : 413/500]
Total_loss	: 0.0369
MMD_loss	: 1.7094
Src_reg_loss	: 0.0198
-------------------------------------
[Epoch : 414/500]
Total_loss	: 0.0369
MMD_loss	: 1.7082
Src_reg_loss	: 0.0198
-------------------------------------
[Epoch : 415/500]
Total_loss	: 0.0369
MMD_loss	: 1.7071
Src_reg_loss	: 0.0198
-------------------------------------
[Epoch : 416/500]
Total_loss	: 0.0368
MMD_loss	: 1.7060
Src_reg_loss	: 0.0198
-------------------------------------
[Epoch : 417/500]
Total_loss	: 0.0368
MMD_loss	: 1.7049
Src_reg_loss	: 0.0197
-------------------------------------
[Epoch : 418/500]
Total_loss	: 0.0367
MMD_loss	: 1.7038
Src_reg_loss	: 0.0197
-------------------------------------
[Epoch : 419/500]
Total_loss	: 0.0367
MMD_loss	: 1.7027
Src_reg_loss	: 0.0197
-------------------------------------
[Epoch : 420/500]
Total_loss	: 0.0367
MMD_loss	: 1.7016
Src_reg_loss	: 0.0197
-------------------------------------
[Epoch : 421/500]
Total_loss	: 0.0366
MMD_loss	: 1.7005
Src_reg_loss	: 0.0196
-------------------------------------
[Epoch : 422/500]
Total_loss	: 0.0366
MMD_loss	: 1.6994
Src_reg_loss	: 0.0196
-------------------------------------
[Epoch : 423/500]
Total_loss	: 0.0366
MMD_loss	: 1.6983
Src_reg_loss	: 0.0196
-------------------------------------
[Epoch : 424/500]
Total_loss	: 0.0365
MMD_loss	: 1.6972
Src_reg_loss	: 0.0196
-------------------------------------
[Epoch : 425/500]
Total_loss	: 0.0365
MMD_loss	: 1.6962
Src_reg_loss	: 0.0195
-------------------------------------
[Epoch : 426/500]
Total_loss	: 0.0365
MMD_loss	: 1.6951
Src_reg_loss	: 0.0195
-------------------------------------
[Epoch : 427/500]
Total_loss	: 0.0364
MMD_loss	: 1.6940
Src_reg_loss	: 0.0195
-------------------------------------
[Epoch : 428/500]
Total_loss	: 0.0364
MMD_loss	: 1.6930
Src_reg_loss	: 0.0195
-------------------------------------
[Epoch : 429/500]
Total_loss	: 0.0364
MMD_loss	: 1.6919
Src_reg_loss	: 0.0195
-------------------------------------
[Epoch : 430/500]
Total_loss	: 0.0363
MMD_loss	: 1.6909
Src_reg_loss	: 0.0194
-------------------------------------
[Epoch : 431/500]
Total_loss	: 0.0363
MMD_loss	: 1.6899
Src_reg_loss	: 0.0194
-------------------------------------
[Epoch : 432/500]
Total_loss	: 0.0363
MMD_loss	: 1.6888
Src_reg_loss	: 0.0194
-------------------------------------
[Epoch : 433/500]
Total_loss	: 0.0362
MMD_loss	: 1.6878
Src_reg_loss	: 0.0194
-------------------------------------
[Epoch : 434/500]
Total_loss	: 0.0362
MMD_loss	: 1.6868
Src_reg_loss	: 0.0193
-------------------------------------
[Epoch : 435/500]
Total_loss	: 0.0362
MMD_loss	: 1.6858
Src_reg_loss	: 0.0193
-------------------------------------
[Epoch : 436/500]
Total_loss	: 0.0361
MMD_loss	: 1.6848
Src_reg_loss	: 0.0193
-------------------------------------
[Epoch : 437/500]
Total_loss	: 0.0361
MMD_loss	: 1.6838
Src_reg_loss	: 0.0193
-------------------------------------
[Epoch : 438/500]
Total_loss	: 0.0361
MMD_loss	: 1.6828
Src_reg_loss	: 0.0192
-------------------------------------
[Epoch : 439/500]
Total_loss	: 0.0360
MMD_loss	: 1.6818
Src_reg_loss	: 0.0192
-------------------------------------
[Epoch : 440/500]
Total_loss	: 0.0360
MMD_loss	: 1.6808
Src_reg_loss	: 0.0192
-------------------------------------
[Epoch : 441/500]
Total_loss	: 0.0360
MMD_loss	: 1.6798
Src_reg_loss	: 0.0192
-------------------------------------
[Epoch : 442/500]
Total_loss	: 0.0359
MMD_loss	: 1.6788
Src_reg_loss	: 0.0192
-------------------------------------
[Epoch : 443/500]
Total_loss	: 0.0359
MMD_loss	: 1.6779
Src_reg_loss	: 0.0191
-------------------------------------
[Epoch : 444/500]
Total_loss	: 0.0359
MMD_loss	: 1.6769
Src_reg_loss	: 0.0191
-------------------------------------
[Epoch : 445/500]
Total_loss	: 0.0359
MMD_loss	: 1.6759
Src_reg_loss	: 0.0191
-------------------------------------
[Epoch : 446/500]
Total_loss	: 0.0358
MMD_loss	: 1.6750
Src_reg_loss	: 0.0191
-------------------------------------
[Epoch : 447/500]
Total_loss	: 0.0358
MMD_loss	: 1.6740
Src_reg_loss	: 0.0191
-------------------------------------
[Epoch : 448/500]
Total_loss	: 0.0358
MMD_loss	: 1.6731
Src_reg_loss	: 0.0190
-------------------------------------
[Epoch : 449/500]
Total_loss	: 0.0357
MMD_loss	: 1.6722
Src_reg_loss	: 0.0190
-------------------------------------
[Epoch : 450/500]
Total_loss	: 0.0357
MMD_loss	: 1.6712
Src_reg_loss	: 0.0190
-------------------------------------
[Epoch : 451/500]
Total_loss	: 0.0357
MMD_loss	: 1.6703
Src_reg_loss	: 0.0190
-------------------------------------
[Epoch : 452/500]
Total_loss	: 0.0356
MMD_loss	: 1.6694
Src_reg_loss	: 0.0189
-------------------------------------
[Epoch : 453/500]
Total_loss	: 0.0356
MMD_loss	: 1.6685
Src_reg_loss	: 0.0189
-------------------------------------
[Epoch : 454/500]
Total_loss	: 0.0356
MMD_loss	: 1.6676
Src_reg_loss	: 0.0189
-------------------------------------
[Epoch : 455/500]
Total_loss	: 0.0355
MMD_loss	: 1.6666
Src_reg_loss	: 0.0189
-------------------------------------
[Epoch : 456/500]
Total_loss	: 0.0355
MMD_loss	: 1.6657
Src_reg_loss	: 0.0189
-------------------------------------
[Epoch : 457/500]
Total_loss	: 0.0355
MMD_loss	: 1.6648
Src_reg_loss	: 0.0188
-------------------------------------
[Epoch : 458/500]
Total_loss	: 0.0355
MMD_loss	: 1.6640
Src_reg_loss	: 0.0188
-------------------------------------
[Epoch : 459/500]
Total_loss	: 0.0354
MMD_loss	: 1.6631
Src_reg_loss	: 0.0188
-------------------------------------
[Epoch : 460/500]
Total_loss	: 0.0354
MMD_loss	: 1.6622
Src_reg_loss	: 0.0188
-------------------------------------
[Epoch : 461/500]
Total_loss	: 0.0354
MMD_loss	: 1.6613
Src_reg_loss	: 0.0188
-------------------------------------
[Epoch : 462/500]
Total_loss	: 0.0353
MMD_loss	: 1.6604
Src_reg_loss	: 0.0187
-------------------------------------
[Epoch : 463/500]
Total_loss	: 0.0353
MMD_loss	: 1.6596
Src_reg_loss	: 0.0187
-------------------------------------
[Epoch : 464/500]
Total_loss	: 0.0353
MMD_loss	: 1.6587
Src_reg_loss	: 0.0187
-------------------------------------
[Epoch : 465/500]
Total_loss	: 0.0353
MMD_loss	: 1.6579
Src_reg_loss	: 0.0187
-------------------------------------
[Epoch : 466/500]
Total_loss	: 0.0352
MMD_loss	: 1.6570
Src_reg_loss	: 0.0187
-------------------------------------
[Epoch : 467/500]
Total_loss	: 0.0352
MMD_loss	: 1.6562
Src_reg_loss	: 0.0186
-------------------------------------
[Epoch : 468/500]
Total_loss	: 0.0352
MMD_loss	: 1.6553
Src_reg_loss	: 0.0186
-------------------------------------
[Epoch : 469/500]
Total_loss	: 0.0351
MMD_loss	: 1.6545
Src_reg_loss	: 0.0186
-------------------------------------
[Epoch : 470/500]
Total_loss	: 0.0351
MMD_loss	: 1.6536
Src_reg_loss	: 0.0186
-------------------------------------
[Epoch : 471/500]
Total_loss	: 0.0351
MMD_loss	: 1.6528
Src_reg_loss	: 0.0186
-------------------------------------
[Epoch : 472/500]
Total_loss	: 0.0351
MMD_loss	: 1.6520
Src_reg_loss	: 0.0185
-------------------------------------
[Epoch : 473/500]
Total_loss	: 0.0350
MMD_loss	: 1.6512
Src_reg_loss	: 0.0185
-------------------------------------
[Epoch : 474/500]
Total_loss	: 0.0350
MMD_loss	: 1.6504
Src_reg_loss	: 0.0185
-------------------------------------
[Epoch : 475/500]
Total_loss	: 0.0350
MMD_loss	: 1.6496
Src_reg_loss	: 0.0185
-------------------------------------
[Epoch : 476/500]
Total_loss	: 0.0349
MMD_loss	: 1.6488
Src_reg_loss	: 0.0185
-------------------------------------
[Epoch : 477/500]
Total_loss	: 0.0349
MMD_loss	: 1.6480
Src_reg_loss	: 0.0184
-------------------------------------
[Epoch : 478/500]
Total_loss	: 0.0349
MMD_loss	: 1.6472
Src_reg_loss	: 0.0184
-------------------------------------
[Epoch : 479/500]
Total_loss	: 0.0349
MMD_loss	: 1.6464
Src_reg_loss	: 0.0184
-------------------------------------
[Epoch : 480/500]
Total_loss	: 0.0348
MMD_loss	: 1.6456
Src_reg_loss	: 0.0184
-------------------------------------
[Epoch : 481/500]
Total_loss	: 0.0348
MMD_loss	: 1.6448
Src_reg_loss	: 0.0184
-------------------------------------
[Epoch : 482/500]
Total_loss	: 0.0348
MMD_loss	: 1.6441
Src_reg_loss	: 0.0183
-------------------------------------
[Epoch : 483/500]
Total_loss	: 0.0348
MMD_loss	: 1.6433
Src_reg_loss	: 0.0183
-------------------------------------
[Epoch : 484/500]
Total_loss	: 0.0347
MMD_loss	: 1.6425
Src_reg_loss	: 0.0183
-------------------------------------
[Epoch : 485/500]
Total_loss	: 0.0347
MMD_loss	: 1.6418
Src_reg_loss	: 0.0183
-------------------------------------
[Epoch : 486/500]
Total_loss	: 0.0347
MMD_loss	: 1.6410
Src_reg_loss	: 0.0183
-------------------------------------
[Epoch : 487/500]
Total_loss	: 0.0347
MMD_loss	: 1.6403
Src_reg_loss	: 0.0183
-------------------------------------
[Epoch : 488/500]
Total_loss	: 0.0346
MMD_loss	: 1.6395
Src_reg_loss	: 0.0182
-------------------------------------
[Epoch : 489/500]
Total_loss	: 0.0346
MMD_loss	: 1.6388
Src_reg_loss	: 0.0182
-------------------------------------
[Epoch : 490/500]
Total_loss	: 0.0346
MMD_loss	: 1.6380
Src_reg_loss	: 0.0182
-------------------------------------
[Epoch : 491/500]
Total_loss	: 0.0346
MMD_loss	: 1.6373
Src_reg_loss	: 0.0182
-------------------------------------
[Epoch : 492/500]
Total_loss	: 0.0345
MMD_loss	: 1.6366
Src_reg_loss	: 0.0182
-------------------------------------
[Epoch : 493/500]
Total_loss	: 0.0345
MMD_loss	: 1.6358
Src_reg_loss	: 0.0181
-------------------------------------
[Epoch : 494/500]
Total_loss	: 0.0345
MMD_loss	: 1.6351
Src_reg_loss	: 0.0181
-------------------------------------
[Epoch : 495/500]
Total_loss	: 0.0345
MMD_loss	: 1.6344
Src_reg_loss	: 0.0181
-------------------------------------
[Epoch : 496/500]
Total_loss	: 0.0344
MMD_loss	: 1.6337
Src_reg_loss	: 0.0181
-------------------------------------
[Epoch : 497/500]
Total_loss	: 0.0344
MMD_loss	: 1.6330
Src_reg_loss	: 0.0181
-------------------------------------
[Epoch : 498/500]
Total_loss	: 0.0344
MMD_loss	: 1.6323
Src_reg_loss	: 0.0181
-------------------------------------
[Epoch : 499/500]
Total_loss	: 0.0344
MMD_loss	: 1.6316
Src_reg_loss	: 0.0180
-------------------------------------
[Epoch : 500/500]
Total_loss	: 0.0343
MMD_loss	: 1.6309
Src_reg_loss	: 0.0180
-------------------------------------
