=============================================
Dataset: Airbox
Method:  AirDA
=============================================
Source: 0 ---> Target: 5
=============================================
[Epoch : 1/500]
Total_loss	: 0.3390
MMD_loss	: 3.0546
cond_ent_wt	: 4.8494
Src_reg_loss	: 0.2600
-------------------------------------
[Epoch : 2/500]
Total_loss	: 0.3270
MMD_loss	: 3.0536
cond_ent_wt	: 4.8493
Src_reg_loss	: 0.2480
-------------------------------------
[Epoch : 3/500]
Total_loss	: 0.3155
MMD_loss	: 3.0488
cond_ent_wt	: 4.8491
Src_reg_loss	: 0.2365
-------------------------------------
[Epoch : 4/500]
Total_loss	: 0.3042
MMD_loss	: 3.0402
cond_ent_wt	: 4.8489
Src_reg_loss	: 0.2253
-------------------------------------
[Epoch : 5/500]
Total_loss	: 0.2927
MMD_loss	: 3.0278
cond_ent_wt	: 4.8486
Src_reg_loss	: 0.2139
-------------------------------------
[Epoch : 6/500]
Total_loss	: 0.2808
MMD_loss	: 3.0110
cond_ent_wt	: 4.8483
Src_reg_loss	: 0.2023
-------------------------------------
[Epoch : 7/500]
Total_loss	: 0.2687
MMD_loss	: 2.9895
cond_ent_wt	: 4.8478
Src_reg_loss	: 0.1903
-------------------------------------
[Epoch : 8/500]
Total_loss	: 0.2563
MMD_loss	: 2.9626
cond_ent_wt	: 4.8472
Src_reg_loss	: 0.1782
-------------------------------------
[Epoch : 9/500]
Total_loss	: 0.2439
MMD_loss	: 2.9297
cond_ent_wt	: 4.8465
Src_reg_loss	: 0.1662
-------------------------------------
[Epoch : 10/500]
Total_loss	: 0.2320
MMD_loss	: 2.8907
cond_ent_wt	: 4.8455
Src_reg_loss	: 0.1546
-------------------------------------
[Epoch : 11/500]
Total_loss	: 0.2211
MMD_loss	: 2.8467
cond_ent_wt	: 4.8442
Src_reg_loss	: 0.1441
-------------------------------------
[Epoch : 12/500]
Total_loss	: 0.2118
MMD_loss	: 2.8015
cond_ent_wt	: 4.8428
Src_reg_loss	: 0.1354
-------------------------------------
[Epoch : 13/500]
Total_loss	: 0.2042
MMD_loss	: 2.7610
cond_ent_wt	: 4.8414
Src_reg_loss	: 0.1281
-------------------------------------
[Epoch : 14/500]
Total_loss	: 0.1975
MMD_loss	: 2.7292
cond_ent_wt	: 4.8402
Src_reg_loss	: 0.1218
-------------------------------------
[Epoch : 15/500]
Total_loss	: 0.1916
MMD_loss	: 2.7065
cond_ent_wt	: 4.8393
Src_reg_loss	: 0.1161
-------------------------------------
[Epoch : 16/500]
Total_loss	: 0.1863
MMD_loss	: 2.6909
cond_ent_wt	: 4.8387
Src_reg_loss	: 0.1111
-------------------------------------
[Epoch : 17/500]
Total_loss	: 0.1818
MMD_loss	: 2.6804
cond_ent_wt	: 4.8382
Src_reg_loss	: 0.1066
-------------------------------------
[Epoch : 18/500]
Total_loss	: 0.1778
MMD_loss	: 2.6728
cond_ent_wt	: 4.8378
Src_reg_loss	: 0.1027
-------------------------------------
[Epoch : 19/500]
Total_loss	: 0.1742
MMD_loss	: 2.6670
cond_ent_wt	: 4.8374
Src_reg_loss	: 0.0992
-------------------------------------
[Epoch : 20/500]
Total_loss	: 0.1710
MMD_loss	: 2.6624
cond_ent_wt	: 4.8370
Src_reg_loss	: 0.0960
-------------------------------------
[Epoch : 21/500]
Total_loss	: 0.1680
MMD_loss	: 2.6587
cond_ent_wt	: 4.8366
Src_reg_loss	: 0.0931
-------------------------------------
[Epoch : 22/500]
Total_loss	: 0.1653
MMD_loss	: 2.6561
cond_ent_wt	: 4.8362
Src_reg_loss	: 0.0904
-------------------------------------
[Epoch : 23/500]
Total_loss	: 0.1629
MMD_loss	: 2.6547
cond_ent_wt	: 4.8359
Src_reg_loss	: 0.0880
-------------------------------------
[Epoch : 24/500]
Total_loss	: 0.1607
MMD_loss	: 2.6544
cond_ent_wt	: 4.8356
Src_reg_loss	: 0.0858
-------------------------------------
[Epoch : 25/500]
Total_loss	: 0.1586
MMD_loss	: 2.6553
cond_ent_wt	: 4.8353
Src_reg_loss	: 0.0837
-------------------------------------
[Epoch : 26/500]
Total_loss	: 0.1567
MMD_loss	: 2.6569
cond_ent_wt	: 4.8351
Src_reg_loss	: 0.0818
-------------------------------------
[Epoch : 27/500]
Total_loss	: 0.1549
MMD_loss	: 2.6592
cond_ent_wt	: 4.8349
Src_reg_loss	: 0.0800
-------------------------------------
[Epoch : 28/500]
Total_loss	: 0.1533
MMD_loss	: 2.6618
cond_ent_wt	: 4.8347
Src_reg_loss	: 0.0783
-------------------------------------
[Epoch : 29/500]
Total_loss	: 0.1518
MMD_loss	: 2.6645
cond_ent_wt	: 4.8345
Src_reg_loss	: 0.0768
-------------------------------------
[Epoch : 30/500]
Total_loss	: 0.1503
MMD_loss	: 2.6674
cond_ent_wt	: 4.8343
Src_reg_loss	: 0.0753
-------------------------------------
[Epoch : 31/500]
Total_loss	: 0.1490
MMD_loss	: 2.6703
cond_ent_wt	: 4.8341
Src_reg_loss	: 0.0740
-------------------------------------
[Epoch : 32/500]
Total_loss	: 0.1477
MMD_loss	: 2.6731
cond_ent_wt	: 4.8340
Src_reg_loss	: 0.0727
-------------------------------------
[Epoch : 33/500]
Total_loss	: 0.1465
MMD_loss	: 2.6756
cond_ent_wt	: 4.8338
Src_reg_loss	: 0.0715
-------------------------------------
[Epoch : 34/500]
Total_loss	: 0.1454
MMD_loss	: 2.6778
cond_ent_wt	: 4.8337
Src_reg_loss	: 0.0703
-------------------------------------
[Epoch : 35/500]
Total_loss	: 0.1443
MMD_loss	: 2.6795
cond_ent_wt	: 4.8336
Src_reg_loss	: 0.0692
-------------------------------------
[Epoch : 36/500]
Total_loss	: 0.1433
MMD_loss	: 2.6805
cond_ent_wt	: 4.8335
Src_reg_loss	: 0.0682
-------------------------------------
[Epoch : 37/500]
Total_loss	: 0.1423
MMD_loss	: 2.6807
cond_ent_wt	: 4.8334
Src_reg_loss	: 0.0672
-------------------------------------
[Epoch : 38/500]
Total_loss	: 0.1414
MMD_loss	: 2.6800
cond_ent_wt	: 4.8333
Src_reg_loss	: 0.0663
-------------------------------------
[Epoch : 39/500]
Total_loss	: 0.1405
MMD_loss	: 2.6783
cond_ent_wt	: 4.8332
Src_reg_loss	: 0.0654
-------------------------------------
[Epoch : 40/500]
Total_loss	: 0.1396
MMD_loss	: 2.6754
cond_ent_wt	: 4.8331
Src_reg_loss	: 0.0645
-------------------------------------
[Epoch : 41/500]
Total_loss	: 0.1387
MMD_loss	: 2.6714
cond_ent_wt	: 4.8330
Src_reg_loss	: 0.0637
-------------------------------------
[Epoch : 42/500]
Total_loss	: 0.1379
MMD_loss	: 2.6661
cond_ent_wt	: 4.8330
Src_reg_loss	: 0.0629
-------------------------------------
[Epoch : 43/500]
Total_loss	: 0.1371
MMD_loss	: 2.6595
cond_ent_wt	: 4.8329
Src_reg_loss	: 0.0621
-------------------------------------
[Epoch : 44/500]
Total_loss	: 0.1362
MMD_loss	: 2.6517
cond_ent_wt	: 4.8328
Src_reg_loss	: 0.0614
-------------------------------------
[Epoch : 45/500]
Total_loss	: 0.1355
MMD_loss	: 2.6427
cond_ent_wt	: 4.8328
Src_reg_loss	: 0.0607
-------------------------------------
[Epoch : 46/500]
Total_loss	: 0.1347
MMD_loss	: 2.6325
cond_ent_wt	: 4.8327
Src_reg_loss	: 0.0600
-------------------------------------
[Epoch : 47/500]
Total_loss	: 0.1339
MMD_loss	: 2.6212
cond_ent_wt	: 4.8327
Src_reg_loss	: 0.0594
-------------------------------------
[Epoch : 48/500]
Total_loss	: 0.1331
MMD_loss	: 2.6089
cond_ent_wt	: 4.8326
Src_reg_loss	: 0.0587
-------------------------------------
[Epoch : 49/500]
Total_loss	: 0.1324
MMD_loss	: 2.5955
cond_ent_wt	: 4.8326
Src_reg_loss	: 0.0581
-------------------------------------
[Epoch : 50/500]
Total_loss	: 0.1317
MMD_loss	: 2.5812
cond_ent_wt	: 4.8326
Src_reg_loss	: 0.0575
-------------------------------------
[Epoch : 51/500]
Total_loss	: 0.1309
MMD_loss	: 2.5661
cond_ent_wt	: 4.8325
Src_reg_loss	: 0.0570
-------------------------------------
[Epoch : 52/500]
Total_loss	: 0.1302
MMD_loss	: 2.5502
cond_ent_wt	: 4.8325
Src_reg_loss	: 0.0564
-------------------------------------
[Epoch : 53/500]
Total_loss	: 0.1295
MMD_loss	: 2.5336
cond_ent_wt	: 4.8325
Src_reg_loss	: 0.0558
-------------------------------------
[Epoch : 54/500]
Total_loss	: 0.1288
MMD_loss	: 2.5163
cond_ent_wt	: 4.8324
Src_reg_loss	: 0.0553
-------------------------------------
[Epoch : 55/500]
Total_loss	: 0.1281
MMD_loss	: 2.4985
cond_ent_wt	: 4.8324
Src_reg_loss	: 0.0548
-------------------------------------
[Epoch : 56/500]
Total_loss	: 0.1274
MMD_loss	: 2.4802
cond_ent_wt	: 4.8324
Src_reg_loss	: 0.0543
-------------------------------------
[Epoch : 57/500]
Total_loss	: 0.1267
MMD_loss	: 2.4615
cond_ent_wt	: 4.8324
Src_reg_loss	: 0.0538
-------------------------------------
[Epoch : 58/500]
Total_loss	: 0.1261
MMD_loss	: 2.4426
cond_ent_wt	: 4.8324
Src_reg_loss	: 0.0533
-------------------------------------
[Epoch : 59/500]
Total_loss	: 0.1254
MMD_loss	: 2.4234
cond_ent_wt	: 4.8324
Src_reg_loss	: 0.0528
-------------------------------------
[Epoch : 60/500]
Total_loss	: 0.1248
MMD_loss	: 2.4040
cond_ent_wt	: 4.8324
Src_reg_loss	: 0.0524
-------------------------------------
[Epoch : 61/500]
Total_loss	: 0.1241
MMD_loss	: 2.3846
cond_ent_wt	: 4.8323
Src_reg_loss	: 0.0519
-------------------------------------
[Epoch : 62/500]
Total_loss	: 0.1235
MMD_loss	: 2.3653
cond_ent_wt	: 4.8323
Src_reg_loss	: 0.0515
-------------------------------------
[Epoch : 63/500]
Total_loss	: 0.1229
MMD_loss	: 2.3460
cond_ent_wt	: 4.8323
Src_reg_loss	: 0.0511
-------------------------------------
[Epoch : 64/500]
Total_loss	: 0.1222
MMD_loss	: 2.3268
cond_ent_wt	: 4.8323
Src_reg_loss	: 0.0507
-------------------------------------
[Epoch : 65/500]
Total_loss	: 0.1216
MMD_loss	: 2.3078
cond_ent_wt	: 4.8323
Src_reg_loss	: 0.0502
-------------------------------------
[Epoch : 66/500]
Total_loss	: 0.1211
MMD_loss	: 2.2891
cond_ent_wt	: 4.8323
Src_reg_loss	: 0.0498
-------------------------------------
[Epoch : 67/500]
Total_loss	: 0.1205
MMD_loss	: 2.2707
cond_ent_wt	: 4.8323
Src_reg_loss	: 0.0494
-------------------------------------
[Epoch : 68/500]
Total_loss	: 0.1199
MMD_loss	: 2.2527
cond_ent_wt	: 4.8323
Src_reg_loss	: 0.0491
-------------------------------------
[Epoch : 69/500]
Total_loss	: 0.1194
MMD_loss	: 2.2350
cond_ent_wt	: 4.8323
Src_reg_loss	: 0.0487
-------------------------------------
[Epoch : 70/500]
Total_loss	: 0.1188
MMD_loss	: 2.2177
cond_ent_wt	: 4.8323
Src_reg_loss	: 0.0483
-------------------------------------
[Epoch : 71/500]
Total_loss	: 0.1183
MMD_loss	: 2.2008
cond_ent_wt	: 4.8323
Src_reg_loss	: 0.0480
-------------------------------------
[Epoch : 72/500]
Total_loss	: 0.1178
MMD_loss	: 2.1844
cond_ent_wt	: 4.8323
Src_reg_loss	: 0.0476
-------------------------------------
[Epoch : 73/500]
Total_loss	: 0.1173
MMD_loss	: 2.1684
cond_ent_wt	: 4.8322
Src_reg_loss	: 0.0473
-------------------------------------
[Epoch : 74/500]
Total_loss	: 0.1168
MMD_loss	: 2.1528
cond_ent_wt	: 4.8322
Src_reg_loss	: 0.0469
-------------------------------------
[Epoch : 75/500]
Total_loss	: 0.1163
MMD_loss	: 2.1377
cond_ent_wt	: 4.8322
Src_reg_loss	: 0.0466
-------------------------------------
[Epoch : 76/500]
Total_loss	: 0.1158
MMD_loss	: 2.1230
cond_ent_wt	: 4.8322
Src_reg_loss	: 0.0463
-------------------------------------
[Epoch : 77/500]
Total_loss	: 0.1154
MMD_loss	: 2.1088
cond_ent_wt	: 4.8322
Src_reg_loss	: 0.0459
-------------------------------------
[Epoch : 78/500]
Total_loss	: 0.1149
MMD_loss	: 2.0950
cond_ent_wt	: 4.8321
Src_reg_loss	: 0.0456
-------------------------------------
[Epoch : 79/500]
Total_loss	: 0.1145
MMD_loss	: 2.0816
cond_ent_wt	: 4.8321
Src_reg_loss	: 0.0453
-------------------------------------
[Epoch : 80/500]
Total_loss	: 0.1140
MMD_loss	: 2.0687
cond_ent_wt	: 4.8321
Src_reg_loss	: 0.0450
-------------------------------------
[Epoch : 81/500]
Total_loss	: 0.1136
MMD_loss	: 2.0562
cond_ent_wt	: 4.8321
Src_reg_loss	: 0.0447
-------------------------------------
[Epoch : 82/500]
Total_loss	: 0.1132
MMD_loss	: 2.0440
cond_ent_wt	: 4.8320
Src_reg_loss	: 0.0444
-------------------------------------
[Epoch : 83/500]
Total_loss	: 0.1128
MMD_loss	: 2.0323
cond_ent_wt	: 4.8320
Src_reg_loss	: 0.0442
-------------------------------------
[Epoch : 84/500]
Total_loss	: 0.1124
MMD_loss	: 2.0209
cond_ent_wt	: 4.8320
Src_reg_loss	: 0.0439
-------------------------------------
[Epoch : 85/500]
Total_loss	: 0.1120
MMD_loss	: 2.0099
cond_ent_wt	: 4.8319
Src_reg_loss	: 0.0436
-------------------------------------
[Epoch : 86/500]
Total_loss	: 0.1116
MMD_loss	: 1.9993
cond_ent_wt	: 4.8319
Src_reg_loss	: 0.0433
-------------------------------------
[Epoch : 87/500]
Total_loss	: 0.1113
MMD_loss	: 1.9890
cond_ent_wt	: 4.8319
Src_reg_loss	: 0.0431
-------------------------------------
[Epoch : 88/500]
Total_loss	: 0.1109
MMD_loss	: 1.9790
cond_ent_wt	: 4.8319
Src_reg_loss	: 0.0428
-------------------------------------
[Epoch : 89/500]
Total_loss	: 0.1106
MMD_loss	: 1.9694
cond_ent_wt	: 4.8318
Src_reg_loss	: 0.0425
-------------------------------------
[Epoch : 90/500]
Total_loss	: 0.1102
MMD_loss	: 1.9601
cond_ent_wt	: 4.8318
Src_reg_loss	: 0.0423
-------------------------------------
[Epoch : 91/500]
Total_loss	: 0.1099
MMD_loss	: 1.9510
cond_ent_wt	: 4.8318
Src_reg_loss	: 0.0420
-------------------------------------
[Epoch : 92/500]
Total_loss	: 0.1095
MMD_loss	: 1.9423
cond_ent_wt	: 4.8317
Src_reg_loss	: 0.0418
-------------------------------------
[Epoch : 93/500]
Total_loss	: 0.1092
MMD_loss	: 1.9339
cond_ent_wt	: 4.8317
Src_reg_loss	: 0.0416
-------------------------------------
[Epoch : 94/500]
Total_loss	: 0.1089
MMD_loss	: 1.9257
cond_ent_wt	: 4.8317
Src_reg_loss	: 0.0413
-------------------------------------
[Epoch : 95/500]
Total_loss	: 0.1086
MMD_loss	: 1.9179
cond_ent_wt	: 4.8316
Src_reg_loss	: 0.0411
-------------------------------------
[Epoch : 96/500]
Total_loss	: 0.1083
MMD_loss	: 1.9103
cond_ent_wt	: 4.8316
Src_reg_loss	: 0.0408
-------------------------------------
[Epoch : 97/500]
Total_loss	: 0.1080
MMD_loss	: 1.9030
cond_ent_wt	: 4.8315
Src_reg_loss	: 0.0406
-------------------------------------
[Epoch : 98/500]
Total_loss	: 0.1077
MMD_loss	: 1.8959
cond_ent_wt	: 4.8315
Src_reg_loss	: 0.0404
-------------------------------------
[Epoch : 99/500]
Total_loss	: 0.1074
MMD_loss	: 1.8891
cond_ent_wt	: 4.8315
Src_reg_loss	: 0.0402
-------------------------------------
[Epoch : 100/500]
Total_loss	: 0.1071
MMD_loss	: 1.8826
cond_ent_wt	: 4.8314
Src_reg_loss	: 0.0399
-------------------------------------
[Epoch : 101/500]
Total_loss	: 0.1068
MMD_loss	: 1.8763
cond_ent_wt	: 4.8314
Src_reg_loss	: 0.0397
-------------------------------------
[Epoch : 102/500]
Total_loss	: 0.1065
MMD_loss	: 1.8703
cond_ent_wt	: 4.8314
Src_reg_loss	: 0.0395
-------------------------------------
[Epoch : 103/500]
Total_loss	: 0.1062
MMD_loss	: 1.8645
cond_ent_wt	: 4.8313
Src_reg_loss	: 0.0393
-------------------------------------
[Epoch : 104/500]
Total_loss	: 0.1060
MMD_loss	: 1.8590
cond_ent_wt	: 4.8313
Src_reg_loss	: 0.0391
-------------------------------------
[Epoch : 105/500]
Total_loss	: 0.1057
MMD_loss	: 1.8537
cond_ent_wt	: 4.8312
Src_reg_loss	: 0.0389
-------------------------------------
[Epoch : 106/500]
Total_loss	: 0.1055
MMD_loss	: 1.8487
cond_ent_wt	: 4.8312
Src_reg_loss	: 0.0387
-------------------------------------
[Epoch : 107/500]
Total_loss	: 0.1052
MMD_loss	: 1.8439
cond_ent_wt	: 4.8312
Src_reg_loss	: 0.0385
-------------------------------------
[Epoch : 108/500]
Total_loss	: 0.1050
MMD_loss	: 1.8393
cond_ent_wt	: 4.8311
Src_reg_loss	: 0.0383
-------------------------------------
[Epoch : 109/500]
Total_loss	: 0.1047
MMD_loss	: 1.8350
cond_ent_wt	: 4.8311
Src_reg_loss	: 0.0381
-------------------------------------
[Epoch : 110/500]
Total_loss	: 0.1045
MMD_loss	: 1.8309
cond_ent_wt	: 4.8310
Src_reg_loss	: 0.0379
-------------------------------------
[Epoch : 111/500]
Total_loss	: 0.1042
MMD_loss	: 1.8270
cond_ent_wt	: 4.8310
Src_reg_loss	: 0.0377
-------------------------------------
[Epoch : 112/500]
Total_loss	: 0.1040
MMD_loss	: 1.8234
cond_ent_wt	: 4.8309
Src_reg_loss	: 0.0375
-------------------------------------
[Epoch : 113/500]
Total_loss	: 0.1038
MMD_loss	: 1.8200
cond_ent_wt	: 4.8309
Src_reg_loss	: 0.0373
-------------------------------------
[Epoch : 114/500]
Total_loss	: 0.1036
MMD_loss	: 1.8169
cond_ent_wt	: 4.8309
Src_reg_loss	: 0.0371
-------------------------------------
[Epoch : 115/500]
Total_loss	: 0.1033
MMD_loss	: 1.8139
cond_ent_wt	: 4.8308
Src_reg_loss	: 0.0369
-------------------------------------
[Epoch : 116/500]
Total_loss	: 0.1031
MMD_loss	: 1.8112
cond_ent_wt	: 4.8308
Src_reg_loss	: 0.0367
-------------------------------------
[Epoch : 117/500]
Total_loss	: 0.1029
MMD_loss	: 1.8088
cond_ent_wt	: 4.8307
Src_reg_loss	: 0.0365
-------------------------------------
[Epoch : 118/500]
Total_loss	: 0.1027
MMD_loss	: 1.8066
cond_ent_wt	: 4.8307
Src_reg_loss	: 0.0363
-------------------------------------
[Epoch : 119/500]
Total_loss	: 0.1025
MMD_loss	: 1.8046
cond_ent_wt	: 4.8306
Src_reg_loss	: 0.0361
-------------------------------------
[Epoch : 120/500]
Total_loss	: 0.1023
MMD_loss	: 1.8028
cond_ent_wt	: 4.8306
Src_reg_loss	: 0.0360
-------------------------------------
[Epoch : 121/500]
Total_loss	: 0.1021
MMD_loss	: 1.8013
cond_ent_wt	: 4.8305
Src_reg_loss	: 0.0358
-------------------------------------
[Epoch : 122/500]
Total_loss	: 0.1019
MMD_loss	: 1.8001
cond_ent_wt	: 4.8305
Src_reg_loss	: 0.0356
-------------------------------------
[Epoch : 123/500]
Total_loss	: 0.1017
MMD_loss	: 1.7991
cond_ent_wt	: 4.8304
Src_reg_loss	: 0.0354
-------------------------------------
[Epoch : 124/500]
Total_loss	: 0.1015
MMD_loss	: 1.7983
cond_ent_wt	: 4.8304
Src_reg_loss	: 0.0352
-------------------------------------
[Epoch : 125/500]
Total_loss	: 0.1013
MMD_loss	: 1.7977
cond_ent_wt	: 4.8303
Src_reg_loss	: 0.0351
-------------------------------------
[Epoch : 126/500]
Total_loss	: 0.1012
MMD_loss	: 1.7974
cond_ent_wt	: 4.8303
Src_reg_loss	: 0.0349
-------------------------------------
[Epoch : 127/500]
Total_loss	: 0.1010
MMD_loss	: 1.7974
cond_ent_wt	: 4.8302
Src_reg_loss	: 0.0347
-------------------------------------
[Epoch : 128/500]
Total_loss	: 0.1008
MMD_loss	: 1.7975
cond_ent_wt	: 4.8301
Src_reg_loss	: 0.0345
-------------------------------------
[Epoch : 129/500]
Total_loss	: 0.1007
MMD_loss	: 1.7979
cond_ent_wt	: 4.8301
Src_reg_loss	: 0.0344
-------------------------------------
[Epoch : 130/500]
Total_loss	: 0.1005
MMD_loss	: 1.7985
cond_ent_wt	: 4.8300
Src_reg_loss	: 0.0342
-------------------------------------
[Epoch : 131/500]
Total_loss	: 0.1003
MMD_loss	: 1.7994
cond_ent_wt	: 4.8300
Src_reg_loss	: 0.0340
-------------------------------------
[Epoch : 132/500]
Total_loss	: 0.1002
MMD_loss	: 1.8005
cond_ent_wt	: 4.8299
Src_reg_loss	: 0.0339
-------------------------------------
[Epoch : 133/500]
Total_loss	: 0.1000
MMD_loss	: 1.8018
cond_ent_wt	: 4.8298
Src_reg_loss	: 0.0337
-------------------------------------
[Epoch : 134/500]
Total_loss	: 0.0999
MMD_loss	: 1.8032
cond_ent_wt	: 4.8298
Src_reg_loss	: 0.0336
-------------------------------------
[Epoch : 135/500]
Total_loss	: 0.0997
MMD_loss	: 1.8049
cond_ent_wt	: 4.8297
Src_reg_loss	: 0.0334
-------------------------------------
[Epoch : 136/500]
Total_loss	: 0.0996
MMD_loss	: 1.8068
cond_ent_wt	: 4.8297
Src_reg_loss	: 0.0332
-------------------------------------
[Epoch : 137/500]
Total_loss	: 0.0995
MMD_loss	: 1.8088
cond_ent_wt	: 4.8296
Src_reg_loss	: 0.0331
-------------------------------------
[Epoch : 138/500]
Total_loss	: 0.0993
MMD_loss	: 1.8110
cond_ent_wt	: 4.8295
Src_reg_loss	: 0.0329
-------------------------------------
[Epoch : 139/500]
Total_loss	: 0.0992
MMD_loss	: 1.8134
cond_ent_wt	: 4.8295
Src_reg_loss	: 0.0328
-------------------------------------
[Epoch : 140/500]
Total_loss	: 0.0991
MMD_loss	: 1.8159
cond_ent_wt	: 4.8294
Src_reg_loss	: 0.0326
-------------------------------------
[Epoch : 141/500]
Total_loss	: 0.0990
MMD_loss	: 1.8185
cond_ent_wt	: 4.8293
Src_reg_loss	: 0.0325
-------------------------------------
[Epoch : 142/500]
Total_loss	: 0.0988
MMD_loss	: 1.8212
cond_ent_wt	: 4.8293
Src_reg_loss	: 0.0323
-------------------------------------
[Epoch : 143/500]
Total_loss	: 0.0987
MMD_loss	: 1.8240
cond_ent_wt	: 4.8292
Src_reg_loss	: 0.0322
-------------------------------------
[Epoch : 144/500]
Total_loss	: 0.0986
MMD_loss	: 1.8269
cond_ent_wt	: 4.8291
Src_reg_loss	: 0.0320
-------------------------------------
[Epoch : 145/500]
Total_loss	: 0.0985
MMD_loss	: 1.8299
cond_ent_wt	: 4.8291
Src_reg_loss	: 0.0319
-------------------------------------
[Epoch : 146/500]
Total_loss	: 0.0984
MMD_loss	: 1.8329
cond_ent_wt	: 4.8290
Src_reg_loss	: 0.0318
-------------------------------------
[Epoch : 147/500]
Total_loss	: 0.0983
MMD_loss	: 1.8360
cond_ent_wt	: 4.8289
Src_reg_loss	: 0.0316
-------------------------------------
[Epoch : 148/500]
Total_loss	: 0.0982
MMD_loss	: 1.8390
cond_ent_wt	: 4.8289
Src_reg_loss	: 0.0315
-------------------------------------
[Epoch : 149/500]
Total_loss	: 0.0981
MMD_loss	: 1.8422
cond_ent_wt	: 4.8288
Src_reg_loss	: 0.0313
-------------------------------------
[Epoch : 150/500]
Total_loss	: 0.0980
MMD_loss	: 1.8453
cond_ent_wt	: 4.8287
Src_reg_loss	: 0.0312
-------------------------------------
[Epoch : 151/500]
Total_loss	: 0.0979
MMD_loss	: 1.8484
cond_ent_wt	: 4.8287
Src_reg_loss	: 0.0311
-------------------------------------
[Epoch : 152/500]
Total_loss	: 0.0978
MMD_loss	: 1.8515
cond_ent_wt	: 4.8286
Src_reg_loss	: 0.0309
-------------------------------------
[Epoch : 153/500]
Total_loss	: 0.0977
MMD_loss	: 1.8547
cond_ent_wt	: 4.8285
Src_reg_loss	: 0.0308
-------------------------------------
[Epoch : 154/500]
Total_loss	: 0.0976
MMD_loss	: 1.8578
cond_ent_wt	: 4.8285
Src_reg_loss	: 0.0307
-------------------------------------
[Epoch : 155/500]
Total_loss	: 0.0975
MMD_loss	: 1.8609
cond_ent_wt	: 4.8284
Src_reg_loss	: 0.0306
-------------------------------------
[Epoch : 156/500]
Total_loss	: 0.0974
MMD_loss	: 1.8639
cond_ent_wt	: 4.8283
Src_reg_loss	: 0.0304
-------------------------------------
[Epoch : 157/500]
Total_loss	: 0.0973
MMD_loss	: 1.8670
cond_ent_wt	: 4.8283
Src_reg_loss	: 0.0303
-------------------------------------
[Epoch : 158/500]
Total_loss	: 0.0972
MMD_loss	: 1.8701
cond_ent_wt	: 4.8282
Src_reg_loss	: 0.0302
-------------------------------------
[Epoch : 159/500]
Total_loss	: 0.0971
MMD_loss	: 1.8731
cond_ent_wt	: 4.8281
Src_reg_loss	: 0.0301
-------------------------------------
[Epoch : 160/500]
Total_loss	: 0.0970
MMD_loss	: 1.8761
cond_ent_wt	: 4.8281
Src_reg_loss	: 0.0300
-------------------------------------
[Epoch : 161/500]
Total_loss	: 0.0969
MMD_loss	: 1.8790
cond_ent_wt	: 4.8280
Src_reg_loss	: 0.0298
-------------------------------------
[Epoch : 162/500]
Total_loss	: 0.0968
MMD_loss	: 1.8820
cond_ent_wt	: 4.8280
Src_reg_loss	: 0.0297
-------------------------------------
[Epoch : 163/500]
Total_loss	: 0.0967
MMD_loss	: 1.8849
cond_ent_wt	: 4.8279
Src_reg_loss	: 0.0296
-------------------------------------
[Epoch : 164/500]
Total_loss	: 0.0967
MMD_loss	: 1.8878
cond_ent_wt	: 4.8278
Src_reg_loss	: 0.0295
-------------------------------------
[Epoch : 165/500]
Total_loss	: 0.0966
MMD_loss	: 1.8907
cond_ent_wt	: 4.8278
Src_reg_loss	: 0.0294
-------------------------------------
[Epoch : 166/500]
Total_loss	: 0.0965
MMD_loss	: 1.8935
cond_ent_wt	: 4.8277
Src_reg_loss	: 0.0293
-------------------------------------
[Epoch : 167/500]
Total_loss	: 0.0964
MMD_loss	: 1.8964
cond_ent_wt	: 4.8276
Src_reg_loss	: 0.0292
-------------------------------------
[Epoch : 168/500]
Total_loss	: 0.0963
MMD_loss	: 1.8992
cond_ent_wt	: 4.8276
Src_reg_loss	: 0.0291
-------------------------------------
[Epoch : 169/500]
Total_loss	: 0.0962
MMD_loss	: 1.9019
cond_ent_wt	: 4.8275
Src_reg_loss	: 0.0289
-------------------------------------
[Epoch : 170/500]
Total_loss	: 0.0962
MMD_loss	: 1.9047
cond_ent_wt	: 4.8275
Src_reg_loss	: 0.0288
-------------------------------------
[Epoch : 171/500]
Total_loss	: 0.0961
MMD_loss	: 1.9074
cond_ent_wt	: 4.8274
Src_reg_loss	: 0.0287
-------------------------------------
[Epoch : 172/500]
Total_loss	: 0.0960
MMD_loss	: 1.9101
cond_ent_wt	: 4.8274
Src_reg_loss	: 0.0286
-------------------------------------
[Epoch : 173/500]
Total_loss	: 0.0959
MMD_loss	: 1.9127
cond_ent_wt	: 4.8273
Src_reg_loss	: 0.0285
-------------------------------------
[Epoch : 174/500]
Total_loss	: 0.0959
MMD_loss	: 1.9154
cond_ent_wt	: 4.8272
Src_reg_loss	: 0.0284
-------------------------------------
[Epoch : 175/500]
Total_loss	: 0.0958
MMD_loss	: 1.9180
cond_ent_wt	: 4.8272
Src_reg_loss	: 0.0283
-------------------------------------
[Epoch : 176/500]
Total_loss	: 0.0957
MMD_loss	: 1.9206
cond_ent_wt	: 4.8271
Src_reg_loss	: 0.0282
-------------------------------------
[Epoch : 177/500]
Total_loss	: 0.0956
MMD_loss	: 1.9231
cond_ent_wt	: 4.8271
Src_reg_loss	: 0.0281
-------------------------------------
[Epoch : 178/500]
Total_loss	: 0.0956
MMD_loss	: 1.9257
cond_ent_wt	: 4.8270
Src_reg_loss	: 0.0280
-------------------------------------
[Epoch : 179/500]
Total_loss	: 0.0955
MMD_loss	: 1.9282
cond_ent_wt	: 4.8269
Src_reg_loss	: 0.0279
-------------------------------------
[Epoch : 180/500]
Total_loss	: 0.0954
MMD_loss	: 1.9307
cond_ent_wt	: 4.8269
Src_reg_loss	: 0.0278
-------------------------------------
[Epoch : 181/500]
Total_loss	: 0.0953
MMD_loss	: 1.9332
cond_ent_wt	: 4.8268
Src_reg_loss	: 0.0277
-------------------------------------
[Epoch : 182/500]
Total_loss	: 0.0953
MMD_loss	: 1.9356
cond_ent_wt	: 4.8268
Src_reg_loss	: 0.0276
-------------------------------------
[Epoch : 183/500]
Total_loss	: 0.0952
MMD_loss	: 1.9380
cond_ent_wt	: 4.8267
Src_reg_loss	: 0.0276
-------------------------------------
[Epoch : 184/500]
Total_loss	: 0.0951
MMD_loss	: 1.9404
cond_ent_wt	: 4.8267
Src_reg_loss	: 0.0275
-------------------------------------
[Epoch : 185/500]
Total_loss	: 0.0951
MMD_loss	: 1.9428
cond_ent_wt	: 4.8266
Src_reg_loss	: 0.0274
-------------------------------------
[Epoch : 186/500]
Total_loss	: 0.0950
MMD_loss	: 1.9452
cond_ent_wt	: 4.8266
Src_reg_loss	: 0.0273
-------------------------------------
[Epoch : 187/500]
Total_loss	: 0.0949
MMD_loss	: 1.9475
cond_ent_wt	: 4.8265
Src_reg_loss	: 0.0272
-------------------------------------
[Epoch : 188/500]
Total_loss	: 0.0949
MMD_loss	: 1.9499
cond_ent_wt	: 4.8264
Src_reg_loss	: 0.0271
-------------------------------------
[Epoch : 189/500]
Total_loss	: 0.0948
MMD_loss	: 1.9522
cond_ent_wt	: 4.8264
Src_reg_loss	: 0.0270
-------------------------------------
[Epoch : 190/500]
Total_loss	: 0.0947
MMD_loss	: 1.9544
cond_ent_wt	: 4.8263
Src_reg_loss	: 0.0269
-------------------------------------
[Epoch : 191/500]
Total_loss	: 0.0947
MMD_loss	: 1.9567
cond_ent_wt	: 4.8263
Src_reg_loss	: 0.0268
-------------------------------------
[Epoch : 192/500]
Total_loss	: 0.0946
MMD_loss	: 1.9589
cond_ent_wt	: 4.8262
Src_reg_loss	: 0.0268
-------------------------------------
[Epoch : 193/500]
Total_loss	: 0.0945
MMD_loss	: 1.9611
cond_ent_wt	: 4.8262
Src_reg_loss	: 0.0267
-------------------------------------
[Epoch : 194/500]
Total_loss	: 0.0945
MMD_loss	: 1.9634
cond_ent_wt	: 4.8261
Src_reg_loss	: 0.0266
-------------------------------------
[Epoch : 195/500]
Total_loss	: 0.0944
MMD_loss	: 1.9655
cond_ent_wt	: 4.8261
Src_reg_loss	: 0.0265
-------------------------------------
[Epoch : 196/500]
Total_loss	: 0.0944
MMD_loss	: 1.9677
cond_ent_wt	: 4.8260
Src_reg_loss	: 0.0264
-------------------------------------
[Epoch : 197/500]
Total_loss	: 0.0943
MMD_loss	: 1.9698
cond_ent_wt	: 4.8259
Src_reg_loss	: 0.0263
-------------------------------------
[Epoch : 198/500]
Total_loss	: 0.0942
MMD_loss	: 1.9720
cond_ent_wt	: 4.8259
Src_reg_loss	: 0.0263
-------------------------------------
[Epoch : 199/500]
Total_loss	: 0.0942
MMD_loss	: 1.9741
cond_ent_wt	: 4.8258
Src_reg_loss	: 0.0262
-------------------------------------
[Epoch : 200/500]
Total_loss	: 0.0941
MMD_loss	: 1.9762
cond_ent_wt	: 4.8258
Src_reg_loss	: 0.0261
-------------------------------------
[Epoch : 201/500]
Total_loss	: 0.0941
MMD_loss	: 1.9782
cond_ent_wt	: 4.8257
Src_reg_loss	: 0.0260
-------------------------------------
[Epoch : 202/500]
Total_loss	: 0.0940
MMD_loss	: 1.9803
cond_ent_wt	: 4.8257
Src_reg_loss	: 0.0259
-------------------------------------
[Epoch : 203/500]
Total_loss	: 0.0939
MMD_loss	: 1.9823
cond_ent_wt	: 4.8256
Src_reg_loss	: 0.0259
-------------------------------------
[Epoch : 204/500]
Total_loss	: 0.0939
MMD_loss	: 1.9844
cond_ent_wt	: 4.8256
Src_reg_loss	: 0.0258
-------------------------------------
[Epoch : 205/500]
Total_loss	: 0.0938
MMD_loss	: 1.9864
cond_ent_wt	: 4.8255
Src_reg_loss	: 0.0257
-------------------------------------
[Epoch : 206/500]
Total_loss	: 0.0938
MMD_loss	: 1.9884
cond_ent_wt	: 4.8255
Src_reg_loss	: 0.0256
-------------------------------------
[Epoch : 207/500]
Total_loss	: 0.0937
MMD_loss	: 1.9903
cond_ent_wt	: 4.8254
Src_reg_loss	: 0.0256
-------------------------------------
[Epoch : 208/500]
Total_loss	: 0.0937
MMD_loss	: 1.9923
cond_ent_wt	: 4.8253
Src_reg_loss	: 0.0255
-------------------------------------
[Epoch : 209/500]
Total_loss	: 0.0936
MMD_loss	: 1.9943
cond_ent_wt	: 4.8253
Src_reg_loss	: 0.0254
-------------------------------------
[Epoch : 210/500]
Total_loss	: 0.0935
MMD_loss	: 1.9962
cond_ent_wt	: 4.8252
Src_reg_loss	: 0.0253
-------------------------------------
[Epoch : 211/500]
Total_loss	: 0.0935
MMD_loss	: 1.9981
cond_ent_wt	: 4.8252
Src_reg_loss	: 0.0253
-------------------------------------
[Epoch : 212/500]
Total_loss	: 0.0934
MMD_loss	: 2.0000
cond_ent_wt	: 4.8251
Src_reg_loss	: 0.0252
-------------------------------------
[Epoch : 213/500]
Total_loss	: 0.0934
MMD_loss	: 2.0019
cond_ent_wt	: 4.8251
Src_reg_loss	: 0.0251
-------------------------------------
[Epoch : 214/500]
Total_loss	: 0.0933
MMD_loss	: 2.0038
cond_ent_wt	: 4.8250
Src_reg_loss	: 0.0250
-------------------------------------
[Epoch : 215/500]
Total_loss	: 0.0933
MMD_loss	: 2.0056
cond_ent_wt	: 4.8250
Src_reg_loss	: 0.0250
-------------------------------------
[Epoch : 216/500]
Total_loss	: 0.0932
MMD_loss	: 2.0075
cond_ent_wt	: 4.8249
Src_reg_loss	: 0.0249
-------------------------------------
[Epoch : 217/500]
Total_loss	: 0.0932
MMD_loss	: 2.0093
cond_ent_wt	: 4.8248
Src_reg_loss	: 0.0248
-------------------------------------
[Epoch : 218/500]
Total_loss	: 0.0931
MMD_loss	: 2.0112
cond_ent_wt	: 4.8248
Src_reg_loss	: 0.0248
-------------------------------------
[Epoch : 219/500]
Total_loss	: 0.0931
MMD_loss	: 2.0130
cond_ent_wt	: 4.8247
Src_reg_loss	: 0.0247
-------------------------------------
[Epoch : 220/500]
Total_loss	: 0.0930
MMD_loss	: 2.0148
cond_ent_wt	: 4.8247
Src_reg_loss	: 0.0246
-------------------------------------
[Epoch : 221/500]
Total_loss	: 0.0930
MMD_loss	: 2.0165
cond_ent_wt	: 4.8246
Src_reg_loss	: 0.0246
-------------------------------------
[Epoch : 222/500]
Total_loss	: 0.0929
MMD_loss	: 2.0183
cond_ent_wt	: 4.8246
Src_reg_loss	: 0.0245
-------------------------------------
[Epoch : 223/500]
Total_loss	: 0.0929
MMD_loss	: 2.0201
cond_ent_wt	: 4.8245
Src_reg_loss	: 0.0244
-------------------------------------
[Epoch : 224/500]
Total_loss	: 0.0928
MMD_loss	: 2.0218
cond_ent_wt	: 4.8244
Src_reg_loss	: 0.0244
-------------------------------------
[Epoch : 225/500]
Total_loss	: 0.0928
MMD_loss	: 2.0236
cond_ent_wt	: 4.8244
Src_reg_loss	: 0.0243
-------------------------------------
[Epoch : 226/500]
Total_loss	: 0.0927
MMD_loss	: 2.0253
cond_ent_wt	: 4.8243
Src_reg_loss	: 0.0242
-------------------------------------
[Epoch : 227/500]
Total_loss	: 0.0927
MMD_loss	: 2.0270
cond_ent_wt	: 4.8243
Src_reg_loss	: 0.0242
-------------------------------------
[Epoch : 228/500]
Total_loss	: 0.0926
MMD_loss	: 2.0287
cond_ent_wt	: 4.8242
Src_reg_loss	: 0.0241
-------------------------------------
[Epoch : 229/500]
Total_loss	: 0.0926
MMD_loss	: 2.0304
cond_ent_wt	: 4.8242
Src_reg_loss	: 0.0240
-------------------------------------
[Epoch : 230/500]
Total_loss	: 0.0925
MMD_loss	: 2.0321
cond_ent_wt	: 4.8241
Src_reg_loss	: 0.0240
-------------------------------------
[Epoch : 231/500]
Total_loss	: 0.0925
MMD_loss	: 2.0338
cond_ent_wt	: 4.8240
Src_reg_loss	: 0.0239
-------------------------------------
[Epoch : 232/500]
Total_loss	: 0.0924
MMD_loss	: 2.0354
cond_ent_wt	: 4.8240
Src_reg_loss	: 0.0239
-------------------------------------
[Epoch : 233/500]
Total_loss	: 0.0924
MMD_loss	: 2.0371
cond_ent_wt	: 4.8239
Src_reg_loss	: 0.0238
-------------------------------------
[Epoch : 234/500]
Total_loss	: 0.0924
MMD_loss	: 2.0387
cond_ent_wt	: 4.8239
Src_reg_loss	: 0.0237
-------------------------------------
[Epoch : 235/500]
Total_loss	: 0.0923
MMD_loss	: 2.0404
cond_ent_wt	: 4.8238
Src_reg_loss	: 0.0237
-------------------------------------
[Epoch : 236/500]
Total_loss	: 0.0923
MMD_loss	: 2.0420
cond_ent_wt	: 4.8237
Src_reg_loss	: 0.0236
-------------------------------------
[Epoch : 237/500]
Total_loss	: 0.0922
MMD_loss	: 2.0436
cond_ent_wt	: 4.8237
Src_reg_loss	: 0.0236
-------------------------------------
[Epoch : 238/500]
Total_loss	: 0.0922
MMD_loss	: 2.0452
cond_ent_wt	: 4.8236
Src_reg_loss	: 0.0235
-------------------------------------
[Epoch : 239/500]
Total_loss	: 0.0921
MMD_loss	: 2.0468
cond_ent_wt	: 4.8236
Src_reg_loss	: 0.0234
-------------------------------------
[Epoch : 240/500]
Total_loss	: 0.0921
MMD_loss	: 2.0484
cond_ent_wt	: 4.8235
Src_reg_loss	: 0.0234
-------------------------------------
[Epoch : 241/500]
Total_loss	: 0.0921
MMD_loss	: 2.0500
cond_ent_wt	: 4.8234
Src_reg_loss	: 0.0233
-------------------------------------
[Epoch : 242/500]
Total_loss	: 0.0920
MMD_loss	: 2.0516
cond_ent_wt	: 4.8234
Src_reg_loss	: 0.0233
-------------------------------------
[Epoch : 243/500]
Total_loss	: 0.0920
MMD_loss	: 2.0531
cond_ent_wt	: 4.8233
Src_reg_loss	: 0.0232
-------------------------------------
[Epoch : 244/500]
Total_loss	: 0.0919
MMD_loss	: 2.0547
cond_ent_wt	: 4.8232
Src_reg_loss	: 0.0231
-------------------------------------
[Epoch : 245/500]
Total_loss	: 0.0919
MMD_loss	: 2.0562
cond_ent_wt	: 4.8232
Src_reg_loss	: 0.0231
-------------------------------------
[Epoch : 246/500]
Total_loss	: 0.0918
MMD_loss	: 2.0578
cond_ent_wt	: 4.8231
Src_reg_loss	: 0.0230
-------------------------------------
[Epoch : 247/500]
Total_loss	: 0.0918
MMD_loss	: 2.0593
cond_ent_wt	: 4.8231
Src_reg_loss	: 0.0230
-------------------------------------
[Epoch : 248/500]
Total_loss	: 0.0918
MMD_loss	: 2.0609
cond_ent_wt	: 4.8230
Src_reg_loss	: 0.0229
-------------------------------------
[Epoch : 249/500]
Total_loss	: 0.0917
MMD_loss	: 2.0624
cond_ent_wt	: 4.8229
Src_reg_loss	: 0.0229
-------------------------------------
[Epoch : 250/500]
Total_loss	: 0.0917
MMD_loss	: 2.0639
cond_ent_wt	: 4.8229
Src_reg_loss	: 0.0228
-------------------------------------
[Epoch : 251/500]
Total_loss	: 0.0916
MMD_loss	: 2.0654
cond_ent_wt	: 4.8228
Src_reg_loss	: 0.0228
-------------------------------------
[Epoch : 252/500]
Total_loss	: 0.0916
MMD_loss	: 2.0670
cond_ent_wt	: 4.8227
Src_reg_loss	: 0.0227
-------------------------------------
[Epoch : 253/500]
Total_loss	: 0.0916
MMD_loss	: 2.0685
cond_ent_wt	: 4.8227
Src_reg_loss	: 0.0226
-------------------------------------
[Epoch : 254/500]
Total_loss	: 0.0915
MMD_loss	: 2.0700
cond_ent_wt	: 4.8226
Src_reg_loss	: 0.0226
-------------------------------------
[Epoch : 255/500]
Total_loss	: 0.0915
MMD_loss	: 2.0715
cond_ent_wt	: 4.8225
Src_reg_loss	: 0.0225
-------------------------------------
[Epoch : 256/500]
Total_loss	: 0.0914
MMD_loss	: 2.0730
cond_ent_wt	: 4.8224
Src_reg_loss	: 0.0225
-------------------------------------
[Epoch : 257/500]
Total_loss	: 0.0914
MMD_loss	: 2.0744
cond_ent_wt	: 4.8224
Src_reg_loss	: 0.0224
-------------------------------------
[Epoch : 258/500]
Total_loss	: 0.0914
MMD_loss	: 2.0759
cond_ent_wt	: 4.8223
Src_reg_loss	: 0.0224
-------------------------------------
[Epoch : 259/500]
Total_loss	: 0.0913
MMD_loss	: 2.0774
cond_ent_wt	: 4.8222
Src_reg_loss	: 0.0223
-------------------------------------
[Epoch : 260/500]
Total_loss	: 0.0913
MMD_loss	: 2.0789
cond_ent_wt	: 4.8222
Src_reg_loss	: 0.0223
-------------------------------------
[Epoch : 261/500]
Total_loss	: 0.0913
MMD_loss	: 2.0803
cond_ent_wt	: 4.8221
Src_reg_loss	: 0.0222
-------------------------------------
[Epoch : 262/500]
Total_loss	: 0.0912
MMD_loss	: 2.0818
cond_ent_wt	: 4.8220
Src_reg_loss	: 0.0222
-------------------------------------
[Epoch : 263/500]
Total_loss	: 0.0912
MMD_loss	: 2.0833
cond_ent_wt	: 4.8219
Src_reg_loss	: 0.0221
-------------------------------------
[Epoch : 264/500]
Total_loss	: 0.0911
MMD_loss	: 2.0847
cond_ent_wt	: 4.8219
Src_reg_loss	: 0.0221
-------------------------------------
[Epoch : 265/500]
Total_loss	: 0.0911
MMD_loss	: 2.0862
cond_ent_wt	: 4.8218
Src_reg_loss	: 0.0220
-------------------------------------
[Epoch : 266/500]
Total_loss	: 0.0911
MMD_loss	: 2.0876
cond_ent_wt	: 4.8217
Src_reg_loss	: 0.0220
-------------------------------------
[Epoch : 267/500]
Total_loss	: 0.0910
MMD_loss	: 2.0891
cond_ent_wt	: 4.8216
Src_reg_loss	: 0.0219
-------------------------------------
[Epoch : 268/500]
Total_loss	: 0.0910
MMD_loss	: 2.0905
cond_ent_wt	: 4.8216
Src_reg_loss	: 0.0219
-------------------------------------
[Epoch : 269/500]
Total_loss	: 0.0910
MMD_loss	: 2.0920
cond_ent_wt	: 4.8215
Src_reg_loss	: 0.0218
-------------------------------------
[Epoch : 270/500]
Total_loss	: 0.0909
MMD_loss	: 2.0934
cond_ent_wt	: 4.8214
Src_reg_loss	: 0.0218
-------------------------------------
[Epoch : 271/500]
Total_loss	: 0.0909
MMD_loss	: 2.0948
cond_ent_wt	: 4.8213
Src_reg_loss	: 0.0217
-------------------------------------
[Epoch : 272/500]
Total_loss	: 0.0909
MMD_loss	: 2.0963
cond_ent_wt	: 4.8212
Src_reg_loss	: 0.0217
-------------------------------------
[Epoch : 273/500]
Total_loss	: 0.0908
MMD_loss	: 2.0977
cond_ent_wt	: 4.8211
Src_reg_loss	: 0.0216
-------------------------------------
[Epoch : 274/500]
Total_loss	: 0.0908
MMD_loss	: 2.0991
cond_ent_wt	: 4.8211
Src_reg_loss	: 0.0216
-------------------------------------
[Epoch : 275/500]
Total_loss	: 0.0908
MMD_loss	: 2.1006
cond_ent_wt	: 4.8210
Src_reg_loss	: 0.0215
-------------------------------------
[Epoch : 276/500]
Total_loss	: 0.0907
MMD_loss	: 2.1020
cond_ent_wt	: 4.8209
Src_reg_loss	: 0.0215
-------------------------------------
[Epoch : 277/500]
Total_loss	: 0.0907
MMD_loss	: 2.1034
cond_ent_wt	: 4.8208
Src_reg_loss	: 0.0215
-------------------------------------
[Epoch : 278/500]
Total_loss	: 0.0907
MMD_loss	: 2.1048
cond_ent_wt	: 4.8207
Src_reg_loss	: 0.0214
-------------------------------------
[Epoch : 279/500]
Total_loss	: 0.0906
MMD_loss	: 2.1062
cond_ent_wt	: 4.8206
Src_reg_loss	: 0.0214
-------------------------------------
[Epoch : 280/500]
Total_loss	: 0.0906
MMD_loss	: 2.1077
cond_ent_wt	: 4.8205
Src_reg_loss	: 0.0213
-------------------------------------
[Epoch : 281/500]
Total_loss	: 0.0906
MMD_loss	: 2.1091
cond_ent_wt	: 4.8204
Src_reg_loss	: 0.0213
-------------------------------------
[Epoch : 282/500]
Total_loss	: 0.0905
MMD_loss	: 2.1105
cond_ent_wt	: 4.8204
Src_reg_loss	: 0.0212
-------------------------------------
[Epoch : 283/500]
Total_loss	: 0.0905
MMD_loss	: 2.1119
cond_ent_wt	: 4.8203
Src_reg_loss	: 0.0212
-------------------------------------
[Epoch : 284/500]
Total_loss	: 0.0905
MMD_loss	: 2.1133
cond_ent_wt	: 4.8202
Src_reg_loss	: 0.0211
-------------------------------------
[Epoch : 285/500]
Total_loss	: 0.0904
MMD_loss	: 2.1147
cond_ent_wt	: 4.8201
Src_reg_loss	: 0.0211
-------------------------------------
[Epoch : 286/500]
Total_loss	: 0.0904
MMD_loss	: 2.1162
cond_ent_wt	: 4.8200
Src_reg_loss	: 0.0210
-------------------------------------
[Epoch : 287/500]
Total_loss	: 0.0904
MMD_loss	: 2.1176
cond_ent_wt	: 4.8199
Src_reg_loss	: 0.0210
-------------------------------------
[Epoch : 288/500]
Total_loss	: 0.0903
MMD_loss	: 2.1190
cond_ent_wt	: 4.8198
Src_reg_loss	: 0.0210
-------------------------------------
[Epoch : 289/500]
Total_loss	: 0.0903
MMD_loss	: 2.1204
cond_ent_wt	: 4.8197
Src_reg_loss	: 0.0209
-------------------------------------
[Epoch : 290/500]
Total_loss	: 0.0903
MMD_loss	: 2.1218
cond_ent_wt	: 4.8196
Src_reg_loss	: 0.0209
-------------------------------------
[Epoch : 291/500]
Total_loss	: 0.0903
MMD_loss	: 2.1232
cond_ent_wt	: 4.8195
Src_reg_loss	: 0.0208
-------------------------------------
[Epoch : 292/500]
Total_loss	: 0.0902
MMD_loss	: 2.1247
cond_ent_wt	: 4.8194
Src_reg_loss	: 0.0208
-------------------------------------
[Epoch : 293/500]
Total_loss	: 0.0902
MMD_loss	: 2.1261
cond_ent_wt	: 4.8193
Src_reg_loss	: 0.0207
-------------------------------------
[Epoch : 294/500]
Total_loss	: 0.0902
MMD_loss	: 2.1275
cond_ent_wt	: 4.8192
Src_reg_loss	: 0.0207
-------------------------------------
[Epoch : 295/500]
Total_loss	: 0.0901
MMD_loss	: 2.1289
cond_ent_wt	: 4.8191
Src_reg_loss	: 0.0207
-------------------------------------
[Epoch : 296/500]
Total_loss	: 0.0901
MMD_loss	: 2.1304
cond_ent_wt	: 4.8189
Src_reg_loss	: 0.0206
-------------------------------------
[Epoch : 297/500]
Total_loss	: 0.0901
MMD_loss	: 2.1318
cond_ent_wt	: 4.8188
Src_reg_loss	: 0.0206
-------------------------------------
[Epoch : 298/500]
Total_loss	: 0.0901
MMD_loss	: 2.1332
cond_ent_wt	: 4.8187
Src_reg_loss	: 0.0205
-------------------------------------
[Epoch : 299/500]
Total_loss	: 0.0900
MMD_loss	: 2.1347
cond_ent_wt	: 4.8186
Src_reg_loss	: 0.0205
-------------------------------------
[Epoch : 300/500]
Total_loss	: 0.0900
MMD_loss	: 2.1361
cond_ent_wt	: 4.8185
Src_reg_loss	: 0.0205
-------------------------------------
[Epoch : 301/500]
Total_loss	: 0.0900
MMD_loss	: 2.1376
cond_ent_wt	: 4.8184
Src_reg_loss	: 0.0204
-------------------------------------
[Epoch : 302/500]
Total_loss	: 0.0899
MMD_loss	: 2.1391
cond_ent_wt	: 4.8183
Src_reg_loss	: 0.0204
-------------------------------------
[Epoch : 303/500]
Total_loss	: 0.0899
MMD_loss	: 2.1405
cond_ent_wt	: 4.8181
Src_reg_loss	: 0.0203
-------------------------------------
[Epoch : 304/500]
Total_loss	: 0.0899
MMD_loss	: 2.1420
cond_ent_wt	: 4.8180
Src_reg_loss	: 0.0203
-------------------------------------
[Epoch : 305/500]
Total_loss	: 0.0899
MMD_loss	: 2.1435
cond_ent_wt	: 4.8179
Src_reg_loss	: 0.0202
-------------------------------------
[Epoch : 306/500]
Total_loss	: 0.0898
MMD_loss	: 2.1450
cond_ent_wt	: 4.8178
Src_reg_loss	: 0.0202
-------------------------------------
[Epoch : 307/500]
Total_loss	: 0.0898
MMD_loss	: 2.1465
cond_ent_wt	: 4.8176
Src_reg_loss	: 0.0202
-------------------------------------
[Epoch : 308/500]
Total_loss	: 0.0898
MMD_loss	: 2.1479
cond_ent_wt	: 4.8175
Src_reg_loss	: 0.0201
-------------------------------------
[Epoch : 309/500]
Total_loss	: 0.0898
MMD_loss	: 2.1495
cond_ent_wt	: 4.8174
Src_reg_loss	: 0.0201
-------------------------------------
[Epoch : 310/500]
Total_loss	: 0.0897
MMD_loss	: 2.1510
cond_ent_wt	: 4.8172
Src_reg_loss	: 0.0201
-------------------------------------
[Epoch : 311/500]
Total_loss	: 0.0897
MMD_loss	: 2.1525
cond_ent_wt	: 4.8171
Src_reg_loss	: 0.0200
-------------------------------------
[Epoch : 312/500]
Total_loss	: 0.0897
MMD_loss	: 2.1540
cond_ent_wt	: 4.8169
Src_reg_loss	: 0.0200
-------------------------------------
[Epoch : 313/500]
Total_loss	: 0.0897
MMD_loss	: 2.1555
cond_ent_wt	: 4.8168
Src_reg_loss	: 0.0199
-------------------------------------
[Epoch : 314/500]
Total_loss	: 0.0896
MMD_loss	: 2.1570
cond_ent_wt	: 4.8166
Src_reg_loss	: 0.0199
-------------------------------------
[Epoch : 315/500]
Total_loss	: 0.0896
MMD_loss	: 2.1586
cond_ent_wt	: 4.8165
Src_reg_loss	: 0.0199
-------------------------------------
[Epoch : 316/500]
Total_loss	: 0.0896
MMD_loss	: 2.1601
cond_ent_wt	: 4.8163
Src_reg_loss	: 0.0198
-------------------------------------
[Epoch : 317/500]
Total_loss	: 0.0896
MMD_loss	: 2.1617
cond_ent_wt	: 4.8162
Src_reg_loss	: 0.0198
-------------------------------------
[Epoch : 318/500]
Total_loss	: 0.0895
MMD_loss	: 2.1632
cond_ent_wt	: 4.8160
Src_reg_loss	: 0.0197
-------------------------------------
[Epoch : 319/500]
Total_loss	: 0.0895
MMD_loss	: 2.1647
cond_ent_wt	: 4.8159
Src_reg_loss	: 0.0197
-------------------------------------
[Epoch : 320/500]
Total_loss	: 0.0895
MMD_loss	: 2.1663
cond_ent_wt	: 4.8157
Src_reg_loss	: 0.0197
-------------------------------------
[Epoch : 321/500]
Total_loss	: 0.0895
MMD_loss	: 2.1679
cond_ent_wt	: 4.8155
Src_reg_loss	: 0.0196
-------------------------------------
[Epoch : 322/500]
Total_loss	: 0.0894
MMD_loss	: 2.1694
cond_ent_wt	: 4.8154
Src_reg_loss	: 0.0196
-------------------------------------
[Epoch : 323/500]
Total_loss	: 0.0894
MMD_loss	: 2.1710
cond_ent_wt	: 4.8152
Src_reg_loss	: 0.0196
-------------------------------------
[Epoch : 324/500]
Total_loss	: 0.0894
MMD_loss	: 2.1725
cond_ent_wt	: 4.8150
Src_reg_loss	: 0.0195
-------------------------------------
[Epoch : 325/500]
Total_loss	: 0.0894
MMD_loss	: 2.1741
cond_ent_wt	: 4.8148
Src_reg_loss	: 0.0195
-------------------------------------
[Epoch : 326/500]
Total_loss	: 0.0894
MMD_loss	: 2.1757
cond_ent_wt	: 4.8146
Src_reg_loss	: 0.0194
-------------------------------------
[Epoch : 327/500]
Total_loss	: 0.0893
MMD_loss	: 2.1772
cond_ent_wt	: 4.8145
Src_reg_loss	: 0.0194
-------------------------------------
[Epoch : 328/500]
Total_loss	: 0.0893
MMD_loss	: 2.1788
cond_ent_wt	: 4.8143
Src_reg_loss	: 0.0194
-------------------------------------
[Epoch : 329/500]
Total_loss	: 0.0893
MMD_loss	: 2.1803
cond_ent_wt	: 4.8141
Src_reg_loss	: 0.0193
-------------------------------------
[Epoch : 330/500]
Total_loss	: 0.0893
MMD_loss	: 2.1819
cond_ent_wt	: 4.8139
Src_reg_loss	: 0.0193
-------------------------------------
[Epoch : 331/500]
Total_loss	: 0.0892
MMD_loss	: 2.1835
cond_ent_wt	: 4.8137
Src_reg_loss	: 0.0193
-------------------------------------
[Epoch : 332/500]
Total_loss	: 0.0892
MMD_loss	: 2.1850
cond_ent_wt	: 4.8135
Src_reg_loss	: 0.0192
-------------------------------------
[Epoch : 333/500]
Total_loss	: 0.0892
MMD_loss	: 2.1866
cond_ent_wt	: 4.8133
Src_reg_loss	: 0.0192
-------------------------------------
[Epoch : 334/500]
Total_loss	: 0.0892
MMD_loss	: 2.1881
cond_ent_wt	: 4.8131
Src_reg_loss	: 0.0192
-------------------------------------
[Epoch : 335/500]
Total_loss	: 0.0892
MMD_loss	: 2.1897
cond_ent_wt	: 4.8129
Src_reg_loss	: 0.0191
-------------------------------------
[Epoch : 336/500]
Total_loss	: 0.0891
MMD_loss	: 2.1913
cond_ent_wt	: 4.8127
Src_reg_loss	: 0.0191
-------------------------------------
[Epoch : 337/500]
Total_loss	: 0.0891
MMD_loss	: 2.1928
cond_ent_wt	: 4.8124
Src_reg_loss	: 0.0191
-------------------------------------
[Epoch : 338/500]
Total_loss	: 0.0891
MMD_loss	: 2.1944
cond_ent_wt	: 4.8122
Src_reg_loss	: 0.0190
-------------------------------------
[Epoch : 339/500]
Total_loss	: 0.0891
MMD_loss	: 2.1959
cond_ent_wt	: 4.8120
Src_reg_loss	: 0.0190
-------------------------------------
[Epoch : 340/500]
Total_loss	: 0.0890
MMD_loss	: 2.1974
cond_ent_wt	: 4.8118
Src_reg_loss	: 0.0190
-------------------------------------
[Epoch : 341/500]
Total_loss	: 0.0890
MMD_loss	: 2.1990
cond_ent_wt	: 4.8116
Src_reg_loss	: 0.0189
-------------------------------------
[Epoch : 342/500]
Total_loss	: 0.0890
MMD_loss	: 2.2005
cond_ent_wt	: 4.8113
Src_reg_loss	: 0.0189
-------------------------------------
[Epoch : 343/500]
Total_loss	: 0.0890
MMD_loss	: 2.2021
cond_ent_wt	: 4.8111
Src_reg_loss	: 0.0189
-------------------------------------
[Epoch : 344/500]
Total_loss	: 0.0890
MMD_loss	: 2.2036
cond_ent_wt	: 4.8108
Src_reg_loss	: 0.0188
-------------------------------------
[Epoch : 345/500]
Total_loss	: 0.0889
MMD_loss	: 2.2051
cond_ent_wt	: 4.8106
Src_reg_loss	: 0.0188
-------------------------------------
[Epoch : 346/500]
Total_loss	: 0.0889
MMD_loss	: 2.2066
cond_ent_wt	: 4.8104
Src_reg_loss	: 0.0188
-------------------------------------
[Epoch : 347/500]
Total_loss	: 0.0889
MMD_loss	: 2.2082
cond_ent_wt	: 4.8101
Src_reg_loss	: 0.0187
-------------------------------------
[Epoch : 348/500]
Total_loss	: 0.0889
MMD_loss	: 2.2097
cond_ent_wt	: 4.8099
Src_reg_loss	: 0.0187
-------------------------------------
[Epoch : 349/500]
Total_loss	: 0.0889
MMD_loss	: 2.2112
cond_ent_wt	: 4.8096
Src_reg_loss	: 0.0187
-------------------------------------
[Epoch : 350/500]
Total_loss	: 0.0888
MMD_loss	: 2.2127
cond_ent_wt	: 4.8094
Src_reg_loss	: 0.0186
-------------------------------------
[Epoch : 351/500]
Total_loss	: 0.0888
MMD_loss	: 2.2142
cond_ent_wt	: 4.8091
Src_reg_loss	: 0.0186
-------------------------------------
[Epoch : 352/500]
Total_loss	: 0.0888
MMD_loss	: 2.2157
cond_ent_wt	: 4.8088
Src_reg_loss	: 0.0186
-------------------------------------
[Epoch : 353/500]
Total_loss	: 0.0888
MMD_loss	: 2.2172
cond_ent_wt	: 4.8086
Src_reg_loss	: 0.0185
-------------------------------------
[Epoch : 354/500]
Total_loss	: 0.0888
MMD_loss	: 2.2187
cond_ent_wt	: 4.8083
Src_reg_loss	: 0.0185
-------------------------------------
[Epoch : 355/500]
Total_loss	: 0.0887
MMD_loss	: 2.2202
cond_ent_wt	: 4.8080
Src_reg_loss	: 0.0185
-------------------------------------
[Epoch : 356/500]
Total_loss	: 0.0887
MMD_loss	: 2.2217
cond_ent_wt	: 4.8078
Src_reg_loss	: 0.0184
-------------------------------------
[Epoch : 357/500]
Total_loss	: 0.0887
MMD_loss	: 2.2231
cond_ent_wt	: 4.8075
Src_reg_loss	: 0.0184
-------------------------------------
[Epoch : 358/500]
Total_loss	: 0.0887
MMD_loss	: 2.2246
cond_ent_wt	: 4.8072
Src_reg_loss	: 0.0184
-------------------------------------
[Epoch : 359/500]
Total_loss	: 0.0887
MMD_loss	: 2.2261
cond_ent_wt	: 4.8069
Src_reg_loss	: 0.0183
-------------------------------------
[Epoch : 360/500]
Total_loss	: 0.0886
MMD_loss	: 2.2275
cond_ent_wt	: 4.8067
Src_reg_loss	: 0.0183
-------------------------------------
[Epoch : 361/500]
Total_loss	: 0.0886
MMD_loss	: 2.2290
cond_ent_wt	: 4.8064
Src_reg_loss	: 0.0183
-------------------------------------
[Epoch : 362/500]
Total_loss	: 0.0886
MMD_loss	: 2.2304
cond_ent_wt	: 4.8061
Src_reg_loss	: 0.0182
-------------------------------------
[Epoch : 363/500]
Total_loss	: 0.0886
MMD_loss	: 2.2319
cond_ent_wt	: 4.8058
Src_reg_loss	: 0.0182
-------------------------------------
[Epoch : 364/500]
Total_loss	: 0.0886
MMD_loss	: 2.2333
cond_ent_wt	: 4.8055
Src_reg_loss	: 0.0182
-------------------------------------
[Epoch : 365/500]
Total_loss	: 0.0885
MMD_loss	: 2.2347
cond_ent_wt	: 4.8052
Src_reg_loss	: 0.0181
-------------------------------------
[Epoch : 366/500]
Total_loss	: 0.0885
MMD_loss	: 2.2361
cond_ent_wt	: 4.8049
Src_reg_loss	: 0.0181
-------------------------------------
[Epoch : 367/500]
Total_loss	: 0.0885
MMD_loss	: 2.2375
cond_ent_wt	: 4.8046
Src_reg_loss	: 0.0181
-------------------------------------
[Epoch : 368/500]
Total_loss	: 0.0885
MMD_loss	: 2.2389
cond_ent_wt	: 4.8043
Src_reg_loss	: 0.0180
-------------------------------------
[Epoch : 369/500]
Total_loss	: 0.0885
MMD_loss	: 2.2403
cond_ent_wt	: 4.8040
Src_reg_loss	: 0.0180
-------------------------------------
[Epoch : 370/500]
Total_loss	: 0.0884
MMD_loss	: 2.2417
cond_ent_wt	: 4.8037
Src_reg_loss	: 0.0180
-------------------------------------
[Epoch : 371/500]
Total_loss	: 0.0884
MMD_loss	: 2.2431
cond_ent_wt	: 4.8033
Src_reg_loss	: 0.0180
-------------------------------------
[Epoch : 372/500]
Total_loss	: 0.0884
MMD_loss	: 2.2445
cond_ent_wt	: 4.8030
Src_reg_loss	: 0.0179
-------------------------------------
[Epoch : 373/500]
Total_loss	: 0.0884
MMD_loss	: 2.2458
cond_ent_wt	: 4.8027
Src_reg_loss	: 0.0179
-------------------------------------
[Epoch : 374/500]
Total_loss	: 0.0884
MMD_loss	: 2.2472
cond_ent_wt	: 4.8024
Src_reg_loss	: 0.0179
-------------------------------------
[Epoch : 375/500]
Total_loss	: 0.0883
MMD_loss	: 2.2486
cond_ent_wt	: 4.8020
Src_reg_loss	: 0.0178
-------------------------------------
[Epoch : 376/500]
Total_loss	: 0.0883
MMD_loss	: 2.2499
cond_ent_wt	: 4.8017
Src_reg_loss	: 0.0178
-------------------------------------
[Epoch : 377/500]
Total_loss	: 0.0883
MMD_loss	: 2.2512
cond_ent_wt	: 4.8014
Src_reg_loss	: 0.0178
-------------------------------------
[Epoch : 378/500]
Total_loss	: 0.0883
MMD_loss	: 2.2525
cond_ent_wt	: 4.8010
Src_reg_loss	: 0.0177
-------------------------------------
[Epoch : 379/500]
Total_loss	: 0.0883
MMD_loss	: 2.2538
cond_ent_wt	: 4.8007
Src_reg_loss	: 0.0177
-------------------------------------
[Epoch : 380/500]
Total_loss	: 0.0882
MMD_loss	: 2.2551
cond_ent_wt	: 4.8004
Src_reg_loss	: 0.0177
-------------------------------------
[Epoch : 381/500]
Total_loss	: 0.0882
MMD_loss	: 2.2564
cond_ent_wt	: 4.8000
Src_reg_loss	: 0.0177
-------------------------------------
[Epoch : 382/500]
Total_loss	: 0.0882
MMD_loss	: 2.2576
cond_ent_wt	: 4.7997
Src_reg_loss	: 0.0176
-------------------------------------
[Epoch : 383/500]
Total_loss	: 0.0882
MMD_loss	: 2.2589
cond_ent_wt	: 4.7993
Src_reg_loss	: 0.0176
-------------------------------------
[Epoch : 384/500]
Total_loss	: 0.0882
MMD_loss	: 2.2602
cond_ent_wt	: 4.7990
Src_reg_loss	: 0.0176
-------------------------------------
[Epoch : 385/500]
Total_loss	: 0.0881
MMD_loss	: 2.2614
cond_ent_wt	: 4.7986
Src_reg_loss	: 0.0175
-------------------------------------
[Epoch : 386/500]
Total_loss	: 0.0881
MMD_loss	: 2.2627
cond_ent_wt	: 4.7983
Src_reg_loss	: 0.0175
-------------------------------------
[Epoch : 387/500]
Total_loss	: 0.0881
MMD_loss	: 2.2640
cond_ent_wt	: 4.7979
Src_reg_loss	: 0.0175
-------------------------------------
[Epoch : 388/500]
Total_loss	: 0.0881
MMD_loss	: 2.2652
cond_ent_wt	: 4.7976
Src_reg_loss	: 0.0175
-------------------------------------
[Epoch : 389/500]
Total_loss	: 0.0881
MMD_loss	: 2.2664
cond_ent_wt	: 4.7972
Src_reg_loss	: 0.0174
-------------------------------------
[Epoch : 390/500]
Total_loss	: 0.0880
MMD_loss	: 2.2675
cond_ent_wt	: 4.7968
Src_reg_loss	: 0.0174
-------------------------------------
[Epoch : 391/500]
Total_loss	: 0.0880
MMD_loss	: 2.2686
cond_ent_wt	: 4.7965
Src_reg_loss	: 0.0174
-------------------------------------
[Epoch : 392/500]
Total_loss	: 0.0880
MMD_loss	: 2.2696
cond_ent_wt	: 4.7961
Src_reg_loss	: 0.0174
-------------------------------------
[Epoch : 393/500]
Total_loss	: 0.0880
MMD_loss	: 2.2705
cond_ent_wt	: 4.7958
Src_reg_loss	: 0.0173
-------------------------------------
[Epoch : 394/500]
Total_loss	: 0.0880
MMD_loss	: 2.2715
cond_ent_wt	: 4.7954
Src_reg_loss	: 0.0173
-------------------------------------
[Epoch : 395/500]
Total_loss	: 0.0879
MMD_loss	: 2.2724
cond_ent_wt	: 4.7950
Src_reg_loss	: 0.0173
-------------------------------------
[Epoch : 396/500]
Total_loss	: 0.0879
MMD_loss	: 2.2735
cond_ent_wt	: 4.7947
Src_reg_loss	: 0.0172
-------------------------------------
[Epoch : 397/500]
Total_loss	: 0.0879
MMD_loss	: 2.2745
cond_ent_wt	: 4.7943
Src_reg_loss	: 0.0172
-------------------------------------
[Epoch : 398/500]
Total_loss	: 0.0879
MMD_loss	: 2.2756
cond_ent_wt	: 4.7939
Src_reg_loss	: 0.0172
-------------------------------------
[Epoch : 399/500]
Total_loss	: 0.0879
MMD_loss	: 2.2767
cond_ent_wt	: 4.7936
Src_reg_loss	: 0.0172
-------------------------------------
[Epoch : 400/500]
Total_loss	: 0.0878
MMD_loss	: 2.2777
cond_ent_wt	: 4.7932
Src_reg_loss	: 0.0171
-------------------------------------
[Epoch : 401/500]
Total_loss	: 0.0878
MMD_loss	: 2.2787
cond_ent_wt	: 4.7928
Src_reg_loss	: 0.0171
-------------------------------------
[Epoch : 402/500]
Total_loss	: 0.0878
MMD_loss	: 2.2797
cond_ent_wt	: 4.7925
Src_reg_loss	: 0.0171
-------------------------------------
[Epoch : 403/500]
Total_loss	: 0.0878
MMD_loss	: 2.2807
cond_ent_wt	: 4.7921
Src_reg_loss	: 0.0171
-------------------------------------
[Epoch : 404/500]
Total_loss	: 0.0878
MMD_loss	: 2.2816
cond_ent_wt	: 4.7917
Src_reg_loss	: 0.0170
-------------------------------------
[Epoch : 405/500]
Total_loss	: 0.0877
MMD_loss	: 2.2826
cond_ent_wt	: 4.7914
Src_reg_loss	: 0.0170
-------------------------------------
[Epoch : 406/500]
Total_loss	: 0.0877
MMD_loss	: 2.2835
cond_ent_wt	: 4.7910
Src_reg_loss	: 0.0170
-------------------------------------
[Epoch : 407/500]
Total_loss	: 0.0877
MMD_loss	: 2.2844
cond_ent_wt	: 4.7906
Src_reg_loss	: 0.0170
-------------------------------------
[Epoch : 408/500]
Total_loss	: 0.0877
MMD_loss	: 2.2853
cond_ent_wt	: 4.7902
Src_reg_loss	: 0.0169
-------------------------------------
[Epoch : 409/500]
Total_loss	: 0.0877
MMD_loss	: 2.2862
cond_ent_wt	: 4.7899
Src_reg_loss	: 0.0169
-------------------------------------
[Epoch : 410/500]
Total_loss	: 0.0876
MMD_loss	: 2.2871
cond_ent_wt	: 4.7895
Src_reg_loss	: 0.0169
-------------------------------------
[Epoch : 411/500]
Total_loss	: 0.0876
MMD_loss	: 2.2880
cond_ent_wt	: 4.7891
Src_reg_loss	: 0.0168
-------------------------------------
[Epoch : 412/500]
Total_loss	: 0.0876
MMD_loss	: 2.2889
cond_ent_wt	: 4.7887
Src_reg_loss	: 0.0168
-------------------------------------
[Epoch : 413/500]
Total_loss	: 0.0876
MMD_loss	: 2.2898
cond_ent_wt	: 4.7884
Src_reg_loss	: 0.0168
-------------------------------------
[Epoch : 414/500]
Total_loss	: 0.0876
MMD_loss	: 2.2906
cond_ent_wt	: 4.7880
Src_reg_loss	: 0.0168
-------------------------------------
[Epoch : 415/500]
Total_loss	: 0.0875
MMD_loss	: 2.2914
cond_ent_wt	: 4.7876
Src_reg_loss	: 0.0167
-------------------------------------
[Epoch : 416/500]
Total_loss	: 0.0875
MMD_loss	: 2.2922
cond_ent_wt	: 4.7872
Src_reg_loss	: 0.0167
-------------------------------------
[Epoch : 417/500]
Total_loss	: 0.0875
MMD_loss	: 2.2930
cond_ent_wt	: 4.7869
Src_reg_loss	: 0.0167
-------------------------------------
[Epoch : 418/500]
Total_loss	: 0.0875
MMD_loss	: 2.2938
cond_ent_wt	: 4.7865
Src_reg_loss	: 0.0167
-------------------------------------
[Epoch : 419/500]
Total_loss	: 0.0875
MMD_loss	: 2.2945
cond_ent_wt	: 4.7861
Src_reg_loss	: 0.0166
-------------------------------------
[Epoch : 420/500]
Total_loss	: 0.0874
MMD_loss	: 2.2953
cond_ent_wt	: 4.7857
Src_reg_loss	: 0.0166
-------------------------------------
[Epoch : 421/500]
Total_loss	: 0.0874
MMD_loss	: 2.2961
cond_ent_wt	: 4.7853
Src_reg_loss	: 0.0166
-------------------------------------
[Epoch : 422/500]
Total_loss	: 0.0874
MMD_loss	: 2.2969
cond_ent_wt	: 4.7850
Src_reg_loss	: 0.0166
-------------------------------------
[Epoch : 423/500]
Total_loss	: 0.0874
MMD_loss	: 2.2976
cond_ent_wt	: 4.7846
Src_reg_loss	: 0.0165
-------------------------------------
[Epoch : 424/500]
Total_loss	: 0.0873
MMD_loss	: 2.2983
cond_ent_wt	: 4.7842
Src_reg_loss	: 0.0165
-------------------------------------
[Epoch : 425/500]
Total_loss	: 0.0873
MMD_loss	: 2.2990
cond_ent_wt	: 4.7838
Src_reg_loss	: 0.0165
-------------------------------------
[Epoch : 426/500]
Total_loss	: 0.0873
MMD_loss	: 2.2996
cond_ent_wt	: 4.7834
Src_reg_loss	: 0.0165
-------------------------------------
[Epoch : 427/500]
Total_loss	: 0.0873
MMD_loss	: 2.3002
cond_ent_wt	: 4.7830
Src_reg_loss	: 0.0164
-------------------------------------
[Epoch : 428/500]
Total_loss	: 0.0873
MMD_loss	: 2.3007
cond_ent_wt	: 4.7827
Src_reg_loss	: 0.0164
-------------------------------------
[Epoch : 429/500]
Total_loss	: 0.0872
MMD_loss	: 2.3012
cond_ent_wt	: 4.7823
Src_reg_loss	: 0.0164
-------------------------------------
[Epoch : 430/500]
Total_loss	: 0.0872
MMD_loss	: 2.3018
cond_ent_wt	: 4.7819
Src_reg_loss	: 0.0164
-------------------------------------
[Epoch : 431/500]
Total_loss	: 0.0872
MMD_loss	: 2.3023
cond_ent_wt	: 4.7815
Src_reg_loss	: 0.0164
-------------------------------------
[Epoch : 432/500]
Total_loss	: 0.0872
MMD_loss	: 2.3029
cond_ent_wt	: 4.7811
Src_reg_loss	: 0.0163
-------------------------------------
[Epoch : 433/500]
Total_loss	: 0.0872
MMD_loss	: 2.3035
cond_ent_wt	: 4.7807
Src_reg_loss	: 0.0163
-------------------------------------
[Epoch : 434/500]
Total_loss	: 0.0871
MMD_loss	: 2.3042
cond_ent_wt	: 4.7804
Src_reg_loss	: 0.0163
-------------------------------------
[Epoch : 435/500]
Total_loss	: 0.0871
MMD_loss	: 2.3049
cond_ent_wt	: 4.7800
Src_reg_loss	: 0.0163
-------------------------------------
[Epoch : 436/500]
Total_loss	: 0.0871
MMD_loss	: 2.3055
cond_ent_wt	: 4.7796
Src_reg_loss	: 0.0162
-------------------------------------
[Epoch : 437/500]
Total_loss	: 0.0871
MMD_loss	: 2.3060
cond_ent_wt	: 4.7792
Src_reg_loss	: 0.0162
-------------------------------------
[Epoch : 438/500]
Total_loss	: 0.0870
MMD_loss	: 2.3065
cond_ent_wt	: 4.7788
Src_reg_loss	: 0.0162
-------------------------------------
[Epoch : 439/500]
Total_loss	: 0.0870
MMD_loss	: 2.3069
cond_ent_wt	: 4.7785
Src_reg_loss	: 0.0162
-------------------------------------
[Epoch : 440/500]
Total_loss	: 0.0870
MMD_loss	: 2.3073
cond_ent_wt	: 4.7781
Src_reg_loss	: 0.0162
-------------------------------------
[Epoch : 441/500]
Total_loss	: 0.0870
MMD_loss	: 2.3078
cond_ent_wt	: 4.7777
Src_reg_loss	: 0.0161
-------------------------------------
[Epoch : 442/500]
Total_loss	: 0.0870
MMD_loss	: 2.3082
cond_ent_wt	: 4.7773
Src_reg_loss	: 0.0161
-------------------------------------
[Epoch : 443/500]
Total_loss	: 0.0869
MMD_loss	: 2.3087
cond_ent_wt	: 4.7769
Src_reg_loss	: 0.0161
-------------------------------------
[Epoch : 444/500]
Total_loss	: 0.0869
MMD_loss	: 2.3092
cond_ent_wt	: 4.7766
Src_reg_loss	: 0.0161
-------------------------------------
[Epoch : 445/500]
Total_loss	: 0.0869
MMD_loss	: 2.3097
cond_ent_wt	: 4.7762
Src_reg_loss	: 0.0160
-------------------------------------
[Epoch : 446/500]
Total_loss	: 0.0869
MMD_loss	: 2.3101
cond_ent_wt	: 4.7758
Src_reg_loss	: 0.0160
-------------------------------------
[Epoch : 447/500]
Total_loss	: 0.0869
MMD_loss	: 2.3106
cond_ent_wt	: 4.7754
Src_reg_loss	: 0.0160
-------------------------------------
[Epoch : 448/500]
Total_loss	: 0.0868
MMD_loss	: 2.3110
cond_ent_wt	: 4.7751
Src_reg_loss	: 0.0160
-------------------------------------
[Epoch : 449/500]
Total_loss	: 0.0868
MMD_loss	: 2.3115
cond_ent_wt	: 4.7747
Src_reg_loss	: 0.0159
-------------------------------------
[Epoch : 450/500]
Total_loss	: 0.0868
MMD_loss	: 2.3119
cond_ent_wt	: 4.7743
Src_reg_loss	: 0.0159
-------------------------------------
[Epoch : 451/500]
Total_loss	: 0.0868
MMD_loss	: 2.3123
cond_ent_wt	: 4.7739
Src_reg_loss	: 0.0159
-------------------------------------
[Epoch : 452/500]
Total_loss	: 0.0867
MMD_loss	: 2.3127
cond_ent_wt	: 4.7735
Src_reg_loss	: 0.0159
-------------------------------------
[Epoch : 453/500]
Total_loss	: 0.0867
MMD_loss	: 2.3131
cond_ent_wt	: 4.7732
Src_reg_loss	: 0.0159
-------------------------------------
[Epoch : 454/500]
Total_loss	: 0.0867
MMD_loss	: 2.3134
cond_ent_wt	: 4.7728
Src_reg_loss	: 0.0158
-------------------------------------
[Epoch : 455/500]
Total_loss	: 0.0867
MMD_loss	: 2.3137
cond_ent_wt	: 4.7724
Src_reg_loss	: 0.0158
-------------------------------------
[Epoch : 456/500]
Total_loss	: 0.0867
MMD_loss	: 2.3141
cond_ent_wt	: 4.7720
Src_reg_loss	: 0.0158
-------------------------------------
[Epoch : 457/500]
Total_loss	: 0.0866
MMD_loss	: 2.3144
cond_ent_wt	: 4.7717
Src_reg_loss	: 0.0158
-------------------------------------
[Epoch : 458/500]
Total_loss	: 0.0866
MMD_loss	: 2.3147
cond_ent_wt	: 4.7713
Src_reg_loss	: 0.0158
-------------------------------------
[Epoch : 459/500]
Total_loss	: 0.0866
MMD_loss	: 2.3150
cond_ent_wt	: 4.7709
Src_reg_loss	: 0.0157
-------------------------------------
[Epoch : 460/500]
Total_loss	: 0.0866
MMD_loss	: 2.3153
cond_ent_wt	: 4.7705
Src_reg_loss	: 0.0157
-------------------------------------
[Epoch : 461/500]
Total_loss	: 0.0865
MMD_loss	: 2.3156
cond_ent_wt	: 4.7702
Src_reg_loss	: 0.0157
-------------------------------------
[Epoch : 462/500]
Total_loss	: 0.0865
MMD_loss	: 2.3159
cond_ent_wt	: 4.7698
Src_reg_loss	: 0.0157
-------------------------------------
[Epoch : 463/500]
Total_loss	: 0.0865
MMD_loss	: 2.3161
cond_ent_wt	: 4.7694
Src_reg_loss	: 0.0156
-------------------------------------
[Epoch : 464/500]
Total_loss	: 0.0865
MMD_loss	: 2.3163
cond_ent_wt	: 4.7691
Src_reg_loss	: 0.0156
-------------------------------------
[Epoch : 465/500]
Total_loss	: 0.0865
MMD_loss	: 2.3165
cond_ent_wt	: 4.7687
Src_reg_loss	: 0.0156
-------------------------------------
[Epoch : 466/500]
Total_loss	: 0.0864
MMD_loss	: 2.3166
cond_ent_wt	: 4.7683
Src_reg_loss	: 0.0156
-------------------------------------
[Epoch : 467/500]
Total_loss	: 0.0864
MMD_loss	: 2.3168
cond_ent_wt	: 4.7679
Src_reg_loss	: 0.0156
-------------------------------------
[Epoch : 468/500]
Total_loss	: 0.0864
MMD_loss	: 2.3169
cond_ent_wt	: 4.7676
Src_reg_loss	: 0.0155
-------------------------------------
[Epoch : 469/500]
Total_loss	: 0.0864
MMD_loss	: 2.3170
cond_ent_wt	: 4.7672
Src_reg_loss	: 0.0155
-------------------------------------
[Epoch : 470/500]
Total_loss	: 0.0863
MMD_loss	: 2.3173
cond_ent_wt	: 4.7668
Src_reg_loss	: 0.0155
-------------------------------------
[Epoch : 471/500]
Total_loss	: 0.0863
MMD_loss	: 2.3175
cond_ent_wt	: 4.7665
Src_reg_loss	: 0.0155
-------------------------------------
[Epoch : 472/500]
Total_loss	: 0.0863
MMD_loss	: 2.3177
cond_ent_wt	: 4.7661
Src_reg_loss	: 0.0155
-------------------------------------
[Epoch : 473/500]
Total_loss	: 0.0863
MMD_loss	: 2.3179
cond_ent_wt	: 4.7657
Src_reg_loss	: 0.0154
-------------------------------------
[Epoch : 474/500]
Total_loss	: 0.0863
MMD_loss	: 2.3181
cond_ent_wt	: 4.7654
Src_reg_loss	: 0.0154
-------------------------------------
[Epoch : 475/500]
Total_loss	: 0.0862
MMD_loss	: 2.3182
cond_ent_wt	: 4.7650
Src_reg_loss	: 0.0154
-------------------------------------
[Epoch : 476/500]
Total_loss	: 0.0862
MMD_loss	: 2.3183
cond_ent_wt	: 4.7646
Src_reg_loss	: 0.0154
-------------------------------------
[Epoch : 477/500]
Total_loss	: 0.0862
MMD_loss	: 2.3183
cond_ent_wt	: 4.7643
Src_reg_loss	: 0.0154
-------------------------------------
[Epoch : 478/500]
Total_loss	: 0.0862
MMD_loss	: 2.3183
cond_ent_wt	: 4.7639
Src_reg_loss	: 0.0153
-------------------------------------
[Epoch : 479/500]
Total_loss	: 0.0861
MMD_loss	: 2.3183
cond_ent_wt	: 4.7635
Src_reg_loss	: 0.0153
-------------------------------------
[Epoch : 480/500]
Total_loss	: 0.0861
MMD_loss	: 2.3183
cond_ent_wt	: 4.7632
Src_reg_loss	: 0.0153
-------------------------------------
[Epoch : 481/500]
Total_loss	: 0.0861
MMD_loss	: 2.3184
cond_ent_wt	: 4.7628
Src_reg_loss	: 0.0153
-------------------------------------
[Epoch : 482/500]
Total_loss	: 0.0861
MMD_loss	: 2.3185
cond_ent_wt	: 4.7625
Src_reg_loss	: 0.0153
-------------------------------------
[Epoch : 483/500]
Total_loss	: 0.0861
MMD_loss	: 2.3186
cond_ent_wt	: 4.7621
Src_reg_loss	: 0.0152
-------------------------------------
[Epoch : 484/500]
Total_loss	: 0.0860
MMD_loss	: 2.3187
cond_ent_wt	: 4.7617
Src_reg_loss	: 0.0152
-------------------------------------
[Epoch : 485/500]
Total_loss	: 0.0860
MMD_loss	: 2.3187
cond_ent_wt	: 4.7614
Src_reg_loss	: 0.0152
-------------------------------------
[Epoch : 486/500]
Total_loss	: 0.0860
MMD_loss	: 2.3188
cond_ent_wt	: 4.7610
Src_reg_loss	: 0.0152
-------------------------------------
[Epoch : 487/500]
Total_loss	: 0.0860
MMD_loss	: 2.3188
cond_ent_wt	: 4.7607
Src_reg_loss	: 0.0152
-------------------------------------
[Epoch : 488/500]
Total_loss	: 0.0859
MMD_loss	: 2.3189
cond_ent_wt	: 4.7603
Src_reg_loss	: 0.0151
-------------------------------------
[Epoch : 489/500]
Total_loss	: 0.0859
MMD_loss	: 2.3190
cond_ent_wt	: 4.7599
Src_reg_loss	: 0.0151
-------------------------------------
[Epoch : 490/500]
Total_loss	: 0.0859
MMD_loss	: 2.3190
cond_ent_wt	: 4.7596
Src_reg_loss	: 0.0151
-------------------------------------
[Epoch : 491/500]
Total_loss	: 0.0859
MMD_loss	: 2.3190
cond_ent_wt	: 4.7592
Src_reg_loss	: 0.0151
-------------------------------------
[Epoch : 492/500]
Total_loss	: 0.0859
MMD_loss	: 2.3190
cond_ent_wt	: 4.7589
Src_reg_loss	: 0.0151
-------------------------------------
[Epoch : 493/500]
Total_loss	: 0.0858
MMD_loss	: 2.3189
cond_ent_wt	: 4.7585
Src_reg_loss	: 0.0151
-------------------------------------
[Epoch : 494/500]
Total_loss	: 0.0858
MMD_loss	: 2.3189
cond_ent_wt	: 4.7582
Src_reg_loss	: 0.0150
-------------------------------------
[Epoch : 495/500]
Total_loss	: 0.0858
MMD_loss	: 2.3189
cond_ent_wt	: 4.7578
Src_reg_loss	: 0.0150
-------------------------------------
[Epoch : 496/500]
Total_loss	: 0.0858
MMD_loss	: 2.3189
cond_ent_wt	: 4.7575
Src_reg_loss	: 0.0150
-------------------------------------
[Epoch : 497/500]
Total_loss	: 0.0857
MMD_loss	: 2.3188
cond_ent_wt	: 4.7571
Src_reg_loss	: 0.0150
-------------------------------------
[Epoch : 498/500]
Total_loss	: 0.0857
MMD_loss	: 2.3188
cond_ent_wt	: 4.7568
Src_reg_loss	: 0.0150
-------------------------------------
[Epoch : 499/500]
Total_loss	: 0.0857
MMD_loss	: 2.3188
cond_ent_wt	: 4.7564
Src_reg_loss	: 0.0149
-------------------------------------
[Epoch : 500/500]
Total_loss	: 0.0857
MMD_loss	: 2.3187
cond_ent_wt	: 4.7561
Src_reg_loss	: 0.0149
-------------------------------------
