=============================================
Dataset: Airbox
Method:  AirDA
=============================================
Source: 0 ---> Target: 5
=============================================
[Epoch : 1/800]
Total_loss	: 0.3399
MMD_loss	: 4.4743
Src_reg_loss	: 0.2951
-------------------------------------
[Epoch : 2/800]
Total_loss	: 0.3210
MMD_loss	: 4.4675
Src_reg_loss	: 0.2764
-------------------------------------
[Epoch : 3/800]
Total_loss	: 0.3025
MMD_loss	: 4.4514
Src_reg_loss	: 0.2580
-------------------------------------
[Epoch : 4/800]
Total_loss	: 0.2832
MMD_loss	: 4.4254
Src_reg_loss	: 0.2389
-------------------------------------
[Epoch : 5/800]
Total_loss	: 0.2629
MMD_loss	: 4.3878
Src_reg_loss	: 0.2190
-------------------------------------
[Epoch : 6/800]
Total_loss	: 0.2418
MMD_loss	: 4.3370
Src_reg_loss	: 0.1985
-------------------------------------
[Epoch : 7/800]
Total_loss	: 0.2210
MMD_loss	: 4.2726
Src_reg_loss	: 0.1783
-------------------------------------
[Epoch : 8/800]
Total_loss	: 0.2029
MMD_loss	: 4.1989
Src_reg_loss	: 0.1609
-------------------------------------
[Epoch : 9/800]
Total_loss	: 0.1890
MMD_loss	: 4.1275
Src_reg_loss	: 0.1478
-------------------------------------
[Epoch : 10/800]
Total_loss	: 0.1780
MMD_loss	: 4.0702
Src_reg_loss	: 0.1373
-------------------------------------
[Epoch : 11/800]
Total_loss	: 0.1688
MMD_loss	: 4.0286
Src_reg_loss	: 0.1285
-------------------------------------
[Epoch : 12/800]
Total_loss	: 0.1610
MMD_loss	: 3.9982
Src_reg_loss	: 0.1210
-------------------------------------
[Epoch : 13/800]
Total_loss	: 0.1544
MMD_loss	: 3.9739
Src_reg_loss	: 0.1147
-------------------------------------
[Epoch : 14/800]
Total_loss	: 0.1487
MMD_loss	: 3.9527
Src_reg_loss	: 0.1092
-------------------------------------
[Epoch : 15/800]
Total_loss	: 0.1438
MMD_loss	: 3.9339
Src_reg_loss	: 0.1044
-------------------------------------
[Epoch : 16/800]
Total_loss	: 0.1394
MMD_loss	: 3.9177
Src_reg_loss	: 0.1003
-------------------------------------
[Epoch : 17/800]
Total_loss	: 0.1356
MMD_loss	: 3.9045
Src_reg_loss	: 0.0966
-------------------------------------
[Epoch : 18/800]
Total_loss	: 0.1322
MMD_loss	: 3.8945
Src_reg_loss	: 0.0933
-------------------------------------
[Epoch : 19/800]
Total_loss	: 0.1292
MMD_loss	: 3.8873
Src_reg_loss	: 0.0903
-------------------------------------
[Epoch : 20/800]
Total_loss	: 0.1264
MMD_loss	: 3.8824
Src_reg_loss	: 0.0876
-------------------------------------
[Epoch : 21/800]
Total_loss	: 0.1239
MMD_loss	: 3.8795
Src_reg_loss	: 0.0852
-------------------------------------
[Epoch : 22/800]
Total_loss	: 0.1217
MMD_loss	: 3.8785
Src_reg_loss	: 0.0829
-------------------------------------
[Epoch : 23/800]
Total_loss	: 0.1197
MMD_loss	: 3.8794
Src_reg_loss	: 0.0809
-------------------------------------
[Epoch : 24/800]
Total_loss	: 0.1178
MMD_loss	: 3.8821
Src_reg_loss	: 0.0790
-------------------------------------
[Epoch : 25/800]
Total_loss	: 0.1161
MMD_loss	: 3.8867
Src_reg_loss	: 0.0772
-------------------------------------
[Epoch : 26/800]
Total_loss	: 0.1145
MMD_loss	: 3.8928
Src_reg_loss	: 0.0756
-------------------------------------
[Epoch : 27/800]
Total_loss	: 0.1131
MMD_loss	: 3.9004
Src_reg_loss	: 0.0741
-------------------------------------
[Epoch : 28/800]
Total_loss	: 0.1117
MMD_loss	: 3.9092
Src_reg_loss	: 0.0727
-------------------------------------
[Epoch : 29/800]
Total_loss	: 0.1105
MMD_loss	: 3.9190
Src_reg_loss	: 0.0713
-------------------------------------
[Epoch : 30/800]
Total_loss	: 0.1094
MMD_loss	: 3.9296
Src_reg_loss	: 0.0701
-------------------------------------
[Epoch : 31/800]
Total_loss	: 0.1083
MMD_loss	: 3.9407
Src_reg_loss	: 0.0689
-------------------------------------
[Epoch : 32/800]
Total_loss	: 0.1073
MMD_loss	: 3.9521
Src_reg_loss	: 0.0678
-------------------------------------
[Epoch : 33/800]
Total_loss	: 0.1063
MMD_loss	: 3.9634
Src_reg_loss	: 0.0667
-------------------------------------
[Epoch : 34/800]
Total_loss	: 0.1055
MMD_loss	: 3.9746
Src_reg_loss	: 0.0657
-------------------------------------
[Epoch : 35/800]
Total_loss	: 0.1046
MMD_loss	: 3.9855
Src_reg_loss	: 0.0647
-------------------------------------
[Epoch : 36/800]
Total_loss	: 0.1038
MMD_loss	: 3.9960
Src_reg_loss	: 0.0638
-------------------------------------
[Epoch : 37/800]
Total_loss	: 0.1030
MMD_loss	: 4.0059
Src_reg_loss	: 0.0630
-------------------------------------
[Epoch : 38/800]
Total_loss	: 0.1023
MMD_loss	: 4.0152
Src_reg_loss	: 0.0621
-------------------------------------
[Epoch : 39/800]
Total_loss	: 0.1016
MMD_loss	: 4.0238
Src_reg_loss	: 0.0613
-------------------------------------
[Epoch : 40/800]
Total_loss	: 0.1009
MMD_loss	: 4.0318
Src_reg_loss	: 0.0606
-------------------------------------
[Epoch : 41/800]
Total_loss	: 0.1002
MMD_loss	: 4.0392
Src_reg_loss	: 0.0598
-------------------------------------
[Epoch : 42/800]
Total_loss	: 0.0996
MMD_loss	: 4.0459
Src_reg_loss	: 0.0591
-------------------------------------
[Epoch : 43/800]
Total_loss	: 0.0989
MMD_loss	: 4.0519
Src_reg_loss	: 0.0584
-------------------------------------
[Epoch : 44/800]
Total_loss	: 0.0983
MMD_loss	: 4.0574
Src_reg_loss	: 0.0578
-------------------------------------
[Epoch : 45/800]
Total_loss	: 0.0977
MMD_loss	: 4.0622
Src_reg_loss	: 0.0571
-------------------------------------
[Epoch : 46/800]
Total_loss	: 0.0972
MMD_loss	: 4.0665
Src_reg_loss	: 0.0565
-------------------------------------
[Epoch : 47/800]
Total_loss	: 0.0966
MMD_loss	: 4.0702
Src_reg_loss	: 0.0559
-------------------------------------
[Epoch : 48/800]
Total_loss	: 0.0961
MMD_loss	: 4.0733
Src_reg_loss	: 0.0553
-------------------------------------
[Epoch : 49/800]
Total_loss	: 0.0955
MMD_loss	: 4.0760
Src_reg_loss	: 0.0548
-------------------------------------
[Epoch : 50/800]
Total_loss	: 0.0950
MMD_loss	: 4.0781
Src_reg_loss	: 0.0542
-------------------------------------
[Epoch : 51/800]
Total_loss	: 0.0945
MMD_loss	: 4.0798
Src_reg_loss	: 0.0537
-------------------------------------
[Epoch : 52/800]
Total_loss	: 0.0940
MMD_loss	: 4.0809
Src_reg_loss	: 0.0532
-------------------------------------
[Epoch : 53/800]
Total_loss	: 0.0935
MMD_loss	: 4.0816
Src_reg_loss	: 0.0527
-------------------------------------
[Epoch : 54/800]
Total_loss	: 0.0931
MMD_loss	: 4.0818
Src_reg_loss	: 0.0522
-------------------------------------
[Epoch : 55/800]
Total_loss	: 0.0926
MMD_loss	: 4.0816
Src_reg_loss	: 0.0518
-------------------------------------
[Epoch : 56/800]
Total_loss	: 0.0922
MMD_loss	: 4.0808
Src_reg_loss	: 0.0513
-------------------------------------
[Epoch : 57/800]
Total_loss	: 0.0917
MMD_loss	: 4.0796
Src_reg_loss	: 0.0509
-------------------------------------
[Epoch : 58/800]
Total_loss	: 0.0913
MMD_loss	: 4.0778
Src_reg_loss	: 0.0505
-------------------------------------
[Epoch : 59/800]
Total_loss	: 0.0909
MMD_loss	: 4.0756
Src_reg_loss	: 0.0501
-------------------------------------
[Epoch : 60/800]
Total_loss	: 0.0904
MMD_loss	: 4.0729
Src_reg_loss	: 0.0497
-------------------------------------
[Epoch : 61/800]
Total_loss	: 0.0900
MMD_loss	: 4.0697
Src_reg_loss	: 0.0493
-------------------------------------
[Epoch : 62/800]
Total_loss	: 0.0896
MMD_loss	: 4.0659
Src_reg_loss	: 0.0490
-------------------------------------
[Epoch : 63/800]
Total_loss	: 0.0892
MMD_loss	: 4.0617
Src_reg_loss	: 0.0486
-------------------------------------
[Epoch : 64/800]
Total_loss	: 0.0888
MMD_loss	: 4.0570
Src_reg_loss	: 0.0483
-------------------------------------
[Epoch : 65/800]
Total_loss	: 0.0884
MMD_loss	: 4.0518
Src_reg_loss	: 0.0479
-------------------------------------
[Epoch : 66/800]
Total_loss	: 0.0880
MMD_loss	: 4.0461
Src_reg_loss	: 0.0476
-------------------------------------
[Epoch : 67/800]
Total_loss	: 0.0877
MMD_loss	: 4.0399
Src_reg_loss	: 0.0473
-------------------------------------
[Epoch : 68/800]
Total_loss	: 0.0873
MMD_loss	: 4.0333
Src_reg_loss	: 0.0469
-------------------------------------
[Epoch : 69/800]
Total_loss	: 0.0869
MMD_loss	: 4.0262
Src_reg_loss	: 0.0466
-------------------------------------
[Epoch : 70/800]
Total_loss	: 0.0865
MMD_loss	: 4.0187
Src_reg_loss	: 0.0463
-------------------------------------
[Epoch : 71/800]
Total_loss	: 0.0862
MMD_loss	: 4.0107
Src_reg_loss	: 0.0461
-------------------------------------
[Epoch : 72/800]
Total_loss	: 0.0858
MMD_loss	: 4.0023
Src_reg_loss	: 0.0458
-------------------------------------
[Epoch : 73/800]
Total_loss	: 0.0854
MMD_loss	: 3.9934
Src_reg_loss	: 0.0455
-------------------------------------
[Epoch : 74/800]
Total_loss	: 0.0851
MMD_loss	: 3.9842
Src_reg_loss	: 0.0452
-------------------------------------
[Epoch : 75/800]
Total_loss	: 0.0847
MMD_loss	: 3.9746
Src_reg_loss	: 0.0450
-------------------------------------
[Epoch : 76/800]
Total_loss	: 0.0843
MMD_loss	: 3.9645
Src_reg_loss	: 0.0447
-------------------------------------
[Epoch : 77/800]
Total_loss	: 0.0840
MMD_loss	: 3.9542
Src_reg_loss	: 0.0444
-------------------------------------
[Epoch : 78/800]
Total_loss	: 0.0836
MMD_loss	: 3.9434
Src_reg_loss	: 0.0442
-------------------------------------
[Epoch : 79/800]
Total_loss	: 0.0833
MMD_loss	: 3.9323
Src_reg_loss	: 0.0439
-------------------------------------
[Epoch : 80/800]
Total_loss	: 0.0829
MMD_loss	: 3.9209
Src_reg_loss	: 0.0437
-------------------------------------
[Epoch : 81/800]
Total_loss	: 0.0826
MMD_loss	: 3.9091
Src_reg_loss	: 0.0435
-------------------------------------
[Epoch : 82/800]
Total_loss	: 0.0822
MMD_loss	: 3.8971
Src_reg_loss	: 0.0432
-------------------------------------
[Epoch : 83/800]
Total_loss	: 0.0819
MMD_loss	: 3.8847
Src_reg_loss	: 0.0430
-------------------------------------
[Epoch : 84/800]
Total_loss	: 0.0815
MMD_loss	: 3.8721
Src_reg_loss	: 0.0428
-------------------------------------
[Epoch : 85/800]
Total_loss	: 0.0812
MMD_loss	: 3.8592
Src_reg_loss	: 0.0426
-------------------------------------
[Epoch : 86/800]
Total_loss	: 0.0808
MMD_loss	: 3.8461
Src_reg_loss	: 0.0424
-------------------------------------
[Epoch : 87/800]
Total_loss	: 0.0805
MMD_loss	: 3.8327
Src_reg_loss	: 0.0422
-------------------------------------
[Epoch : 88/800]
Total_loss	: 0.0801
MMD_loss	: 3.8192
Src_reg_loss	: 0.0419
-------------------------------------
[Epoch : 89/800]
Total_loss	: 0.0798
MMD_loss	: 3.8054
Src_reg_loss	: 0.0417
-------------------------------------
[Epoch : 90/800]
Total_loss	: 0.0795
MMD_loss	: 3.7916
Src_reg_loss	: 0.0415
-------------------------------------
[Epoch : 91/800]
Total_loss	: 0.0791
MMD_loss	: 3.7775
Src_reg_loss	: 0.0413
-------------------------------------
[Epoch : 92/800]
Total_loss	: 0.0788
MMD_loss	: 3.7634
Src_reg_loss	: 0.0412
-------------------------------------
[Epoch : 93/800]
Total_loss	: 0.0785
MMD_loss	: 3.7491
Src_reg_loss	: 0.0410
-------------------------------------
[Epoch : 94/800]
Total_loss	: 0.0781
MMD_loss	: 3.7348
Src_reg_loss	: 0.0408
-------------------------------------
[Epoch : 95/800]
Total_loss	: 0.0778
MMD_loss	: 3.7205
Src_reg_loss	: 0.0406
-------------------------------------
[Epoch : 96/800]
Total_loss	: 0.0775
MMD_loss	: 3.7061
Src_reg_loss	: 0.0404
-------------------------------------
[Epoch : 97/800]
Total_loss	: 0.0771
MMD_loss	: 3.6917
Src_reg_loss	: 0.0402
-------------------------------------
[Epoch : 98/800]
Total_loss	: 0.0768
MMD_loss	: 3.6773
Src_reg_loss	: 0.0401
-------------------------------------
[Epoch : 99/800]
Total_loss	: 0.0765
MMD_loss	: 3.6629
Src_reg_loss	: 0.0399
-------------------------------------
[Epoch : 100/800]
Total_loss	: 0.0762
MMD_loss	: 3.6486
Src_reg_loss	: 0.0397
-------------------------------------
[Epoch : 101/800]
Total_loss	: 0.0759
MMD_loss	: 3.6343
Src_reg_loss	: 0.0395
-------------------------------------
[Epoch : 102/800]
Total_loss	: 0.0756
MMD_loss	: 3.6201
Src_reg_loss	: 0.0394
-------------------------------------
[Epoch : 103/800]
Total_loss	: 0.0753
MMD_loss	: 3.6061
Src_reg_loss	: 0.0392
-------------------------------------
[Epoch : 104/800]
Total_loss	: 0.0750
MMD_loss	: 3.5921
Src_reg_loss	: 0.0390
-------------------------------------
[Epoch : 105/800]
Total_loss	: 0.0747
MMD_loss	: 3.5783
Src_reg_loss	: 0.0389
-------------------------------------
[Epoch : 106/800]
Total_loss	: 0.0744
MMD_loss	: 3.5647
Src_reg_loss	: 0.0387
-------------------------------------
[Epoch : 107/800]
Total_loss	: 0.0741
MMD_loss	: 3.5513
Src_reg_loss	: 0.0386
-------------------------------------
[Epoch : 108/800]
Total_loss	: 0.0738
MMD_loss	: 3.5381
Src_reg_loss	: 0.0384
-------------------------------------
[Epoch : 109/800]
Total_loss	: 0.0735
MMD_loss	: 3.5251
Src_reg_loss	: 0.0382
-------------------------------------
[Epoch : 110/800]
Total_loss	: 0.0732
MMD_loss	: 3.5124
Src_reg_loss	: 0.0381
-------------------------------------
[Epoch : 111/800]
Total_loss	: 0.0729
MMD_loss	: 3.5000
Src_reg_loss	: 0.0379
-------------------------------------
[Epoch : 112/800]
Total_loss	: 0.0727
MMD_loss	: 3.4878
Src_reg_loss	: 0.0378
-------------------------------------
[Epoch : 113/800]
Total_loss	: 0.0724
MMD_loss	: 3.4760
Src_reg_loss	: 0.0376
-------------------------------------
[Epoch : 114/800]
Total_loss	: 0.0721
MMD_loss	: 3.4644
Src_reg_loss	: 0.0375
-------------------------------------
[Epoch : 115/800]
Total_loss	: 0.0719
MMD_loss	: 3.4532
Src_reg_loss	: 0.0374
-------------------------------------
[Epoch : 116/800]
Total_loss	: 0.0716
MMD_loss	: 3.4423
Src_reg_loss	: 0.0372
-------------------------------------
[Epoch : 117/800]
Total_loss	: 0.0714
MMD_loss	: 3.4318
Src_reg_loss	: 0.0371
-------------------------------------
[Epoch : 118/800]
Total_loss	: 0.0711
MMD_loss	: 3.4216
Src_reg_loss	: 0.0369
-------------------------------------
[Epoch : 119/800]
Total_loss	: 0.0709
MMD_loss	: 3.4118
Src_reg_loss	: 0.0368
-------------------------------------
[Epoch : 120/800]
Total_loss	: 0.0707
MMD_loss	: 3.4024
Src_reg_loss	: 0.0367
-------------------------------------
[Epoch : 121/800]
Total_loss	: 0.0704
MMD_loss	: 3.3933
Src_reg_loss	: 0.0365
-------------------------------------
[Epoch : 122/800]
Total_loss	: 0.0702
MMD_loss	: 3.3846
Src_reg_loss	: 0.0364
-------------------------------------
[Epoch : 123/800]
Total_loss	: 0.0700
MMD_loss	: 3.3763
Src_reg_loss	: 0.0362
-------------------------------------
[Epoch : 124/800]
Total_loss	: 0.0698
MMD_loss	: 3.3684
Src_reg_loss	: 0.0361
-------------------------------------
[Epoch : 125/800]
Total_loss	: 0.0696
MMD_loss	: 3.3608
Src_reg_loss	: 0.0360
-------------------------------------
[Epoch : 126/800]
Total_loss	: 0.0694
MMD_loss	: 3.3536
Src_reg_loss	: 0.0359
-------------------------------------
[Epoch : 127/800]
Total_loss	: 0.0692
MMD_loss	: 3.3468
Src_reg_loss	: 0.0357
-------------------------------------
[Epoch : 128/800]
Total_loss	: 0.0690
MMD_loss	: 3.3403
Src_reg_loss	: 0.0356
-------------------------------------
[Epoch : 129/800]
Total_loss	: 0.0688
MMD_loss	: 3.3342
Src_reg_loss	: 0.0355
-------------------------------------
[Epoch : 130/800]
Total_loss	: 0.0686
MMD_loss	: 3.3285
Src_reg_loss	: 0.0353
-------------------------------------
[Epoch : 131/800]
Total_loss	: 0.0685
MMD_loss	: 3.3231
Src_reg_loss	: 0.0352
-------------------------------------
[Epoch : 132/800]
Total_loss	: 0.0683
MMD_loss	: 3.3180
Src_reg_loss	: 0.0351
-------------------------------------
[Epoch : 133/800]
Total_loss	: 0.0681
MMD_loss	: 3.3133
Src_reg_loss	: 0.0350
-------------------------------------
[Epoch : 134/800]
Total_loss	: 0.0679
MMD_loss	: 3.3090
Src_reg_loss	: 0.0349
-------------------------------------
[Epoch : 135/800]
Total_loss	: 0.0678
MMD_loss	: 3.3049
Src_reg_loss	: 0.0347
-------------------------------------
[Epoch : 136/800]
Total_loss	: 0.0676
MMD_loss	: 3.3012
Src_reg_loss	: 0.0346
-------------------------------------
[Epoch : 137/800]
Total_loss	: 0.0675
MMD_loss	: 3.2978
Src_reg_loss	: 0.0345
-------------------------------------
[Epoch : 138/800]
Total_loss	: 0.0673
MMD_loss	: 3.2946
Src_reg_loss	: 0.0344
-------------------------------------
[Epoch : 139/800]
Total_loss	: 0.0672
MMD_loss	: 3.2918
Src_reg_loss	: 0.0343
-------------------------------------
[Epoch : 140/800]
Total_loss	: 0.0670
MMD_loss	: 3.2893
Src_reg_loss	: 0.0342
-------------------------------------
[Epoch : 141/800]
Total_loss	: 0.0669
MMD_loss	: 3.2870
Src_reg_loss	: 0.0340
-------------------------------------
[Epoch : 142/800]
Total_loss	: 0.0668
MMD_loss	: 3.2850
Src_reg_loss	: 0.0339
-------------------------------------
[Epoch : 143/800]
Total_loss	: 0.0667
MMD_loss	: 3.2832
Src_reg_loss	: 0.0338
-------------------------------------
[Epoch : 144/800]
Total_loss	: 0.0665
MMD_loss	: 3.2817
Src_reg_loss	: 0.0337
-------------------------------------
[Epoch : 145/800]
Total_loss	: 0.0664
MMD_loss	: 3.2804
Src_reg_loss	: 0.0336
-------------------------------------
[Epoch : 146/800]
Total_loss	: 0.0663
MMD_loss	: 3.2793
Src_reg_loss	: 0.0335
-------------------------------------
[Epoch : 147/800]
Total_loss	: 0.0662
MMD_loss	: 3.2784
Src_reg_loss	: 0.0334
-------------------------------------
[Epoch : 148/800]
Total_loss	: 0.0661
MMD_loss	: 3.2777
Src_reg_loss	: 0.0333
-------------------------------------
[Epoch : 149/800]
Total_loss	: 0.0660
MMD_loss	: 3.2772
Src_reg_loss	: 0.0332
-------------------------------------
[Epoch : 150/800]
Total_loss	: 0.0658
MMD_loss	: 3.2769
Src_reg_loss	: 0.0331
-------------------------------------
[Epoch : 151/800]
Total_loss	: 0.0657
MMD_loss	: 3.2767
Src_reg_loss	: 0.0330
-------------------------------------
[Epoch : 152/800]
Total_loss	: 0.0656
MMD_loss	: 3.2767
Src_reg_loss	: 0.0329
-------------------------------------
[Epoch : 153/800]
Total_loss	: 0.0655
MMD_loss	: 3.2768
Src_reg_loss	: 0.0328
-------------------------------------
[Epoch : 154/800]
Total_loss	: 0.0654
MMD_loss	: 3.2771
Src_reg_loss	: 0.0327
-------------------------------------
[Epoch : 155/800]
Total_loss	: 0.0653
MMD_loss	: 3.2775
Src_reg_loss	: 0.0326
-------------------------------------
[Epoch : 156/800]
Total_loss	: 0.0653
MMD_loss	: 3.2781
Src_reg_loss	: 0.0325
-------------------------------------
[Epoch : 157/800]
Total_loss	: 0.0652
MMD_loss	: 3.2788
Src_reg_loss	: 0.0324
-------------------------------------
[Epoch : 158/800]
Total_loss	: 0.0651
MMD_loss	: 3.2795
Src_reg_loss	: 0.0323
-------------------------------------
[Epoch : 159/800]
Total_loss	: 0.0650
MMD_loss	: 3.2804
Src_reg_loss	: 0.0322
-------------------------------------
[Epoch : 160/800]
Total_loss	: 0.0649
MMD_loss	: 3.2814
Src_reg_loss	: 0.0321
-------------------------------------
[Epoch : 161/800]
Total_loss	: 0.0648
MMD_loss	: 3.2825
Src_reg_loss	: 0.0320
-------------------------------------
[Epoch : 162/800]
Total_loss	: 0.0647
MMD_loss	: 3.2836
Src_reg_loss	: 0.0319
-------------------------------------
[Epoch : 163/800]
Total_loss	: 0.0647
MMD_loss	: 3.2849
Src_reg_loss	: 0.0318
-------------------------------------
[Epoch : 164/800]
Total_loss	: 0.0646
MMD_loss	: 3.2862
Src_reg_loss	: 0.0317
-------------------------------------
[Epoch : 165/800]
Total_loss	: 0.0645
MMD_loss	: 3.2876
Src_reg_loss	: 0.0316
-------------------------------------
[Epoch : 166/800]
Total_loss	: 0.0644
MMD_loss	: 3.2890
Src_reg_loss	: 0.0315
-------------------------------------
[Epoch : 167/800]
Total_loss	: 0.0644
MMD_loss	: 3.2906
Src_reg_loss	: 0.0315
-------------------------------------
[Epoch : 168/800]
Total_loss	: 0.0643
MMD_loss	: 3.2921
Src_reg_loss	: 0.0314
-------------------------------------
[Epoch : 169/800]
Total_loss	: 0.0642
MMD_loss	: 3.2938
Src_reg_loss	: 0.0313
-------------------------------------
[Epoch : 170/800]
Total_loss	: 0.0641
MMD_loss	: 3.2954
Src_reg_loss	: 0.0312
-------------------------------------
[Epoch : 171/800]
Total_loss	: 0.0641
MMD_loss	: 3.2971
Src_reg_loss	: 0.0311
-------------------------------------
[Epoch : 172/800]
Total_loss	: 0.0640
MMD_loss	: 3.2989
Src_reg_loss	: 0.0310
-------------------------------------
[Epoch : 173/800]
Total_loss	: 0.0639
MMD_loss	: 3.3007
Src_reg_loss	: 0.0309
-------------------------------------
[Epoch : 174/800]
Total_loss	: 0.0639
MMD_loss	: 3.3025
Src_reg_loss	: 0.0309
-------------------------------------
[Epoch : 175/800]
Total_loss	: 0.0638
MMD_loss	: 3.3044
Src_reg_loss	: 0.0308
-------------------------------------
[Epoch : 176/800]
Total_loss	: 0.0638
MMD_loss	: 3.3063
Src_reg_loss	: 0.0307
-------------------------------------
[Epoch : 177/800]
Total_loss	: 0.0637
MMD_loss	: 3.3082
Src_reg_loss	: 0.0306
-------------------------------------
[Epoch : 178/800]
Total_loss	: 0.0636
MMD_loss	: 3.3101
Src_reg_loss	: 0.0305
-------------------------------------
[Epoch : 179/800]
Total_loss	: 0.0636
MMD_loss	: 3.3121
Src_reg_loss	: 0.0304
-------------------------------------
[Epoch : 180/800]
Total_loss	: 0.0635
MMD_loss	: 3.3141
Src_reg_loss	: 0.0304
-------------------------------------
[Epoch : 181/800]
Total_loss	: 0.0635
MMD_loss	: 3.3161
Src_reg_loss	: 0.0303
-------------------------------------
[Epoch : 182/800]
Total_loss	: 0.0634
MMD_loss	: 3.3181
Src_reg_loss	: 0.0302
-------------------------------------
[Epoch : 183/800]
Total_loss	: 0.0633
MMD_loss	: 3.3201
Src_reg_loss	: 0.0301
-------------------------------------
[Epoch : 184/800]
Total_loss	: 0.0633
MMD_loss	: 3.3222
Src_reg_loss	: 0.0301
-------------------------------------
[Epoch : 185/800]
Total_loss	: 0.0632
MMD_loss	: 3.3242
Src_reg_loss	: 0.0300
-------------------------------------
[Epoch : 186/800]
Total_loss	: 0.0632
MMD_loss	: 3.3263
Src_reg_loss	: 0.0299
-------------------------------------
[Epoch : 187/800]
Total_loss	: 0.0631
MMD_loss	: 3.3284
Src_reg_loss	: 0.0298
-------------------------------------
[Epoch : 188/800]
Total_loss	: 0.0631
MMD_loss	: 3.3305
Src_reg_loss	: 0.0298
-------------------------------------
[Epoch : 189/800]
Total_loss	: 0.0630
MMD_loss	: 3.3325
Src_reg_loss	: 0.0297
-------------------------------------
[Epoch : 190/800]
Total_loss	: 0.0630
MMD_loss	: 3.3346
Src_reg_loss	: 0.0296
-------------------------------------
[Epoch : 191/800]
Total_loss	: 0.0629
MMD_loss	: 3.3367
Src_reg_loss	: 0.0295
-------------------------------------
[Epoch : 192/800]
Total_loss	: 0.0629
MMD_loss	: 3.3388
Src_reg_loss	: 0.0295
-------------------------------------
[Epoch : 193/800]
Total_loss	: 0.0628
MMD_loss	: 3.3409
Src_reg_loss	: 0.0294
-------------------------------------
[Epoch : 194/800]
Total_loss	: 0.0628
MMD_loss	: 3.3429
Src_reg_loss	: 0.0293
-------------------------------------
[Epoch : 195/800]
Total_loss	: 0.0627
MMD_loss	: 3.3450
Src_reg_loss	: 0.0293
-------------------------------------
[Epoch : 196/800]
Total_loss	: 0.0627
MMD_loss	: 3.3471
Src_reg_loss	: 0.0292
-------------------------------------
[Epoch : 197/800]
Total_loss	: 0.0626
MMD_loss	: 3.3492
Src_reg_loss	: 0.0291
-------------------------------------
[Epoch : 198/800]
Total_loss	: 0.0626
MMD_loss	: 3.3512
Src_reg_loss	: 0.0290
-------------------------------------
[Epoch : 199/800]
Total_loss	: 0.0625
MMD_loss	: 3.3533
Src_reg_loss	: 0.0290
-------------------------------------
[Epoch : 200/800]
Total_loss	: 0.0625
MMD_loss	: 3.3553
Src_reg_loss	: 0.0289
-------------------------------------
[Epoch : 201/800]
Total_loss	: 0.0624
MMD_loss	: 3.3573
Src_reg_loss	: 0.0288
-------------------------------------
[Epoch : 202/800]
Total_loss	: 0.0624
MMD_loss	: 3.3594
Src_reg_loss	: 0.0288
-------------------------------------
[Epoch : 203/800]
Total_loss	: 0.0623
MMD_loss	: 3.3614
Src_reg_loss	: 0.0287
-------------------------------------
[Epoch : 204/800]
Total_loss	: 0.0623
MMD_loss	: 3.3634
Src_reg_loss	: 0.0286
-------------------------------------
[Epoch : 205/800]
Total_loss	: 0.0622
MMD_loss	: 3.3653
Src_reg_loss	: 0.0286
-------------------------------------
[Epoch : 206/800]
Total_loss	: 0.0622
MMD_loss	: 3.3673
Src_reg_loss	: 0.0285
-------------------------------------
[Epoch : 207/800]
Total_loss	: 0.0621
MMD_loss	: 3.3692
Src_reg_loss	: 0.0284
-------------------------------------
[Epoch : 208/800]
Total_loss	: 0.0621
MMD_loss	: 3.3712
Src_reg_loss	: 0.0284
-------------------------------------
[Epoch : 209/800]
Total_loss	: 0.0621
MMD_loss	: 3.3731
Src_reg_loss	: 0.0283
-------------------------------------
[Epoch : 210/800]
Total_loss	: 0.0620
MMD_loss	: 3.3750
Src_reg_loss	: 0.0283
-------------------------------------
[Epoch : 211/800]
Total_loss	: 0.0620
MMD_loss	: 3.3769
Src_reg_loss	: 0.0282
-------------------------------------
[Epoch : 212/800]
Total_loss	: 0.0619
MMD_loss	: 3.3787
Src_reg_loss	: 0.0281
-------------------------------------
[Epoch : 213/800]
Total_loss	: 0.0619
MMD_loss	: 3.3805
Src_reg_loss	: 0.0281
-------------------------------------
[Epoch : 214/800]
Total_loss	: 0.0618
MMD_loss	: 3.3824
Src_reg_loss	: 0.0280
-------------------------------------
[Epoch : 215/800]
Total_loss	: 0.0618
MMD_loss	: 3.3842
Src_reg_loss	: 0.0279
-------------------------------------
[Epoch : 216/800]
Total_loss	: 0.0617
MMD_loss	: 3.3859
Src_reg_loss	: 0.0279
-------------------------------------
[Epoch : 217/800]
Total_loss	: 0.0617
MMD_loss	: 3.3877
Src_reg_loss	: 0.0278
-------------------------------------
[Epoch : 218/800]
Total_loss	: 0.0617
MMD_loss	: 3.3894
Src_reg_loss	: 0.0278
-------------------------------------
[Epoch : 219/800]
Total_loss	: 0.0616
MMD_loss	: 3.3911
Src_reg_loss	: 0.0277
-------------------------------------
[Epoch : 220/800]
Total_loss	: 0.0616
MMD_loss	: 3.3928
Src_reg_loss	: 0.0276
-------------------------------------
[Epoch : 221/800]
Total_loss	: 0.0615
MMD_loss	: 3.3944
Src_reg_loss	: 0.0276
-------------------------------------
[Epoch : 222/800]
Total_loss	: 0.0615
MMD_loss	: 3.3960
Src_reg_loss	: 0.0275
-------------------------------------
[Epoch : 223/800]
Total_loss	: 0.0614
MMD_loss	: 3.3976
Src_reg_loss	: 0.0275
-------------------------------------
[Epoch : 224/800]
Total_loss	: 0.0614
MMD_loss	: 3.3992
Src_reg_loss	: 0.0274
-------------------------------------
[Epoch : 225/800]
Total_loss	: 0.0614
MMD_loss	: 3.4007
Src_reg_loss	: 0.0274
-------------------------------------
[Epoch : 226/800]
Total_loss	: 0.0613
MMD_loss	: 3.4022
Src_reg_loss	: 0.0273
-------------------------------------
[Epoch : 227/800]
Total_loss	: 0.0613
MMD_loss	: 3.4037
Src_reg_loss	: 0.0272
-------------------------------------
[Epoch : 228/800]
Total_loss	: 0.0612
MMD_loss	: 3.4051
Src_reg_loss	: 0.0272
-------------------------------------
[Epoch : 229/800]
Total_loss	: 0.0612
MMD_loss	: 3.4065
Src_reg_loss	: 0.0271
-------------------------------------
[Epoch : 230/800]
Total_loss	: 0.0611
MMD_loss	: 3.4079
Src_reg_loss	: 0.0271
-------------------------------------
[Epoch : 231/800]
Total_loss	: 0.0611
MMD_loss	: 3.4092
Src_reg_loss	: 0.0270
-------------------------------------
[Epoch : 232/800]
Total_loss	: 0.0611
MMD_loss	: 3.4105
Src_reg_loss	: 0.0270
-------------------------------------
[Epoch : 233/800]
Total_loss	: 0.0610
MMD_loss	: 3.4118
Src_reg_loss	: 0.0269
-------------------------------------
[Epoch : 234/800]
Total_loss	: 0.0610
MMD_loss	: 3.4130
Src_reg_loss	: 0.0268
-------------------------------------
[Epoch : 235/800]
Total_loss	: 0.0609
MMD_loss	: 3.4142
Src_reg_loss	: 0.0268
-------------------------------------
[Epoch : 236/800]
Total_loss	: 0.0609
MMD_loss	: 3.4154
Src_reg_loss	: 0.0267
-------------------------------------
[Epoch : 237/800]
Total_loss	: 0.0609
MMD_loss	: 3.4165
Src_reg_loss	: 0.0267
-------------------------------------
[Epoch : 238/800]
Total_loss	: 0.0608
MMD_loss	: 3.4176
Src_reg_loss	: 0.0266
-------------------------------------
[Epoch : 239/800]
Total_loss	: 0.0608
MMD_loss	: 3.4187
Src_reg_loss	: 0.0266
-------------------------------------
[Epoch : 240/800]
Total_loss	: 0.0607
MMD_loss	: 3.4197
Src_reg_loss	: 0.0265
-------------------------------------
[Epoch : 241/800]
Total_loss	: 0.0607
MMD_loss	: 3.4207
Src_reg_loss	: 0.0265
-------------------------------------
[Epoch : 242/800]
Total_loss	: 0.0606
MMD_loss	: 3.4216
Src_reg_loss	: 0.0264
-------------------------------------
[Epoch : 243/800]
Total_loss	: 0.0606
MMD_loss	: 3.4225
Src_reg_loss	: 0.0264
-------------------------------------
[Epoch : 244/800]
Total_loss	: 0.0606
MMD_loss	: 3.4234
Src_reg_loss	: 0.0263
-------------------------------------
[Epoch : 245/800]
Total_loss	: 0.0605
MMD_loss	: 3.4242
Src_reg_loss	: 0.0263
-------------------------------------
[Epoch : 246/800]
Total_loss	: 0.0605
MMD_loss	: 3.4250
Src_reg_loss	: 0.0262
-------------------------------------
[Epoch : 247/800]
Total_loss	: 0.0604
MMD_loss	: 3.4258
Src_reg_loss	: 0.0262
-------------------------------------
[Epoch : 248/800]
Total_loss	: 0.0604
MMD_loss	: 3.4265
Src_reg_loss	: 0.0261
-------------------------------------
[Epoch : 249/800]
Total_loss	: 0.0603
MMD_loss	: 3.4271
Src_reg_loss	: 0.0261
-------------------------------------
[Epoch : 250/800]
Total_loss	: 0.0603
MMD_loss	: 3.4278
Src_reg_loss	: 0.0260
-------------------------------------
[Epoch : 251/800]
Total_loss	: 0.0602
MMD_loss	: 3.4283
Src_reg_loss	: 0.0260
-------------------------------------
[Epoch : 252/800]
Total_loss	: 0.0602
MMD_loss	: 3.4289
Src_reg_loss	: 0.0259
-------------------------------------
[Epoch : 253/800]
Total_loss	: 0.0602
MMD_loss	: 3.4294
Src_reg_loss	: 0.0259
-------------------------------------
[Epoch : 254/800]
Total_loss	: 0.0601
MMD_loss	: 3.4298
Src_reg_loss	: 0.0258
-------------------------------------
[Epoch : 255/800]
Total_loss	: 0.0601
MMD_loss	: 3.4303
Src_reg_loss	: 0.0258
-------------------------------------
[Epoch : 256/800]
Total_loss	: 0.0600
MMD_loss	: 3.4306
Src_reg_loss	: 0.0257
-------------------------------------
[Epoch : 257/800]
Total_loss	: 0.0600
MMD_loss	: 3.4310
Src_reg_loss	: 0.0257
-------------------------------------
[Epoch : 258/800]
Total_loss	: 0.0599
MMD_loss	: 3.4313
Src_reg_loss	: 0.0256
-------------------------------------
[Epoch : 259/800]
Total_loss	: 0.0599
MMD_loss	: 3.4315
Src_reg_loss	: 0.0256
-------------------------------------
[Epoch : 260/800]
Total_loss	: 0.0598
MMD_loss	: 3.4317
Src_reg_loss	: 0.0255
-------------------------------------
[Epoch : 261/800]
Total_loss	: 0.0598
MMD_loss	: 3.4319
Src_reg_loss	: 0.0255
-------------------------------------
[Epoch : 262/800]
Total_loss	: 0.0598
MMD_loss	: 3.4320
Src_reg_loss	: 0.0254
-------------------------------------
[Epoch : 263/800]
Total_loss	: 0.0597
MMD_loss	: 3.4321
Src_reg_loss	: 0.0254
-------------------------------------
[Epoch : 264/800]
Total_loss	: 0.0597
MMD_loss	: 3.4321
Src_reg_loss	: 0.0253
-------------------------------------
[Epoch : 265/800]
Total_loss	: 0.0596
MMD_loss	: 3.4321
Src_reg_loss	: 0.0253
-------------------------------------
[Epoch : 266/800]
Total_loss	: 0.0596
MMD_loss	: 3.4320
Src_reg_loss	: 0.0253
-------------------------------------
[Epoch : 267/800]
Total_loss	: 0.0595
MMD_loss	: 3.4319
Src_reg_loss	: 0.0252
-------------------------------------
[Epoch : 268/800]
Total_loss	: 0.0595
MMD_loss	: 3.4317
Src_reg_loss	: 0.0252
-------------------------------------
[Epoch : 269/800]
Total_loss	: 0.0594
MMD_loss	: 3.4315
Src_reg_loss	: 0.0251
-------------------------------------
[Epoch : 270/800]
Total_loss	: 0.0594
MMD_loss	: 3.4313
Src_reg_loss	: 0.0251
-------------------------------------
[Epoch : 271/800]
Total_loss	: 0.0593
MMD_loss	: 3.4310
Src_reg_loss	: 0.0250
-------------------------------------
[Epoch : 272/800]
Total_loss	: 0.0593
MMD_loss	: 3.4307
Src_reg_loss	: 0.0250
-------------------------------------
[Epoch : 273/800]
Total_loss	: 0.0592
MMD_loss	: 3.4303
Src_reg_loss	: 0.0249
-------------------------------------
[Epoch : 274/800]
Total_loss	: 0.0592
MMD_loss	: 3.4298
Src_reg_loss	: 0.0249
-------------------------------------
[Epoch : 275/800]
Total_loss	: 0.0591
MMD_loss	: 3.4294
Src_reg_loss	: 0.0248
-------------------------------------
[Epoch : 276/800]
Total_loss	: 0.0591
MMD_loss	: 3.4288
Src_reg_loss	: 0.0248
-------------------------------------
[Epoch : 277/800]
Total_loss	: 0.0590
MMD_loss	: 3.4283
Src_reg_loss	: 0.0248
-------------------------------------
[Epoch : 278/800]
Total_loss	: 0.0590
MMD_loss	: 3.4276
Src_reg_loss	: 0.0247
-------------------------------------
[Epoch : 279/800]
Total_loss	: 0.0589
MMD_loss	: 3.4270
Src_reg_loss	: 0.0247
-------------------------------------
[Epoch : 280/800]
Total_loss	: 0.0589
MMD_loss	: 3.4263
Src_reg_loss	: 0.0246
-------------------------------------
[Epoch : 281/800]
Total_loss	: 0.0588
MMD_loss	: 3.4255
Src_reg_loss	: 0.0246
-------------------------------------
[Epoch : 282/800]
Total_loss	: 0.0588
MMD_loss	: 3.4247
Src_reg_loss	: 0.0245
-------------------------------------
[Epoch : 283/800]
Total_loss	: 0.0587
MMD_loss	: 3.4238
Src_reg_loss	: 0.0245
-------------------------------------
[Epoch : 284/800]
Total_loss	: 0.0587
MMD_loss	: 3.4229
Src_reg_loss	: 0.0245
-------------------------------------
[Epoch : 285/800]
Total_loss	: 0.0586
MMD_loss	: 3.4220
Src_reg_loss	: 0.0244
-------------------------------------
[Epoch : 286/800]
Total_loss	: 0.0586
MMD_loss	: 3.4210
Src_reg_loss	: 0.0244
-------------------------------------
[Epoch : 287/800]
Total_loss	: 0.0585
MMD_loss	: 3.4199
Src_reg_loss	: 0.0243
-------------------------------------
[Epoch : 288/800]
Total_loss	: 0.0585
MMD_loss	: 3.4189
Src_reg_loss	: 0.0243
-------------------------------------
[Epoch : 289/800]
Total_loss	: 0.0584
MMD_loss	: 3.4177
Src_reg_loss	: 0.0242
-------------------------------------
[Epoch : 290/800]
Total_loss	: 0.0584
MMD_loss	: 3.4165
Src_reg_loss	: 0.0242
-------------------------------------
[Epoch : 291/800]
Total_loss	: 0.0583
MMD_loss	: 3.4153
Src_reg_loss	: 0.0242
-------------------------------------
[Epoch : 292/800]
Total_loss	: 0.0583
MMD_loss	: 3.4140
Src_reg_loss	: 0.0241
-------------------------------------
[Epoch : 293/800]
Total_loss	: 0.0582
MMD_loss	: 3.4127
Src_reg_loss	: 0.0241
-------------------------------------
[Epoch : 294/800]
Total_loss	: 0.0582
MMD_loss	: 3.4114
Src_reg_loss	: 0.0240
-------------------------------------
[Epoch : 295/800]
Total_loss	: 0.0581
MMD_loss	: 3.4100
Src_reg_loss	: 0.0240
-------------------------------------
[Epoch : 296/800]
Total_loss	: 0.0580
MMD_loss	: 3.4085
Src_reg_loss	: 0.0240
-------------------------------------
[Epoch : 297/800]
Total_loss	: 0.0580
MMD_loss	: 3.4070
Src_reg_loss	: 0.0239
-------------------------------------
[Epoch : 298/800]
Total_loss	: 0.0579
MMD_loss	: 3.4055
Src_reg_loss	: 0.0239
-------------------------------------
[Epoch : 299/800]
Total_loss	: 0.0579
MMD_loss	: 3.4039
Src_reg_loss	: 0.0238
-------------------------------------
[Epoch : 300/800]
Total_loss	: 0.0578
MMD_loss	: 3.4023
Src_reg_loss	: 0.0238
-------------------------------------
[Epoch : 301/800]
Total_loss	: 0.0578
MMD_loss	: 3.4007
Src_reg_loss	: 0.0238
-------------------------------------
[Epoch : 302/800]
Total_loss	: 0.0577
MMD_loss	: 3.3989
Src_reg_loss	: 0.0237
-------------------------------------
[Epoch : 303/800]
Total_loss	: 0.0577
MMD_loss	: 3.3972
Src_reg_loss	: 0.0237
-------------------------------------
[Epoch : 304/800]
Total_loss	: 0.0576
MMD_loss	: 3.3954
Src_reg_loss	: 0.0236
-------------------------------------
[Epoch : 305/800]
Total_loss	: 0.0575
MMD_loss	: 3.3936
Src_reg_loss	: 0.0236
-------------------------------------
[Epoch : 306/800]
Total_loss	: 0.0575
MMD_loss	: 3.3917
Src_reg_loss	: 0.0236
-------------------------------------
[Epoch : 307/800]
Total_loss	: 0.0574
MMD_loss	: 3.3898
Src_reg_loss	: 0.0235
-------------------------------------
[Epoch : 308/800]
Total_loss	: 0.0574
MMD_loss	: 3.3878
Src_reg_loss	: 0.0235
-------------------------------------
[Epoch : 309/800]
Total_loss	: 0.0573
MMD_loss	: 3.3859
Src_reg_loss	: 0.0235
-------------------------------------
[Epoch : 310/800]
Total_loss	: 0.0573
MMD_loss	: 3.3838
Src_reg_loss	: 0.0234
-------------------------------------
[Epoch : 311/800]
Total_loss	: 0.0572
MMD_loss	: 3.3818
Src_reg_loss	: 0.0234
-------------------------------------
[Epoch : 312/800]
Total_loss	: 0.0571
MMD_loss	: 3.3797
Src_reg_loss	: 0.0233
-------------------------------------
[Epoch : 313/800]
Total_loss	: 0.0571
MMD_loss	: 3.3775
Src_reg_loss	: 0.0233
-------------------------------------
[Epoch : 314/800]
Total_loss	: 0.0570
MMD_loss	: 3.3753
Src_reg_loss	: 0.0233
-------------------------------------
[Epoch : 315/800]
Total_loss	: 0.0570
MMD_loss	: 3.3731
Src_reg_loss	: 0.0232
-------------------------------------
[Epoch : 316/800]
Total_loss	: 0.0569
MMD_loss	: 3.3709
Src_reg_loss	: 0.0232
-------------------------------------
[Epoch : 317/800]
Total_loss	: 0.0568
MMD_loss	: 3.3686
Src_reg_loss	: 0.0232
-------------------------------------
[Epoch : 318/800]
Total_loss	: 0.0568
MMD_loss	: 3.3662
Src_reg_loss	: 0.0231
-------------------------------------
[Epoch : 319/800]
Total_loss	: 0.0567
MMD_loss	: 3.3639
Src_reg_loss	: 0.0231
-------------------------------------
[Epoch : 320/800]
Total_loss	: 0.0567
MMD_loss	: 3.3615
Src_reg_loss	: 0.0231
-------------------------------------
[Epoch : 321/800]
Total_loss	: 0.0566
MMD_loss	: 3.3590
Src_reg_loss	: 0.0230
-------------------------------------
[Epoch : 322/800]
Total_loss	: 0.0565
MMD_loss	: 3.3566
Src_reg_loss	: 0.0230
-------------------------------------
[Epoch : 323/800]
Total_loss	: 0.0565
MMD_loss	: 3.3541
Src_reg_loss	: 0.0229
-------------------------------------
[Epoch : 324/800]
Total_loss	: 0.0564
MMD_loss	: 3.3515
Src_reg_loss	: 0.0229
-------------------------------------
[Epoch : 325/800]
Total_loss	: 0.0564
MMD_loss	: 3.3490
Src_reg_loss	: 0.0229
-------------------------------------
[Epoch : 326/800]
Total_loss	: 0.0563
MMD_loss	: 3.3464
Src_reg_loss	: 0.0228
-------------------------------------
[Epoch : 327/800]
Total_loss	: 0.0562
MMD_loss	: 3.3437
Src_reg_loss	: 0.0228
-------------------------------------
[Epoch : 328/800]
Total_loss	: 0.0562
MMD_loss	: 3.3411
Src_reg_loss	: 0.0228
-------------------------------------
[Epoch : 329/800]
Total_loss	: 0.0561
MMD_loss	: 3.3384
Src_reg_loss	: 0.0227
-------------------------------------
[Epoch : 330/800]
Total_loss	: 0.0561
MMD_loss	: 3.3357
Src_reg_loss	: 0.0227
-------------------------------------
[Epoch : 331/800]
Total_loss	: 0.0560
MMD_loss	: 3.3329
Src_reg_loss	: 0.0227
-------------------------------------
[Epoch : 332/800]
Total_loss	: 0.0559
MMD_loss	: 3.3302
Src_reg_loss	: 0.0226
-------------------------------------
[Epoch : 333/800]
Total_loss	: 0.0559
MMD_loss	: 3.3274
Src_reg_loss	: 0.0226
-------------------------------------
[Epoch : 334/800]
Total_loss	: 0.0558
MMD_loss	: 3.3246
Src_reg_loss	: 0.0226
-------------------------------------
[Epoch : 335/800]
Total_loss	: 0.0557
MMD_loss	: 3.3217
Src_reg_loss	: 0.0225
-------------------------------------
[Epoch : 336/800]
Total_loss	: 0.0557
MMD_loss	: 3.3188
Src_reg_loss	: 0.0225
-------------------------------------
[Epoch : 337/800]
Total_loss	: 0.0556
MMD_loss	: 3.3159
Src_reg_loss	: 0.0225
-------------------------------------
[Epoch : 338/800]
Total_loss	: 0.0556
MMD_loss	: 3.3130
Src_reg_loss	: 0.0224
-------------------------------------
[Epoch : 339/800]
Total_loss	: 0.0555
MMD_loss	: 3.3101
Src_reg_loss	: 0.0224
-------------------------------------
[Epoch : 340/800]
Total_loss	: 0.0554
MMD_loss	: 3.3071
Src_reg_loss	: 0.0224
-------------------------------------
[Epoch : 341/800]
Total_loss	: 0.0554
MMD_loss	: 3.3041
Src_reg_loss	: 0.0223
-------------------------------------
[Epoch : 342/800]
Total_loss	: 0.0553
MMD_loss	: 3.3011
Src_reg_loss	: 0.0223
-------------------------------------
[Epoch : 343/800]
Total_loss	: 0.0552
MMD_loss	: 3.2981
Src_reg_loss	: 0.0223
-------------------------------------
[Epoch : 344/800]
Total_loss	: 0.0552
MMD_loss	: 3.2950
Src_reg_loss	: 0.0222
-------------------------------------
[Epoch : 345/800]
Total_loss	: 0.0551
MMD_loss	: 3.2919
Src_reg_loss	: 0.0222
-------------------------------------
[Epoch : 346/800]
Total_loss	: 0.0550
MMD_loss	: 3.2888
Src_reg_loss	: 0.0222
-------------------------------------
[Epoch : 347/800]
Total_loss	: 0.0550
MMD_loss	: 3.2857
Src_reg_loss	: 0.0221
-------------------------------------
[Epoch : 348/800]
Total_loss	: 0.0549
MMD_loss	: 3.2826
Src_reg_loss	: 0.0221
-------------------------------------
[Epoch : 349/800]
Total_loss	: 0.0549
MMD_loss	: 3.2795
Src_reg_loss	: 0.0221
-------------------------------------
[Epoch : 350/800]
Total_loss	: 0.0548
MMD_loss	: 3.2763
Src_reg_loss	: 0.0220
-------------------------------------
[Epoch : 351/800]
Total_loss	: 0.0547
MMD_loss	: 3.2731
Src_reg_loss	: 0.0220
-------------------------------------
[Epoch : 352/800]
Total_loss	: 0.0547
MMD_loss	: 3.2699
Src_reg_loss	: 0.0220
-------------------------------------
[Epoch : 353/800]
Total_loss	: 0.0546
MMD_loss	: 3.2667
Src_reg_loss	: 0.0219
-------------------------------------
[Epoch : 354/800]
Total_loss	: 0.0545
MMD_loss	: 3.2635
Src_reg_loss	: 0.0219
-------------------------------------
[Epoch : 355/800]
Total_loss	: 0.0545
MMD_loss	: 3.2603
Src_reg_loss	: 0.0219
-------------------------------------
[Epoch : 356/800]
Total_loss	: 0.0544
MMD_loss	: 3.2570
Src_reg_loss	: 0.0218
-------------------------------------
[Epoch : 357/800]
Total_loss	: 0.0543
MMD_loss	: 3.2538
Src_reg_loss	: 0.0218
-------------------------------------
[Epoch : 358/800]
Total_loss	: 0.0543
MMD_loss	: 3.2505
Src_reg_loss	: 0.0218
-------------------------------------
[Epoch : 359/800]
Total_loss	: 0.0542
MMD_loss	: 3.2472
Src_reg_loss	: 0.0217
-------------------------------------
[Epoch : 360/800]
Total_loss	: 0.0542
MMD_loss	: 3.2439
Src_reg_loss	: 0.0217
-------------------------------------
[Epoch : 361/800]
Total_loss	: 0.0541
MMD_loss	: 3.2406
Src_reg_loss	: 0.0217
-------------------------------------
[Epoch : 362/800]
Total_loss	: 0.0540
MMD_loss	: 3.2373
Src_reg_loss	: 0.0217
-------------------------------------
[Epoch : 363/800]
Total_loss	: 0.0540
MMD_loss	: 3.2340
Src_reg_loss	: 0.0216
-------------------------------------
[Epoch : 364/800]
Total_loss	: 0.0539
MMD_loss	: 3.2307
Src_reg_loss	: 0.0216
-------------------------------------
[Epoch : 365/800]
Total_loss	: 0.0538
MMD_loss	: 3.2273
Src_reg_loss	: 0.0216
-------------------------------------
[Epoch : 366/800]
Total_loss	: 0.0538
MMD_loss	: 3.2240
Src_reg_loss	: 0.0215
-------------------------------------
[Epoch : 367/800]
Total_loss	: 0.0537
MMD_loss	: 3.2206
Src_reg_loss	: 0.0215
-------------------------------------
[Epoch : 368/800]
Total_loss	: 0.0536
MMD_loss	: 3.2173
Src_reg_loss	: 0.0215
-------------------------------------
[Epoch : 369/800]
Total_loss	: 0.0536
MMD_loss	: 3.2139
Src_reg_loss	: 0.0214
-------------------------------------
[Epoch : 370/800]
Total_loss	: 0.0535
MMD_loss	: 3.2106
Src_reg_loss	: 0.0214
-------------------------------------
[Epoch : 371/800]
Total_loss	: 0.0535
MMD_loss	: 3.2072
Src_reg_loss	: 0.0214
-------------------------------------
[Epoch : 372/800]
Total_loss	: 0.0534
MMD_loss	: 3.2038
Src_reg_loss	: 0.0214
-------------------------------------
[Epoch : 373/800]
Total_loss	: 0.0533
MMD_loss	: 3.2005
Src_reg_loss	: 0.0213
-------------------------------------
[Epoch : 374/800]
Total_loss	: 0.0533
MMD_loss	: 3.1971
Src_reg_loss	: 0.0213
-------------------------------------
[Epoch : 375/800]
Total_loss	: 0.0532
MMD_loss	: 3.1937
Src_reg_loss	: 0.0213
-------------------------------------
[Epoch : 376/800]
Total_loss	: 0.0531
MMD_loss	: 3.1903
Src_reg_loss	: 0.0212
-------------------------------------
[Epoch : 377/800]
Total_loss	: 0.0531
MMD_loss	: 3.1869
Src_reg_loss	: 0.0212
-------------------------------------
[Epoch : 378/800]
Total_loss	: 0.0530
MMD_loss	: 3.1835
Src_reg_loss	: 0.0212
-------------------------------------
[Epoch : 379/800]
Total_loss	: 0.0530
MMD_loss	: 3.1802
Src_reg_loss	: 0.0212
-------------------------------------
[Epoch : 380/800]
Total_loss	: 0.0529
MMD_loss	: 3.1768
Src_reg_loss	: 0.0211
-------------------------------------
[Epoch : 381/800]
Total_loss	: 0.0528
MMD_loss	: 3.1734
Src_reg_loss	: 0.0211
-------------------------------------
[Epoch : 382/800]
Total_loss	: 0.0528
MMD_loss	: 3.1700
Src_reg_loss	: 0.0211
-------------------------------------
[Epoch : 383/800]
Total_loss	: 0.0527
MMD_loss	: 3.1666
Src_reg_loss	: 0.0210
-------------------------------------
[Epoch : 384/800]
Total_loss	: 0.0526
MMD_loss	: 3.1632
Src_reg_loss	: 0.0210
-------------------------------------
[Epoch : 385/800]
Total_loss	: 0.0526
MMD_loss	: 3.1598
Src_reg_loss	: 0.0210
-------------------------------------
[Epoch : 386/800]
Total_loss	: 0.0525
MMD_loss	: 3.1564
Src_reg_loss	: 0.0210
-------------------------------------
[Epoch : 387/800]
Total_loss	: 0.0525
MMD_loss	: 3.1531
Src_reg_loss	: 0.0209
-------------------------------------
[Epoch : 388/800]
Total_loss	: 0.0524
MMD_loss	: 3.1497
Src_reg_loss	: 0.0209
-------------------------------------
[Epoch : 389/800]
Total_loss	: 0.0523
MMD_loss	: 3.1463
Src_reg_loss	: 0.0209
-------------------------------------
[Epoch : 390/800]
Total_loss	: 0.0523
MMD_loss	: 3.1429
Src_reg_loss	: 0.0208
-------------------------------------
[Epoch : 391/800]
Total_loss	: 0.0522
MMD_loss	: 3.1396
Src_reg_loss	: 0.0208
-------------------------------------
[Epoch : 392/800]
Total_loss	: 0.0522
MMD_loss	: 3.1362
Src_reg_loss	: 0.0208
-------------------------------------
[Epoch : 393/800]
Total_loss	: 0.0521
MMD_loss	: 3.1328
Src_reg_loss	: 0.0208
-------------------------------------
[Epoch : 394/800]
Total_loss	: 0.0520
MMD_loss	: 3.1295
Src_reg_loss	: 0.0207
-------------------------------------
[Epoch : 395/800]
Total_loss	: 0.0520
MMD_loss	: 3.1261
Src_reg_loss	: 0.0207
-------------------------------------
[Epoch : 396/800]
Total_loss	: 0.0519
MMD_loss	: 3.1228
Src_reg_loss	: 0.0207
-------------------------------------
[Epoch : 397/800]
Total_loss	: 0.0519
MMD_loss	: 3.1195
Src_reg_loss	: 0.0207
-------------------------------------
[Epoch : 398/800]
Total_loss	: 0.0518
MMD_loss	: 3.1161
Src_reg_loss	: 0.0206
-------------------------------------
[Epoch : 399/800]
Total_loss	: 0.0517
MMD_loss	: 3.1128
Src_reg_loss	: 0.0206
-------------------------------------
[Epoch : 400/800]
Total_loss	: 0.0517
MMD_loss	: 3.1095
Src_reg_loss	: 0.0206
-------------------------------------
[Epoch : 401/800]
Total_loss	: 0.0516
MMD_loss	: 3.1062
Src_reg_loss	: 0.0206
-------------------------------------
[Epoch : 402/800]
Total_loss	: 0.0516
MMD_loss	: 3.1029
Src_reg_loss	: 0.0205
-------------------------------------
[Epoch : 403/800]
Total_loss	: 0.0515
MMD_loss	: 3.0996
Src_reg_loss	: 0.0205
-------------------------------------
[Epoch : 404/800]
Total_loss	: 0.0514
MMD_loss	: 3.0963
Src_reg_loss	: 0.0205
-------------------------------------
[Epoch : 405/800]
Total_loss	: 0.0514
MMD_loss	: 3.0931
Src_reg_loss	: 0.0204
-------------------------------------
[Epoch : 406/800]
Total_loss	: 0.0513
MMD_loss	: 3.0898
Src_reg_loss	: 0.0204
-------------------------------------
[Epoch : 407/800]
Total_loss	: 0.0513
MMD_loss	: 3.0865
Src_reg_loss	: 0.0204
-------------------------------------
[Epoch : 408/800]
Total_loss	: 0.0512
MMD_loss	: 3.0833
Src_reg_loss	: 0.0204
-------------------------------------
[Epoch : 409/800]
Total_loss	: 0.0511
MMD_loss	: 3.0800
Src_reg_loss	: 0.0203
-------------------------------------
[Epoch : 410/800]
Total_loss	: 0.0511
MMD_loss	: 3.0768
Src_reg_loss	: 0.0203
-------------------------------------
[Epoch : 411/800]
Total_loss	: 0.0510
MMD_loss	: 3.0736
Src_reg_loss	: 0.0203
-------------------------------------
[Epoch : 412/800]
Total_loss	: 0.0510
MMD_loss	: 3.0704
Src_reg_loss	: 0.0203
-------------------------------------
[Epoch : 413/800]
Total_loss	: 0.0509
MMD_loss	: 3.0672
Src_reg_loss	: 0.0202
-------------------------------------
[Epoch : 414/800]
Total_loss	: 0.0509
MMD_loss	: 3.0640
Src_reg_loss	: 0.0202
-------------------------------------
[Epoch : 415/800]
Total_loss	: 0.0508
MMD_loss	: 3.0608
Src_reg_loss	: 0.0202
-------------------------------------
[Epoch : 416/800]
Total_loss	: 0.0507
MMD_loss	: 3.0577
Src_reg_loss	: 0.0202
-------------------------------------
[Epoch : 417/800]
Total_loss	: 0.0507
MMD_loss	: 3.0545
Src_reg_loss	: 0.0201
-------------------------------------
[Epoch : 418/800]
Total_loss	: 0.0506
MMD_loss	: 3.0514
Src_reg_loss	: 0.0201
-------------------------------------
[Epoch : 419/800]
Total_loss	: 0.0506
MMD_loss	: 3.0482
Src_reg_loss	: 0.0201
-------------------------------------
[Epoch : 420/800]
Total_loss	: 0.0505
MMD_loss	: 3.0451
Src_reg_loss	: 0.0201
-------------------------------------
[Epoch : 421/800]
Total_loss	: 0.0505
MMD_loss	: 3.0420
Src_reg_loss	: 0.0200
-------------------------------------
[Epoch : 422/800]
Total_loss	: 0.0504
MMD_loss	: 3.0389
Src_reg_loss	: 0.0200
-------------------------------------
[Epoch : 423/800]
Total_loss	: 0.0504
MMD_loss	: 3.0358
Src_reg_loss	: 0.0200
-------------------------------------
[Epoch : 424/800]
Total_loss	: 0.0503
MMD_loss	: 3.0327
Src_reg_loss	: 0.0200
-------------------------------------
[Epoch : 425/800]
Total_loss	: 0.0502
MMD_loss	: 3.0297
Src_reg_loss	: 0.0200
-------------------------------------
[Epoch : 426/800]
Total_loss	: 0.0502
MMD_loss	: 3.0266
Src_reg_loss	: 0.0199
-------------------------------------
[Epoch : 427/800]
Total_loss	: 0.0501
MMD_loss	: 3.0236
Src_reg_loss	: 0.0199
-------------------------------------
[Epoch : 428/800]
Total_loss	: 0.0501
MMD_loss	: 3.0205
Src_reg_loss	: 0.0199
-------------------------------------
[Epoch : 429/800]
Total_loss	: 0.0500
MMD_loss	: 3.0175
Src_reg_loss	: 0.0199
-------------------------------------
[Epoch : 430/800]
Total_loss	: 0.0500
MMD_loss	: 3.0145
Src_reg_loss	: 0.0198
-------------------------------------
[Epoch : 431/800]
Total_loss	: 0.0499
MMD_loss	: 3.0115
Src_reg_loss	: 0.0198
-------------------------------------
[Epoch : 432/800]
Total_loss	: 0.0499
MMD_loss	: 3.0086
Src_reg_loss	: 0.0198
-------------------------------------
[Epoch : 433/800]
Total_loss	: 0.0498
MMD_loss	: 3.0056
Src_reg_loss	: 0.0198
-------------------------------------
[Epoch : 434/800]
Total_loss	: 0.0498
MMD_loss	: 3.0026
Src_reg_loss	: 0.0197
-------------------------------------
[Epoch : 435/800]
Total_loss	: 0.0497
MMD_loss	: 2.9997
Src_reg_loss	: 0.0197
-------------------------------------
[Epoch : 436/800]
Total_loss	: 0.0497
MMD_loss	: 2.9968
Src_reg_loss	: 0.0197
-------------------------------------
[Epoch : 437/800]
Total_loss	: 0.0496
MMD_loss	: 2.9939
Src_reg_loss	: 0.0197
-------------------------------------
[Epoch : 438/800]
Total_loss	: 0.0496
MMD_loss	: 2.9910
Src_reg_loss	: 0.0196
-------------------------------------
[Epoch : 439/800]
Total_loss	: 0.0495
MMD_loss	: 2.9881
Src_reg_loss	: 0.0196
-------------------------------------
[Epoch : 440/800]
Total_loss	: 0.0495
MMD_loss	: 2.9852
Src_reg_loss	: 0.0196
-------------------------------------
[Epoch : 441/800]
Total_loss	: 0.0494
MMD_loss	: 2.9823
Src_reg_loss	: 0.0196
-------------------------------------
[Epoch : 442/800]
Total_loss	: 0.0494
MMD_loss	: 2.9795
Src_reg_loss	: 0.0196
-------------------------------------
[Epoch : 443/800]
Total_loss	: 0.0493
MMD_loss	: 2.9767
Src_reg_loss	: 0.0195
-------------------------------------
[Epoch : 444/800]
Total_loss	: 0.0492
MMD_loss	: 2.9738
Src_reg_loss	: 0.0195
-------------------------------------
[Epoch : 445/800]
Total_loss	: 0.0492
MMD_loss	: 2.9710
Src_reg_loss	: 0.0195
-------------------------------------
[Epoch : 446/800]
Total_loss	: 0.0491
MMD_loss	: 2.9683
Src_reg_loss	: 0.0195
-------------------------------------
[Epoch : 447/800]
Total_loss	: 0.0491
MMD_loss	: 2.9655
Src_reg_loss	: 0.0194
-------------------------------------
[Epoch : 448/800]
Total_loss	: 0.0490
MMD_loss	: 2.9627
Src_reg_loss	: 0.0194
-------------------------------------
[Epoch : 449/800]
Total_loss	: 0.0490
MMD_loss	: 2.9600
Src_reg_loss	: 0.0194
-------------------------------------
[Epoch : 450/800]
Total_loss	: 0.0490
MMD_loss	: 2.9572
Src_reg_loss	: 0.0194
-------------------------------------
[Epoch : 451/800]
Total_loss	: 0.0489
MMD_loss	: 2.9545
Src_reg_loss	: 0.0194
-------------------------------------
[Epoch : 452/800]
Total_loss	: 0.0489
MMD_loss	: 2.9518
Src_reg_loss	: 0.0193
-------------------------------------
[Epoch : 453/800]
Total_loss	: 0.0488
MMD_loss	: 2.9491
Src_reg_loss	: 0.0193
-------------------------------------
[Epoch : 454/800]
Total_loss	: 0.0488
MMD_loss	: 2.9464
Src_reg_loss	: 0.0193
-------------------------------------
[Epoch : 455/800]
Total_loss	: 0.0487
MMD_loss	: 2.9437
Src_reg_loss	: 0.0193
-------------------------------------
[Epoch : 456/800]
Total_loss	: 0.0487
MMD_loss	: 2.9411
Src_reg_loss	: 0.0192
-------------------------------------
[Epoch : 457/800]
Total_loss	: 0.0486
MMD_loss	: 2.9385
Src_reg_loss	: 0.0192
-------------------------------------
[Epoch : 458/800]
Total_loss	: 0.0486
MMD_loss	: 2.9358
Src_reg_loss	: 0.0192
-------------------------------------
[Epoch : 459/800]
Total_loss	: 0.0485
MMD_loss	: 2.9332
Src_reg_loss	: 0.0192
-------------------------------------
[Epoch : 460/800]
Total_loss	: 0.0485
MMD_loss	: 2.9306
Src_reg_loss	: 0.0192
-------------------------------------
[Epoch : 461/800]
Total_loss	: 0.0484
MMD_loss	: 2.9280
Src_reg_loss	: 0.0191
-------------------------------------
[Epoch : 462/800]
Total_loss	: 0.0484
MMD_loss	: 2.9255
Src_reg_loss	: 0.0191
-------------------------------------
[Epoch : 463/800]
Total_loss	: 0.0483
MMD_loss	: 2.9229
Src_reg_loss	: 0.0191
-------------------------------------
[Epoch : 464/800]
Total_loss	: 0.0483
MMD_loss	: 2.9204
Src_reg_loss	: 0.0191
-------------------------------------
[Epoch : 465/800]
Total_loss	: 0.0482
MMD_loss	: 2.9178
Src_reg_loss	: 0.0191
-------------------------------------
[Epoch : 466/800]
Total_loss	: 0.0482
MMD_loss	: 2.9153
Src_reg_loss	: 0.0190
-------------------------------------
[Epoch : 467/800]
Total_loss	: 0.0481
MMD_loss	: 2.9128
Src_reg_loss	: 0.0190
-------------------------------------
[Epoch : 468/800]
Total_loss	: 0.0481
MMD_loss	: 2.9103
Src_reg_loss	: 0.0190
-------------------------------------
[Epoch : 469/800]
Total_loss	: 0.0481
MMD_loss	: 2.9079
Src_reg_loss	: 0.0190
-------------------------------------
[Epoch : 470/800]
Total_loss	: 0.0480
MMD_loss	: 2.9054
Src_reg_loss	: 0.0190
-------------------------------------
[Epoch : 471/800]
Total_loss	: 0.0480
MMD_loss	: 2.9030
Src_reg_loss	: 0.0189
-------------------------------------
[Epoch : 472/800]
Total_loss	: 0.0479
MMD_loss	: 2.9005
Src_reg_loss	: 0.0189
-------------------------------------
[Epoch : 473/800]
Total_loss	: 0.0479
MMD_loss	: 2.8981
Src_reg_loss	: 0.0189
-------------------------------------
[Epoch : 474/800]
Total_loss	: 0.0478
MMD_loss	: 2.8957
Src_reg_loss	: 0.0189
-------------------------------------
[Epoch : 475/800]
Total_loss	: 0.0478
MMD_loss	: 2.8933
Src_reg_loss	: 0.0189
-------------------------------------
[Epoch : 476/800]
Total_loss	: 0.0477
MMD_loss	: 2.8909
Src_reg_loss	: 0.0188
-------------------------------------
[Epoch : 477/800]
Total_loss	: 0.0477
MMD_loss	: 2.8886
Src_reg_loss	: 0.0188
-------------------------------------
[Epoch : 478/800]
Total_loss	: 0.0477
MMD_loss	: 2.8862
Src_reg_loss	: 0.0188
-------------------------------------
[Epoch : 479/800]
Total_loss	: 0.0476
MMD_loss	: 2.8839
Src_reg_loss	: 0.0188
-------------------------------------
[Epoch : 480/800]
Total_loss	: 0.0476
MMD_loss	: 2.8816
Src_reg_loss	: 0.0188
-------------------------------------
[Epoch : 481/800]
Total_loss	: 0.0475
MMD_loss	: 2.8793
Src_reg_loss	: 0.0187
-------------------------------------
[Epoch : 482/800]
Total_loss	: 0.0475
MMD_loss	: 2.8770
Src_reg_loss	: 0.0187
-------------------------------------
[Epoch : 483/800]
Total_loss	: 0.0474
MMD_loss	: 2.8747
Src_reg_loss	: 0.0187
-------------------------------------
[Epoch : 484/800]
Total_loss	: 0.0474
MMD_loss	: 2.8724
Src_reg_loss	: 0.0187
-------------------------------------
[Epoch : 485/800]
Total_loss	: 0.0474
MMD_loss	: 2.8702
Src_reg_loss	: 0.0187
-------------------------------------
[Epoch : 486/800]
Total_loss	: 0.0473
MMD_loss	: 2.8679
Src_reg_loss	: 0.0186
-------------------------------------
[Epoch : 487/800]
Total_loss	: 0.0473
MMD_loss	: 2.8657
Src_reg_loss	: 0.0186
-------------------------------------
[Epoch : 488/800]
Total_loss	: 0.0472
MMD_loss	: 2.8635
Src_reg_loss	: 0.0186
-------------------------------------
[Epoch : 489/800]
Total_loss	: 0.0472
MMD_loss	: 2.8613
Src_reg_loss	: 0.0186
-------------------------------------
[Epoch : 490/800]
Total_loss	: 0.0472
MMD_loss	: 2.8591
Src_reg_loss	: 0.0186
-------------------------------------
[Epoch : 491/800]
Total_loss	: 0.0471
MMD_loss	: 2.8569
Src_reg_loss	: 0.0185
-------------------------------------
[Epoch : 492/800]
Total_loss	: 0.0471
MMD_loss	: 2.8547
Src_reg_loss	: 0.0185
-------------------------------------
[Epoch : 493/800]
Total_loss	: 0.0470
MMD_loss	: 2.8526
Src_reg_loss	: 0.0185
-------------------------------------
[Epoch : 494/800]
Total_loss	: 0.0470
MMD_loss	: 2.8504
Src_reg_loss	: 0.0185
-------------------------------------
[Epoch : 495/800]
Total_loss	: 0.0469
MMD_loss	: 2.8483
Src_reg_loss	: 0.0185
-------------------------------------
[Epoch : 496/800]
Total_loss	: 0.0469
MMD_loss	: 2.8462
Src_reg_loss	: 0.0184
-------------------------------------
[Epoch : 497/800]
Total_loss	: 0.0469
MMD_loss	: 2.8441
Src_reg_loss	: 0.0184
-------------------------------------
[Epoch : 498/800]
Total_loss	: 0.0468
MMD_loss	: 2.8420
Src_reg_loss	: 0.0184
-------------------------------------
[Epoch : 499/800]
Total_loss	: 0.0468
MMD_loss	: 2.8399
Src_reg_loss	: 0.0184
-------------------------------------
[Epoch : 500/800]
Total_loss	: 0.0468
MMD_loss	: 2.8379
Src_reg_loss	: 0.0184
-------------------------------------
[Epoch : 501/800]
Total_loss	: 0.0467
MMD_loss	: 2.8358
Src_reg_loss	: 0.0184
-------------------------------------
[Epoch : 502/800]
Total_loss	: 0.0467
MMD_loss	: 2.8338
Src_reg_loss	: 0.0183
-------------------------------------
[Epoch : 503/800]
Total_loss	: 0.0466
MMD_loss	: 2.8318
Src_reg_loss	: 0.0183
-------------------------------------
[Epoch : 504/800]
Total_loss	: 0.0466
MMD_loss	: 2.8298
Src_reg_loss	: 0.0183
-------------------------------------
[Epoch : 505/800]
Total_loss	: 0.0466
MMD_loss	: 2.8278
Src_reg_loss	: 0.0183
-------------------------------------
[Epoch : 506/800]
Total_loss	: 0.0465
MMD_loss	: 2.8258
Src_reg_loss	: 0.0183
-------------------------------------
[Epoch : 507/800]
Total_loss	: 0.0465
MMD_loss	: 2.8238
Src_reg_loss	: 0.0182
-------------------------------------
[Epoch : 508/800]
Total_loss	: 0.0464
MMD_loss	: 2.8218
Src_reg_loss	: 0.0182
-------------------------------------
[Epoch : 509/800]
Total_loss	: 0.0464
MMD_loss	: 2.8199
Src_reg_loss	: 0.0182
-------------------------------------
[Epoch : 510/800]
Total_loss	: 0.0464
MMD_loss	: 2.8179
Src_reg_loss	: 0.0182
-------------------------------------
[Epoch : 511/800]
Total_loss	: 0.0463
MMD_loss	: 2.8160
Src_reg_loss	: 0.0182
-------------------------------------
[Epoch : 512/800]
Total_loss	: 0.0463
MMD_loss	: 2.8141
Src_reg_loss	: 0.0182
-------------------------------------
[Epoch : 513/800]
Total_loss	: 0.0463
MMD_loss	: 2.8122
Src_reg_loss	: 0.0181
-------------------------------------
[Epoch : 514/800]
Total_loss	: 0.0462
MMD_loss	: 2.8103
Src_reg_loss	: 0.0181
-------------------------------------
[Epoch : 515/800]
Total_loss	: 0.0462
MMD_loss	: 2.8084
Src_reg_loss	: 0.0181
-------------------------------------
[Epoch : 516/800]
Total_loss	: 0.0462
MMD_loss	: 2.8066
Src_reg_loss	: 0.0181
-------------------------------------
[Epoch : 517/800]
Total_loss	: 0.0461
MMD_loss	: 2.8047
Src_reg_loss	: 0.0181
-------------------------------------
[Epoch : 518/800]
Total_loss	: 0.0461
MMD_loss	: 2.8029
Src_reg_loss	: 0.0181
-------------------------------------
[Epoch : 519/800]
Total_loss	: 0.0460
MMD_loss	: 2.8011
Src_reg_loss	: 0.0180
-------------------------------------
[Epoch : 520/800]
Total_loss	: 0.0460
MMD_loss	: 2.7992
Src_reg_loss	: 0.0180
-------------------------------------
[Epoch : 521/800]
Total_loss	: 0.0460
MMD_loss	: 2.7974
Src_reg_loss	: 0.0180
-------------------------------------
[Epoch : 522/800]
Total_loss	: 0.0459
MMD_loss	: 2.7956
Src_reg_loss	: 0.0180
-------------------------------------
[Epoch : 523/800]
Total_loss	: 0.0459
MMD_loss	: 2.7938
Src_reg_loss	: 0.0180
-------------------------------------
[Epoch : 524/800]
Total_loss	: 0.0459
MMD_loss	: 2.7921
Src_reg_loss	: 0.0179
-------------------------------------
[Epoch : 525/800]
Total_loss	: 0.0458
MMD_loss	: 2.7903
Src_reg_loss	: 0.0179
-------------------------------------
[Epoch : 526/800]
Total_loss	: 0.0458
MMD_loss	: 2.7886
Src_reg_loss	: 0.0179
-------------------------------------
[Epoch : 527/800]
Total_loss	: 0.0458
MMD_loss	: 2.7868
Src_reg_loss	: 0.0179
-------------------------------------
[Epoch : 528/800]
Total_loss	: 0.0457
MMD_loss	: 2.7851
Src_reg_loss	: 0.0179
-------------------------------------
[Epoch : 529/800]
Total_loss	: 0.0457
MMD_loss	: 2.7834
Src_reg_loss	: 0.0179
-------------------------------------
[Epoch : 530/800]
Total_loss	: 0.0457
MMD_loss	: 2.7817
Src_reg_loss	: 0.0178
-------------------------------------
[Epoch : 531/800]
Total_loss	: 0.0456
MMD_loss	: 2.7800
Src_reg_loss	: 0.0178
-------------------------------------
[Epoch : 532/800]
Total_loss	: 0.0456
MMD_loss	: 2.7783
Src_reg_loss	: 0.0178
-------------------------------------
[Epoch : 533/800]
Total_loss	: 0.0456
MMD_loss	: 2.7766
Src_reg_loss	: 0.0178
-------------------------------------
[Epoch : 534/800]
Total_loss	: 0.0455
MMD_loss	: 2.7750
Src_reg_loss	: 0.0178
-------------------------------------
[Epoch : 535/800]
Total_loss	: 0.0455
MMD_loss	: 2.7733
Src_reg_loss	: 0.0178
-------------------------------------
[Epoch : 536/800]
Total_loss	: 0.0455
MMD_loss	: 2.7717
Src_reg_loss	: 0.0177
-------------------------------------
[Epoch : 537/800]
Total_loss	: 0.0454
MMD_loss	: 2.7700
Src_reg_loss	: 0.0177
-------------------------------------
[Epoch : 538/800]
Total_loss	: 0.0454
MMD_loss	: 2.7684
Src_reg_loss	: 0.0177
-------------------------------------
[Epoch : 539/800]
Total_loss	: 0.0454
MMD_loss	: 2.7668
Src_reg_loss	: 0.0177
-------------------------------------
[Epoch : 540/800]
Total_loss	: 0.0453
MMD_loss	: 2.7652
Src_reg_loss	: 0.0177
-------------------------------------
[Epoch : 541/800]
Total_loss	: 0.0453
MMD_loss	: 2.7636
Src_reg_loss	: 0.0177
-------------------------------------
[Epoch : 542/800]
Total_loss	: 0.0453
MMD_loss	: 2.7620
Src_reg_loss	: 0.0176
-------------------------------------
[Epoch : 543/800]
Total_loss	: 0.0452
MMD_loss	: 2.7605
Src_reg_loss	: 0.0176
-------------------------------------
[Epoch : 544/800]
Total_loss	: 0.0452
MMD_loss	: 2.7589
Src_reg_loss	: 0.0176
-------------------------------------
[Epoch : 545/800]
Total_loss	: 0.0452
MMD_loss	: 2.7574
Src_reg_loss	: 0.0176
-------------------------------------
[Epoch : 546/800]
Total_loss	: 0.0451
MMD_loss	: 2.7558
Src_reg_loss	: 0.0176
-------------------------------------
[Epoch : 547/800]
Total_loss	: 0.0451
MMD_loss	: 2.7543
Src_reg_loss	: 0.0176
-------------------------------------
[Epoch : 548/800]
Total_loss	: 0.0451
MMD_loss	: 2.7528
Src_reg_loss	: 0.0176
-------------------------------------
[Epoch : 549/800]
Total_loss	: 0.0451
MMD_loss	: 2.7513
Src_reg_loss	: 0.0175
-------------------------------------
[Epoch : 550/800]
Total_loss	: 0.0450
MMD_loss	: 2.7498
Src_reg_loss	: 0.0175
-------------------------------------
[Epoch : 551/800]
Total_loss	: 0.0450
MMD_loss	: 2.7483
Src_reg_loss	: 0.0175
-------------------------------------
[Epoch : 552/800]
Total_loss	: 0.0450
MMD_loss	: 2.7468
Src_reg_loss	: 0.0175
-------------------------------------
[Epoch : 553/800]
Total_loss	: 0.0449
MMD_loss	: 2.7454
Src_reg_loss	: 0.0175
-------------------------------------
[Epoch : 554/800]
Total_loss	: 0.0449
MMD_loss	: 2.7439
Src_reg_loss	: 0.0175
-------------------------------------
[Epoch : 555/800]
Total_loss	: 0.0449
MMD_loss	: 2.7425
Src_reg_loss	: 0.0174
-------------------------------------
[Epoch : 556/800]
Total_loss	: 0.0448
MMD_loss	: 2.7410
Src_reg_loss	: 0.0174
-------------------------------------
[Epoch : 557/800]
Total_loss	: 0.0448
MMD_loss	: 2.7396
Src_reg_loss	: 0.0174
-------------------------------------
[Epoch : 558/800]
Total_loss	: 0.0448
MMD_loss	: 2.7382
Src_reg_loss	: 0.0174
-------------------------------------
[Epoch : 559/800]
Total_loss	: 0.0448
MMD_loss	: 2.7368
Src_reg_loss	: 0.0174
-------------------------------------
[Epoch : 560/800]
Total_loss	: 0.0447
MMD_loss	: 2.7354
Src_reg_loss	: 0.0174
-------------------------------------
[Epoch : 561/800]
Total_loss	: 0.0447
MMD_loss	: 2.7340
Src_reg_loss	: 0.0174
-------------------------------------
[Epoch : 562/800]
Total_loss	: 0.0447
MMD_loss	: 2.7326
Src_reg_loss	: 0.0173
-------------------------------------
[Epoch : 563/800]
Total_loss	: 0.0446
MMD_loss	: 2.7313
Src_reg_loss	: 0.0173
-------------------------------------
[Epoch : 564/800]
Total_loss	: 0.0446
MMD_loss	: 2.7299
Src_reg_loss	: 0.0173
-------------------------------------
[Epoch : 565/800]
Total_loss	: 0.0446
MMD_loss	: 2.7286
Src_reg_loss	: 0.0173
-------------------------------------
[Epoch : 566/800]
Total_loss	: 0.0445
MMD_loss	: 2.7272
Src_reg_loss	: 0.0173
-------------------------------------
[Epoch : 567/800]
Total_loss	: 0.0445
MMD_loss	: 2.7259
Src_reg_loss	: 0.0173
-------------------------------------
[Epoch : 568/800]
Total_loss	: 0.0445
MMD_loss	: 2.7246
Src_reg_loss	: 0.0172
-------------------------------------
[Epoch : 569/800]
Total_loss	: 0.0445
MMD_loss	: 2.7233
Src_reg_loss	: 0.0172
-------------------------------------
[Epoch : 570/800]
Total_loss	: 0.0444
MMD_loss	: 2.7220
Src_reg_loss	: 0.0172
-------------------------------------
[Epoch : 571/800]
Total_loss	: 0.0444
MMD_loss	: 2.7207
Src_reg_loss	: 0.0172
-------------------------------------
[Epoch : 572/800]
Total_loss	: 0.0444
MMD_loss	: 2.7194
Src_reg_loss	: 0.0172
-------------------------------------
[Epoch : 573/800]
Total_loss	: 0.0444
MMD_loss	: 2.7181
Src_reg_loss	: 0.0172
-------------------------------------
[Epoch : 574/800]
Total_loss	: 0.0443
MMD_loss	: 2.7169
Src_reg_loss	: 0.0172
-------------------------------------
[Epoch : 575/800]
Total_loss	: 0.0443
MMD_loss	: 2.7156
Src_reg_loss	: 0.0171
-------------------------------------
[Epoch : 576/800]
Total_loss	: 0.0443
MMD_loss	: 2.7144
Src_reg_loss	: 0.0171
-------------------------------------
[Epoch : 577/800]
Total_loss	: 0.0442
MMD_loss	: 2.7131
Src_reg_loss	: 0.0171
-------------------------------------
[Epoch : 578/800]
Total_loss	: 0.0442
MMD_loss	: 2.7119
Src_reg_loss	: 0.0171
-------------------------------------
[Epoch : 579/800]
Total_loss	: 0.0442
MMD_loss	: 2.7107
Src_reg_loss	: 0.0171
-------------------------------------
[Epoch : 580/800]
Total_loss	: 0.0442
MMD_loss	: 2.7095
Src_reg_loss	: 0.0171
-------------------------------------
[Epoch : 581/800]
Total_loss	: 0.0441
MMD_loss	: 2.7083
Src_reg_loss	: 0.0171
-------------------------------------
[Epoch : 582/800]
Total_loss	: 0.0441
MMD_loss	: 2.7071
Src_reg_loss	: 0.0170
-------------------------------------
[Epoch : 583/800]
Total_loss	: 0.0441
MMD_loss	: 2.7059
Src_reg_loss	: 0.0170
-------------------------------------
[Epoch : 584/800]
Total_loss	: 0.0441
MMD_loss	: 2.7047
Src_reg_loss	: 0.0170
-------------------------------------
[Epoch : 585/800]
Total_loss	: 0.0440
MMD_loss	: 2.7036
Src_reg_loss	: 0.0170
-------------------------------------
[Epoch : 586/800]
Total_loss	: 0.0440
MMD_loss	: 2.7024
Src_reg_loss	: 0.0170
-------------------------------------
[Epoch : 587/800]
Total_loss	: 0.0440
MMD_loss	: 2.7012
Src_reg_loss	: 0.0170
-------------------------------------
[Epoch : 588/800]
Total_loss	: 0.0440
MMD_loss	: 2.7001
Src_reg_loss	: 0.0170
-------------------------------------
[Epoch : 589/800]
Total_loss	: 0.0439
MMD_loss	: 2.6990
Src_reg_loss	: 0.0169
-------------------------------------
[Epoch : 590/800]
Total_loss	: 0.0439
MMD_loss	: 2.6978
Src_reg_loss	: 0.0169
-------------------------------------
[Epoch : 591/800]
Total_loss	: 0.0439
MMD_loss	: 2.6967
Src_reg_loss	: 0.0169
-------------------------------------
[Epoch : 592/800]
Total_loss	: 0.0439
MMD_loss	: 2.6956
Src_reg_loss	: 0.0169
-------------------------------------
[Epoch : 593/800]
Total_loss	: 0.0438
MMD_loss	: 2.6945
Src_reg_loss	: 0.0169
-------------------------------------
[Epoch : 594/800]
Total_loss	: 0.0438
MMD_loss	: 2.6934
Src_reg_loss	: 0.0169
-------------------------------------
[Epoch : 595/800]
Total_loss	: 0.0438
MMD_loss	: 2.6923
Src_reg_loss	: 0.0169
-------------------------------------
[Epoch : 596/800]
Total_loss	: 0.0438
MMD_loss	: 2.6913
Src_reg_loss	: 0.0168
-------------------------------------
[Epoch : 597/800]
Total_loss	: 0.0437
MMD_loss	: 2.6902
Src_reg_loss	: 0.0168
-------------------------------------
[Epoch : 598/800]
Total_loss	: 0.0437
MMD_loss	: 2.6891
Src_reg_loss	: 0.0168
-------------------------------------
[Epoch : 599/800]
Total_loss	: 0.0437
MMD_loss	: 2.6881
Src_reg_loss	: 0.0168
-------------------------------------
[Epoch : 600/800]
Total_loss	: 0.0437
MMD_loss	: 2.6870
Src_reg_loss	: 0.0168
-------------------------------------
[Epoch : 601/800]
Total_loss	: 0.0436
MMD_loss	: 2.6860
Src_reg_loss	: 0.0168
-------------------------------------
[Epoch : 602/800]
Total_loss	: 0.0436
MMD_loss	: 2.6849
Src_reg_loss	: 0.0168
-------------------------------------
[Epoch : 603/800]
Total_loss	: 0.0436
MMD_loss	: 2.6839
Src_reg_loss	: 0.0168
-------------------------------------
[Epoch : 604/800]
Total_loss	: 0.0436
MMD_loss	: 2.6829
Src_reg_loss	: 0.0167
-------------------------------------
[Epoch : 605/800]
Total_loss	: 0.0435
MMD_loss	: 2.6819
Src_reg_loss	: 0.0167
-------------------------------------
[Epoch : 606/800]
Total_loss	: 0.0435
MMD_loss	: 2.6809
Src_reg_loss	: 0.0167
-------------------------------------
[Epoch : 607/800]
Total_loss	: 0.0435
MMD_loss	: 2.6799
Src_reg_loss	: 0.0167
-------------------------------------
[Epoch : 608/800]
Total_loss	: 0.0435
MMD_loss	: 2.6789
Src_reg_loss	: 0.0167
-------------------------------------
[Epoch : 609/800]
Total_loss	: 0.0435
MMD_loss	: 2.6779
Src_reg_loss	: 0.0167
-------------------------------------
[Epoch : 610/800]
Total_loss	: 0.0434
MMD_loss	: 2.6769
Src_reg_loss	: 0.0167
-------------------------------------
[Epoch : 611/800]
Total_loss	: 0.0434
MMD_loss	: 2.6760
Src_reg_loss	: 0.0166
-------------------------------------
[Epoch : 612/800]
Total_loss	: 0.0434
MMD_loss	: 2.6750
Src_reg_loss	: 0.0166
-------------------------------------
[Epoch : 613/800]
Total_loss	: 0.0434
MMD_loss	: 2.6741
Src_reg_loss	: 0.0166
-------------------------------------
[Epoch : 614/800]
Total_loss	: 0.0433
MMD_loss	: 2.6731
Src_reg_loss	: 0.0166
-------------------------------------
[Epoch : 615/800]
Total_loss	: 0.0433
MMD_loss	: 2.6722
Src_reg_loss	: 0.0166
-------------------------------------
[Epoch : 616/800]
Total_loss	: 0.0433
MMD_loss	: 2.6713
Src_reg_loss	: 0.0166
-------------------------------------
[Epoch : 617/800]
Total_loss	: 0.0433
MMD_loss	: 2.6703
Src_reg_loss	: 0.0166
-------------------------------------
[Epoch : 618/800]
Total_loss	: 0.0433
MMD_loss	: 2.6694
Src_reg_loss	: 0.0166
-------------------------------------
[Epoch : 619/800]
Total_loss	: 0.0432
MMD_loss	: 2.6685
Src_reg_loss	: 0.0165
-------------------------------------
[Epoch : 620/800]
Total_loss	: 0.0432
MMD_loss	: 2.6676
Src_reg_loss	: 0.0165
-------------------------------------
[Epoch : 621/800]
Total_loss	: 0.0432
MMD_loss	: 2.6667
Src_reg_loss	: 0.0165
-------------------------------------
[Epoch : 622/800]
Total_loss	: 0.0432
MMD_loss	: 2.6658
Src_reg_loss	: 0.0165
-------------------------------------
[Epoch : 623/800]
Total_loss	: 0.0431
MMD_loss	: 2.6650
Src_reg_loss	: 0.0165
-------------------------------------
[Epoch : 624/800]
Total_loss	: 0.0431
MMD_loss	: 2.6641
Src_reg_loss	: 0.0165
-------------------------------------
[Epoch : 625/800]
Total_loss	: 0.0431
MMD_loss	: 2.6632
Src_reg_loss	: 0.0165
-------------------------------------
[Epoch : 626/800]
Total_loss	: 0.0431
MMD_loss	: 2.6624
Src_reg_loss	: 0.0165
-------------------------------------
[Epoch : 627/800]
Total_loss	: 0.0431
MMD_loss	: 2.6615
Src_reg_loss	: 0.0164
-------------------------------------
[Epoch : 628/800]
Total_loss	: 0.0430
MMD_loss	: 2.6607
Src_reg_loss	: 0.0164
-------------------------------------
[Epoch : 629/800]
Total_loss	: 0.0430
MMD_loss	: 2.6598
Src_reg_loss	: 0.0164
-------------------------------------
[Epoch : 630/800]
Total_loss	: 0.0430
MMD_loss	: 2.6590
Src_reg_loss	: 0.0164
-------------------------------------
[Epoch : 631/800]
Total_loss	: 0.0430
MMD_loss	: 2.6582
Src_reg_loss	: 0.0164
-------------------------------------
[Epoch : 632/800]
Total_loss	: 0.0430
MMD_loss	: 2.6573
Src_reg_loss	: 0.0164
-------------------------------------
[Epoch : 633/800]
Total_loss	: 0.0429
MMD_loss	: 2.6565
Src_reg_loss	: 0.0164
-------------------------------------
[Epoch : 634/800]
Total_loss	: 0.0429
MMD_loss	: 2.6557
Src_reg_loss	: 0.0164
-------------------------------------
[Epoch : 635/800]
Total_loss	: 0.0429
MMD_loss	: 2.6549
Src_reg_loss	: 0.0163
-------------------------------------
[Epoch : 636/800]
Total_loss	: 0.0429
MMD_loss	: 2.6541
Src_reg_loss	: 0.0163
-------------------------------------
[Epoch : 637/800]
Total_loss	: 0.0429
MMD_loss	: 2.6533
Src_reg_loss	: 0.0163
-------------------------------------
[Epoch : 638/800]
Total_loss	: 0.0428
MMD_loss	: 2.6525
Src_reg_loss	: 0.0163
-------------------------------------
[Epoch : 639/800]
Total_loss	: 0.0428
MMD_loss	: 2.6518
Src_reg_loss	: 0.0163
-------------------------------------
[Epoch : 640/800]
Total_loss	: 0.0428
MMD_loss	: 2.6510
Src_reg_loss	: 0.0163
-------------------------------------
[Epoch : 641/800]
Total_loss	: 0.0428
MMD_loss	: 2.6502
Src_reg_loss	: 0.0163
-------------------------------------
[Epoch : 642/800]
Total_loss	: 0.0428
MMD_loss	: 2.6495
Src_reg_loss	: 0.0163
-------------------------------------
[Epoch : 643/800]
Total_loss	: 0.0427
MMD_loss	: 2.6487
Src_reg_loss	: 0.0162
-------------------------------------
[Epoch : 644/800]
Total_loss	: 0.0427
MMD_loss	: 2.6480
Src_reg_loss	: 0.0162
-------------------------------------
[Epoch : 645/800]
Total_loss	: 0.0427
MMD_loss	: 2.6472
Src_reg_loss	: 0.0162
-------------------------------------
[Epoch : 646/800]
Total_loss	: 0.0427
MMD_loss	: 2.6465
Src_reg_loss	: 0.0162
-------------------------------------
[Epoch : 647/800]
Total_loss	: 0.0427
MMD_loss	: 2.6457
Src_reg_loss	: 0.0162
-------------------------------------
[Epoch : 648/800]
Total_loss	: 0.0426
MMD_loss	: 2.6450
Src_reg_loss	: 0.0162
-------------------------------------
[Epoch : 649/800]
Total_loss	: 0.0426
MMD_loss	: 2.6443
Src_reg_loss	: 0.0162
-------------------------------------
[Epoch : 650/800]
Total_loss	: 0.0426
MMD_loss	: 2.6436
Src_reg_loss	: 0.0162
-------------------------------------
[Epoch : 651/800]
Total_loss	: 0.0426
MMD_loss	: 2.6429
Src_reg_loss	: 0.0162
-------------------------------------
[Epoch : 652/800]
Total_loss	: 0.0426
MMD_loss	: 2.6422
Src_reg_loss	: 0.0161
-------------------------------------
[Epoch : 653/800]
Total_loss	: 0.0425
MMD_loss	: 2.6415
Src_reg_loss	: 0.0161
-------------------------------------
[Epoch : 654/800]
Total_loss	: 0.0425
MMD_loss	: 2.6408
Src_reg_loss	: 0.0161
-------------------------------------
[Epoch : 655/800]
Total_loss	: 0.0425
MMD_loss	: 2.6401
Src_reg_loss	: 0.0161
-------------------------------------
[Epoch : 656/800]
Total_loss	: 0.0425
MMD_loss	: 2.6394
Src_reg_loss	: 0.0161
-------------------------------------
[Epoch : 657/800]
Total_loss	: 0.0425
MMD_loss	: 2.6387
Src_reg_loss	: 0.0161
-------------------------------------
[Epoch : 658/800]
Total_loss	: 0.0425
MMD_loss	: 2.6380
Src_reg_loss	: 0.0161
-------------------------------------
[Epoch : 659/800]
Total_loss	: 0.0424
MMD_loss	: 2.6374
Src_reg_loss	: 0.0161
-------------------------------------
[Epoch : 660/800]
Total_loss	: 0.0424
MMD_loss	: 2.6367
Src_reg_loss	: 0.0161
-------------------------------------
[Epoch : 661/800]
Total_loss	: 0.0424
MMD_loss	: 2.6360
Src_reg_loss	: 0.0160
-------------------------------------
[Epoch : 662/800]
Total_loss	: 0.0424
MMD_loss	: 2.6354
Src_reg_loss	: 0.0160
-------------------------------------
[Epoch : 663/800]
Total_loss	: 0.0424
MMD_loss	: 2.6347
Src_reg_loss	: 0.0160
-------------------------------------
[Epoch : 664/800]
Total_loss	: 0.0423
MMD_loss	: 2.6341
Src_reg_loss	: 0.0160
-------------------------------------
[Epoch : 665/800]
Total_loss	: 0.0423
MMD_loss	: 2.6335
Src_reg_loss	: 0.0160
-------------------------------------
[Epoch : 666/800]
Total_loss	: 0.0423
MMD_loss	: 2.6328
Src_reg_loss	: 0.0160
-------------------------------------
[Epoch : 667/800]
Total_loss	: 0.0423
MMD_loss	: 2.6322
Src_reg_loss	: 0.0160
-------------------------------------
[Epoch : 668/800]
Total_loss	: 0.0423
MMD_loss	: 2.6316
Src_reg_loss	: 0.0160
-------------------------------------
[Epoch : 669/800]
Total_loss	: 0.0423
MMD_loss	: 2.6309
Src_reg_loss	: 0.0159
-------------------------------------
[Epoch : 670/800]
Total_loss	: 0.0422
MMD_loss	: 2.6303
Src_reg_loss	: 0.0159
-------------------------------------
[Epoch : 671/800]
Total_loss	: 0.0422
MMD_loss	: 2.6297
Src_reg_loss	: 0.0159
-------------------------------------
[Epoch : 672/800]
Total_loss	: 0.0422
MMD_loss	: 2.6291
Src_reg_loss	: 0.0159
-------------------------------------
[Epoch : 673/800]
Total_loss	: 0.0422
MMD_loss	: 2.6285
Src_reg_loss	: 0.0159
-------------------------------------
[Epoch : 674/800]
Total_loss	: 0.0422
MMD_loss	: 2.6279
Src_reg_loss	: 0.0159
-------------------------------------
[Epoch : 675/800]
Total_loss	: 0.0422
MMD_loss	: 2.6273
Src_reg_loss	: 0.0159
-------------------------------------
[Epoch : 676/800]
Total_loss	: 0.0421
MMD_loss	: 2.6267
Src_reg_loss	: 0.0159
-------------------------------------
[Epoch : 677/800]
Total_loss	: 0.0421
MMD_loss	: 2.6262
Src_reg_loss	: 0.0159
-------------------------------------
[Epoch : 678/800]
Total_loss	: 0.0421
MMD_loss	: 2.6256
Src_reg_loss	: 0.0158
-------------------------------------
[Epoch : 679/800]
Total_loss	: 0.0421
MMD_loss	: 2.6250
Src_reg_loss	: 0.0158
-------------------------------------
[Epoch : 680/800]
Total_loss	: 0.0421
MMD_loss	: 2.6245
Src_reg_loss	: 0.0158
-------------------------------------
[Epoch : 681/800]
Total_loss	: 0.0421
MMD_loss	: 2.6239
Src_reg_loss	: 0.0158
-------------------------------------
[Epoch : 682/800]
Total_loss	: 0.0420
MMD_loss	: 2.6233
Src_reg_loss	: 0.0158
-------------------------------------
[Epoch : 683/800]
Total_loss	: 0.0420
MMD_loss	: 2.6228
Src_reg_loss	: 0.0158
-------------------------------------
[Epoch : 684/800]
Total_loss	: 0.0420
MMD_loss	: 2.6222
Src_reg_loss	: 0.0158
-------------------------------------
[Epoch : 685/800]
Total_loss	: 0.0420
MMD_loss	: 2.6217
Src_reg_loss	: 0.0158
-------------------------------------
[Epoch : 686/800]
Total_loss	: 0.0420
MMD_loss	: 2.6211
Src_reg_loss	: 0.0158
-------------------------------------
[Epoch : 687/800]
Total_loss	: 0.0420
MMD_loss	: 2.6206
Src_reg_loss	: 0.0158
-------------------------------------
[Epoch : 688/800]
Total_loss	: 0.0419
MMD_loss	: 2.6201
Src_reg_loss	: 0.0157
-------------------------------------
[Epoch : 689/800]
Total_loss	: 0.0419
MMD_loss	: 2.6195
Src_reg_loss	: 0.0157
-------------------------------------
[Epoch : 690/800]
Total_loss	: 0.0419
MMD_loss	: 2.6190
Src_reg_loss	: 0.0157
-------------------------------------
[Epoch : 691/800]
Total_loss	: 0.0419
MMD_loss	: 2.6185
Src_reg_loss	: 0.0157
-------------------------------------
[Epoch : 692/800]
Total_loss	: 0.0419
MMD_loss	: 2.6180
Src_reg_loss	: 0.0157
-------------------------------------
[Epoch : 693/800]
Total_loss	: 0.0419
MMD_loss	: 2.6175
Src_reg_loss	: 0.0157
-------------------------------------
[Epoch : 694/800]
Total_loss	: 0.0418
MMD_loss	: 2.6170
Src_reg_loss	: 0.0157
-------------------------------------
[Epoch : 695/800]
Total_loss	: 0.0418
MMD_loss	: 2.6165
Src_reg_loss	: 0.0157
-------------------------------------
[Epoch : 696/800]
Total_loss	: 0.0418
MMD_loss	: 2.6160
Src_reg_loss	: 0.0157
-------------------------------------
[Epoch : 697/800]
Total_loss	: 0.0418
MMD_loss	: 2.6155
Src_reg_loss	: 0.0156
-------------------------------------
[Epoch : 698/800]
Total_loss	: 0.0418
MMD_loss	: 2.6150
Src_reg_loss	: 0.0156
-------------------------------------
[Epoch : 699/800]
Total_loss	: 0.0418
MMD_loss	: 2.6145
Src_reg_loss	: 0.0156
-------------------------------------
[Epoch : 700/800]
Total_loss	: 0.0418
MMD_loss	: 2.6140
Src_reg_loss	: 0.0156
-------------------------------------
[Epoch : 701/800]
Total_loss	: 0.0417
MMD_loss	: 2.6135
Src_reg_loss	: 0.0156
-------------------------------------
[Epoch : 702/800]
Total_loss	: 0.0417
MMD_loss	: 2.6131
Src_reg_loss	: 0.0156
-------------------------------------
[Epoch : 703/800]
Total_loss	: 0.0417
MMD_loss	: 2.6126
Src_reg_loss	: 0.0156
-------------------------------------
[Epoch : 704/800]
Total_loss	: 0.0417
MMD_loss	: 2.6121
Src_reg_loss	: 0.0156
-------------------------------------
[Epoch : 705/800]
Total_loss	: 0.0417
MMD_loss	: 2.6116
Src_reg_loss	: 0.0156
-------------------------------------
[Epoch : 706/800]
Total_loss	: 0.0417
MMD_loss	: 2.6112
Src_reg_loss	: 0.0156
-------------------------------------
[Epoch : 707/800]
Total_loss	: 0.0417
MMD_loss	: 2.6107
Src_reg_loss	: 0.0155
-------------------------------------
[Epoch : 708/800]
Total_loss	: 0.0416
MMD_loss	: 2.6103
Src_reg_loss	: 0.0155
-------------------------------------
[Epoch : 709/800]
Total_loss	: 0.0416
MMD_loss	: 2.6098
Src_reg_loss	: 0.0155
-------------------------------------
[Epoch : 710/800]
Total_loss	: 0.0416
MMD_loss	: 2.6094
Src_reg_loss	: 0.0155
-------------------------------------
[Epoch : 711/800]
Total_loss	: 0.0416
MMD_loss	: 2.6089
Src_reg_loss	: 0.0155
-------------------------------------
[Epoch : 712/800]
Total_loss	: 0.0416
MMD_loss	: 2.6085
Src_reg_loss	: 0.0155
-------------------------------------
[Epoch : 713/800]
Total_loss	: 0.0416
MMD_loss	: 2.6081
Src_reg_loss	: 0.0155
-------------------------------------
[Epoch : 714/800]
Total_loss	: 0.0416
MMD_loss	: 2.6076
Src_reg_loss	: 0.0155
-------------------------------------
[Epoch : 715/800]
Total_loss	: 0.0415
MMD_loss	: 2.6072
Src_reg_loss	: 0.0155
-------------------------------------
[Epoch : 716/800]
Total_loss	: 0.0415
MMD_loss	: 2.6068
Src_reg_loss	: 0.0155
-------------------------------------
[Epoch : 717/800]
Total_loss	: 0.0415
MMD_loss	: 2.6064
Src_reg_loss	: 0.0154
-------------------------------------
[Epoch : 718/800]
Total_loss	: 0.0415
MMD_loss	: 2.6060
Src_reg_loss	: 0.0154
-------------------------------------
[Epoch : 719/800]
Total_loss	: 0.0415
MMD_loss	: 2.6055
Src_reg_loss	: 0.0154
-------------------------------------
[Epoch : 720/800]
Total_loss	: 0.0415
MMD_loss	: 2.6051
Src_reg_loss	: 0.0154
-------------------------------------
[Epoch : 721/800]
Total_loss	: 0.0415
MMD_loss	: 2.6047
Src_reg_loss	: 0.0154
-------------------------------------
[Epoch : 722/800]
Total_loss	: 0.0414
MMD_loss	: 2.6043
Src_reg_loss	: 0.0154
-------------------------------------
[Epoch : 723/800]
Total_loss	: 0.0414
MMD_loss	: 2.6039
Src_reg_loss	: 0.0154
-------------------------------------
[Epoch : 724/800]
Total_loss	: 0.0414
MMD_loss	: 2.6035
Src_reg_loss	: 0.0154
-------------------------------------
[Epoch : 725/800]
Total_loss	: 0.0414
MMD_loss	: 2.6031
Src_reg_loss	: 0.0154
-------------------------------------
[Epoch : 726/800]
Total_loss	: 0.0414
MMD_loss	: 2.6028
Src_reg_loss	: 0.0154
-------------------------------------
[Epoch : 727/800]
Total_loss	: 0.0414
MMD_loss	: 2.6024
Src_reg_loss	: 0.0153
-------------------------------------
[Epoch : 728/800]
Total_loss	: 0.0414
MMD_loss	: 2.6020
Src_reg_loss	: 0.0153
-------------------------------------
[Epoch : 729/800]
Total_loss	: 0.0413
MMD_loss	: 2.6016
Src_reg_loss	: 0.0153
-------------------------------------
[Epoch : 730/800]
Total_loss	: 0.0413
MMD_loss	: 2.6012
Src_reg_loss	: 0.0153
-------------------------------------
[Epoch : 731/800]
Total_loss	: 0.0413
MMD_loss	: 2.6009
Src_reg_loss	: 0.0153
-------------------------------------
[Epoch : 732/800]
Total_loss	: 0.0413
MMD_loss	: 2.6005
Src_reg_loss	: 0.0153
-------------------------------------
[Epoch : 733/800]
Total_loss	: 0.0413
MMD_loss	: 2.6001
Src_reg_loss	: 0.0153
-------------------------------------
[Epoch : 734/800]
Total_loss	: 0.0413
MMD_loss	: 2.5998
Src_reg_loss	: 0.0153
-------------------------------------
[Epoch : 735/800]
Total_loss	: 0.0413
MMD_loss	: 2.5994
Src_reg_loss	: 0.0153
-------------------------------------
[Epoch : 736/800]
Total_loss	: 0.0413
MMD_loss	: 2.5990
Src_reg_loss	: 0.0153
-------------------------------------
[Epoch : 737/800]
Total_loss	: 0.0412
MMD_loss	: 2.5987
Src_reg_loss	: 0.0153
-------------------------------------
[Epoch : 738/800]
Total_loss	: 0.0412
MMD_loss	: 2.5983
Src_reg_loss	: 0.0152
-------------------------------------
[Epoch : 739/800]
Total_loss	: 0.0412
MMD_loss	: 2.5980
Src_reg_loss	: 0.0152
-------------------------------------
[Epoch : 740/800]
Total_loss	: 0.0412
MMD_loss	: 2.5977
Src_reg_loss	: 0.0152
-------------------------------------
[Epoch : 741/800]
Total_loss	: 0.0412
MMD_loss	: 2.5973
Src_reg_loss	: 0.0152
-------------------------------------
[Epoch : 742/800]
Total_loss	: 0.0412
MMD_loss	: 2.5970
Src_reg_loss	: 0.0152
-------------------------------------
[Epoch : 743/800]
Total_loss	: 0.0412
MMD_loss	: 2.5966
Src_reg_loss	: 0.0152
-------------------------------------
[Epoch : 744/800]
Total_loss	: 0.0411
MMD_loss	: 2.5963
Src_reg_loss	: 0.0152
-------------------------------------
[Epoch : 745/800]
Total_loss	: 0.0411
MMD_loss	: 2.5960
Src_reg_loss	: 0.0152
-------------------------------------
[Epoch : 746/800]
Total_loss	: 0.0411
MMD_loss	: 2.5956
Src_reg_loss	: 0.0152
-------------------------------------
[Epoch : 747/800]
Total_loss	: 0.0411
MMD_loss	: 2.5953
Src_reg_loss	: 0.0152
-------------------------------------
[Epoch : 748/800]
Total_loss	: 0.0411
MMD_loss	: 2.5950
Src_reg_loss	: 0.0151
-------------------------------------
[Epoch : 749/800]
Total_loss	: 0.0411
MMD_loss	: 2.5947
Src_reg_loss	: 0.0151
-------------------------------------
[Epoch : 750/800]
Total_loss	: 0.0411
MMD_loss	: 2.5944
Src_reg_loss	: 0.0151
-------------------------------------
[Epoch : 751/800]
Total_loss	: 0.0411
MMD_loss	: 2.5941
Src_reg_loss	: 0.0151
-------------------------------------
[Epoch : 752/800]
Total_loss	: 0.0411
MMD_loss	: 2.5937
Src_reg_loss	: 0.0151
-------------------------------------
[Epoch : 753/800]
Total_loss	: 0.0410
MMD_loss	: 2.5934
Src_reg_loss	: 0.0151
-------------------------------------
[Epoch : 754/800]
Total_loss	: 0.0410
MMD_loss	: 2.5931
Src_reg_loss	: 0.0151
-------------------------------------
[Epoch : 755/800]
Total_loss	: 0.0410
MMD_loss	: 2.5928
Src_reg_loss	: 0.0151
-------------------------------------
[Epoch : 756/800]
Total_loss	: 0.0410
MMD_loss	: 2.5925
Src_reg_loss	: 0.0151
-------------------------------------
[Epoch : 757/800]
Total_loss	: 0.0410
MMD_loss	: 2.5922
Src_reg_loss	: 0.0151
-------------------------------------
[Epoch : 758/800]
Total_loss	: 0.0410
MMD_loss	: 2.5919
Src_reg_loss	: 0.0151
-------------------------------------
[Epoch : 759/800]
Total_loss	: 0.0410
MMD_loss	: 2.5916
Src_reg_loss	: 0.0151
-------------------------------------
[Epoch : 760/800]
Total_loss	: 0.0410
MMD_loss	: 2.5914
Src_reg_loss	: 0.0150
-------------------------------------
[Epoch : 761/800]
Total_loss	: 0.0409
MMD_loss	: 2.5911
Src_reg_loss	: 0.0150
-------------------------------------
[Epoch : 762/800]
Total_loss	: 0.0409
MMD_loss	: 2.5908
Src_reg_loss	: 0.0150
-------------------------------------
[Epoch : 763/800]
Total_loss	: 0.0409
MMD_loss	: 2.5905
Src_reg_loss	: 0.0150
-------------------------------------
[Epoch : 764/800]
Total_loss	: 0.0409
MMD_loss	: 2.5902
Src_reg_loss	: 0.0150
-------------------------------------
[Epoch : 765/800]
Total_loss	: 0.0409
MMD_loss	: 2.5899
Src_reg_loss	: 0.0150
-------------------------------------
[Epoch : 766/800]
Total_loss	: 0.0409
MMD_loss	: 2.5897
Src_reg_loss	: 0.0150
-------------------------------------
[Epoch : 767/800]
Total_loss	: 0.0409
MMD_loss	: 2.5894
Src_reg_loss	: 0.0150
-------------------------------------
[Epoch : 768/800]
Total_loss	: 0.0409
MMD_loss	: 2.5891
Src_reg_loss	: 0.0150
-------------------------------------
[Epoch : 769/800]
Total_loss	: 0.0409
MMD_loss	: 2.5889
Src_reg_loss	: 0.0150
-------------------------------------
[Epoch : 770/800]
Total_loss	: 0.0408
MMD_loss	: 2.5886
Src_reg_loss	: 0.0150
-------------------------------------
[Epoch : 771/800]
Total_loss	: 0.0408
MMD_loss	: 2.5883
Src_reg_loss	: 0.0149
-------------------------------------
[Epoch : 772/800]
Total_loss	: 0.0408
MMD_loss	: 2.5881
Src_reg_loss	: 0.0149
-------------------------------------
[Epoch : 773/800]
Total_loss	: 0.0408
MMD_loss	: 2.5878
Src_reg_loss	: 0.0149
-------------------------------------
[Epoch : 774/800]
Total_loss	: 0.0408
MMD_loss	: 2.5875
Src_reg_loss	: 0.0149
-------------------------------------
[Epoch : 775/800]
Total_loss	: 0.0408
MMD_loss	: 2.5873
Src_reg_loss	: 0.0149
-------------------------------------
[Epoch : 776/800]
Total_loss	: 0.0408
MMD_loss	: 2.5870
Src_reg_loss	: 0.0149
-------------------------------------
[Epoch : 777/800]
Total_loss	: 0.0408
MMD_loss	: 2.5868
Src_reg_loss	: 0.0149
-------------------------------------
[Epoch : 778/800]
Total_loss	: 0.0407
MMD_loss	: 2.5865
Src_reg_loss	: 0.0149
-------------------------------------
[Epoch : 779/800]
Total_loss	: 0.0407
MMD_loss	: 2.5863
Src_reg_loss	: 0.0149
-------------------------------------
[Epoch : 780/800]
Total_loss	: 0.0407
MMD_loss	: 2.5860
Src_reg_loss	: 0.0149
-------------------------------------
[Epoch : 781/800]
Total_loss	: 0.0407
MMD_loss	: 2.5858
Src_reg_loss	: 0.0149
-------------------------------------
[Epoch : 782/800]
Total_loss	: 0.0407
MMD_loss	: 2.5856
Src_reg_loss	: 0.0148
-------------------------------------
[Epoch : 783/800]
Total_loss	: 0.0407
MMD_loss	: 2.5853
Src_reg_loss	: 0.0148
-------------------------------------
[Epoch : 784/800]
Total_loss	: 0.0407
MMD_loss	: 2.5851
Src_reg_loss	: 0.0148
-------------------------------------
[Epoch : 785/800]
Total_loss	: 0.0407
MMD_loss	: 2.5848
Src_reg_loss	: 0.0148
-------------------------------------
[Epoch : 786/800]
Total_loss	: 0.0407
MMD_loss	: 2.5846
Src_reg_loss	: 0.0148
-------------------------------------
[Epoch : 787/800]
Total_loss	: 0.0407
MMD_loss	: 2.5844
Src_reg_loss	: 0.0148
-------------------------------------
[Epoch : 788/800]
Total_loss	: 0.0406
MMD_loss	: 2.5841
Src_reg_loss	: 0.0148
-------------------------------------
[Epoch : 789/800]
Total_loss	: 0.0406
MMD_loss	: 2.5839
Src_reg_loss	: 0.0148
-------------------------------------
[Epoch : 790/800]
Total_loss	: 0.0406
MMD_loss	: 2.5837
Src_reg_loss	: 0.0148
-------------------------------------
[Epoch : 791/800]
Total_loss	: 0.0406
MMD_loss	: 2.5835
Src_reg_loss	: 0.0148
-------------------------------------
[Epoch : 792/800]
Total_loss	: 0.0406
MMD_loss	: 2.5832
Src_reg_loss	: 0.0148
-------------------------------------
[Epoch : 793/800]
Total_loss	: 0.0406
MMD_loss	: 2.5830
Src_reg_loss	: 0.0148
-------------------------------------
[Epoch : 794/800]
Total_loss	: 0.0406
MMD_loss	: 2.5828
Src_reg_loss	: 0.0147
-------------------------------------
[Epoch : 795/800]
Total_loss	: 0.0406
MMD_loss	: 2.5826
Src_reg_loss	: 0.0147
-------------------------------------
[Epoch : 796/800]
Total_loss	: 0.0406
MMD_loss	: 2.5824
Src_reg_loss	: 0.0147
-------------------------------------
[Epoch : 797/800]
Total_loss	: 0.0405
MMD_loss	: 2.5822
Src_reg_loss	: 0.0147
-------------------------------------
[Epoch : 798/800]
Total_loss	: 0.0405
MMD_loss	: 2.5820
Src_reg_loss	: 0.0147
-------------------------------------
[Epoch : 799/800]
Total_loss	: 0.0405
MMD_loss	: 2.5817
Src_reg_loss	: 0.0147
-------------------------------------
[Epoch : 800/800]
Total_loss	: 0.0405
MMD_loss	: 2.5815
Src_reg_loss	: 0.0147
-------------------------------------
