=============================================
Dataset: Airbox
Method:  AirDA
=============================================
Source: 0 ---> Target: 5
=============================================
[Epoch : 1/500]
Total_loss	: 0.3312
MMD_loss	: 1.8686
Src_reg_loss	: 0.3125
-------------------------------------
[Epoch : 2/500]
Total_loss	: 0.3152
MMD_loss	: 1.8691
Src_reg_loss	: 0.2965
-------------------------------------
[Epoch : 3/500]
Total_loss	: 0.3007
MMD_loss	: 1.8693
Src_reg_loss	: 0.2820
-------------------------------------
[Epoch : 4/500]
Total_loss	: 0.2865
MMD_loss	: 1.8691
Src_reg_loss	: 0.2678
-------------------------------------
[Epoch : 5/500]
Total_loss	: 0.2723
MMD_loss	: 1.8683
Src_reg_loss	: 0.2536
-------------------------------------
[Epoch : 6/500]
Total_loss	: 0.2575
MMD_loss	: 1.8672
Src_reg_loss	: 0.2389
-------------------------------------
[Epoch : 7/500]
Total_loss	: 0.2421
MMD_loss	: 1.8654
Src_reg_loss	: 0.2235
-------------------------------------
[Epoch : 8/500]
Total_loss	: 0.2261
MMD_loss	: 1.8630
Src_reg_loss	: 0.2074
-------------------------------------
[Epoch : 9/500]
Total_loss	: 0.2100
MMD_loss	: 1.8599
Src_reg_loss	: 0.1914
-------------------------------------
[Epoch : 10/500]
Total_loss	: 0.1950
MMD_loss	: 1.8568
Src_reg_loss	: 0.1764
-------------------------------------
[Epoch : 11/500]
Total_loss	: 0.1823
MMD_loss	: 1.8541
Src_reg_loss	: 0.1637
-------------------------------------
[Epoch : 12/500]
Total_loss	: 0.1720
MMD_loss	: 1.8520
Src_reg_loss	: 0.1535
-------------------------------------
[Epoch : 13/500]
Total_loss	: 0.1631
MMD_loss	: 1.8504
Src_reg_loss	: 0.1446
-------------------------------------
[Epoch : 14/500]
Total_loss	: 0.1553
MMD_loss	: 1.8491
Src_reg_loss	: 0.1368
-------------------------------------
[Epoch : 15/500]
Total_loss	: 0.1485
MMD_loss	: 1.8483
Src_reg_loss	: 0.1300
-------------------------------------
[Epoch : 16/500]
Total_loss	: 0.1426
MMD_loss	: 1.8476
Src_reg_loss	: 0.1241
-------------------------------------
[Epoch : 17/500]
Total_loss	: 0.1374
MMD_loss	: 1.8472
Src_reg_loss	: 0.1189
-------------------------------------
[Epoch : 18/500]
Total_loss	: 0.1327
MMD_loss	: 1.8468
Src_reg_loss	: 0.1143
-------------------------------------
[Epoch : 19/500]
Total_loss	: 0.1286
MMD_loss	: 1.8464
Src_reg_loss	: 0.1101
-------------------------------------
[Epoch : 20/500]
Total_loss	: 0.1248
MMD_loss	: 1.8460
Src_reg_loss	: 0.1063
-------------------------------------
[Epoch : 21/500]
Total_loss	: 0.1214
MMD_loss	: 1.8454
Src_reg_loss	: 0.1029
-------------------------------------
[Epoch : 22/500]
Total_loss	: 0.1183
MMD_loss	: 1.8446
Src_reg_loss	: 0.0998
-------------------------------------
[Epoch : 23/500]
Total_loss	: 0.1154
MMD_loss	: 1.8437
Src_reg_loss	: 0.0970
-------------------------------------
[Epoch : 24/500]
Total_loss	: 0.1128
MMD_loss	: 1.8425
Src_reg_loss	: 0.0944
-------------------------------------
[Epoch : 25/500]
Total_loss	: 0.1104
MMD_loss	: 1.8410
Src_reg_loss	: 0.0920
-------------------------------------
[Epoch : 26/500]
Total_loss	: 0.1081
MMD_loss	: 1.8393
Src_reg_loss	: 0.0898
-------------------------------------
[Epoch : 27/500]
Total_loss	: 0.1061
MMD_loss	: 1.8373
Src_reg_loss	: 0.0877
-------------------------------------
[Epoch : 28/500]
Total_loss	: 0.1041
MMD_loss	: 1.8350
Src_reg_loss	: 0.0858
-------------------------------------
[Epoch : 29/500]
Total_loss	: 0.1023
MMD_loss	: 1.8325
Src_reg_loss	: 0.0840
-------------------------------------
[Epoch : 30/500]
Total_loss	: 0.1006
MMD_loss	: 1.8298
Src_reg_loss	: 0.0823
-------------------------------------
[Epoch : 31/500]
Total_loss	: 0.0990
MMD_loss	: 1.8269
Src_reg_loss	: 0.0808
-------------------------------------
[Epoch : 32/500]
Total_loss	: 0.0975
MMD_loss	: 1.8238
Src_reg_loss	: 0.0793
-------------------------------------
[Epoch : 33/500]
Total_loss	: 0.0961
MMD_loss	: 1.8205
Src_reg_loss	: 0.0779
-------------------------------------
[Epoch : 34/500]
Total_loss	: 0.0948
MMD_loss	: 1.8171
Src_reg_loss	: 0.0766
-------------------------------------
[Epoch : 35/500]
Total_loss	: 0.0935
MMD_loss	: 1.8135
Src_reg_loss	: 0.0754
-------------------------------------
[Epoch : 36/500]
Total_loss	: 0.0923
MMD_loss	: 1.8097
Src_reg_loss	: 0.0742
-------------------------------------
[Epoch : 37/500]
Total_loss	: 0.0912
MMD_loss	: 1.8059
Src_reg_loss	: 0.0731
-------------------------------------
[Epoch : 38/500]
Total_loss	: 0.0901
MMD_loss	: 1.8019
Src_reg_loss	: 0.0721
-------------------------------------
[Epoch : 39/500]
Total_loss	: 0.0890
MMD_loss	: 1.7978
Src_reg_loss	: 0.0711
-------------------------------------
[Epoch : 40/500]
Total_loss	: 0.0880
MMD_loss	: 1.7935
Src_reg_loss	: 0.0701
-------------------------------------
[Epoch : 41/500]
Total_loss	: 0.0871
MMD_loss	: 1.7892
Src_reg_loss	: 0.0692
-------------------------------------
[Epoch : 42/500]
Total_loss	: 0.0862
MMD_loss	: 1.7848
Src_reg_loss	: 0.0683
-------------------------------------
[Epoch : 43/500]
Total_loss	: 0.0853
MMD_loss	: 1.7803
Src_reg_loss	: 0.0675
-------------------------------------
[Epoch : 44/500]
Total_loss	: 0.0845
MMD_loss	: 1.7757
Src_reg_loss	: 0.0667
-------------------------------------
[Epoch : 45/500]
Total_loss	: 0.0836
MMD_loss	: 1.7711
Src_reg_loss	: 0.0659
-------------------------------------
[Epoch : 46/500]
Total_loss	: 0.0829
MMD_loss	: 1.7663
Src_reg_loss	: 0.0652
-------------------------------------
[Epoch : 47/500]
Total_loss	: 0.0821
MMD_loss	: 1.7615
Src_reg_loss	: 0.0645
-------------------------------------
[Epoch : 48/500]
Total_loss	: 0.0814
MMD_loss	: 1.7566
Src_reg_loss	: 0.0638
-------------------------------------
[Epoch : 49/500]
Total_loss	: 0.0807
MMD_loss	: 1.7517
Src_reg_loss	: 0.0632
-------------------------------------
[Epoch : 50/500]
Total_loss	: 0.0800
MMD_loss	: 1.7467
Src_reg_loss	: 0.0625
-------------------------------------
[Epoch : 51/500]
Total_loss	: 0.0794
MMD_loss	: 1.7417
Src_reg_loss	: 0.0619
-------------------------------------
[Epoch : 52/500]
Total_loss	: 0.0787
MMD_loss	: 1.7366
Src_reg_loss	: 0.0614
-------------------------------------
[Epoch : 53/500]
Total_loss	: 0.0781
MMD_loss	: 1.7315
Src_reg_loss	: 0.0608
-------------------------------------
[Epoch : 54/500]
Total_loss	: 0.0775
MMD_loss	: 1.7264
Src_reg_loss	: 0.0602
-------------------------------------
[Epoch : 55/500]
Total_loss	: 0.0769
MMD_loss	: 1.7212
Src_reg_loss	: 0.0597
-------------------------------------
[Epoch : 56/500]
Total_loss	: 0.0764
MMD_loss	: 1.7160
Src_reg_loss	: 0.0592
-------------------------------------
[Epoch : 57/500]
Total_loss	: 0.0758
MMD_loss	: 1.7107
Src_reg_loss	: 0.0587
-------------------------------------
[Epoch : 58/500]
Total_loss	: 0.0753
MMD_loss	: 1.7055
Src_reg_loss	: 0.0582
-------------------------------------
[Epoch : 59/500]
Total_loss	: 0.0748
MMD_loss	: 1.7002
Src_reg_loss	: 0.0578
-------------------------------------
[Epoch : 60/500]
Total_loss	: 0.0742
MMD_loss	: 1.6948
Src_reg_loss	: 0.0573
-------------------------------------
[Epoch : 61/500]
Total_loss	: 0.0737
MMD_loss	: 1.6895
Src_reg_loss	: 0.0569
-------------------------------------
[Epoch : 62/500]
Total_loss	: 0.0733
MMD_loss	: 1.6841
Src_reg_loss	: 0.0564
-------------------------------------
[Epoch : 63/500]
Total_loss	: 0.0728
MMD_loss	: 1.6787
Src_reg_loss	: 0.0560
-------------------------------------
[Epoch : 64/500]
Total_loss	: 0.0723
MMD_loss	: 1.6733
Src_reg_loss	: 0.0556
-------------------------------------
[Epoch : 65/500]
Total_loss	: 0.0719
MMD_loss	: 1.6678
Src_reg_loss	: 0.0552
-------------------------------------
[Epoch : 66/500]
Total_loss	: 0.0714
MMD_loss	: 1.6623
Src_reg_loss	: 0.0548
-------------------------------------
[Epoch : 67/500]
Total_loss	: 0.0710
MMD_loss	: 1.6568
Src_reg_loss	: 0.0544
-------------------------------------
[Epoch : 68/500]
Total_loss	: 0.0706
MMD_loss	: 1.6512
Src_reg_loss	: 0.0541
-------------------------------------
[Epoch : 69/500]
Total_loss	: 0.0702
MMD_loss	: 1.6456
Src_reg_loss	: 0.0537
-------------------------------------
[Epoch : 70/500]
Total_loss	: 0.0698
MMD_loss	: 1.6400
Src_reg_loss	: 0.0534
-------------------------------------
[Epoch : 71/500]
Total_loss	: 0.0694
MMD_loss	: 1.6344
Src_reg_loss	: 0.0530
-------------------------------------
[Epoch : 72/500]
Total_loss	: 0.0690
MMD_loss	: 1.6287
Src_reg_loss	: 0.0527
-------------------------------------
[Epoch : 73/500]
Total_loss	: 0.0686
MMD_loss	: 1.6230
Src_reg_loss	: 0.0523
-------------------------------------
[Epoch : 74/500]
Total_loss	: 0.0682
MMD_loss	: 1.6172
Src_reg_loss	: 0.0520
-------------------------------------
[Epoch : 75/500]
Total_loss	: 0.0678
MMD_loss	: 1.6114
Src_reg_loss	: 0.0517
-------------------------------------
[Epoch : 76/500]
Total_loss	: 0.0675
MMD_loss	: 1.6057
Src_reg_loss	: 0.0514
-------------------------------------
[Epoch : 77/500]
Total_loss	: 0.0671
MMD_loss	: 1.5998
Src_reg_loss	: 0.0511
-------------------------------------
[Epoch : 78/500]
Total_loss	: 0.0667
MMD_loss	: 1.5940
Src_reg_loss	: 0.0508
-------------------------------------
[Epoch : 79/500]
Total_loss	: 0.0664
MMD_loss	: 1.5882
Src_reg_loss	: 0.0505
-------------------------------------
[Epoch : 80/500]
Total_loss	: 0.0661
MMD_loss	: 1.5824
Src_reg_loss	: 0.0502
-------------------------------------
[Epoch : 81/500]
Total_loss	: 0.0657
MMD_loss	: 1.5765
Src_reg_loss	: 0.0500
-------------------------------------
[Epoch : 82/500]
Total_loss	: 0.0654
MMD_loss	: 1.5707
Src_reg_loss	: 0.0497
-------------------------------------
[Epoch : 83/500]
Total_loss	: 0.0651
MMD_loss	: 1.5649
Src_reg_loss	: 0.0494
-------------------------------------
[Epoch : 84/500]
Total_loss	: 0.0647
MMD_loss	: 1.5592
Src_reg_loss	: 0.0492
-------------------------------------
[Epoch : 85/500]
Total_loss	: 0.0644
MMD_loss	: 1.5534
Src_reg_loss	: 0.0489
-------------------------------------
[Epoch : 86/500]
Total_loss	: 0.0641
MMD_loss	: 1.5478
Src_reg_loss	: 0.0486
-------------------------------------
[Epoch : 87/500]
Total_loss	: 0.0638
MMD_loss	: 1.5421
Src_reg_loss	: 0.0484
-------------------------------------
[Epoch : 88/500]
Total_loss	: 0.0635
MMD_loss	: 1.5365
Src_reg_loss	: 0.0481
-------------------------------------
[Epoch : 89/500]
Total_loss	: 0.0632
MMD_loss	: 1.5310
Src_reg_loss	: 0.0479
-------------------------------------
[Epoch : 90/500]
Total_loss	: 0.0629
MMD_loss	: 1.5255
Src_reg_loss	: 0.0477
-------------------------------------
[Epoch : 91/500]
Total_loss	: 0.0626
MMD_loss	: 1.5201
Src_reg_loss	: 0.0474
-------------------------------------
[Epoch : 92/500]
Total_loss	: 0.0624
MMD_loss	: 1.5147
Src_reg_loss	: 0.0472
-------------------------------------
[Epoch : 93/500]
Total_loss	: 0.0621
MMD_loss	: 1.5095
Src_reg_loss	: 0.0470
-------------------------------------
[Epoch : 94/500]
Total_loss	: 0.0618
MMD_loss	: 1.5044
Src_reg_loss	: 0.0468
-------------------------------------
[Epoch : 95/500]
Total_loss	: 0.0615
MMD_loss	: 1.4993
Src_reg_loss	: 0.0465
-------------------------------------
[Epoch : 96/500]
Total_loss	: 0.0613
MMD_loss	: 1.4944
Src_reg_loss	: 0.0463
-------------------------------------
[Epoch : 97/500]
Total_loss	: 0.0610
MMD_loss	: 1.4896
Src_reg_loss	: 0.0461
-------------------------------------
[Epoch : 98/500]
Total_loss	: 0.0607
MMD_loss	: 1.4849
Src_reg_loss	: 0.0459
-------------------------------------
[Epoch : 99/500]
Total_loss	: 0.0605
MMD_loss	: 1.4803
Src_reg_loss	: 0.0457
-------------------------------------
[Epoch : 100/500]
Total_loss	: 0.0602
MMD_loss	: 1.4759
Src_reg_loss	: 0.0455
-------------------------------------
[Epoch : 101/500]
Total_loss	: 0.0600
MMD_loss	: 1.4717
Src_reg_loss	: 0.0453
-------------------------------------
[Epoch : 102/500]
Total_loss	: 0.0598
MMD_loss	: 1.4675
Src_reg_loss	: 0.0451
-------------------------------------
[Epoch : 103/500]
Total_loss	: 0.0595
MMD_loss	: 1.4636
Src_reg_loss	: 0.0449
-------------------------------------
[Epoch : 104/500]
Total_loss	: 0.0593
MMD_loss	: 1.4597
Src_reg_loss	: 0.0447
-------------------------------------
[Epoch : 105/500]
Total_loss	: 0.0591
MMD_loss	: 1.4561
Src_reg_loss	: 0.0445
-------------------------------------
[Epoch : 106/500]
Total_loss	: 0.0588
MMD_loss	: 1.4525
Src_reg_loss	: 0.0443
-------------------------------------
[Epoch : 107/500]
Total_loss	: 0.0586
MMD_loss	: 1.4491
Src_reg_loss	: 0.0441
-------------------------------------
[Epoch : 108/500]
Total_loss	: 0.0584
MMD_loss	: 1.4459
Src_reg_loss	: 0.0439
-------------------------------------
[Epoch : 109/500]
Total_loss	: 0.0582
MMD_loss	: 1.4428
Src_reg_loss	: 0.0437
-------------------------------------
[Epoch : 110/500]
Total_loss	: 0.0580
MMD_loss	: 1.4398
Src_reg_loss	: 0.0436
-------------------------------------
[Epoch : 111/500]
Total_loss	: 0.0577
MMD_loss	: 1.4370
Src_reg_loss	: 0.0434
-------------------------------------
[Epoch : 112/500]
Total_loss	: 0.0575
MMD_loss	: 1.4342
Src_reg_loss	: 0.0432
-------------------------------------
[Epoch : 113/500]
Total_loss	: 0.0573
MMD_loss	: 1.4316
Src_reg_loss	: 0.0430
-------------------------------------
[Epoch : 114/500]
Total_loss	: 0.0571
MMD_loss	: 1.4291
Src_reg_loss	: 0.0428
-------------------------------------
[Epoch : 115/500]
Total_loss	: 0.0569
MMD_loss	: 1.4267
Src_reg_loss	: 0.0427
-------------------------------------
[Epoch : 116/500]
Total_loss	: 0.0567
MMD_loss	: 1.4243
Src_reg_loss	: 0.0425
-------------------------------------
[Epoch : 117/500]
Total_loss	: 0.0566
MMD_loss	: 1.4220
Src_reg_loss	: 0.0423
-------------------------------------
[Epoch : 118/500]
Total_loss	: 0.0564
MMD_loss	: 1.4198
Src_reg_loss	: 0.0422
-------------------------------------
[Epoch : 119/500]
Total_loss	: 0.0562
MMD_loss	: 1.4177
Src_reg_loss	: 0.0420
-------------------------------------
[Epoch : 120/500]
Total_loss	: 0.0560
MMD_loss	: 1.4156
Src_reg_loss	: 0.0418
-------------------------------------
[Epoch : 121/500]
Total_loss	: 0.0558
MMD_loss	: 1.4136
Src_reg_loss	: 0.0417
-------------------------------------
[Epoch : 122/500]
Total_loss	: 0.0556
MMD_loss	: 1.4116
Src_reg_loss	: 0.0415
-------------------------------------
[Epoch : 123/500]
Total_loss	: 0.0554
MMD_loss	: 1.4097
Src_reg_loss	: 0.0414
-------------------------------------
[Epoch : 124/500]
Total_loss	: 0.0553
MMD_loss	: 1.4078
Src_reg_loss	: 0.0412
-------------------------------------
[Epoch : 125/500]
Total_loss	: 0.0551
MMD_loss	: 1.4059
Src_reg_loss	: 0.0410
-------------------------------------
[Epoch : 126/500]
Total_loss	: 0.0549
MMD_loss	: 1.4040
Src_reg_loss	: 0.0409
-------------------------------------
[Epoch : 127/500]
Total_loss	: 0.0547
MMD_loss	: 1.4022
Src_reg_loss	: 0.0407
-------------------------------------
[Epoch : 128/500]
Total_loss	: 0.0546
MMD_loss	: 1.4004
Src_reg_loss	: 0.0406
-------------------------------------
[Epoch : 129/500]
Total_loss	: 0.0544
MMD_loss	: 1.3985
Src_reg_loss	: 0.0404
-------------------------------------
[Epoch : 130/500]
Total_loss	: 0.0542
MMD_loss	: 1.3967
Src_reg_loss	: 0.0403
-------------------------------------
[Epoch : 131/500]
Total_loss	: 0.0541
MMD_loss	: 1.3949
Src_reg_loss	: 0.0401
-------------------------------------
[Epoch : 132/500]
Total_loss	: 0.0539
MMD_loss	: 1.3931
Src_reg_loss	: 0.0400
-------------------------------------
[Epoch : 133/500]
Total_loss	: 0.0538
MMD_loss	: 1.3913
Src_reg_loss	: 0.0398
-------------------------------------
[Epoch : 134/500]
Total_loss	: 0.0536
MMD_loss	: 1.3896
Src_reg_loss	: 0.0397
-------------------------------------
[Epoch : 135/500]
Total_loss	: 0.0534
MMD_loss	: 1.3878
Src_reg_loss	: 0.0396
-------------------------------------
[Epoch : 136/500]
Total_loss	: 0.0533
MMD_loss	: 1.3859
Src_reg_loss	: 0.0394
-------------------------------------
[Epoch : 137/500]
Total_loss	: 0.0531
MMD_loss	: 1.3841
Src_reg_loss	: 0.0393
-------------------------------------
[Epoch : 138/500]
Total_loss	: 0.0530
MMD_loss	: 1.3823
Src_reg_loss	: 0.0391
-------------------------------------
[Epoch : 139/500]
Total_loss	: 0.0528
MMD_loss	: 1.3805
Src_reg_loss	: 0.0390
-------------------------------------
[Epoch : 140/500]
Total_loss	: 0.0527
MMD_loss	: 1.3786
Src_reg_loss	: 0.0389
-------------------------------------
[Epoch : 141/500]
Total_loss	: 0.0525
MMD_loss	: 1.3768
Src_reg_loss	: 0.0387
-------------------------------------
[Epoch : 142/500]
Total_loss	: 0.0524
MMD_loss	: 1.3750
Src_reg_loss	: 0.0386
-------------------------------------
[Epoch : 143/500]
Total_loss	: 0.0522
MMD_loss	: 1.3731
Src_reg_loss	: 0.0385
-------------------------------------
[Epoch : 144/500]
Total_loss	: 0.0521
MMD_loss	: 1.3713
Src_reg_loss	: 0.0383
-------------------------------------
[Epoch : 145/500]
Total_loss	: 0.0519
MMD_loss	: 1.3694
Src_reg_loss	: 0.0382
-------------------------------------
[Epoch : 146/500]
Total_loss	: 0.0518
MMD_loss	: 1.3675
Src_reg_loss	: 0.0381
-------------------------------------
[Epoch : 147/500]
Total_loss	: 0.0516
MMD_loss	: 1.3656
Src_reg_loss	: 0.0380
-------------------------------------
[Epoch : 148/500]
Total_loss	: 0.0515
MMD_loss	: 1.3637
Src_reg_loss	: 0.0378
-------------------------------------
[Epoch : 149/500]
Total_loss	: 0.0513
MMD_loss	: 1.3618
Src_reg_loss	: 0.0377
-------------------------------------
[Epoch : 150/500]
Total_loss	: 0.0512
MMD_loss	: 1.3599
Src_reg_loss	: 0.0376
-------------------------------------
[Epoch : 151/500]
Total_loss	: 0.0511
MMD_loss	: 1.3580
Src_reg_loss	: 0.0375
-------------------------------------
[Epoch : 152/500]
Total_loss	: 0.0509
MMD_loss	: 1.3560
Src_reg_loss	: 0.0374
-------------------------------------
[Epoch : 153/500]
Total_loss	: 0.0508
MMD_loss	: 1.3541
Src_reg_loss	: 0.0372
-------------------------------------
[Epoch : 154/500]
Total_loss	: 0.0506
MMD_loss	: 1.3521
Src_reg_loss	: 0.0371
-------------------------------------
[Epoch : 155/500]
Total_loss	: 0.0505
MMD_loss	: 1.3502
Src_reg_loss	: 0.0370
-------------------------------------
[Epoch : 156/500]
Total_loss	: 0.0504
MMD_loss	: 1.3482
Src_reg_loss	: 0.0369
-------------------------------------
[Epoch : 157/500]
Total_loss	: 0.0502
MMD_loss	: 1.3463
Src_reg_loss	: 0.0368
-------------------------------------
[Epoch : 158/500]
Total_loss	: 0.0501
MMD_loss	: 1.3443
Src_reg_loss	: 0.0367
-------------------------------------
[Epoch : 159/500]
Total_loss	: 0.0500
MMD_loss	: 1.3423
Src_reg_loss	: 0.0365
-------------------------------------
[Epoch : 160/500]
Total_loss	: 0.0498
MMD_loss	: 1.3404
Src_reg_loss	: 0.0364
-------------------------------------
[Epoch : 161/500]
Total_loss	: 0.0497
MMD_loss	: 1.3384
Src_reg_loss	: 0.0363
-------------------------------------
[Epoch : 162/500]
Total_loss	: 0.0496
MMD_loss	: 1.3364
Src_reg_loss	: 0.0362
-------------------------------------
[Epoch : 163/500]
Total_loss	: 0.0495
MMD_loss	: 1.3345
Src_reg_loss	: 0.0361
-------------------------------------
[Epoch : 164/500]
Total_loss	: 0.0493
MMD_loss	: 1.3325
Src_reg_loss	: 0.0360
-------------------------------------
[Epoch : 165/500]
Total_loss	: 0.0492
MMD_loss	: 1.3305
Src_reg_loss	: 0.0359
-------------------------------------
[Epoch : 166/500]
Total_loss	: 0.0491
MMD_loss	: 1.3285
Src_reg_loss	: 0.0358
-------------------------------------
[Epoch : 167/500]
Total_loss	: 0.0489
MMD_loss	: 1.3266
Src_reg_loss	: 0.0357
-------------------------------------
[Epoch : 168/500]
Total_loss	: 0.0488
MMD_loss	: 1.3246
Src_reg_loss	: 0.0356
-------------------------------------
[Epoch : 169/500]
Total_loss	: 0.0487
MMD_loss	: 1.3226
Src_reg_loss	: 0.0355
-------------------------------------
[Epoch : 170/500]
Total_loss	: 0.0486
MMD_loss	: 1.3207
Src_reg_loss	: 0.0354
-------------------------------------
[Epoch : 171/500]
Total_loss	: 0.0485
MMD_loss	: 1.3187
Src_reg_loss	: 0.0353
-------------------------------------
[Epoch : 172/500]
Total_loss	: 0.0483
MMD_loss	: 1.3167
Src_reg_loss	: 0.0352
-------------------------------------
[Epoch : 173/500]
Total_loss	: 0.0482
MMD_loss	: 1.3148
Src_reg_loss	: 0.0351
-------------------------------------
[Epoch : 174/500]
Total_loss	: 0.0481
MMD_loss	: 1.3128
Src_reg_loss	: 0.0350
-------------------------------------
[Epoch : 175/500]
Total_loss	: 0.0480
MMD_loss	: 1.3109
Src_reg_loss	: 0.0349
-------------------------------------
[Epoch : 176/500]
Total_loss	: 0.0479
MMD_loss	: 1.3089
Src_reg_loss	: 0.0348
-------------------------------------
[Epoch : 177/500]
Total_loss	: 0.0478
MMD_loss	: 1.3070
Src_reg_loss	: 0.0347
-------------------------------------
[Epoch : 178/500]
Total_loss	: 0.0476
MMD_loss	: 1.3050
Src_reg_loss	: 0.0346
-------------------------------------
[Epoch : 179/500]
Total_loss	: 0.0475
MMD_loss	: 1.3031
Src_reg_loss	: 0.0345
-------------------------------------
[Epoch : 180/500]
Total_loss	: 0.0474
MMD_loss	: 1.3012
Src_reg_loss	: 0.0344
-------------------------------------
[Epoch : 181/500]
Total_loss	: 0.0473
MMD_loss	: 1.2992
Src_reg_loss	: 0.0343
-------------------------------------
[Epoch : 182/500]
Total_loss	: 0.0472
MMD_loss	: 1.2973
Src_reg_loss	: 0.0342
-------------------------------------
[Epoch : 183/500]
Total_loss	: 0.0471
MMD_loss	: 1.2954
Src_reg_loss	: 0.0341
-------------------------------------
[Epoch : 184/500]
Total_loss	: 0.0470
MMD_loss	: 1.2935
Src_reg_loss	: 0.0340
-------------------------------------
[Epoch : 185/500]
Total_loss	: 0.0469
MMD_loss	: 1.2916
Src_reg_loss	: 0.0339
-------------------------------------
[Epoch : 186/500]
Total_loss	: 0.0467
MMD_loss	: 1.2896
Src_reg_loss	: 0.0338
-------------------------------------
[Epoch : 187/500]
Total_loss	: 0.0466
MMD_loss	: 1.2877
Src_reg_loss	: 0.0338
-------------------------------------
[Epoch : 188/500]
Total_loss	: 0.0465
MMD_loss	: 1.2859
Src_reg_loss	: 0.0337
-------------------------------------
[Epoch : 189/500]
Total_loss	: 0.0464
MMD_loss	: 1.2840
Src_reg_loss	: 0.0336
-------------------------------------
[Epoch : 190/500]
Total_loss	: 0.0463
MMD_loss	: 1.2821
Src_reg_loss	: 0.0335
-------------------------------------
[Epoch : 191/500]
Total_loss	: 0.0462
MMD_loss	: 1.2802
Src_reg_loss	: 0.0334
-------------------------------------
[Epoch : 192/500]
Total_loss	: 0.0461
MMD_loss	: 1.2783
Src_reg_loss	: 0.0333
-------------------------------------
[Epoch : 193/500]
Total_loss	: 0.0460
MMD_loss	: 1.2765
Src_reg_loss	: 0.0332
-------------------------------------
[Epoch : 194/500]
Total_loss	: 0.0459
MMD_loss	: 1.2746
Src_reg_loss	: 0.0331
-------------------------------------
[Epoch : 195/500]
Total_loss	: 0.0458
MMD_loss	: 1.2728
Src_reg_loss	: 0.0331
-------------------------------------
[Epoch : 196/500]
Total_loss	: 0.0457
MMD_loss	: 1.2709
Src_reg_loss	: 0.0330
-------------------------------------
[Epoch : 197/500]
Total_loss	: 0.0456
MMD_loss	: 1.2691
Src_reg_loss	: 0.0329
-------------------------------------
[Epoch : 198/500]
Total_loss	: 0.0455
MMD_loss	: 1.2672
Src_reg_loss	: 0.0328
-------------------------------------
[Epoch : 199/500]
Total_loss	: 0.0454
MMD_loss	: 1.2654
Src_reg_loss	: 0.0327
-------------------------------------
[Epoch : 200/500]
Total_loss	: 0.0453
MMD_loss	: 1.2636
Src_reg_loss	: 0.0327
-------------------------------------
[Epoch : 201/500]
Total_loss	: 0.0452
MMD_loss	: 1.2618
Src_reg_loss	: 0.0326
-------------------------------------
[Epoch : 202/500]
Total_loss	: 0.0451
MMD_loss	: 1.2600
Src_reg_loss	: 0.0325
-------------------------------------
[Epoch : 203/500]
Total_loss	: 0.0450
MMD_loss	: 1.2582
Src_reg_loss	: 0.0324
-------------------------------------
[Epoch : 204/500]
Total_loss	: 0.0449
MMD_loss	: 1.2564
Src_reg_loss	: 0.0323
-------------------------------------
[Epoch : 205/500]
Total_loss	: 0.0448
MMD_loss	: 1.2546
Src_reg_loss	: 0.0323
-------------------------------------
[Epoch : 206/500]
Total_loss	: 0.0447
MMD_loss	: 1.2528
Src_reg_loss	: 0.0322
-------------------------------------
[Epoch : 207/500]
Total_loss	: 0.0446
MMD_loss	: 1.2510
Src_reg_loss	: 0.0321
-------------------------------------
[Epoch : 208/500]
Total_loss	: 0.0445
MMD_loss	: 1.2493
Src_reg_loss	: 0.0320
-------------------------------------
[Epoch : 209/500]
Total_loss	: 0.0444
MMD_loss	: 1.2475
Src_reg_loss	: 0.0319
-------------------------------------
[Epoch : 210/500]
Total_loss	: 0.0443
MMD_loss	: 1.2457
Src_reg_loss	: 0.0319
-------------------------------------
[Epoch : 211/500]
Total_loss	: 0.0442
MMD_loss	: 1.2440
Src_reg_loss	: 0.0318
-------------------------------------
[Epoch : 212/500]
Total_loss	: 0.0441
MMD_loss	: 1.2423
Src_reg_loss	: 0.0317
-------------------------------------
[Epoch : 213/500]
Total_loss	: 0.0440
MMD_loss	: 1.2405
Src_reg_loss	: 0.0316
-------------------------------------
[Epoch : 214/500]
Total_loss	: 0.0440
MMD_loss	: 1.2388
Src_reg_loss	: 0.0316
-------------------------------------
[Epoch : 215/500]
Total_loss	: 0.0439
MMD_loss	: 1.2371
Src_reg_loss	: 0.0315
-------------------------------------
[Epoch : 216/500]
Total_loss	: 0.0438
MMD_loss	: 1.2353
Src_reg_loss	: 0.0314
-------------------------------------
[Epoch : 217/500]
Total_loss	: 0.0437
MMD_loss	: 1.2336
Src_reg_loss	: 0.0313
-------------------------------------
[Epoch : 218/500]
Total_loss	: 0.0436
MMD_loss	: 1.2319
Src_reg_loss	: 0.0313
-------------------------------------
[Epoch : 219/500]
Total_loss	: 0.0435
MMD_loss	: 1.2302
Src_reg_loss	: 0.0312
-------------------------------------
[Epoch : 220/500]
Total_loss	: 0.0434
MMD_loss	: 1.2285
Src_reg_loss	: 0.0311
-------------------------------------
[Epoch : 221/500]
Total_loss	: 0.0433
MMD_loss	: 1.2269
Src_reg_loss	: 0.0311
-------------------------------------
[Epoch : 222/500]
Total_loss	: 0.0432
MMD_loss	: 1.2252
Src_reg_loss	: 0.0310
-------------------------------------
[Epoch : 223/500]
Total_loss	: 0.0431
MMD_loss	: 1.2235
Src_reg_loss	: 0.0309
-------------------------------------
[Epoch : 224/500]
Total_loss	: 0.0431
MMD_loss	: 1.2218
Src_reg_loss	: 0.0308
-------------------------------------
[Epoch : 225/500]
Total_loss	: 0.0430
MMD_loss	: 1.2202
Src_reg_loss	: 0.0308
-------------------------------------
[Epoch : 226/500]
Total_loss	: 0.0429
MMD_loss	: 1.2185
Src_reg_loss	: 0.0307
-------------------------------------
[Epoch : 227/500]
Total_loss	: 0.0428
MMD_loss	: 1.2169
Src_reg_loss	: 0.0306
-------------------------------------
[Epoch : 228/500]
Total_loss	: 0.0427
MMD_loss	: 1.2152
Src_reg_loss	: 0.0306
-------------------------------------
[Epoch : 229/500]
Total_loss	: 0.0426
MMD_loss	: 1.2136
Src_reg_loss	: 0.0305
-------------------------------------
[Epoch : 230/500]
Total_loss	: 0.0425
MMD_loss	: 1.2120
Src_reg_loss	: 0.0304
-------------------------------------
[Epoch : 231/500]
Total_loss	: 0.0425
MMD_loss	: 1.2104
Src_reg_loss	: 0.0304
-------------------------------------
[Epoch : 232/500]
Total_loss	: 0.0424
MMD_loss	: 1.2087
Src_reg_loss	: 0.0303
-------------------------------------
[Epoch : 233/500]
Total_loss	: 0.0423
MMD_loss	: 1.2071
Src_reg_loss	: 0.0302
-------------------------------------
[Epoch : 234/500]
Total_loss	: 0.0422
MMD_loss	: 1.2055
Src_reg_loss	: 0.0302
-------------------------------------
[Epoch : 235/500]
Total_loss	: 0.0421
MMD_loss	: 1.2039
Src_reg_loss	: 0.0301
-------------------------------------
[Epoch : 236/500]
Total_loss	: 0.0421
MMD_loss	: 1.2023
Src_reg_loss	: 0.0300
-------------------------------------
[Epoch : 237/500]
Total_loss	: 0.0420
MMD_loss	: 1.2008
Src_reg_loss	: 0.0300
-------------------------------------
[Epoch : 238/500]
Total_loss	: 0.0419
MMD_loss	: 1.1992
Src_reg_loss	: 0.0299
-------------------------------------
[Epoch : 239/500]
Total_loss	: 0.0418
MMD_loss	: 1.1976
Src_reg_loss	: 0.0298
-------------------------------------
[Epoch : 240/500]
Total_loss	: 0.0417
MMD_loss	: 1.1960
Src_reg_loss	: 0.0298
-------------------------------------
[Epoch : 241/500]
Total_loss	: 0.0417
MMD_loss	: 1.1945
Src_reg_loss	: 0.0297
-------------------------------------
[Epoch : 242/500]
Total_loss	: 0.0416
MMD_loss	: 1.1929
Src_reg_loss	: 0.0296
-------------------------------------
[Epoch : 243/500]
Total_loss	: 0.0415
MMD_loss	: 1.1914
Src_reg_loss	: 0.0296
-------------------------------------
[Epoch : 244/500]
Total_loss	: 0.0414
MMD_loss	: 1.1898
Src_reg_loss	: 0.0295
-------------------------------------
[Epoch : 245/500]
Total_loss	: 0.0413
MMD_loss	: 1.1883
Src_reg_loss	: 0.0295
-------------------------------------
[Epoch : 246/500]
Total_loss	: 0.0413
MMD_loss	: 1.1868
Src_reg_loss	: 0.0294
-------------------------------------
[Epoch : 247/500]
Total_loss	: 0.0412
MMD_loss	: 1.1853
Src_reg_loss	: 0.0293
-------------------------------------
[Epoch : 248/500]
Total_loss	: 0.0411
MMD_loss	: 1.1838
Src_reg_loss	: 0.0293
-------------------------------------
[Epoch : 249/500]
Total_loss	: 0.0410
MMD_loss	: 1.1823
Src_reg_loss	: 0.0292
-------------------------------------
[Epoch : 250/500]
Total_loss	: 0.0410
MMD_loss	: 1.1808
Src_reg_loss	: 0.0291
-------------------------------------
[Epoch : 251/500]
Total_loss	: 0.0409
MMD_loss	: 1.1793
Src_reg_loss	: 0.0291
-------------------------------------
[Epoch : 252/500]
Total_loss	: 0.0408
MMD_loss	: 1.1778
Src_reg_loss	: 0.0290
-------------------------------------
[Epoch : 253/500]
Total_loss	: 0.0407
MMD_loss	: 1.1763
Src_reg_loss	: 0.0290
-------------------------------------
[Epoch : 254/500]
Total_loss	: 0.0407
MMD_loss	: 1.1748
Src_reg_loss	: 0.0289
-------------------------------------
[Epoch : 255/500]
Total_loss	: 0.0406
MMD_loss	: 1.1734
Src_reg_loss	: 0.0288
-------------------------------------
[Epoch : 256/500]
Total_loss	: 0.0405
MMD_loss	: 1.1719
Src_reg_loss	: 0.0288
-------------------------------------
[Epoch : 257/500]
Total_loss	: 0.0404
MMD_loss	: 1.1705
Src_reg_loss	: 0.0287
-------------------------------------
[Epoch : 258/500]
Total_loss	: 0.0404
MMD_loss	: 1.1690
Src_reg_loss	: 0.0287
-------------------------------------
[Epoch : 259/500]
Total_loss	: 0.0403
MMD_loss	: 1.1676
Src_reg_loss	: 0.0286
-------------------------------------
[Epoch : 260/500]
Total_loss	: 0.0402
MMD_loss	: 1.1662
Src_reg_loss	: 0.0286
-------------------------------------
[Epoch : 261/500]
Total_loss	: 0.0401
MMD_loss	: 1.1647
Src_reg_loss	: 0.0285
-------------------------------------
[Epoch : 262/500]
Total_loss	: 0.0401
MMD_loss	: 1.1633
Src_reg_loss	: 0.0284
-------------------------------------
[Epoch : 263/500]
Total_loss	: 0.0400
MMD_loss	: 1.1619
Src_reg_loss	: 0.0284
-------------------------------------
[Epoch : 264/500]
Total_loss	: 0.0399
MMD_loss	: 1.1605
Src_reg_loss	: 0.0283
-------------------------------------
[Epoch : 265/500]
Total_loss	: 0.0399
MMD_loss	: 1.1591
Src_reg_loss	: 0.0283
-------------------------------------
[Epoch : 266/500]
Total_loss	: 0.0398
MMD_loss	: 1.1577
Src_reg_loss	: 0.0282
-------------------------------------
[Epoch : 267/500]
Total_loss	: 0.0397
MMD_loss	: 1.1564
Src_reg_loss	: 0.0282
-------------------------------------
[Epoch : 268/500]
Total_loss	: 0.0397
MMD_loss	: 1.1550
Src_reg_loss	: 0.0281
-------------------------------------
[Epoch : 269/500]
Total_loss	: 0.0396
MMD_loss	: 1.1536
Src_reg_loss	: 0.0281
-------------------------------------
[Epoch : 270/500]
Total_loss	: 0.0395
MMD_loss	: 1.1523
Src_reg_loss	: 0.0280
-------------------------------------
[Epoch : 271/500]
Total_loss	: 0.0395
MMD_loss	: 1.1509
Src_reg_loss	: 0.0279
-------------------------------------
[Epoch : 272/500]
Total_loss	: 0.0394
MMD_loss	: 1.1496
Src_reg_loss	: 0.0279
-------------------------------------
[Epoch : 273/500]
Total_loss	: 0.0393
MMD_loss	: 1.1483
Src_reg_loss	: 0.0278
-------------------------------------
[Epoch : 274/500]
Total_loss	: 0.0393
MMD_loss	: 1.1469
Src_reg_loss	: 0.0278
-------------------------------------
[Epoch : 275/500]
Total_loss	: 0.0392
MMD_loss	: 1.1456
Src_reg_loss	: 0.0277
-------------------------------------
[Epoch : 276/500]
Total_loss	: 0.0391
MMD_loss	: 1.1443
Src_reg_loss	: 0.0277
-------------------------------------
[Epoch : 277/500]
Total_loss	: 0.0391
MMD_loss	: 1.1430
Src_reg_loss	: 0.0276
-------------------------------------
[Epoch : 278/500]
Total_loss	: 0.0390
MMD_loss	: 1.1417
Src_reg_loss	: 0.0276
-------------------------------------
[Epoch : 279/500]
Total_loss	: 0.0389
MMD_loss	: 1.1404
Src_reg_loss	: 0.0275
-------------------------------------
[Epoch : 280/500]
Total_loss	: 0.0389
MMD_loss	: 1.1391
Src_reg_loss	: 0.0275
-------------------------------------
[Epoch : 281/500]
Total_loss	: 0.0388
MMD_loss	: 1.1378
Src_reg_loss	: 0.0274
-------------------------------------
[Epoch : 282/500]
Total_loss	: 0.0387
MMD_loss	: 1.1366
Src_reg_loss	: 0.0274
-------------------------------------
[Epoch : 283/500]
Total_loss	: 0.0387
MMD_loss	: 1.1353
Src_reg_loss	: 0.0273
-------------------------------------
[Epoch : 284/500]
Total_loss	: 0.0386
MMD_loss	: 1.1341
Src_reg_loss	: 0.0273
-------------------------------------
[Epoch : 285/500]
Total_loss	: 0.0385
MMD_loss	: 1.1328
Src_reg_loss	: 0.0272
-------------------------------------
[Epoch : 286/500]
Total_loss	: 0.0385
MMD_loss	: 1.1316
Src_reg_loss	: 0.0272
-------------------------------------
[Epoch : 287/500]
Total_loss	: 0.0384
MMD_loss	: 1.1303
Src_reg_loss	: 0.0271
-------------------------------------
[Epoch : 288/500]
Total_loss	: 0.0384
MMD_loss	: 1.1291
Src_reg_loss	: 0.0271
-------------------------------------
[Epoch : 289/500]
Total_loss	: 0.0383
MMD_loss	: 1.1279
Src_reg_loss	: 0.0270
-------------------------------------
[Epoch : 290/500]
Total_loss	: 0.0382
MMD_loss	: 1.1267
Src_reg_loss	: 0.0270
-------------------------------------
[Epoch : 291/500]
Total_loss	: 0.0382
MMD_loss	: 1.1255
Src_reg_loss	: 0.0269
-------------------------------------
[Epoch : 292/500]
Total_loss	: 0.0381
MMD_loss	: 1.1243
Src_reg_loss	: 0.0269
-------------------------------------
[Epoch : 293/500]
Total_loss	: 0.0381
MMD_loss	: 1.1231
Src_reg_loss	: 0.0268
-------------------------------------
[Epoch : 294/500]
Total_loss	: 0.0380
MMD_loss	: 1.1220
Src_reg_loss	: 0.0268
-------------------------------------
[Epoch : 295/500]
Total_loss	: 0.0379
MMD_loss	: 1.1208
Src_reg_loss	: 0.0267
-------------------------------------
[Epoch : 296/500]
Total_loss	: 0.0379
MMD_loss	: 1.1196
Src_reg_loss	: 0.0267
-------------------------------------
[Epoch : 297/500]
Total_loss	: 0.0378
MMD_loss	: 1.1185
Src_reg_loss	: 0.0266
-------------------------------------
[Epoch : 298/500]
Total_loss	: 0.0378
MMD_loss	: 1.1173
Src_reg_loss	: 0.0266
-------------------------------------
[Epoch : 299/500]
Total_loss	: 0.0377
MMD_loss	: 1.1162
Src_reg_loss	: 0.0265
-------------------------------------
[Epoch : 300/500]
Total_loss	: 0.0376
MMD_loss	: 1.1151
Src_reg_loss	: 0.0265
-------------------------------------
[Epoch : 301/500]
Total_loss	: 0.0376
MMD_loss	: 1.1139
Src_reg_loss	: 0.0264
-------------------------------------
[Epoch : 302/500]
Total_loss	: 0.0375
MMD_loss	: 1.1128
Src_reg_loss	: 0.0264
-------------------------------------
[Epoch : 303/500]
Total_loss	: 0.0375
MMD_loss	: 1.1117
Src_reg_loss	: 0.0264
-------------------------------------
[Epoch : 304/500]
Total_loss	: 0.0374
MMD_loss	: 1.1106
Src_reg_loss	: 0.0263
-------------------------------------
[Epoch : 305/500]
Total_loss	: 0.0374
MMD_loss	: 1.1095
Src_reg_loss	: 0.0263
-------------------------------------
[Epoch : 306/500]
Total_loss	: 0.0373
MMD_loss	: 1.1084
Src_reg_loss	: 0.0262
-------------------------------------
[Epoch : 307/500]
Total_loss	: 0.0372
MMD_loss	: 1.1073
Src_reg_loss	: 0.0262
-------------------------------------
[Epoch : 308/500]
Total_loss	: 0.0372
MMD_loss	: 1.1063
Src_reg_loss	: 0.0261
-------------------------------------
[Epoch : 309/500]
Total_loss	: 0.0371
MMD_loss	: 1.1052
Src_reg_loss	: 0.0261
-------------------------------------
[Epoch : 310/500]
Total_loss	: 0.0371
MMD_loss	: 1.1041
Src_reg_loss	: 0.0260
-------------------------------------
[Epoch : 311/500]
Total_loss	: 0.0370
MMD_loss	: 1.1031
Src_reg_loss	: 0.0260
-------------------------------------
[Epoch : 312/500]
Total_loss	: 0.0370
MMD_loss	: 1.1020
Src_reg_loss	: 0.0260
-------------------------------------
[Epoch : 313/500]
Total_loss	: 0.0369
MMD_loss	: 1.1010
Src_reg_loss	: 0.0259
-------------------------------------
[Epoch : 314/500]
Total_loss	: 0.0369
MMD_loss	: 1.1000
Src_reg_loss	: 0.0259
-------------------------------------
[Epoch : 315/500]
Total_loss	: 0.0368
MMD_loss	: 1.0989
Src_reg_loss	: 0.0258
-------------------------------------
[Epoch : 316/500]
Total_loss	: 0.0368
MMD_loss	: 1.0979
Src_reg_loss	: 0.0258
-------------------------------------
[Epoch : 317/500]
Total_loss	: 0.0367
MMD_loss	: 1.0969
Src_reg_loss	: 0.0257
-------------------------------------
[Epoch : 318/500]
Total_loss	: 0.0367
MMD_loss	: 1.0959
Src_reg_loss	: 0.0257
-------------------------------------
[Epoch : 319/500]
Total_loss	: 0.0366
MMD_loss	: 1.0949
Src_reg_loss	: 0.0257
-------------------------------------
[Epoch : 320/500]
Total_loss	: 0.0366
MMD_loss	: 1.0939
Src_reg_loss	: 0.0256
-------------------------------------
[Epoch : 321/500]
Total_loss	: 0.0365
MMD_loss	: 1.0929
Src_reg_loss	: 0.0256
-------------------------------------
[Epoch : 322/500]
Total_loss	: 0.0364
MMD_loss	: 1.0920
Src_reg_loss	: 0.0255
-------------------------------------
[Epoch : 323/500]
Total_loss	: 0.0364
MMD_loss	: 1.0910
Src_reg_loss	: 0.0255
-------------------------------------
[Epoch : 324/500]
Total_loss	: 0.0363
MMD_loss	: 1.0900
Src_reg_loss	: 0.0254
-------------------------------------
[Epoch : 325/500]
Total_loss	: 0.0363
MMD_loss	: 1.0891
Src_reg_loss	: 0.0254
-------------------------------------
[Epoch : 326/500]
Total_loss	: 0.0362
MMD_loss	: 1.0881
Src_reg_loss	: 0.0254
-------------------------------------
[Epoch : 327/500]
Total_loss	: 0.0362
MMD_loss	: 1.0872
Src_reg_loss	: 0.0253
-------------------------------------
[Epoch : 328/500]
Total_loss	: 0.0361
MMD_loss	: 1.0863
Src_reg_loss	: 0.0253
-------------------------------------
[Epoch : 329/500]
Total_loss	: 0.0361
MMD_loss	: 1.0853
Src_reg_loss	: 0.0252
-------------------------------------
[Epoch : 330/500]
Total_loss	: 0.0360
MMD_loss	: 1.0844
Src_reg_loss	: 0.0252
-------------------------------------
[Epoch : 331/500]
Total_loss	: 0.0360
MMD_loss	: 1.0835
Src_reg_loss	: 0.0252
-------------------------------------
[Epoch : 332/500]
Total_loss	: 0.0360
MMD_loss	: 1.0826
Src_reg_loss	: 0.0251
-------------------------------------
[Epoch : 333/500]
Total_loss	: 0.0359
MMD_loss	: 1.0817
Src_reg_loss	: 0.0251
-------------------------------------
[Epoch : 334/500]
Total_loss	: 0.0359
MMD_loss	: 1.0808
Src_reg_loss	: 0.0250
-------------------------------------
[Epoch : 335/500]
Total_loss	: 0.0358
MMD_loss	: 1.0799
Src_reg_loss	: 0.0250
-------------------------------------
[Epoch : 336/500]
Total_loss	: 0.0358
MMD_loss	: 1.0790
Src_reg_loss	: 0.0250
-------------------------------------
[Epoch : 337/500]
Total_loss	: 0.0357
MMD_loss	: 1.0781
Src_reg_loss	: 0.0249
-------------------------------------
[Epoch : 338/500]
Total_loss	: 0.0357
MMD_loss	: 1.0773
Src_reg_loss	: 0.0249
-------------------------------------
[Epoch : 339/500]
Total_loss	: 0.0356
MMD_loss	: 1.0764
Src_reg_loss	: 0.0249
-------------------------------------
[Epoch : 340/500]
Total_loss	: 0.0356
MMD_loss	: 1.0755
Src_reg_loss	: 0.0248
-------------------------------------
[Epoch : 341/500]
Total_loss	: 0.0355
MMD_loss	: 1.0747
Src_reg_loss	: 0.0248
-------------------------------------
[Epoch : 342/500]
Total_loss	: 0.0355
MMD_loss	: 1.0739
Src_reg_loss	: 0.0247
-------------------------------------
[Epoch : 343/500]
Total_loss	: 0.0354
MMD_loss	: 1.0730
Src_reg_loss	: 0.0247
-------------------------------------
[Epoch : 344/500]
Total_loss	: 0.0354
MMD_loss	: 1.0722
Src_reg_loss	: 0.0247
-------------------------------------
[Epoch : 345/500]
Total_loss	: 0.0353
MMD_loss	: 1.0714
Src_reg_loss	: 0.0246
-------------------------------------
[Epoch : 346/500]
Total_loss	: 0.0353
MMD_loss	: 1.0705
Src_reg_loss	: 0.0246
-------------------------------------
[Epoch : 347/500]
Total_loss	: 0.0353
MMD_loss	: 1.0697
Src_reg_loss	: 0.0246
-------------------------------------
[Epoch : 348/500]
Total_loss	: 0.0352
MMD_loss	: 1.0689
Src_reg_loss	: 0.0245
-------------------------------------
[Epoch : 349/500]
Total_loss	: 0.0352
MMD_loss	: 1.0681
Src_reg_loss	: 0.0245
-------------------------------------
[Epoch : 350/500]
Total_loss	: 0.0351
MMD_loss	: 1.0673
Src_reg_loss	: 0.0244
-------------------------------------
[Epoch : 351/500]
Total_loss	: 0.0351
MMD_loss	: 1.0665
Src_reg_loss	: 0.0244
-------------------------------------
[Epoch : 352/500]
Total_loss	: 0.0350
MMD_loss	: 1.0657
Src_reg_loss	: 0.0244
-------------------------------------
[Epoch : 353/500]
Total_loss	: 0.0350
MMD_loss	: 1.0650
Src_reg_loss	: 0.0243
-------------------------------------
[Epoch : 354/500]
Total_loss	: 0.0349
MMD_loss	: 1.0642
Src_reg_loss	: 0.0243
-------------------------------------
[Epoch : 355/500]
Total_loss	: 0.0349
MMD_loss	: 1.0634
Src_reg_loss	: 0.0243
-------------------------------------
[Epoch : 356/500]
Total_loss	: 0.0349
MMD_loss	: 1.0627
Src_reg_loss	: 0.0242
-------------------------------------
[Epoch : 357/500]
Total_loss	: 0.0348
MMD_loss	: 1.0619
Src_reg_loss	: 0.0242
-------------------------------------
[Epoch : 358/500]
Total_loss	: 0.0348
MMD_loss	: 1.0612
Src_reg_loss	: 0.0242
-------------------------------------
[Epoch : 359/500]
Total_loss	: 0.0347
MMD_loss	: 1.0604
Src_reg_loss	: 0.0241
-------------------------------------
[Epoch : 360/500]
Total_loss	: 0.0347
MMD_loss	: 1.0597
Src_reg_loss	: 0.0241
-------------------------------------
[Epoch : 361/500]
Total_loss	: 0.0346
MMD_loss	: 1.0590
Src_reg_loss	: 0.0241
-------------------------------------
[Epoch : 362/500]
Total_loss	: 0.0346
MMD_loss	: 1.0582
Src_reg_loss	: 0.0240
-------------------------------------
[Epoch : 363/500]
Total_loss	: 0.0346
MMD_loss	: 1.0575
Src_reg_loss	: 0.0240
-------------------------------------
[Epoch : 364/500]
Total_loss	: 0.0345
MMD_loss	: 1.0568
Src_reg_loss	: 0.0240
-------------------------------------
[Epoch : 365/500]
Total_loss	: 0.0345
MMD_loss	: 1.0561
Src_reg_loss	: 0.0239
-------------------------------------
[Epoch : 366/500]
Total_loss	: 0.0344
MMD_loss	: 1.0554
Src_reg_loss	: 0.0239
-------------------------------------
[Epoch : 367/500]
Total_loss	: 0.0344
MMD_loss	: 1.0547
Src_reg_loss	: 0.0239
-------------------------------------
[Epoch : 368/500]
Total_loss	: 0.0344
MMD_loss	: 1.0540
Src_reg_loss	: 0.0238
-------------------------------------
[Epoch : 369/500]
Total_loss	: 0.0343
MMD_loss	: 1.0533
Src_reg_loss	: 0.0238
-------------------------------------
[Epoch : 370/500]
Total_loss	: 0.0343
MMD_loss	: 1.0527
Src_reg_loss	: 0.0238
-------------------------------------
[Epoch : 371/500]
Total_loss	: 0.0342
MMD_loss	: 1.0520
Src_reg_loss	: 0.0237
-------------------------------------
[Epoch : 372/500]
Total_loss	: 0.0342
MMD_loss	: 1.0513
Src_reg_loss	: 0.0237
-------------------------------------
[Epoch : 373/500]
Total_loss	: 0.0342
MMD_loss	: 1.0506
Src_reg_loss	: 0.0237
-------------------------------------
[Epoch : 374/500]
Total_loss	: 0.0341
MMD_loss	: 1.0500
Src_reg_loss	: 0.0236
-------------------------------------
[Epoch : 375/500]
Total_loss	: 0.0341
MMD_loss	: 1.0493
Src_reg_loss	: 0.0236
-------------------------------------
[Epoch : 376/500]
Total_loss	: 0.0340
MMD_loss	: 1.0487
Src_reg_loss	: 0.0236
-------------------------------------
[Epoch : 377/500]
Total_loss	: 0.0340
MMD_loss	: 1.0480
Src_reg_loss	: 0.0235
-------------------------------------
[Epoch : 378/500]
Total_loss	: 0.0340
MMD_loss	: 1.0474
Src_reg_loss	: 0.0235
-------------------------------------
[Epoch : 379/500]
Total_loss	: 0.0339
MMD_loss	: 1.0468
Src_reg_loss	: 0.0235
-------------------------------------
[Epoch : 380/500]
Total_loss	: 0.0339
MMD_loss	: 1.0462
Src_reg_loss	: 0.0234
-------------------------------------
[Epoch : 381/500]
Total_loss	: 0.0339
MMD_loss	: 1.0455
Src_reg_loss	: 0.0234
-------------------------------------
[Epoch : 382/500]
Total_loss	: 0.0338
MMD_loss	: 1.0449
Src_reg_loss	: 0.0234
-------------------------------------
[Epoch : 383/500]
Total_loss	: 0.0338
MMD_loss	: 1.0443
Src_reg_loss	: 0.0233
-------------------------------------
[Epoch : 384/500]
Total_loss	: 0.0337
MMD_loss	: 1.0437
Src_reg_loss	: 0.0233
-------------------------------------
[Epoch : 385/500]
Total_loss	: 0.0337
MMD_loss	: 1.0431
Src_reg_loss	: 0.0233
-------------------------------------
[Epoch : 386/500]
Total_loss	: 0.0337
MMD_loss	: 1.0425
Src_reg_loss	: 0.0232
-------------------------------------
[Epoch : 387/500]
Total_loss	: 0.0336
MMD_loss	: 1.0419
Src_reg_loss	: 0.0232
-------------------------------------
[Epoch : 388/500]
Total_loss	: 0.0336
MMD_loss	: 1.0413
Src_reg_loss	: 0.0232
-------------------------------------
[Epoch : 389/500]
Total_loss	: 0.0336
MMD_loss	: 1.0408
Src_reg_loss	: 0.0232
-------------------------------------
[Epoch : 390/500]
Total_loss	: 0.0335
MMD_loss	: 1.0402
Src_reg_loss	: 0.0231
-------------------------------------
[Epoch : 391/500]
Total_loss	: 0.0335
MMD_loss	: 1.0396
Src_reg_loss	: 0.0231
-------------------------------------
[Epoch : 392/500]
Total_loss	: 0.0335
MMD_loss	: 1.0390
Src_reg_loss	: 0.0231
-------------------------------------
[Epoch : 393/500]
Total_loss	: 0.0334
MMD_loss	: 1.0385
Src_reg_loss	: 0.0230
-------------------------------------
[Epoch : 394/500]
Total_loss	: 0.0334
MMD_loss	: 1.0379
Src_reg_loss	: 0.0230
-------------------------------------
[Epoch : 395/500]
Total_loss	: 0.0334
MMD_loss	: 1.0374
Src_reg_loss	: 0.0230
-------------------------------------
[Epoch : 396/500]
Total_loss	: 0.0333
MMD_loss	: 1.0368
Src_reg_loss	: 0.0229
-------------------------------------
[Epoch : 397/500]
Total_loss	: 0.0333
MMD_loss	: 1.0363
Src_reg_loss	: 0.0229
-------------------------------------
[Epoch : 398/500]
Total_loss	: 0.0332
MMD_loss	: 1.0357
Src_reg_loss	: 0.0229
-------------------------------------
[Epoch : 399/500]
Total_loss	: 0.0332
MMD_loss	: 1.0352
Src_reg_loss	: 0.0229
-------------------------------------
[Epoch : 400/500]
Total_loss	: 0.0332
MMD_loss	: 1.0347
Src_reg_loss	: 0.0228
-------------------------------------
[Epoch : 401/500]
Total_loss	: 0.0331
MMD_loss	: 1.0342
Src_reg_loss	: 0.0228
-------------------------------------
[Epoch : 402/500]
Total_loss	: 0.0331
MMD_loss	: 1.0336
Src_reg_loss	: 0.0228
-------------------------------------
[Epoch : 403/500]
Total_loss	: 0.0331
MMD_loss	: 1.0331
Src_reg_loss	: 0.0227
-------------------------------------
[Epoch : 404/500]
Total_loss	: 0.0330
MMD_loss	: 1.0326
Src_reg_loss	: 0.0227
-------------------------------------
[Epoch : 405/500]
Total_loss	: 0.0330
MMD_loss	: 1.0321
Src_reg_loss	: 0.0227
-------------------------------------
[Epoch : 406/500]
Total_loss	: 0.0330
MMD_loss	: 1.0316
Src_reg_loss	: 0.0227
-------------------------------------
[Epoch : 407/500]
Total_loss	: 0.0329
MMD_loss	: 1.0311
Src_reg_loss	: 0.0226
-------------------------------------
[Epoch : 408/500]
Total_loss	: 0.0329
MMD_loss	: 1.0306
Src_reg_loss	: 0.0226
-------------------------------------
[Epoch : 409/500]
Total_loss	: 0.0329
MMD_loss	: 1.0301
Src_reg_loss	: 0.0226
-------------------------------------
[Epoch : 410/500]
Total_loss	: 0.0328
MMD_loss	: 1.0296
Src_reg_loss	: 0.0226
-------------------------------------
[Epoch : 411/500]
Total_loss	: 0.0328
MMD_loss	: 1.0292
Src_reg_loss	: 0.0225
-------------------------------------
[Epoch : 412/500]
Total_loss	: 0.0328
MMD_loss	: 1.0287
Src_reg_loss	: 0.0225
-------------------------------------
[Epoch : 413/500]
Total_loss	: 0.0328
MMD_loss	: 1.0282
Src_reg_loss	: 0.0225
-------------------------------------
[Epoch : 414/500]
Total_loss	: 0.0327
MMD_loss	: 1.0278
Src_reg_loss	: 0.0224
-------------------------------------
[Epoch : 415/500]
Total_loss	: 0.0327
MMD_loss	: 1.0273
Src_reg_loss	: 0.0224
-------------------------------------
[Epoch : 416/500]
Total_loss	: 0.0327
MMD_loss	: 1.0268
Src_reg_loss	: 0.0224
-------------------------------------
[Epoch : 417/500]
Total_loss	: 0.0326
MMD_loss	: 1.0264
Src_reg_loss	: 0.0224
-------------------------------------
[Epoch : 418/500]
Total_loss	: 0.0326
MMD_loss	: 1.0259
Src_reg_loss	: 0.0223
-------------------------------------
[Epoch : 419/500]
Total_loss	: 0.0326
MMD_loss	: 1.0255
Src_reg_loss	: 0.0223
-------------------------------------
[Epoch : 420/500]
Total_loss	: 0.0325
MMD_loss	: 1.0250
Src_reg_loss	: 0.0223
-------------------------------------
[Epoch : 421/500]
Total_loss	: 0.0325
MMD_loss	: 1.0246
Src_reg_loss	: 0.0223
-------------------------------------
[Epoch : 422/500]
Total_loss	: 0.0325
MMD_loss	: 1.0242
Src_reg_loss	: 0.0222
-------------------------------------
[Epoch : 423/500]
Total_loss	: 0.0324
MMD_loss	: 1.0237
Src_reg_loss	: 0.0222
-------------------------------------
[Epoch : 424/500]
Total_loss	: 0.0324
MMD_loss	: 1.0233
Src_reg_loss	: 0.0222
-------------------------------------
[Epoch : 425/500]
Total_loss	: 0.0324
MMD_loss	: 1.0229
Src_reg_loss	: 0.0221
-------------------------------------
[Epoch : 426/500]
Total_loss	: 0.0323
MMD_loss	: 1.0225
Src_reg_loss	: 0.0221
-------------------------------------
[Epoch : 427/500]
Total_loss	: 0.0323
MMD_loss	: 1.0221
Src_reg_loss	: 0.0221
-------------------------------------
[Epoch : 428/500]
Total_loss	: 0.0323
MMD_loss	: 1.0216
Src_reg_loss	: 0.0221
-------------------------------------
[Epoch : 429/500]
Total_loss	: 0.0323
MMD_loss	: 1.0212
Src_reg_loss	: 0.0220
-------------------------------------
[Epoch : 430/500]
Total_loss	: 0.0322
MMD_loss	: 1.0208
Src_reg_loss	: 0.0220
-------------------------------------
[Epoch : 431/500]
Total_loss	: 0.0322
MMD_loss	: 1.0204
Src_reg_loss	: 0.0220
-------------------------------------
[Epoch : 432/500]
Total_loss	: 0.0322
MMD_loss	: 1.0200
Src_reg_loss	: 0.0220
-------------------------------------
[Epoch : 433/500]
Total_loss	: 0.0321
MMD_loss	: 1.0196
Src_reg_loss	: 0.0219
-------------------------------------
[Epoch : 434/500]
Total_loss	: 0.0321
MMD_loss	: 1.0193
Src_reg_loss	: 0.0219
-------------------------------------
[Epoch : 435/500]
Total_loss	: 0.0321
MMD_loss	: 1.0189
Src_reg_loss	: 0.0219
-------------------------------------
[Epoch : 436/500]
Total_loss	: 0.0321
MMD_loss	: 1.0185
Src_reg_loss	: 0.0219
-------------------------------------
[Epoch : 437/500]
Total_loss	: 0.0320
MMD_loss	: 1.0181
Src_reg_loss	: 0.0218
-------------------------------------
[Epoch : 438/500]
Total_loss	: 0.0320
MMD_loss	: 1.0177
Src_reg_loss	: 0.0218
-------------------------------------
[Epoch : 439/500]
Total_loss	: 0.0320
MMD_loss	: 1.0174
Src_reg_loss	: 0.0218
-------------------------------------
[Epoch : 440/500]
Total_loss	: 0.0319
MMD_loss	: 1.0170
Src_reg_loss	: 0.0218
-------------------------------------
[Epoch : 441/500]
Total_loss	: 0.0319
MMD_loss	: 1.0167
Src_reg_loss	: 0.0217
-------------------------------------
[Epoch : 442/500]
Total_loss	: 0.0319
MMD_loss	: 1.0163
Src_reg_loss	: 0.0217
-------------------------------------
[Epoch : 443/500]
Total_loss	: 0.0319
MMD_loss	: 1.0159
Src_reg_loss	: 0.0217
-------------------------------------
[Epoch : 444/500]
Total_loss	: 0.0318
MMD_loss	: 1.0156
Src_reg_loss	: 0.0217
-------------------------------------
[Epoch : 445/500]
Total_loss	: 0.0318
MMD_loss	: 1.0152
Src_reg_loss	: 0.0217
-------------------------------------
[Epoch : 446/500]
Total_loss	: 0.0318
MMD_loss	: 1.0149
Src_reg_loss	: 0.0216
-------------------------------------
[Epoch : 447/500]
Total_loss	: 0.0317
MMD_loss	: 1.0146
Src_reg_loss	: 0.0216
-------------------------------------
[Epoch : 448/500]
Total_loss	: 0.0317
MMD_loss	: 1.0142
Src_reg_loss	: 0.0216
-------------------------------------
[Epoch : 449/500]
Total_loss	: 0.0317
MMD_loss	: 1.0139
Src_reg_loss	: 0.0216
-------------------------------------
[Epoch : 450/500]
Total_loss	: 0.0317
MMD_loss	: 1.0136
Src_reg_loss	: 0.0215
-------------------------------------
[Epoch : 451/500]
Total_loss	: 0.0316
MMD_loss	: 1.0132
Src_reg_loss	: 0.0215
-------------------------------------
[Epoch : 452/500]
Total_loss	: 0.0316
MMD_loss	: 1.0129
Src_reg_loss	: 0.0215
-------------------------------------
[Epoch : 453/500]
Total_loss	: 0.0316
MMD_loss	: 1.0126
Src_reg_loss	: 0.0215
-------------------------------------
[Epoch : 454/500]
Total_loss	: 0.0316
MMD_loss	: 1.0123
Src_reg_loss	: 0.0214
-------------------------------------
[Epoch : 455/500]
Total_loss	: 0.0315
MMD_loss	: 1.0120
Src_reg_loss	: 0.0214
-------------------------------------
[Epoch : 456/500]
Total_loss	: 0.0315
MMD_loss	: 1.0117
Src_reg_loss	: 0.0214
-------------------------------------
[Epoch : 457/500]
Total_loss	: 0.0315
MMD_loss	: 1.0114
Src_reg_loss	: 0.0214
-------------------------------------
[Epoch : 458/500]
Total_loss	: 0.0315
MMD_loss	: 1.0111
Src_reg_loss	: 0.0213
-------------------------------------
[Epoch : 459/500]
Total_loss	: 0.0314
MMD_loss	: 1.0108
Src_reg_loss	: 0.0213
-------------------------------------
[Epoch : 460/500]
Total_loss	: 0.0314
MMD_loss	: 1.0105
Src_reg_loss	: 0.0213
-------------------------------------
[Epoch : 461/500]
Total_loss	: 0.0314
MMD_loss	: 1.0102
Src_reg_loss	: 0.0213
-------------------------------------
[Epoch : 462/500]
Total_loss	: 0.0314
MMD_loss	: 1.0099
Src_reg_loss	: 0.0213
-------------------------------------
[Epoch : 463/500]
Total_loss	: 0.0313
MMD_loss	: 1.0096
Src_reg_loss	: 0.0212
-------------------------------------
[Epoch : 464/500]
Total_loss	: 0.0313
MMD_loss	: 1.0093
Src_reg_loss	: 0.0212
-------------------------------------
[Epoch : 465/500]
Total_loss	: 0.0313
MMD_loss	: 1.0090
Src_reg_loss	: 0.0212
-------------------------------------
[Epoch : 466/500]
Total_loss	: 0.0313
MMD_loss	: 1.0088
Src_reg_loss	: 0.0212
-------------------------------------
[Epoch : 467/500]
Total_loss	: 0.0312
MMD_loss	: 1.0085
Src_reg_loss	: 0.0211
-------------------------------------
[Epoch : 468/500]
Total_loss	: 0.0312
MMD_loss	: 1.0082
Src_reg_loss	: 0.0211
-------------------------------------
[Epoch : 469/500]
Total_loss	: 0.0312
MMD_loss	: 1.0080
Src_reg_loss	: 0.0211
-------------------------------------
[Epoch : 470/500]
Total_loss	: 0.0312
MMD_loss	: 1.0077
Src_reg_loss	: 0.0211
-------------------------------------
[Epoch : 471/500]
Total_loss	: 0.0311
MMD_loss	: 1.0074
Src_reg_loss	: 0.0211
-------------------------------------
[Epoch : 472/500]
Total_loss	: 0.0311
MMD_loss	: 1.0072
Src_reg_loss	: 0.0210
-------------------------------------
[Epoch : 473/500]
Total_loss	: 0.0311
MMD_loss	: 1.0069
Src_reg_loss	: 0.0210
-------------------------------------
[Epoch : 474/500]
Total_loss	: 0.0311
MMD_loss	: 1.0067
Src_reg_loss	: 0.0210
-------------------------------------
[Epoch : 475/500]
Total_loss	: 0.0310
MMD_loss	: 1.0064
Src_reg_loss	: 0.0210
-------------------------------------
[Epoch : 476/500]
Total_loss	: 0.0310
MMD_loss	: 1.0062
Src_reg_loss	: 0.0209
-------------------------------------
[Epoch : 477/500]
Total_loss	: 0.0310
MMD_loss	: 1.0059
Src_reg_loss	: 0.0209
-------------------------------------
[Epoch : 478/500]
Total_loss	: 0.0310
MMD_loss	: 1.0057
Src_reg_loss	: 0.0209
-------------------------------------
[Epoch : 479/500]
Total_loss	: 0.0309
MMD_loss	: 1.0054
Src_reg_loss	: 0.0209
-------------------------------------
[Epoch : 480/500]
Total_loss	: 0.0309
MMD_loss	: 1.0052
Src_reg_loss	: 0.0209
-------------------------------------
[Epoch : 481/500]
Total_loss	: 0.0309
MMD_loss	: 1.0049
Src_reg_loss	: 0.0208
-------------------------------------
[Epoch : 482/500]
Total_loss	: 0.0309
MMD_loss	: 1.0047
Src_reg_loss	: 0.0208
-------------------------------------
[Epoch : 483/500]
Total_loss	: 0.0308
MMD_loss	: 1.0045
Src_reg_loss	: 0.0208
-------------------------------------
[Epoch : 484/500]
Total_loss	: 0.0308
MMD_loss	: 1.0043
Src_reg_loss	: 0.0208
-------------------------------------
[Epoch : 485/500]
Total_loss	: 0.0308
MMD_loss	: 1.0040
Src_reg_loss	: 0.0208
-------------------------------------
[Epoch : 486/500]
Total_loss	: 0.0308
MMD_loss	: 1.0038
Src_reg_loss	: 0.0207
-------------------------------------
[Epoch : 487/500]
Total_loss	: 0.0308
MMD_loss	: 1.0036
Src_reg_loss	: 0.0207
-------------------------------------
[Epoch : 488/500]
Total_loss	: 0.0307
MMD_loss	: 1.0034
Src_reg_loss	: 0.0207
-------------------------------------
[Epoch : 489/500]
Total_loss	: 0.0307
MMD_loss	: 1.0032
Src_reg_loss	: 0.0207
-------------------------------------
[Epoch : 490/500]
Total_loss	: 0.0307
MMD_loss	: 1.0029
Src_reg_loss	: 0.0207
-------------------------------------
[Epoch : 491/500]
Total_loss	: 0.0307
MMD_loss	: 1.0027
Src_reg_loss	: 0.0206
-------------------------------------
[Epoch : 492/500]
Total_loss	: 0.0306
MMD_loss	: 1.0025
Src_reg_loss	: 0.0206
-------------------------------------
[Epoch : 493/500]
Total_loss	: 0.0306
MMD_loss	: 1.0023
Src_reg_loss	: 0.0206
-------------------------------------
[Epoch : 494/500]
Total_loss	: 0.0306
MMD_loss	: 1.0021
Src_reg_loss	: 0.0206
-------------------------------------
[Epoch : 495/500]
Total_loss	: 0.0306
MMD_loss	: 1.0019
Src_reg_loss	: 0.0206
-------------------------------------
[Epoch : 496/500]
Total_loss	: 0.0306
MMD_loss	: 1.0017
Src_reg_loss	: 0.0205
-------------------------------------
[Epoch : 497/500]
Total_loss	: 0.0305
MMD_loss	: 1.0015
Src_reg_loss	: 0.0205
-------------------------------------
[Epoch : 498/500]
Total_loss	: 0.0305
MMD_loss	: 1.0013
Src_reg_loss	: 0.0205
-------------------------------------
[Epoch : 499/500]
Total_loss	: 0.0305
MMD_loss	: 1.0011
Src_reg_loss	: 0.0205
-------------------------------------
[Epoch : 500/500]
Total_loss	: 0.0305
MMD_loss	: 1.0009
Src_reg_loss	: 0.0205
-------------------------------------
