=============================================
Dataset: Airbox
Method:  AirDA
=============================================
Source: 0 ---> Target: 5
=============================================
[Epoch : 1/500]
Total_loss	: 0.3399
MMD_loss	: 4.4743
Src_reg_loss	: 0.2951
-------------------------------------
[Epoch : 2/500]
Total_loss	: 0.3210
MMD_loss	: 4.4675
Src_reg_loss	: 0.2764
-------------------------------------
[Epoch : 3/500]
Total_loss	: 0.3025
MMD_loss	: 4.4514
Src_reg_loss	: 0.2580
-------------------------------------
[Epoch : 4/500]
Total_loss	: 0.2832
MMD_loss	: 4.4254
Src_reg_loss	: 0.2389
-------------------------------------
[Epoch : 5/500]
Total_loss	: 0.2629
MMD_loss	: 4.3878
Src_reg_loss	: 0.2190
-------------------------------------
[Epoch : 6/500]
Total_loss	: 0.2418
MMD_loss	: 4.3370
Src_reg_loss	: 0.1985
-------------------------------------
[Epoch : 7/500]
Total_loss	: 0.2210
MMD_loss	: 4.2726
Src_reg_loss	: 0.1783
-------------------------------------
[Epoch : 8/500]
Total_loss	: 0.2029
MMD_loss	: 4.1989
Src_reg_loss	: 0.1609
-------------------------------------
[Epoch : 9/500]
Total_loss	: 0.1890
MMD_loss	: 4.1275
Src_reg_loss	: 0.1478
-------------------------------------
[Epoch : 10/500]
Total_loss	: 0.1780
MMD_loss	: 4.0702
Src_reg_loss	: 0.1373
-------------------------------------
[Epoch : 11/500]
Total_loss	: 0.1688
MMD_loss	: 4.0286
Src_reg_loss	: 0.1285
-------------------------------------
[Epoch : 12/500]
Total_loss	: 0.1610
MMD_loss	: 3.9982
Src_reg_loss	: 0.1210
-------------------------------------
[Epoch : 13/500]
Total_loss	: 0.1544
MMD_loss	: 3.9739
Src_reg_loss	: 0.1147
-------------------------------------
[Epoch : 14/500]
Total_loss	: 0.1487
MMD_loss	: 3.9527
Src_reg_loss	: 0.1092
-------------------------------------
[Epoch : 15/500]
Total_loss	: 0.1438
MMD_loss	: 3.9339
Src_reg_loss	: 0.1044
-------------------------------------
[Epoch : 16/500]
Total_loss	: 0.1394
MMD_loss	: 3.9177
Src_reg_loss	: 0.1003
-------------------------------------
[Epoch : 17/500]
Total_loss	: 0.1356
MMD_loss	: 3.9045
Src_reg_loss	: 0.0966
-------------------------------------
[Epoch : 18/500]
Total_loss	: 0.1322
MMD_loss	: 3.8945
Src_reg_loss	: 0.0933
-------------------------------------
[Epoch : 19/500]
Total_loss	: 0.1292
MMD_loss	: 3.8873
Src_reg_loss	: 0.0903
-------------------------------------
[Epoch : 20/500]
Total_loss	: 0.1264
MMD_loss	: 3.8824
Src_reg_loss	: 0.0876
-------------------------------------
[Epoch : 21/500]
Total_loss	: 0.1239
MMD_loss	: 3.8795
Src_reg_loss	: 0.0852
-------------------------------------
[Epoch : 22/500]
Total_loss	: 0.1217
MMD_loss	: 3.8785
Src_reg_loss	: 0.0829
-------------------------------------
[Epoch : 23/500]
Total_loss	: 0.1197
MMD_loss	: 3.8794
Src_reg_loss	: 0.0809
-------------------------------------
[Epoch : 24/500]
Total_loss	: 0.1178
MMD_loss	: 3.8821
Src_reg_loss	: 0.0790
-------------------------------------
[Epoch : 25/500]
Total_loss	: 0.1161
MMD_loss	: 3.8867
Src_reg_loss	: 0.0772
-------------------------------------
[Epoch : 26/500]
Total_loss	: 0.1145
MMD_loss	: 3.8928
Src_reg_loss	: 0.0756
-------------------------------------
[Epoch : 27/500]
Total_loss	: 0.1131
MMD_loss	: 3.9004
Src_reg_loss	: 0.0741
-------------------------------------
[Epoch : 28/500]
Total_loss	: 0.1117
MMD_loss	: 3.9092
Src_reg_loss	: 0.0727
-------------------------------------
[Epoch : 29/500]
Total_loss	: 0.1105
MMD_loss	: 3.9190
Src_reg_loss	: 0.0713
-------------------------------------
[Epoch : 30/500]
Total_loss	: 0.1094
MMD_loss	: 3.9296
Src_reg_loss	: 0.0701
-------------------------------------
[Epoch : 31/500]
Total_loss	: 0.1083
MMD_loss	: 3.9407
Src_reg_loss	: 0.0689
-------------------------------------
[Epoch : 32/500]
Total_loss	: 0.1073
MMD_loss	: 3.9521
Src_reg_loss	: 0.0678
-------------------------------------
[Epoch : 33/500]
Total_loss	: 0.1063
MMD_loss	: 3.9634
Src_reg_loss	: 0.0667
-------------------------------------
[Epoch : 34/500]
Total_loss	: 0.1055
MMD_loss	: 3.9746
Src_reg_loss	: 0.0657
-------------------------------------
[Epoch : 35/500]
Total_loss	: 0.1046
MMD_loss	: 3.9855
Src_reg_loss	: 0.0647
-------------------------------------
[Epoch : 36/500]
Total_loss	: 0.1038
MMD_loss	: 3.9960
Src_reg_loss	: 0.0638
-------------------------------------
[Epoch : 37/500]
Total_loss	: 0.1030
MMD_loss	: 4.0059
Src_reg_loss	: 0.0630
-------------------------------------
[Epoch : 38/500]
Total_loss	: 0.1023
MMD_loss	: 4.0152
Src_reg_loss	: 0.0621
-------------------------------------
[Epoch : 39/500]
Total_loss	: 0.1016
MMD_loss	: 4.0238
Src_reg_loss	: 0.0613
-------------------------------------
[Epoch : 40/500]
Total_loss	: 0.1009
MMD_loss	: 4.0318
Src_reg_loss	: 0.0606
-------------------------------------
[Epoch : 41/500]
Total_loss	: 0.1002
MMD_loss	: 4.0392
Src_reg_loss	: 0.0598
-------------------------------------
[Epoch : 42/500]
Total_loss	: 0.0996
MMD_loss	: 4.0459
Src_reg_loss	: 0.0591
-------------------------------------
[Epoch : 43/500]
Total_loss	: 0.0989
MMD_loss	: 4.0519
Src_reg_loss	: 0.0584
-------------------------------------
[Epoch : 44/500]
Total_loss	: 0.0983
MMD_loss	: 4.0574
Src_reg_loss	: 0.0578
-------------------------------------
[Epoch : 45/500]
Total_loss	: 0.0977
MMD_loss	: 4.0622
Src_reg_loss	: 0.0571
-------------------------------------
[Epoch : 46/500]
Total_loss	: 0.0972
MMD_loss	: 4.0665
Src_reg_loss	: 0.0565
-------------------------------------
[Epoch : 47/500]
Total_loss	: 0.0966
MMD_loss	: 4.0702
Src_reg_loss	: 0.0559
-------------------------------------
[Epoch : 48/500]
Total_loss	: 0.0961
MMD_loss	: 4.0733
Src_reg_loss	: 0.0553
-------------------------------------
[Epoch : 49/500]
Total_loss	: 0.0955
MMD_loss	: 4.0760
Src_reg_loss	: 0.0548
-------------------------------------
[Epoch : 50/500]
Total_loss	: 0.0950
MMD_loss	: 4.0781
Src_reg_loss	: 0.0542
-------------------------------------
[Epoch : 51/500]
Total_loss	: 0.0945
MMD_loss	: 4.0798
Src_reg_loss	: 0.0537
-------------------------------------
[Epoch : 52/500]
Total_loss	: 0.0940
MMD_loss	: 4.0809
Src_reg_loss	: 0.0532
-------------------------------------
[Epoch : 53/500]
Total_loss	: 0.0935
MMD_loss	: 4.0816
Src_reg_loss	: 0.0527
-------------------------------------
[Epoch : 54/500]
Total_loss	: 0.0931
MMD_loss	: 4.0818
Src_reg_loss	: 0.0522
-------------------------------------
[Epoch : 55/500]
Total_loss	: 0.0926
MMD_loss	: 4.0816
Src_reg_loss	: 0.0518
-------------------------------------
[Epoch : 56/500]
Total_loss	: 0.0922
MMD_loss	: 4.0808
Src_reg_loss	: 0.0513
-------------------------------------
[Epoch : 57/500]
Total_loss	: 0.0917
MMD_loss	: 4.0796
Src_reg_loss	: 0.0509
-------------------------------------
[Epoch : 58/500]
Total_loss	: 0.0913
MMD_loss	: 4.0778
Src_reg_loss	: 0.0505
-------------------------------------
[Epoch : 59/500]
Total_loss	: 0.0909
MMD_loss	: 4.0756
Src_reg_loss	: 0.0501
-------------------------------------
[Epoch : 60/500]
Total_loss	: 0.0904
MMD_loss	: 4.0729
Src_reg_loss	: 0.0497
-------------------------------------
[Epoch : 61/500]
Total_loss	: 0.0900
MMD_loss	: 4.0697
Src_reg_loss	: 0.0493
-------------------------------------
[Epoch : 62/500]
Total_loss	: 0.0896
MMD_loss	: 4.0659
Src_reg_loss	: 0.0490
-------------------------------------
[Epoch : 63/500]
Total_loss	: 0.0892
MMD_loss	: 4.0617
Src_reg_loss	: 0.0486
-------------------------------------
[Epoch : 64/500]
Total_loss	: 0.0888
MMD_loss	: 4.0570
Src_reg_loss	: 0.0483
-------------------------------------
[Epoch : 65/500]
Total_loss	: 0.0884
MMD_loss	: 4.0518
Src_reg_loss	: 0.0479
-------------------------------------
[Epoch : 66/500]
Total_loss	: 0.0880
MMD_loss	: 4.0461
Src_reg_loss	: 0.0476
-------------------------------------
[Epoch : 67/500]
Total_loss	: 0.0877
MMD_loss	: 4.0399
Src_reg_loss	: 0.0473
-------------------------------------
[Epoch : 68/500]
Total_loss	: 0.0873
MMD_loss	: 4.0333
Src_reg_loss	: 0.0469
-------------------------------------
[Epoch : 69/500]
Total_loss	: 0.0869
MMD_loss	: 4.0262
Src_reg_loss	: 0.0466
-------------------------------------
[Epoch : 70/500]
Total_loss	: 0.0865
MMD_loss	: 4.0187
Src_reg_loss	: 0.0463
-------------------------------------
[Epoch : 71/500]
Total_loss	: 0.0862
MMD_loss	: 4.0107
Src_reg_loss	: 0.0461
-------------------------------------
[Epoch : 72/500]
Total_loss	: 0.0858
MMD_loss	: 4.0023
Src_reg_loss	: 0.0458
-------------------------------------
[Epoch : 73/500]
Total_loss	: 0.0854
MMD_loss	: 3.9934
Src_reg_loss	: 0.0455
-------------------------------------
[Epoch : 74/500]
Total_loss	: 0.0851
MMD_loss	: 3.9842
Src_reg_loss	: 0.0452
-------------------------------------
[Epoch : 75/500]
Total_loss	: 0.0847
MMD_loss	: 3.9746
Src_reg_loss	: 0.0450
-------------------------------------
[Epoch : 76/500]
Total_loss	: 0.0843
MMD_loss	: 3.9645
Src_reg_loss	: 0.0447
-------------------------------------
[Epoch : 77/500]
Total_loss	: 0.0840
MMD_loss	: 3.9542
Src_reg_loss	: 0.0444
-------------------------------------
[Epoch : 78/500]
Total_loss	: 0.0836
MMD_loss	: 3.9434
Src_reg_loss	: 0.0442
-------------------------------------
[Epoch : 79/500]
Total_loss	: 0.0833
MMD_loss	: 3.9323
Src_reg_loss	: 0.0439
-------------------------------------
[Epoch : 80/500]
Total_loss	: 0.0829
MMD_loss	: 3.9209
Src_reg_loss	: 0.0437
-------------------------------------
[Epoch : 81/500]
Total_loss	: 0.0826
MMD_loss	: 3.9091
Src_reg_loss	: 0.0435
-------------------------------------
[Epoch : 82/500]
Total_loss	: 0.0822
MMD_loss	: 3.8971
Src_reg_loss	: 0.0432
-------------------------------------
[Epoch : 83/500]
Total_loss	: 0.0819
MMD_loss	: 3.8847
Src_reg_loss	: 0.0430
-------------------------------------
[Epoch : 84/500]
Total_loss	: 0.0815
MMD_loss	: 3.8721
Src_reg_loss	: 0.0428
-------------------------------------
[Epoch : 85/500]
Total_loss	: 0.0812
MMD_loss	: 3.8592
Src_reg_loss	: 0.0426
-------------------------------------
[Epoch : 86/500]
Total_loss	: 0.0808
MMD_loss	: 3.8461
Src_reg_loss	: 0.0424
-------------------------------------
[Epoch : 87/500]
Total_loss	: 0.0805
MMD_loss	: 3.8327
Src_reg_loss	: 0.0422
-------------------------------------
[Epoch : 88/500]
Total_loss	: 0.0801
MMD_loss	: 3.8192
Src_reg_loss	: 0.0419
-------------------------------------
[Epoch : 89/500]
Total_loss	: 0.0798
MMD_loss	: 3.8054
Src_reg_loss	: 0.0417
-------------------------------------
[Epoch : 90/500]
Total_loss	: 0.0795
MMD_loss	: 3.7916
Src_reg_loss	: 0.0415
-------------------------------------
[Epoch : 91/500]
Total_loss	: 0.0791
MMD_loss	: 3.7775
Src_reg_loss	: 0.0413
-------------------------------------
[Epoch : 92/500]
Total_loss	: 0.0788
MMD_loss	: 3.7634
Src_reg_loss	: 0.0412
-------------------------------------
[Epoch : 93/500]
Total_loss	: 0.0785
MMD_loss	: 3.7491
Src_reg_loss	: 0.0410
-------------------------------------
[Epoch : 94/500]
Total_loss	: 0.0781
MMD_loss	: 3.7348
Src_reg_loss	: 0.0408
-------------------------------------
[Epoch : 95/500]
Total_loss	: 0.0778
MMD_loss	: 3.7205
Src_reg_loss	: 0.0406
-------------------------------------
[Epoch : 96/500]
Total_loss	: 0.0775
MMD_loss	: 3.7061
Src_reg_loss	: 0.0404
-------------------------------------
[Epoch : 97/500]
Total_loss	: 0.0771
MMD_loss	: 3.6917
Src_reg_loss	: 0.0402
-------------------------------------
[Epoch : 98/500]
Total_loss	: 0.0768
MMD_loss	: 3.6773
Src_reg_loss	: 0.0401
-------------------------------------
[Epoch : 99/500]
Total_loss	: 0.0765
MMD_loss	: 3.6629
Src_reg_loss	: 0.0399
-------------------------------------
[Epoch : 100/500]
Total_loss	: 0.0762
MMD_loss	: 3.6486
Src_reg_loss	: 0.0397
-------------------------------------
[Epoch : 101/500]
Total_loss	: 0.0759
MMD_loss	: 3.6343
Src_reg_loss	: 0.0395
-------------------------------------
[Epoch : 102/500]
Total_loss	: 0.0756
MMD_loss	: 3.6201
Src_reg_loss	: 0.0394
-------------------------------------
[Epoch : 103/500]
Total_loss	: 0.0753
MMD_loss	: 3.6061
Src_reg_loss	: 0.0392
-------------------------------------
[Epoch : 104/500]
Total_loss	: 0.0750
MMD_loss	: 3.5921
Src_reg_loss	: 0.0390
-------------------------------------
[Epoch : 105/500]
Total_loss	: 0.0747
MMD_loss	: 3.5783
Src_reg_loss	: 0.0389
-------------------------------------
[Epoch : 106/500]
Total_loss	: 0.0744
MMD_loss	: 3.5647
Src_reg_loss	: 0.0387
-------------------------------------
[Epoch : 107/500]
Total_loss	: 0.0741
MMD_loss	: 3.5513
Src_reg_loss	: 0.0386
-------------------------------------
[Epoch : 108/500]
Total_loss	: 0.0738
MMD_loss	: 3.5381
Src_reg_loss	: 0.0384
-------------------------------------
[Epoch : 109/500]
Total_loss	: 0.0735
MMD_loss	: 3.5251
Src_reg_loss	: 0.0382
-------------------------------------
[Epoch : 110/500]
Total_loss	: 0.0732
MMD_loss	: 3.5124
Src_reg_loss	: 0.0381
-------------------------------------
[Epoch : 111/500]
Total_loss	: 0.0729
MMD_loss	: 3.5000
Src_reg_loss	: 0.0379
-------------------------------------
[Epoch : 112/500]
Total_loss	: 0.0727
MMD_loss	: 3.4878
Src_reg_loss	: 0.0378
-------------------------------------
[Epoch : 113/500]
Total_loss	: 0.0724
MMD_loss	: 3.4760
Src_reg_loss	: 0.0376
-------------------------------------
[Epoch : 114/500]
Total_loss	: 0.0721
MMD_loss	: 3.4644
Src_reg_loss	: 0.0375
-------------------------------------
[Epoch : 115/500]
Total_loss	: 0.0719
MMD_loss	: 3.4532
Src_reg_loss	: 0.0374
-------------------------------------
[Epoch : 116/500]
Total_loss	: 0.0716
MMD_loss	: 3.4423
Src_reg_loss	: 0.0372
-------------------------------------
[Epoch : 117/500]
Total_loss	: 0.0714
MMD_loss	: 3.4318
Src_reg_loss	: 0.0371
-------------------------------------
[Epoch : 118/500]
Total_loss	: 0.0711
MMD_loss	: 3.4216
Src_reg_loss	: 0.0369
-------------------------------------
[Epoch : 119/500]
Total_loss	: 0.0709
MMD_loss	: 3.4118
Src_reg_loss	: 0.0368
-------------------------------------
[Epoch : 120/500]
Total_loss	: 0.0707
MMD_loss	: 3.4024
Src_reg_loss	: 0.0367
-------------------------------------
[Epoch : 121/500]
Total_loss	: 0.0704
MMD_loss	: 3.3933
Src_reg_loss	: 0.0365
-------------------------------------
[Epoch : 122/500]
Total_loss	: 0.0702
MMD_loss	: 3.3846
Src_reg_loss	: 0.0364
-------------------------------------
[Epoch : 123/500]
Total_loss	: 0.0700
MMD_loss	: 3.3763
Src_reg_loss	: 0.0362
-------------------------------------
[Epoch : 124/500]
Total_loss	: 0.0698
MMD_loss	: 3.3684
Src_reg_loss	: 0.0361
-------------------------------------
[Epoch : 125/500]
Total_loss	: 0.0696
MMD_loss	: 3.3608
Src_reg_loss	: 0.0360
-------------------------------------
[Epoch : 126/500]
Total_loss	: 0.0694
MMD_loss	: 3.3536
Src_reg_loss	: 0.0359
-------------------------------------
[Epoch : 127/500]
Total_loss	: 0.0692
MMD_loss	: 3.3468
Src_reg_loss	: 0.0357
-------------------------------------
[Epoch : 128/500]
Total_loss	: 0.0690
MMD_loss	: 3.3403
Src_reg_loss	: 0.0356
-------------------------------------
[Epoch : 129/500]
Total_loss	: 0.0688
MMD_loss	: 3.3342
Src_reg_loss	: 0.0355
-------------------------------------
[Epoch : 130/500]
Total_loss	: 0.0686
MMD_loss	: 3.3285
Src_reg_loss	: 0.0353
-------------------------------------
[Epoch : 131/500]
Total_loss	: 0.0685
MMD_loss	: 3.3231
Src_reg_loss	: 0.0352
-------------------------------------
[Epoch : 132/500]
Total_loss	: 0.0683
MMD_loss	: 3.3180
Src_reg_loss	: 0.0351
-------------------------------------
[Epoch : 133/500]
Total_loss	: 0.0681
MMD_loss	: 3.3133
Src_reg_loss	: 0.0350
-------------------------------------
[Epoch : 134/500]
Total_loss	: 0.0679
MMD_loss	: 3.3090
Src_reg_loss	: 0.0349
-------------------------------------
[Epoch : 135/500]
Total_loss	: 0.0678
MMD_loss	: 3.3049
Src_reg_loss	: 0.0347
-------------------------------------
[Epoch : 136/500]
Total_loss	: 0.0676
MMD_loss	: 3.3012
Src_reg_loss	: 0.0346
-------------------------------------
[Epoch : 137/500]
Total_loss	: 0.0675
MMD_loss	: 3.2978
Src_reg_loss	: 0.0345
-------------------------------------
[Epoch : 138/500]
Total_loss	: 0.0673
MMD_loss	: 3.2946
Src_reg_loss	: 0.0344
-------------------------------------
[Epoch : 139/500]
Total_loss	: 0.0672
MMD_loss	: 3.2918
Src_reg_loss	: 0.0343
-------------------------------------
[Epoch : 140/500]
Total_loss	: 0.0670
MMD_loss	: 3.2893
Src_reg_loss	: 0.0342
-------------------------------------
[Epoch : 141/500]
Total_loss	: 0.0669
MMD_loss	: 3.2870
Src_reg_loss	: 0.0340
-------------------------------------
[Epoch : 142/500]
Total_loss	: 0.0668
MMD_loss	: 3.2850
Src_reg_loss	: 0.0339
-------------------------------------
[Epoch : 143/500]
Total_loss	: 0.0667
MMD_loss	: 3.2832
Src_reg_loss	: 0.0338
-------------------------------------
[Epoch : 144/500]
Total_loss	: 0.0665
MMD_loss	: 3.2817
Src_reg_loss	: 0.0337
-------------------------------------
[Epoch : 145/500]
Total_loss	: 0.0664
MMD_loss	: 3.2804
Src_reg_loss	: 0.0336
-------------------------------------
[Epoch : 146/500]
Total_loss	: 0.0663
MMD_loss	: 3.2793
Src_reg_loss	: 0.0335
-------------------------------------
[Epoch : 147/500]
Total_loss	: 0.0662
MMD_loss	: 3.2784
Src_reg_loss	: 0.0334
-------------------------------------
[Epoch : 148/500]
Total_loss	: 0.0661
MMD_loss	: 3.2777
Src_reg_loss	: 0.0333
-------------------------------------
[Epoch : 149/500]
Total_loss	: 0.0660
MMD_loss	: 3.2772
Src_reg_loss	: 0.0332
-------------------------------------
[Epoch : 150/500]
Total_loss	: 0.0658
MMD_loss	: 3.2769
Src_reg_loss	: 0.0331
-------------------------------------
[Epoch : 151/500]
Total_loss	: 0.0657
MMD_loss	: 3.2767
Src_reg_loss	: 0.0330
-------------------------------------
[Epoch : 152/500]
Total_loss	: 0.0656
MMD_loss	: 3.2767
Src_reg_loss	: 0.0329
-------------------------------------
[Epoch : 153/500]
Total_loss	: 0.0655
MMD_loss	: 3.2768
Src_reg_loss	: 0.0328
-------------------------------------
[Epoch : 154/500]
Total_loss	: 0.0654
MMD_loss	: 3.2771
Src_reg_loss	: 0.0327
-------------------------------------
[Epoch : 155/500]
Total_loss	: 0.0653
MMD_loss	: 3.2775
Src_reg_loss	: 0.0326
-------------------------------------
[Epoch : 156/500]
Total_loss	: 0.0653
MMD_loss	: 3.2781
Src_reg_loss	: 0.0325
-------------------------------------
[Epoch : 157/500]
Total_loss	: 0.0652
MMD_loss	: 3.2788
Src_reg_loss	: 0.0324
-------------------------------------
[Epoch : 158/500]
Total_loss	: 0.0651
MMD_loss	: 3.2795
Src_reg_loss	: 0.0323
-------------------------------------
[Epoch : 159/500]
Total_loss	: 0.0650
MMD_loss	: 3.2804
Src_reg_loss	: 0.0322
-------------------------------------
[Epoch : 160/500]
Total_loss	: 0.0649
MMD_loss	: 3.2814
Src_reg_loss	: 0.0321
-------------------------------------
[Epoch : 161/500]
Total_loss	: 0.0648
MMD_loss	: 3.2825
Src_reg_loss	: 0.0320
-------------------------------------
[Epoch : 162/500]
Total_loss	: 0.0647
MMD_loss	: 3.2836
Src_reg_loss	: 0.0319
-------------------------------------
[Epoch : 163/500]
Total_loss	: 0.0647
MMD_loss	: 3.2849
Src_reg_loss	: 0.0318
-------------------------------------
[Epoch : 164/500]
Total_loss	: 0.0646
MMD_loss	: 3.2862
Src_reg_loss	: 0.0317
-------------------------------------
[Epoch : 165/500]
Total_loss	: 0.0645
MMD_loss	: 3.2876
Src_reg_loss	: 0.0316
-------------------------------------
[Epoch : 166/500]
Total_loss	: 0.0644
MMD_loss	: 3.2890
Src_reg_loss	: 0.0315
-------------------------------------
[Epoch : 167/500]
Total_loss	: 0.0644
MMD_loss	: 3.2906
Src_reg_loss	: 0.0315
-------------------------------------
[Epoch : 168/500]
Total_loss	: 0.0643
MMD_loss	: 3.2921
Src_reg_loss	: 0.0314
-------------------------------------
[Epoch : 169/500]
Total_loss	: 0.0642
MMD_loss	: 3.2938
Src_reg_loss	: 0.0313
-------------------------------------
[Epoch : 170/500]
Total_loss	: 0.0641
MMD_loss	: 3.2954
Src_reg_loss	: 0.0312
-------------------------------------
[Epoch : 171/500]
Total_loss	: 0.0641
MMD_loss	: 3.2971
Src_reg_loss	: 0.0311
-------------------------------------
[Epoch : 172/500]
Total_loss	: 0.0640
MMD_loss	: 3.2989
Src_reg_loss	: 0.0310
-------------------------------------
[Epoch : 173/500]
Total_loss	: 0.0639
MMD_loss	: 3.3007
Src_reg_loss	: 0.0309
-------------------------------------
[Epoch : 174/500]
Total_loss	: 0.0639
MMD_loss	: 3.3025
Src_reg_loss	: 0.0309
-------------------------------------
[Epoch : 175/500]
Total_loss	: 0.0638
MMD_loss	: 3.3044
Src_reg_loss	: 0.0308
-------------------------------------
[Epoch : 176/500]
Total_loss	: 0.0638
MMD_loss	: 3.3063
Src_reg_loss	: 0.0307
-------------------------------------
[Epoch : 177/500]
Total_loss	: 0.0637
MMD_loss	: 3.3082
Src_reg_loss	: 0.0306
-------------------------------------
[Epoch : 178/500]
Total_loss	: 0.0636
MMD_loss	: 3.3101
Src_reg_loss	: 0.0305
-------------------------------------
[Epoch : 179/500]
Total_loss	: 0.0636
MMD_loss	: 3.3121
Src_reg_loss	: 0.0304
-------------------------------------
[Epoch : 180/500]
Total_loss	: 0.0635
MMD_loss	: 3.3141
Src_reg_loss	: 0.0304
-------------------------------------
[Epoch : 181/500]
Total_loss	: 0.0635
MMD_loss	: 3.3161
Src_reg_loss	: 0.0303
-------------------------------------
[Epoch : 182/500]
Total_loss	: 0.0634
MMD_loss	: 3.3181
Src_reg_loss	: 0.0302
-------------------------------------
[Epoch : 183/500]
Total_loss	: 0.0633
MMD_loss	: 3.3201
Src_reg_loss	: 0.0301
-------------------------------------
[Epoch : 184/500]
Total_loss	: 0.0633
MMD_loss	: 3.3222
Src_reg_loss	: 0.0301
-------------------------------------
[Epoch : 185/500]
Total_loss	: 0.0632
MMD_loss	: 3.3242
Src_reg_loss	: 0.0300
-------------------------------------
[Epoch : 186/500]
Total_loss	: 0.0632
MMD_loss	: 3.3263
Src_reg_loss	: 0.0299
-------------------------------------
[Epoch : 187/500]
Total_loss	: 0.0631
MMD_loss	: 3.3284
Src_reg_loss	: 0.0298
-------------------------------------
[Epoch : 188/500]
Total_loss	: 0.0631
MMD_loss	: 3.3305
Src_reg_loss	: 0.0298
-------------------------------------
[Epoch : 189/500]
Total_loss	: 0.0630
MMD_loss	: 3.3325
Src_reg_loss	: 0.0297
-------------------------------------
[Epoch : 190/500]
Total_loss	: 0.0630
MMD_loss	: 3.3346
Src_reg_loss	: 0.0296
-------------------------------------
[Epoch : 191/500]
Total_loss	: 0.0629
MMD_loss	: 3.3367
Src_reg_loss	: 0.0295
-------------------------------------
[Epoch : 192/500]
Total_loss	: 0.0629
MMD_loss	: 3.3388
Src_reg_loss	: 0.0295
-------------------------------------
[Epoch : 193/500]
Total_loss	: 0.0628
MMD_loss	: 3.3409
Src_reg_loss	: 0.0294
-------------------------------------
[Epoch : 194/500]
Total_loss	: 0.0628
MMD_loss	: 3.3429
Src_reg_loss	: 0.0293
-------------------------------------
[Epoch : 195/500]
Total_loss	: 0.0627
MMD_loss	: 3.3450
Src_reg_loss	: 0.0293
-------------------------------------
[Epoch : 196/500]
Total_loss	: 0.0627
MMD_loss	: 3.3471
Src_reg_loss	: 0.0292
-------------------------------------
[Epoch : 197/500]
Total_loss	: 0.0626
MMD_loss	: 3.3492
Src_reg_loss	: 0.0291
-------------------------------------
[Epoch : 198/500]
Total_loss	: 0.0626
MMD_loss	: 3.3512
Src_reg_loss	: 0.0290
-------------------------------------
[Epoch : 199/500]
Total_loss	: 0.0625
MMD_loss	: 3.3533
Src_reg_loss	: 0.0290
-------------------------------------
[Epoch : 200/500]
Total_loss	: 0.0625
MMD_loss	: 3.3553
Src_reg_loss	: 0.0289
-------------------------------------
[Epoch : 201/500]
Total_loss	: 0.0624
MMD_loss	: 3.3573
Src_reg_loss	: 0.0288
-------------------------------------
[Epoch : 202/500]
Total_loss	: 0.0624
MMD_loss	: 3.3594
Src_reg_loss	: 0.0288
-------------------------------------
[Epoch : 203/500]
Total_loss	: 0.0623
MMD_loss	: 3.3614
Src_reg_loss	: 0.0287
-------------------------------------
[Epoch : 204/500]
Total_loss	: 0.0623
MMD_loss	: 3.3634
Src_reg_loss	: 0.0286
-------------------------------------
[Epoch : 205/500]
Total_loss	: 0.0622
MMD_loss	: 3.3653
Src_reg_loss	: 0.0286
-------------------------------------
[Epoch : 206/500]
Total_loss	: 0.0622
MMD_loss	: 3.3673
Src_reg_loss	: 0.0285
-------------------------------------
[Epoch : 207/500]
Total_loss	: 0.0621
MMD_loss	: 3.3692
Src_reg_loss	: 0.0284
-------------------------------------
[Epoch : 208/500]
Total_loss	: 0.0621
MMD_loss	: 3.3712
Src_reg_loss	: 0.0284
-------------------------------------
[Epoch : 209/500]
Total_loss	: 0.0621
MMD_loss	: 3.3731
Src_reg_loss	: 0.0283
-------------------------------------
[Epoch : 210/500]
Total_loss	: 0.0620
MMD_loss	: 3.3750
Src_reg_loss	: 0.0283
-------------------------------------
[Epoch : 211/500]
Total_loss	: 0.0620
MMD_loss	: 3.3769
Src_reg_loss	: 0.0282
-------------------------------------
[Epoch : 212/500]
Total_loss	: 0.0619
MMD_loss	: 3.3787
Src_reg_loss	: 0.0281
-------------------------------------
[Epoch : 213/500]
Total_loss	: 0.0619
MMD_loss	: 3.3805
Src_reg_loss	: 0.0281
-------------------------------------
[Epoch : 214/500]
Total_loss	: 0.0618
MMD_loss	: 3.3824
Src_reg_loss	: 0.0280
-------------------------------------
[Epoch : 215/500]
Total_loss	: 0.0618
MMD_loss	: 3.3842
Src_reg_loss	: 0.0279
-------------------------------------
[Epoch : 216/500]
Total_loss	: 0.0617
MMD_loss	: 3.3859
Src_reg_loss	: 0.0279
-------------------------------------
[Epoch : 217/500]
Total_loss	: 0.0617
MMD_loss	: 3.3877
Src_reg_loss	: 0.0278
-------------------------------------
[Epoch : 218/500]
Total_loss	: 0.0617
MMD_loss	: 3.3894
Src_reg_loss	: 0.0278
-------------------------------------
[Epoch : 219/500]
Total_loss	: 0.0616
MMD_loss	: 3.3911
Src_reg_loss	: 0.0277
-------------------------------------
[Epoch : 220/500]
Total_loss	: 0.0616
MMD_loss	: 3.3928
Src_reg_loss	: 0.0276
-------------------------------------
[Epoch : 221/500]
Total_loss	: 0.0615
MMD_loss	: 3.3944
Src_reg_loss	: 0.0276
-------------------------------------
[Epoch : 222/500]
Total_loss	: 0.0615
MMD_loss	: 3.3960
Src_reg_loss	: 0.0275
-------------------------------------
[Epoch : 223/500]
Total_loss	: 0.0614
MMD_loss	: 3.3976
Src_reg_loss	: 0.0275
-------------------------------------
[Epoch : 224/500]
Total_loss	: 0.0614
MMD_loss	: 3.3992
Src_reg_loss	: 0.0274
-------------------------------------
[Epoch : 225/500]
Total_loss	: 0.0614
MMD_loss	: 3.4007
Src_reg_loss	: 0.0274
-------------------------------------
[Epoch : 226/500]
Total_loss	: 0.0613
MMD_loss	: 3.4022
Src_reg_loss	: 0.0273
-------------------------------------
[Epoch : 227/500]
Total_loss	: 0.0613
MMD_loss	: 3.4037
Src_reg_loss	: 0.0272
-------------------------------------
[Epoch : 228/500]
Total_loss	: 0.0612
MMD_loss	: 3.4051
Src_reg_loss	: 0.0272
-------------------------------------
[Epoch : 229/500]
Total_loss	: 0.0612
MMD_loss	: 3.4065
Src_reg_loss	: 0.0271
-------------------------------------
[Epoch : 230/500]
Total_loss	: 0.0611
MMD_loss	: 3.4079
Src_reg_loss	: 0.0271
-------------------------------------
[Epoch : 231/500]
Total_loss	: 0.0611
MMD_loss	: 3.4092
Src_reg_loss	: 0.0270
-------------------------------------
[Epoch : 232/500]
Total_loss	: 0.0611
MMD_loss	: 3.4105
Src_reg_loss	: 0.0270
-------------------------------------
[Epoch : 233/500]
Total_loss	: 0.0610
MMD_loss	: 3.4118
Src_reg_loss	: 0.0269
-------------------------------------
[Epoch : 234/500]
Total_loss	: 0.0610
MMD_loss	: 3.4130
Src_reg_loss	: 0.0268
-------------------------------------
[Epoch : 235/500]
Total_loss	: 0.0609
MMD_loss	: 3.4142
Src_reg_loss	: 0.0268
-------------------------------------
[Epoch : 236/500]
Total_loss	: 0.0609
MMD_loss	: 3.4154
Src_reg_loss	: 0.0267
-------------------------------------
[Epoch : 237/500]
Total_loss	: 0.0609
MMD_loss	: 3.4165
Src_reg_loss	: 0.0267
-------------------------------------
[Epoch : 238/500]
Total_loss	: 0.0608
MMD_loss	: 3.4176
Src_reg_loss	: 0.0266
-------------------------------------
[Epoch : 239/500]
Total_loss	: 0.0608
MMD_loss	: 3.4187
Src_reg_loss	: 0.0266
-------------------------------------
[Epoch : 240/500]
Total_loss	: 0.0607
MMD_loss	: 3.4197
Src_reg_loss	: 0.0265
-------------------------------------
[Epoch : 241/500]
Total_loss	: 0.0607
MMD_loss	: 3.4207
Src_reg_loss	: 0.0265
-------------------------------------
[Epoch : 242/500]
Total_loss	: 0.0606
MMD_loss	: 3.4216
Src_reg_loss	: 0.0264
-------------------------------------
[Epoch : 243/500]
Total_loss	: 0.0606
MMD_loss	: 3.4225
Src_reg_loss	: 0.0264
-------------------------------------
[Epoch : 244/500]
Total_loss	: 0.0606
MMD_loss	: 3.4234
Src_reg_loss	: 0.0263
-------------------------------------
[Epoch : 245/500]
Total_loss	: 0.0605
MMD_loss	: 3.4242
Src_reg_loss	: 0.0263
-------------------------------------
[Epoch : 246/500]
Total_loss	: 0.0605
MMD_loss	: 3.4250
Src_reg_loss	: 0.0262
-------------------------------------
[Epoch : 247/500]
Total_loss	: 0.0604
MMD_loss	: 3.4258
Src_reg_loss	: 0.0262
-------------------------------------
[Epoch : 248/500]
Total_loss	: 0.0604
MMD_loss	: 3.4265
Src_reg_loss	: 0.0261
-------------------------------------
[Epoch : 249/500]
Total_loss	: 0.0603
MMD_loss	: 3.4271
Src_reg_loss	: 0.0261
-------------------------------------
[Epoch : 250/500]
Total_loss	: 0.0603
MMD_loss	: 3.4278
Src_reg_loss	: 0.0260
-------------------------------------
[Epoch : 251/500]
Total_loss	: 0.0602
MMD_loss	: 3.4283
Src_reg_loss	: 0.0260
-------------------------------------
[Epoch : 252/500]
Total_loss	: 0.0602
MMD_loss	: 3.4289
Src_reg_loss	: 0.0259
-------------------------------------
[Epoch : 253/500]
Total_loss	: 0.0602
MMD_loss	: 3.4294
Src_reg_loss	: 0.0259
-------------------------------------
[Epoch : 254/500]
Total_loss	: 0.0601
MMD_loss	: 3.4298
Src_reg_loss	: 0.0258
-------------------------------------
[Epoch : 255/500]
Total_loss	: 0.0601
MMD_loss	: 3.4303
Src_reg_loss	: 0.0258
-------------------------------------
[Epoch : 256/500]
Total_loss	: 0.0600
MMD_loss	: 3.4306
Src_reg_loss	: 0.0257
-------------------------------------
[Epoch : 257/500]
Total_loss	: 0.0600
MMD_loss	: 3.4310
Src_reg_loss	: 0.0257
-------------------------------------
[Epoch : 258/500]
Total_loss	: 0.0599
MMD_loss	: 3.4313
Src_reg_loss	: 0.0256
-------------------------------------
[Epoch : 259/500]
Total_loss	: 0.0599
MMD_loss	: 3.4315
Src_reg_loss	: 0.0256
-------------------------------------
[Epoch : 260/500]
Total_loss	: 0.0598
MMD_loss	: 3.4317
Src_reg_loss	: 0.0255
-------------------------------------
[Epoch : 261/500]
Total_loss	: 0.0598
MMD_loss	: 3.4319
Src_reg_loss	: 0.0255
-------------------------------------
[Epoch : 262/500]
Total_loss	: 0.0598
MMD_loss	: 3.4320
Src_reg_loss	: 0.0254
-------------------------------------
[Epoch : 263/500]
Total_loss	: 0.0597
MMD_loss	: 3.4321
Src_reg_loss	: 0.0254
-------------------------------------
[Epoch : 264/500]
Total_loss	: 0.0597
MMD_loss	: 3.4321
Src_reg_loss	: 0.0253
-------------------------------------
[Epoch : 265/500]
Total_loss	: 0.0596
MMD_loss	: 3.4321
Src_reg_loss	: 0.0253
-------------------------------------
[Epoch : 266/500]
Total_loss	: 0.0596
MMD_loss	: 3.4320
Src_reg_loss	: 0.0253
-------------------------------------
[Epoch : 267/500]
Total_loss	: 0.0595
MMD_loss	: 3.4319
Src_reg_loss	: 0.0252
-------------------------------------
[Epoch : 268/500]
Total_loss	: 0.0595
MMD_loss	: 3.4317
Src_reg_loss	: 0.0252
-------------------------------------
[Epoch : 269/500]
Total_loss	: 0.0594
MMD_loss	: 3.4315
Src_reg_loss	: 0.0251
-------------------------------------
[Epoch : 270/500]
Total_loss	: 0.0594
MMD_loss	: 3.4313
Src_reg_loss	: 0.0251
-------------------------------------
[Epoch : 271/500]
Total_loss	: 0.0593
MMD_loss	: 3.4310
Src_reg_loss	: 0.0250
-------------------------------------
[Epoch : 272/500]
Total_loss	: 0.0593
MMD_loss	: 3.4307
Src_reg_loss	: 0.0250
-------------------------------------
[Epoch : 273/500]
Total_loss	: 0.0592
MMD_loss	: 3.4303
Src_reg_loss	: 0.0249
-------------------------------------
[Epoch : 274/500]
Total_loss	: 0.0592
MMD_loss	: 3.4298
Src_reg_loss	: 0.0249
-------------------------------------
[Epoch : 275/500]
Total_loss	: 0.0591
MMD_loss	: 3.4294
Src_reg_loss	: 0.0248
-------------------------------------
[Epoch : 276/500]
Total_loss	: 0.0591
MMD_loss	: 3.4288
Src_reg_loss	: 0.0248
-------------------------------------
[Epoch : 277/500]
Total_loss	: 0.0590
MMD_loss	: 3.4283
Src_reg_loss	: 0.0248
-------------------------------------
[Epoch : 278/500]
Total_loss	: 0.0590
MMD_loss	: 3.4276
Src_reg_loss	: 0.0247
-------------------------------------
[Epoch : 279/500]
Total_loss	: 0.0589
MMD_loss	: 3.4270
Src_reg_loss	: 0.0247
-------------------------------------
[Epoch : 280/500]
Total_loss	: 0.0589
MMD_loss	: 3.4263
Src_reg_loss	: 0.0246
-------------------------------------
[Epoch : 281/500]
Total_loss	: 0.0588
MMD_loss	: 3.4255
Src_reg_loss	: 0.0246
-------------------------------------
[Epoch : 282/500]
Total_loss	: 0.0588
MMD_loss	: 3.4247
Src_reg_loss	: 0.0245
-------------------------------------
[Epoch : 283/500]
Total_loss	: 0.0587
MMD_loss	: 3.4238
Src_reg_loss	: 0.0245
-------------------------------------
[Epoch : 284/500]
Total_loss	: 0.0587
MMD_loss	: 3.4229
Src_reg_loss	: 0.0245
-------------------------------------
[Epoch : 285/500]
Total_loss	: 0.0586
MMD_loss	: 3.4220
Src_reg_loss	: 0.0244
-------------------------------------
[Epoch : 286/500]
Total_loss	: 0.0586
MMD_loss	: 3.4210
Src_reg_loss	: 0.0244
-------------------------------------
[Epoch : 287/500]
Total_loss	: 0.0585
MMD_loss	: 3.4199
Src_reg_loss	: 0.0243
-------------------------------------
[Epoch : 288/500]
Total_loss	: 0.0585
MMD_loss	: 3.4189
Src_reg_loss	: 0.0243
-------------------------------------
[Epoch : 289/500]
Total_loss	: 0.0584
MMD_loss	: 3.4177
Src_reg_loss	: 0.0242
-------------------------------------
[Epoch : 290/500]
Total_loss	: 0.0584
MMD_loss	: 3.4165
Src_reg_loss	: 0.0242
-------------------------------------
[Epoch : 291/500]
Total_loss	: 0.0583
MMD_loss	: 3.4153
Src_reg_loss	: 0.0242
-------------------------------------
[Epoch : 292/500]
Total_loss	: 0.0583
MMD_loss	: 3.4140
Src_reg_loss	: 0.0241
-------------------------------------
[Epoch : 293/500]
Total_loss	: 0.0582
MMD_loss	: 3.4127
Src_reg_loss	: 0.0241
-------------------------------------
[Epoch : 294/500]
Total_loss	: 0.0582
MMD_loss	: 3.4114
Src_reg_loss	: 0.0240
-------------------------------------
[Epoch : 295/500]
Total_loss	: 0.0581
MMD_loss	: 3.4100
Src_reg_loss	: 0.0240
-------------------------------------
[Epoch : 296/500]
Total_loss	: 0.0580
MMD_loss	: 3.4085
Src_reg_loss	: 0.0240
-------------------------------------
[Epoch : 297/500]
Total_loss	: 0.0580
MMD_loss	: 3.4070
Src_reg_loss	: 0.0239
-------------------------------------
[Epoch : 298/500]
Total_loss	: 0.0579
MMD_loss	: 3.4055
Src_reg_loss	: 0.0239
-------------------------------------
[Epoch : 299/500]
Total_loss	: 0.0579
MMD_loss	: 3.4039
Src_reg_loss	: 0.0238
-------------------------------------
[Epoch : 300/500]
Total_loss	: 0.0578
MMD_loss	: 3.4023
Src_reg_loss	: 0.0238
-------------------------------------
[Epoch : 301/500]
Total_loss	: 0.0578
MMD_loss	: 3.4007
Src_reg_loss	: 0.0238
-------------------------------------
[Epoch : 302/500]
Total_loss	: 0.0577
MMD_loss	: 3.3989
Src_reg_loss	: 0.0237
-------------------------------------
[Epoch : 303/500]
Total_loss	: 0.0577
MMD_loss	: 3.3972
Src_reg_loss	: 0.0237
-------------------------------------
[Epoch : 304/500]
Total_loss	: 0.0576
MMD_loss	: 3.3954
Src_reg_loss	: 0.0236
-------------------------------------
[Epoch : 305/500]
Total_loss	: 0.0575
MMD_loss	: 3.3936
Src_reg_loss	: 0.0236
-------------------------------------
[Epoch : 306/500]
Total_loss	: 0.0575
MMD_loss	: 3.3917
Src_reg_loss	: 0.0236
-------------------------------------
[Epoch : 307/500]
Total_loss	: 0.0574
MMD_loss	: 3.3898
Src_reg_loss	: 0.0235
-------------------------------------
[Epoch : 308/500]
Total_loss	: 0.0574
MMD_loss	: 3.3878
Src_reg_loss	: 0.0235
-------------------------------------
[Epoch : 309/500]
Total_loss	: 0.0573
MMD_loss	: 3.3859
Src_reg_loss	: 0.0235
-------------------------------------
[Epoch : 310/500]
Total_loss	: 0.0573
MMD_loss	: 3.3838
Src_reg_loss	: 0.0234
-------------------------------------
[Epoch : 311/500]
Total_loss	: 0.0572
MMD_loss	: 3.3818
Src_reg_loss	: 0.0234
-------------------------------------
[Epoch : 312/500]
Total_loss	: 0.0571
MMD_loss	: 3.3797
Src_reg_loss	: 0.0233
-------------------------------------
[Epoch : 313/500]
Total_loss	: 0.0571
MMD_loss	: 3.3775
Src_reg_loss	: 0.0233
-------------------------------------
[Epoch : 314/500]
Total_loss	: 0.0570
MMD_loss	: 3.3753
Src_reg_loss	: 0.0233
-------------------------------------
[Epoch : 315/500]
Total_loss	: 0.0570
MMD_loss	: 3.3731
Src_reg_loss	: 0.0232
-------------------------------------
[Epoch : 316/500]
Total_loss	: 0.0569
MMD_loss	: 3.3709
Src_reg_loss	: 0.0232
-------------------------------------
[Epoch : 317/500]
Total_loss	: 0.0568
MMD_loss	: 3.3686
Src_reg_loss	: 0.0232
-------------------------------------
[Epoch : 318/500]
Total_loss	: 0.0568
MMD_loss	: 3.3662
Src_reg_loss	: 0.0231
-------------------------------------
[Epoch : 319/500]
Total_loss	: 0.0567
MMD_loss	: 3.3639
Src_reg_loss	: 0.0231
-------------------------------------
[Epoch : 320/500]
Total_loss	: 0.0567
MMD_loss	: 3.3615
Src_reg_loss	: 0.0231
-------------------------------------
[Epoch : 321/500]
Total_loss	: 0.0566
MMD_loss	: 3.3590
Src_reg_loss	: 0.0230
-------------------------------------
[Epoch : 322/500]
Total_loss	: 0.0565
MMD_loss	: 3.3566
Src_reg_loss	: 0.0230
-------------------------------------
[Epoch : 323/500]
Total_loss	: 0.0565
MMD_loss	: 3.3541
Src_reg_loss	: 0.0229
-------------------------------------
[Epoch : 324/500]
Total_loss	: 0.0564
MMD_loss	: 3.3515
Src_reg_loss	: 0.0229
-------------------------------------
[Epoch : 325/500]
Total_loss	: 0.0564
MMD_loss	: 3.3490
Src_reg_loss	: 0.0229
-------------------------------------
[Epoch : 326/500]
Total_loss	: 0.0563
MMD_loss	: 3.3464
Src_reg_loss	: 0.0228
-------------------------------------
[Epoch : 327/500]
Total_loss	: 0.0562
MMD_loss	: 3.3437
Src_reg_loss	: 0.0228
-------------------------------------
[Epoch : 328/500]
Total_loss	: 0.0562
MMD_loss	: 3.3411
Src_reg_loss	: 0.0228
-------------------------------------
[Epoch : 329/500]
Total_loss	: 0.0561
MMD_loss	: 3.3384
Src_reg_loss	: 0.0227
-------------------------------------
[Epoch : 330/500]
Total_loss	: 0.0561
MMD_loss	: 3.3357
Src_reg_loss	: 0.0227
-------------------------------------
[Epoch : 331/500]
Total_loss	: 0.0560
MMD_loss	: 3.3329
Src_reg_loss	: 0.0227
-------------------------------------
[Epoch : 332/500]
Total_loss	: 0.0559
MMD_loss	: 3.3302
Src_reg_loss	: 0.0226
-------------------------------------
[Epoch : 333/500]
Total_loss	: 0.0559
MMD_loss	: 3.3274
Src_reg_loss	: 0.0226
-------------------------------------
[Epoch : 334/500]
Total_loss	: 0.0558
MMD_loss	: 3.3246
Src_reg_loss	: 0.0226
-------------------------------------
[Epoch : 335/500]
Total_loss	: 0.0557
MMD_loss	: 3.3217
Src_reg_loss	: 0.0225
-------------------------------------
[Epoch : 336/500]
Total_loss	: 0.0557
MMD_loss	: 3.3188
Src_reg_loss	: 0.0225
-------------------------------------
[Epoch : 337/500]
Total_loss	: 0.0556
MMD_loss	: 3.3159
Src_reg_loss	: 0.0225
-------------------------------------
[Epoch : 338/500]
Total_loss	: 0.0556
MMD_loss	: 3.3130
Src_reg_loss	: 0.0224
-------------------------------------
[Epoch : 339/500]
Total_loss	: 0.0555
MMD_loss	: 3.3101
Src_reg_loss	: 0.0224
-------------------------------------
[Epoch : 340/500]
Total_loss	: 0.0554
MMD_loss	: 3.3071
Src_reg_loss	: 0.0224
-------------------------------------
[Epoch : 341/500]
Total_loss	: 0.0554
MMD_loss	: 3.3041
Src_reg_loss	: 0.0223
-------------------------------------
[Epoch : 342/500]
Total_loss	: 0.0553
MMD_loss	: 3.3011
Src_reg_loss	: 0.0223
-------------------------------------
[Epoch : 343/500]
Total_loss	: 0.0552
MMD_loss	: 3.2981
Src_reg_loss	: 0.0223
-------------------------------------
[Epoch : 344/500]
Total_loss	: 0.0552
MMD_loss	: 3.2950
Src_reg_loss	: 0.0222
-------------------------------------
[Epoch : 345/500]
Total_loss	: 0.0551
MMD_loss	: 3.2919
Src_reg_loss	: 0.0222
-------------------------------------
[Epoch : 346/500]
Total_loss	: 0.0550
MMD_loss	: 3.2888
Src_reg_loss	: 0.0222
-------------------------------------
[Epoch : 347/500]
Total_loss	: 0.0550
MMD_loss	: 3.2857
Src_reg_loss	: 0.0221
-------------------------------------
[Epoch : 348/500]
Total_loss	: 0.0549
MMD_loss	: 3.2826
Src_reg_loss	: 0.0221
-------------------------------------
[Epoch : 349/500]
Total_loss	: 0.0549
MMD_loss	: 3.2795
Src_reg_loss	: 0.0221
-------------------------------------
[Epoch : 350/500]
Total_loss	: 0.0548
MMD_loss	: 3.2763
Src_reg_loss	: 0.0220
-------------------------------------
[Epoch : 351/500]
Total_loss	: 0.0547
MMD_loss	: 3.2731
Src_reg_loss	: 0.0220
-------------------------------------
[Epoch : 352/500]
Total_loss	: 0.0547
MMD_loss	: 3.2699
Src_reg_loss	: 0.0220
-------------------------------------
[Epoch : 353/500]
Total_loss	: 0.0546
MMD_loss	: 3.2667
Src_reg_loss	: 0.0219
-------------------------------------
[Epoch : 354/500]
Total_loss	: 0.0545
MMD_loss	: 3.2635
Src_reg_loss	: 0.0219
-------------------------------------
[Epoch : 355/500]
Total_loss	: 0.0545
MMD_loss	: 3.2603
Src_reg_loss	: 0.0219
-------------------------------------
[Epoch : 356/500]
Total_loss	: 0.0544
MMD_loss	: 3.2570
Src_reg_loss	: 0.0218
-------------------------------------
[Epoch : 357/500]
Total_loss	: 0.0543
MMD_loss	: 3.2538
Src_reg_loss	: 0.0218
-------------------------------------
[Epoch : 358/500]
Total_loss	: 0.0543
MMD_loss	: 3.2505
Src_reg_loss	: 0.0218
-------------------------------------
[Epoch : 359/500]
Total_loss	: 0.0542
MMD_loss	: 3.2472
Src_reg_loss	: 0.0217
-------------------------------------
[Epoch : 360/500]
Total_loss	: 0.0542
MMD_loss	: 3.2439
Src_reg_loss	: 0.0217
-------------------------------------
[Epoch : 361/500]
Total_loss	: 0.0541
MMD_loss	: 3.2406
Src_reg_loss	: 0.0217
-------------------------------------
[Epoch : 362/500]
Total_loss	: 0.0540
MMD_loss	: 3.2373
Src_reg_loss	: 0.0217
-------------------------------------
[Epoch : 363/500]
Total_loss	: 0.0540
MMD_loss	: 3.2340
Src_reg_loss	: 0.0216
-------------------------------------
[Epoch : 364/500]
Total_loss	: 0.0539
MMD_loss	: 3.2307
Src_reg_loss	: 0.0216
-------------------------------------
[Epoch : 365/500]
Total_loss	: 0.0538
MMD_loss	: 3.2273
Src_reg_loss	: 0.0216
-------------------------------------
[Epoch : 366/500]
Total_loss	: 0.0538
MMD_loss	: 3.2240
Src_reg_loss	: 0.0215
-------------------------------------
[Epoch : 367/500]
Total_loss	: 0.0537
MMD_loss	: 3.2206
Src_reg_loss	: 0.0215
-------------------------------------
[Epoch : 368/500]
Total_loss	: 0.0536
MMD_loss	: 3.2173
Src_reg_loss	: 0.0215
-------------------------------------
[Epoch : 369/500]
Total_loss	: 0.0536
MMD_loss	: 3.2139
Src_reg_loss	: 0.0214
-------------------------------------
[Epoch : 370/500]
Total_loss	: 0.0535
MMD_loss	: 3.2106
Src_reg_loss	: 0.0214
-------------------------------------
[Epoch : 371/500]
Total_loss	: 0.0535
MMD_loss	: 3.2072
Src_reg_loss	: 0.0214
-------------------------------------
[Epoch : 372/500]
Total_loss	: 0.0534
MMD_loss	: 3.2038
Src_reg_loss	: 0.0214
-------------------------------------
[Epoch : 373/500]
Total_loss	: 0.0533
MMD_loss	: 3.2005
Src_reg_loss	: 0.0213
-------------------------------------
[Epoch : 374/500]
Total_loss	: 0.0533
MMD_loss	: 3.1971
Src_reg_loss	: 0.0213
-------------------------------------
[Epoch : 375/500]
Total_loss	: 0.0532
MMD_loss	: 3.1937
Src_reg_loss	: 0.0213
-------------------------------------
[Epoch : 376/500]
Total_loss	: 0.0531
MMD_loss	: 3.1903
Src_reg_loss	: 0.0212
-------------------------------------
[Epoch : 377/500]
Total_loss	: 0.0531
MMD_loss	: 3.1869
Src_reg_loss	: 0.0212
-------------------------------------
[Epoch : 378/500]
Total_loss	: 0.0530
MMD_loss	: 3.1835
Src_reg_loss	: 0.0212
-------------------------------------
[Epoch : 379/500]
Total_loss	: 0.0530
MMD_loss	: 3.1802
Src_reg_loss	: 0.0212
-------------------------------------
[Epoch : 380/500]
Total_loss	: 0.0529
MMD_loss	: 3.1768
Src_reg_loss	: 0.0211
-------------------------------------
[Epoch : 381/500]
Total_loss	: 0.0528
MMD_loss	: 3.1734
Src_reg_loss	: 0.0211
-------------------------------------
[Epoch : 382/500]
Total_loss	: 0.0528
MMD_loss	: 3.1700
Src_reg_loss	: 0.0211
-------------------------------------
[Epoch : 383/500]
Total_loss	: 0.0527
MMD_loss	: 3.1666
Src_reg_loss	: 0.0210
-------------------------------------
[Epoch : 384/500]
Total_loss	: 0.0526
MMD_loss	: 3.1632
Src_reg_loss	: 0.0210
-------------------------------------
[Epoch : 385/500]
Total_loss	: 0.0526
MMD_loss	: 3.1598
Src_reg_loss	: 0.0210
-------------------------------------
[Epoch : 386/500]
Total_loss	: 0.0525
MMD_loss	: 3.1564
Src_reg_loss	: 0.0210
-------------------------------------
[Epoch : 387/500]
Total_loss	: 0.0525
MMD_loss	: 3.1531
Src_reg_loss	: 0.0209
-------------------------------------
[Epoch : 388/500]
Total_loss	: 0.0524
MMD_loss	: 3.1497
Src_reg_loss	: 0.0209
-------------------------------------
[Epoch : 389/500]
Total_loss	: 0.0523
MMD_loss	: 3.1463
Src_reg_loss	: 0.0209
-------------------------------------
[Epoch : 390/500]
Total_loss	: 0.0523
MMD_loss	: 3.1429
Src_reg_loss	: 0.0208
-------------------------------------
[Epoch : 391/500]
Total_loss	: 0.0522
MMD_loss	: 3.1396
Src_reg_loss	: 0.0208
-------------------------------------
[Epoch : 392/500]
Total_loss	: 0.0522
MMD_loss	: 3.1362
Src_reg_loss	: 0.0208
-------------------------------------
[Epoch : 393/500]
Total_loss	: 0.0521
MMD_loss	: 3.1328
Src_reg_loss	: 0.0208
-------------------------------------
[Epoch : 394/500]
Total_loss	: 0.0520
MMD_loss	: 3.1295
Src_reg_loss	: 0.0207
-------------------------------------
[Epoch : 395/500]
Total_loss	: 0.0520
MMD_loss	: 3.1261
Src_reg_loss	: 0.0207
-------------------------------------
[Epoch : 396/500]
Total_loss	: 0.0519
MMD_loss	: 3.1228
Src_reg_loss	: 0.0207
-------------------------------------
[Epoch : 397/500]
Total_loss	: 0.0519
MMD_loss	: 3.1195
Src_reg_loss	: 0.0207
-------------------------------------
[Epoch : 398/500]
Total_loss	: 0.0518
MMD_loss	: 3.1161
Src_reg_loss	: 0.0206
-------------------------------------
[Epoch : 399/500]
Total_loss	: 0.0517
MMD_loss	: 3.1128
Src_reg_loss	: 0.0206
-------------------------------------
[Epoch : 400/500]
Total_loss	: 0.0517
MMD_loss	: 3.1095
Src_reg_loss	: 0.0206
-------------------------------------
[Epoch : 401/500]
Total_loss	: 0.0516
MMD_loss	: 3.1062
Src_reg_loss	: 0.0206
-------------------------------------
[Epoch : 402/500]
Total_loss	: 0.0516
MMD_loss	: 3.1029
Src_reg_loss	: 0.0205
-------------------------------------
[Epoch : 403/500]
Total_loss	: 0.0515
MMD_loss	: 3.0996
Src_reg_loss	: 0.0205
-------------------------------------
[Epoch : 404/500]
Total_loss	: 0.0514
MMD_loss	: 3.0963
Src_reg_loss	: 0.0205
-------------------------------------
[Epoch : 405/500]
Total_loss	: 0.0514
MMD_loss	: 3.0931
Src_reg_loss	: 0.0204
-------------------------------------
[Epoch : 406/500]
Total_loss	: 0.0513
MMD_loss	: 3.0898
Src_reg_loss	: 0.0204
-------------------------------------
[Epoch : 407/500]
Total_loss	: 0.0513
MMD_loss	: 3.0865
Src_reg_loss	: 0.0204
-------------------------------------
[Epoch : 408/500]
Total_loss	: 0.0512
MMD_loss	: 3.0833
Src_reg_loss	: 0.0204
-------------------------------------
[Epoch : 409/500]
Total_loss	: 0.0511
MMD_loss	: 3.0800
Src_reg_loss	: 0.0203
-------------------------------------
[Epoch : 410/500]
Total_loss	: 0.0511
MMD_loss	: 3.0768
Src_reg_loss	: 0.0203
-------------------------------------
[Epoch : 411/500]
Total_loss	: 0.0510
MMD_loss	: 3.0736
Src_reg_loss	: 0.0203
-------------------------------------
[Epoch : 412/500]
Total_loss	: 0.0510
MMD_loss	: 3.0704
Src_reg_loss	: 0.0203
-------------------------------------
[Epoch : 413/500]
Total_loss	: 0.0509
MMD_loss	: 3.0672
Src_reg_loss	: 0.0202
-------------------------------------
[Epoch : 414/500]
Total_loss	: 0.0509
MMD_loss	: 3.0640
Src_reg_loss	: 0.0202
-------------------------------------
[Epoch : 415/500]
Total_loss	: 0.0508
MMD_loss	: 3.0608
Src_reg_loss	: 0.0202
-------------------------------------
[Epoch : 416/500]
Total_loss	: 0.0507
MMD_loss	: 3.0577
Src_reg_loss	: 0.0202
-------------------------------------
[Epoch : 417/500]
Total_loss	: 0.0507
MMD_loss	: 3.0545
Src_reg_loss	: 0.0201
-------------------------------------
[Epoch : 418/500]
Total_loss	: 0.0506
MMD_loss	: 3.0514
Src_reg_loss	: 0.0201
-------------------------------------
[Epoch : 419/500]
Total_loss	: 0.0506
MMD_loss	: 3.0482
Src_reg_loss	: 0.0201
-------------------------------------
[Epoch : 420/500]
Total_loss	: 0.0505
MMD_loss	: 3.0451
Src_reg_loss	: 0.0201
-------------------------------------
[Epoch : 421/500]
Total_loss	: 0.0505
MMD_loss	: 3.0420
Src_reg_loss	: 0.0200
-------------------------------------
[Epoch : 422/500]
Total_loss	: 0.0504
MMD_loss	: 3.0389
Src_reg_loss	: 0.0200
-------------------------------------
[Epoch : 423/500]
Total_loss	: 0.0504
MMD_loss	: 3.0358
Src_reg_loss	: 0.0200
-------------------------------------
[Epoch : 424/500]
Total_loss	: 0.0503
MMD_loss	: 3.0327
Src_reg_loss	: 0.0200
-------------------------------------
[Epoch : 425/500]
Total_loss	: 0.0502
MMD_loss	: 3.0297
Src_reg_loss	: 0.0200
-------------------------------------
[Epoch : 426/500]
Total_loss	: 0.0502
MMD_loss	: 3.0266
Src_reg_loss	: 0.0199
-------------------------------------
[Epoch : 427/500]
Total_loss	: 0.0501
MMD_loss	: 3.0236
Src_reg_loss	: 0.0199
-------------------------------------
[Epoch : 428/500]
Total_loss	: 0.0501
MMD_loss	: 3.0205
Src_reg_loss	: 0.0199
-------------------------------------
[Epoch : 429/500]
Total_loss	: 0.0500
MMD_loss	: 3.0175
Src_reg_loss	: 0.0199
-------------------------------------
[Epoch : 430/500]
Total_loss	: 0.0500
MMD_loss	: 3.0145
Src_reg_loss	: 0.0198
-------------------------------------
[Epoch : 431/500]
Total_loss	: 0.0499
MMD_loss	: 3.0115
Src_reg_loss	: 0.0198
-------------------------------------
[Epoch : 432/500]
Total_loss	: 0.0499
MMD_loss	: 3.0086
Src_reg_loss	: 0.0198
-------------------------------------
[Epoch : 433/500]
Total_loss	: 0.0498
MMD_loss	: 3.0056
Src_reg_loss	: 0.0198
-------------------------------------
[Epoch : 434/500]
Total_loss	: 0.0498
MMD_loss	: 3.0026
Src_reg_loss	: 0.0197
-------------------------------------
[Epoch : 435/500]
Total_loss	: 0.0497
MMD_loss	: 2.9997
Src_reg_loss	: 0.0197
-------------------------------------
[Epoch : 436/500]
Total_loss	: 0.0497
MMD_loss	: 2.9968
Src_reg_loss	: 0.0197
-------------------------------------
[Epoch : 437/500]
Total_loss	: 0.0496
MMD_loss	: 2.9939
Src_reg_loss	: 0.0197
-------------------------------------
[Epoch : 438/500]
Total_loss	: 0.0496
MMD_loss	: 2.9910
Src_reg_loss	: 0.0196
-------------------------------------
[Epoch : 439/500]
Total_loss	: 0.0495
MMD_loss	: 2.9881
Src_reg_loss	: 0.0196
-------------------------------------
[Epoch : 440/500]
Total_loss	: 0.0495
MMD_loss	: 2.9852
Src_reg_loss	: 0.0196
-------------------------------------
[Epoch : 441/500]
Total_loss	: 0.0494
MMD_loss	: 2.9823
Src_reg_loss	: 0.0196
-------------------------------------
[Epoch : 442/500]
Total_loss	: 0.0494
MMD_loss	: 2.9795
Src_reg_loss	: 0.0196
-------------------------------------
[Epoch : 443/500]
Total_loss	: 0.0493
MMD_loss	: 2.9767
Src_reg_loss	: 0.0195
-------------------------------------
[Epoch : 444/500]
Total_loss	: 0.0492
MMD_loss	: 2.9738
Src_reg_loss	: 0.0195
-------------------------------------
[Epoch : 445/500]
Total_loss	: 0.0492
MMD_loss	: 2.9710
Src_reg_loss	: 0.0195
-------------------------------------
[Epoch : 446/500]
Total_loss	: 0.0491
MMD_loss	: 2.9683
Src_reg_loss	: 0.0195
-------------------------------------
[Epoch : 447/500]
Total_loss	: 0.0491
MMD_loss	: 2.9655
Src_reg_loss	: 0.0194
-------------------------------------
[Epoch : 448/500]
Total_loss	: 0.0490
MMD_loss	: 2.9627
Src_reg_loss	: 0.0194
-------------------------------------
[Epoch : 449/500]
Total_loss	: 0.0490
MMD_loss	: 2.9600
Src_reg_loss	: 0.0194
-------------------------------------
[Epoch : 450/500]
Total_loss	: 0.0490
MMD_loss	: 2.9572
Src_reg_loss	: 0.0194
-------------------------------------
[Epoch : 451/500]
Total_loss	: 0.0489
MMD_loss	: 2.9545
Src_reg_loss	: 0.0194
-------------------------------------
[Epoch : 452/500]
Total_loss	: 0.0489
MMD_loss	: 2.9518
Src_reg_loss	: 0.0193
-------------------------------------
[Epoch : 453/500]
Total_loss	: 0.0488
MMD_loss	: 2.9491
Src_reg_loss	: 0.0193
-------------------------------------
[Epoch : 454/500]
Total_loss	: 0.0488
MMD_loss	: 2.9464
Src_reg_loss	: 0.0193
-------------------------------------
[Epoch : 455/500]
Total_loss	: 0.0487
MMD_loss	: 2.9437
Src_reg_loss	: 0.0193
-------------------------------------
[Epoch : 456/500]
Total_loss	: 0.0487
MMD_loss	: 2.9411
Src_reg_loss	: 0.0192
-------------------------------------
[Epoch : 457/500]
Total_loss	: 0.0486
MMD_loss	: 2.9385
Src_reg_loss	: 0.0192
-------------------------------------
[Epoch : 458/500]
Total_loss	: 0.0486
MMD_loss	: 2.9358
Src_reg_loss	: 0.0192
-------------------------------------
[Epoch : 459/500]
Total_loss	: 0.0485
MMD_loss	: 2.9332
Src_reg_loss	: 0.0192
-------------------------------------
[Epoch : 460/500]
Total_loss	: 0.0485
MMD_loss	: 2.9306
Src_reg_loss	: 0.0192
-------------------------------------
[Epoch : 461/500]
Total_loss	: 0.0484
MMD_loss	: 2.9280
Src_reg_loss	: 0.0191
-------------------------------------
[Epoch : 462/500]
Total_loss	: 0.0484
MMD_loss	: 2.9255
Src_reg_loss	: 0.0191
-------------------------------------
[Epoch : 463/500]
Total_loss	: 0.0483
MMD_loss	: 2.9229
Src_reg_loss	: 0.0191
-------------------------------------
[Epoch : 464/500]
Total_loss	: 0.0483
MMD_loss	: 2.9204
Src_reg_loss	: 0.0191
-------------------------------------
[Epoch : 465/500]
Total_loss	: 0.0482
MMD_loss	: 2.9178
Src_reg_loss	: 0.0191
-------------------------------------
[Epoch : 466/500]
Total_loss	: 0.0482
MMD_loss	: 2.9153
Src_reg_loss	: 0.0190
-------------------------------------
[Epoch : 467/500]
Total_loss	: 0.0481
MMD_loss	: 2.9128
Src_reg_loss	: 0.0190
-------------------------------------
[Epoch : 468/500]
Total_loss	: 0.0481
MMD_loss	: 2.9103
Src_reg_loss	: 0.0190
-------------------------------------
[Epoch : 469/500]
Total_loss	: 0.0481
MMD_loss	: 2.9079
Src_reg_loss	: 0.0190
-------------------------------------
[Epoch : 470/500]
Total_loss	: 0.0480
MMD_loss	: 2.9054
Src_reg_loss	: 0.0190
-------------------------------------
[Epoch : 471/500]
Total_loss	: 0.0480
MMD_loss	: 2.9030
Src_reg_loss	: 0.0189
-------------------------------------
[Epoch : 472/500]
Total_loss	: 0.0479
MMD_loss	: 2.9005
Src_reg_loss	: 0.0189
-------------------------------------
[Epoch : 473/500]
Total_loss	: 0.0479
MMD_loss	: 2.8981
Src_reg_loss	: 0.0189
-------------------------------------
[Epoch : 474/500]
Total_loss	: 0.0478
MMD_loss	: 2.8957
Src_reg_loss	: 0.0189
-------------------------------------
[Epoch : 475/500]
Total_loss	: 0.0478
MMD_loss	: 2.8933
Src_reg_loss	: 0.0189
-------------------------------------
[Epoch : 476/500]
Total_loss	: 0.0477
MMD_loss	: 2.8909
Src_reg_loss	: 0.0188
-------------------------------------
[Epoch : 477/500]
Total_loss	: 0.0477
MMD_loss	: 2.8886
Src_reg_loss	: 0.0188
-------------------------------------
[Epoch : 478/500]
Total_loss	: 0.0477
MMD_loss	: 2.8862
Src_reg_loss	: 0.0188
-------------------------------------
[Epoch : 479/500]
Total_loss	: 0.0476
MMD_loss	: 2.8839
Src_reg_loss	: 0.0188
-------------------------------------
[Epoch : 480/500]
Total_loss	: 0.0476
MMD_loss	: 2.8816
Src_reg_loss	: 0.0188
-------------------------------------
[Epoch : 481/500]
Total_loss	: 0.0475
MMD_loss	: 2.8793
Src_reg_loss	: 0.0187
-------------------------------------
[Epoch : 482/500]
Total_loss	: 0.0475
MMD_loss	: 2.8770
Src_reg_loss	: 0.0187
-------------------------------------
[Epoch : 483/500]
Total_loss	: 0.0474
MMD_loss	: 2.8747
Src_reg_loss	: 0.0187
-------------------------------------
[Epoch : 484/500]
Total_loss	: 0.0474
MMD_loss	: 2.8724
Src_reg_loss	: 0.0187
-------------------------------------
[Epoch : 485/500]
Total_loss	: 0.0474
MMD_loss	: 2.8702
Src_reg_loss	: 0.0187
-------------------------------------
[Epoch : 486/500]
Total_loss	: 0.0473
MMD_loss	: 2.8679
Src_reg_loss	: 0.0186
-------------------------------------
[Epoch : 487/500]
Total_loss	: 0.0473
MMD_loss	: 2.8657
Src_reg_loss	: 0.0186
-------------------------------------
[Epoch : 488/500]
Total_loss	: 0.0472
MMD_loss	: 2.8635
Src_reg_loss	: 0.0186
-------------------------------------
[Epoch : 489/500]
Total_loss	: 0.0472
MMD_loss	: 2.8613
Src_reg_loss	: 0.0186
-------------------------------------
[Epoch : 490/500]
Total_loss	: 0.0472
MMD_loss	: 2.8591
Src_reg_loss	: 0.0186
-------------------------------------
[Epoch : 491/500]
Total_loss	: 0.0471
MMD_loss	: 2.8569
Src_reg_loss	: 0.0185
-------------------------------------
[Epoch : 492/500]
Total_loss	: 0.0471
MMD_loss	: 2.8547
Src_reg_loss	: 0.0185
-------------------------------------
[Epoch : 493/500]
Total_loss	: 0.0470
MMD_loss	: 2.8526
Src_reg_loss	: 0.0185
-------------------------------------
[Epoch : 494/500]
Total_loss	: 0.0470
MMD_loss	: 2.8504
Src_reg_loss	: 0.0185
-------------------------------------
[Epoch : 495/500]
Total_loss	: 0.0469
MMD_loss	: 2.8483
Src_reg_loss	: 0.0185
-------------------------------------
[Epoch : 496/500]
Total_loss	: 0.0469
MMD_loss	: 2.8462
Src_reg_loss	: 0.0184
-------------------------------------
[Epoch : 497/500]
Total_loss	: 0.0469
MMD_loss	: 2.8441
Src_reg_loss	: 0.0184
-------------------------------------
[Epoch : 498/500]
Total_loss	: 0.0468
MMD_loss	: 2.8420
Src_reg_loss	: 0.0184
-------------------------------------
[Epoch : 499/500]
Total_loss	: 0.0468
MMD_loss	: 2.8399
Src_reg_loss	: 0.0184
-------------------------------------
[Epoch : 500/500]
Total_loss	: 0.0468
MMD_loss	: 2.8379
Src_reg_loss	: 0.0184
-------------------------------------
