=============================================
Dataset: Airbox
Method:  MMDA
=============================================
Source: 0 ---> Target: 5
=============================================
[Epoch : 1/500]
Total_loss	: 0.2898
Coral_loss	: 0.0000
MMD_loss	: 3.3438
cond_ent_wt	: 4.8482
Src_reg_loss	: 0.2078
-------------------------------------
[Epoch : 2/500]
Total_loss	: 0.2204
Coral_loss	: 0.0000
MMD_loss	: 3.2402
cond_ent_wt	: 4.8423
Src_reg_loss	: 0.1396
-------------------------------------
[Epoch : 3/500]
Total_loss	: 0.1899
Coral_loss	: 0.0000
MMD_loss	: 3.1616
cond_ent_wt	: 4.8359
Src_reg_loss	: 0.1099
-------------------------------------
[Epoch : 4/500]
Total_loss	: 0.1729
Coral_loss	: 0.0000
MMD_loss	: 3.1488
cond_ent_wt	: 4.8348
Src_reg_loss	: 0.0930
-------------------------------------
[Epoch : 5/500]
Total_loss	: 0.1629
Coral_loss	: 0.0000
MMD_loss	: 3.1469
cond_ent_wt	: 4.8344
Src_reg_loss	: 0.0831
-------------------------------------
[Epoch : 6/500]
Total_loss	: 0.1557
Coral_loss	: 0.0000
MMD_loss	: 3.1415
cond_ent_wt	: 4.8336
Src_reg_loss	: 0.0759
-------------------------------------
[Epoch : 7/500]
Total_loss	: 0.1503
Coral_loss	: 0.0000
MMD_loss	: 3.1412
cond_ent_wt	: 4.8332
Src_reg_loss	: 0.0705
-------------------------------------
[Epoch : 8/500]
Total_loss	: 0.1462
Coral_loss	: 0.0000
MMD_loss	: 3.1449
cond_ent_wt	: 4.8332
Src_reg_loss	: 0.0665
-------------------------------------
[Epoch : 9/500]
Total_loss	: 0.1430
Coral_loss	: 0.0000
MMD_loss	: 3.1455
cond_ent_wt	: 4.8332
Src_reg_loss	: 0.0632
-------------------------------------
[Epoch : 10/500]
Total_loss	: 0.1403
Coral_loss	: 0.0000
MMD_loss	: 3.1417
cond_ent_wt	: 4.8332
Src_reg_loss	: 0.0605
-------------------------------------
[Epoch : 11/500]
Total_loss	: 0.1379
Coral_loss	: 0.0000
MMD_loss	: 3.1342
cond_ent_wt	: 4.8332
Src_reg_loss	: 0.0582
-------------------------------------
[Epoch : 12/500]
Total_loss	: 0.1358
Coral_loss	: 0.0000
MMD_loss	: 3.1224
cond_ent_wt	: 4.8334
Src_reg_loss	: 0.0563
-------------------------------------
[Epoch : 13/500]
Total_loss	: 0.1339
Coral_loss	: 0.0000
MMD_loss	: 3.1063
cond_ent_wt	: 4.8335
Src_reg_loss	: 0.0545
-------------------------------------
[Epoch : 14/500]
Total_loss	: 0.1321
Coral_loss	: 0.0000
MMD_loss	: 3.0865
cond_ent_wt	: 4.8337
Src_reg_loss	: 0.0529
-------------------------------------
[Epoch : 15/500]
Total_loss	: 0.1304
Coral_loss	: 0.0000
MMD_loss	: 3.0623
cond_ent_wt	: 4.8339
Src_reg_loss	: 0.0515
-------------------------------------
[Epoch : 16/500]
Total_loss	: 0.1288
Coral_loss	: 0.0000
MMD_loss	: 3.0334
cond_ent_wt	: 4.8342
Src_reg_loss	: 0.0501
-------------------------------------
[Epoch : 17/500]
Total_loss	: 0.1273
Coral_loss	: 0.0000
MMD_loss	: 2.9990
cond_ent_wt	: 4.8344
Src_reg_loss	: 0.0489
-------------------------------------
[Epoch : 18/500]
Total_loss	: 0.1257
Coral_loss	: 0.0000
MMD_loss	: 2.9583
cond_ent_wt	: 4.8346
Src_reg_loss	: 0.0478
-------------------------------------
[Epoch : 19/500]
Total_loss	: 0.1242
Coral_loss	: 0.0000
MMD_loss	: 2.9111
cond_ent_wt	: 4.8348
Src_reg_loss	: 0.0467
-------------------------------------
[Epoch : 20/500]
Total_loss	: 0.1227
Coral_loss	: 0.0000
MMD_loss	: 2.8583
cond_ent_wt	: 4.8349
Src_reg_loss	: 0.0458
-------------------------------------
[Epoch : 21/500]
Total_loss	: 0.1212
Coral_loss	: 0.0000
MMD_loss	: 2.8023
cond_ent_wt	: 4.8349
Src_reg_loss	: 0.0448
-------------------------------------
[Epoch : 22/500]
Total_loss	: 0.1198
Coral_loss	: 0.0000
MMD_loss	: 2.7461
cond_ent_wt	: 4.8349
Src_reg_loss	: 0.0439
-------------------------------------
[Epoch : 23/500]
Total_loss	: 0.1184
Coral_loss	: 0.0000
MMD_loss	: 2.6922
cond_ent_wt	: 4.8349
Src_reg_loss	: 0.0431
-------------------------------------
[Epoch : 24/500]
Total_loss	: 0.1171
Coral_loss	: 0.0000
MMD_loss	: 2.6416
cond_ent_wt	: 4.8349
Src_reg_loss	: 0.0423
-------------------------------------
[Epoch : 25/500]
Total_loss	: 0.1158
Coral_loss	: 0.0000
MMD_loss	: 2.5954
cond_ent_wt	: 4.8348
Src_reg_loss	: 0.0415
-------------------------------------
[Epoch : 26/500]
Total_loss	: 0.1147
Coral_loss	: 0.0000
MMD_loss	: 2.5546
cond_ent_wt	: 4.8347
Src_reg_loss	: 0.0408
-------------------------------------
[Epoch : 27/500]
Total_loss	: 0.1136
Coral_loss	: 0.0000
MMD_loss	: 2.5195
cond_ent_wt	: 4.8345
Src_reg_loss	: 0.0401
-------------------------------------
[Epoch : 28/500]
Total_loss	: 0.1126
Coral_loss	: 0.0000
MMD_loss	: 2.4895
cond_ent_wt	: 4.8344
Src_reg_loss	: 0.0394
-------------------------------------
[Epoch : 29/500]
Total_loss	: 0.1117
Coral_loss	: 0.0000
MMD_loss	: 2.4636
cond_ent_wt	: 4.8342
Src_reg_loss	: 0.0387
-------------------------------------
[Epoch : 30/500]
Total_loss	: 0.1109
Coral_loss	: 0.0000
MMD_loss	: 2.4410
cond_ent_wt	: 4.8340
Src_reg_loss	: 0.0381
-------------------------------------
[Epoch : 31/500]
Total_loss	: 0.1101
Coral_loss	: 0.0000
MMD_loss	: 2.4211
cond_ent_wt	: 4.8338
Src_reg_loss	: 0.0376
-------------------------------------
[Epoch : 32/500]
Total_loss	: 0.1094
Coral_loss	: 0.0000
MMD_loss	: 2.4034
cond_ent_wt	: 4.8336
Src_reg_loss	: 0.0370
-------------------------------------
[Epoch : 33/500]
Total_loss	: 0.1087
Coral_loss	: 0.0000
MMD_loss	: 2.3874
cond_ent_wt	: 4.8334
Src_reg_loss	: 0.0365
-------------------------------------
[Epoch : 34/500]
Total_loss	: 0.1080
Coral_loss	: 0.0000
MMD_loss	: 2.3728
cond_ent_wt	: 4.8332
Src_reg_loss	: 0.0359
-------------------------------------
[Epoch : 35/500]
Total_loss	: 0.1074
Coral_loss	: 0.0000
MMD_loss	: 2.3595
cond_ent_wt	: 4.8331
Src_reg_loss	: 0.0355
-------------------------------------
[Epoch : 36/500]
Total_loss	: 0.1068
Coral_loss	: 0.0000
MMD_loss	: 2.3474
cond_ent_wt	: 4.8329
Src_reg_loss	: 0.0350
-------------------------------------
[Epoch : 37/500]
Total_loss	: 0.1062
Coral_loss	: 0.0000
MMD_loss	: 2.3364
cond_ent_wt	: 4.8327
Src_reg_loss	: 0.0345
-------------------------------------
[Epoch : 38/500]
Total_loss	: 0.1057
Coral_loss	: 0.0000
MMD_loss	: 2.3263
cond_ent_wt	: 4.8325
Src_reg_loss	: 0.0341
-------------------------------------
[Epoch : 39/500]
Total_loss	: 0.1052
Coral_loss	: 0.0000
MMD_loss	: 2.3172
cond_ent_wt	: 4.8324
Src_reg_loss	: 0.0337
-------------------------------------
[Epoch : 40/500]
Total_loss	: 0.1047
Coral_loss	: 0.0000
MMD_loss	: 2.3091
cond_ent_wt	: 4.8322
Src_reg_loss	: 0.0333
-------------------------------------
[Epoch : 41/500]
Total_loss	: 0.1042
Coral_loss	: 0.0000
MMD_loss	: 2.3016
cond_ent_wt	: 4.8320
Src_reg_loss	: 0.0329
-------------------------------------
[Epoch : 42/500]
Total_loss	: 0.1038
Coral_loss	: 0.0000
MMD_loss	: 2.2947
cond_ent_wt	: 4.8318
Src_reg_loss	: 0.0325
-------------------------------------
[Epoch : 43/500]
Total_loss	: 0.1034
Coral_loss	: 0.0000
MMD_loss	: 2.2882
cond_ent_wt	: 4.8317
Src_reg_loss	: 0.0322
-------------------------------------
[Epoch : 44/500]
Total_loss	: 0.1029
Coral_loss	: 0.0000
MMD_loss	: 2.2823
cond_ent_wt	: 4.8315
Src_reg_loss	: 0.0318
-------------------------------------
[Epoch : 45/500]
Total_loss	: 0.1025
Coral_loss	: 0.0000
MMD_loss	: 2.2768
cond_ent_wt	: 4.8313
Src_reg_loss	: 0.0315
-------------------------------------
[Epoch : 46/500]
Total_loss	: 0.1022
Coral_loss	: 0.0000
MMD_loss	: 2.2712
cond_ent_wt	: 4.8312
Src_reg_loss	: 0.0311
-------------------------------------
[Epoch : 47/500]
Total_loss	: 0.1018
Coral_loss	: 0.0000
MMD_loss	: 2.2653
cond_ent_wt	: 4.8310
Src_reg_loss	: 0.0308
-------------------------------------
[Epoch : 48/500]
Total_loss	: 0.1014
Coral_loss	: 0.0000
MMD_loss	: 2.2595
cond_ent_wt	: 4.8308
Src_reg_loss	: 0.0305
-------------------------------------
[Epoch : 49/500]
Total_loss	: 0.1011
Coral_loss	: 0.0000
MMD_loss	: 2.2540
cond_ent_wt	: 4.8307
Src_reg_loss	: 0.0302
-------------------------------------
[Epoch : 50/500]
Total_loss	: 0.1007
Coral_loss	: 0.0000
MMD_loss	: 2.2485
cond_ent_wt	: 4.8305
Src_reg_loss	: 0.0299
-------------------------------------
[Epoch : 51/500]
Total_loss	: 0.1004
Coral_loss	: 0.0000
MMD_loss	: 2.2423
cond_ent_wt	: 4.8304
Src_reg_loss	: 0.0296
-------------------------------------
[Epoch : 52/500]
Total_loss	: 0.1000
Coral_loss	: 0.0000
MMD_loss	: 2.2353
cond_ent_wt	: 4.8302
Src_reg_loss	: 0.0293
-------------------------------------
[Epoch : 53/500]
Total_loss	: 0.0997
Coral_loss	: 0.0000
MMD_loss	: 2.2286
cond_ent_wt	: 4.8301
Src_reg_loss	: 0.0291
-------------------------------------
[Epoch : 54/500]
Total_loss	: 0.0993
Coral_loss	: 0.0000
MMD_loss	: 2.2228
cond_ent_wt	: 4.8299
Src_reg_loss	: 0.0288
-------------------------------------
[Epoch : 55/500]
Total_loss	: 0.0990
Coral_loss	: 0.0000
MMD_loss	: 2.2170
cond_ent_wt	: 4.8297
Src_reg_loss	: 0.0286
-------------------------------------
[Epoch : 56/500]
Total_loss	: 0.0987
Coral_loss	: 0.0000
MMD_loss	: 2.2099
cond_ent_wt	: 4.8296
Src_reg_loss	: 0.0283
-------------------------------------
[Epoch : 57/500]
Total_loss	: 0.0984
Coral_loss	: 0.0000
MMD_loss	: 2.2014
cond_ent_wt	: 4.8295
Src_reg_loss	: 0.0281
-------------------------------------
[Epoch : 58/500]
Total_loss	: 0.0980
Coral_loss	: 0.0000
MMD_loss	: 2.1932
cond_ent_wt	: 4.8293
Src_reg_loss	: 0.0278
-------------------------------------
[Epoch : 59/500]
Total_loss	: 0.0978
Coral_loss	: 0.0000
MMD_loss	: 2.1868
cond_ent_wt	: 4.8292
Src_reg_loss	: 0.0276
-------------------------------------
[Epoch : 60/500]
Total_loss	: 0.0975
Coral_loss	: 0.0000
MMD_loss	: 2.1810
cond_ent_wt	: 4.8290
Src_reg_loss	: 0.0274
-------------------------------------
[Epoch : 61/500]
Total_loss	: 0.0972
Coral_loss	: 0.0000
MMD_loss	: 2.1733
cond_ent_wt	: 4.8289
Src_reg_loss	: 0.0272
-------------------------------------
[Epoch : 62/500]
Total_loss	: 0.0969
Coral_loss	: 0.0000
MMD_loss	: 2.1635
cond_ent_wt	: 4.8288
Src_reg_loss	: 0.0270
-------------------------------------
[Epoch : 63/500]
Total_loss	: 0.0966
Coral_loss	: 0.0000
MMD_loss	: 2.1541
cond_ent_wt	: 4.8287
Src_reg_loss	: 0.0267
-------------------------------------
[Epoch : 64/500]
Total_loss	: 0.0963
Coral_loss	: 0.0000
MMD_loss	: 2.1476
cond_ent_wt	: 4.8286
Src_reg_loss	: 0.0266
-------------------------------------
[Epoch : 65/500]
Total_loss	: 0.0961
Coral_loss	: 0.0000
MMD_loss	: 2.1419
cond_ent_wt	: 4.8284
Src_reg_loss	: 0.0264
-------------------------------------
[Epoch : 66/500]
Total_loss	: 0.0958
Coral_loss	: 0.0000
MMD_loss	: 2.1336
cond_ent_wt	: 4.8283
Src_reg_loss	: 0.0262
-------------------------------------
[Epoch : 67/500]
Total_loss	: 0.0955
Coral_loss	: 0.0000
MMD_loss	: 2.1231
cond_ent_wt	: 4.8282
Src_reg_loss	: 0.0260
-------------------------------------
[Epoch : 68/500]
Total_loss	: 0.0952
Coral_loss	: 0.0000
MMD_loss	: 2.1141
cond_ent_wt	: 4.8281
Src_reg_loss	: 0.0258
-------------------------------------
[Epoch : 69/500]
Total_loss	: 0.0950
Coral_loss	: 0.0000
MMD_loss	: 2.1078
cond_ent_wt	: 4.8280
Src_reg_loss	: 0.0257
-------------------------------------
[Epoch : 70/500]
Total_loss	: 0.0948
Coral_loss	: 0.0000
MMD_loss	: 2.1010
cond_ent_wt	: 4.8279
Src_reg_loss	: 0.0255
-------------------------------------
[Epoch : 71/500]
Total_loss	: 0.0945
Coral_loss	: 0.0000
MMD_loss	: 2.0922
cond_ent_wt	: 4.8279
Src_reg_loss	: 0.0253
-------------------------------------
[Epoch : 72/500]
Total_loss	: 0.0943
Coral_loss	: 0.0000
MMD_loss	: 2.0833
cond_ent_wt	: 4.8278
Src_reg_loss	: 0.0252
-------------------------------------
[Epoch : 73/500]
Total_loss	: 0.0940
Coral_loss	: 0.0000
MMD_loss	: 2.0761
cond_ent_wt	: 4.8277
Src_reg_loss	: 0.0250
-------------------------------------
[Epoch : 74/500]
Total_loss	: 0.0938
Coral_loss	: 0.0000
MMD_loss	: 2.0694
cond_ent_wt	: 4.8276
Src_reg_loss	: 0.0248
-------------------------------------
[Epoch : 75/500]
Total_loss	: 0.0936
Coral_loss	: 0.0000
MMD_loss	: 2.0617
cond_ent_wt	: 4.8275
Src_reg_loss	: 0.0247
-------------------------------------
[Epoch : 76/500]
Total_loss	: 0.0933
Coral_loss	: 0.0000
MMD_loss	: 2.0535
cond_ent_wt	: 4.8274
Src_reg_loss	: 0.0245
-------------------------------------
[Epoch : 77/500]
Total_loss	: 0.0931
Coral_loss	: 0.0000
MMD_loss	: 2.0464
cond_ent_wt	: 4.8273
Src_reg_loss	: 0.0244
-------------------------------------
[Epoch : 78/500]
Total_loss	: 0.0929
Coral_loss	: 0.0000
MMD_loss	: 2.0401
cond_ent_wt	: 4.8272
Src_reg_loss	: 0.0242
-------------------------------------
[Epoch : 79/500]
Total_loss	: 0.0927
Coral_loss	: 0.0000
MMD_loss	: 2.0333
cond_ent_wt	: 4.8271
Src_reg_loss	: 0.0241
-------------------------------------
[Epoch : 80/500]
Total_loss	: 0.0924
Coral_loss	: 0.0000
MMD_loss	: 2.0258
cond_ent_wt	: 4.8270
Src_reg_loss	: 0.0239
-------------------------------------
[Epoch : 81/500]
Total_loss	: 0.0922
Coral_loss	: 0.0000
MMD_loss	: 2.0187
cond_ent_wt	: 4.8269
Src_reg_loss	: 0.0238
-------------------------------------
[Epoch : 82/500]
Total_loss	: 0.0920
Coral_loss	: 0.0000
MMD_loss	: 2.0126
cond_ent_wt	: 4.8268
Src_reg_loss	: 0.0236
-------------------------------------
[Epoch : 83/500]
Total_loss	: 0.0918
Coral_loss	: 0.0000
MMD_loss	: 2.0067
cond_ent_wt	: 4.8266
Src_reg_loss	: 0.0235
-------------------------------------
[Epoch : 84/500]
Total_loss	: 0.0916
Coral_loss	: 0.0000
MMD_loss	: 2.0000
cond_ent_wt	: 4.8265
Src_reg_loss	: 0.0234
-------------------------------------
[Epoch : 85/500]
Total_loss	: 0.0914
Coral_loss	: 0.0000
MMD_loss	: 1.9928
cond_ent_wt	: 4.8264
Src_reg_loss	: 0.0232
-------------------------------------
[Epoch : 86/500]
Total_loss	: 0.0912
Coral_loss	: 0.0000
MMD_loss	: 1.9865
cond_ent_wt	: 4.8263
Src_reg_loss	: 0.0231
-------------------------------------
[Epoch : 87/500]
Total_loss	: 0.0911
Coral_loss	: 0.0000
MMD_loss	: 1.9811
cond_ent_wt	: 4.8262
Src_reg_loss	: 0.0230
-------------------------------------
[Epoch : 88/500]
Total_loss	: 0.0909
Coral_loss	: 0.0000
MMD_loss	: 1.9753
cond_ent_wt	: 4.8261
Src_reg_loss	: 0.0229
-------------------------------------
[Epoch : 89/500]
Total_loss	: 0.0907
Coral_loss	: 0.0000
MMD_loss	: 1.9687
cond_ent_wt	: 4.8260
Src_reg_loss	: 0.0227
-------------------------------------
[Epoch : 90/500]
Total_loss	: 0.0905
Coral_loss	: 0.0000
MMD_loss	: 1.9622
cond_ent_wt	: 4.8259
Src_reg_loss	: 0.0226
-------------------------------------
[Epoch : 91/500]
Total_loss	: 0.0903
Coral_loss	: 0.0000
MMD_loss	: 1.9568
cond_ent_wt	: 4.8258
Src_reg_loss	: 0.0225
-------------------------------------
[Epoch : 92/500]
Total_loss	: 0.0902
Coral_loss	: 0.0000
MMD_loss	: 1.9518
cond_ent_wt	: 4.8257
Src_reg_loss	: 0.0224
-------------------------------------
[Epoch : 93/500]
Total_loss	: 0.0900
Coral_loss	: 0.0000
MMD_loss	: 1.9460
cond_ent_wt	: 4.8256
Src_reg_loss	: 0.0223
-------------------------------------
[Epoch : 94/500]
Total_loss	: 0.0898
Coral_loss	: 0.0000
MMD_loss	: 1.9398
cond_ent_wt	: 4.8255
Src_reg_loss	: 0.0222
-------------------------------------
[Epoch : 95/500]
Total_loss	: 0.0896
Coral_loss	: 0.0000
MMD_loss	: 1.9342
cond_ent_wt	: 4.8253
Src_reg_loss	: 0.0220
-------------------------------------
[Epoch : 96/500]
Total_loss	: 0.0895
Coral_loss	: 0.0000
MMD_loss	: 1.9294
cond_ent_wt	: 4.8252
Src_reg_loss	: 0.0220
-------------------------------------
[Epoch : 97/500]
Total_loss	: 0.0893
Coral_loss	: 0.0000
MMD_loss	: 1.9245
cond_ent_wt	: 4.8251
Src_reg_loss	: 0.0218
-------------------------------------
[Epoch : 98/500]
Total_loss	: 0.0892
Coral_loss	: 0.0000
MMD_loss	: 1.9189
cond_ent_wt	: 4.8250
Src_reg_loss	: 0.0217
-------------------------------------
[Epoch : 99/500]
Total_loss	: 0.0890
Coral_loss	: 0.0000
MMD_loss	: 1.9134
cond_ent_wt	: 4.8249
Src_reg_loss	: 0.0216
-------------------------------------
[Epoch : 100/500]
Total_loss	: 0.0889
Coral_loss	: 0.0000
MMD_loss	: 1.9086
cond_ent_wt	: 4.8248
Src_reg_loss	: 0.0215
-------------------------------------
[Epoch : 101/500]
Total_loss	: 0.0887
Coral_loss	: 0.0000
MMD_loss	: 1.9042
cond_ent_wt	: 4.8247
Src_reg_loss	: 0.0214
-------------------------------------
[Epoch : 102/500]
Total_loss	: 0.0886
Coral_loss	: 0.0000
MMD_loss	: 1.8993
cond_ent_wt	: 4.8246
Src_reg_loss	: 0.0213
-------------------------------------
[Epoch : 103/500]
Total_loss	: 0.0884
Coral_loss	: 0.0000
MMD_loss	: 1.8941
cond_ent_wt	: 4.8245
Src_reg_loss	: 0.0212
-------------------------------------
[Epoch : 104/500]
Total_loss	: 0.0883
Coral_loss	: 0.0000
MMD_loss	: 1.8893
cond_ent_wt	: 4.8244
Src_reg_loss	: 0.0211
-------------------------------------
[Epoch : 105/500]
Total_loss	: 0.0882
Coral_loss	: 0.0000
MMD_loss	: 1.8852
cond_ent_wt	: 4.8242
Src_reg_loss	: 0.0211
-------------------------------------
[Epoch : 106/500]
Total_loss	: 0.0880
Coral_loss	: 0.0000
MMD_loss	: 1.8809
cond_ent_wt	: 4.8241
Src_reg_loss	: 0.0210
-------------------------------------
[Epoch : 107/500]
Total_loss	: 0.0879
Coral_loss	: 0.0000
MMD_loss	: 1.8762
cond_ent_wt	: 4.8240
Src_reg_loss	: 0.0209
-------------------------------------
[Epoch : 108/500]
Total_loss	: 0.0877
Coral_loss	: 0.0000
MMD_loss	: 1.8715
cond_ent_wt	: 4.8239
Src_reg_loss	: 0.0208
-------------------------------------
[Epoch : 109/500]
Total_loss	: 0.0876
Coral_loss	: 0.0000
MMD_loss	: 1.8674
cond_ent_wt	: 4.8238
Src_reg_loss	: 0.0207
-------------------------------------
[Epoch : 110/500]
Total_loss	: 0.0875
Coral_loss	: 0.0000
MMD_loss	: 1.8637
cond_ent_wt	: 4.8237
Src_reg_loss	: 0.0206
-------------------------------------
[Epoch : 111/500]
Total_loss	: 0.0874
Coral_loss	: 0.0000
MMD_loss	: 1.8596
cond_ent_wt	: 4.8235
Src_reg_loss	: 0.0205
-------------------------------------
[Epoch : 112/500]
Total_loss	: 0.0872
Coral_loss	: 0.0000
MMD_loss	: 1.8551
cond_ent_wt	: 4.8234
Src_reg_loss	: 0.0204
-------------------------------------
[Epoch : 113/500]
Total_loss	: 0.0871
Coral_loss	: 0.0000
MMD_loss	: 1.8511
cond_ent_wt	: 4.8233
Src_reg_loss	: 0.0204
-------------------------------------
[Epoch : 114/500]
Total_loss	: 0.0870
Coral_loss	: 0.0000
MMD_loss	: 1.8476
cond_ent_wt	: 4.8232
Src_reg_loss	: 0.0203
-------------------------------------
[Epoch : 115/500]
Total_loss	: 0.0869
Coral_loss	: 0.0000
MMD_loss	: 1.8441
cond_ent_wt	: 4.8231
Src_reg_loss	: 0.0202
-------------------------------------
[Epoch : 116/500]
Total_loss	: 0.0868
Coral_loss	: 0.0000
MMD_loss	: 1.8401
cond_ent_wt	: 4.8230
Src_reg_loss	: 0.0201
-------------------------------------
[Epoch : 117/500]
Total_loss	: 0.0866
Coral_loss	: 0.0000
MMD_loss	: 1.8360
cond_ent_wt	: 4.8228
Src_reg_loss	: 0.0200
-------------------------------------
[Epoch : 118/500]
Total_loss	: 0.0865
Coral_loss	: 0.0000
MMD_loss	: 1.8325
cond_ent_wt	: 4.8227
Src_reg_loss	: 0.0200
-------------------------------------
[Epoch : 119/500]
Total_loss	: 0.0864
Coral_loss	: 0.0000
MMD_loss	: 1.8294
cond_ent_wt	: 4.8226
Src_reg_loss	: 0.0199
-------------------------------------
[Epoch : 120/500]
Total_loss	: 0.0863
Coral_loss	: 0.0000
MMD_loss	: 1.8259
cond_ent_wt	: 4.8225
Src_reg_loss	: 0.0198
-------------------------------------
[Epoch : 121/500]
Total_loss	: 0.0862
Coral_loss	: 0.0000
MMD_loss	: 1.8222
cond_ent_wt	: 4.8224
Src_reg_loss	: 0.0198
-------------------------------------
[Epoch : 122/500]
Total_loss	: 0.0861
Coral_loss	: 0.0000
MMD_loss	: 1.8186
cond_ent_wt	: 4.8222
Src_reg_loss	: 0.0197
-------------------------------------
[Epoch : 123/500]
Total_loss	: 0.0860
Coral_loss	: 0.0000
MMD_loss	: 1.8155
cond_ent_wt	: 4.8221
Src_reg_loss	: 0.0196
-------------------------------------
[Epoch : 124/500]
Total_loss	: 0.0859
Coral_loss	: 0.0000
MMD_loss	: 1.8126
cond_ent_wt	: 4.8220
Src_reg_loss	: 0.0196
-------------------------------------
[Epoch : 125/500]
Total_loss	: 0.0858
Coral_loss	: 0.0000
MMD_loss	: 1.8092
cond_ent_wt	: 4.8219
Src_reg_loss	: 0.0195
-------------------------------------
[Epoch : 126/500]
Total_loss	: 0.0857
Coral_loss	: 0.0000
MMD_loss	: 1.8058
cond_ent_wt	: 4.8218
Src_reg_loss	: 0.0194
-------------------------------------
[Epoch : 127/500]
Total_loss	: 0.0856
Coral_loss	: 0.0000
MMD_loss	: 1.8028
cond_ent_wt	: 4.8217
Src_reg_loss	: 0.0193
-------------------------------------
[Epoch : 128/500]
Total_loss	: 0.0855
Coral_loss	: 0.0000
MMD_loss	: 1.8001
cond_ent_wt	: 4.8215
Src_reg_loss	: 0.0193
-------------------------------------
[Epoch : 129/500]
Total_loss	: 0.0854
Coral_loss	: 0.0000
MMD_loss	: 1.7972
cond_ent_wt	: 4.8214
Src_reg_loss	: 0.0192
-------------------------------------
[Epoch : 130/500]
Total_loss	: 0.0853
Coral_loss	: 0.0000
MMD_loss	: 1.7940
cond_ent_wt	: 4.8213
Src_reg_loss	: 0.0191
-------------------------------------
[Epoch : 131/500]
Total_loss	: 0.0852
Coral_loss	: 0.0000
MMD_loss	: 1.7910
cond_ent_wt	: 4.8212
Src_reg_loss	: 0.0191
-------------------------------------
[Epoch : 132/500]
Total_loss	: 0.0851
Coral_loss	: 0.0000
MMD_loss	: 1.7884
cond_ent_wt	: 4.8211
Src_reg_loss	: 0.0190
-------------------------------------
[Epoch : 133/500]
Total_loss	: 0.0850
Coral_loss	: 0.0000
MMD_loss	: 1.7859
cond_ent_wt	: 4.8209
Src_reg_loss	: 0.0190
-------------------------------------
[Epoch : 134/500]
Total_loss	: 0.0849
Coral_loss	: 0.0000
MMD_loss	: 1.7830
cond_ent_wt	: 4.8208
Src_reg_loss	: 0.0189
-------------------------------------
[Epoch : 135/500]
Total_loss	: 0.0848
Coral_loss	: 0.0000
MMD_loss	: 1.7801
cond_ent_wt	: 4.8207
Src_reg_loss	: 0.0188
-------------------------------------
[Epoch : 136/500]
Total_loss	: 0.0848
Coral_loss	: 0.0000
MMD_loss	: 1.7776
cond_ent_wt	: 4.8206
Src_reg_loss	: 0.0188
-------------------------------------
[Epoch : 137/500]
Total_loss	: 0.0847
Coral_loss	: 0.0000
MMD_loss	: 1.7753
cond_ent_wt	: 4.8205
Src_reg_loss	: 0.0187
-------------------------------------
[Epoch : 138/500]
Total_loss	: 0.0846
Coral_loss	: 0.0000
MMD_loss	: 1.7727
cond_ent_wt	: 4.8203
Src_reg_loss	: 0.0187
-------------------------------------
[Epoch : 139/500]
Total_loss	: 0.0845
Coral_loss	: 0.0000
MMD_loss	: 1.7700
cond_ent_wt	: 4.8202
Src_reg_loss	: 0.0186
-------------------------------------
[Epoch : 140/500]
Total_loss	: 0.0844
Coral_loss	: 0.0000
MMD_loss	: 1.7675
cond_ent_wt	: 4.8201
Src_reg_loss	: 0.0186
-------------------------------------
[Epoch : 141/500]
Total_loss	: 0.0844
Coral_loss	: 0.0000
MMD_loss	: 1.7653
cond_ent_wt	: 4.8200
Src_reg_loss	: 0.0185
-------------------------------------
[Epoch : 142/500]
Total_loss	: 0.0843
Coral_loss	: 0.0000
MMD_loss	: 1.7631
cond_ent_wt	: 4.8199
Src_reg_loss	: 0.0184
-------------------------------------
[Epoch : 143/500]
Total_loss	: 0.0842
Coral_loss	: 0.0000
MMD_loss	: 1.7606
cond_ent_wt	: 4.8197
Src_reg_loss	: 0.0184
-------------------------------------
[Epoch : 144/500]
Total_loss	: 0.0841
Coral_loss	: 0.0000
MMD_loss	: 1.7581
cond_ent_wt	: 4.8196
Src_reg_loss	: 0.0183
-------------------------------------
[Epoch : 145/500]
Total_loss	: 0.0840
Coral_loss	: 0.0000
MMD_loss	: 1.7560
cond_ent_wt	: 4.8195
Src_reg_loss	: 0.0183
-------------------------------------
[Epoch : 146/500]
Total_loss	: 0.0840
Coral_loss	: 0.0000
MMD_loss	: 1.7540
cond_ent_wt	: 4.8194
Src_reg_loss	: 0.0182
-------------------------------------
[Epoch : 147/500]
Total_loss	: 0.0839
Coral_loss	: 0.0000
MMD_loss	: 1.7518
cond_ent_wt	: 4.8193
Src_reg_loss	: 0.0182
-------------------------------------
[Epoch : 148/500]
Total_loss	: 0.0838
Coral_loss	: 0.0000
MMD_loss	: 1.7494
cond_ent_wt	: 4.8191
Src_reg_loss	: 0.0181
-------------------------------------
[Epoch : 149/500]
Total_loss	: 0.0837
Coral_loss	: 0.0000
MMD_loss	: 1.7473
cond_ent_wt	: 4.8190
Src_reg_loss	: 0.0181
-------------------------------------
[Epoch : 150/500]
Total_loss	: 0.0837
Coral_loss	: 0.0000
MMD_loss	: 1.7455
cond_ent_wt	: 4.8189
Src_reg_loss	: 0.0180
-------------------------------------
[Epoch : 151/500]
Total_loss	: 0.0836
Coral_loss	: 0.0000
MMD_loss	: 1.7434
cond_ent_wt	: 4.8188
Src_reg_loss	: 0.0180
-------------------------------------
[Epoch : 152/500]
Total_loss	: 0.0835
Coral_loss	: 0.0000
MMD_loss	: 1.7412
cond_ent_wt	: 4.8187
Src_reg_loss	: 0.0179
-------------------------------------
[Epoch : 153/500]
Total_loss	: 0.0835
Coral_loss	: 0.0000
MMD_loss	: 1.7391
cond_ent_wt	: 4.8186
Src_reg_loss	: 0.0179
-------------------------------------
[Epoch : 154/500]
Total_loss	: 0.0834
Coral_loss	: 0.0000
MMD_loss	: 1.7373
cond_ent_wt	: 4.8184
Src_reg_loss	: 0.0178
-------------------------------------
[Epoch : 155/500]
Total_loss	: 0.0833
Coral_loss	: 0.0000
MMD_loss	: 1.7354
cond_ent_wt	: 4.8183
Src_reg_loss	: 0.0178
-------------------------------------
[Epoch : 156/500]
Total_loss	: 0.0833
Coral_loss	: 0.0000
MMD_loss	: 1.7333
cond_ent_wt	: 4.8182
Src_reg_loss	: 0.0177
-------------------------------------
[Epoch : 157/500]
Total_loss	: 0.0832
Coral_loss	: 0.0000
MMD_loss	: 1.7313
cond_ent_wt	: 4.8181
Src_reg_loss	: 0.0177
-------------------------------------
[Epoch : 158/500]
Total_loss	: 0.0831
Coral_loss	: 0.0000
MMD_loss	: 1.7296
cond_ent_wt	: 4.8180
Src_reg_loss	: 0.0176
-------------------------------------
[Epoch : 159/500]
Total_loss	: 0.0831
Coral_loss	: 0.0000
MMD_loss	: 1.7279
cond_ent_wt	: 4.8179
Src_reg_loss	: 0.0176
-------------------------------------
[Epoch : 160/500]
Total_loss	: 0.0830
Coral_loss	: 0.0000
MMD_loss	: 1.7260
cond_ent_wt	: 4.8177
Src_reg_loss	: 0.0176
-------------------------------------
[Epoch : 161/500]
Total_loss	: 0.0829
Coral_loss	: 0.0000
MMD_loss	: 1.7240
cond_ent_wt	: 4.8176
Src_reg_loss	: 0.0175
-------------------------------------
[Epoch : 162/500]
Total_loss	: 0.0829
Coral_loss	: 0.0000
MMD_loss	: 1.7223
cond_ent_wt	: 4.8175
Src_reg_loss	: 0.0175
-------------------------------------
[Epoch : 163/500]
Total_loss	: 0.0828
Coral_loss	: 0.0000
MMD_loss	: 1.7208
cond_ent_wt	: 4.8174
Src_reg_loss	: 0.0174
-------------------------------------
[Epoch : 164/500]
Total_loss	: 0.0827
Coral_loss	: 0.0000
MMD_loss	: 1.7190
cond_ent_wt	: 4.8173
Src_reg_loss	: 0.0174
-------------------------------------
[Epoch : 165/500]
Total_loss	: 0.0827
Coral_loss	: 0.0000
MMD_loss	: 1.7171
cond_ent_wt	: 4.8171
Src_reg_loss	: 0.0173
-------------------------------------
[Epoch : 166/500]
Total_loss	: 0.0826
Coral_loss	: 0.0000
MMD_loss	: 1.7154
cond_ent_wt	: 4.8170
Src_reg_loss	: 0.0173
-------------------------------------
[Epoch : 167/500]
Total_loss	: 0.0826
Coral_loss	: 0.0000
MMD_loss	: 1.7140
cond_ent_wt	: 4.8169
Src_reg_loss	: 0.0173
-------------------------------------
[Epoch : 168/500]
Total_loss	: 0.0825
Coral_loss	: 0.0000
MMD_loss	: 1.7123
cond_ent_wt	: 4.8168
Src_reg_loss	: 0.0172
-------------------------------------
[Epoch : 169/500]
Total_loss	: 0.0824
Coral_loss	: 0.0000
MMD_loss	: 1.7105
cond_ent_wt	: 4.8167
Src_reg_loss	: 0.0172
-------------------------------------
[Epoch : 170/500]
Total_loss	: 0.0824
Coral_loss	: 0.0000
MMD_loss	: 1.7088
cond_ent_wt	: 4.8165
Src_reg_loss	: 0.0171
-------------------------------------
[Epoch : 171/500]
Total_loss	: 0.0823
Coral_loss	: 0.0000
MMD_loss	: 1.7074
cond_ent_wt	: 4.8164
Src_reg_loss	: 0.0171
-------------------------------------
[Epoch : 172/500]
Total_loss	: 0.0823
Coral_loss	: 0.0000
MMD_loss	: 1.7059
cond_ent_wt	: 4.8163
Src_reg_loss	: 0.0171
-------------------------------------
[Epoch : 173/500]
Total_loss	: 0.0822
Coral_loss	: 0.0000
MMD_loss	: 1.7042
cond_ent_wt	: 4.8162
Src_reg_loss	: 0.0170
-------------------------------------
[Epoch : 174/500]
Total_loss	: 0.0822
Coral_loss	: 0.0000
MMD_loss	: 1.7026
cond_ent_wt	: 4.8161
Src_reg_loss	: 0.0170
-------------------------------------
[Epoch : 175/500]
Total_loss	: 0.0821
Coral_loss	: 0.0000
MMD_loss	: 1.7012
cond_ent_wt	: 4.8160
Src_reg_loss	: 0.0169
-------------------------------------
[Epoch : 176/500]
Total_loss	: 0.0821
Coral_loss	: 0.0000
MMD_loss	: 1.6998
cond_ent_wt	: 4.8158
Src_reg_loss	: 0.0169
-------------------------------------
[Epoch : 177/500]
Total_loss	: 0.0820
Coral_loss	: 0.0000
MMD_loss	: 1.6981
cond_ent_wt	: 4.8157
Src_reg_loss	: 0.0169
-------------------------------------
[Epoch : 178/500]
Total_loss	: 0.0819
Coral_loss	: 0.0000
MMD_loss	: 1.6965
cond_ent_wt	: 4.8156
Src_reg_loss	: 0.0168
-------------------------------------
[Epoch : 179/500]
Total_loss	: 0.0819
Coral_loss	: 0.0000
MMD_loss	: 1.6952
cond_ent_wt	: 4.8155
Src_reg_loss	: 0.0168
-------------------------------------
[Epoch : 180/500]
Total_loss	: 0.0818
Coral_loss	: 0.0000
MMD_loss	: 1.6938
cond_ent_wt	: 4.8154
Src_reg_loss	: 0.0168
-------------------------------------
[Epoch : 181/500]
Total_loss	: 0.0818
Coral_loss	: 0.0000
MMD_loss	: 1.6923
cond_ent_wt	: 4.8153
Src_reg_loss	: 0.0167
-------------------------------------
[Epoch : 182/500]
Total_loss	: 0.0817
Coral_loss	: 0.0000
MMD_loss	: 1.6907
cond_ent_wt	: 4.8152
Src_reg_loss	: 0.0167
-------------------------------------
[Epoch : 183/500]
Total_loss	: 0.0817
Coral_loss	: 0.0000
MMD_loss	: 1.6895
cond_ent_wt	: 4.8150
Src_reg_loss	: 0.0166
-------------------------------------
[Epoch : 184/500]
Total_loss	: 0.0816
Coral_loss	: 0.0000
MMD_loss	: 1.6882
cond_ent_wt	: 4.8149
Src_reg_loss	: 0.0166
-------------------------------------
[Epoch : 185/500]
Total_loss	: 0.0816
Coral_loss	: 0.0000
MMD_loss	: 1.6867
cond_ent_wt	: 4.8148
Src_reg_loss	: 0.0166
-------------------------------------
[Epoch : 186/500]
Total_loss	: 0.0815
Coral_loss	: 0.0000
MMD_loss	: 1.6853
cond_ent_wt	: 4.8147
Src_reg_loss	: 0.0165
-------------------------------------
[Epoch : 187/500]
Total_loss	: 0.0815
Coral_loss	: 0.0000
MMD_loss	: 1.6841
cond_ent_wt	: 4.8146
Src_reg_loss	: 0.0165
-------------------------------------
[Epoch : 188/500]
Total_loss	: 0.0814
Coral_loss	: 0.0000
MMD_loss	: 1.6829
cond_ent_wt	: 4.8145
Src_reg_loss	: 0.0165
-------------------------------------
[Epoch : 189/500]
Total_loss	: 0.0814
Coral_loss	: 0.0000
MMD_loss	: 1.6816
cond_ent_wt	: 4.8144
Src_reg_loss	: 0.0164
-------------------------------------
[Epoch : 190/500]
Total_loss	: 0.0813
Coral_loss	: 0.0000
MMD_loss	: 1.6803
cond_ent_wt	: 4.8142
Src_reg_loss	: 0.0164
-------------------------------------
[Epoch : 191/500]
Total_loss	: 0.0813
Coral_loss	: 0.0000
MMD_loss	: 1.6792
cond_ent_wt	: 4.8141
Src_reg_loss	: 0.0164
-------------------------------------
[Epoch : 192/500]
Total_loss	: 0.0813
Coral_loss	: 0.0000
MMD_loss	: 1.6781
cond_ent_wt	: 4.8140
Src_reg_loss	: 0.0163
-------------------------------------
[Epoch : 193/500]
Total_loss	: 0.0812
Coral_loss	: 0.0000
MMD_loss	: 1.6768
cond_ent_wt	: 4.8139
Src_reg_loss	: 0.0163
-------------------------------------
[Epoch : 194/500]
Total_loss	: 0.0812
Coral_loss	: 0.0000
MMD_loss	: 1.6756
cond_ent_wt	: 4.8138
Src_reg_loss	: 0.0163
-------------------------------------
[Epoch : 195/500]
Total_loss	: 0.0811
Coral_loss	: 0.0000
MMD_loss	: 1.6745
cond_ent_wt	: 4.8136
Src_reg_loss	: 0.0162
-------------------------------------
[Epoch : 196/500]
Total_loss	: 0.0811
Coral_loss	: 0.0000
MMD_loss	: 1.6735
cond_ent_wt	: 4.8135
Src_reg_loss	: 0.0162
-------------------------------------
[Epoch : 197/500]
Total_loss	: 0.0810
Coral_loss	: 0.0000
MMD_loss	: 1.6723
cond_ent_wt	: 4.8134
Src_reg_loss	: 0.0162
-------------------------------------
[Epoch : 198/500]
Total_loss	: 0.0810
Coral_loss	: 0.0000
MMD_loss	: 1.6711
cond_ent_wt	: 4.8133
Src_reg_loss	: 0.0161
-------------------------------------
[Epoch : 199/500]
Total_loss	: 0.0809
Coral_loss	: 0.0000
MMD_loss	: 1.6702
cond_ent_wt	: 4.8131
Src_reg_loss	: 0.0161
-------------------------------------
[Epoch : 200/500]
Total_loss	: 0.0809
Coral_loss	: 0.0000
MMD_loss	: 1.6692
cond_ent_wt	: 4.8130
Src_reg_loss	: 0.0161
-------------------------------------
[Epoch : 201/500]
Total_loss	: 0.0809
Coral_loss	: 0.0000
MMD_loss	: 1.6680
cond_ent_wt	: 4.8129
Src_reg_loss	: 0.0160
-------------------------------------
[Epoch : 202/500]
Total_loss	: 0.0808
Coral_loss	: 0.0000
MMD_loss	: 1.6669
cond_ent_wt	: 4.8128
Src_reg_loss	: 0.0160
-------------------------------------
[Epoch : 203/500]
Total_loss	: 0.0808
Coral_loss	: 0.0000
MMD_loss	: 1.6660
cond_ent_wt	: 4.8127
Src_reg_loss	: 0.0160
-------------------------------------
[Epoch : 204/500]
Total_loss	: 0.0807
Coral_loss	: 0.0000
MMD_loss	: 1.6651
cond_ent_wt	: 4.8126
Src_reg_loss	: 0.0160
-------------------------------------
[Epoch : 205/500]
Total_loss	: 0.0807
Coral_loss	: 0.0000
MMD_loss	: 1.6640
cond_ent_wt	: 4.8124
Src_reg_loss	: 0.0159
-------------------------------------
[Epoch : 206/500]
Total_loss	: 0.0806
Coral_loss	: 0.0000
MMD_loss	: 1.6630
cond_ent_wt	: 4.8123
Src_reg_loss	: 0.0159
-------------------------------------
[Epoch : 207/500]
Total_loss	: 0.0806
Coral_loss	: 0.0000
MMD_loss	: 1.6622
cond_ent_wt	: 4.8122
Src_reg_loss	: 0.0159
-------------------------------------
[Epoch : 208/500]
Total_loss	: 0.0806
Coral_loss	: 0.0000
MMD_loss	: 1.6612
cond_ent_wt	: 4.8121
Src_reg_loss	: 0.0158
-------------------------------------
[Epoch : 209/500]
Total_loss	: 0.0805
Coral_loss	: 0.0000
MMD_loss	: 1.6602
cond_ent_wt	: 4.8120
Src_reg_loss	: 0.0158
-------------------------------------
[Epoch : 210/500]
Total_loss	: 0.0805
Coral_loss	: 0.0000
MMD_loss	: 1.6593
cond_ent_wt	: 4.8118
Src_reg_loss	: 0.0158
-------------------------------------
[Epoch : 211/500]
Total_loss	: 0.0805
Coral_loss	: 0.0000
MMD_loss	: 1.6586
cond_ent_wt	: 4.8117
Src_reg_loss	: 0.0158
-------------------------------------
[Epoch : 212/500]
Total_loss	: 0.0804
Coral_loss	: 0.0000
MMD_loss	: 1.6577
cond_ent_wt	: 4.8116
Src_reg_loss	: 0.0157
-------------------------------------
[Epoch : 213/500]
Total_loss	: 0.0804
Coral_loss	: 0.0000
MMD_loss	: 1.6567
cond_ent_wt	: 4.8115
Src_reg_loss	: 0.0157
-------------------------------------
[Epoch : 214/500]
Total_loss	: 0.0803
Coral_loss	: 0.0000
MMD_loss	: 1.6560
cond_ent_wt	: 4.8113
Src_reg_loss	: 0.0157
-------------------------------------
[Epoch : 215/500]
Total_loss	: 0.0803
Coral_loss	: 0.0000
MMD_loss	: 1.6553
cond_ent_wt	: 4.8112
Src_reg_loss	: 0.0156
-------------------------------------
[Epoch : 216/500]
Total_loss	: 0.0803
Coral_loss	: 0.0000
MMD_loss	: 1.6544
cond_ent_wt	: 4.8111
Src_reg_loss	: 0.0156
-------------------------------------
[Epoch : 217/500]
Total_loss	: 0.0802
Coral_loss	: 0.0000
MMD_loss	: 1.6535
cond_ent_wt	: 4.8110
Src_reg_loss	: 0.0156
-------------------------------------
[Epoch : 218/500]
Total_loss	: 0.0802
Coral_loss	: 0.0000
MMD_loss	: 1.6529
cond_ent_wt	: 4.8109
Src_reg_loss	: 0.0156
-------------------------------------
[Epoch : 219/500]
Total_loss	: 0.0802
Coral_loss	: 0.0000
MMD_loss	: 1.6522
cond_ent_wt	: 4.8107
Src_reg_loss	: 0.0155
-------------------------------------
[Epoch : 220/500]
Total_loss	: 0.0801
Coral_loss	: 0.0000
MMD_loss	: 1.6514
cond_ent_wt	: 4.8106
Src_reg_loss	: 0.0155
-------------------------------------
[Epoch : 221/500]
Total_loss	: 0.0801
Coral_loss	: 0.0000
MMD_loss	: 1.6507
cond_ent_wt	: 4.8105
Src_reg_loss	: 0.0155
-------------------------------------
[Epoch : 222/500]
Total_loss	: 0.0801
Coral_loss	: 0.0000
MMD_loss	: 1.6502
cond_ent_wt	: 4.8103
Src_reg_loss	: 0.0155
-------------------------------------
[Epoch : 223/500]
Total_loss	: 0.0800
Coral_loss	: 0.0000
MMD_loss	: 1.6495
cond_ent_wt	: 4.8102
Src_reg_loss	: 0.0154
-------------------------------------
[Epoch : 224/500]
Total_loss	: 0.0800
Coral_loss	: 0.0000
MMD_loss	: 1.6487
cond_ent_wt	: 4.8101
Src_reg_loss	: 0.0154
-------------------------------------
[Epoch : 225/500]
Total_loss	: 0.0800
Coral_loss	: 0.0000
MMD_loss	: 1.6481
cond_ent_wt	: 4.8100
Src_reg_loss	: 0.0154
-------------------------------------
[Epoch : 226/500]
Total_loss	: 0.0799
Coral_loss	: 0.0000
MMD_loss	: 1.6477
cond_ent_wt	: 4.8098
Src_reg_loss	: 0.0153
-------------------------------------
[Epoch : 227/500]
Total_loss	: 0.0799
Coral_loss	: 0.0000
MMD_loss	: 1.6470
cond_ent_wt	: 4.8097
Src_reg_loss	: 0.0153
-------------------------------------
[Epoch : 228/500]
Total_loss	: 0.0799
Coral_loss	: 0.0000
MMD_loss	: 1.6463
cond_ent_wt	: 4.8096
Src_reg_loss	: 0.0153
-------------------------------------
[Epoch : 229/500]
Total_loss	: 0.0798
Coral_loss	: 0.0000
MMD_loss	: 1.6459
cond_ent_wt	: 4.8095
Src_reg_loss	: 0.0153
-------------------------------------
[Epoch : 230/500]
Total_loss	: 0.0798
Coral_loss	: 0.0000
MMD_loss	: 1.6454
cond_ent_wt	: 4.8093
Src_reg_loss	: 0.0153
-------------------------------------
[Epoch : 231/500]
Total_loss	: 0.0798
Coral_loss	: 0.0000
MMD_loss	: 1.6447
cond_ent_wt	: 4.8092
Src_reg_loss	: 0.0152
-------------------------------------
[Epoch : 232/500]
Total_loss	: 0.0797
Coral_loss	: 0.0000
MMD_loss	: 1.6442
cond_ent_wt	: 4.8091
Src_reg_loss	: 0.0152
-------------------------------------
[Epoch : 233/500]
Total_loss	: 0.0797
Coral_loss	: 0.0000
MMD_loss	: 1.6439
cond_ent_wt	: 4.8089
Src_reg_loss	: 0.0152
-------------------------------------
[Epoch : 234/500]
Total_loss	: 0.0797
Coral_loss	: 0.0000
MMD_loss	: 1.6434
cond_ent_wt	: 4.8088
Src_reg_loss	: 0.0152
-------------------------------------
[Epoch : 235/500]
Total_loss	: 0.0796
Coral_loss	: 0.0000
MMD_loss	: 1.6429
cond_ent_wt	: 4.8087
Src_reg_loss	: 0.0151
-------------------------------------
[Epoch : 236/500]
Total_loss	: 0.0796
Coral_loss	: 0.0000
MMD_loss	: 1.6425
cond_ent_wt	: 4.8085
Src_reg_loss	: 0.0151
-------------------------------------
[Epoch : 237/500]
Total_loss	: 0.0796
Coral_loss	: 0.0000
MMD_loss	: 1.6422
cond_ent_wt	: 4.8084
Src_reg_loss	: 0.0151
-------------------------------------
[Epoch : 238/500]
Total_loss	: 0.0796
Coral_loss	: 0.0000
MMD_loss	: 1.6418
cond_ent_wt	: 4.8083
Src_reg_loss	: 0.0151
-------------------------------------
[Epoch : 239/500]
Total_loss	: 0.0795
Coral_loss	: 0.0000
MMD_loss	: 1.6413
cond_ent_wt	: 4.8082
Src_reg_loss	: 0.0150
-------------------------------------
[Epoch : 240/500]
Total_loss	: 0.0795
Coral_loss	: 0.0000
MMD_loss	: 1.6411
cond_ent_wt	: 4.8080
Src_reg_loss	: 0.0150
-------------------------------------
[Epoch : 241/500]
Total_loss	: 0.0795
Coral_loss	: 0.0000
MMD_loss	: 1.6409
cond_ent_wt	: 4.8079
Src_reg_loss	: 0.0150
-------------------------------------
[Epoch : 242/500]
Total_loss	: 0.0794
Coral_loss	: 0.0000
MMD_loss	: 1.6405
cond_ent_wt	: 4.8078
Src_reg_loss	: 0.0150
-------------------------------------
[Epoch : 243/500]
Total_loss	: 0.0794
Coral_loss	: 0.0000
MMD_loss	: 1.6402
cond_ent_wt	: 4.8076
Src_reg_loss	: 0.0149
-------------------------------------
[Epoch : 244/500]
Total_loss	: 0.0794
Coral_loss	: 0.0000
MMD_loss	: 1.6401
cond_ent_wt	: 4.8075
Src_reg_loss	: 0.0149
-------------------------------------
[Epoch : 245/500]
Total_loss	: 0.0794
Coral_loss	: 0.0000
MMD_loss	: 1.6398
cond_ent_wt	: 4.8074
Src_reg_loss	: 0.0149
-------------------------------------
[Epoch : 246/500]
Total_loss	: 0.0793
Coral_loss	: 0.0000
MMD_loss	: 1.6396
cond_ent_wt	: 4.8072
Src_reg_loss	: 0.0149
-------------------------------------
[Epoch : 247/500]
Total_loss	: 0.0793
Coral_loss	: 0.0000
MMD_loss	: 1.6396
cond_ent_wt	: 4.8071
Src_reg_loss	: 0.0149
-------------------------------------
[Epoch : 248/500]
Total_loss	: 0.0793
Coral_loss	: 0.0000
MMD_loss	: 1.6395
cond_ent_wt	: 4.8069
Src_reg_loss	: 0.0148
-------------------------------------
[Epoch : 249/500]
Total_loss	: 0.0793
Coral_loss	: 0.0000
MMD_loss	: 1.6392
cond_ent_wt	: 4.8068
Src_reg_loss	: 0.0148
-------------------------------------
[Epoch : 250/500]
Total_loss	: 0.0792
Coral_loss	: 0.0000
MMD_loss	: 1.6392
cond_ent_wt	: 4.8066
Src_reg_loss	: 0.0148
-------------------------------------
[Epoch : 251/500]
Total_loss	: 0.0792
Coral_loss	: 0.0000
MMD_loss	: 1.6393
cond_ent_wt	: 4.8065
Src_reg_loss	: 0.0148
-------------------------------------
[Epoch : 252/500]
Total_loss	: 0.0792
Coral_loss	: 0.0000
MMD_loss	: 1.6392
cond_ent_wt	: 4.8064
Src_reg_loss	: 0.0147
-------------------------------------
[Epoch : 253/500]
Total_loss	: 0.0792
Coral_loss	: 0.0000
MMD_loss	: 1.6391
cond_ent_wt	: 4.8062
Src_reg_loss	: 0.0147
-------------------------------------
[Epoch : 254/500]
Total_loss	: 0.0792
Coral_loss	: 0.0000
MMD_loss	: 1.6393
cond_ent_wt	: 4.8061
Src_reg_loss	: 0.0147
-------------------------------------
[Epoch : 255/500]
Total_loss	: 0.0791
Coral_loss	: 0.0000
MMD_loss	: 1.6394
cond_ent_wt	: 4.8059
Src_reg_loss	: 0.0147
-------------------------------------
[Epoch : 256/500]
Total_loss	: 0.0791
Coral_loss	: 0.0000
MMD_loss	: 1.6394
cond_ent_wt	: 4.8058
Src_reg_loss	: 0.0147
-------------------------------------
[Epoch : 257/500]
Total_loss	: 0.0791
Coral_loss	: 0.0000
MMD_loss	: 1.6396
cond_ent_wt	: 4.8056
Src_reg_loss	: 0.0146
-------------------------------------
[Epoch : 258/500]
Total_loss	: 0.0791
Coral_loss	: 0.0000
MMD_loss	: 1.6400
cond_ent_wt	: 4.8055
Src_reg_loss	: 0.0146
-------------------------------------
[Epoch : 259/500]
Total_loss	: 0.0791
Coral_loss	: 0.0000
MMD_loss	: 1.6401
cond_ent_wt	: 4.8053
Src_reg_loss	: 0.0146
-------------------------------------
[Epoch : 260/500]
Total_loss	: 0.0790
Coral_loss	: 0.0000
MMD_loss	: 1.6403
cond_ent_wt	: 4.8052
Src_reg_loss	: 0.0146
-------------------------------------
[Epoch : 261/500]
Total_loss	: 0.0790
Coral_loss	: 0.0000
MMD_loss	: 1.6408
cond_ent_wt	: 4.8050
Src_reg_loss	: 0.0146
-------------------------------------
[Epoch : 262/500]
Total_loss	: 0.0790
Coral_loss	: 0.0000
MMD_loss	: 1.6411
cond_ent_wt	: 4.8049
Src_reg_loss	: 0.0145
-------------------------------------
[Epoch : 263/500]
Total_loss	: 0.0790
Coral_loss	: 0.0000
MMD_loss	: 1.6414
cond_ent_wt	: 4.8047
Src_reg_loss	: 0.0145
-------------------------------------
[Epoch : 264/500]
Total_loss	: 0.0790
Coral_loss	: 0.0000
MMD_loss	: 1.6418
cond_ent_wt	: 4.8046
Src_reg_loss	: 0.0145
-------------------------------------
[Epoch : 265/500]
Total_loss	: 0.0789
Coral_loss	: 0.0000
MMD_loss	: 1.6424
cond_ent_wt	: 4.8044
Src_reg_loss	: 0.0145
-------------------------------------
[Epoch : 266/500]
Total_loss	: 0.0789
Coral_loss	: 0.0000
MMD_loss	: 1.6428
cond_ent_wt	: 4.8043
Src_reg_loss	: 0.0145
-------------------------------------
[Epoch : 267/500]
Total_loss	: 0.0789
Coral_loss	: 0.0000
MMD_loss	: 1.6432
cond_ent_wt	: 4.8041
Src_reg_loss	: 0.0144
-------------------------------------
[Epoch : 268/500]
Total_loss	: 0.0789
Coral_loss	: 0.0000
MMD_loss	: 1.6440
cond_ent_wt	: 4.8040
Src_reg_loss	: 0.0144
-------------------------------------
[Epoch : 269/500]
Total_loss	: 0.0789
Coral_loss	: 0.0000
MMD_loss	: 1.6446
cond_ent_wt	: 4.8038
Src_reg_loss	: 0.0144
-------------------------------------
[Epoch : 270/500]
Total_loss	: 0.0789
Coral_loss	: 0.0000
MMD_loss	: 1.6451
cond_ent_wt	: 4.8036
Src_reg_loss	: 0.0144
-------------------------------------
[Epoch : 271/500]
Total_loss	: 0.0788
Coral_loss	: 0.0000
MMD_loss	: 1.6459
cond_ent_wt	: 4.8035
Src_reg_loss	: 0.0144
-------------------------------------
[Epoch : 272/500]
Total_loss	: 0.0788
Coral_loss	: 0.0000
MMD_loss	: 1.6468
cond_ent_wt	: 4.8033
Src_reg_loss	: 0.0143
-------------------------------------
[Epoch : 273/500]
Total_loss	: 0.0788
Coral_loss	: 0.0000
MMD_loss	: 1.6474
cond_ent_wt	: 4.8031
Src_reg_loss	: 0.0143
-------------------------------------
[Epoch : 274/500]
Total_loss	: 0.0788
Coral_loss	: 0.0000
MMD_loss	: 1.6482
cond_ent_wt	: 4.8030
Src_reg_loss	: 0.0143
-------------------------------------
[Epoch : 275/500]
Total_loss	: 0.0788
Coral_loss	: 0.0000
MMD_loss	: 1.6493
cond_ent_wt	: 4.8028
Src_reg_loss	: 0.0143
-------------------------------------
[Epoch : 276/500]
Total_loss	: 0.0788
Coral_loss	: 0.0000
MMD_loss	: 1.6501
cond_ent_wt	: 4.8027
Src_reg_loss	: 0.0143
-------------------------------------
[Epoch : 277/500]
Total_loss	: 0.0788
Coral_loss	: 0.0000
MMD_loss	: 1.6510
cond_ent_wt	: 4.8025
Src_reg_loss	: 0.0142
-------------------------------------
[Epoch : 278/500]
Total_loss	: 0.0788
Coral_loss	: 0.0000
MMD_loss	: 1.6522
cond_ent_wt	: 4.8023
Src_reg_loss	: 0.0142
-------------------------------------
[Epoch : 279/500]
Total_loss	: 0.0788
Coral_loss	: 0.0000
MMD_loss	: 1.6533
cond_ent_wt	: 4.8021
Src_reg_loss	: 0.0142
-------------------------------------
[Epoch : 280/500]
Total_loss	: 0.0788
Coral_loss	: 0.0000
MMD_loss	: 1.6543
cond_ent_wt	: 4.8020
Src_reg_loss	: 0.0142
-------------------------------------
[Epoch : 281/500]
Total_loss	: 0.0787
Coral_loss	: 0.0000
MMD_loss	: 1.6555
cond_ent_wt	: 4.8018
Src_reg_loss	: 0.0142
-------------------------------------
[Epoch : 282/500]
Total_loss	: 0.0787
Coral_loss	: 0.0000
MMD_loss	: 1.6570
cond_ent_wt	: 4.8016
Src_reg_loss	: 0.0142
-------------------------------------
[Epoch : 283/500]
Total_loss	: 0.0787
Coral_loss	: 0.0000
MMD_loss	: 1.6582
cond_ent_wt	: 4.8015
Src_reg_loss	: 0.0141
-------------------------------------
[Epoch : 284/500]
Total_loss	: 0.0787
Coral_loss	: 0.0000
MMD_loss	: 1.6595
cond_ent_wt	: 4.8013
Src_reg_loss	: 0.0141
-------------------------------------
[Epoch : 285/500]
Total_loss	: 0.0787
Coral_loss	: 0.0000
MMD_loss	: 1.6611
cond_ent_wt	: 4.8011
Src_reg_loss	: 0.0141
-------------------------------------
[Epoch : 286/500]
Total_loss	: 0.0787
Coral_loss	: 0.0000
MMD_loss	: 1.6627
cond_ent_wt	: 4.8009
Src_reg_loss	: 0.0141
-------------------------------------
[Epoch : 287/500]
Total_loss	: 0.0787
Coral_loss	: 0.0000
MMD_loss	: 1.6641
cond_ent_wt	: 4.8008
Src_reg_loss	: 0.0141
-------------------------------------
[Epoch : 288/500]
Total_loss	: 0.0787
Coral_loss	: 0.0000
MMD_loss	: 1.6659
cond_ent_wt	: 4.8006
Src_reg_loss	: 0.0140
-------------------------------------
[Epoch : 289/500]
Total_loss	: 0.0787
Coral_loss	: 0.0000
MMD_loss	: 1.6678
cond_ent_wt	: 4.8004
Src_reg_loss	: 0.0140
-------------------------------------
[Epoch : 290/500]
Total_loss	: 0.0787
Coral_loss	: 0.0000
MMD_loss	: 1.6694
cond_ent_wt	: 4.8002
Src_reg_loss	: 0.0140
-------------------------------------
[Epoch : 291/500]
Total_loss	: 0.0787
Coral_loss	: 0.0000
MMD_loss	: 1.6713
cond_ent_wt	: 4.8000
Src_reg_loss	: 0.0140
-------------------------------------
[Epoch : 292/500]
Total_loss	: 0.0787
Coral_loss	: 0.0000
MMD_loss	: 1.6735
cond_ent_wt	: 4.7998
Src_reg_loss	: 0.0140
-------------------------------------
[Epoch : 293/500]
Total_loss	: 0.0787
Coral_loss	: 0.0000
MMD_loss	: 1.6755
cond_ent_wt	: 4.7996
Src_reg_loss	: 0.0140
-------------------------------------
[Epoch : 294/500]
Total_loss	: 0.0787
Coral_loss	: 0.0000
MMD_loss	: 1.6775
cond_ent_wt	: 4.7994
Src_reg_loss	: 0.0139
-------------------------------------
[Epoch : 295/500]
Total_loss	: 0.0787
Coral_loss	: 0.0000
MMD_loss	: 1.6799
cond_ent_wt	: 4.7992
Src_reg_loss	: 0.0139
-------------------------------------
[Epoch : 296/500]
Total_loss	: 0.0787
Coral_loss	: 0.0000
MMD_loss	: 1.6823
cond_ent_wt	: 4.7990
Src_reg_loss	: 0.0139
-------------------------------------
[Epoch : 297/500]
Total_loss	: 0.0787
Coral_loss	: 0.0000
MMD_loss	: 1.6845
cond_ent_wt	: 4.7988
Src_reg_loss	: 0.0139
-------------------------------------
[Epoch : 298/500]
Total_loss	: 0.0787
Coral_loss	: 0.0000
MMD_loss	: 1.6870
cond_ent_wt	: 4.7986
Src_reg_loss	: 0.0139
-------------------------------------
[Epoch : 299/500]
Total_loss	: 0.0787
Coral_loss	: 0.0000
MMD_loss	: 1.6898
cond_ent_wt	: 4.7984
Src_reg_loss	: 0.0139
-------------------------------------
[Epoch : 300/500]
Total_loss	: 0.0787
Coral_loss	: 0.0000
MMD_loss	: 1.6923
cond_ent_wt	: 4.7982
Src_reg_loss	: 0.0138
-------------------------------------
[Epoch : 301/500]
Total_loss	: 0.0788
Coral_loss	: 0.0000
MMD_loss	: 1.6950
cond_ent_wt	: 4.7980
Src_reg_loss	: 0.0138
-------------------------------------
[Epoch : 302/500]
Total_loss	: 0.0788
Coral_loss	: 0.0000
MMD_loss	: 1.6982
cond_ent_wt	: 4.7978
Src_reg_loss	: 0.0138
-------------------------------------
[Epoch : 303/500]
Total_loss	: 0.0788
Coral_loss	: 0.0000
MMD_loss	: 1.7011
cond_ent_wt	: 4.7976
Src_reg_loss	: 0.0138
-------------------------------------
[Epoch : 304/500]
Total_loss	: 0.0788
Coral_loss	: 0.0000
MMD_loss	: 1.7041
cond_ent_wt	: 4.7974
Src_reg_loss	: 0.0138
-------------------------------------
[Epoch : 305/500]
Total_loss	: 0.0788
Coral_loss	: 0.0000
MMD_loss	: 1.7075
cond_ent_wt	: 4.7972
Src_reg_loss	: 0.0138
-------------------------------------
[Epoch : 306/500]
Total_loss	: 0.0788
Coral_loss	: 0.0000
MMD_loss	: 1.7109
cond_ent_wt	: 4.7970
Src_reg_loss	: 0.0137
-------------------------------------
[Epoch : 307/500]
Total_loss	: 0.0788
Coral_loss	: 0.0000
MMD_loss	: 1.7142
cond_ent_wt	: 4.7967
Src_reg_loss	: 0.0137
-------------------------------------
[Epoch : 308/500]
Total_loss	: 0.0789
Coral_loss	: 0.0000
MMD_loss	: 1.7179
cond_ent_wt	: 4.7965
Src_reg_loss	: 0.0137
-------------------------------------
[Epoch : 309/500]
Total_loss	: 0.0789
Coral_loss	: 0.0000
MMD_loss	: 1.7218
cond_ent_wt	: 4.7963
Src_reg_loss	: 0.0137
-------------------------------------
[Epoch : 310/500]
Total_loss	: 0.0789
Coral_loss	: 0.0000
MMD_loss	: 1.7256
cond_ent_wt	: 4.7960
Src_reg_loss	: 0.0137
-------------------------------------
[Epoch : 311/500]
Total_loss	: 0.0789
Coral_loss	: 0.0000
MMD_loss	: 1.7296
cond_ent_wt	: 4.7958
Src_reg_loss	: 0.0137
-------------------------------------
[Epoch : 312/500]
Total_loss	: 0.0789
Coral_loss	: 0.0000
MMD_loss	: 1.7339
cond_ent_wt	: 4.7956
Src_reg_loss	: 0.0136
-------------------------------------
[Epoch : 313/500]
Total_loss	: 0.0790
Coral_loss	: 0.0000
MMD_loss	: 1.7382
cond_ent_wt	: 4.7953
Src_reg_loss	: 0.0136
-------------------------------------
[Epoch : 314/500]
Total_loss	: 0.0790
Coral_loss	: 0.0000
MMD_loss	: 1.7425
cond_ent_wt	: 4.7951
Src_reg_loss	: 0.0136
-------------------------------------
[Epoch : 315/500]
Total_loss	: 0.0790
Coral_loss	: 0.0000
MMD_loss	: 1.7473
cond_ent_wt	: 4.7948
Src_reg_loss	: 0.0136
-------------------------------------
[Epoch : 316/500]
Total_loss	: 0.0790
Coral_loss	: 0.0000
MMD_loss	: 1.7520
cond_ent_wt	: 4.7945
Src_reg_loss	: 0.0136
-------------------------------------
[Epoch : 317/500]
Total_loss	: 0.0791
Coral_loss	: 0.0000
MMD_loss	: 1.7567
cond_ent_wt	: 4.7943
Src_reg_loss	: 0.0136
-------------------------------------
[Epoch : 318/500]
Total_loss	: 0.0791
Coral_loss	: 0.0000
MMD_loss	: 1.7618
cond_ent_wt	: 4.7940
Src_reg_loss	: 0.0135
-------------------------------------
[Epoch : 319/500]
Total_loss	: 0.0791
Coral_loss	: 0.0000
MMD_loss	: 1.7671
cond_ent_wt	: 4.7937
Src_reg_loss	: 0.0135
-------------------------------------
[Epoch : 320/500]
Total_loss	: 0.0792
Coral_loss	: 0.0000
MMD_loss	: 1.7722
cond_ent_wt	: 4.7934
Src_reg_loss	: 0.0135
-------------------------------------
[Epoch : 321/500]
Total_loss	: 0.0792
Coral_loss	: 0.0000
MMD_loss	: 1.7777
cond_ent_wt	: 4.7932
Src_reg_loss	: 0.0135
-------------------------------------
[Epoch : 322/500]
Total_loss	: 0.0793
Coral_loss	: 0.0000
MMD_loss	: 1.7834
cond_ent_wt	: 4.7929
Src_reg_loss	: 0.0135
-------------------------------------
[Epoch : 323/500]
Total_loss	: 0.0793
Coral_loss	: 0.0000
MMD_loss	: 1.7890
cond_ent_wt	: 4.7926
Src_reg_loss	: 0.0135
-------------------------------------
[Epoch : 324/500]
Total_loss	: 0.0793
Coral_loss	: 0.0000
MMD_loss	: 1.7947
cond_ent_wt	: 4.7923
Src_reg_loss	: 0.0135
-------------------------------------
[Epoch : 325/500]
Total_loss	: 0.0794
Coral_loss	: 0.0000
MMD_loss	: 1.8007
cond_ent_wt	: 4.7920
Src_reg_loss	: 0.0134
-------------------------------------
[Epoch : 326/500]
Total_loss	: 0.0794
Coral_loss	: 0.0000
MMD_loss	: 1.8064
cond_ent_wt	: 4.7916
Src_reg_loss	: 0.0134
-------------------------------------
[Epoch : 327/500]
Total_loss	: 0.0794
Coral_loss	: 0.0000
MMD_loss	: 1.8123
cond_ent_wt	: 4.7913
Src_reg_loss	: 0.0134
-------------------------------------
[Epoch : 328/500]
Total_loss	: 0.0795
Coral_loss	: 0.0000
MMD_loss	: 1.8183
cond_ent_wt	: 4.7910
Src_reg_loss	: 0.0134
-------------------------------------
[Epoch : 329/500]
Total_loss	: 0.0795
Coral_loss	: 0.0000
MMD_loss	: 1.8242
cond_ent_wt	: 4.7906
Src_reg_loss	: 0.0134
-------------------------------------
[Epoch : 330/500]
Total_loss	: 0.0796
Coral_loss	: 0.0000
MMD_loss	: 1.8302
cond_ent_wt	: 4.7903
Src_reg_loss	: 0.0134
-------------------------------------
[Epoch : 331/500]
Total_loss	: 0.0796
Coral_loss	: 0.0000
MMD_loss	: 1.8363
cond_ent_wt	: 4.7899
Src_reg_loss	: 0.0133
-------------------------------------
[Epoch : 332/500]
Total_loss	: 0.0796
Coral_loss	: 0.0000
MMD_loss	: 1.8424
cond_ent_wt	: 4.7895
Src_reg_loss	: 0.0133
-------------------------------------
[Epoch : 333/500]
Total_loss	: 0.0797
Coral_loss	: 0.0000
MMD_loss	: 1.8484
cond_ent_wt	: 4.7891
Src_reg_loss	: 0.0133
-------------------------------------
[Epoch : 334/500]
Total_loss	: 0.0797
Coral_loss	: 0.0000
MMD_loss	: 1.8547
cond_ent_wt	: 4.7887
Src_reg_loss	: 0.0133
-------------------------------------
[Epoch : 335/500]
Total_loss	: 0.0798
Coral_loss	: 0.0000
MMD_loss	: 1.8609
cond_ent_wt	: 4.7883
Src_reg_loss	: 0.0133
-------------------------------------
[Epoch : 336/500]
Total_loss	: 0.0798
Coral_loss	: 0.0000
MMD_loss	: 1.8670
cond_ent_wt	: 4.7879
Src_reg_loss	: 0.0133
-------------------------------------
[Epoch : 337/500]
Total_loss	: 0.0799
Coral_loss	: 0.0000
MMD_loss	: 1.8732
cond_ent_wt	: 4.7875
Src_reg_loss	: 0.0132
-------------------------------------
[Epoch : 338/500]
Total_loss	: 0.0799
Coral_loss	: 0.0000
MMD_loss	: 1.8795
cond_ent_wt	: 4.7871
Src_reg_loss	: 0.0132
-------------------------------------
[Epoch : 339/500]
Total_loss	: 0.0799
Coral_loss	: 0.0000
MMD_loss	: 1.8857
cond_ent_wt	: 4.7867
Src_reg_loss	: 0.0132
-------------------------------------
[Epoch : 340/500]
Total_loss	: 0.0800
Coral_loss	: 0.0000
MMD_loss	: 1.8921
cond_ent_wt	: 4.7864
Src_reg_loss	: 0.0132
-------------------------------------
[Epoch : 341/500]
Total_loss	: 0.0800
Coral_loss	: 0.0000
MMD_loss	: 1.8987
cond_ent_wt	: 4.7859
Src_reg_loss	: 0.0132
-------------------------------------
[Epoch : 342/500]
Total_loss	: 0.0801
Coral_loss	: 0.0000
MMD_loss	: 1.9051
cond_ent_wt	: 4.7855
Src_reg_loss	: 0.0132
-------------------------------------
[Epoch : 343/500]
Total_loss	: 0.0801
Coral_loss	: 0.0000
MMD_loss	: 1.9117
cond_ent_wt	: 4.7852
Src_reg_loss	: 0.0132
-------------------------------------
[Epoch : 344/500]
Total_loss	: 0.0802
Coral_loss	: 0.0000
MMD_loss	: 1.9185
cond_ent_wt	: 4.7848
Src_reg_loss	: 0.0132
-------------------------------------
[Epoch : 345/500]
Total_loss	: 0.0802
Coral_loss	: 0.0000
MMD_loss	: 1.9253
cond_ent_wt	: 4.7844
Src_reg_loss	: 0.0131
-------------------------------------
[Epoch : 346/500]
Total_loss	: 0.0803
Coral_loss	: 0.0000
MMD_loss	: 1.9317
cond_ent_wt	: 4.7840
Src_reg_loss	: 0.0131
-------------------------------------
[Epoch : 347/500]
Total_loss	: 0.0803
Coral_loss	: 0.0000
MMD_loss	: 1.9381
cond_ent_wt	: 4.7836
Src_reg_loss	: 0.0131
-------------------------------------
[Epoch : 348/500]
Total_loss	: 0.0804
Coral_loss	: 0.0000
MMD_loss	: 1.9446
cond_ent_wt	: 4.7832
Src_reg_loss	: 0.0131
-------------------------------------
[Epoch : 349/500]
Total_loss	: 0.0804
Coral_loss	: 0.0000
MMD_loss	: 1.9512
cond_ent_wt	: 4.7828
Src_reg_loss	: 0.0131
-------------------------------------
[Epoch : 350/500]
Total_loss	: 0.0805
Coral_loss	: 0.0000
MMD_loss	: 1.9580
cond_ent_wt	: 4.7824
Src_reg_loss	: 0.0131
-------------------------------------
[Epoch : 351/500]
Total_loss	: 0.0805
Coral_loss	: 0.0000
MMD_loss	: 1.9649
cond_ent_wt	: 4.7820
Src_reg_loss	: 0.0131
-------------------------------------
[Epoch : 352/500]
Total_loss	: 0.0806
Coral_loss	: 0.0000
MMD_loss	: 1.9716
cond_ent_wt	: 4.7815
Src_reg_loss	: 0.0130
-------------------------------------
[Epoch : 353/500]
Total_loss	: 0.0806
Coral_loss	: 0.0000
MMD_loss	: 1.9786
cond_ent_wt	: 4.7810
Src_reg_loss	: 0.0130
-------------------------------------
[Epoch : 354/500]
Total_loss	: 0.0807
Coral_loss	: 0.0000
MMD_loss	: 1.9855
cond_ent_wt	: 4.7806
Src_reg_loss	: 0.0130
-------------------------------------
[Epoch : 355/500]
Total_loss	: 0.0807
Coral_loss	: 0.0000
MMD_loss	: 1.9924
cond_ent_wt	: 4.7801
Src_reg_loss	: 0.0130
-------------------------------------
[Epoch : 356/500]
Total_loss	: 0.0808
Coral_loss	: 0.0000
MMD_loss	: 1.9995
cond_ent_wt	: 4.7796
Src_reg_loss	: 0.0130
-------------------------------------
[Epoch : 357/500]
Total_loss	: 0.0808
Coral_loss	: 0.0000
MMD_loss	: 2.0066
cond_ent_wt	: 4.7791
Src_reg_loss	: 0.0130
-------------------------------------
[Epoch : 358/500]
Total_loss	: 0.0809
Coral_loss	: 0.0000
MMD_loss	: 2.0135
cond_ent_wt	: 4.7786
Src_reg_loss	: 0.0129
-------------------------------------
[Epoch : 359/500]
Total_loss	: 0.0809
Coral_loss	: 0.0000
MMD_loss	: 2.0205
cond_ent_wt	: 4.7781
Src_reg_loss	: 0.0129
-------------------------------------
[Epoch : 360/500]
Total_loss	: 0.0810
Coral_loss	: 0.0000
MMD_loss	: 2.0276
cond_ent_wt	: 4.7776
Src_reg_loss	: 0.0129
-------------------------------------
[Epoch : 361/500]
Total_loss	: 0.0810
Coral_loss	: 0.0000
MMD_loss	: 2.0347
cond_ent_wt	: 4.7771
Src_reg_loss	: 0.0129
-------------------------------------
[Epoch : 362/500]
Total_loss	: 0.0811
Coral_loss	: 0.0000
MMD_loss	: 2.0419
cond_ent_wt	: 4.7766
Src_reg_loss	: 0.0129
-------------------------------------
[Epoch : 363/500]
Total_loss	: 0.0811
Coral_loss	: 0.0000
MMD_loss	: 2.0493
cond_ent_wt	: 4.7761
Src_reg_loss	: 0.0129
-------------------------------------
[Epoch : 364/500]
Total_loss	: 0.0812
Coral_loss	: 0.0000
MMD_loss	: 2.0569
cond_ent_wt	: 4.7756
Src_reg_loss	: 0.0129
-------------------------------------
[Epoch : 365/500]
Total_loss	: 0.0812
Coral_loss	: 0.0000
MMD_loss	: 2.0643
cond_ent_wt	: 4.7751
Src_reg_loss	: 0.0128
-------------------------------------
[Epoch : 366/500]
Total_loss	: 0.0813
Coral_loss	: 0.0000
MMD_loss	: 2.0717
cond_ent_wt	: 4.7747
Src_reg_loss	: 0.0128
-------------------------------------
[Epoch : 367/500]
Total_loss	: 0.0814
Coral_loss	: 0.0000
MMD_loss	: 2.0796
cond_ent_wt	: 4.7742
Src_reg_loss	: 0.0128
-------------------------------------
[Epoch : 368/500]
Total_loss	: 0.0814
Coral_loss	: 0.0000
MMD_loss	: 2.0871
cond_ent_wt	: 4.7737
Src_reg_loss	: 0.0128
-------------------------------------
[Epoch : 369/500]
Total_loss	: 0.0815
Coral_loss	: 0.0000
MMD_loss	: 2.0944
cond_ent_wt	: 4.7732
Src_reg_loss	: 0.0128
-------------------------------------
[Epoch : 370/500]
Total_loss	: 0.0815
Coral_loss	: 0.0000
MMD_loss	: 2.1022
cond_ent_wt	: 4.7727
Src_reg_loss	: 0.0128
-------------------------------------
[Epoch : 371/500]
Total_loss	: 0.0816
Coral_loss	: 0.0000
MMD_loss	: 2.1096
cond_ent_wt	: 4.7721
Src_reg_loss	: 0.0128
-------------------------------------
[Epoch : 372/500]
Total_loss	: 0.0816
Coral_loss	: 0.0000
MMD_loss	: 2.1169
cond_ent_wt	: 4.7716
Src_reg_loss	: 0.0127
-------------------------------------
[Epoch : 373/500]
Total_loss	: 0.0817
Coral_loss	: 0.0000
MMD_loss	: 2.1245
cond_ent_wt	: 4.7711
Src_reg_loss	: 0.0127
-------------------------------------
[Epoch : 374/500]
Total_loss	: 0.0818
Coral_loss	: 0.0000
MMD_loss	: 2.1321
cond_ent_wt	: 4.7706
Src_reg_loss	: 0.0127
-------------------------------------
[Epoch : 375/500]
Total_loss	: 0.0818
Coral_loss	: 0.0000
MMD_loss	: 2.1395
cond_ent_wt	: 4.7700
Src_reg_loss	: 0.0127
-------------------------------------
[Epoch : 376/500]
Total_loss	: 0.0819
Coral_loss	: 0.0000
MMD_loss	: 2.1468
cond_ent_wt	: 4.7694
Src_reg_loss	: 0.0127
-------------------------------------
[Epoch : 377/500]
Total_loss	: 0.0819
Coral_loss	: 0.0000
MMD_loss	: 2.1544
cond_ent_wt	: 4.7689
Src_reg_loss	: 0.0127
-------------------------------------
[Epoch : 378/500]
Total_loss	: 0.0820
Coral_loss	: 0.0000
MMD_loss	: 2.1618
cond_ent_wt	: 4.7684
Src_reg_loss	: 0.0127
-------------------------------------
[Epoch : 379/500]
Total_loss	: 0.0820
Coral_loss	: 0.0000
MMD_loss	: 2.1692
cond_ent_wt	: 4.7678
Src_reg_loss	: 0.0126
-------------------------------------
[Epoch : 380/500]
Total_loss	: 0.0821
Coral_loss	: 0.0000
MMD_loss	: 2.1770
cond_ent_wt	: 4.7672
Src_reg_loss	: 0.0126
-------------------------------------
[Epoch : 381/500]
Total_loss	: 0.0821
Coral_loss	: 0.0000
MMD_loss	: 2.1842
cond_ent_wt	: 4.7667
Src_reg_loss	: 0.0126
-------------------------------------
[Epoch : 382/500]
Total_loss	: 0.0822
Coral_loss	: 0.0000
MMD_loss	: 2.1917
cond_ent_wt	: 4.7661
Src_reg_loss	: 0.0126
-------------------------------------
[Epoch : 383/500]
Total_loss	: 0.0823
Coral_loss	: 0.0000
MMD_loss	: 2.1993
cond_ent_wt	: 4.7656
Src_reg_loss	: 0.0126
-------------------------------------
[Epoch : 384/500]
Total_loss	: 0.0823
Coral_loss	: 0.0000
MMD_loss	: 2.2069
cond_ent_wt	: 4.7652
Src_reg_loss	: 0.0126
-------------------------------------
[Epoch : 385/500]
Total_loss	: 0.0824
Coral_loss	: 0.0000
MMD_loss	: 2.2144
cond_ent_wt	: 4.7646
Src_reg_loss	: 0.0126
-------------------------------------
[Epoch : 386/500]
Total_loss	: 0.0824
Coral_loss	: 0.0000
MMD_loss	: 2.2219
cond_ent_wt	: 4.7640
Src_reg_loss	: 0.0126
-------------------------------------
[Epoch : 387/500]
Total_loss	: 0.0825
Coral_loss	: 0.0000
MMD_loss	: 2.2295
cond_ent_wt	: 4.7635
Src_reg_loss	: 0.0125
-------------------------------------
[Epoch : 388/500]
Total_loss	: 0.0825
Coral_loss	: 0.0000
MMD_loss	: 2.2370
cond_ent_wt	: 4.7629
Src_reg_loss	: 0.0125
-------------------------------------
[Epoch : 389/500]
Total_loss	: 0.0826
Coral_loss	: 0.0000
MMD_loss	: 2.2446
cond_ent_wt	: 4.7623
Src_reg_loss	: 0.0125
-------------------------------------
[Epoch : 390/500]
Total_loss	: 0.0827
Coral_loss	: 0.0000
MMD_loss	: 2.2522
cond_ent_wt	: 4.7617
Src_reg_loss	: 0.0125
-------------------------------------
[Epoch : 391/500]
Total_loss	: 0.0827
Coral_loss	: 0.0000
MMD_loss	: 2.2596
cond_ent_wt	: 4.7611
Src_reg_loss	: 0.0125
-------------------------------------
[Epoch : 392/500]
Total_loss	: 0.0828
Coral_loss	: 0.0000
MMD_loss	: 2.2671
cond_ent_wt	: 4.7605
Src_reg_loss	: 0.0125
-------------------------------------
[Epoch : 393/500]
Total_loss	: 0.0828
Coral_loss	: 0.0000
MMD_loss	: 2.2746
cond_ent_wt	: 4.7599
Src_reg_loss	: 0.0125
-------------------------------------
[Epoch : 394/500]
Total_loss	: 0.0829
Coral_loss	: 0.0000
MMD_loss	: 2.2818
cond_ent_wt	: 4.7593
Src_reg_loss	: 0.0124
-------------------------------------
[Epoch : 395/500]
Total_loss	: 0.0829
Coral_loss	: 0.0000
MMD_loss	: 2.2892
cond_ent_wt	: 4.7587
Src_reg_loss	: 0.0124
-------------------------------------
[Epoch : 396/500]
Total_loss	: 0.0830
Coral_loss	: 0.0000
MMD_loss	: 2.2967
cond_ent_wt	: 4.7582
Src_reg_loss	: 0.0124
-------------------------------------
[Epoch : 397/500]
Total_loss	: 0.0830
Coral_loss	: 0.0000
MMD_loss	: 2.3039
cond_ent_wt	: 4.7575
Src_reg_loss	: 0.0124
-------------------------------------
[Epoch : 398/500]
Total_loss	: 0.0831
Coral_loss	: 0.0000
MMD_loss	: 2.3112
cond_ent_wt	: 4.7570
Src_reg_loss	: 0.0124
-------------------------------------
[Epoch : 399/500]
Total_loss	: 0.0831
Coral_loss	: 0.0000
MMD_loss	: 2.3187
cond_ent_wt	: 4.7564
Src_reg_loss	: 0.0124
-------------------------------------
[Epoch : 400/500]
Total_loss	: 0.0832
Coral_loss	: 0.0000
MMD_loss	: 2.3260
cond_ent_wt	: 4.7558
Src_reg_loss	: 0.0124
-------------------------------------
[Epoch : 401/500]
Total_loss	: 0.0832
Coral_loss	: 0.0000
MMD_loss	: 2.3332
cond_ent_wt	: 4.7552
Src_reg_loss	: 0.0123
-------------------------------------
[Epoch : 402/500]
Total_loss	: 0.0833
Coral_loss	: 0.0000
MMD_loss	: 2.3406
cond_ent_wt	: 4.7546
Src_reg_loss	: 0.0123
-------------------------------------
[Epoch : 403/500]
Total_loss	: 0.0834
Coral_loss	: 0.0000
MMD_loss	: 2.3480
cond_ent_wt	: 4.7540
Src_reg_loss	: 0.0123
-------------------------------------
[Epoch : 404/500]
Total_loss	: 0.0834
Coral_loss	: 0.0000
MMD_loss	: 2.3551
cond_ent_wt	: 4.7534
Src_reg_loss	: 0.0123
-------------------------------------
[Epoch : 405/500]
Total_loss	: 0.0835
Coral_loss	: 0.0000
MMD_loss	: 2.3624
cond_ent_wt	: 4.7528
Src_reg_loss	: 0.0123
-------------------------------------
[Epoch : 406/500]
Total_loss	: 0.0835
Coral_loss	: 0.0000
MMD_loss	: 2.3701
cond_ent_wt	: 4.7522
Src_reg_loss	: 0.0123
-------------------------------------
[Epoch : 407/500]
Total_loss	: 0.0836
Coral_loss	: 0.0000
MMD_loss	: 2.3774
cond_ent_wt	: 4.7517
Src_reg_loss	: 0.0123
-------------------------------------
[Epoch : 408/500]
Total_loss	: 0.0836
Coral_loss	: 0.0000
MMD_loss	: 2.3844
cond_ent_wt	: 4.7511
Src_reg_loss	: 0.0123
-------------------------------------
[Epoch : 409/500]
Total_loss	: 0.0837
Coral_loss	: 0.0000
MMD_loss	: 2.3915
cond_ent_wt	: 4.7504
Src_reg_loss	: 0.0122
-------------------------------------
[Epoch : 410/500]
Total_loss	: 0.0837
Coral_loss	: 0.0000
MMD_loss	: 2.3986
cond_ent_wt	: 4.7498
Src_reg_loss	: 0.0122
-------------------------------------
[Epoch : 411/500]
Total_loss	: 0.0838
Coral_loss	: 0.0000
MMD_loss	: 2.4055
cond_ent_wt	: 4.7492
Src_reg_loss	: 0.0122
-------------------------------------
[Epoch : 412/500]
Total_loss	: 0.0838
Coral_loss	: 0.0000
MMD_loss	: 2.4127
cond_ent_wt	: 4.7486
Src_reg_loss	: 0.0122
-------------------------------------
[Epoch : 413/500]
Total_loss	: 0.0839
Coral_loss	: 0.0000
MMD_loss	: 2.4199
cond_ent_wt	: 4.7480
Src_reg_loss	: 0.0122
-------------------------------------
[Epoch : 414/500]
Total_loss	: 0.0839
Coral_loss	: 0.0000
MMD_loss	: 2.4269
cond_ent_wt	: 4.7474
Src_reg_loss	: 0.0122
-------------------------------------
[Epoch : 415/500]
Total_loss	: 0.0840
Coral_loss	: 0.0000
MMD_loss	: 2.4339
cond_ent_wt	: 4.7468
Src_reg_loss	: 0.0122
-------------------------------------
[Epoch : 416/500]
Total_loss	: 0.0840
Coral_loss	: 0.0000
MMD_loss	: 2.4409
cond_ent_wt	: 4.7462
Src_reg_loss	: 0.0121
-------------------------------------
[Epoch : 417/500]
Total_loss	: 0.0841
Coral_loss	: 0.0000
MMD_loss	: 2.4478
cond_ent_wt	: 4.7456
Src_reg_loss	: 0.0121
-------------------------------------
[Epoch : 418/500]
Total_loss	: 0.0841
Coral_loss	: 0.0000
MMD_loss	: 2.4547
cond_ent_wt	: 4.7450
Src_reg_loss	: 0.0121
-------------------------------------
[Epoch : 419/500]
Total_loss	: 0.0842
Coral_loss	: 0.0000
MMD_loss	: 2.4615
cond_ent_wt	: 4.7444
Src_reg_loss	: 0.0121
-------------------------------------
[Epoch : 420/500]
Total_loss	: 0.0842
Coral_loss	: 0.0000
MMD_loss	: 2.4682
cond_ent_wt	: 4.7438
Src_reg_loss	: 0.0121
-------------------------------------
[Epoch : 421/500]
Total_loss	: 0.0843
Coral_loss	: 0.0000
MMD_loss	: 2.4753
cond_ent_wt	: 4.7432
Src_reg_loss	: 0.0121
-------------------------------------
[Epoch : 422/500]
Total_loss	: 0.0843
Coral_loss	: 0.0000
MMD_loss	: 2.4820
cond_ent_wt	: 4.7426
Src_reg_loss	: 0.0121
-------------------------------------
[Epoch : 423/500]
Total_loss	: 0.0844
Coral_loss	: 0.0000
MMD_loss	: 2.4888
cond_ent_wt	: 4.7420
Src_reg_loss	: 0.0121
-------------------------------------
[Epoch : 424/500]
Total_loss	: 0.0844
Coral_loss	: 0.0000
MMD_loss	: 2.4955
cond_ent_wt	: 4.7414
Src_reg_loss	: 0.0120
-------------------------------------
[Epoch : 425/500]
Total_loss	: 0.0845
Coral_loss	: 0.0000
MMD_loss	: 2.5023
cond_ent_wt	: 4.7408
Src_reg_loss	: 0.0120
-------------------------------------
[Epoch : 426/500]
Total_loss	: 0.0845
Coral_loss	: 0.0000
MMD_loss	: 2.5087
cond_ent_wt	: 4.7402
Src_reg_loss	: 0.0120
-------------------------------------
[Epoch : 427/500]
Total_loss	: 0.0846
Coral_loss	: 0.0000
MMD_loss	: 2.5154
cond_ent_wt	: 4.7397
Src_reg_loss	: 0.0120
-------------------------------------
[Epoch : 428/500]
Total_loss	: 0.0846
Coral_loss	: 0.0000
MMD_loss	: 2.5218
cond_ent_wt	: 4.7391
Src_reg_loss	: 0.0120
-------------------------------------
[Epoch : 429/500]
Total_loss	: 0.0847
Coral_loss	: 0.0000
MMD_loss	: 2.5283
cond_ent_wt	: 4.7385
Src_reg_loss	: 0.0120
-------------------------------------
[Epoch : 430/500]
Total_loss	: 0.0847
Coral_loss	: 0.0000
MMD_loss	: 2.5347
cond_ent_wt	: 4.7379
Src_reg_loss	: 0.0120
-------------------------------------
[Epoch : 431/500]
Total_loss	: 0.0848
Coral_loss	: 0.0000
MMD_loss	: 2.5410
cond_ent_wt	: 4.7373
Src_reg_loss	: 0.0119
-------------------------------------
[Epoch : 432/500]
Total_loss	: 0.0848
Coral_loss	: 0.0000
MMD_loss	: 2.5473
cond_ent_wt	: 4.7367
Src_reg_loss	: 0.0119
-------------------------------------
[Epoch : 433/500]
Total_loss	: 0.0849
Coral_loss	: 0.0000
MMD_loss	: 2.5540
cond_ent_wt	: 4.7361
Src_reg_loss	: 0.0119
-------------------------------------
[Epoch : 434/500]
Total_loss	: 0.0849
Coral_loss	: 0.0000
MMD_loss	: 2.5604
cond_ent_wt	: 4.7355
Src_reg_loss	: 0.0119
-------------------------------------
[Epoch : 435/500]
Total_loss	: 0.0849
Coral_loss	: 0.0000
MMD_loss	: 2.5669
cond_ent_wt	: 4.7349
Src_reg_loss	: 0.0119
-------------------------------------
[Epoch : 436/500]
Total_loss	: 0.0850
Coral_loss	: 0.0000
MMD_loss	: 2.5732
cond_ent_wt	: 4.7343
Src_reg_loss	: 0.0119
-------------------------------------
[Epoch : 437/500]
Total_loss	: 0.0850
Coral_loss	: 0.0000
MMD_loss	: 2.5795
cond_ent_wt	: 4.7337
Src_reg_loss	: 0.0119
-------------------------------------
[Epoch : 438/500]
Total_loss	: 0.0851
Coral_loss	: 0.0000
MMD_loss	: 2.5859
cond_ent_wt	: 4.7332
Src_reg_loss	: 0.0119
-------------------------------------
[Epoch : 439/500]
Total_loss	: 0.0851
Coral_loss	: 0.0000
MMD_loss	: 2.5923
cond_ent_wt	: 4.7326
Src_reg_loss	: 0.0118
-------------------------------------
[Epoch : 440/500]
Total_loss	: 0.0852
Coral_loss	: 0.0000
MMD_loss	: 2.5985
cond_ent_wt	: 4.7320
Src_reg_loss	: 0.0118
-------------------------------------
[Epoch : 441/500]
Total_loss	: 0.0852
Coral_loss	: 0.0000
MMD_loss	: 2.6047
cond_ent_wt	: 4.7314
Src_reg_loss	: 0.0118
-------------------------------------
[Epoch : 442/500]
Total_loss	: 0.0853
Coral_loss	: 0.0000
MMD_loss	: 2.6110
cond_ent_wt	: 4.7308
Src_reg_loss	: 0.0118
-------------------------------------
[Epoch : 443/500]
Total_loss	: 0.0853
Coral_loss	: 0.0000
MMD_loss	: 2.6179
cond_ent_wt	: 4.7303
Src_reg_loss	: 0.0118
-------------------------------------
[Epoch : 444/500]
Total_loss	: 0.0854
Coral_loss	: 0.0000
MMD_loss	: 2.6242
cond_ent_wt	: 4.7297
Src_reg_loss	: 0.0118
-------------------------------------
[Epoch : 445/500]
Total_loss	: 0.0854
Coral_loss	: 0.0000
MMD_loss	: 2.6302
cond_ent_wt	: 4.7292
Src_reg_loss	: 0.0118
-------------------------------------
[Epoch : 446/500]
Total_loss	: 0.0855
Coral_loss	: 0.0000
MMD_loss	: 2.6363
cond_ent_wt	: 4.7286
Src_reg_loss	: 0.0118
-------------------------------------
[Epoch : 447/500]
Total_loss	: 0.0855
Coral_loss	: 0.0000
MMD_loss	: 2.6427
cond_ent_wt	: 4.7280
Src_reg_loss	: 0.0118
-------------------------------------
[Epoch : 448/500]
Total_loss	: 0.0855
Coral_loss	: 0.0000
MMD_loss	: 2.6491
cond_ent_wt	: 4.7275
Src_reg_loss	: 0.0117
-------------------------------------
[Epoch : 449/500]
Total_loss	: 0.0856
Coral_loss	: 0.0000
MMD_loss	: 2.6555
cond_ent_wt	: 4.7269
Src_reg_loss	: 0.0117
-------------------------------------
[Epoch : 450/500]
Total_loss	: 0.0856
Coral_loss	: 0.0000
MMD_loss	: 2.6614
cond_ent_wt	: 4.7263
Src_reg_loss	: 0.0117
-------------------------------------
[Epoch : 451/500]
Total_loss	: 0.0857
Coral_loss	: 0.0000
MMD_loss	: 2.6675
cond_ent_wt	: 4.7258
Src_reg_loss	: 0.0117
-------------------------------------
[Epoch : 452/500]
Total_loss	: 0.0857
Coral_loss	: 0.0000
MMD_loss	: 2.6738
cond_ent_wt	: 4.7252
Src_reg_loss	: 0.0117
-------------------------------------
[Epoch : 453/500]
Total_loss	: 0.0858
Coral_loss	: 0.0000
MMD_loss	: 2.6799
cond_ent_wt	: 4.7247
Src_reg_loss	: 0.0117
-------------------------------------
[Epoch : 454/500]
Total_loss	: 0.0858
Coral_loss	: 0.0000
MMD_loss	: 2.6859
cond_ent_wt	: 4.7241
Src_reg_loss	: 0.0117
-------------------------------------
[Epoch : 455/500]
Total_loss	: 0.0859
Coral_loss	: 0.0000
MMD_loss	: 2.6920
cond_ent_wt	: 4.7235
Src_reg_loss	: 0.0117
-------------------------------------
[Epoch : 456/500]
Total_loss	: 0.0859
Coral_loss	: 0.0000
MMD_loss	: 2.6983
cond_ent_wt	: 4.7230
Src_reg_loss	: 0.0116
-------------------------------------
[Epoch : 457/500]
Total_loss	: 0.0860
Coral_loss	: 0.0000
MMD_loss	: 2.7045
cond_ent_wt	: 4.7225
Src_reg_loss	: 0.0116
-------------------------------------
[Epoch : 458/500]
Total_loss	: 0.0860
Coral_loss	: 0.0000
MMD_loss	: 2.7105
cond_ent_wt	: 4.7219
Src_reg_loss	: 0.0116
-------------------------------------
[Epoch : 459/500]
Total_loss	: 0.0860
Coral_loss	: 0.0000
MMD_loss	: 2.7165
cond_ent_wt	: 4.7213
Src_reg_loss	: 0.0116
-------------------------------------
[Epoch : 460/500]
Total_loss	: 0.0861
Coral_loss	: 0.0000
MMD_loss	: 2.7228
cond_ent_wt	: 4.7208
Src_reg_loss	: 0.0116
-------------------------------------
[Epoch : 461/500]
Total_loss	: 0.0861
Coral_loss	: 0.0000
MMD_loss	: 2.7290
cond_ent_wt	: 4.7203
Src_reg_loss	: 0.0116
-------------------------------------
[Epoch : 462/500]
Total_loss	: 0.0862
Coral_loss	: 0.0000
MMD_loss	: 2.7350
cond_ent_wt	: 4.7197
Src_reg_loss	: 0.0116
-------------------------------------
[Epoch : 463/500]
Total_loss	: 0.0862
Coral_loss	: 0.0000
MMD_loss	: 2.7411
cond_ent_wt	: 4.7192
Src_reg_loss	: 0.0116
-------------------------------------
[Epoch : 464/500]
Total_loss	: 0.0863
Coral_loss	: 0.0000
MMD_loss	: 2.7477
cond_ent_wt	: 4.7187
Src_reg_loss	: 0.0116
-------------------------------------
[Epoch : 465/500]
Total_loss	: 0.0863
Coral_loss	: 0.0000
MMD_loss	: 2.7539
cond_ent_wt	: 4.7182
Src_reg_loss	: 0.0116
-------------------------------------
[Epoch : 466/500]
Total_loss	: 0.0864
Coral_loss	: 0.0000
MMD_loss	: 2.7598
cond_ent_wt	: 4.7176
Src_reg_loss	: 0.0115
-------------------------------------
[Epoch : 467/500]
Total_loss	: 0.0864
Coral_loss	: 0.0000
MMD_loss	: 2.7659
cond_ent_wt	: 4.7171
Src_reg_loss	: 0.0115
-------------------------------------
[Epoch : 468/500]
Total_loss	: 0.0865
Coral_loss	: 0.0000
MMD_loss	: 2.7720
cond_ent_wt	: 4.7166
Src_reg_loss	: 0.0115
-------------------------------------
[Epoch : 469/500]
Total_loss	: 0.0865
Coral_loss	: 0.0000
MMD_loss	: 2.7779
cond_ent_wt	: 4.7161
Src_reg_loss	: 0.0115
-------------------------------------
[Epoch : 470/500]
Total_loss	: 0.0865
Coral_loss	: 0.0000
MMD_loss	: 2.7840
cond_ent_wt	: 4.7155
Src_reg_loss	: 0.0115
-------------------------------------
[Epoch : 471/500]
Total_loss	: 0.0866
Coral_loss	: 0.0000
MMD_loss	: 2.7897
cond_ent_wt	: 4.7150
Src_reg_loss	: 0.0115
-------------------------------------
[Epoch : 472/500]
Total_loss	: 0.0866
Coral_loss	: 0.0000
MMD_loss	: 2.7953
cond_ent_wt	: 4.7145
Src_reg_loss	: 0.0115
-------------------------------------
[Epoch : 473/500]
Total_loss	: 0.0867
Coral_loss	: 0.0000
MMD_loss	: 2.8011
cond_ent_wt	: 4.7139
Src_reg_loss	: 0.0115
-------------------------------------
[Epoch : 474/500]
Total_loss	: 0.0867
Coral_loss	: 0.0000
MMD_loss	: 2.8069
cond_ent_wt	: 4.7134
Src_reg_loss	: 0.0115
-------------------------------------
[Epoch : 475/500]
Total_loss	: 0.0868
Coral_loss	: 0.0000
MMD_loss	: 2.8127
cond_ent_wt	: 4.7129
Src_reg_loss	: 0.0115
-------------------------------------
[Epoch : 476/500]
Total_loss	: 0.0868
Coral_loss	: 0.0000
MMD_loss	: 2.8185
cond_ent_wt	: 4.7124
Src_reg_loss	: 0.0114
-------------------------------------
[Epoch : 477/500]
Total_loss	: 0.0868
Coral_loss	: 0.0000
MMD_loss	: 2.8240
cond_ent_wt	: 4.7118
Src_reg_loss	: 0.0114
-------------------------------------
[Epoch : 478/500]
Total_loss	: 0.0869
Coral_loss	: 0.0001
MMD_loss	: 2.8298
cond_ent_wt	: 4.7113
Src_reg_loss	: 0.0114
-------------------------------------
[Epoch : 479/500]
Total_loss	: 0.0869
Coral_loss	: 0.0001
MMD_loss	: 2.8357
cond_ent_wt	: 4.7108
Src_reg_loss	: 0.0114
-------------------------------------
[Epoch : 480/500]
Total_loss	: 0.0870
Coral_loss	: 0.0001
MMD_loss	: 2.8416
cond_ent_wt	: 4.7103
Src_reg_loss	: 0.0114
-------------------------------------
[Epoch : 481/500]
Total_loss	: 0.0870
Coral_loss	: 0.0001
MMD_loss	: 2.8471
cond_ent_wt	: 4.7098
Src_reg_loss	: 0.0114
-------------------------------------
[Epoch : 482/500]
Total_loss	: 0.0871
Coral_loss	: 0.0001
MMD_loss	: 2.8530
cond_ent_wt	: 4.7093
Src_reg_loss	: 0.0114
-------------------------------------
[Epoch : 483/500]
Total_loss	: 0.0871
Coral_loss	: 0.0001
MMD_loss	: 2.8587
cond_ent_wt	: 4.7088
Src_reg_loss	: 0.0114
-------------------------------------
[Epoch : 484/500]
Total_loss	: 0.0871
Coral_loss	: 0.0001
MMD_loss	: 2.8646
cond_ent_wt	: 4.7083
Src_reg_loss	: 0.0114
-------------------------------------
[Epoch : 485/500]
Total_loss	: 0.0872
Coral_loss	: 0.0001
MMD_loss	: 2.8701
cond_ent_wt	: 4.7077
Src_reg_loss	: 0.0113
-------------------------------------
[Epoch : 486/500]
Total_loss	: 0.0872
Coral_loss	: 0.0001
MMD_loss	: 2.8760
cond_ent_wt	: 4.7072
Src_reg_loss	: 0.0113
-------------------------------------
[Epoch : 487/500]
Total_loss	: 0.0873
Coral_loss	: 0.0001
MMD_loss	: 2.8817
cond_ent_wt	: 4.7068
Src_reg_loss	: 0.0113
-------------------------------------
[Epoch : 488/500]
Total_loss	: 0.0873
Coral_loss	: 0.0001
MMD_loss	: 2.8874
cond_ent_wt	: 4.7063
Src_reg_loss	: 0.0113
-------------------------------------
[Epoch : 489/500]
Total_loss	: 0.0873
Coral_loss	: 0.0001
MMD_loss	: 2.8930
cond_ent_wt	: 4.7058
Src_reg_loss	: 0.0113
-------------------------------------
[Epoch : 490/500]
Total_loss	: 0.0874
Coral_loss	: 0.0001
MMD_loss	: 2.8988
cond_ent_wt	: 4.7053
Src_reg_loss	: 0.0113
-------------------------------------
[Epoch : 491/500]
Total_loss	: 0.0874
Coral_loss	: 0.0001
MMD_loss	: 2.9045
cond_ent_wt	: 4.7048
Src_reg_loss	: 0.0113
-------------------------------------
[Epoch : 492/500]
Total_loss	: 0.0875
Coral_loss	: 0.0001
MMD_loss	: 2.9100
cond_ent_wt	: 4.7043
Src_reg_loss	: 0.0113
-------------------------------------
[Epoch : 493/500]
Total_loss	: 0.0875
Coral_loss	: 0.0001
MMD_loss	: 2.9159
cond_ent_wt	: 4.7038
Src_reg_loss	: 0.0113
-------------------------------------
[Epoch : 494/500]
Total_loss	: 0.0876
Coral_loss	: 0.0001
MMD_loss	: 2.9215
cond_ent_wt	: 4.7033
Src_reg_loss	: 0.0113
-------------------------------------
[Epoch : 495/500]
Total_loss	: 0.0876
Coral_loss	: 0.0001
MMD_loss	: 2.9271
cond_ent_wt	: 4.7028
Src_reg_loss	: 0.0112
-------------------------------------
[Epoch : 496/500]
Total_loss	: 0.0876
Coral_loss	: 0.0001
MMD_loss	: 2.9325
cond_ent_wt	: 4.7023
Src_reg_loss	: 0.0112
-------------------------------------
[Epoch : 497/500]
Total_loss	: 0.0877
Coral_loss	: 0.0001
MMD_loss	: 2.9381
cond_ent_wt	: 4.7018
Src_reg_loss	: 0.0112
-------------------------------------
[Epoch : 498/500]
Total_loss	: 0.0877
Coral_loss	: 0.0001
MMD_loss	: 2.9436
cond_ent_wt	: 4.7013
Src_reg_loss	: 0.0112
-------------------------------------
[Epoch : 499/500]
Total_loss	: 0.0878
Coral_loss	: 0.0001
MMD_loss	: 2.9489
cond_ent_wt	: 4.7008
Src_reg_loss	: 0.0112
-------------------------------------
[Epoch : 500/500]
Total_loss	: 0.0878
Coral_loss	: 0.0001
MMD_loss	: 2.9541
cond_ent_wt	: 4.7003
Src_reg_loss	: 0.0112
-------------------------------------
