=============================================
Dataset: Airbox
Method:  MMDA
=============================================
Source: 0 ---> Target: 5
=============================================
[Epoch : 1/500]
Total_loss	: 0.3422
Coral_loss	: 0.0000
MMD_loss	: 3.3739
cond_ent_wt	: 4.8493
Src_reg_loss	: 0.2599
-------------------------------------
[Epoch : 2/500]
Total_loss	: 0.3251
Coral_loss	: 0.0000
MMD_loss	: 3.3704
cond_ent_wt	: 4.8491
Src_reg_loss	: 0.2430
-------------------------------------
[Epoch : 3/500]
Total_loss	: 0.3086
Coral_loss	: 0.0000
MMD_loss	: 3.3616
cond_ent_wt	: 4.8488
Src_reg_loss	: 0.2265
-------------------------------------
[Epoch : 4/500]
Total_loss	: 0.2917
Coral_loss	: 0.0000
MMD_loss	: 3.3479
cond_ent_wt	: 4.8484
Src_reg_loss	: 0.2097
-------------------------------------
[Epoch : 5/500]
Total_loss	: 0.2742
Coral_loss	: 0.0000
MMD_loss	: 3.3289
cond_ent_wt	: 4.8477
Src_reg_loss	: 0.1924
-------------------------------------
[Epoch : 6/500]
Total_loss	: 0.2565
Coral_loss	: 0.0000
MMD_loss	: 3.3044
cond_ent_wt	: 4.8468
Src_reg_loss	: 0.1750
-------------------------------------
[Epoch : 7/500]
Total_loss	: 0.2394
Coral_loss	: 0.0000
MMD_loss	: 3.2743
cond_ent_wt	: 4.8455
Src_reg_loss	: 0.1582
-------------------------------------
[Epoch : 8/500]
Total_loss	: 0.2247
Coral_loss	: 0.0000
MMD_loss	: 3.2404
cond_ent_wt	: 4.8437
Src_reg_loss	: 0.1438
-------------------------------------
[Epoch : 9/500]
Total_loss	: 0.2132
Coral_loss	: 0.0000
MMD_loss	: 3.2077
cond_ent_wt	: 4.8419
Src_reg_loss	: 0.1327
-------------------------------------
[Epoch : 10/500]
Total_loss	: 0.2040
Coral_loss	: 0.0000
MMD_loss	: 3.1818
cond_ent_wt	: 4.8403
Src_reg_loss	: 0.1238
-------------------------------------
[Epoch : 11/500]
Total_loss	: 0.1962
Coral_loss	: 0.0000
MMD_loss	: 3.1637
cond_ent_wt	: 4.8393
Src_reg_loss	: 0.1162
-------------------------------------
[Epoch : 12/500]
Total_loss	: 0.1898
Coral_loss	: 0.0000
MMD_loss	: 3.1514
cond_ent_wt	: 4.8386
Src_reg_loss	: 0.1099
-------------------------------------
[Epoch : 13/500]
Total_loss	: 0.1843
Coral_loss	: 0.0000
MMD_loss	: 3.1424
cond_ent_wt	: 4.8380
Src_reg_loss	: 0.1045
-------------------------------------
[Epoch : 14/500]
Total_loss	: 0.1796
Coral_loss	: 0.0000
MMD_loss	: 3.1349
cond_ent_wt	: 4.8376
Src_reg_loss	: 0.0999
-------------------------------------
[Epoch : 15/500]
Total_loss	: 0.1755
Coral_loss	: 0.0000
MMD_loss	: 3.1283
cond_ent_wt	: 4.8372
Src_reg_loss	: 0.0959
-------------------------------------
[Epoch : 16/500]
Total_loss	: 0.1720
Coral_loss	: 0.0000
MMD_loss	: 3.1225
cond_ent_wt	: 4.8368
Src_reg_loss	: 0.0924
-------------------------------------
[Epoch : 17/500]
Total_loss	: 0.1688
Coral_loss	: 0.0000
MMD_loss	: 3.1176
cond_ent_wt	: 4.8364
Src_reg_loss	: 0.0892
-------------------------------------
[Epoch : 18/500]
Total_loss	: 0.1659
Coral_loss	: 0.0000
MMD_loss	: 3.1138
cond_ent_wt	: 4.8361
Src_reg_loss	: 0.0864
-------------------------------------
[Epoch : 19/500]
Total_loss	: 0.1634
Coral_loss	: 0.0000
MMD_loss	: 3.1109
cond_ent_wt	: 4.8358
Src_reg_loss	: 0.0839
-------------------------------------
[Epoch : 20/500]
Total_loss	: 0.1611
Coral_loss	: 0.0000
MMD_loss	: 3.1089
cond_ent_wt	: 4.8356
Src_reg_loss	: 0.0817
-------------------------------------
[Epoch : 21/500]
Total_loss	: 0.1590
Coral_loss	: 0.0000
MMD_loss	: 3.1074
cond_ent_wt	: 4.8354
Src_reg_loss	: 0.0796
-------------------------------------
[Epoch : 22/500]
Total_loss	: 0.1571
Coral_loss	: 0.0000
MMD_loss	: 3.1064
cond_ent_wt	: 4.8352
Src_reg_loss	: 0.0777
-------------------------------------
[Epoch : 23/500]
Total_loss	: 0.1554
Coral_loss	: 0.0000
MMD_loss	: 3.1059
cond_ent_wt	: 4.8351
Src_reg_loss	: 0.0760
-------------------------------------
[Epoch : 24/500]
Total_loss	: 0.1538
Coral_loss	: 0.0000
MMD_loss	: 3.1057
cond_ent_wt	: 4.8349
Src_reg_loss	: 0.0744
-------------------------------------
[Epoch : 25/500]
Total_loss	: 0.1523
Coral_loss	: 0.0000
MMD_loss	: 3.1059
cond_ent_wt	: 4.8348
Src_reg_loss	: 0.0729
-------------------------------------
[Epoch : 26/500]
Total_loss	: 0.1510
Coral_loss	: 0.0000
MMD_loss	: 3.1064
cond_ent_wt	: 4.8347
Src_reg_loss	: 0.0716
-------------------------------------
[Epoch : 27/500]
Total_loss	: 0.1497
Coral_loss	: 0.0000
MMD_loss	: 3.1072
cond_ent_wt	: 4.8346
Src_reg_loss	: 0.0703
-------------------------------------
[Epoch : 28/500]
Total_loss	: 0.1485
Coral_loss	: 0.0000
MMD_loss	: 3.1082
cond_ent_wt	: 4.8345
Src_reg_loss	: 0.0691
-------------------------------------
[Epoch : 29/500]
Total_loss	: 0.1474
Coral_loss	: 0.0000
MMD_loss	: 3.1093
cond_ent_wt	: 4.8344
Src_reg_loss	: 0.0680
-------------------------------------
[Epoch : 30/500]
Total_loss	: 0.1464
Coral_loss	: 0.0000
MMD_loss	: 3.1105
cond_ent_wt	: 4.8343
Src_reg_loss	: 0.0669
-------------------------------------
[Epoch : 31/500]
Total_loss	: 0.1454
Coral_loss	: 0.0000
MMD_loss	: 3.1117
cond_ent_wt	: 4.8343
Src_reg_loss	: 0.0660
-------------------------------------
[Epoch : 32/500]
Total_loss	: 0.1445
Coral_loss	: 0.0000
MMD_loss	: 3.1129
cond_ent_wt	: 4.8342
Src_reg_loss	: 0.0650
-------------------------------------
[Epoch : 33/500]
Total_loss	: 0.1436
Coral_loss	: 0.0000
MMD_loss	: 3.1139
cond_ent_wt	: 4.8342
Src_reg_loss	: 0.0641
-------------------------------------
[Epoch : 34/500]
Total_loss	: 0.1428
Coral_loss	: 0.0000
MMD_loss	: 3.1149
cond_ent_wt	: 4.8341
Src_reg_loss	: 0.0633
-------------------------------------
[Epoch : 35/500]
Total_loss	: 0.1420
Coral_loss	: 0.0000
MMD_loss	: 3.1157
cond_ent_wt	: 4.8341
Src_reg_loss	: 0.0625
-------------------------------------
[Epoch : 36/500]
Total_loss	: 0.1412
Coral_loss	: 0.0000
MMD_loss	: 3.1163
cond_ent_wt	: 4.8341
Src_reg_loss	: 0.0617
-------------------------------------
[Epoch : 37/500]
Total_loss	: 0.1405
Coral_loss	: 0.0000
MMD_loss	: 3.1167
cond_ent_wt	: 4.8340
Src_reg_loss	: 0.0610
-------------------------------------
[Epoch : 38/500]
Total_loss	: 0.1398
Coral_loss	: 0.0000
MMD_loss	: 3.1168
cond_ent_wt	: 4.8340
Src_reg_loss	: 0.0603
-------------------------------------
[Epoch : 39/500]
Total_loss	: 0.1392
Coral_loss	: 0.0000
MMD_loss	: 3.1166
cond_ent_wt	: 4.8340
Src_reg_loss	: 0.0597
-------------------------------------
[Epoch : 40/500]
Total_loss	: 0.1385
Coral_loss	: 0.0000
MMD_loss	: 3.1161
cond_ent_wt	: 4.8340
Src_reg_loss	: 0.0590
-------------------------------------
[Epoch : 41/500]
Total_loss	: 0.1379
Coral_loss	: 0.0000
MMD_loss	: 3.1152
cond_ent_wt	: 4.8340
Src_reg_loss	: 0.0584
-------------------------------------
[Epoch : 42/500]
Total_loss	: 0.1373
Coral_loss	: 0.0000
MMD_loss	: 3.1141
cond_ent_wt	: 4.8340
Src_reg_loss	: 0.0578
-------------------------------------
[Epoch : 43/500]
Total_loss	: 0.1367
Coral_loss	: 0.0000
MMD_loss	: 3.1125
cond_ent_wt	: 4.8340
Src_reg_loss	: 0.0573
-------------------------------------
[Epoch : 44/500]
Total_loss	: 0.1361
Coral_loss	: 0.0000
MMD_loss	: 3.1106
cond_ent_wt	: 4.8340
Src_reg_loss	: 0.0567
-------------------------------------
[Epoch : 45/500]
Total_loss	: 0.1356
Coral_loss	: 0.0000
MMD_loss	: 3.1084
cond_ent_wt	: 4.8340
Src_reg_loss	: 0.0562
-------------------------------------
[Epoch : 46/500]
Total_loss	: 0.1351
Coral_loss	: 0.0000
MMD_loss	: 3.1057
cond_ent_wt	: 4.8340
Src_reg_loss	: 0.0557
-------------------------------------
[Epoch : 47/500]
Total_loss	: 0.1345
Coral_loss	: 0.0000
MMD_loss	: 3.1026
cond_ent_wt	: 4.8341
Src_reg_loss	: 0.0552
-------------------------------------
[Epoch : 48/500]
Total_loss	: 0.1340
Coral_loss	: 0.0000
MMD_loss	: 3.0991
cond_ent_wt	: 4.8341
Src_reg_loss	: 0.0547
-------------------------------------
[Epoch : 49/500]
Total_loss	: 0.1335
Coral_loss	: 0.0000
MMD_loss	: 3.0952
cond_ent_wt	: 4.8341
Src_reg_loss	: 0.0542
-------------------------------------
[Epoch : 50/500]
Total_loss	: 0.1330
Coral_loss	: 0.0000
MMD_loss	: 3.0908
cond_ent_wt	: 4.8341
Src_reg_loss	: 0.0537
-------------------------------------
[Epoch : 51/500]
Total_loss	: 0.1325
Coral_loss	: 0.0000
MMD_loss	: 3.0860
cond_ent_wt	: 4.8342
Src_reg_loss	: 0.0533
-------------------------------------
[Epoch : 52/500]
Total_loss	: 0.1320
Coral_loss	: 0.0000
MMD_loss	: 3.0808
cond_ent_wt	: 4.8342
Src_reg_loss	: 0.0529
-------------------------------------
[Epoch : 53/500]
Total_loss	: 0.1315
Coral_loss	: 0.0000
MMD_loss	: 3.0751
cond_ent_wt	: 4.8342
Src_reg_loss	: 0.0524
-------------------------------------
[Epoch : 54/500]
Total_loss	: 0.1311
Coral_loss	: 0.0000
MMD_loss	: 3.0690
cond_ent_wt	: 4.8343
Src_reg_loss	: 0.0520
-------------------------------------
[Epoch : 55/500]
Total_loss	: 0.1306
Coral_loss	: 0.0000
MMD_loss	: 3.0624
cond_ent_wt	: 4.8343
Src_reg_loss	: 0.0516
-------------------------------------
[Epoch : 56/500]
Total_loss	: 0.1301
Coral_loss	: 0.0000
MMD_loss	: 3.0553
cond_ent_wt	: 4.8343
Src_reg_loss	: 0.0512
-------------------------------------
[Epoch : 57/500]
Total_loss	: 0.1297
Coral_loss	: 0.0000
MMD_loss	: 3.0478
cond_ent_wt	: 4.8344
Src_reg_loss	: 0.0509
-------------------------------------
[Epoch : 58/500]
Total_loss	: 0.1292
Coral_loss	: 0.0000
MMD_loss	: 3.0398
cond_ent_wt	: 4.8344
Src_reg_loss	: 0.0505
-------------------------------------
[Epoch : 59/500]
Total_loss	: 0.1288
Coral_loss	: 0.0000
MMD_loss	: 3.0313
cond_ent_wt	: 4.8344
Src_reg_loss	: 0.0501
-------------------------------------
[Epoch : 60/500]
Total_loss	: 0.1284
Coral_loss	: 0.0000
MMD_loss	: 3.0223
cond_ent_wt	: 4.8345
Src_reg_loss	: 0.0498
-------------------------------------
[Epoch : 61/500]
Total_loss	: 0.1279
Coral_loss	: 0.0000
MMD_loss	: 3.0129
cond_ent_wt	: 4.8345
Src_reg_loss	: 0.0494
-------------------------------------
[Epoch : 62/500]
Total_loss	: 0.1275
Coral_loss	: 0.0000
MMD_loss	: 3.0031
cond_ent_wt	: 4.8345
Src_reg_loss	: 0.0491
-------------------------------------
[Epoch : 63/500]
Total_loss	: 0.1271
Coral_loss	: 0.0000
MMD_loss	: 2.9928
cond_ent_wt	: 4.8346
Src_reg_loss	: 0.0488
-------------------------------------
[Epoch : 64/500]
Total_loss	: 0.1266
Coral_loss	: 0.0000
MMD_loss	: 2.9820
cond_ent_wt	: 4.8346
Src_reg_loss	: 0.0485
-------------------------------------
[Epoch : 65/500]
Total_loss	: 0.1262
Coral_loss	: 0.0000
MMD_loss	: 2.9708
cond_ent_wt	: 4.8346
Src_reg_loss	: 0.0482
-------------------------------------
[Epoch : 66/500]
Total_loss	: 0.1258
Coral_loss	: 0.0000
MMD_loss	: 2.9593
cond_ent_wt	: 4.8346
Src_reg_loss	: 0.0478
-------------------------------------
[Epoch : 67/500]
Total_loss	: 0.1254
Coral_loss	: 0.0000
MMD_loss	: 2.9473
cond_ent_wt	: 4.8347
Src_reg_loss	: 0.0475
-------------------------------------
[Epoch : 68/500]
Total_loss	: 0.1250
Coral_loss	: 0.0000
MMD_loss	: 2.9350
cond_ent_wt	: 4.8347
Src_reg_loss	: 0.0473
-------------------------------------
[Epoch : 69/500]
Total_loss	: 0.1245
Coral_loss	: 0.0000
MMD_loss	: 2.9223
cond_ent_wt	: 4.8347
Src_reg_loss	: 0.0470
-------------------------------------
[Epoch : 70/500]
Total_loss	: 0.1241
Coral_loss	: 0.0000
MMD_loss	: 2.9092
cond_ent_wt	: 4.8347
Src_reg_loss	: 0.0467
-------------------------------------
[Epoch : 71/500]
Total_loss	: 0.1237
Coral_loss	: 0.0000
MMD_loss	: 2.8959
cond_ent_wt	: 4.8347
Src_reg_loss	: 0.0464
-------------------------------------
[Epoch : 72/500]
Total_loss	: 0.1233
Coral_loss	: 0.0000
MMD_loss	: 2.8823
cond_ent_wt	: 4.8347
Src_reg_loss	: 0.0461
-------------------------------------
[Epoch : 73/500]
Total_loss	: 0.1229
Coral_loss	: 0.0000
MMD_loss	: 2.8685
cond_ent_wt	: 4.8347
Src_reg_loss	: 0.0459
-------------------------------------
[Epoch : 74/500]
Total_loss	: 0.1225
Coral_loss	: 0.0000
MMD_loss	: 2.8545
cond_ent_wt	: 4.8347
Src_reg_loss	: 0.0456
-------------------------------------
[Epoch : 75/500]
Total_loss	: 0.1221
Coral_loss	: 0.0000
MMD_loss	: 2.8403
cond_ent_wt	: 4.8347
Src_reg_loss	: 0.0454
-------------------------------------
[Epoch : 76/500]
Total_loss	: 0.1217
Coral_loss	: 0.0000
MMD_loss	: 2.8260
cond_ent_wt	: 4.8347
Src_reg_loss	: 0.0451
-------------------------------------
[Epoch : 77/500]
Total_loss	: 0.1213
Coral_loss	: 0.0000
MMD_loss	: 2.8117
cond_ent_wt	: 4.8347
Src_reg_loss	: 0.0449
-------------------------------------
[Epoch : 78/500]
Total_loss	: 0.1209
Coral_loss	: 0.0000
MMD_loss	: 2.7973
cond_ent_wt	: 4.8347
Src_reg_loss	: 0.0446
-------------------------------------
[Epoch : 79/500]
Total_loss	: 0.1205
Coral_loss	: 0.0000
MMD_loss	: 2.7830
cond_ent_wt	: 4.8347
Src_reg_loss	: 0.0444
-------------------------------------
[Epoch : 80/500]
Total_loss	: 0.1202
Coral_loss	: 0.0000
MMD_loss	: 2.7686
cond_ent_wt	: 4.8347
Src_reg_loss	: 0.0441
-------------------------------------
[Epoch : 81/500]
Total_loss	: 0.1198
Coral_loss	: 0.0000
MMD_loss	: 2.7544
cond_ent_wt	: 4.8347
Src_reg_loss	: 0.0439
-------------------------------------
[Epoch : 82/500]
Total_loss	: 0.1194
Coral_loss	: 0.0000
MMD_loss	: 2.7403
cond_ent_wt	: 4.8347
Src_reg_loss	: 0.0437
-------------------------------------
[Epoch : 83/500]
Total_loss	: 0.1190
Coral_loss	: 0.0000
MMD_loss	: 2.7263
cond_ent_wt	: 4.8346
Src_reg_loss	: 0.0434
-------------------------------------
[Epoch : 84/500]
Total_loss	: 0.1187
Coral_loss	: 0.0000
MMD_loss	: 2.7124
cond_ent_wt	: 4.8346
Src_reg_loss	: 0.0432
-------------------------------------
[Epoch : 85/500]
Total_loss	: 0.1183
Coral_loss	: 0.0000
MMD_loss	: 2.6988
cond_ent_wt	: 4.8346
Src_reg_loss	: 0.0430
-------------------------------------
[Epoch : 86/500]
Total_loss	: 0.1180
Coral_loss	: 0.0000
MMD_loss	: 2.6854
cond_ent_wt	: 4.8346
Src_reg_loss	: 0.0428
-------------------------------------
[Epoch : 87/500]
Total_loss	: 0.1176
Coral_loss	: 0.0000
MMD_loss	: 2.6722
cond_ent_wt	: 4.8346
Src_reg_loss	: 0.0426
-------------------------------------
[Epoch : 88/500]
Total_loss	: 0.1173
Coral_loss	: 0.0000
MMD_loss	: 2.6593
cond_ent_wt	: 4.8345
Src_reg_loss	: 0.0423
-------------------------------------
[Epoch : 89/500]
Total_loss	: 0.1170
Coral_loss	: 0.0000
MMD_loss	: 2.6467
cond_ent_wt	: 4.8345
Src_reg_loss	: 0.0421
-------------------------------------
[Epoch : 90/500]
Total_loss	: 0.1166
Coral_loss	: 0.0000
MMD_loss	: 2.6344
cond_ent_wt	: 4.8345
Src_reg_loss	: 0.0419
-------------------------------------
[Epoch : 91/500]
Total_loss	: 0.1163
Coral_loss	: 0.0000
MMD_loss	: 2.6224
cond_ent_wt	: 4.8344
Src_reg_loss	: 0.0417
-------------------------------------
[Epoch : 92/500]
Total_loss	: 0.1160
Coral_loss	: 0.0000
MMD_loss	: 2.6107
cond_ent_wt	: 4.8344
Src_reg_loss	: 0.0415
-------------------------------------
[Epoch : 93/500]
Total_loss	: 0.1157
Coral_loss	: 0.0000
MMD_loss	: 2.5994
cond_ent_wt	: 4.8344
Src_reg_loss	: 0.0413
-------------------------------------
[Epoch : 94/500]
Total_loss	: 0.1154
Coral_loss	: 0.0000
MMD_loss	: 2.5884
cond_ent_wt	: 4.8343
Src_reg_loss	: 0.0411
-------------------------------------
[Epoch : 95/500]
Total_loss	: 0.1151
Coral_loss	: 0.0000
MMD_loss	: 2.5778
cond_ent_wt	: 4.8343
Src_reg_loss	: 0.0409
-------------------------------------
[Epoch : 96/500]
Total_loss	: 0.1148
Coral_loss	: 0.0000
MMD_loss	: 2.5675
cond_ent_wt	: 4.8343
Src_reg_loss	: 0.0407
-------------------------------------
[Epoch : 97/500]
Total_loss	: 0.1145
Coral_loss	: 0.0000
MMD_loss	: 2.5576
cond_ent_wt	: 4.8342
Src_reg_loss	: 0.0406
-------------------------------------
[Epoch : 98/500]
Total_loss	: 0.1142
Coral_loss	: 0.0000
MMD_loss	: 2.5480
cond_ent_wt	: 4.8342
Src_reg_loss	: 0.0404
-------------------------------------
[Epoch : 99/500]
Total_loss	: 0.1139
Coral_loss	: 0.0000
MMD_loss	: 2.5387
cond_ent_wt	: 4.8341
Src_reg_loss	: 0.0402
-------------------------------------
[Epoch : 100/500]
Total_loss	: 0.1137
Coral_loss	: 0.0000
MMD_loss	: 2.5298
cond_ent_wt	: 4.8341
Src_reg_loss	: 0.0400
-------------------------------------
[Epoch : 101/500]
Total_loss	: 0.1134
Coral_loss	: 0.0000
MMD_loss	: 2.5212
cond_ent_wt	: 4.8340
Src_reg_loss	: 0.0398
-------------------------------------
[Epoch : 102/500]
Total_loss	: 0.1131
Coral_loss	: 0.0000
MMD_loss	: 2.5129
cond_ent_wt	: 4.8340
Src_reg_loss	: 0.0397
-------------------------------------
[Epoch : 103/500]
Total_loss	: 0.1129
Coral_loss	: 0.0000
MMD_loss	: 2.5050
cond_ent_wt	: 4.8339
Src_reg_loss	: 0.0395
-------------------------------------
[Epoch : 104/500]
Total_loss	: 0.1126
Coral_loss	: 0.0000
MMD_loss	: 2.4973
cond_ent_wt	: 4.8339
Src_reg_loss	: 0.0393
-------------------------------------
[Epoch : 105/500]
Total_loss	: 0.1124
Coral_loss	: 0.0000
MMD_loss	: 2.4900
cond_ent_wt	: 4.8338
Src_reg_loss	: 0.0391
-------------------------------------
[Epoch : 106/500]
Total_loss	: 0.1121
Coral_loss	: 0.0000
MMD_loss	: 2.4829
cond_ent_wt	: 4.8338
Src_reg_loss	: 0.0390
-------------------------------------
[Epoch : 107/500]
Total_loss	: 0.1119
Coral_loss	: 0.0000
MMD_loss	: 2.4761
cond_ent_wt	: 4.8337
Src_reg_loss	: 0.0388
-------------------------------------
[Epoch : 108/500]
Total_loss	: 0.1117
Coral_loss	: 0.0000
MMD_loss	: 2.4696
cond_ent_wt	: 4.8337
Src_reg_loss	: 0.0386
-------------------------------------
[Epoch : 109/500]
Total_loss	: 0.1114
Coral_loss	: 0.0000
MMD_loss	: 2.4633
cond_ent_wt	: 4.8336
Src_reg_loss	: 0.0385
-------------------------------------
[Epoch : 110/500]
Total_loss	: 0.1112
Coral_loss	: 0.0000
MMD_loss	: 2.4573
cond_ent_wt	: 4.8336
Src_reg_loss	: 0.0383
-------------------------------------
[Epoch : 111/500]
Total_loss	: 0.1110
Coral_loss	: 0.0000
MMD_loss	: 2.4515
cond_ent_wt	: 4.8335
Src_reg_loss	: 0.0382
-------------------------------------
[Epoch : 112/500]
Total_loss	: 0.1108
Coral_loss	: 0.0000
MMD_loss	: 2.4459
cond_ent_wt	: 4.8335
Src_reg_loss	: 0.0380
-------------------------------------
[Epoch : 113/500]
Total_loss	: 0.1106
Coral_loss	: 0.0000
MMD_loss	: 2.4405
cond_ent_wt	: 4.8334
Src_reg_loss	: 0.0378
-------------------------------------
[Epoch : 114/500]
Total_loss	: 0.1104
Coral_loss	: 0.0000
MMD_loss	: 2.4353
cond_ent_wt	: 4.8334
Src_reg_loss	: 0.0377
-------------------------------------
[Epoch : 115/500]
Total_loss	: 0.1102
Coral_loss	: 0.0000
MMD_loss	: 2.4303
cond_ent_wt	: 4.8333
Src_reg_loss	: 0.0375
-------------------------------------
[Epoch : 116/500]
Total_loss	: 0.1100
Coral_loss	: 0.0000
MMD_loss	: 2.4255
cond_ent_wt	: 4.8333
Src_reg_loss	: 0.0374
-------------------------------------
[Epoch : 117/500]
Total_loss	: 0.1098
Coral_loss	: 0.0000
MMD_loss	: 2.4209
cond_ent_wt	: 4.8332
Src_reg_loss	: 0.0372
-------------------------------------
[Epoch : 118/500]
Total_loss	: 0.1096
Coral_loss	: 0.0000
MMD_loss	: 2.4164
cond_ent_wt	: 4.8332
Src_reg_loss	: 0.0371
-------------------------------------
[Epoch : 119/500]
Total_loss	: 0.1094
Coral_loss	: 0.0000
MMD_loss	: 2.4120
cond_ent_wt	: 4.8331
Src_reg_loss	: 0.0370
-------------------------------------
[Epoch : 120/500]
Total_loss	: 0.1092
Coral_loss	: 0.0000
MMD_loss	: 2.4079
cond_ent_wt	: 4.8331
Src_reg_loss	: 0.0368
-------------------------------------
[Epoch : 121/500]
Total_loss	: 0.1091
Coral_loss	: 0.0000
MMD_loss	: 2.4039
cond_ent_wt	: 4.8330
Src_reg_loss	: 0.0367
-------------------------------------
[Epoch : 122/500]
Total_loss	: 0.1089
Coral_loss	: 0.0000
MMD_loss	: 2.4000
cond_ent_wt	: 4.8329
Src_reg_loss	: 0.0365
-------------------------------------
[Epoch : 123/500]
Total_loss	: 0.1087
Coral_loss	: 0.0000
MMD_loss	: 2.3962
cond_ent_wt	: 4.8329
Src_reg_loss	: 0.0364
-------------------------------------
[Epoch : 124/500]
Total_loss	: 0.1085
Coral_loss	: 0.0000
MMD_loss	: 2.3926
cond_ent_wt	: 4.8328
Src_reg_loss	: 0.0363
-------------------------------------
[Epoch : 125/500]
Total_loss	: 0.1084
Coral_loss	: 0.0000
MMD_loss	: 2.3891
cond_ent_wt	: 4.8328
Src_reg_loss	: 0.0361
-------------------------------------
[Epoch : 126/500]
Total_loss	: 0.1082
Coral_loss	: 0.0000
MMD_loss	: 2.3857
cond_ent_wt	: 4.8327
Src_reg_loss	: 0.0360
-------------------------------------
[Epoch : 127/500]
Total_loss	: 0.1080
Coral_loss	: 0.0000
MMD_loss	: 2.3825
cond_ent_wt	: 4.8327
Src_reg_loss	: 0.0359
-------------------------------------
[Epoch : 128/500]
Total_loss	: 0.1079
Coral_loss	: 0.0000
MMD_loss	: 2.3793
cond_ent_wt	: 4.8326
Src_reg_loss	: 0.0357
-------------------------------------
[Epoch : 129/500]
Total_loss	: 0.1077
Coral_loss	: 0.0000
MMD_loss	: 2.3763
cond_ent_wt	: 4.8326
Src_reg_loss	: 0.0356
-------------------------------------
[Epoch : 130/500]
Total_loss	: 0.1076
Coral_loss	: 0.0000
MMD_loss	: 2.3733
cond_ent_wt	: 4.8325
Src_reg_loss	: 0.0355
-------------------------------------
[Epoch : 131/500]
Total_loss	: 0.1074
Coral_loss	: 0.0000
MMD_loss	: 2.3705
cond_ent_wt	: 4.8325
Src_reg_loss	: 0.0354
-------------------------------------
[Epoch : 132/500]
Total_loss	: 0.1073
Coral_loss	: 0.0000
MMD_loss	: 2.3678
cond_ent_wt	: 4.8324
Src_reg_loss	: 0.0352
-------------------------------------
[Epoch : 133/500]
Total_loss	: 0.1071
Coral_loss	: 0.0000
MMD_loss	: 2.3651
cond_ent_wt	: 4.8324
Src_reg_loss	: 0.0351
-------------------------------------
[Epoch : 134/500]
Total_loss	: 0.1070
Coral_loss	: 0.0000
MMD_loss	: 2.3626
cond_ent_wt	: 4.8323
Src_reg_loss	: 0.0350
-------------------------------------
[Epoch : 135/500]
Total_loss	: 0.1068
Coral_loss	: 0.0000
MMD_loss	: 2.3601
cond_ent_wt	: 4.8322
Src_reg_loss	: 0.0349
-------------------------------------
[Epoch : 136/500]
Total_loss	: 0.1067
Coral_loss	: 0.0000
MMD_loss	: 2.3577
cond_ent_wt	: 4.8322
Src_reg_loss	: 0.0348
-------------------------------------
[Epoch : 137/500]
Total_loss	: 0.1065
Coral_loss	: 0.0000
MMD_loss	: 2.3554
cond_ent_wt	: 4.8321
Src_reg_loss	: 0.0346
-------------------------------------
[Epoch : 138/500]
Total_loss	: 0.1064
Coral_loss	: 0.0000
MMD_loss	: 2.3532
cond_ent_wt	: 4.8321
Src_reg_loss	: 0.0345
-------------------------------------
[Epoch : 139/500]
Total_loss	: 0.1063
Coral_loss	: 0.0000
MMD_loss	: 2.3511
cond_ent_wt	: 4.8320
Src_reg_loss	: 0.0344
-------------------------------------
[Epoch : 140/500]
Total_loss	: 0.1061
Coral_loss	: 0.0000
MMD_loss	: 2.3490
cond_ent_wt	: 4.8320
Src_reg_loss	: 0.0343
-------------------------------------
[Epoch : 141/500]
Total_loss	: 0.1060
Coral_loss	: 0.0000
MMD_loss	: 2.3470
cond_ent_wt	: 4.8319
Src_reg_loss	: 0.0342
-------------------------------------
[Epoch : 142/500]
Total_loss	: 0.1058
Coral_loss	: 0.0000
MMD_loss	: 2.3451
cond_ent_wt	: 4.8319
Src_reg_loss	: 0.0341
-------------------------------------
[Epoch : 143/500]
Total_loss	: 0.1057
Coral_loss	: 0.0000
MMD_loss	: 2.3432
cond_ent_wt	: 4.8318
Src_reg_loss	: 0.0340
-------------------------------------
[Epoch : 144/500]
Total_loss	: 0.1056
Coral_loss	: 0.0000
MMD_loss	: 2.3414
cond_ent_wt	: 4.8318
Src_reg_loss	: 0.0338
-------------------------------------
[Epoch : 145/500]
Total_loss	: 0.1055
Coral_loss	: 0.0000
MMD_loss	: 2.3397
cond_ent_wt	: 4.8317
Src_reg_loss	: 0.0337
-------------------------------------
[Epoch : 146/500]
Total_loss	: 0.1053
Coral_loss	: 0.0000
MMD_loss	: 2.3381
cond_ent_wt	: 4.8316
Src_reg_loss	: 0.0336
-------------------------------------
[Epoch : 147/500]
Total_loss	: 0.1052
Coral_loss	: 0.0000
MMD_loss	: 2.3365
cond_ent_wt	: 4.8316
Src_reg_loss	: 0.0335
-------------------------------------
[Epoch : 148/500]
Total_loss	: 0.1051
Coral_loss	: 0.0000
MMD_loss	: 2.3350
cond_ent_wt	: 4.8315
Src_reg_loss	: 0.0334
-------------------------------------
[Epoch : 149/500]
Total_loss	: 0.1050
Coral_loss	: 0.0000
MMD_loss	: 2.3335
cond_ent_wt	: 4.8315
Src_reg_loss	: 0.0333
-------------------------------------
[Epoch : 150/500]
Total_loss	: 0.1049
Coral_loss	: 0.0000
MMD_loss	: 2.3321
cond_ent_wt	: 4.8314
Src_reg_loss	: 0.0332
-------------------------------------
[Epoch : 151/500]
Total_loss	: 0.1047
Coral_loss	: 0.0000
MMD_loss	: 2.3307
cond_ent_wt	: 4.8314
Src_reg_loss	: 0.0331
-------------------------------------
[Epoch : 152/500]
Total_loss	: 0.1046
Coral_loss	: 0.0000
MMD_loss	: 2.3294
cond_ent_wt	: 4.8313
Src_reg_loss	: 0.0330
-------------------------------------
[Epoch : 153/500]
Total_loss	: 0.1045
Coral_loss	: 0.0000
MMD_loss	: 2.3282
cond_ent_wt	: 4.8313
Src_reg_loss	: 0.0329
-------------------------------------
[Epoch : 154/500]
Total_loss	: 0.1044
Coral_loss	: 0.0000
MMD_loss	: 2.3270
cond_ent_wt	: 4.8312
Src_reg_loss	: 0.0328
-------------------------------------
[Epoch : 155/500]
Total_loss	: 0.1043
Coral_loss	: 0.0000
MMD_loss	: 2.3258
cond_ent_wt	: 4.8312
Src_reg_loss	: 0.0327
-------------------------------------
[Epoch : 156/500]
Total_loss	: 0.1042
Coral_loss	: 0.0000
MMD_loss	: 2.3247
cond_ent_wt	: 4.8311
Src_reg_loss	: 0.0326
-------------------------------------
[Epoch : 157/500]
Total_loss	: 0.1041
Coral_loss	: 0.0000
MMD_loss	: 2.3237
cond_ent_wt	: 4.8310
Src_reg_loss	: 0.0325
-------------------------------------
[Epoch : 158/500]
Total_loss	: 0.1040
Coral_loss	: 0.0000
MMD_loss	: 2.3227
cond_ent_wt	: 4.8310
Src_reg_loss	: 0.0324
-------------------------------------
[Epoch : 159/500]
Total_loss	: 0.1038
Coral_loss	: 0.0000
MMD_loss	: 2.3217
cond_ent_wt	: 4.8309
Src_reg_loss	: 0.0323
-------------------------------------
[Epoch : 160/500]
Total_loss	: 0.1037
Coral_loss	: 0.0000
MMD_loss	: 2.3207
cond_ent_wt	: 4.8309
Src_reg_loss	: 0.0322
-------------------------------------
[Epoch : 161/500]
Total_loss	: 0.1036
Coral_loss	: 0.0000
MMD_loss	: 2.3198
cond_ent_wt	: 4.8308
Src_reg_loss	: 0.0321
-------------------------------------
[Epoch : 162/500]
Total_loss	: 0.1035
Coral_loss	: 0.0000
MMD_loss	: 2.3190
cond_ent_wt	: 4.8308
Src_reg_loss	: 0.0320
-------------------------------------
[Epoch : 163/500]
Total_loss	: 0.1034
Coral_loss	: 0.0000
MMD_loss	: 2.3181
cond_ent_wt	: 4.8307
Src_reg_loss	: 0.0319
-------------------------------------
[Epoch : 164/500]
Total_loss	: 0.1033
Coral_loss	: 0.0000
MMD_loss	: 2.3174
cond_ent_wt	: 4.8307
Src_reg_loss	: 0.0318
-------------------------------------
[Epoch : 165/500]
Total_loss	: 0.1032
Coral_loss	: 0.0000
MMD_loss	: 2.3166
cond_ent_wt	: 4.8306
Src_reg_loss	: 0.0317
-------------------------------------
[Epoch : 166/500]
Total_loss	: 0.1031
Coral_loss	: 0.0000
MMD_loss	: 2.3159
cond_ent_wt	: 4.8305
Src_reg_loss	: 0.0316
-------------------------------------
[Epoch : 167/500]
Total_loss	: 0.1030
Coral_loss	: 0.0000
MMD_loss	: 2.3152
cond_ent_wt	: 4.8305
Src_reg_loss	: 0.0316
-------------------------------------
[Epoch : 168/500]
Total_loss	: 0.1029
Coral_loss	: 0.0000
MMD_loss	: 2.3146
cond_ent_wt	: 4.8304
Src_reg_loss	: 0.0315
-------------------------------------
[Epoch : 169/500]
Total_loss	: 0.1028
Coral_loss	: 0.0000
MMD_loss	: 2.3139
cond_ent_wt	: 4.8304
Src_reg_loss	: 0.0314
-------------------------------------
[Epoch : 170/500]
Total_loss	: 0.1027
Coral_loss	: 0.0000
MMD_loss	: 2.3134
cond_ent_wt	: 4.8303
Src_reg_loss	: 0.0313
-------------------------------------
[Epoch : 171/500]
Total_loss	: 0.1026
Coral_loss	: 0.0000
MMD_loss	: 2.3128
cond_ent_wt	: 4.8302
Src_reg_loss	: 0.0312
-------------------------------------
[Epoch : 172/500]
Total_loss	: 0.1025
Coral_loss	: 0.0000
MMD_loss	: 2.3123
cond_ent_wt	: 4.8302
Src_reg_loss	: 0.0311
-------------------------------------
[Epoch : 173/500]
Total_loss	: 0.1025
Coral_loss	: 0.0000
MMD_loss	: 2.3118
cond_ent_wt	: 4.8301
Src_reg_loss	: 0.0310
-------------------------------------
[Epoch : 174/500]
Total_loss	: 0.1024
Coral_loss	: 0.0000
MMD_loss	: 2.3114
cond_ent_wt	: 4.8301
Src_reg_loss	: 0.0309
-------------------------------------
[Epoch : 175/500]
Total_loss	: 0.1023
Coral_loss	: 0.0000
MMD_loss	: 2.3109
cond_ent_wt	: 4.8300
Src_reg_loss	: 0.0309
-------------------------------------
[Epoch : 176/500]
Total_loss	: 0.1022
Coral_loss	: 0.0000
MMD_loss	: 2.3104
cond_ent_wt	: 4.8299
Src_reg_loss	: 0.0308
-------------------------------------
[Epoch : 177/500]
Total_loss	: 0.1021
Coral_loss	: 0.0000
MMD_loss	: 2.3100
cond_ent_wt	: 4.8299
Src_reg_loss	: 0.0307
-------------------------------------
[Epoch : 178/500]
Total_loss	: 0.1020
Coral_loss	: 0.0000
MMD_loss	: 2.3096
cond_ent_wt	: 4.8298
Src_reg_loss	: 0.0306
-------------------------------------
[Epoch : 179/500]
Total_loss	: 0.1019
Coral_loss	: 0.0000
MMD_loss	: 2.3091
cond_ent_wt	: 4.8298
Src_reg_loss	: 0.0305
-------------------------------------
[Epoch : 180/500]
Total_loss	: 0.1018
Coral_loss	: 0.0000
MMD_loss	: 2.3087
cond_ent_wt	: 4.8297
Src_reg_loss	: 0.0304
-------------------------------------
[Epoch : 181/500]
Total_loss	: 0.1017
Coral_loss	: 0.0000
MMD_loss	: 2.3083
cond_ent_wt	: 4.8296
Src_reg_loss	: 0.0303
-------------------------------------
[Epoch : 182/500]
Total_loss	: 0.1017
Coral_loss	: 0.0000
MMD_loss	: 2.3079
cond_ent_wt	: 4.8296
Src_reg_loss	: 0.0303
-------------------------------------
[Epoch : 183/500]
Total_loss	: 0.1016
Coral_loss	: 0.0000
MMD_loss	: 2.3075
cond_ent_wt	: 4.8295
Src_reg_loss	: 0.0302
-------------------------------------
[Epoch : 184/500]
Total_loss	: 0.1015
Coral_loss	: 0.0000
MMD_loss	: 2.3071
cond_ent_wt	: 4.8294
Src_reg_loss	: 0.0301
-------------------------------------
[Epoch : 185/500]
Total_loss	: 0.1014
Coral_loss	: 0.0000
MMD_loss	: 2.3067
cond_ent_wt	: 4.8294
Src_reg_loss	: 0.0300
-------------------------------------
[Epoch : 186/500]
Total_loss	: 0.1013
Coral_loss	: 0.0000
MMD_loss	: 2.3063
cond_ent_wt	: 4.8293
Src_reg_loss	: 0.0299
-------------------------------------
[Epoch : 187/500]
Total_loss	: 0.1012
Coral_loss	: 0.0000
MMD_loss	: 2.3059
cond_ent_wt	: 4.8292
Src_reg_loss	: 0.0299
-------------------------------------
[Epoch : 188/500]
Total_loss	: 0.1011
Coral_loss	: 0.0000
MMD_loss	: 2.3054
cond_ent_wt	: 4.8292
Src_reg_loss	: 0.0298
-------------------------------------
[Epoch : 189/500]
Total_loss	: 0.1011
Coral_loss	: 0.0000
MMD_loss	: 2.3050
cond_ent_wt	: 4.8291
Src_reg_loss	: 0.0297
-------------------------------------
[Epoch : 190/500]
Total_loss	: 0.1010
Coral_loss	: 0.0000
MMD_loss	: 2.3046
cond_ent_wt	: 4.8290
Src_reg_loss	: 0.0296
-------------------------------------
[Epoch : 191/500]
Total_loss	: 0.1009
Coral_loss	: 0.0000
MMD_loss	: 2.3042
cond_ent_wt	: 4.8290
Src_reg_loss	: 0.0295
-------------------------------------
[Epoch : 192/500]
Total_loss	: 0.1008
Coral_loss	: 0.0000
MMD_loss	: 2.3037
cond_ent_wt	: 4.8289
Src_reg_loss	: 0.0295
-------------------------------------
[Epoch : 193/500]
Total_loss	: 0.1007
Coral_loss	: 0.0000
MMD_loss	: 2.3033
cond_ent_wt	: 4.8288
Src_reg_loss	: 0.0294
-------------------------------------
[Epoch : 194/500]
Total_loss	: 0.1006
Coral_loss	: 0.0000
MMD_loss	: 2.3028
cond_ent_wt	: 4.8288
Src_reg_loss	: 0.0293
-------------------------------------
[Epoch : 195/500]
Total_loss	: 0.1006
Coral_loss	: 0.0000
MMD_loss	: 2.3023
cond_ent_wt	: 4.8287
Src_reg_loss	: 0.0292
-------------------------------------
[Epoch : 196/500]
Total_loss	: 0.1005
Coral_loss	: 0.0000
MMD_loss	: 2.3019
cond_ent_wt	: 4.8286
Src_reg_loss	: 0.0292
-------------------------------------
[Epoch : 197/500]
Total_loss	: 0.1004
Coral_loss	: 0.0000
MMD_loss	: 2.3014
cond_ent_wt	: 4.8286
Src_reg_loss	: 0.0291
-------------------------------------
[Epoch : 198/500]
Total_loss	: 0.1003
Coral_loss	: 0.0000
MMD_loss	: 2.3009
cond_ent_wt	: 4.8285
Src_reg_loss	: 0.0290
-------------------------------------
[Epoch : 199/500]
Total_loss	: 0.1002
Coral_loss	: 0.0000
MMD_loss	: 2.3003
cond_ent_wt	: 4.8284
Src_reg_loss	: 0.0289
-------------------------------------
[Epoch : 200/500]
Total_loss	: 0.1002
Coral_loss	: 0.0000
MMD_loss	: 2.2998
cond_ent_wt	: 4.8284
Src_reg_loss	: 0.0289
-------------------------------------
[Epoch : 201/500]
Total_loss	: 0.1001
Coral_loss	: 0.0000
MMD_loss	: 2.2993
cond_ent_wt	: 4.8283
Src_reg_loss	: 0.0288
-------------------------------------
[Epoch : 202/500]
Total_loss	: 0.1000
Coral_loss	: 0.0000
MMD_loss	: 2.2987
cond_ent_wt	: 4.8282
Src_reg_loss	: 0.0287
-------------------------------------
[Epoch : 203/500]
Total_loss	: 0.0999
Coral_loss	: 0.0000
MMD_loss	: 2.2981
cond_ent_wt	: 4.8282
Src_reg_loss	: 0.0287
-------------------------------------
[Epoch : 204/500]
Total_loss	: 0.0999
Coral_loss	: 0.0000
MMD_loss	: 2.2975
cond_ent_wt	: 4.8281
Src_reg_loss	: 0.0286
-------------------------------------
[Epoch : 205/500]
Total_loss	: 0.0998
Coral_loss	: 0.0000
MMD_loss	: 2.2969
cond_ent_wt	: 4.8280
Src_reg_loss	: 0.0285
-------------------------------------
[Epoch : 206/500]
Total_loss	: 0.0997
Coral_loss	: 0.0000
MMD_loss	: 2.2963
cond_ent_wt	: 4.8279
Src_reg_loss	: 0.0284
-------------------------------------
[Epoch : 207/500]
Total_loss	: 0.0996
Coral_loss	: 0.0000
MMD_loss	: 2.2957
cond_ent_wt	: 4.8279
Src_reg_loss	: 0.0284
-------------------------------------
[Epoch : 208/500]
Total_loss	: 0.0995
Coral_loss	: 0.0000
MMD_loss	: 2.2950
cond_ent_wt	: 4.8278
Src_reg_loss	: 0.0283
-------------------------------------
[Epoch : 209/500]
Total_loss	: 0.0995
Coral_loss	: 0.0000
MMD_loss	: 2.2943
cond_ent_wt	: 4.8277
Src_reg_loss	: 0.0282
-------------------------------------
[Epoch : 210/500]
Total_loss	: 0.0994
Coral_loss	: 0.0000
MMD_loss	: 2.2937
cond_ent_wt	: 4.8276
Src_reg_loss	: 0.0282
-------------------------------------
[Epoch : 211/500]
Total_loss	: 0.0993
Coral_loss	: 0.0000
MMD_loss	: 2.2930
cond_ent_wt	: 4.8276
Src_reg_loss	: 0.0281
-------------------------------------
[Epoch : 212/500]
Total_loss	: 0.0992
Coral_loss	: 0.0000
MMD_loss	: 2.2922
cond_ent_wt	: 4.8275
Src_reg_loss	: 0.0280
-------------------------------------
[Epoch : 213/500]
Total_loss	: 0.0992
Coral_loss	: 0.0000
MMD_loss	: 2.2915
cond_ent_wt	: 4.8274
Src_reg_loss	: 0.0280
-------------------------------------
[Epoch : 214/500]
Total_loss	: 0.0991
Coral_loss	: 0.0000
MMD_loss	: 2.2908
cond_ent_wt	: 4.8273
Src_reg_loss	: 0.0279
-------------------------------------
[Epoch : 215/500]
Total_loss	: 0.0990
Coral_loss	: 0.0000
MMD_loss	: 2.2900
cond_ent_wt	: 4.8273
Src_reg_loss	: 0.0278
-------------------------------------
[Epoch : 216/500]
Total_loss	: 0.0989
Coral_loss	: 0.0000
MMD_loss	: 2.2892
cond_ent_wt	: 4.8272
Src_reg_loss	: 0.0278
-------------------------------------
[Epoch : 217/500]
Total_loss	: 0.0989
Coral_loss	: 0.0000
MMD_loss	: 2.2884
cond_ent_wt	: 4.8271
Src_reg_loss	: 0.0277
-------------------------------------
[Epoch : 218/500]
Total_loss	: 0.0988
Coral_loss	: 0.0000
MMD_loss	: 2.2876
cond_ent_wt	: 4.8270
Src_reg_loss	: 0.0276
-------------------------------------
[Epoch : 219/500]
Total_loss	: 0.0987
Coral_loss	: 0.0000
MMD_loss	: 2.2868
cond_ent_wt	: 4.8269
Src_reg_loss	: 0.0276
-------------------------------------
[Epoch : 220/500]
Total_loss	: 0.0986
Coral_loss	: 0.0000
MMD_loss	: 2.2860
cond_ent_wt	: 4.8269
Src_reg_loss	: 0.0275
-------------------------------------
[Epoch : 221/500]
Total_loss	: 0.0986
Coral_loss	: 0.0000
MMD_loss	: 2.2851
cond_ent_wt	: 4.8268
Src_reg_loss	: 0.0274
-------------------------------------
[Epoch : 222/500]
Total_loss	: 0.0985
Coral_loss	: 0.0000
MMD_loss	: 2.2843
cond_ent_wt	: 4.8267
Src_reg_loss	: 0.0274
-------------------------------------
[Epoch : 223/500]
Total_loss	: 0.0984
Coral_loss	: 0.0000
MMD_loss	: 2.2834
cond_ent_wt	: 4.8266
Src_reg_loss	: 0.0273
-------------------------------------
[Epoch : 224/500]
Total_loss	: 0.0984
Coral_loss	: 0.0000
MMD_loss	: 2.2825
cond_ent_wt	: 4.8265
Src_reg_loss	: 0.0272
-------------------------------------
[Epoch : 225/500]
Total_loss	: 0.0983
Coral_loss	: 0.0000
MMD_loss	: 2.2816
cond_ent_wt	: 4.8264
Src_reg_loss	: 0.0272
-------------------------------------
[Epoch : 226/500]
Total_loss	: 0.0982
Coral_loss	: 0.0000
MMD_loss	: 2.2807
cond_ent_wt	: 4.8264
Src_reg_loss	: 0.0271
-------------------------------------
[Epoch : 227/500]
Total_loss	: 0.0981
Coral_loss	: 0.0000
MMD_loss	: 2.2798
cond_ent_wt	: 4.8263
Src_reg_loss	: 0.0271
-------------------------------------
[Epoch : 228/500]
Total_loss	: 0.0981
Coral_loss	: 0.0000
MMD_loss	: 2.2789
cond_ent_wt	: 4.8262
Src_reg_loss	: 0.0270
-------------------------------------
[Epoch : 229/500]
Total_loss	: 0.0980
Coral_loss	: 0.0000
MMD_loss	: 2.2779
cond_ent_wt	: 4.8261
Src_reg_loss	: 0.0269
-------------------------------------
[Epoch : 230/500]
Total_loss	: 0.0979
Coral_loss	: 0.0000
MMD_loss	: 2.2770
cond_ent_wt	: 4.8260
Src_reg_loss	: 0.0269
-------------------------------------
[Epoch : 231/500]
Total_loss	: 0.0979
Coral_loss	: 0.0000
MMD_loss	: 2.2761
cond_ent_wt	: 4.8259
Src_reg_loss	: 0.0268
-------------------------------------
[Epoch : 232/500]
Total_loss	: 0.0978
Coral_loss	: 0.0000
MMD_loss	: 2.2751
cond_ent_wt	: 4.8258
Src_reg_loss	: 0.0268
-------------------------------------
[Epoch : 233/500]
Total_loss	: 0.0977
Coral_loss	: 0.0000
MMD_loss	: 2.2741
cond_ent_wt	: 4.8257
Src_reg_loss	: 0.0267
-------------------------------------
[Epoch : 234/500]
Total_loss	: 0.0976
Coral_loss	: 0.0000
MMD_loss	: 2.2732
cond_ent_wt	: 4.8257
Src_reg_loss	: 0.0266
-------------------------------------
[Epoch : 235/500]
Total_loss	: 0.0976
Coral_loss	: 0.0000
MMD_loss	: 2.2722
cond_ent_wt	: 4.8256
Src_reg_loss	: 0.0266
-------------------------------------
[Epoch : 236/500]
Total_loss	: 0.0975
Coral_loss	: 0.0000
MMD_loss	: 2.2712
cond_ent_wt	: 4.8255
Src_reg_loss	: 0.0265
-------------------------------------
[Epoch : 237/500]
Total_loss	: 0.0974
Coral_loss	: 0.0000
MMD_loss	: 2.2702
cond_ent_wt	: 4.8254
Src_reg_loss	: 0.0265
-------------------------------------
[Epoch : 238/500]
Total_loss	: 0.0974
Coral_loss	: 0.0000
MMD_loss	: 2.2693
cond_ent_wt	: 4.8253
Src_reg_loss	: 0.0264
-------------------------------------
[Epoch : 239/500]
Total_loss	: 0.0973
Coral_loss	: 0.0000
MMD_loss	: 2.2683
cond_ent_wt	: 4.8252
Src_reg_loss	: 0.0264
-------------------------------------
[Epoch : 240/500]
Total_loss	: 0.0972
Coral_loss	: 0.0000
MMD_loss	: 2.2673
cond_ent_wt	: 4.8251
Src_reg_loss	: 0.0263
-------------------------------------
[Epoch : 241/500]
Total_loss	: 0.0972
Coral_loss	: 0.0000
MMD_loss	: 2.2663
cond_ent_wt	: 4.8250
Src_reg_loss	: 0.0262
-------------------------------------
[Epoch : 242/500]
Total_loss	: 0.0971
Coral_loss	: 0.0000
MMD_loss	: 2.2653
cond_ent_wt	: 4.8249
Src_reg_loss	: 0.0262
-------------------------------------
[Epoch : 243/500]
Total_loss	: 0.0970
Coral_loss	: 0.0000
MMD_loss	: 2.2642
cond_ent_wt	: 4.8248
Src_reg_loss	: 0.0261
-------------------------------------
[Epoch : 244/500]
Total_loss	: 0.0970
Coral_loss	: 0.0000
MMD_loss	: 2.2632
cond_ent_wt	: 4.8247
Src_reg_loss	: 0.0261
-------------------------------------
[Epoch : 245/500]
Total_loss	: 0.0969
Coral_loss	: 0.0000
MMD_loss	: 2.2622
cond_ent_wt	: 4.8246
Src_reg_loss	: 0.0260
-------------------------------------
[Epoch : 246/500]
Total_loss	: 0.0968
Coral_loss	: 0.0000
MMD_loss	: 2.2612
cond_ent_wt	: 4.8245
Src_reg_loss	: 0.0260
-------------------------------------
[Epoch : 247/500]
Total_loss	: 0.0968
Coral_loss	: 0.0000
MMD_loss	: 2.2602
cond_ent_wt	: 4.8244
Src_reg_loss	: 0.0259
-------------------------------------
[Epoch : 248/500]
Total_loss	: 0.0967
Coral_loss	: 0.0000
MMD_loss	: 2.2591
cond_ent_wt	: 4.8243
Src_reg_loss	: 0.0259
-------------------------------------
[Epoch : 249/500]
Total_loss	: 0.0966
Coral_loss	: 0.0000
MMD_loss	: 2.2581
cond_ent_wt	: 4.8242
Src_reg_loss	: 0.0258
-------------------------------------
[Epoch : 250/500]
Total_loss	: 0.0966
Coral_loss	: 0.0000
MMD_loss	: 2.2571
cond_ent_wt	: 4.8241
Src_reg_loss	: 0.0257
-------------------------------------
[Epoch : 251/500]
Total_loss	: 0.0965
Coral_loss	: 0.0000
MMD_loss	: 2.2561
cond_ent_wt	: 4.8240
Src_reg_loss	: 0.0257
-------------------------------------
[Epoch : 252/500]
Total_loss	: 0.0964
Coral_loss	: 0.0000
MMD_loss	: 2.2550
cond_ent_wt	: 4.8239
Src_reg_loss	: 0.0256
-------------------------------------
[Epoch : 253/500]
Total_loss	: 0.0964
Coral_loss	: 0.0000
MMD_loss	: 2.2540
cond_ent_wt	: 4.8238
Src_reg_loss	: 0.0256
-------------------------------------
[Epoch : 254/500]
Total_loss	: 0.0963
Coral_loss	: 0.0000
MMD_loss	: 2.2530
cond_ent_wt	: 4.8237
Src_reg_loss	: 0.0255
-------------------------------------
[Epoch : 255/500]
Total_loss	: 0.0963
Coral_loss	: 0.0000
MMD_loss	: 2.2520
cond_ent_wt	: 4.8236
Src_reg_loss	: 0.0255
-------------------------------------
[Epoch : 256/500]
Total_loss	: 0.0962
Coral_loss	: 0.0000
MMD_loss	: 2.2509
cond_ent_wt	: 4.8235
Src_reg_loss	: 0.0254
-------------------------------------
[Epoch : 257/500]
Total_loss	: 0.0961
Coral_loss	: 0.0000
MMD_loss	: 2.2499
cond_ent_wt	: 4.8234
Src_reg_loss	: 0.0254
-------------------------------------
[Epoch : 258/500]
Total_loss	: 0.0961
Coral_loss	: 0.0000
MMD_loss	: 2.2489
cond_ent_wt	: 4.8233
Src_reg_loss	: 0.0253
-------------------------------------
[Epoch : 259/500]
Total_loss	: 0.0960
Coral_loss	: 0.0000
MMD_loss	: 2.2479
cond_ent_wt	: 4.8231
Src_reg_loss	: 0.0253
-------------------------------------
[Epoch : 260/500]
Total_loss	: 0.0959
Coral_loss	: 0.0000
MMD_loss	: 2.2468
cond_ent_wt	: 4.8230
Src_reg_loss	: 0.0252
-------------------------------------
[Epoch : 261/500]
Total_loss	: 0.0959
Coral_loss	: 0.0000
MMD_loss	: 2.2458
cond_ent_wt	: 4.8229
Src_reg_loss	: 0.0252
-------------------------------------
[Epoch : 262/500]
Total_loss	: 0.0958
Coral_loss	: 0.0000
MMD_loss	: 2.2448
cond_ent_wt	: 4.8228
Src_reg_loss	: 0.0251
-------------------------------------
[Epoch : 263/500]
Total_loss	: 0.0958
Coral_loss	: 0.0000
MMD_loss	: 2.2438
cond_ent_wt	: 4.8227
Src_reg_loss	: 0.0251
-------------------------------------
[Epoch : 264/500]
Total_loss	: 0.0957
Coral_loss	: 0.0000
MMD_loss	: 2.2428
cond_ent_wt	: 4.8226
Src_reg_loss	: 0.0250
-------------------------------------
[Epoch : 265/500]
Total_loss	: 0.0956
Coral_loss	: 0.0000
MMD_loss	: 2.2418
cond_ent_wt	: 4.8225
Src_reg_loss	: 0.0250
-------------------------------------
[Epoch : 266/500]
Total_loss	: 0.0956
Coral_loss	: 0.0000
MMD_loss	: 2.2409
cond_ent_wt	: 4.8223
Src_reg_loss	: 0.0249
-------------------------------------
[Epoch : 267/500]
Total_loss	: 0.0955
Coral_loss	: 0.0000
MMD_loss	: 2.2399
cond_ent_wt	: 4.8222
Src_reg_loss	: 0.0249
-------------------------------------
[Epoch : 268/500]
Total_loss	: 0.0955
Coral_loss	: 0.0000
MMD_loss	: 2.2389
cond_ent_wt	: 4.8221
Src_reg_loss	: 0.0248
-------------------------------------
[Epoch : 269/500]
Total_loss	: 0.0954
Coral_loss	: 0.0000
MMD_loss	: 2.2379
cond_ent_wt	: 4.8220
Src_reg_loss	: 0.0248
-------------------------------------
[Epoch : 270/500]
Total_loss	: 0.0954
Coral_loss	: 0.0000
MMD_loss	: 2.2370
cond_ent_wt	: 4.8219
Src_reg_loss	: 0.0247
-------------------------------------
[Epoch : 271/500]
Total_loss	: 0.0953
Coral_loss	: 0.0000
MMD_loss	: 2.2360
cond_ent_wt	: 4.8218
Src_reg_loss	: 0.0247
-------------------------------------
[Epoch : 272/500]
Total_loss	: 0.0952
Coral_loss	: 0.0000
MMD_loss	: 2.2351
cond_ent_wt	: 4.8216
Src_reg_loss	: 0.0246
-------------------------------------
[Epoch : 273/500]
Total_loss	: 0.0952
Coral_loss	: 0.0000
MMD_loss	: 2.2342
cond_ent_wt	: 4.8215
Src_reg_loss	: 0.0246
-------------------------------------
[Epoch : 274/500]
Total_loss	: 0.0951
Coral_loss	: 0.0000
MMD_loss	: 2.2332
cond_ent_wt	: 4.8214
Src_reg_loss	: 0.0246
-------------------------------------
[Epoch : 275/500]
Total_loss	: 0.0951
Coral_loss	: 0.0000
MMD_loss	: 2.2323
cond_ent_wt	: 4.8213
Src_reg_loss	: 0.0245
-------------------------------------
[Epoch : 276/500]
Total_loss	: 0.0950
Coral_loss	: 0.0000
MMD_loss	: 2.2314
cond_ent_wt	: 4.8211
Src_reg_loss	: 0.0245
-------------------------------------
[Epoch : 277/500]
Total_loss	: 0.0950
Coral_loss	: 0.0000
MMD_loss	: 2.2305
cond_ent_wt	: 4.8210
Src_reg_loss	: 0.0244
-------------------------------------
[Epoch : 278/500]
Total_loss	: 0.0949
Coral_loss	: 0.0000
MMD_loss	: 2.2296
cond_ent_wt	: 4.8209
Src_reg_loss	: 0.0244
-------------------------------------
[Epoch : 279/500]
Total_loss	: 0.0948
Coral_loss	: 0.0000
MMD_loss	: 2.2287
cond_ent_wt	: 4.8208
Src_reg_loss	: 0.0243
-------------------------------------
[Epoch : 280/500]
Total_loss	: 0.0948
Coral_loss	: 0.0000
MMD_loss	: 2.2278
cond_ent_wt	: 4.8206
Src_reg_loss	: 0.0243
-------------------------------------
[Epoch : 281/500]
Total_loss	: 0.0947
Coral_loss	: 0.0000
MMD_loss	: 2.2270
cond_ent_wt	: 4.8205
Src_reg_loss	: 0.0242
-------------------------------------
[Epoch : 282/500]
Total_loss	: 0.0947
Coral_loss	: 0.0000
MMD_loss	: 2.2261
cond_ent_wt	: 4.8204
Src_reg_loss	: 0.0242
-------------------------------------
[Epoch : 283/500]
Total_loss	: 0.0946
Coral_loss	: 0.0000
MMD_loss	: 2.2253
cond_ent_wt	: 4.8202
Src_reg_loss	: 0.0242
-------------------------------------
[Epoch : 284/500]
Total_loss	: 0.0946
Coral_loss	: 0.0000
MMD_loss	: 2.2245
cond_ent_wt	: 4.8201
Src_reg_loss	: 0.0241
-------------------------------------
[Epoch : 285/500]
Total_loss	: 0.0945
Coral_loss	: 0.0000
MMD_loss	: 2.2236
cond_ent_wt	: 4.8200
Src_reg_loss	: 0.0241
-------------------------------------
[Epoch : 286/500]
Total_loss	: 0.0945
Coral_loss	: 0.0000
MMD_loss	: 2.2228
cond_ent_wt	: 4.8198
Src_reg_loss	: 0.0240
-------------------------------------
[Epoch : 287/500]
Total_loss	: 0.0944
Coral_loss	: 0.0000
MMD_loss	: 2.2220
cond_ent_wt	: 4.8197
Src_reg_loss	: 0.0240
-------------------------------------
[Epoch : 288/500]
Total_loss	: 0.0944
Coral_loss	: 0.0000
MMD_loss	: 2.2212
cond_ent_wt	: 4.8195
Src_reg_loss	: 0.0239
-------------------------------------
[Epoch : 289/500]
Total_loss	: 0.0943
Coral_loss	: 0.0000
MMD_loss	: 2.2204
cond_ent_wt	: 4.8194
Src_reg_loss	: 0.0239
-------------------------------------
[Epoch : 290/500]
Total_loss	: 0.0943
Coral_loss	: 0.0000
MMD_loss	: 2.2197
cond_ent_wt	: 4.8193
Src_reg_loss	: 0.0238
-------------------------------------
[Epoch : 291/500]
Total_loss	: 0.0942
Coral_loss	: 0.0000
MMD_loss	: 2.2189
cond_ent_wt	: 4.8191
Src_reg_loss	: 0.0238
-------------------------------------
[Epoch : 292/500]
Total_loss	: 0.0942
Coral_loss	: 0.0000
MMD_loss	: 2.2182
cond_ent_wt	: 4.8190
Src_reg_loss	: 0.0238
-------------------------------------
[Epoch : 293/500]
Total_loss	: 0.0941
Coral_loss	: 0.0000
MMD_loss	: 2.2174
cond_ent_wt	: 4.8188
Src_reg_loss	: 0.0237
-------------------------------------
[Epoch : 294/500]
Total_loss	: 0.0941
Coral_loss	: 0.0000
MMD_loss	: 2.2167
cond_ent_wt	: 4.8187
Src_reg_loss	: 0.0237
-------------------------------------
[Epoch : 295/500]
Total_loss	: 0.0940
Coral_loss	: 0.0000
MMD_loss	: 2.2160
cond_ent_wt	: 4.8185
Src_reg_loss	: 0.0236
-------------------------------------
[Epoch : 296/500]
Total_loss	: 0.0940
Coral_loss	: 0.0000
MMD_loss	: 2.2153
cond_ent_wt	: 4.8184
Src_reg_loss	: 0.0236
-------------------------------------
[Epoch : 297/500]
Total_loss	: 0.0939
Coral_loss	: 0.0000
MMD_loss	: 2.2146
cond_ent_wt	: 4.8182
Src_reg_loss	: 0.0236
-------------------------------------
[Epoch : 298/500]
Total_loss	: 0.0939
Coral_loss	: 0.0000
MMD_loss	: 2.2139
cond_ent_wt	: 4.8181
Src_reg_loss	: 0.0235
-------------------------------------
[Epoch : 299/500]
Total_loss	: 0.0938
Coral_loss	: 0.0000
MMD_loss	: 2.2132
cond_ent_wt	: 4.8179
Src_reg_loss	: 0.0235
-------------------------------------
[Epoch : 300/500]
Total_loss	: 0.0938
Coral_loss	: 0.0000
MMD_loss	: 2.2126
cond_ent_wt	: 4.8178
Src_reg_loss	: 0.0234
-------------------------------------
[Epoch : 301/500]
Total_loss	: 0.0937
Coral_loss	: 0.0000
MMD_loss	: 2.2119
cond_ent_wt	: 4.8176
Src_reg_loss	: 0.0234
-------------------------------------
[Epoch : 302/500]
Total_loss	: 0.0937
Coral_loss	: 0.0000
MMD_loss	: 2.2113
cond_ent_wt	: 4.8175
Src_reg_loss	: 0.0234
-------------------------------------
[Epoch : 303/500]
Total_loss	: 0.0936
Coral_loss	: 0.0000
MMD_loss	: 2.2107
cond_ent_wt	: 4.8173
Src_reg_loss	: 0.0233
-------------------------------------
[Epoch : 304/500]
Total_loss	: 0.0936
Coral_loss	: 0.0000
MMD_loss	: 2.2101
cond_ent_wt	: 4.8172
Src_reg_loss	: 0.0233
-------------------------------------
[Epoch : 305/500]
Total_loss	: 0.0935
Coral_loss	: 0.0000
MMD_loss	: 2.2094
cond_ent_wt	: 4.8170
Src_reg_loss	: 0.0232
-------------------------------------
[Epoch : 306/500]
Total_loss	: 0.0935
Coral_loss	: 0.0000
MMD_loss	: 2.2088
cond_ent_wt	: 4.8168
Src_reg_loss	: 0.0232
-------------------------------------
[Epoch : 307/500]
Total_loss	: 0.0934
Coral_loss	: 0.0000
MMD_loss	: 2.2083
cond_ent_wt	: 4.8167
Src_reg_loss	: 0.0232
-------------------------------------
[Epoch : 308/500]
Total_loss	: 0.0934
Coral_loss	: 0.0000
MMD_loss	: 2.2077
cond_ent_wt	: 4.8165
Src_reg_loss	: 0.0231
-------------------------------------
[Epoch : 309/500]
Total_loss	: 0.0933
Coral_loss	: 0.0000
MMD_loss	: 2.2071
cond_ent_wt	: 4.8164
Src_reg_loss	: 0.0231
-------------------------------------
[Epoch : 310/500]
Total_loss	: 0.0933
Coral_loss	: 0.0000
MMD_loss	: 2.2065
cond_ent_wt	: 4.8162
Src_reg_loss	: 0.0231
-------------------------------------
[Epoch : 311/500]
Total_loss	: 0.0933
Coral_loss	: 0.0000
MMD_loss	: 2.2060
cond_ent_wt	: 4.8160
Src_reg_loss	: 0.0230
-------------------------------------
[Epoch : 312/500]
Total_loss	: 0.0932
Coral_loss	: 0.0000
MMD_loss	: 2.2055
cond_ent_wt	: 4.8159
Src_reg_loss	: 0.0230
-------------------------------------
[Epoch : 313/500]
Total_loss	: 0.0932
Coral_loss	: 0.0000
MMD_loss	: 2.2049
cond_ent_wt	: 4.8157
Src_reg_loss	: 0.0229
-------------------------------------
[Epoch : 314/500]
Total_loss	: 0.0931
Coral_loss	: 0.0000
MMD_loss	: 2.2044
cond_ent_wt	: 4.8155
Src_reg_loss	: 0.0229
-------------------------------------
[Epoch : 315/500]
Total_loss	: 0.0931
Coral_loss	: 0.0000
MMD_loss	: 2.2039
cond_ent_wt	: 4.8154
Src_reg_loss	: 0.0229
-------------------------------------
[Epoch : 316/500]
Total_loss	: 0.0930
Coral_loss	: 0.0000
MMD_loss	: 2.2034
cond_ent_wt	: 4.8152
Src_reg_loss	: 0.0228
-------------------------------------
[Epoch : 317/500]
Total_loss	: 0.0930
Coral_loss	: 0.0000
MMD_loss	: 2.2029
cond_ent_wt	: 4.8150
Src_reg_loss	: 0.0228
-------------------------------------
[Epoch : 318/500]
Total_loss	: 0.0930
Coral_loss	: 0.0000
MMD_loss	: 2.2024
cond_ent_wt	: 4.8148
Src_reg_loss	: 0.0228
-------------------------------------
[Epoch : 319/500]
Total_loss	: 0.0929
Coral_loss	: 0.0000
MMD_loss	: 2.2020
cond_ent_wt	: 4.8146
Src_reg_loss	: 0.0227
-------------------------------------
[Epoch : 320/500]
Total_loss	: 0.0929
Coral_loss	: 0.0000
MMD_loss	: 2.2015
cond_ent_wt	: 4.8145
Src_reg_loss	: 0.0227
-------------------------------------
[Epoch : 321/500]
Total_loss	: 0.0928
Coral_loss	: 0.0000
MMD_loss	: 2.2011
cond_ent_wt	: 4.8143
Src_reg_loss	: 0.0226
-------------------------------------
[Epoch : 322/500]
Total_loss	: 0.0928
Coral_loss	: 0.0000
MMD_loss	: 2.2006
cond_ent_wt	: 4.8141
Src_reg_loss	: 0.0226
-------------------------------------
[Epoch : 323/500]
Total_loss	: 0.0927
Coral_loss	: 0.0000
MMD_loss	: 2.2002
cond_ent_wt	: 4.8139
Src_reg_loss	: 0.0226
-------------------------------------
[Epoch : 324/500]
Total_loss	: 0.0927
Coral_loss	: 0.0000
MMD_loss	: 2.1998
cond_ent_wt	: 4.8137
Src_reg_loss	: 0.0225
-------------------------------------
[Epoch : 325/500]
Total_loss	: 0.0927
Coral_loss	: 0.0000
MMD_loss	: 2.1993
cond_ent_wt	: 4.8136
Src_reg_loss	: 0.0225
-------------------------------------
[Epoch : 326/500]
Total_loss	: 0.0926
Coral_loss	: 0.0000
MMD_loss	: 2.1989
cond_ent_wt	: 4.8134
Src_reg_loss	: 0.0225
-------------------------------------
[Epoch : 327/500]
Total_loss	: 0.0926
Coral_loss	: 0.0000
MMD_loss	: 2.1985
cond_ent_wt	: 4.8132
Src_reg_loss	: 0.0224
-------------------------------------
[Epoch : 328/500]
Total_loss	: 0.0925
Coral_loss	: 0.0000
MMD_loss	: 2.1982
cond_ent_wt	: 4.8130
Src_reg_loss	: 0.0224
-------------------------------------
[Epoch : 329/500]
Total_loss	: 0.0925
Coral_loss	: 0.0000
MMD_loss	: 2.1978
cond_ent_wt	: 4.8128
Src_reg_loss	: 0.0224
-------------------------------------
[Epoch : 330/500]
Total_loss	: 0.0925
Coral_loss	: 0.0000
MMD_loss	: 2.1974
cond_ent_wt	: 4.8126
Src_reg_loss	: 0.0223
-------------------------------------
[Epoch : 331/500]
Total_loss	: 0.0924
Coral_loss	: 0.0000
MMD_loss	: 2.1970
cond_ent_wt	: 4.8124
Src_reg_loss	: 0.0223
-------------------------------------
[Epoch : 332/500]
Total_loss	: 0.0924
Coral_loss	: 0.0000
MMD_loss	: 2.1967
cond_ent_wt	: 4.8122
Src_reg_loss	: 0.0223
-------------------------------------
[Epoch : 333/500]
Total_loss	: 0.0923
Coral_loss	: 0.0000
MMD_loss	: 2.1963
cond_ent_wt	: 4.8120
Src_reg_loss	: 0.0222
-------------------------------------
[Epoch : 334/500]
Total_loss	: 0.0923
Coral_loss	: 0.0000
MMD_loss	: 2.1960
cond_ent_wt	: 4.8118
Src_reg_loss	: 0.0222
-------------------------------------
[Epoch : 335/500]
Total_loss	: 0.0923
Coral_loss	: 0.0000
MMD_loss	: 2.1957
cond_ent_wt	: 4.8116
Src_reg_loss	: 0.0222
-------------------------------------
[Epoch : 336/500]
Total_loss	: 0.0922
Coral_loss	: 0.0000
MMD_loss	: 2.1954
cond_ent_wt	: 4.8114
Src_reg_loss	: 0.0221
-------------------------------------
[Epoch : 337/500]
Total_loss	: 0.0922
Coral_loss	: 0.0000
MMD_loss	: 2.1950
cond_ent_wt	: 4.8112
Src_reg_loss	: 0.0221
-------------------------------------
[Epoch : 338/500]
Total_loss	: 0.0922
Coral_loss	: 0.0000
MMD_loss	: 2.1947
cond_ent_wt	: 4.8110
Src_reg_loss	: 0.0221
-------------------------------------
[Epoch : 339/500]
Total_loss	: 0.0921
Coral_loss	: 0.0000
MMD_loss	: 2.1944
cond_ent_wt	: 4.8108
Src_reg_loss	: 0.0220
-------------------------------------
[Epoch : 340/500]
Total_loss	: 0.0921
Coral_loss	: 0.0000
MMD_loss	: 2.1942
cond_ent_wt	: 4.8106
Src_reg_loss	: 0.0220
-------------------------------------
[Epoch : 341/500]
Total_loss	: 0.0920
Coral_loss	: 0.0000
MMD_loss	: 2.1939
cond_ent_wt	: 4.8104
Src_reg_loss	: 0.0220
-------------------------------------
[Epoch : 342/500]
Total_loss	: 0.0920
Coral_loss	: 0.0000
MMD_loss	: 2.1936
cond_ent_wt	: 4.8102
Src_reg_loss	: 0.0219
-------------------------------------
[Epoch : 343/500]
Total_loss	: 0.0920
Coral_loss	: 0.0000
MMD_loss	: 2.1933
cond_ent_wt	: 4.8100
Src_reg_loss	: 0.0219
-------------------------------------
[Epoch : 344/500]
Total_loss	: 0.0919
Coral_loss	: 0.0000
MMD_loss	: 2.1931
cond_ent_wt	: 4.8097
Src_reg_loss	: 0.0219
-------------------------------------
[Epoch : 345/500]
Total_loss	: 0.0919
Coral_loss	: 0.0000
MMD_loss	: 2.1928
cond_ent_wt	: 4.8095
Src_reg_loss	: 0.0218
-------------------------------------
[Epoch : 346/500]
Total_loss	: 0.0919
Coral_loss	: 0.0000
MMD_loss	: 2.1926
cond_ent_wt	: 4.8093
Src_reg_loss	: 0.0218
-------------------------------------
[Epoch : 347/500]
Total_loss	: 0.0918
Coral_loss	: 0.0000
MMD_loss	: 2.1923
cond_ent_wt	: 4.8091
Src_reg_loss	: 0.0218
-------------------------------------
[Epoch : 348/500]
Total_loss	: 0.0918
Coral_loss	: 0.0000
MMD_loss	: 2.1921
cond_ent_wt	: 4.8089
Src_reg_loss	: 0.0218
-------------------------------------
[Epoch : 349/500]
Total_loss	: 0.0918
Coral_loss	: 0.0000
MMD_loss	: 2.1919
cond_ent_wt	: 4.8087
Src_reg_loss	: 0.0217
-------------------------------------
[Epoch : 350/500]
Total_loss	: 0.0917
Coral_loss	: 0.0000
MMD_loss	: 2.1916
cond_ent_wt	: 4.8084
Src_reg_loss	: 0.0217
-------------------------------------
[Epoch : 351/500]
Total_loss	: 0.0917
Coral_loss	: 0.0000
MMD_loss	: 2.1914
cond_ent_wt	: 4.8082
Src_reg_loss	: 0.0217
-------------------------------------
[Epoch : 352/500]
Total_loss	: 0.0916
Coral_loss	: 0.0000
MMD_loss	: 2.1912
cond_ent_wt	: 4.8080
Src_reg_loss	: 0.0216
-------------------------------------
[Epoch : 353/500]
Total_loss	: 0.0916
Coral_loss	: 0.0000
MMD_loss	: 2.1910
cond_ent_wt	: 4.8078
Src_reg_loss	: 0.0216
-------------------------------------
[Epoch : 354/500]
Total_loss	: 0.0916
Coral_loss	: 0.0000
MMD_loss	: 2.1908
cond_ent_wt	: 4.8076
Src_reg_loss	: 0.0216
-------------------------------------
[Epoch : 355/500]
Total_loss	: 0.0915
Coral_loss	: 0.0000
MMD_loss	: 2.1906
cond_ent_wt	: 4.8073
Src_reg_loss	: 0.0215
-------------------------------------
[Epoch : 356/500]
Total_loss	: 0.0915
Coral_loss	: 0.0000
MMD_loss	: 2.1904
cond_ent_wt	: 4.8071
Src_reg_loss	: 0.0215
-------------------------------------
[Epoch : 357/500]
Total_loss	: 0.0915
Coral_loss	: 0.0000
MMD_loss	: 2.1902
cond_ent_wt	: 4.8069
Src_reg_loss	: 0.0215
-------------------------------------
[Epoch : 358/500]
Total_loss	: 0.0914
Coral_loss	: 0.0000
MMD_loss	: 2.1900
cond_ent_wt	: 4.8066
Src_reg_loss	: 0.0214
-------------------------------------
[Epoch : 359/500]
Total_loss	: 0.0914
Coral_loss	: 0.0000
MMD_loss	: 2.1898
cond_ent_wt	: 4.8064
Src_reg_loss	: 0.0214
-------------------------------------
[Epoch : 360/500]
Total_loss	: 0.0914
Coral_loss	: 0.0000
MMD_loss	: 2.1897
cond_ent_wt	: 4.8062
Src_reg_loss	: 0.0214
-------------------------------------
[Epoch : 361/500]
Total_loss	: 0.0913
Coral_loss	: 0.0000
MMD_loss	: 2.1895
cond_ent_wt	: 4.8060
Src_reg_loss	: 0.0214
-------------------------------------
[Epoch : 362/500]
Total_loss	: 0.0913
Coral_loss	: 0.0000
MMD_loss	: 2.1893
cond_ent_wt	: 4.8057
Src_reg_loss	: 0.0213
-------------------------------------
[Epoch : 363/500]
Total_loss	: 0.0913
Coral_loss	: 0.0000
MMD_loss	: 2.1892
cond_ent_wt	: 4.8055
Src_reg_loss	: 0.0213
-------------------------------------
[Epoch : 364/500]
Total_loss	: 0.0912
Coral_loss	: 0.0000
MMD_loss	: 2.1890
cond_ent_wt	: 4.8053
Src_reg_loss	: 0.0213
-------------------------------------
[Epoch : 365/500]
Total_loss	: 0.0912
Coral_loss	: 0.0000
MMD_loss	: 2.1889
cond_ent_wt	: 4.8050
Src_reg_loss	: 0.0212
-------------------------------------
[Epoch : 366/500]
Total_loss	: 0.0912
Coral_loss	: 0.0000
MMD_loss	: 2.1887
cond_ent_wt	: 4.8048
Src_reg_loss	: 0.0212
-------------------------------------
[Epoch : 367/500]
Total_loss	: 0.0911
Coral_loss	: 0.0000
MMD_loss	: 2.1886
cond_ent_wt	: 4.8045
Src_reg_loss	: 0.0212
-------------------------------------
[Epoch : 368/500]
Total_loss	: 0.0911
Coral_loss	: 0.0000
MMD_loss	: 2.1885
cond_ent_wt	: 4.8043
Src_reg_loss	: 0.0212
-------------------------------------
[Epoch : 369/500]
Total_loss	: 0.0911
Coral_loss	: 0.0000
MMD_loss	: 2.1883
cond_ent_wt	: 4.8041
Src_reg_loss	: 0.0211
-------------------------------------
[Epoch : 370/500]
Total_loss	: 0.0910
Coral_loss	: 0.0000
MMD_loss	: 2.1882
cond_ent_wt	: 4.8038
Src_reg_loss	: 0.0211
-------------------------------------
[Epoch : 371/500]
Total_loss	: 0.0910
Coral_loss	: 0.0000
MMD_loss	: 2.1881
cond_ent_wt	: 4.8036
Src_reg_loss	: 0.0211
-------------------------------------
[Epoch : 372/500]
Total_loss	: 0.0910
Coral_loss	: 0.0000
MMD_loss	: 2.1879
cond_ent_wt	: 4.8033
Src_reg_loss	: 0.0210
-------------------------------------
[Epoch : 373/500]
Total_loss	: 0.0910
Coral_loss	: 0.0000
MMD_loss	: 2.1878
cond_ent_wt	: 4.8031
Src_reg_loss	: 0.0210
-------------------------------------
[Epoch : 374/500]
Total_loss	: 0.0909
Coral_loss	: 0.0000
MMD_loss	: 2.1877
cond_ent_wt	: 4.8029
Src_reg_loss	: 0.0210
-------------------------------------
[Epoch : 375/500]
Total_loss	: 0.0909
Coral_loss	: 0.0000
MMD_loss	: 2.1876
cond_ent_wt	: 4.8026
Src_reg_loss	: 0.0210
-------------------------------------
[Epoch : 376/500]
Total_loss	: 0.0909
Coral_loss	: 0.0000
MMD_loss	: 2.1875
cond_ent_wt	: 4.8024
Src_reg_loss	: 0.0209
-------------------------------------
[Epoch : 377/500]
Total_loss	: 0.0908
Coral_loss	: 0.0000
MMD_loss	: 2.1874
cond_ent_wt	: 4.8021
Src_reg_loss	: 0.0209
-------------------------------------
[Epoch : 378/500]
Total_loss	: 0.0908
Coral_loss	: 0.0000
MMD_loss	: 2.1873
cond_ent_wt	: 4.8019
Src_reg_loss	: 0.0209
-------------------------------------
[Epoch : 379/500]
Total_loss	: 0.0908
Coral_loss	: 0.0000
MMD_loss	: 2.1872
cond_ent_wt	: 4.8016
Src_reg_loss	: 0.0209
-------------------------------------
[Epoch : 380/500]
Total_loss	: 0.0907
Coral_loss	: 0.0000
MMD_loss	: 2.1871
cond_ent_wt	: 4.8014
Src_reg_loss	: 0.0208
-------------------------------------
[Epoch : 381/500]
Total_loss	: 0.0907
Coral_loss	: 0.0000
MMD_loss	: 2.1870
cond_ent_wt	: 4.8011
Src_reg_loss	: 0.0208
-------------------------------------
[Epoch : 382/500]
Total_loss	: 0.0907
Coral_loss	: 0.0000
MMD_loss	: 2.1869
cond_ent_wt	: 4.8009
Src_reg_loss	: 0.0208
-------------------------------------
[Epoch : 383/500]
Total_loss	: 0.0906
Coral_loss	: 0.0000
MMD_loss	: 2.1868
cond_ent_wt	: 4.8006
Src_reg_loss	: 0.0207
-------------------------------------
[Epoch : 384/500]
Total_loss	: 0.0906
Coral_loss	: 0.0000
MMD_loss	: 2.1867
cond_ent_wt	: 4.8004
Src_reg_loss	: 0.0207
-------------------------------------
[Epoch : 385/500]
Total_loss	: 0.0906
Coral_loss	: 0.0000
MMD_loss	: 2.1866
cond_ent_wt	: 4.8001
Src_reg_loss	: 0.0207
-------------------------------------
[Epoch : 386/500]
Total_loss	: 0.0906
Coral_loss	: 0.0000
MMD_loss	: 2.1865
cond_ent_wt	: 4.7999
Src_reg_loss	: 0.0207
-------------------------------------
[Epoch : 387/500]
Total_loss	: 0.0905
Coral_loss	: 0.0000
MMD_loss	: 2.1864
cond_ent_wt	: 4.7996
Src_reg_loss	: 0.0206
-------------------------------------
[Epoch : 388/500]
Total_loss	: 0.0905
Coral_loss	: 0.0000
MMD_loss	: 2.1863
cond_ent_wt	: 4.7994
Src_reg_loss	: 0.0206
-------------------------------------
[Epoch : 389/500]
Total_loss	: 0.0905
Coral_loss	: 0.0000
MMD_loss	: 2.1862
cond_ent_wt	: 4.7991
Src_reg_loss	: 0.0206
-------------------------------------
[Epoch : 390/500]
Total_loss	: 0.0904
Coral_loss	: 0.0000
MMD_loss	: 2.1862
cond_ent_wt	: 4.7989
Src_reg_loss	: 0.0206
-------------------------------------
[Epoch : 391/500]
Total_loss	: 0.0904
Coral_loss	: 0.0000
MMD_loss	: 2.1861
cond_ent_wt	: 4.7986
Src_reg_loss	: 0.0205
-------------------------------------
[Epoch : 392/500]
Total_loss	: 0.0904
Coral_loss	: 0.0000
MMD_loss	: 2.1860
cond_ent_wt	: 4.7983
Src_reg_loss	: 0.0205
-------------------------------------
[Epoch : 393/500]
Total_loss	: 0.0904
Coral_loss	: 0.0000
MMD_loss	: 2.1859
cond_ent_wt	: 4.7981
Src_reg_loss	: 0.0205
-------------------------------------
[Epoch : 394/500]
Total_loss	: 0.0903
Coral_loss	: 0.0000
MMD_loss	: 2.1859
cond_ent_wt	: 4.7978
Src_reg_loss	: 0.0205
-------------------------------------
[Epoch : 395/500]
Total_loss	: 0.0903
Coral_loss	: 0.0000
MMD_loss	: 2.1858
cond_ent_wt	: 4.7976
Src_reg_loss	: 0.0204
-------------------------------------
[Epoch : 396/500]
Total_loss	: 0.0903
Coral_loss	: 0.0000
MMD_loss	: 2.1857
cond_ent_wt	: 4.7973
Src_reg_loss	: 0.0204
-------------------------------------
[Epoch : 397/500]
Total_loss	: 0.0902
Coral_loss	: 0.0000
MMD_loss	: 2.1857
cond_ent_wt	: 4.7971
Src_reg_loss	: 0.0204
-------------------------------------
[Epoch : 398/500]
Total_loss	: 0.0902
Coral_loss	: 0.0000
MMD_loss	: 2.1856
cond_ent_wt	: 4.7968
Src_reg_loss	: 0.0204
-------------------------------------
[Epoch : 399/500]
Total_loss	: 0.0902
Coral_loss	: 0.0000
MMD_loss	: 2.1855
cond_ent_wt	: 4.7965
Src_reg_loss	: 0.0203
-------------------------------------
[Epoch : 400/500]
Total_loss	: 0.0902
Coral_loss	: 0.0000
MMD_loss	: 2.1855
cond_ent_wt	: 4.7963
Src_reg_loss	: 0.0203
-------------------------------------
[Epoch : 401/500]
Total_loss	: 0.0901
Coral_loss	: 0.0000
MMD_loss	: 2.1854
cond_ent_wt	: 4.7960
Src_reg_loss	: 0.0203
-------------------------------------
[Epoch : 402/500]
Total_loss	: 0.0901
Coral_loss	: 0.0000
MMD_loss	: 2.1853
cond_ent_wt	: 4.7958
Src_reg_loss	: 0.0203
-------------------------------------
[Epoch : 403/500]
Total_loss	: 0.0901
Coral_loss	: 0.0000
MMD_loss	: 2.1853
cond_ent_wt	: 4.7955
Src_reg_loss	: 0.0202
-------------------------------------
[Epoch : 404/500]
Total_loss	: 0.0900
Coral_loss	: 0.0000
MMD_loss	: 2.1852
cond_ent_wt	: 4.7952
Src_reg_loss	: 0.0202
-------------------------------------
[Epoch : 405/500]
Total_loss	: 0.0900
Coral_loss	: 0.0000
MMD_loss	: 2.1852
cond_ent_wt	: 4.7950
Src_reg_loss	: 0.0202
-------------------------------------
[Epoch : 406/500]
Total_loss	: 0.0900
Coral_loss	: 0.0000
MMD_loss	: 2.1851
cond_ent_wt	: 4.7947
Src_reg_loss	: 0.0202
-------------------------------------
[Epoch : 407/500]
Total_loss	: 0.0900
Coral_loss	: 0.0000
MMD_loss	: 2.1851
cond_ent_wt	: 4.7945
Src_reg_loss	: 0.0201
-------------------------------------
[Epoch : 408/500]
Total_loss	: 0.0899
Coral_loss	: 0.0000
MMD_loss	: 2.1850
cond_ent_wt	: 4.7942
Src_reg_loss	: 0.0201
-------------------------------------
[Epoch : 409/500]
Total_loss	: 0.0899
Coral_loss	: 0.0000
MMD_loss	: 2.1850
cond_ent_wt	: 4.7939
Src_reg_loss	: 0.0201
-------------------------------------
[Epoch : 410/500]
Total_loss	: 0.0899
Coral_loss	: 0.0000
MMD_loss	: 2.1849
cond_ent_wt	: 4.7937
Src_reg_loss	: 0.0201
-------------------------------------
[Epoch : 411/500]
Total_loss	: 0.0899
Coral_loss	: 0.0000
MMD_loss	: 2.1849
cond_ent_wt	: 4.7934
Src_reg_loss	: 0.0201
-------------------------------------
[Epoch : 412/500]
Total_loss	: 0.0898
Coral_loss	: 0.0000
MMD_loss	: 2.1848
cond_ent_wt	: 4.7931
Src_reg_loss	: 0.0200
-------------------------------------
[Epoch : 413/500]
Total_loss	: 0.0898
Coral_loss	: 0.0000
MMD_loss	: 2.1848
cond_ent_wt	: 4.7929
Src_reg_loss	: 0.0200
-------------------------------------
[Epoch : 414/500]
Total_loss	: 0.0898
Coral_loss	: 0.0000
MMD_loss	: 2.1848
cond_ent_wt	: 4.7926
Src_reg_loss	: 0.0200
-------------------------------------
[Epoch : 415/500]
Total_loss	: 0.0898
Coral_loss	: 0.0000
MMD_loss	: 2.1847
cond_ent_wt	: 4.7923
Src_reg_loss	: 0.0200
-------------------------------------
[Epoch : 416/500]
Total_loss	: 0.0897
Coral_loss	: 0.0000
MMD_loss	: 2.1847
cond_ent_wt	: 4.7921
Src_reg_loss	: 0.0199
-------------------------------------
[Epoch : 417/500]
Total_loss	: 0.0897
Coral_loss	: 0.0000
MMD_loss	: 2.1846
cond_ent_wt	: 4.7918
Src_reg_loss	: 0.0199
-------------------------------------
[Epoch : 418/500]
Total_loss	: 0.0897
Coral_loss	: 0.0000
MMD_loss	: 2.1846
cond_ent_wt	: 4.7915
Src_reg_loss	: 0.0199
-------------------------------------
[Epoch : 419/500]
Total_loss	: 0.0897
Coral_loss	: 0.0000
MMD_loss	: 2.1846
cond_ent_wt	: 4.7913
Src_reg_loss	: 0.0199
-------------------------------------
[Epoch : 420/500]
Total_loss	: 0.0896
Coral_loss	: 0.0000
MMD_loss	: 2.1845
cond_ent_wt	: 4.7910
Src_reg_loss	: 0.0198
-------------------------------------
[Epoch : 421/500]
Total_loss	: 0.0896
Coral_loss	: 0.0000
MMD_loss	: 2.1845
cond_ent_wt	: 4.7907
Src_reg_loss	: 0.0198
-------------------------------------
[Epoch : 422/500]
Total_loss	: 0.0896
Coral_loss	: 0.0000
MMD_loss	: 2.1844
cond_ent_wt	: 4.7905
Src_reg_loss	: 0.0198
-------------------------------------
[Epoch : 423/500]
Total_loss	: 0.0896
Coral_loss	: 0.0000
MMD_loss	: 2.1844
cond_ent_wt	: 4.7902
Src_reg_loss	: 0.0198
-------------------------------------
[Epoch : 424/500]
Total_loss	: 0.0895
Coral_loss	: 0.0000
MMD_loss	: 2.1844
cond_ent_wt	: 4.7899
Src_reg_loss	: 0.0198
-------------------------------------
[Epoch : 425/500]
Total_loss	: 0.0895
Coral_loss	: 0.0000
MMD_loss	: 2.1843
cond_ent_wt	: 4.7897
Src_reg_loss	: 0.0197
-------------------------------------
[Epoch : 426/500]
Total_loss	: 0.0895
Coral_loss	: 0.0000
MMD_loss	: 2.1843
cond_ent_wt	: 4.7894
Src_reg_loss	: 0.0197
-------------------------------------
[Epoch : 427/500]
Total_loss	: 0.0895
Coral_loss	: 0.0000
MMD_loss	: 2.1843
cond_ent_wt	: 4.7891
Src_reg_loss	: 0.0197
-------------------------------------
[Epoch : 428/500]
Total_loss	: 0.0894
Coral_loss	: 0.0000
MMD_loss	: 2.1842
cond_ent_wt	: 4.7889
Src_reg_loss	: 0.0197
-------------------------------------
[Epoch : 429/500]
Total_loss	: 0.0894
Coral_loss	: 0.0000
MMD_loss	: 2.1842
cond_ent_wt	: 4.7886
Src_reg_loss	: 0.0196
-------------------------------------
[Epoch : 430/500]
Total_loss	: 0.0894
Coral_loss	: 0.0000
MMD_loss	: 2.1842
cond_ent_wt	: 4.7883
Src_reg_loss	: 0.0196
-------------------------------------
[Epoch : 431/500]
Total_loss	: 0.0894
Coral_loss	: 0.0000
MMD_loss	: 2.1842
cond_ent_wt	: 4.7880
Src_reg_loss	: 0.0196
-------------------------------------
[Epoch : 432/500]
Total_loss	: 0.0893
Coral_loss	: 0.0000
MMD_loss	: 2.1841
cond_ent_wt	: 4.7878
Src_reg_loss	: 0.0196
-------------------------------------
[Epoch : 433/500]
Total_loss	: 0.0893
Coral_loss	: 0.0000
MMD_loss	: 2.1841
cond_ent_wt	: 4.7875
Src_reg_loss	: 0.0196
-------------------------------------
[Epoch : 434/500]
Total_loss	: 0.0893
Coral_loss	: 0.0000
MMD_loss	: 2.1841
cond_ent_wt	: 4.7872
Src_reg_loss	: 0.0195
-------------------------------------
[Epoch : 435/500]
Total_loss	: 0.0893
Coral_loss	: 0.0000
MMD_loss	: 2.1840
cond_ent_wt	: 4.7870
Src_reg_loss	: 0.0195
-------------------------------------
[Epoch : 436/500]
Total_loss	: 0.0892
Coral_loss	: 0.0000
MMD_loss	: 2.1840
cond_ent_wt	: 4.7867
Src_reg_loss	: 0.0195
-------------------------------------
[Epoch : 437/500]
Total_loss	: 0.0892
Coral_loss	: 0.0000
MMD_loss	: 2.1840
cond_ent_wt	: 4.7864
Src_reg_loss	: 0.0195
-------------------------------------
[Epoch : 438/500]
Total_loss	: 0.0892
Coral_loss	: 0.0000
MMD_loss	: 2.1840
cond_ent_wt	: 4.7861
Src_reg_loss	: 0.0195
-------------------------------------
[Epoch : 439/500]
Total_loss	: 0.0892
Coral_loss	: 0.0000
MMD_loss	: 2.1839
cond_ent_wt	: 4.7859
Src_reg_loss	: 0.0194
-------------------------------------
[Epoch : 440/500]
Total_loss	: 0.0891
Coral_loss	: 0.0000
MMD_loss	: 2.1839
cond_ent_wt	: 4.7856
Src_reg_loss	: 0.0194
-------------------------------------
[Epoch : 441/500]
Total_loss	: 0.0891
Coral_loss	: 0.0000
MMD_loss	: 2.1839
cond_ent_wt	: 4.7853
Src_reg_loss	: 0.0194
-------------------------------------
[Epoch : 442/500]
Total_loss	: 0.0891
Coral_loss	: 0.0000
MMD_loss	: 2.1839
cond_ent_wt	: 4.7851
Src_reg_loss	: 0.0194
-------------------------------------
[Epoch : 443/500]
Total_loss	: 0.0891
Coral_loss	: 0.0000
MMD_loss	: 2.1838
cond_ent_wt	: 4.7848
Src_reg_loss	: 0.0194
-------------------------------------
[Epoch : 444/500]
Total_loss	: 0.0890
Coral_loss	: 0.0000
MMD_loss	: 2.1838
cond_ent_wt	: 4.7845
Src_reg_loss	: 0.0193
-------------------------------------
[Epoch : 445/500]
Total_loss	: 0.0890
Coral_loss	: 0.0000
MMD_loss	: 2.1838
cond_ent_wt	: 4.7842
Src_reg_loss	: 0.0193
-------------------------------------
[Epoch : 446/500]
Total_loss	: 0.0890
Coral_loss	: 0.0000
MMD_loss	: 2.1838
cond_ent_wt	: 4.7840
Src_reg_loss	: 0.0193
-------------------------------------
[Epoch : 447/500]
Total_loss	: 0.0890
Coral_loss	: 0.0000
MMD_loss	: 2.1837
cond_ent_wt	: 4.7837
Src_reg_loss	: 0.0193
-------------------------------------
[Epoch : 448/500]
Total_loss	: 0.0889
Coral_loss	: 0.0000
MMD_loss	: 2.1837
cond_ent_wt	: 4.7834
Src_reg_loss	: 0.0193
-------------------------------------
[Epoch : 449/500]
Total_loss	: 0.0889
Coral_loss	: 0.0000
MMD_loss	: 2.1837
cond_ent_wt	: 4.7832
Src_reg_loss	: 0.0192
-------------------------------------
[Epoch : 450/500]
Total_loss	: 0.0889
Coral_loss	: 0.0000
MMD_loss	: 2.1837
cond_ent_wt	: 4.7829
Src_reg_loss	: 0.0192
-------------------------------------
[Epoch : 451/500]
Total_loss	: 0.0889
Coral_loss	: 0.0000
MMD_loss	: 2.1836
cond_ent_wt	: 4.7826
Src_reg_loss	: 0.0192
-------------------------------------
[Epoch : 452/500]
Total_loss	: 0.0889
Coral_loss	: 0.0000
MMD_loss	: 2.1836
cond_ent_wt	: 4.7823
Src_reg_loss	: 0.0192
-------------------------------------
[Epoch : 453/500]
Total_loss	: 0.0888
Coral_loss	: 0.0000
MMD_loss	: 2.1836
cond_ent_wt	: 4.7821
Src_reg_loss	: 0.0192
-------------------------------------
[Epoch : 454/500]
Total_loss	: 0.0888
Coral_loss	: 0.0000
MMD_loss	: 2.1836
cond_ent_wt	: 4.7818
Src_reg_loss	: 0.0191
-------------------------------------
[Epoch : 455/500]
Total_loss	: 0.0888
Coral_loss	: 0.0000
MMD_loss	: 2.1836
cond_ent_wt	: 4.7815
Src_reg_loss	: 0.0191
-------------------------------------
[Epoch : 456/500]
Total_loss	: 0.0888
Coral_loss	: 0.0000
MMD_loss	: 2.1835
cond_ent_wt	: 4.7812
Src_reg_loss	: 0.0191
-------------------------------------
[Epoch : 457/500]
Total_loss	: 0.0887
Coral_loss	: 0.0000
MMD_loss	: 2.1835
cond_ent_wt	: 4.7810
Src_reg_loss	: 0.0191
-------------------------------------
[Epoch : 458/500]
Total_loss	: 0.0887
Coral_loss	: 0.0000
MMD_loss	: 2.1835
cond_ent_wt	: 4.7807
Src_reg_loss	: 0.0191
-------------------------------------
[Epoch : 459/500]
Total_loss	: 0.0887
Coral_loss	: 0.0000
MMD_loss	: 2.1835
cond_ent_wt	: 4.7804
Src_reg_loss	: 0.0190
-------------------------------------
[Epoch : 460/500]
Total_loss	: 0.0887
Coral_loss	: 0.0000
MMD_loss	: 2.1834
cond_ent_wt	: 4.7801
Src_reg_loss	: 0.0190
-------------------------------------
[Epoch : 461/500]
Total_loss	: 0.0887
Coral_loss	: 0.0000
MMD_loss	: 2.1834
cond_ent_wt	: 4.7799
Src_reg_loss	: 0.0190
-------------------------------------
[Epoch : 462/500]
Total_loss	: 0.0886
Coral_loss	: 0.0000
MMD_loss	: 2.1834
cond_ent_wt	: 4.7796
Src_reg_loss	: 0.0190
-------------------------------------
[Epoch : 463/500]
Total_loss	: 0.0886
Coral_loss	: 0.0000
MMD_loss	: 2.1834
cond_ent_wt	: 4.7793
Src_reg_loss	: 0.0190
-------------------------------------
[Epoch : 464/500]
Total_loss	: 0.0886
Coral_loss	: 0.0000
MMD_loss	: 2.1833
cond_ent_wt	: 4.7791
Src_reg_loss	: 0.0189
-------------------------------------
[Epoch : 465/500]
Total_loss	: 0.0886
Coral_loss	: 0.0000
MMD_loss	: 2.1833
cond_ent_wt	: 4.7788
Src_reg_loss	: 0.0189
-------------------------------------
[Epoch : 466/500]
Total_loss	: 0.0885
Coral_loss	: 0.0000
MMD_loss	: 2.1833
cond_ent_wt	: 4.7785
Src_reg_loss	: 0.0189
-------------------------------------
[Epoch : 467/500]
Total_loss	: 0.0885
Coral_loss	: 0.0000
MMD_loss	: 2.1833
cond_ent_wt	: 4.7782
Src_reg_loss	: 0.0189
-------------------------------------
[Epoch : 468/500]
Total_loss	: 0.0885
Coral_loss	: 0.0000
MMD_loss	: 2.1833
cond_ent_wt	: 4.7780
Src_reg_loss	: 0.0189
-------------------------------------
[Epoch : 469/500]
Total_loss	: 0.0885
Coral_loss	: 0.0000
MMD_loss	: 2.1832
cond_ent_wt	: 4.7777
Src_reg_loss	: 0.0188
-------------------------------------
[Epoch : 470/500]
Total_loss	: 0.0885
Coral_loss	: 0.0000
MMD_loss	: 2.1832
cond_ent_wt	: 4.7774
Src_reg_loss	: 0.0188
-------------------------------------
[Epoch : 471/500]
Total_loss	: 0.0884
Coral_loss	: 0.0000
MMD_loss	: 2.1832
cond_ent_wt	: 4.7771
Src_reg_loss	: 0.0188
-------------------------------------
[Epoch : 472/500]
Total_loss	: 0.0884
Coral_loss	: 0.0000
MMD_loss	: 2.1832
cond_ent_wt	: 4.7769
Src_reg_loss	: 0.0188
-------------------------------------
[Epoch : 473/500]
Total_loss	: 0.0884
Coral_loss	: 0.0000
MMD_loss	: 2.1832
cond_ent_wt	: 4.7766
Src_reg_loss	: 0.0188
-------------------------------------
[Epoch : 474/500]
Total_loss	: 0.0884
Coral_loss	: 0.0000
MMD_loss	: 2.1831
cond_ent_wt	: 4.7763
Src_reg_loss	: 0.0188
-------------------------------------
[Epoch : 475/500]
Total_loss	: 0.0884
Coral_loss	: 0.0000
MMD_loss	: 2.1831
cond_ent_wt	: 4.7761
Src_reg_loss	: 0.0187
-------------------------------------
[Epoch : 476/500]
Total_loss	: 0.0883
Coral_loss	: 0.0000
MMD_loss	: 2.1831
cond_ent_wt	: 4.7758
Src_reg_loss	: 0.0187
-------------------------------------
[Epoch : 477/500]
Total_loss	: 0.0883
Coral_loss	: 0.0000
MMD_loss	: 2.1831
cond_ent_wt	: 4.7755
Src_reg_loss	: 0.0187
-------------------------------------
[Epoch : 478/500]
Total_loss	: 0.0883
Coral_loss	: 0.0000
MMD_loss	: 2.1831
cond_ent_wt	: 4.7752
Src_reg_loss	: 0.0187
-------------------------------------
[Epoch : 479/500]
Total_loss	: 0.0883
Coral_loss	: 0.0000
MMD_loss	: 2.1830
cond_ent_wt	: 4.7750
Src_reg_loss	: 0.0187
-------------------------------------
[Epoch : 480/500]
Total_loss	: 0.0882
Coral_loss	: 0.0000
MMD_loss	: 2.1830
cond_ent_wt	: 4.7747
Src_reg_loss	: 0.0186
-------------------------------------
[Epoch : 481/500]
Total_loss	: 0.0882
Coral_loss	: 0.0000
MMD_loss	: 2.1830
cond_ent_wt	: 4.7744
Src_reg_loss	: 0.0186
-------------------------------------
[Epoch : 482/500]
Total_loss	: 0.0882
Coral_loss	: 0.0000
MMD_loss	: 2.1830
cond_ent_wt	: 4.7741
Src_reg_loss	: 0.0186
-------------------------------------
[Epoch : 483/500]
Total_loss	: 0.0882
Coral_loss	: 0.0000
MMD_loss	: 2.1830
cond_ent_wt	: 4.7739
Src_reg_loss	: 0.0186
-------------------------------------
[Epoch : 484/500]
Total_loss	: 0.0882
Coral_loss	: 0.0000
MMD_loss	: 2.1829
cond_ent_wt	: 4.7736
Src_reg_loss	: 0.0186
-------------------------------------
[Epoch : 485/500]
Total_loss	: 0.0881
Coral_loss	: 0.0000
MMD_loss	: 2.1829
cond_ent_wt	: 4.7733
Src_reg_loss	: 0.0186
-------------------------------------
[Epoch : 486/500]
Total_loss	: 0.0881
Coral_loss	: 0.0000
MMD_loss	: 2.1829
cond_ent_wt	: 4.7731
Src_reg_loss	: 0.0185
-------------------------------------
[Epoch : 487/500]
Total_loss	: 0.0881
Coral_loss	: 0.0000
MMD_loss	: 2.1829
cond_ent_wt	: 4.7728
Src_reg_loss	: 0.0185
-------------------------------------
[Epoch : 488/500]
Total_loss	: 0.0881
Coral_loss	: 0.0000
MMD_loss	: 2.1829
cond_ent_wt	: 4.7725
Src_reg_loss	: 0.0185
-------------------------------------
[Epoch : 489/500]
Total_loss	: 0.0881
Coral_loss	: 0.0000
MMD_loss	: 2.1828
cond_ent_wt	: 4.7722
Src_reg_loss	: 0.0185
-------------------------------------
[Epoch : 490/500]
Total_loss	: 0.0880
Coral_loss	: 0.0000
MMD_loss	: 2.1828
cond_ent_wt	: 4.7720
Src_reg_loss	: 0.0185
-------------------------------------
[Epoch : 491/500]
Total_loss	: 0.0880
Coral_loss	: 0.0000
MMD_loss	: 2.1828
cond_ent_wt	: 4.7717
Src_reg_loss	: 0.0185
-------------------------------------
[Epoch : 492/500]
Total_loss	: 0.0880
Coral_loss	: 0.0000
MMD_loss	: 2.1828
cond_ent_wt	: 4.7714
Src_reg_loss	: 0.0184
-------------------------------------
[Epoch : 493/500]
Total_loss	: 0.0880
Coral_loss	: 0.0000
MMD_loss	: 2.1827
cond_ent_wt	: 4.7712
Src_reg_loss	: 0.0184
-------------------------------------
[Epoch : 494/500]
Total_loss	: 0.0880
Coral_loss	: 0.0000
MMD_loss	: 2.1827
cond_ent_wt	: 4.7709
Src_reg_loss	: 0.0184
-------------------------------------
[Epoch : 495/500]
Total_loss	: 0.0879
Coral_loss	: 0.0000
MMD_loss	: 2.1827
cond_ent_wt	: 4.7706
Src_reg_loss	: 0.0184
-------------------------------------
[Epoch : 496/500]
Total_loss	: 0.0879
Coral_loss	: 0.0000
MMD_loss	: 2.1827
cond_ent_wt	: 4.7704
Src_reg_loss	: 0.0184
-------------------------------------
[Epoch : 497/500]
Total_loss	: 0.0879
Coral_loss	: 0.0000
MMD_loss	: 2.1827
cond_ent_wt	: 4.7701
Src_reg_loss	: 0.0183
-------------------------------------
[Epoch : 498/500]
Total_loss	: 0.0879
Coral_loss	: 0.0000
MMD_loss	: 2.1826
cond_ent_wt	: 4.7698
Src_reg_loss	: 0.0183
-------------------------------------
[Epoch : 499/500]
Total_loss	: 0.0879
Coral_loss	: 0.0000
MMD_loss	: 2.1826
cond_ent_wt	: 4.7696
Src_reg_loss	: 0.0183
-------------------------------------
[Epoch : 500/500]
Total_loss	: 0.0878
Coral_loss	: 0.0000
MMD_loss	: 2.1826
cond_ent_wt	: 4.7693
Src_reg_loss	: 0.0183
-------------------------------------
