=============================================
Dataset: Airbox
Method:  MMDA
=============================================
Source: 0 ---> Target: 5
=============================================
[Epoch : 1/500]
Total_loss	: 53.4461
Coral_loss	: 0.0000
MMD_loss	: 3.4679
cond_ent_wt	: 4.5962
Src_reg_loss	: 0.7564
-------------------------------------
[Epoch : 2/500]
Total_loss	: 50.0672
Coral_loss	: 0.0000
MMD_loss	: 3.0264
cond_ent_wt	: 4.5267
Src_reg_loss	: 0.4837
-------------------------------------
[Epoch : 3/500]
Total_loss	: 44.9612
Coral_loss	: 0.0000
MMD_loss	: 2.2665
cond_ent_wt	: 4.5035
Src_reg_loss	: 0.3439
-------------------------------------
[Epoch : 4/500]
Total_loss	: 42.1513
Coral_loss	: 0.0000
MMD_loss	: 1.8470
cond_ent_wt	: 4.4919
Src_reg_loss	: 0.2720
-------------------------------------
[Epoch : 5/500]
Total_loss	: 40.7346
Coral_loss	: 0.0000
MMD_loss	: 1.6369
cond_ent_wt	: 4.4849
Src_reg_loss	: 0.2260
-------------------------------------
[Epoch : 6/500]
Total_loss	: 39.4518
Coral_loss	: 0.0000
MMD_loss	: 1.4447
cond_ent_wt	: 4.4803
Src_reg_loss	: 0.1951
-------------------------------------
[Epoch : 7/500]
Total_loss	: 38.4874
Coral_loss	: 0.0000
MMD_loss	: 1.2999
cond_ent_wt	: 4.4770
Src_reg_loss	: 0.1726
-------------------------------------
[Epoch : 8/500]
Total_loss	: 37.9654
Coral_loss	: 0.0000
MMD_loss	: 1.2225
cond_ent_wt	: 4.4745
Src_reg_loss	: 0.1557
-------------------------------------
[Epoch : 9/500]
Total_loss	: 37.6527
Coral_loss	: 0.0000
MMD_loss	: 1.1766
cond_ent_wt	: 4.4725
Src_reg_loss	: 0.1424
-------------------------------------
[Epoch : 10/500]
Total_loss	: 37.5923
Coral_loss	: 0.0000
MMD_loss	: 1.1692
cond_ent_wt	: 4.4710
Src_reg_loss	: 0.1320
-------------------------------------
[Epoch : 11/500]
Total_loss	: 37.5033
Coral_loss	: 0.0000
MMD_loss	: 1.1570
cond_ent_wt	: 4.4697
Src_reg_loss	: 0.1233
-------------------------------------
[Epoch : 12/500]
Total_loss	: 37.3525
Coral_loss	: 0.0000
MMD_loss	: 1.1350
cond_ent_wt	: 4.4687
Src_reg_loss	: 0.1161
-------------------------------------
[Epoch : 13/500]
Total_loss	: 37.3057
Coral_loss	: 0.0000
MMD_loss	: 1.1289
cond_ent_wt	: 4.4678
Src_reg_loss	: 0.1099
-------------------------------------
[Epoch : 14/500]
Total_loss	: 37.2414
Coral_loss	: 0.0000
MMD_loss	: 1.1199
cond_ent_wt	: 4.4670
Src_reg_loss	: 0.1047
-------------------------------------
[Epoch : 15/500]
Total_loss	: 37.1432
Coral_loss	: 0.0000
MMD_loss	: 1.1056
cond_ent_wt	: 4.4664
Src_reg_loss	: 0.1001
-------------------------------------
[Epoch : 16/500]
Total_loss	: 37.2159
Coral_loss	: 0.0000
MMD_loss	: 1.1175
cond_ent_wt	: 4.4658
Src_reg_loss	: 0.0961
-------------------------------------
[Epoch : 17/500]
Total_loss	: 37.4681
Coral_loss	: 0.0000
MMD_loss	: 1.1571
cond_ent_wt	: 4.4653
Src_reg_loss	: 0.0926
-------------------------------------
[Epoch : 18/500]
Total_loss	: 37.8031
Coral_loss	: 0.0000
MMD_loss	: 1.2094
cond_ent_wt	: 4.4648
Src_reg_loss	: 0.0895
-------------------------------------
[Epoch : 19/500]
Total_loss	: 38.1309
Coral_loss	: 0.0000
MMD_loss	: 1.2604
cond_ent_wt	: 4.4644
Src_reg_loss	: 0.0867
-------------------------------------
[Epoch : 20/500]
Total_loss	: 38.5657
Coral_loss	: 0.0000
MMD_loss	: 1.3280
cond_ent_wt	: 4.4640
Src_reg_loss	: 0.0842
-------------------------------------
[Epoch : 21/500]
Total_loss	: 38.8786
Coral_loss	: 0.0000
MMD_loss	: 1.3767
cond_ent_wt	: 4.4637
Src_reg_loss	: 0.0819
-------------------------------------
[Epoch : 22/500]
Total_loss	: 39.3307
Coral_loss	: 0.0000
MMD_loss	: 1.4468
cond_ent_wt	: 4.4634
Src_reg_loss	: 0.0799
-------------------------------------
[Epoch : 23/500]
Total_loss	: 39.5743
Coral_loss	: 0.0000
MMD_loss	: 1.4848
cond_ent_wt	: 4.4631
Src_reg_loss	: 0.0780
-------------------------------------
[Epoch : 24/500]
Total_loss	: 39.8359
Coral_loss	: 0.0000
MMD_loss	: 1.5254
cond_ent_wt	: 4.4629
Src_reg_loss	: 0.0763
-------------------------------------
[Epoch : 25/500]
Total_loss	: 40.1374
Coral_loss	: 0.0000
MMD_loss	: 1.5722
cond_ent_wt	: 4.4626
Src_reg_loss	: 0.0747
-------------------------------------
[Epoch : 26/500]
Total_loss	: 40.3621
Coral_loss	: 0.0000
MMD_loss	: 1.6072
cond_ent_wt	: 4.4624
Src_reg_loss	: 0.0732
-------------------------------------
[Epoch : 27/500]
Total_loss	: 40.5827
Coral_loss	: 0.0000
MMD_loss	: 1.6415
cond_ent_wt	: 4.4622
Src_reg_loss	: 0.0718
-------------------------------------
[Epoch : 28/500]
Total_loss	: 40.7312
Coral_loss	: 0.0000
MMD_loss	: 1.6646
cond_ent_wt	: 4.4620
Src_reg_loss	: 0.0706
-------------------------------------
[Epoch : 29/500]
Total_loss	: 40.8743
Coral_loss	: 0.0000
MMD_loss	: 1.6869
cond_ent_wt	: 4.4619
Src_reg_loss	: 0.0694
-------------------------------------
[Epoch : 30/500]
Total_loss	: 41.0309
Coral_loss	: 0.0000
MMD_loss	: 1.7113
cond_ent_wt	: 4.4617
Src_reg_loss	: 0.0683
-------------------------------------
[Epoch : 31/500]
Total_loss	: 41.1512
Coral_loss	: 0.0000
MMD_loss	: 1.7300
cond_ent_wt	: 4.4616
Src_reg_loss	: 0.0673
-------------------------------------
[Epoch : 32/500]
Total_loss	: 41.3259
Coral_loss	: 0.0000
MMD_loss	: 1.7572
cond_ent_wt	: 4.4614
Src_reg_loss	: 0.0663
-------------------------------------
[Epoch : 33/500]
Total_loss	: 41.5179
Coral_loss	: 0.0000
MMD_loss	: 1.7869
cond_ent_wt	: 4.4613
Src_reg_loss	: 0.0654
-------------------------------------
[Epoch : 34/500]
Total_loss	: 41.6800
Coral_loss	: 0.0000
MMD_loss	: 1.8121
cond_ent_wt	: 4.4612
Src_reg_loss	: 0.0646
-------------------------------------
[Epoch : 35/500]
Total_loss	: 41.8823
Coral_loss	: 0.0000
MMD_loss	: 1.8435
cond_ent_wt	: 4.4611
Src_reg_loss	: 0.0638
-------------------------------------
[Epoch : 36/500]
Total_loss	: 42.0944
Coral_loss	: 0.0000
MMD_loss	: 1.8764
cond_ent_wt	: 4.4609
Src_reg_loss	: 0.0630
-------------------------------------
[Epoch : 37/500]
Total_loss	: 42.3047
Coral_loss	: 0.0000
MMD_loss	: 1.9089
cond_ent_wt	: 4.4608
Src_reg_loss	: 0.0623
-------------------------------------
[Epoch : 38/500]
Total_loss	: 42.5257
Coral_loss	: 0.0000
MMD_loss	: 1.9432
cond_ent_wt	: 4.4607
Src_reg_loss	: 0.0616
-------------------------------------
[Epoch : 39/500]
Total_loss	: 42.7357
Coral_loss	: 0.0000
MMD_loss	: 1.9757
cond_ent_wt	: 4.4606
Src_reg_loss	: 0.0609
-------------------------------------
[Epoch : 40/500]
Total_loss	: 42.9319
Coral_loss	: 0.0000
MMD_loss	: 2.0061
cond_ent_wt	: 4.4606
Src_reg_loss	: 0.0603
-------------------------------------
[Epoch : 41/500]
Total_loss	: 43.1202
Coral_loss	: 0.0000
MMD_loss	: 2.0352
cond_ent_wt	: 4.4605
Src_reg_loss	: 0.0597
-------------------------------------
[Epoch : 42/500]
Total_loss	: 43.2990
Coral_loss	: 0.0000
MMD_loss	: 2.0629
cond_ent_wt	: 4.4604
Src_reg_loss	: 0.0592
-------------------------------------
[Epoch : 43/500]
Total_loss	: 43.4674
Coral_loss	: 0.0000
MMD_loss	: 2.0890
cond_ent_wt	: 4.4603
Src_reg_loss	: 0.0587
-------------------------------------
[Epoch : 44/500]
Total_loss	: 43.6279
Coral_loss	: 0.0000
MMD_loss	: 2.1139
cond_ent_wt	: 4.4602
Src_reg_loss	: 0.0581
-------------------------------------
[Epoch : 45/500]
Total_loss	: 43.7785
Coral_loss	: 0.0000
MMD_loss	: 2.1372
cond_ent_wt	: 4.4602
Src_reg_loss	: 0.0577
-------------------------------------
[Epoch : 46/500]
Total_loss	: 43.9213
Coral_loss	: 0.0000
MMD_loss	: 2.1593
cond_ent_wt	: 4.4601
Src_reg_loss	: 0.0572
-------------------------------------
[Epoch : 47/500]
Total_loss	: 44.0570
Coral_loss	: 0.0000
MMD_loss	: 2.1803
cond_ent_wt	: 4.4600
Src_reg_loss	: 0.0568
-------------------------------------
[Epoch : 48/500]
Total_loss	: 44.1859
Coral_loss	: 0.0000
MMD_loss	: 2.2003
cond_ent_wt	: 4.4600
Src_reg_loss	: 0.0563
-------------------------------------
[Epoch : 49/500]
Total_loss	: 44.3076
Coral_loss	: 0.0000
MMD_loss	: 2.2192
cond_ent_wt	: 4.4599
Src_reg_loss	: 0.0559
-------------------------------------
[Epoch : 50/500]
Total_loss	: 44.4239
Coral_loss	: 0.0000
MMD_loss	: 2.2372
cond_ent_wt	: 4.4599
Src_reg_loss	: 0.0555
-------------------------------------
[Epoch : 51/500]
Total_loss	: 44.5341
Coral_loss	: 0.0000
MMD_loss	: 2.2542
cond_ent_wt	: 4.4598
Src_reg_loss	: 0.0552
-------------------------------------
[Epoch : 52/500]
Total_loss	: 44.6391
Coral_loss	: 0.0000
MMD_loss	: 2.2705
cond_ent_wt	: 4.4598
Src_reg_loss	: 0.0548
-------------------------------------
[Epoch : 53/500]
Total_loss	: 44.7394
Coral_loss	: 0.0000
MMD_loss	: 2.2860
cond_ent_wt	: 4.4597
Src_reg_loss	: 0.0544
-------------------------------------
[Epoch : 54/500]
Total_loss	: 44.8354
Coral_loss	: 0.0000
MMD_loss	: 2.3009
cond_ent_wt	: 4.4597
Src_reg_loss	: 0.0541
-------------------------------------
[Epoch : 55/500]
Total_loss	: 44.9270
Coral_loss	: 0.0000
MMD_loss	: 2.3151
cond_ent_wt	: 4.4596
Src_reg_loss	: 0.0538
-------------------------------------
[Epoch : 56/500]
Total_loss	: 45.0148
Coral_loss	: 0.0000
MMD_loss	: 2.3287
cond_ent_wt	: 4.4596
Src_reg_loss	: 0.0535
-------------------------------------
[Epoch : 57/500]
Total_loss	: 45.0988
Coral_loss	: 0.0000
MMD_loss	: 2.3417
cond_ent_wt	: 4.4595
Src_reg_loss	: 0.0532
-------------------------------------
[Epoch : 58/500]
Total_loss	: 45.1796
Coral_loss	: 0.0000
MMD_loss	: 2.3543
cond_ent_wt	: 4.4595
Src_reg_loss	: 0.0529
-------------------------------------
[Epoch : 59/500]
Total_loss	: 45.2574
Coral_loss	: 0.0000
MMD_loss	: 2.3663
cond_ent_wt	: 4.4594
Src_reg_loss	: 0.0526
-------------------------------------
[Epoch : 60/500]
Total_loss	: 45.3321
Coral_loss	: 0.0000
MMD_loss	: 2.3779
cond_ent_wt	: 4.4594
Src_reg_loss	: 0.0523
-------------------------------------
[Epoch : 61/500]
Total_loss	: 45.4043
Coral_loss	: 0.0000
MMD_loss	: 2.3891
cond_ent_wt	: 4.4594
Src_reg_loss	: 0.0520
-------------------------------------
[Epoch : 62/500]
Total_loss	: 45.4738
Coral_loss	: 0.0000
MMD_loss	: 2.3998
cond_ent_wt	: 4.4593
Src_reg_loss	: 0.0518
-------------------------------------
[Epoch : 63/500]
Total_loss	: 45.5410
Coral_loss	: 0.0000
MMD_loss	: 2.4103
cond_ent_wt	: 4.4593
Src_reg_loss	: 0.0515
-------------------------------------
[Epoch : 64/500]
Total_loss	: 45.6060
Coral_loss	: 0.0000
MMD_loss	: 2.4203
cond_ent_wt	: 4.4593
Src_reg_loss	: 0.0513
-------------------------------------
[Epoch : 65/500]
Total_loss	: 45.6691
Coral_loss	: 0.0000
MMD_loss	: 2.4301
cond_ent_wt	: 4.4592
Src_reg_loss	: 0.0511
-------------------------------------
[Epoch : 66/500]
Total_loss	: 45.7302
Coral_loss	: 0.0000
MMD_loss	: 2.4396
cond_ent_wt	: 4.4592
Src_reg_loss	: 0.0508
-------------------------------------
[Epoch : 67/500]
Total_loss	: 45.7895
Coral_loss	: 0.0000
MMD_loss	: 2.4488
cond_ent_wt	: 4.4592
Src_reg_loss	: 0.0506
-------------------------------------
[Epoch : 68/500]
Total_loss	: 45.8471
Coral_loss	: 0.0000
MMD_loss	: 2.4577
cond_ent_wt	: 4.4591
Src_reg_loss	: 0.0504
-------------------------------------
[Epoch : 69/500]
Total_loss	: 45.9031
Coral_loss	: 0.0000
MMD_loss	: 2.4664
cond_ent_wt	: 4.4591
Src_reg_loss	: 0.0502
-------------------------------------
[Epoch : 70/500]
Total_loss	: 45.9577
Coral_loss	: 0.0000
MMD_loss	: 2.4748
cond_ent_wt	: 4.4591
Src_reg_loss	: 0.0500
-------------------------------------
[Epoch : 71/500]
Total_loss	: 46.0107
Coral_loss	: 0.0000
MMD_loss	: 2.4831
cond_ent_wt	: 4.4590
Src_reg_loss	: 0.0498
-------------------------------------
[Epoch : 72/500]
Total_loss	: 46.0625
Coral_loss	: 0.0000
MMD_loss	: 2.4911
cond_ent_wt	: 4.4590
Src_reg_loss	: 0.0496
-------------------------------------
[Epoch : 73/500]
Total_loss	: 46.1130
Coral_loss	: 0.0000
MMD_loss	: 2.4989
cond_ent_wt	: 4.4590
Src_reg_loss	: 0.0494
-------------------------------------
[Epoch : 74/500]
Total_loss	: 46.1623
Coral_loss	: 0.0000
MMD_loss	: 2.5065
cond_ent_wt	: 4.4590
Src_reg_loss	: 0.0492
-------------------------------------
[Epoch : 75/500]
Total_loss	: 46.2105
Coral_loss	: 0.0000
MMD_loss	: 2.5140
cond_ent_wt	: 4.4589
Src_reg_loss	: 0.0491
-------------------------------------
[Epoch : 76/500]
Total_loss	: 46.2576
Coral_loss	: 0.0000
MMD_loss	: 2.5213
cond_ent_wt	: 4.4589
Src_reg_loss	: 0.0489
-------------------------------------
[Epoch : 77/500]
Total_loss	: 46.3037
Coral_loss	: 0.0000
MMD_loss	: 2.5285
cond_ent_wt	: 4.4589
Src_reg_loss	: 0.0487
-------------------------------------
[Epoch : 78/500]
Total_loss	: 46.3489
Coral_loss	: 0.0000
MMD_loss	: 2.5355
cond_ent_wt	: 4.4589
Src_reg_loss	: 0.0486
-------------------------------------
[Epoch : 79/500]
Total_loss	: 46.3931
Coral_loss	: 0.0000
MMD_loss	: 2.5423
cond_ent_wt	: 4.4588
Src_reg_loss	: 0.0484
-------------------------------------
[Epoch : 80/500]
Total_loss	: 46.4366
Coral_loss	: 0.0000
MMD_loss	: 2.5490
cond_ent_wt	: 4.4588
Src_reg_loss	: 0.0483
-------------------------------------
[Epoch : 81/500]
Total_loss	: 46.4791
Coral_loss	: 0.0000
MMD_loss	: 2.5556
cond_ent_wt	: 4.4588
Src_reg_loss	: 0.0481
-------------------------------------
[Epoch : 82/500]
Total_loss	: 46.5209
Coral_loss	: 0.0000
MMD_loss	: 2.5621
cond_ent_wt	: 4.4588
Src_reg_loss	: 0.0480
-------------------------------------
[Epoch : 83/500]
Total_loss	: 46.5620
Coral_loss	: 0.0000
MMD_loss	: 2.5685
cond_ent_wt	: 4.4588
Src_reg_loss	: 0.0478
-------------------------------------
[Epoch : 84/500]
Total_loss	: 46.6023
Coral_loss	: 0.0000
MMD_loss	: 2.5747
cond_ent_wt	: 4.4587
Src_reg_loss	: 0.0477
-------------------------------------
[Epoch : 85/500]
Total_loss	: 46.6419
Coral_loss	: 0.0000
MMD_loss	: 2.5809
cond_ent_wt	: 4.4587
Src_reg_loss	: 0.0475
-------------------------------------
[Epoch : 86/500]
Total_loss	: 46.6809
Coral_loss	: 0.0000
MMD_loss	: 2.5869
cond_ent_wt	: 4.4587
Src_reg_loss	: 0.0474
-------------------------------------
[Epoch : 87/500]
Total_loss	: 46.7193
Coral_loss	: 0.0000
MMD_loss	: 2.5928
cond_ent_wt	: 4.4587
Src_reg_loss	: 0.0473
-------------------------------------
[Epoch : 88/500]
Total_loss	: 46.7570
Coral_loss	: 0.0000
MMD_loss	: 2.5987
cond_ent_wt	: 4.4587
Src_reg_loss	: 0.0473
-------------------------------------
[Epoch : 89/500]
Total_loss	: 46.7943
Coral_loss	: 0.0000
MMD_loss	: 2.6045
cond_ent_wt	: 4.4586
Src_reg_loss	: 0.0472
-------------------------------------
[Epoch : 90/500]
Total_loss	: 46.8309
Coral_loss	: 0.0000
MMD_loss	: 2.6101
cond_ent_wt	: 4.4586
Src_reg_loss	: 0.0471
-------------------------------------
[Epoch : 91/500]
Total_loss	: 46.8670
Coral_loss	: 0.0000
MMD_loss	: 2.6157
cond_ent_wt	: 4.4586
Src_reg_loss	: 0.0469
-------------------------------------
[Epoch : 92/500]
Total_loss	: 46.9026
Coral_loss	: 0.0000
MMD_loss	: 2.6212
cond_ent_wt	: 4.4586
Src_reg_loss	: 0.0468
-------------------------------------
[Epoch : 93/500]
Total_loss	: 46.9376
Coral_loss	: 0.0000
MMD_loss	: 2.6267
cond_ent_wt	: 4.4586
Src_reg_loss	: 0.0467
-------------------------------------
[Epoch : 94/500]
Total_loss	: 46.9722
Coral_loss	: 0.0000
MMD_loss	: 2.6320
cond_ent_wt	: 4.4586
Src_reg_loss	: 0.0466
-------------------------------------
[Epoch : 95/500]
Total_loss	: 47.0064
Coral_loss	: 0.0000
MMD_loss	: 2.6373
cond_ent_wt	: 4.4586
Src_reg_loss	: 0.0465
-------------------------------------
[Epoch : 96/500]
Total_loss	: 47.0402
Coral_loss	: 0.0000
MMD_loss	: 2.6425
cond_ent_wt	: 4.4585
Src_reg_loss	: 0.0464
-------------------------------------
[Epoch : 97/500]
Total_loss	: 47.0734
Coral_loss	: 0.0000
MMD_loss	: 2.6477
cond_ent_wt	: 4.4585
Src_reg_loss	: 0.0463
-------------------------------------
[Epoch : 98/500]
Total_loss	: 47.1062
Coral_loss	: 0.0000
MMD_loss	: 2.6528
cond_ent_wt	: 4.4585
Src_reg_loss	: 0.0461
-------------------------------------
[Epoch : 99/500]
Total_loss	: 47.1387
Coral_loss	: 0.0000
MMD_loss	: 2.6578
cond_ent_wt	: 4.4585
Src_reg_loss	: 0.0460
-------------------------------------
[Epoch : 100/500]
Total_loss	: 47.1707
Coral_loss	: 0.0000
MMD_loss	: 2.6628
cond_ent_wt	: 4.4585
Src_reg_loss	: 0.0460
-------------------------------------
[Epoch : 101/500]
Total_loss	: 47.2025
Coral_loss	: 0.0000
MMD_loss	: 2.6677
cond_ent_wt	: 4.4585
Src_reg_loss	: 0.0459
-------------------------------------
[Epoch : 102/500]
Total_loss	: 47.2338
Coral_loss	: 0.0000
MMD_loss	: 2.6725
cond_ent_wt	: 4.4585
Src_reg_loss	: 0.0459
-------------------------------------
[Epoch : 103/500]
Total_loss	: 47.2648
Coral_loss	: 0.0000
MMD_loss	: 2.6773
cond_ent_wt	: 4.4584
Src_reg_loss	: 0.0458
-------------------------------------
[Epoch : 104/500]
Total_loss	: 47.2954
Coral_loss	: 0.0000
MMD_loss	: 2.6821
cond_ent_wt	: 4.4584
Src_reg_loss	: 0.0457
-------------------------------------
[Epoch : 105/500]
Total_loss	: 47.3257
Coral_loss	: 0.0000
MMD_loss	: 2.6868
cond_ent_wt	: 4.4584
Src_reg_loss	: 0.0457
-------------------------------------
[Epoch : 106/500]
Total_loss	: 47.3556
Coral_loss	: 0.0000
MMD_loss	: 2.6914
cond_ent_wt	: 4.4584
Src_reg_loss	: 0.0456
-------------------------------------
[Epoch : 107/500]
Total_loss	: 47.3853
Coral_loss	: 0.0000
MMD_loss	: 2.6960
cond_ent_wt	: 4.4584
Src_reg_loss	: 0.0455
-------------------------------------
[Epoch : 108/500]
Total_loss	: 47.4146
Coral_loss	: 0.0000
MMD_loss	: 2.7005
cond_ent_wt	: 4.4584
Src_reg_loss	: 0.0454
-------------------------------------
[Epoch : 109/500]
Total_loss	: 47.4436
Coral_loss	: 0.0000
MMD_loss	: 2.7050
cond_ent_wt	: 4.4584
Src_reg_loss	: 0.0453
-------------------------------------
[Epoch : 110/500]
Total_loss	: 47.4723
Coral_loss	: 0.0000
MMD_loss	: 2.7095
cond_ent_wt	: 4.4584
Src_reg_loss	: 0.0452
-------------------------------------
[Epoch : 111/500]
Total_loss	: 47.5008
Coral_loss	: 0.0000
MMD_loss	: 2.7139
cond_ent_wt	: 4.4583
Src_reg_loss	: 0.0451
-------------------------------------
[Epoch : 112/500]
Total_loss	: 47.5289
Coral_loss	: 0.0000
MMD_loss	: 2.7182
cond_ent_wt	: 4.4583
Src_reg_loss	: 0.0450
-------------------------------------
[Epoch : 113/500]
Total_loss	: 47.5567
Coral_loss	: 0.0000
MMD_loss	: 2.7225
cond_ent_wt	: 4.4583
Src_reg_loss	: 0.0450
-------------------------------------
[Epoch : 114/500]
Total_loss	: 47.5843
Coral_loss	: 0.0000
MMD_loss	: 2.7268
cond_ent_wt	: 4.4583
Src_reg_loss	: 0.0449
-------------------------------------
[Epoch : 115/500]
Total_loss	: 47.6117
Coral_loss	: 0.0000
MMD_loss	: 2.7310
cond_ent_wt	: 4.4583
Src_reg_loss	: 0.0448
-------------------------------------
[Epoch : 116/500]
Total_loss	: 47.6387
Coral_loss	: 0.0000
MMD_loss	: 2.7352
cond_ent_wt	: 4.4583
Src_reg_loss	: 0.0447
-------------------------------------
[Epoch : 117/500]
Total_loss	: 47.6655
Coral_loss	: 0.0000
MMD_loss	: 2.7394
cond_ent_wt	: 4.4583
Src_reg_loss	: 0.0447
-------------------------------------
[Epoch : 118/500]
Total_loss	: 47.6920
Coral_loss	: 0.0000
MMD_loss	: 2.7435
cond_ent_wt	: 4.4583
Src_reg_loss	: 0.0446
-------------------------------------
[Epoch : 119/500]
Total_loss	: 47.7183
Coral_loss	: 0.0000
MMD_loss	: 2.7475
cond_ent_wt	: 4.4583
Src_reg_loss	: 0.0445
-------------------------------------
[Epoch : 120/500]
Total_loss	: 47.7444
Coral_loss	: 0.0000
MMD_loss	: 2.7516
cond_ent_wt	: 4.4582
Src_reg_loss	: 0.0444
-------------------------------------
[Epoch : 121/500]
Total_loss	: 47.7702
Coral_loss	: 0.0000
MMD_loss	: 2.7556
cond_ent_wt	: 4.4582
Src_reg_loss	: 0.0444
-------------------------------------
[Epoch : 122/500]
Total_loss	: 47.7959
Coral_loss	: 0.0000
MMD_loss	: 2.7595
cond_ent_wt	: 4.4582
Src_reg_loss	: 0.0443
-------------------------------------
[Epoch : 123/500]
Total_loss	: 47.8212
Coral_loss	: 0.0000
MMD_loss	: 2.7635
cond_ent_wt	: 4.4582
Src_reg_loss	: 0.0442
-------------------------------------
[Epoch : 124/500]
Total_loss	: 47.8464
Coral_loss	: 0.0000
MMD_loss	: 2.7674
cond_ent_wt	: 4.4582
Src_reg_loss	: 0.0442
-------------------------------------
[Epoch : 125/500]
Total_loss	: 47.8713
Coral_loss	: 0.0000
MMD_loss	: 2.7712
cond_ent_wt	: 4.4582
Src_reg_loss	: 0.0441
-------------------------------------
[Epoch : 126/500]
Total_loss	: 47.8960
Coral_loss	: 0.0000
MMD_loss	: 2.7750
cond_ent_wt	: 4.4582
Src_reg_loss	: 0.0440
-------------------------------------
[Epoch : 127/500]
Total_loss	: 47.9206
Coral_loss	: 0.0000
MMD_loss	: 2.7788
cond_ent_wt	: 4.4582
Src_reg_loss	: 0.0440
-------------------------------------
[Epoch : 128/500]
Total_loss	: 47.9449
Coral_loss	: 0.0000
MMD_loss	: 2.7826
cond_ent_wt	: 4.4582
Src_reg_loss	: 0.0439
-------------------------------------
[Epoch : 129/500]
Total_loss	: 47.9690
Coral_loss	: 0.0000
MMD_loss	: 2.7863
cond_ent_wt	: 4.4582
Src_reg_loss	: 0.0438
-------------------------------------
[Epoch : 130/500]
Total_loss	: 47.9929
Coral_loss	: 0.0000
MMD_loss	: 2.7900
cond_ent_wt	: 4.4582
Src_reg_loss	: 0.0438
-------------------------------------
[Epoch : 131/500]
Total_loss	: 48.0165
Coral_loss	: 0.0000
MMD_loss	: 2.7937
cond_ent_wt	: 4.4582
Src_reg_loss	: 0.0437
-------------------------------------
[Epoch : 132/500]
Total_loss	: 48.0400
Coral_loss	: 0.0000
MMD_loss	: 2.7973
cond_ent_wt	: 4.4581
Src_reg_loss	: 0.0436
-------------------------------------
[Epoch : 133/500]
Total_loss	: 48.0633
Coral_loss	: 0.0000
MMD_loss	: 2.8009
cond_ent_wt	: 4.4581
Src_reg_loss	: 0.0436
-------------------------------------
[Epoch : 134/500]
Total_loss	: 48.0863
Coral_loss	: 0.0000
MMD_loss	: 2.8045
cond_ent_wt	: 4.4581
Src_reg_loss	: 0.0435
-------------------------------------
[Epoch : 135/500]
Total_loss	: 48.1092
Coral_loss	: 0.0000
MMD_loss	: 2.8080
cond_ent_wt	: 4.4581
Src_reg_loss	: 0.0435
-------------------------------------
[Epoch : 136/500]
Total_loss	: 48.1319
Coral_loss	: 0.0000
MMD_loss	: 2.8115
cond_ent_wt	: 4.4581
Src_reg_loss	: 0.0434
-------------------------------------
[Epoch : 137/500]
Total_loss	: 48.1543
Coral_loss	: 0.0000
MMD_loss	: 2.8150
cond_ent_wt	: 4.4581
Src_reg_loss	: 0.0433
-------------------------------------
[Epoch : 138/500]
Total_loss	: 48.1766
Coral_loss	: 0.0000
MMD_loss	: 2.8185
cond_ent_wt	: 4.4581
Src_reg_loss	: 0.0433
-------------------------------------
[Epoch : 139/500]
Total_loss	: 48.1987
Coral_loss	: 0.0000
MMD_loss	: 2.8219
cond_ent_wt	: 4.4581
Src_reg_loss	: 0.0432
-------------------------------------
[Epoch : 140/500]
Total_loss	: 48.2206
Coral_loss	: 0.0000
MMD_loss	: 2.8253
cond_ent_wt	: 4.4581
Src_reg_loss	: 0.0432
-------------------------------------
[Epoch : 141/500]
Total_loss	: 48.2423
Coral_loss	: 0.0000
MMD_loss	: 2.8286
cond_ent_wt	: 4.4581
Src_reg_loss	: 0.0431
-------------------------------------
[Epoch : 142/500]
Total_loss	: 48.2639
Coral_loss	: 0.0000
MMD_loss	: 2.8320
cond_ent_wt	: 4.4581
Src_reg_loss	: 0.0431
-------------------------------------
[Epoch : 143/500]
Total_loss	: 48.2853
Coral_loss	: 0.0000
MMD_loss	: 2.8353
cond_ent_wt	: 4.4581
Src_reg_loss	: 0.0430
-------------------------------------
[Epoch : 144/500]
Total_loss	: 48.3065
Coral_loss	: 0.0000
MMD_loss	: 2.8386
cond_ent_wt	: 4.4581
Src_reg_loss	: 0.0430
-------------------------------------
[Epoch : 145/500]
Total_loss	: 48.3275
Coral_loss	: 0.0000
MMD_loss	: 2.8418
cond_ent_wt	: 4.4580
Src_reg_loss	: 0.0429
-------------------------------------
[Epoch : 146/500]
Total_loss	: 48.3483
Coral_loss	: 0.0000
MMD_loss	: 2.8450
cond_ent_wt	: 4.4580
Src_reg_loss	: 0.0429
-------------------------------------
[Epoch : 147/500]
Total_loss	: 48.3690
Coral_loss	: 0.0000
MMD_loss	: 2.8482
cond_ent_wt	: 4.4580
Src_reg_loss	: 0.0428
-------------------------------------
[Epoch : 148/500]
Total_loss	: 48.3895
Coral_loss	: 0.0000
MMD_loss	: 2.8514
cond_ent_wt	: 4.4580
Src_reg_loss	: 0.0428
-------------------------------------
[Epoch : 149/500]
Total_loss	: 48.4098
Coral_loss	: 0.0000
MMD_loss	: 2.8545
cond_ent_wt	: 4.4580
Src_reg_loss	: 0.0427
-------------------------------------
[Epoch : 150/500]
Total_loss	: 48.4299
Coral_loss	: 0.0000
MMD_loss	: 2.8576
cond_ent_wt	: 4.4580
Src_reg_loss	: 0.0427
-------------------------------------
[Epoch : 151/500]
Total_loss	: 48.4499
Coral_loss	: 0.0000
MMD_loss	: 2.8607
cond_ent_wt	: 4.4580
Src_reg_loss	: 0.0426
-------------------------------------
[Epoch : 152/500]
Total_loss	: 48.4696
Coral_loss	: 0.0000
MMD_loss	: 2.8638
cond_ent_wt	: 4.4580
Src_reg_loss	: 0.0426
-------------------------------------
[Epoch : 153/500]
Total_loss	: 48.4892
Coral_loss	: 0.0000
MMD_loss	: 2.8668
cond_ent_wt	: 4.4580
Src_reg_loss	: 0.0425
-------------------------------------
[Epoch : 154/500]
Total_loss	: 48.5087
Coral_loss	: 0.0000
MMD_loss	: 2.8698
cond_ent_wt	: 4.4580
Src_reg_loss	: 0.0425
-------------------------------------
[Epoch : 155/500]
Total_loss	: 48.5279
Coral_loss	: 0.0000
MMD_loss	: 2.8728
cond_ent_wt	: 4.4580
Src_reg_loss	: 0.0425
-------------------------------------
[Epoch : 156/500]
Total_loss	: 48.5470
Coral_loss	: 0.0000
MMD_loss	: 2.8758
cond_ent_wt	: 4.4580
Src_reg_loss	: 0.0424
-------------------------------------
[Epoch : 157/500]
Total_loss	: 48.5659
Coral_loss	: 0.0000
MMD_loss	: 2.8787
cond_ent_wt	: 4.4580
Src_reg_loss	: 0.0424
-------------------------------------
[Epoch : 158/500]
Total_loss	: 48.5847
Coral_loss	: 0.0000
MMD_loss	: 2.8816
cond_ent_wt	: 4.4580
Src_reg_loss	: 0.0423
-------------------------------------
[Epoch : 159/500]
Total_loss	: 48.6033
Coral_loss	: 0.0000
MMD_loss	: 2.8845
cond_ent_wt	: 4.4580
Src_reg_loss	: 0.0423
-------------------------------------
[Epoch : 160/500]
Total_loss	: 48.6217
Coral_loss	: 0.0000
MMD_loss	: 2.8873
cond_ent_wt	: 4.4580
Src_reg_loss	: 0.0423
-------------------------------------
[Epoch : 161/500]
Total_loss	: 48.6400
Coral_loss	: 0.0000
MMD_loss	: 2.8901
cond_ent_wt	: 4.4580
Src_reg_loss	: 0.0422
-------------------------------------
[Epoch : 162/500]
Total_loss	: 48.6581
Coral_loss	: 0.0000
MMD_loss	: 2.8929
cond_ent_wt	: 4.4580
Src_reg_loss	: 0.0422
-------------------------------------
[Epoch : 163/500]
Total_loss	: 48.6760
Coral_loss	: 0.0000
MMD_loss	: 2.8957
cond_ent_wt	: 4.4579
Src_reg_loss	: 0.0422
-------------------------------------
[Epoch : 164/500]
Total_loss	: 48.6938
Coral_loss	: 0.0000
MMD_loss	: 2.8985
cond_ent_wt	: 4.4579
Src_reg_loss	: 0.0421
-------------------------------------
[Epoch : 165/500]
Total_loss	: 48.7114
Coral_loss	: 0.0000
MMD_loss	: 2.9012
cond_ent_wt	: 4.4579
Src_reg_loss	: 0.0421
-------------------------------------
[Epoch : 166/500]
Total_loss	: 48.7288
Coral_loss	: 0.0000
MMD_loss	: 2.9039
cond_ent_wt	: 4.4579
Src_reg_loss	: 0.0421
-------------------------------------
[Epoch : 167/500]
Total_loss	: 48.7461
Coral_loss	: 0.0000
MMD_loss	: 2.9065
cond_ent_wt	: 4.4579
Src_reg_loss	: 0.0420
-------------------------------------
[Epoch : 168/500]
Total_loss	: 48.7631
Coral_loss	: 0.0000
MMD_loss	: 2.9092
cond_ent_wt	: 4.4579
Src_reg_loss	: 0.0420
-------------------------------------
[Epoch : 169/500]
Total_loss	: 48.7800
Coral_loss	: 0.0000
MMD_loss	: 2.9118
cond_ent_wt	: 4.4579
Src_reg_loss	: 0.0420
-------------------------------------
[Epoch : 170/500]
Total_loss	: 48.7968
Coral_loss	: 0.0000
MMD_loss	: 2.9144
cond_ent_wt	: 4.4579
Src_reg_loss	: 0.0419
-------------------------------------
[Epoch : 171/500]
Total_loss	: 48.8133
Coral_loss	: 0.0000
MMD_loss	: 2.9170
cond_ent_wt	: 4.4579
Src_reg_loss	: 0.0419
-------------------------------------
[Epoch : 172/500]
Total_loss	: 48.8297
Coral_loss	: 0.0000
MMD_loss	: 2.9195
cond_ent_wt	: 4.4579
Src_reg_loss	: 0.0418
-------------------------------------
[Epoch : 173/500]
Total_loss	: 48.8459
Coral_loss	: 0.0000
MMD_loss	: 2.9220
cond_ent_wt	: 4.4579
Src_reg_loss	: 0.0418
-------------------------------------
[Epoch : 174/500]
Total_loss	: 48.8620
Coral_loss	: 0.0000
MMD_loss	: 2.9245
cond_ent_wt	: 4.4579
Src_reg_loss	: 0.0418
-------------------------------------
[Epoch : 175/500]
Total_loss	: 48.8779
Coral_loss	: 0.0000
MMD_loss	: 2.9269
cond_ent_wt	: 4.4579
Src_reg_loss	: 0.0417
-------------------------------------
[Epoch : 176/500]
Total_loss	: 48.8936
Coral_loss	: 0.0000
MMD_loss	: 2.9294
cond_ent_wt	: 4.4579
Src_reg_loss	: 0.0417
-------------------------------------
[Epoch : 177/500]
Total_loss	: 48.9093
Coral_loss	: 0.0000
MMD_loss	: 2.9318
cond_ent_wt	: 4.4579
Src_reg_loss	: 0.0417
-------------------------------------
[Epoch : 178/500]
Total_loss	: 48.9248
Coral_loss	: 0.0000
MMD_loss	: 2.9342
cond_ent_wt	: 4.4579
Src_reg_loss	: 0.0416
-------------------------------------
[Epoch : 179/500]
Total_loss	: 48.9402
Coral_loss	: 0.0000
MMD_loss	: 2.9366
cond_ent_wt	: 4.4579
Src_reg_loss	: 0.0416
-------------------------------------
[Epoch : 180/500]
Total_loss	: 48.9555
Coral_loss	: 0.0000
MMD_loss	: 2.9389
cond_ent_wt	: 4.4579
Src_reg_loss	: 0.0416
-------------------------------------
[Epoch : 181/500]
Total_loss	: 48.9706
Coral_loss	: 0.0000
MMD_loss	: 2.9413
cond_ent_wt	: 4.4579
Src_reg_loss	: 0.0415
-------------------------------------
[Epoch : 182/500]
Total_loss	: 48.9858
Coral_loss	: 0.0000
MMD_loss	: 2.9436
cond_ent_wt	: 4.4579
Src_reg_loss	: 0.0415
-------------------------------------
[Epoch : 183/500]
Total_loss	: 49.0008
Coral_loss	: 0.0000
MMD_loss	: 2.9459
cond_ent_wt	: 4.4579
Src_reg_loss	: 0.0415
-------------------------------------
[Epoch : 184/500]
Total_loss	: 49.0158
Coral_loss	: 0.0000
MMD_loss	: 2.9483
cond_ent_wt	: 4.4578
Src_reg_loss	: 0.0414
-------------------------------------
[Epoch : 185/500]
Total_loss	: 49.0307
Coral_loss	: 0.0000
MMD_loss	: 2.9506
cond_ent_wt	: 4.4578
Src_reg_loss	: 0.0414
-------------------------------------
[Epoch : 186/500]
Total_loss	: 49.0456
Coral_loss	: 0.0000
MMD_loss	: 2.9529
cond_ent_wt	: 4.4578
Src_reg_loss	: 0.0414
-------------------------------------
[Epoch : 187/500]
Total_loss	: 49.0605
Coral_loss	: 0.0000
MMD_loss	: 2.9552
cond_ent_wt	: 4.4578
Src_reg_loss	: 0.0414
-------------------------------------
[Epoch : 188/500]
Total_loss	: 49.0753
Coral_loss	: 0.0000
MMD_loss	: 2.9575
cond_ent_wt	: 4.4578
Src_reg_loss	: 0.0413
-------------------------------------
[Epoch : 189/500]
Total_loss	: 49.0901
Coral_loss	: 0.0000
MMD_loss	: 2.9598
cond_ent_wt	: 4.4578
Src_reg_loss	: 0.0413
-------------------------------------
[Epoch : 190/500]
Total_loss	: 49.1049
Coral_loss	: 0.0000
MMD_loss	: 2.9621
cond_ent_wt	: 4.4578
Src_reg_loss	: 0.0413
-------------------------------------
[Epoch : 191/500]
Total_loss	: 49.1196
Coral_loss	: 0.0000
MMD_loss	: 2.9643
cond_ent_wt	: 4.4578
Src_reg_loss	: 0.0412
-------------------------------------
[Epoch : 192/500]
Total_loss	: 49.1343
Coral_loss	: 0.0000
MMD_loss	: 2.9666
cond_ent_wt	: 4.4578
Src_reg_loss	: 0.0412
-------------------------------------
[Epoch : 193/500]
Total_loss	: 49.1490
Coral_loss	: 0.0000
MMD_loss	: 2.9689
cond_ent_wt	: 4.4578
Src_reg_loss	: 0.0412
-------------------------------------
[Epoch : 194/500]
Total_loss	: 49.1636
Coral_loss	: 0.0000
MMD_loss	: 2.9711
cond_ent_wt	: 4.4578
Src_reg_loss	: 0.0411
-------------------------------------
[Epoch : 195/500]
Total_loss	: 49.1782
Coral_loss	: 0.0000
MMD_loss	: 2.9734
cond_ent_wt	: 4.4578
Src_reg_loss	: 0.0411
-------------------------------------
[Epoch : 196/500]
Total_loss	: 49.1928
Coral_loss	: 0.0000
MMD_loss	: 2.9756
cond_ent_wt	: 4.4578
Src_reg_loss	: 0.0411
-------------------------------------
[Epoch : 197/500]
Total_loss	: 49.2074
Coral_loss	: 0.0000
MMD_loss	: 2.9779
cond_ent_wt	: 4.4578
Src_reg_loss	: 0.0411
-------------------------------------
[Epoch : 198/500]
Total_loss	: 49.2219
Coral_loss	: 0.0000
MMD_loss	: 2.9801
cond_ent_wt	: 4.4578
Src_reg_loss	: 0.0410
-------------------------------------
[Epoch : 199/500]
Total_loss	: 49.2364
Coral_loss	: 0.0000
MMD_loss	: 2.9824
cond_ent_wt	: 4.4578
Src_reg_loss	: 0.0410
-------------------------------------
[Epoch : 200/500]
Total_loss	: 49.2509
Coral_loss	: 0.0000
MMD_loss	: 2.9846
cond_ent_wt	: 4.4578
Src_reg_loss	: 0.0410
-------------------------------------
[Epoch : 201/500]
Total_loss	: 49.2654
Coral_loss	: 0.0000
MMD_loss	: 2.9869
cond_ent_wt	: 4.4578
Src_reg_loss	: 0.0410
-------------------------------------
[Epoch : 202/500]
Total_loss	: 49.2798
Coral_loss	: 0.0000
MMD_loss	: 2.9891
cond_ent_wt	: 4.4578
Src_reg_loss	: 0.0409
-------------------------------------
[Epoch : 203/500]
Total_loss	: 49.2943
Coral_loss	: 0.0000
MMD_loss	: 2.9913
cond_ent_wt	: 4.4578
Src_reg_loss	: 0.0409
-------------------------------------
[Epoch : 204/500]
Total_loss	: 49.3087
Coral_loss	: 0.0000
MMD_loss	: 2.9936
cond_ent_wt	: 4.4578
Src_reg_loss	: 0.0409
-------------------------------------
[Epoch : 205/500]
Total_loss	: 49.3231
Coral_loss	: 0.0000
MMD_loss	: 2.9958
cond_ent_wt	: 4.4578
Src_reg_loss	: 0.0409
-------------------------------------
[Epoch : 206/500]
Total_loss	: 49.3375
Coral_loss	: 0.0000
MMD_loss	: 2.9980
cond_ent_wt	: 4.4578
Src_reg_loss	: 0.0408
-------------------------------------
[Epoch : 207/500]
Total_loss	: 49.3518
Coral_loss	: 0.0000
MMD_loss	: 3.0002
cond_ent_wt	: 4.4578
Src_reg_loss	: 0.0408
-------------------------------------
[Epoch : 208/500]
Total_loss	: 49.3661
Coral_loss	: 0.0000
MMD_loss	: 3.0024
cond_ent_wt	: 4.4578
Src_reg_loss	: 0.0408
-------------------------------------
[Epoch : 209/500]
Total_loss	: 49.3804
Coral_loss	: 0.0000
MMD_loss	: 3.0046
cond_ent_wt	: 4.4578
Src_reg_loss	: 0.0408
-------------------------------------
[Epoch : 210/500]
Total_loss	: 49.3946
Coral_loss	: 0.0000
MMD_loss	: 3.0069
cond_ent_wt	: 4.4578
Src_reg_loss	: 0.0407
-------------------------------------
[Epoch : 211/500]
Total_loss	: 49.4089
Coral_loss	: 0.0000
MMD_loss	: 3.0091
cond_ent_wt	: 4.4578
Src_reg_loss	: 0.0407
-------------------------------------
[Epoch : 212/500]
Total_loss	: 49.4231
Coral_loss	: 0.0000
MMD_loss	: 3.0112
cond_ent_wt	: 4.4577
Src_reg_loss	: 0.0407
-------------------------------------
[Epoch : 213/500]
Total_loss	: 49.4372
Coral_loss	: 0.0000
MMD_loss	: 3.0134
cond_ent_wt	: 4.4577
Src_reg_loss	: 0.0407
-------------------------------------
[Epoch : 214/500]
Total_loss	: 49.4513
Coral_loss	: 0.0000
MMD_loss	: 3.0156
cond_ent_wt	: 4.4577
Src_reg_loss	: 0.0406
-------------------------------------
[Epoch : 215/500]
Total_loss	: 49.4655
Coral_loss	: 0.0000
MMD_loss	: 3.0178
cond_ent_wt	: 4.4577
Src_reg_loss	: 0.0406
-------------------------------------
[Epoch : 216/500]
Total_loss	: 49.4796
Coral_loss	: 0.0000
MMD_loss	: 3.0200
cond_ent_wt	: 4.4577
Src_reg_loss	: 0.0406
-------------------------------------
[Epoch : 217/500]
Total_loss	: 49.4936
Coral_loss	: 0.0000
MMD_loss	: 3.0221
cond_ent_wt	: 4.4577
Src_reg_loss	: 0.0406
-------------------------------------
[Epoch : 218/500]
Total_loss	: 49.5076
Coral_loss	: 0.0000
MMD_loss	: 3.0243
cond_ent_wt	: 4.4577
Src_reg_loss	: 0.0405
-------------------------------------
[Epoch : 219/500]
Total_loss	: 49.5217
Coral_loss	: 0.0000
MMD_loss	: 3.0265
cond_ent_wt	: 4.4577
Src_reg_loss	: 0.0405
-------------------------------------
[Epoch : 220/500]
Total_loss	: 49.5356
Coral_loss	: 0.0000
MMD_loss	: 3.0286
cond_ent_wt	: 4.4577
Src_reg_loss	: 0.0405
-------------------------------------
[Epoch : 221/500]
Total_loss	: 49.5495
Coral_loss	: 0.0000
MMD_loss	: 3.0308
cond_ent_wt	: 4.4577
Src_reg_loss	: 0.0405
-------------------------------------
[Epoch : 222/500]
Total_loss	: 49.5634
Coral_loss	: 0.0000
MMD_loss	: 3.0329
cond_ent_wt	: 4.4577
Src_reg_loss	: 0.0405
-------------------------------------
[Epoch : 223/500]
Total_loss	: 49.5773
Coral_loss	: 0.0000
MMD_loss	: 3.0351
cond_ent_wt	: 4.4577
Src_reg_loss	: 0.0404
-------------------------------------
[Epoch : 224/500]
Total_loss	: 49.5911
Coral_loss	: 0.0000
MMD_loss	: 3.0372
cond_ent_wt	: 4.4577
Src_reg_loss	: 0.0404
-------------------------------------
[Epoch : 225/500]
Total_loss	: 49.6049
Coral_loss	: 0.0000
MMD_loss	: 3.0393
cond_ent_wt	: 4.4577
Src_reg_loss	: 0.0404
-------------------------------------
[Epoch : 226/500]
Total_loss	: 49.6186
Coral_loss	: 0.0000
MMD_loss	: 3.0415
cond_ent_wt	: 4.4577
Src_reg_loss	: 0.0404
-------------------------------------
[Epoch : 227/500]
Total_loss	: 49.6323
Coral_loss	: 0.0000
MMD_loss	: 3.0436
cond_ent_wt	: 4.4577
Src_reg_loss	: 0.0403
-------------------------------------
[Epoch : 228/500]
Total_loss	: 49.6460
Coral_loss	: 0.0000
MMD_loss	: 3.0457
cond_ent_wt	: 4.4577
Src_reg_loss	: 0.0403
-------------------------------------
[Epoch : 229/500]
Total_loss	: 49.6596
Coral_loss	: 0.0000
MMD_loss	: 3.0478
cond_ent_wt	: 4.4577
Src_reg_loss	: 0.0403
-------------------------------------
[Epoch : 230/500]
Total_loss	: 49.6732
Coral_loss	: 0.0000
MMD_loss	: 3.0499
cond_ent_wt	: 4.4577
Src_reg_loss	: 0.0403
-------------------------------------
[Epoch : 231/500]
Total_loss	: 49.6868
Coral_loss	: 0.0000
MMD_loss	: 3.0520
cond_ent_wt	: 4.4577
Src_reg_loss	: 0.0403
-------------------------------------
[Epoch : 232/500]
Total_loss	: 49.7003
Coral_loss	: 0.0000
MMD_loss	: 3.0541
cond_ent_wt	: 4.4577
Src_reg_loss	: 0.0402
-------------------------------------
[Epoch : 233/500]
Total_loss	: 49.7138
Coral_loss	: 0.0000
MMD_loss	: 3.0562
cond_ent_wt	: 4.4577
Src_reg_loss	: 0.0402
-------------------------------------
[Epoch : 234/500]
Total_loss	: 49.7273
Coral_loss	: 0.0000
MMD_loss	: 3.0583
cond_ent_wt	: 4.4577
Src_reg_loss	: 0.0402
-------------------------------------
[Epoch : 235/500]
Total_loss	: 49.7407
Coral_loss	: 0.0000
MMD_loss	: 3.0603
cond_ent_wt	: 4.4577
Src_reg_loss	: 0.0402
-------------------------------------
[Epoch : 236/500]
Total_loss	: 49.7540
Coral_loss	: 0.0000
MMD_loss	: 3.0624
cond_ent_wt	: 4.4577
Src_reg_loss	: 0.0402
-------------------------------------
[Epoch : 237/500]
Total_loss	: 49.7674
Coral_loss	: 0.0000
MMD_loss	: 3.0645
cond_ent_wt	: 4.4577
Src_reg_loss	: 0.0402
-------------------------------------
[Epoch : 238/500]
Total_loss	: 49.7807
Coral_loss	: 0.0000
MMD_loss	: 3.0665
cond_ent_wt	: 4.4577
Src_reg_loss	: 0.0401
-------------------------------------
[Epoch : 239/500]
Total_loss	: 49.7939
Coral_loss	: 0.0000
MMD_loss	: 3.0686
cond_ent_wt	: 4.4577
Src_reg_loss	: 0.0401
-------------------------------------
[Epoch : 240/500]
Total_loss	: 49.8072
Coral_loss	: 0.0000
MMD_loss	: 3.0706
cond_ent_wt	: 4.4577
Src_reg_loss	: 0.0401
-------------------------------------
[Epoch : 241/500]
Total_loss	: 49.8203
Coral_loss	: 0.0000
MMD_loss	: 3.0726
cond_ent_wt	: 4.4577
Src_reg_loss	: 0.0401
-------------------------------------
[Epoch : 242/500]
Total_loss	: 49.8334
Coral_loss	: 0.0000
MMD_loss	: 3.0747
cond_ent_wt	: 4.4577
Src_reg_loss	: 0.0401
-------------------------------------
[Epoch : 243/500]
Total_loss	: 49.8465
Coral_loss	: 0.0000
MMD_loss	: 3.0767
cond_ent_wt	: 4.4577
Src_reg_loss	: 0.0400
-------------------------------------
[Epoch : 244/500]
Total_loss	: 49.8595
Coral_loss	: 0.0000
MMD_loss	: 3.0787
cond_ent_wt	: 4.4577
Src_reg_loss	: 0.0400
-------------------------------------
[Epoch : 245/500]
Total_loss	: 49.8725
Coral_loss	: 0.0000
MMD_loss	: 3.0807
cond_ent_wt	: 4.4577
Src_reg_loss	: 0.0400
-------------------------------------
[Epoch : 246/500]
Total_loss	: 49.8854
Coral_loss	: 0.0000
MMD_loss	: 3.0827
cond_ent_wt	: 4.4577
Src_reg_loss	: 0.0400
-------------------------------------
[Epoch : 247/500]
Total_loss	: 49.8983
Coral_loss	: 0.0000
MMD_loss	: 3.0847
cond_ent_wt	: 4.4577
Src_reg_loss	: 0.0400
-------------------------------------
[Epoch : 248/500]
Total_loss	: 49.9112
Coral_loss	: 0.0000
MMD_loss	: 3.0867
cond_ent_wt	: 4.4577
Src_reg_loss	: 0.0399
-------------------------------------
[Epoch : 249/500]
Total_loss	: 49.9240
Coral_loss	: 0.0000
MMD_loss	: 3.0887
cond_ent_wt	: 4.4577
Src_reg_loss	: 0.0399
-------------------------------------
[Epoch : 250/500]
Total_loss	: 49.9367
Coral_loss	: 0.0000
MMD_loss	: 3.0906
cond_ent_wt	: 4.4577
Src_reg_loss	: 0.0399
-------------------------------------
[Epoch : 251/500]
Total_loss	: 49.9494
Coral_loss	: 0.0000
MMD_loss	: 3.0926
cond_ent_wt	: 4.4576
Src_reg_loss	: 0.0399
-------------------------------------
[Epoch : 252/500]
Total_loss	: 49.9621
Coral_loss	: 0.0000
MMD_loss	: 3.0946
cond_ent_wt	: 4.4576
Src_reg_loss	: 0.0399
-------------------------------------
[Epoch : 253/500]
Total_loss	: 49.9748
Coral_loss	: 0.0000
MMD_loss	: 3.0965
cond_ent_wt	: 4.4576
Src_reg_loss	: 0.0399
-------------------------------------
[Epoch : 254/500]
Total_loss	: 49.9873
Coral_loss	: 0.0000
MMD_loss	: 3.0985
cond_ent_wt	: 4.4576
Src_reg_loss	: 0.0398
-------------------------------------
[Epoch : 255/500]
Total_loss	: 49.9999
Coral_loss	: 0.0000
MMD_loss	: 3.1004
cond_ent_wt	: 4.4576
Src_reg_loss	: 0.0398
-------------------------------------
[Epoch : 256/500]
Total_loss	: 50.0124
Coral_loss	: 0.0000
MMD_loss	: 3.1023
cond_ent_wt	: 4.4576
Src_reg_loss	: 0.0398
-------------------------------------
[Epoch : 257/500]
Total_loss	: 50.0248
Coral_loss	: 0.0000
MMD_loss	: 3.1043
cond_ent_wt	: 4.4576
Src_reg_loss	: 0.0398
-------------------------------------
[Epoch : 258/500]
Total_loss	: 50.0372
Coral_loss	: 0.0000
MMD_loss	: 3.1062
cond_ent_wt	: 4.4576
Src_reg_loss	: 0.0398
-------------------------------------
[Epoch : 259/500]
Total_loss	: 50.0496
Coral_loss	: 0.0000
MMD_loss	: 3.1081
cond_ent_wt	: 4.4576
Src_reg_loss	: 0.0398
-------------------------------------
[Epoch : 260/500]
Total_loss	: 50.0619
Coral_loss	: 0.0000
MMD_loss	: 3.1100
cond_ent_wt	: 4.4576
Src_reg_loss	: 0.0397
-------------------------------------
[Epoch : 261/500]
Total_loss	: 50.0741
Coral_loss	: 0.0000
MMD_loss	: 3.1119
cond_ent_wt	: 4.4576
Src_reg_loss	: 0.0397
-------------------------------------
[Epoch : 262/500]
Total_loss	: 50.0863
Coral_loss	: 0.0000
MMD_loss	: 3.1138
cond_ent_wt	: 4.4576
Src_reg_loss	: 0.0397
-------------------------------------
[Epoch : 263/500]
Total_loss	: 50.0985
Coral_loss	: 0.0000
MMD_loss	: 3.1156
cond_ent_wt	: 4.4576
Src_reg_loss	: 0.0397
-------------------------------------
[Epoch : 264/500]
Total_loss	: 50.1106
Coral_loss	: 0.0000
MMD_loss	: 3.1175
cond_ent_wt	: 4.4576
Src_reg_loss	: 0.0397
-------------------------------------
[Epoch : 265/500]
Total_loss	: 50.1226
Coral_loss	: 0.0000
MMD_loss	: 3.1194
cond_ent_wt	: 4.4576
Src_reg_loss	: 0.0397
-------------------------------------
[Epoch : 266/500]
Total_loss	: 50.1346
Coral_loss	: 0.0000
MMD_loss	: 3.1212
cond_ent_wt	: 4.4576
Src_reg_loss	: 0.0397
-------------------------------------
[Epoch : 267/500]
Total_loss	: 50.1466
Coral_loss	: 0.0000
MMD_loss	: 3.1231
cond_ent_wt	: 4.4576
Src_reg_loss	: 0.0396
-------------------------------------
[Epoch : 268/500]
Total_loss	: 50.1584
Coral_loss	: 0.0000
MMD_loss	: 3.1249
cond_ent_wt	: 4.4576
Src_reg_loss	: 0.0396
-------------------------------------
[Epoch : 269/500]
Total_loss	: 50.1703
Coral_loss	: 0.0000
MMD_loss	: 3.1267
cond_ent_wt	: 4.4576
Src_reg_loss	: 0.0396
-------------------------------------
[Epoch : 270/500]
Total_loss	: 50.1821
Coral_loss	: 0.0000
MMD_loss	: 3.1286
cond_ent_wt	: 4.4576
Src_reg_loss	: 0.0396
-------------------------------------
[Epoch : 271/500]
Total_loss	: 50.1939
Coral_loss	: 0.0000
MMD_loss	: 3.1304
cond_ent_wt	: 4.4576
Src_reg_loss	: 0.0396
-------------------------------------
[Epoch : 272/500]
Total_loss	: 50.2056
Coral_loss	: 0.0000
MMD_loss	: 3.1322
cond_ent_wt	: 4.4576
Src_reg_loss	: 0.0396
-------------------------------------
[Epoch : 273/500]
Total_loss	: 50.2173
Coral_loss	: 0.0000
MMD_loss	: 3.1340
cond_ent_wt	: 4.4576
Src_reg_loss	: 0.0395
-------------------------------------
[Epoch : 274/500]
Total_loss	: 50.2289
Coral_loss	: 0.0000
MMD_loss	: 3.1358
cond_ent_wt	: 4.4576
Src_reg_loss	: 0.0395
-------------------------------------
[Epoch : 275/500]
Total_loss	: 50.2405
Coral_loss	: 0.0000
MMD_loss	: 3.1376
cond_ent_wt	: 4.4576
Src_reg_loss	: 0.0395
-------------------------------------
[Epoch : 276/500]
Total_loss	: 50.2520
Coral_loss	: 0.0000
MMD_loss	: 3.1394
cond_ent_wt	: 4.4576
Src_reg_loss	: 0.0395
-------------------------------------
[Epoch : 277/500]
Total_loss	: 50.2635
Coral_loss	: 0.0000
MMD_loss	: 3.1411
cond_ent_wt	: 4.4576
Src_reg_loss	: 0.0395
-------------------------------------
[Epoch : 278/500]
Total_loss	: 50.2750
Coral_loss	: 0.0000
MMD_loss	: 3.1429
cond_ent_wt	: 4.4576
Src_reg_loss	: 0.0395
-------------------------------------
[Epoch : 279/500]
Total_loss	: 50.2864
Coral_loss	: 0.0000
MMD_loss	: 3.1447
cond_ent_wt	: 4.4576
Src_reg_loss	: 0.0395
-------------------------------------
[Epoch : 280/500]
Total_loss	: 50.2977
Coral_loss	: 0.0000
MMD_loss	: 3.1464
cond_ent_wt	: 4.4576
Src_reg_loss	: 0.0394
-------------------------------------
[Epoch : 281/500]
Total_loss	: 50.3090
Coral_loss	: 0.0000
MMD_loss	: 3.1482
cond_ent_wt	: 4.4576
Src_reg_loss	: 0.0394
-------------------------------------
[Epoch : 282/500]
Total_loss	: 50.3203
Coral_loss	: 0.0000
MMD_loss	: 3.1499
cond_ent_wt	: 4.4576
Src_reg_loss	: 0.0394
-------------------------------------
[Epoch : 283/500]
Total_loss	: 50.3316
Coral_loss	: 0.0000
MMD_loss	: 3.1516
cond_ent_wt	: 4.4576
Src_reg_loss	: 0.0394
-------------------------------------
[Epoch : 284/500]
Total_loss	: 50.3427
Coral_loss	: 0.0000
MMD_loss	: 3.1534
cond_ent_wt	: 4.4576
Src_reg_loss	: 0.0394
-------------------------------------
[Epoch : 285/500]
Total_loss	: 50.3539
Coral_loss	: 0.0000
MMD_loss	: 3.1551
cond_ent_wt	: 4.4576
Src_reg_loss	: 0.0394
-------------------------------------
[Epoch : 286/500]
Total_loss	: 50.3649
Coral_loss	: 0.0000
MMD_loss	: 3.1568
cond_ent_wt	: 4.4576
Src_reg_loss	: 0.0394
-------------------------------------
[Epoch : 287/500]
Total_loss	: 50.3759
Coral_loss	: 0.0000
MMD_loss	: 3.1585
cond_ent_wt	: 4.4576
Src_reg_loss	: 0.0394
-------------------------------------
[Epoch : 288/500]
Total_loss	: 50.3869
Coral_loss	: 0.0000
MMD_loss	: 3.1602
cond_ent_wt	: 4.4576
Src_reg_loss	: 0.0393
-------------------------------------
[Epoch : 289/500]
Total_loss	: 50.3978
Coral_loss	: 0.0000
MMD_loss	: 3.1619
cond_ent_wt	: 4.4576
Src_reg_loss	: 0.0393
-------------------------------------
[Epoch : 290/500]
Total_loss	: 50.4086
Coral_loss	: 0.0000
MMD_loss	: 3.1636
cond_ent_wt	: 4.4576
Src_reg_loss	: 0.0393
-------------------------------------
[Epoch : 291/500]
Total_loss	: 50.4194
Coral_loss	: 0.0000
MMD_loss	: 3.1652
cond_ent_wt	: 4.4576
Src_reg_loss	: 0.0393
-------------------------------------
[Epoch : 292/500]
Total_loss	: 50.4302
Coral_loss	: 0.0000
MMD_loss	: 3.1669
cond_ent_wt	: 4.4576
Src_reg_loss	: 0.0393
-------------------------------------
[Epoch : 293/500]
Total_loss	: 50.4410
Coral_loss	: 0.0000
MMD_loss	: 3.1686
cond_ent_wt	: 4.4576
Src_reg_loss	: 0.0393
-------------------------------------
[Epoch : 294/500]
Total_loss	: 50.4516
Coral_loss	: 0.0000
MMD_loss	: 3.1702
cond_ent_wt	: 4.4576
Src_reg_loss	: 0.0393
-------------------------------------
[Epoch : 295/500]
Total_loss	: 50.4623
Coral_loss	: 0.0000
MMD_loss	: 3.1718
cond_ent_wt	: 4.4576
Src_reg_loss	: 0.0393
-------------------------------------
[Epoch : 296/500]
Total_loss	: 50.4728
Coral_loss	: 0.0000
MMD_loss	: 3.1735
cond_ent_wt	: 4.4576
Src_reg_loss	: 0.0393
-------------------------------------
[Epoch : 297/500]
Total_loss	: 50.4834
Coral_loss	: 0.0000
MMD_loss	: 3.1751
cond_ent_wt	: 4.4576
Src_reg_loss	: 0.0392
-------------------------------------
[Epoch : 298/500]
Total_loss	: 50.4938
Coral_loss	: 0.0000
MMD_loss	: 3.1767
cond_ent_wt	: 4.4576
Src_reg_loss	: 0.0392
-------------------------------------
[Epoch : 299/500]
Total_loss	: 50.5043
Coral_loss	: 0.0000
MMD_loss	: 3.1783
cond_ent_wt	: 4.4576
Src_reg_loss	: 0.0392
-------------------------------------
[Epoch : 300/500]
Total_loss	: 50.5147
Coral_loss	: 0.0000
MMD_loss	: 3.1799
cond_ent_wt	: 4.4576
Src_reg_loss	: 0.0392
-------------------------------------
[Epoch : 301/500]
Total_loss	: 50.5250
Coral_loss	: 0.0000
MMD_loss	: 3.1815
cond_ent_wt	: 4.4576
Src_reg_loss	: 0.0392
-------------------------------------
[Epoch : 302/500]
Total_loss	: 50.5353
Coral_loss	: 0.0000
MMD_loss	: 3.1831
cond_ent_wt	: 4.4576
Src_reg_loss	: 0.0392
-------------------------------------
[Epoch : 303/500]
Total_loss	: 50.5455
Coral_loss	: 0.0000
MMD_loss	: 3.1847
cond_ent_wt	: 4.4576
Src_reg_loss	: 0.0392
-------------------------------------
[Epoch : 304/500]
Total_loss	: 50.5557
Coral_loss	: 0.0000
MMD_loss	: 3.1863
cond_ent_wt	: 4.4576
Src_reg_loss	: 0.0392
-------------------------------------
[Epoch : 305/500]
Total_loss	: 50.5658
Coral_loss	: 0.0000
MMD_loss	: 3.1878
cond_ent_wt	: 4.4576
Src_reg_loss	: 0.0391
-------------------------------------
[Epoch : 306/500]
Total_loss	: 50.5759
Coral_loss	: 0.0000
MMD_loss	: 3.1894
cond_ent_wt	: 4.4575
Src_reg_loss	: 0.0391
-------------------------------------
[Epoch : 307/500]
Total_loss	: 50.5859
Coral_loss	: 0.0000
MMD_loss	: 3.1909
cond_ent_wt	: 4.4575
Src_reg_loss	: 0.0391
-------------------------------------
[Epoch : 308/500]
Total_loss	: 50.5959
Coral_loss	: 0.0000
MMD_loss	: 3.1925
cond_ent_wt	: 4.4575
Src_reg_loss	: 0.0391
-------------------------------------
[Epoch : 309/500]
Total_loss	: 50.6059
Coral_loss	: 0.0000
MMD_loss	: 3.1940
cond_ent_wt	: 4.4575
Src_reg_loss	: 0.0391
-------------------------------------
[Epoch : 310/500]
Total_loss	: 50.6158
Coral_loss	: 0.0000
MMD_loss	: 3.1956
cond_ent_wt	: 4.4575
Src_reg_loss	: 0.0391
-------------------------------------
[Epoch : 311/500]
Total_loss	: 50.6256
Coral_loss	: 0.0000
MMD_loss	: 3.1971
cond_ent_wt	: 4.4575
Src_reg_loss	: 0.0391
-------------------------------------
[Epoch : 312/500]
Total_loss	: 50.6354
Coral_loss	: 0.0000
MMD_loss	: 3.1986
cond_ent_wt	: 4.4575
Src_reg_loss	: 0.0391
-------------------------------------
[Epoch : 313/500]
Total_loss	: 50.6452
Coral_loss	: 0.0000
MMD_loss	: 3.2001
cond_ent_wt	: 4.4575
Src_reg_loss	: 0.0391
-------------------------------------
[Epoch : 314/500]
Total_loss	: 50.6549
Coral_loss	: 0.0000
MMD_loss	: 3.2016
cond_ent_wt	: 4.4575
Src_reg_loss	: 0.0390
-------------------------------------
[Epoch : 315/500]
Total_loss	: 50.6645
Coral_loss	: 0.0000
MMD_loss	: 3.2031
cond_ent_wt	: 4.4575
Src_reg_loss	: 0.0390
-------------------------------------
[Epoch : 316/500]
Total_loss	: 50.6741
Coral_loss	: 0.0000
MMD_loss	: 3.2046
cond_ent_wt	: 4.4575
Src_reg_loss	: 0.0390
-------------------------------------
[Epoch : 317/500]
Total_loss	: 50.6837
Coral_loss	: 0.0000
MMD_loss	: 3.2061
cond_ent_wt	: 4.4575
Src_reg_loss	: 0.0390
-------------------------------------
[Epoch : 318/500]
Total_loss	: 50.6932
Coral_loss	: 0.0000
MMD_loss	: 3.2075
cond_ent_wt	: 4.4575
Src_reg_loss	: 0.0390
-------------------------------------
[Epoch : 319/500]
Total_loss	: 50.7027
Coral_loss	: 0.0000
MMD_loss	: 3.2090
cond_ent_wt	: 4.4575
Src_reg_loss	: 0.0390
-------------------------------------
[Epoch : 320/500]
Total_loss	: 50.7121
Coral_loss	: 0.0000
MMD_loss	: 3.2104
cond_ent_wt	: 4.4575
Src_reg_loss	: 0.0390
-------------------------------------
[Epoch : 321/500]
Total_loss	: 50.7214
Coral_loss	: 0.0000
MMD_loss	: 3.2119
cond_ent_wt	: 4.4575
Src_reg_loss	: 0.0390
-------------------------------------
[Epoch : 322/500]
Total_loss	: 50.7308
Coral_loss	: 0.0000
MMD_loss	: 3.2133
cond_ent_wt	: 4.4575
Src_reg_loss	: 0.0390
-------------------------------------
[Epoch : 323/500]
Total_loss	: 50.7400
Coral_loss	: 0.0000
MMD_loss	: 3.2148
cond_ent_wt	: 4.4575
Src_reg_loss	: 0.0389
-------------------------------------
[Epoch : 324/500]
Total_loss	: 50.7492
Coral_loss	: 0.0000
MMD_loss	: 3.2162
cond_ent_wt	: 4.4575
Src_reg_loss	: 0.0389
-------------------------------------
[Epoch : 325/500]
Total_loss	: 50.7584
Coral_loss	: 0.0000
MMD_loss	: 3.2176
cond_ent_wt	: 4.4575
Src_reg_loss	: 0.0389
-------------------------------------
[Epoch : 326/500]
Total_loss	: 50.7675
Coral_loss	: 0.0000
MMD_loss	: 3.2190
cond_ent_wt	: 4.4575
Src_reg_loss	: 0.0389
-------------------------------------
[Epoch : 327/500]
Total_loss	: 50.7766
Coral_loss	: 0.0000
MMD_loss	: 3.2204
cond_ent_wt	: 4.4575
Src_reg_loss	: 0.0389
-------------------------------------
[Epoch : 328/500]
Total_loss	: 50.7856
Coral_loss	: 0.0000
MMD_loss	: 3.2218
cond_ent_wt	: 4.4575
Src_reg_loss	: 0.0389
-------------------------------------
[Epoch : 329/500]
Total_loss	: 50.7946
Coral_loss	: 0.0000
MMD_loss	: 3.2232
cond_ent_wt	: 4.4575
Src_reg_loss	: 0.0389
-------------------------------------
[Epoch : 330/500]
Total_loss	: 50.8035
Coral_loss	: 0.0000
MMD_loss	: 3.2246
cond_ent_wt	: 4.4575
Src_reg_loss	: 0.0389
-------------------------------------
[Epoch : 331/500]
Total_loss	: 50.8124
Coral_loss	: 0.0000
MMD_loss	: 3.2259
cond_ent_wt	: 4.4575
Src_reg_loss	: 0.0389
-------------------------------------
[Epoch : 332/500]
Total_loss	: 50.8213
Coral_loss	: 0.0000
MMD_loss	: 3.2273
cond_ent_wt	: 4.4575
Src_reg_loss	: 0.0389
-------------------------------------
[Epoch : 333/500]
Total_loss	: 50.8301
Coral_loss	: 0.0000
MMD_loss	: 3.2287
cond_ent_wt	: 4.4575
Src_reg_loss	: 0.0388
-------------------------------------
[Epoch : 334/500]
Total_loss	: 50.8389
Coral_loss	: 0.0000
MMD_loss	: 3.2300
cond_ent_wt	: 4.4575
Src_reg_loss	: 0.0388
-------------------------------------
[Epoch : 335/500]
Total_loss	: 50.8476
Coral_loss	: 0.0000
MMD_loss	: 3.2314
cond_ent_wt	: 4.4575
Src_reg_loss	: 0.0388
-------------------------------------
[Epoch : 336/500]
Total_loss	: 50.8563
Coral_loss	: 0.0000
MMD_loss	: 3.2327
cond_ent_wt	: 4.4575
Src_reg_loss	: 0.0388
-------------------------------------
[Epoch : 337/500]
Total_loss	: 50.8649
Coral_loss	: 0.0000
MMD_loss	: 3.2341
cond_ent_wt	: 4.4575
Src_reg_loss	: 0.0388
-------------------------------------
[Epoch : 338/500]
Total_loss	: 50.8735
Coral_loss	: 0.0000
MMD_loss	: 3.2354
cond_ent_wt	: 4.4575
Src_reg_loss	: 0.0388
-------------------------------------
[Epoch : 339/500]
Total_loss	: 50.8820
Coral_loss	: 0.0000
MMD_loss	: 3.2367
cond_ent_wt	: 4.4575
Src_reg_loss	: 0.0388
-------------------------------------
[Epoch : 340/500]
Total_loss	: 50.8905
Coral_loss	: 0.0000
MMD_loss	: 3.2380
cond_ent_wt	: 4.4575
Src_reg_loss	: 0.0388
-------------------------------------
[Epoch : 341/500]
Total_loss	: 50.8990
Coral_loss	: 0.0000
MMD_loss	: 3.2393
cond_ent_wt	: 4.4575
Src_reg_loss	: 0.0388
-------------------------------------
[Epoch : 342/500]
Total_loss	: 50.9074
Coral_loss	: 0.0000
MMD_loss	: 3.2406
cond_ent_wt	: 4.4575
Src_reg_loss	: 0.0388
-------------------------------------
[Epoch : 343/500]
Total_loss	: 50.9157
Coral_loss	: 0.0000
MMD_loss	: 3.2419
cond_ent_wt	: 4.4575
Src_reg_loss	: 0.0387
-------------------------------------
[Epoch : 344/500]
Total_loss	: 50.9241
Coral_loss	: 0.0000
MMD_loss	: 3.2432
cond_ent_wt	: 4.4575
Src_reg_loss	: 0.0387
-------------------------------------
[Epoch : 345/500]
Total_loss	: 50.9323
Coral_loss	: 0.0000
MMD_loss	: 3.2445
cond_ent_wt	: 4.4575
Src_reg_loss	: 0.0387
-------------------------------------
[Epoch : 346/500]
Total_loss	: 50.9406
Coral_loss	: 0.0000
MMD_loss	: 3.2457
cond_ent_wt	: 4.4575
Src_reg_loss	: 0.0387
-------------------------------------
[Epoch : 347/500]
Total_loss	: 50.9488
Coral_loss	: 0.0000
MMD_loss	: 3.2470
cond_ent_wt	: 4.4575
Src_reg_loss	: 0.0387
-------------------------------------
[Epoch : 348/500]
Total_loss	: 50.9569
Coral_loss	: 0.0000
MMD_loss	: 3.2483
cond_ent_wt	: 4.4575
Src_reg_loss	: 0.0387
-------------------------------------
[Epoch : 349/500]
Total_loss	: 50.9650
Coral_loss	: 0.0000
MMD_loss	: 3.2495
cond_ent_wt	: 4.4575
Src_reg_loss	: 0.0387
-------------------------------------
[Epoch : 350/500]
Total_loss	: 50.9731
Coral_loss	: 0.0000
MMD_loss	: 3.2508
cond_ent_wt	: 4.4575
Src_reg_loss	: 0.0387
-------------------------------------
[Epoch : 351/500]
Total_loss	: 50.9811
Coral_loss	: 0.0000
MMD_loss	: 3.2520
cond_ent_wt	: 4.4575
Src_reg_loss	: 0.0387
-------------------------------------
[Epoch : 352/500]
Total_loss	: 50.9891
Coral_loss	: 0.0000
MMD_loss	: 3.2532
cond_ent_wt	: 4.4575
Src_reg_loss	: 0.0387
-------------------------------------
[Epoch : 353/500]
Total_loss	: 50.9970
Coral_loss	: 0.0000
MMD_loss	: 3.2545
cond_ent_wt	: 4.4575
Src_reg_loss	: 0.0387
-------------------------------------
[Epoch : 354/500]
Total_loss	: 51.0049
Coral_loss	: 0.0000
MMD_loss	: 3.2557
cond_ent_wt	: 4.4575
Src_reg_loss	: 0.0387
-------------------------------------
[Epoch : 355/500]
Total_loss	: 51.0127
Coral_loss	: 0.0000
MMD_loss	: 3.2569
cond_ent_wt	: 4.4575
Src_reg_loss	: 0.0386
-------------------------------------
[Epoch : 356/500]
Total_loss	: 51.0205
Coral_loss	: 0.0000
MMD_loss	: 3.2581
cond_ent_wt	: 4.4575
Src_reg_loss	: 0.0386
-------------------------------------
[Epoch : 357/500]
Total_loss	: 51.0282
Coral_loss	: 0.0000
MMD_loss	: 3.2593
cond_ent_wt	: 4.4575
Src_reg_loss	: 0.0386
-------------------------------------
[Epoch : 358/500]
Total_loss	: 51.0359
Coral_loss	: 0.0000
MMD_loss	: 3.2605
cond_ent_wt	: 4.4575
Src_reg_loss	: 0.0386
-------------------------------------
[Epoch : 359/500]
Total_loss	: 51.0436
Coral_loss	: 0.0000
MMD_loss	: 3.2616
cond_ent_wt	: 4.4575
Src_reg_loss	: 0.0386
-------------------------------------
[Epoch : 360/500]
Total_loss	: 51.0512
Coral_loss	: 0.0000
MMD_loss	: 3.2628
cond_ent_wt	: 4.4575
Src_reg_loss	: 0.0386
-------------------------------------
[Epoch : 361/500]
Total_loss	: 51.0588
Coral_loss	: 0.0000
MMD_loss	: 3.2640
cond_ent_wt	: 4.4575
Src_reg_loss	: 0.0386
-------------------------------------
[Epoch : 362/500]
Total_loss	: 51.0663
Coral_loss	: 0.0000
MMD_loss	: 3.2652
cond_ent_wt	: 4.4575
Src_reg_loss	: 0.0386
-------------------------------------
[Epoch : 363/500]
Total_loss	: 51.0738
Coral_loss	: 0.0000
MMD_loss	: 3.2663
cond_ent_wt	: 4.4575
Src_reg_loss	: 0.0386
-------------------------------------
[Epoch : 364/500]
Total_loss	: 51.0813
Coral_loss	: 0.0000
MMD_loss	: 3.2675
cond_ent_wt	: 4.4575
Src_reg_loss	: 0.0386
-------------------------------------
[Epoch : 365/500]
Total_loss	: 51.0887
Coral_loss	: 0.0000
MMD_loss	: 3.2686
cond_ent_wt	: 4.4575
Src_reg_loss	: 0.0386
-------------------------------------
[Epoch : 366/500]
Total_loss	: 51.0960
Coral_loss	: 0.0000
MMD_loss	: 3.2698
cond_ent_wt	: 4.4575
Src_reg_loss	: 0.0385
-------------------------------------
[Epoch : 367/500]
Total_loss	: 51.1034
Coral_loss	: 0.0000
MMD_loss	: 3.2709
cond_ent_wt	: 4.4575
Src_reg_loss	: 0.0385
-------------------------------------
[Epoch : 368/500]
Total_loss	: 51.1106
Coral_loss	: 0.0000
MMD_loss	: 3.2720
cond_ent_wt	: 4.4575
Src_reg_loss	: 0.0385
-------------------------------------
[Epoch : 369/500]
Total_loss	: 51.1179
Coral_loss	: 0.0000
MMD_loss	: 3.2731
cond_ent_wt	: 4.4575
Src_reg_loss	: 0.0385
-------------------------------------
[Epoch : 370/500]
Total_loss	: 51.1251
Coral_loss	: 0.0000
MMD_loss	: 3.2742
cond_ent_wt	: 4.4575
Src_reg_loss	: 0.0385
-------------------------------------
[Epoch : 371/500]
Total_loss	: 51.1322
Coral_loss	: 0.0000
MMD_loss	: 3.2753
cond_ent_wt	: 4.4575
Src_reg_loss	: 0.0385
-------------------------------------
[Epoch : 372/500]
Total_loss	: 51.1393
Coral_loss	: 0.0000
MMD_loss	: 3.2764
cond_ent_wt	: 4.4575
Src_reg_loss	: 0.0385
-------------------------------------
[Epoch : 373/500]
Total_loss	: 51.1464
Coral_loss	: 0.0000
MMD_loss	: 3.2775
cond_ent_wt	: 4.4575
Src_reg_loss	: 0.0385
-------------------------------------
[Epoch : 374/500]
Total_loss	: 51.1535
Coral_loss	: 0.0000
MMD_loss	: 3.2786
cond_ent_wt	: 4.4575
Src_reg_loss	: 0.0385
-------------------------------------
[Epoch : 375/500]
Total_loss	: 51.1605
Coral_loss	: 0.0000
MMD_loss	: 3.2797
cond_ent_wt	: 4.4575
Src_reg_loss	: 0.0385
-------------------------------------
[Epoch : 376/500]
Total_loss	: 51.1675
Coral_loss	: 0.0000
MMD_loss	: 3.2808
cond_ent_wt	: 4.4575
Src_reg_loss	: 0.0385
-------------------------------------
[Epoch : 377/500]
Total_loss	: 51.1744
Coral_loss	: 0.0000
MMD_loss	: 3.2819
cond_ent_wt	: 4.4575
Src_reg_loss	: 0.0385
-------------------------------------
[Epoch : 378/500]
Total_loss	: 51.1813
Coral_loss	: 0.0000
MMD_loss	: 3.2829
cond_ent_wt	: 4.4575
Src_reg_loss	: 0.0384
-------------------------------------
[Epoch : 379/500]
Total_loss	: 51.1882
Coral_loss	: 0.0000
MMD_loss	: 3.2840
cond_ent_wt	: 4.4575
Src_reg_loss	: 0.0384
-------------------------------------
[Epoch : 380/500]
Total_loss	: 51.1950
Coral_loss	: 0.0000
MMD_loss	: 3.2850
cond_ent_wt	: 4.4575
Src_reg_loss	: 0.0384
-------------------------------------
[Epoch : 381/500]
Total_loss	: 51.2017
Coral_loss	: 0.0000
MMD_loss	: 3.2861
cond_ent_wt	: 4.4575
Src_reg_loss	: 0.0384
-------------------------------------
[Epoch : 382/500]
Total_loss	: 51.2085
Coral_loss	: 0.0000
MMD_loss	: 3.2871
cond_ent_wt	: 4.4575
Src_reg_loss	: 0.0384
-------------------------------------
[Epoch : 383/500]
Total_loss	: 51.2152
Coral_loss	: 0.0000
MMD_loss	: 3.2882
cond_ent_wt	: 4.4575
Src_reg_loss	: 0.0384
-------------------------------------
[Epoch : 384/500]
Total_loss	: 51.2218
Coral_loss	: 0.0000
MMD_loss	: 3.2892
cond_ent_wt	: 4.4575
Src_reg_loss	: 0.0384
-------------------------------------
[Epoch : 385/500]
Total_loss	: 51.2285
Coral_loss	: 0.0000
MMD_loss	: 3.2902
cond_ent_wt	: 4.4575
Src_reg_loss	: 0.0384
-------------------------------------
[Epoch : 386/500]
Total_loss	: 51.2351
Coral_loss	: 0.0000
MMD_loss	: 3.2912
cond_ent_wt	: 4.4575
Src_reg_loss	: 0.0384
-------------------------------------
[Epoch : 387/500]
Total_loss	: 51.2416
Coral_loss	: 0.0000
MMD_loss	: 3.2923
cond_ent_wt	: 4.4575
Src_reg_loss	: 0.0384
-------------------------------------
[Epoch : 388/500]
Total_loss	: 51.2481
Coral_loss	: 0.0000
MMD_loss	: 3.2933
cond_ent_wt	: 4.4575
Src_reg_loss	: 0.0384
-------------------------------------
[Epoch : 389/500]
Total_loss	: 51.2546
Coral_loss	: 0.0000
MMD_loss	: 3.2943
cond_ent_wt	: 4.4575
Src_reg_loss	: 0.0384
-------------------------------------
[Epoch : 390/500]
Total_loss	: 51.2610
Coral_loss	: 0.0000
MMD_loss	: 3.2952
cond_ent_wt	: 4.4575
Src_reg_loss	: 0.0384
-------------------------------------
[Epoch : 391/500]
Total_loss	: 51.2675
Coral_loss	: 0.0000
MMD_loss	: 3.2962
cond_ent_wt	: 4.4575
Src_reg_loss	: 0.0383
-------------------------------------
[Epoch : 392/500]
Total_loss	: 51.2738
Coral_loss	: 0.0000
MMD_loss	: 3.2972
cond_ent_wt	: 4.4575
Src_reg_loss	: 0.0383
-------------------------------------
[Epoch : 393/500]
Total_loss	: 51.2802
Coral_loss	: 0.0000
MMD_loss	: 3.2982
cond_ent_wt	: 4.4574
Src_reg_loss	: 0.0383
-------------------------------------
[Epoch : 394/500]
Total_loss	: 51.2865
Coral_loss	: 0.0000
MMD_loss	: 3.2992
cond_ent_wt	: 4.4574
Src_reg_loss	: 0.0383
-------------------------------------
[Epoch : 395/500]
Total_loss	: 51.2927
Coral_loss	: 0.0000
MMD_loss	: 3.3001
cond_ent_wt	: 4.4574
Src_reg_loss	: 0.0383
-------------------------------------
[Epoch : 396/500]
Total_loss	: 51.2989
Coral_loss	: 0.0000
MMD_loss	: 3.3011
cond_ent_wt	: 4.4574
Src_reg_loss	: 0.0383
-------------------------------------
[Epoch : 397/500]
Total_loss	: 51.3051
Coral_loss	: 0.0000
MMD_loss	: 3.3021
cond_ent_wt	: 4.4574
Src_reg_loss	: 0.0383
-------------------------------------
[Epoch : 398/500]
Total_loss	: 51.3112
Coral_loss	: 0.0000
MMD_loss	: 3.3030
cond_ent_wt	: 4.4574
Src_reg_loss	: 0.0383
-------------------------------------
[Epoch : 399/500]
Total_loss	: 51.3173
Coral_loss	: 0.0000
MMD_loss	: 3.3039
cond_ent_wt	: 4.4574
Src_reg_loss	: 0.0383
-------------------------------------
[Epoch : 400/500]
Total_loss	: 51.3234
Coral_loss	: 0.0000
MMD_loss	: 3.3049
cond_ent_wt	: 4.4574
Src_reg_loss	: 0.0383
-------------------------------------
[Epoch : 401/500]
Total_loss	: 51.3294
Coral_loss	: 0.0000
MMD_loss	: 3.3058
cond_ent_wt	: 4.4574
Src_reg_loss	: 0.0383
-------------------------------------
[Epoch : 402/500]
Total_loss	: 51.3355
Coral_loss	: 0.0000
MMD_loss	: 3.3067
cond_ent_wt	: 4.4574
Src_reg_loss	: 0.0383
-------------------------------------
[Epoch : 403/500]
Total_loss	: 51.3414
Coral_loss	: 0.0000
MMD_loss	: 3.3077
cond_ent_wt	: 4.4574
Src_reg_loss	: 0.0383
-------------------------------------
[Epoch : 404/500]
Total_loss	: 51.3474
Coral_loss	: 0.0000
MMD_loss	: 3.3086
cond_ent_wt	: 4.4574
Src_reg_loss	: 0.0383
-------------------------------------
[Epoch : 405/500]
Total_loss	: 51.3533
Coral_loss	: 0.0000
MMD_loss	: 3.3095
cond_ent_wt	: 4.4574
Src_reg_loss	: 0.0382
-------------------------------------
[Epoch : 406/500]
Total_loss	: 51.3592
Coral_loss	: 0.0000
MMD_loss	: 3.3104
cond_ent_wt	: 4.4574
Src_reg_loss	: 0.0382
-------------------------------------
[Epoch : 407/500]
Total_loss	: 51.3650
Coral_loss	: 0.0000
MMD_loss	: 3.3113
cond_ent_wt	: 4.4574
Src_reg_loss	: 0.0382
-------------------------------------
[Epoch : 408/500]
Total_loss	: 51.3708
Coral_loss	: 0.0000
MMD_loss	: 3.3122
cond_ent_wt	: 4.4574
Src_reg_loss	: 0.0382
-------------------------------------
[Epoch : 409/500]
Total_loss	: 51.3766
Coral_loss	: 0.0000
MMD_loss	: 3.3131
cond_ent_wt	: 4.4574
Src_reg_loss	: 0.0382
-------------------------------------
[Epoch : 410/500]
Total_loss	: 51.3824
Coral_loss	: 0.0000
MMD_loss	: 3.3140
cond_ent_wt	: 4.4574
Src_reg_loss	: 0.0382
-------------------------------------
[Epoch : 411/500]
Total_loss	: 51.3881
Coral_loss	: 0.0000
MMD_loss	: 3.3149
cond_ent_wt	: 4.4574
Src_reg_loss	: 0.0382
-------------------------------------
[Epoch : 412/500]
Total_loss	: 51.3937
Coral_loss	: 0.0000
MMD_loss	: 3.3157
cond_ent_wt	: 4.4574
Src_reg_loss	: 0.0382
-------------------------------------
[Epoch : 413/500]
Total_loss	: 51.3993
Coral_loss	: 0.0000
MMD_loss	: 3.3166
cond_ent_wt	: 4.4574
Src_reg_loss	: 0.0382
-------------------------------------
[Epoch : 414/500]
Total_loss	: 51.4049
Coral_loss	: 0.0000
MMD_loss	: 3.3175
cond_ent_wt	: 4.4574
Src_reg_loss	: 0.0382
-------------------------------------
[Epoch : 415/500]
Total_loss	: 51.4105
Coral_loss	: 0.0000
MMD_loss	: 3.3183
cond_ent_wt	: 4.4574
Src_reg_loss	: 0.0382
-------------------------------------
[Epoch : 416/500]
Total_loss	: 51.4160
Coral_loss	: 0.0000
MMD_loss	: 3.3192
cond_ent_wt	: 4.4574
Src_reg_loss	: 0.0382
-------------------------------------
[Epoch : 417/500]
Total_loss	: 51.4215
Coral_loss	: 0.0000
MMD_loss	: 3.3200
cond_ent_wt	: 4.4574
Src_reg_loss	: 0.0382
-------------------------------------
[Epoch : 418/500]
Total_loss	: 51.4269
Coral_loss	: 0.0000
MMD_loss	: 3.3209
cond_ent_wt	: 4.4574
Src_reg_loss	: 0.0382
-------------------------------------
[Epoch : 419/500]
Total_loss	: 51.4324
Coral_loss	: 0.0000
MMD_loss	: 3.3217
cond_ent_wt	: 4.4574
Src_reg_loss	: 0.0382
-------------------------------------
[Epoch : 420/500]
Total_loss	: 51.4377
Coral_loss	: 0.0000
MMD_loss	: 3.3225
cond_ent_wt	: 4.4574
Src_reg_loss	: 0.0381
-------------------------------------
[Epoch : 421/500]
Total_loss	: 51.4431
Coral_loss	: 0.0000
MMD_loss	: 3.3234
cond_ent_wt	: 4.4574
Src_reg_loss	: 0.0381
-------------------------------------
[Epoch : 422/500]
Total_loss	: 51.4484
Coral_loss	: 0.0000
MMD_loss	: 3.3242
cond_ent_wt	: 4.4574
Src_reg_loss	: 0.0381
-------------------------------------
[Epoch : 423/500]
Total_loss	: 51.4536
Coral_loss	: 0.0000
MMD_loss	: 3.3250
cond_ent_wt	: 4.4574
Src_reg_loss	: 0.0381
-------------------------------------
[Epoch : 424/500]
Total_loss	: 51.4589
Coral_loss	: 0.0000
MMD_loss	: 3.3258
cond_ent_wt	: 4.4574
Src_reg_loss	: 0.0381
-------------------------------------
[Epoch : 425/500]
Total_loss	: 51.4641
Coral_loss	: 0.0000
MMD_loss	: 3.3266
cond_ent_wt	: 4.4574
Src_reg_loss	: 0.0381
-------------------------------------
[Epoch : 426/500]
Total_loss	: 51.4693
Coral_loss	: 0.0000
MMD_loss	: 3.3274
cond_ent_wt	: 4.4574
Src_reg_loss	: 0.0381
-------------------------------------
[Epoch : 427/500]
Total_loss	: 51.4744
Coral_loss	: 0.0000
MMD_loss	: 3.3282
cond_ent_wt	: 4.4574
Src_reg_loss	: 0.0381
-------------------------------------
[Epoch : 428/500]
Total_loss	: 51.4795
Coral_loss	: 0.0000
MMD_loss	: 3.3290
cond_ent_wt	: 4.4574
Src_reg_loss	: 0.0381
-------------------------------------
[Epoch : 429/500]
Total_loss	: 51.4846
Coral_loss	: 0.0000
MMD_loss	: 3.3298
cond_ent_wt	: 4.4574
Src_reg_loss	: 0.0381
-------------------------------------
[Epoch : 430/500]
Total_loss	: 51.4897
Coral_loss	: 0.0000
MMD_loss	: 3.3306
cond_ent_wt	: 4.4574
Src_reg_loss	: 0.0381
-------------------------------------
[Epoch : 431/500]
Total_loss	: 51.4948
Coral_loss	: 0.0000
MMD_loss	: 3.3314
cond_ent_wt	: 4.4574
Src_reg_loss	: 0.0381
-------------------------------------
[Epoch : 432/500]
Total_loss	: 51.4998
Coral_loss	: 0.0000
MMD_loss	: 3.3321
cond_ent_wt	: 4.4574
Src_reg_loss	: 0.0381
-------------------------------------
[Epoch : 433/500]
Total_loss	: 51.5048
Coral_loss	: 0.0000
MMD_loss	: 3.3329
cond_ent_wt	: 4.4574
Src_reg_loss	: 0.0381
-------------------------------------
[Epoch : 434/500]
Total_loss	: 51.5098
Coral_loss	: 0.0000
MMD_loss	: 3.3337
cond_ent_wt	: 4.4574
Src_reg_loss	: 0.0381
-------------------------------------
[Epoch : 435/500]
Total_loss	: 51.5147
Coral_loss	: 0.0000
MMD_loss	: 3.3344
cond_ent_wt	: 4.4574
Src_reg_loss	: 0.0381
-------------------------------------
[Epoch : 436/500]
Total_loss	: 51.5196
Coral_loss	: 0.0000
MMD_loss	: 3.3352
cond_ent_wt	: 4.4574
Src_reg_loss	: 0.0380
-------------------------------------
[Epoch : 437/500]
Total_loss	: 51.5245
Coral_loss	: 0.0000
MMD_loss	: 3.3360
cond_ent_wt	: 4.4574
Src_reg_loss	: 0.0380
-------------------------------------
[Epoch : 438/500]
Total_loss	: 51.5293
Coral_loss	: 0.0000
MMD_loss	: 3.3367
cond_ent_wt	: 4.4574
Src_reg_loss	: 0.0380
-------------------------------------
[Epoch : 439/500]
Total_loss	: 51.5342
Coral_loss	: 0.0000
MMD_loss	: 3.3374
cond_ent_wt	: 4.4574
Src_reg_loss	: 0.0380
-------------------------------------
[Epoch : 440/500]
Total_loss	: 51.5390
Coral_loss	: 0.0000
MMD_loss	: 3.3382
cond_ent_wt	: 4.4574
Src_reg_loss	: 0.0380
-------------------------------------
[Epoch : 441/500]
Total_loss	: 51.5437
Coral_loss	: 0.0000
MMD_loss	: 3.3389
cond_ent_wt	: 4.4574
Src_reg_loss	: 0.0380
-------------------------------------
[Epoch : 442/500]
Total_loss	: 51.5485
Coral_loss	: 0.0000
MMD_loss	: 3.3397
cond_ent_wt	: 4.4574
Src_reg_loss	: 0.0380
-------------------------------------
[Epoch : 443/500]
Total_loss	: 51.5532
Coral_loss	: 0.0000
MMD_loss	: 3.3404
cond_ent_wt	: 4.4574
Src_reg_loss	: 0.0380
-------------------------------------
[Epoch : 444/500]
Total_loss	: 51.5579
Coral_loss	: 0.0000
MMD_loss	: 3.3411
cond_ent_wt	: 4.4574
Src_reg_loss	: 0.0380
-------------------------------------
[Epoch : 445/500]
Total_loss	: 51.5626
Coral_loss	: 0.0000
MMD_loss	: 3.3418
cond_ent_wt	: 4.4574
Src_reg_loss	: 0.0380
-------------------------------------
[Epoch : 446/500]
Total_loss	: 51.5672
Coral_loss	: 0.0000
MMD_loss	: 3.3426
cond_ent_wt	: 4.4574
Src_reg_loss	: 0.0380
-------------------------------------
[Epoch : 447/500]
Total_loss	: 51.5718
Coral_loss	: 0.0000
MMD_loss	: 3.3433
cond_ent_wt	: 4.4574
Src_reg_loss	: 0.0380
-------------------------------------
[Epoch : 448/500]
Total_loss	: 51.5764
Coral_loss	: 0.0000
MMD_loss	: 3.3440
cond_ent_wt	: 4.4574
Src_reg_loss	: 0.0380
-------------------------------------
[Epoch : 449/500]
Total_loss	: 51.5810
Coral_loss	: 0.0000
MMD_loss	: 3.3447
cond_ent_wt	: 4.4574
Src_reg_loss	: 0.0380
-------------------------------------
[Epoch : 450/500]
Total_loss	: 51.5855
Coral_loss	: 0.0000
MMD_loss	: 3.3454
cond_ent_wt	: 4.4574
Src_reg_loss	: 0.0380
-------------------------------------
[Epoch : 451/500]
Total_loss	: 51.5901
Coral_loss	: 0.0000
MMD_loss	: 3.3461
cond_ent_wt	: 4.4574
Src_reg_loss	: 0.0380
-------------------------------------
[Epoch : 452/500]
Total_loss	: 51.5946
Coral_loss	: 0.0000
MMD_loss	: 3.3468
cond_ent_wt	: 4.4574
Src_reg_loss	: 0.0380
-------------------------------------
[Epoch : 453/500]
Total_loss	: 51.5991
Coral_loss	: 0.0000
MMD_loss	: 3.3475
cond_ent_wt	: 4.4574
Src_reg_loss	: 0.0380
-------------------------------------
[Epoch : 454/500]
Total_loss	: 51.6036
Coral_loss	: 0.0000
MMD_loss	: 3.3482
cond_ent_wt	: 4.4574
Src_reg_loss	: 0.0379
-------------------------------------
[Epoch : 455/500]
Total_loss	: 51.6080
Coral_loss	: 0.0000
MMD_loss	: 3.3489
cond_ent_wt	: 4.4574
Src_reg_loss	: 0.0379
-------------------------------------
[Epoch : 456/500]
Total_loss	: 51.6124
Coral_loss	: 0.0000
MMD_loss	: 3.3495
cond_ent_wt	: 4.4574
Src_reg_loss	: 0.0379
-------------------------------------
[Epoch : 457/500]
Total_loss	: 51.6168
Coral_loss	: 0.0000
MMD_loss	: 3.3502
cond_ent_wt	: 4.4574
Src_reg_loss	: 0.0379
-------------------------------------
[Epoch : 458/500]
Total_loss	: 51.6212
Coral_loss	: 0.0000
MMD_loss	: 3.3509
cond_ent_wt	: 4.4574
Src_reg_loss	: 0.0379
-------------------------------------
[Epoch : 459/500]
Total_loss	: 51.6255
Coral_loss	: 0.0000
MMD_loss	: 3.3516
cond_ent_wt	: 4.4574
Src_reg_loss	: 0.0379
-------------------------------------
[Epoch : 460/500]
Total_loss	: 51.6298
Coral_loss	: 0.0000
MMD_loss	: 3.3522
cond_ent_wt	: 4.4574
Src_reg_loss	: 0.0379
-------------------------------------
[Epoch : 461/500]
Total_loss	: 51.6341
Coral_loss	: 0.0000
MMD_loss	: 3.3529
cond_ent_wt	: 4.4574
Src_reg_loss	: 0.0379
-------------------------------------
[Epoch : 462/500]
Total_loss	: 51.6384
Coral_loss	: 0.0000
MMD_loss	: 3.3536
cond_ent_wt	: 4.4574
Src_reg_loss	: 0.0379
-------------------------------------
[Epoch : 463/500]
Total_loss	: 51.6427
Coral_loss	: 0.0000
MMD_loss	: 3.3542
cond_ent_wt	: 4.4574
Src_reg_loss	: 0.0379
-------------------------------------
[Epoch : 464/500]
Total_loss	: 51.6469
Coral_loss	: 0.0000
MMD_loss	: 3.3549
cond_ent_wt	: 4.4574
Src_reg_loss	: 0.0379
-------------------------------------
[Epoch : 465/500]
Total_loss	: 51.6511
Coral_loss	: 0.0000
MMD_loss	: 3.3555
cond_ent_wt	: 4.4574
Src_reg_loss	: 0.0379
-------------------------------------
[Epoch : 466/500]
Total_loss	: 51.6553
Coral_loss	: 0.0000
MMD_loss	: 3.3562
cond_ent_wt	: 4.4574
Src_reg_loss	: 0.0379
-------------------------------------
[Epoch : 467/500]
Total_loss	: 51.6595
Coral_loss	: 0.0000
MMD_loss	: 3.3568
cond_ent_wt	: 4.4574
Src_reg_loss	: 0.0379
-------------------------------------
[Epoch : 468/500]
Total_loss	: 51.6636
Coral_loss	: 0.0000
MMD_loss	: 3.3574
cond_ent_wt	: 4.4574
Src_reg_loss	: 0.0379
-------------------------------------
[Epoch : 469/500]
Total_loss	: 51.6677
Coral_loss	: 0.0000
MMD_loss	: 3.3581
cond_ent_wt	: 4.4574
Src_reg_loss	: 0.0379
-------------------------------------
[Epoch : 470/500]
Total_loss	: 51.6718
Coral_loss	: 0.0000
MMD_loss	: 3.3587
cond_ent_wt	: 4.4574
Src_reg_loss	: 0.0379
-------------------------------------
[Epoch : 471/500]
Total_loss	: 51.6759
Coral_loss	: 0.0000
MMD_loss	: 3.3593
cond_ent_wt	: 4.4574
Src_reg_loss	: 0.0379
-------------------------------------
[Epoch : 472/500]
Total_loss	: 51.6800
Coral_loss	: 0.0000
MMD_loss	: 3.3600
cond_ent_wt	: 4.4574
Src_reg_loss	: 0.0378
-------------------------------------
[Epoch : 473/500]
Total_loss	: 51.6840
Coral_loss	: 0.0000
MMD_loss	: 3.3606
cond_ent_wt	: 4.4574
Src_reg_loss	: 0.0378
-------------------------------------
[Epoch : 474/500]
Total_loss	: 51.6880
Coral_loss	: 0.0000
MMD_loss	: 3.3612
cond_ent_wt	: 4.4574
Src_reg_loss	: 0.0378
-------------------------------------
[Epoch : 475/500]
Total_loss	: 51.6920
Coral_loss	: 0.0000
MMD_loss	: 3.3618
cond_ent_wt	: 4.4574
Src_reg_loss	: 0.0378
-------------------------------------
[Epoch : 476/500]
Total_loss	: 51.6960
Coral_loss	: 0.0000
MMD_loss	: 3.3625
cond_ent_wt	: 4.4574
Src_reg_loss	: 0.0378
-------------------------------------
[Epoch : 477/500]
Total_loss	: 51.6999
Coral_loss	: 0.0000
MMD_loss	: 3.3631
cond_ent_wt	: 4.4574
Src_reg_loss	: 0.0378
-------------------------------------
[Epoch : 478/500]
Total_loss	: 51.7038
Coral_loss	: 0.0000
MMD_loss	: 3.3637
cond_ent_wt	: 4.4574
Src_reg_loss	: 0.0378
-------------------------------------
[Epoch : 479/500]
Total_loss	: 51.7078
Coral_loss	: 0.0000
MMD_loss	: 3.3643
cond_ent_wt	: 4.4574
Src_reg_loss	: 0.0378
-------------------------------------
[Epoch : 480/500]
Total_loss	: 51.7116
Coral_loss	: 0.0000
MMD_loss	: 3.3649
cond_ent_wt	: 4.4574
Src_reg_loss	: 0.0378
-------------------------------------
[Epoch : 481/500]
Total_loss	: 51.7155
Coral_loss	: 0.0000
MMD_loss	: 3.3655
cond_ent_wt	: 4.4574
Src_reg_loss	: 0.0378
-------------------------------------
[Epoch : 482/500]
Total_loss	: 51.7193
Coral_loss	: 0.0000
MMD_loss	: 3.3661
cond_ent_wt	: 4.4574
Src_reg_loss	: 0.0378
-------------------------------------
[Epoch : 483/500]
Total_loss	: 51.7231
Coral_loss	: 0.0000
MMD_loss	: 3.3666
cond_ent_wt	: 4.4574
Src_reg_loss	: 0.0378
-------------------------------------
[Epoch : 484/500]
Total_loss	: 51.7269
Coral_loss	: 0.0000
MMD_loss	: 3.3672
cond_ent_wt	: 4.4574
Src_reg_loss	: 0.0378
-------------------------------------
[Epoch : 485/500]
Total_loss	: 51.7307
Coral_loss	: 0.0000
MMD_loss	: 3.3678
cond_ent_wt	: 4.4574
Src_reg_loss	: 0.0378
-------------------------------------
[Epoch : 486/500]
Total_loss	: 51.7344
Coral_loss	: 0.0000
MMD_loss	: 3.3684
cond_ent_wt	: 4.4574
Src_reg_loss	: 0.0378
-------------------------------------
[Epoch : 487/500]
Total_loss	: 51.7381
Coral_loss	: 0.0000
MMD_loss	: 3.3690
cond_ent_wt	: 4.4574
Src_reg_loss	: 0.0378
-------------------------------------
[Epoch : 488/500]
Total_loss	: 51.7418
Coral_loss	: 0.0000
MMD_loss	: 3.3695
cond_ent_wt	: 4.4574
Src_reg_loss	: 0.0378
-------------------------------------
[Epoch : 489/500]
Total_loss	: 51.7455
Coral_loss	: 0.0000
MMD_loss	: 3.3701
cond_ent_wt	: 4.4574
Src_reg_loss	: 0.0378
-------------------------------------
[Epoch : 490/500]
Total_loss	: 51.7491
Coral_loss	: 0.0000
MMD_loss	: 3.3707
cond_ent_wt	: 4.4574
Src_reg_loss	: 0.0378
-------------------------------------
[Epoch : 491/500]
Total_loss	: 51.7527
Coral_loss	: 0.0000
MMD_loss	: 3.3712
cond_ent_wt	: 4.4574
Src_reg_loss	: 0.0378
-------------------------------------
[Epoch : 492/500]
Total_loss	: 51.7563
Coral_loss	: 0.0000
MMD_loss	: 3.3718
cond_ent_wt	: 4.4574
Src_reg_loss	: 0.0378
-------------------------------------
[Epoch : 493/500]
Total_loss	: 51.7598
Coral_loss	: 0.0000
MMD_loss	: 3.3723
cond_ent_wt	: 4.4574
Src_reg_loss	: 0.0377
-------------------------------------
[Epoch : 494/500]
Total_loss	: 51.7634
Coral_loss	: 0.0000
MMD_loss	: 3.3729
cond_ent_wt	: 4.4574
Src_reg_loss	: 0.0377
-------------------------------------
[Epoch : 495/500]
Total_loss	: 51.7668
Coral_loss	: 0.0000
MMD_loss	: 3.3734
cond_ent_wt	: 4.4574
Src_reg_loss	: 0.0377
-------------------------------------
[Epoch : 496/500]
Total_loss	: 51.7703
Coral_loss	: 0.0000
MMD_loss	: 3.3739
cond_ent_wt	: 4.4574
Src_reg_loss	: 0.0377
-------------------------------------
[Epoch : 497/500]
Total_loss	: 51.7737
Coral_loss	: 0.0000
MMD_loss	: 3.3745
cond_ent_wt	: 4.4574
Src_reg_loss	: 0.0377
-------------------------------------
[Epoch : 498/500]
Total_loss	: 51.7772
Coral_loss	: 0.0000
MMD_loss	: 3.3750
cond_ent_wt	: 4.4574
Src_reg_loss	: 0.0377
-------------------------------------
[Epoch : 499/500]
Total_loss	: 51.7806
Coral_loss	: 0.0000
MMD_loss	: 3.3755
cond_ent_wt	: 4.4574
Src_reg_loss	: 0.0377
-------------------------------------
[Epoch : 500/500]
Total_loss	: 51.7840
Coral_loss	: 0.0000
MMD_loss	: 3.3760
cond_ent_wt	: 4.4574
Src_reg_loss	: 0.0377
-------------------------------------
