=============================================
Dataset: Airbox
Method:  MMDA
=============================================
Source: 0 ---> Target: 5
=============================================
[Epoch : 1/500]
Total_loss	: 0.3569
Coral_loss	: 0.0000
MMD_loss	: 3.6398
cond_ent_wt	: 4.8493
Src_reg_loss	: 0.2720
-------------------------------------
[Epoch : 2/500]
Total_loss	: 0.3363
Coral_loss	: 0.0000
MMD_loss	: 3.6351
cond_ent_wt	: 4.8490
Src_reg_loss	: 0.2515
-------------------------------------
[Epoch : 3/500]
Total_loss	: 0.3158
Coral_loss	: 0.0000
MMD_loss	: 3.6238
cond_ent_wt	: 4.8486
Src_reg_loss	: 0.2310
-------------------------------------
[Epoch : 4/500]
Total_loss	: 0.2942
Coral_loss	: 0.0000
MMD_loss	: 3.6056
cond_ent_wt	: 4.8479
Src_reg_loss	: 0.2097
-------------------------------------
[Epoch : 5/500]
Total_loss	: 0.2718
Coral_loss	: 0.0000
MMD_loss	: 3.5795
cond_ent_wt	: 4.8468
Src_reg_loss	: 0.1875
-------------------------------------
[Epoch : 6/500]
Total_loss	: 0.2497
Coral_loss	: 0.0000
MMD_loss	: 3.5444
cond_ent_wt	: 4.8451
Src_reg_loss	: 0.1658
-------------------------------------
[Epoch : 7/500]
Total_loss	: 0.2312
Coral_loss	: 0.0000
MMD_loss	: 3.5022
cond_ent_wt	: 4.8427
Src_reg_loss	: 0.1478
-------------------------------------
[Epoch : 8/500]
Total_loss	: 0.2176
Coral_loss	: 0.0000
MMD_loss	: 3.4614
cond_ent_wt	: 4.8403
Src_reg_loss	: 0.1346
-------------------------------------
[Epoch : 9/500]
Total_loss	: 0.2068
Coral_loss	: 0.0000
MMD_loss	: 3.4312
cond_ent_wt	: 4.8387
Src_reg_loss	: 0.1241
-------------------------------------
[Epoch : 10/500]
Total_loss	: 0.1980
Coral_loss	: 0.0000
MMD_loss	: 3.4112
cond_ent_wt	: 4.8377
Src_reg_loss	: 0.1155
-------------------------------------
[Epoch : 11/500]
Total_loss	: 0.1908
Coral_loss	: 0.0000
MMD_loss	: 3.3969
cond_ent_wt	: 4.8370
Src_reg_loss	: 0.1084
-------------------------------------
[Epoch : 12/500]
Total_loss	: 0.1847
Coral_loss	: 0.0000
MMD_loss	: 3.3851
cond_ent_wt	: 4.8364
Src_reg_loss	: 0.1025
-------------------------------------
[Epoch : 13/500]
Total_loss	: 0.1796
Coral_loss	: 0.0000
MMD_loss	: 3.3746
cond_ent_wt	: 4.8358
Src_reg_loss	: 0.0975
-------------------------------------
[Epoch : 14/500]
Total_loss	: 0.1751
Coral_loss	: 0.0000
MMD_loss	: 3.3655
cond_ent_wt	: 4.8353
Src_reg_loss	: 0.0931
-------------------------------------
[Epoch : 15/500]
Total_loss	: 0.1713
Coral_loss	: 0.0000
MMD_loss	: 3.3582
cond_ent_wt	: 4.8349
Src_reg_loss	: 0.0893
-------------------------------------
[Epoch : 16/500]
Total_loss	: 0.1679
Coral_loss	: 0.0000
MMD_loss	: 3.3526
cond_ent_wt	: 4.8346
Src_reg_loss	: 0.0860
-------------------------------------
[Epoch : 17/500]
Total_loss	: 0.1649
Coral_loss	: 0.0000
MMD_loss	: 3.3485
cond_ent_wt	: 4.8343
Src_reg_loss	: 0.0831
-------------------------------------
[Epoch : 18/500]
Total_loss	: 0.1622
Coral_loss	: 0.0000
MMD_loss	: 3.3455
cond_ent_wt	: 4.8340
Src_reg_loss	: 0.0804
-------------------------------------
[Epoch : 19/500]
Total_loss	: 0.1598
Coral_loss	: 0.0000
MMD_loss	: 3.3435
cond_ent_wt	: 4.8338
Src_reg_loss	: 0.0781
-------------------------------------
[Epoch : 20/500]
Total_loss	: 0.1577
Coral_loss	: 0.0000
MMD_loss	: 3.3426
cond_ent_wt	: 4.8336
Src_reg_loss	: 0.0759
-------------------------------------
[Epoch : 21/500]
Total_loss	: 0.1557
Coral_loss	: 0.0000
MMD_loss	: 3.3429
cond_ent_wt	: 4.8334
Src_reg_loss	: 0.0740
-------------------------------------
[Epoch : 22/500]
Total_loss	: 0.1540
Coral_loss	: 0.0000
MMD_loss	: 3.3443
cond_ent_wt	: 4.8333
Src_reg_loss	: 0.0722
-------------------------------------
[Epoch : 23/500]
Total_loss	: 0.1523
Coral_loss	: 0.0000
MMD_loss	: 3.3469
cond_ent_wt	: 4.8332
Src_reg_loss	: 0.0705
-------------------------------------
[Epoch : 24/500]
Total_loss	: 0.1509
Coral_loss	: 0.0000
MMD_loss	: 3.3506
cond_ent_wt	: 4.8331
Src_reg_loss	: 0.0690
-------------------------------------
[Epoch : 25/500]
Total_loss	: 0.1495
Coral_loss	: 0.0000
MMD_loss	: 3.3553
cond_ent_wt	: 4.8330
Src_reg_loss	: 0.0676
-------------------------------------
[Epoch : 26/500]
Total_loss	: 0.1482
Coral_loss	: 0.0000
MMD_loss	: 3.3610
cond_ent_wt	: 4.8329
Src_reg_loss	: 0.0663
-------------------------------------
[Epoch : 27/500]
Total_loss	: 0.1471
Coral_loss	: 0.0000
MMD_loss	: 3.3672
cond_ent_wt	: 4.8329
Src_reg_loss	: 0.0651
-------------------------------------
[Epoch : 28/500]
Total_loss	: 0.1460
Coral_loss	: 0.0000
MMD_loss	: 3.3739
cond_ent_wt	: 4.8328
Src_reg_loss	: 0.0639
-------------------------------------
[Epoch : 29/500]
Total_loss	: 0.1450
Coral_loss	: 0.0000
MMD_loss	: 3.3808
cond_ent_wt	: 4.8328
Src_reg_loss	: 0.0629
-------------------------------------
[Epoch : 30/500]
Total_loss	: 0.1441
Coral_loss	: 0.0000
MMD_loss	: 3.3876
cond_ent_wt	: 4.8327
Src_reg_loss	: 0.0619
-------------------------------------
[Epoch : 31/500]
Total_loss	: 0.1432
Coral_loss	: 0.0000
MMD_loss	: 3.3942
cond_ent_wt	: 4.8327
Src_reg_loss	: 0.0609
-------------------------------------
[Epoch : 32/500]
Total_loss	: 0.1423
Coral_loss	: 0.0000
MMD_loss	: 3.4003
cond_ent_wt	: 4.8327
Src_reg_loss	: 0.0600
-------------------------------------
[Epoch : 33/500]
Total_loss	: 0.1415
Coral_loss	: 0.0000
MMD_loss	: 3.4060
cond_ent_wt	: 4.8327
Src_reg_loss	: 0.0591
-------------------------------------
[Epoch : 34/500]
Total_loss	: 0.1408
Coral_loss	: 0.0000
MMD_loss	: 3.4110
cond_ent_wt	: 4.8327
Src_reg_loss	: 0.0583
-------------------------------------
[Epoch : 35/500]
Total_loss	: 0.1400
Coral_loss	: 0.0000
MMD_loss	: 3.4155
cond_ent_wt	: 4.8328
Src_reg_loss	: 0.0575
-------------------------------------
[Epoch : 36/500]
Total_loss	: 0.1393
Coral_loss	: 0.0000
MMD_loss	: 3.4193
cond_ent_wt	: 4.8328
Src_reg_loss	: 0.0568
-------------------------------------
[Epoch : 37/500]
Total_loss	: 0.1386
Coral_loss	: 0.0000
MMD_loss	: 3.4225
cond_ent_wt	: 4.8328
Src_reg_loss	: 0.0561
-------------------------------------
[Epoch : 38/500]
Total_loss	: 0.1380
Coral_loss	: 0.0000
MMD_loss	: 3.4251
cond_ent_wt	: 4.8328
Src_reg_loss	: 0.0554
-------------------------------------
[Epoch : 39/500]
Total_loss	: 0.1374
Coral_loss	: 0.0000
MMD_loss	: 3.4271
cond_ent_wt	: 4.8329
Src_reg_loss	: 0.0548
-------------------------------------
[Epoch : 40/500]
Total_loss	: 0.1368
Coral_loss	: 0.0000
MMD_loss	: 3.4285
cond_ent_wt	: 4.8329
Src_reg_loss	: 0.0541
-------------------------------------
[Epoch : 41/500]
Total_loss	: 0.1362
Coral_loss	: 0.0000
MMD_loss	: 3.4294
cond_ent_wt	: 4.8330
Src_reg_loss	: 0.0535
-------------------------------------
[Epoch : 42/500]
Total_loss	: 0.1356
Coral_loss	: 0.0000
MMD_loss	: 3.4299
cond_ent_wt	: 4.8330
Src_reg_loss	: 0.0530
-------------------------------------
[Epoch : 43/500]
Total_loss	: 0.1351
Coral_loss	: 0.0000
MMD_loss	: 3.4299
cond_ent_wt	: 4.8331
Src_reg_loss	: 0.0524
-------------------------------------
[Epoch : 44/500]
Total_loss	: 0.1345
Coral_loss	: 0.0000
MMD_loss	: 3.4294
cond_ent_wt	: 4.8331
Src_reg_loss	: 0.0519
-------------------------------------
[Epoch : 45/500]
Total_loss	: 0.1340
Coral_loss	: 0.0000
MMD_loss	: 3.4286
cond_ent_wt	: 4.8332
Src_reg_loss	: 0.0514
-------------------------------------
[Epoch : 46/500]
Total_loss	: 0.1335
Coral_loss	: 0.0000
MMD_loss	: 3.4274
cond_ent_wt	: 4.8332
Src_reg_loss	: 0.0509
-------------------------------------
[Epoch : 47/500]
Total_loss	: 0.1330
Coral_loss	: 0.0000
MMD_loss	: 3.4258
cond_ent_wt	: 4.8333
Src_reg_loss	: 0.0504
-------------------------------------
[Epoch : 48/500]
Total_loss	: 0.1325
Coral_loss	: 0.0000
MMD_loss	: 3.4239
cond_ent_wt	: 4.8334
Src_reg_loss	: 0.0500
-------------------------------------
[Epoch : 49/500]
Total_loss	: 0.1321
Coral_loss	: 0.0000
MMD_loss	: 3.4216
cond_ent_wt	: 4.8334
Src_reg_loss	: 0.0495
-------------------------------------
[Epoch : 50/500]
Total_loss	: 0.1316
Coral_loss	: 0.0000
MMD_loss	: 3.4190
cond_ent_wt	: 4.8335
Src_reg_loss	: 0.0491
-------------------------------------
[Epoch : 51/500]
Total_loss	: 0.1312
Coral_loss	: 0.0000
MMD_loss	: 3.4160
cond_ent_wt	: 4.8335
Src_reg_loss	: 0.0487
-------------------------------------
[Epoch : 52/500]
Total_loss	: 0.1308
Coral_loss	: 0.0000
MMD_loss	: 3.4127
cond_ent_wt	: 4.8336
Src_reg_loss	: 0.0483
-------------------------------------
[Epoch : 53/500]
Total_loss	: 0.1303
Coral_loss	: 0.0000
MMD_loss	: 3.4091
cond_ent_wt	: 4.8336
Src_reg_loss	: 0.0479
-------------------------------------
[Epoch : 54/500]
Total_loss	: 0.1299
Coral_loss	: 0.0000
MMD_loss	: 3.4052
cond_ent_wt	: 4.8337
Src_reg_loss	: 0.0476
-------------------------------------
[Epoch : 55/500]
Total_loss	: 0.1295
Coral_loss	: 0.0000
MMD_loss	: 3.4009
cond_ent_wt	: 4.8337
Src_reg_loss	: 0.0472
-------------------------------------
[Epoch : 56/500]
Total_loss	: 0.1291
Coral_loss	: 0.0000
MMD_loss	: 3.3963
cond_ent_wt	: 4.8338
Src_reg_loss	: 0.0468
-------------------------------------
[Epoch : 57/500]
Total_loss	: 0.1288
Coral_loss	: 0.0000
MMD_loss	: 3.3914
cond_ent_wt	: 4.8338
Src_reg_loss	: 0.0465
-------------------------------------
[Epoch : 58/500]
Total_loss	: 0.1284
Coral_loss	: 0.0000
MMD_loss	: 3.3861
cond_ent_wt	: 4.8338
Src_reg_loss	: 0.0462
-------------------------------------
[Epoch : 59/500]
Total_loss	: 0.1280
Coral_loss	: 0.0000
MMD_loss	: 3.3805
cond_ent_wt	: 4.8339
Src_reg_loss	: 0.0459
-------------------------------------
[Epoch : 60/500]
Total_loss	: 0.1276
Coral_loss	: 0.0000
MMD_loss	: 3.3746
cond_ent_wt	: 4.8339
Src_reg_loss	: 0.0456
-------------------------------------
[Epoch : 61/500]
Total_loss	: 0.1273
Coral_loss	: 0.0000
MMD_loss	: 3.3684
cond_ent_wt	: 4.8339
Src_reg_loss	: 0.0453
-------------------------------------
[Epoch : 62/500]
Total_loss	: 0.1269
Coral_loss	: 0.0000
MMD_loss	: 3.3619
cond_ent_wt	: 4.8340
Src_reg_loss	: 0.0450
-------------------------------------
[Epoch : 63/500]
Total_loss	: 0.1266
Coral_loss	: 0.0000
MMD_loss	: 3.3551
cond_ent_wt	: 4.8340
Src_reg_loss	: 0.0447
-------------------------------------
[Epoch : 64/500]
Total_loss	: 0.1262
Coral_loss	: 0.0000
MMD_loss	: 3.3479
cond_ent_wt	: 4.8340
Src_reg_loss	: 0.0444
-------------------------------------
[Epoch : 65/500]
Total_loss	: 0.1259
Coral_loss	: 0.0000
MMD_loss	: 3.3405
cond_ent_wt	: 4.8340
Src_reg_loss	: 0.0441
-------------------------------------
[Epoch : 66/500]
Total_loss	: 0.1255
Coral_loss	: 0.0000
MMD_loss	: 3.3328
cond_ent_wt	: 4.8340
Src_reg_loss	: 0.0439
-------------------------------------
[Epoch : 67/500]
Total_loss	: 0.1252
Coral_loss	: 0.0000
MMD_loss	: 3.3248
cond_ent_wt	: 4.8341
Src_reg_loss	: 0.0436
-------------------------------------
[Epoch : 68/500]
Total_loss	: 0.1249
Coral_loss	: 0.0000
MMD_loss	: 3.3165
cond_ent_wt	: 4.8341
Src_reg_loss	: 0.0433
-------------------------------------
[Epoch : 69/500]
Total_loss	: 0.1245
Coral_loss	: 0.0000
MMD_loss	: 3.3079
cond_ent_wt	: 4.8341
Src_reg_loss	: 0.0431
-------------------------------------
[Epoch : 70/500]
Total_loss	: 0.1242
Coral_loss	: 0.0000
MMD_loss	: 3.2991
cond_ent_wt	: 4.8341
Src_reg_loss	: 0.0429
-------------------------------------
[Epoch : 71/500]
Total_loss	: 0.1239
Coral_loss	: 0.0000
MMD_loss	: 3.2900
cond_ent_wt	: 4.8341
Src_reg_loss	: 0.0426
-------------------------------------
[Epoch : 72/500]
Total_loss	: 0.1235
Coral_loss	: 0.0000
MMD_loss	: 3.2806
cond_ent_wt	: 4.8341
Src_reg_loss	: 0.0424
-------------------------------------
[Epoch : 73/500]
Total_loss	: 0.1232
Coral_loss	: 0.0000
MMD_loss	: 3.2710
cond_ent_wt	: 4.8341
Src_reg_loss	: 0.0422
-------------------------------------
[Epoch : 74/500]
Total_loss	: 0.1229
Coral_loss	: 0.0000
MMD_loss	: 3.2611
cond_ent_wt	: 4.8341
Src_reg_loss	: 0.0419
-------------------------------------
[Epoch : 75/500]
Total_loss	: 0.1226
Coral_loss	: 0.0000
MMD_loss	: 3.2510
cond_ent_wt	: 4.8341
Src_reg_loss	: 0.0417
-------------------------------------
[Epoch : 76/500]
Total_loss	: 0.1222
Coral_loss	: 0.0000
MMD_loss	: 3.2407
cond_ent_wt	: 4.8342
Src_reg_loss	: 0.0415
-------------------------------------
[Epoch : 77/500]
Total_loss	: 0.1219
Coral_loss	: 0.0000
MMD_loss	: 3.2302
cond_ent_wt	: 4.8342
Src_reg_loss	: 0.0413
-------------------------------------
[Epoch : 78/500]
Total_loss	: 0.1216
Coral_loss	: 0.0000
MMD_loss	: 3.2195
cond_ent_wt	: 4.8342
Src_reg_loss	: 0.0411
-------------------------------------
[Epoch : 79/500]
Total_loss	: 0.1213
Coral_loss	: 0.0000
MMD_loss	: 3.2085
cond_ent_wt	: 4.8342
Src_reg_loss	: 0.0409
-------------------------------------
[Epoch : 80/500]
Total_loss	: 0.1210
Coral_loss	: 0.0000
MMD_loss	: 3.1974
cond_ent_wt	: 4.8342
Src_reg_loss	: 0.0407
-------------------------------------
[Epoch : 81/500]
Total_loss	: 0.1207
Coral_loss	: 0.0000
MMD_loss	: 3.1861
cond_ent_wt	: 4.8341
Src_reg_loss	: 0.0405
-------------------------------------
[Epoch : 82/500]
Total_loss	: 0.1203
Coral_loss	: 0.0000
MMD_loss	: 3.1747
cond_ent_wt	: 4.8341
Src_reg_loss	: 0.0403
-------------------------------------
[Epoch : 83/500]
Total_loss	: 0.1200
Coral_loss	: 0.0000
MMD_loss	: 3.1631
cond_ent_wt	: 4.8341
Src_reg_loss	: 0.0401
-------------------------------------
[Epoch : 84/500]
Total_loss	: 0.1197
Coral_loss	: 0.0000
MMD_loss	: 3.1514
cond_ent_wt	: 4.8341
Src_reg_loss	: 0.0399
-------------------------------------
[Epoch : 85/500]
Total_loss	: 0.1194
Coral_loss	: 0.0000
MMD_loss	: 3.1396
cond_ent_wt	: 4.8341
Src_reg_loss	: 0.0397
-------------------------------------
[Epoch : 86/500]
Total_loss	: 0.1191
Coral_loss	: 0.0000
MMD_loss	: 3.1277
cond_ent_wt	: 4.8341
Src_reg_loss	: 0.0395
-------------------------------------
[Epoch : 87/500]
Total_loss	: 0.1188
Coral_loss	: 0.0000
MMD_loss	: 3.1157
cond_ent_wt	: 4.8341
Src_reg_loss	: 0.0393
-------------------------------------
[Epoch : 88/500]
Total_loss	: 0.1185
Coral_loss	: 0.0000
MMD_loss	: 3.1037
cond_ent_wt	: 4.8341
Src_reg_loss	: 0.0391
-------------------------------------
[Epoch : 89/500]
Total_loss	: 0.1182
Coral_loss	: 0.0000
MMD_loss	: 3.0916
cond_ent_wt	: 4.8341
Src_reg_loss	: 0.0389
-------------------------------------
[Epoch : 90/500]
Total_loss	: 0.1179
Coral_loss	: 0.0000
MMD_loss	: 3.0795
cond_ent_wt	: 4.8341
Src_reg_loss	: 0.0388
-------------------------------------
[Epoch : 91/500]
Total_loss	: 0.1176
Coral_loss	: 0.0000
MMD_loss	: 3.0674
cond_ent_wt	: 4.8340
Src_reg_loss	: 0.0386
-------------------------------------
[Epoch : 92/500]
Total_loss	: 0.1173
Coral_loss	: 0.0000
MMD_loss	: 3.0554
cond_ent_wt	: 4.8340
Src_reg_loss	: 0.0384
-------------------------------------
[Epoch : 93/500]
Total_loss	: 0.1170
Coral_loss	: 0.0000
MMD_loss	: 3.0434
cond_ent_wt	: 4.8340
Src_reg_loss	: 0.0382
-------------------------------------
[Epoch : 94/500]
Total_loss	: 0.1167
Coral_loss	: 0.0000
MMD_loss	: 3.0314
cond_ent_wt	: 4.8340
Src_reg_loss	: 0.0381
-------------------------------------
[Epoch : 95/500]
Total_loss	: 0.1164
Coral_loss	: 0.0000
MMD_loss	: 3.0195
cond_ent_wt	: 4.8340
Src_reg_loss	: 0.0379
-------------------------------------
[Epoch : 96/500]
Total_loss	: 0.1162
Coral_loss	: 0.0000
MMD_loss	: 3.0077
cond_ent_wt	: 4.8339
Src_reg_loss	: 0.0377
-------------------------------------
[Epoch : 97/500]
Total_loss	: 0.1159
Coral_loss	: 0.0000
MMD_loss	: 2.9961
cond_ent_wt	: 4.8339
Src_reg_loss	: 0.0376
-------------------------------------
[Epoch : 98/500]
Total_loss	: 0.1156
Coral_loss	: 0.0000
MMD_loss	: 2.9845
cond_ent_wt	: 4.8339
Src_reg_loss	: 0.0374
-------------------------------------
[Epoch : 99/500]
Total_loss	: 0.1153
Coral_loss	: 0.0000
MMD_loss	: 2.9731
cond_ent_wt	: 4.8339
Src_reg_loss	: 0.0372
-------------------------------------
[Epoch : 100/500]
Total_loss	: 0.1150
Coral_loss	: 0.0000
MMD_loss	: 2.9619
cond_ent_wt	: 4.8338
Src_reg_loss	: 0.0371
-------------------------------------
[Epoch : 101/500]
Total_loss	: 0.1148
Coral_loss	: 0.0000
MMD_loss	: 2.9508
cond_ent_wt	: 4.8338
Src_reg_loss	: 0.0369
-------------------------------------
[Epoch : 102/500]
Total_loss	: 0.1145
Coral_loss	: 0.0000
MMD_loss	: 2.9399
cond_ent_wt	: 4.8338
Src_reg_loss	: 0.0368
-------------------------------------
[Epoch : 103/500]
Total_loss	: 0.1142
Coral_loss	: 0.0000
MMD_loss	: 2.9291
cond_ent_wt	: 4.8338
Src_reg_loss	: 0.0366
-------------------------------------
[Epoch : 104/500]
Total_loss	: 0.1140
Coral_loss	: 0.0000
MMD_loss	: 2.9186
cond_ent_wt	: 4.8337
Src_reg_loss	: 0.0365
-------------------------------------
[Epoch : 105/500]
Total_loss	: 0.1137
Coral_loss	: 0.0000
MMD_loss	: 2.9082
cond_ent_wt	: 4.8337
Src_reg_loss	: 0.0363
-------------------------------------
[Epoch : 106/500]
Total_loss	: 0.1135
Coral_loss	: 0.0000
MMD_loss	: 2.8981
cond_ent_wt	: 4.8337
Src_reg_loss	: 0.0362
-------------------------------------
[Epoch : 107/500]
Total_loss	: 0.1132
Coral_loss	: 0.0000
MMD_loss	: 2.8881
cond_ent_wt	: 4.8336
Src_reg_loss	: 0.0360
-------------------------------------
[Epoch : 108/500]
Total_loss	: 0.1130
Coral_loss	: 0.0000
MMD_loss	: 2.8783
cond_ent_wt	: 4.8336
Src_reg_loss	: 0.0359
-------------------------------------
[Epoch : 109/500]
Total_loss	: 0.1128
Coral_loss	: 0.0000
MMD_loss	: 2.8687
cond_ent_wt	: 4.8336
Src_reg_loss	: 0.0357
-------------------------------------
[Epoch : 110/500]
Total_loss	: 0.1125
Coral_loss	: 0.0000
MMD_loss	: 2.8593
cond_ent_wt	: 4.8335
Src_reg_loss	: 0.0356
-------------------------------------
[Epoch : 111/500]
Total_loss	: 0.1123
Coral_loss	: 0.0000
MMD_loss	: 2.8501
cond_ent_wt	: 4.8335
Src_reg_loss	: 0.0354
-------------------------------------
[Epoch : 112/500]
Total_loss	: 0.1121
Coral_loss	: 0.0000
MMD_loss	: 2.8410
cond_ent_wt	: 4.8335
Src_reg_loss	: 0.0353
-------------------------------------
[Epoch : 113/500]
Total_loss	: 0.1118
Coral_loss	: 0.0000
MMD_loss	: 2.8321
cond_ent_wt	: 4.8334
Src_reg_loss	: 0.0352
-------------------------------------
[Epoch : 114/500]
Total_loss	: 0.1116
Coral_loss	: 0.0000
MMD_loss	: 2.8234
cond_ent_wt	: 4.8334
Src_reg_loss	: 0.0350
-------------------------------------
[Epoch : 115/500]
Total_loss	: 0.1114
Coral_loss	: 0.0000
MMD_loss	: 2.8149
cond_ent_wt	: 4.8334
Src_reg_loss	: 0.0349
-------------------------------------
[Epoch : 116/500]
Total_loss	: 0.1112
Coral_loss	: 0.0000
MMD_loss	: 2.8065
cond_ent_wt	: 4.8333
Src_reg_loss	: 0.0348
-------------------------------------
[Epoch : 117/500]
Total_loss	: 0.1110
Coral_loss	: 0.0000
MMD_loss	: 2.7983
cond_ent_wt	: 4.8333
Src_reg_loss	: 0.0346
-------------------------------------
[Epoch : 118/500]
Total_loss	: 0.1107
Coral_loss	: 0.0000
MMD_loss	: 2.7902
cond_ent_wt	: 4.8333
Src_reg_loss	: 0.0345
-------------------------------------
[Epoch : 119/500]
Total_loss	: 0.1105
Coral_loss	: 0.0000
MMD_loss	: 2.7823
cond_ent_wt	: 4.8332
Src_reg_loss	: 0.0344
-------------------------------------
[Epoch : 120/500]
Total_loss	: 0.1103
Coral_loss	: 0.0000
MMD_loss	: 2.7745
cond_ent_wt	: 4.8332
Src_reg_loss	: 0.0343
-------------------------------------
[Epoch : 121/500]
Total_loss	: 0.1101
Coral_loss	: 0.0000
MMD_loss	: 2.7669
cond_ent_wt	: 4.8332
Src_reg_loss	: 0.0341
-------------------------------------
[Epoch : 122/500]
Total_loss	: 0.1099
Coral_loss	: 0.0000
MMD_loss	: 2.7594
cond_ent_wt	: 4.8331
Src_reg_loss	: 0.0340
-------------------------------------
[Epoch : 123/500]
Total_loss	: 0.1097
Coral_loss	: 0.0000
MMD_loss	: 2.7520
cond_ent_wt	: 4.8331
Src_reg_loss	: 0.0339
-------------------------------------
[Epoch : 124/500]
Total_loss	: 0.1095
Coral_loss	: 0.0000
MMD_loss	: 2.7448
cond_ent_wt	: 4.8330
Src_reg_loss	: 0.0338
-------------------------------------
[Epoch : 125/500]
Total_loss	: 0.1094
Coral_loss	: 0.0000
MMD_loss	: 2.7378
cond_ent_wt	: 4.8330
Src_reg_loss	: 0.0336
-------------------------------------
[Epoch : 126/500]
Total_loss	: 0.1092
Coral_loss	: 0.0000
MMD_loss	: 2.7308
cond_ent_wt	: 4.8330
Src_reg_loss	: 0.0335
-------------------------------------
[Epoch : 127/500]
Total_loss	: 0.1090
Coral_loss	: 0.0000
MMD_loss	: 2.7239
cond_ent_wt	: 4.8329
Src_reg_loss	: 0.0334
-------------------------------------
[Epoch : 128/500]
Total_loss	: 0.1088
Coral_loss	: 0.0000
MMD_loss	: 2.7172
cond_ent_wt	: 4.8329
Src_reg_loss	: 0.0333
-------------------------------------
[Epoch : 129/500]
Total_loss	: 0.1086
Coral_loss	: 0.0000
MMD_loss	: 2.7105
cond_ent_wt	: 4.8329
Src_reg_loss	: 0.0332
-------------------------------------
[Epoch : 130/500]
Total_loss	: 0.1084
Coral_loss	: 0.0000
MMD_loss	: 2.7039
cond_ent_wt	: 4.8328
Src_reg_loss	: 0.0331
-------------------------------------
[Epoch : 131/500]
Total_loss	: 0.1083
Coral_loss	: 0.0000
MMD_loss	: 2.6975
cond_ent_wt	: 4.8328
Src_reg_loss	: 0.0330
-------------------------------------
[Epoch : 132/500]
Total_loss	: 0.1081
Coral_loss	: 0.0000
MMD_loss	: 2.6911
cond_ent_wt	: 4.8327
Src_reg_loss	: 0.0328
-------------------------------------
[Epoch : 133/500]
Total_loss	: 0.1079
Coral_loss	: 0.0000
MMD_loss	: 2.6849
cond_ent_wt	: 4.8327
Src_reg_loss	: 0.0327
-------------------------------------
[Epoch : 134/500]
Total_loss	: 0.1077
Coral_loss	: 0.0000
MMD_loss	: 2.6787
cond_ent_wt	: 4.8327
Src_reg_loss	: 0.0326
-------------------------------------
[Epoch : 135/500]
Total_loss	: 0.1076
Coral_loss	: 0.0000
MMD_loss	: 2.6727
cond_ent_wt	: 4.8326
Src_reg_loss	: 0.0325
-------------------------------------
[Epoch : 136/500]
Total_loss	: 0.1074
Coral_loss	: 0.0000
MMD_loss	: 2.6667
cond_ent_wt	: 4.8326
Src_reg_loss	: 0.0324
-------------------------------------
[Epoch : 137/500]
Total_loss	: 0.1072
Coral_loss	: 0.0000
MMD_loss	: 2.6608
cond_ent_wt	: 4.8326
Src_reg_loss	: 0.0323
-------------------------------------
[Epoch : 138/500]
Total_loss	: 0.1071
Coral_loss	: 0.0000
MMD_loss	: 2.6550
cond_ent_wt	: 4.8325
Src_reg_loss	: 0.0322
-------------------------------------
[Epoch : 139/500]
Total_loss	: 0.1069
Coral_loss	: 0.0000
MMD_loss	: 2.6493
cond_ent_wt	: 4.8325
Src_reg_loss	: 0.0321
-------------------------------------
[Epoch : 140/500]
Total_loss	: 0.1068
Coral_loss	: 0.0000
MMD_loss	: 2.6437
cond_ent_wt	: 4.8325
Src_reg_loss	: 0.0320
-------------------------------------
[Epoch : 141/500]
Total_loss	: 0.1066
Coral_loss	: 0.0000
MMD_loss	: 2.6382
cond_ent_wt	: 4.8324
Src_reg_loss	: 0.0319
-------------------------------------
[Epoch : 142/500]
Total_loss	: 0.1065
Coral_loss	: 0.0000
MMD_loss	: 2.6328
cond_ent_wt	: 4.8324
Src_reg_loss	: 0.0318
-------------------------------------
[Epoch : 143/500]
Total_loss	: 0.1063
Coral_loss	: 0.0000
MMD_loss	: 2.6274
cond_ent_wt	: 4.8323
Src_reg_loss	: 0.0317
-------------------------------------
[Epoch : 144/500]
Total_loss	: 0.1061
Coral_loss	: 0.0000
MMD_loss	: 2.6221
cond_ent_wt	: 4.8323
Src_reg_loss	: 0.0316
-------------------------------------
[Epoch : 145/500]
Total_loss	: 0.1060
Coral_loss	: 0.0000
MMD_loss	: 2.6169
cond_ent_wt	: 4.8323
Src_reg_loss	: 0.0315
-------------------------------------
[Epoch : 146/500]
Total_loss	: 0.1058
Coral_loss	: 0.0000
MMD_loss	: 2.6117
cond_ent_wt	: 4.8322
Src_reg_loss	: 0.0314
-------------------------------------
[Epoch : 147/500]
Total_loss	: 0.1057
Coral_loss	: 0.0000
MMD_loss	: 2.6067
cond_ent_wt	: 4.8322
Src_reg_loss	: 0.0313
-------------------------------------
[Epoch : 148/500]
Total_loss	: 0.1056
Coral_loss	: 0.0000
MMD_loss	: 2.6017
cond_ent_wt	: 4.8322
Src_reg_loss	: 0.0312
-------------------------------------
[Epoch : 149/500]
Total_loss	: 0.1054
Coral_loss	: 0.0000
MMD_loss	: 2.5968
cond_ent_wt	: 4.8321
Src_reg_loss	: 0.0311
-------------------------------------
[Epoch : 150/500]
Total_loss	: 0.1053
Coral_loss	: 0.0000
MMD_loss	: 2.5919
cond_ent_wt	: 4.8321
Src_reg_loss	: 0.0310
-------------------------------------
[Epoch : 151/500]
Total_loss	: 0.1051
Coral_loss	: 0.0000
MMD_loss	: 2.5871
cond_ent_wt	: 4.8321
Src_reg_loss	: 0.0309
-------------------------------------
[Epoch : 152/500]
Total_loss	: 0.1050
Coral_loss	: 0.0000
MMD_loss	: 2.5824
cond_ent_wt	: 4.8320
Src_reg_loss	: 0.0309
-------------------------------------
[Epoch : 153/500]
Total_loss	: 0.1049
Coral_loss	: 0.0000
MMD_loss	: 2.5778
cond_ent_wt	: 4.8320
Src_reg_loss	: 0.0308
-------------------------------------
[Epoch : 154/500]
Total_loss	: 0.1047
Coral_loss	: 0.0000
MMD_loss	: 2.5732
cond_ent_wt	: 4.8320
Src_reg_loss	: 0.0307
-------------------------------------
[Epoch : 155/500]
Total_loss	: 0.1046
Coral_loss	: 0.0000
MMD_loss	: 2.5687
cond_ent_wt	: 4.8319
Src_reg_loss	: 0.0306
-------------------------------------
[Epoch : 156/500]
Total_loss	: 0.1045
Coral_loss	: 0.0000
MMD_loss	: 2.5642
cond_ent_wt	: 4.8319
Src_reg_loss	: 0.0305
-------------------------------------
[Epoch : 157/500]
Total_loss	: 0.1043
Coral_loss	: 0.0000
MMD_loss	: 2.5598
cond_ent_wt	: 4.8318
Src_reg_loss	: 0.0304
-------------------------------------
[Epoch : 158/500]
Total_loss	: 0.1042
Coral_loss	: 0.0000
MMD_loss	: 2.5555
cond_ent_wt	: 4.8318
Src_reg_loss	: 0.0303
-------------------------------------
[Epoch : 159/500]
Total_loss	: 0.1041
Coral_loss	: 0.0000
MMD_loss	: 2.5512
cond_ent_wt	: 4.8318
Src_reg_loss	: 0.0302
-------------------------------------
[Epoch : 160/500]
Total_loss	: 0.1039
Coral_loss	: 0.0000
MMD_loss	: 2.5469
cond_ent_wt	: 4.8317
Src_reg_loss	: 0.0301
-------------------------------------
[Epoch : 161/500]
Total_loss	: 0.1038
Coral_loss	: 0.0000
MMD_loss	: 2.5428
cond_ent_wt	: 4.8317
Src_reg_loss	: 0.0301
-------------------------------------
[Epoch : 162/500]
Total_loss	: 0.1037
Coral_loss	: 0.0000
MMD_loss	: 2.5387
cond_ent_wt	: 4.8317
Src_reg_loss	: 0.0300
-------------------------------------
[Epoch : 163/500]
Total_loss	: 0.1036
Coral_loss	: 0.0000
MMD_loss	: 2.5346
cond_ent_wt	: 4.8316
Src_reg_loss	: 0.0299
-------------------------------------
[Epoch : 164/500]
Total_loss	: 0.1034
Coral_loss	: 0.0000
MMD_loss	: 2.5306
cond_ent_wt	: 4.8316
Src_reg_loss	: 0.0298
-------------------------------------
[Epoch : 165/500]
Total_loss	: 0.1033
Coral_loss	: 0.0000
MMD_loss	: 2.5266
cond_ent_wt	: 4.8316
Src_reg_loss	: 0.0297
-------------------------------------
[Epoch : 166/500]
Total_loss	: 0.1032
Coral_loss	: 0.0000
MMD_loss	: 2.5227
cond_ent_wt	: 4.8315
Src_reg_loss	: 0.0297
-------------------------------------
[Epoch : 167/500]
Total_loss	: 0.1031
Coral_loss	: 0.0000
MMD_loss	: 2.5188
cond_ent_wt	: 4.8315
Src_reg_loss	: 0.0296
-------------------------------------
[Epoch : 168/500]
Total_loss	: 0.1030
Coral_loss	: 0.0000
MMD_loss	: 2.5150
cond_ent_wt	: 4.8315
Src_reg_loss	: 0.0295
-------------------------------------
[Epoch : 169/500]
Total_loss	: 0.1028
Coral_loss	: 0.0000
MMD_loss	: 2.5112
cond_ent_wt	: 4.8314
Src_reg_loss	: 0.0294
-------------------------------------
[Epoch : 170/500]
Total_loss	: 0.1027
Coral_loss	: 0.0000
MMD_loss	: 2.5075
cond_ent_wt	: 4.8314
Src_reg_loss	: 0.0293
-------------------------------------
[Epoch : 171/500]
Total_loss	: 0.1026
Coral_loss	: 0.0000
MMD_loss	: 2.5038
cond_ent_wt	: 4.8314
Src_reg_loss	: 0.0293
-------------------------------------
[Epoch : 172/500]
Total_loss	: 0.1025
Coral_loss	: 0.0000
MMD_loss	: 2.5002
cond_ent_wt	: 4.8313
Src_reg_loss	: 0.0292
-------------------------------------
[Epoch : 173/500]
Total_loss	: 0.1024
Coral_loss	: 0.0000
MMD_loss	: 2.4966
cond_ent_wt	: 4.8313
Src_reg_loss	: 0.0291
-------------------------------------
[Epoch : 174/500]
Total_loss	: 0.1023
Coral_loss	: 0.0000
MMD_loss	: 2.4930
cond_ent_wt	: 4.8312
Src_reg_loss	: 0.0290
-------------------------------------
[Epoch : 175/500]
Total_loss	: 0.1022
Coral_loss	: 0.0000
MMD_loss	: 2.4895
cond_ent_wt	: 4.8312
Src_reg_loss	: 0.0289
-------------------------------------
[Epoch : 176/500]
Total_loss	: 0.1020
Coral_loss	: 0.0000
MMD_loss	: 2.4861
cond_ent_wt	: 4.8312
Src_reg_loss	: 0.0289
-------------------------------------
[Epoch : 177/500]
Total_loss	: 0.1019
Coral_loss	: 0.0000
MMD_loss	: 2.4826
cond_ent_wt	: 4.8311
Src_reg_loss	: 0.0288
-------------------------------------
[Epoch : 178/500]
Total_loss	: 0.1018
Coral_loss	: 0.0000
MMD_loss	: 2.4792
cond_ent_wt	: 4.8311
Src_reg_loss	: 0.0287
-------------------------------------
[Epoch : 179/500]
Total_loss	: 0.1017
Coral_loss	: 0.0000
MMD_loss	: 2.4759
cond_ent_wt	: 4.8311
Src_reg_loss	: 0.0287
-------------------------------------
[Epoch : 180/500]
Total_loss	: 0.1016
Coral_loss	: 0.0000
MMD_loss	: 2.4726
cond_ent_wt	: 4.8310
Src_reg_loss	: 0.0286
-------------------------------------
[Epoch : 181/500]
Total_loss	: 0.1015
Coral_loss	: 0.0000
MMD_loss	: 2.4693
cond_ent_wt	: 4.8310
Src_reg_loss	: 0.0285
-------------------------------------
[Epoch : 182/500]
Total_loss	: 0.1014
Coral_loss	: 0.0000
MMD_loss	: 2.4660
cond_ent_wt	: 4.8310
Src_reg_loss	: 0.0284
-------------------------------------
[Epoch : 183/500]
Total_loss	: 0.1013
Coral_loss	: 0.0000
MMD_loss	: 2.4628
cond_ent_wt	: 4.8309
Src_reg_loss	: 0.0284
-------------------------------------
[Epoch : 184/500]
Total_loss	: 0.1012
Coral_loss	: 0.0000
MMD_loss	: 2.4596
cond_ent_wt	: 4.8309
Src_reg_loss	: 0.0283
-------------------------------------
[Epoch : 185/500]
Total_loss	: 0.1011
Coral_loss	: 0.0000
MMD_loss	: 2.4565
cond_ent_wt	: 4.8309
Src_reg_loss	: 0.0282
-------------------------------------
[Epoch : 186/500]
Total_loss	: 0.1010
Coral_loss	: 0.0000
MMD_loss	: 2.4534
cond_ent_wt	: 4.8308
Src_reg_loss	: 0.0281
-------------------------------------
[Epoch : 187/500]
Total_loss	: 0.1009
Coral_loss	: 0.0000
MMD_loss	: 2.4503
cond_ent_wt	: 4.8308
Src_reg_loss	: 0.0281
-------------------------------------
[Epoch : 188/500]
Total_loss	: 0.1008
Coral_loss	: 0.0000
MMD_loss	: 2.4473
cond_ent_wt	: 4.8307
Src_reg_loss	: 0.0280
-------------------------------------
[Epoch : 189/500]
Total_loss	: 0.1007
Coral_loss	: 0.0000
MMD_loss	: 2.4443
cond_ent_wt	: 4.8307
Src_reg_loss	: 0.0279
-------------------------------------
[Epoch : 190/500]
Total_loss	: 0.1006
Coral_loss	: 0.0000
MMD_loss	: 2.4413
cond_ent_wt	: 4.8307
Src_reg_loss	: 0.0279
-------------------------------------
[Epoch : 191/500]
Total_loss	: 0.1005
Coral_loss	: 0.0000
MMD_loss	: 2.4383
cond_ent_wt	: 4.8306
Src_reg_loss	: 0.0278
-------------------------------------
[Epoch : 192/500]
Total_loss	: 0.1004
Coral_loss	: 0.0000
MMD_loss	: 2.4354
cond_ent_wt	: 4.8306
Src_reg_loss	: 0.0277
-------------------------------------
[Epoch : 193/500]
Total_loss	: 0.1003
Coral_loss	: 0.0000
MMD_loss	: 2.4325
cond_ent_wt	: 4.8306
Src_reg_loss	: 0.0277
-------------------------------------
[Epoch : 194/500]
Total_loss	: 0.1002
Coral_loss	: 0.0000
MMD_loss	: 2.4296
cond_ent_wt	: 4.8305
Src_reg_loss	: 0.0276
-------------------------------------
[Epoch : 195/500]
Total_loss	: 0.1001
Coral_loss	: 0.0000
MMD_loss	: 2.4268
cond_ent_wt	: 4.8305
Src_reg_loss	: 0.0275
-------------------------------------
[Epoch : 196/500]
Total_loss	: 0.1000
Coral_loss	: 0.0000
MMD_loss	: 2.4240
cond_ent_wt	: 4.8304
Src_reg_loss	: 0.0275
-------------------------------------
[Epoch : 197/500]
Total_loss	: 0.0999
Coral_loss	: 0.0000
MMD_loss	: 2.4212
cond_ent_wt	: 4.8304
Src_reg_loss	: 0.0274
-------------------------------------
[Epoch : 198/500]
Total_loss	: 0.0998
Coral_loss	: 0.0000
MMD_loss	: 2.4185
cond_ent_wt	: 4.8304
Src_reg_loss	: 0.0273
-------------------------------------
[Epoch : 199/500]
Total_loss	: 0.0997
Coral_loss	: 0.0000
MMD_loss	: 2.4157
cond_ent_wt	: 4.8303
Src_reg_loss	: 0.0273
-------------------------------------
[Epoch : 200/500]
Total_loss	: 0.0996
Coral_loss	: 0.0000
MMD_loss	: 2.4130
cond_ent_wt	: 4.8303
Src_reg_loss	: 0.0272
-------------------------------------
[Epoch : 201/500]
Total_loss	: 0.0996
Coral_loss	: 0.0000
MMD_loss	: 2.4104
cond_ent_wt	: 4.8303
Src_reg_loss	: 0.0272
-------------------------------------
[Epoch : 202/500]
Total_loss	: 0.0995
Coral_loss	: 0.0000
MMD_loss	: 2.4077
cond_ent_wt	: 4.8302
Src_reg_loss	: 0.0271
-------------------------------------
[Epoch : 203/500]
Total_loss	: 0.0994
Coral_loss	: 0.0000
MMD_loss	: 2.4051
cond_ent_wt	: 4.8302
Src_reg_loss	: 0.0270
-------------------------------------
[Epoch : 204/500]
Total_loss	: 0.0993
Coral_loss	: 0.0000
MMD_loss	: 2.4025
cond_ent_wt	: 4.8301
Src_reg_loss	: 0.0270
-------------------------------------
[Epoch : 205/500]
Total_loss	: 0.0992
Coral_loss	: 0.0000
MMD_loss	: 2.3999
cond_ent_wt	: 4.8301
Src_reg_loss	: 0.0269
-------------------------------------
[Epoch : 206/500]
Total_loss	: 0.0991
Coral_loss	: 0.0000
MMD_loss	: 2.3974
cond_ent_wt	: 4.8301
Src_reg_loss	: 0.0268
-------------------------------------
[Epoch : 207/500]
Total_loss	: 0.0990
Coral_loss	: 0.0000
MMD_loss	: 2.3948
cond_ent_wt	: 4.8300
Src_reg_loss	: 0.0268
-------------------------------------
[Epoch : 208/500]
Total_loss	: 0.0989
Coral_loss	: 0.0000
MMD_loss	: 2.3923
cond_ent_wt	: 4.8300
Src_reg_loss	: 0.0267
-------------------------------------
[Epoch : 209/500]
Total_loss	: 0.0989
Coral_loss	: 0.0000
MMD_loss	: 2.3899
cond_ent_wt	: 4.8299
Src_reg_loss	: 0.0267
-------------------------------------
[Epoch : 210/500]
Total_loss	: 0.0988
Coral_loss	: 0.0000
MMD_loss	: 2.3874
cond_ent_wt	: 4.8299
Src_reg_loss	: 0.0266
-------------------------------------
[Epoch : 211/500]
Total_loss	: 0.0987
Coral_loss	: 0.0000
MMD_loss	: 2.3850
cond_ent_wt	: 4.8298
Src_reg_loss	: 0.0265
-------------------------------------
[Epoch : 212/500]
Total_loss	: 0.0986
Coral_loss	: 0.0000
MMD_loss	: 2.3825
cond_ent_wt	: 4.8298
Src_reg_loss	: 0.0265
-------------------------------------
[Epoch : 213/500]
Total_loss	: 0.0985
Coral_loss	: 0.0000
MMD_loss	: 2.3801
cond_ent_wt	: 4.8298
Src_reg_loss	: 0.0264
-------------------------------------
[Epoch : 214/500]
Total_loss	: 0.0984
Coral_loss	: 0.0000
MMD_loss	: 2.3778
cond_ent_wt	: 4.8297
Src_reg_loss	: 0.0264
-------------------------------------
[Epoch : 215/500]
Total_loss	: 0.0984
Coral_loss	: 0.0000
MMD_loss	: 2.3754
cond_ent_wt	: 4.8297
Src_reg_loss	: 0.0263
-------------------------------------
[Epoch : 216/500]
Total_loss	: 0.0983
Coral_loss	: 0.0000
MMD_loss	: 2.3731
cond_ent_wt	: 4.8296
Src_reg_loss	: 0.0262
-------------------------------------
[Epoch : 217/500]
Total_loss	: 0.0982
Coral_loss	: 0.0000
MMD_loss	: 2.3708
cond_ent_wt	: 4.8296
Src_reg_loss	: 0.0262
-------------------------------------
[Epoch : 218/500]
Total_loss	: 0.0981
Coral_loss	: 0.0000
MMD_loss	: 2.3685
cond_ent_wt	: 4.8295
Src_reg_loss	: 0.0261
-------------------------------------
[Epoch : 219/500]
Total_loss	: 0.0980
Coral_loss	: 0.0000
MMD_loss	: 2.3662
cond_ent_wt	: 4.8295
Src_reg_loss	: 0.0261
-------------------------------------
[Epoch : 220/500]
Total_loss	: 0.0980
Coral_loss	: 0.0000
MMD_loss	: 2.3640
cond_ent_wt	: 4.8295
Src_reg_loss	: 0.0260
-------------------------------------
[Epoch : 221/500]
Total_loss	: 0.0979
Coral_loss	: 0.0000
MMD_loss	: 2.3617
cond_ent_wt	: 4.8294
Src_reg_loss	: 0.0260
-------------------------------------
[Epoch : 222/500]
Total_loss	: 0.0978
Coral_loss	: 0.0000
MMD_loss	: 2.3595
cond_ent_wt	: 4.8294
Src_reg_loss	: 0.0259
-------------------------------------
[Epoch : 223/500]
Total_loss	: 0.0977
Coral_loss	: 0.0000
MMD_loss	: 2.3573
cond_ent_wt	: 4.8293
Src_reg_loss	: 0.0259
-------------------------------------
[Epoch : 224/500]
Total_loss	: 0.0976
Coral_loss	: 0.0000
MMD_loss	: 2.3552
cond_ent_wt	: 4.8293
Src_reg_loss	: 0.0258
-------------------------------------
[Epoch : 225/500]
Total_loss	: 0.0976
Coral_loss	: 0.0000
MMD_loss	: 2.3530
cond_ent_wt	: 4.8292
Src_reg_loss	: 0.0257
-------------------------------------
[Epoch : 226/500]
Total_loss	: 0.0975
Coral_loss	: 0.0000
MMD_loss	: 2.3509
cond_ent_wt	: 4.8292
Src_reg_loss	: 0.0257
-------------------------------------
[Epoch : 227/500]
Total_loss	: 0.0974
Coral_loss	: 0.0000
MMD_loss	: 2.3488
cond_ent_wt	: 4.8291
Src_reg_loss	: 0.0256
-------------------------------------
[Epoch : 228/500]
Total_loss	: 0.0973
Coral_loss	: 0.0000
MMD_loss	: 2.3467
cond_ent_wt	: 4.8291
Src_reg_loss	: 0.0256
-------------------------------------
[Epoch : 229/500]
Total_loss	: 0.0973
Coral_loss	: 0.0000
MMD_loss	: 2.3446
cond_ent_wt	: 4.8290
Src_reg_loss	: 0.0255
-------------------------------------
[Epoch : 230/500]
Total_loss	: 0.0972
Coral_loss	: 0.0000
MMD_loss	: 2.3426
cond_ent_wt	: 4.8290
Src_reg_loss	: 0.0255
-------------------------------------
[Epoch : 231/500]
Total_loss	: 0.0971
Coral_loss	: 0.0000
MMD_loss	: 2.3405
cond_ent_wt	: 4.8290
Src_reg_loss	: 0.0254
-------------------------------------
[Epoch : 232/500]
Total_loss	: 0.0970
Coral_loss	: 0.0000
MMD_loss	: 2.3385
cond_ent_wt	: 4.8289
Src_reg_loss	: 0.0254
-------------------------------------
[Epoch : 233/500]
Total_loss	: 0.0970
Coral_loss	: 0.0000
MMD_loss	: 2.3365
cond_ent_wt	: 4.8289
Src_reg_loss	: 0.0253
-------------------------------------
[Epoch : 234/500]
Total_loss	: 0.0969
Coral_loss	: 0.0000
MMD_loss	: 2.3346
cond_ent_wt	: 4.8288
Src_reg_loss	: 0.0253
-------------------------------------
[Epoch : 235/500]
Total_loss	: 0.0968
Coral_loss	: 0.0000
MMD_loss	: 2.3326
cond_ent_wt	: 4.8288
Src_reg_loss	: 0.0252
-------------------------------------
[Epoch : 236/500]
Total_loss	: 0.0968
Coral_loss	: 0.0000
MMD_loss	: 2.3307
cond_ent_wt	: 4.8287
Src_reg_loss	: 0.0252
-------------------------------------
[Epoch : 237/500]
Total_loss	: 0.0967
Coral_loss	: 0.0000
MMD_loss	: 2.3288
cond_ent_wt	: 4.8287
Src_reg_loss	: 0.0251
-------------------------------------
[Epoch : 238/500]
Total_loss	: 0.0966
Coral_loss	: 0.0000
MMD_loss	: 2.3269
cond_ent_wt	: 4.8286
Src_reg_loss	: 0.0251
-------------------------------------
[Epoch : 239/500]
Total_loss	: 0.0966
Coral_loss	: 0.0000
MMD_loss	: 2.3250
cond_ent_wt	: 4.8286
Src_reg_loss	: 0.0250
-------------------------------------
[Epoch : 240/500]
Total_loss	: 0.0965
Coral_loss	: 0.0000
MMD_loss	: 2.3231
cond_ent_wt	: 4.8285
Src_reg_loss	: 0.0250
-------------------------------------
[Epoch : 241/500]
Total_loss	: 0.0964
Coral_loss	: 0.0000
MMD_loss	: 2.3213
cond_ent_wt	: 4.8285
Src_reg_loss	: 0.0249
-------------------------------------
[Epoch : 242/500]
Total_loss	: 0.0963
Coral_loss	: 0.0000
MMD_loss	: 2.3194
cond_ent_wt	: 4.8284
Src_reg_loss	: 0.0249
-------------------------------------
[Epoch : 243/500]
Total_loss	: 0.0963
Coral_loss	: 0.0000
MMD_loss	: 2.3176
cond_ent_wt	: 4.8283
Src_reg_loss	: 0.0248
-------------------------------------
[Epoch : 244/500]
Total_loss	: 0.0962
Coral_loss	: 0.0000
MMD_loss	: 2.3158
cond_ent_wt	: 4.8283
Src_reg_loss	: 0.0248
-------------------------------------
[Epoch : 245/500]
Total_loss	: 0.0961
Coral_loss	: 0.0000
MMD_loss	: 2.3141
cond_ent_wt	: 4.8282
Src_reg_loss	: 0.0247
-------------------------------------
[Epoch : 246/500]
Total_loss	: 0.0961
Coral_loss	: 0.0000
MMD_loss	: 2.3123
cond_ent_wt	: 4.8282
Src_reg_loss	: 0.0247
-------------------------------------
[Epoch : 247/500]
Total_loss	: 0.0960
Coral_loss	: 0.0000
MMD_loss	: 2.3106
cond_ent_wt	: 4.8281
Src_reg_loss	: 0.0246
-------------------------------------
[Epoch : 248/500]
Total_loss	: 0.0960
Coral_loss	: 0.0000
MMD_loss	: 2.3088
cond_ent_wt	: 4.8281
Src_reg_loss	: 0.0246
-------------------------------------
[Epoch : 249/500]
Total_loss	: 0.0959
Coral_loss	: 0.0000
MMD_loss	: 2.3071
cond_ent_wt	: 4.8280
Src_reg_loss	: 0.0245
-------------------------------------
[Epoch : 250/500]
Total_loss	: 0.0958
Coral_loss	: 0.0000
MMD_loss	: 2.3055
cond_ent_wt	: 4.8280
Src_reg_loss	: 0.0245
-------------------------------------
[Epoch : 251/500]
Total_loss	: 0.0958
Coral_loss	: 0.0000
MMD_loss	: 2.3038
cond_ent_wt	: 4.8279
Src_reg_loss	: 0.0244
-------------------------------------
[Epoch : 252/500]
Total_loss	: 0.0957
Coral_loss	: 0.0000
MMD_loss	: 2.3021
cond_ent_wt	: 4.8279
Src_reg_loss	: 0.0244
-------------------------------------
[Epoch : 253/500]
Total_loss	: 0.0956
Coral_loss	: 0.0000
MMD_loss	: 2.3005
cond_ent_wt	: 4.8278
Src_reg_loss	: 0.0243
-------------------------------------
[Epoch : 254/500]
Total_loss	: 0.0956
Coral_loss	: 0.0000
MMD_loss	: 2.2989
cond_ent_wt	: 4.8277
Src_reg_loss	: 0.0243
-------------------------------------
[Epoch : 255/500]
Total_loss	: 0.0955
Coral_loss	: 0.0000
MMD_loss	: 2.2973
cond_ent_wt	: 4.8277
Src_reg_loss	: 0.0243
-------------------------------------
[Epoch : 256/500]
Total_loss	: 0.0954
Coral_loss	: 0.0000
MMD_loss	: 2.2957
cond_ent_wt	: 4.8276
Src_reg_loss	: 0.0242
-------------------------------------
[Epoch : 257/500]
Total_loss	: 0.0954
Coral_loss	: 0.0000
MMD_loss	: 2.2942
cond_ent_wt	: 4.8276
Src_reg_loss	: 0.0242
-------------------------------------
[Epoch : 258/500]
Total_loss	: 0.0953
Coral_loss	: 0.0000
MMD_loss	: 2.2926
cond_ent_wt	: 4.8275
Src_reg_loss	: 0.0241
-------------------------------------
[Epoch : 259/500]
Total_loss	: 0.0953
Coral_loss	: 0.0000
MMD_loss	: 2.2911
cond_ent_wt	: 4.8274
Src_reg_loss	: 0.0241
-------------------------------------
[Epoch : 260/500]
Total_loss	: 0.0952
Coral_loss	: 0.0000
MMD_loss	: 2.2896
cond_ent_wt	: 4.8274
Src_reg_loss	: 0.0240
-------------------------------------
[Epoch : 261/500]
Total_loss	: 0.0951
Coral_loss	: 0.0000
MMD_loss	: 2.2881
cond_ent_wt	: 4.8273
Src_reg_loss	: 0.0240
-------------------------------------
[Epoch : 262/500]
Total_loss	: 0.0951
Coral_loss	: 0.0000
MMD_loss	: 2.2866
cond_ent_wt	: 4.8273
Src_reg_loss	: 0.0239
-------------------------------------
[Epoch : 263/500]
Total_loss	: 0.0950
Coral_loss	: 0.0000
MMD_loss	: 2.2851
cond_ent_wt	: 4.8272
Src_reg_loss	: 0.0239
-------------------------------------
[Epoch : 264/500]
Total_loss	: 0.0950
Coral_loss	: 0.0000
MMD_loss	: 2.2837
cond_ent_wt	: 4.8271
Src_reg_loss	: 0.0239
-------------------------------------
[Epoch : 265/500]
Total_loss	: 0.0949
Coral_loss	: 0.0000
MMD_loss	: 2.2822
cond_ent_wt	: 4.8271
Src_reg_loss	: 0.0238
-------------------------------------
[Epoch : 266/500]
Total_loss	: 0.0949
Coral_loss	: 0.0000
MMD_loss	: 2.2808
cond_ent_wt	: 4.8270
Src_reg_loss	: 0.0238
-------------------------------------
[Epoch : 267/500]
Total_loss	: 0.0948
Coral_loss	: 0.0000
MMD_loss	: 2.2794
cond_ent_wt	: 4.8269
Src_reg_loss	: 0.0237
-------------------------------------
[Epoch : 268/500]
Total_loss	: 0.0947
Coral_loss	: 0.0000
MMD_loss	: 2.2780
cond_ent_wt	: 4.8269
Src_reg_loss	: 0.0237
-------------------------------------
[Epoch : 269/500]
Total_loss	: 0.0947
Coral_loss	: 0.0000
MMD_loss	: 2.2767
cond_ent_wt	: 4.8268
Src_reg_loss	: 0.0236
-------------------------------------
[Epoch : 270/500]
Total_loss	: 0.0946
Coral_loss	: 0.0000
MMD_loss	: 2.2753
cond_ent_wt	: 4.8267
Src_reg_loss	: 0.0236
-------------------------------------
[Epoch : 271/500]
Total_loss	: 0.0946
Coral_loss	: 0.0000
MMD_loss	: 2.2740
cond_ent_wt	: 4.8267
Src_reg_loss	: 0.0236
-------------------------------------
[Epoch : 272/500]
Total_loss	: 0.0945
Coral_loss	: 0.0000
MMD_loss	: 2.2727
cond_ent_wt	: 4.8266
Src_reg_loss	: 0.0235
-------------------------------------
[Epoch : 273/500]
Total_loss	: 0.0945
Coral_loss	: 0.0000
MMD_loss	: 2.2714
cond_ent_wt	: 4.8265
Src_reg_loss	: 0.0235
-------------------------------------
[Epoch : 274/500]
Total_loss	: 0.0944
Coral_loss	: 0.0000
MMD_loss	: 2.2701
cond_ent_wt	: 4.8265
Src_reg_loss	: 0.0234
-------------------------------------
[Epoch : 275/500]
Total_loss	: 0.0944
Coral_loss	: 0.0000
MMD_loss	: 2.2689
cond_ent_wt	: 4.8264
Src_reg_loss	: 0.0234
-------------------------------------
[Epoch : 276/500]
Total_loss	: 0.0943
Coral_loss	: 0.0000
MMD_loss	: 2.2676
cond_ent_wt	: 4.8263
Src_reg_loss	: 0.0234
-------------------------------------
[Epoch : 277/500]
Total_loss	: 0.0942
Coral_loss	: 0.0000
MMD_loss	: 2.2664
cond_ent_wt	: 4.8263
Src_reg_loss	: 0.0233
-------------------------------------
[Epoch : 278/500]
Total_loss	: 0.0942
Coral_loss	: 0.0000
MMD_loss	: 2.2652
cond_ent_wt	: 4.8262
Src_reg_loss	: 0.0233
-------------------------------------
[Epoch : 279/500]
Total_loss	: 0.0941
Coral_loss	: 0.0000
MMD_loss	: 2.2640
cond_ent_wt	: 4.8261
Src_reg_loss	: 0.0232
-------------------------------------
[Epoch : 280/500]
Total_loss	: 0.0941
Coral_loss	: 0.0000
MMD_loss	: 2.2629
cond_ent_wt	: 4.8260
Src_reg_loss	: 0.0232
-------------------------------------
[Epoch : 281/500]
Total_loss	: 0.0940
Coral_loss	: 0.0000
MMD_loss	: 2.2617
cond_ent_wt	: 4.8260
Src_reg_loss	: 0.0232
-------------------------------------
[Epoch : 282/500]
Total_loss	: 0.0940
Coral_loss	: 0.0000
MMD_loss	: 2.2606
cond_ent_wt	: 4.8259
Src_reg_loss	: 0.0231
-------------------------------------
[Epoch : 283/500]
Total_loss	: 0.0939
Coral_loss	: 0.0000
MMD_loss	: 2.2595
cond_ent_wt	: 4.8258
Src_reg_loss	: 0.0231
-------------------------------------
[Epoch : 284/500]
Total_loss	: 0.0939
Coral_loss	: 0.0000
MMD_loss	: 2.2584
cond_ent_wt	: 4.8257
Src_reg_loss	: 0.0230
-------------------------------------
[Epoch : 285/500]
Total_loss	: 0.0938
Coral_loss	: 0.0000
MMD_loss	: 2.2573
cond_ent_wt	: 4.8257
Src_reg_loss	: 0.0230
-------------------------------------
[Epoch : 286/500]
Total_loss	: 0.0938
Coral_loss	: 0.0000
MMD_loss	: 2.2563
cond_ent_wt	: 4.8256
Src_reg_loss	: 0.0230
-------------------------------------
[Epoch : 287/500]
Total_loss	: 0.0937
Coral_loss	: 0.0000
MMD_loss	: 2.2553
cond_ent_wt	: 4.8255
Src_reg_loss	: 0.0229
-------------------------------------
[Epoch : 288/500]
Total_loss	: 0.0937
Coral_loss	: 0.0000
MMD_loss	: 2.2543
cond_ent_wt	: 4.8254
Src_reg_loss	: 0.0229
-------------------------------------
[Epoch : 289/500]
Total_loss	: 0.0936
Coral_loss	: 0.0000
MMD_loss	: 2.2533
cond_ent_wt	: 4.8253
Src_reg_loss	: 0.0229
-------------------------------------
[Epoch : 290/500]
Total_loss	: 0.0936
Coral_loss	: 0.0000
MMD_loss	: 2.2523
cond_ent_wt	: 4.8252
Src_reg_loss	: 0.0228
-------------------------------------
[Epoch : 291/500]
Total_loss	: 0.0936
Coral_loss	: 0.0000
MMD_loss	: 2.2513
cond_ent_wt	: 4.8252
Src_reg_loss	: 0.0228
-------------------------------------
[Epoch : 292/500]
Total_loss	: 0.0935
Coral_loss	: 0.0000
MMD_loss	: 2.2504
cond_ent_wt	: 4.8251
Src_reg_loss	: 0.0227
-------------------------------------
[Epoch : 293/500]
Total_loss	: 0.0935
Coral_loss	: 0.0000
MMD_loss	: 2.2495
cond_ent_wt	: 4.8250
Src_reg_loss	: 0.0227
-------------------------------------
[Epoch : 294/500]
Total_loss	: 0.0934
Coral_loss	: 0.0000
MMD_loss	: 2.2486
cond_ent_wt	: 4.8249
Src_reg_loss	: 0.0227
-------------------------------------
[Epoch : 295/500]
Total_loss	: 0.0934
Coral_loss	: 0.0000
MMD_loss	: 2.2477
cond_ent_wt	: 4.8248
Src_reg_loss	: 0.0226
-------------------------------------
[Epoch : 296/500]
Total_loss	: 0.0933
Coral_loss	: 0.0000
MMD_loss	: 2.2469
cond_ent_wt	: 4.8247
Src_reg_loss	: 0.0226
-------------------------------------
[Epoch : 297/500]
Total_loss	: 0.0933
Coral_loss	: 0.0000
MMD_loss	: 2.2460
cond_ent_wt	: 4.8246
Src_reg_loss	: 0.0226
-------------------------------------
[Epoch : 298/500]
Total_loss	: 0.0932
Coral_loss	: 0.0000
MMD_loss	: 2.2452
cond_ent_wt	: 4.8245
Src_reg_loss	: 0.0225
-------------------------------------
[Epoch : 299/500]
Total_loss	: 0.0932
Coral_loss	: 0.0000
MMD_loss	: 2.2444
cond_ent_wt	: 4.8244
Src_reg_loss	: 0.0225
-------------------------------------
[Epoch : 300/500]
Total_loss	: 0.0931
Coral_loss	: 0.0000
MMD_loss	: 2.2436
cond_ent_wt	: 4.8244
Src_reg_loss	: 0.0225
-------------------------------------
[Epoch : 301/500]
Total_loss	: 0.0931
Coral_loss	: 0.0000
MMD_loss	: 2.2429
cond_ent_wt	: 4.8243
Src_reg_loss	: 0.0224
-------------------------------------
[Epoch : 302/500]
Total_loss	: 0.0931
Coral_loss	: 0.0000
MMD_loss	: 2.2421
cond_ent_wt	: 4.8242
Src_reg_loss	: 0.0224
-------------------------------------
[Epoch : 303/500]
Total_loss	: 0.0930
Coral_loss	: 0.0000
MMD_loss	: 2.2414
cond_ent_wt	: 4.8241
Src_reg_loss	: 0.0224
-------------------------------------
[Epoch : 304/500]
Total_loss	: 0.0930
Coral_loss	: 0.0000
MMD_loss	: 2.2407
cond_ent_wt	: 4.8240
Src_reg_loss	: 0.0223
-------------------------------------
[Epoch : 305/500]
Total_loss	: 0.0929
Coral_loss	: 0.0000
MMD_loss	: 2.2400
cond_ent_wt	: 4.8239
Src_reg_loss	: 0.0223
-------------------------------------
[Epoch : 306/500]
Total_loss	: 0.0929
Coral_loss	: 0.0000
MMD_loss	: 2.2393
cond_ent_wt	: 4.8238
Src_reg_loss	: 0.0223
-------------------------------------
[Epoch : 307/500]
Total_loss	: 0.0928
Coral_loss	: 0.0000
MMD_loss	: 2.2387
cond_ent_wt	: 4.8237
Src_reg_loss	: 0.0222
-------------------------------------
[Epoch : 308/500]
Total_loss	: 0.0928
Coral_loss	: 0.0000
MMD_loss	: 2.2380
cond_ent_wt	: 4.8236
Src_reg_loss	: 0.0222
-------------------------------------
[Epoch : 309/500]
Total_loss	: 0.0928
Coral_loss	: 0.0000
MMD_loss	: 2.2374
cond_ent_wt	: 4.8235
Src_reg_loss	: 0.0222
-------------------------------------
[Epoch : 310/500]
Total_loss	: 0.0927
Coral_loss	: 0.0000
MMD_loss	: 2.2368
cond_ent_wt	: 4.8234
Src_reg_loss	: 0.0221
-------------------------------------
[Epoch : 311/500]
Total_loss	: 0.0927
Coral_loss	: 0.0000
MMD_loss	: 2.2362
cond_ent_wt	: 4.8233
Src_reg_loss	: 0.0221
-------------------------------------
[Epoch : 312/500]
Total_loss	: 0.0926
Coral_loss	: 0.0000
MMD_loss	: 2.2357
cond_ent_wt	: 4.8231
Src_reg_loss	: 0.0221
-------------------------------------
[Epoch : 313/500]
Total_loss	: 0.0926
Coral_loss	: 0.0000
MMD_loss	: 2.2351
cond_ent_wt	: 4.8230
Src_reg_loss	: 0.0220
-------------------------------------
[Epoch : 314/500]
Total_loss	: 0.0926
Coral_loss	: 0.0000
MMD_loss	: 2.2346
cond_ent_wt	: 4.8229
Src_reg_loss	: 0.0220
-------------------------------------
[Epoch : 315/500]
Total_loss	: 0.0925
Coral_loss	: 0.0000
MMD_loss	: 2.2341
cond_ent_wt	: 4.8228
Src_reg_loss	: 0.0220
-------------------------------------
[Epoch : 316/500]
Total_loss	: 0.0925
Coral_loss	: 0.0000
MMD_loss	: 2.2336
cond_ent_wt	: 4.8227
Src_reg_loss	: 0.0219
-------------------------------------
[Epoch : 317/500]
Total_loss	: 0.0924
Coral_loss	: 0.0000
MMD_loss	: 2.2331
cond_ent_wt	: 4.8226
Src_reg_loss	: 0.0219
-------------------------------------
[Epoch : 318/500]
Total_loss	: 0.0924
Coral_loss	: 0.0000
MMD_loss	: 2.2327
cond_ent_wt	: 4.8225
Src_reg_loss	: 0.0219
-------------------------------------
[Epoch : 319/500]
Total_loss	: 0.0924
Coral_loss	: 0.0000
MMD_loss	: 2.2322
cond_ent_wt	: 4.8224
Src_reg_loss	: 0.0218
-------------------------------------
[Epoch : 320/500]
Total_loss	: 0.0923
Coral_loss	: 0.0000
MMD_loss	: 2.2318
cond_ent_wt	: 4.8222
Src_reg_loss	: 0.0218
-------------------------------------
[Epoch : 321/500]
Total_loss	: 0.0923
Coral_loss	: 0.0000
MMD_loss	: 2.2314
cond_ent_wt	: 4.8221
Src_reg_loss	: 0.0218
-------------------------------------
[Epoch : 322/500]
Total_loss	: 0.0923
Coral_loss	: 0.0000
MMD_loss	: 2.2310
cond_ent_wt	: 4.8220
Src_reg_loss	: 0.0217
-------------------------------------
[Epoch : 323/500]
Total_loss	: 0.0922
Coral_loss	: 0.0000
MMD_loss	: 2.2307
cond_ent_wt	: 4.8219
Src_reg_loss	: 0.0217
-------------------------------------
[Epoch : 324/500]
Total_loss	: 0.0922
Coral_loss	: 0.0000
MMD_loss	: 2.2303
cond_ent_wt	: 4.8218
Src_reg_loss	: 0.0217
-------------------------------------
[Epoch : 325/500]
Total_loss	: 0.0922
Coral_loss	: 0.0000
MMD_loss	: 2.2300
cond_ent_wt	: 4.8216
Src_reg_loss	: 0.0216
-------------------------------------
[Epoch : 326/500]
Total_loss	: 0.0921
Coral_loss	: 0.0000
MMD_loss	: 2.2297
cond_ent_wt	: 4.8215
Src_reg_loss	: 0.0216
-------------------------------------
[Epoch : 327/500]
Total_loss	: 0.0921
Coral_loss	: 0.0000
MMD_loss	: 2.2294
cond_ent_wt	: 4.8214
Src_reg_loss	: 0.0216
-------------------------------------
[Epoch : 328/500]
Total_loss	: 0.0920
Coral_loss	: 0.0000
MMD_loss	: 2.2291
cond_ent_wt	: 4.8213
Src_reg_loss	: 0.0215
-------------------------------------
[Epoch : 329/500]
Total_loss	: 0.0920
Coral_loss	: 0.0000
MMD_loss	: 2.2288
cond_ent_wt	: 4.8211
Src_reg_loss	: 0.0215
-------------------------------------
[Epoch : 330/500]
Total_loss	: 0.0920
Coral_loss	: 0.0000
MMD_loss	: 2.2286
cond_ent_wt	: 4.8210
Src_reg_loss	: 0.0215
-------------------------------------
[Epoch : 331/500]
Total_loss	: 0.0919
Coral_loss	: 0.0000
MMD_loss	: 2.2283
cond_ent_wt	: 4.8209
Src_reg_loss	: 0.0215
-------------------------------------
[Epoch : 332/500]
Total_loss	: 0.0919
Coral_loss	: 0.0000
MMD_loss	: 2.2281
cond_ent_wt	: 4.8208
Src_reg_loss	: 0.0214
-------------------------------------
[Epoch : 333/500]
Total_loss	: 0.0919
Coral_loss	: 0.0000
MMD_loss	: 2.2279
cond_ent_wt	: 4.8206
Src_reg_loss	: 0.0214
-------------------------------------
[Epoch : 334/500]
Total_loss	: 0.0918
Coral_loss	: 0.0000
MMD_loss	: 2.2277
cond_ent_wt	: 4.8205
Src_reg_loss	: 0.0214
-------------------------------------
[Epoch : 335/500]
Total_loss	: 0.0918
Coral_loss	: 0.0000
MMD_loss	: 2.2276
cond_ent_wt	: 4.8203
Src_reg_loss	: 0.0213
-------------------------------------
[Epoch : 336/500]
Total_loss	: 0.0918
Coral_loss	: 0.0000
MMD_loss	: 2.2274
cond_ent_wt	: 4.8202
Src_reg_loss	: 0.0213
-------------------------------------
[Epoch : 337/500]
Total_loss	: 0.0917
Coral_loss	: 0.0000
MMD_loss	: 2.2273
cond_ent_wt	: 4.8201
Src_reg_loss	: 0.0213
-------------------------------------
[Epoch : 338/500]
Total_loss	: 0.0917
Coral_loss	: 0.0000
MMD_loss	: 2.2271
cond_ent_wt	: 4.8199
Src_reg_loss	: 0.0212
-------------------------------------
[Epoch : 339/500]
Total_loss	: 0.0917
Coral_loss	: 0.0000
MMD_loss	: 2.2270
cond_ent_wt	: 4.8198
Src_reg_loss	: 0.0212
-------------------------------------
[Epoch : 340/500]
Total_loss	: 0.0917
Coral_loss	: 0.0000
MMD_loss	: 2.2269
cond_ent_wt	: 4.8196
Src_reg_loss	: 0.0212
-------------------------------------
[Epoch : 341/500]
Total_loss	: 0.0916
Coral_loss	: 0.0000
MMD_loss	: 2.2268
cond_ent_wt	: 4.8195
Src_reg_loss	: 0.0212
-------------------------------------
[Epoch : 342/500]
Total_loss	: 0.0916
Coral_loss	: 0.0000
MMD_loss	: 2.2268
cond_ent_wt	: 4.8194
Src_reg_loss	: 0.0211
-------------------------------------
[Epoch : 343/500]
Total_loss	: 0.0916
Coral_loss	: 0.0000
MMD_loss	: 2.2267
cond_ent_wt	: 4.8192
Src_reg_loss	: 0.0211
-------------------------------------
[Epoch : 344/500]
Total_loss	: 0.0915
Coral_loss	: 0.0000
MMD_loss	: 2.2267
cond_ent_wt	: 4.8191
Src_reg_loss	: 0.0211
-------------------------------------
[Epoch : 345/500]
Total_loss	: 0.0915
Coral_loss	: 0.0000
MMD_loss	: 2.2266
cond_ent_wt	: 4.8189
Src_reg_loss	: 0.0210
-------------------------------------
[Epoch : 346/500]
Total_loss	: 0.0915
Coral_loss	: 0.0000
MMD_loss	: 2.2266
cond_ent_wt	: 4.8188
Src_reg_loss	: 0.0210
-------------------------------------
[Epoch : 347/500]
Total_loss	: 0.0914
Coral_loss	: 0.0000
MMD_loss	: 2.2266
cond_ent_wt	: 4.8186
Src_reg_loss	: 0.0210
-------------------------------------
[Epoch : 348/500]
Total_loss	: 0.0914
Coral_loss	: 0.0000
MMD_loss	: 2.2266
cond_ent_wt	: 4.8185
Src_reg_loss	: 0.0210
-------------------------------------
[Epoch : 349/500]
Total_loss	: 0.0914
Coral_loss	: 0.0000
MMD_loss	: 2.2266
cond_ent_wt	: 4.8183
Src_reg_loss	: 0.0209
-------------------------------------
[Epoch : 350/500]
Total_loss	: 0.0914
Coral_loss	: 0.0000
MMD_loss	: 2.2267
cond_ent_wt	: 4.8181
Src_reg_loss	: 0.0209
-------------------------------------
[Epoch : 351/500]
Total_loss	: 0.0913
Coral_loss	: 0.0000
MMD_loss	: 2.2267
cond_ent_wt	: 4.8180
Src_reg_loss	: 0.0209
-------------------------------------
[Epoch : 352/500]
Total_loss	: 0.0913
Coral_loss	: 0.0000
MMD_loss	: 2.2268
cond_ent_wt	: 4.8178
Src_reg_loss	: 0.0208
-------------------------------------
[Epoch : 353/500]
Total_loss	: 0.0913
Coral_loss	: 0.0000
MMD_loss	: 2.2269
cond_ent_wt	: 4.8177
Src_reg_loss	: 0.0208
-------------------------------------
[Epoch : 354/500]
Total_loss	: 0.0912
Coral_loss	: 0.0000
MMD_loss	: 2.2269
cond_ent_wt	: 4.8175
Src_reg_loss	: 0.0208
-------------------------------------
[Epoch : 355/500]
Total_loss	: 0.0912
Coral_loss	: 0.0000
MMD_loss	: 2.2270
cond_ent_wt	: 4.8173
Src_reg_loss	: 0.0208
-------------------------------------
[Epoch : 356/500]
Total_loss	: 0.0912
Coral_loss	: 0.0000
MMD_loss	: 2.2271
cond_ent_wt	: 4.8172
Src_reg_loss	: 0.0207
-------------------------------------
[Epoch : 357/500]
Total_loss	: 0.0912
Coral_loss	: 0.0000
MMD_loss	: 2.2273
cond_ent_wt	: 4.8170
Src_reg_loss	: 0.0207
-------------------------------------
[Epoch : 358/500]
Total_loss	: 0.0911
Coral_loss	: 0.0000
MMD_loss	: 2.2274
cond_ent_wt	: 4.8168
Src_reg_loss	: 0.0207
-------------------------------------
[Epoch : 359/500]
Total_loss	: 0.0911
Coral_loss	: 0.0000
MMD_loss	: 2.2275
cond_ent_wt	: 4.8167
Src_reg_loss	: 0.0207
-------------------------------------
[Epoch : 360/500]
Total_loss	: 0.0911
Coral_loss	: 0.0000
MMD_loss	: 2.2277
cond_ent_wt	: 4.8165
Src_reg_loss	: 0.0206
-------------------------------------
[Epoch : 361/500]
Total_loss	: 0.0911
Coral_loss	: 0.0000
MMD_loss	: 2.2279
cond_ent_wt	: 4.8163
Src_reg_loss	: 0.0206
-------------------------------------
[Epoch : 362/500]
Total_loss	: 0.0910
Coral_loss	: 0.0000
MMD_loss	: 2.2280
cond_ent_wt	: 4.8161
Src_reg_loss	: 0.0206
-------------------------------------
[Epoch : 363/500]
Total_loss	: 0.0910
Coral_loss	: 0.0000
MMD_loss	: 2.2282
cond_ent_wt	: 4.8160
Src_reg_loss	: 0.0206
-------------------------------------
[Epoch : 364/500]
Total_loss	: 0.0910
Coral_loss	: 0.0000
MMD_loss	: 2.2284
cond_ent_wt	: 4.8158
Src_reg_loss	: 0.0205
-------------------------------------
[Epoch : 365/500]
Total_loss	: 0.0909
Coral_loss	: 0.0000
MMD_loss	: 2.2286
cond_ent_wt	: 4.8156
Src_reg_loss	: 0.0205
-------------------------------------
[Epoch : 366/500]
Total_loss	: 0.0909
Coral_loss	: 0.0000
MMD_loss	: 2.2288
cond_ent_wt	: 4.8154
Src_reg_loss	: 0.0205
-------------------------------------
[Epoch : 367/500]
Total_loss	: 0.0909
Coral_loss	: 0.0000
MMD_loss	: 2.2291
cond_ent_wt	: 4.8153
Src_reg_loss	: 0.0205
-------------------------------------
[Epoch : 368/500]
Total_loss	: 0.0909
Coral_loss	: 0.0000
MMD_loss	: 2.2293
cond_ent_wt	: 4.8151
Src_reg_loss	: 0.0204
-------------------------------------
[Epoch : 369/500]
Total_loss	: 0.0908
Coral_loss	: 0.0000
MMD_loss	: 2.2296
cond_ent_wt	: 4.8149
Src_reg_loss	: 0.0204
-------------------------------------
[Epoch : 370/500]
Total_loss	: 0.0908
Coral_loss	: 0.0000
MMD_loss	: 2.2298
cond_ent_wt	: 4.8147
Src_reg_loss	: 0.0204
-------------------------------------
[Epoch : 371/500]
Total_loss	: 0.0908
Coral_loss	: 0.0000
MMD_loss	: 2.2301
cond_ent_wt	: 4.8145
Src_reg_loss	: 0.0204
-------------------------------------
[Epoch : 372/500]
Total_loss	: 0.0908
Coral_loss	: 0.0000
MMD_loss	: 2.2304
cond_ent_wt	: 4.8143
Src_reg_loss	: 0.0203
-------------------------------------
[Epoch : 373/500]
Total_loss	: 0.0908
Coral_loss	: 0.0000
MMD_loss	: 2.2307
cond_ent_wt	: 4.8141
Src_reg_loss	: 0.0203
-------------------------------------
[Epoch : 374/500]
Total_loss	: 0.0907
Coral_loss	: 0.0000
MMD_loss	: 2.2310
cond_ent_wt	: 4.8140
Src_reg_loss	: 0.0203
-------------------------------------
[Epoch : 375/500]
Total_loss	: 0.0907
Coral_loss	: 0.0000
MMD_loss	: 2.2313
cond_ent_wt	: 4.8138
Src_reg_loss	: 0.0203
-------------------------------------
[Epoch : 376/500]
Total_loss	: 0.0907
Coral_loss	: 0.0000
MMD_loss	: 2.2316
cond_ent_wt	: 4.8136
Src_reg_loss	: 0.0202
-------------------------------------
[Epoch : 377/500]
Total_loss	: 0.0907
Coral_loss	: 0.0000
MMD_loss	: 2.2319
cond_ent_wt	: 4.8134
Src_reg_loss	: 0.0202
-------------------------------------
[Epoch : 378/500]
Total_loss	: 0.0906
Coral_loss	: 0.0000
MMD_loss	: 2.2322
cond_ent_wt	: 4.8132
Src_reg_loss	: 0.0202
-------------------------------------
[Epoch : 379/500]
Total_loss	: 0.0906
Coral_loss	: 0.0000
MMD_loss	: 2.2326
cond_ent_wt	: 4.8130
Src_reg_loss	: 0.0202
-------------------------------------
[Epoch : 380/500]
Total_loss	: 0.0906
Coral_loss	: 0.0000
MMD_loss	: 2.2329
cond_ent_wt	: 4.8128
Src_reg_loss	: 0.0201
-------------------------------------
[Epoch : 381/500]
Total_loss	: 0.0906
Coral_loss	: 0.0000
MMD_loss	: 2.2333
cond_ent_wt	: 4.8126
Src_reg_loss	: 0.0201
-------------------------------------
[Epoch : 382/500]
Total_loss	: 0.0905
Coral_loss	: 0.0000
MMD_loss	: 2.2337
cond_ent_wt	: 4.8124
Src_reg_loss	: 0.0201
-------------------------------------
[Epoch : 383/500]
Total_loss	: 0.0905
Coral_loss	: 0.0000
MMD_loss	: 2.2340
cond_ent_wt	: 4.8122
Src_reg_loss	: 0.0201
-------------------------------------
[Epoch : 384/500]
Total_loss	: 0.0905
Coral_loss	: 0.0000
MMD_loss	: 2.2344
cond_ent_wt	: 4.8120
Src_reg_loss	: 0.0200
-------------------------------------
[Epoch : 385/500]
Total_loss	: 0.0905
Coral_loss	: 0.0000
MMD_loss	: 2.2348
cond_ent_wt	: 4.8118
Src_reg_loss	: 0.0200
-------------------------------------
[Epoch : 386/500]
Total_loss	: 0.0905
Coral_loss	: 0.0000
MMD_loss	: 2.2352
cond_ent_wt	: 4.8116
Src_reg_loss	: 0.0200
-------------------------------------
[Epoch : 387/500]
Total_loss	: 0.0904
Coral_loss	: 0.0000
MMD_loss	: 2.2356
cond_ent_wt	: 4.8114
Src_reg_loss	: 0.0200
-------------------------------------
[Epoch : 388/500]
Total_loss	: 0.0904
Coral_loss	: 0.0000
MMD_loss	: 2.2360
cond_ent_wt	: 4.8112
Src_reg_loss	: 0.0199
-------------------------------------
[Epoch : 389/500]
Total_loss	: 0.0904
Coral_loss	: 0.0000
MMD_loss	: 2.2364
cond_ent_wt	: 4.8110
Src_reg_loss	: 0.0199
-------------------------------------
[Epoch : 390/500]
Total_loss	: 0.0904
Coral_loss	: 0.0000
MMD_loss	: 2.2369
cond_ent_wt	: 4.8108
Src_reg_loss	: 0.0199
-------------------------------------
[Epoch : 391/500]
Total_loss	: 0.0904
Coral_loss	: 0.0000
MMD_loss	: 2.2373
cond_ent_wt	: 4.8106
Src_reg_loss	: 0.0199
-------------------------------------
[Epoch : 392/500]
Total_loss	: 0.0903
Coral_loss	: 0.0000
MMD_loss	: 2.2377
cond_ent_wt	: 4.8104
Src_reg_loss	: 0.0199
-------------------------------------
[Epoch : 393/500]
Total_loss	: 0.0903
Coral_loss	: 0.0000
MMD_loss	: 2.2382
cond_ent_wt	: 4.8101
Src_reg_loss	: 0.0198
-------------------------------------
[Epoch : 394/500]
Total_loss	: 0.0903
Coral_loss	: 0.0000
MMD_loss	: 2.2387
cond_ent_wt	: 4.8099
Src_reg_loss	: 0.0198
-------------------------------------
[Epoch : 395/500]
Total_loss	: 0.0903
Coral_loss	: 0.0000
MMD_loss	: 2.2391
cond_ent_wt	: 4.8097
Src_reg_loss	: 0.0198
-------------------------------------
[Epoch : 396/500]
Total_loss	: 0.0903
Coral_loss	: 0.0000
MMD_loss	: 2.2396
cond_ent_wt	: 4.8095
Src_reg_loss	: 0.0198
-------------------------------------
[Epoch : 397/500]
Total_loss	: 0.0902
Coral_loss	: 0.0000
MMD_loss	: 2.2400
cond_ent_wt	: 4.8093
Src_reg_loss	: 0.0197
-------------------------------------
[Epoch : 398/500]
Total_loss	: 0.0902
Coral_loss	: 0.0000
MMD_loss	: 2.2405
cond_ent_wt	: 4.8091
Src_reg_loss	: 0.0197
-------------------------------------
[Epoch : 399/500]
Total_loss	: 0.0902
Coral_loss	: 0.0000
MMD_loss	: 2.2410
cond_ent_wt	: 4.8089
Src_reg_loss	: 0.0197
-------------------------------------
[Epoch : 400/500]
Total_loss	: 0.0902
Coral_loss	: 0.0000
MMD_loss	: 2.2415
cond_ent_wt	: 4.8086
Src_reg_loss	: 0.0197
-------------------------------------
[Epoch : 401/500]
Total_loss	: 0.0902
Coral_loss	: 0.0000
MMD_loss	: 2.2420
cond_ent_wt	: 4.8084
Src_reg_loss	: 0.0197
-------------------------------------
[Epoch : 402/500]
Total_loss	: 0.0901
Coral_loss	: 0.0000
MMD_loss	: 2.2425
cond_ent_wt	: 4.8082
Src_reg_loss	: 0.0196
-------------------------------------
[Epoch : 403/500]
Total_loss	: 0.0901
Coral_loss	: 0.0000
MMD_loss	: 2.2430
cond_ent_wt	: 4.8080
Src_reg_loss	: 0.0196
-------------------------------------
[Epoch : 404/500]
Total_loss	: 0.0901
Coral_loss	: 0.0000
MMD_loss	: 2.2435
cond_ent_wt	: 4.8078
Src_reg_loss	: 0.0196
-------------------------------------
[Epoch : 405/500]
Total_loss	: 0.0901
Coral_loss	: 0.0000
MMD_loss	: 2.2440
cond_ent_wt	: 4.8075
Src_reg_loss	: 0.0196
-------------------------------------
[Epoch : 406/500]
Total_loss	: 0.0901
Coral_loss	: 0.0000
MMD_loss	: 2.2445
cond_ent_wt	: 4.8073
Src_reg_loss	: 0.0195
-------------------------------------
[Epoch : 407/500]
Total_loss	: 0.0900
Coral_loss	: 0.0000
MMD_loss	: 2.2451
cond_ent_wt	: 4.8071
Src_reg_loss	: 0.0195
-------------------------------------
[Epoch : 408/500]
Total_loss	: 0.0900
Coral_loss	: 0.0000
MMD_loss	: 2.2456
cond_ent_wt	: 4.8069
Src_reg_loss	: 0.0195
-------------------------------------
[Epoch : 409/500]
Total_loss	: 0.0900
Coral_loss	: 0.0000
MMD_loss	: 2.2461
cond_ent_wt	: 4.8066
Src_reg_loss	: 0.0195
-------------------------------------
[Epoch : 410/500]
Total_loss	: 0.0900
Coral_loss	: 0.0000
MMD_loss	: 2.2467
cond_ent_wt	: 4.8064
Src_reg_loss	: 0.0195
-------------------------------------
[Epoch : 411/500]
Total_loss	: 0.0900
Coral_loss	: 0.0000
MMD_loss	: 2.2472
cond_ent_wt	: 4.8062
Src_reg_loss	: 0.0194
-------------------------------------
[Epoch : 412/500]
Total_loss	: 0.0900
Coral_loss	: 0.0000
MMD_loss	: 2.2478
cond_ent_wt	: 4.8060
Src_reg_loss	: 0.0194
-------------------------------------
[Epoch : 413/500]
Total_loss	: 0.0899
Coral_loss	: 0.0000
MMD_loss	: 2.2483
cond_ent_wt	: 4.8057
Src_reg_loss	: 0.0194
-------------------------------------
[Epoch : 414/500]
Total_loss	: 0.0899
Coral_loss	: 0.0000
MMD_loss	: 2.2489
cond_ent_wt	: 4.8055
Src_reg_loss	: 0.0194
-------------------------------------
[Epoch : 415/500]
Total_loss	: 0.0899
Coral_loss	: 0.0000
MMD_loss	: 2.2494
cond_ent_wt	: 4.8053
Src_reg_loss	: 0.0194
-------------------------------------
[Epoch : 416/500]
Total_loss	: 0.0899
Coral_loss	: 0.0000
MMD_loss	: 2.2500
cond_ent_wt	: 4.8050
Src_reg_loss	: 0.0193
-------------------------------------
[Epoch : 417/500]
Total_loss	: 0.0899
Coral_loss	: 0.0000
MMD_loss	: 2.2505
cond_ent_wt	: 4.8048
Src_reg_loss	: 0.0193
-------------------------------------
[Epoch : 418/500]
Total_loss	: 0.0898
Coral_loss	: 0.0000
MMD_loss	: 2.2511
cond_ent_wt	: 4.8046
Src_reg_loss	: 0.0193
-------------------------------------
[Epoch : 419/500]
Total_loss	: 0.0898
Coral_loss	: 0.0000
MMD_loss	: 2.2517
cond_ent_wt	: 4.8043
Src_reg_loss	: 0.0193
-------------------------------------
[Epoch : 420/500]
Total_loss	: 0.0898
Coral_loss	: 0.0000
MMD_loss	: 2.2523
cond_ent_wt	: 4.8041
Src_reg_loss	: 0.0192
-------------------------------------
[Epoch : 421/500]
Total_loss	: 0.0898
Coral_loss	: 0.0000
MMD_loss	: 2.2528
cond_ent_wt	: 4.8039
Src_reg_loss	: 0.0192
-------------------------------------
[Epoch : 422/500]
Total_loss	: 0.0898
Coral_loss	: 0.0000
MMD_loss	: 2.2534
cond_ent_wt	: 4.8036
Src_reg_loss	: 0.0192
-------------------------------------
[Epoch : 423/500]
Total_loss	: 0.0898
Coral_loss	: 0.0000
MMD_loss	: 2.2540
cond_ent_wt	: 4.8034
Src_reg_loss	: 0.0192
-------------------------------------
[Epoch : 424/500]
Total_loss	: 0.0897
Coral_loss	: 0.0000
MMD_loss	: 2.2546
cond_ent_wt	: 4.8032
Src_reg_loss	: 0.0192
-------------------------------------
[Epoch : 425/500]
Total_loss	: 0.0897
Coral_loss	: 0.0000
MMD_loss	: 2.2552
cond_ent_wt	: 4.8029
Src_reg_loss	: 0.0191
-------------------------------------
[Epoch : 426/500]
Total_loss	: 0.0897
Coral_loss	: 0.0000
MMD_loss	: 2.2557
cond_ent_wt	: 4.8027
Src_reg_loss	: 0.0191
-------------------------------------
[Epoch : 427/500]
Total_loss	: 0.0897
Coral_loss	: 0.0000
MMD_loss	: 2.2563
cond_ent_wt	: 4.8025
Src_reg_loss	: 0.0191
-------------------------------------
[Epoch : 428/500]
Total_loss	: 0.0897
Coral_loss	: 0.0000
MMD_loss	: 2.2569
cond_ent_wt	: 4.8022
Src_reg_loss	: 0.0191
-------------------------------------
[Epoch : 429/500]
Total_loss	: 0.0897
Coral_loss	: 0.0000
MMD_loss	: 2.2575
cond_ent_wt	: 4.8020
Src_reg_loss	: 0.0191
-------------------------------------
[Epoch : 430/500]
Total_loss	: 0.0896
Coral_loss	: 0.0000
MMD_loss	: 2.2581
cond_ent_wt	: 4.8017
Src_reg_loss	: 0.0190
-------------------------------------
[Epoch : 431/500]
Total_loss	: 0.0896
Coral_loss	: 0.0000
MMD_loss	: 2.2587
cond_ent_wt	: 4.8015
Src_reg_loss	: 0.0190
-------------------------------------
[Epoch : 432/500]
Total_loss	: 0.0896
Coral_loss	: 0.0000
MMD_loss	: 2.2593
cond_ent_wt	: 4.8012
Src_reg_loss	: 0.0190
-------------------------------------
[Epoch : 433/500]
Total_loss	: 0.0896
Coral_loss	: 0.0000
MMD_loss	: 2.2599
cond_ent_wt	: 4.8010
Src_reg_loss	: 0.0190
-------------------------------------
[Epoch : 434/500]
Total_loss	: 0.0896
Coral_loss	: 0.0000
MMD_loss	: 2.2605
cond_ent_wt	: 4.8008
Src_reg_loss	: 0.0190
-------------------------------------
[Epoch : 435/500]
Total_loss	: 0.0896
Coral_loss	: 0.0000
MMD_loss	: 2.2611
cond_ent_wt	: 4.8005
Src_reg_loss	: 0.0190
-------------------------------------
[Epoch : 436/500]
Total_loss	: 0.0896
Coral_loss	: 0.0000
MMD_loss	: 2.2617
cond_ent_wt	: 4.8003
Src_reg_loss	: 0.0189
-------------------------------------
[Epoch : 437/500]
Total_loss	: 0.0895
Coral_loss	: 0.0000
MMD_loss	: 2.2623
cond_ent_wt	: 4.8000
Src_reg_loss	: 0.0189
-------------------------------------
[Epoch : 438/500]
Total_loss	: 0.0895
Coral_loss	: 0.0000
MMD_loss	: 2.2629
cond_ent_wt	: 4.7998
Src_reg_loss	: 0.0189
-------------------------------------
[Epoch : 439/500]
Total_loss	: 0.0895
Coral_loss	: 0.0000
MMD_loss	: 2.2636
cond_ent_wt	: 4.7995
Src_reg_loss	: 0.0189
-------------------------------------
[Epoch : 440/500]
Total_loss	: 0.0895
Coral_loss	: 0.0000
MMD_loss	: 2.2642
cond_ent_wt	: 4.7993
Src_reg_loss	: 0.0189
-------------------------------------
[Epoch : 441/500]
Total_loss	: 0.0895
Coral_loss	: 0.0000
MMD_loss	: 2.2648
cond_ent_wt	: 4.7990
Src_reg_loss	: 0.0188
-------------------------------------
[Epoch : 442/500]
Total_loss	: 0.0895
Coral_loss	: 0.0000
MMD_loss	: 2.2654
cond_ent_wt	: 4.7988
Src_reg_loss	: 0.0188
-------------------------------------
[Epoch : 443/500]
Total_loss	: 0.0894
Coral_loss	: 0.0000
MMD_loss	: 2.2660
cond_ent_wt	: 4.7985
Src_reg_loss	: 0.0188
-------------------------------------
[Epoch : 444/500]
Total_loss	: 0.0894
Coral_loss	: 0.0000
MMD_loss	: 2.2666
cond_ent_wt	: 4.7983
Src_reg_loss	: 0.0188
-------------------------------------
[Epoch : 445/500]
Total_loss	: 0.0894
Coral_loss	: 0.0000
MMD_loss	: 2.2672
cond_ent_wt	: 4.7980
Src_reg_loss	: 0.0188
-------------------------------------
[Epoch : 446/500]
Total_loss	: 0.0894
Coral_loss	: 0.0000
MMD_loss	: 2.2678
cond_ent_wt	: 4.7978
Src_reg_loss	: 0.0187
-------------------------------------
[Epoch : 447/500]
Total_loss	: 0.0894
Coral_loss	: 0.0000
MMD_loss	: 2.2684
cond_ent_wt	: 4.7975
Src_reg_loss	: 0.0187
-------------------------------------
[Epoch : 448/500]
Total_loss	: 0.0894
Coral_loss	: 0.0000
MMD_loss	: 2.2690
cond_ent_wt	: 4.7973
Src_reg_loss	: 0.0187
-------------------------------------
[Epoch : 449/500]
Total_loss	: 0.0894
Coral_loss	: 0.0000
MMD_loss	: 2.2697
cond_ent_wt	: 4.7970
Src_reg_loss	: 0.0187
-------------------------------------
[Epoch : 450/500]
Total_loss	: 0.0893
Coral_loss	: 0.0000
MMD_loss	: 2.2703
cond_ent_wt	: 4.7968
Src_reg_loss	: 0.0187
-------------------------------------
[Epoch : 451/500]
Total_loss	: 0.0893
Coral_loss	: 0.0000
MMD_loss	: 2.2709
cond_ent_wt	: 4.7965
Src_reg_loss	: 0.0187
-------------------------------------
[Epoch : 452/500]
Total_loss	: 0.0893
Coral_loss	: 0.0000
MMD_loss	: 2.2715
cond_ent_wt	: 4.7963
Src_reg_loss	: 0.0186
-------------------------------------
[Epoch : 453/500]
Total_loss	: 0.0893
Coral_loss	: 0.0000
MMD_loss	: 2.2721
cond_ent_wt	: 4.7960
Src_reg_loss	: 0.0186
-------------------------------------
[Epoch : 454/500]
Total_loss	: 0.0893
Coral_loss	: 0.0000
MMD_loss	: 2.2727
cond_ent_wt	: 4.7958
Src_reg_loss	: 0.0186
-------------------------------------
[Epoch : 455/500]
Total_loss	: 0.0893
Coral_loss	: 0.0000
MMD_loss	: 2.2733
cond_ent_wt	: 4.7955
Src_reg_loss	: 0.0186
-------------------------------------
[Epoch : 456/500]
Total_loss	: 0.0893
Coral_loss	: 0.0000
MMD_loss	: 2.2740
cond_ent_wt	: 4.7952
Src_reg_loss	: 0.0186
-------------------------------------
[Epoch : 457/500]
Total_loss	: 0.0892
Coral_loss	: 0.0000
MMD_loss	: 2.2746
cond_ent_wt	: 4.7950
Src_reg_loss	: 0.0185
-------------------------------------
[Epoch : 458/500]
Total_loss	: 0.0892
Coral_loss	: 0.0000
MMD_loss	: 2.2752
cond_ent_wt	: 4.7947
Src_reg_loss	: 0.0185
-------------------------------------
[Epoch : 459/500]
Total_loss	: 0.0892
Coral_loss	: 0.0000
MMD_loss	: 2.2758
cond_ent_wt	: 4.7945
Src_reg_loss	: 0.0185
-------------------------------------
[Epoch : 460/500]
Total_loss	: 0.0892
Coral_loss	: 0.0000
MMD_loss	: 2.2764
cond_ent_wt	: 4.7942
Src_reg_loss	: 0.0185
-------------------------------------
[Epoch : 461/500]
Total_loss	: 0.0892
Coral_loss	: 0.0000
MMD_loss	: 2.2770
cond_ent_wt	: 4.7940
Src_reg_loss	: 0.0185
-------------------------------------
[Epoch : 462/500]
Total_loss	: 0.0892
Coral_loss	: 0.0000
MMD_loss	: 2.2777
cond_ent_wt	: 4.7937
Src_reg_loss	: 0.0185
-------------------------------------
[Epoch : 463/500]
Total_loss	: 0.0892
Coral_loss	: 0.0000
MMD_loss	: 2.2783
cond_ent_wt	: 4.7934
Src_reg_loss	: 0.0184
-------------------------------------
[Epoch : 464/500]
Total_loss	: 0.0891
Coral_loss	: 0.0000
MMD_loss	: 2.2789
cond_ent_wt	: 4.7932
Src_reg_loss	: 0.0184
-------------------------------------
[Epoch : 465/500]
Total_loss	: 0.0891
Coral_loss	: 0.0000
MMD_loss	: 2.2795
cond_ent_wt	: 4.7929
Src_reg_loss	: 0.0184
-------------------------------------
[Epoch : 466/500]
Total_loss	: 0.0891
Coral_loss	: 0.0000
MMD_loss	: 2.2801
cond_ent_wt	: 4.7927
Src_reg_loss	: 0.0184
-------------------------------------
[Epoch : 467/500]
Total_loss	: 0.0891
Coral_loss	: 0.0000
MMD_loss	: 2.2807
cond_ent_wt	: 4.7924
Src_reg_loss	: 0.0184
-------------------------------------
[Epoch : 468/500]
Total_loss	: 0.0891
Coral_loss	: 0.0000
MMD_loss	: 2.2813
cond_ent_wt	: 4.7922
Src_reg_loss	: 0.0184
-------------------------------------
[Epoch : 469/500]
Total_loss	: 0.0891
Coral_loss	: 0.0000
MMD_loss	: 2.2820
cond_ent_wt	: 4.7919
Src_reg_loss	: 0.0183
-------------------------------------
[Epoch : 470/500]
Total_loss	: 0.0891
Coral_loss	: 0.0000
MMD_loss	: 2.2826
cond_ent_wt	: 4.7916
Src_reg_loss	: 0.0183
-------------------------------------
[Epoch : 471/500]
Total_loss	: 0.0890
Coral_loss	: 0.0000
MMD_loss	: 2.2832
cond_ent_wt	: 4.7914
Src_reg_loss	: 0.0183
-------------------------------------
[Epoch : 472/500]
Total_loss	: 0.0890
Coral_loss	: 0.0000
MMD_loss	: 2.2838
cond_ent_wt	: 4.7911
Src_reg_loss	: 0.0183
-------------------------------------
[Epoch : 473/500]
Total_loss	: 0.0890
Coral_loss	: 0.0000
MMD_loss	: 2.2844
cond_ent_wt	: 4.7909
Src_reg_loss	: 0.0183
-------------------------------------
[Epoch : 474/500]
Total_loss	: 0.0890
Coral_loss	: 0.0000
MMD_loss	: 2.2850
cond_ent_wt	: 4.7906
Src_reg_loss	: 0.0183
-------------------------------------
[Epoch : 475/500]
Total_loss	: 0.0890
Coral_loss	: 0.0000
MMD_loss	: 2.2856
cond_ent_wt	: 4.7903
Src_reg_loss	: 0.0182
-------------------------------------
[Epoch : 476/500]
Total_loss	: 0.0890
Coral_loss	: 0.0000
MMD_loss	: 2.2862
cond_ent_wt	: 4.7901
Src_reg_loss	: 0.0182
-------------------------------------
[Epoch : 477/500]
Total_loss	: 0.0890
Coral_loss	: 0.0000
MMD_loss	: 2.2868
cond_ent_wt	: 4.7898
Src_reg_loss	: 0.0182
-------------------------------------
[Epoch : 478/500]
Total_loss	: 0.0890
Coral_loss	: 0.0000
MMD_loss	: 2.2874
cond_ent_wt	: 4.7896
Src_reg_loss	: 0.0182
-------------------------------------
[Epoch : 479/500]
Total_loss	: 0.0889
Coral_loss	: 0.0000
MMD_loss	: 2.2880
cond_ent_wt	: 4.7893
Src_reg_loss	: 0.0182
-------------------------------------
[Epoch : 480/500]
Total_loss	: 0.0889
Coral_loss	: 0.0000
MMD_loss	: 2.2886
cond_ent_wt	: 4.7890
Src_reg_loss	: 0.0182
-------------------------------------
[Epoch : 481/500]
Total_loss	: 0.0889
Coral_loss	: 0.0000
MMD_loss	: 2.2892
cond_ent_wt	: 4.7888
Src_reg_loss	: 0.0181
-------------------------------------
[Epoch : 482/500]
Total_loss	: 0.0889
Coral_loss	: 0.0000
MMD_loss	: 2.2898
cond_ent_wt	: 4.7885
Src_reg_loss	: 0.0181
-------------------------------------
[Epoch : 483/500]
Total_loss	: 0.0889
Coral_loss	: 0.0000
MMD_loss	: 2.2904
cond_ent_wt	: 4.7883
Src_reg_loss	: 0.0181
-------------------------------------
[Epoch : 484/500]
Total_loss	: 0.0889
Coral_loss	: 0.0000
MMD_loss	: 2.2910
cond_ent_wt	: 4.7880
Src_reg_loss	: 0.0181
-------------------------------------
[Epoch : 485/500]
Total_loss	: 0.0889
Coral_loss	: 0.0000
MMD_loss	: 2.2916
cond_ent_wt	: 4.7877
Src_reg_loss	: 0.0181
-------------------------------------
[Epoch : 486/500]
Total_loss	: 0.0889
Coral_loss	: 0.0000
MMD_loss	: 2.2922
cond_ent_wt	: 4.7875
Src_reg_loss	: 0.0181
-------------------------------------
[Epoch : 487/500]
Total_loss	: 0.0888
Coral_loss	: 0.0000
MMD_loss	: 2.2928
cond_ent_wt	: 4.7872
Src_reg_loss	: 0.0180
-------------------------------------
[Epoch : 488/500]
Total_loss	: 0.0888
Coral_loss	: 0.0000
MMD_loss	: 2.2933
cond_ent_wt	: 4.7869
Src_reg_loss	: 0.0180
-------------------------------------
[Epoch : 489/500]
Total_loss	: 0.0888
Coral_loss	: 0.0000
MMD_loss	: 2.2939
cond_ent_wt	: 4.7867
Src_reg_loss	: 0.0180
-------------------------------------
[Epoch : 490/500]
Total_loss	: 0.0888
Coral_loss	: 0.0000
MMD_loss	: 2.2945
cond_ent_wt	: 4.7864
Src_reg_loss	: 0.0180
-------------------------------------
[Epoch : 491/500]
Total_loss	: 0.0888
Coral_loss	: 0.0000
MMD_loss	: 2.2951
cond_ent_wt	: 4.7862
Src_reg_loss	: 0.0180
-------------------------------------
[Epoch : 492/500]
Total_loss	: 0.0888
Coral_loss	: 0.0000
MMD_loss	: 2.2956
cond_ent_wt	: 4.7859
Src_reg_loss	: 0.0180
-------------------------------------
[Epoch : 493/500]
Total_loss	: 0.0888
Coral_loss	: 0.0000
MMD_loss	: 2.2962
cond_ent_wt	: 4.7856
Src_reg_loss	: 0.0179
-------------------------------------
[Epoch : 494/500]
Total_loss	: 0.0888
Coral_loss	: 0.0000
MMD_loss	: 2.2968
cond_ent_wt	: 4.7854
Src_reg_loss	: 0.0179
-------------------------------------
[Epoch : 495/500]
Total_loss	: 0.0887
Coral_loss	: 0.0000
MMD_loss	: 2.2973
cond_ent_wt	: 4.7851
Src_reg_loss	: 0.0179
-------------------------------------
[Epoch : 496/500]
Total_loss	: 0.0887
Coral_loss	: 0.0000
MMD_loss	: 2.2979
cond_ent_wt	: 4.7849
Src_reg_loss	: 0.0179
-------------------------------------
[Epoch : 497/500]
Total_loss	: 0.0887
Coral_loss	: 0.0000
MMD_loss	: 2.2984
cond_ent_wt	: 4.7846
Src_reg_loss	: 0.0179
-------------------------------------
[Epoch : 498/500]
Total_loss	: 0.0887
Coral_loss	: 0.0000
MMD_loss	: 2.2990
cond_ent_wt	: 4.7843
Src_reg_loss	: 0.0179
-------------------------------------
[Epoch : 499/500]
Total_loss	: 0.0887
Coral_loss	: 0.0000
MMD_loss	: 2.2995
cond_ent_wt	: 4.7841
Src_reg_loss	: 0.0179
-------------------------------------
[Epoch : 500/500]
Total_loss	: 0.0887
Coral_loss	: 0.0000
MMD_loss	: 2.3001
cond_ent_wt	: 4.7838
Src_reg_loss	: 0.0178
-------------------------------------
