=============================================
Dataset: Airbox
Method:  MMDA
=============================================
Source: 0 ---> Target: 5
=============================================
[Epoch : 1/500]
Total_loss	: 0.3505
Coral_loss	: 0.0000
MMD_loss	: 3.0282
cond_ent_wt	: 4.8494
Src_reg_loss	: 0.2717
-------------------------------------
[Epoch : 2/500]
Total_loss	: 0.3354
Coral_loss	: 0.0000
MMD_loss	: 3.0261
cond_ent_wt	: 4.8492
Src_reg_loss	: 0.2567
-------------------------------------
[Epoch : 3/500]
Total_loss	: 0.3209
Coral_loss	: 0.0000
MMD_loss	: 3.0184
cond_ent_wt	: 4.8490
Src_reg_loss	: 0.2422
-------------------------------------
[Epoch : 4/500]
Total_loss	: 0.3062
Coral_loss	: 0.0000
MMD_loss	: 3.0047
cond_ent_wt	: 4.8486
Src_reg_loss	: 0.2276
-------------------------------------
[Epoch : 5/500]
Total_loss	: 0.2909
Coral_loss	: 0.0000
MMD_loss	: 2.9844
cond_ent_wt	: 4.8482
Src_reg_loss	: 0.2126
-------------------------------------
[Epoch : 6/500]
Total_loss	: 0.2752
Coral_loss	: 0.0000
MMD_loss	: 2.9567
cond_ent_wt	: 4.8476
Src_reg_loss	: 0.1971
-------------------------------------
[Epoch : 7/500]
Total_loss	: 0.2591
Coral_loss	: 0.0000
MMD_loss	: 2.9210
cond_ent_wt	: 4.8467
Src_reg_loss	: 0.1814
-------------------------------------
[Epoch : 8/500]
Total_loss	: 0.2433
Coral_loss	: 0.0000
MMD_loss	: 2.8774
cond_ent_wt	: 4.8456
Src_reg_loss	: 0.1661
-------------------------------------
[Epoch : 9/500]
Total_loss	: 0.2289
Coral_loss	: 0.0000
MMD_loss	: 2.8281
cond_ent_wt	: 4.8440
Src_reg_loss	: 0.1522
-------------------------------------
[Epoch : 10/500]
Total_loss	: 0.2173
Coral_loss	: 0.0000
MMD_loss	: 2.7787
cond_ent_wt	: 4.8422
Src_reg_loss	: 0.1411
-------------------------------------
[Epoch : 11/500]
Total_loss	: 0.2079
Coral_loss	: 0.0000
MMD_loss	: 2.7364
cond_ent_wt	: 4.8405
Src_reg_loss	: 0.1321
-------------------------------------
[Epoch : 12/500]
Total_loss	: 0.1998
Coral_loss	: 0.0000
MMD_loss	: 2.7047
cond_ent_wt	: 4.8392
Src_reg_loss	: 0.1244
-------------------------------------
[Epoch : 13/500]
Total_loss	: 0.1929
Coral_loss	: 0.0000
MMD_loss	: 2.6820
cond_ent_wt	: 4.8383
Src_reg_loss	: 0.1177
-------------------------------------
[Epoch : 14/500]
Total_loss	: 0.1870
Coral_loss	: 0.0000
MMD_loss	: 2.6655
cond_ent_wt	: 4.8377
Src_reg_loss	: 0.1120
-------------------------------------
[Epoch : 15/500]
Total_loss	: 0.1819
Coral_loss	: 0.0000
MMD_loss	: 2.6525
cond_ent_wt	: 4.8371
Src_reg_loss	: 0.1070
-------------------------------------
[Epoch : 16/500]
Total_loss	: 0.1775
Coral_loss	: 0.0000
MMD_loss	: 2.6415
cond_ent_wt	: 4.8366
Src_reg_loss	: 0.1027
-------------------------------------
[Epoch : 17/500]
Total_loss	: 0.1735
Coral_loss	: 0.0000
MMD_loss	: 2.6318
cond_ent_wt	: 4.8361
Src_reg_loss	: 0.0988
-------------------------------------
[Epoch : 18/500]
Total_loss	: 0.1700
Coral_loss	: 0.0000
MMD_loss	: 2.6237
cond_ent_wt	: 4.8357
Src_reg_loss	: 0.0954
-------------------------------------
[Epoch : 19/500]
Total_loss	: 0.1668
Coral_loss	: 0.0000
MMD_loss	: 2.6172
cond_ent_wt	: 4.8352
Src_reg_loss	: 0.0923
-------------------------------------
[Epoch : 20/500]
Total_loss	: 0.1640
Coral_loss	: 0.0000
MMD_loss	: 2.6127
cond_ent_wt	: 4.8349
Src_reg_loss	: 0.0895
-------------------------------------
[Epoch : 21/500]
Total_loss	: 0.1614
Coral_loss	: 0.0000
MMD_loss	: 2.6097
cond_ent_wt	: 4.8346
Src_reg_loss	: 0.0870
-------------------------------------
[Epoch : 22/500]
Total_loss	: 0.1591
Coral_loss	: 0.0000
MMD_loss	: 2.6081
cond_ent_wt	: 4.8343
Src_reg_loss	: 0.0847
-------------------------------------
[Epoch : 23/500]
Total_loss	: 0.1570
Coral_loss	: 0.0000
MMD_loss	: 2.6076
cond_ent_wt	: 4.8341
Src_reg_loss	: 0.0825
-------------------------------------
[Epoch : 24/500]
Total_loss	: 0.1550
Coral_loss	: 0.0000
MMD_loss	: 2.6079
cond_ent_wt	: 4.8339
Src_reg_loss	: 0.0806
-------------------------------------
[Epoch : 25/500]
Total_loss	: 0.1532
Coral_loss	: 0.0000
MMD_loss	: 2.6090
cond_ent_wt	: 4.8336
Src_reg_loss	: 0.0788
-------------------------------------
[Epoch : 26/500]
Total_loss	: 0.1516
Coral_loss	: 0.0000
MMD_loss	: 2.6108
cond_ent_wt	: 4.8335
Src_reg_loss	: 0.0771
-------------------------------------
[Epoch : 27/500]
Total_loss	: 0.1500
Coral_loss	: 0.0000
MMD_loss	: 2.6133
cond_ent_wt	: 4.8333
Src_reg_loss	: 0.0756
-------------------------------------
[Epoch : 28/500]
Total_loss	: 0.1486
Coral_loss	: 0.0000
MMD_loss	: 2.6165
cond_ent_wt	: 4.8331
Src_reg_loss	: 0.0741
-------------------------------------
[Epoch : 29/500]
Total_loss	: 0.1473
Coral_loss	: 0.0000
MMD_loss	: 2.6203
cond_ent_wt	: 4.8330
Src_reg_loss	: 0.0728
-------------------------------------
[Epoch : 30/500]
Total_loss	: 0.1461
Coral_loss	: 0.0000
MMD_loss	: 2.6245
cond_ent_wt	: 4.8329
Src_reg_loss	: 0.0715
-------------------------------------
[Epoch : 31/500]
Total_loss	: 0.1449
Coral_loss	: 0.0000
MMD_loss	: 2.6291
cond_ent_wt	: 4.8328
Src_reg_loss	: 0.0703
-------------------------------------
[Epoch : 32/500]
Total_loss	: 0.1439
Coral_loss	: 0.0000
MMD_loss	: 2.6340
cond_ent_wt	: 4.8327
Src_reg_loss	: 0.0692
-------------------------------------
[Epoch : 33/500]
Total_loss	: 0.1429
Coral_loss	: 0.0000
MMD_loss	: 2.6391
cond_ent_wt	: 4.8326
Src_reg_loss	: 0.0681
-------------------------------------
[Epoch : 34/500]
Total_loss	: 0.1419
Coral_loss	: 0.0000
MMD_loss	: 2.6442
cond_ent_wt	: 4.8325
Src_reg_loss	: 0.0671
-------------------------------------
[Epoch : 35/500]
Total_loss	: 0.1410
Coral_loss	: 0.0000
MMD_loss	: 2.6494
cond_ent_wt	: 4.8324
Src_reg_loss	: 0.0662
-------------------------------------
[Epoch : 36/500]
Total_loss	: 0.1401
Coral_loss	: 0.0000
MMD_loss	: 2.6545
cond_ent_wt	: 4.8324
Src_reg_loss	: 0.0653
-------------------------------------
[Epoch : 37/500]
Total_loss	: 0.1393
Coral_loss	: 0.0000
MMD_loss	: 2.6594
cond_ent_wt	: 4.8323
Src_reg_loss	: 0.0644
-------------------------------------
[Epoch : 38/500]
Total_loss	: 0.1386
Coral_loss	: 0.0000
MMD_loss	: 2.6639
cond_ent_wt	: 4.8322
Src_reg_loss	: 0.0636
-------------------------------------
[Epoch : 39/500]
Total_loss	: 0.1378
Coral_loss	: 0.0000
MMD_loss	: 2.6680
cond_ent_wt	: 4.8322
Src_reg_loss	: 0.0628
-------------------------------------
[Epoch : 40/500]
Total_loss	: 0.1371
Coral_loss	: 0.0000
MMD_loss	: 2.6716
cond_ent_wt	: 4.8322
Src_reg_loss	: 0.0621
-------------------------------------
[Epoch : 41/500]
Total_loss	: 0.1364
Coral_loss	: 0.0000
MMD_loss	: 2.6746
cond_ent_wt	: 4.8321
Src_reg_loss	: 0.0613
-------------------------------------
[Epoch : 42/500]
Total_loss	: 0.1357
Coral_loss	: 0.0000
MMD_loss	: 2.6770
cond_ent_wt	: 4.8321
Src_reg_loss	: 0.0606
-------------------------------------
[Epoch : 43/500]
Total_loss	: 0.1351
Coral_loss	: 0.0000
MMD_loss	: 2.6787
cond_ent_wt	: 4.8321
Src_reg_loss	: 0.0600
-------------------------------------
[Epoch : 44/500]
Total_loss	: 0.1345
Coral_loss	: 0.0000
MMD_loss	: 2.6797
cond_ent_wt	: 4.8321
Src_reg_loss	: 0.0593
-------------------------------------
[Epoch : 45/500]
Total_loss	: 0.1338
Coral_loss	: 0.0000
MMD_loss	: 2.6799
cond_ent_wt	: 4.8320
Src_reg_loss	: 0.0587
-------------------------------------
[Epoch : 46/500]
Total_loss	: 0.1332
Coral_loss	: 0.0000
MMD_loss	: 2.6794
cond_ent_wt	: 4.8320
Src_reg_loss	: 0.0581
-------------------------------------
[Epoch : 47/500]
Total_loss	: 0.1327
Coral_loss	: 0.0000
MMD_loss	: 2.6782
cond_ent_wt	: 4.8320
Src_reg_loss	: 0.0576
-------------------------------------
[Epoch : 48/500]
Total_loss	: 0.1321
Coral_loss	: 0.0000
MMD_loss	: 2.6763
cond_ent_wt	: 4.8320
Src_reg_loss	: 0.0570
-------------------------------------
[Epoch : 49/500]
Total_loss	: 0.1315
Coral_loss	: 0.0000
MMD_loss	: 2.6737
cond_ent_wt	: 4.8321
Src_reg_loss	: 0.0565
-------------------------------------
[Epoch : 50/500]
Total_loss	: 0.1310
Coral_loss	: 0.0000
MMD_loss	: 2.6704
cond_ent_wt	: 4.8321
Src_reg_loss	: 0.0559
-------------------------------------
[Epoch : 51/500]
Total_loss	: 0.1304
Coral_loss	: 0.0000
MMD_loss	: 2.6665
cond_ent_wt	: 4.8321
Src_reg_loss	: 0.0554
-------------------------------------
[Epoch : 52/500]
Total_loss	: 0.1299
Coral_loss	: 0.0000
MMD_loss	: 2.6619
cond_ent_wt	: 4.8321
Src_reg_loss	: 0.0549
-------------------------------------
[Epoch : 53/500]
Total_loss	: 0.1294
Coral_loss	: 0.0000
MMD_loss	: 2.6568
cond_ent_wt	: 4.8321
Src_reg_loss	: 0.0545
-------------------------------------
[Epoch : 54/500]
Total_loss	: 0.1288
Coral_loss	: 0.0000
MMD_loss	: 2.6511
cond_ent_wt	: 4.8321
Src_reg_loss	: 0.0540
-------------------------------------
[Epoch : 55/500]
Total_loss	: 0.1283
Coral_loss	: 0.0000
MMD_loss	: 2.6449
cond_ent_wt	: 4.8322
Src_reg_loss	: 0.0536
-------------------------------------
[Epoch : 56/500]
Total_loss	: 0.1278
Coral_loss	: 0.0000
MMD_loss	: 2.6382
cond_ent_wt	: 4.8322
Src_reg_loss	: 0.0531
-------------------------------------
[Epoch : 57/500]
Total_loss	: 0.1273
Coral_loss	: 0.0000
MMD_loss	: 2.6310
cond_ent_wt	: 4.8322
Src_reg_loss	: 0.0527
-------------------------------------
[Epoch : 58/500]
Total_loss	: 0.1268
Coral_loss	: 0.0000
MMD_loss	: 2.6234
cond_ent_wt	: 4.8323
Src_reg_loss	: 0.0523
-------------------------------------
[Epoch : 59/500]
Total_loss	: 0.1263
Coral_loss	: 0.0000
MMD_loss	: 2.6153
cond_ent_wt	: 4.8323
Src_reg_loss	: 0.0519
-------------------------------------
[Epoch : 60/500]
Total_loss	: 0.1259
Coral_loss	: 0.0000
MMD_loss	: 2.6069
cond_ent_wt	: 4.8323
Src_reg_loss	: 0.0515
-------------------------------------
[Epoch : 61/500]
Total_loss	: 0.1254
Coral_loss	: 0.0000
MMD_loss	: 2.5980
cond_ent_wt	: 4.8324
Src_reg_loss	: 0.0511
-------------------------------------
[Epoch : 62/500]
Total_loss	: 0.1249
Coral_loss	: 0.0000
MMD_loss	: 2.5889
cond_ent_wt	: 4.8324
Src_reg_loss	: 0.0507
-------------------------------------
[Epoch : 63/500]
Total_loss	: 0.1245
Coral_loss	: 0.0000
MMD_loss	: 2.5793
cond_ent_wt	: 4.8324
Src_reg_loss	: 0.0503
-------------------------------------
[Epoch : 64/500]
Total_loss	: 0.1240
Coral_loss	: 0.0000
MMD_loss	: 2.5695
cond_ent_wt	: 4.8325
Src_reg_loss	: 0.0500
-------------------------------------
[Epoch : 65/500]
Total_loss	: 0.1235
Coral_loss	: 0.0000
MMD_loss	: 2.5594
cond_ent_wt	: 4.8325
Src_reg_loss	: 0.0496
-------------------------------------
[Epoch : 66/500]
Total_loss	: 0.1231
Coral_loss	: 0.0000
MMD_loss	: 2.5490
cond_ent_wt	: 4.8326
Src_reg_loss	: 0.0493
-------------------------------------
[Epoch : 67/500]
Total_loss	: 0.1227
Coral_loss	: 0.0000
MMD_loss	: 2.5384
cond_ent_wt	: 4.8326
Src_reg_loss	: 0.0490
-------------------------------------
[Epoch : 68/500]
Total_loss	: 0.1222
Coral_loss	: 0.0000
MMD_loss	: 2.5275
cond_ent_wt	: 4.8326
Src_reg_loss	: 0.0486
-------------------------------------
[Epoch : 69/500]
Total_loss	: 0.1218
Coral_loss	: 0.0000
MMD_loss	: 2.5165
cond_ent_wt	: 4.8326
Src_reg_loss	: 0.0483
-------------------------------------
[Epoch : 70/500]
Total_loss	: 0.1214
Coral_loss	: 0.0000
MMD_loss	: 2.5054
cond_ent_wt	: 4.8327
Src_reg_loss	: 0.0480
-------------------------------------
[Epoch : 71/500]
Total_loss	: 0.1210
Coral_loss	: 0.0000
MMD_loss	: 2.4941
cond_ent_wt	: 4.8327
Src_reg_loss	: 0.0477
-------------------------------------
[Epoch : 72/500]
Total_loss	: 0.1205
Coral_loss	: 0.0000
MMD_loss	: 2.4828
cond_ent_wt	: 4.8327
Src_reg_loss	: 0.0474
-------------------------------------
[Epoch : 73/500]
Total_loss	: 0.1201
Coral_loss	: 0.0000
MMD_loss	: 2.4713
cond_ent_wt	: 4.8328
Src_reg_loss	: 0.0471
-------------------------------------
[Epoch : 74/500]
Total_loss	: 0.1197
Coral_loss	: 0.0000
MMD_loss	: 2.4598
cond_ent_wt	: 4.8328
Src_reg_loss	: 0.0468
-------------------------------------
[Epoch : 75/500]
Total_loss	: 0.1193
Coral_loss	: 0.0000
MMD_loss	: 2.4483
cond_ent_wt	: 4.8328
Src_reg_loss	: 0.0465
-------------------------------------
[Epoch : 76/500]
Total_loss	: 0.1190
Coral_loss	: 0.0000
MMD_loss	: 2.4368
cond_ent_wt	: 4.8328
Src_reg_loss	: 0.0463
-------------------------------------
[Epoch : 77/500]
Total_loss	: 0.1186
Coral_loss	: 0.0000
MMD_loss	: 2.4254
cond_ent_wt	: 4.8328
Src_reg_loss	: 0.0460
-------------------------------------
[Epoch : 78/500]
Total_loss	: 0.1182
Coral_loss	: 0.0000
MMD_loss	: 2.4139
cond_ent_wt	: 4.8328
Src_reg_loss	: 0.0457
-------------------------------------
[Epoch : 79/500]
Total_loss	: 0.1178
Coral_loss	: 0.0000
MMD_loss	: 2.4026
cond_ent_wt	: 4.8328
Src_reg_loss	: 0.0455
-------------------------------------
[Epoch : 80/500]
Total_loss	: 0.1174
Coral_loss	: 0.0000
MMD_loss	: 2.3913
cond_ent_wt	: 4.8329
Src_reg_loss	: 0.0452
-------------------------------------
[Epoch : 81/500]
Total_loss	: 0.1171
Coral_loss	: 0.0000
MMD_loss	: 2.3801
cond_ent_wt	: 4.8329
Src_reg_loss	: 0.0450
-------------------------------------
[Epoch : 82/500]
Total_loss	: 0.1167
Coral_loss	: 0.0000
MMD_loss	: 2.3690
cond_ent_wt	: 4.8329
Src_reg_loss	: 0.0447
-------------------------------------
[Epoch : 83/500]
Total_loss	: 0.1164
Coral_loss	: 0.0000
MMD_loss	: 2.3580
cond_ent_wt	: 4.8329
Src_reg_loss	: 0.0445
-------------------------------------
[Epoch : 84/500]
Total_loss	: 0.1160
Coral_loss	: 0.0000
MMD_loss	: 2.3471
cond_ent_wt	: 4.8329
Src_reg_loss	: 0.0442
-------------------------------------
[Epoch : 85/500]
Total_loss	: 0.1157
Coral_loss	: 0.0000
MMD_loss	: 2.3364
cond_ent_wt	: 4.8329
Src_reg_loss	: 0.0440
-------------------------------------
[Epoch : 86/500]
Total_loss	: 0.1153
Coral_loss	: 0.0000
MMD_loss	: 2.3258
cond_ent_wt	: 4.8329
Src_reg_loss	: 0.0437
-------------------------------------
[Epoch : 87/500]
Total_loss	: 0.1150
Coral_loss	: 0.0000
MMD_loss	: 2.3154
cond_ent_wt	: 4.8329
Src_reg_loss	: 0.0435
-------------------------------------
[Epoch : 88/500]
Total_loss	: 0.1147
Coral_loss	: 0.0000
MMD_loss	: 2.3051
cond_ent_wt	: 4.8329
Src_reg_loss	: 0.0433
-------------------------------------
[Epoch : 89/500]
Total_loss	: 0.1143
Coral_loss	: 0.0000
MMD_loss	: 2.2950
cond_ent_wt	: 4.8329
Src_reg_loss	: 0.0431
-------------------------------------
[Epoch : 90/500]
Total_loss	: 0.1140
Coral_loss	: 0.0000
MMD_loss	: 2.2850
cond_ent_wt	: 4.8329
Src_reg_loss	: 0.0428
-------------------------------------
[Epoch : 91/500]
Total_loss	: 0.1137
Coral_loss	: 0.0000
MMD_loss	: 2.2753
cond_ent_wt	: 4.8328
Src_reg_loss	: 0.0426
-------------------------------------
[Epoch : 92/500]
Total_loss	: 0.1134
Coral_loss	: 0.0000
MMD_loss	: 2.2657
cond_ent_wt	: 4.8328
Src_reg_loss	: 0.0424
-------------------------------------
[Epoch : 93/500]
Total_loss	: 0.1131
Coral_loss	: 0.0000
MMD_loss	: 2.2563
cond_ent_wt	: 4.8328
Src_reg_loss	: 0.0422
-------------------------------------
[Epoch : 94/500]
Total_loss	: 0.1128
Coral_loss	: 0.0000
MMD_loss	: 2.2471
cond_ent_wt	: 4.8328
Src_reg_loss	: 0.0420
-------------------------------------
[Epoch : 95/500]
Total_loss	: 0.1125
Coral_loss	: 0.0000
MMD_loss	: 2.2380
cond_ent_wt	: 4.8328
Src_reg_loss	: 0.0418
-------------------------------------
[Epoch : 96/500]
Total_loss	: 0.1122
Coral_loss	: 0.0000
MMD_loss	: 2.2292
cond_ent_wt	: 4.8328
Src_reg_loss	: 0.0416
-------------------------------------
[Epoch : 97/500]
Total_loss	: 0.1119
Coral_loss	: 0.0000
MMD_loss	: 2.2206
cond_ent_wt	: 4.8327
Src_reg_loss	: 0.0414
-------------------------------------
[Epoch : 98/500]
Total_loss	: 0.1116
Coral_loss	: 0.0000
MMD_loss	: 2.2121
cond_ent_wt	: 4.8327
Src_reg_loss	: 0.0412
-------------------------------------
[Epoch : 99/500]
Total_loss	: 0.1113
Coral_loss	: 0.0000
MMD_loss	: 2.2039
cond_ent_wt	: 4.8327
Src_reg_loss	: 0.0410
-------------------------------------
[Epoch : 100/500]
Total_loss	: 0.1111
Coral_loss	: 0.0000
MMD_loss	: 2.1958
cond_ent_wt	: 4.8327
Src_reg_loss	: 0.0408
-------------------------------------
[Epoch : 101/500]
Total_loss	: 0.1108
Coral_loss	: 0.0000
MMD_loss	: 2.1880
cond_ent_wt	: 4.8327
Src_reg_loss	: 0.0406
-------------------------------------
[Epoch : 102/500]
Total_loss	: 0.1105
Coral_loss	: 0.0000
MMD_loss	: 2.1804
cond_ent_wt	: 4.8326
Src_reg_loss	: 0.0404
-------------------------------------
[Epoch : 103/500]
Total_loss	: 0.1102
Coral_loss	: 0.0000
MMD_loss	: 2.1730
cond_ent_wt	: 4.8326
Src_reg_loss	: 0.0402
-------------------------------------
[Epoch : 104/500]
Total_loss	: 0.1100
Coral_loss	: 0.0000
MMD_loss	: 2.1658
cond_ent_wt	: 4.8326
Src_reg_loss	: 0.0400
-------------------------------------
[Epoch : 105/500]
Total_loss	: 0.1097
Coral_loss	: 0.0000
MMD_loss	: 2.1589
cond_ent_wt	: 4.8325
Src_reg_loss	: 0.0398
-------------------------------------
[Epoch : 106/500]
Total_loss	: 0.1095
Coral_loss	: 0.0000
MMD_loss	: 2.1522
cond_ent_wt	: 4.8325
Src_reg_loss	: 0.0396
-------------------------------------
[Epoch : 107/500]
Total_loss	: 0.1092
Coral_loss	: 0.0000
MMD_loss	: 2.1457
cond_ent_wt	: 4.8325
Src_reg_loss	: 0.0394
-------------------------------------
[Epoch : 108/500]
Total_loss	: 0.1090
Coral_loss	: 0.0000
MMD_loss	: 2.1395
cond_ent_wt	: 4.8324
Src_reg_loss	: 0.0393
-------------------------------------
[Epoch : 109/500]
Total_loss	: 0.1087
Coral_loss	: 0.0000
MMD_loss	: 2.1335
cond_ent_wt	: 4.8324
Src_reg_loss	: 0.0391
-------------------------------------
[Epoch : 110/500]
Total_loss	: 0.1085
Coral_loss	: 0.0000
MMD_loss	: 2.1278
cond_ent_wt	: 4.8324
Src_reg_loss	: 0.0389
-------------------------------------
[Epoch : 111/500]
Total_loss	: 0.1083
Coral_loss	: 0.0000
MMD_loss	: 2.1223
cond_ent_wt	: 4.8323
Src_reg_loss	: 0.0387
-------------------------------------
[Epoch : 112/500]
Total_loss	: 0.1081
Coral_loss	: 0.0000
MMD_loss	: 2.1170
cond_ent_wt	: 4.8323
Src_reg_loss	: 0.0386
-------------------------------------
[Epoch : 113/500]
Total_loss	: 0.1078
Coral_loss	: 0.0000
MMD_loss	: 2.1120
cond_ent_wt	: 4.8322
Src_reg_loss	: 0.0384
-------------------------------------
[Epoch : 114/500]
Total_loss	: 0.1076
Coral_loss	: 0.0000
MMD_loss	: 2.1072
cond_ent_wt	: 4.8322
Src_reg_loss	: 0.0382
-------------------------------------
[Epoch : 115/500]
Total_loss	: 0.1074
Coral_loss	: 0.0000
MMD_loss	: 2.1026
cond_ent_wt	: 4.8321
Src_reg_loss	: 0.0381
-------------------------------------
[Epoch : 116/500]
Total_loss	: 0.1072
Coral_loss	: 0.0000
MMD_loss	: 2.0983
cond_ent_wt	: 4.8321
Src_reg_loss	: 0.0379
-------------------------------------
[Epoch : 117/500]
Total_loss	: 0.1070
Coral_loss	: 0.0000
MMD_loss	: 2.0942
cond_ent_wt	: 4.8320
Src_reg_loss	: 0.0377
-------------------------------------
[Epoch : 118/500]
Total_loss	: 0.1068
Coral_loss	: 0.0000
MMD_loss	: 2.0903
cond_ent_wt	: 4.8320
Src_reg_loss	: 0.0376
-------------------------------------
[Epoch : 119/500]
Total_loss	: 0.1066
Coral_loss	: 0.0000
MMD_loss	: 2.0867
cond_ent_wt	: 4.8319
Src_reg_loss	: 0.0374
-------------------------------------
[Epoch : 120/500]
Total_loss	: 0.1064
Coral_loss	: 0.0000
MMD_loss	: 2.0833
cond_ent_wt	: 4.8319
Src_reg_loss	: 0.0372
-------------------------------------
[Epoch : 121/500]
Total_loss	: 0.1062
Coral_loss	: 0.0000
MMD_loss	: 2.0800
cond_ent_wt	: 4.8318
Src_reg_loss	: 0.0371
-------------------------------------
[Epoch : 122/500]
Total_loss	: 0.1060
Coral_loss	: 0.0000
MMD_loss	: 2.0770
cond_ent_wt	: 4.8318
Src_reg_loss	: 0.0369
-------------------------------------
[Epoch : 123/500]
Total_loss	: 0.1058
Coral_loss	: 0.0000
MMD_loss	: 2.0741
cond_ent_wt	: 4.8317
Src_reg_loss	: 0.0368
-------------------------------------
[Epoch : 124/500]
Total_loss	: 0.1057
Coral_loss	: 0.0000
MMD_loss	: 2.0715
cond_ent_wt	: 4.8317
Src_reg_loss	: 0.0366
-------------------------------------
[Epoch : 125/500]
Total_loss	: 0.1055
Coral_loss	: 0.0000
MMD_loss	: 2.0690
cond_ent_wt	: 4.8316
Src_reg_loss	: 0.0365
-------------------------------------
[Epoch : 126/500]
Total_loss	: 0.1053
Coral_loss	: 0.0000
MMD_loss	: 2.0666
cond_ent_wt	: 4.8316
Src_reg_loss	: 0.0363
-------------------------------------
[Epoch : 127/500]
Total_loss	: 0.1051
Coral_loss	: 0.0000
MMD_loss	: 2.0644
cond_ent_wt	: 4.8315
Src_reg_loss	: 0.0362
-------------------------------------
[Epoch : 128/500]
Total_loss	: 0.1050
Coral_loss	: 0.0000
MMD_loss	: 2.0623
cond_ent_wt	: 4.8315
Src_reg_loss	: 0.0360
-------------------------------------
[Epoch : 129/500]
Total_loss	: 0.1048
Coral_loss	: 0.0000
MMD_loss	: 2.0604
cond_ent_wt	: 4.8314
Src_reg_loss	: 0.0359
-------------------------------------
[Epoch : 130/500]
Total_loss	: 0.1047
Coral_loss	: 0.0000
MMD_loss	: 2.0586
cond_ent_wt	: 4.8313
Src_reg_loss	: 0.0358
-------------------------------------
[Epoch : 131/500]
Total_loss	: 0.1045
Coral_loss	: 0.0000
MMD_loss	: 2.0570
cond_ent_wt	: 4.8313
Src_reg_loss	: 0.0356
-------------------------------------
[Epoch : 132/500]
Total_loss	: 0.1044
Coral_loss	: 0.0000
MMD_loss	: 2.0554
cond_ent_wt	: 4.8312
Src_reg_loss	: 0.0355
-------------------------------------
[Epoch : 133/500]
Total_loss	: 0.1042
Coral_loss	: 0.0000
MMD_loss	: 2.0540
cond_ent_wt	: 4.8312
Src_reg_loss	: 0.0354
-------------------------------------
[Epoch : 134/500]
Total_loss	: 0.1041
Coral_loss	: 0.0000
MMD_loss	: 2.0526
cond_ent_wt	: 4.8311
Src_reg_loss	: 0.0352
-------------------------------------
[Epoch : 135/500]
Total_loss	: 0.1039
Coral_loss	: 0.0000
MMD_loss	: 2.0514
cond_ent_wt	: 4.8311
Src_reg_loss	: 0.0351
-------------------------------------
[Epoch : 136/500]
Total_loss	: 0.1038
Coral_loss	: 0.0000
MMD_loss	: 2.0502
cond_ent_wt	: 4.8310
Src_reg_loss	: 0.0350
-------------------------------------
[Epoch : 137/500]
Total_loss	: 0.1036
Coral_loss	: 0.0000
MMD_loss	: 2.0492
cond_ent_wt	: 4.8310
Src_reg_loss	: 0.0348
-------------------------------------
[Epoch : 138/500]
Total_loss	: 0.1035
Coral_loss	: 0.0000
MMD_loss	: 2.0482
cond_ent_wt	: 4.8309
Src_reg_loss	: 0.0347
-------------------------------------
[Epoch : 139/500]
Total_loss	: 0.1034
Coral_loss	: 0.0000
MMD_loss	: 2.0473
cond_ent_wt	: 4.8308
Src_reg_loss	: 0.0346
-------------------------------------
[Epoch : 140/500]
Total_loss	: 0.1032
Coral_loss	: 0.0000
MMD_loss	: 2.0465
cond_ent_wt	: 4.8308
Src_reg_loss	: 0.0344
-------------------------------------
[Epoch : 141/500]
Total_loss	: 0.1031
Coral_loss	: 0.0000
MMD_loss	: 2.0457
cond_ent_wt	: 4.8307
Src_reg_loss	: 0.0343
-------------------------------------
[Epoch : 142/500]
Total_loss	: 0.1030
Coral_loss	: 0.0000
MMD_loss	: 2.0450
cond_ent_wt	: 4.8307
Src_reg_loss	: 0.0342
-------------------------------------
[Epoch : 143/500]
Total_loss	: 0.1028
Coral_loss	: 0.0000
MMD_loss	: 2.0444
cond_ent_wt	: 4.8306
Src_reg_loss	: 0.0341
-------------------------------------
[Epoch : 144/500]
Total_loss	: 0.1027
Coral_loss	: 0.0000
MMD_loss	: 2.0439
cond_ent_wt	: 4.8305
Src_reg_loss	: 0.0340
-------------------------------------
[Epoch : 145/500]
Total_loss	: 0.1026
Coral_loss	: 0.0000
MMD_loss	: 2.0434
cond_ent_wt	: 4.8305
Src_reg_loss	: 0.0338
-------------------------------------
[Epoch : 146/500]
Total_loss	: 0.1025
Coral_loss	: 0.0000
MMD_loss	: 2.0429
cond_ent_wt	: 4.8304
Src_reg_loss	: 0.0337
-------------------------------------
[Epoch : 147/500]
Total_loss	: 0.1023
Coral_loss	: 0.0000
MMD_loss	: 2.0425
cond_ent_wt	: 4.8304
Src_reg_loss	: 0.0336
-------------------------------------
[Epoch : 148/500]
Total_loss	: 0.1022
Coral_loss	: 0.0000
MMD_loss	: 2.0422
cond_ent_wt	: 4.8303
Src_reg_loss	: 0.0335
-------------------------------------
[Epoch : 149/500]
Total_loss	: 0.1021
Coral_loss	: 0.0000
MMD_loss	: 2.0419
cond_ent_wt	: 4.8302
Src_reg_loss	: 0.0334
-------------------------------------
[Epoch : 150/500]
Total_loss	: 0.1020
Coral_loss	: 0.0000
MMD_loss	: 2.0417
cond_ent_wt	: 4.8302
Src_reg_loss	: 0.0333
-------------------------------------
[Epoch : 151/500]
Total_loss	: 0.1019
Coral_loss	: 0.0000
MMD_loss	: 2.0415
cond_ent_wt	: 4.8301
Src_reg_loss	: 0.0332
-------------------------------------
[Epoch : 152/500]
Total_loss	: 0.1018
Coral_loss	: 0.0000
MMD_loss	: 2.0413
cond_ent_wt	: 4.8301
Src_reg_loss	: 0.0330
-------------------------------------
[Epoch : 153/500]
Total_loss	: 0.1016
Coral_loss	: 0.0000
MMD_loss	: 2.0412
cond_ent_wt	: 4.8300
Src_reg_loss	: 0.0329
-------------------------------------
[Epoch : 154/500]
Total_loss	: 0.1015
Coral_loss	: 0.0000
MMD_loss	: 2.0411
cond_ent_wt	: 4.8299
Src_reg_loss	: 0.0328
-------------------------------------
[Epoch : 155/500]
Total_loss	: 0.1014
Coral_loss	: 0.0000
MMD_loss	: 2.0411
cond_ent_wt	: 4.8299
Src_reg_loss	: 0.0327
-------------------------------------
[Epoch : 156/500]
Total_loss	: 0.1013
Coral_loss	: 0.0000
MMD_loss	: 2.0411
cond_ent_wt	: 4.8298
Src_reg_loss	: 0.0326
-------------------------------------
[Epoch : 157/500]
Total_loss	: 0.1012
Coral_loss	: 0.0000
MMD_loss	: 2.0411
cond_ent_wt	: 4.8298
Src_reg_loss	: 0.0325
-------------------------------------
[Epoch : 158/500]
Total_loss	: 0.1011
Coral_loss	: 0.0000
MMD_loss	: 2.0411
cond_ent_wt	: 4.8297
Src_reg_loss	: 0.0324
-------------------------------------
[Epoch : 159/500]
Total_loss	: 0.1010
Coral_loss	: 0.0000
MMD_loss	: 2.0412
cond_ent_wt	: 4.8296
Src_reg_loss	: 0.0323
-------------------------------------
[Epoch : 160/500]
Total_loss	: 0.1009
Coral_loss	: 0.0000
MMD_loss	: 2.0413
cond_ent_wt	: 4.8296
Src_reg_loss	: 0.0322
-------------------------------------
[Epoch : 161/500]
Total_loss	: 0.1008
Coral_loss	: 0.0000
MMD_loss	: 2.0414
cond_ent_wt	: 4.8295
Src_reg_loss	: 0.0321
-------------------------------------
[Epoch : 162/500]
Total_loss	: 0.1007
Coral_loss	: 0.0000
MMD_loss	: 2.0415
cond_ent_wt	: 4.8294
Src_reg_loss	: 0.0320
-------------------------------------
[Epoch : 163/500]
Total_loss	: 0.1006
Coral_loss	: 0.0000
MMD_loss	: 2.0417
cond_ent_wt	: 4.8294
Src_reg_loss	: 0.0319
-------------------------------------
[Epoch : 164/500]
Total_loss	: 0.1005
Coral_loss	: 0.0000
MMD_loss	: 2.0419
cond_ent_wt	: 4.8293
Src_reg_loss	: 0.0318
-------------------------------------
[Epoch : 165/500]
Total_loss	: 0.1004
Coral_loss	: 0.0000
MMD_loss	: 2.0421
cond_ent_wt	: 4.8293
Src_reg_loss	: 0.0317
-------------------------------------
[Epoch : 166/500]
Total_loss	: 0.1003
Coral_loss	: 0.0000
MMD_loss	: 2.0423
cond_ent_wt	: 4.8292
Src_reg_loss	: 0.0316
-------------------------------------
[Epoch : 167/500]
Total_loss	: 0.1002
Coral_loss	: 0.0000
MMD_loss	: 2.0426
cond_ent_wt	: 4.8291
Src_reg_loss	: 0.0315
-------------------------------------
[Epoch : 168/500]
Total_loss	: 0.1001
Coral_loss	: 0.0000
MMD_loss	: 2.0429
cond_ent_wt	: 4.8291
Src_reg_loss	: 0.0314
-------------------------------------
[Epoch : 169/500]
Total_loss	: 0.1000
Coral_loss	: 0.0000
MMD_loss	: 2.0431
cond_ent_wt	: 4.8290
Src_reg_loss	: 0.0313
-------------------------------------
[Epoch : 170/500]
Total_loss	: 0.1000
Coral_loss	: 0.0000
MMD_loss	: 2.0434
cond_ent_wt	: 4.8289
Src_reg_loss	: 0.0312
-------------------------------------
[Epoch : 171/500]
Total_loss	: 0.0999
Coral_loss	: 0.0000
MMD_loss	: 2.0437
cond_ent_wt	: 4.8289
Src_reg_loss	: 0.0311
-------------------------------------
[Epoch : 172/500]
Total_loss	: 0.0998
Coral_loss	: 0.0000
MMD_loss	: 2.0441
cond_ent_wt	: 4.8288
Src_reg_loss	: 0.0310
-------------------------------------
[Epoch : 173/500]
Total_loss	: 0.0997
Coral_loss	: 0.0000
MMD_loss	: 2.0444
cond_ent_wt	: 4.8287
Src_reg_loss	: 0.0310
-------------------------------------
[Epoch : 174/500]
Total_loss	: 0.0996
Coral_loss	: 0.0000
MMD_loss	: 2.0448
cond_ent_wt	: 4.8287
Src_reg_loss	: 0.0309
-------------------------------------
[Epoch : 175/500]
Total_loss	: 0.0995
Coral_loss	: 0.0000
MMD_loss	: 2.0451
cond_ent_wt	: 4.8286
Src_reg_loss	: 0.0308
-------------------------------------
[Epoch : 176/500]
Total_loss	: 0.0994
Coral_loss	: 0.0000
MMD_loss	: 2.0455
cond_ent_wt	: 4.8285
Src_reg_loss	: 0.0307
-------------------------------------
[Epoch : 177/500]
Total_loss	: 0.0993
Coral_loss	: 0.0000
MMD_loss	: 2.0459
cond_ent_wt	: 4.8284
Src_reg_loss	: 0.0306
-------------------------------------
[Epoch : 178/500]
Total_loss	: 0.0993
Coral_loss	: 0.0000
MMD_loss	: 2.0463
cond_ent_wt	: 4.8284
Src_reg_loss	: 0.0305
-------------------------------------
[Epoch : 179/500]
Total_loss	: 0.0992
Coral_loss	: 0.0000
MMD_loss	: 2.0467
cond_ent_wt	: 4.8283
Src_reg_loss	: 0.0304
-------------------------------------
[Epoch : 180/500]
Total_loss	: 0.0991
Coral_loss	: 0.0000
MMD_loss	: 2.0471
cond_ent_wt	: 4.8282
Src_reg_loss	: 0.0303
-------------------------------------
[Epoch : 181/500]
Total_loss	: 0.0990
Coral_loss	: 0.0000
MMD_loss	: 2.0476
cond_ent_wt	: 4.8282
Src_reg_loss	: 0.0303
-------------------------------------
[Epoch : 182/500]
Total_loss	: 0.0989
Coral_loss	: 0.0000
MMD_loss	: 2.0480
cond_ent_wt	: 4.8281
Src_reg_loss	: 0.0302
-------------------------------------
[Epoch : 183/500]
Total_loss	: 0.0989
Coral_loss	: 0.0000
MMD_loss	: 2.0484
cond_ent_wt	: 4.8280
Src_reg_loss	: 0.0301
-------------------------------------
[Epoch : 184/500]
Total_loss	: 0.0988
Coral_loss	: 0.0000
MMD_loss	: 2.0489
cond_ent_wt	: 4.8279
Src_reg_loss	: 0.0300
-------------------------------------
[Epoch : 185/500]
Total_loss	: 0.0987
Coral_loss	: 0.0000
MMD_loss	: 2.0493
cond_ent_wt	: 4.8279
Src_reg_loss	: 0.0299
-------------------------------------
[Epoch : 186/500]
Total_loss	: 0.0986
Coral_loss	: 0.0000
MMD_loss	: 2.0497
cond_ent_wt	: 4.8278
Src_reg_loss	: 0.0298
-------------------------------------
[Epoch : 187/500]
Total_loss	: 0.0985
Coral_loss	: 0.0000
MMD_loss	: 2.0502
cond_ent_wt	: 4.8277
Src_reg_loss	: 0.0298
-------------------------------------
[Epoch : 188/500]
Total_loss	: 0.0985
Coral_loss	: 0.0000
MMD_loss	: 2.0506
cond_ent_wt	: 4.8276
Src_reg_loss	: 0.0297
-------------------------------------
[Epoch : 189/500]
Total_loss	: 0.0984
Coral_loss	: 0.0000
MMD_loss	: 2.0510
cond_ent_wt	: 4.8276
Src_reg_loss	: 0.0296
-------------------------------------
[Epoch : 190/500]
Total_loss	: 0.0983
Coral_loss	: 0.0000
MMD_loss	: 2.0515
cond_ent_wt	: 4.8275
Src_reg_loss	: 0.0295
-------------------------------------
[Epoch : 191/500]
Total_loss	: 0.0982
Coral_loss	: 0.0000
MMD_loss	: 2.0519
cond_ent_wt	: 4.8274
Src_reg_loss	: 0.0294
-------------------------------------
[Epoch : 192/500]
Total_loss	: 0.0982
Coral_loss	: 0.0000
MMD_loss	: 2.0523
cond_ent_wt	: 4.8273
Src_reg_loss	: 0.0294
-------------------------------------
[Epoch : 193/500]
Total_loss	: 0.0981
Coral_loss	: 0.0000
MMD_loss	: 2.0527
cond_ent_wt	: 4.8272
Src_reg_loss	: 0.0293
-------------------------------------
[Epoch : 194/500]
Total_loss	: 0.0980
Coral_loss	: 0.0000
MMD_loss	: 2.0531
cond_ent_wt	: 4.8272
Src_reg_loss	: 0.0292
-------------------------------------
[Epoch : 195/500]
Total_loss	: 0.0979
Coral_loss	: 0.0000
MMD_loss	: 2.0535
cond_ent_wt	: 4.8271
Src_reg_loss	: 0.0291
-------------------------------------
[Epoch : 196/500]
Total_loss	: 0.0979
Coral_loss	: 0.0000
MMD_loss	: 2.0539
cond_ent_wt	: 4.8270
Src_reg_loss	: 0.0291
-------------------------------------
[Epoch : 197/500]
Total_loss	: 0.0978
Coral_loss	: 0.0000
MMD_loss	: 2.0543
cond_ent_wt	: 4.8269
Src_reg_loss	: 0.0290
-------------------------------------
[Epoch : 198/500]
Total_loss	: 0.0977
Coral_loss	: 0.0000
MMD_loss	: 2.0547
cond_ent_wt	: 4.8268
Src_reg_loss	: 0.0289
-------------------------------------
[Epoch : 199/500]
Total_loss	: 0.0977
Coral_loss	: 0.0000
MMD_loss	: 2.0551
cond_ent_wt	: 4.8267
Src_reg_loss	: 0.0288
-------------------------------------
[Epoch : 200/500]
Total_loss	: 0.0976
Coral_loss	: 0.0000
MMD_loss	: 2.0554
cond_ent_wt	: 4.8266
Src_reg_loss	: 0.0288
-------------------------------------
[Epoch : 201/500]
Total_loss	: 0.0975
Coral_loss	: 0.0000
MMD_loss	: 2.0558
cond_ent_wt	: 4.8266
Src_reg_loss	: 0.0287
-------------------------------------
[Epoch : 202/500]
Total_loss	: 0.0974
Coral_loss	: 0.0000
MMD_loss	: 2.0561
cond_ent_wt	: 4.8265
Src_reg_loss	: 0.0286
-------------------------------------
[Epoch : 203/500]
Total_loss	: 0.0974
Coral_loss	: 0.0000
MMD_loss	: 2.0565
cond_ent_wt	: 4.8264
Src_reg_loss	: 0.0286
-------------------------------------
[Epoch : 204/500]
Total_loss	: 0.0973
Coral_loss	: 0.0000
MMD_loss	: 2.0568
cond_ent_wt	: 4.8263
Src_reg_loss	: 0.0285
-------------------------------------
[Epoch : 205/500]
Total_loss	: 0.0972
Coral_loss	: 0.0000
MMD_loss	: 2.0572
cond_ent_wt	: 4.8262
Src_reg_loss	: 0.0284
-------------------------------------
[Epoch : 206/500]
Total_loss	: 0.0972
Coral_loss	: 0.0000
MMD_loss	: 2.0575
cond_ent_wt	: 4.8261
Src_reg_loss	: 0.0283
-------------------------------------
[Epoch : 207/500]
Total_loss	: 0.0971
Coral_loss	: 0.0000
MMD_loss	: 2.0578
cond_ent_wt	: 4.8260
Src_reg_loss	: 0.0283
-------------------------------------
[Epoch : 208/500]
Total_loss	: 0.0970
Coral_loss	: 0.0000
MMD_loss	: 2.0581
cond_ent_wt	: 4.8259
Src_reg_loss	: 0.0282
-------------------------------------
[Epoch : 209/500]
Total_loss	: 0.0970
Coral_loss	: 0.0000
MMD_loss	: 2.0584
cond_ent_wt	: 4.8258
Src_reg_loss	: 0.0281
-------------------------------------
[Epoch : 210/500]
Total_loss	: 0.0969
Coral_loss	: 0.0000
MMD_loss	: 2.0587
cond_ent_wt	: 4.8257
Src_reg_loss	: 0.0281
-------------------------------------
[Epoch : 211/500]
Total_loss	: 0.0968
Coral_loss	: 0.0000
MMD_loss	: 2.0589
cond_ent_wt	: 4.8256
Src_reg_loss	: 0.0280
-------------------------------------
[Epoch : 212/500]
Total_loss	: 0.0968
Coral_loss	: 0.0000
MMD_loss	: 2.0592
cond_ent_wt	: 4.8255
Src_reg_loss	: 0.0279
-------------------------------------
[Epoch : 213/500]
Total_loss	: 0.0967
Coral_loss	: 0.0000
MMD_loss	: 2.0594
cond_ent_wt	: 4.8254
Src_reg_loss	: 0.0279
-------------------------------------
[Epoch : 214/500]
Total_loss	: 0.0966
Coral_loss	: 0.0000
MMD_loss	: 2.0597
cond_ent_wt	: 4.8253
Src_reg_loss	: 0.0278
-------------------------------------
[Epoch : 215/500]
Total_loss	: 0.0966
Coral_loss	: 0.0000
MMD_loss	: 2.0599
cond_ent_wt	: 4.8252
Src_reg_loss	: 0.0277
-------------------------------------
[Epoch : 216/500]
Total_loss	: 0.0965
Coral_loss	: 0.0000
MMD_loss	: 2.0601
cond_ent_wt	: 4.8251
Src_reg_loss	: 0.0277
-------------------------------------
[Epoch : 217/500]
Total_loss	: 0.0964
Coral_loss	: 0.0000
MMD_loss	: 2.0603
cond_ent_wt	: 4.8250
Src_reg_loss	: 0.0276
-------------------------------------
[Epoch : 218/500]
Total_loss	: 0.0964
Coral_loss	: 0.0000
MMD_loss	: 2.0605
cond_ent_wt	: 4.8249
Src_reg_loss	: 0.0275
-------------------------------------
[Epoch : 219/500]
Total_loss	: 0.0963
Coral_loss	: 0.0000
MMD_loss	: 2.0607
cond_ent_wt	: 4.8248
Src_reg_loss	: 0.0275
-------------------------------------
[Epoch : 220/500]
Total_loss	: 0.0963
Coral_loss	: 0.0000
MMD_loss	: 2.0609
cond_ent_wt	: 4.8247
Src_reg_loss	: 0.0274
-------------------------------------
[Epoch : 221/500]
Total_loss	: 0.0962
Coral_loss	: 0.0000
MMD_loss	: 2.0610
cond_ent_wt	: 4.8246
Src_reg_loss	: 0.0273
-------------------------------------
[Epoch : 222/500]
Total_loss	: 0.0961
Coral_loss	: 0.0000
MMD_loss	: 2.0612
cond_ent_wt	: 4.8245
Src_reg_loss	: 0.0273
-------------------------------------
[Epoch : 223/500]
Total_loss	: 0.0961
Coral_loss	: 0.0000
MMD_loss	: 2.0613
cond_ent_wt	: 4.8244
Src_reg_loss	: 0.0272
-------------------------------------
[Epoch : 224/500]
Total_loss	: 0.0960
Coral_loss	: 0.0000
MMD_loss	: 2.0614
cond_ent_wt	: 4.8243
Src_reg_loss	: 0.0271
-------------------------------------
[Epoch : 225/500]
Total_loss	: 0.0959
Coral_loss	: 0.0000
MMD_loss	: 2.0615
cond_ent_wt	: 4.8242
Src_reg_loss	: 0.0271
-------------------------------------
[Epoch : 226/500]
Total_loss	: 0.0959
Coral_loss	: 0.0000
MMD_loss	: 2.0617
cond_ent_wt	: 4.8240
Src_reg_loss	: 0.0270
-------------------------------------
[Epoch : 227/500]
Total_loss	: 0.0958
Coral_loss	: 0.0000
MMD_loss	: 2.0618
cond_ent_wt	: 4.8239
Src_reg_loss	: 0.0270
-------------------------------------
[Epoch : 228/500]
Total_loss	: 0.0958
Coral_loss	: 0.0000
MMD_loss	: 2.0618
cond_ent_wt	: 4.8238
Src_reg_loss	: 0.0269
-------------------------------------
[Epoch : 229/500]
Total_loss	: 0.0957
Coral_loss	: 0.0000
MMD_loss	: 2.0619
cond_ent_wt	: 4.8237
Src_reg_loss	: 0.0268
-------------------------------------
[Epoch : 230/500]
Total_loss	: 0.0956
Coral_loss	: 0.0000
MMD_loss	: 2.0620
cond_ent_wt	: 4.8236
Src_reg_loss	: 0.0268
-------------------------------------
[Epoch : 231/500]
Total_loss	: 0.0956
Coral_loss	: 0.0000
MMD_loss	: 2.0620
cond_ent_wt	: 4.8235
Src_reg_loss	: 0.0267
-------------------------------------
[Epoch : 232/500]
Total_loss	: 0.0955
Coral_loss	: 0.0000
MMD_loss	: 2.0621
cond_ent_wt	: 4.8233
Src_reg_loss	: 0.0267
-------------------------------------
[Epoch : 233/500]
Total_loss	: 0.0955
Coral_loss	: 0.0000
MMD_loss	: 2.0621
cond_ent_wt	: 4.8232
Src_reg_loss	: 0.0266
-------------------------------------
[Epoch : 234/500]
Total_loss	: 0.0954
Coral_loss	: 0.0000
MMD_loss	: 2.0621
cond_ent_wt	: 4.8231
Src_reg_loss	: 0.0265
-------------------------------------
[Epoch : 235/500]
Total_loss	: 0.0953
Coral_loss	: 0.0000
MMD_loss	: 2.0621
cond_ent_wt	: 4.8230
Src_reg_loss	: 0.0265
-------------------------------------
[Epoch : 236/500]
Total_loss	: 0.0953
Coral_loss	: 0.0000
MMD_loss	: 2.0621
cond_ent_wt	: 4.8228
Src_reg_loss	: 0.0264
-------------------------------------
[Epoch : 237/500]
Total_loss	: 0.0952
Coral_loss	: 0.0000
MMD_loss	: 2.0621
cond_ent_wt	: 4.8227
Src_reg_loss	: 0.0264
-------------------------------------
[Epoch : 238/500]
Total_loss	: 0.0952
Coral_loss	: 0.0000
MMD_loss	: 2.0621
cond_ent_wt	: 4.8226
Src_reg_loss	: 0.0263
-------------------------------------
[Epoch : 239/500]
Total_loss	: 0.0951
Coral_loss	: 0.0000
MMD_loss	: 2.0621
cond_ent_wt	: 4.8224
Src_reg_loss	: 0.0263
-------------------------------------
[Epoch : 240/500]
Total_loss	: 0.0950
Coral_loss	: 0.0000
MMD_loss	: 2.0620
cond_ent_wt	: 4.8223
Src_reg_loss	: 0.0262
-------------------------------------
[Epoch : 241/500]
Total_loss	: 0.0950
Coral_loss	: 0.0000
MMD_loss	: 2.0620
cond_ent_wt	: 4.8222
Src_reg_loss	: 0.0261
-------------------------------------
[Epoch : 242/500]
Total_loss	: 0.0949
Coral_loss	: 0.0000
MMD_loss	: 2.0619
cond_ent_wt	: 4.8220
Src_reg_loss	: 0.0261
-------------------------------------
[Epoch : 243/500]
Total_loss	: 0.0949
Coral_loss	: 0.0000
MMD_loss	: 2.0619
cond_ent_wt	: 4.8219
Src_reg_loss	: 0.0260
-------------------------------------
[Epoch : 244/500]
Total_loss	: 0.0948
Coral_loss	: 0.0000
MMD_loss	: 2.0618
cond_ent_wt	: 4.8218
Src_reg_loss	: 0.0260
-------------------------------------
[Epoch : 245/500]
Total_loss	: 0.0948
Coral_loss	: 0.0000
MMD_loss	: 2.0617
cond_ent_wt	: 4.8216
Src_reg_loss	: 0.0259
-------------------------------------
[Epoch : 246/500]
Total_loss	: 0.0947
Coral_loss	: 0.0000
MMD_loss	: 2.0616
cond_ent_wt	: 4.8215
Src_reg_loss	: 0.0259
-------------------------------------
[Epoch : 247/500]
Total_loss	: 0.0946
Coral_loss	: 0.0000
MMD_loss	: 2.0615
cond_ent_wt	: 4.8213
Src_reg_loss	: 0.0258
-------------------------------------
[Epoch : 248/500]
Total_loss	: 0.0946
Coral_loss	: 0.0000
MMD_loss	: 2.0614
cond_ent_wt	: 4.8212
Src_reg_loss	: 0.0258
-------------------------------------
[Epoch : 249/500]
Total_loss	: 0.0945
Coral_loss	: 0.0000
MMD_loss	: 2.0612
cond_ent_wt	: 4.8211
Src_reg_loss	: 0.0257
-------------------------------------
[Epoch : 250/500]
Total_loss	: 0.0945
Coral_loss	: 0.0000
MMD_loss	: 2.0611
cond_ent_wt	: 4.8209
Src_reg_loss	: 0.0257
-------------------------------------
[Epoch : 251/500]
Total_loss	: 0.0944
Coral_loss	: 0.0000
MMD_loss	: 2.0610
cond_ent_wt	: 4.8208
Src_reg_loss	: 0.0256
-------------------------------------
[Epoch : 252/500]
Total_loss	: 0.0944
Coral_loss	: 0.0000
MMD_loss	: 2.0608
cond_ent_wt	: 4.8206
Src_reg_loss	: 0.0255
-------------------------------------
[Epoch : 253/500]
Total_loss	: 0.0943
Coral_loss	: 0.0000
MMD_loss	: 2.0607
cond_ent_wt	: 4.8205
Src_reg_loss	: 0.0255
-------------------------------------
[Epoch : 254/500]
Total_loss	: 0.0943
Coral_loss	: 0.0000
MMD_loss	: 2.0605
cond_ent_wt	: 4.8203
Src_reg_loss	: 0.0254
-------------------------------------
[Epoch : 255/500]
Total_loss	: 0.0942
Coral_loss	: 0.0000
MMD_loss	: 2.0603
cond_ent_wt	: 4.8201
Src_reg_loss	: 0.0254
-------------------------------------
[Epoch : 256/500]
Total_loss	: 0.0941
Coral_loss	: 0.0000
MMD_loss	: 2.0601
cond_ent_wt	: 4.8200
Src_reg_loss	: 0.0253
-------------------------------------
[Epoch : 257/500]
Total_loss	: 0.0941
Coral_loss	: 0.0000
MMD_loss	: 2.0599
cond_ent_wt	: 4.8198
Src_reg_loss	: 0.0253
-------------------------------------
[Epoch : 258/500]
Total_loss	: 0.0940
Coral_loss	: 0.0000
MMD_loss	: 2.0597
cond_ent_wt	: 4.8197
Src_reg_loss	: 0.0252
-------------------------------------
[Epoch : 259/500]
Total_loss	: 0.0940
Coral_loss	: 0.0000
MMD_loss	: 2.0595
cond_ent_wt	: 4.8195
Src_reg_loss	: 0.0252
-------------------------------------
[Epoch : 260/500]
Total_loss	: 0.0939
Coral_loss	: 0.0000
MMD_loss	: 2.0593
cond_ent_wt	: 4.8193
Src_reg_loss	: 0.0251
-------------------------------------
[Epoch : 261/500]
Total_loss	: 0.0939
Coral_loss	: 0.0000
MMD_loss	: 2.0591
cond_ent_wt	: 4.8192
Src_reg_loss	: 0.0251
-------------------------------------
[Epoch : 262/500]
Total_loss	: 0.0938
Coral_loss	: 0.0000
MMD_loss	: 2.0588
cond_ent_wt	: 4.8190
Src_reg_loss	: 0.0250
-------------------------------------
[Epoch : 263/500]
Total_loss	: 0.0938
Coral_loss	: 0.0000
MMD_loss	: 2.0586
cond_ent_wt	: 4.8188
Src_reg_loss	: 0.0250
-------------------------------------
[Epoch : 264/500]
Total_loss	: 0.0937
Coral_loss	: 0.0000
MMD_loss	: 2.0583
cond_ent_wt	: 4.8187
Src_reg_loss	: 0.0249
-------------------------------------
[Epoch : 265/500]
Total_loss	: 0.0937
Coral_loss	: 0.0000
MMD_loss	: 2.0581
cond_ent_wt	: 4.8185
Src_reg_loss	: 0.0249
-------------------------------------
[Epoch : 266/500]
Total_loss	: 0.0936
Coral_loss	: 0.0000
MMD_loss	: 2.0578
cond_ent_wt	: 4.8183
Src_reg_loss	: 0.0248
-------------------------------------
[Epoch : 267/500]
Total_loss	: 0.0935
Coral_loss	: 0.0000
MMD_loss	: 2.0575
cond_ent_wt	: 4.8181
Src_reg_loss	: 0.0248
-------------------------------------
[Epoch : 268/500]
Total_loss	: 0.0935
Coral_loss	: 0.0000
MMD_loss	: 2.0573
cond_ent_wt	: 4.8180
Src_reg_loss	: 0.0247
-------------------------------------
[Epoch : 269/500]
Total_loss	: 0.0934
Coral_loss	: 0.0000
MMD_loss	: 2.0570
cond_ent_wt	: 4.8178
Src_reg_loss	: 0.0247
-------------------------------------
[Epoch : 270/500]
Total_loss	: 0.0934
Coral_loss	: 0.0000
MMD_loss	: 2.0567
cond_ent_wt	: 4.8176
Src_reg_loss	: 0.0246
-------------------------------------
[Epoch : 271/500]
Total_loss	: 0.0933
Coral_loss	: 0.0000
MMD_loss	: 2.0564
cond_ent_wt	: 4.8174
Src_reg_loss	: 0.0246
-------------------------------------
[Epoch : 272/500]
Total_loss	: 0.0933
Coral_loss	: 0.0000
MMD_loss	: 2.0560
cond_ent_wt	: 4.8172
Src_reg_loss	: 0.0246
-------------------------------------
[Epoch : 273/500]
Total_loss	: 0.0932
Coral_loss	: 0.0000
MMD_loss	: 2.0557
cond_ent_wt	: 4.8170
Src_reg_loss	: 0.0245
-------------------------------------
[Epoch : 274/500]
Total_loss	: 0.0932
Coral_loss	: 0.0000
MMD_loss	: 2.0554
cond_ent_wt	: 4.8169
Src_reg_loss	: 0.0245
-------------------------------------
[Epoch : 275/500]
Total_loss	: 0.0931
Coral_loss	: 0.0000
MMD_loss	: 2.0550
cond_ent_wt	: 4.8167
Src_reg_loss	: 0.0244
-------------------------------------
[Epoch : 276/500]
Total_loss	: 0.0931
Coral_loss	: 0.0000
MMD_loss	: 2.0547
cond_ent_wt	: 4.8165
Src_reg_loss	: 0.0244
-------------------------------------
[Epoch : 277/500]
Total_loss	: 0.0930
Coral_loss	: 0.0000
MMD_loss	: 2.0543
cond_ent_wt	: 4.8163
Src_reg_loss	: 0.0243
-------------------------------------
[Epoch : 278/500]
Total_loss	: 0.0930
Coral_loss	: 0.0000
MMD_loss	: 2.0540
cond_ent_wt	: 4.8161
Src_reg_loss	: 0.0243
-------------------------------------
[Epoch : 279/500]
Total_loss	: 0.0929
Coral_loss	: 0.0000
MMD_loss	: 2.0536
cond_ent_wt	: 4.8159
Src_reg_loss	: 0.0242
-------------------------------------
[Epoch : 280/500]
Total_loss	: 0.0929
Coral_loss	: 0.0000
MMD_loss	: 2.0532
cond_ent_wt	: 4.8157
Src_reg_loss	: 0.0242
-------------------------------------
[Epoch : 281/500]
Total_loss	: 0.0928
Coral_loss	: 0.0000
MMD_loss	: 2.0528
cond_ent_wt	: 4.8155
Src_reg_loss	: 0.0241
-------------------------------------
[Epoch : 282/500]
Total_loss	: 0.0928
Coral_loss	: 0.0000
MMD_loss	: 2.0524
cond_ent_wt	: 4.8153
Src_reg_loss	: 0.0241
-------------------------------------
[Epoch : 283/500]
Total_loss	: 0.0927
Coral_loss	: 0.0000
MMD_loss	: 2.0520
cond_ent_wt	: 4.8151
Src_reg_loss	: 0.0240
-------------------------------------
[Epoch : 284/500]
Total_loss	: 0.0927
Coral_loss	: 0.0000
MMD_loss	: 2.0516
cond_ent_wt	: 4.8149
Src_reg_loss	: 0.0240
-------------------------------------
[Epoch : 285/500]
Total_loss	: 0.0926
Coral_loss	: 0.0000
MMD_loss	: 2.0512
cond_ent_wt	: 4.8147
Src_reg_loss	: 0.0240
-------------------------------------
[Epoch : 286/500]
Total_loss	: 0.0926
Coral_loss	: 0.0000
MMD_loss	: 2.0508
cond_ent_wt	: 4.8144
Src_reg_loss	: 0.0239
-------------------------------------
[Epoch : 287/500]
Total_loss	: 0.0925
Coral_loss	: 0.0000
MMD_loss	: 2.0503
cond_ent_wt	: 4.8142
Src_reg_loss	: 0.0239
-------------------------------------
[Epoch : 288/500]
Total_loss	: 0.0925
Coral_loss	: 0.0000
MMD_loss	: 2.0499
cond_ent_wt	: 4.8140
Src_reg_loss	: 0.0238
-------------------------------------
[Epoch : 289/500]
Total_loss	: 0.0924
Coral_loss	: 0.0000
MMD_loss	: 2.0494
cond_ent_wt	: 4.8138
Src_reg_loss	: 0.0238
-------------------------------------
[Epoch : 290/500]
Total_loss	: 0.0924
Coral_loss	: 0.0000
MMD_loss	: 2.0490
cond_ent_wt	: 4.8136
Src_reg_loss	: 0.0237
-------------------------------------
[Epoch : 291/500]
Total_loss	: 0.0923
Coral_loss	: 0.0000
MMD_loss	: 2.0485
cond_ent_wt	: 4.8134
Src_reg_loss	: 0.0237
-------------------------------------
[Epoch : 292/500]
Total_loss	: 0.0923
Coral_loss	: 0.0000
MMD_loss	: 2.0480
cond_ent_wt	: 4.8131
Src_reg_loss	: 0.0237
-------------------------------------
[Epoch : 293/500]
Total_loss	: 0.0922
Coral_loss	: 0.0000
MMD_loss	: 2.0476
cond_ent_wt	: 4.8129
Src_reg_loss	: 0.0236
-------------------------------------
[Epoch : 294/500]
Total_loss	: 0.0922
Coral_loss	: 0.0000
MMD_loss	: 2.0471
cond_ent_wt	: 4.8127
Src_reg_loss	: 0.0236
-------------------------------------
[Epoch : 295/500]
Total_loss	: 0.0921
Coral_loss	: 0.0000
MMD_loss	: 2.0466
cond_ent_wt	: 4.8125
Src_reg_loss	: 0.0235
-------------------------------------
[Epoch : 296/500]
Total_loss	: 0.0921
Coral_loss	: 0.0000
MMD_loss	: 2.0461
cond_ent_wt	: 4.8122
Src_reg_loss	: 0.0235
-------------------------------------
[Epoch : 297/500]
Total_loss	: 0.0920
Coral_loss	: 0.0000
MMD_loss	: 2.0455
cond_ent_wt	: 4.8120
Src_reg_loss	: 0.0234
-------------------------------------
[Epoch : 298/500]
Total_loss	: 0.0920
Coral_loss	: 0.0000
MMD_loss	: 2.0450
cond_ent_wt	: 4.8118
Src_reg_loss	: 0.0234
-------------------------------------
[Epoch : 299/500]
Total_loss	: 0.0919
Coral_loss	: 0.0000
MMD_loss	: 2.0445
cond_ent_wt	: 4.8115
Src_reg_loss	: 0.0234
-------------------------------------
[Epoch : 300/500]
Total_loss	: 0.0919
Coral_loss	: 0.0000
MMD_loss	: 2.0439
cond_ent_wt	: 4.8113
Src_reg_loss	: 0.0233
-------------------------------------
[Epoch : 301/500]
Total_loss	: 0.0918
Coral_loss	: 0.0000
MMD_loss	: 2.0434
cond_ent_wt	: 4.8110
Src_reg_loss	: 0.0233
-------------------------------------
[Epoch : 302/500]
Total_loss	: 0.0918
Coral_loss	: 0.0000
MMD_loss	: 2.0429
cond_ent_wt	: 4.8108
Src_reg_loss	: 0.0232
-------------------------------------
[Epoch : 303/500]
Total_loss	: 0.0917
Coral_loss	: 0.0000
MMD_loss	: 2.0423
cond_ent_wt	: 4.8106
Src_reg_loss	: 0.0232
-------------------------------------
[Epoch : 304/500]
Total_loss	: 0.0917
Coral_loss	: 0.0000
MMD_loss	: 2.0417
cond_ent_wt	: 4.8103
Src_reg_loss	: 0.0232
-------------------------------------
[Epoch : 305/500]
Total_loss	: 0.0916
Coral_loss	: 0.0000
MMD_loss	: 2.0412
cond_ent_wt	: 4.8101
Src_reg_loss	: 0.0231
-------------------------------------
[Epoch : 306/500]
Total_loss	: 0.0916
Coral_loss	: 0.0000
MMD_loss	: 2.0406
cond_ent_wt	: 4.8098
Src_reg_loss	: 0.0231
-------------------------------------
[Epoch : 307/500]
Total_loss	: 0.0915
Coral_loss	: 0.0000
MMD_loss	: 2.0400
cond_ent_wt	: 4.8096
Src_reg_loss	: 0.0230
-------------------------------------
[Epoch : 308/500]
Total_loss	: 0.0915
Coral_loss	: 0.0000
MMD_loss	: 2.0394
cond_ent_wt	: 4.8093
Src_reg_loss	: 0.0230
-------------------------------------
[Epoch : 309/500]
Total_loss	: 0.0914
Coral_loss	: 0.0000
MMD_loss	: 2.0388
cond_ent_wt	: 4.8091
Src_reg_loss	: 0.0230
-------------------------------------
[Epoch : 310/500]
Total_loss	: 0.0914
Coral_loss	: 0.0000
MMD_loss	: 2.0382
cond_ent_wt	: 4.8088
Src_reg_loss	: 0.0229
-------------------------------------
[Epoch : 311/500]
Total_loss	: 0.0914
Coral_loss	: 0.0000
MMD_loss	: 2.0376
cond_ent_wt	: 4.8086
Src_reg_loss	: 0.0229
-------------------------------------
[Epoch : 312/500]
Total_loss	: 0.0913
Coral_loss	: 0.0000
MMD_loss	: 2.0370
cond_ent_wt	: 4.8083
Src_reg_loss	: 0.0229
-------------------------------------
[Epoch : 313/500]
Total_loss	: 0.0913
Coral_loss	: 0.0000
MMD_loss	: 2.0364
cond_ent_wt	: 4.8081
Src_reg_loss	: 0.0228
-------------------------------------
[Epoch : 314/500]
Total_loss	: 0.0912
Coral_loss	: 0.0000
MMD_loss	: 2.0358
cond_ent_wt	: 4.8078
Src_reg_loss	: 0.0228
-------------------------------------
[Epoch : 315/500]
Total_loss	: 0.0912
Coral_loss	: 0.0000
MMD_loss	: 2.0352
cond_ent_wt	: 4.8076
Src_reg_loss	: 0.0227
-------------------------------------
[Epoch : 316/500]
Total_loss	: 0.0911
Coral_loss	: 0.0000
MMD_loss	: 2.0345
cond_ent_wt	: 4.8073
Src_reg_loss	: 0.0227
-------------------------------------
[Epoch : 317/500]
Total_loss	: 0.0911
Coral_loss	: 0.0000
MMD_loss	: 2.0339
cond_ent_wt	: 4.8070
Src_reg_loss	: 0.0227
-------------------------------------
[Epoch : 318/500]
Total_loss	: 0.0910
Coral_loss	: 0.0000
MMD_loss	: 2.0333
cond_ent_wt	: 4.8068
Src_reg_loss	: 0.0226
-------------------------------------
[Epoch : 319/500]
Total_loss	: 0.0910
Coral_loss	: 0.0000
MMD_loss	: 2.0326
cond_ent_wt	: 4.8065
Src_reg_loss	: 0.0226
-------------------------------------
[Epoch : 320/500]
Total_loss	: 0.0909
Coral_loss	: 0.0000
MMD_loss	: 2.0320
cond_ent_wt	: 4.8062
Src_reg_loss	: 0.0226
-------------------------------------
[Epoch : 321/500]
Total_loss	: 0.0909
Coral_loss	: 0.0000
MMD_loss	: 2.0313
cond_ent_wt	: 4.8060
Src_reg_loss	: 0.0225
-------------------------------------
[Epoch : 322/500]
Total_loss	: 0.0908
Coral_loss	: 0.0000
MMD_loss	: 2.0307
cond_ent_wt	: 4.8057
Src_reg_loss	: 0.0225
-------------------------------------
[Epoch : 323/500]
Total_loss	: 0.0908
Coral_loss	: 0.0000
MMD_loss	: 2.0300
cond_ent_wt	: 4.8054
Src_reg_loss	: 0.0224
-------------------------------------
[Epoch : 324/500]
Total_loss	: 0.0908
Coral_loss	: 0.0000
MMD_loss	: 2.0294
cond_ent_wt	: 4.8052
Src_reg_loss	: 0.0224
-------------------------------------
[Epoch : 325/500]
Total_loss	: 0.0907
Coral_loss	: 0.0000
MMD_loss	: 2.0287
cond_ent_wt	: 4.8049
Src_reg_loss	: 0.0224
-------------------------------------
[Epoch : 326/500]
Total_loss	: 0.0907
Coral_loss	: 0.0000
MMD_loss	: 2.0280
cond_ent_wt	: 4.8046
Src_reg_loss	: 0.0223
-------------------------------------
[Epoch : 327/500]
Total_loss	: 0.0906
Coral_loss	: 0.0000
MMD_loss	: 2.0273
cond_ent_wt	: 4.8043
Src_reg_loss	: 0.0223
-------------------------------------
[Epoch : 328/500]
Total_loss	: 0.0906
Coral_loss	: 0.0000
MMD_loss	: 2.0267
cond_ent_wt	: 4.8041
Src_reg_loss	: 0.0223
-------------------------------------
[Epoch : 329/500]
Total_loss	: 0.0905
Coral_loss	: 0.0000
MMD_loss	: 2.0260
cond_ent_wt	: 4.8038
Src_reg_loss	: 0.0222
-------------------------------------
[Epoch : 330/500]
Total_loss	: 0.0905
Coral_loss	: 0.0000
MMD_loss	: 2.0253
cond_ent_wt	: 4.8035
Src_reg_loss	: 0.0222
-------------------------------------
[Epoch : 331/500]
Total_loss	: 0.0904
Coral_loss	: 0.0000
MMD_loss	: 2.0246
cond_ent_wt	: 4.8032
Src_reg_loss	: 0.0222
-------------------------------------
[Epoch : 332/500]
Total_loss	: 0.0904
Coral_loss	: 0.0000
MMD_loss	: 2.0239
cond_ent_wt	: 4.8030
Src_reg_loss	: 0.0221
-------------------------------------
[Epoch : 333/500]
Total_loss	: 0.0904
Coral_loss	: 0.0000
MMD_loss	: 2.0232
cond_ent_wt	: 4.8027
Src_reg_loss	: 0.0221
-------------------------------------
[Epoch : 334/500]
Total_loss	: 0.0903
Coral_loss	: 0.0000
MMD_loss	: 2.0225
cond_ent_wt	: 4.8024
Src_reg_loss	: 0.0221
-------------------------------------
[Epoch : 335/500]
Total_loss	: 0.0903
Coral_loss	: 0.0000
MMD_loss	: 2.0218
cond_ent_wt	: 4.8021
Src_reg_loss	: 0.0220
-------------------------------------
[Epoch : 336/500]
Total_loss	: 0.0902
Coral_loss	: 0.0000
MMD_loss	: 2.0211
cond_ent_wt	: 4.8018
Src_reg_loss	: 0.0220
-------------------------------------
[Epoch : 337/500]
Total_loss	: 0.0902
Coral_loss	: 0.0000
MMD_loss	: 2.0204
cond_ent_wt	: 4.8015
Src_reg_loss	: 0.0220
-------------------------------------
[Epoch : 338/500]
Total_loss	: 0.0901
Coral_loss	: 0.0000
MMD_loss	: 2.0197
cond_ent_wt	: 4.8013
Src_reg_loss	: 0.0219
-------------------------------------
[Epoch : 339/500]
Total_loss	: 0.0901
Coral_loss	: 0.0000
MMD_loss	: 2.0190
cond_ent_wt	: 4.8010
Src_reg_loss	: 0.0219
-------------------------------------
[Epoch : 340/500]
Total_loss	: 0.0900
Coral_loss	: 0.0000
MMD_loss	: 2.0183
cond_ent_wt	: 4.8007
Src_reg_loss	: 0.0219
-------------------------------------
[Epoch : 341/500]
Total_loss	: 0.0900
Coral_loss	: 0.0000
MMD_loss	: 2.0176
cond_ent_wt	: 4.8004
Src_reg_loss	: 0.0218
-------------------------------------
[Epoch : 342/500]
Total_loss	: 0.0900
Coral_loss	: 0.0000
MMD_loss	: 2.0169
cond_ent_wt	: 4.8001
Src_reg_loss	: 0.0218
-------------------------------------
[Epoch : 343/500]
Total_loss	: 0.0899
Coral_loss	: 0.0000
MMD_loss	: 2.0162
cond_ent_wt	: 4.7998
Src_reg_loss	: 0.0218
-------------------------------------
[Epoch : 344/500]
Total_loss	: 0.0899
Coral_loss	: 0.0000
MMD_loss	: 2.0155
cond_ent_wt	: 4.7995
Src_reg_loss	: 0.0217
-------------------------------------
[Epoch : 345/500]
Total_loss	: 0.0898
Coral_loss	: 0.0000
MMD_loss	: 2.0147
cond_ent_wt	: 4.7993
Src_reg_loss	: 0.0217
-------------------------------------
[Epoch : 346/500]
Total_loss	: 0.0898
Coral_loss	: 0.0000
MMD_loss	: 2.0140
cond_ent_wt	: 4.7990
Src_reg_loss	: 0.0217
-------------------------------------
[Epoch : 347/500]
Total_loss	: 0.0897
Coral_loss	: 0.0000
MMD_loss	: 2.0133
cond_ent_wt	: 4.7987
Src_reg_loss	: 0.0216
-------------------------------------
[Epoch : 348/500]
Total_loss	: 0.0897
Coral_loss	: 0.0000
MMD_loss	: 2.0126
cond_ent_wt	: 4.7984
Src_reg_loss	: 0.0216
-------------------------------------
[Epoch : 349/500]
Total_loss	: 0.0897
Coral_loss	: 0.0000
MMD_loss	: 2.0119
cond_ent_wt	: 4.7981
Src_reg_loss	: 0.0216
-------------------------------------
[Epoch : 350/500]
Total_loss	: 0.0896
Coral_loss	: 0.0000
MMD_loss	: 2.0111
cond_ent_wt	: 4.7978
Src_reg_loss	: 0.0215
-------------------------------------
[Epoch : 351/500]
Total_loss	: 0.0896
Coral_loss	: 0.0000
MMD_loss	: 2.0104
cond_ent_wt	: 4.7975
Src_reg_loss	: 0.0215
-------------------------------------
[Epoch : 352/500]
Total_loss	: 0.0895
Coral_loss	: 0.0000
MMD_loss	: 2.0097
cond_ent_wt	: 4.7972
Src_reg_loss	: 0.0215
-------------------------------------
[Epoch : 353/500]
Total_loss	: 0.0895
Coral_loss	: 0.0000
MMD_loss	: 2.0090
cond_ent_wt	: 4.7969
Src_reg_loss	: 0.0214
-------------------------------------
[Epoch : 354/500]
Total_loss	: 0.0895
Coral_loss	: 0.0000
MMD_loss	: 2.0082
cond_ent_wt	: 4.7966
Src_reg_loss	: 0.0214
-------------------------------------
[Epoch : 355/500]
Total_loss	: 0.0894
Coral_loss	: 0.0000
MMD_loss	: 2.0075
cond_ent_wt	: 4.7963
Src_reg_loss	: 0.0214
-------------------------------------
[Epoch : 356/500]
Total_loss	: 0.0894
Coral_loss	: 0.0000
MMD_loss	: 2.0068
cond_ent_wt	: 4.7960
Src_reg_loss	: 0.0213
-------------------------------------
[Epoch : 357/500]
Total_loss	: 0.0893
Coral_loss	: 0.0000
MMD_loss	: 2.0060
cond_ent_wt	: 4.7957
Src_reg_loss	: 0.0213
-------------------------------------
[Epoch : 358/500]
Total_loss	: 0.0893
Coral_loss	: 0.0000
MMD_loss	: 2.0053
cond_ent_wt	: 4.7954
Src_reg_loss	: 0.0213
-------------------------------------
[Epoch : 359/500]
Total_loss	: 0.0892
Coral_loss	: 0.0000
MMD_loss	: 2.0046
cond_ent_wt	: 4.7951
Src_reg_loss	: 0.0212
-------------------------------------
[Epoch : 360/500]
Total_loss	: 0.0892
Coral_loss	: 0.0000
MMD_loss	: 2.0039
cond_ent_wt	: 4.7948
Src_reg_loss	: 0.0212
-------------------------------------
[Epoch : 361/500]
Total_loss	: 0.0892
Coral_loss	: 0.0000
MMD_loss	: 2.0031
cond_ent_wt	: 4.7945
Src_reg_loss	: 0.0212
-------------------------------------
[Epoch : 362/500]
Total_loss	: 0.0891
Coral_loss	: 0.0000
MMD_loss	: 2.0024
cond_ent_wt	: 4.7942
Src_reg_loss	: 0.0212
-------------------------------------
[Epoch : 363/500]
Total_loss	: 0.0891
Coral_loss	: 0.0000
MMD_loss	: 2.0016
cond_ent_wt	: 4.7939
Src_reg_loss	: 0.0211
-------------------------------------
[Epoch : 364/500]
Total_loss	: 0.0890
Coral_loss	: 0.0000
MMD_loss	: 2.0009
cond_ent_wt	: 4.7936
Src_reg_loss	: 0.0211
-------------------------------------
[Epoch : 365/500]
Total_loss	: 0.0890
Coral_loss	: 0.0000
MMD_loss	: 2.0002
cond_ent_wt	: 4.7933
Src_reg_loss	: 0.0211
-------------------------------------
[Epoch : 366/500]
Total_loss	: 0.0890
Coral_loss	: 0.0000
MMD_loss	: 1.9994
cond_ent_wt	: 4.7930
Src_reg_loss	: 0.0210
-------------------------------------
[Epoch : 367/500]
Total_loss	: 0.0889
Coral_loss	: 0.0000
MMD_loss	: 1.9987
cond_ent_wt	: 4.7927
Src_reg_loss	: 0.0210
-------------------------------------
[Epoch : 368/500]
Total_loss	: 0.0889
Coral_loss	: 0.0000
MMD_loss	: 1.9980
cond_ent_wt	: 4.7924
Src_reg_loss	: 0.0210
-------------------------------------
[Epoch : 369/500]
Total_loss	: 0.0888
Coral_loss	: 0.0000
MMD_loss	: 1.9972
cond_ent_wt	: 4.7921
Src_reg_loss	: 0.0210
-------------------------------------
[Epoch : 370/500]
Total_loss	: 0.0888
Coral_loss	: 0.0000
MMD_loss	: 1.9965
cond_ent_wt	: 4.7918
Src_reg_loss	: 0.0209
-------------------------------------
[Epoch : 371/500]
Total_loss	: 0.0888
Coral_loss	: 0.0000
MMD_loss	: 1.9957
cond_ent_wt	: 4.7915
Src_reg_loss	: 0.0209
-------------------------------------
[Epoch : 372/500]
Total_loss	: 0.0887
Coral_loss	: 0.0000
MMD_loss	: 1.9950
cond_ent_wt	: 4.7912
Src_reg_loss	: 0.0209
-------------------------------------
[Epoch : 373/500]
Total_loss	: 0.0887
Coral_loss	: 0.0000
MMD_loss	: 1.9943
cond_ent_wt	: 4.7909
Src_reg_loss	: 0.0208
-------------------------------------
[Epoch : 374/500]
Total_loss	: 0.0886
Coral_loss	: 0.0000
MMD_loss	: 1.9935
cond_ent_wt	: 4.7906
Src_reg_loss	: 0.0208
-------------------------------------
[Epoch : 375/500]
Total_loss	: 0.0886
Coral_loss	: 0.0000
MMD_loss	: 1.9928
cond_ent_wt	: 4.7903
Src_reg_loss	: 0.0208
-------------------------------------
[Epoch : 376/500]
Total_loss	: 0.0886
Coral_loss	: 0.0000
MMD_loss	: 1.9920
cond_ent_wt	: 4.7900
Src_reg_loss	: 0.0208
-------------------------------------
[Epoch : 377/500]
Total_loss	: 0.0885
Coral_loss	: 0.0000
MMD_loss	: 1.9913
cond_ent_wt	: 4.7897
Src_reg_loss	: 0.0207
-------------------------------------
[Epoch : 378/500]
Total_loss	: 0.0885
Coral_loss	: 0.0000
MMD_loss	: 1.9905
cond_ent_wt	: 4.7894
Src_reg_loss	: 0.0207
-------------------------------------
[Epoch : 379/500]
Total_loss	: 0.0885
Coral_loss	: 0.0000
MMD_loss	: 1.9898
cond_ent_wt	: 4.7891
Src_reg_loss	: 0.0207
-------------------------------------
[Epoch : 380/500]
Total_loss	: 0.0884
Coral_loss	: 0.0000
MMD_loss	: 1.9890
cond_ent_wt	: 4.7888
Src_reg_loss	: 0.0206
-------------------------------------
[Epoch : 381/500]
Total_loss	: 0.0884
Coral_loss	: 0.0000
MMD_loss	: 1.9883
cond_ent_wt	: 4.7885
Src_reg_loss	: 0.0206
-------------------------------------
[Epoch : 382/500]
Total_loss	: 0.0883
Coral_loss	: 0.0000
MMD_loss	: 1.9876
cond_ent_wt	: 4.7882
Src_reg_loss	: 0.0206
-------------------------------------
[Epoch : 383/500]
Total_loss	: 0.0883
Coral_loss	: 0.0000
MMD_loss	: 1.9868
cond_ent_wt	: 4.7879
Src_reg_loss	: 0.0206
-------------------------------------
[Epoch : 384/500]
Total_loss	: 0.0883
Coral_loss	: 0.0000
MMD_loss	: 1.9861
cond_ent_wt	: 4.7876
Src_reg_loss	: 0.0205
-------------------------------------
[Epoch : 385/500]
Total_loss	: 0.0882
Coral_loss	: 0.0000
MMD_loss	: 1.9853
cond_ent_wt	: 4.7873
Src_reg_loss	: 0.0205
-------------------------------------
[Epoch : 386/500]
Total_loss	: 0.0882
Coral_loss	: 0.0000
MMD_loss	: 1.9846
cond_ent_wt	: 4.7870
Src_reg_loss	: 0.0205
-------------------------------------
[Epoch : 387/500]
Total_loss	: 0.0882
Coral_loss	: 0.0000
MMD_loss	: 1.9838
cond_ent_wt	: 4.7867
Src_reg_loss	: 0.0204
-------------------------------------
[Epoch : 388/500]
Total_loss	: 0.0881
Coral_loss	: 0.0000
MMD_loss	: 1.9831
cond_ent_wt	: 4.7864
Src_reg_loss	: 0.0204
-------------------------------------
[Epoch : 389/500]
Total_loss	: 0.0881
Coral_loss	: 0.0000
MMD_loss	: 1.9823
cond_ent_wt	: 4.7861
Src_reg_loss	: 0.0204
-------------------------------------
[Epoch : 390/500]
Total_loss	: 0.0880
Coral_loss	: 0.0000
MMD_loss	: 1.9815
cond_ent_wt	: 4.7857
Src_reg_loss	: 0.0204
-------------------------------------
[Epoch : 391/500]
Total_loss	: 0.0880
Coral_loss	: 0.0000
MMD_loss	: 1.9808
cond_ent_wt	: 4.7854
Src_reg_loss	: 0.0203
-------------------------------------
[Epoch : 392/500]
Total_loss	: 0.0880
Coral_loss	: 0.0000
MMD_loss	: 1.9800
cond_ent_wt	: 4.7851
Src_reg_loss	: 0.0203
-------------------------------------
[Epoch : 393/500]
Total_loss	: 0.0879
Coral_loss	: 0.0000
MMD_loss	: 1.9793
cond_ent_wt	: 4.7848
Src_reg_loss	: 0.0203
-------------------------------------
[Epoch : 394/500]
Total_loss	: 0.0879
Coral_loss	: 0.0000
MMD_loss	: 1.9785
cond_ent_wt	: 4.7845
Src_reg_loss	: 0.0203
-------------------------------------
[Epoch : 395/500]
Total_loss	: 0.0879
Coral_loss	: 0.0000
MMD_loss	: 1.9778
cond_ent_wt	: 4.7842
Src_reg_loss	: 0.0202
-------------------------------------
[Epoch : 396/500]
Total_loss	: 0.0878
Coral_loss	: 0.0000
MMD_loss	: 1.9770
cond_ent_wt	: 4.7839
Src_reg_loss	: 0.0202
-------------------------------------
[Epoch : 397/500]
Total_loss	: 0.0878
Coral_loss	: 0.0000
MMD_loss	: 1.9762
cond_ent_wt	: 4.7836
Src_reg_loss	: 0.0202
-------------------------------------
[Epoch : 398/500]
Total_loss	: 0.0877
Coral_loss	: 0.0000
MMD_loss	: 1.9755
cond_ent_wt	: 4.7833
Src_reg_loss	: 0.0202
-------------------------------------
[Epoch : 399/500]
Total_loss	: 0.0877
Coral_loss	: 0.0000
MMD_loss	: 1.9747
cond_ent_wt	: 4.7830
Src_reg_loss	: 0.0201
-------------------------------------
[Epoch : 400/500]
Total_loss	: 0.0877
Coral_loss	: 0.0000
MMD_loss	: 1.9740
cond_ent_wt	: 4.7827
Src_reg_loss	: 0.0201
-------------------------------------
[Epoch : 401/500]
Total_loss	: 0.0876
Coral_loss	: 0.0000
MMD_loss	: 1.9732
cond_ent_wt	: 4.7824
Src_reg_loss	: 0.0201
-------------------------------------
[Epoch : 402/500]
Total_loss	: 0.0876
Coral_loss	: 0.0000
MMD_loss	: 1.9724
cond_ent_wt	: 4.7821
Src_reg_loss	: 0.0201
-------------------------------------
[Epoch : 403/500]
Total_loss	: 0.0876
Coral_loss	: 0.0000
MMD_loss	: 1.9717
cond_ent_wt	: 4.7818
Src_reg_loss	: 0.0200
-------------------------------------
[Epoch : 404/500]
Total_loss	: 0.0875
Coral_loss	: 0.0000
MMD_loss	: 1.9709
cond_ent_wt	: 4.7815
Src_reg_loss	: 0.0200
-------------------------------------
[Epoch : 405/500]
Total_loss	: 0.0875
Coral_loss	: 0.0000
MMD_loss	: 1.9701
cond_ent_wt	: 4.7811
Src_reg_loss	: 0.0200
-------------------------------------
[Epoch : 406/500]
Total_loss	: 0.0875
Coral_loss	: 0.0000
MMD_loss	: 1.9693
cond_ent_wt	: 4.7808
Src_reg_loss	: 0.0200
-------------------------------------
[Epoch : 407/500]
Total_loss	: 0.0874
Coral_loss	: 0.0000
MMD_loss	: 1.9686
cond_ent_wt	: 4.7805
Src_reg_loss	: 0.0199
-------------------------------------
[Epoch : 408/500]
Total_loss	: 0.0874
Coral_loss	: 0.0000
MMD_loss	: 1.9678
cond_ent_wt	: 4.7802
Src_reg_loss	: 0.0199
-------------------------------------
[Epoch : 409/500]
Total_loss	: 0.0874
Coral_loss	: 0.0000
MMD_loss	: 1.9670
cond_ent_wt	: 4.7799
Src_reg_loss	: 0.0199
-------------------------------------
[Epoch : 410/500]
Total_loss	: 0.0873
Coral_loss	: 0.0000
MMD_loss	: 1.9662
cond_ent_wt	: 4.7796
Src_reg_loss	: 0.0199
-------------------------------------
[Epoch : 411/500]
Total_loss	: 0.0873
Coral_loss	: 0.0000
MMD_loss	: 1.9654
cond_ent_wt	: 4.7793
Src_reg_loss	: 0.0198
-------------------------------------
[Epoch : 412/500]
Total_loss	: 0.0872
Coral_loss	: 0.0000
MMD_loss	: 1.9646
cond_ent_wt	: 4.7790
Src_reg_loss	: 0.0198
-------------------------------------
[Epoch : 413/500]
Total_loss	: 0.0872
Coral_loss	: 0.0000
MMD_loss	: 1.9638
cond_ent_wt	: 4.7787
Src_reg_loss	: 0.0198
-------------------------------------
[Epoch : 414/500]
Total_loss	: 0.0872
Coral_loss	: 0.0000
MMD_loss	: 1.9631
cond_ent_wt	: 4.7784
Src_reg_loss	: 0.0198
-------------------------------------
[Epoch : 415/500]
Total_loss	: 0.0871
Coral_loss	: 0.0000
MMD_loss	: 1.9623
cond_ent_wt	: 4.7781
Src_reg_loss	: 0.0197
-------------------------------------
[Epoch : 416/500]
Total_loss	: 0.0871
Coral_loss	: 0.0000
MMD_loss	: 1.9615
cond_ent_wt	: 4.7778
Src_reg_loss	: 0.0197
-------------------------------------
[Epoch : 417/500]
Total_loss	: 0.0871
Coral_loss	: 0.0000
MMD_loss	: 1.9607
cond_ent_wt	: 4.7775
Src_reg_loss	: 0.0197
-------------------------------------
[Epoch : 418/500]
Total_loss	: 0.0870
Coral_loss	: 0.0000
MMD_loss	: 1.9599
cond_ent_wt	: 4.7772
Src_reg_loss	: 0.0197
-------------------------------------
[Epoch : 419/500]
Total_loss	: 0.0870
Coral_loss	: 0.0000
MMD_loss	: 1.9591
cond_ent_wt	: 4.7768
Src_reg_loss	: 0.0196
-------------------------------------
[Epoch : 420/500]
Total_loss	: 0.0870
Coral_loss	: 0.0000
MMD_loss	: 1.9583
cond_ent_wt	: 4.7765
Src_reg_loss	: 0.0196
-------------------------------------
[Epoch : 421/500]
Total_loss	: 0.0869
Coral_loss	: 0.0000
MMD_loss	: 1.9575
cond_ent_wt	: 4.7762
Src_reg_loss	: 0.0196
-------------------------------------
[Epoch : 422/500]
Total_loss	: 0.0869
Coral_loss	: 0.0000
MMD_loss	: 1.9567
cond_ent_wt	: 4.7759
Src_reg_loss	: 0.0196
-------------------------------------
[Epoch : 423/500]
Total_loss	: 0.0869
Coral_loss	: 0.0000
MMD_loss	: 1.9559
cond_ent_wt	: 4.7756
Src_reg_loss	: 0.0195
-------------------------------------
[Epoch : 424/500]
Total_loss	: 0.0868
Coral_loss	: 0.0000
MMD_loss	: 1.9551
cond_ent_wt	: 4.7753
Src_reg_loss	: 0.0195
-------------------------------------
[Epoch : 425/500]
Total_loss	: 0.0868
Coral_loss	: 0.0000
MMD_loss	: 1.9543
cond_ent_wt	: 4.7750
Src_reg_loss	: 0.0195
-------------------------------------
[Epoch : 426/500]
Total_loss	: 0.0868
Coral_loss	: 0.0000
MMD_loss	: 1.9535
cond_ent_wt	: 4.7747
Src_reg_loss	: 0.0195
-------------------------------------
[Epoch : 427/500]
Total_loss	: 0.0867
Coral_loss	: 0.0000
MMD_loss	: 1.9527
cond_ent_wt	: 4.7744
Src_reg_loss	: 0.0195
-------------------------------------
[Epoch : 428/500]
Total_loss	: 0.0867
Coral_loss	: 0.0000
MMD_loss	: 1.9519
cond_ent_wt	: 4.7741
Src_reg_loss	: 0.0194
-------------------------------------
[Epoch : 429/500]
Total_loss	: 0.0867
Coral_loss	: 0.0000
MMD_loss	: 1.9511
cond_ent_wt	: 4.7738
Src_reg_loss	: 0.0194
-------------------------------------
[Epoch : 430/500]
Total_loss	: 0.0866
Coral_loss	: 0.0000
MMD_loss	: 1.9503
cond_ent_wt	: 4.7735
Src_reg_loss	: 0.0194
-------------------------------------
[Epoch : 431/500]
Total_loss	: 0.0866
Coral_loss	: 0.0000
MMD_loss	: 1.9495
cond_ent_wt	: 4.7732
Src_reg_loss	: 0.0194
-------------------------------------
[Epoch : 432/500]
Total_loss	: 0.0866
Coral_loss	: 0.0000
MMD_loss	: 1.9487
cond_ent_wt	: 4.7729
Src_reg_loss	: 0.0193
-------------------------------------
[Epoch : 433/500]
Total_loss	: 0.0865
Coral_loss	: 0.0000
MMD_loss	: 1.9479
cond_ent_wt	: 4.7726
Src_reg_loss	: 0.0193
-------------------------------------
[Epoch : 434/500]
Total_loss	: 0.0865
Coral_loss	: 0.0000
MMD_loss	: 1.9471
cond_ent_wt	: 4.7723
Src_reg_loss	: 0.0193
-------------------------------------
[Epoch : 435/500]
Total_loss	: 0.0865
Coral_loss	: 0.0000
MMD_loss	: 1.9463
cond_ent_wt	: 4.7720
Src_reg_loss	: 0.0193
-------------------------------------
[Epoch : 436/500]
Total_loss	: 0.0864
Coral_loss	: 0.0000
MMD_loss	: 1.9455
cond_ent_wt	: 4.7717
Src_reg_loss	: 0.0193
-------------------------------------
[Epoch : 437/500]
Total_loss	: 0.0864
Coral_loss	: 0.0000
MMD_loss	: 1.9447
cond_ent_wt	: 4.7714
Src_reg_loss	: 0.0192
-------------------------------------
[Epoch : 438/500]
Total_loss	: 0.0864
Coral_loss	: 0.0000
MMD_loss	: 1.9439
cond_ent_wt	: 4.7711
Src_reg_loss	: 0.0192
-------------------------------------
[Epoch : 439/500]
Total_loss	: 0.0863
Coral_loss	: 0.0000
MMD_loss	: 1.9431
cond_ent_wt	: 4.7708
Src_reg_loss	: 0.0192
-------------------------------------
[Epoch : 440/500]
Total_loss	: 0.0863
Coral_loss	: 0.0000
MMD_loss	: 1.9423
cond_ent_wt	: 4.7705
Src_reg_loss	: 0.0192
-------------------------------------
[Epoch : 441/500]
Total_loss	: 0.0863
Coral_loss	: 0.0000
MMD_loss	: 1.9415
cond_ent_wt	: 4.7702
Src_reg_loss	: 0.0191
-------------------------------------
[Epoch : 442/500]
Total_loss	: 0.0862
Coral_loss	: 0.0000
MMD_loss	: 1.9407
cond_ent_wt	: 4.7699
Src_reg_loss	: 0.0191
-------------------------------------
[Epoch : 443/500]
Total_loss	: 0.0862
Coral_loss	: 0.0000
MMD_loss	: 1.9399
cond_ent_wt	: 4.7696
Src_reg_loss	: 0.0191
-------------------------------------
[Epoch : 444/500]
Total_loss	: 0.0862
Coral_loss	: 0.0000
MMD_loss	: 1.9391
cond_ent_wt	: 4.7693
Src_reg_loss	: 0.0191
-------------------------------------
[Epoch : 445/500]
Total_loss	: 0.0861
Coral_loss	: 0.0000
MMD_loss	: 1.9383
cond_ent_wt	: 4.7690
Src_reg_loss	: 0.0191
-------------------------------------
[Epoch : 446/500]
Total_loss	: 0.0861
Coral_loss	: 0.0000
MMD_loss	: 1.9374
cond_ent_wt	: 4.7687
Src_reg_loss	: 0.0190
-------------------------------------
[Epoch : 447/500]
Total_loss	: 0.0861
Coral_loss	: 0.0000
MMD_loss	: 1.9366
cond_ent_wt	: 4.7684
Src_reg_loss	: 0.0190
-------------------------------------
[Epoch : 448/500]
Total_loss	: 0.0860
Coral_loss	: 0.0000
MMD_loss	: 1.9358
cond_ent_wt	: 4.7681
Src_reg_loss	: 0.0190
-------------------------------------
[Epoch : 449/500]
Total_loss	: 0.0860
Coral_loss	: 0.0000
MMD_loss	: 1.9350
cond_ent_wt	: 4.7678
Src_reg_loss	: 0.0190
-------------------------------------
[Epoch : 450/500]
Total_loss	: 0.0860
Coral_loss	: 0.0000
MMD_loss	: 1.9342
cond_ent_wt	: 4.7675
Src_reg_loss	: 0.0190
-------------------------------------
[Epoch : 451/500]
Total_loss	: 0.0859
Coral_loss	: 0.0000
MMD_loss	: 1.9334
cond_ent_wt	: 4.7672
Src_reg_loss	: 0.0189
-------------------------------------
[Epoch : 452/500]
Total_loss	: 0.0859
Coral_loss	: 0.0000
MMD_loss	: 1.9326
cond_ent_wt	: 4.7669
Src_reg_loss	: 0.0189
-------------------------------------
[Epoch : 453/500]
Total_loss	: 0.0859
Coral_loss	: 0.0000
MMD_loss	: 1.9318
cond_ent_wt	: 4.7666
Src_reg_loss	: 0.0189
-------------------------------------
[Epoch : 454/500]
Total_loss	: 0.0858
Coral_loss	: 0.0000
MMD_loss	: 1.9310
cond_ent_wt	: 4.7663
Src_reg_loss	: 0.0189
-------------------------------------
[Epoch : 455/500]
Total_loss	: 0.0858
Coral_loss	: 0.0000
MMD_loss	: 1.9301
cond_ent_wt	: 4.7660
Src_reg_loss	: 0.0188
-------------------------------------
[Epoch : 456/500]
Total_loss	: 0.0858
Coral_loss	: 0.0000
MMD_loss	: 1.9293
cond_ent_wt	: 4.7657
Src_reg_loss	: 0.0188
-------------------------------------
[Epoch : 457/500]
Total_loss	: 0.0857
Coral_loss	: 0.0000
MMD_loss	: 1.9285
cond_ent_wt	: 4.7655
Src_reg_loss	: 0.0188
-------------------------------------
[Epoch : 458/500]
Total_loss	: 0.0857
Coral_loss	: 0.0000
MMD_loss	: 1.9277
cond_ent_wt	: 4.7652
Src_reg_loss	: 0.0188
-------------------------------------
[Epoch : 459/500]
Total_loss	: 0.0857
Coral_loss	: 0.0000
MMD_loss	: 1.9269
cond_ent_wt	: 4.7649
Src_reg_loss	: 0.0188
-------------------------------------
[Epoch : 460/500]
Total_loss	: 0.0857
Coral_loss	: 0.0000
MMD_loss	: 1.9261
cond_ent_wt	: 4.7646
Src_reg_loss	: 0.0187
-------------------------------------
[Epoch : 461/500]
Total_loss	: 0.0856
Coral_loss	: 0.0000
MMD_loss	: 1.9253
cond_ent_wt	: 4.7643
Src_reg_loss	: 0.0187
-------------------------------------
[Epoch : 462/500]
Total_loss	: 0.0856
Coral_loss	: 0.0000
MMD_loss	: 1.9244
cond_ent_wt	: 4.7640
Src_reg_loss	: 0.0187
-------------------------------------
[Epoch : 463/500]
Total_loss	: 0.0856
Coral_loss	: 0.0000
MMD_loss	: 1.9236
cond_ent_wt	: 4.7637
Src_reg_loss	: 0.0187
-------------------------------------
[Epoch : 464/500]
Total_loss	: 0.0855
Coral_loss	: 0.0000
MMD_loss	: 1.9228
cond_ent_wt	: 4.7634
Src_reg_loss	: 0.0187
-------------------------------------
[Epoch : 465/500]
Total_loss	: 0.0855
Coral_loss	: 0.0000
MMD_loss	: 1.9220
cond_ent_wt	: 4.7631
Src_reg_loss	: 0.0186
-------------------------------------
[Epoch : 466/500]
Total_loss	: 0.0855
Coral_loss	: 0.0000
MMD_loss	: 1.9212
cond_ent_wt	: 4.7628
Src_reg_loss	: 0.0186
-------------------------------------
[Epoch : 467/500]
Total_loss	: 0.0854
Coral_loss	: 0.0000
MMD_loss	: 1.9203
cond_ent_wt	: 4.7625
Src_reg_loss	: 0.0186
-------------------------------------
[Epoch : 468/500]
Total_loss	: 0.0854
Coral_loss	: 0.0000
MMD_loss	: 1.9195
cond_ent_wt	: 4.7623
Src_reg_loss	: 0.0186
-------------------------------------
[Epoch : 469/500]
Total_loss	: 0.0854
Coral_loss	: 0.0000
MMD_loss	: 1.9187
cond_ent_wt	: 4.7620
Src_reg_loss	: 0.0186
-------------------------------------
[Epoch : 470/500]
Total_loss	: 0.0853
Coral_loss	: 0.0000
MMD_loss	: 1.9179
cond_ent_wt	: 4.7617
Src_reg_loss	: 0.0185
-------------------------------------
[Epoch : 471/500]
Total_loss	: 0.0853
Coral_loss	: 0.0000
MMD_loss	: 1.9171
cond_ent_wt	: 4.7614
Src_reg_loss	: 0.0185
-------------------------------------
[Epoch : 472/500]
Total_loss	: 0.0853
Coral_loss	: 0.0000
MMD_loss	: 1.9162
cond_ent_wt	: 4.7611
Src_reg_loss	: 0.0185
-------------------------------------
[Epoch : 473/500]
Total_loss	: 0.0853
Coral_loss	: 0.0000
MMD_loss	: 1.9154
cond_ent_wt	: 4.7608
Src_reg_loss	: 0.0185
-------------------------------------
[Epoch : 474/500]
Total_loss	: 0.0852
Coral_loss	: 0.0000
MMD_loss	: 1.9146
cond_ent_wt	: 4.7605
Src_reg_loss	: 0.0185
-------------------------------------
[Epoch : 475/500]
Total_loss	: 0.0852
Coral_loss	: 0.0000
MMD_loss	: 1.9138
cond_ent_wt	: 4.7602
Src_reg_loss	: 0.0184
-------------------------------------
[Epoch : 476/500]
Total_loss	: 0.0852
Coral_loss	: 0.0000
MMD_loss	: 1.9130
cond_ent_wt	: 4.7600
Src_reg_loss	: 0.0184
-------------------------------------
[Epoch : 477/500]
Total_loss	: 0.0851
Coral_loss	: 0.0000
MMD_loss	: 1.9121
cond_ent_wt	: 4.7597
Src_reg_loss	: 0.0184
-------------------------------------
[Epoch : 478/500]
Total_loss	: 0.0851
Coral_loss	: 0.0000
MMD_loss	: 1.9113
cond_ent_wt	: 4.7594
Src_reg_loss	: 0.0184
-------------------------------------
[Epoch : 479/500]
Total_loss	: 0.0851
Coral_loss	: 0.0000
MMD_loss	: 1.9105
cond_ent_wt	: 4.7591
Src_reg_loss	: 0.0184
-------------------------------------
[Epoch : 480/500]
Total_loss	: 0.0850
Coral_loss	: 0.0000
MMD_loss	: 1.9097
cond_ent_wt	: 4.7588
Src_reg_loss	: 0.0184
-------------------------------------
[Epoch : 481/500]
Total_loss	: 0.0850
Coral_loss	: 0.0000
MMD_loss	: 1.9089
cond_ent_wt	: 4.7585
Src_reg_loss	: 0.0183
-------------------------------------
[Epoch : 482/500]
Total_loss	: 0.0850
Coral_loss	: 0.0000
MMD_loss	: 1.9080
cond_ent_wt	: 4.7583
Src_reg_loss	: 0.0183
-------------------------------------
[Epoch : 483/500]
Total_loss	: 0.0849
Coral_loss	: 0.0000
MMD_loss	: 1.9072
cond_ent_wt	: 4.7580
Src_reg_loss	: 0.0183
-------------------------------------
[Epoch : 484/500]
Total_loss	: 0.0849
Coral_loss	: 0.0000
MMD_loss	: 1.9064
cond_ent_wt	: 4.7577
Src_reg_loss	: 0.0183
-------------------------------------
[Epoch : 485/500]
Total_loss	: 0.0849
Coral_loss	: 0.0000
MMD_loss	: 1.9056
cond_ent_wt	: 4.7574
Src_reg_loss	: 0.0183
-------------------------------------
[Epoch : 486/500]
Total_loss	: 0.0849
Coral_loss	: 0.0000
MMD_loss	: 1.9048
cond_ent_wt	: 4.7571
Src_reg_loss	: 0.0182
-------------------------------------
[Epoch : 487/500]
Total_loss	: 0.0848
Coral_loss	: 0.0000
MMD_loss	: 1.9039
cond_ent_wt	: 4.7568
Src_reg_loss	: 0.0182
-------------------------------------
[Epoch : 488/500]
Total_loss	: 0.0848
Coral_loss	: 0.0000
MMD_loss	: 1.9031
cond_ent_wt	: 4.7566
Src_reg_loss	: 0.0182
-------------------------------------
[Epoch : 489/500]
Total_loss	: 0.0848
Coral_loss	: 0.0000
MMD_loss	: 1.9023
cond_ent_wt	: 4.7563
Src_reg_loss	: 0.0182
-------------------------------------
[Epoch : 490/500]
Total_loss	: 0.0847
Coral_loss	: 0.0000
MMD_loss	: 1.9015
cond_ent_wt	: 4.7560
Src_reg_loss	: 0.0182
-------------------------------------
[Epoch : 491/500]
Total_loss	: 0.0847
Coral_loss	: 0.0000
MMD_loss	: 1.9006
cond_ent_wt	: 4.7557
Src_reg_loss	: 0.0182
-------------------------------------
[Epoch : 492/500]
Total_loss	: 0.0847
Coral_loss	: 0.0000
MMD_loss	: 1.8998
cond_ent_wt	: 4.7555
Src_reg_loss	: 0.0181
-------------------------------------
[Epoch : 493/500]
Total_loss	: 0.0847
Coral_loss	: 0.0000
MMD_loss	: 1.8990
cond_ent_wt	: 4.7552
Src_reg_loss	: 0.0181
-------------------------------------
[Epoch : 494/500]
Total_loss	: 0.0846
Coral_loss	: 0.0000
MMD_loss	: 1.8982
cond_ent_wt	: 4.7549
Src_reg_loss	: 0.0181
-------------------------------------
[Epoch : 495/500]
Total_loss	: 0.0846
Coral_loss	: 0.0000
MMD_loss	: 1.8974
cond_ent_wt	: 4.7546
Src_reg_loss	: 0.0181
-------------------------------------
[Epoch : 496/500]
Total_loss	: 0.0846
Coral_loss	: 0.0000
MMD_loss	: 1.8966
cond_ent_wt	: 4.7543
Src_reg_loss	: 0.0181
-------------------------------------
[Epoch : 497/500]
Total_loss	: 0.0845
Coral_loss	: 0.0000
MMD_loss	: 1.8957
cond_ent_wt	: 4.7541
Src_reg_loss	: 0.0180
-------------------------------------
[Epoch : 498/500]
Total_loss	: 0.0845
Coral_loss	: 0.0000
MMD_loss	: 1.8949
cond_ent_wt	: 4.7538
Src_reg_loss	: 0.0180
-------------------------------------
[Epoch : 499/500]
Total_loss	: 0.0845
Coral_loss	: 0.0000
MMD_loss	: 1.8941
cond_ent_wt	: 4.7535
Src_reg_loss	: 0.0180
-------------------------------------
[Epoch : 500/500]
Total_loss	: 0.0845
Coral_loss	: 0.0000
MMD_loss	: 1.8933
cond_ent_wt	: 4.7532
Src_reg_loss	: 0.0180
-------------------------------------
