=============================================
Dataset: Airbox
Method:  AirDA
=============================================
Source: 0 ---> Target: 6
=============================================
[Epoch : 1/500]
Total_loss	: 0.3534
MMD_loss	: 4.4901
cond_ent_wt	: 4.8493
Src_reg_loss	: 0.2600
-------------------------------------
[Epoch : 2/500]
Total_loss	: 0.3414
MMD_loss	: 4.4893
cond_ent_wt	: 4.8492
Src_reg_loss	: 0.2480
-------------------------------------
[Epoch : 3/500]
Total_loss	: 0.3299
MMD_loss	: 4.4836
cond_ent_wt	: 4.8490
Src_reg_loss	: 0.2365
-------------------------------------
[Epoch : 4/500]
Total_loss	: 0.3185
MMD_loss	: 4.4732
cond_ent_wt	: 4.8488
Src_reg_loss	: 0.2253
-------------------------------------
[Epoch : 5/500]
Total_loss	: 0.3070
MMD_loss	: 4.4576
cond_ent_wt	: 4.8485
Src_reg_loss	: 0.2139
-------------------------------------
[Epoch : 6/500]
Total_loss	: 0.2951
MMD_loss	: 4.4366
cond_ent_wt	: 4.8482
Src_reg_loss	: 0.2023
-------------------------------------
[Epoch : 7/500]
Total_loss	: 0.2829
MMD_loss	: 4.4095
cond_ent_wt	: 4.8477
Src_reg_loss	: 0.1903
-------------------------------------
[Epoch : 8/500]
Total_loss	: 0.2705
MMD_loss	: 4.3758
cond_ent_wt	: 4.8471
Src_reg_loss	: 0.1782
-------------------------------------
[Epoch : 9/500]
Total_loss	: 0.2580
MMD_loss	: 4.3350
cond_ent_wt	: 4.8464
Src_reg_loss	: 0.1662
-------------------------------------
[Epoch : 10/500]
Total_loss	: 0.2459
MMD_loss	: 4.2871
cond_ent_wt	: 4.8454
Src_reg_loss	: 0.1546
-------------------------------------
[Epoch : 11/500]
Total_loss	: 0.2349
MMD_loss	: 4.2332
cond_ent_wt	: 4.8441
Src_reg_loss	: 0.1441
-------------------------------------
[Epoch : 12/500]
Total_loss	: 0.2256
MMD_loss	: 4.1777
cond_ent_wt	: 4.8427
Src_reg_loss	: 0.1354
-------------------------------------
[Epoch : 13/500]
Total_loss	: 0.2178
MMD_loss	: 4.1277
cond_ent_wt	: 4.8413
Src_reg_loss	: 0.1281
-------------------------------------
[Epoch : 14/500]
Total_loss	: 0.2111
MMD_loss	: 4.0884
cond_ent_wt	: 4.8401
Src_reg_loss	: 0.1218
-------------------------------------
[Epoch : 15/500]
Total_loss	: 0.2051
MMD_loss	: 4.0602
cond_ent_wt	: 4.8392
Src_reg_loss	: 0.1161
-------------------------------------
[Epoch : 16/500]
Total_loss	: 0.1998
MMD_loss	: 4.0410
cond_ent_wt	: 4.8386
Src_reg_loss	: 0.1111
-------------------------------------
[Epoch : 17/500]
Total_loss	: 0.1953
MMD_loss	: 4.0280
cond_ent_wt	: 4.8381
Src_reg_loss	: 0.1066
-------------------------------------
[Epoch : 18/500]
Total_loss	: 0.1913
MMD_loss	: 4.0188
cond_ent_wt	: 4.8377
Src_reg_loss	: 0.1027
-------------------------------------
[Epoch : 19/500]
Total_loss	: 0.1877
MMD_loss	: 4.0119
cond_ent_wt	: 4.8373
Src_reg_loss	: 0.0992
-------------------------------------
[Epoch : 20/500]
Total_loss	: 0.1844
MMD_loss	: 4.0065
cond_ent_wt	: 4.8369
Src_reg_loss	: 0.0960
-------------------------------------
[Epoch : 21/500]
Total_loss	: 0.1815
MMD_loss	: 4.0023
cond_ent_wt	: 4.8365
Src_reg_loss	: 0.0931
-------------------------------------
[Epoch : 22/500]
Total_loss	: 0.1788
MMD_loss	: 3.9995
cond_ent_wt	: 4.8361
Src_reg_loss	: 0.0904
-------------------------------------
[Epoch : 23/500]
Total_loss	: 0.1763
MMD_loss	: 3.9981
cond_ent_wt	: 4.8358
Src_reg_loss	: 0.0880
-------------------------------------
[Epoch : 24/500]
Total_loss	: 0.1741
MMD_loss	: 3.9983
cond_ent_wt	: 4.8354
Src_reg_loss	: 0.0858
-------------------------------------
[Epoch : 25/500]
Total_loss	: 0.1720
MMD_loss	: 3.9997
cond_ent_wt	: 4.8352
Src_reg_loss	: 0.0837
-------------------------------------
[Epoch : 26/500]
Total_loss	: 0.1701
MMD_loss	: 4.0022
cond_ent_wt	: 4.8349
Src_reg_loss	: 0.0818
-------------------------------------
[Epoch : 27/500]
Total_loss	: 0.1684
MMD_loss	: 4.0055
cond_ent_wt	: 4.8347
Src_reg_loss	: 0.0800
-------------------------------------
[Epoch : 28/500]
Total_loss	: 0.1668
MMD_loss	: 4.0093
cond_ent_wt	: 4.8345
Src_reg_loss	: 0.0783
-------------------------------------
[Epoch : 29/500]
Total_loss	: 0.1653
MMD_loss	: 4.0134
cond_ent_wt	: 4.8343
Src_reg_loss	: 0.0768
-------------------------------------
[Epoch : 30/500]
Total_loss	: 0.1638
MMD_loss	: 4.0177
cond_ent_wt	: 4.8341
Src_reg_loss	: 0.0753
-------------------------------------
[Epoch : 31/500]
Total_loss	: 0.1625
MMD_loss	: 4.0222
cond_ent_wt	: 4.8340
Src_reg_loss	: 0.0740
-------------------------------------
[Epoch : 32/500]
Total_loss	: 0.1613
MMD_loss	: 4.0266
cond_ent_wt	: 4.8338
Src_reg_loss	: 0.0727
-------------------------------------
[Epoch : 33/500]
Total_loss	: 0.1601
MMD_loss	: 4.0308
cond_ent_wt	: 4.8337
Src_reg_loss	: 0.0715
-------------------------------------
[Epoch : 34/500]
Total_loss	: 0.1590
MMD_loss	: 4.0347
cond_ent_wt	: 4.8335
Src_reg_loss	: 0.0703
-------------------------------------
[Epoch : 35/500]
Total_loss	: 0.1579
MMD_loss	: 4.0381
cond_ent_wt	: 4.8334
Src_reg_loss	: 0.0692
-------------------------------------
[Epoch : 36/500]
Total_loss	: 0.1569
MMD_loss	: 4.0408
cond_ent_wt	: 4.8333
Src_reg_loss	: 0.0682
-------------------------------------
[Epoch : 37/500]
Total_loss	: 0.1559
MMD_loss	: 4.0426
cond_ent_wt	: 4.8332
Src_reg_loss	: 0.0672
-------------------------------------
[Epoch : 38/500]
Total_loss	: 0.1550
MMD_loss	: 4.0434
cond_ent_wt	: 4.8330
Src_reg_loss	: 0.0663
-------------------------------------
[Epoch : 39/500]
Total_loss	: 0.1541
MMD_loss	: 4.0430
cond_ent_wt	: 4.8329
Src_reg_loss	: 0.0654
-------------------------------------
[Epoch : 40/500]
Total_loss	: 0.1532
MMD_loss	: 4.0413
cond_ent_wt	: 4.8328
Src_reg_loss	: 0.0645
-------------------------------------
[Epoch : 41/500]
Total_loss	: 0.1524
MMD_loss	: 4.0382
cond_ent_wt	: 4.8328
Src_reg_loss	: 0.0637
-------------------------------------
[Epoch : 42/500]
Total_loss	: 0.1515
MMD_loss	: 4.0335
cond_ent_wt	: 4.8327
Src_reg_loss	: 0.0629
-------------------------------------
[Epoch : 43/500]
Total_loss	: 0.1507
MMD_loss	: 4.0273
cond_ent_wt	: 4.8326
Src_reg_loss	: 0.0621
-------------------------------------
[Epoch : 44/500]
Total_loss	: 0.1499
MMD_loss	: 4.0195
cond_ent_wt	: 4.8325
Src_reg_loss	: 0.0614
-------------------------------------
[Epoch : 45/500]
Total_loss	: 0.1491
MMD_loss	: 4.0101
cond_ent_wt	: 4.8325
Src_reg_loss	: 0.0607
-------------------------------------
[Epoch : 46/500]
Total_loss	: 0.1483
MMD_loss	: 3.9993
cond_ent_wt	: 4.8324
Src_reg_loss	: 0.0600
-------------------------------------
[Epoch : 47/500]
Total_loss	: 0.1476
MMD_loss	: 3.9870
cond_ent_wt	: 4.8323
Src_reg_loss	: 0.0594
-------------------------------------
[Epoch : 48/500]
Total_loss	: 0.1468
MMD_loss	: 3.9734
cond_ent_wt	: 4.8323
Src_reg_loss	: 0.0587
-------------------------------------
[Epoch : 49/500]
Total_loss	: 0.1460
MMD_loss	: 3.9584
cond_ent_wt	: 4.8322
Src_reg_loss	: 0.0581
-------------------------------------
[Epoch : 50/500]
Total_loss	: 0.1453
MMD_loss	: 3.9423
cond_ent_wt	: 4.8322
Src_reg_loss	: 0.0575
-------------------------------------
[Epoch : 51/500]
Total_loss	: 0.1445
MMD_loss	: 3.9251
cond_ent_wt	: 4.8321
Src_reg_loss	: 0.0569
-------------------------------------
[Epoch : 52/500]
Total_loss	: 0.1438
MMD_loss	: 3.9070
cond_ent_wt	: 4.8321
Src_reg_loss	: 0.0564
-------------------------------------
[Epoch : 53/500]
Total_loss	: 0.1430
MMD_loss	: 3.8880
cond_ent_wt	: 4.8320
Src_reg_loss	: 0.0558
-------------------------------------
[Epoch : 54/500]
Total_loss	: 0.1423
MMD_loss	: 3.8683
cond_ent_wt	: 4.8320
Src_reg_loss	: 0.0553
-------------------------------------
[Epoch : 55/500]
Total_loss	: 0.1416
MMD_loss	: 3.8479
cond_ent_wt	: 4.8319
Src_reg_loss	: 0.0548
-------------------------------------
[Epoch : 56/500]
Total_loss	: 0.1409
MMD_loss	: 3.8270
cond_ent_wt	: 4.8319
Src_reg_loss	: 0.0543
-------------------------------------
[Epoch : 57/500]
Total_loss	: 0.1402
MMD_loss	: 3.8057
cond_ent_wt	: 4.8319
Src_reg_loss	: 0.0538
-------------------------------------
[Epoch : 58/500]
Total_loss	: 0.1395
MMD_loss	: 3.7841
cond_ent_wt	: 4.8318
Src_reg_loss	: 0.0533
-------------------------------------
[Epoch : 59/500]
Total_loss	: 0.1388
MMD_loss	: 3.7623
cond_ent_wt	: 4.8318
Src_reg_loss	: 0.0528
-------------------------------------
[Epoch : 60/500]
Total_loss	: 0.1381
MMD_loss	: 3.7404
cond_ent_wt	: 4.8318
Src_reg_loss	: 0.0524
-------------------------------------
[Epoch : 61/500]
Total_loss	: 0.1374
MMD_loss	: 3.7186
cond_ent_wt	: 4.8317
Src_reg_loss	: 0.0519
-------------------------------------
[Epoch : 62/500]
Total_loss	: 0.1368
MMD_loss	: 3.6969
cond_ent_wt	: 4.8317
Src_reg_loss	: 0.0515
-------------------------------------
[Epoch : 63/500]
Total_loss	: 0.1361
MMD_loss	: 3.6754
cond_ent_wt	: 4.8317
Src_reg_loss	: 0.0511
-------------------------------------
[Epoch : 64/500]
Total_loss	: 0.1355
MMD_loss	: 3.6543
cond_ent_wt	: 4.8316
Src_reg_loss	: 0.0506
-------------------------------------
[Epoch : 65/500]
Total_loss	: 0.1349
MMD_loss	: 3.6335
cond_ent_wt	: 4.8316
Src_reg_loss	: 0.0502
-------------------------------------
[Epoch : 66/500]
Total_loss	: 0.1343
MMD_loss	: 3.6132
cond_ent_wt	: 4.8315
Src_reg_loss	: 0.0498
-------------------------------------
[Epoch : 67/500]
Total_loss	: 0.1337
MMD_loss	: 3.5934
cond_ent_wt	: 4.8315
Src_reg_loss	: 0.0494
-------------------------------------
[Epoch : 68/500]
Total_loss	: 0.1331
MMD_loss	: 3.5742
cond_ent_wt	: 4.8315
Src_reg_loss	: 0.0490
-------------------------------------
[Epoch : 69/500]
Total_loss	: 0.1325
MMD_loss	: 3.5556
cond_ent_wt	: 4.8314
Src_reg_loss	: 0.0487
-------------------------------------
[Epoch : 70/500]
Total_loss	: 0.1320
MMD_loss	: 3.5377
cond_ent_wt	: 4.8314
Src_reg_loss	: 0.0483
-------------------------------------
[Epoch : 71/500]
Total_loss	: 0.1315
MMD_loss	: 3.5204
cond_ent_wt	: 4.8313
Src_reg_loss	: 0.0479
-------------------------------------
[Epoch : 72/500]
Total_loss	: 0.1309
MMD_loss	: 3.5038
cond_ent_wt	: 4.8313
Src_reg_loss	: 0.0476
-------------------------------------
[Epoch : 73/500]
Total_loss	: 0.1304
MMD_loss	: 3.4879
cond_ent_wt	: 4.8312
Src_reg_loss	: 0.0472
-------------------------------------
[Epoch : 74/500]
Total_loss	: 0.1299
MMD_loss	: 3.4728
cond_ent_wt	: 4.8311
Src_reg_loss	: 0.0469
-------------------------------------
[Epoch : 75/500]
Total_loss	: 0.1295
MMD_loss	: 3.4584
cond_ent_wt	: 4.8311
Src_reg_loss	: 0.0466
-------------------------------------
[Epoch : 76/500]
Total_loss	: 0.1290
MMD_loss	: 3.4447
cond_ent_wt	: 4.8310
Src_reg_loss	: 0.0463
-------------------------------------
[Epoch : 77/500]
Total_loss	: 0.1286
MMD_loss	: 3.4318
cond_ent_wt	: 4.8309
Src_reg_loss	: 0.0459
-------------------------------------
[Epoch : 78/500]
Total_loss	: 0.1281
MMD_loss	: 3.4196
cond_ent_wt	: 4.8309
Src_reg_loss	: 0.0456
-------------------------------------
[Epoch : 79/500]
Total_loss	: 0.1277
MMD_loss	: 3.4081
cond_ent_wt	: 4.8308
Src_reg_loss	: 0.0453
-------------------------------------
[Epoch : 80/500]
Total_loss	: 0.1273
MMD_loss	: 3.3974
cond_ent_wt	: 4.8307
Src_reg_loss	: 0.0450
-------------------------------------
[Epoch : 81/500]
Total_loss	: 0.1269
MMD_loss	: 3.3873
cond_ent_wt	: 4.8306
Src_reg_loss	: 0.0447
-------------------------------------
[Epoch : 82/500]
Total_loss	: 0.1265
MMD_loss	: 3.3779
cond_ent_wt	: 4.8306
Src_reg_loss	: 0.0444
-------------------------------------
[Epoch : 83/500]
Total_loss	: 0.1261
MMD_loss	: 3.3692
cond_ent_wt	: 4.8305
Src_reg_loss	: 0.0441
-------------------------------------
[Epoch : 84/500]
Total_loss	: 0.1258
MMD_loss	: 3.3611
cond_ent_wt	: 4.8304
Src_reg_loss	: 0.0439
-------------------------------------
[Epoch : 85/500]
Total_loss	: 0.1254
MMD_loss	: 3.3537
cond_ent_wt	: 4.8303
Src_reg_loss	: 0.0436
-------------------------------------
[Epoch : 86/500]
Total_loss	: 0.1251
MMD_loss	: 3.3468
cond_ent_wt	: 4.8302
Src_reg_loss	: 0.0433
-------------------------------------
[Epoch : 87/500]
Total_loss	: 0.1248
MMD_loss	: 3.3405
cond_ent_wt	: 4.8302
Src_reg_loss	: 0.0430
-------------------------------------
[Epoch : 88/500]
Total_loss	: 0.1244
MMD_loss	: 3.3347
cond_ent_wt	: 4.8301
Src_reg_loss	: 0.0428
-------------------------------------
[Epoch : 89/500]
Total_loss	: 0.1241
MMD_loss	: 3.3295
cond_ent_wt	: 4.8300
Src_reg_loss	: 0.0425
-------------------------------------
[Epoch : 90/500]
Total_loss	: 0.1238
MMD_loss	: 3.3248
cond_ent_wt	: 4.8299
Src_reg_loss	: 0.0423
-------------------------------------
[Epoch : 91/500]
Total_loss	: 0.1235
MMD_loss	: 3.3206
cond_ent_wt	: 4.8298
Src_reg_loss	: 0.0420
-------------------------------------
[Epoch : 92/500]
Total_loss	: 0.1232
MMD_loss	: 3.3169
cond_ent_wt	: 4.8297
Src_reg_loss	: 0.0418
-------------------------------------
[Epoch : 93/500]
Total_loss	: 0.1230
MMD_loss	: 3.3136
cond_ent_wt	: 4.8296
Src_reg_loss	: 0.0415
-------------------------------------
[Epoch : 94/500]
Total_loss	: 0.1227
MMD_loss	: 3.3108
cond_ent_wt	: 4.8295
Src_reg_loss	: 0.0413
-------------------------------------
[Epoch : 95/500]
Total_loss	: 0.1224
MMD_loss	: 3.3085
cond_ent_wt	: 4.8295
Src_reg_loss	: 0.0411
-------------------------------------
[Epoch : 96/500]
Total_loss	: 0.1222
MMD_loss	: 3.3066
cond_ent_wt	: 4.8294
Src_reg_loss	: 0.0408
-------------------------------------
[Epoch : 97/500]
Total_loss	: 0.1219
MMD_loss	: 3.3051
cond_ent_wt	: 4.8293
Src_reg_loss	: 0.0406
-------------------------------------
[Epoch : 98/500]
Total_loss	: 0.1217
MMD_loss	: 3.3041
cond_ent_wt	: 4.8292
Src_reg_loss	: 0.0404
-------------------------------------
[Epoch : 99/500]
Total_loss	: 0.1215
MMD_loss	: 3.3035
cond_ent_wt	: 4.8291
Src_reg_loss	: 0.0401
-------------------------------------
[Epoch : 100/500]
Total_loss	: 0.1212
MMD_loss	: 3.3033
cond_ent_wt	: 4.8290
Src_reg_loss	: 0.0399
-------------------------------------
[Epoch : 101/500]
Total_loss	: 0.1210
MMD_loss	: 3.3035
cond_ent_wt	: 4.8289
Src_reg_loss	: 0.0397
-------------------------------------
[Epoch : 102/500]
Total_loss	: 0.1208
MMD_loss	: 3.3042
cond_ent_wt	: 4.8288
Src_reg_loss	: 0.0395
-------------------------------------
[Epoch : 103/500]
Total_loss	: 0.1206
MMD_loss	: 3.3053
cond_ent_wt	: 4.8287
Src_reg_loss	: 0.0393
-------------------------------------
[Epoch : 104/500]
Total_loss	: 0.1204
MMD_loss	: 3.3068
cond_ent_wt	: 4.8286
Src_reg_loss	: 0.0391
-------------------------------------
[Epoch : 105/500]
Total_loss	: 0.1202
MMD_loss	: 3.3087
cond_ent_wt	: 4.8285
Src_reg_loss	: 0.0388
-------------------------------------
[Epoch : 106/500]
Total_loss	: 0.1200
MMD_loss	: 3.3109
cond_ent_wt	: 4.8284
Src_reg_loss	: 0.0386
-------------------------------------
[Epoch : 107/500]
Total_loss	: 0.1198
MMD_loss	: 3.3136
cond_ent_wt	: 4.8283
Src_reg_loss	: 0.0384
-------------------------------------
[Epoch : 108/500]
Total_loss	: 0.1197
MMD_loss	: 3.3167
cond_ent_wt	: 4.8282
Src_reg_loss	: 0.0382
-------------------------------------
[Epoch : 109/500]
Total_loss	: 0.1195
MMD_loss	: 3.3201
cond_ent_wt	: 4.8281
Src_reg_loss	: 0.0380
-------------------------------------
[Epoch : 110/500]
Total_loss	: 0.1193
MMD_loss	: 3.3239
cond_ent_wt	: 4.8280
Src_reg_loss	: 0.0378
-------------------------------------
[Epoch : 111/500]
Total_loss	: 0.1192
MMD_loss	: 3.3282
cond_ent_wt	: 4.8279
Src_reg_loss	: 0.0376
-------------------------------------
[Epoch : 112/500]
Total_loss	: 0.1190
MMD_loss	: 3.3327
cond_ent_wt	: 4.8278
Src_reg_loss	: 0.0374
-------------------------------------
[Epoch : 113/500]
Total_loss	: 0.1189
MMD_loss	: 3.3377
cond_ent_wt	: 4.8277
Src_reg_loss	: 0.0372
-------------------------------------
[Epoch : 114/500]
Total_loss	: 0.1187
MMD_loss	: 3.3430
cond_ent_wt	: 4.8275
Src_reg_loss	: 0.0370
-------------------------------------
[Epoch : 115/500]
Total_loss	: 0.1186
MMD_loss	: 3.3487
cond_ent_wt	: 4.8274
Src_reg_loss	: 0.0368
-------------------------------------
[Epoch : 116/500]
Total_loss	: 0.1185
MMD_loss	: 3.3547
cond_ent_wt	: 4.8273
Src_reg_loss	: 0.0367
-------------------------------------
[Epoch : 117/500]
Total_loss	: 0.1184
MMD_loss	: 3.3611
cond_ent_wt	: 4.8272
Src_reg_loss	: 0.0365
-------------------------------------
[Epoch : 118/500]
Total_loss	: 0.1182
MMD_loss	: 3.3679
cond_ent_wt	: 4.8271
Src_reg_loss	: 0.0363
-------------------------------------
[Epoch : 119/500]
Total_loss	: 0.1181
MMD_loss	: 3.3749
cond_ent_wt	: 4.8270
Src_reg_loss	: 0.0361
-------------------------------------
[Epoch : 120/500]
Total_loss	: 0.1180
MMD_loss	: 3.3823
cond_ent_wt	: 4.8268
Src_reg_loss	: 0.0359
-------------------------------------
[Epoch : 121/500]
Total_loss	: 0.1179
MMD_loss	: 3.3900
cond_ent_wt	: 4.8267
Src_reg_loss	: 0.0357
-------------------------------------
[Epoch : 122/500]
Total_loss	: 0.1178
MMD_loss	: 3.3980
cond_ent_wt	: 4.8266
Src_reg_loss	: 0.0356
-------------------------------------
[Epoch : 123/500]
Total_loss	: 0.1177
MMD_loss	: 3.4063
cond_ent_wt	: 4.8265
Src_reg_loss	: 0.0354
-------------------------------------
[Epoch : 124/500]
Total_loss	: 0.1176
MMD_loss	: 3.4149
cond_ent_wt	: 4.8264
Src_reg_loss	: 0.0352
-------------------------------------
[Epoch : 125/500]
Total_loss	: 0.1175
MMD_loss	: 3.4237
cond_ent_wt	: 4.8262
Src_reg_loss	: 0.0350
-------------------------------------
[Epoch : 126/500]
Total_loss	: 0.1174
MMD_loss	: 3.4328
cond_ent_wt	: 4.8261
Src_reg_loss	: 0.0348
-------------------------------------
[Epoch : 127/500]
Total_loss	: 0.1174
MMD_loss	: 3.4421
cond_ent_wt	: 4.8260
Src_reg_loss	: 0.0347
-------------------------------------
[Epoch : 128/500]
Total_loss	: 0.1173
MMD_loss	: 3.4516
cond_ent_wt	: 4.8258
Src_reg_loss	: 0.0345
-------------------------------------
[Epoch : 129/500]
Total_loss	: 0.1172
MMD_loss	: 3.4613
cond_ent_wt	: 4.8257
Src_reg_loss	: 0.0343
-------------------------------------
[Epoch : 130/500]
Total_loss	: 0.1171
MMD_loss	: 3.4711
cond_ent_wt	: 4.8256
Src_reg_loss	: 0.0342
-------------------------------------
[Epoch : 131/500]
Total_loss	: 0.1171
MMD_loss	: 3.4812
cond_ent_wt	: 4.8254
Src_reg_loss	: 0.0340
-------------------------------------
[Epoch : 132/500]
Total_loss	: 0.1170
MMD_loss	: 3.4913
cond_ent_wt	: 4.8253
Src_reg_loss	: 0.0338
-------------------------------------
[Epoch : 133/500]
Total_loss	: 0.1169
MMD_loss	: 3.5016
cond_ent_wt	: 4.8251
Src_reg_loss	: 0.0337
-------------------------------------
[Epoch : 134/500]
Total_loss	: 0.1169
MMD_loss	: 3.5119
cond_ent_wt	: 4.8250
Src_reg_loss	: 0.0335
-------------------------------------
[Epoch : 135/500]
Total_loss	: 0.1168
MMD_loss	: 3.5224
cond_ent_wt	: 4.8248
Src_reg_loss	: 0.0333
-------------------------------------
[Epoch : 136/500]
Total_loss	: 0.1168
MMD_loss	: 3.5329
cond_ent_wt	: 4.8247
Src_reg_loss	: 0.0332
-------------------------------------
[Epoch : 137/500]
Total_loss	: 0.1167
MMD_loss	: 3.5435
cond_ent_wt	: 4.8245
Src_reg_loss	: 0.0330
-------------------------------------
[Epoch : 138/500]
Total_loss	: 0.1167
MMD_loss	: 3.5541
cond_ent_wt	: 4.8244
Src_reg_loss	: 0.0329
-------------------------------------
[Epoch : 139/500]
Total_loss	: 0.1166
MMD_loss	: 3.5647
cond_ent_wt	: 4.8242
Src_reg_loss	: 0.0327
-------------------------------------
[Epoch : 140/500]
Total_loss	: 0.1166
MMD_loss	: 3.5753
cond_ent_wt	: 4.8241
Src_reg_loss	: 0.0326
-------------------------------------
[Epoch : 141/500]
Total_loss	: 0.1165
MMD_loss	: 3.5859
cond_ent_wt	: 4.8239
Src_reg_loss	: 0.0324
-------------------------------------
[Epoch : 142/500]
Total_loss	: 0.1165
MMD_loss	: 3.5964
cond_ent_wt	: 4.8238
Src_reg_loss	: 0.0323
-------------------------------------
[Epoch : 143/500]
Total_loss	: 0.1164
MMD_loss	: 3.6070
cond_ent_wt	: 4.8236
Src_reg_loss	: 0.0321
-------------------------------------
[Epoch : 144/500]
Total_loss	: 0.1164
MMD_loss	: 3.6174
cond_ent_wt	: 4.8235
Src_reg_loss	: 0.0320
-------------------------------------
[Epoch : 145/500]
Total_loss	: 0.1164
MMD_loss	: 3.6278
cond_ent_wt	: 4.8233
Src_reg_loss	: 0.0319
-------------------------------------
[Epoch : 146/500]
Total_loss	: 0.1163
MMD_loss	: 3.6382
cond_ent_wt	: 4.8232
Src_reg_loss	: 0.0317
-------------------------------------
[Epoch : 147/500]
Total_loss	: 0.1163
MMD_loss	: 3.6484
cond_ent_wt	: 4.8230
Src_reg_loss	: 0.0316
-------------------------------------
[Epoch : 148/500]
Total_loss	: 0.1163
MMD_loss	: 3.6586
cond_ent_wt	: 4.8229
Src_reg_loss	: 0.0314
-------------------------------------
[Epoch : 149/500]
Total_loss	: 0.1162
MMD_loss	: 3.6686
cond_ent_wt	: 4.8227
Src_reg_loss	: 0.0313
-------------------------------------
[Epoch : 150/500]
Total_loss	: 0.1162
MMD_loss	: 3.6786
cond_ent_wt	: 4.8226
Src_reg_loss	: 0.0312
-------------------------------------
[Epoch : 151/500]
Total_loss	: 0.1161
MMD_loss	: 3.6885
cond_ent_wt	: 4.8224
Src_reg_loss	: 0.0310
-------------------------------------
[Epoch : 152/500]
Total_loss	: 0.1161
MMD_loss	: 3.6983
cond_ent_wt	: 4.8223
Src_reg_loss	: 0.0309
-------------------------------------
[Epoch : 153/500]
Total_loss	: 0.1161
MMD_loss	: 3.7080
cond_ent_wt	: 4.8221
Src_reg_loss	: 0.0308
-------------------------------------
[Epoch : 154/500]
Total_loss	: 0.1160
MMD_loss	: 3.7175
cond_ent_wt	: 4.8220
Src_reg_loss	: 0.0307
-------------------------------------
[Epoch : 155/500]
Total_loss	: 0.1160
MMD_loss	: 3.7270
cond_ent_wt	: 4.8219
Src_reg_loss	: 0.0305
-------------------------------------
[Epoch : 156/500]
Total_loss	: 0.1160
MMD_loss	: 3.7364
cond_ent_wt	: 4.8217
Src_reg_loss	: 0.0304
-------------------------------------
[Epoch : 157/500]
Total_loss	: 0.1160
MMD_loss	: 3.7456
cond_ent_wt	: 4.8216
Src_reg_loss	: 0.0303
-------------------------------------
[Epoch : 158/500]
Total_loss	: 0.1159
MMD_loss	: 3.7548
cond_ent_wt	: 4.8214
Src_reg_loss	: 0.0302
-------------------------------------
[Epoch : 159/500]
Total_loss	: 0.1159
MMD_loss	: 3.7639
cond_ent_wt	: 4.8213
Src_reg_loss	: 0.0300
-------------------------------------
[Epoch : 160/500]
Total_loss	: 0.1159
MMD_loss	: 3.7728
cond_ent_wt	: 4.8212
Src_reg_loss	: 0.0299
-------------------------------------
[Epoch : 161/500]
Total_loss	: 0.1158
MMD_loss	: 3.7817
cond_ent_wt	: 4.8210
Src_reg_loss	: 0.0298
-------------------------------------
[Epoch : 162/500]
Total_loss	: 0.1158
MMD_loss	: 3.7904
cond_ent_wt	: 4.8209
Src_reg_loss	: 0.0297
-------------------------------------
[Epoch : 163/500]
Total_loss	: 0.1158
MMD_loss	: 3.7991
cond_ent_wt	: 4.8207
Src_reg_loss	: 0.0296
-------------------------------------
[Epoch : 164/500]
Total_loss	: 0.1157
MMD_loss	: 3.8076
cond_ent_wt	: 4.8206
Src_reg_loss	: 0.0295
-------------------------------------
[Epoch : 165/500]
Total_loss	: 0.1157
MMD_loss	: 3.8161
cond_ent_wt	: 4.8205
Src_reg_loss	: 0.0293
-------------------------------------
[Epoch : 166/500]
Total_loss	: 0.1157
MMD_loss	: 3.8244
cond_ent_wt	: 4.8203
Src_reg_loss	: 0.0292
-------------------------------------
[Epoch : 167/500]
Total_loss	: 0.1157
MMD_loss	: 3.8327
cond_ent_wt	: 4.8202
Src_reg_loss	: 0.0291
-------------------------------------
[Epoch : 168/500]
Total_loss	: 0.1156
MMD_loss	: 3.8409
cond_ent_wt	: 4.8201
Src_reg_loss	: 0.0290
-------------------------------------
[Epoch : 169/500]
Total_loss	: 0.1156
MMD_loss	: 3.8490
cond_ent_wt	: 4.8200
Src_reg_loss	: 0.0289
-------------------------------------
[Epoch : 170/500]
Total_loss	: 0.1156
MMD_loss	: 3.8570
cond_ent_wt	: 4.8198
Src_reg_loss	: 0.0288
-------------------------------------
[Epoch : 171/500]
Total_loss	: 0.1155
MMD_loss	: 3.8649
cond_ent_wt	: 4.8197
Src_reg_loss	: 0.0287
-------------------------------------
[Epoch : 172/500]
Total_loss	: 0.1155
MMD_loss	: 3.8727
cond_ent_wt	: 4.8196
Src_reg_loss	: 0.0286
-------------------------------------
[Epoch : 173/500]
Total_loss	: 0.1155
MMD_loss	: 3.8804
cond_ent_wt	: 4.8194
Src_reg_loss	: 0.0285
-------------------------------------
[Epoch : 174/500]
Total_loss	: 0.1155
MMD_loss	: 3.8880
cond_ent_wt	: 4.8193
Src_reg_loss	: 0.0284
-------------------------------------
[Epoch : 175/500]
Total_loss	: 0.1154
MMD_loss	: 3.8956
cond_ent_wt	: 4.8192
Src_reg_loss	: 0.0283
-------------------------------------
[Epoch : 176/500]
Total_loss	: 0.1154
MMD_loss	: 3.9031
cond_ent_wt	: 4.8191
Src_reg_loss	: 0.0282
-------------------------------------
[Epoch : 177/500]
Total_loss	: 0.1154
MMD_loss	: 3.9105
cond_ent_wt	: 4.8189
Src_reg_loss	: 0.0281
-------------------------------------
[Epoch : 178/500]
Total_loss	: 0.1154
MMD_loss	: 3.9178
cond_ent_wt	: 4.8188
Src_reg_loss	: 0.0280
-------------------------------------
[Epoch : 179/500]
Total_loss	: 0.1153
MMD_loss	: 3.9250
cond_ent_wt	: 4.8187
Src_reg_loss	: 0.0279
-------------------------------------
[Epoch : 180/500]
Total_loss	: 0.1153
MMD_loss	: 3.9322
cond_ent_wt	: 4.8186
Src_reg_loss	: 0.0278
-------------------------------------
[Epoch : 181/500]
Total_loss	: 0.1153
MMD_loss	: 3.9393
cond_ent_wt	: 4.8184
Src_reg_loss	: 0.0277
-------------------------------------
[Epoch : 182/500]
Total_loss	: 0.1153
MMD_loss	: 3.9463
cond_ent_wt	: 4.8183
Src_reg_loss	: 0.0276
-------------------------------------
[Epoch : 183/500]
Total_loss	: 0.1152
MMD_loss	: 3.9532
cond_ent_wt	: 4.8182
Src_reg_loss	: 0.0275
-------------------------------------
[Epoch : 184/500]
Total_loss	: 0.1152
MMD_loss	: 3.9601
cond_ent_wt	: 4.8181
Src_reg_loss	: 0.0274
-------------------------------------
[Epoch : 185/500]
Total_loss	: 0.1152
MMD_loss	: 3.9669
cond_ent_wt	: 4.8179
Src_reg_loss	: 0.0273
-------------------------------------
[Epoch : 186/500]
Total_loss	: 0.1152
MMD_loss	: 3.9736
cond_ent_wt	: 4.8178
Src_reg_loss	: 0.0273
-------------------------------------
[Epoch : 187/500]
Total_loss	: 0.1151
MMD_loss	: 3.9803
cond_ent_wt	: 4.8177
Src_reg_loss	: 0.0272
-------------------------------------
[Epoch : 188/500]
Total_loss	: 0.1151
MMD_loss	: 3.9868
cond_ent_wt	: 4.8176
Src_reg_loss	: 0.0271
-------------------------------------
[Epoch : 189/500]
Total_loss	: 0.1151
MMD_loss	: 3.9934
cond_ent_wt	: 4.8175
Src_reg_loss	: 0.0270
-------------------------------------
[Epoch : 190/500]
Total_loss	: 0.1151
MMD_loss	: 3.9998
cond_ent_wt	: 4.8173
Src_reg_loss	: 0.0269
-------------------------------------
[Epoch : 191/500]
Total_loss	: 0.1150
MMD_loss	: 4.0062
cond_ent_wt	: 4.8172
Src_reg_loss	: 0.0268
-------------------------------------
[Epoch : 192/500]
Total_loss	: 0.1150
MMD_loss	: 4.0125
cond_ent_wt	: 4.8171
Src_reg_loss	: 0.0267
-------------------------------------
[Epoch : 193/500]
Total_loss	: 0.1150
MMD_loss	: 4.0188
cond_ent_wt	: 4.8170
Src_reg_loss	: 0.0266
-------------------------------------
[Epoch : 194/500]
Total_loss	: 0.1150
MMD_loss	: 4.0250
cond_ent_wt	: 4.8169
Src_reg_loss	: 0.0266
-------------------------------------
[Epoch : 195/500]
Total_loss	: 0.1150
MMD_loss	: 4.0311
cond_ent_wt	: 4.8167
Src_reg_loss	: 0.0265
-------------------------------------
[Epoch : 196/500]
Total_loss	: 0.1149
MMD_loss	: 4.0372
cond_ent_wt	: 4.8166
Src_reg_loss	: 0.0264
-------------------------------------
[Epoch : 197/500]
Total_loss	: 0.1149
MMD_loss	: 4.0432
cond_ent_wt	: 4.8165
Src_reg_loss	: 0.0263
-------------------------------------
[Epoch : 198/500]
Total_loss	: 0.1149
MMD_loss	: 4.0492
cond_ent_wt	: 4.8164
Src_reg_loss	: 0.0262
-------------------------------------
[Epoch : 199/500]
Total_loss	: 0.1149
MMD_loss	: 4.0551
cond_ent_wt	: 4.8163
Src_reg_loss	: 0.0261
-------------------------------------
[Epoch : 200/500]
Total_loss	: 0.1148
MMD_loss	: 4.0609
cond_ent_wt	: 4.8161
Src_reg_loss	: 0.0261
-------------------------------------
[Epoch : 201/500]
Total_loss	: 0.1148
MMD_loss	: 4.0667
cond_ent_wt	: 4.8160
Src_reg_loss	: 0.0260
-------------------------------------
[Epoch : 202/500]
Total_loss	: 0.1148
MMD_loss	: 4.0725
cond_ent_wt	: 4.8159
Src_reg_loss	: 0.0259
-------------------------------------
[Epoch : 203/500]
Total_loss	: 0.1148
MMD_loss	: 4.0782
cond_ent_wt	: 4.8158
Src_reg_loss	: 0.0258
-------------------------------------
[Epoch : 204/500]
Total_loss	: 0.1148
MMD_loss	: 4.0838
cond_ent_wt	: 4.8156
Src_reg_loss	: 0.0258
-------------------------------------
[Epoch : 205/500]
Total_loss	: 0.1147
MMD_loss	: 4.0894
cond_ent_wt	: 4.8155
Src_reg_loss	: 0.0257
-------------------------------------
[Epoch : 206/500]
Total_loss	: 0.1147
MMD_loss	: 4.0949
cond_ent_wt	: 4.8154
Src_reg_loss	: 0.0256
-------------------------------------
[Epoch : 207/500]
Total_loss	: 0.1147
MMD_loss	: 4.1004
cond_ent_wt	: 4.8153
Src_reg_loss	: 0.0255
-------------------------------------
[Epoch : 208/500]
Total_loss	: 0.1147
MMD_loss	: 4.1059
cond_ent_wt	: 4.8151
Src_reg_loss	: 0.0255
-------------------------------------
[Epoch : 209/500]
Total_loss	: 0.1146
MMD_loss	: 4.1113
cond_ent_wt	: 4.8150
Src_reg_loss	: 0.0254
-------------------------------------
[Epoch : 210/500]
Total_loss	: 0.1146
MMD_loss	: 4.1166
cond_ent_wt	: 4.8149
Src_reg_loss	: 0.0253
-------------------------------------
[Epoch : 211/500]
Total_loss	: 0.1146
MMD_loss	: 4.1219
cond_ent_wt	: 4.8148
Src_reg_loss	: 0.0252
-------------------------------------
[Epoch : 212/500]
Total_loss	: 0.1146
MMD_loss	: 4.1272
cond_ent_wt	: 4.8146
Src_reg_loss	: 0.0252
-------------------------------------
[Epoch : 213/500]
Total_loss	: 0.1146
MMD_loss	: 4.1324
cond_ent_wt	: 4.8145
Src_reg_loss	: 0.0251
-------------------------------------
[Epoch : 214/500]
Total_loss	: 0.1145
MMD_loss	: 4.1376
cond_ent_wt	: 4.8144
Src_reg_loss	: 0.0250
-------------------------------------
[Epoch : 215/500]
Total_loss	: 0.1145
MMD_loss	: 4.1427
cond_ent_wt	: 4.8142
Src_reg_loss	: 0.0250
-------------------------------------
[Epoch : 216/500]
Total_loss	: 0.1145
MMD_loss	: 4.1478
cond_ent_wt	: 4.8141
Src_reg_loss	: 0.0249
-------------------------------------
[Epoch : 217/500]
Total_loss	: 0.1145
MMD_loss	: 4.1529
cond_ent_wt	: 4.8140
Src_reg_loss	: 0.0248
-------------------------------------
[Epoch : 218/500]
Total_loss	: 0.1145
MMD_loss	: 4.1579
cond_ent_wt	: 4.8139
Src_reg_loss	: 0.0247
-------------------------------------
[Epoch : 219/500]
Total_loss	: 0.1144
MMD_loss	: 4.1629
cond_ent_wt	: 4.8137
Src_reg_loss	: 0.0247
-------------------------------------
[Epoch : 220/500]
Total_loss	: 0.1144
MMD_loss	: 4.1678
cond_ent_wt	: 4.8136
Src_reg_loss	: 0.0246
-------------------------------------
[Epoch : 221/500]
Total_loss	: 0.1144
MMD_loss	: 4.1727
cond_ent_wt	: 4.8134
Src_reg_loss	: 0.0245
-------------------------------------
[Epoch : 222/500]
Total_loss	: 0.1144
MMD_loss	: 4.1776
cond_ent_wt	: 4.8133
Src_reg_loss	: 0.0245
-------------------------------------
[Epoch : 223/500]
Total_loss	: 0.1144
MMD_loss	: 4.1824
cond_ent_wt	: 4.8132
Src_reg_loss	: 0.0244
-------------------------------------
[Epoch : 224/500]
Total_loss	: 0.1143
MMD_loss	: 4.1872
cond_ent_wt	: 4.8130
Src_reg_loss	: 0.0243
-------------------------------------
[Epoch : 225/500]
Total_loss	: 0.1143
MMD_loss	: 4.1919
cond_ent_wt	: 4.8129
Src_reg_loss	: 0.0243
-------------------------------------
[Epoch : 226/500]
Total_loss	: 0.1143
MMD_loss	: 4.1967
cond_ent_wt	: 4.8127
Src_reg_loss	: 0.0242
-------------------------------------
[Epoch : 227/500]
Total_loss	: 0.1143
MMD_loss	: 4.2013
cond_ent_wt	: 4.8126
Src_reg_loss	: 0.0242
-------------------------------------
[Epoch : 228/500]
Total_loss	: 0.1143
MMD_loss	: 4.2060
cond_ent_wt	: 4.8124
Src_reg_loss	: 0.0241
-------------------------------------
[Epoch : 229/500]
Total_loss	: 0.1143
MMD_loss	: 4.2106
cond_ent_wt	: 4.8123
Src_reg_loss	: 0.0240
-------------------------------------
[Epoch : 230/500]
Total_loss	: 0.1142
MMD_loss	: 4.2152
cond_ent_wt	: 4.8122
Src_reg_loss	: 0.0240
-------------------------------------
[Epoch : 231/500]
Total_loss	: 0.1142
MMD_loss	: 4.2198
cond_ent_wt	: 4.8120
Src_reg_loss	: 0.0239
-------------------------------------
[Epoch : 232/500]
Total_loss	: 0.1142
MMD_loss	: 4.2243
cond_ent_wt	: 4.8118
Src_reg_loss	: 0.0238
-------------------------------------
[Epoch : 233/500]
Total_loss	: 0.1142
MMD_loss	: 4.2288
cond_ent_wt	: 4.8117
Src_reg_loss	: 0.0238
-------------------------------------
[Epoch : 234/500]
Total_loss	: 0.1142
MMD_loss	: 4.2332
cond_ent_wt	: 4.8115
Src_reg_loss	: 0.0237
-------------------------------------
[Epoch : 235/500]
Total_loss	: 0.1141
MMD_loss	: 4.2377
cond_ent_wt	: 4.8114
Src_reg_loss	: 0.0237
-------------------------------------
[Epoch : 236/500]
Total_loss	: 0.1141
MMD_loss	: 4.2421
cond_ent_wt	: 4.8112
Src_reg_loss	: 0.0236
-------------------------------------
[Epoch : 237/500]
Total_loss	: 0.1141
MMD_loss	: 4.2464
cond_ent_wt	: 4.8111
Src_reg_loss	: 0.0235
-------------------------------------
[Epoch : 238/500]
Total_loss	: 0.1141
MMD_loss	: 4.2508
cond_ent_wt	: 4.8109
Src_reg_loss	: 0.0235
-------------------------------------
[Epoch : 239/500]
Total_loss	: 0.1141
MMD_loss	: 4.2551
cond_ent_wt	: 4.8107
Src_reg_loss	: 0.0234
-------------------------------------
[Epoch : 240/500]
Total_loss	: 0.1141
MMD_loss	: 4.2594
cond_ent_wt	: 4.8106
Src_reg_loss	: 0.0234
-------------------------------------
[Epoch : 241/500]
Total_loss	: 0.1140
MMD_loss	: 4.2636
cond_ent_wt	: 4.8104
Src_reg_loss	: 0.0233
-------------------------------------
[Epoch : 242/500]
Total_loss	: 0.1140
MMD_loss	: 4.2679
cond_ent_wt	: 4.8102
Src_reg_loss	: 0.0232
-------------------------------------
[Epoch : 243/500]
Total_loss	: 0.1140
MMD_loss	: 4.2721
cond_ent_wt	: 4.8100
Src_reg_loss	: 0.0232
-------------------------------------
[Epoch : 244/500]
Total_loss	: 0.1140
MMD_loss	: 4.2763
cond_ent_wt	: 4.8099
Src_reg_loss	: 0.0231
-------------------------------------
[Epoch : 245/500]
Total_loss	: 0.1140
MMD_loss	: 4.2804
cond_ent_wt	: 4.8097
Src_reg_loss	: 0.0231
-------------------------------------
[Epoch : 246/500]
Total_loss	: 0.1140
MMD_loss	: 4.2846
cond_ent_wt	: 4.8095
Src_reg_loss	: 0.0230
-------------------------------------
[Epoch : 247/500]
Total_loss	: 0.1139
MMD_loss	: 4.2887
cond_ent_wt	: 4.8093
Src_reg_loss	: 0.0230
-------------------------------------
[Epoch : 248/500]
Total_loss	: 0.1139
MMD_loss	: 4.2927
cond_ent_wt	: 4.8091
Src_reg_loss	: 0.0229
-------------------------------------
[Epoch : 249/500]
Total_loss	: 0.1139
MMD_loss	: 4.2968
cond_ent_wt	: 4.8089
Src_reg_loss	: 0.0229
-------------------------------------
[Epoch : 250/500]
Total_loss	: 0.1139
MMD_loss	: 4.3008
cond_ent_wt	: 4.8088
Src_reg_loss	: 0.0228
-------------------------------------
[Epoch : 251/500]
Total_loss	: 0.1139
MMD_loss	: 4.3049
cond_ent_wt	: 4.8086
Src_reg_loss	: 0.0227
-------------------------------------
[Epoch : 252/500]
Total_loss	: 0.1139
MMD_loss	: 4.3089
cond_ent_wt	: 4.8084
Src_reg_loss	: 0.0227
-------------------------------------
[Epoch : 253/500]
Total_loss	: 0.1138
MMD_loss	: 4.3128
cond_ent_wt	: 4.8082
Src_reg_loss	: 0.0226
-------------------------------------
[Epoch : 254/500]
Total_loss	: 0.1138
MMD_loss	: 4.3168
cond_ent_wt	: 4.8080
Src_reg_loss	: 0.0226
-------------------------------------
[Epoch : 255/500]
Total_loss	: 0.1138
MMD_loss	: 4.3207
cond_ent_wt	: 4.8078
Src_reg_loss	: 0.0225
-------------------------------------
[Epoch : 256/500]
Total_loss	: 0.1138
MMD_loss	: 4.3246
cond_ent_wt	: 4.8075
Src_reg_loss	: 0.0225
-------------------------------------
[Epoch : 257/500]
Total_loss	: 0.1138
MMD_loss	: 4.3285
cond_ent_wt	: 4.8073
Src_reg_loss	: 0.0224
-------------------------------------
[Epoch : 258/500]
Total_loss	: 0.1138
MMD_loss	: 4.3323
cond_ent_wt	: 4.8071
Src_reg_loss	: 0.0224
-------------------------------------
[Epoch : 259/500]
Total_loss	: 0.1138
MMD_loss	: 4.3361
cond_ent_wt	: 4.8069
Src_reg_loss	: 0.0223
-------------------------------------
[Epoch : 260/500]
Total_loss	: 0.1137
MMD_loss	: 4.3399
cond_ent_wt	: 4.8067
Src_reg_loss	: 0.0223
-------------------------------------
[Epoch : 261/500]
Total_loss	: 0.1137
MMD_loss	: 4.3437
cond_ent_wt	: 4.8065
Src_reg_loss	: 0.0222
-------------------------------------
[Epoch : 262/500]
Total_loss	: 0.1137
MMD_loss	: 4.3475
cond_ent_wt	: 4.8062
Src_reg_loss	: 0.0222
-------------------------------------
[Epoch : 263/500]
Total_loss	: 0.1137
MMD_loss	: 4.3512
cond_ent_wt	: 4.8060
Src_reg_loss	: 0.0221
-------------------------------------
[Epoch : 264/500]
Total_loss	: 0.1137
MMD_loss	: 4.3549
cond_ent_wt	: 4.8058
Src_reg_loss	: 0.0221
-------------------------------------
[Epoch : 265/500]
Total_loss	: 0.1137
MMD_loss	: 4.3586
cond_ent_wt	: 4.8055
Src_reg_loss	: 0.0220
-------------------------------------
[Epoch : 266/500]
Total_loss	: 0.1136
MMD_loss	: 4.3622
cond_ent_wt	: 4.8053
Src_reg_loss	: 0.0220
-------------------------------------
[Epoch : 267/500]
Total_loss	: 0.1136
MMD_loss	: 4.3658
cond_ent_wt	: 4.8050
Src_reg_loss	: 0.0219
-------------------------------------
[Epoch : 268/500]
Total_loss	: 0.1136
MMD_loss	: 4.3694
cond_ent_wt	: 4.8048
Src_reg_loss	: 0.0219
-------------------------------------
[Epoch : 269/500]
Total_loss	: 0.1136
MMD_loss	: 4.3730
cond_ent_wt	: 4.8045
Src_reg_loss	: 0.0218
-------------------------------------
[Epoch : 270/500]
Total_loss	: 0.1136
MMD_loss	: 4.3765
cond_ent_wt	: 4.8043
Src_reg_loss	: 0.0218
-------------------------------------
[Epoch : 271/500]
Total_loss	: 0.1136
MMD_loss	: 4.3801
cond_ent_wt	: 4.8040
Src_reg_loss	: 0.0217
-------------------------------------
[Epoch : 272/500]
Total_loss	: 0.1136
MMD_loss	: 4.3836
cond_ent_wt	: 4.8037
Src_reg_loss	: 0.0217
-------------------------------------
[Epoch : 273/500]
Total_loss	: 0.1135
MMD_loss	: 4.3870
cond_ent_wt	: 4.8035
Src_reg_loss	: 0.0216
-------------------------------------
[Epoch : 274/500]
Total_loss	: 0.1135
MMD_loss	: 4.3905
cond_ent_wt	: 4.8032
Src_reg_loss	: 0.0216
-------------------------------------
[Epoch : 275/500]
Total_loss	: 0.1135
MMD_loss	: 4.3939
cond_ent_wt	: 4.8029
Src_reg_loss	: 0.0215
-------------------------------------
[Epoch : 276/500]
Total_loss	: 0.1135
MMD_loss	: 4.3972
cond_ent_wt	: 4.8027
Src_reg_loss	: 0.0215
-------------------------------------
[Epoch : 277/500]
Total_loss	: 0.1135
MMD_loss	: 4.4006
cond_ent_wt	: 4.8024
Src_reg_loss	: 0.0214
-------------------------------------
[Epoch : 278/500]
Total_loss	: 0.1135
MMD_loss	: 4.4039
cond_ent_wt	: 4.8021
Src_reg_loss	: 0.0214
-------------------------------------
[Epoch : 279/500]
Total_loss	: 0.1134
MMD_loss	: 4.4072
cond_ent_wt	: 4.8018
Src_reg_loss	: 0.0214
-------------------------------------
[Epoch : 280/500]
Total_loss	: 0.1134
MMD_loss	: 4.4105
cond_ent_wt	: 4.8015
Src_reg_loss	: 0.0213
-------------------------------------
[Epoch : 281/500]
Total_loss	: 0.1134
MMD_loss	: 4.4137
cond_ent_wt	: 4.8012
Src_reg_loss	: 0.0213
-------------------------------------
[Epoch : 282/500]
Total_loss	: 0.1134
MMD_loss	: 4.4170
cond_ent_wt	: 4.8009
Src_reg_loss	: 0.0212
-------------------------------------
[Epoch : 283/500]
Total_loss	: 0.1134
MMD_loss	: 4.4201
cond_ent_wt	: 4.8006
Src_reg_loss	: 0.0212
-------------------------------------
[Epoch : 284/500]
Total_loss	: 0.1134
MMD_loss	: 4.4233
cond_ent_wt	: 4.8003
Src_reg_loss	: 0.0211
-------------------------------------
[Epoch : 285/500]
Total_loss	: 0.1133
MMD_loss	: 4.4264
cond_ent_wt	: 4.8000
Src_reg_loss	: 0.0211
-------------------------------------
[Epoch : 286/500]
Total_loss	: 0.1133
MMD_loss	: 4.4296
cond_ent_wt	: 4.7997
Src_reg_loss	: 0.0210
-------------------------------------
[Epoch : 287/500]
Total_loss	: 0.1133
MMD_loss	: 4.4326
cond_ent_wt	: 4.7994
Src_reg_loss	: 0.0210
-------------------------------------
[Epoch : 288/500]
Total_loss	: 0.1133
MMD_loss	: 4.4357
cond_ent_wt	: 4.7991
Src_reg_loss	: 0.0209
-------------------------------------
[Epoch : 289/500]
Total_loss	: 0.1133
MMD_loss	: 4.4387
cond_ent_wt	: 4.7988
Src_reg_loss	: 0.0209
-------------------------------------
[Epoch : 290/500]
Total_loss	: 0.1133
MMD_loss	: 4.4417
cond_ent_wt	: 4.7984
Src_reg_loss	: 0.0209
-------------------------------------
[Epoch : 291/500]
Total_loss	: 0.1132
MMD_loss	: 4.4447
cond_ent_wt	: 4.7981
Src_reg_loss	: 0.0208
-------------------------------------
[Epoch : 292/500]
Total_loss	: 0.1132
MMD_loss	: 4.4477
cond_ent_wt	: 4.7978
Src_reg_loss	: 0.0208
-------------------------------------
[Epoch : 293/500]
Total_loss	: 0.1132
MMD_loss	: 4.4506
cond_ent_wt	: 4.7975
Src_reg_loss	: 0.0207
-------------------------------------
[Epoch : 294/500]
Total_loss	: 0.1132
MMD_loss	: 4.4535
cond_ent_wt	: 4.7971
Src_reg_loss	: 0.0207
-------------------------------------
[Epoch : 295/500]
Total_loss	: 0.1132
MMD_loss	: 4.4564
cond_ent_wt	: 4.7968
Src_reg_loss	: 0.0206
-------------------------------------
[Epoch : 296/500]
Total_loss	: 0.1132
MMD_loss	: 4.4592
cond_ent_wt	: 4.7964
Src_reg_loss	: 0.0206
-------------------------------------
[Epoch : 297/500]
Total_loss	: 0.1131
MMD_loss	: 4.4620
cond_ent_wt	: 4.7961
Src_reg_loss	: 0.0206
-------------------------------------
[Epoch : 298/500]
Total_loss	: 0.1131
MMD_loss	: 4.4648
cond_ent_wt	: 4.7958
Src_reg_loss	: 0.0205
-------------------------------------
[Epoch : 299/500]
Total_loss	: 0.1131
MMD_loss	: 4.4676
cond_ent_wt	: 4.7954
Src_reg_loss	: 0.0205
-------------------------------------
[Epoch : 300/500]
Total_loss	: 0.1131
MMD_loss	: 4.4704
cond_ent_wt	: 4.7951
Src_reg_loss	: 0.0204
-------------------------------------
[Epoch : 301/500]
Total_loss	: 0.1131
MMD_loss	: 4.4731
cond_ent_wt	: 4.7947
Src_reg_loss	: 0.0204
-------------------------------------
[Epoch : 302/500]
Total_loss	: 0.1131
MMD_loss	: 4.4758
cond_ent_wt	: 4.7944
Src_reg_loss	: 0.0204
-------------------------------------
[Epoch : 303/500]
Total_loss	: 0.1130
MMD_loss	: 4.4785
cond_ent_wt	: 4.7940
Src_reg_loss	: 0.0203
-------------------------------------
[Epoch : 304/500]
Total_loss	: 0.1130
MMD_loss	: 4.4811
cond_ent_wt	: 4.7937
Src_reg_loss	: 0.0203
-------------------------------------
[Epoch : 305/500]
Total_loss	: 0.1130
MMD_loss	: 4.4837
cond_ent_wt	: 4.7933
Src_reg_loss	: 0.0202
-------------------------------------
[Epoch : 306/500]
Total_loss	: 0.1130
MMD_loss	: 4.4863
cond_ent_wt	: 4.7929
Src_reg_loss	: 0.0202
-------------------------------------
[Epoch : 307/500]
Total_loss	: 0.1130
MMD_loss	: 4.4889
cond_ent_wt	: 4.7926
Src_reg_loss	: 0.0202
-------------------------------------
[Epoch : 308/500]
Total_loss	: 0.1130
MMD_loss	: 4.4915
cond_ent_wt	: 4.7922
Src_reg_loss	: 0.0201
-------------------------------------
[Epoch : 309/500]
Total_loss	: 0.1129
MMD_loss	: 4.4940
cond_ent_wt	: 4.7918
Src_reg_loss	: 0.0201
-------------------------------------
[Epoch : 310/500]
Total_loss	: 0.1129
MMD_loss	: 4.4965
cond_ent_wt	: 4.7915
Src_reg_loss	: 0.0200
-------------------------------------
[Epoch : 311/500]
Total_loss	: 0.1129
MMD_loss	: 4.4990
cond_ent_wt	: 4.7911
Src_reg_loss	: 0.0200
-------------------------------------
[Epoch : 312/500]
Total_loss	: 0.1129
MMD_loss	: 4.5014
cond_ent_wt	: 4.7907
Src_reg_loss	: 0.0200
-------------------------------------
[Epoch : 313/500]
Total_loss	: 0.1129
MMD_loss	: 4.5038
cond_ent_wt	: 4.7904
Src_reg_loss	: 0.0199
-------------------------------------
[Epoch : 314/500]
Total_loss	: 0.1128
MMD_loss	: 4.5062
cond_ent_wt	: 4.7900
Src_reg_loss	: 0.0199
-------------------------------------
[Epoch : 315/500]
Total_loss	: 0.1128
MMD_loss	: 4.5086
cond_ent_wt	: 4.7896
Src_reg_loss	: 0.0198
-------------------------------------
[Epoch : 316/500]
Total_loss	: 0.1128
MMD_loss	: 4.5110
cond_ent_wt	: 4.7892
Src_reg_loss	: 0.0198
-------------------------------------
[Epoch : 317/500]
Total_loss	: 0.1128
MMD_loss	: 4.5133
cond_ent_wt	: 4.7888
Src_reg_loss	: 0.0198
-------------------------------------
[Epoch : 318/500]
Total_loss	: 0.1128
MMD_loss	: 4.5156
cond_ent_wt	: 4.7884
Src_reg_loss	: 0.0197
-------------------------------------
[Epoch : 319/500]
Total_loss	: 0.1128
MMD_loss	: 4.5179
cond_ent_wt	: 4.7881
Src_reg_loss	: 0.0197
-------------------------------------
[Epoch : 320/500]
Total_loss	: 0.1127
MMD_loss	: 4.5202
cond_ent_wt	: 4.7877
Src_reg_loss	: 0.0197
-------------------------------------
[Epoch : 321/500]
Total_loss	: 0.1127
MMD_loss	: 4.5224
cond_ent_wt	: 4.7873
Src_reg_loss	: 0.0196
-------------------------------------
[Epoch : 322/500]
Total_loss	: 0.1127
MMD_loss	: 4.5246
cond_ent_wt	: 4.7869
Src_reg_loss	: 0.0196
-------------------------------------
[Epoch : 323/500]
Total_loss	: 0.1127
MMD_loss	: 4.5268
cond_ent_wt	: 4.7865
Src_reg_loss	: 0.0195
-------------------------------------
[Epoch : 324/500]
Total_loss	: 0.1127
MMD_loss	: 4.5290
cond_ent_wt	: 4.7861
Src_reg_loss	: 0.0195
-------------------------------------
[Epoch : 325/500]
Total_loss	: 0.1126
MMD_loss	: 4.5311
cond_ent_wt	: 4.7857
Src_reg_loss	: 0.0195
-------------------------------------
[Epoch : 326/500]
Total_loss	: 0.1126
MMD_loss	: 4.5333
cond_ent_wt	: 4.7853
Src_reg_loss	: 0.0194
-------------------------------------
[Epoch : 327/500]
Total_loss	: 0.1126
MMD_loss	: 4.5354
cond_ent_wt	: 4.7849
Src_reg_loss	: 0.0194
-------------------------------------
[Epoch : 328/500]
Total_loss	: 0.1126
MMD_loss	: 4.5374
cond_ent_wt	: 4.7845
Src_reg_loss	: 0.0194
-------------------------------------
[Epoch : 329/500]
Total_loss	: 0.1126
MMD_loss	: 4.5395
cond_ent_wt	: 4.7841
Src_reg_loss	: 0.0193
-------------------------------------
[Epoch : 330/500]
Total_loss	: 0.1125
MMD_loss	: 4.5415
cond_ent_wt	: 4.7837
Src_reg_loss	: 0.0193
-------------------------------------
[Epoch : 331/500]
Total_loss	: 0.1125
MMD_loss	: 4.5435
cond_ent_wt	: 4.7833
Src_reg_loss	: 0.0193
-------------------------------------
[Epoch : 332/500]
Total_loss	: 0.1125
MMD_loss	: 4.5455
cond_ent_wt	: 4.7829
Src_reg_loss	: 0.0192
-------------------------------------
[Epoch : 333/500]
Total_loss	: 0.1125
MMD_loss	: 4.5475
cond_ent_wt	: 4.7824
Src_reg_loss	: 0.0192
-------------------------------------
[Epoch : 334/500]
Total_loss	: 0.1125
MMD_loss	: 4.5495
cond_ent_wt	: 4.7820
Src_reg_loss	: 0.0191
-------------------------------------
[Epoch : 335/500]
Total_loss	: 0.1124
MMD_loss	: 4.5514
cond_ent_wt	: 4.7816
Src_reg_loss	: 0.0191
-------------------------------------
[Epoch : 336/500]
Total_loss	: 0.1124
MMD_loss	: 4.5533
cond_ent_wt	: 4.7812
Src_reg_loss	: 0.0191
-------------------------------------
[Epoch : 337/500]
Total_loss	: 0.1124
MMD_loss	: 4.5552
cond_ent_wt	: 4.7808
Src_reg_loss	: 0.0190
-------------------------------------
[Epoch : 338/500]
Total_loss	: 0.1124
MMD_loss	: 4.5571
cond_ent_wt	: 4.7804
Src_reg_loss	: 0.0190
-------------------------------------
[Epoch : 339/500]
Total_loss	: 0.1124
MMD_loss	: 4.5589
cond_ent_wt	: 4.7799
Src_reg_loss	: 0.0190
-------------------------------------
[Epoch : 340/500]
Total_loss	: 0.1123
MMD_loss	: 4.5608
cond_ent_wt	: 4.7795
Src_reg_loss	: 0.0189
-------------------------------------
[Epoch : 341/500]
Total_loss	: 0.1123
MMD_loss	: 4.5626
cond_ent_wt	: 4.7791
Src_reg_loss	: 0.0189
-------------------------------------
[Epoch : 342/500]
Total_loss	: 0.1123
MMD_loss	: 4.5644
cond_ent_wt	: 4.7787
Src_reg_loss	: 0.0189
-------------------------------------
[Epoch : 343/500]
Total_loss	: 0.1123
MMD_loss	: 4.5661
cond_ent_wt	: 4.7783
Src_reg_loss	: 0.0188
-------------------------------------
[Epoch : 344/500]
Total_loss	: 0.1123
MMD_loss	: 4.5679
cond_ent_wt	: 4.7778
Src_reg_loss	: 0.0188
-------------------------------------
[Epoch : 345/500]
Total_loss	: 0.1122
MMD_loss	: 4.5696
cond_ent_wt	: 4.7774
Src_reg_loss	: 0.0188
-------------------------------------
[Epoch : 346/500]
Total_loss	: 0.1122
MMD_loss	: 4.5713
cond_ent_wt	: 4.7770
Src_reg_loss	: 0.0187
-------------------------------------
[Epoch : 347/500]
Total_loss	: 0.1122
MMD_loss	: 4.5730
cond_ent_wt	: 4.7765
Src_reg_loss	: 0.0187
-------------------------------------
[Epoch : 348/500]
Total_loss	: 0.1122
MMD_loss	: 4.5747
cond_ent_wt	: 4.7761
Src_reg_loss	: 0.0187
-------------------------------------
[Epoch : 349/500]
Total_loss	: 0.1122
MMD_loss	: 4.5764
cond_ent_wt	: 4.7757
Src_reg_loss	: 0.0186
-------------------------------------
[Epoch : 350/500]
Total_loss	: 0.1121
MMD_loss	: 4.5780
cond_ent_wt	: 4.7753
Src_reg_loss	: 0.0186
-------------------------------------
[Epoch : 351/500]
Total_loss	: 0.1121
MMD_loss	: 4.5796
cond_ent_wt	: 4.7748
Src_reg_loss	: 0.0186
-------------------------------------
[Epoch : 352/500]
Total_loss	: 0.1121
MMD_loss	: 4.5812
cond_ent_wt	: 4.7744
Src_reg_loss	: 0.0185
-------------------------------------
[Epoch : 353/500]
Total_loss	: 0.1121
MMD_loss	: 4.5828
cond_ent_wt	: 4.7740
Src_reg_loss	: 0.0185
-------------------------------------
[Epoch : 354/500]
Total_loss	: 0.1120
MMD_loss	: 4.5843
cond_ent_wt	: 4.7735
Src_reg_loss	: 0.0185
-------------------------------------
[Epoch : 355/500]
Total_loss	: 0.1120
MMD_loss	: 4.5859
cond_ent_wt	: 4.7731
Src_reg_loss	: 0.0184
-------------------------------------
[Epoch : 356/500]
Total_loss	: 0.1120
MMD_loss	: 4.5874
cond_ent_wt	: 4.7727
Src_reg_loss	: 0.0184
-------------------------------------
[Epoch : 357/500]
Total_loss	: 0.1120
MMD_loss	: 4.5889
cond_ent_wt	: 4.7722
Src_reg_loss	: 0.0184
-------------------------------------
[Epoch : 358/500]
Total_loss	: 0.1120
MMD_loss	: 4.5904
cond_ent_wt	: 4.7718
Src_reg_loss	: 0.0183
-------------------------------------
[Epoch : 359/500]
Total_loss	: 0.1119
MMD_loss	: 4.5918
cond_ent_wt	: 4.7713
Src_reg_loss	: 0.0183
-------------------------------------
[Epoch : 360/500]
Total_loss	: 0.1119
MMD_loss	: 4.5933
cond_ent_wt	: 4.7709
Src_reg_loss	: 0.0183
-------------------------------------
[Epoch : 361/500]
Total_loss	: 0.1119
MMD_loss	: 4.5947
cond_ent_wt	: 4.7705
Src_reg_loss	: 0.0182
-------------------------------------
[Epoch : 362/500]
Total_loss	: 0.1119
MMD_loss	: 4.5960
cond_ent_wt	: 4.7700
Src_reg_loss	: 0.0182
-------------------------------------
[Epoch : 363/500]
Total_loss	: 0.1119
MMD_loss	: 4.5974
cond_ent_wt	: 4.7696
Src_reg_loss	: 0.0182
-------------------------------------
[Epoch : 364/500]
Total_loss	: 0.1118
MMD_loss	: 4.5988
cond_ent_wt	: 4.7692
Src_reg_loss	: 0.0182
-------------------------------------
[Epoch : 365/500]
Total_loss	: 0.1118
MMD_loss	: 4.6002
cond_ent_wt	: 4.7687
Src_reg_loss	: 0.0181
-------------------------------------
[Epoch : 366/500]
Total_loss	: 0.1118
MMD_loss	: 4.6016
cond_ent_wt	: 4.7683
Src_reg_loss	: 0.0181
-------------------------------------
[Epoch : 367/500]
Total_loss	: 0.1118
MMD_loss	: 4.6029
cond_ent_wt	: 4.7678
Src_reg_loss	: 0.0181
-------------------------------------
[Epoch : 368/500]
Total_loss	: 0.1117
MMD_loss	: 4.6042
cond_ent_wt	: 4.7674
Src_reg_loss	: 0.0180
-------------------------------------
[Epoch : 369/500]
Total_loss	: 0.1117
MMD_loss	: 4.6055
cond_ent_wt	: 4.7670
Src_reg_loss	: 0.0180
-------------------------------------
[Epoch : 370/500]
Total_loss	: 0.1117
MMD_loss	: 4.6066
cond_ent_wt	: 4.7665
Src_reg_loss	: 0.0180
-------------------------------------
[Epoch : 371/500]
Total_loss	: 0.1117
MMD_loss	: 4.6077
cond_ent_wt	: 4.7661
Src_reg_loss	: 0.0179
-------------------------------------
[Epoch : 372/500]
Total_loss	: 0.1117
MMD_loss	: 4.6088
cond_ent_wt	: 4.7657
Src_reg_loss	: 0.0179
-------------------------------------
[Epoch : 373/500]
Total_loss	: 0.1116
MMD_loss	: 4.6099
cond_ent_wt	: 4.7652
Src_reg_loss	: 0.0179
-------------------------------------
[Epoch : 374/500]
Total_loss	: 0.1116
MMD_loss	: 4.6109
cond_ent_wt	: 4.7648
Src_reg_loss	: 0.0179
-------------------------------------
[Epoch : 375/500]
Total_loss	: 0.1116
MMD_loss	: 4.6120
cond_ent_wt	: 4.7644
Src_reg_loss	: 0.0178
-------------------------------------
[Epoch : 376/500]
Total_loss	: 0.1116
MMD_loss	: 4.6132
cond_ent_wt	: 4.7639
Src_reg_loss	: 0.0178
-------------------------------------
[Epoch : 377/500]
Total_loss	: 0.1115
MMD_loss	: 4.6144
cond_ent_wt	: 4.7635
Src_reg_loss	: 0.0178
-------------------------------------
[Epoch : 378/500]
Total_loss	: 0.1115
MMD_loss	: 4.6155
cond_ent_wt	: 4.7631
Src_reg_loss	: 0.0177
-------------------------------------
[Epoch : 379/500]
Total_loss	: 0.1115
MMD_loss	: 4.6166
cond_ent_wt	: 4.7626
Src_reg_loss	: 0.0177
-------------------------------------
[Epoch : 380/500]
Total_loss	: 0.1115
MMD_loss	: 4.6177
cond_ent_wt	: 4.7622
Src_reg_loss	: 0.0177
-------------------------------------
[Epoch : 381/500]
Total_loss	: 0.1115
MMD_loss	: 4.6187
cond_ent_wt	: 4.7618
Src_reg_loss	: 0.0177
-------------------------------------
[Epoch : 382/500]
Total_loss	: 0.1114
MMD_loss	: 4.6196
cond_ent_wt	: 4.7613
Src_reg_loss	: 0.0176
-------------------------------------
[Epoch : 383/500]
Total_loss	: 0.1114
MMD_loss	: 4.6206
cond_ent_wt	: 4.7609
Src_reg_loss	: 0.0176
-------------------------------------
[Epoch : 384/500]
Total_loss	: 0.1114
MMD_loss	: 4.6215
cond_ent_wt	: 4.7605
Src_reg_loss	: 0.0176
-------------------------------------
[Epoch : 385/500]
Total_loss	: 0.1114
MMD_loss	: 4.6225
cond_ent_wt	: 4.7601
Src_reg_loss	: 0.0175
-------------------------------------
[Epoch : 386/500]
Total_loss	: 0.1113
MMD_loss	: 4.6234
cond_ent_wt	: 4.7596
Src_reg_loss	: 0.0175
-------------------------------------
[Epoch : 387/500]
Total_loss	: 0.1113
MMD_loss	: 4.6243
cond_ent_wt	: 4.7592
Src_reg_loss	: 0.0175
-------------------------------------
[Epoch : 388/500]
Total_loss	: 0.1113
MMD_loss	: 4.6253
cond_ent_wt	: 4.7588
Src_reg_loss	: 0.0175
-------------------------------------
[Epoch : 389/500]
Total_loss	: 0.1113
MMD_loss	: 4.6262
cond_ent_wt	: 4.7584
Src_reg_loss	: 0.0174
-------------------------------------
[Epoch : 390/500]
Total_loss	: 0.1113
MMD_loss	: 4.6271
cond_ent_wt	: 4.7579
Src_reg_loss	: 0.0174
-------------------------------------
[Epoch : 391/500]
Total_loss	: 0.1112
MMD_loss	: 4.6280
cond_ent_wt	: 4.7575
Src_reg_loss	: 0.0174
-------------------------------------
[Epoch : 392/500]
Total_loss	: 0.1112
MMD_loss	: 4.6289
cond_ent_wt	: 4.7571
Src_reg_loss	: 0.0173
-------------------------------------
[Epoch : 393/500]
Total_loss	: 0.1112
MMD_loss	: 4.6297
cond_ent_wt	: 4.7567
Src_reg_loss	: 0.0173
-------------------------------------
[Epoch : 394/500]
Total_loss	: 0.1112
MMD_loss	: 4.6306
cond_ent_wt	: 4.7562
Src_reg_loss	: 0.0173
-------------------------------------
[Epoch : 395/500]
Total_loss	: 0.1111
MMD_loss	: 4.6314
cond_ent_wt	: 4.7558
Src_reg_loss	: 0.0173
-------------------------------------
[Epoch : 396/500]
Total_loss	: 0.1111
MMD_loss	: 4.6322
cond_ent_wt	: 4.7554
Src_reg_loss	: 0.0172
-------------------------------------
[Epoch : 397/500]
Total_loss	: 0.1111
MMD_loss	: 4.6330
cond_ent_wt	: 4.7550
Src_reg_loss	: 0.0172
-------------------------------------
[Epoch : 398/500]
Total_loss	: 0.1111
MMD_loss	: 4.6338
cond_ent_wt	: 4.7546
Src_reg_loss	: 0.0172
-------------------------------------
[Epoch : 399/500]
Total_loss	: 0.1110
MMD_loss	: 4.6345
cond_ent_wt	: 4.7542
Src_reg_loss	: 0.0172
-------------------------------------
[Epoch : 400/500]
Total_loss	: 0.1110
MMD_loss	: 4.6353
cond_ent_wt	: 4.7537
Src_reg_loss	: 0.0171
-------------------------------------
[Epoch : 401/500]
Total_loss	: 0.1110
MMD_loss	: 4.6360
cond_ent_wt	: 4.7533
Src_reg_loss	: 0.0171
-------------------------------------
[Epoch : 402/500]
Total_loss	: 0.1110
MMD_loss	: 4.6367
cond_ent_wt	: 4.7529
Src_reg_loss	: 0.0171
-------------------------------------
[Epoch : 403/500]
Total_loss	: 0.1110
MMD_loss	: 4.6374
cond_ent_wt	: 4.7525
Src_reg_loss	: 0.0171
-------------------------------------
[Epoch : 404/500]
Total_loss	: 0.1109
MMD_loss	: 4.6381
cond_ent_wt	: 4.7521
Src_reg_loss	: 0.0170
-------------------------------------
[Epoch : 405/500]
Total_loss	: 0.1109
MMD_loss	: 4.6387
cond_ent_wt	: 4.7517
Src_reg_loss	: 0.0170
-------------------------------------
[Epoch : 406/500]
Total_loss	: 0.1109
MMD_loss	: 4.6393
cond_ent_wt	: 4.7513
Src_reg_loss	: 0.0170
-------------------------------------
[Epoch : 407/500]
Total_loss	: 0.1109
MMD_loss	: 4.6400
cond_ent_wt	: 4.7508
Src_reg_loss	: 0.0169
-------------------------------------
[Epoch : 408/500]
Total_loss	: 0.1108
MMD_loss	: 4.6406
cond_ent_wt	: 4.7504
Src_reg_loss	: 0.0169
-------------------------------------
[Epoch : 409/500]
Total_loss	: 0.1108
MMD_loss	: 4.6412
cond_ent_wt	: 4.7500
Src_reg_loss	: 0.0169
-------------------------------------
[Epoch : 410/500]
Total_loss	: 0.1108
MMD_loss	: 4.6418
cond_ent_wt	: 4.7496
Src_reg_loss	: 0.0169
-------------------------------------
[Epoch : 411/500]
Total_loss	: 0.1108
MMD_loss	: 4.6424
cond_ent_wt	: 4.7492
Src_reg_loss	: 0.0168
-------------------------------------
[Epoch : 412/500]
Total_loss	: 0.1107
MMD_loss	: 4.6430
cond_ent_wt	: 4.7488
Src_reg_loss	: 0.0168
-------------------------------------
[Epoch : 413/500]
Total_loss	: 0.1107
MMD_loss	: 4.6435
cond_ent_wt	: 4.7484
Src_reg_loss	: 0.0168
-------------------------------------
[Epoch : 414/500]
Total_loss	: 0.1107
MMD_loss	: 4.6440
cond_ent_wt	: 4.7480
Src_reg_loss	: 0.0168
-------------------------------------
[Epoch : 415/500]
Total_loss	: 0.1107
MMD_loss	: 4.6445
cond_ent_wt	: 4.7476
Src_reg_loss	: 0.0167
-------------------------------------
[Epoch : 416/500]
Total_loss	: 0.1106
MMD_loss	: 4.6449
cond_ent_wt	: 4.7472
Src_reg_loss	: 0.0167
-------------------------------------
[Epoch : 417/500]
Total_loss	: 0.1106
MMD_loss	: 4.6452
cond_ent_wt	: 4.7468
Src_reg_loss	: 0.0167
-------------------------------------
[Epoch : 418/500]
Total_loss	: 0.1106
MMD_loss	: 4.6455
cond_ent_wt	: 4.7464
Src_reg_loss	: 0.0167
-------------------------------------
[Epoch : 419/500]
Total_loss	: 0.1106
MMD_loss	: 4.6458
cond_ent_wt	: 4.7460
Src_reg_loss	: 0.0166
-------------------------------------
[Epoch : 420/500]
Total_loss	: 0.1105
MMD_loss	: 4.6461
cond_ent_wt	: 4.7456
Src_reg_loss	: 0.0166
-------------------------------------
[Epoch : 421/500]
Total_loss	: 0.1105
MMD_loss	: 4.6465
cond_ent_wt	: 4.7452
Src_reg_loss	: 0.0166
-------------------------------------
[Epoch : 422/500]
Total_loss	: 0.1105
MMD_loss	: 4.6469
cond_ent_wt	: 4.7448
Src_reg_loss	: 0.0166
-------------------------------------
[Epoch : 423/500]
Total_loss	: 0.1105
MMD_loss	: 4.6474
cond_ent_wt	: 4.7444
Src_reg_loss	: 0.0166
-------------------------------------
[Epoch : 424/500]
Total_loss	: 0.1104
MMD_loss	: 4.6480
cond_ent_wt	: 4.7440
Src_reg_loss	: 0.0165
-------------------------------------
[Epoch : 425/500]
Total_loss	: 0.1104
MMD_loss	: 4.6485
cond_ent_wt	: 4.7436
Src_reg_loss	: 0.0165
-------------------------------------
[Epoch : 426/500]
Total_loss	: 0.1104
MMD_loss	: 4.6489
cond_ent_wt	: 4.7432
Src_reg_loss	: 0.0165
-------------------------------------
[Epoch : 427/500]
Total_loss	: 0.1104
MMD_loss	: 4.6492
cond_ent_wt	: 4.7428
Src_reg_loss	: 0.0165
-------------------------------------
[Epoch : 428/500]
Total_loss	: 0.1104
MMD_loss	: 4.6495
cond_ent_wt	: 4.7424
Src_reg_loss	: 0.0164
-------------------------------------
[Epoch : 429/500]
Total_loss	: 0.1103
MMD_loss	: 4.6498
cond_ent_wt	: 4.7420
Src_reg_loss	: 0.0164
-------------------------------------
[Epoch : 430/500]
Total_loss	: 0.1103
MMD_loss	: 4.6500
cond_ent_wt	: 4.7417
Src_reg_loss	: 0.0164
-------------------------------------
[Epoch : 431/500]
Total_loss	: 0.1103
MMD_loss	: 4.6503
cond_ent_wt	: 4.7413
Src_reg_loss	: 0.0164
-------------------------------------
[Epoch : 432/500]
Total_loss	: 0.1103
MMD_loss	: 4.6506
cond_ent_wt	: 4.7409
Src_reg_loss	: 0.0163
-------------------------------------
[Epoch : 433/500]
Total_loss	: 0.1102
MMD_loss	: 4.6509
cond_ent_wt	: 4.7405
Src_reg_loss	: 0.0163
-------------------------------------
[Epoch : 434/500]
Total_loss	: 0.1102
MMD_loss	: 4.6512
cond_ent_wt	: 4.7401
Src_reg_loss	: 0.0163
-------------------------------------
[Epoch : 435/500]
Total_loss	: 0.1102
MMD_loss	: 4.6515
cond_ent_wt	: 4.7397
Src_reg_loss	: 0.0163
-------------------------------------
[Epoch : 436/500]
Total_loss	: 0.1102
MMD_loss	: 4.6518
cond_ent_wt	: 4.7394
Src_reg_loss	: 0.0163
-------------------------------------
[Epoch : 437/500]
Total_loss	: 0.1101
MMD_loss	: 4.6521
cond_ent_wt	: 4.7390
Src_reg_loss	: 0.0162
-------------------------------------
[Epoch : 438/500]
Total_loss	: 0.1101
MMD_loss	: 4.6525
cond_ent_wt	: 4.7386
Src_reg_loss	: 0.0162
-------------------------------------
[Epoch : 439/500]
Total_loss	: 0.1101
MMD_loss	: 4.6527
cond_ent_wt	: 4.7382
Src_reg_loss	: 0.0162
-------------------------------------
[Epoch : 440/500]
Total_loss	: 0.1101
MMD_loss	: 4.6530
cond_ent_wt	: 4.7378
Src_reg_loss	: 0.0162
-------------------------------------
[Epoch : 441/500]
Total_loss	: 0.1100
MMD_loss	: 4.6532
cond_ent_wt	: 4.7375
Src_reg_loss	: 0.0161
-------------------------------------
[Epoch : 442/500]
Total_loss	: 0.1100
MMD_loss	: 4.6534
cond_ent_wt	: 4.7371
Src_reg_loss	: 0.0161
-------------------------------------
[Epoch : 443/500]
Total_loss	: 0.1100
MMD_loss	: 4.6536
cond_ent_wt	: 4.7367
Src_reg_loss	: 0.0161
-------------------------------------
[Epoch : 444/500]
Total_loss	: 0.1100
MMD_loss	: 4.6538
cond_ent_wt	: 4.7363
Src_reg_loss	: 0.0161
-------------------------------------
[Epoch : 445/500]
Total_loss	: 0.1099
MMD_loss	: 4.6540
cond_ent_wt	: 4.7360
Src_reg_loss	: 0.0160
-------------------------------------
[Epoch : 446/500]
Total_loss	: 0.1099
MMD_loss	: 4.6542
cond_ent_wt	: 4.7356
Src_reg_loss	: 0.0160
-------------------------------------
[Epoch : 447/500]
Total_loss	: 0.1099
MMD_loss	: 4.6544
cond_ent_wt	: 4.7352
Src_reg_loss	: 0.0160
-------------------------------------
[Epoch : 448/500]
Total_loss	: 0.1099
MMD_loss	: 4.6545
cond_ent_wt	: 4.7349
Src_reg_loss	: 0.0160
-------------------------------------
[Epoch : 449/500]
Total_loss	: 0.1099
MMD_loss	: 4.6547
cond_ent_wt	: 4.7345
Src_reg_loss	: 0.0160
-------------------------------------
[Epoch : 450/500]
Total_loss	: 0.1098
MMD_loss	: 4.6548
cond_ent_wt	: 4.7341
Src_reg_loss	: 0.0159
-------------------------------------
[Epoch : 451/500]
Total_loss	: 0.1098
MMD_loss	: 4.6548
cond_ent_wt	: 4.7338
Src_reg_loss	: 0.0159
-------------------------------------
[Epoch : 452/500]
Total_loss	: 0.1098
MMD_loss	: 4.6549
cond_ent_wt	: 4.7334
Src_reg_loss	: 0.0159
-------------------------------------
[Epoch : 453/500]
Total_loss	: 0.1098
MMD_loss	: 4.6550
cond_ent_wt	: 4.7330
Src_reg_loss	: 0.0159
-------------------------------------
[Epoch : 454/500]
Total_loss	: 0.1097
MMD_loss	: 4.6551
cond_ent_wt	: 4.7327
Src_reg_loss	: 0.0159
-------------------------------------
[Epoch : 455/500]
Total_loss	: 0.1097
MMD_loss	: 4.6552
cond_ent_wt	: 4.7323
Src_reg_loss	: 0.0158
-------------------------------------
[Epoch : 456/500]
Total_loss	: 0.1097
MMD_loss	: 4.6553
cond_ent_wt	: 4.7319
Src_reg_loss	: 0.0158
-------------------------------------
[Epoch : 457/500]
Total_loss	: 0.1097
MMD_loss	: 4.6554
cond_ent_wt	: 4.7316
Src_reg_loss	: 0.0158
-------------------------------------
[Epoch : 458/500]
Total_loss	: 0.1096
MMD_loss	: 4.6554
cond_ent_wt	: 4.7312
Src_reg_loss	: 0.0158
-------------------------------------
[Epoch : 459/500]
Total_loss	: 0.1096
MMD_loss	: 4.6553
cond_ent_wt	: 4.7309
Src_reg_loss	: 0.0157
-------------------------------------
[Epoch : 460/500]
Total_loss	: 0.1096
MMD_loss	: 4.6552
cond_ent_wt	: 4.7305
Src_reg_loss	: 0.0157
-------------------------------------
[Epoch : 461/500]
Total_loss	: 0.1096
MMD_loss	: 4.6552
cond_ent_wt	: 4.7301
Src_reg_loss	: 0.0157
-------------------------------------
[Epoch : 462/500]
Total_loss	: 0.1095
MMD_loss	: 4.6552
cond_ent_wt	: 4.7298
Src_reg_loss	: 0.0157
-------------------------------------
[Epoch : 463/500]
Total_loss	: 0.1095
MMD_loss	: 4.6552
cond_ent_wt	: 4.7294
Src_reg_loss	: 0.0157
-------------------------------------
[Epoch : 464/500]
Total_loss	: 0.1095
MMD_loss	: 4.6552
cond_ent_wt	: 4.7291
Src_reg_loss	: 0.0156
-------------------------------------
[Epoch : 465/500]
Total_loss	: 0.1095
MMD_loss	: 4.6552
cond_ent_wt	: 4.7287
Src_reg_loss	: 0.0156
-------------------------------------
[Epoch : 466/500]
Total_loss	: 0.1094
MMD_loss	: 4.6553
cond_ent_wt	: 4.7284
Src_reg_loss	: 0.0156
-------------------------------------
[Epoch : 467/500]
Total_loss	: 0.1094
MMD_loss	: 4.6552
cond_ent_wt	: 4.7280
Src_reg_loss	: 0.0156
-------------------------------------
[Epoch : 468/500]
Total_loss	: 0.1094
MMD_loss	: 4.6551
cond_ent_wt	: 4.7277
Src_reg_loss	: 0.0156
-------------------------------------
[Epoch : 469/500]
Total_loss	: 0.1094
MMD_loss	: 4.6550
cond_ent_wt	: 4.7273
Src_reg_loss	: 0.0155
-------------------------------------
[Epoch : 470/500]
Total_loss	: 0.1093
MMD_loss	: 4.6548
cond_ent_wt	: 4.7270
Src_reg_loss	: 0.0155
-------------------------------------
[Epoch : 471/500]
Total_loss	: 0.1093
MMD_loss	: 4.6546
cond_ent_wt	: 4.7266
Src_reg_loss	: 0.0155
-------------------------------------
[Epoch : 472/500]
Total_loss	: 0.1093
MMD_loss	: 4.6544
cond_ent_wt	: 4.7263
Src_reg_loss	: 0.0155
-------------------------------------
[Epoch : 473/500]
Total_loss	: 0.1093
MMD_loss	: 4.6542
cond_ent_wt	: 4.7259
Src_reg_loss	: 0.0155
-------------------------------------
[Epoch : 474/500]
Total_loss	: 0.1092
MMD_loss	: 4.6542
cond_ent_wt	: 4.7256
Src_reg_loss	: 0.0154
-------------------------------------
[Epoch : 475/500]
Total_loss	: 0.1092
MMD_loss	: 4.6541
cond_ent_wt	: 4.7252
Src_reg_loss	: 0.0154
-------------------------------------
[Epoch : 476/500]
Total_loss	: 0.1092
MMD_loss	: 4.6540
cond_ent_wt	: 4.7249
Src_reg_loss	: 0.0154
-------------------------------------
[Epoch : 477/500]
Total_loss	: 0.1092
MMD_loss	: 4.6539
cond_ent_wt	: 4.7245
Src_reg_loss	: 0.0154
-------------------------------------
[Epoch : 478/500]
Total_loss	: 0.1091
MMD_loss	: 4.6538
cond_ent_wt	: 4.7242
Src_reg_loss	: 0.0154
-------------------------------------
[Epoch : 479/500]
Total_loss	: 0.1091
MMD_loss	: 4.6537
cond_ent_wt	: 4.7239
Src_reg_loss	: 0.0153
-------------------------------------
[Epoch : 480/500]
Total_loss	: 0.1091
MMD_loss	: 4.6536
cond_ent_wt	: 4.7235
Src_reg_loss	: 0.0153
-------------------------------------
[Epoch : 481/500]
Total_loss	: 0.1091
MMD_loss	: 4.6534
cond_ent_wt	: 4.7232
Src_reg_loss	: 0.0153
-------------------------------------
[Epoch : 482/500]
Total_loss	: 0.1090
MMD_loss	: 4.6533
cond_ent_wt	: 4.7228
Src_reg_loss	: 0.0153
-------------------------------------
[Epoch : 483/500]
Total_loss	: 0.1090
MMD_loss	: 4.6532
cond_ent_wt	: 4.7225
Src_reg_loss	: 0.0153
-------------------------------------
[Epoch : 484/500]
Total_loss	: 0.1090
MMD_loss	: 4.6530
cond_ent_wt	: 4.7222
Src_reg_loss	: 0.0152
-------------------------------------
[Epoch : 485/500]
Total_loss	: 0.1090
MMD_loss	: 4.6529
cond_ent_wt	: 4.7218
Src_reg_loss	: 0.0152
-------------------------------------
[Epoch : 486/500]
Total_loss	: 0.1089
MMD_loss	: 4.6527
cond_ent_wt	: 4.7215
Src_reg_loss	: 0.0152
-------------------------------------
[Epoch : 487/500]
Total_loss	: 0.1089
MMD_loss	: 4.6525
cond_ent_wt	: 4.7212
Src_reg_loss	: 0.0152
-------------------------------------
[Epoch : 488/500]
Total_loss	: 0.1089
MMD_loss	: 4.6523
cond_ent_wt	: 4.7208
Src_reg_loss	: 0.0152
-------------------------------------
[Epoch : 489/500]
Total_loss	: 0.1089
MMD_loss	: 4.6520
cond_ent_wt	: 4.7205
Src_reg_loss	: 0.0152
-------------------------------------
[Epoch : 490/500]
Total_loss	: 0.1089
MMD_loss	: 4.6518
cond_ent_wt	: 4.7202
Src_reg_loss	: 0.0151
-------------------------------------
[Epoch : 491/500]
Total_loss	: 0.1088
MMD_loss	: 4.6516
cond_ent_wt	: 4.7198
Src_reg_loss	: 0.0151
-------------------------------------
[Epoch : 492/500]
Total_loss	: 0.1088
MMD_loss	: 4.6514
cond_ent_wt	: 4.7195
Src_reg_loss	: 0.0151
-------------------------------------
[Epoch : 493/500]
Total_loss	: 0.1088
MMD_loss	: 4.6512
cond_ent_wt	: 4.7192
Src_reg_loss	: 0.0151
-------------------------------------
[Epoch : 494/500]
Total_loss	: 0.1088
MMD_loss	: 4.6509
cond_ent_wt	: 4.7188
Src_reg_loss	: 0.0151
-------------------------------------
[Epoch : 495/500]
Total_loss	: 0.1087
MMD_loss	: 4.6506
cond_ent_wt	: 4.7185
Src_reg_loss	: 0.0150
-------------------------------------
[Epoch : 496/500]
Total_loss	: 0.1087
MMD_loss	: 4.6503
cond_ent_wt	: 4.7182
Src_reg_loss	: 0.0150
-------------------------------------
[Epoch : 497/500]
Total_loss	: 0.1087
MMD_loss	: 4.6500
cond_ent_wt	: 4.7179
Src_reg_loss	: 0.0150
-------------------------------------
[Epoch : 498/500]
Total_loss	: 0.1087
MMD_loss	: 4.6497
cond_ent_wt	: 4.7175
Src_reg_loss	: 0.0150
-------------------------------------
[Epoch : 499/500]
Total_loss	: 0.1086
MMD_loss	: 4.6494
cond_ent_wt	: 4.7172
Src_reg_loss	: 0.0150
-------------------------------------
[Epoch : 500/500]
Total_loss	: 0.1086
MMD_loss	: 4.6491
cond_ent_wt	: 4.7169
Src_reg_loss	: 0.0149
-------------------------------------
