=============================================
Dataset: Airbox
Method:  AirDA
=============================================
Source: 0 ---> Target: 6
=============================================
[Epoch : 1/500]
Total_loss	: 0.3647
MMD_loss	: 4.4511
cond_ent_wt	: 4.8493
Src_reg_loss	: 0.2717
-------------------------------------
[Epoch : 2/500]
Total_loss	: 0.3497
MMD_loss	: 4.4479
cond_ent_wt	: 4.8491
Src_reg_loss	: 0.2567
-------------------------------------
[Epoch : 3/500]
Total_loss	: 0.3351
MMD_loss	: 4.4388
cond_ent_wt	: 4.8489
Src_reg_loss	: 0.2422
-------------------------------------
[Epoch : 4/500]
Total_loss	: 0.3203
MMD_loss	: 4.4233
cond_ent_wt	: 4.8485
Src_reg_loss	: 0.2276
-------------------------------------
[Epoch : 5/500]
Total_loss	: 0.3051
MMD_loss	: 4.4005
cond_ent_wt	: 4.8481
Src_reg_loss	: 0.2126
-------------------------------------
[Epoch : 6/500]
Total_loss	: 0.2893
MMD_loss	: 4.3692
cond_ent_wt	: 4.8475
Src_reg_loss	: 0.1971
-------------------------------------
[Epoch : 7/500]
Total_loss	: 0.2732
MMD_loss	: 4.3281
cond_ent_wt	: 4.8466
Src_reg_loss	: 0.1814
-------------------------------------
[Epoch : 8/500]
Total_loss	: 0.2573
MMD_loss	: 4.2764
cond_ent_wt	: 4.8454
Src_reg_loss	: 0.1661
-------------------------------------
[Epoch : 9/500]
Total_loss	: 0.2428
MMD_loss	: 4.2160
cond_ent_wt	: 4.8439
Src_reg_loss	: 0.1522
-------------------------------------
[Epoch : 10/500]
Total_loss	: 0.2310
MMD_loss	: 4.1534
cond_ent_wt	: 4.8420
Src_reg_loss	: 0.1411
-------------------------------------
[Epoch : 11/500]
Total_loss	: 0.2215
MMD_loss	: 4.0989
cond_ent_wt	: 4.8403
Src_reg_loss	: 0.1321
-------------------------------------
[Epoch : 12/500]
Total_loss	: 0.2133
MMD_loss	: 4.0577
cond_ent_wt	: 4.8390
Src_reg_loss	: 0.1244
-------------------------------------
[Epoch : 13/500]
Total_loss	: 0.2064
MMD_loss	: 4.0285
cond_ent_wt	: 4.8381
Src_reg_loss	: 0.1177
-------------------------------------
[Epoch : 14/500]
Total_loss	: 0.2004
MMD_loss	: 4.0072
cond_ent_wt	: 4.8375
Src_reg_loss	: 0.1120
-------------------------------------
[Epoch : 15/500]
Total_loss	: 0.1953
MMD_loss	: 3.9905
cond_ent_wt	: 4.8369
Src_reg_loss	: 0.1070
-------------------------------------
[Epoch : 16/500]
Total_loss	: 0.1908
MMD_loss	: 3.9761
cond_ent_wt	: 4.8364
Src_reg_loss	: 0.1027
-------------------------------------
[Epoch : 17/500]
Total_loss	: 0.1868
MMD_loss	: 3.9634
cond_ent_wt	: 4.8359
Src_reg_loss	: 0.0988
-------------------------------------
[Epoch : 18/500]
Total_loss	: 0.1833
MMD_loss	: 3.9524
cond_ent_wt	: 4.8355
Src_reg_loss	: 0.0954
-------------------------------------
[Epoch : 19/500]
Total_loss	: 0.1801
MMD_loss	: 3.9437
cond_ent_wt	: 4.8350
Src_reg_loss	: 0.0923
-------------------------------------
[Epoch : 20/500]
Total_loss	: 0.1772
MMD_loss	: 3.9373
cond_ent_wt	: 4.8347
Src_reg_loss	: 0.0895
-------------------------------------
[Epoch : 21/500]
Total_loss	: 0.1746
MMD_loss	: 3.9329
cond_ent_wt	: 4.8344
Src_reg_loss	: 0.0870
-------------------------------------
[Epoch : 22/500]
Total_loss	: 0.1723
MMD_loss	: 3.9303
cond_ent_wt	: 4.8341
Src_reg_loss	: 0.0847
-------------------------------------
[Epoch : 23/500]
Total_loss	: 0.1702
MMD_loss	: 3.9289
cond_ent_wt	: 4.8339
Src_reg_loss	: 0.0825
-------------------------------------
[Epoch : 24/500]
Total_loss	: 0.1682
MMD_loss	: 3.9286
cond_ent_wt	: 4.8337
Src_reg_loss	: 0.0806
-------------------------------------
[Epoch : 25/500]
Total_loss	: 0.1664
MMD_loss	: 3.9293
cond_ent_wt	: 4.8335
Src_reg_loss	: 0.0788
-------------------------------------
[Epoch : 26/500]
Total_loss	: 0.1648
MMD_loss	: 3.9308
cond_ent_wt	: 4.8333
Src_reg_loss	: 0.0771
-------------------------------------
[Epoch : 27/500]
Total_loss	: 0.1632
MMD_loss	: 3.9333
cond_ent_wt	: 4.8331
Src_reg_loss	: 0.0756
-------------------------------------
[Epoch : 28/500]
Total_loss	: 0.1618
MMD_loss	: 3.9365
cond_ent_wt	: 4.8330
Src_reg_loss	: 0.0741
-------------------------------------
[Epoch : 29/500]
Total_loss	: 0.1605
MMD_loss	: 3.9404
cond_ent_wt	: 4.8328
Src_reg_loss	: 0.0728
-------------------------------------
[Epoch : 30/500]
Total_loss	: 0.1593
MMD_loss	: 3.9449
cond_ent_wt	: 4.8327
Src_reg_loss	: 0.0715
-------------------------------------
[Epoch : 31/500]
Total_loss	: 0.1581
MMD_loss	: 3.9498
cond_ent_wt	: 4.8326
Src_reg_loss	: 0.0703
-------------------------------------
[Epoch : 32/500]
Total_loss	: 0.1571
MMD_loss	: 3.9551
cond_ent_wt	: 4.8325
Src_reg_loss	: 0.0692
-------------------------------------
[Epoch : 33/500]
Total_loss	: 0.1561
MMD_loss	: 3.9605
cond_ent_wt	: 4.8324
Src_reg_loss	: 0.0681
-------------------------------------
[Epoch : 34/500]
Total_loss	: 0.1551
MMD_loss	: 3.9661
cond_ent_wt	: 4.8324
Src_reg_loss	: 0.0671
-------------------------------------
[Epoch : 35/500]
Total_loss	: 0.1542
MMD_loss	: 3.9717
cond_ent_wt	: 4.8323
Src_reg_loss	: 0.0662
-------------------------------------
[Epoch : 36/500]
Total_loss	: 0.1534
MMD_loss	: 3.9772
cond_ent_wt	: 4.8322
Src_reg_loss	: 0.0653
-------------------------------------
[Epoch : 37/500]
Total_loss	: 0.1526
MMD_loss	: 3.9824
cond_ent_wt	: 4.8322
Src_reg_loss	: 0.0644
-------------------------------------
[Epoch : 38/500]
Total_loss	: 0.1518
MMD_loss	: 3.9873
cond_ent_wt	: 4.8321
Src_reg_loss	: 0.0636
-------------------------------------
[Epoch : 39/500]
Total_loss	: 0.1510
MMD_loss	: 3.9916
cond_ent_wt	: 4.8321
Src_reg_loss	: 0.0628
-------------------------------------
[Epoch : 40/500]
Total_loss	: 0.1503
MMD_loss	: 3.9954
cond_ent_wt	: 4.8321
Src_reg_loss	: 0.0621
-------------------------------------
[Epoch : 41/500]
Total_loss	: 0.1496
MMD_loss	: 3.9985
cond_ent_wt	: 4.8320
Src_reg_loss	: 0.0613
-------------------------------------
[Epoch : 42/500]
Total_loss	: 0.1490
MMD_loss	: 4.0009
cond_ent_wt	: 4.8320
Src_reg_loss	: 0.0606
-------------------------------------
[Epoch : 43/500]
Total_loss	: 0.1483
MMD_loss	: 4.0026
cond_ent_wt	: 4.8320
Src_reg_loss	: 0.0600
-------------------------------------
[Epoch : 44/500]
Total_loss	: 0.1477
MMD_loss	: 4.0035
cond_ent_wt	: 4.8320
Src_reg_loss	: 0.0593
-------------------------------------
[Epoch : 45/500]
Total_loss	: 0.1471
MMD_loss	: 4.0035
cond_ent_wt	: 4.8320
Src_reg_loss	: 0.0587
-------------------------------------
[Epoch : 46/500]
Total_loss	: 0.1465
MMD_loss	: 4.0028
cond_ent_wt	: 4.8320
Src_reg_loss	: 0.0581
-------------------------------------
[Epoch : 47/500]
Total_loss	: 0.1459
MMD_loss	: 4.0012
cond_ent_wt	: 4.8320
Src_reg_loss	: 0.0576
-------------------------------------
[Epoch : 48/500]
Total_loss	: 0.1453
MMD_loss	: 3.9987
cond_ent_wt	: 4.8320
Src_reg_loss	: 0.0570
-------------------------------------
[Epoch : 49/500]
Total_loss	: 0.1447
MMD_loss	: 3.9954
cond_ent_wt	: 4.8320
Src_reg_loss	: 0.0565
-------------------------------------
[Epoch : 50/500]
Total_loss	: 0.1442
MMD_loss	: 3.9913
cond_ent_wt	: 4.8320
Src_reg_loss	: 0.0559
-------------------------------------
[Epoch : 51/500]
Total_loss	: 0.1436
MMD_loss	: 3.9863
cond_ent_wt	: 4.8321
Src_reg_loss	: 0.0554
-------------------------------------
[Epoch : 52/500]
Total_loss	: 0.1431
MMD_loss	: 3.9805
cond_ent_wt	: 4.8321
Src_reg_loss	: 0.0549
-------------------------------------
[Epoch : 53/500]
Total_loss	: 0.1425
MMD_loss	: 3.9740
cond_ent_wt	: 4.8321
Src_reg_loss	: 0.0545
-------------------------------------
[Epoch : 54/500]
Total_loss	: 0.1420
MMD_loss	: 3.9666
cond_ent_wt	: 4.8321
Src_reg_loss	: 0.0540
-------------------------------------
[Epoch : 55/500]
Total_loss	: 0.1415
MMD_loss	: 3.9584
cond_ent_wt	: 4.8322
Src_reg_loss	: 0.0536
-------------------------------------
[Epoch : 56/500]
Total_loss	: 0.1409
MMD_loss	: 3.9494
cond_ent_wt	: 4.8322
Src_reg_loss	: 0.0531
-------------------------------------
[Epoch : 57/500]
Total_loss	: 0.1404
MMD_loss	: 3.9397
cond_ent_wt	: 4.8322
Src_reg_loss	: 0.0527
-------------------------------------
[Epoch : 58/500]
Total_loss	: 0.1399
MMD_loss	: 3.9292
cond_ent_wt	: 4.8323
Src_reg_loss	: 0.0523
-------------------------------------
[Epoch : 59/500]
Total_loss	: 0.1394
MMD_loss	: 3.9179
cond_ent_wt	: 4.8323
Src_reg_loss	: 0.0519
-------------------------------------
[Epoch : 60/500]
Total_loss	: 0.1388
MMD_loss	: 3.9059
cond_ent_wt	: 4.8324
Src_reg_loss	: 0.0515
-------------------------------------
[Epoch : 61/500]
Total_loss	: 0.1383
MMD_loss	: 3.8931
cond_ent_wt	: 4.8324
Src_reg_loss	: 0.0511
-------------------------------------
[Epoch : 62/500]
Total_loss	: 0.1378
MMD_loss	: 3.8796
cond_ent_wt	: 4.8325
Src_reg_loss	: 0.0507
-------------------------------------
[Epoch : 63/500]
Total_loss	: 0.1373
MMD_loss	: 3.8654
cond_ent_wt	: 4.8325
Src_reg_loss	: 0.0503
-------------------------------------
[Epoch : 64/500]
Total_loss	: 0.1368
MMD_loss	: 3.8505
cond_ent_wt	: 4.8325
Src_reg_loss	: 0.0500
-------------------------------------
[Epoch : 65/500]
Total_loss	: 0.1363
MMD_loss	: 3.8349
cond_ent_wt	: 4.8326
Src_reg_loss	: 0.0496
-------------------------------------
[Epoch : 66/500]
Total_loss	: 0.1358
MMD_loss	: 3.8186
cond_ent_wt	: 4.8326
Src_reg_loss	: 0.0493
-------------------------------------
[Epoch : 67/500]
Total_loss	: 0.1353
MMD_loss	: 3.8018
cond_ent_wt	: 4.8326
Src_reg_loss	: 0.0489
-------------------------------------
[Epoch : 68/500]
Total_loss	: 0.1348
MMD_loss	: 3.7844
cond_ent_wt	: 4.8327
Src_reg_loss	: 0.0486
-------------------------------------
[Epoch : 69/500]
Total_loss	: 0.1343
MMD_loss	: 3.7665
cond_ent_wt	: 4.8327
Src_reg_loss	: 0.0483
-------------------------------------
[Epoch : 70/500]
Total_loss	: 0.1338
MMD_loss	: 3.7482
cond_ent_wt	: 4.8327
Src_reg_loss	: 0.0480
-------------------------------------
[Epoch : 71/500]
Total_loss	: 0.1333
MMD_loss	: 3.7295
cond_ent_wt	: 4.8327
Src_reg_loss	: 0.0477
-------------------------------------
[Epoch : 72/500]
Total_loss	: 0.1328
MMD_loss	: 3.7104
cond_ent_wt	: 4.8328
Src_reg_loss	: 0.0474
-------------------------------------
[Epoch : 73/500]
Total_loss	: 0.1323
MMD_loss	: 3.6912
cond_ent_wt	: 4.8328
Src_reg_loss	: 0.0471
-------------------------------------
[Epoch : 74/500]
Total_loss	: 0.1319
MMD_loss	: 3.6718
cond_ent_wt	: 4.8328
Src_reg_loss	: 0.0468
-------------------------------------
[Epoch : 75/500]
Total_loss	: 0.1314
MMD_loss	: 3.6523
cond_ent_wt	: 4.8328
Src_reg_loss	: 0.0465
-------------------------------------
[Epoch : 76/500]
Total_loss	: 0.1309
MMD_loss	: 3.6329
cond_ent_wt	: 4.8328
Src_reg_loss	: 0.0463
-------------------------------------
[Epoch : 77/500]
Total_loss	: 0.1304
MMD_loss	: 3.6136
cond_ent_wt	: 4.8328
Src_reg_loss	: 0.0460
-------------------------------------
[Epoch : 78/500]
Total_loss	: 0.1300
MMD_loss	: 3.5944
cond_ent_wt	: 4.8328
Src_reg_loss	: 0.0457
-------------------------------------
[Epoch : 79/500]
Total_loss	: 0.1295
MMD_loss	: 3.5754
cond_ent_wt	: 4.8328
Src_reg_loss	: 0.0455
-------------------------------------
[Epoch : 80/500]
Total_loss	: 0.1291
MMD_loss	: 3.5568
cond_ent_wt	: 4.8328
Src_reg_loss	: 0.0452
-------------------------------------
[Epoch : 81/500]
Total_loss	: 0.1287
MMD_loss	: 3.5385
cond_ent_wt	: 4.8328
Src_reg_loss	: 0.0449
-------------------------------------
[Epoch : 82/500]
Total_loss	: 0.1282
MMD_loss	: 3.5205
cond_ent_wt	: 4.8328
Src_reg_loss	: 0.0447
-------------------------------------
[Epoch : 83/500]
Total_loss	: 0.1278
MMD_loss	: 3.5030
cond_ent_wt	: 4.8328
Src_reg_loss	: 0.0444
-------------------------------------
[Epoch : 84/500]
Total_loss	: 0.1274
MMD_loss	: 3.4860
cond_ent_wt	: 4.8327
Src_reg_loss	: 0.0442
-------------------------------------
[Epoch : 85/500]
Total_loss	: 0.1270
MMD_loss	: 3.4695
cond_ent_wt	: 4.8327
Src_reg_loss	: 0.0440
-------------------------------------
[Epoch : 86/500]
Total_loss	: 0.1266
MMD_loss	: 3.4534
cond_ent_wt	: 4.8327
Src_reg_loss	: 0.0437
-------------------------------------
[Epoch : 87/500]
Total_loss	: 0.1262
MMD_loss	: 3.4380
cond_ent_wt	: 4.8327
Src_reg_loss	: 0.0435
-------------------------------------
[Epoch : 88/500]
Total_loss	: 0.1258
MMD_loss	: 3.4230
cond_ent_wt	: 4.8326
Src_reg_loss	: 0.0433
-------------------------------------
[Epoch : 89/500]
Total_loss	: 0.1255
MMD_loss	: 3.4087
cond_ent_wt	: 4.8326
Src_reg_loss	: 0.0431
-------------------------------------
[Epoch : 90/500]
Total_loss	: 0.1251
MMD_loss	: 3.3950
cond_ent_wt	: 4.8326
Src_reg_loss	: 0.0428
-------------------------------------
[Epoch : 91/500]
Total_loss	: 0.1248
MMD_loss	: 3.3818
cond_ent_wt	: 4.8325
Src_reg_loss	: 0.0426
-------------------------------------
[Epoch : 92/500]
Total_loss	: 0.1244
MMD_loss	: 3.3694
cond_ent_wt	: 4.8325
Src_reg_loss	: 0.0424
-------------------------------------
[Epoch : 93/500]
Total_loss	: 0.1241
MMD_loss	: 3.3575
cond_ent_wt	: 4.8325
Src_reg_loss	: 0.0422
-------------------------------------
[Epoch : 94/500]
Total_loss	: 0.1238
MMD_loss	: 3.3463
cond_ent_wt	: 4.8324
Src_reg_loss	: 0.0420
-------------------------------------
[Epoch : 95/500]
Total_loss	: 0.1234
MMD_loss	: 3.3358
cond_ent_wt	: 4.8324
Src_reg_loss	: 0.0418
-------------------------------------
[Epoch : 96/500]
Total_loss	: 0.1231
MMD_loss	: 3.3259
cond_ent_wt	: 4.8323
Src_reg_loss	: 0.0416
-------------------------------------
[Epoch : 97/500]
Total_loss	: 0.1228
MMD_loss	: 3.3167
cond_ent_wt	: 4.8323
Src_reg_loss	: 0.0414
-------------------------------------
[Epoch : 98/500]
Total_loss	: 0.1226
MMD_loss	: 3.3082
cond_ent_wt	: 4.8322
Src_reg_loss	: 0.0411
-------------------------------------
[Epoch : 99/500]
Total_loss	: 0.1223
MMD_loss	: 3.3003
cond_ent_wt	: 4.8321
Src_reg_loss	: 0.0409
-------------------------------------
[Epoch : 100/500]
Total_loss	: 0.1220
MMD_loss	: 3.2930
cond_ent_wt	: 4.8321
Src_reg_loss	: 0.0408
-------------------------------------
[Epoch : 101/500]
Total_loss	: 0.1217
MMD_loss	: 3.2865
cond_ent_wt	: 4.8320
Src_reg_loss	: 0.0406
-------------------------------------
[Epoch : 102/500]
Total_loss	: 0.1215
MMD_loss	: 3.2805
cond_ent_wt	: 4.8320
Src_reg_loss	: 0.0404
-------------------------------------
[Epoch : 103/500]
Total_loss	: 0.1212
MMD_loss	: 3.2752
cond_ent_wt	: 4.8319
Src_reg_loss	: 0.0402
-------------------------------------
[Epoch : 104/500]
Total_loss	: 0.1210
MMD_loss	: 3.2706
cond_ent_wt	: 4.8318
Src_reg_loss	: 0.0400
-------------------------------------
[Epoch : 105/500]
Total_loss	: 0.1208
MMD_loss	: 3.2665
cond_ent_wt	: 4.8317
Src_reg_loss	: 0.0398
-------------------------------------
[Epoch : 106/500]
Total_loss	: 0.1206
MMD_loss	: 3.2630
cond_ent_wt	: 4.8317
Src_reg_loss	: 0.0396
-------------------------------------
[Epoch : 107/500]
Total_loss	: 0.1203
MMD_loss	: 3.2601
cond_ent_wt	: 4.8316
Src_reg_loss	: 0.0394
-------------------------------------
[Epoch : 108/500]
Total_loss	: 0.1201
MMD_loss	: 3.2578
cond_ent_wt	: 4.8315
Src_reg_loss	: 0.0392
-------------------------------------
[Epoch : 109/500]
Total_loss	: 0.1199
MMD_loss	: 3.2560
cond_ent_wt	: 4.8314
Src_reg_loss	: 0.0391
-------------------------------------
[Epoch : 110/500]
Total_loss	: 0.1197
MMD_loss	: 3.2548
cond_ent_wt	: 4.8313
Src_reg_loss	: 0.0389
-------------------------------------
[Epoch : 111/500]
Total_loss	: 0.1196
MMD_loss	: 3.2540
cond_ent_wt	: 4.8312
Src_reg_loss	: 0.0387
-------------------------------------
[Epoch : 112/500]
Total_loss	: 0.1194
MMD_loss	: 3.2538
cond_ent_wt	: 4.8311
Src_reg_loss	: 0.0385
-------------------------------------
[Epoch : 113/500]
Total_loss	: 0.1192
MMD_loss	: 3.2539
cond_ent_wt	: 4.8311
Src_reg_loss	: 0.0384
-------------------------------------
[Epoch : 114/500]
Total_loss	: 0.1190
MMD_loss	: 3.2545
cond_ent_wt	: 4.8310
Src_reg_loss	: 0.0382
-------------------------------------
[Epoch : 115/500]
Total_loss	: 0.1189
MMD_loss	: 3.2555
cond_ent_wt	: 4.8309
Src_reg_loss	: 0.0380
-------------------------------------
[Epoch : 116/500]
Total_loss	: 0.1187
MMD_loss	: 3.2569
cond_ent_wt	: 4.8308
Src_reg_loss	: 0.0379
-------------------------------------
[Epoch : 117/500]
Total_loss	: 0.1186
MMD_loss	: 3.2586
cond_ent_wt	: 4.8307
Src_reg_loss	: 0.0377
-------------------------------------
[Epoch : 118/500]
Total_loss	: 0.1184
MMD_loss	: 3.2606
cond_ent_wt	: 4.8306
Src_reg_loss	: 0.0375
-------------------------------------
[Epoch : 119/500]
Total_loss	: 0.1183
MMD_loss	: 3.2630
cond_ent_wt	: 4.8305
Src_reg_loss	: 0.0374
-------------------------------------
[Epoch : 120/500]
Total_loss	: 0.1182
MMD_loss	: 3.2655
cond_ent_wt	: 4.8304
Src_reg_loss	: 0.0372
-------------------------------------
[Epoch : 121/500]
Total_loss	: 0.1180
MMD_loss	: 3.2684
cond_ent_wt	: 4.8303
Src_reg_loss	: 0.0371
-------------------------------------
[Epoch : 122/500]
Total_loss	: 0.1179
MMD_loss	: 3.2714
cond_ent_wt	: 4.8302
Src_reg_loss	: 0.0369
-------------------------------------
[Epoch : 123/500]
Total_loss	: 0.1178
MMD_loss	: 3.2747
cond_ent_wt	: 4.8300
Src_reg_loss	: 0.0368
-------------------------------------
[Epoch : 124/500]
Total_loss	: 0.1177
MMD_loss	: 3.2781
cond_ent_wt	: 4.8299
Src_reg_loss	: 0.0366
-------------------------------------
[Epoch : 125/500]
Total_loss	: 0.1176
MMD_loss	: 3.2817
cond_ent_wt	: 4.8298
Src_reg_loss	: 0.0365
-------------------------------------
[Epoch : 126/500]
Total_loss	: 0.1175
MMD_loss	: 3.2854
cond_ent_wt	: 4.8297
Src_reg_loss	: 0.0363
-------------------------------------
[Epoch : 127/500]
Total_loss	: 0.1174
MMD_loss	: 3.2892
cond_ent_wt	: 4.8296
Src_reg_loss	: 0.0362
-------------------------------------
[Epoch : 128/500]
Total_loss	: 0.1172
MMD_loss	: 3.2932
cond_ent_wt	: 4.8295
Src_reg_loss	: 0.0360
-------------------------------------
[Epoch : 129/500]
Total_loss	: 0.1171
MMD_loss	: 3.2972
cond_ent_wt	: 4.8294
Src_reg_loss	: 0.0359
-------------------------------------
[Epoch : 130/500]
Total_loss	: 0.1170
MMD_loss	: 3.3013
cond_ent_wt	: 4.8293
Src_reg_loss	: 0.0357
-------------------------------------
[Epoch : 131/500]
Total_loss	: 0.1169
MMD_loss	: 3.3055
cond_ent_wt	: 4.8292
Src_reg_loss	: 0.0356
-------------------------------------
[Epoch : 132/500]
Total_loss	: 0.1169
MMD_loss	: 3.3098
cond_ent_wt	: 4.8291
Src_reg_loss	: 0.0355
-------------------------------------
[Epoch : 133/500]
Total_loss	: 0.1168
MMD_loss	: 3.3141
cond_ent_wt	: 4.8290
Src_reg_loss	: 0.0353
-------------------------------------
[Epoch : 134/500]
Total_loss	: 0.1167
MMD_loss	: 3.3185
cond_ent_wt	: 4.8289
Src_reg_loss	: 0.0352
-------------------------------------
[Epoch : 135/500]
Total_loss	: 0.1166
MMD_loss	: 3.3229
cond_ent_wt	: 4.8288
Src_reg_loss	: 0.0351
-------------------------------------
[Epoch : 136/500]
Total_loss	: 0.1165
MMD_loss	: 3.3274
cond_ent_wt	: 4.8287
Src_reg_loss	: 0.0349
-------------------------------------
[Epoch : 137/500]
Total_loss	: 0.1164
MMD_loss	: 3.3319
cond_ent_wt	: 4.8286
Src_reg_loss	: 0.0348
-------------------------------------
[Epoch : 138/500]
Total_loss	: 0.1163
MMD_loss	: 3.3364
cond_ent_wt	: 4.8284
Src_reg_loss	: 0.0347
-------------------------------------
[Epoch : 139/500]
Total_loss	: 0.1162
MMD_loss	: 3.3410
cond_ent_wt	: 4.8283
Src_reg_loss	: 0.0345
-------------------------------------
[Epoch : 140/500]
Total_loss	: 0.1162
MMD_loss	: 3.3455
cond_ent_wt	: 4.8282
Src_reg_loss	: 0.0344
-------------------------------------
[Epoch : 141/500]
Total_loss	: 0.1161
MMD_loss	: 3.3501
cond_ent_wt	: 4.8281
Src_reg_loss	: 0.0343
-------------------------------------
[Epoch : 142/500]
Total_loss	: 0.1160
MMD_loss	: 3.3547
cond_ent_wt	: 4.8280
Src_reg_loss	: 0.0342
-------------------------------------
[Epoch : 143/500]
Total_loss	: 0.1159
MMD_loss	: 3.3592
cond_ent_wt	: 4.8279
Src_reg_loss	: 0.0341
-------------------------------------
[Epoch : 144/500]
Total_loss	: 0.1159
MMD_loss	: 3.3638
cond_ent_wt	: 4.8278
Src_reg_loss	: 0.0339
-------------------------------------
[Epoch : 145/500]
Total_loss	: 0.1158
MMD_loss	: 3.3684
cond_ent_wt	: 4.8277
Src_reg_loss	: 0.0338
-------------------------------------
[Epoch : 146/500]
Total_loss	: 0.1157
MMD_loss	: 3.3730
cond_ent_wt	: 4.8276
Src_reg_loss	: 0.0337
-------------------------------------
[Epoch : 147/500]
Total_loss	: 0.1156
MMD_loss	: 3.3776
cond_ent_wt	: 4.8275
Src_reg_loss	: 0.0336
-------------------------------------
[Epoch : 148/500]
Total_loss	: 0.1156
MMD_loss	: 3.3822
cond_ent_wt	: 4.8274
Src_reg_loss	: 0.0335
-------------------------------------
[Epoch : 149/500]
Total_loss	: 0.1155
MMD_loss	: 3.3867
cond_ent_wt	: 4.8273
Src_reg_loss	: 0.0334
-------------------------------------
[Epoch : 150/500]
Total_loss	: 0.1154
MMD_loss	: 3.3913
cond_ent_wt	: 4.8272
Src_reg_loss	: 0.0332
-------------------------------------
[Epoch : 151/500]
Total_loss	: 0.1154
MMD_loss	: 3.3958
cond_ent_wt	: 4.8271
Src_reg_loss	: 0.0331
-------------------------------------
[Epoch : 152/500]
Total_loss	: 0.1153
MMD_loss	: 3.4003
cond_ent_wt	: 4.8270
Src_reg_loss	: 0.0330
-------------------------------------
[Epoch : 153/500]
Total_loss	: 0.1152
MMD_loss	: 3.4048
cond_ent_wt	: 4.8269
Src_reg_loss	: 0.0329
-------------------------------------
[Epoch : 154/500]
Total_loss	: 0.1152
MMD_loss	: 3.4093
cond_ent_wt	: 4.8267
Src_reg_loss	: 0.0328
-------------------------------------
[Epoch : 155/500]
Total_loss	: 0.1151
MMD_loss	: 3.4137
cond_ent_wt	: 4.8266
Src_reg_loss	: 0.0327
-------------------------------------
[Epoch : 156/500]
Total_loss	: 0.1150
MMD_loss	: 3.4182
cond_ent_wt	: 4.8265
Src_reg_loss	: 0.0326
-------------------------------------
[Epoch : 157/500]
Total_loss	: 0.1150
MMD_loss	: 3.4226
cond_ent_wt	: 4.8264
Src_reg_loss	: 0.0325
-------------------------------------
[Epoch : 158/500]
Total_loss	: 0.1149
MMD_loss	: 3.4270
cond_ent_wt	: 4.8263
Src_reg_loss	: 0.0324
-------------------------------------
[Epoch : 159/500]
Total_loss	: 0.1149
MMD_loss	: 3.4314
cond_ent_wt	: 4.8262
Src_reg_loss	: 0.0323
-------------------------------------
[Epoch : 160/500]
Total_loss	: 0.1148
MMD_loss	: 3.4357
cond_ent_wt	: 4.8261
Src_reg_loss	: 0.0322
-------------------------------------
[Epoch : 161/500]
Total_loss	: 0.1147
MMD_loss	: 3.4400
cond_ent_wt	: 4.8260
Src_reg_loss	: 0.0321
-------------------------------------
[Epoch : 162/500]
Total_loss	: 0.1147
MMD_loss	: 3.4443
cond_ent_wt	: 4.8259
Src_reg_loss	: 0.0320
-------------------------------------
[Epoch : 163/500]
Total_loss	: 0.1146
MMD_loss	: 3.4486
cond_ent_wt	: 4.8258
Src_reg_loss	: 0.0319
-------------------------------------
[Epoch : 164/500]
Total_loss	: 0.1146
MMD_loss	: 3.4528
cond_ent_wt	: 4.8257
Src_reg_loss	: 0.0318
-------------------------------------
[Epoch : 165/500]
Total_loss	: 0.1145
MMD_loss	: 3.4570
cond_ent_wt	: 4.8256
Src_reg_loss	: 0.0317
-------------------------------------
[Epoch : 166/500]
Total_loss	: 0.1145
MMD_loss	: 3.4612
cond_ent_wt	: 4.8255
Src_reg_loss	: 0.0316
-------------------------------------
[Epoch : 167/500]
Total_loss	: 0.1144
MMD_loss	: 3.4654
cond_ent_wt	: 4.8254
Src_reg_loss	: 0.0315
-------------------------------------
[Epoch : 168/500]
Total_loss	: 0.1144
MMD_loss	: 3.4695
cond_ent_wt	: 4.8252
Src_reg_loss	: 0.0314
-------------------------------------
[Epoch : 169/500]
Total_loss	: 0.1143
MMD_loss	: 3.4736
cond_ent_wt	: 4.8251
Src_reg_loss	: 0.0313
-------------------------------------
[Epoch : 170/500]
Total_loss	: 0.1142
MMD_loss	: 3.4776
cond_ent_wt	: 4.8250
Src_reg_loss	: 0.0312
-------------------------------------
[Epoch : 171/500]
Total_loss	: 0.1142
MMD_loss	: 3.4816
cond_ent_wt	: 4.8249
Src_reg_loss	: 0.0311
-------------------------------------
[Epoch : 172/500]
Total_loss	: 0.1141
MMD_loss	: 3.4856
cond_ent_wt	: 4.8248
Src_reg_loss	: 0.0310
-------------------------------------
[Epoch : 173/500]
Total_loss	: 0.1141
MMD_loss	: 3.4896
cond_ent_wt	: 4.8247
Src_reg_loss	: 0.0309
-------------------------------------
[Epoch : 174/500]
Total_loss	: 0.1140
MMD_loss	: 3.4935
cond_ent_wt	: 4.8246
Src_reg_loss	: 0.0309
-------------------------------------
[Epoch : 175/500]
Total_loss	: 0.1140
MMD_loss	: 3.4974
cond_ent_wt	: 4.8245
Src_reg_loss	: 0.0308
-------------------------------------
[Epoch : 176/500]
Total_loss	: 0.1139
MMD_loss	: 3.5012
cond_ent_wt	: 4.8244
Src_reg_loss	: 0.0307
-------------------------------------
[Epoch : 177/500]
Total_loss	: 0.1139
MMD_loss	: 3.5050
cond_ent_wt	: 4.8242
Src_reg_loss	: 0.0306
-------------------------------------
[Epoch : 178/500]
Total_loss	: 0.1138
MMD_loss	: 3.5088
cond_ent_wt	: 4.8241
Src_reg_loss	: 0.0305
-------------------------------------
[Epoch : 179/500]
Total_loss	: 0.1138
MMD_loss	: 3.5125
cond_ent_wt	: 4.8240
Src_reg_loss	: 0.0304
-------------------------------------
[Epoch : 180/500]
Total_loss	: 0.1137
MMD_loss	: 3.5163
cond_ent_wt	: 4.8239
Src_reg_loss	: 0.0303
-------------------------------------
[Epoch : 181/500]
Total_loss	: 0.1137
MMD_loss	: 3.5199
cond_ent_wt	: 4.8238
Src_reg_loss	: 0.0303
-------------------------------------
[Epoch : 182/500]
Total_loss	: 0.1136
MMD_loss	: 3.5235
cond_ent_wt	: 4.8237
Src_reg_loss	: 0.0302
-------------------------------------
[Epoch : 183/500]
Total_loss	: 0.1136
MMD_loss	: 3.5271
cond_ent_wt	: 4.8235
Src_reg_loss	: 0.0301
-------------------------------------
[Epoch : 184/500]
Total_loss	: 0.1135
MMD_loss	: 3.5307
cond_ent_wt	: 4.8234
Src_reg_loss	: 0.0300
-------------------------------------
[Epoch : 185/500]
Total_loss	: 0.1135
MMD_loss	: 3.5342
cond_ent_wt	: 4.8233
Src_reg_loss	: 0.0299
-------------------------------------
[Epoch : 186/500]
Total_loss	: 0.1134
MMD_loss	: 3.5376
cond_ent_wt	: 4.8232
Src_reg_loss	: 0.0298
-------------------------------------
[Epoch : 187/500]
Total_loss	: 0.1134
MMD_loss	: 3.5410
cond_ent_wt	: 4.8231
Src_reg_loss	: 0.0298
-------------------------------------
[Epoch : 188/500]
Total_loss	: 0.1134
MMD_loss	: 3.5444
cond_ent_wt	: 4.8229
Src_reg_loss	: 0.0297
-------------------------------------
[Epoch : 189/500]
Total_loss	: 0.1133
MMD_loss	: 3.5477
cond_ent_wt	: 4.8228
Src_reg_loss	: 0.0296
-------------------------------------
[Epoch : 190/500]
Total_loss	: 0.1133
MMD_loss	: 3.5510
cond_ent_wt	: 4.8227
Src_reg_loss	: 0.0295
-------------------------------------
[Epoch : 191/500]
Total_loss	: 0.1132
MMD_loss	: 3.5542
cond_ent_wt	: 4.8226
Src_reg_loss	: 0.0294
-------------------------------------
[Epoch : 192/500]
Total_loss	: 0.1132
MMD_loss	: 3.5574
cond_ent_wt	: 4.8224
Src_reg_loss	: 0.0294
-------------------------------------
[Epoch : 193/500]
Total_loss	: 0.1131
MMD_loss	: 3.5605
cond_ent_wt	: 4.8223
Src_reg_loss	: 0.0293
-------------------------------------
[Epoch : 194/500]
Total_loss	: 0.1131
MMD_loss	: 3.5636
cond_ent_wt	: 4.8222
Src_reg_loss	: 0.0292
-------------------------------------
[Epoch : 195/500]
Total_loss	: 0.1130
MMD_loss	: 3.5667
cond_ent_wt	: 4.8221
Src_reg_loss	: 0.0291
-------------------------------------
[Epoch : 196/500]
Total_loss	: 0.1130
MMD_loss	: 3.5697
cond_ent_wt	: 4.8219
Src_reg_loss	: 0.0291
-------------------------------------
[Epoch : 197/500]
Total_loss	: 0.1129
MMD_loss	: 3.5726
cond_ent_wt	: 4.8218
Src_reg_loss	: 0.0290
-------------------------------------
[Epoch : 198/500]
Total_loss	: 0.1129
MMD_loss	: 3.5755
cond_ent_wt	: 4.8217
Src_reg_loss	: 0.0289
-------------------------------------
[Epoch : 199/500]
Total_loss	: 0.1128
MMD_loss	: 3.5784
cond_ent_wt	: 4.8215
Src_reg_loss	: 0.0288
-------------------------------------
[Epoch : 200/500]
Total_loss	: 0.1128
MMD_loss	: 3.5812
cond_ent_wt	: 4.8214
Src_reg_loss	: 0.0288
-------------------------------------
[Epoch : 201/500]
Total_loss	: 0.1127
MMD_loss	: 3.5839
cond_ent_wt	: 4.8213
Src_reg_loss	: 0.0287
-------------------------------------
[Epoch : 202/500]
Total_loss	: 0.1127
MMD_loss	: 3.5866
cond_ent_wt	: 4.8211
Src_reg_loss	: 0.0286
-------------------------------------
[Epoch : 203/500]
Total_loss	: 0.1127
MMD_loss	: 3.5893
cond_ent_wt	: 4.8210
Src_reg_loss	: 0.0286
-------------------------------------
[Epoch : 204/500]
Total_loss	: 0.1126
MMD_loss	: 3.5919
cond_ent_wt	: 4.8209
Src_reg_loss	: 0.0285
-------------------------------------
[Epoch : 205/500]
Total_loss	: 0.1126
MMD_loss	: 3.5945
cond_ent_wt	: 4.8207
Src_reg_loss	: 0.0284
-------------------------------------
[Epoch : 206/500]
Total_loss	: 0.1125
MMD_loss	: 3.5970
cond_ent_wt	: 4.8206
Src_reg_loss	: 0.0283
-------------------------------------
[Epoch : 207/500]
Total_loss	: 0.1125
MMD_loss	: 3.5995
cond_ent_wt	: 4.8204
Src_reg_loss	: 0.0283
-------------------------------------
[Epoch : 208/500]
Total_loss	: 0.1124
MMD_loss	: 3.6019
cond_ent_wt	: 4.8203
Src_reg_loss	: 0.0282
-------------------------------------
[Epoch : 209/500]
Total_loss	: 0.1124
MMD_loss	: 3.6043
cond_ent_wt	: 4.8202
Src_reg_loss	: 0.0281
-------------------------------------
[Epoch : 210/500]
Total_loss	: 0.1123
MMD_loss	: 3.6066
cond_ent_wt	: 4.8200
Src_reg_loss	: 0.0281
-------------------------------------
[Epoch : 211/500]
Total_loss	: 0.1123
MMD_loss	: 3.6089
cond_ent_wt	: 4.8199
Src_reg_loss	: 0.0280
-------------------------------------
[Epoch : 212/500]
Total_loss	: 0.1122
MMD_loss	: 3.6111
cond_ent_wt	: 4.8197
Src_reg_loss	: 0.0279
-------------------------------------
[Epoch : 213/500]
Total_loss	: 0.1122
MMD_loss	: 3.6133
cond_ent_wt	: 4.8196
Src_reg_loss	: 0.0279
-------------------------------------
[Epoch : 214/500]
Total_loss	: 0.1122
MMD_loss	: 3.6154
cond_ent_wt	: 4.8194
Src_reg_loss	: 0.0278
-------------------------------------
[Epoch : 215/500]
Total_loss	: 0.1121
MMD_loss	: 3.6175
cond_ent_wt	: 4.8193
Src_reg_loss	: 0.0277
-------------------------------------
[Epoch : 216/500]
Total_loss	: 0.1121
MMD_loss	: 3.6195
cond_ent_wt	: 4.8191
Src_reg_loss	: 0.0277
-------------------------------------
[Epoch : 217/500]
Total_loss	: 0.1120
MMD_loss	: 3.6215
cond_ent_wt	: 4.8190
Src_reg_loss	: 0.0276
-------------------------------------
[Epoch : 218/500]
Total_loss	: 0.1120
MMD_loss	: 3.6235
cond_ent_wt	: 4.8188
Src_reg_loss	: 0.0275
-------------------------------------
[Epoch : 219/500]
Total_loss	: 0.1119
MMD_loss	: 3.6254
cond_ent_wt	: 4.8187
Src_reg_loss	: 0.0275
-------------------------------------
[Epoch : 220/500]
Total_loss	: 0.1119
MMD_loss	: 3.6272
cond_ent_wt	: 4.8185
Src_reg_loss	: 0.0274
-------------------------------------
[Epoch : 221/500]
Total_loss	: 0.1118
MMD_loss	: 3.6290
cond_ent_wt	: 4.8183
Src_reg_loss	: 0.0274
-------------------------------------
[Epoch : 222/500]
Total_loss	: 0.1118
MMD_loss	: 3.6308
cond_ent_wt	: 4.8182
Src_reg_loss	: 0.0273
-------------------------------------
[Epoch : 223/500]
Total_loss	: 0.1117
MMD_loss	: 3.6325
cond_ent_wt	: 4.8180
Src_reg_loss	: 0.0272
-------------------------------------
[Epoch : 224/500]
Total_loss	: 0.1117
MMD_loss	: 3.6341
cond_ent_wt	: 4.8179
Src_reg_loss	: 0.0272
-------------------------------------
[Epoch : 225/500]
Total_loss	: 0.1116
MMD_loss	: 3.6357
cond_ent_wt	: 4.8177
Src_reg_loss	: 0.0271
-------------------------------------
[Epoch : 226/500]
Total_loss	: 0.1116
MMD_loss	: 3.6373
cond_ent_wt	: 4.8175
Src_reg_loss	: 0.0270
-------------------------------------
[Epoch : 227/500]
Total_loss	: 0.1115
MMD_loss	: 3.6388
cond_ent_wt	: 4.8174
Src_reg_loss	: 0.0270
-------------------------------------
[Epoch : 228/500]
Total_loss	: 0.1115
MMD_loss	: 3.6403
cond_ent_wt	: 4.8172
Src_reg_loss	: 0.0269
-------------------------------------
[Epoch : 229/500]
Total_loss	: 0.1114
MMD_loss	: 3.6417
cond_ent_wt	: 4.8170
Src_reg_loss	: 0.0269
-------------------------------------
[Epoch : 230/500]
Total_loss	: 0.1114
MMD_loss	: 3.6431
cond_ent_wt	: 4.8169
Src_reg_loss	: 0.0268
-------------------------------------
[Epoch : 231/500]
Total_loss	: 0.1114
MMD_loss	: 3.6444
cond_ent_wt	: 4.8167
Src_reg_loss	: 0.0267
-------------------------------------
[Epoch : 232/500]
Total_loss	: 0.1113
MMD_loss	: 3.6457
cond_ent_wt	: 4.8165
Src_reg_loss	: 0.0267
-------------------------------------
[Epoch : 233/500]
Total_loss	: 0.1113
MMD_loss	: 3.6469
cond_ent_wt	: 4.8163
Src_reg_loss	: 0.0266
-------------------------------------
[Epoch : 234/500]
Total_loss	: 0.1112
MMD_loss	: 3.6481
cond_ent_wt	: 4.8162
Src_reg_loss	: 0.0266
-------------------------------------
[Epoch : 235/500]
Total_loss	: 0.1112
MMD_loss	: 3.6493
cond_ent_wt	: 4.8160
Src_reg_loss	: 0.0265
-------------------------------------
[Epoch : 236/500]
Total_loss	: 0.1111
MMD_loss	: 3.6504
cond_ent_wt	: 4.8158
Src_reg_loss	: 0.0264
-------------------------------------
[Epoch : 237/500]
Total_loss	: 0.1111
MMD_loss	: 3.6514
cond_ent_wt	: 4.8156
Src_reg_loss	: 0.0264
-------------------------------------
[Epoch : 238/500]
Total_loss	: 0.1110
MMD_loss	: 3.6524
cond_ent_wt	: 4.8154
Src_reg_loss	: 0.0263
-------------------------------------
[Epoch : 239/500]
Total_loss	: 0.1110
MMD_loss	: 3.6534
cond_ent_wt	: 4.8152
Src_reg_loss	: 0.0263
-------------------------------------
[Epoch : 240/500]
Total_loss	: 0.1109
MMD_loss	: 3.6543
cond_ent_wt	: 4.8150
Src_reg_loss	: 0.0262
-------------------------------------
[Epoch : 241/500]
Total_loss	: 0.1109
MMD_loss	: 3.6552
cond_ent_wt	: 4.8149
Src_reg_loss	: 0.0262
-------------------------------------
[Epoch : 242/500]
Total_loss	: 0.1108
MMD_loss	: 3.6561
cond_ent_wt	: 4.8147
Src_reg_loss	: 0.0261
-------------------------------------
[Epoch : 243/500]
Total_loss	: 0.1108
MMD_loss	: 3.6569
cond_ent_wt	: 4.8145
Src_reg_loss	: 0.0261
-------------------------------------
[Epoch : 244/500]
Total_loss	: 0.1107
MMD_loss	: 3.6576
cond_ent_wt	: 4.8143
Src_reg_loss	: 0.0260
-------------------------------------
[Epoch : 245/500]
Total_loss	: 0.1107
MMD_loss	: 3.6583
cond_ent_wt	: 4.8141
Src_reg_loss	: 0.0259
-------------------------------------
[Epoch : 246/500]
Total_loss	: 0.1106
MMD_loss	: 3.6590
cond_ent_wt	: 4.8139
Src_reg_loss	: 0.0259
-------------------------------------
[Epoch : 247/500]
Total_loss	: 0.1106
MMD_loss	: 3.6596
cond_ent_wt	: 4.8137
Src_reg_loss	: 0.0258
-------------------------------------
[Epoch : 248/500]
Total_loss	: 0.1105
MMD_loss	: 3.6602
cond_ent_wt	: 4.8135
Src_reg_loss	: 0.0258
-------------------------------------
[Epoch : 249/500]
Total_loss	: 0.1105
MMD_loss	: 3.6607
cond_ent_wt	: 4.8133
Src_reg_loss	: 0.0257
-------------------------------------
[Epoch : 250/500]
Total_loss	: 0.1104
MMD_loss	: 3.6612
cond_ent_wt	: 4.8131
Src_reg_loss	: 0.0257
-------------------------------------
[Epoch : 251/500]
Total_loss	: 0.1104
MMD_loss	: 3.6617
cond_ent_wt	: 4.8128
Src_reg_loss	: 0.0256
-------------------------------------
[Epoch : 252/500]
Total_loss	: 0.1103
MMD_loss	: 3.6621
cond_ent_wt	: 4.8126
Src_reg_loss	: 0.0256
-------------------------------------
[Epoch : 253/500]
Total_loss	: 0.1103
MMD_loss	: 3.6624
cond_ent_wt	: 4.8124
Src_reg_loss	: 0.0255
-------------------------------------
[Epoch : 254/500]
Total_loss	: 0.1102
MMD_loss	: 3.6628
cond_ent_wt	: 4.8122
Src_reg_loss	: 0.0255
-------------------------------------
[Epoch : 255/500]
Total_loss	: 0.1102
MMD_loss	: 3.6630
cond_ent_wt	: 4.8120
Src_reg_loss	: 0.0254
-------------------------------------
[Epoch : 256/500]
Total_loss	: 0.1101
MMD_loss	: 3.6633
cond_ent_wt	: 4.8118
Src_reg_loss	: 0.0254
-------------------------------------
[Epoch : 257/500]
Total_loss	: 0.1101
MMD_loss	: 3.6635
cond_ent_wt	: 4.8116
Src_reg_loss	: 0.0253
-------------------------------------
[Epoch : 258/500]
Total_loss	: 0.1100
MMD_loss	: 3.6636
cond_ent_wt	: 4.8113
Src_reg_loss	: 0.0253
-------------------------------------
[Epoch : 259/500]
Total_loss	: 0.1100
MMD_loss	: 3.6637
cond_ent_wt	: 4.8111
Src_reg_loss	: 0.0252
-------------------------------------
[Epoch : 260/500]
Total_loss	: 0.1099
MMD_loss	: 3.6638
cond_ent_wt	: 4.8109
Src_reg_loss	: 0.0252
-------------------------------------
[Epoch : 261/500]
Total_loss	: 0.1099
MMD_loss	: 3.6638
cond_ent_wt	: 4.8106
Src_reg_loss	: 0.0251
-------------------------------------
[Epoch : 262/500]
Total_loss	: 0.1098
MMD_loss	: 3.6638
cond_ent_wt	: 4.8104
Src_reg_loss	: 0.0251
-------------------------------------
[Epoch : 263/500]
Total_loss	: 0.1098
MMD_loss	: 3.6638
cond_ent_wt	: 4.8102
Src_reg_loss	: 0.0250
-------------------------------------
[Epoch : 264/500]
Total_loss	: 0.1097
MMD_loss	: 3.6637
cond_ent_wt	: 4.8100
Src_reg_loss	: 0.0250
-------------------------------------
[Epoch : 265/500]
Total_loss	: 0.1097
MMD_loss	: 3.6635
cond_ent_wt	: 4.8097
Src_reg_loss	: 0.0249
-------------------------------------
[Epoch : 266/500]
Total_loss	: 0.1096
MMD_loss	: 3.6633
cond_ent_wt	: 4.8095
Src_reg_loss	: 0.0249
-------------------------------------
[Epoch : 267/500]
Total_loss	: 0.1095
MMD_loss	: 3.6631
cond_ent_wt	: 4.8092
Src_reg_loss	: 0.0248
-------------------------------------
[Epoch : 268/500]
Total_loss	: 0.1095
MMD_loss	: 3.6629
cond_ent_wt	: 4.8090
Src_reg_loss	: 0.0248
-------------------------------------
[Epoch : 269/500]
Total_loss	: 0.1094
MMD_loss	: 3.6626
cond_ent_wt	: 4.8088
Src_reg_loss	: 0.0247
-------------------------------------
[Epoch : 270/500]
Total_loss	: 0.1094
MMD_loss	: 3.6622
cond_ent_wt	: 4.8085
Src_reg_loss	: 0.0247
-------------------------------------
[Epoch : 271/500]
Total_loss	: 0.1093
MMD_loss	: 3.6618
cond_ent_wt	: 4.8083
Src_reg_loss	: 0.0246
-------------------------------------
[Epoch : 272/500]
Total_loss	: 0.1093
MMD_loss	: 3.6614
cond_ent_wt	: 4.8080
Src_reg_loss	: 0.0246
-------------------------------------
[Epoch : 273/500]
Total_loss	: 0.1092
MMD_loss	: 3.6610
cond_ent_wt	: 4.8078
Src_reg_loss	: 0.0245
-------------------------------------
[Epoch : 274/500]
Total_loss	: 0.1092
MMD_loss	: 3.6605
cond_ent_wt	: 4.8075
Src_reg_loss	: 0.0245
-------------------------------------
[Epoch : 275/500]
Total_loss	: 0.1091
MMD_loss	: 3.6599
cond_ent_wt	: 4.8073
Src_reg_loss	: 0.0244
-------------------------------------
[Epoch : 276/500]
Total_loss	: 0.1091
MMD_loss	: 3.6593
cond_ent_wt	: 4.8070
Src_reg_loss	: 0.0244
-------------------------------------
[Epoch : 277/500]
Total_loss	: 0.1090
MMD_loss	: 3.6587
cond_ent_wt	: 4.8067
Src_reg_loss	: 0.0244
-------------------------------------
[Epoch : 278/500]
Total_loss	: 0.1090
MMD_loss	: 3.6581
cond_ent_wt	: 4.8065
Src_reg_loss	: 0.0243
-------------------------------------
[Epoch : 279/500]
Total_loss	: 0.1089
MMD_loss	: 3.6574
cond_ent_wt	: 4.8062
Src_reg_loss	: 0.0243
-------------------------------------
[Epoch : 280/500]
Total_loss	: 0.1088
MMD_loss	: 3.6567
cond_ent_wt	: 4.8060
Src_reg_loss	: 0.0242
-------------------------------------
[Epoch : 281/500]
Total_loss	: 0.1088
MMD_loss	: 3.6559
cond_ent_wt	: 4.8057
Src_reg_loss	: 0.0242
-------------------------------------
[Epoch : 282/500]
Total_loss	: 0.1087
MMD_loss	: 3.6551
cond_ent_wt	: 4.8054
Src_reg_loss	: 0.0241
-------------------------------------
[Epoch : 283/500]
Total_loss	: 0.1087
MMD_loss	: 3.6543
cond_ent_wt	: 4.8052
Src_reg_loss	: 0.0241
-------------------------------------
[Epoch : 284/500]
Total_loss	: 0.1086
MMD_loss	: 3.6534
cond_ent_wt	: 4.8049
Src_reg_loss	: 0.0240
-------------------------------------
[Epoch : 285/500]
Total_loss	: 0.1086
MMD_loss	: 3.6525
cond_ent_wt	: 4.8046
Src_reg_loss	: 0.0240
-------------------------------------
[Epoch : 286/500]
Total_loss	: 0.1085
MMD_loss	: 3.6516
cond_ent_wt	: 4.8044
Src_reg_loss	: 0.0240
-------------------------------------
[Epoch : 287/500]
Total_loss	: 0.1085
MMD_loss	: 3.6506
cond_ent_wt	: 4.8041
Src_reg_loss	: 0.0239
-------------------------------------
[Epoch : 288/500]
Total_loss	: 0.1084
MMD_loss	: 3.6496
cond_ent_wt	: 4.8038
Src_reg_loss	: 0.0239
-------------------------------------
[Epoch : 289/500]
Total_loss	: 0.1083
MMD_loss	: 3.6485
cond_ent_wt	: 4.8035
Src_reg_loss	: 0.0238
-------------------------------------
[Epoch : 290/500]
Total_loss	: 0.1083
MMD_loss	: 3.6475
cond_ent_wt	: 4.8032
Src_reg_loss	: 0.0238
-------------------------------------
[Epoch : 291/500]
Total_loss	: 0.1082
MMD_loss	: 3.6464
cond_ent_wt	: 4.8030
Src_reg_loss	: 0.0237
-------------------------------------
[Epoch : 292/500]
Total_loss	: 0.1082
MMD_loss	: 3.6452
cond_ent_wt	: 4.8027
Src_reg_loss	: 0.0237
-------------------------------------
[Epoch : 293/500]
Total_loss	: 0.1081
MMD_loss	: 3.6440
cond_ent_wt	: 4.8024
Src_reg_loss	: 0.0237
-------------------------------------
[Epoch : 294/500]
Total_loss	: 0.1081
MMD_loss	: 3.6428
cond_ent_wt	: 4.8021
Src_reg_loss	: 0.0236
-------------------------------------
[Epoch : 295/500]
Total_loss	: 0.1080
MMD_loss	: 3.6416
cond_ent_wt	: 4.8018
Src_reg_loss	: 0.0236
-------------------------------------
[Epoch : 296/500]
Total_loss	: 0.1080
MMD_loss	: 3.6403
cond_ent_wt	: 4.8016
Src_reg_loss	: 0.0235
-------------------------------------
[Epoch : 297/500]
Total_loss	: 0.1079
MMD_loss	: 3.6390
cond_ent_wt	: 4.8013
Src_reg_loss	: 0.0235
-------------------------------------
[Epoch : 298/500]
Total_loss	: 0.1078
MMD_loss	: 3.6377
cond_ent_wt	: 4.8010
Src_reg_loss	: 0.0235
-------------------------------------
[Epoch : 299/500]
Total_loss	: 0.1078
MMD_loss	: 3.6364
cond_ent_wt	: 4.8007
Src_reg_loss	: 0.0234
-------------------------------------
[Epoch : 300/500]
Total_loss	: 0.1077
MMD_loss	: 3.6350
cond_ent_wt	: 4.8004
Src_reg_loss	: 0.0234
-------------------------------------
[Epoch : 301/500]
Total_loss	: 0.1077
MMD_loss	: 3.6336
cond_ent_wt	: 4.8001
Src_reg_loss	: 0.0233
-------------------------------------
[Epoch : 302/500]
Total_loss	: 0.1076
MMD_loss	: 3.6322
cond_ent_wt	: 4.7998
Src_reg_loss	: 0.0233
-------------------------------------
[Epoch : 303/500]
Total_loss	: 0.1076
MMD_loss	: 3.6307
cond_ent_wt	: 4.7995
Src_reg_loss	: 0.0233
-------------------------------------
[Epoch : 304/500]
Total_loss	: 0.1075
MMD_loss	: 3.6292
cond_ent_wt	: 4.7992
Src_reg_loss	: 0.0232
-------------------------------------
[Epoch : 305/500]
Total_loss	: 0.1074
MMD_loss	: 3.6277
cond_ent_wt	: 4.7989
Src_reg_loss	: 0.0232
-------------------------------------
[Epoch : 306/500]
Total_loss	: 0.1074
MMD_loss	: 3.6262
cond_ent_wt	: 4.7986
Src_reg_loss	: 0.0231
-------------------------------------
[Epoch : 307/500]
Total_loss	: 0.1073
MMD_loss	: 3.6247
cond_ent_wt	: 4.7983
Src_reg_loss	: 0.0231
-------------------------------------
[Epoch : 308/500]
Total_loss	: 0.1073
MMD_loss	: 3.6231
cond_ent_wt	: 4.7980
Src_reg_loss	: 0.0231
-------------------------------------
[Epoch : 309/500]
Total_loss	: 0.1072
MMD_loss	: 3.6215
cond_ent_wt	: 4.7977
Src_reg_loss	: 0.0230
-------------------------------------
[Epoch : 310/500]
Total_loss	: 0.1071
MMD_loss	: 3.6199
cond_ent_wt	: 4.7974
Src_reg_loss	: 0.0230
-------------------------------------
[Epoch : 311/500]
Total_loss	: 0.1071
MMD_loss	: 3.6182
cond_ent_wt	: 4.7971
Src_reg_loss	: 0.0229
-------------------------------------
[Epoch : 312/500]
Total_loss	: 0.1070
MMD_loss	: 3.6166
cond_ent_wt	: 4.7968
Src_reg_loss	: 0.0229
-------------------------------------
[Epoch : 313/500]
Total_loss	: 0.1070
MMD_loss	: 3.6149
cond_ent_wt	: 4.7965
Src_reg_loss	: 0.0229
-------------------------------------
[Epoch : 314/500]
Total_loss	: 0.1069
MMD_loss	: 3.6132
cond_ent_wt	: 4.7962
Src_reg_loss	: 0.0228
-------------------------------------
[Epoch : 315/500]
Total_loss	: 0.1069
MMD_loss	: 3.6115
cond_ent_wt	: 4.7959
Src_reg_loss	: 0.0228
-------------------------------------
[Epoch : 316/500]
Total_loss	: 0.1068
MMD_loss	: 3.6097
cond_ent_wt	: 4.7956
Src_reg_loss	: 0.0227
-------------------------------------
[Epoch : 317/500]
Total_loss	: 0.1067
MMD_loss	: 3.6080
cond_ent_wt	: 4.7953
Src_reg_loss	: 0.0227
-------------------------------------
[Epoch : 318/500]
Total_loss	: 0.1067
MMD_loss	: 3.6062
cond_ent_wt	: 4.7950
Src_reg_loss	: 0.0227
-------------------------------------
[Epoch : 319/500]
Total_loss	: 0.1066
MMD_loss	: 3.6044
cond_ent_wt	: 4.7947
Src_reg_loss	: 0.0226
-------------------------------------
[Epoch : 320/500]
Total_loss	: 0.1066
MMD_loss	: 3.6026
cond_ent_wt	: 4.7944
Src_reg_loss	: 0.0226
-------------------------------------
[Epoch : 321/500]
Total_loss	: 0.1065
MMD_loss	: 3.6008
cond_ent_wt	: 4.7941
Src_reg_loss	: 0.0226
-------------------------------------
[Epoch : 322/500]
Total_loss	: 0.1065
MMD_loss	: 3.5989
cond_ent_wt	: 4.7938
Src_reg_loss	: 0.0225
-------------------------------------
[Epoch : 323/500]
Total_loss	: 0.1064
MMD_loss	: 3.5971
cond_ent_wt	: 4.7935
Src_reg_loss	: 0.0225
-------------------------------------
[Epoch : 324/500]
Total_loss	: 0.1063
MMD_loss	: 3.5952
cond_ent_wt	: 4.7932
Src_reg_loss	: 0.0225
-------------------------------------
[Epoch : 325/500]
Total_loss	: 0.1063
MMD_loss	: 3.5933
cond_ent_wt	: 4.7928
Src_reg_loss	: 0.0224
-------------------------------------
[Epoch : 326/500]
Total_loss	: 0.1062
MMD_loss	: 3.5914
cond_ent_wt	: 4.7925
Src_reg_loss	: 0.0224
-------------------------------------
[Epoch : 327/500]
Total_loss	: 0.1062
MMD_loss	: 3.5895
cond_ent_wt	: 4.7922
Src_reg_loss	: 0.0224
-------------------------------------
[Epoch : 328/500]
Total_loss	: 0.1061
MMD_loss	: 3.5876
cond_ent_wt	: 4.7919
Src_reg_loss	: 0.0223
-------------------------------------
[Epoch : 329/500]
Total_loss	: 0.1061
MMD_loss	: 3.5856
cond_ent_wt	: 4.7916
Src_reg_loss	: 0.0223
-------------------------------------
[Epoch : 330/500]
Total_loss	: 0.1060
MMD_loss	: 3.5836
cond_ent_wt	: 4.7913
Src_reg_loss	: 0.0222
-------------------------------------
[Epoch : 331/500]
Total_loss	: 0.1059
MMD_loss	: 3.5817
cond_ent_wt	: 4.7910
Src_reg_loss	: 0.0222
-------------------------------------
[Epoch : 332/500]
Total_loss	: 0.1059
MMD_loss	: 3.5797
cond_ent_wt	: 4.7907
Src_reg_loss	: 0.0222
-------------------------------------
[Epoch : 333/500]
Total_loss	: 0.1058
MMD_loss	: 3.5777
cond_ent_wt	: 4.7903
Src_reg_loss	: 0.0221
-------------------------------------
[Epoch : 334/500]
Total_loss	: 0.1058
MMD_loss	: 3.5757
cond_ent_wt	: 4.7900
Src_reg_loss	: 0.0221
-------------------------------------
[Epoch : 335/500]
Total_loss	: 0.1057
MMD_loss	: 3.5736
cond_ent_wt	: 4.7897
Src_reg_loss	: 0.0221
-------------------------------------
[Epoch : 336/500]
Total_loss	: 0.1056
MMD_loss	: 3.5716
cond_ent_wt	: 4.7894
Src_reg_loss	: 0.0220
-------------------------------------
[Epoch : 337/500]
Total_loss	: 0.1056
MMD_loss	: 3.5696
cond_ent_wt	: 4.7891
Src_reg_loss	: 0.0220
-------------------------------------
[Epoch : 338/500]
Total_loss	: 0.1055
MMD_loss	: 3.5675
cond_ent_wt	: 4.7888
Src_reg_loss	: 0.0220
-------------------------------------
[Epoch : 339/500]
Total_loss	: 0.1055
MMD_loss	: 3.5654
cond_ent_wt	: 4.7884
Src_reg_loss	: 0.0219
-------------------------------------
[Epoch : 340/500]
Total_loss	: 0.1054
MMD_loss	: 3.5634
cond_ent_wt	: 4.7881
Src_reg_loss	: 0.0219
-------------------------------------
[Epoch : 341/500]
Total_loss	: 0.1054
MMD_loss	: 3.5613
cond_ent_wt	: 4.7878
Src_reg_loss	: 0.0219
-------------------------------------
[Epoch : 342/500]
Total_loss	: 0.1053
MMD_loss	: 3.5592
cond_ent_wt	: 4.7875
Src_reg_loss	: 0.0218
-------------------------------------
[Epoch : 343/500]
Total_loss	: 0.1052
MMD_loss	: 3.5571
cond_ent_wt	: 4.7872
Src_reg_loss	: 0.0218
-------------------------------------
[Epoch : 344/500]
Total_loss	: 0.1052
MMD_loss	: 3.5549
cond_ent_wt	: 4.7868
Src_reg_loss	: 0.0218
-------------------------------------
[Epoch : 345/500]
Total_loss	: 0.1051
MMD_loss	: 3.5528
cond_ent_wt	: 4.7865
Src_reg_loss	: 0.0217
-------------------------------------
[Epoch : 346/500]
Total_loss	: 0.1051
MMD_loss	: 3.5507
cond_ent_wt	: 4.7862
Src_reg_loss	: 0.0217
-------------------------------------
[Epoch : 347/500]
Total_loss	: 0.1050
MMD_loss	: 3.5485
cond_ent_wt	: 4.7859
Src_reg_loss	: 0.0217
-------------------------------------
[Epoch : 348/500]
Total_loss	: 0.1050
MMD_loss	: 3.5464
cond_ent_wt	: 4.7856
Src_reg_loss	: 0.0216
-------------------------------------
[Epoch : 349/500]
Total_loss	: 0.1049
MMD_loss	: 3.5442
cond_ent_wt	: 4.7852
Src_reg_loss	: 0.0216
-------------------------------------
[Epoch : 350/500]
Total_loss	: 0.1049
MMD_loss	: 3.5420
cond_ent_wt	: 4.7849
Src_reg_loss	: 0.0216
-------------------------------------
[Epoch : 351/500]
Total_loss	: 0.1048
MMD_loss	: 3.5399
cond_ent_wt	: 4.7846
Src_reg_loss	: 0.0215
-------------------------------------
[Epoch : 352/500]
Total_loss	: 0.1047
MMD_loss	: 3.5377
cond_ent_wt	: 4.7843
Src_reg_loss	: 0.0215
-------------------------------------
[Epoch : 353/500]
Total_loss	: 0.1047
MMD_loss	: 3.5355
cond_ent_wt	: 4.7840
Src_reg_loss	: 0.0215
-------------------------------------
[Epoch : 354/500]
Total_loss	: 0.1046
MMD_loss	: 3.5333
cond_ent_wt	: 4.7836
Src_reg_loss	: 0.0215
-------------------------------------
[Epoch : 355/500]
Total_loss	: 0.1046
MMD_loss	: 3.5311
cond_ent_wt	: 4.7833
Src_reg_loss	: 0.0214
-------------------------------------
[Epoch : 356/500]
Total_loss	: 0.1045
MMD_loss	: 3.5289
cond_ent_wt	: 4.7830
Src_reg_loss	: 0.0214
-------------------------------------
[Epoch : 357/500]
Total_loss	: 0.1045
MMD_loss	: 3.5266
cond_ent_wt	: 4.7827
Src_reg_loss	: 0.0214
-------------------------------------
[Epoch : 358/500]
Total_loss	: 0.1044
MMD_loss	: 3.5244
cond_ent_wt	: 4.7823
Src_reg_loss	: 0.0213
-------------------------------------
[Epoch : 359/500]
Total_loss	: 0.1043
MMD_loss	: 3.5222
cond_ent_wt	: 4.7820
Src_reg_loss	: 0.0213
-------------------------------------
[Epoch : 360/500]
Total_loss	: 0.1043
MMD_loss	: 3.5199
cond_ent_wt	: 4.7817
Src_reg_loss	: 0.0213
-------------------------------------
[Epoch : 361/500]
Total_loss	: 0.1042
MMD_loss	: 3.5177
cond_ent_wt	: 4.7814
Src_reg_loss	: 0.0212
-------------------------------------
[Epoch : 362/500]
Total_loss	: 0.1042
MMD_loss	: 3.5154
cond_ent_wt	: 4.7811
Src_reg_loss	: 0.0212
-------------------------------------
[Epoch : 363/500]
Total_loss	: 0.1041
MMD_loss	: 3.5132
cond_ent_wt	: 4.7807
Src_reg_loss	: 0.0212
-------------------------------------
[Epoch : 364/500]
Total_loss	: 0.1041
MMD_loss	: 3.5109
cond_ent_wt	: 4.7804
Src_reg_loss	: 0.0212
-------------------------------------
[Epoch : 365/500]
Total_loss	: 0.1040
MMD_loss	: 3.5087
cond_ent_wt	: 4.7801
Src_reg_loss	: 0.0211
-------------------------------------
[Epoch : 366/500]
Total_loss	: 0.1040
MMD_loss	: 3.5064
cond_ent_wt	: 4.7798
Src_reg_loss	: 0.0211
-------------------------------------
[Epoch : 367/500]
Total_loss	: 0.1039
MMD_loss	: 3.5041
cond_ent_wt	: 4.7794
Src_reg_loss	: 0.0211
-------------------------------------
[Epoch : 368/500]
Total_loss	: 0.1038
MMD_loss	: 3.5018
cond_ent_wt	: 4.7791
Src_reg_loss	: 0.0210
-------------------------------------
[Epoch : 369/500]
Total_loss	: 0.1038
MMD_loss	: 3.4995
cond_ent_wt	: 4.7788
Src_reg_loss	: 0.0210
-------------------------------------
[Epoch : 370/500]
Total_loss	: 0.1037
MMD_loss	: 3.4973
cond_ent_wt	: 4.7785
Src_reg_loss	: 0.0210
-------------------------------------
[Epoch : 371/500]
Total_loss	: 0.1037
MMD_loss	: 3.4950
cond_ent_wt	: 4.7782
Src_reg_loss	: 0.0209
-------------------------------------
[Epoch : 372/500]
Total_loss	: 0.1036
MMD_loss	: 3.4927
cond_ent_wt	: 4.7778
Src_reg_loss	: 0.0209
-------------------------------------
[Epoch : 373/500]
Total_loss	: 0.1036
MMD_loss	: 3.4904
cond_ent_wt	: 4.7775
Src_reg_loss	: 0.0209
-------------------------------------
[Epoch : 374/500]
Total_loss	: 0.1035
MMD_loss	: 3.4881
cond_ent_wt	: 4.7772
Src_reg_loss	: 0.0209
-------------------------------------
[Epoch : 375/500]
Total_loss	: 0.1035
MMD_loss	: 3.4858
cond_ent_wt	: 4.7769
Src_reg_loss	: 0.0208
-------------------------------------
[Epoch : 376/500]
Total_loss	: 0.1034
MMD_loss	: 3.4835
cond_ent_wt	: 4.7765
Src_reg_loss	: 0.0208
-------------------------------------
[Epoch : 377/500]
Total_loss	: 0.1033
MMD_loss	: 3.4812
cond_ent_wt	: 4.7762
Src_reg_loss	: 0.0208
-------------------------------------
[Epoch : 378/500]
Total_loss	: 0.1033
MMD_loss	: 3.4788
cond_ent_wt	: 4.7759
Src_reg_loss	: 0.0207
-------------------------------------
[Epoch : 379/500]
Total_loss	: 0.1032
MMD_loss	: 3.4765
cond_ent_wt	: 4.7756
Src_reg_loss	: 0.0207
-------------------------------------
[Epoch : 380/500]
Total_loss	: 0.1032
MMD_loss	: 3.4742
cond_ent_wt	: 4.7753
Src_reg_loss	: 0.0207
-------------------------------------
[Epoch : 381/500]
Total_loss	: 0.1031
MMD_loss	: 3.4719
cond_ent_wt	: 4.7749
Src_reg_loss	: 0.0207
-------------------------------------
[Epoch : 382/500]
Total_loss	: 0.1031
MMD_loss	: 3.4696
cond_ent_wt	: 4.7746
Src_reg_loss	: 0.0206
-------------------------------------
[Epoch : 383/500]
Total_loss	: 0.1030
MMD_loss	: 3.4673
cond_ent_wt	: 4.7743
Src_reg_loss	: 0.0206
-------------------------------------
[Epoch : 384/500]
Total_loss	: 0.1030
MMD_loss	: 3.4649
cond_ent_wt	: 4.7740
Src_reg_loss	: 0.0206
-------------------------------------
[Epoch : 385/500]
Total_loss	: 0.1029
MMD_loss	: 3.4626
cond_ent_wt	: 4.7736
Src_reg_loss	: 0.0206
-------------------------------------
[Epoch : 386/500]
Total_loss	: 0.1029
MMD_loss	: 3.4603
cond_ent_wt	: 4.7733
Src_reg_loss	: 0.0205
-------------------------------------
[Epoch : 387/500]
Total_loss	: 0.1028
MMD_loss	: 3.4580
cond_ent_wt	: 4.7730
Src_reg_loss	: 0.0205
-------------------------------------
[Epoch : 388/500]
Total_loss	: 0.1028
MMD_loss	: 3.4556
cond_ent_wt	: 4.7727
Src_reg_loss	: 0.0205
-------------------------------------
[Epoch : 389/500]
Total_loss	: 0.1027
MMD_loss	: 3.4533
cond_ent_wt	: 4.7724
Src_reg_loss	: 0.0204
-------------------------------------
[Epoch : 390/500]
Total_loss	: 0.1027
MMD_loss	: 3.4510
cond_ent_wt	: 4.7721
Src_reg_loss	: 0.0204
-------------------------------------
[Epoch : 391/500]
Total_loss	: 0.1026
MMD_loss	: 3.4487
cond_ent_wt	: 4.7717
Src_reg_loss	: 0.0204
-------------------------------------
[Epoch : 392/500]
Total_loss	: 0.1025
MMD_loss	: 3.4463
cond_ent_wt	: 4.7714
Src_reg_loss	: 0.0204
-------------------------------------
[Epoch : 393/500]
Total_loss	: 0.1025
MMD_loss	: 3.4440
cond_ent_wt	: 4.7711
Src_reg_loss	: 0.0203
-------------------------------------
[Epoch : 394/500]
Total_loss	: 0.1024
MMD_loss	: 3.4417
cond_ent_wt	: 4.7708
Src_reg_loss	: 0.0203
-------------------------------------
[Epoch : 395/500]
Total_loss	: 0.1024
MMD_loss	: 3.4394
cond_ent_wt	: 4.7705
Src_reg_loss	: 0.0203
-------------------------------------
[Epoch : 396/500]
Total_loss	: 0.1023
MMD_loss	: 3.4370
cond_ent_wt	: 4.7701
Src_reg_loss	: 0.0203
-------------------------------------
[Epoch : 397/500]
Total_loss	: 0.1023
MMD_loss	: 3.4347
cond_ent_wt	: 4.7698
Src_reg_loss	: 0.0202
-------------------------------------
[Epoch : 398/500]
Total_loss	: 0.1022
MMD_loss	: 3.4324
cond_ent_wt	: 4.7695
Src_reg_loss	: 0.0202
-------------------------------------
[Epoch : 399/500]
Total_loss	: 0.1022
MMD_loss	: 3.4300
cond_ent_wt	: 4.7692
Src_reg_loss	: 0.0202
-------------------------------------
[Epoch : 400/500]
Total_loss	: 0.1021
MMD_loss	: 3.4277
cond_ent_wt	: 4.7689
Src_reg_loss	: 0.0202
-------------------------------------
[Epoch : 401/500]
Total_loss	: 0.1021
MMD_loss	: 3.4254
cond_ent_wt	: 4.7686
Src_reg_loss	: 0.0201
-------------------------------------
[Epoch : 402/500]
Total_loss	: 0.1020
MMD_loss	: 3.4231
cond_ent_wt	: 4.7682
Src_reg_loss	: 0.0201
-------------------------------------
[Epoch : 403/500]
Total_loss	: 0.1020
MMD_loss	: 3.4207
cond_ent_wt	: 4.7679
Src_reg_loss	: 0.0201
-------------------------------------
[Epoch : 404/500]
Total_loss	: 0.1019
MMD_loss	: 3.4184
cond_ent_wt	: 4.7676
Src_reg_loss	: 0.0201
-------------------------------------
[Epoch : 405/500]
Total_loss	: 0.1019
MMD_loss	: 3.4161
cond_ent_wt	: 4.7673
Src_reg_loss	: 0.0200
-------------------------------------
[Epoch : 406/500]
Total_loss	: 0.1018
MMD_loss	: 3.4137
cond_ent_wt	: 4.7670
Src_reg_loss	: 0.0200
-------------------------------------
[Epoch : 407/500]
Total_loss	: 0.1018
MMD_loss	: 3.4114
cond_ent_wt	: 4.7667
Src_reg_loss	: 0.0200
-------------------------------------
[Epoch : 408/500]
Total_loss	: 0.1017
MMD_loss	: 3.4091
cond_ent_wt	: 4.7664
Src_reg_loss	: 0.0200
-------------------------------------
[Epoch : 409/500]
Total_loss	: 0.1017
MMD_loss	: 3.4068
cond_ent_wt	: 4.7660
Src_reg_loss	: 0.0199
-------------------------------------
[Epoch : 410/500]
Total_loss	: 0.1016
MMD_loss	: 3.4045
cond_ent_wt	: 4.7657
Src_reg_loss	: 0.0199
-------------------------------------
[Epoch : 411/500]
Total_loss	: 0.1016
MMD_loss	: 3.4021
cond_ent_wt	: 4.7654
Src_reg_loss	: 0.0199
-------------------------------------
[Epoch : 412/500]
Total_loss	: 0.1015
MMD_loss	: 3.3998
cond_ent_wt	: 4.7651
Src_reg_loss	: 0.0199
-------------------------------------
[Epoch : 413/500]
Total_loss	: 0.1015
MMD_loss	: 3.3975
cond_ent_wt	: 4.7648
Src_reg_loss	: 0.0198
-------------------------------------
[Epoch : 414/500]
Total_loss	: 0.1014
MMD_loss	: 3.3952
cond_ent_wt	: 4.7645
Src_reg_loss	: 0.0198
-------------------------------------
[Epoch : 415/500]
Total_loss	: 0.1014
MMD_loss	: 3.3929
cond_ent_wt	: 4.7642
Src_reg_loss	: 0.0198
-------------------------------------
[Epoch : 416/500]
Total_loss	: 0.1013
MMD_loss	: 3.3906
cond_ent_wt	: 4.7639
Src_reg_loss	: 0.0198
-------------------------------------
[Epoch : 417/500]
Total_loss	: 0.1013
MMD_loss	: 3.3883
cond_ent_wt	: 4.7635
Src_reg_loss	: 0.0197
-------------------------------------
[Epoch : 418/500]
Total_loss	: 0.1012
MMD_loss	: 3.3860
cond_ent_wt	: 4.7632
Src_reg_loss	: 0.0197
-------------------------------------
[Epoch : 419/500]
Total_loss	: 0.1012
MMD_loss	: 3.3837
cond_ent_wt	: 4.7629
Src_reg_loss	: 0.0197
-------------------------------------
[Epoch : 420/500]
Total_loss	: 0.1011
MMD_loss	: 3.3814
cond_ent_wt	: 4.7626
Src_reg_loss	: 0.0197
-------------------------------------
[Epoch : 421/500]
Total_loss	: 0.1011
MMD_loss	: 3.3791
cond_ent_wt	: 4.7623
Src_reg_loss	: 0.0196
-------------------------------------
[Epoch : 422/500]
Total_loss	: 0.1010
MMD_loss	: 3.3768
cond_ent_wt	: 4.7620
Src_reg_loss	: 0.0196
-------------------------------------
[Epoch : 423/500]
Total_loss	: 0.1010
MMD_loss	: 3.3745
cond_ent_wt	: 4.7617
Src_reg_loss	: 0.0196
-------------------------------------
[Epoch : 424/500]
Total_loss	: 0.1009
MMD_loss	: 3.3722
cond_ent_wt	: 4.7614
Src_reg_loss	: 0.0196
-------------------------------------
[Epoch : 425/500]
Total_loss	: 0.1009
MMD_loss	: 3.3699
cond_ent_wt	: 4.7611
Src_reg_loss	: 0.0196
-------------------------------------
[Epoch : 426/500]
Total_loss	: 0.1008
MMD_loss	: 3.3676
cond_ent_wt	: 4.7608
Src_reg_loss	: 0.0195
-------------------------------------
[Epoch : 427/500]
Total_loss	: 0.1008
MMD_loss	: 3.3653
cond_ent_wt	: 4.7605
Src_reg_loss	: 0.0195
-------------------------------------
[Epoch : 428/500]
Total_loss	: 0.1007
MMD_loss	: 3.3631
cond_ent_wt	: 4.7602
Src_reg_loss	: 0.0195
-------------------------------------
[Epoch : 429/500]
Total_loss	: 0.1007
MMD_loss	: 3.3608
cond_ent_wt	: 4.7598
Src_reg_loss	: 0.0195
-------------------------------------
[Epoch : 430/500]
Total_loss	: 0.1006
MMD_loss	: 3.3585
cond_ent_wt	: 4.7595
Src_reg_loss	: 0.0194
-------------------------------------
[Epoch : 431/500]
Total_loss	: 0.1006
MMD_loss	: 3.3563
cond_ent_wt	: 4.7592
Src_reg_loss	: 0.0194
-------------------------------------
[Epoch : 432/500]
Total_loss	: 0.1005
MMD_loss	: 3.3540
cond_ent_wt	: 4.7589
Src_reg_loss	: 0.0194
-------------------------------------
[Epoch : 433/500]
Total_loss	: 0.1005
MMD_loss	: 3.3517
cond_ent_wt	: 4.7586
Src_reg_loss	: 0.0194
-------------------------------------
[Epoch : 434/500]
Total_loss	: 0.1004
MMD_loss	: 3.3495
cond_ent_wt	: 4.7583
Src_reg_loss	: 0.0194
-------------------------------------
[Epoch : 435/500]
Total_loss	: 0.1004
MMD_loss	: 3.3472
cond_ent_wt	: 4.7580
Src_reg_loss	: 0.0193
-------------------------------------
[Epoch : 436/500]
Total_loss	: 0.1003
MMD_loss	: 3.3450
cond_ent_wt	: 4.7577
Src_reg_loss	: 0.0193
-------------------------------------
[Epoch : 437/500]
Total_loss	: 0.1003
MMD_loss	: 3.3427
cond_ent_wt	: 4.7574
Src_reg_loss	: 0.0193
-------------------------------------
[Epoch : 438/500]
Total_loss	: 0.1002
MMD_loss	: 3.3405
cond_ent_wt	: 4.7571
Src_reg_loss	: 0.0193
-------------------------------------
[Epoch : 439/500]
Total_loss	: 0.1002
MMD_loss	: 3.3383
cond_ent_wt	: 4.7568
Src_reg_loss	: 0.0192
-------------------------------------
[Epoch : 440/500]
Total_loss	: 0.1001
MMD_loss	: 3.3360
cond_ent_wt	: 4.7565
Src_reg_loss	: 0.0192
-------------------------------------
[Epoch : 441/500]
Total_loss	: 0.1001
MMD_loss	: 3.3338
cond_ent_wt	: 4.7562
Src_reg_loss	: 0.0192
-------------------------------------
[Epoch : 442/500]
Total_loss	: 0.1001
MMD_loss	: 3.3316
cond_ent_wt	: 4.7559
Src_reg_loss	: 0.0192
-------------------------------------
[Epoch : 443/500]
Total_loss	: 0.1000
MMD_loss	: 3.3294
cond_ent_wt	: 4.7556
Src_reg_loss	: 0.0192
-------------------------------------
[Epoch : 444/500]
Total_loss	: 0.1000
MMD_loss	: 3.3272
cond_ent_wt	: 4.7553
Src_reg_loss	: 0.0191
-------------------------------------
[Epoch : 445/500]
Total_loss	: 0.0999
MMD_loss	: 3.3250
cond_ent_wt	: 4.7550
Src_reg_loss	: 0.0191
-------------------------------------
[Epoch : 446/500]
Total_loss	: 0.0999
MMD_loss	: 3.3228
cond_ent_wt	: 4.7547
Src_reg_loss	: 0.0191
-------------------------------------
[Epoch : 447/500]
Total_loss	: 0.0998
MMD_loss	: 3.3206
cond_ent_wt	: 4.7544
Src_reg_loss	: 0.0191
-------------------------------------
[Epoch : 448/500]
Total_loss	: 0.0998
MMD_loss	: 3.3184
cond_ent_wt	: 4.7541
Src_reg_loss	: 0.0190
-------------------------------------
[Epoch : 449/500]
Total_loss	: 0.0997
MMD_loss	: 3.3162
cond_ent_wt	: 4.7538
Src_reg_loss	: 0.0190
-------------------------------------
[Epoch : 450/500]
Total_loss	: 0.0997
MMD_loss	: 3.3140
cond_ent_wt	: 4.7535
Src_reg_loss	: 0.0190
-------------------------------------
[Epoch : 451/500]
Total_loss	: 0.0996
MMD_loss	: 3.3118
cond_ent_wt	: 4.7532
Src_reg_loss	: 0.0190
-------------------------------------
[Epoch : 452/500]
Total_loss	: 0.0996
MMD_loss	: 3.3097
cond_ent_wt	: 4.7529
Src_reg_loss	: 0.0190
-------------------------------------
[Epoch : 453/500]
Total_loss	: 0.0995
MMD_loss	: 3.3075
cond_ent_wt	: 4.7526
Src_reg_loss	: 0.0189
-------------------------------------
[Epoch : 454/500]
Total_loss	: 0.0995
MMD_loss	: 3.3053
cond_ent_wt	: 4.7523
Src_reg_loss	: 0.0189
-------------------------------------
[Epoch : 455/500]
Total_loss	: 0.0995
MMD_loss	: 3.3032
cond_ent_wt	: 4.7520
Src_reg_loss	: 0.0189
-------------------------------------
[Epoch : 456/500]
Total_loss	: 0.0994
MMD_loss	: 3.3010
cond_ent_wt	: 4.7518
Src_reg_loss	: 0.0189
-------------------------------------
[Epoch : 457/500]
Total_loss	: 0.0994
MMD_loss	: 3.2989
cond_ent_wt	: 4.7515
Src_reg_loss	: 0.0189
-------------------------------------
[Epoch : 458/500]
Total_loss	: 0.0993
MMD_loss	: 3.2968
cond_ent_wt	: 4.7512
Src_reg_loss	: 0.0188
-------------------------------------
[Epoch : 459/500]
Total_loss	: 0.0993
MMD_loss	: 3.2946
cond_ent_wt	: 4.7509
Src_reg_loss	: 0.0188
-------------------------------------
[Epoch : 460/500]
Total_loss	: 0.0992
MMD_loss	: 3.2925
cond_ent_wt	: 4.7506
Src_reg_loss	: 0.0188
-------------------------------------
[Epoch : 461/500]
Total_loss	: 0.0992
MMD_loss	: 3.2904
cond_ent_wt	: 4.7503
Src_reg_loss	: 0.0188
-------------------------------------
[Epoch : 462/500]
Total_loss	: 0.0991
MMD_loss	: 3.2883
cond_ent_wt	: 4.7500
Src_reg_loss	: 0.0188
-------------------------------------
[Epoch : 463/500]
Total_loss	: 0.0991
MMD_loss	: 3.2861
cond_ent_wt	: 4.7497
Src_reg_loss	: 0.0187
-------------------------------------
[Epoch : 464/500]
Total_loss	: 0.0991
MMD_loss	: 3.2840
cond_ent_wt	: 4.7494
Src_reg_loss	: 0.0187
-------------------------------------
[Epoch : 465/500]
Total_loss	: 0.0990
MMD_loss	: 3.2819
cond_ent_wt	: 4.7491
Src_reg_loss	: 0.0187
-------------------------------------
[Epoch : 466/500]
Total_loss	: 0.0990
MMD_loss	: 3.2798
cond_ent_wt	: 4.7488
Src_reg_loss	: 0.0187
-------------------------------------
[Epoch : 467/500]
Total_loss	: 0.0989
MMD_loss	: 3.2778
cond_ent_wt	: 4.7485
Src_reg_loss	: 0.0187
-------------------------------------
[Epoch : 468/500]
Total_loss	: 0.0989
MMD_loss	: 3.2757
cond_ent_wt	: 4.7483
Src_reg_loss	: 0.0186
-------------------------------------
[Epoch : 469/500]
Total_loss	: 0.0988
MMD_loss	: 3.2736
cond_ent_wt	: 4.7480
Src_reg_loss	: 0.0186
-------------------------------------
[Epoch : 470/500]
Total_loss	: 0.0988
MMD_loss	: 3.2715
cond_ent_wt	: 4.7477
Src_reg_loss	: 0.0186
-------------------------------------
[Epoch : 471/500]
Total_loss	: 0.0988
MMD_loss	: 3.2694
cond_ent_wt	: 4.7474
Src_reg_loss	: 0.0186
-------------------------------------
[Epoch : 472/500]
Total_loss	: 0.0987
MMD_loss	: 3.2674
cond_ent_wt	: 4.7471
Src_reg_loss	: 0.0186
-------------------------------------
[Epoch : 473/500]
Total_loss	: 0.0987
MMD_loss	: 3.2653
cond_ent_wt	: 4.7468
Src_reg_loss	: 0.0185
-------------------------------------
[Epoch : 474/500]
Total_loss	: 0.0986
MMD_loss	: 3.2633
cond_ent_wt	: 4.7465
Src_reg_loss	: 0.0185
-------------------------------------
[Epoch : 475/500]
Total_loss	: 0.0986
MMD_loss	: 3.2612
cond_ent_wt	: 4.7462
Src_reg_loss	: 0.0185
-------------------------------------
[Epoch : 476/500]
Total_loss	: 0.0985
MMD_loss	: 3.2592
cond_ent_wt	: 4.7460
Src_reg_loss	: 0.0185
-------------------------------------
[Epoch : 477/500]
Total_loss	: 0.0985
MMD_loss	: 3.2572
cond_ent_wt	: 4.7457
Src_reg_loss	: 0.0185
-------------------------------------
[Epoch : 478/500]
Total_loss	: 0.0985
MMD_loss	: 3.2551
cond_ent_wt	: 4.7454
Src_reg_loss	: 0.0184
-------------------------------------
[Epoch : 479/500]
Total_loss	: 0.0984
MMD_loss	: 3.2531
cond_ent_wt	: 4.7451
Src_reg_loss	: 0.0184
-------------------------------------
[Epoch : 480/500]
Total_loss	: 0.0984
MMD_loss	: 3.2511
cond_ent_wt	: 4.7448
Src_reg_loss	: 0.0184
-------------------------------------
[Epoch : 481/500]
Total_loss	: 0.0983
MMD_loss	: 3.2491
cond_ent_wt	: 4.7445
Src_reg_loss	: 0.0184
-------------------------------------
[Epoch : 482/500]
Total_loss	: 0.0983
MMD_loss	: 3.2471
cond_ent_wt	: 4.7443
Src_reg_loss	: 0.0184
-------------------------------------
[Epoch : 483/500]
Total_loss	: 0.0982
MMD_loss	: 3.2451
cond_ent_wt	: 4.7440
Src_reg_loss	: 0.0184
-------------------------------------
[Epoch : 484/500]
Total_loss	: 0.0982
MMD_loss	: 3.2431
cond_ent_wt	: 4.7437
Src_reg_loss	: 0.0183
-------------------------------------
[Epoch : 485/500]
Total_loss	: 0.0982
MMD_loss	: 3.2411
cond_ent_wt	: 4.7434
Src_reg_loss	: 0.0183
-------------------------------------
[Epoch : 486/500]
Total_loss	: 0.0981
MMD_loss	: 3.2391
cond_ent_wt	: 4.7431
Src_reg_loss	: 0.0183
-------------------------------------
[Epoch : 487/500]
Total_loss	: 0.0981
MMD_loss	: 3.2371
cond_ent_wt	: 4.7429
Src_reg_loss	: 0.0183
-------------------------------------
[Epoch : 488/500]
Total_loss	: 0.0980
MMD_loss	: 3.2352
cond_ent_wt	: 4.7426
Src_reg_loss	: 0.0183
-------------------------------------
[Epoch : 489/500]
Total_loss	: 0.0980
MMD_loss	: 3.2332
cond_ent_wt	: 4.7423
Src_reg_loss	: 0.0182
-------------------------------------
[Epoch : 490/500]
Total_loss	: 0.0980
MMD_loss	: 3.2312
cond_ent_wt	: 4.7420
Src_reg_loss	: 0.0182
-------------------------------------
[Epoch : 491/500]
Total_loss	: 0.0979
MMD_loss	: 3.2293
cond_ent_wt	: 4.7417
Src_reg_loss	: 0.0182
-------------------------------------
[Epoch : 492/500]
Total_loss	: 0.0979
MMD_loss	: 3.2273
cond_ent_wt	: 4.7415
Src_reg_loss	: 0.0182
-------------------------------------
[Epoch : 493/500]
Total_loss	: 0.0978
MMD_loss	: 3.2254
cond_ent_wt	: 4.7412
Src_reg_loss	: 0.0182
-------------------------------------
[Epoch : 494/500]
Total_loss	: 0.0978
MMD_loss	: 3.2234
cond_ent_wt	: 4.7409
Src_reg_loss	: 0.0182
-------------------------------------
[Epoch : 495/500]
Total_loss	: 0.0978
MMD_loss	: 3.2215
cond_ent_wt	: 4.7406
Src_reg_loss	: 0.0181
-------------------------------------
[Epoch : 496/500]
Total_loss	: 0.0977
MMD_loss	: 3.2196
cond_ent_wt	: 4.7404
Src_reg_loss	: 0.0181
-------------------------------------
[Epoch : 497/500]
Total_loss	: 0.0977
MMD_loss	: 3.2177
cond_ent_wt	: 4.7401
Src_reg_loss	: 0.0181
-------------------------------------
[Epoch : 498/500]
Total_loss	: 0.0976
MMD_loss	: 3.2157
cond_ent_wt	: 4.7398
Src_reg_loss	: 0.0181
-------------------------------------
[Epoch : 499/500]
Total_loss	: 0.0976
MMD_loss	: 3.2138
cond_ent_wt	: 4.7395
Src_reg_loss	: 0.0181
-------------------------------------
[Epoch : 500/500]
Total_loss	: 0.0976
MMD_loss	: 3.2119
cond_ent_wt	: 4.7393
Src_reg_loss	: 0.0180
-------------------------------------
