=============================================
Dataset: Airbox
Method:  AirDA
=============================================
Source: 0 ---> Target: 6
=============================================
[Epoch : 1/800]
Total_loss	: 0.3475
MMD_loss	: 5.2383
Src_reg_loss	: 0.2951
-------------------------------------
[Epoch : 2/800]
Total_loss	: 0.3287
MMD_loss	: 5.2321
Src_reg_loss	: 0.2764
-------------------------------------
[Epoch : 3/800]
Total_loss	: 0.3101
MMD_loss	: 5.2173
Src_reg_loss	: 0.2580
-------------------------------------
[Epoch : 4/800]
Total_loss	: 0.2908
MMD_loss	: 5.1922
Src_reg_loss	: 0.2389
-------------------------------------
[Epoch : 5/800]
Total_loss	: 0.2706
MMD_loss	: 5.1541
Src_reg_loss	: 0.2190
-------------------------------------
[Epoch : 6/800]
Total_loss	: 0.2495
MMD_loss	: 5.1002
Src_reg_loss	: 0.1985
-------------------------------------
[Epoch : 7/800]
Total_loss	: 0.2286
MMD_loss	: 5.0291
Src_reg_loss	: 0.1783
-------------------------------------
[Epoch : 8/800]
Total_loss	: 0.2103
MMD_loss	: 4.9453
Src_reg_loss	: 0.1609
-------------------------------------
[Epoch : 9/800]
Total_loss	: 0.1964
MMD_loss	: 4.8643
Src_reg_loss	: 0.1478
-------------------------------------
[Epoch : 10/800]
Total_loss	: 0.1853
MMD_loss	: 4.8021
Src_reg_loss	: 0.1373
-------------------------------------
[Epoch : 11/800]
Total_loss	: 0.1761
MMD_loss	: 4.7604
Src_reg_loss	: 0.1285
-------------------------------------
[Epoch : 12/800]
Total_loss	: 0.1684
MMD_loss	: 4.7330
Src_reg_loss	: 0.1210
-------------------------------------
[Epoch : 13/800]
Total_loss	: 0.1618
MMD_loss	: 4.7132
Src_reg_loss	: 0.1147
-------------------------------------
[Epoch : 14/800]
Total_loss	: 0.1562
MMD_loss	: 4.6976
Src_reg_loss	: 0.1092
-------------------------------------
[Epoch : 15/800]
Total_loss	: 0.1513
MMD_loss	: 4.6849
Src_reg_loss	: 0.1044
-------------------------------------
[Epoch : 16/800]
Total_loss	: 0.1470
MMD_loss	: 4.6755
Src_reg_loss	: 0.1003
-------------------------------------
[Epoch : 17/800]
Total_loss	: 0.1433
MMD_loss	: 4.6696
Src_reg_loss	: 0.0966
-------------------------------------
[Epoch : 18/800]
Total_loss	: 0.1399
MMD_loss	: 4.6670
Src_reg_loss	: 0.0933
-------------------------------------
[Epoch : 19/800]
Total_loss	: 0.1370
MMD_loss	: 4.6674
Src_reg_loss	: 0.0903
-------------------------------------
[Epoch : 20/800]
Total_loss	: 0.1343
MMD_loss	: 4.6699
Src_reg_loss	: 0.0876
-------------------------------------
[Epoch : 21/800]
Total_loss	: 0.1319
MMD_loss	: 4.6743
Src_reg_loss	: 0.0852
-------------------------------------
[Epoch : 22/800]
Total_loss	: 0.1297
MMD_loss	: 4.6804
Src_reg_loss	: 0.0829
-------------------------------------
[Epoch : 23/800]
Total_loss	: 0.1277
MMD_loss	: 4.6879
Src_reg_loss	: 0.0809
-------------------------------------
[Epoch : 24/800]
Total_loss	: 0.1259
MMD_loss	: 4.6967
Src_reg_loss	: 0.0790
-------------------------------------
[Epoch : 25/800]
Total_loss	: 0.1243
MMD_loss	: 4.7068
Src_reg_loss	: 0.0772
-------------------------------------
[Epoch : 26/800]
Total_loss	: 0.1228
MMD_loss	: 4.7179
Src_reg_loss	: 0.0756
-------------------------------------
[Epoch : 27/800]
Total_loss	: 0.1214
MMD_loss	: 4.7298
Src_reg_loss	: 0.0741
-------------------------------------
[Epoch : 28/800]
Total_loss	: 0.1201
MMD_loss	: 4.7423
Src_reg_loss	: 0.0727
-------------------------------------
[Epoch : 29/800]
Total_loss	: 0.1189
MMD_loss	: 4.7550
Src_reg_loss	: 0.0713
-------------------------------------
[Epoch : 30/800]
Total_loss	: 0.1177
MMD_loss	: 4.7678
Src_reg_loss	: 0.0701
-------------------------------------
[Epoch : 31/800]
Total_loss	: 0.1167
MMD_loss	: 4.7803
Src_reg_loss	: 0.0689
-------------------------------------
[Epoch : 32/800]
Total_loss	: 0.1157
MMD_loss	: 4.7924
Src_reg_loss	: 0.0678
-------------------------------------
[Epoch : 33/800]
Total_loss	: 0.1147
MMD_loss	: 4.8037
Src_reg_loss	: 0.0667
-------------------------------------
[Epoch : 34/800]
Total_loss	: 0.1138
MMD_loss	: 4.8141
Src_reg_loss	: 0.0657
-------------------------------------
[Epoch : 35/800]
Total_loss	: 0.1130
MMD_loss	: 4.8236
Src_reg_loss	: 0.0647
-------------------------------------
[Epoch : 36/800]
Total_loss	: 0.1122
MMD_loss	: 4.8319
Src_reg_loss	: 0.0638
-------------------------------------
[Epoch : 37/800]
Total_loss	: 0.1114
MMD_loss	: 4.8390
Src_reg_loss	: 0.0630
-------------------------------------
[Epoch : 38/800]
Total_loss	: 0.1106
MMD_loss	: 4.8450
Src_reg_loss	: 0.0621
-------------------------------------
[Epoch : 39/800]
Total_loss	: 0.1098
MMD_loss	: 4.8499
Src_reg_loss	: 0.0613
-------------------------------------
[Epoch : 40/800]
Total_loss	: 0.1091
MMD_loss	: 4.8536
Src_reg_loss	: 0.0606
-------------------------------------
[Epoch : 41/800]
Total_loss	: 0.1084
MMD_loss	: 4.8562
Src_reg_loss	: 0.0598
-------------------------------------
[Epoch : 42/800]
Total_loss	: 0.1077
MMD_loss	: 4.8579
Src_reg_loss	: 0.0591
-------------------------------------
[Epoch : 43/800]
Total_loss	: 0.1070
MMD_loss	: 4.8585
Src_reg_loss	: 0.0584
-------------------------------------
[Epoch : 44/800]
Total_loss	: 0.1063
MMD_loss	: 4.8582
Src_reg_loss	: 0.0578
-------------------------------------
[Epoch : 45/800]
Total_loss	: 0.1057
MMD_loss	: 4.8571
Src_reg_loss	: 0.0571
-------------------------------------
[Epoch : 46/800]
Total_loss	: 0.1051
MMD_loss	: 4.8552
Src_reg_loss	: 0.0565
-------------------------------------
[Epoch : 47/800]
Total_loss	: 0.1044
MMD_loss	: 4.8525
Src_reg_loss	: 0.0559
-------------------------------------
[Epoch : 48/800]
Total_loss	: 0.1038
MMD_loss	: 4.8492
Src_reg_loss	: 0.0553
-------------------------------------
[Epoch : 49/800]
Total_loss	: 0.1032
MMD_loss	: 4.8452
Src_reg_loss	: 0.0548
-------------------------------------
[Epoch : 50/800]
Total_loss	: 0.1026
MMD_loss	: 4.8406
Src_reg_loss	: 0.0542
-------------------------------------
[Epoch : 51/800]
Total_loss	: 0.1021
MMD_loss	: 4.8354
Src_reg_loss	: 0.0537
-------------------------------------
[Epoch : 52/800]
Total_loss	: 0.1015
MMD_loss	: 4.8296
Src_reg_loss	: 0.0532
-------------------------------------
[Epoch : 53/800]
Total_loss	: 0.1010
MMD_loss	: 4.8233
Src_reg_loss	: 0.0527
-------------------------------------
[Epoch : 54/800]
Total_loss	: 0.1004
MMD_loss	: 4.8165
Src_reg_loss	: 0.0522
-------------------------------------
[Epoch : 55/800]
Total_loss	: 0.0999
MMD_loss	: 4.8092
Src_reg_loss	: 0.0518
-------------------------------------
[Epoch : 56/800]
Total_loss	: 0.0994
MMD_loss	: 4.8014
Src_reg_loss	: 0.0513
-------------------------------------
[Epoch : 57/800]
Total_loss	: 0.0988
MMD_loss	: 4.7931
Src_reg_loss	: 0.0509
-------------------------------------
[Epoch : 58/800]
Total_loss	: 0.0983
MMD_loss	: 4.7843
Src_reg_loss	: 0.0505
-------------------------------------
[Epoch : 59/800]
Total_loss	: 0.0979
MMD_loss	: 4.7751
Src_reg_loss	: 0.0501
-------------------------------------
[Epoch : 60/800]
Total_loss	: 0.0974
MMD_loss	: 4.7655
Src_reg_loss	: 0.0497
-------------------------------------
[Epoch : 61/800]
Total_loss	: 0.0969
MMD_loss	: 4.7554
Src_reg_loss	: 0.0493
-------------------------------------
[Epoch : 62/800]
Total_loss	: 0.0964
MMD_loss	: 4.7450
Src_reg_loss	: 0.0490
-------------------------------------
[Epoch : 63/800]
Total_loss	: 0.0959
MMD_loss	: 4.7342
Src_reg_loss	: 0.0486
-------------------------------------
[Epoch : 64/800]
Total_loss	: 0.0955
MMD_loss	: 4.7230
Src_reg_loss	: 0.0483
-------------------------------------
[Epoch : 65/800]
Total_loss	: 0.0950
MMD_loss	: 4.7116
Src_reg_loss	: 0.0479
-------------------------------------
[Epoch : 66/800]
Total_loss	: 0.0946
MMD_loss	: 4.6998
Src_reg_loss	: 0.0476
-------------------------------------
[Epoch : 67/800]
Total_loss	: 0.0941
MMD_loss	: 4.6878
Src_reg_loss	: 0.0473
-------------------------------------
[Epoch : 68/800]
Total_loss	: 0.0937
MMD_loss	: 4.6755
Src_reg_loss	: 0.0469
-------------------------------------
[Epoch : 69/800]
Total_loss	: 0.0933
MMD_loss	: 4.6630
Src_reg_loss	: 0.0466
-------------------------------------
[Epoch : 70/800]
Total_loss	: 0.0928
MMD_loss	: 4.6502
Src_reg_loss	: 0.0463
-------------------------------------
[Epoch : 71/800]
Total_loss	: 0.0924
MMD_loss	: 4.6373
Src_reg_loss	: 0.0461
-------------------------------------
[Epoch : 72/800]
Total_loss	: 0.0920
MMD_loss	: 4.6243
Src_reg_loss	: 0.0458
-------------------------------------
[Epoch : 73/800]
Total_loss	: 0.0916
MMD_loss	: 4.6111
Src_reg_loss	: 0.0455
-------------------------------------
[Epoch : 74/800]
Total_loss	: 0.0912
MMD_loss	: 4.5977
Src_reg_loss	: 0.0452
-------------------------------------
[Epoch : 75/800]
Total_loss	: 0.0908
MMD_loss	: 4.5843
Src_reg_loss	: 0.0450
-------------------------------------
[Epoch : 76/800]
Total_loss	: 0.0904
MMD_loss	: 4.5707
Src_reg_loss	: 0.0447
-------------------------------------
[Epoch : 77/800]
Total_loss	: 0.0900
MMD_loss	: 4.5571
Src_reg_loss	: 0.0444
-------------------------------------
[Epoch : 78/800]
Total_loss	: 0.0896
MMD_loss	: 4.5435
Src_reg_loss	: 0.0442
-------------------------------------
[Epoch : 79/800]
Total_loss	: 0.0892
MMD_loss	: 4.5298
Src_reg_loss	: 0.0439
-------------------------------------
[Epoch : 80/800]
Total_loss	: 0.0889
MMD_loss	: 4.5161
Src_reg_loss	: 0.0437
-------------------------------------
[Epoch : 81/800]
Total_loss	: 0.0885
MMD_loss	: 4.5025
Src_reg_loss	: 0.0435
-------------------------------------
[Epoch : 82/800]
Total_loss	: 0.0881
MMD_loss	: 4.4889
Src_reg_loss	: 0.0432
-------------------------------------
[Epoch : 83/800]
Total_loss	: 0.0878
MMD_loss	: 4.4753
Src_reg_loss	: 0.0430
-------------------------------------
[Epoch : 84/800]
Total_loss	: 0.0874
MMD_loss	: 4.4618
Src_reg_loss	: 0.0428
-------------------------------------
[Epoch : 85/800]
Total_loss	: 0.0871
MMD_loss	: 4.4484
Src_reg_loss	: 0.0426
-------------------------------------
[Epoch : 86/800]
Total_loss	: 0.0867
MMD_loss	: 4.4351
Src_reg_loss	: 0.0424
-------------------------------------
[Epoch : 87/800]
Total_loss	: 0.0864
MMD_loss	: 4.4220
Src_reg_loss	: 0.0422
-------------------------------------
[Epoch : 88/800]
Total_loss	: 0.0860
MMD_loss	: 4.4090
Src_reg_loss	: 0.0419
-------------------------------------
[Epoch : 89/800]
Total_loss	: 0.0857
MMD_loss	: 4.3962
Src_reg_loss	: 0.0417
-------------------------------------
[Epoch : 90/800]
Total_loss	: 0.0854
MMD_loss	: 4.3836
Src_reg_loss	: 0.0415
-------------------------------------
[Epoch : 91/800]
Total_loss	: 0.0851
MMD_loss	: 4.3712
Src_reg_loss	: 0.0413
-------------------------------------
[Epoch : 92/800]
Total_loss	: 0.0847
MMD_loss	: 4.3589
Src_reg_loss	: 0.0412
-------------------------------------
[Epoch : 93/800]
Total_loss	: 0.0844
MMD_loss	: 4.3469
Src_reg_loss	: 0.0410
-------------------------------------
[Epoch : 94/800]
Total_loss	: 0.0841
MMD_loss	: 4.3351
Src_reg_loss	: 0.0408
-------------------------------------
[Epoch : 95/800]
Total_loss	: 0.0838
MMD_loss	: 4.3236
Src_reg_loss	: 0.0406
-------------------------------------
[Epoch : 96/800]
Total_loss	: 0.0835
MMD_loss	: 4.3123
Src_reg_loss	: 0.0404
-------------------------------------
[Epoch : 97/800]
Total_loss	: 0.0832
MMD_loss	: 4.3012
Src_reg_loss	: 0.0402
-------------------------------------
[Epoch : 98/800]
Total_loss	: 0.0830
MMD_loss	: 4.2904
Src_reg_loss	: 0.0401
-------------------------------------
[Epoch : 99/800]
Total_loss	: 0.0827
MMD_loss	: 4.2798
Src_reg_loss	: 0.0399
-------------------------------------
[Epoch : 100/800]
Total_loss	: 0.0824
MMD_loss	: 4.2695
Src_reg_loss	: 0.0397
-------------------------------------
[Epoch : 101/800]
Total_loss	: 0.0821
MMD_loss	: 4.2594
Src_reg_loss	: 0.0395
-------------------------------------
[Epoch : 102/800]
Total_loss	: 0.0819
MMD_loss	: 4.2496
Src_reg_loss	: 0.0394
-------------------------------------
[Epoch : 103/800]
Total_loss	: 0.0816
MMD_loss	: 4.2401
Src_reg_loss	: 0.0392
-------------------------------------
[Epoch : 104/800]
Total_loss	: 0.0813
MMD_loss	: 4.2309
Src_reg_loss	: 0.0390
-------------------------------------
[Epoch : 105/800]
Total_loss	: 0.0811
MMD_loss	: 4.2220
Src_reg_loss	: 0.0389
-------------------------------------
[Epoch : 106/800]
Total_loss	: 0.0809
MMD_loss	: 4.2134
Src_reg_loss	: 0.0387
-------------------------------------
[Epoch : 107/800]
Total_loss	: 0.0806
MMD_loss	: 4.2052
Src_reg_loss	: 0.0386
-------------------------------------
[Epoch : 108/800]
Total_loss	: 0.0804
MMD_loss	: 4.1973
Src_reg_loss	: 0.0384
-------------------------------------
[Epoch : 109/800]
Total_loss	: 0.0801
MMD_loss	: 4.1897
Src_reg_loss	: 0.0382
-------------------------------------
[Epoch : 110/800]
Total_loss	: 0.0799
MMD_loss	: 4.1824
Src_reg_loss	: 0.0381
-------------------------------------
[Epoch : 111/800]
Total_loss	: 0.0797
MMD_loss	: 4.1755
Src_reg_loss	: 0.0379
-------------------------------------
[Epoch : 112/800]
Total_loss	: 0.0795
MMD_loss	: 4.1690
Src_reg_loss	: 0.0378
-------------------------------------
[Epoch : 113/800]
Total_loss	: 0.0793
MMD_loss	: 4.1627
Src_reg_loss	: 0.0376
-------------------------------------
[Epoch : 114/800]
Total_loss	: 0.0791
MMD_loss	: 4.1569
Src_reg_loss	: 0.0375
-------------------------------------
[Epoch : 115/800]
Total_loss	: 0.0789
MMD_loss	: 4.1513
Src_reg_loss	: 0.0374
-------------------------------------
[Epoch : 116/800]
Total_loss	: 0.0787
MMD_loss	: 4.1461
Src_reg_loss	: 0.0372
-------------------------------------
[Epoch : 117/800]
Total_loss	: 0.0785
MMD_loss	: 4.1413
Src_reg_loss	: 0.0371
-------------------------------------
[Epoch : 118/800]
Total_loss	: 0.0783
MMD_loss	: 4.1368
Src_reg_loss	: 0.0369
-------------------------------------
[Epoch : 119/800]
Total_loss	: 0.0781
MMD_loss	: 4.1326
Src_reg_loss	: 0.0368
-------------------------------------
[Epoch : 120/800]
Total_loss	: 0.0779
MMD_loss	: 4.1288
Src_reg_loss	: 0.0367
-------------------------------------
[Epoch : 121/800]
Total_loss	: 0.0778
MMD_loss	: 4.1253
Src_reg_loss	: 0.0365
-------------------------------------
[Epoch : 122/800]
Total_loss	: 0.0776
MMD_loss	: 4.1221
Src_reg_loss	: 0.0364
-------------------------------------
[Epoch : 123/800]
Total_loss	: 0.0774
MMD_loss	: 4.1193
Src_reg_loss	: 0.0362
-------------------------------------
[Epoch : 124/800]
Total_loss	: 0.0773
MMD_loss	: 4.1168
Src_reg_loss	: 0.0361
-------------------------------------
[Epoch : 125/800]
Total_loss	: 0.0771
MMD_loss	: 4.1147
Src_reg_loss	: 0.0360
-------------------------------------
[Epoch : 126/800]
Total_loss	: 0.0770
MMD_loss	: 4.1128
Src_reg_loss	: 0.0359
-------------------------------------
[Epoch : 127/800]
Total_loss	: 0.0768
MMD_loss	: 4.1113
Src_reg_loss	: 0.0357
-------------------------------------
[Epoch : 128/800]
Total_loss	: 0.0767
MMD_loss	: 4.1101
Src_reg_loss	: 0.0356
-------------------------------------
[Epoch : 129/800]
Total_loss	: 0.0766
MMD_loss	: 4.1092
Src_reg_loss	: 0.0355
-------------------------------------
[Epoch : 130/800]
Total_loss	: 0.0764
MMD_loss	: 4.1086
Src_reg_loss	: 0.0353
-------------------------------------
[Epoch : 131/800]
Total_loss	: 0.0763
MMD_loss	: 4.1082
Src_reg_loss	: 0.0352
-------------------------------------
[Epoch : 132/800]
Total_loss	: 0.0762
MMD_loss	: 4.1082
Src_reg_loss	: 0.0351
-------------------------------------
[Epoch : 133/800]
Total_loss	: 0.0761
MMD_loss	: 4.1084
Src_reg_loss	: 0.0350
-------------------------------------
[Epoch : 134/800]
Total_loss	: 0.0759
MMD_loss	: 4.1089
Src_reg_loss	: 0.0349
-------------------------------------
[Epoch : 135/800]
Total_loss	: 0.0758
MMD_loss	: 4.1097
Src_reg_loss	: 0.0347
-------------------------------------
[Epoch : 136/800]
Total_loss	: 0.0757
MMD_loss	: 4.1107
Src_reg_loss	: 0.0346
-------------------------------------
[Epoch : 137/800]
Total_loss	: 0.0756
MMD_loss	: 4.1119
Src_reg_loss	: 0.0345
-------------------------------------
[Epoch : 138/800]
Total_loss	: 0.0755
MMD_loss	: 4.1134
Src_reg_loss	: 0.0344
-------------------------------------
[Epoch : 139/800]
Total_loss	: 0.0754
MMD_loss	: 4.1151
Src_reg_loss	: 0.0343
-------------------------------------
[Epoch : 140/800]
Total_loss	: 0.0753
MMD_loss	: 4.1170
Src_reg_loss	: 0.0342
-------------------------------------
[Epoch : 141/800]
Total_loss	: 0.0752
MMD_loss	: 4.1191
Src_reg_loss	: 0.0340
-------------------------------------
[Epoch : 142/800]
Total_loss	: 0.0751
MMD_loss	: 4.1214
Src_reg_loss	: 0.0339
-------------------------------------
[Epoch : 143/800]
Total_loss	: 0.0751
MMD_loss	: 4.1238
Src_reg_loss	: 0.0338
-------------------------------------
[Epoch : 144/800]
Total_loss	: 0.0750
MMD_loss	: 4.1265
Src_reg_loss	: 0.0337
-------------------------------------
[Epoch : 145/800]
Total_loss	: 0.0749
MMD_loss	: 4.1293
Src_reg_loss	: 0.0336
-------------------------------------
[Epoch : 146/800]
Total_loss	: 0.0748
MMD_loss	: 4.1322
Src_reg_loss	: 0.0335
-------------------------------------
[Epoch : 147/800]
Total_loss	: 0.0747
MMD_loss	: 4.1352
Src_reg_loss	: 0.0334
-------------------------------------
[Epoch : 148/800]
Total_loss	: 0.0747
MMD_loss	: 4.1384
Src_reg_loss	: 0.0333
-------------------------------------
[Epoch : 149/800]
Total_loss	: 0.0746
MMD_loss	: 4.1417
Src_reg_loss	: 0.0332
-------------------------------------
[Epoch : 150/800]
Total_loss	: 0.0745
MMD_loss	: 4.1451
Src_reg_loss	: 0.0331
-------------------------------------
[Epoch : 151/800]
Total_loss	: 0.0745
MMD_loss	: 4.1487
Src_reg_loss	: 0.0330
-------------------------------------
[Epoch : 152/800]
Total_loss	: 0.0744
MMD_loss	: 4.1523
Src_reg_loss	: 0.0329
-------------------------------------
[Epoch : 153/800]
Total_loss	: 0.0743
MMD_loss	: 4.1559
Src_reg_loss	: 0.0328
-------------------------------------
[Epoch : 154/800]
Total_loss	: 0.0743
MMD_loss	: 4.1597
Src_reg_loss	: 0.0327
-------------------------------------
[Epoch : 155/800]
Total_loss	: 0.0742
MMD_loss	: 4.1636
Src_reg_loss	: 0.0326
-------------------------------------
[Epoch : 156/800]
Total_loss	: 0.0741
MMD_loss	: 4.1675
Src_reg_loss	: 0.0325
-------------------------------------
[Epoch : 157/800]
Total_loss	: 0.0741
MMD_loss	: 4.1714
Src_reg_loss	: 0.0324
-------------------------------------
[Epoch : 158/800]
Total_loss	: 0.0740
MMD_loss	: 4.1754
Src_reg_loss	: 0.0323
-------------------------------------
[Epoch : 159/800]
Total_loss	: 0.0740
MMD_loss	: 4.1795
Src_reg_loss	: 0.0322
-------------------------------------
[Epoch : 160/800]
Total_loss	: 0.0739
MMD_loss	: 4.1836
Src_reg_loss	: 0.0321
-------------------------------------
[Epoch : 161/800]
Total_loss	: 0.0739
MMD_loss	: 4.1878
Src_reg_loss	: 0.0320
-------------------------------------
[Epoch : 162/800]
Total_loss	: 0.0738
MMD_loss	: 4.1920
Src_reg_loss	: 0.0319
-------------------------------------
[Epoch : 163/800]
Total_loss	: 0.0738
MMD_loss	: 4.1962
Src_reg_loss	: 0.0318
-------------------------------------
[Epoch : 164/800]
Total_loss	: 0.0737
MMD_loss	: 4.2004
Src_reg_loss	: 0.0317
-------------------------------------
[Epoch : 165/800]
Total_loss	: 0.0737
MMD_loss	: 4.2047
Src_reg_loss	: 0.0316
-------------------------------------
[Epoch : 166/800]
Total_loss	: 0.0736
MMD_loss	: 4.2090
Src_reg_loss	: 0.0315
-------------------------------------
[Epoch : 167/800]
Total_loss	: 0.0736
MMD_loss	: 4.2133
Src_reg_loss	: 0.0315
-------------------------------------
[Epoch : 168/800]
Total_loss	: 0.0735
MMD_loss	: 4.2176
Src_reg_loss	: 0.0314
-------------------------------------
[Epoch : 169/800]
Total_loss	: 0.0735
MMD_loss	: 4.2219
Src_reg_loss	: 0.0313
-------------------------------------
[Epoch : 170/800]
Total_loss	: 0.0735
MMD_loss	: 4.2263
Src_reg_loss	: 0.0312
-------------------------------------
[Epoch : 171/800]
Total_loss	: 0.0734
MMD_loss	: 4.2306
Src_reg_loss	: 0.0311
-------------------------------------
[Epoch : 172/800]
Total_loss	: 0.0734
MMD_loss	: 4.2349
Src_reg_loss	: 0.0310
-------------------------------------
[Epoch : 173/800]
Total_loss	: 0.0733
MMD_loss	: 4.2392
Src_reg_loss	: 0.0309
-------------------------------------
[Epoch : 174/800]
Total_loss	: 0.0733
MMD_loss	: 4.2435
Src_reg_loss	: 0.0309
-------------------------------------
[Epoch : 175/800]
Total_loss	: 0.0733
MMD_loss	: 4.2478
Src_reg_loss	: 0.0308
-------------------------------------
[Epoch : 176/800]
Total_loss	: 0.0732
MMD_loss	: 4.2521
Src_reg_loss	: 0.0307
-------------------------------------
[Epoch : 177/800]
Total_loss	: 0.0732
MMD_loss	: 4.2564
Src_reg_loss	: 0.0306
-------------------------------------
[Epoch : 178/800]
Total_loss	: 0.0731
MMD_loss	: 4.2607
Src_reg_loss	: 0.0305
-------------------------------------
[Epoch : 179/800]
Total_loss	: 0.0731
MMD_loss	: 4.2650
Src_reg_loss	: 0.0304
-------------------------------------
[Epoch : 180/800]
Total_loss	: 0.0731
MMD_loss	: 4.2692
Src_reg_loss	: 0.0304
-------------------------------------
[Epoch : 181/800]
Total_loss	: 0.0730
MMD_loss	: 4.2735
Src_reg_loss	: 0.0303
-------------------------------------
[Epoch : 182/800]
Total_loss	: 0.0730
MMD_loss	: 4.2777
Src_reg_loss	: 0.0302
-------------------------------------
[Epoch : 183/800]
Total_loss	: 0.0730
MMD_loss	: 4.2819
Src_reg_loss	: 0.0301
-------------------------------------
[Epoch : 184/800]
Total_loss	: 0.0729
MMD_loss	: 4.2861
Src_reg_loss	: 0.0301
-------------------------------------
[Epoch : 185/800]
Total_loss	: 0.0729
MMD_loss	: 4.2902
Src_reg_loss	: 0.0300
-------------------------------------
[Epoch : 186/800]
Total_loss	: 0.0729
MMD_loss	: 4.2944
Src_reg_loss	: 0.0299
-------------------------------------
[Epoch : 187/800]
Total_loss	: 0.0728
MMD_loss	: 4.2985
Src_reg_loss	: 0.0298
-------------------------------------
[Epoch : 188/800]
Total_loss	: 0.0728
MMD_loss	: 4.3026
Src_reg_loss	: 0.0298
-------------------------------------
[Epoch : 189/800]
Total_loss	: 0.0728
MMD_loss	: 4.3067
Src_reg_loss	: 0.0297
-------------------------------------
[Epoch : 190/800]
Total_loss	: 0.0727
MMD_loss	: 4.3107
Src_reg_loss	: 0.0296
-------------------------------------
[Epoch : 191/800]
Total_loss	: 0.0727
MMD_loss	: 4.3148
Src_reg_loss	: 0.0295
-------------------------------------
[Epoch : 192/800]
Total_loss	: 0.0727
MMD_loss	: 4.3187
Src_reg_loss	: 0.0295
-------------------------------------
[Epoch : 193/800]
Total_loss	: 0.0726
MMD_loss	: 4.3227
Src_reg_loss	: 0.0294
-------------------------------------
[Epoch : 194/800]
Total_loss	: 0.0726
MMD_loss	: 4.3267
Src_reg_loss	: 0.0293
-------------------------------------
[Epoch : 195/800]
Total_loss	: 0.0726
MMD_loss	: 4.3306
Src_reg_loss	: 0.0293
-------------------------------------
[Epoch : 196/800]
Total_loss	: 0.0725
MMD_loss	: 4.3344
Src_reg_loss	: 0.0292
-------------------------------------
[Epoch : 197/800]
Total_loss	: 0.0725
MMD_loss	: 4.3383
Src_reg_loss	: 0.0291
-------------------------------------
[Epoch : 198/800]
Total_loss	: 0.0725
MMD_loss	: 4.3421
Src_reg_loss	: 0.0290
-------------------------------------
[Epoch : 199/800]
Total_loss	: 0.0724
MMD_loss	: 4.3459
Src_reg_loss	: 0.0290
-------------------------------------
[Epoch : 200/800]
Total_loss	: 0.0724
MMD_loss	: 4.3497
Src_reg_loss	: 0.0289
-------------------------------------
[Epoch : 201/800]
Total_loss	: 0.0724
MMD_loss	: 4.3534
Src_reg_loss	: 0.0288
-------------------------------------
[Epoch : 202/800]
Total_loss	: 0.0723
MMD_loss	: 4.3571
Src_reg_loss	: 0.0288
-------------------------------------
[Epoch : 203/800]
Total_loss	: 0.0723
MMD_loss	: 4.3608
Src_reg_loss	: 0.0287
-------------------------------------
[Epoch : 204/800]
Total_loss	: 0.0723
MMD_loss	: 4.3644
Src_reg_loss	: 0.0286
-------------------------------------
[Epoch : 205/800]
Total_loss	: 0.0723
MMD_loss	: 4.3680
Src_reg_loss	: 0.0286
-------------------------------------
[Epoch : 206/800]
Total_loss	: 0.0722
MMD_loss	: 4.3716
Src_reg_loss	: 0.0285
-------------------------------------
[Epoch : 207/800]
Total_loss	: 0.0722
MMD_loss	: 4.3751
Src_reg_loss	: 0.0284
-------------------------------------
[Epoch : 208/800]
Total_loss	: 0.0722
MMD_loss	: 4.3786
Src_reg_loss	: 0.0284
-------------------------------------
[Epoch : 209/800]
Total_loss	: 0.0721
MMD_loss	: 4.3820
Src_reg_loss	: 0.0283
-------------------------------------
[Epoch : 210/800]
Total_loss	: 0.0721
MMD_loss	: 4.3854
Src_reg_loss	: 0.0283
-------------------------------------
[Epoch : 211/800]
Total_loss	: 0.0721
MMD_loss	: 4.3888
Src_reg_loss	: 0.0282
-------------------------------------
[Epoch : 212/800]
Total_loss	: 0.0721
MMD_loss	: 4.3922
Src_reg_loss	: 0.0281
-------------------------------------
[Epoch : 213/800]
Total_loss	: 0.0720
MMD_loss	: 4.3955
Src_reg_loss	: 0.0281
-------------------------------------
[Epoch : 214/800]
Total_loss	: 0.0720
MMD_loss	: 4.3988
Src_reg_loss	: 0.0280
-------------------------------------
[Epoch : 215/800]
Total_loss	: 0.0720
MMD_loss	: 4.4020
Src_reg_loss	: 0.0279
-------------------------------------
[Epoch : 216/800]
Total_loss	: 0.0719
MMD_loss	: 4.4052
Src_reg_loss	: 0.0279
-------------------------------------
[Epoch : 217/800]
Total_loss	: 0.0719
MMD_loss	: 4.4083
Src_reg_loss	: 0.0278
-------------------------------------
[Epoch : 218/800]
Total_loss	: 0.0719
MMD_loss	: 4.4115
Src_reg_loss	: 0.0278
-------------------------------------
[Epoch : 219/800]
Total_loss	: 0.0718
MMD_loss	: 4.4145
Src_reg_loss	: 0.0277
-------------------------------------
[Epoch : 220/800]
Total_loss	: 0.0718
MMD_loss	: 4.4176
Src_reg_loss	: 0.0276
-------------------------------------
[Epoch : 221/800]
Total_loss	: 0.0718
MMD_loss	: 4.4206
Src_reg_loss	: 0.0276
-------------------------------------
[Epoch : 222/800]
Total_loss	: 0.0718
MMD_loss	: 4.4235
Src_reg_loss	: 0.0275
-------------------------------------
[Epoch : 223/800]
Total_loss	: 0.0717
MMD_loss	: 4.4264
Src_reg_loss	: 0.0275
-------------------------------------
[Epoch : 224/800]
Total_loss	: 0.0717
MMD_loss	: 4.4293
Src_reg_loss	: 0.0274
-------------------------------------
[Epoch : 225/800]
Total_loss	: 0.0717
MMD_loss	: 4.4322
Src_reg_loss	: 0.0274
-------------------------------------
[Epoch : 226/800]
Total_loss	: 0.0716
MMD_loss	: 4.4350
Src_reg_loss	: 0.0273
-------------------------------------
[Epoch : 227/800]
Total_loss	: 0.0716
MMD_loss	: 4.4377
Src_reg_loss	: 0.0272
-------------------------------------
[Epoch : 228/800]
Total_loss	: 0.0716
MMD_loss	: 4.4404
Src_reg_loss	: 0.0272
-------------------------------------
[Epoch : 229/800]
Total_loss	: 0.0716
MMD_loss	: 4.4431
Src_reg_loss	: 0.0271
-------------------------------------
[Epoch : 230/800]
Total_loss	: 0.0715
MMD_loss	: 4.4457
Src_reg_loss	: 0.0271
-------------------------------------
[Epoch : 231/800]
Total_loss	: 0.0715
MMD_loss	: 4.4483
Src_reg_loss	: 0.0270
-------------------------------------
[Epoch : 232/800]
Total_loss	: 0.0715
MMD_loss	: 4.4508
Src_reg_loss	: 0.0270
-------------------------------------
[Epoch : 233/800]
Total_loss	: 0.0714
MMD_loss	: 4.4533
Src_reg_loss	: 0.0269
-------------------------------------
[Epoch : 234/800]
Total_loss	: 0.0714
MMD_loss	: 4.4557
Src_reg_loss	: 0.0268
-------------------------------------
[Epoch : 235/800]
Total_loss	: 0.0714
MMD_loss	: 4.4581
Src_reg_loss	: 0.0268
-------------------------------------
[Epoch : 236/800]
Total_loss	: 0.0713
MMD_loss	: 4.4605
Src_reg_loss	: 0.0267
-------------------------------------
[Epoch : 237/800]
Total_loss	: 0.0713
MMD_loss	: 4.4628
Src_reg_loss	: 0.0267
-------------------------------------
[Epoch : 238/800]
Total_loss	: 0.0713
MMD_loss	: 4.4651
Src_reg_loss	: 0.0266
-------------------------------------
[Epoch : 239/800]
Total_loss	: 0.0713
MMD_loss	: 4.4673
Src_reg_loss	: 0.0266
-------------------------------------
[Epoch : 240/800]
Total_loss	: 0.0712
MMD_loss	: 4.4695
Src_reg_loss	: 0.0265
-------------------------------------
[Epoch : 241/800]
Total_loss	: 0.0712
MMD_loss	: 4.4716
Src_reg_loss	: 0.0265
-------------------------------------
[Epoch : 242/800]
Total_loss	: 0.0712
MMD_loss	: 4.4737
Src_reg_loss	: 0.0264
-------------------------------------
[Epoch : 243/800]
Total_loss	: 0.0711
MMD_loss	: 4.4757
Src_reg_loss	: 0.0264
-------------------------------------
[Epoch : 244/800]
Total_loss	: 0.0711
MMD_loss	: 4.4777
Src_reg_loss	: 0.0263
-------------------------------------
[Epoch : 245/800]
Total_loss	: 0.0711
MMD_loss	: 4.4796
Src_reg_loss	: 0.0263
-------------------------------------
[Epoch : 246/800]
Total_loss	: 0.0710
MMD_loss	: 4.4815
Src_reg_loss	: 0.0262
-------------------------------------
[Epoch : 247/800]
Total_loss	: 0.0710
MMD_loss	: 4.4834
Src_reg_loss	: 0.0262
-------------------------------------
[Epoch : 248/800]
Total_loss	: 0.0710
MMD_loss	: 4.4852
Src_reg_loss	: 0.0261
-------------------------------------
[Epoch : 249/800]
Total_loss	: 0.0709
MMD_loss	: 4.4869
Src_reg_loss	: 0.0261
-------------------------------------
[Epoch : 250/800]
Total_loss	: 0.0709
MMD_loss	: 4.4886
Src_reg_loss	: 0.0260
-------------------------------------
[Epoch : 251/800]
Total_loss	: 0.0709
MMD_loss	: 4.4903
Src_reg_loss	: 0.0260
-------------------------------------
[Epoch : 252/800]
Total_loss	: 0.0708
MMD_loss	: 4.4919
Src_reg_loss	: 0.0259
-------------------------------------
[Epoch : 253/800]
Total_loss	: 0.0708
MMD_loss	: 4.4935
Src_reg_loss	: 0.0259
-------------------------------------
[Epoch : 254/800]
Total_loss	: 0.0708
MMD_loss	: 4.4950
Src_reg_loss	: 0.0258
-------------------------------------
[Epoch : 255/800]
Total_loss	: 0.0707
MMD_loss	: 4.4965
Src_reg_loss	: 0.0258
-------------------------------------
[Epoch : 256/800]
Total_loss	: 0.0707
MMD_loss	: 4.4979
Src_reg_loss	: 0.0257
-------------------------------------
[Epoch : 257/800]
Total_loss	: 0.0707
MMD_loss	: 4.4993
Src_reg_loss	: 0.0257
-------------------------------------
[Epoch : 258/800]
Total_loss	: 0.0706
MMD_loss	: 4.5006
Src_reg_loss	: 0.0256
-------------------------------------
[Epoch : 259/800]
Total_loss	: 0.0706
MMD_loss	: 4.5019
Src_reg_loss	: 0.0256
-------------------------------------
[Epoch : 260/800]
Total_loss	: 0.0706
MMD_loss	: 4.5031
Src_reg_loss	: 0.0255
-------------------------------------
[Epoch : 261/800]
Total_loss	: 0.0705
MMD_loss	: 4.5043
Src_reg_loss	: 0.0255
-------------------------------------
[Epoch : 262/800]
Total_loss	: 0.0705
MMD_loss	: 4.5054
Src_reg_loss	: 0.0254
-------------------------------------
[Epoch : 263/800]
Total_loss	: 0.0705
MMD_loss	: 4.5065
Src_reg_loss	: 0.0254
-------------------------------------
[Epoch : 264/800]
Total_loss	: 0.0704
MMD_loss	: 4.5075
Src_reg_loss	: 0.0253
-------------------------------------
[Epoch : 265/800]
Total_loss	: 0.0704
MMD_loss	: 4.5085
Src_reg_loss	: 0.0253
-------------------------------------
[Epoch : 266/800]
Total_loss	: 0.0703
MMD_loss	: 4.5095
Src_reg_loss	: 0.0253
-------------------------------------
[Epoch : 267/800]
Total_loss	: 0.0703
MMD_loss	: 4.5103
Src_reg_loss	: 0.0252
-------------------------------------
[Epoch : 268/800]
Total_loss	: 0.0703
MMD_loss	: 4.5112
Src_reg_loss	: 0.0252
-------------------------------------
[Epoch : 269/800]
Total_loss	: 0.0702
MMD_loss	: 4.5120
Src_reg_loss	: 0.0251
-------------------------------------
[Epoch : 270/800]
Total_loss	: 0.0702
MMD_loss	: 4.5127
Src_reg_loss	: 0.0251
-------------------------------------
[Epoch : 271/800]
Total_loss	: 0.0702
MMD_loss	: 4.5134
Src_reg_loss	: 0.0250
-------------------------------------
[Epoch : 272/800]
Total_loss	: 0.0701
MMD_loss	: 4.5140
Src_reg_loss	: 0.0250
-------------------------------------
[Epoch : 273/800]
Total_loss	: 0.0701
MMD_loss	: 4.5146
Src_reg_loss	: 0.0249
-------------------------------------
[Epoch : 274/800]
Total_loss	: 0.0700
MMD_loss	: 4.5151
Src_reg_loss	: 0.0249
-------------------------------------
[Epoch : 275/800]
Total_loss	: 0.0700
MMD_loss	: 4.5156
Src_reg_loss	: 0.0248
-------------------------------------
[Epoch : 276/800]
Total_loss	: 0.0700
MMD_loss	: 4.5161
Src_reg_loss	: 0.0248
-------------------------------------
[Epoch : 277/800]
Total_loss	: 0.0699
MMD_loss	: 4.5164
Src_reg_loss	: 0.0248
-------------------------------------
[Epoch : 278/800]
Total_loss	: 0.0699
MMD_loss	: 4.5168
Src_reg_loss	: 0.0247
-------------------------------------
[Epoch : 279/800]
Total_loss	: 0.0698
MMD_loss	: 4.5171
Src_reg_loss	: 0.0247
-------------------------------------
[Epoch : 280/800]
Total_loss	: 0.0698
MMD_loss	: 4.5173
Src_reg_loss	: 0.0246
-------------------------------------
[Epoch : 281/800]
Total_loss	: 0.0698
MMD_loss	: 4.5175
Src_reg_loss	: 0.0246
-------------------------------------
[Epoch : 282/800]
Total_loss	: 0.0697
MMD_loss	: 4.5176
Src_reg_loss	: 0.0245
-------------------------------------
[Epoch : 283/800]
Total_loss	: 0.0697
MMD_loss	: 4.5177
Src_reg_loss	: 0.0245
-------------------------------------
[Epoch : 284/800]
Total_loss	: 0.0696
MMD_loss	: 4.5177
Src_reg_loss	: 0.0245
-------------------------------------
[Epoch : 285/800]
Total_loss	: 0.0696
MMD_loss	: 4.5177
Src_reg_loss	: 0.0244
-------------------------------------
[Epoch : 286/800]
Total_loss	: 0.0695
MMD_loss	: 4.5176
Src_reg_loss	: 0.0244
-------------------------------------
[Epoch : 287/800]
Total_loss	: 0.0695
MMD_loss	: 4.5175
Src_reg_loss	: 0.0243
-------------------------------------
[Epoch : 288/800]
Total_loss	: 0.0695
MMD_loss	: 4.5173
Src_reg_loss	: 0.0243
-------------------------------------
[Epoch : 289/800]
Total_loss	: 0.0694
MMD_loss	: 4.5171
Src_reg_loss	: 0.0242
-------------------------------------
[Epoch : 290/800]
Total_loss	: 0.0694
MMD_loss	: 4.5168
Src_reg_loss	: 0.0242
-------------------------------------
[Epoch : 291/800]
Total_loss	: 0.0693
MMD_loss	: 4.5165
Src_reg_loss	: 0.0242
-------------------------------------
[Epoch : 292/800]
Total_loss	: 0.0693
MMD_loss	: 4.5162
Src_reg_loss	: 0.0241
-------------------------------------
[Epoch : 293/800]
Total_loss	: 0.0692
MMD_loss	: 4.5157
Src_reg_loss	: 0.0241
-------------------------------------
[Epoch : 294/800]
Total_loss	: 0.0692
MMD_loss	: 4.5153
Src_reg_loss	: 0.0240
-------------------------------------
[Epoch : 295/800]
Total_loss	: 0.0692
MMD_loss	: 4.5148
Src_reg_loss	: 0.0240
-------------------------------------
[Epoch : 296/800]
Total_loss	: 0.0691
MMD_loss	: 4.5142
Src_reg_loss	: 0.0240
-------------------------------------
[Epoch : 297/800]
Total_loss	: 0.0691
MMD_loss	: 4.5136
Src_reg_loss	: 0.0239
-------------------------------------
[Epoch : 298/800]
Total_loss	: 0.0690
MMD_loss	: 4.5129
Src_reg_loss	: 0.0239
-------------------------------------
[Epoch : 299/800]
Total_loss	: 0.0690
MMD_loss	: 4.5122
Src_reg_loss	: 0.0238
-------------------------------------
[Epoch : 300/800]
Total_loss	: 0.0689
MMD_loss	: 4.5115
Src_reg_loss	: 0.0238
-------------------------------------
[Epoch : 301/800]
Total_loss	: 0.0689
MMD_loss	: 4.5107
Src_reg_loss	: 0.0238
-------------------------------------
[Epoch : 302/800]
Total_loss	: 0.0688
MMD_loss	: 4.5098
Src_reg_loss	: 0.0237
-------------------------------------
[Epoch : 303/800]
Total_loss	: 0.0688
MMD_loss	: 4.5089
Src_reg_loss	: 0.0237
-------------------------------------
[Epoch : 304/800]
Total_loss	: 0.0687
MMD_loss	: 4.5080
Src_reg_loss	: 0.0236
-------------------------------------
[Epoch : 305/800]
Total_loss	: 0.0687
MMD_loss	: 4.5070
Src_reg_loss	: 0.0236
-------------------------------------
[Epoch : 306/800]
Total_loss	: 0.0686
MMD_loss	: 4.5060
Src_reg_loss	: 0.0236
-------------------------------------
[Epoch : 307/800]
Total_loss	: 0.0686
MMD_loss	: 4.5049
Src_reg_loss	: 0.0235
-------------------------------------
[Epoch : 308/800]
Total_loss	: 0.0685
MMD_loss	: 4.5038
Src_reg_loss	: 0.0235
-------------------------------------
[Epoch : 309/800]
Total_loss	: 0.0685
MMD_loss	: 4.5026
Src_reg_loss	: 0.0235
-------------------------------------
[Epoch : 310/800]
Total_loss	: 0.0684
MMD_loss	: 4.5014
Src_reg_loss	: 0.0234
-------------------------------------
[Epoch : 311/800]
Total_loss	: 0.0684
MMD_loss	: 4.5001
Src_reg_loss	: 0.0234
-------------------------------------
[Epoch : 312/800]
Total_loss	: 0.0683
MMD_loss	: 4.4988
Src_reg_loss	: 0.0233
-------------------------------------
[Epoch : 313/800]
Total_loss	: 0.0683
MMD_loss	: 4.4975
Src_reg_loss	: 0.0233
-------------------------------------
[Epoch : 314/800]
Total_loss	: 0.0682
MMD_loss	: 4.4961
Src_reg_loss	: 0.0233
-------------------------------------
[Epoch : 315/800]
Total_loss	: 0.0682
MMD_loss	: 4.4946
Src_reg_loss	: 0.0232
-------------------------------------
[Epoch : 316/800]
Total_loss	: 0.0681
MMD_loss	: 4.4932
Src_reg_loss	: 0.0232
-------------------------------------
[Epoch : 317/800]
Total_loss	: 0.0681
MMD_loss	: 4.4916
Src_reg_loss	: 0.0232
-------------------------------------
[Epoch : 318/800]
Total_loss	: 0.0680
MMD_loss	: 4.4901
Src_reg_loss	: 0.0231
-------------------------------------
[Epoch : 319/800]
Total_loss	: 0.0680
MMD_loss	: 4.4885
Src_reg_loss	: 0.0231
-------------------------------------
[Epoch : 320/800]
Total_loss	: 0.0679
MMD_loss	: 4.4868
Src_reg_loss	: 0.0231
-------------------------------------
[Epoch : 321/800]
Total_loss	: 0.0679
MMD_loss	: 4.4851
Src_reg_loss	: 0.0230
-------------------------------------
[Epoch : 322/800]
Total_loss	: 0.0678
MMD_loss	: 4.4834
Src_reg_loss	: 0.0230
-------------------------------------
[Epoch : 323/800]
Total_loss	: 0.0678
MMD_loss	: 4.4816
Src_reg_loss	: 0.0229
-------------------------------------
[Epoch : 324/800]
Total_loss	: 0.0677
MMD_loss	: 4.4798
Src_reg_loss	: 0.0229
-------------------------------------
[Epoch : 325/800]
Total_loss	: 0.0677
MMD_loss	: 4.4780
Src_reg_loss	: 0.0229
-------------------------------------
[Epoch : 326/800]
Total_loss	: 0.0676
MMD_loss	: 4.4761
Src_reg_loss	: 0.0228
-------------------------------------
[Epoch : 327/800]
Total_loss	: 0.0675
MMD_loss	: 4.4741
Src_reg_loss	: 0.0228
-------------------------------------
[Epoch : 328/800]
Total_loss	: 0.0675
MMD_loss	: 4.4722
Src_reg_loss	: 0.0228
-------------------------------------
[Epoch : 329/800]
Total_loss	: 0.0674
MMD_loss	: 4.4702
Src_reg_loss	: 0.0227
-------------------------------------
[Epoch : 330/800]
Total_loss	: 0.0674
MMD_loss	: 4.4681
Src_reg_loss	: 0.0227
-------------------------------------
[Epoch : 331/800]
Total_loss	: 0.0673
MMD_loss	: 4.4660
Src_reg_loss	: 0.0227
-------------------------------------
[Epoch : 332/800]
Total_loss	: 0.0673
MMD_loss	: 4.4639
Src_reg_loss	: 0.0226
-------------------------------------
[Epoch : 333/800]
Total_loss	: 0.0672
MMD_loss	: 4.4618
Src_reg_loss	: 0.0226
-------------------------------------
[Epoch : 334/800]
Total_loss	: 0.0672
MMD_loss	: 4.4596
Src_reg_loss	: 0.0226
-------------------------------------
[Epoch : 335/800]
Total_loss	: 0.0671
MMD_loss	: 4.4574
Src_reg_loss	: 0.0225
-------------------------------------
[Epoch : 336/800]
Total_loss	: 0.0670
MMD_loss	: 4.4551
Src_reg_loss	: 0.0225
-------------------------------------
[Epoch : 337/800]
Total_loss	: 0.0670
MMD_loss	: 4.4528
Src_reg_loss	: 0.0225
-------------------------------------
[Epoch : 338/800]
Total_loss	: 0.0669
MMD_loss	: 4.4505
Src_reg_loss	: 0.0224
-------------------------------------
[Epoch : 339/800]
Total_loss	: 0.0669
MMD_loss	: 4.4481
Src_reg_loss	: 0.0224
-------------------------------------
[Epoch : 340/800]
Total_loss	: 0.0668
MMD_loss	: 4.4458
Src_reg_loss	: 0.0224
-------------------------------------
[Epoch : 341/800]
Total_loss	: 0.0668
MMD_loss	: 4.4433
Src_reg_loss	: 0.0223
-------------------------------------
[Epoch : 342/800]
Total_loss	: 0.0667
MMD_loss	: 4.4409
Src_reg_loss	: 0.0223
-------------------------------------
[Epoch : 343/800]
Total_loss	: 0.0666
MMD_loss	: 4.4384
Src_reg_loss	: 0.0223
-------------------------------------
[Epoch : 344/800]
Total_loss	: 0.0666
MMD_loss	: 4.4359
Src_reg_loss	: 0.0222
-------------------------------------
[Epoch : 345/800]
Total_loss	: 0.0665
MMD_loss	: 4.4333
Src_reg_loss	: 0.0222
-------------------------------------
[Epoch : 346/800]
Total_loss	: 0.0665
MMD_loss	: 4.4308
Src_reg_loss	: 0.0222
-------------------------------------
[Epoch : 347/800]
Total_loss	: 0.0664
MMD_loss	: 4.4282
Src_reg_loss	: 0.0221
-------------------------------------
[Epoch : 348/800]
Total_loss	: 0.0664
MMD_loss	: 4.4255
Src_reg_loss	: 0.0221
-------------------------------------
[Epoch : 349/800]
Total_loss	: 0.0663
MMD_loss	: 4.4229
Src_reg_loss	: 0.0221
-------------------------------------
[Epoch : 350/800]
Total_loss	: 0.0662
MMD_loss	: 4.4202
Src_reg_loss	: 0.0220
-------------------------------------
[Epoch : 351/800]
Total_loss	: 0.0662
MMD_loss	: 4.4175
Src_reg_loss	: 0.0220
-------------------------------------
[Epoch : 352/800]
Total_loss	: 0.0661
MMD_loss	: 4.4147
Src_reg_loss	: 0.0220
-------------------------------------
[Epoch : 353/800]
Total_loss	: 0.0661
MMD_loss	: 4.4120
Src_reg_loss	: 0.0219
-------------------------------------
[Epoch : 354/800]
Total_loss	: 0.0660
MMD_loss	: 4.4092
Src_reg_loss	: 0.0219
-------------------------------------
[Epoch : 355/800]
Total_loss	: 0.0659
MMD_loss	: 4.4064
Src_reg_loss	: 0.0219
-------------------------------------
[Epoch : 356/800]
Total_loss	: 0.0659
MMD_loss	: 4.4035
Src_reg_loss	: 0.0218
-------------------------------------
[Epoch : 357/800]
Total_loss	: 0.0658
MMD_loss	: 4.4007
Src_reg_loss	: 0.0218
-------------------------------------
[Epoch : 358/800]
Total_loss	: 0.0658
MMD_loss	: 4.3978
Src_reg_loss	: 0.0218
-------------------------------------
[Epoch : 359/800]
Total_loss	: 0.0657
MMD_loss	: 4.3949
Src_reg_loss	: 0.0217
-------------------------------------
[Epoch : 360/800]
Total_loss	: 0.0656
MMD_loss	: 4.3920
Src_reg_loss	: 0.0217
-------------------------------------
[Epoch : 361/800]
Total_loss	: 0.0656
MMD_loss	: 4.3890
Src_reg_loss	: 0.0217
-------------------------------------
[Epoch : 362/800]
Total_loss	: 0.0655
MMD_loss	: 4.3860
Src_reg_loss	: 0.0217
-------------------------------------
[Epoch : 363/800]
Total_loss	: 0.0655
MMD_loss	: 4.3831
Src_reg_loss	: 0.0216
-------------------------------------
[Epoch : 364/800]
Total_loss	: 0.0654
MMD_loss	: 4.3800
Src_reg_loss	: 0.0216
-------------------------------------
[Epoch : 365/800]
Total_loss	: 0.0653
MMD_loss	: 4.3770
Src_reg_loss	: 0.0216
-------------------------------------
[Epoch : 366/800]
Total_loss	: 0.0653
MMD_loss	: 4.3740
Src_reg_loss	: 0.0215
-------------------------------------
[Epoch : 367/800]
Total_loss	: 0.0652
MMD_loss	: 4.3709
Src_reg_loss	: 0.0215
-------------------------------------
[Epoch : 368/800]
Total_loss	: 0.0652
MMD_loss	: 4.3678
Src_reg_loss	: 0.0215
-------------------------------------
[Epoch : 369/800]
Total_loss	: 0.0651
MMD_loss	: 4.3647
Src_reg_loss	: 0.0214
-------------------------------------
[Epoch : 370/800]
Total_loss	: 0.0650
MMD_loss	: 4.3616
Src_reg_loss	: 0.0214
-------------------------------------
[Epoch : 371/800]
Total_loss	: 0.0650
MMD_loss	: 4.3585
Src_reg_loss	: 0.0214
-------------------------------------
[Epoch : 372/800]
Total_loss	: 0.0649
MMD_loss	: 4.3553
Src_reg_loss	: 0.0214
-------------------------------------
[Epoch : 373/800]
Total_loss	: 0.0648
MMD_loss	: 4.3522
Src_reg_loss	: 0.0213
-------------------------------------
[Epoch : 374/800]
Total_loss	: 0.0648
MMD_loss	: 4.3490
Src_reg_loss	: 0.0213
-------------------------------------
[Epoch : 375/800]
Total_loss	: 0.0647
MMD_loss	: 4.3458
Src_reg_loss	: 0.0213
-------------------------------------
[Epoch : 376/800]
Total_loss	: 0.0647
MMD_loss	: 4.3426
Src_reg_loss	: 0.0212
-------------------------------------
[Epoch : 377/800]
Total_loss	: 0.0646
MMD_loss	: 4.3394
Src_reg_loss	: 0.0212
-------------------------------------
[Epoch : 378/800]
Total_loss	: 0.0645
MMD_loss	: 4.3361
Src_reg_loss	: 0.0212
-------------------------------------
[Epoch : 379/800]
Total_loss	: 0.0645
MMD_loss	: 4.3329
Src_reg_loss	: 0.0212
-------------------------------------
[Epoch : 380/800]
Total_loss	: 0.0644
MMD_loss	: 4.3296
Src_reg_loss	: 0.0211
-------------------------------------
[Epoch : 381/800]
Total_loss	: 0.0644
MMD_loss	: 4.3264
Src_reg_loss	: 0.0211
-------------------------------------
[Epoch : 382/800]
Total_loss	: 0.0643
MMD_loss	: 4.3231
Src_reg_loss	: 0.0211
-------------------------------------
[Epoch : 383/800]
Total_loss	: 0.0642
MMD_loss	: 4.3198
Src_reg_loss	: 0.0210
-------------------------------------
[Epoch : 384/800]
Total_loss	: 0.0642
MMD_loss	: 4.3165
Src_reg_loss	: 0.0210
-------------------------------------
[Epoch : 385/800]
Total_loss	: 0.0641
MMD_loss	: 4.3132
Src_reg_loss	: 0.0210
-------------------------------------
[Epoch : 386/800]
Total_loss	: 0.0641
MMD_loss	: 4.3098
Src_reg_loss	: 0.0210
-------------------------------------
[Epoch : 387/800]
Total_loss	: 0.0640
MMD_loss	: 4.3065
Src_reg_loss	: 0.0209
-------------------------------------
[Epoch : 388/800]
Total_loss	: 0.0639
MMD_loss	: 4.3032
Src_reg_loss	: 0.0209
-------------------------------------
[Epoch : 389/800]
Total_loss	: 0.0639
MMD_loss	: 4.2998
Src_reg_loss	: 0.0209
-------------------------------------
[Epoch : 390/800]
Total_loss	: 0.0638
MMD_loss	: 4.2964
Src_reg_loss	: 0.0208
-------------------------------------
[Epoch : 391/800]
Total_loss	: 0.0638
MMD_loss	: 4.2931
Src_reg_loss	: 0.0208
-------------------------------------
[Epoch : 392/800]
Total_loss	: 0.0637
MMD_loss	: 4.2897
Src_reg_loss	: 0.0208
-------------------------------------
[Epoch : 393/800]
Total_loss	: 0.0636
MMD_loss	: 4.2863
Src_reg_loss	: 0.0208
-------------------------------------
[Epoch : 394/800]
Total_loss	: 0.0636
MMD_loss	: 4.2829
Src_reg_loss	: 0.0207
-------------------------------------
[Epoch : 395/800]
Total_loss	: 0.0635
MMD_loss	: 4.2796
Src_reg_loss	: 0.0207
-------------------------------------
[Epoch : 396/800]
Total_loss	: 0.0634
MMD_loss	: 4.2762
Src_reg_loss	: 0.0207
-------------------------------------
[Epoch : 397/800]
Total_loss	: 0.0634
MMD_loss	: 4.2728
Src_reg_loss	: 0.0207
-------------------------------------
[Epoch : 398/800]
Total_loss	: 0.0633
MMD_loss	: 4.2694
Src_reg_loss	: 0.0206
-------------------------------------
[Epoch : 399/800]
Total_loss	: 0.0633
MMD_loss	: 4.2660
Src_reg_loss	: 0.0206
-------------------------------------
[Epoch : 400/800]
Total_loss	: 0.0632
MMD_loss	: 4.2626
Src_reg_loss	: 0.0206
-------------------------------------
[Epoch : 401/800]
Total_loss	: 0.0631
MMD_loss	: 4.2591
Src_reg_loss	: 0.0206
-------------------------------------
[Epoch : 402/800]
Total_loss	: 0.0631
MMD_loss	: 4.2557
Src_reg_loss	: 0.0205
-------------------------------------
[Epoch : 403/800]
Total_loss	: 0.0630
MMD_loss	: 4.2523
Src_reg_loss	: 0.0205
-------------------------------------
[Epoch : 404/800]
Total_loss	: 0.0630
MMD_loss	: 4.2489
Src_reg_loss	: 0.0205
-------------------------------------
[Epoch : 405/800]
Total_loss	: 0.0629
MMD_loss	: 4.2455
Src_reg_loss	: 0.0204
-------------------------------------
[Epoch : 406/800]
Total_loss	: 0.0628
MMD_loss	: 4.2420
Src_reg_loss	: 0.0204
-------------------------------------
[Epoch : 407/800]
Total_loss	: 0.0628
MMD_loss	: 4.2386
Src_reg_loss	: 0.0204
-------------------------------------
[Epoch : 408/800]
Total_loss	: 0.0627
MMD_loss	: 4.2352
Src_reg_loss	: 0.0204
-------------------------------------
[Epoch : 409/800]
Total_loss	: 0.0627
MMD_loss	: 4.2318
Src_reg_loss	: 0.0203
-------------------------------------
[Epoch : 410/800]
Total_loss	: 0.0626
MMD_loss	: 4.2283
Src_reg_loss	: 0.0203
-------------------------------------
[Epoch : 411/800]
Total_loss	: 0.0625
MMD_loss	: 4.2249
Src_reg_loss	: 0.0203
-------------------------------------
[Epoch : 412/800]
Total_loss	: 0.0625
MMD_loss	: 4.2215
Src_reg_loss	: 0.0203
-------------------------------------
[Epoch : 413/800]
Total_loss	: 0.0624
MMD_loss	: 4.2181
Src_reg_loss	: 0.0202
-------------------------------------
[Epoch : 414/800]
Total_loss	: 0.0624
MMD_loss	: 4.2147
Src_reg_loss	: 0.0202
-------------------------------------
[Epoch : 415/800]
Total_loss	: 0.0623
MMD_loss	: 4.2112
Src_reg_loss	: 0.0202
-------------------------------------
[Epoch : 416/800]
Total_loss	: 0.0622
MMD_loss	: 4.2078
Src_reg_loss	: 0.0202
-------------------------------------
[Epoch : 417/800]
Total_loss	: 0.0622
MMD_loss	: 4.2044
Src_reg_loss	: 0.0201
-------------------------------------
[Epoch : 418/800]
Total_loss	: 0.0621
MMD_loss	: 4.2010
Src_reg_loss	: 0.0201
-------------------------------------
[Epoch : 419/800]
Total_loss	: 0.0621
MMD_loss	: 4.1976
Src_reg_loss	: 0.0201
-------------------------------------
[Epoch : 420/800]
Total_loss	: 0.0620
MMD_loss	: 4.1942
Src_reg_loss	: 0.0201
-------------------------------------
[Epoch : 421/800]
Total_loss	: 0.0620
MMD_loss	: 4.1908
Src_reg_loss	: 0.0200
-------------------------------------
[Epoch : 422/800]
Total_loss	: 0.0619
MMD_loss	: 4.1874
Src_reg_loss	: 0.0200
-------------------------------------
[Epoch : 423/800]
Total_loss	: 0.0618
MMD_loss	: 4.1840
Src_reg_loss	: 0.0200
-------------------------------------
[Epoch : 424/800]
Total_loss	: 0.0618
MMD_loss	: 4.1806
Src_reg_loss	: 0.0200
-------------------------------------
[Epoch : 425/800]
Total_loss	: 0.0617
MMD_loss	: 4.1772
Src_reg_loss	: 0.0200
-------------------------------------
[Epoch : 426/800]
Total_loss	: 0.0617
MMD_loss	: 4.1738
Src_reg_loss	: 0.0199
-------------------------------------
[Epoch : 427/800]
Total_loss	: 0.0616
MMD_loss	: 4.1704
Src_reg_loss	: 0.0199
-------------------------------------
[Epoch : 428/800]
Total_loss	: 0.0616
MMD_loss	: 4.1671
Src_reg_loss	: 0.0199
-------------------------------------
[Epoch : 429/800]
Total_loss	: 0.0615
MMD_loss	: 4.1637
Src_reg_loss	: 0.0199
-------------------------------------
[Epoch : 430/800]
Total_loss	: 0.0614
MMD_loss	: 4.1603
Src_reg_loss	: 0.0198
-------------------------------------
[Epoch : 431/800]
Total_loss	: 0.0614
MMD_loss	: 4.1570
Src_reg_loss	: 0.0198
-------------------------------------
[Epoch : 432/800]
Total_loss	: 0.0613
MMD_loss	: 4.1536
Src_reg_loss	: 0.0198
-------------------------------------
[Epoch : 433/800]
Total_loss	: 0.0613
MMD_loss	: 4.1503
Src_reg_loss	: 0.0198
-------------------------------------
[Epoch : 434/800]
Total_loss	: 0.0612
MMD_loss	: 4.1469
Src_reg_loss	: 0.0197
-------------------------------------
[Epoch : 435/800]
Total_loss	: 0.0612
MMD_loss	: 4.1436
Src_reg_loss	: 0.0197
-------------------------------------
[Epoch : 436/800]
Total_loss	: 0.0611
MMD_loss	: 4.1403
Src_reg_loss	: 0.0197
-------------------------------------
[Epoch : 437/800]
Total_loss	: 0.0610
MMD_loss	: 4.1369
Src_reg_loss	: 0.0197
-------------------------------------
[Epoch : 438/800]
Total_loss	: 0.0610
MMD_loss	: 4.1336
Src_reg_loss	: 0.0196
-------------------------------------
[Epoch : 439/800]
Total_loss	: 0.0609
MMD_loss	: 4.1303
Src_reg_loss	: 0.0196
-------------------------------------
[Epoch : 440/800]
Total_loss	: 0.0609
MMD_loss	: 4.1270
Src_reg_loss	: 0.0196
-------------------------------------
[Epoch : 441/800]
Total_loss	: 0.0608
MMD_loss	: 4.1237
Src_reg_loss	: 0.0196
-------------------------------------
[Epoch : 442/800]
Total_loss	: 0.0608
MMD_loss	: 4.1204
Src_reg_loss	: 0.0196
-------------------------------------
[Epoch : 443/800]
Total_loss	: 0.0607
MMD_loss	: 4.1171
Src_reg_loss	: 0.0195
-------------------------------------
[Epoch : 444/800]
Total_loss	: 0.0606
MMD_loss	: 4.1139
Src_reg_loss	: 0.0195
-------------------------------------
[Epoch : 445/800]
Total_loss	: 0.0606
MMD_loss	: 4.1106
Src_reg_loss	: 0.0195
-------------------------------------
[Epoch : 446/800]
Total_loss	: 0.0605
MMD_loss	: 4.1073
Src_reg_loss	: 0.0195
-------------------------------------
[Epoch : 447/800]
Total_loss	: 0.0605
MMD_loss	: 4.1041
Src_reg_loss	: 0.0194
-------------------------------------
[Epoch : 448/800]
Total_loss	: 0.0604
MMD_loss	: 4.1009
Src_reg_loss	: 0.0194
-------------------------------------
[Epoch : 449/800]
Total_loss	: 0.0604
MMD_loss	: 4.0976
Src_reg_loss	: 0.0194
-------------------------------------
[Epoch : 450/800]
Total_loss	: 0.0603
MMD_loss	: 4.0944
Src_reg_loss	: 0.0194
-------------------------------------
[Epoch : 451/800]
Total_loss	: 0.0603
MMD_loss	: 4.0912
Src_reg_loss	: 0.0194
-------------------------------------
[Epoch : 452/800]
Total_loss	: 0.0602
MMD_loss	: 4.0880
Src_reg_loss	: 0.0193
-------------------------------------
[Epoch : 453/800]
Total_loss	: 0.0602
MMD_loss	: 4.0848
Src_reg_loss	: 0.0193
-------------------------------------
[Epoch : 454/800]
Total_loss	: 0.0601
MMD_loss	: 4.0816
Src_reg_loss	: 0.0193
-------------------------------------
[Epoch : 455/800]
Total_loss	: 0.0601
MMD_loss	: 4.0784
Src_reg_loss	: 0.0193
-------------------------------------
[Epoch : 456/800]
Total_loss	: 0.0600
MMD_loss	: 4.0752
Src_reg_loss	: 0.0192
-------------------------------------
[Epoch : 457/800]
Total_loss	: 0.0599
MMD_loss	: 4.0721
Src_reg_loss	: 0.0192
-------------------------------------
[Epoch : 458/800]
Total_loss	: 0.0599
MMD_loss	: 4.0689
Src_reg_loss	: 0.0192
-------------------------------------
[Epoch : 459/800]
Total_loss	: 0.0598
MMD_loss	: 4.0658
Src_reg_loss	: 0.0192
-------------------------------------
[Epoch : 460/800]
Total_loss	: 0.0598
MMD_loss	: 4.0626
Src_reg_loss	: 0.0192
-------------------------------------
[Epoch : 461/800]
Total_loss	: 0.0597
MMD_loss	: 4.0595
Src_reg_loss	: 0.0191
-------------------------------------
[Epoch : 462/800]
Total_loss	: 0.0597
MMD_loss	: 4.0564
Src_reg_loss	: 0.0191
-------------------------------------
[Epoch : 463/800]
Total_loss	: 0.0596
MMD_loss	: 4.0533
Src_reg_loss	: 0.0191
-------------------------------------
[Epoch : 464/800]
Total_loss	: 0.0596
MMD_loss	: 4.0502
Src_reg_loss	: 0.0191
-------------------------------------
[Epoch : 465/800]
Total_loss	: 0.0595
MMD_loss	: 4.0471
Src_reg_loss	: 0.0191
-------------------------------------
[Epoch : 466/800]
Total_loss	: 0.0595
MMD_loss	: 4.0440
Src_reg_loss	: 0.0190
-------------------------------------
[Epoch : 467/800]
Total_loss	: 0.0594
MMD_loss	: 4.0410
Src_reg_loss	: 0.0190
-------------------------------------
[Epoch : 468/800]
Total_loss	: 0.0594
MMD_loss	: 4.0379
Src_reg_loss	: 0.0190
-------------------------------------
[Epoch : 469/800]
Total_loss	: 0.0593
MMD_loss	: 4.0349
Src_reg_loss	: 0.0190
-------------------------------------
[Epoch : 470/800]
Total_loss	: 0.0593
MMD_loss	: 4.0318
Src_reg_loss	: 0.0190
-------------------------------------
[Epoch : 471/800]
Total_loss	: 0.0592
MMD_loss	: 4.0288
Src_reg_loss	: 0.0189
-------------------------------------
[Epoch : 472/800]
Total_loss	: 0.0592
MMD_loss	: 4.0258
Src_reg_loss	: 0.0189
-------------------------------------
[Epoch : 473/800]
Total_loss	: 0.0591
MMD_loss	: 4.0228
Src_reg_loss	: 0.0189
-------------------------------------
[Epoch : 474/800]
Total_loss	: 0.0591
MMD_loss	: 4.0198
Src_reg_loss	: 0.0189
-------------------------------------
[Epoch : 475/800]
Total_loss	: 0.0590
MMD_loss	: 4.0168
Src_reg_loss	: 0.0189
-------------------------------------
[Epoch : 476/800]
Total_loss	: 0.0590
MMD_loss	: 4.0138
Src_reg_loss	: 0.0188
-------------------------------------
[Epoch : 477/800]
Total_loss	: 0.0589
MMD_loss	: 4.0109
Src_reg_loss	: 0.0188
-------------------------------------
[Epoch : 478/800]
Total_loss	: 0.0589
MMD_loss	: 4.0079
Src_reg_loss	: 0.0188
-------------------------------------
[Epoch : 479/800]
Total_loss	: 0.0588
MMD_loss	: 4.0050
Src_reg_loss	: 0.0188
-------------------------------------
[Epoch : 480/800]
Total_loss	: 0.0588
MMD_loss	: 4.0020
Src_reg_loss	: 0.0188
-------------------------------------
[Epoch : 481/800]
Total_loss	: 0.0587
MMD_loss	: 3.9991
Src_reg_loss	: 0.0187
-------------------------------------
[Epoch : 482/800]
Total_loss	: 0.0587
MMD_loss	: 3.9962
Src_reg_loss	: 0.0187
-------------------------------------
[Epoch : 483/800]
Total_loss	: 0.0586
MMD_loss	: 3.9933
Src_reg_loss	: 0.0187
-------------------------------------
[Epoch : 484/800]
Total_loss	: 0.0586
MMD_loss	: 3.9904
Src_reg_loss	: 0.0187
-------------------------------------
[Epoch : 485/800]
Total_loss	: 0.0585
MMD_loss	: 3.9875
Src_reg_loss	: 0.0187
-------------------------------------
[Epoch : 486/800]
Total_loss	: 0.0585
MMD_loss	: 3.9847
Src_reg_loss	: 0.0186
-------------------------------------
[Epoch : 487/800]
Total_loss	: 0.0584
MMD_loss	: 3.9818
Src_reg_loss	: 0.0186
-------------------------------------
[Epoch : 488/800]
Total_loss	: 0.0584
MMD_loss	: 3.9790
Src_reg_loss	: 0.0186
-------------------------------------
[Epoch : 489/800]
Total_loss	: 0.0583
MMD_loss	: 3.9761
Src_reg_loss	: 0.0186
-------------------------------------
[Epoch : 490/800]
Total_loss	: 0.0583
MMD_loss	: 3.9733
Src_reg_loss	: 0.0186
-------------------------------------
[Epoch : 491/800]
Total_loss	: 0.0582
MMD_loss	: 3.9705
Src_reg_loss	: 0.0185
-------------------------------------
[Epoch : 492/800]
Total_loss	: 0.0582
MMD_loss	: 3.9677
Src_reg_loss	: 0.0185
-------------------------------------
[Epoch : 493/800]
Total_loss	: 0.0582
MMD_loss	: 3.9649
Src_reg_loss	: 0.0185
-------------------------------------
[Epoch : 494/800]
Total_loss	: 0.0581
MMD_loss	: 3.9621
Src_reg_loss	: 0.0185
-------------------------------------
[Epoch : 495/800]
Total_loss	: 0.0581
MMD_loss	: 3.9593
Src_reg_loss	: 0.0185
-------------------------------------
[Epoch : 496/800]
Total_loss	: 0.0580
MMD_loss	: 3.9566
Src_reg_loss	: 0.0184
-------------------------------------
[Epoch : 497/800]
Total_loss	: 0.0580
MMD_loss	: 3.9538
Src_reg_loss	: 0.0184
-------------------------------------
[Epoch : 498/800]
Total_loss	: 0.0579
MMD_loss	: 3.9511
Src_reg_loss	: 0.0184
-------------------------------------
[Epoch : 499/800]
Total_loss	: 0.0579
MMD_loss	: 3.9484
Src_reg_loss	: 0.0184
-------------------------------------
[Epoch : 500/800]
Total_loss	: 0.0578
MMD_loss	: 3.9456
Src_reg_loss	: 0.0184
-------------------------------------
[Epoch : 501/800]
Total_loss	: 0.0578
MMD_loss	: 3.9429
Src_reg_loss	: 0.0184
-------------------------------------
[Epoch : 502/800]
Total_loss	: 0.0577
MMD_loss	: 3.9402
Src_reg_loss	: 0.0183
-------------------------------------
[Epoch : 503/800]
Total_loss	: 0.0577
MMD_loss	: 3.9376
Src_reg_loss	: 0.0183
-------------------------------------
[Epoch : 504/800]
Total_loss	: 0.0576
MMD_loss	: 3.9349
Src_reg_loss	: 0.0183
-------------------------------------
[Epoch : 505/800]
Total_loss	: 0.0576
MMD_loss	: 3.9322
Src_reg_loss	: 0.0183
-------------------------------------
[Epoch : 506/800]
Total_loss	: 0.0576
MMD_loss	: 3.9296
Src_reg_loss	: 0.0183
-------------------------------------
[Epoch : 507/800]
Total_loss	: 0.0575
MMD_loss	: 3.9269
Src_reg_loss	: 0.0182
-------------------------------------
[Epoch : 508/800]
Total_loss	: 0.0575
MMD_loss	: 3.9243
Src_reg_loss	: 0.0182
-------------------------------------
[Epoch : 509/800]
Total_loss	: 0.0574
MMD_loss	: 3.9217
Src_reg_loss	: 0.0182
-------------------------------------
[Epoch : 510/800]
Total_loss	: 0.0574
MMD_loss	: 3.9191
Src_reg_loss	: 0.0182
-------------------------------------
[Epoch : 511/800]
Total_loss	: 0.0573
MMD_loss	: 3.9165
Src_reg_loss	: 0.0182
-------------------------------------
[Epoch : 512/800]
Total_loss	: 0.0573
MMD_loss	: 3.9139
Src_reg_loss	: 0.0182
-------------------------------------
[Epoch : 513/800]
Total_loss	: 0.0573
MMD_loss	: 3.9113
Src_reg_loss	: 0.0181
-------------------------------------
[Epoch : 514/800]
Total_loss	: 0.0572
MMD_loss	: 3.9087
Src_reg_loss	: 0.0181
-------------------------------------
[Epoch : 515/800]
Total_loss	: 0.0572
MMD_loss	: 3.9062
Src_reg_loss	: 0.0181
-------------------------------------
[Epoch : 516/800]
Total_loss	: 0.0571
MMD_loss	: 3.9036
Src_reg_loss	: 0.0181
-------------------------------------
[Epoch : 517/800]
Total_loss	: 0.0571
MMD_loss	: 3.9011
Src_reg_loss	: 0.0181
-------------------------------------
[Epoch : 518/800]
Total_loss	: 0.0570
MMD_loss	: 3.8986
Src_reg_loss	: 0.0181
-------------------------------------
[Epoch : 519/800]
Total_loss	: 0.0570
MMD_loss	: 3.8961
Src_reg_loss	: 0.0180
-------------------------------------
[Epoch : 520/800]
Total_loss	: 0.0570
MMD_loss	: 3.8936
Src_reg_loss	: 0.0180
-------------------------------------
[Epoch : 521/800]
Total_loss	: 0.0569
MMD_loss	: 3.8911
Src_reg_loss	: 0.0180
-------------------------------------
[Epoch : 522/800]
Total_loss	: 0.0569
MMD_loss	: 3.8886
Src_reg_loss	: 0.0180
-------------------------------------
[Epoch : 523/800]
Total_loss	: 0.0568
MMD_loss	: 3.8861
Src_reg_loss	: 0.0180
-------------------------------------
[Epoch : 524/800]
Total_loss	: 0.0568
MMD_loss	: 3.8837
Src_reg_loss	: 0.0179
-------------------------------------
[Epoch : 525/800]
Total_loss	: 0.0567
MMD_loss	: 3.8812
Src_reg_loss	: 0.0179
-------------------------------------
[Epoch : 526/800]
Total_loss	: 0.0567
MMD_loss	: 3.8788
Src_reg_loss	: 0.0179
-------------------------------------
[Epoch : 527/800]
Total_loss	: 0.0567
MMD_loss	: 3.8764
Src_reg_loss	: 0.0179
-------------------------------------
[Epoch : 528/800]
Total_loss	: 0.0566
MMD_loss	: 3.8739
Src_reg_loss	: 0.0179
-------------------------------------
[Epoch : 529/800]
Total_loss	: 0.0566
MMD_loss	: 3.8715
Src_reg_loss	: 0.0179
-------------------------------------
[Epoch : 530/800]
Total_loss	: 0.0565
MMD_loss	: 3.8691
Src_reg_loss	: 0.0178
-------------------------------------
[Epoch : 531/800]
Total_loss	: 0.0565
MMD_loss	: 3.8667
Src_reg_loss	: 0.0178
-------------------------------------
[Epoch : 532/800]
Total_loss	: 0.0565
MMD_loss	: 3.8644
Src_reg_loss	: 0.0178
-------------------------------------
[Epoch : 533/800]
Total_loss	: 0.0564
MMD_loss	: 3.8620
Src_reg_loss	: 0.0178
-------------------------------------
[Epoch : 534/800]
Total_loss	: 0.0564
MMD_loss	: 3.8596
Src_reg_loss	: 0.0178
-------------------------------------
[Epoch : 535/800]
Total_loss	: 0.0563
MMD_loss	: 3.8573
Src_reg_loss	: 0.0178
-------------------------------------
[Epoch : 536/800]
Total_loss	: 0.0563
MMD_loss	: 3.8550
Src_reg_loss	: 0.0177
-------------------------------------
[Epoch : 537/800]
Total_loss	: 0.0563
MMD_loss	: 3.8526
Src_reg_loss	: 0.0177
-------------------------------------
[Epoch : 538/800]
Total_loss	: 0.0562
MMD_loss	: 3.8503
Src_reg_loss	: 0.0177
-------------------------------------
[Epoch : 539/800]
Total_loss	: 0.0562
MMD_loss	: 3.8480
Src_reg_loss	: 0.0177
-------------------------------------
[Epoch : 540/800]
Total_loss	: 0.0561
MMD_loss	: 3.8457
Src_reg_loss	: 0.0177
-------------------------------------
[Epoch : 541/800]
Total_loss	: 0.0561
MMD_loss	: 3.8434
Src_reg_loss	: 0.0177
-------------------------------------
[Epoch : 542/800]
Total_loss	: 0.0561
MMD_loss	: 3.8411
Src_reg_loss	: 0.0176
-------------------------------------
[Epoch : 543/800]
Total_loss	: 0.0560
MMD_loss	: 3.8389
Src_reg_loss	: 0.0176
-------------------------------------
[Epoch : 544/800]
Total_loss	: 0.0560
MMD_loss	: 3.8366
Src_reg_loss	: 0.0176
-------------------------------------
[Epoch : 545/800]
Total_loss	: 0.0559
MMD_loss	: 3.8344
Src_reg_loss	: 0.0176
-------------------------------------
[Epoch : 546/800]
Total_loss	: 0.0559
MMD_loss	: 3.8321
Src_reg_loss	: 0.0176
-------------------------------------
[Epoch : 547/800]
Total_loss	: 0.0559
MMD_loss	: 3.8299
Src_reg_loss	: 0.0176
-------------------------------------
[Epoch : 548/800]
Total_loss	: 0.0558
MMD_loss	: 3.8277
Src_reg_loss	: 0.0176
-------------------------------------
[Epoch : 549/800]
Total_loss	: 0.0558
MMD_loss	: 3.8255
Src_reg_loss	: 0.0175
-------------------------------------
[Epoch : 550/800]
Total_loss	: 0.0558
MMD_loss	: 3.8233
Src_reg_loss	: 0.0175
-------------------------------------
[Epoch : 551/800]
Total_loss	: 0.0557
MMD_loss	: 3.8211
Src_reg_loss	: 0.0175
-------------------------------------
[Epoch : 552/800]
Total_loss	: 0.0557
MMD_loss	: 3.8190
Src_reg_loss	: 0.0175
-------------------------------------
[Epoch : 553/800]
Total_loss	: 0.0556
MMD_loss	: 3.8168
Src_reg_loss	: 0.0175
-------------------------------------
[Epoch : 554/800]
Total_loss	: 0.0556
MMD_loss	: 3.8146
Src_reg_loss	: 0.0175
-------------------------------------
[Epoch : 555/800]
Total_loss	: 0.0556
MMD_loss	: 3.8125
Src_reg_loss	: 0.0174
-------------------------------------
[Epoch : 556/800]
Total_loss	: 0.0555
MMD_loss	: 3.8103
Src_reg_loss	: 0.0174
-------------------------------------
[Epoch : 557/800]
Total_loss	: 0.0555
MMD_loss	: 3.8082
Src_reg_loss	: 0.0174
-------------------------------------
[Epoch : 558/800]
Total_loss	: 0.0555
MMD_loss	: 3.8061
Src_reg_loss	: 0.0174
-------------------------------------
[Epoch : 559/800]
Total_loss	: 0.0554
MMD_loss	: 3.8040
Src_reg_loss	: 0.0174
-------------------------------------
[Epoch : 560/800]
Total_loss	: 0.0554
MMD_loss	: 3.8019
Src_reg_loss	: 0.0174
-------------------------------------
[Epoch : 561/800]
Total_loss	: 0.0554
MMD_loss	: 3.7998
Src_reg_loss	: 0.0174
-------------------------------------
[Epoch : 562/800]
Total_loss	: 0.0553
MMD_loss	: 3.7977
Src_reg_loss	: 0.0173
-------------------------------------
[Epoch : 563/800]
Total_loss	: 0.0553
MMD_loss	: 3.7957
Src_reg_loss	: 0.0173
-------------------------------------
[Epoch : 564/800]
Total_loss	: 0.0552
MMD_loss	: 3.7936
Src_reg_loss	: 0.0173
-------------------------------------
[Epoch : 565/800]
Total_loss	: 0.0552
MMD_loss	: 3.7916
Src_reg_loss	: 0.0173
-------------------------------------
[Epoch : 566/800]
Total_loss	: 0.0552
MMD_loss	: 3.7895
Src_reg_loss	: 0.0173
-------------------------------------
[Epoch : 567/800]
Total_loss	: 0.0551
MMD_loss	: 3.7875
Src_reg_loss	: 0.0173
-------------------------------------
[Epoch : 568/800]
Total_loss	: 0.0551
MMD_loss	: 3.7855
Src_reg_loss	: 0.0172
-------------------------------------
[Epoch : 569/800]
Total_loss	: 0.0551
MMD_loss	: 3.7835
Src_reg_loss	: 0.0172
-------------------------------------
[Epoch : 570/800]
Total_loss	: 0.0550
MMD_loss	: 3.7815
Src_reg_loss	: 0.0172
-------------------------------------
[Epoch : 571/800]
Total_loss	: 0.0550
MMD_loss	: 3.7795
Src_reg_loss	: 0.0172
-------------------------------------
[Epoch : 572/800]
Total_loss	: 0.0550
MMD_loss	: 3.7775
Src_reg_loss	: 0.0172
-------------------------------------
[Epoch : 573/800]
Total_loss	: 0.0549
MMD_loss	: 3.7755
Src_reg_loss	: 0.0172
-------------------------------------
[Epoch : 574/800]
Total_loss	: 0.0549
MMD_loss	: 3.7736
Src_reg_loss	: 0.0172
-------------------------------------
[Epoch : 575/800]
Total_loss	: 0.0549
MMD_loss	: 3.7716
Src_reg_loss	: 0.0171
-------------------------------------
[Epoch : 576/800]
Total_loss	: 0.0548
MMD_loss	: 3.7697
Src_reg_loss	: 0.0171
-------------------------------------
[Epoch : 577/800]
Total_loss	: 0.0548
MMD_loss	: 3.7677
Src_reg_loss	: 0.0171
-------------------------------------
[Epoch : 578/800]
Total_loss	: 0.0548
MMD_loss	: 3.7658
Src_reg_loss	: 0.0171
-------------------------------------
[Epoch : 579/800]
Total_loss	: 0.0547
MMD_loss	: 3.7639
Src_reg_loss	: 0.0171
-------------------------------------
[Epoch : 580/800]
Total_loss	: 0.0547
MMD_loss	: 3.7620
Src_reg_loss	: 0.0171
-------------------------------------
[Epoch : 581/800]
Total_loss	: 0.0547
MMD_loss	: 3.7601
Src_reg_loss	: 0.0171
-------------------------------------
[Epoch : 582/800]
Total_loss	: 0.0546
MMD_loss	: 3.7582
Src_reg_loss	: 0.0170
-------------------------------------
[Epoch : 583/800]
Total_loss	: 0.0546
MMD_loss	: 3.7563
Src_reg_loss	: 0.0170
-------------------------------------
[Epoch : 584/800]
Total_loss	: 0.0546
MMD_loss	: 3.7545
Src_reg_loss	: 0.0170
-------------------------------------
[Epoch : 585/800]
Total_loss	: 0.0545
MMD_loss	: 3.7526
Src_reg_loss	: 0.0170
-------------------------------------
[Epoch : 586/800]
Total_loss	: 0.0545
MMD_loss	: 3.7508
Src_reg_loss	: 0.0170
-------------------------------------
[Epoch : 587/800]
Total_loss	: 0.0545
MMD_loss	: 3.7489
Src_reg_loss	: 0.0170
-------------------------------------
[Epoch : 588/800]
Total_loss	: 0.0544
MMD_loss	: 3.7471
Src_reg_loss	: 0.0170
-------------------------------------
[Epoch : 589/800]
Total_loss	: 0.0544
MMD_loss	: 3.7453
Src_reg_loss	: 0.0169
-------------------------------------
[Epoch : 590/800]
Total_loss	: 0.0544
MMD_loss	: 3.7434
Src_reg_loss	: 0.0169
-------------------------------------
[Epoch : 591/800]
Total_loss	: 0.0543
MMD_loss	: 3.7416
Src_reg_loss	: 0.0169
-------------------------------------
[Epoch : 592/800]
Total_loss	: 0.0543
MMD_loss	: 3.7398
Src_reg_loss	: 0.0169
-------------------------------------
[Epoch : 593/800]
Total_loss	: 0.0543
MMD_loss	: 3.7381
Src_reg_loss	: 0.0169
-------------------------------------
[Epoch : 594/800]
Total_loss	: 0.0542
MMD_loss	: 3.7363
Src_reg_loss	: 0.0169
-------------------------------------
[Epoch : 595/800]
Total_loss	: 0.0542
MMD_loss	: 3.7345
Src_reg_loss	: 0.0169
-------------------------------------
[Epoch : 596/800]
Total_loss	: 0.0542
MMD_loss	: 3.7327
Src_reg_loss	: 0.0168
-------------------------------------
[Epoch : 597/800]
Total_loss	: 0.0541
MMD_loss	: 3.7310
Src_reg_loss	: 0.0168
-------------------------------------
[Epoch : 598/800]
Total_loss	: 0.0541
MMD_loss	: 3.7292
Src_reg_loss	: 0.0168
-------------------------------------
[Epoch : 599/800]
Total_loss	: 0.0541
MMD_loss	: 3.7275
Src_reg_loss	: 0.0168
-------------------------------------
[Epoch : 600/800]
Total_loss	: 0.0541
MMD_loss	: 3.7258
Src_reg_loss	: 0.0168
-------------------------------------
[Epoch : 601/800]
Total_loss	: 0.0540
MMD_loss	: 3.7240
Src_reg_loss	: 0.0168
-------------------------------------
[Epoch : 602/800]
Total_loss	: 0.0540
MMD_loss	: 3.7223
Src_reg_loss	: 0.0168
-------------------------------------
[Epoch : 603/800]
Total_loss	: 0.0540
MMD_loss	: 3.7206
Src_reg_loss	: 0.0168
-------------------------------------
[Epoch : 604/800]
Total_loss	: 0.0539
MMD_loss	: 3.7189
Src_reg_loss	: 0.0167
-------------------------------------
[Epoch : 605/800]
Total_loss	: 0.0539
MMD_loss	: 3.7172
Src_reg_loss	: 0.0167
-------------------------------------
[Epoch : 606/800]
Total_loss	: 0.0539
MMD_loss	: 3.7155
Src_reg_loss	: 0.0167
-------------------------------------
[Epoch : 607/800]
Total_loss	: 0.0538
MMD_loss	: 3.7139
Src_reg_loss	: 0.0167
-------------------------------------
[Epoch : 608/800]
Total_loss	: 0.0538
MMD_loss	: 3.7122
Src_reg_loss	: 0.0167
-------------------------------------
[Epoch : 609/800]
Total_loss	: 0.0538
MMD_loss	: 3.7105
Src_reg_loss	: 0.0167
-------------------------------------
[Epoch : 610/800]
Total_loss	: 0.0538
MMD_loss	: 3.7089
Src_reg_loss	: 0.0167
-------------------------------------
[Epoch : 611/800]
Total_loss	: 0.0537
MMD_loss	: 3.7072
Src_reg_loss	: 0.0166
-------------------------------------
[Epoch : 612/800]
Total_loss	: 0.0537
MMD_loss	: 3.7056
Src_reg_loss	: 0.0166
-------------------------------------
[Epoch : 613/800]
Total_loss	: 0.0537
MMD_loss	: 3.7040
Src_reg_loss	: 0.0166
-------------------------------------
[Epoch : 614/800]
Total_loss	: 0.0536
MMD_loss	: 3.7024
Src_reg_loss	: 0.0166
-------------------------------------
[Epoch : 615/800]
Total_loss	: 0.0536
MMD_loss	: 3.7007
Src_reg_loss	: 0.0166
-------------------------------------
[Epoch : 616/800]
Total_loss	: 0.0536
MMD_loss	: 3.6991
Src_reg_loss	: 0.0166
-------------------------------------
[Epoch : 617/800]
Total_loss	: 0.0535
MMD_loss	: 3.6976
Src_reg_loss	: 0.0166
-------------------------------------
[Epoch : 618/800]
Total_loss	: 0.0535
MMD_loss	: 3.6960
Src_reg_loss	: 0.0166
-------------------------------------
[Epoch : 619/800]
Total_loss	: 0.0535
MMD_loss	: 3.6944
Src_reg_loss	: 0.0165
-------------------------------------
[Epoch : 620/800]
Total_loss	: 0.0535
MMD_loss	: 3.6928
Src_reg_loss	: 0.0165
-------------------------------------
[Epoch : 621/800]
Total_loss	: 0.0534
MMD_loss	: 3.6913
Src_reg_loss	: 0.0165
-------------------------------------
[Epoch : 622/800]
Total_loss	: 0.0534
MMD_loss	: 3.6897
Src_reg_loss	: 0.0165
-------------------------------------
[Epoch : 623/800]
Total_loss	: 0.0534
MMD_loss	: 3.6882
Src_reg_loss	: 0.0165
-------------------------------------
[Epoch : 624/800]
Total_loss	: 0.0533
MMD_loss	: 3.6866
Src_reg_loss	: 0.0165
-------------------------------------
[Epoch : 625/800]
Total_loss	: 0.0533
MMD_loss	: 3.6851
Src_reg_loss	: 0.0165
-------------------------------------
[Epoch : 626/800]
Total_loss	: 0.0533
MMD_loss	: 3.6836
Src_reg_loss	: 0.0165
-------------------------------------
[Epoch : 627/800]
Total_loss	: 0.0533
MMD_loss	: 3.6820
Src_reg_loss	: 0.0164
-------------------------------------
[Epoch : 628/800]
Total_loss	: 0.0532
MMD_loss	: 3.6805
Src_reg_loss	: 0.0164
-------------------------------------
[Epoch : 629/800]
Total_loss	: 0.0532
MMD_loss	: 3.6790
Src_reg_loss	: 0.0164
-------------------------------------
[Epoch : 630/800]
Total_loss	: 0.0532
MMD_loss	: 3.6775
Src_reg_loss	: 0.0164
-------------------------------------
[Epoch : 631/800]
Total_loss	: 0.0532
MMD_loss	: 3.6761
Src_reg_loss	: 0.0164
-------------------------------------
[Epoch : 632/800]
Total_loss	: 0.0531
MMD_loss	: 3.6746
Src_reg_loss	: 0.0164
-------------------------------------
[Epoch : 633/800]
Total_loss	: 0.0531
MMD_loss	: 3.6731
Src_reg_loss	: 0.0164
-------------------------------------
[Epoch : 634/800]
Total_loss	: 0.0531
MMD_loss	: 3.6716
Src_reg_loss	: 0.0164
-------------------------------------
[Epoch : 635/800]
Total_loss	: 0.0530
MMD_loss	: 3.6702
Src_reg_loss	: 0.0163
-------------------------------------
[Epoch : 636/800]
Total_loss	: 0.0530
MMD_loss	: 3.6687
Src_reg_loss	: 0.0163
-------------------------------------
[Epoch : 637/800]
Total_loss	: 0.0530
MMD_loss	: 3.6673
Src_reg_loss	: 0.0163
-------------------------------------
[Epoch : 638/800]
Total_loss	: 0.0530
MMD_loss	: 3.6658
Src_reg_loss	: 0.0163
-------------------------------------
[Epoch : 639/800]
Total_loss	: 0.0529
MMD_loss	: 3.6644
Src_reg_loss	: 0.0163
-------------------------------------
[Epoch : 640/800]
Total_loss	: 0.0529
MMD_loss	: 3.6630
Src_reg_loss	: 0.0163
-------------------------------------
[Epoch : 641/800]
Total_loss	: 0.0529
MMD_loss	: 3.6616
Src_reg_loss	: 0.0163
-------------------------------------
[Epoch : 642/800]
Total_loss	: 0.0529
MMD_loss	: 3.6602
Src_reg_loss	: 0.0163
-------------------------------------
[Epoch : 643/800]
Total_loss	: 0.0528
MMD_loss	: 3.6588
Src_reg_loss	: 0.0162
-------------------------------------
[Epoch : 644/800]
Total_loss	: 0.0528
MMD_loss	: 3.6574
Src_reg_loss	: 0.0162
-------------------------------------
[Epoch : 645/800]
Total_loss	: 0.0528
MMD_loss	: 3.6560
Src_reg_loss	: 0.0162
-------------------------------------
[Epoch : 646/800]
Total_loss	: 0.0528
MMD_loss	: 3.6546
Src_reg_loss	: 0.0162
-------------------------------------
[Epoch : 647/800]
Total_loss	: 0.0527
MMD_loss	: 3.6532
Src_reg_loss	: 0.0162
-------------------------------------
[Epoch : 648/800]
Total_loss	: 0.0527
MMD_loss	: 3.6518
Src_reg_loss	: 0.0162
-------------------------------------
[Epoch : 649/800]
Total_loss	: 0.0527
MMD_loss	: 3.6505
Src_reg_loss	: 0.0162
-------------------------------------
[Epoch : 650/800]
Total_loss	: 0.0527
MMD_loss	: 3.6491
Src_reg_loss	: 0.0162
-------------------------------------
[Epoch : 651/800]
Total_loss	: 0.0526
MMD_loss	: 3.6478
Src_reg_loss	: 0.0162
-------------------------------------
[Epoch : 652/800]
Total_loss	: 0.0526
MMD_loss	: 3.6464
Src_reg_loss	: 0.0161
-------------------------------------
[Epoch : 653/800]
Total_loss	: 0.0526
MMD_loss	: 3.6451
Src_reg_loss	: 0.0161
-------------------------------------
[Epoch : 654/800]
Total_loss	: 0.0526
MMD_loss	: 3.6437
Src_reg_loss	: 0.0161
-------------------------------------
[Epoch : 655/800]
Total_loss	: 0.0525
MMD_loss	: 3.6424
Src_reg_loss	: 0.0161
-------------------------------------
[Epoch : 656/800]
Total_loss	: 0.0525
MMD_loss	: 3.6411
Src_reg_loss	: 0.0161
-------------------------------------
[Epoch : 657/800]
Total_loss	: 0.0525
MMD_loss	: 3.6398
Src_reg_loss	: 0.0161
-------------------------------------
[Epoch : 658/800]
Total_loss	: 0.0525
MMD_loss	: 3.6385
Src_reg_loss	: 0.0161
-------------------------------------
[Epoch : 659/800]
Total_loss	: 0.0524
MMD_loss	: 3.6372
Src_reg_loss	: 0.0161
-------------------------------------
[Epoch : 660/800]
Total_loss	: 0.0524
MMD_loss	: 3.6359
Src_reg_loss	: 0.0161
-------------------------------------
[Epoch : 661/800]
Total_loss	: 0.0524
MMD_loss	: 3.6346
Src_reg_loss	: 0.0160
-------------------------------------
[Epoch : 662/800]
Total_loss	: 0.0524
MMD_loss	: 3.6333
Src_reg_loss	: 0.0160
-------------------------------------
[Epoch : 663/800]
Total_loss	: 0.0523
MMD_loss	: 3.6320
Src_reg_loss	: 0.0160
-------------------------------------
[Epoch : 664/800]
Total_loss	: 0.0523
MMD_loss	: 3.6307
Src_reg_loss	: 0.0160
-------------------------------------
[Epoch : 665/800]
Total_loss	: 0.0523
MMD_loss	: 3.6295
Src_reg_loss	: 0.0160
-------------------------------------
[Epoch : 666/800]
Total_loss	: 0.0523
MMD_loss	: 3.6282
Src_reg_loss	: 0.0160
-------------------------------------
[Epoch : 667/800]
Total_loss	: 0.0522
MMD_loss	: 3.6270
Src_reg_loss	: 0.0160
-------------------------------------
[Epoch : 668/800]
Total_loss	: 0.0522
MMD_loss	: 3.6257
Src_reg_loss	: 0.0160
-------------------------------------
[Epoch : 669/800]
Total_loss	: 0.0522
MMD_loss	: 3.6245
Src_reg_loss	: 0.0159
-------------------------------------
[Epoch : 670/800]
Total_loss	: 0.0522
MMD_loss	: 3.6232
Src_reg_loss	: 0.0159
-------------------------------------
[Epoch : 671/800]
Total_loss	: 0.0521
MMD_loss	: 3.6220
Src_reg_loss	: 0.0159
-------------------------------------
[Epoch : 672/800]
Total_loss	: 0.0521
MMD_loss	: 3.6208
Src_reg_loss	: 0.0159
-------------------------------------
[Epoch : 673/800]
Total_loss	: 0.0521
MMD_loss	: 3.6195
Src_reg_loss	: 0.0159
-------------------------------------
[Epoch : 674/800]
Total_loss	: 0.0521
MMD_loss	: 3.6183
Src_reg_loss	: 0.0159
-------------------------------------
[Epoch : 675/800]
Total_loss	: 0.0521
MMD_loss	: 3.6171
Src_reg_loss	: 0.0159
-------------------------------------
[Epoch : 676/800]
Total_loss	: 0.0520
MMD_loss	: 3.6159
Src_reg_loss	: 0.0159
-------------------------------------
[Epoch : 677/800]
Total_loss	: 0.0520
MMD_loss	: 3.6147
Src_reg_loss	: 0.0159
-------------------------------------
[Epoch : 678/800]
Total_loss	: 0.0520
MMD_loss	: 3.6135
Src_reg_loss	: 0.0158
-------------------------------------
[Epoch : 679/800]
Total_loss	: 0.0520
MMD_loss	: 3.6123
Src_reg_loss	: 0.0158
-------------------------------------
[Epoch : 680/800]
Total_loss	: 0.0519
MMD_loss	: 3.6111
Src_reg_loss	: 0.0158
-------------------------------------
[Epoch : 681/800]
Total_loss	: 0.0519
MMD_loss	: 3.6100
Src_reg_loss	: 0.0158
-------------------------------------
[Epoch : 682/800]
Total_loss	: 0.0519
MMD_loss	: 3.6088
Src_reg_loss	: 0.0158
-------------------------------------
[Epoch : 683/800]
Total_loss	: 0.0519
MMD_loss	: 3.6076
Src_reg_loss	: 0.0158
-------------------------------------
[Epoch : 684/800]
Total_loss	: 0.0518
MMD_loss	: 3.6065
Src_reg_loss	: 0.0158
-------------------------------------
[Epoch : 685/800]
Total_loss	: 0.0518
MMD_loss	: 3.6053
Src_reg_loss	: 0.0158
-------------------------------------
[Epoch : 686/800]
Total_loss	: 0.0518
MMD_loss	: 3.6042
Src_reg_loss	: 0.0158
-------------------------------------
[Epoch : 687/800]
Total_loss	: 0.0518
MMD_loss	: 3.6030
Src_reg_loss	: 0.0158
-------------------------------------
[Epoch : 688/800]
Total_loss	: 0.0518
MMD_loss	: 3.6019
Src_reg_loss	: 0.0157
-------------------------------------
[Epoch : 689/800]
Total_loss	: 0.0517
MMD_loss	: 3.6007
Src_reg_loss	: 0.0157
-------------------------------------
[Epoch : 690/800]
Total_loss	: 0.0517
MMD_loss	: 3.5996
Src_reg_loss	: 0.0157
-------------------------------------
[Epoch : 691/800]
Total_loss	: 0.0517
MMD_loss	: 3.5985
Src_reg_loss	: 0.0157
-------------------------------------
[Epoch : 692/800]
Total_loss	: 0.0517
MMD_loss	: 3.5974
Src_reg_loss	: 0.0157
-------------------------------------
[Epoch : 693/800]
Total_loss	: 0.0517
MMD_loss	: 3.5963
Src_reg_loss	: 0.0157
-------------------------------------
[Epoch : 694/800]
Total_loss	: 0.0516
MMD_loss	: 3.5951
Src_reg_loss	: 0.0157
-------------------------------------
[Epoch : 695/800]
Total_loss	: 0.0516
MMD_loss	: 3.5940
Src_reg_loss	: 0.0157
-------------------------------------
[Epoch : 696/800]
Total_loss	: 0.0516
MMD_loss	: 3.5929
Src_reg_loss	: 0.0157
-------------------------------------
[Epoch : 697/800]
Total_loss	: 0.0516
MMD_loss	: 3.5918
Src_reg_loss	: 0.0156
-------------------------------------
[Epoch : 698/800]
Total_loss	: 0.0515
MMD_loss	: 3.5908
Src_reg_loss	: 0.0156
-------------------------------------
[Epoch : 699/800]
Total_loss	: 0.0515
MMD_loss	: 3.5897
Src_reg_loss	: 0.0156
-------------------------------------
[Epoch : 700/800]
Total_loss	: 0.0515
MMD_loss	: 3.5886
Src_reg_loss	: 0.0156
-------------------------------------
[Epoch : 701/800]
Total_loss	: 0.0515
MMD_loss	: 3.5875
Src_reg_loss	: 0.0156
-------------------------------------
[Epoch : 702/800]
Total_loss	: 0.0515
MMD_loss	: 3.5865
Src_reg_loss	: 0.0156
-------------------------------------
[Epoch : 703/800]
Total_loss	: 0.0514
MMD_loss	: 3.5854
Src_reg_loss	: 0.0156
-------------------------------------
[Epoch : 704/800]
Total_loss	: 0.0514
MMD_loss	: 3.5843
Src_reg_loss	: 0.0156
-------------------------------------
[Epoch : 705/800]
Total_loss	: 0.0514
MMD_loss	: 3.5833
Src_reg_loss	: 0.0156
-------------------------------------
[Epoch : 706/800]
Total_loss	: 0.0514
MMD_loss	: 3.5822
Src_reg_loss	: 0.0156
-------------------------------------
[Epoch : 707/800]
Total_loss	: 0.0514
MMD_loss	: 3.5812
Src_reg_loss	: 0.0155
-------------------------------------
[Epoch : 708/800]
Total_loss	: 0.0513
MMD_loss	: 3.5801
Src_reg_loss	: 0.0155
-------------------------------------
[Epoch : 709/800]
Total_loss	: 0.0513
MMD_loss	: 3.5791
Src_reg_loss	: 0.0155
-------------------------------------
[Epoch : 710/800]
Total_loss	: 0.0513
MMD_loss	: 3.5781
Src_reg_loss	: 0.0155
-------------------------------------
[Epoch : 711/800]
Total_loss	: 0.0513
MMD_loss	: 3.5770
Src_reg_loss	: 0.0155
-------------------------------------
[Epoch : 712/800]
Total_loss	: 0.0513
MMD_loss	: 3.5760
Src_reg_loss	: 0.0155
-------------------------------------
[Epoch : 713/800]
Total_loss	: 0.0512
MMD_loss	: 3.5750
Src_reg_loss	: 0.0155
-------------------------------------
[Epoch : 714/800]
Total_loss	: 0.0512
MMD_loss	: 3.5740
Src_reg_loss	: 0.0155
-------------------------------------
[Epoch : 715/800]
Total_loss	: 0.0512
MMD_loss	: 3.5730
Src_reg_loss	: 0.0155
-------------------------------------
[Epoch : 716/800]
Total_loss	: 0.0512
MMD_loss	: 3.5720
Src_reg_loss	: 0.0155
-------------------------------------
[Epoch : 717/800]
Total_loss	: 0.0512
MMD_loss	: 3.5710
Src_reg_loss	: 0.0154
-------------------------------------
[Epoch : 718/800]
Total_loss	: 0.0511
MMD_loss	: 3.5700
Src_reg_loss	: 0.0154
-------------------------------------
[Epoch : 719/800]
Total_loss	: 0.0511
MMD_loss	: 3.5690
Src_reg_loss	: 0.0154
-------------------------------------
[Epoch : 720/800]
Total_loss	: 0.0511
MMD_loss	: 3.5680
Src_reg_loss	: 0.0154
-------------------------------------
[Epoch : 721/800]
Total_loss	: 0.0511
MMD_loss	: 3.5670
Src_reg_loss	: 0.0154
-------------------------------------
[Epoch : 722/800]
Total_loss	: 0.0511
MMD_loss	: 3.5661
Src_reg_loss	: 0.0154
-------------------------------------
[Epoch : 723/800]
Total_loss	: 0.0510
MMD_loss	: 3.5651
Src_reg_loss	: 0.0154
-------------------------------------
[Epoch : 724/800]
Total_loss	: 0.0510
MMD_loss	: 3.5641
Src_reg_loss	: 0.0154
-------------------------------------
[Epoch : 725/800]
Total_loss	: 0.0510
MMD_loss	: 3.5632
Src_reg_loss	: 0.0154
-------------------------------------
[Epoch : 726/800]
Total_loss	: 0.0510
MMD_loss	: 3.5622
Src_reg_loss	: 0.0154
-------------------------------------
[Epoch : 727/800]
Total_loss	: 0.0510
MMD_loss	: 3.5612
Src_reg_loss	: 0.0153
-------------------------------------
[Epoch : 728/800]
Total_loss	: 0.0509
MMD_loss	: 3.5603
Src_reg_loss	: 0.0153
-------------------------------------
[Epoch : 729/800]
Total_loss	: 0.0509
MMD_loss	: 3.5593
Src_reg_loss	: 0.0153
-------------------------------------
[Epoch : 730/800]
Total_loss	: 0.0509
MMD_loss	: 3.5584
Src_reg_loss	: 0.0153
-------------------------------------
[Epoch : 731/800]
Total_loss	: 0.0509
MMD_loss	: 3.5575
Src_reg_loss	: 0.0153
-------------------------------------
[Epoch : 732/800]
Total_loss	: 0.0509
MMD_loss	: 3.5565
Src_reg_loss	: 0.0153
-------------------------------------
[Epoch : 733/800]
Total_loss	: 0.0508
MMD_loss	: 3.5556
Src_reg_loss	: 0.0153
-------------------------------------
[Epoch : 734/800]
Total_loss	: 0.0508
MMD_loss	: 3.5547
Src_reg_loss	: 0.0153
-------------------------------------
[Epoch : 735/800]
Total_loss	: 0.0508
MMD_loss	: 3.5537
Src_reg_loss	: 0.0153
-------------------------------------
[Epoch : 736/800]
Total_loss	: 0.0508
MMD_loss	: 3.5528
Src_reg_loss	: 0.0153
-------------------------------------
[Epoch : 737/800]
Total_loss	: 0.0508
MMD_loss	: 3.5519
Src_reg_loss	: 0.0153
-------------------------------------
[Epoch : 738/800]
Total_loss	: 0.0508
MMD_loss	: 3.5510
Src_reg_loss	: 0.0152
-------------------------------------
[Epoch : 739/800]
Total_loss	: 0.0507
MMD_loss	: 3.5501
Src_reg_loss	: 0.0152
-------------------------------------
[Epoch : 740/800]
Total_loss	: 0.0507
MMD_loss	: 3.5492
Src_reg_loss	: 0.0152
-------------------------------------
[Epoch : 741/800]
Total_loss	: 0.0507
MMD_loss	: 3.5483
Src_reg_loss	: 0.0152
-------------------------------------
[Epoch : 742/800]
Total_loss	: 0.0507
MMD_loss	: 3.5474
Src_reg_loss	: 0.0152
-------------------------------------
[Epoch : 743/800]
Total_loss	: 0.0507
MMD_loss	: 3.5465
Src_reg_loss	: 0.0152
-------------------------------------
[Epoch : 744/800]
Total_loss	: 0.0506
MMD_loss	: 3.5456
Src_reg_loss	: 0.0152
-------------------------------------
[Epoch : 745/800]
Total_loss	: 0.0506
MMD_loss	: 3.5447
Src_reg_loss	: 0.0152
-------------------------------------
[Epoch : 746/800]
Total_loss	: 0.0506
MMD_loss	: 3.5439
Src_reg_loss	: 0.0152
-------------------------------------
[Epoch : 747/800]
Total_loss	: 0.0506
MMD_loss	: 3.5430
Src_reg_loss	: 0.0152
-------------------------------------
[Epoch : 748/800]
Total_loss	: 0.0506
MMD_loss	: 3.5421
Src_reg_loss	: 0.0151
-------------------------------------
[Epoch : 749/800]
Total_loss	: 0.0506
MMD_loss	: 3.5412
Src_reg_loss	: 0.0151
-------------------------------------
[Epoch : 750/800]
Total_loss	: 0.0505
MMD_loss	: 3.5404
Src_reg_loss	: 0.0151
-------------------------------------
[Epoch : 751/800]
Total_loss	: 0.0505
MMD_loss	: 3.5395
Src_reg_loss	: 0.0151
-------------------------------------
[Epoch : 752/800]
Total_loss	: 0.0505
MMD_loss	: 3.5387
Src_reg_loss	: 0.0151
-------------------------------------
[Epoch : 753/800]
Total_loss	: 0.0505
MMD_loss	: 3.5378
Src_reg_loss	: 0.0151
-------------------------------------
[Epoch : 754/800]
Total_loss	: 0.0505
MMD_loss	: 3.5370
Src_reg_loss	: 0.0151
-------------------------------------
[Epoch : 755/800]
Total_loss	: 0.0504
MMD_loss	: 3.5361
Src_reg_loss	: 0.0151
-------------------------------------
[Epoch : 756/800]
Total_loss	: 0.0504
MMD_loss	: 3.5353
Src_reg_loss	: 0.0151
-------------------------------------
[Epoch : 757/800]
Total_loss	: 0.0504
MMD_loss	: 3.5344
Src_reg_loss	: 0.0151
-------------------------------------
[Epoch : 758/800]
Total_loss	: 0.0504
MMD_loss	: 3.5336
Src_reg_loss	: 0.0151
-------------------------------------
[Epoch : 759/800]
Total_loss	: 0.0504
MMD_loss	: 3.5328
Src_reg_loss	: 0.0151
-------------------------------------
[Epoch : 760/800]
Total_loss	: 0.0504
MMD_loss	: 3.5319
Src_reg_loss	: 0.0150
-------------------------------------
[Epoch : 761/800]
Total_loss	: 0.0503
MMD_loss	: 3.5311
Src_reg_loss	: 0.0150
-------------------------------------
[Epoch : 762/800]
Total_loss	: 0.0503
MMD_loss	: 3.5303
Src_reg_loss	: 0.0150
-------------------------------------
[Epoch : 763/800]
Total_loss	: 0.0503
MMD_loss	: 3.5295
Src_reg_loss	: 0.0150
-------------------------------------
[Epoch : 764/800]
Total_loss	: 0.0503
MMD_loss	: 3.5286
Src_reg_loss	: 0.0150
-------------------------------------
[Epoch : 765/800]
Total_loss	: 0.0503
MMD_loss	: 3.5278
Src_reg_loss	: 0.0150
-------------------------------------
[Epoch : 766/800]
Total_loss	: 0.0503
MMD_loss	: 3.5270
Src_reg_loss	: 0.0150
-------------------------------------
[Epoch : 767/800]
Total_loss	: 0.0502
MMD_loss	: 3.5262
Src_reg_loss	: 0.0150
-------------------------------------
[Epoch : 768/800]
Total_loss	: 0.0502
MMD_loss	: 3.5254
Src_reg_loss	: 0.0150
-------------------------------------
[Epoch : 769/800]
Total_loss	: 0.0502
MMD_loss	: 3.5246
Src_reg_loss	: 0.0150
-------------------------------------
[Epoch : 770/800]
Total_loss	: 0.0502
MMD_loss	: 3.5238
Src_reg_loss	: 0.0150
-------------------------------------
[Epoch : 771/800]
Total_loss	: 0.0502
MMD_loss	: 3.5230
Src_reg_loss	: 0.0149
-------------------------------------
[Epoch : 772/800]
Total_loss	: 0.0502
MMD_loss	: 3.5222
Src_reg_loss	: 0.0149
-------------------------------------
[Epoch : 773/800]
Total_loss	: 0.0501
MMD_loss	: 3.5214
Src_reg_loss	: 0.0149
-------------------------------------
[Epoch : 774/800]
Total_loss	: 0.0501
MMD_loss	: 3.5206
Src_reg_loss	: 0.0149
-------------------------------------
[Epoch : 775/800]
Total_loss	: 0.0501
MMD_loss	: 3.5198
Src_reg_loss	: 0.0149
-------------------------------------
[Epoch : 776/800]
Total_loss	: 0.0501
MMD_loss	: 3.5191
Src_reg_loss	: 0.0149
-------------------------------------
[Epoch : 777/800]
Total_loss	: 0.0501
MMD_loss	: 3.5183
Src_reg_loss	: 0.0149
-------------------------------------
[Epoch : 778/800]
Total_loss	: 0.0501
MMD_loss	: 3.5175
Src_reg_loss	: 0.0149
-------------------------------------
[Epoch : 779/800]
Total_loss	: 0.0500
MMD_loss	: 3.5167
Src_reg_loss	: 0.0149
-------------------------------------
[Epoch : 780/800]
Total_loss	: 0.0500
MMD_loss	: 3.5160
Src_reg_loss	: 0.0149
-------------------------------------
[Epoch : 781/800]
Total_loss	: 0.0500
MMD_loss	: 3.5152
Src_reg_loss	: 0.0149
-------------------------------------
[Epoch : 782/800]
Total_loss	: 0.0500
MMD_loss	: 3.5144
Src_reg_loss	: 0.0148
-------------------------------------
[Epoch : 783/800]
Total_loss	: 0.0500
MMD_loss	: 3.5137
Src_reg_loss	: 0.0148
-------------------------------------
[Epoch : 784/800]
Total_loss	: 0.0500
MMD_loss	: 3.5129
Src_reg_loss	: 0.0148
-------------------------------------
[Epoch : 785/800]
Total_loss	: 0.0499
MMD_loss	: 3.5122
Src_reg_loss	: 0.0148
-------------------------------------
[Epoch : 786/800]
Total_loss	: 0.0499
MMD_loss	: 3.5114
Src_reg_loss	: 0.0148
-------------------------------------
[Epoch : 787/800]
Total_loss	: 0.0499
MMD_loss	: 3.5107
Src_reg_loss	: 0.0148
-------------------------------------
[Epoch : 788/800]
Total_loss	: 0.0499
MMD_loss	: 3.5099
Src_reg_loss	: 0.0148
-------------------------------------
[Epoch : 789/800]
Total_loss	: 0.0499
MMD_loss	: 3.5092
Src_reg_loss	: 0.0148
-------------------------------------
[Epoch : 790/800]
Total_loss	: 0.0499
MMD_loss	: 3.5084
Src_reg_loss	: 0.0148
-------------------------------------
[Epoch : 791/800]
Total_loss	: 0.0499
MMD_loss	: 3.5077
Src_reg_loss	: 0.0148
-------------------------------------
[Epoch : 792/800]
Total_loss	: 0.0498
MMD_loss	: 3.5070
Src_reg_loss	: 0.0148
-------------------------------------
[Epoch : 793/800]
Total_loss	: 0.0498
MMD_loss	: 3.5062
Src_reg_loss	: 0.0148
-------------------------------------
[Epoch : 794/800]
Total_loss	: 0.0498
MMD_loss	: 3.5055
Src_reg_loss	: 0.0147
-------------------------------------
[Epoch : 795/800]
Total_loss	: 0.0498
MMD_loss	: 3.5048
Src_reg_loss	: 0.0147
-------------------------------------
[Epoch : 796/800]
Total_loss	: 0.0498
MMD_loss	: 3.5040
Src_reg_loss	: 0.0147
-------------------------------------
[Epoch : 797/800]
Total_loss	: 0.0498
MMD_loss	: 3.5033
Src_reg_loss	: 0.0147
-------------------------------------
[Epoch : 798/800]
Total_loss	: 0.0497
MMD_loss	: 3.5026
Src_reg_loss	: 0.0147
-------------------------------------
[Epoch : 799/800]
Total_loss	: 0.0497
MMD_loss	: 3.5019
Src_reg_loss	: 0.0147
-------------------------------------
[Epoch : 800/800]
Total_loss	: 0.0497
MMD_loss	: 3.5012
Src_reg_loss	: 0.0147
-------------------------------------
