=============================================
Dataset: Airbox
Method:  AirDA
=============================================
Source: 0 ---> Target: 6
=============================================
[Epoch : 1/500]
Total_loss	: 0.3405
MMD_loss	: 2.8003
Src_reg_loss	: 0.3125
-------------------------------------
[Epoch : 2/500]
Total_loss	: 0.3246
MMD_loss	: 2.8032
Src_reg_loss	: 0.2965
-------------------------------------
[Epoch : 3/500]
Total_loss	: 0.3100
MMD_loss	: 2.8048
Src_reg_loss	: 0.2820
-------------------------------------
[Epoch : 4/500]
Total_loss	: 0.2959
MMD_loss	: 2.8049
Src_reg_loss	: 0.2678
-------------------------------------
[Epoch : 5/500]
Total_loss	: 0.2816
MMD_loss	: 2.8035
Src_reg_loss	: 0.2536
-------------------------------------
[Epoch : 6/500]
Total_loss	: 0.2669
MMD_loss	: 2.8004
Src_reg_loss	: 0.2389
-------------------------------------
[Epoch : 7/500]
Total_loss	: 0.2514
MMD_loss	: 2.7941
Src_reg_loss	: 0.2235
-------------------------------------
[Epoch : 8/500]
Total_loss	: 0.2353
MMD_loss	: 2.7817
Src_reg_loss	: 0.2074
-------------------------------------
[Epoch : 9/500]
Total_loss	: 0.2190
MMD_loss	: 2.7608
Src_reg_loss	: 0.1914
-------------------------------------
[Epoch : 10/500]
Total_loss	: 0.2037
MMD_loss	: 2.7305
Src_reg_loss	: 0.1764
-------------------------------------
[Epoch : 11/500]
Total_loss	: 0.1907
MMD_loss	: 2.6954
Src_reg_loss	: 0.1637
-------------------------------------
[Epoch : 12/500]
Total_loss	: 0.1801
MMD_loss	: 2.6639
Src_reg_loss	: 0.1535
-------------------------------------
[Epoch : 13/500]
Total_loss	: 0.1710
MMD_loss	: 2.6413
Src_reg_loss	: 0.1446
-------------------------------------
[Epoch : 14/500]
Total_loss	: 0.1630
MMD_loss	: 2.6273
Src_reg_loss	: 0.1368
-------------------------------------
[Epoch : 15/500]
Total_loss	: 0.1562
MMD_loss	: 2.6188
Src_reg_loss	: 0.1300
-------------------------------------
[Epoch : 16/500]
Total_loss	: 0.1503
MMD_loss	: 2.6133
Src_reg_loss	: 0.1241
-------------------------------------
[Epoch : 17/500]
Total_loss	: 0.1450
MMD_loss	: 2.6092
Src_reg_loss	: 0.1189
-------------------------------------
[Epoch : 18/500]
Total_loss	: 0.1403
MMD_loss	: 2.6059
Src_reg_loss	: 0.1143
-------------------------------------
[Epoch : 19/500]
Total_loss	: 0.1361
MMD_loss	: 2.6036
Src_reg_loss	: 0.1101
-------------------------------------
[Epoch : 20/500]
Total_loss	: 0.1324
MMD_loss	: 2.6025
Src_reg_loss	: 0.1063
-------------------------------------
[Epoch : 21/500]
Total_loss	: 0.1289
MMD_loss	: 2.6026
Src_reg_loss	: 0.1029
-------------------------------------
[Epoch : 22/500]
Total_loss	: 0.1259
MMD_loss	: 2.6037
Src_reg_loss	: 0.0998
-------------------------------------
[Epoch : 23/500]
Total_loss	: 0.1230
MMD_loss	: 2.6054
Src_reg_loss	: 0.0970
-------------------------------------
[Epoch : 24/500]
Total_loss	: 0.1204
MMD_loss	: 2.6074
Src_reg_loss	: 0.0944
-------------------------------------
[Epoch : 25/500]
Total_loss	: 0.1181
MMD_loss	: 2.6094
Src_reg_loss	: 0.0920
-------------------------------------
[Epoch : 26/500]
Total_loss	: 0.1159
MMD_loss	: 2.6114
Src_reg_loss	: 0.0898
-------------------------------------
[Epoch : 27/500]
Total_loss	: 0.1138
MMD_loss	: 2.6131
Src_reg_loss	: 0.0877
-------------------------------------
[Epoch : 28/500]
Total_loss	: 0.1119
MMD_loss	: 2.6145
Src_reg_loss	: 0.0858
-------------------------------------
[Epoch : 29/500]
Total_loss	: 0.1102
MMD_loss	: 2.6156
Src_reg_loss	: 0.0840
-------------------------------------
[Epoch : 30/500]
Total_loss	: 0.1085
MMD_loss	: 2.6162
Src_reg_loss	: 0.0823
-------------------------------------
[Epoch : 31/500]
Total_loss	: 0.1069
MMD_loss	: 2.6163
Src_reg_loss	: 0.0808
-------------------------------------
[Epoch : 32/500]
Total_loss	: 0.1055
MMD_loss	: 2.6157
Src_reg_loss	: 0.0793
-------------------------------------
[Epoch : 33/500]
Total_loss	: 0.1041
MMD_loss	: 2.6146
Src_reg_loss	: 0.0779
-------------------------------------
[Epoch : 34/500]
Total_loss	: 0.1027
MMD_loss	: 2.6129
Src_reg_loss	: 0.0766
-------------------------------------
[Epoch : 35/500]
Total_loss	: 0.1015
MMD_loss	: 2.6105
Src_reg_loss	: 0.0754
-------------------------------------
[Epoch : 36/500]
Total_loss	: 0.1003
MMD_loss	: 2.6075
Src_reg_loss	: 0.0742
-------------------------------------
[Epoch : 37/500]
Total_loss	: 0.0991
MMD_loss	: 2.6039
Src_reg_loss	: 0.0731
-------------------------------------
[Epoch : 38/500]
Total_loss	: 0.0980
MMD_loss	: 2.5997
Src_reg_loss	: 0.0721
-------------------------------------
[Epoch : 39/500]
Total_loss	: 0.0970
MMD_loss	: 2.5949
Src_reg_loss	: 0.0711
-------------------------------------
[Epoch : 40/500]
Total_loss	: 0.0960
MMD_loss	: 2.5896
Src_reg_loss	: 0.0701
-------------------------------------
[Epoch : 41/500]
Total_loss	: 0.0950
MMD_loss	: 2.5837
Src_reg_loss	: 0.0692
-------------------------------------
[Epoch : 42/500]
Total_loss	: 0.0941
MMD_loss	: 2.5773
Src_reg_loss	: 0.0683
-------------------------------------
[Epoch : 43/500]
Total_loss	: 0.0932
MMD_loss	: 2.5704
Src_reg_loss	: 0.0675
-------------------------------------
[Epoch : 44/500]
Total_loss	: 0.0923
MMD_loss	: 2.5631
Src_reg_loss	: 0.0667
-------------------------------------
[Epoch : 45/500]
Total_loss	: 0.0915
MMD_loss	: 2.5553
Src_reg_loss	: 0.0659
-------------------------------------
[Epoch : 46/500]
Total_loss	: 0.0907
MMD_loss	: 2.5472
Src_reg_loss	: 0.0652
-------------------------------------
[Epoch : 47/500]
Total_loss	: 0.0899
MMD_loss	: 2.5387
Src_reg_loss	: 0.0645
-------------------------------------
[Epoch : 48/500]
Total_loss	: 0.0891
MMD_loss	: 2.5298
Src_reg_loss	: 0.0638
-------------------------------------
[Epoch : 49/500]
Total_loss	: 0.0884
MMD_loss	: 2.5206
Src_reg_loss	: 0.0632
-------------------------------------
[Epoch : 50/500]
Total_loss	: 0.0877
MMD_loss	: 2.5111
Src_reg_loss	: 0.0625
-------------------------------------
[Epoch : 51/500]
Total_loss	: 0.0870
MMD_loss	: 2.5013
Src_reg_loss	: 0.0619
-------------------------------------
[Epoch : 52/500]
Total_loss	: 0.0863
MMD_loss	: 2.4912
Src_reg_loss	: 0.0614
-------------------------------------
[Epoch : 53/500]
Total_loss	: 0.0856
MMD_loss	: 2.4809
Src_reg_loss	: 0.0608
-------------------------------------
[Epoch : 54/500]
Total_loss	: 0.0849
MMD_loss	: 2.4704
Src_reg_loss	: 0.0602
-------------------------------------
[Epoch : 55/500]
Total_loss	: 0.0843
MMD_loss	: 2.4597
Src_reg_loss	: 0.0597
-------------------------------------
[Epoch : 56/500]
Total_loss	: 0.0837
MMD_loss	: 2.4488
Src_reg_loss	: 0.0592
-------------------------------------
[Epoch : 57/500]
Total_loss	: 0.0831
MMD_loss	: 2.4377
Src_reg_loss	: 0.0587
-------------------------------------
[Epoch : 58/500]
Total_loss	: 0.0825
MMD_loss	: 2.4265
Src_reg_loss	: 0.0582
-------------------------------------
[Epoch : 59/500]
Total_loss	: 0.0819
MMD_loss	: 2.4152
Src_reg_loss	: 0.0578
-------------------------------------
[Epoch : 60/500]
Total_loss	: 0.0813
MMD_loss	: 2.4037
Src_reg_loss	: 0.0573
-------------------------------------
[Epoch : 61/500]
Total_loss	: 0.0808
MMD_loss	: 2.3921
Src_reg_loss	: 0.0569
-------------------------------------
[Epoch : 62/500]
Total_loss	: 0.0802
MMD_loss	: 2.3804
Src_reg_loss	: 0.0564
-------------------------------------
[Epoch : 63/500]
Total_loss	: 0.0797
MMD_loss	: 2.3685
Src_reg_loss	: 0.0560
-------------------------------------
[Epoch : 64/500]
Total_loss	: 0.0792
MMD_loss	: 2.3566
Src_reg_loss	: 0.0556
-------------------------------------
[Epoch : 65/500]
Total_loss	: 0.0786
MMD_loss	: 2.3447
Src_reg_loss	: 0.0552
-------------------------------------
[Epoch : 66/500]
Total_loss	: 0.0781
MMD_loss	: 2.3326
Src_reg_loss	: 0.0548
-------------------------------------
[Epoch : 67/500]
Total_loss	: 0.0776
MMD_loss	: 2.3205
Src_reg_loss	: 0.0544
-------------------------------------
[Epoch : 68/500]
Total_loss	: 0.0771
MMD_loss	: 2.3084
Src_reg_loss	: 0.0541
-------------------------------------
[Epoch : 69/500]
Total_loss	: 0.0767
MMD_loss	: 2.2962
Src_reg_loss	: 0.0537
-------------------------------------
[Epoch : 70/500]
Total_loss	: 0.0762
MMD_loss	: 2.2840
Src_reg_loss	: 0.0534
-------------------------------------
[Epoch : 71/500]
Total_loss	: 0.0757
MMD_loss	: 2.2717
Src_reg_loss	: 0.0530
-------------------------------------
[Epoch : 72/500]
Total_loss	: 0.0753
MMD_loss	: 2.2595
Src_reg_loss	: 0.0527
-------------------------------------
[Epoch : 73/500]
Total_loss	: 0.0748
MMD_loss	: 2.2473
Src_reg_loss	: 0.0523
-------------------------------------
[Epoch : 74/500]
Total_loss	: 0.0744
MMD_loss	: 2.2351
Src_reg_loss	: 0.0520
-------------------------------------
[Epoch : 75/500]
Total_loss	: 0.0739
MMD_loss	: 2.2229
Src_reg_loss	: 0.0517
-------------------------------------
[Epoch : 76/500]
Total_loss	: 0.0735
MMD_loss	: 2.2109
Src_reg_loss	: 0.0514
-------------------------------------
[Epoch : 77/500]
Total_loss	: 0.0731
MMD_loss	: 2.1989
Src_reg_loss	: 0.0511
-------------------------------------
[Epoch : 78/500]
Total_loss	: 0.0727
MMD_loss	: 2.1871
Src_reg_loss	: 0.0508
-------------------------------------
[Epoch : 79/500]
Total_loss	: 0.0723
MMD_loss	: 2.1754
Src_reg_loss	: 0.0505
-------------------------------------
[Epoch : 80/500]
Total_loss	: 0.0719
MMD_loss	: 2.1640
Src_reg_loss	: 0.0502
-------------------------------------
[Epoch : 81/500]
Total_loss	: 0.0715
MMD_loss	: 2.1527
Src_reg_loss	: 0.0500
-------------------------------------
[Epoch : 82/500]
Total_loss	: 0.0711
MMD_loss	: 2.1418
Src_reg_loss	: 0.0497
-------------------------------------
[Epoch : 83/500]
Total_loss	: 0.0707
MMD_loss	: 2.1311
Src_reg_loss	: 0.0494
-------------------------------------
[Epoch : 84/500]
Total_loss	: 0.0704
MMD_loss	: 2.1207
Src_reg_loss	: 0.0492
-------------------------------------
[Epoch : 85/500]
Total_loss	: 0.0700
MMD_loss	: 2.1107
Src_reg_loss	: 0.0489
-------------------------------------
[Epoch : 86/500]
Total_loss	: 0.0696
MMD_loss	: 2.1010
Src_reg_loss	: 0.0486
-------------------------------------
[Epoch : 87/500]
Total_loss	: 0.0693
MMD_loss	: 2.0917
Src_reg_loss	: 0.0484
-------------------------------------
[Epoch : 88/500]
Total_loss	: 0.0690
MMD_loss	: 2.0828
Src_reg_loss	: 0.0481
-------------------------------------
[Epoch : 89/500]
Total_loss	: 0.0686
MMD_loss	: 2.0744
Src_reg_loss	: 0.0479
-------------------------------------
[Epoch : 90/500]
Total_loss	: 0.0683
MMD_loss	: 2.0663
Src_reg_loss	: 0.0477
-------------------------------------
[Epoch : 91/500]
Total_loss	: 0.0680
MMD_loss	: 2.0587
Src_reg_loss	: 0.0474
-------------------------------------
[Epoch : 92/500]
Total_loss	: 0.0677
MMD_loss	: 2.0516
Src_reg_loss	: 0.0472
-------------------------------------
[Epoch : 93/500]
Total_loss	: 0.0674
MMD_loss	: 2.0449
Src_reg_loss	: 0.0470
-------------------------------------
[Epoch : 94/500]
Total_loss	: 0.0671
MMD_loss	: 2.0386
Src_reg_loss	: 0.0468
-------------------------------------
[Epoch : 95/500]
Total_loss	: 0.0669
MMD_loss	: 2.0329
Src_reg_loss	: 0.0465
-------------------------------------
[Epoch : 96/500]
Total_loss	: 0.0666
MMD_loss	: 2.0275
Src_reg_loss	: 0.0463
-------------------------------------
[Epoch : 97/500]
Total_loss	: 0.0663
MMD_loss	: 2.0227
Src_reg_loss	: 0.0461
-------------------------------------
[Epoch : 98/500]
Total_loss	: 0.0661
MMD_loss	: 2.0183
Src_reg_loss	: 0.0459
-------------------------------------
[Epoch : 99/500]
Total_loss	: 0.0658
MMD_loss	: 2.0143
Src_reg_loss	: 0.0457
-------------------------------------
[Epoch : 100/500]
Total_loss	: 0.0656
MMD_loss	: 2.0108
Src_reg_loss	: 0.0455
-------------------------------------
[Epoch : 101/500]
Total_loss	: 0.0654
MMD_loss	: 2.0078
Src_reg_loss	: 0.0453
-------------------------------------
[Epoch : 102/500]
Total_loss	: 0.0651
MMD_loss	: 2.0051
Src_reg_loss	: 0.0451
-------------------------------------
[Epoch : 103/500]
Total_loss	: 0.0649
MMD_loss	: 2.0029
Src_reg_loss	: 0.0449
-------------------------------------
[Epoch : 104/500]
Total_loss	: 0.0647
MMD_loss	: 2.0011
Src_reg_loss	: 0.0447
-------------------------------------
[Epoch : 105/500]
Total_loss	: 0.0645
MMD_loss	: 1.9997
Src_reg_loss	: 0.0445
-------------------------------------
[Epoch : 106/500]
Total_loss	: 0.0643
MMD_loss	: 1.9986
Src_reg_loss	: 0.0443
-------------------------------------
[Epoch : 107/500]
Total_loss	: 0.0641
MMD_loss	: 1.9979
Src_reg_loss	: 0.0441
-------------------------------------
[Epoch : 108/500]
Total_loss	: 0.0639
MMD_loss	: 1.9975
Src_reg_loss	: 0.0439
-------------------------------------
[Epoch : 109/500]
Total_loss	: 0.0637
MMD_loss	: 1.9974
Src_reg_loss	: 0.0437
-------------------------------------
[Epoch : 110/500]
Total_loss	: 0.0635
MMD_loss	: 1.9976
Src_reg_loss	: 0.0436
-------------------------------------
[Epoch : 111/500]
Total_loss	: 0.0634
MMD_loss	: 1.9981
Src_reg_loss	: 0.0434
-------------------------------------
[Epoch : 112/500]
Total_loss	: 0.0632
MMD_loss	: 1.9988
Src_reg_loss	: 0.0432
-------------------------------------
[Epoch : 113/500]
Total_loss	: 0.0630
MMD_loss	: 1.9997
Src_reg_loss	: 0.0430
-------------------------------------
[Epoch : 114/500]
Total_loss	: 0.0629
MMD_loss	: 2.0007
Src_reg_loss	: 0.0428
-------------------------------------
[Epoch : 115/500]
Total_loss	: 0.0627
MMD_loss	: 2.0019
Src_reg_loss	: 0.0427
-------------------------------------
[Epoch : 116/500]
Total_loss	: 0.0625
MMD_loss	: 2.0033
Src_reg_loss	: 0.0425
-------------------------------------
[Epoch : 117/500]
Total_loss	: 0.0624
MMD_loss	: 2.0047
Src_reg_loss	: 0.0423
-------------------------------------
[Epoch : 118/500]
Total_loss	: 0.0622
MMD_loss	: 2.0062
Src_reg_loss	: 0.0422
-------------------------------------
[Epoch : 119/500]
Total_loss	: 0.0621
MMD_loss	: 2.0078
Src_reg_loss	: 0.0420
-------------------------------------
[Epoch : 120/500]
Total_loss	: 0.0619
MMD_loss	: 2.0095
Src_reg_loss	: 0.0418
-------------------------------------
[Epoch : 121/500]
Total_loss	: 0.0618
MMD_loss	: 2.0111
Src_reg_loss	: 0.0417
-------------------------------------
[Epoch : 122/500]
Total_loss	: 0.0616
MMD_loss	: 2.0128
Src_reg_loss	: 0.0415
-------------------------------------
[Epoch : 123/500]
Total_loss	: 0.0615
MMD_loss	: 2.0145
Src_reg_loss	: 0.0414
-------------------------------------
[Epoch : 124/500]
Total_loss	: 0.0614
MMD_loss	: 2.0162
Src_reg_loss	: 0.0412
-------------------------------------
[Epoch : 125/500]
Total_loss	: 0.0612
MMD_loss	: 2.0178
Src_reg_loss	: 0.0410
-------------------------------------
[Epoch : 126/500]
Total_loss	: 0.0611
MMD_loss	: 2.0194
Src_reg_loss	: 0.0409
-------------------------------------
[Epoch : 127/500]
Total_loss	: 0.0609
MMD_loss	: 2.0209
Src_reg_loss	: 0.0407
-------------------------------------
[Epoch : 128/500]
Total_loss	: 0.0608
MMD_loss	: 2.0224
Src_reg_loss	: 0.0406
-------------------------------------
[Epoch : 129/500]
Total_loss	: 0.0607
MMD_loss	: 2.0238
Src_reg_loss	: 0.0404
-------------------------------------
[Epoch : 130/500]
Total_loss	: 0.0605
MMD_loss	: 2.0251
Src_reg_loss	: 0.0403
-------------------------------------
[Epoch : 131/500]
Total_loss	: 0.0604
MMD_loss	: 2.0264
Src_reg_loss	: 0.0401
-------------------------------------
[Epoch : 132/500]
Total_loss	: 0.0603
MMD_loss	: 2.0275
Src_reg_loss	: 0.0400
-------------------------------------
[Epoch : 133/500]
Total_loss	: 0.0601
MMD_loss	: 2.0286
Src_reg_loss	: 0.0398
-------------------------------------
[Epoch : 134/500]
Total_loss	: 0.0600
MMD_loss	: 2.0295
Src_reg_loss	: 0.0397
-------------------------------------
[Epoch : 135/500]
Total_loss	: 0.0599
MMD_loss	: 2.0304
Src_reg_loss	: 0.0396
-------------------------------------
[Epoch : 136/500]
Total_loss	: 0.0597
MMD_loss	: 2.0311
Src_reg_loss	: 0.0394
-------------------------------------
[Epoch : 137/500]
Total_loss	: 0.0596
MMD_loss	: 2.0318
Src_reg_loss	: 0.0393
-------------------------------------
[Epoch : 138/500]
Total_loss	: 0.0595
MMD_loss	: 2.0323
Src_reg_loss	: 0.0391
-------------------------------------
[Epoch : 139/500]
Total_loss	: 0.0593
MMD_loss	: 2.0327
Src_reg_loss	: 0.0390
-------------------------------------
[Epoch : 140/500]
Total_loss	: 0.0592
MMD_loss	: 2.0331
Src_reg_loss	: 0.0389
-------------------------------------
[Epoch : 141/500]
Total_loss	: 0.0591
MMD_loss	: 2.0333
Src_reg_loss	: 0.0387
-------------------------------------
[Epoch : 142/500]
Total_loss	: 0.0589
MMD_loss	: 2.0334
Src_reg_loss	: 0.0386
-------------------------------------
[Epoch : 143/500]
Total_loss	: 0.0588
MMD_loss	: 2.0334
Src_reg_loss	: 0.0385
-------------------------------------
[Epoch : 144/500]
Total_loss	: 0.0587
MMD_loss	: 2.0334
Src_reg_loss	: 0.0383
-------------------------------------
[Epoch : 145/500]
Total_loss	: 0.0585
MMD_loss	: 2.0332
Src_reg_loss	: 0.0382
-------------------------------------
[Epoch : 146/500]
Total_loss	: 0.0584
MMD_loss	: 2.0329
Src_reg_loss	: 0.0381
-------------------------------------
[Epoch : 147/500]
Total_loss	: 0.0583
MMD_loss	: 2.0325
Src_reg_loss	: 0.0380
-------------------------------------
[Epoch : 148/500]
Total_loss	: 0.0582
MMD_loss	: 2.0320
Src_reg_loss	: 0.0378
-------------------------------------
[Epoch : 149/500]
Total_loss	: 0.0580
MMD_loss	: 2.0314
Src_reg_loss	: 0.0377
-------------------------------------
[Epoch : 150/500]
Total_loss	: 0.0579
MMD_loss	: 2.0307
Src_reg_loss	: 0.0376
-------------------------------------
[Epoch : 151/500]
Total_loss	: 0.0578
MMD_loss	: 2.0299
Src_reg_loss	: 0.0375
-------------------------------------
[Epoch : 152/500]
Total_loss	: 0.0576
MMD_loss	: 2.0290
Src_reg_loss	: 0.0374
-------------------------------------
[Epoch : 153/500]
Total_loss	: 0.0575
MMD_loss	: 2.0281
Src_reg_loss	: 0.0372
-------------------------------------
[Epoch : 154/500]
Total_loss	: 0.0574
MMD_loss	: 2.0270
Src_reg_loss	: 0.0371
-------------------------------------
[Epoch : 155/500]
Total_loss	: 0.0573
MMD_loss	: 2.0259
Src_reg_loss	: 0.0370
-------------------------------------
[Epoch : 156/500]
Total_loss	: 0.0571
MMD_loss	: 2.0247
Src_reg_loss	: 0.0369
-------------------------------------
[Epoch : 157/500]
Total_loss	: 0.0570
MMD_loss	: 2.0234
Src_reg_loss	: 0.0368
-------------------------------------
[Epoch : 158/500]
Total_loss	: 0.0569
MMD_loss	: 2.0220
Src_reg_loss	: 0.0367
-------------------------------------
[Epoch : 159/500]
Total_loss	: 0.0568
MMD_loss	: 2.0206
Src_reg_loss	: 0.0365
-------------------------------------
[Epoch : 160/500]
Total_loss	: 0.0566
MMD_loss	: 2.0190
Src_reg_loss	: 0.0364
-------------------------------------
[Epoch : 161/500]
Total_loss	: 0.0565
MMD_loss	: 2.0175
Src_reg_loss	: 0.0363
-------------------------------------
[Epoch : 162/500]
Total_loss	: 0.0564
MMD_loss	: 2.0158
Src_reg_loss	: 0.0362
-------------------------------------
[Epoch : 163/500]
Total_loss	: 0.0562
MMD_loss	: 2.0141
Src_reg_loss	: 0.0361
-------------------------------------
[Epoch : 164/500]
Total_loss	: 0.0561
MMD_loss	: 2.0123
Src_reg_loss	: 0.0360
-------------------------------------
[Epoch : 165/500]
Total_loss	: 0.0560
MMD_loss	: 2.0104
Src_reg_loss	: 0.0359
-------------------------------------
[Epoch : 166/500]
Total_loss	: 0.0559
MMD_loss	: 2.0085
Src_reg_loss	: 0.0358
-------------------------------------
[Epoch : 167/500]
Total_loss	: 0.0557
MMD_loss	: 2.0066
Src_reg_loss	: 0.0357
-------------------------------------
[Epoch : 168/500]
Total_loss	: 0.0556
MMD_loss	: 2.0045
Src_reg_loss	: 0.0356
-------------------------------------
[Epoch : 169/500]
Total_loss	: 0.0555
MMD_loss	: 2.0024
Src_reg_loss	: 0.0355
-------------------------------------
[Epoch : 170/500]
Total_loss	: 0.0554
MMD_loss	: 2.0003
Src_reg_loss	: 0.0354
-------------------------------------
[Epoch : 171/500]
Total_loss	: 0.0553
MMD_loss	: 1.9981
Src_reg_loss	: 0.0353
-------------------------------------
[Epoch : 172/500]
Total_loss	: 0.0551
MMD_loss	: 1.9959
Src_reg_loss	: 0.0352
-------------------------------------
[Epoch : 173/500]
Total_loss	: 0.0550
MMD_loss	: 1.9936
Src_reg_loss	: 0.0351
-------------------------------------
[Epoch : 174/500]
Total_loss	: 0.0549
MMD_loss	: 1.9912
Src_reg_loss	: 0.0350
-------------------------------------
[Epoch : 175/500]
Total_loss	: 0.0548
MMD_loss	: 1.9888
Src_reg_loss	: 0.0349
-------------------------------------
[Epoch : 176/500]
Total_loss	: 0.0546
MMD_loss	: 1.9864
Src_reg_loss	: 0.0348
-------------------------------------
[Epoch : 177/500]
Total_loss	: 0.0545
MMD_loss	: 1.9839
Src_reg_loss	: 0.0347
-------------------------------------
[Epoch : 178/500]
Total_loss	: 0.0544
MMD_loss	: 1.9813
Src_reg_loss	: 0.0346
-------------------------------------
[Epoch : 179/500]
Total_loss	: 0.0543
MMD_loss	: 1.9787
Src_reg_loss	: 0.0345
-------------------------------------
[Epoch : 180/500]
Total_loss	: 0.0542
MMD_loss	: 1.9761
Src_reg_loss	: 0.0344
-------------------------------------
[Epoch : 181/500]
Total_loss	: 0.0540
MMD_loss	: 1.9735
Src_reg_loss	: 0.0343
-------------------------------------
[Epoch : 182/500]
Total_loss	: 0.0539
MMD_loss	: 1.9707
Src_reg_loss	: 0.0342
-------------------------------------
[Epoch : 183/500]
Total_loss	: 0.0538
MMD_loss	: 1.9680
Src_reg_loss	: 0.0341
-------------------------------------
[Epoch : 184/500]
Total_loss	: 0.0537
MMD_loss	: 1.9652
Src_reg_loss	: 0.0340
-------------------------------------
[Epoch : 185/500]
Total_loss	: 0.0536
MMD_loss	: 1.9624
Src_reg_loss	: 0.0339
-------------------------------------
[Epoch : 186/500]
Total_loss	: 0.0534
MMD_loss	: 1.9595
Src_reg_loss	: 0.0338
-------------------------------------
[Epoch : 187/500]
Total_loss	: 0.0533
MMD_loss	: 1.9566
Src_reg_loss	: 0.0338
-------------------------------------
[Epoch : 188/500]
Total_loss	: 0.0532
MMD_loss	: 1.9536
Src_reg_loss	: 0.0337
-------------------------------------
[Epoch : 189/500]
Total_loss	: 0.0531
MMD_loss	: 1.9507
Src_reg_loss	: 0.0336
-------------------------------------
[Epoch : 190/500]
Total_loss	: 0.0530
MMD_loss	: 1.9477
Src_reg_loss	: 0.0335
-------------------------------------
[Epoch : 191/500]
Total_loss	: 0.0529
MMD_loss	: 1.9446
Src_reg_loss	: 0.0334
-------------------------------------
[Epoch : 192/500]
Total_loss	: 0.0527
MMD_loss	: 1.9415
Src_reg_loss	: 0.0333
-------------------------------------
[Epoch : 193/500]
Total_loss	: 0.0526
MMD_loss	: 1.9384
Src_reg_loss	: 0.0332
-------------------------------------
[Epoch : 194/500]
Total_loss	: 0.0525
MMD_loss	: 1.9353
Src_reg_loss	: 0.0331
-------------------------------------
[Epoch : 195/500]
Total_loss	: 0.0524
MMD_loss	: 1.9321
Src_reg_loss	: 0.0331
-------------------------------------
[Epoch : 196/500]
Total_loss	: 0.0523
MMD_loss	: 1.9289
Src_reg_loss	: 0.0330
-------------------------------------
[Epoch : 197/500]
Total_loss	: 0.0522
MMD_loss	: 1.9257
Src_reg_loss	: 0.0329
-------------------------------------
[Epoch : 198/500]
Total_loss	: 0.0520
MMD_loss	: 1.9224
Src_reg_loss	: 0.0328
-------------------------------------
[Epoch : 199/500]
Total_loss	: 0.0519
MMD_loss	: 1.9191
Src_reg_loss	: 0.0327
-------------------------------------
[Epoch : 200/500]
Total_loss	: 0.0518
MMD_loss	: 1.9158
Src_reg_loss	: 0.0327
-------------------------------------
[Epoch : 201/500]
Total_loss	: 0.0517
MMD_loss	: 1.9124
Src_reg_loss	: 0.0326
-------------------------------------
[Epoch : 202/500]
Total_loss	: 0.0516
MMD_loss	: 1.9091
Src_reg_loss	: 0.0325
-------------------------------------
[Epoch : 203/500]
Total_loss	: 0.0515
MMD_loss	: 1.9057
Src_reg_loss	: 0.0324
-------------------------------------
[Epoch : 204/500]
Total_loss	: 0.0514
MMD_loss	: 1.9022
Src_reg_loss	: 0.0323
-------------------------------------
[Epoch : 205/500]
Total_loss	: 0.0512
MMD_loss	: 1.8988
Src_reg_loss	: 0.0323
-------------------------------------
[Epoch : 206/500]
Total_loss	: 0.0511
MMD_loss	: 1.8953
Src_reg_loss	: 0.0322
-------------------------------------
[Epoch : 207/500]
Total_loss	: 0.0510
MMD_loss	: 1.8918
Src_reg_loss	: 0.0321
-------------------------------------
[Epoch : 208/500]
Total_loss	: 0.0509
MMD_loss	: 1.8883
Src_reg_loss	: 0.0320
-------------------------------------
[Epoch : 209/500]
Total_loss	: 0.0508
MMD_loss	: 1.8848
Src_reg_loss	: 0.0319
-------------------------------------
[Epoch : 210/500]
Total_loss	: 0.0507
MMD_loss	: 1.8812
Src_reg_loss	: 0.0319
-------------------------------------
[Epoch : 211/500]
Total_loss	: 0.0506
MMD_loss	: 1.8776
Src_reg_loss	: 0.0318
-------------------------------------
[Epoch : 212/500]
Total_loss	: 0.0505
MMD_loss	: 1.8740
Src_reg_loss	: 0.0317
-------------------------------------
[Epoch : 213/500]
Total_loss	: 0.0503
MMD_loss	: 1.8704
Src_reg_loss	: 0.0316
-------------------------------------
[Epoch : 214/500]
Total_loss	: 0.0502
MMD_loss	: 1.8668
Src_reg_loss	: 0.0316
-------------------------------------
[Epoch : 215/500]
Total_loss	: 0.0501
MMD_loss	: 1.8631
Src_reg_loss	: 0.0315
-------------------------------------
[Epoch : 216/500]
Total_loss	: 0.0500
MMD_loss	: 1.8594
Src_reg_loss	: 0.0314
-------------------------------------
[Epoch : 217/500]
Total_loss	: 0.0499
MMD_loss	: 1.8558
Src_reg_loss	: 0.0313
-------------------------------------
[Epoch : 218/500]
Total_loss	: 0.0498
MMD_loss	: 1.8521
Src_reg_loss	: 0.0313
-------------------------------------
[Epoch : 219/500]
Total_loss	: 0.0497
MMD_loss	: 1.8483
Src_reg_loss	: 0.0312
-------------------------------------
[Epoch : 220/500]
Total_loss	: 0.0496
MMD_loss	: 1.8446
Src_reg_loss	: 0.0311
-------------------------------------
[Epoch : 221/500]
Total_loss	: 0.0495
MMD_loss	: 1.8409
Src_reg_loss	: 0.0311
-------------------------------------
[Epoch : 222/500]
Total_loss	: 0.0494
MMD_loss	: 1.8371
Src_reg_loss	: 0.0310
-------------------------------------
[Epoch : 223/500]
Total_loss	: 0.0492
MMD_loss	: 1.8334
Src_reg_loss	: 0.0309
-------------------------------------
[Epoch : 224/500]
Total_loss	: 0.0491
MMD_loss	: 1.8296
Src_reg_loss	: 0.0308
-------------------------------------
[Epoch : 225/500]
Total_loss	: 0.0490
MMD_loss	: 1.8258
Src_reg_loss	: 0.0308
-------------------------------------
[Epoch : 226/500]
Total_loss	: 0.0489
MMD_loss	: 1.8220
Src_reg_loss	: 0.0307
-------------------------------------
[Epoch : 227/500]
Total_loss	: 0.0488
MMD_loss	: 1.8182
Src_reg_loss	: 0.0306
-------------------------------------
[Epoch : 228/500]
Total_loss	: 0.0487
MMD_loss	: 1.8144
Src_reg_loss	: 0.0306
-------------------------------------
[Epoch : 229/500]
Total_loss	: 0.0486
MMD_loss	: 1.8106
Src_reg_loss	: 0.0305
-------------------------------------
[Epoch : 230/500]
Total_loss	: 0.0485
MMD_loss	: 1.8068
Src_reg_loss	: 0.0304
-------------------------------------
[Epoch : 231/500]
Total_loss	: 0.0484
MMD_loss	: 1.8030
Src_reg_loss	: 0.0304
-------------------------------------
[Epoch : 232/500]
Total_loss	: 0.0483
MMD_loss	: 1.7992
Src_reg_loss	: 0.0303
-------------------------------------
[Epoch : 233/500]
Total_loss	: 0.0482
MMD_loss	: 1.7954
Src_reg_loss	: 0.0302
-------------------------------------
[Epoch : 234/500]
Total_loss	: 0.0481
MMD_loss	: 1.7916
Src_reg_loss	: 0.0302
-------------------------------------
[Epoch : 235/500]
Total_loss	: 0.0480
MMD_loss	: 1.7878
Src_reg_loss	: 0.0301
-------------------------------------
[Epoch : 236/500]
Total_loss	: 0.0479
MMD_loss	: 1.7840
Src_reg_loss	: 0.0300
-------------------------------------
[Epoch : 237/500]
Total_loss	: 0.0478
MMD_loss	: 1.7802
Src_reg_loss	: 0.0300
-------------------------------------
[Epoch : 238/500]
Total_loss	: 0.0477
MMD_loss	: 1.7764
Src_reg_loss	: 0.0299
-------------------------------------
[Epoch : 239/500]
Total_loss	: 0.0476
MMD_loss	: 1.7726
Src_reg_loss	: 0.0298
-------------------------------------
[Epoch : 240/500]
Total_loss	: 0.0475
MMD_loss	: 1.7688
Src_reg_loss	: 0.0298
-------------------------------------
[Epoch : 241/500]
Total_loss	: 0.0474
MMD_loss	: 1.7650
Src_reg_loss	: 0.0297
-------------------------------------
[Epoch : 242/500]
Total_loss	: 0.0473
MMD_loss	: 1.7612
Src_reg_loss	: 0.0296
-------------------------------------
[Epoch : 243/500]
Total_loss	: 0.0472
MMD_loss	: 1.7574
Src_reg_loss	: 0.0296
-------------------------------------
[Epoch : 244/500]
Total_loss	: 0.0471
MMD_loss	: 1.7537
Src_reg_loss	: 0.0295
-------------------------------------
[Epoch : 245/500]
Total_loss	: 0.0470
MMD_loss	: 1.7499
Src_reg_loss	: 0.0295
-------------------------------------
[Epoch : 246/500]
Total_loss	: 0.0469
MMD_loss	: 1.7462
Src_reg_loss	: 0.0294
-------------------------------------
[Epoch : 247/500]
Total_loss	: 0.0468
MMD_loss	: 1.7425
Src_reg_loss	: 0.0293
-------------------------------------
[Epoch : 248/500]
Total_loss	: 0.0467
MMD_loss	: 1.7387
Src_reg_loss	: 0.0293
-------------------------------------
[Epoch : 249/500]
Total_loss	: 0.0466
MMD_loss	: 1.7350
Src_reg_loss	: 0.0292
-------------------------------------
[Epoch : 250/500]
Total_loss	: 0.0465
MMD_loss	: 1.7314
Src_reg_loss	: 0.0291
-------------------------------------
[Epoch : 251/500]
Total_loss	: 0.0464
MMD_loss	: 1.7277
Src_reg_loss	: 0.0291
-------------------------------------
[Epoch : 252/500]
Total_loss	: 0.0463
MMD_loss	: 1.7240
Src_reg_loss	: 0.0290
-------------------------------------
[Epoch : 253/500]
Total_loss	: 0.0462
MMD_loss	: 1.7204
Src_reg_loss	: 0.0290
-------------------------------------
[Epoch : 254/500]
Total_loss	: 0.0461
MMD_loss	: 1.7168
Src_reg_loss	: 0.0289
-------------------------------------
[Epoch : 255/500]
Total_loss	: 0.0460
MMD_loss	: 1.7132
Src_reg_loss	: 0.0288
-------------------------------------
[Epoch : 256/500]
Total_loss	: 0.0459
MMD_loss	: 1.7096
Src_reg_loss	: 0.0288
-------------------------------------
[Epoch : 257/500]
Total_loss	: 0.0458
MMD_loss	: 1.7060
Src_reg_loss	: 0.0287
-------------------------------------
[Epoch : 258/500]
Total_loss	: 0.0457
MMD_loss	: 1.7024
Src_reg_loss	: 0.0287
-------------------------------------
[Epoch : 259/500]
Total_loss	: 0.0456
MMD_loss	: 1.6989
Src_reg_loss	: 0.0286
-------------------------------------
[Epoch : 260/500]
Total_loss	: 0.0455
MMD_loss	: 1.6954
Src_reg_loss	: 0.0286
-------------------------------------
[Epoch : 261/500]
Total_loss	: 0.0454
MMD_loss	: 1.6919
Src_reg_loss	: 0.0285
-------------------------------------
[Epoch : 262/500]
Total_loss	: 0.0453
MMD_loss	: 1.6884
Src_reg_loss	: 0.0284
-------------------------------------
[Epoch : 263/500]
Total_loss	: 0.0452
MMD_loss	: 1.6850
Src_reg_loss	: 0.0284
-------------------------------------
[Epoch : 264/500]
Total_loss	: 0.0451
MMD_loss	: 1.6815
Src_reg_loss	: 0.0283
-------------------------------------
[Epoch : 265/500]
Total_loss	: 0.0451
MMD_loss	: 1.6781
Src_reg_loss	: 0.0283
-------------------------------------
[Epoch : 266/500]
Total_loss	: 0.0450
MMD_loss	: 1.6747
Src_reg_loss	: 0.0282
-------------------------------------
[Epoch : 267/500]
Total_loss	: 0.0449
MMD_loss	: 1.6714
Src_reg_loss	: 0.0282
-------------------------------------
[Epoch : 268/500]
Total_loss	: 0.0448
MMD_loss	: 1.6680
Src_reg_loss	: 0.0281
-------------------------------------
[Epoch : 269/500]
Total_loss	: 0.0447
MMD_loss	: 1.6647
Src_reg_loss	: 0.0281
-------------------------------------
[Epoch : 270/500]
Total_loss	: 0.0446
MMD_loss	: 1.6614
Src_reg_loss	: 0.0280
-------------------------------------
[Epoch : 271/500]
Total_loss	: 0.0445
MMD_loss	: 1.6581
Src_reg_loss	: 0.0279
-------------------------------------
[Epoch : 272/500]
Total_loss	: 0.0444
MMD_loss	: 1.6548
Src_reg_loss	: 0.0279
-------------------------------------
[Epoch : 273/500]
Total_loss	: 0.0444
MMD_loss	: 1.6516
Src_reg_loss	: 0.0278
-------------------------------------
[Epoch : 274/500]
Total_loss	: 0.0443
MMD_loss	: 1.6484
Src_reg_loss	: 0.0278
-------------------------------------
[Epoch : 275/500]
Total_loss	: 0.0442
MMD_loss	: 1.6452
Src_reg_loss	: 0.0277
-------------------------------------
[Epoch : 276/500]
Total_loss	: 0.0441
MMD_loss	: 1.6420
Src_reg_loss	: 0.0277
-------------------------------------
[Epoch : 277/500]
Total_loss	: 0.0440
MMD_loss	: 1.6389
Src_reg_loss	: 0.0276
-------------------------------------
[Epoch : 278/500]
Total_loss	: 0.0439
MMD_loss	: 1.6358
Src_reg_loss	: 0.0276
-------------------------------------
[Epoch : 279/500]
Total_loss	: 0.0438
MMD_loss	: 1.6327
Src_reg_loss	: 0.0275
-------------------------------------
[Epoch : 280/500]
Total_loss	: 0.0438
MMD_loss	: 1.6296
Src_reg_loss	: 0.0275
-------------------------------------
[Epoch : 281/500]
Total_loss	: 0.0437
MMD_loss	: 1.6265
Src_reg_loss	: 0.0274
-------------------------------------
[Epoch : 282/500]
Total_loss	: 0.0436
MMD_loss	: 1.6235
Src_reg_loss	: 0.0274
-------------------------------------
[Epoch : 283/500]
Total_loss	: 0.0435
MMD_loss	: 1.6205
Src_reg_loss	: 0.0273
-------------------------------------
[Epoch : 284/500]
Total_loss	: 0.0434
MMD_loss	: 1.6175
Src_reg_loss	: 0.0273
-------------------------------------
[Epoch : 285/500]
Total_loss	: 0.0434
MMD_loss	: 1.6145
Src_reg_loss	: 0.0272
-------------------------------------
[Epoch : 286/500]
Total_loss	: 0.0433
MMD_loss	: 1.6116
Src_reg_loss	: 0.0272
-------------------------------------
[Epoch : 287/500]
Total_loss	: 0.0432
MMD_loss	: 1.6087
Src_reg_loss	: 0.0271
-------------------------------------
[Epoch : 288/500]
Total_loss	: 0.0431
MMD_loss	: 1.6058
Src_reg_loss	: 0.0271
-------------------------------------
[Epoch : 289/500]
Total_loss	: 0.0430
MMD_loss	: 1.6029
Src_reg_loss	: 0.0270
-------------------------------------
[Epoch : 290/500]
Total_loss	: 0.0430
MMD_loss	: 1.6000
Src_reg_loss	: 0.0270
-------------------------------------
[Epoch : 291/500]
Total_loss	: 0.0429
MMD_loss	: 1.5972
Src_reg_loss	: 0.0269
-------------------------------------
[Epoch : 292/500]
Total_loss	: 0.0428
MMD_loss	: 1.5944
Src_reg_loss	: 0.0269
-------------------------------------
[Epoch : 293/500]
Total_loss	: 0.0427
MMD_loss	: 1.5916
Src_reg_loss	: 0.0268
-------------------------------------
[Epoch : 294/500]
Total_loss	: 0.0427
MMD_loss	: 1.5888
Src_reg_loss	: 0.0268
-------------------------------------
[Epoch : 295/500]
Total_loss	: 0.0426
MMD_loss	: 1.5861
Src_reg_loss	: 0.0267
-------------------------------------
[Epoch : 296/500]
Total_loss	: 0.0425
MMD_loss	: 1.5834
Src_reg_loss	: 0.0267
-------------------------------------
[Epoch : 297/500]
Total_loss	: 0.0424
MMD_loss	: 1.5807
Src_reg_loss	: 0.0266
-------------------------------------
[Epoch : 298/500]
Total_loss	: 0.0424
MMD_loss	: 1.5780
Src_reg_loss	: 0.0266
-------------------------------------
[Epoch : 299/500]
Total_loss	: 0.0423
MMD_loss	: 1.5753
Src_reg_loss	: 0.0265
-------------------------------------
[Epoch : 300/500]
Total_loss	: 0.0422
MMD_loss	: 1.5727
Src_reg_loss	: 0.0265
-------------------------------------
[Epoch : 301/500]
Total_loss	: 0.0421
MMD_loss	: 1.5700
Src_reg_loss	: 0.0264
-------------------------------------
[Epoch : 302/500]
Total_loss	: 0.0421
MMD_loss	: 1.5674
Src_reg_loss	: 0.0264
-------------------------------------
[Epoch : 303/500]
Total_loss	: 0.0420
MMD_loss	: 1.5648
Src_reg_loss	: 0.0264
-------------------------------------
[Epoch : 304/500]
Total_loss	: 0.0419
MMD_loss	: 1.5623
Src_reg_loss	: 0.0263
-------------------------------------
[Epoch : 305/500]
Total_loss	: 0.0419
MMD_loss	: 1.5597
Src_reg_loss	: 0.0263
-------------------------------------
[Epoch : 306/500]
Total_loss	: 0.0418
MMD_loss	: 1.5572
Src_reg_loss	: 0.0262
-------------------------------------
[Epoch : 307/500]
Total_loss	: 0.0417
MMD_loss	: 1.5547
Src_reg_loss	: 0.0262
-------------------------------------
[Epoch : 308/500]
Total_loss	: 0.0417
MMD_loss	: 1.5522
Src_reg_loss	: 0.0261
-------------------------------------
[Epoch : 309/500]
Total_loss	: 0.0416
MMD_loss	: 1.5497
Src_reg_loss	: 0.0261
-------------------------------------
[Epoch : 310/500]
Total_loss	: 0.0415
MMD_loss	: 1.5473
Src_reg_loss	: 0.0260
-------------------------------------
[Epoch : 311/500]
Total_loss	: 0.0414
MMD_loss	: 1.5448
Src_reg_loss	: 0.0260
-------------------------------------
[Epoch : 312/500]
Total_loss	: 0.0414
MMD_loss	: 1.5424
Src_reg_loss	: 0.0260
-------------------------------------
[Epoch : 313/500]
Total_loss	: 0.0413
MMD_loss	: 1.5400
Src_reg_loss	: 0.0259
-------------------------------------
[Epoch : 314/500]
Total_loss	: 0.0412
MMD_loss	: 1.5376
Src_reg_loss	: 0.0259
-------------------------------------
[Epoch : 315/500]
Total_loss	: 0.0412
MMD_loss	: 1.5353
Src_reg_loss	: 0.0258
-------------------------------------
[Epoch : 316/500]
Total_loss	: 0.0411
MMD_loss	: 1.5329
Src_reg_loss	: 0.0258
-------------------------------------
[Epoch : 317/500]
Total_loss	: 0.0410
MMD_loss	: 1.5306
Src_reg_loss	: 0.0257
-------------------------------------
[Epoch : 318/500]
Total_loss	: 0.0410
MMD_loss	: 1.5283
Src_reg_loss	: 0.0257
-------------------------------------
[Epoch : 319/500]
Total_loss	: 0.0409
MMD_loss	: 1.5260
Src_reg_loss	: 0.0257
-------------------------------------
[Epoch : 320/500]
Total_loss	: 0.0408
MMD_loss	: 1.5237
Src_reg_loss	: 0.0256
-------------------------------------
[Epoch : 321/500]
Total_loss	: 0.0408
MMD_loss	: 1.5214
Src_reg_loss	: 0.0256
-------------------------------------
[Epoch : 322/500]
Total_loss	: 0.0407
MMD_loss	: 1.5192
Src_reg_loss	: 0.0255
-------------------------------------
[Epoch : 323/500]
Total_loss	: 0.0407
MMD_loss	: 1.5169
Src_reg_loss	: 0.0255
-------------------------------------
[Epoch : 324/500]
Total_loss	: 0.0406
MMD_loss	: 1.5147
Src_reg_loss	: 0.0254
-------------------------------------
[Epoch : 325/500]
Total_loss	: 0.0405
MMD_loss	: 1.5125
Src_reg_loss	: 0.0254
-------------------------------------
[Epoch : 326/500]
Total_loss	: 0.0405
MMD_loss	: 1.5103
Src_reg_loss	: 0.0254
-------------------------------------
[Epoch : 327/500]
Total_loss	: 0.0404
MMD_loss	: 1.5081
Src_reg_loss	: 0.0253
-------------------------------------
[Epoch : 328/500]
Total_loss	: 0.0403
MMD_loss	: 1.5060
Src_reg_loss	: 0.0253
-------------------------------------
[Epoch : 329/500]
Total_loss	: 0.0403
MMD_loss	: 1.5038
Src_reg_loss	: 0.0252
-------------------------------------
[Epoch : 330/500]
Total_loss	: 0.0402
MMD_loss	: 1.5017
Src_reg_loss	: 0.0252
-------------------------------------
[Epoch : 331/500]
Total_loss	: 0.0402
MMD_loss	: 1.4996
Src_reg_loss	: 0.0252
-------------------------------------
[Epoch : 332/500]
Total_loss	: 0.0401
MMD_loss	: 1.4975
Src_reg_loss	: 0.0251
-------------------------------------
[Epoch : 333/500]
Total_loss	: 0.0400
MMD_loss	: 1.4954
Src_reg_loss	: 0.0251
-------------------------------------
[Epoch : 334/500]
Total_loss	: 0.0400
MMD_loss	: 1.4933
Src_reg_loss	: 0.0250
-------------------------------------
[Epoch : 335/500]
Total_loss	: 0.0399
MMD_loss	: 1.4913
Src_reg_loss	: 0.0250
-------------------------------------
[Epoch : 336/500]
Total_loss	: 0.0399
MMD_loss	: 1.4892
Src_reg_loss	: 0.0250
-------------------------------------
[Epoch : 337/500]
Total_loss	: 0.0398
MMD_loss	: 1.4872
Src_reg_loss	: 0.0249
-------------------------------------
[Epoch : 338/500]
Total_loss	: 0.0397
MMD_loss	: 1.4852
Src_reg_loss	: 0.0249
-------------------------------------
[Epoch : 339/500]
Total_loss	: 0.0397
MMD_loss	: 1.4832
Src_reg_loss	: 0.0249
-------------------------------------
[Epoch : 340/500]
Total_loss	: 0.0396
MMD_loss	: 1.4812
Src_reg_loss	: 0.0248
-------------------------------------
[Epoch : 341/500]
Total_loss	: 0.0396
MMD_loss	: 1.4792
Src_reg_loss	: 0.0248
-------------------------------------
[Epoch : 342/500]
Total_loss	: 0.0395
MMD_loss	: 1.4773
Src_reg_loss	: 0.0247
-------------------------------------
[Epoch : 343/500]
Total_loss	: 0.0395
MMD_loss	: 1.4753
Src_reg_loss	: 0.0247
-------------------------------------
[Epoch : 344/500]
Total_loss	: 0.0394
MMD_loss	: 1.4734
Src_reg_loss	: 0.0247
-------------------------------------
[Epoch : 345/500]
Total_loss	: 0.0393
MMD_loss	: 1.4715
Src_reg_loss	: 0.0246
-------------------------------------
[Epoch : 346/500]
Total_loss	: 0.0393
MMD_loss	: 1.4696
Src_reg_loss	: 0.0246
-------------------------------------
[Epoch : 347/500]
Total_loss	: 0.0392
MMD_loss	: 1.4677
Src_reg_loss	: 0.0246
-------------------------------------
[Epoch : 348/500]
Total_loss	: 0.0392
MMD_loss	: 1.4658
Src_reg_loss	: 0.0245
-------------------------------------
[Epoch : 349/500]
Total_loss	: 0.0391
MMD_loss	: 1.4639
Src_reg_loss	: 0.0245
-------------------------------------
[Epoch : 350/500]
Total_loss	: 0.0391
MMD_loss	: 1.4620
Src_reg_loss	: 0.0244
-------------------------------------
[Epoch : 351/500]
Total_loss	: 0.0390
MMD_loss	: 1.4602
Src_reg_loss	: 0.0244
-------------------------------------
[Epoch : 352/500]
Total_loss	: 0.0390
MMD_loss	: 1.4584
Src_reg_loss	: 0.0244
-------------------------------------
[Epoch : 353/500]
Total_loss	: 0.0389
MMD_loss	: 1.4565
Src_reg_loss	: 0.0243
-------------------------------------
[Epoch : 354/500]
Total_loss	: 0.0389
MMD_loss	: 1.4547
Src_reg_loss	: 0.0243
-------------------------------------
[Epoch : 355/500]
Total_loss	: 0.0388
MMD_loss	: 1.4529
Src_reg_loss	: 0.0243
-------------------------------------
[Epoch : 356/500]
Total_loss	: 0.0387
MMD_loss	: 1.4511
Src_reg_loss	: 0.0242
-------------------------------------
[Epoch : 357/500]
Total_loss	: 0.0387
MMD_loss	: 1.4494
Src_reg_loss	: 0.0242
-------------------------------------
[Epoch : 358/500]
Total_loss	: 0.0386
MMD_loss	: 1.4476
Src_reg_loss	: 0.0242
-------------------------------------
[Epoch : 359/500]
Total_loss	: 0.0386
MMD_loss	: 1.4458
Src_reg_loss	: 0.0241
-------------------------------------
[Epoch : 360/500]
Total_loss	: 0.0385
MMD_loss	: 1.4441
Src_reg_loss	: 0.0241
-------------------------------------
[Epoch : 361/500]
Total_loss	: 0.0385
MMD_loss	: 1.4424
Src_reg_loss	: 0.0241
-------------------------------------
[Epoch : 362/500]
Total_loss	: 0.0384
MMD_loss	: 1.4406
Src_reg_loss	: 0.0240
-------------------------------------
[Epoch : 363/500]
Total_loss	: 0.0384
MMD_loss	: 1.4389
Src_reg_loss	: 0.0240
-------------------------------------
[Epoch : 364/500]
Total_loss	: 0.0383
MMD_loss	: 1.4372
Src_reg_loss	: 0.0240
-------------------------------------
[Epoch : 365/500]
Total_loss	: 0.0383
MMD_loss	: 1.4355
Src_reg_loss	: 0.0239
-------------------------------------
[Epoch : 366/500]
Total_loss	: 0.0382
MMD_loss	: 1.4338
Src_reg_loss	: 0.0239
-------------------------------------
[Epoch : 367/500]
Total_loss	: 0.0382
MMD_loss	: 1.4322
Src_reg_loss	: 0.0239
-------------------------------------
[Epoch : 368/500]
Total_loss	: 0.0381
MMD_loss	: 1.4305
Src_reg_loss	: 0.0238
-------------------------------------
[Epoch : 369/500]
Total_loss	: 0.0381
MMD_loss	: 1.4289
Src_reg_loss	: 0.0238
-------------------------------------
[Epoch : 370/500]
Total_loss	: 0.0380
MMD_loss	: 1.4272
Src_reg_loss	: 0.0238
-------------------------------------
[Epoch : 371/500]
Total_loss	: 0.0380
MMD_loss	: 1.4256
Src_reg_loss	: 0.0237
-------------------------------------
[Epoch : 372/500]
Total_loss	: 0.0379
MMD_loss	: 1.4240
Src_reg_loss	: 0.0237
-------------------------------------
[Epoch : 373/500]
Total_loss	: 0.0379
MMD_loss	: 1.4224
Src_reg_loss	: 0.0237
-------------------------------------
[Epoch : 374/500]
Total_loss	: 0.0378
MMD_loss	: 1.4208
Src_reg_loss	: 0.0236
-------------------------------------
[Epoch : 375/500]
Total_loss	: 0.0378
MMD_loss	: 1.4192
Src_reg_loss	: 0.0236
-------------------------------------
[Epoch : 376/500]
Total_loss	: 0.0377
MMD_loss	: 1.4176
Src_reg_loss	: 0.0236
-------------------------------------
[Epoch : 377/500]
Total_loss	: 0.0377
MMD_loss	: 1.4160
Src_reg_loss	: 0.0235
-------------------------------------
[Epoch : 378/500]
Total_loss	: 0.0376
MMD_loss	: 1.4145
Src_reg_loss	: 0.0235
-------------------------------------
[Epoch : 379/500]
Total_loss	: 0.0376
MMD_loss	: 1.4129
Src_reg_loss	: 0.0235
-------------------------------------
[Epoch : 380/500]
Total_loss	: 0.0375
MMD_loss	: 1.4114
Src_reg_loss	: 0.0234
-------------------------------------
[Epoch : 381/500]
Total_loss	: 0.0375
MMD_loss	: 1.4098
Src_reg_loss	: 0.0234
-------------------------------------
[Epoch : 382/500]
Total_loss	: 0.0375
MMD_loss	: 1.4083
Src_reg_loss	: 0.0234
-------------------------------------
[Epoch : 383/500]
Total_loss	: 0.0374
MMD_loss	: 1.4068
Src_reg_loss	: 0.0233
-------------------------------------
[Epoch : 384/500]
Total_loss	: 0.0374
MMD_loss	: 1.4053
Src_reg_loss	: 0.0233
-------------------------------------
[Epoch : 385/500]
Total_loss	: 0.0373
MMD_loss	: 1.4038
Src_reg_loss	: 0.0233
-------------------------------------
[Epoch : 386/500]
Total_loss	: 0.0373
MMD_loss	: 1.4023
Src_reg_loss	: 0.0232
-------------------------------------
[Epoch : 387/500]
Total_loss	: 0.0372
MMD_loss	: 1.4008
Src_reg_loss	: 0.0232
-------------------------------------
[Epoch : 388/500]
Total_loss	: 0.0372
MMD_loss	: 1.3993
Src_reg_loss	: 0.0232
-------------------------------------
[Epoch : 389/500]
Total_loss	: 0.0371
MMD_loss	: 1.3979
Src_reg_loss	: 0.0232
-------------------------------------
[Epoch : 390/500]
Total_loss	: 0.0371
MMD_loss	: 1.3964
Src_reg_loss	: 0.0231
-------------------------------------
[Epoch : 391/500]
Total_loss	: 0.0370
MMD_loss	: 1.3950
Src_reg_loss	: 0.0231
-------------------------------------
[Epoch : 392/500]
Total_loss	: 0.0370
MMD_loss	: 1.3935
Src_reg_loss	: 0.0231
-------------------------------------
[Epoch : 393/500]
Total_loss	: 0.0370
MMD_loss	: 1.3921
Src_reg_loss	: 0.0230
-------------------------------------
[Epoch : 394/500]
Total_loss	: 0.0369
MMD_loss	: 1.3907
Src_reg_loss	: 0.0230
-------------------------------------
[Epoch : 395/500]
Total_loss	: 0.0369
MMD_loss	: 1.3892
Src_reg_loss	: 0.0230
-------------------------------------
[Epoch : 396/500]
Total_loss	: 0.0368
MMD_loss	: 1.3878
Src_reg_loss	: 0.0229
-------------------------------------
[Epoch : 397/500]
Total_loss	: 0.0368
MMD_loss	: 1.3864
Src_reg_loss	: 0.0229
-------------------------------------
[Epoch : 398/500]
Total_loss	: 0.0367
MMD_loss	: 1.3851
Src_reg_loss	: 0.0229
-------------------------------------
[Epoch : 399/500]
Total_loss	: 0.0367
MMD_loss	: 1.3837
Src_reg_loss	: 0.0229
-------------------------------------
[Epoch : 400/500]
Total_loss	: 0.0367
MMD_loss	: 1.3823
Src_reg_loss	: 0.0228
-------------------------------------
[Epoch : 401/500]
Total_loss	: 0.0366
MMD_loss	: 1.3809
Src_reg_loss	: 0.0228
-------------------------------------
[Epoch : 402/500]
Total_loss	: 0.0366
MMD_loss	: 1.3796
Src_reg_loss	: 0.0228
-------------------------------------
[Epoch : 403/500]
Total_loss	: 0.0365
MMD_loss	: 1.3782
Src_reg_loss	: 0.0227
-------------------------------------
[Epoch : 404/500]
Total_loss	: 0.0365
MMD_loss	: 1.3769
Src_reg_loss	: 0.0227
-------------------------------------
[Epoch : 405/500]
Total_loss	: 0.0364
MMD_loss	: 1.3755
Src_reg_loss	: 0.0227
-------------------------------------
[Epoch : 406/500]
Total_loss	: 0.0364
MMD_loss	: 1.3742
Src_reg_loss	: 0.0227
-------------------------------------
[Epoch : 407/500]
Total_loss	: 0.0364
MMD_loss	: 1.3729
Src_reg_loss	: 0.0226
-------------------------------------
[Epoch : 408/500]
Total_loss	: 0.0363
MMD_loss	: 1.3716
Src_reg_loss	: 0.0226
-------------------------------------
[Epoch : 409/500]
Total_loss	: 0.0363
MMD_loss	: 1.3703
Src_reg_loss	: 0.0226
-------------------------------------
[Epoch : 410/500]
Total_loss	: 0.0362
MMD_loss	: 1.3690
Src_reg_loss	: 0.0226
-------------------------------------
[Epoch : 411/500]
Total_loss	: 0.0362
MMD_loss	: 1.3677
Src_reg_loss	: 0.0225
-------------------------------------
[Epoch : 412/500]
Total_loss	: 0.0362
MMD_loss	: 1.3664
Src_reg_loss	: 0.0225
-------------------------------------
[Epoch : 413/500]
Total_loss	: 0.0361
MMD_loss	: 1.3651
Src_reg_loss	: 0.0225
-------------------------------------
[Epoch : 414/500]
Total_loss	: 0.0361
MMD_loss	: 1.3639
Src_reg_loss	: 0.0224
-------------------------------------
[Epoch : 415/500]
Total_loss	: 0.0360
MMD_loss	: 1.3626
Src_reg_loss	: 0.0224
-------------------------------------
[Epoch : 416/500]
Total_loss	: 0.0360
MMD_loss	: 1.3613
Src_reg_loss	: 0.0224
-------------------------------------
[Epoch : 417/500]
Total_loss	: 0.0360
MMD_loss	: 1.3601
Src_reg_loss	: 0.0224
-------------------------------------
[Epoch : 418/500]
Total_loss	: 0.0359
MMD_loss	: 1.3588
Src_reg_loss	: 0.0223
-------------------------------------
[Epoch : 419/500]
Total_loss	: 0.0359
MMD_loss	: 1.3576
Src_reg_loss	: 0.0223
-------------------------------------
[Epoch : 420/500]
Total_loss	: 0.0358
MMD_loss	: 1.3564
Src_reg_loss	: 0.0223
-------------------------------------
[Epoch : 421/500]
Total_loss	: 0.0358
MMD_loss	: 1.3552
Src_reg_loss	: 0.0223
-------------------------------------
[Epoch : 422/500]
Total_loss	: 0.0358
MMD_loss	: 1.3539
Src_reg_loss	: 0.0222
-------------------------------------
[Epoch : 423/500]
Total_loss	: 0.0357
MMD_loss	: 1.3527
Src_reg_loss	: 0.0222
-------------------------------------
[Epoch : 424/500]
Total_loss	: 0.0357
MMD_loss	: 1.3515
Src_reg_loss	: 0.0222
-------------------------------------
[Epoch : 425/500]
Total_loss	: 0.0357
MMD_loss	: 1.3503
Src_reg_loss	: 0.0221
-------------------------------------
[Epoch : 426/500]
Total_loss	: 0.0356
MMD_loss	: 1.3491
Src_reg_loss	: 0.0221
-------------------------------------
[Epoch : 427/500]
Total_loss	: 0.0356
MMD_loss	: 1.3480
Src_reg_loss	: 0.0221
-------------------------------------
[Epoch : 428/500]
Total_loss	: 0.0355
MMD_loss	: 1.3468
Src_reg_loss	: 0.0221
-------------------------------------
[Epoch : 429/500]
Total_loss	: 0.0355
MMD_loss	: 1.3456
Src_reg_loss	: 0.0220
-------------------------------------
[Epoch : 430/500]
Total_loss	: 0.0355
MMD_loss	: 1.3444
Src_reg_loss	: 0.0220
-------------------------------------
[Epoch : 431/500]
Total_loss	: 0.0354
MMD_loss	: 1.3433
Src_reg_loss	: 0.0220
-------------------------------------
[Epoch : 432/500]
Total_loss	: 0.0354
MMD_loss	: 1.3421
Src_reg_loss	: 0.0220
-------------------------------------
[Epoch : 433/500]
Total_loss	: 0.0354
MMD_loss	: 1.3410
Src_reg_loss	: 0.0219
-------------------------------------
[Epoch : 434/500]
Total_loss	: 0.0353
MMD_loss	: 1.3399
Src_reg_loss	: 0.0219
-------------------------------------
[Epoch : 435/500]
Total_loss	: 0.0353
MMD_loss	: 1.3387
Src_reg_loss	: 0.0219
-------------------------------------
[Epoch : 436/500]
Total_loss	: 0.0352
MMD_loss	: 1.3376
Src_reg_loss	: 0.0219
-------------------------------------
[Epoch : 437/500]
Total_loss	: 0.0352
MMD_loss	: 1.3365
Src_reg_loss	: 0.0218
-------------------------------------
[Epoch : 438/500]
Total_loss	: 0.0352
MMD_loss	: 1.3354
Src_reg_loss	: 0.0218
-------------------------------------
[Epoch : 439/500]
Total_loss	: 0.0351
MMD_loss	: 1.3343
Src_reg_loss	: 0.0218
-------------------------------------
[Epoch : 440/500]
Total_loss	: 0.0351
MMD_loss	: 1.3332
Src_reg_loss	: 0.0218
-------------------------------------
[Epoch : 441/500]
Total_loss	: 0.0351
MMD_loss	: 1.3321
Src_reg_loss	: 0.0217
-------------------------------------
[Epoch : 442/500]
Total_loss	: 0.0350
MMD_loss	: 1.3310
Src_reg_loss	: 0.0217
-------------------------------------
[Epoch : 443/500]
Total_loss	: 0.0350
MMD_loss	: 1.3299
Src_reg_loss	: 0.0217
-------------------------------------
[Epoch : 444/500]
Total_loss	: 0.0350
MMD_loss	: 1.3288
Src_reg_loss	: 0.0217
-------------------------------------
[Epoch : 445/500]
Total_loss	: 0.0349
MMD_loss	: 1.3277
Src_reg_loss	: 0.0217
-------------------------------------
[Epoch : 446/500]
Total_loss	: 0.0349
MMD_loss	: 1.3267
Src_reg_loss	: 0.0216
-------------------------------------
[Epoch : 447/500]
Total_loss	: 0.0349
MMD_loss	: 1.3256
Src_reg_loss	: 0.0216
-------------------------------------
[Epoch : 448/500]
Total_loss	: 0.0348
MMD_loss	: 1.3246
Src_reg_loss	: 0.0216
-------------------------------------
[Epoch : 449/500]
Total_loss	: 0.0348
MMD_loss	: 1.3235
Src_reg_loss	: 0.0216
-------------------------------------
[Epoch : 450/500]
Total_loss	: 0.0348
MMD_loss	: 1.3225
Src_reg_loss	: 0.0215
-------------------------------------
[Epoch : 451/500]
Total_loss	: 0.0347
MMD_loss	: 1.3214
Src_reg_loss	: 0.0215
-------------------------------------
[Epoch : 452/500]
Total_loss	: 0.0347
MMD_loss	: 1.3204
Src_reg_loss	: 0.0215
-------------------------------------
[Epoch : 453/500]
Total_loss	: 0.0347
MMD_loss	: 1.3194
Src_reg_loss	: 0.0215
-------------------------------------
[Epoch : 454/500]
Total_loss	: 0.0346
MMD_loss	: 1.3184
Src_reg_loss	: 0.0214
-------------------------------------
[Epoch : 455/500]
Total_loss	: 0.0346
MMD_loss	: 1.3174
Src_reg_loss	: 0.0214
-------------------------------------
[Epoch : 456/500]
Total_loss	: 0.0346
MMD_loss	: 1.3164
Src_reg_loss	: 0.0214
-------------------------------------
[Epoch : 457/500]
Total_loss	: 0.0345
MMD_loss	: 1.3154
Src_reg_loss	: 0.0214
-------------------------------------
[Epoch : 458/500]
Total_loss	: 0.0345
MMD_loss	: 1.3144
Src_reg_loss	: 0.0213
-------------------------------------
[Epoch : 459/500]
Total_loss	: 0.0345
MMD_loss	: 1.3134
Src_reg_loss	: 0.0213
-------------------------------------
[Epoch : 460/500]
Total_loss	: 0.0344
MMD_loss	: 1.3124
Src_reg_loss	: 0.0213
-------------------------------------
[Epoch : 461/500]
Total_loss	: 0.0344
MMD_loss	: 1.3114
Src_reg_loss	: 0.0213
-------------------------------------
[Epoch : 462/500]
Total_loss	: 0.0344
MMD_loss	: 1.3104
Src_reg_loss	: 0.0213
-------------------------------------
[Epoch : 463/500]
Total_loss	: 0.0343
MMD_loss	: 1.3095
Src_reg_loss	: 0.0212
-------------------------------------
[Epoch : 464/500]
Total_loss	: 0.0343
MMD_loss	: 1.3085
Src_reg_loss	: 0.0212
-------------------------------------
[Epoch : 465/500]
Total_loss	: 0.0343
MMD_loss	: 1.3076
Src_reg_loss	: 0.0212
-------------------------------------
[Epoch : 466/500]
Total_loss	: 0.0342
MMD_loss	: 1.3066
Src_reg_loss	: 0.0212
-------------------------------------
[Epoch : 467/500]
Total_loss	: 0.0342
MMD_loss	: 1.3057
Src_reg_loss	: 0.0211
-------------------------------------
[Epoch : 468/500]
Total_loss	: 0.0342
MMD_loss	: 1.3047
Src_reg_loss	: 0.0211
-------------------------------------
[Epoch : 469/500]
Total_loss	: 0.0341
MMD_loss	: 1.3038
Src_reg_loss	: 0.0211
-------------------------------------
[Epoch : 470/500]
Total_loss	: 0.0341
MMD_loss	: 1.3028
Src_reg_loss	: 0.0211
-------------------------------------
[Epoch : 471/500]
Total_loss	: 0.0341
MMD_loss	: 1.3019
Src_reg_loss	: 0.0211
-------------------------------------
[Epoch : 472/500]
Total_loss	: 0.0340
MMD_loss	: 1.3010
Src_reg_loss	: 0.0210
-------------------------------------
[Epoch : 473/500]
Total_loss	: 0.0340
MMD_loss	: 1.3001
Src_reg_loss	: 0.0210
-------------------------------------
[Epoch : 474/500]
Total_loss	: 0.0340
MMD_loss	: 1.2992
Src_reg_loss	: 0.0210
-------------------------------------
[Epoch : 475/500]
Total_loss	: 0.0340
MMD_loss	: 1.2983
Src_reg_loss	: 0.0210
-------------------------------------
[Epoch : 476/500]
Total_loss	: 0.0339
MMD_loss	: 1.2974
Src_reg_loss	: 0.0209
-------------------------------------
[Epoch : 477/500]
Total_loss	: 0.0339
MMD_loss	: 1.2965
Src_reg_loss	: 0.0209
-------------------------------------
[Epoch : 478/500]
Total_loss	: 0.0339
MMD_loss	: 1.2956
Src_reg_loss	: 0.0209
-------------------------------------
[Epoch : 479/500]
Total_loss	: 0.0338
MMD_loss	: 1.2947
Src_reg_loss	: 0.0209
-------------------------------------
[Epoch : 480/500]
Total_loss	: 0.0338
MMD_loss	: 1.2938
Src_reg_loss	: 0.0209
-------------------------------------
[Epoch : 481/500]
Total_loss	: 0.0338
MMD_loss	: 1.2930
Src_reg_loss	: 0.0208
-------------------------------------
[Epoch : 482/500]
Total_loss	: 0.0337
MMD_loss	: 1.2921
Src_reg_loss	: 0.0208
-------------------------------------
[Epoch : 483/500]
Total_loss	: 0.0337
MMD_loss	: 1.2912
Src_reg_loss	: 0.0208
-------------------------------------
[Epoch : 484/500]
Total_loss	: 0.0337
MMD_loss	: 1.2904
Src_reg_loss	: 0.0208
-------------------------------------
[Epoch : 485/500]
Total_loss	: 0.0337
MMD_loss	: 1.2895
Src_reg_loss	: 0.0208
-------------------------------------
[Epoch : 486/500]
Total_loss	: 0.0336
MMD_loss	: 1.2886
Src_reg_loss	: 0.0207
-------------------------------------
[Epoch : 487/500]
Total_loss	: 0.0336
MMD_loss	: 1.2878
Src_reg_loss	: 0.0207
-------------------------------------
[Epoch : 488/500]
Total_loss	: 0.0336
MMD_loss	: 1.2870
Src_reg_loss	: 0.0207
-------------------------------------
[Epoch : 489/500]
Total_loss	: 0.0335
MMD_loss	: 1.2861
Src_reg_loss	: 0.0207
-------------------------------------
[Epoch : 490/500]
Total_loss	: 0.0335
MMD_loss	: 1.2853
Src_reg_loss	: 0.0207
-------------------------------------
[Epoch : 491/500]
Total_loss	: 0.0335
MMD_loss	: 1.2844
Src_reg_loss	: 0.0206
-------------------------------------
[Epoch : 492/500]
Total_loss	: 0.0335
MMD_loss	: 1.2836
Src_reg_loss	: 0.0206
-------------------------------------
[Epoch : 493/500]
Total_loss	: 0.0334
MMD_loss	: 1.2828
Src_reg_loss	: 0.0206
-------------------------------------
[Epoch : 494/500]
Total_loss	: 0.0334
MMD_loss	: 1.2820
Src_reg_loss	: 0.0206
-------------------------------------
[Epoch : 495/500]
Total_loss	: 0.0334
MMD_loss	: 1.2812
Src_reg_loss	: 0.0206
-------------------------------------
[Epoch : 496/500]
Total_loss	: 0.0333
MMD_loss	: 1.2803
Src_reg_loss	: 0.0205
-------------------------------------
[Epoch : 497/500]
Total_loss	: 0.0333
MMD_loss	: 1.2795
Src_reg_loss	: 0.0205
-------------------------------------
[Epoch : 498/500]
Total_loss	: 0.0333
MMD_loss	: 1.2787
Src_reg_loss	: 0.0205
-------------------------------------
[Epoch : 499/500]
Total_loss	: 0.0333
MMD_loss	: 1.2779
Src_reg_loss	: 0.0205
-------------------------------------
[Epoch : 500/500]
Total_loss	: 0.0332
MMD_loss	: 1.2771
Src_reg_loss	: 0.0205
-------------------------------------
