=============================================
Dataset: Airbox
Method:  MMDA
=============================================
Source: 0 ---> Target: 6
=============================================
[Epoch : 1/500]
Total_loss	: 0.3545
Coral_loss	: 0.0000
MMD_loss	: 4.6124
cond_ent_wt	: 4.8493
Src_reg_loss	: 0.2599
-------------------------------------
[Epoch : 2/500]
Total_loss	: 0.3375
Coral_loss	: 0.0000
MMD_loss	: 4.6076
cond_ent_wt	: 4.8490
Src_reg_loss	: 0.2430
-------------------------------------
[Epoch : 3/500]
Total_loss	: 0.3210
Coral_loss	: 0.0000
MMD_loss	: 4.5967
cond_ent_wt	: 4.8487
Src_reg_loss	: 0.2265
-------------------------------------
[Epoch : 4/500]
Total_loss	: 0.3040
Coral_loss	: 0.0000
MMD_loss	: 4.5793
cond_ent_wt	: 4.8483
Src_reg_loss	: 0.2097
-------------------------------------
[Epoch : 5/500]
Total_loss	: 0.2865
Coral_loss	: 0.0000
MMD_loss	: 4.5544
cond_ent_wt	: 4.8476
Src_reg_loss	: 0.1924
-------------------------------------
[Epoch : 6/500]
Total_loss	: 0.2687
Coral_loss	: 0.0000
MMD_loss	: 4.5203
cond_ent_wt	: 4.8467
Src_reg_loss	: 0.1750
-------------------------------------
[Epoch : 7/500]
Total_loss	: 0.2515
Coral_loss	: 0.0000
MMD_loss	: 4.4761
cond_ent_wt	: 4.8454
Src_reg_loss	: 0.1582
-------------------------------------
[Epoch : 8/500]
Total_loss	: 0.2365
Coral_loss	: 0.0000
MMD_loss	: 4.4242
cond_ent_wt	: 4.8436
Src_reg_loss	: 0.1438
-------------------------------------
[Epoch : 9/500]
Total_loss	: 0.2248
Coral_loss	: 0.0000
MMD_loss	: 4.3737
cond_ent_wt	: 4.8417
Src_reg_loss	: 0.1327
-------------------------------------
[Epoch : 10/500]
Total_loss	: 0.2155
Coral_loss	: 0.0000
MMD_loss	: 4.3341
cond_ent_wt	: 4.8401
Src_reg_loss	: 0.1238
-------------------------------------
[Epoch : 11/500]
Total_loss	: 0.2077
Coral_loss	: 0.0000
MMD_loss	: 4.3074
cond_ent_wt	: 4.8391
Src_reg_loss	: 0.1162
-------------------------------------
[Epoch : 12/500]
Total_loss	: 0.2011
Coral_loss	: 0.0000
MMD_loss	: 4.2899
cond_ent_wt	: 4.8384
Src_reg_loss	: 0.1099
-------------------------------------
[Epoch : 13/500]
Total_loss	: 0.1957
Coral_loss	: 0.0000
MMD_loss	: 4.2776
cond_ent_wt	: 4.8379
Src_reg_loss	: 0.1045
-------------------------------------
[Epoch : 14/500]
Total_loss	: 0.1910
Coral_loss	: 0.0000
MMD_loss	: 4.2677
cond_ent_wt	: 4.8374
Src_reg_loss	: 0.0999
-------------------------------------
[Epoch : 15/500]
Total_loss	: 0.1869
Coral_loss	: 0.0000
MMD_loss	: 4.2592
cond_ent_wt	: 4.8370
Src_reg_loss	: 0.0959
-------------------------------------
[Epoch : 16/500]
Total_loss	: 0.1832
Coral_loss	: 0.0000
MMD_loss	: 4.2519
cond_ent_wt	: 4.8366
Src_reg_loss	: 0.0924
-------------------------------------
[Epoch : 17/500]
Total_loss	: 0.1801
Coral_loss	: 0.0000
MMD_loss	: 4.2462
cond_ent_wt	: 4.8362
Src_reg_loss	: 0.0892
-------------------------------------
[Epoch : 18/500]
Total_loss	: 0.1772
Coral_loss	: 0.0000
MMD_loss	: 4.2422
cond_ent_wt	: 4.8359
Src_reg_loss	: 0.0864
-------------------------------------
[Epoch : 19/500]
Total_loss	: 0.1747
Coral_loss	: 0.0000
MMD_loss	: 4.2397
cond_ent_wt	: 4.8357
Src_reg_loss	: 0.0839
-------------------------------------
[Epoch : 20/500]
Total_loss	: 0.1724
Coral_loss	: 0.0000
MMD_loss	: 4.2384
cond_ent_wt	: 4.8354
Src_reg_loss	: 0.0817
-------------------------------------
[Epoch : 21/500]
Total_loss	: 0.1703
Coral_loss	: 0.0000
MMD_loss	: 4.2380
cond_ent_wt	: 4.8352
Src_reg_loss	: 0.0796
-------------------------------------
[Epoch : 22/500]
Total_loss	: 0.1685
Coral_loss	: 0.0000
MMD_loss	: 4.2383
cond_ent_wt	: 4.8351
Src_reg_loss	: 0.0777
-------------------------------------
[Epoch : 23/500]
Total_loss	: 0.1667
Coral_loss	: 0.0000
MMD_loss	: 4.2392
cond_ent_wt	: 4.8349
Src_reg_loss	: 0.0760
-------------------------------------
[Epoch : 24/500]
Total_loss	: 0.1652
Coral_loss	: 0.0000
MMD_loss	: 4.2406
cond_ent_wt	: 4.8348
Src_reg_loss	: 0.0744
-------------------------------------
[Epoch : 25/500]
Total_loss	: 0.1637
Coral_loss	: 0.0000
MMD_loss	: 4.2425
cond_ent_wt	: 4.8346
Src_reg_loss	: 0.0729
-------------------------------------
[Epoch : 26/500]
Total_loss	: 0.1624
Coral_loss	: 0.0000
MMD_loss	: 4.2447
cond_ent_wt	: 4.8345
Src_reg_loss	: 0.0716
-------------------------------------
[Epoch : 27/500]
Total_loss	: 0.1611
Coral_loss	: 0.0000
MMD_loss	: 4.2472
cond_ent_wt	: 4.8344
Src_reg_loss	: 0.0703
-------------------------------------
[Epoch : 28/500]
Total_loss	: 0.1599
Coral_loss	: 0.0000
MMD_loss	: 4.2497
cond_ent_wt	: 4.8343
Src_reg_loss	: 0.0691
-------------------------------------
[Epoch : 29/500]
Total_loss	: 0.1589
Coral_loss	: 0.0000
MMD_loss	: 4.2523
cond_ent_wt	: 4.8343
Src_reg_loss	: 0.0680
-------------------------------------
[Epoch : 30/500]
Total_loss	: 0.1578
Coral_loss	: 0.0000
MMD_loss	: 4.2549
cond_ent_wt	: 4.8342
Src_reg_loss	: 0.0669
-------------------------------------
[Epoch : 31/500]
Total_loss	: 0.1569
Coral_loss	: 0.0000
MMD_loss	: 4.2572
cond_ent_wt	: 4.8341
Src_reg_loss	: 0.0660
-------------------------------------
[Epoch : 32/500]
Total_loss	: 0.1560
Coral_loss	: 0.0000
MMD_loss	: 4.2593
cond_ent_wt	: 4.8341
Src_reg_loss	: 0.0650
-------------------------------------
[Epoch : 33/500]
Total_loss	: 0.1551
Coral_loss	: 0.0000
MMD_loss	: 4.2612
cond_ent_wt	: 4.8340
Src_reg_loss	: 0.0641
-------------------------------------
[Epoch : 34/500]
Total_loss	: 0.1543
Coral_loss	: 0.0000
MMD_loss	: 4.2626
cond_ent_wt	: 4.8340
Src_reg_loss	: 0.0633
-------------------------------------
[Epoch : 35/500]
Total_loss	: 0.1535
Coral_loss	: 0.0000
MMD_loss	: 4.2635
cond_ent_wt	: 4.8340
Src_reg_loss	: 0.0625
-------------------------------------
[Epoch : 36/500]
Total_loss	: 0.1527
Coral_loss	: 0.0000
MMD_loss	: 4.2640
cond_ent_wt	: 4.8340
Src_reg_loss	: 0.0617
-------------------------------------
[Epoch : 37/500]
Total_loss	: 0.1520
Coral_loss	: 0.0000
MMD_loss	: 4.2639
cond_ent_wt	: 4.8339
Src_reg_loss	: 0.0610
-------------------------------------
[Epoch : 38/500]
Total_loss	: 0.1513
Coral_loss	: 0.0000
MMD_loss	: 4.2633
cond_ent_wt	: 4.8339
Src_reg_loss	: 0.0603
-------------------------------------
[Epoch : 39/500]
Total_loss	: 0.1506
Coral_loss	: 0.0000
MMD_loss	: 4.2621
cond_ent_wt	: 4.8339
Src_reg_loss	: 0.0597
-------------------------------------
[Epoch : 40/500]
Total_loss	: 0.1500
Coral_loss	: 0.0000
MMD_loss	: 4.2602
cond_ent_wt	: 4.8339
Src_reg_loss	: 0.0590
-------------------------------------
[Epoch : 41/500]
Total_loss	: 0.1493
Coral_loss	: 0.0000
MMD_loss	: 4.2578
cond_ent_wt	: 4.8339
Src_reg_loss	: 0.0584
-------------------------------------
[Epoch : 42/500]
Total_loss	: 0.1487
Coral_loss	: 0.0000
MMD_loss	: 4.2547
cond_ent_wt	: 4.8339
Src_reg_loss	: 0.0578
-------------------------------------
[Epoch : 43/500]
Total_loss	: 0.1481
Coral_loss	: 0.0000
MMD_loss	: 4.2509
cond_ent_wt	: 4.8339
Src_reg_loss	: 0.0573
-------------------------------------
[Epoch : 44/500]
Total_loss	: 0.1475
Coral_loss	: 0.0000
MMD_loss	: 4.2466
cond_ent_wt	: 4.8340
Src_reg_loss	: 0.0567
-------------------------------------
[Epoch : 45/500]
Total_loss	: 0.1469
Coral_loss	: 0.0000
MMD_loss	: 4.2415
cond_ent_wt	: 4.8340
Src_reg_loss	: 0.0562
-------------------------------------
[Epoch : 46/500]
Total_loss	: 0.1464
Coral_loss	: 0.0000
MMD_loss	: 4.2359
cond_ent_wt	: 4.8340
Src_reg_loss	: 0.0557
-------------------------------------
[Epoch : 47/500]
Total_loss	: 0.1458
Coral_loss	: 0.0000
MMD_loss	: 4.2295
cond_ent_wt	: 4.8340
Src_reg_loss	: 0.0552
-------------------------------------
[Epoch : 48/500]
Total_loss	: 0.1452
Coral_loss	: 0.0000
MMD_loss	: 4.2225
cond_ent_wt	: 4.8340
Src_reg_loss	: 0.0547
-------------------------------------
[Epoch : 49/500]
Total_loss	: 0.1447
Coral_loss	: 0.0000
MMD_loss	: 4.2148
cond_ent_wt	: 4.8341
Src_reg_loss	: 0.0542
-------------------------------------
[Epoch : 50/500]
Total_loss	: 0.1442
Coral_loss	: 0.0000
MMD_loss	: 4.2065
cond_ent_wt	: 4.8341
Src_reg_loss	: 0.0537
-------------------------------------
[Epoch : 51/500]
Total_loss	: 0.1436
Coral_loss	: 0.0000
MMD_loss	: 4.1974
cond_ent_wt	: 4.8341
Src_reg_loss	: 0.0533
-------------------------------------
[Epoch : 52/500]
Total_loss	: 0.1431
Coral_loss	: 0.0000
MMD_loss	: 4.1877
cond_ent_wt	: 4.8342
Src_reg_loss	: 0.0529
-------------------------------------
[Epoch : 53/500]
Total_loss	: 0.1426
Coral_loss	: 0.0000
MMD_loss	: 4.1772
cond_ent_wt	: 4.8342
Src_reg_loss	: 0.0524
-------------------------------------
[Epoch : 54/500]
Total_loss	: 0.1420
Coral_loss	: 0.0000
MMD_loss	: 4.1660
cond_ent_wt	: 4.8343
Src_reg_loss	: 0.0520
-------------------------------------
[Epoch : 55/500]
Total_loss	: 0.1415
Coral_loss	: 0.0000
MMD_loss	: 4.1541
cond_ent_wt	: 4.8343
Src_reg_loss	: 0.0516
-------------------------------------
[Epoch : 56/500]
Total_loss	: 0.1410
Coral_loss	: 0.0000
MMD_loss	: 4.1414
cond_ent_wt	: 4.8343
Src_reg_loss	: 0.0512
-------------------------------------
[Epoch : 57/500]
Total_loss	: 0.1405
Coral_loss	: 0.0000
MMD_loss	: 4.1280
cond_ent_wt	: 4.8344
Src_reg_loss	: 0.0509
-------------------------------------
[Epoch : 58/500]
Total_loss	: 0.1400
Coral_loss	: 0.0000
MMD_loss	: 4.1138
cond_ent_wt	: 4.8344
Src_reg_loss	: 0.0505
-------------------------------------
[Epoch : 59/500]
Total_loss	: 0.1395
Coral_loss	: 0.0000
MMD_loss	: 4.0989
cond_ent_wt	: 4.8344
Src_reg_loss	: 0.0501
-------------------------------------
[Epoch : 60/500]
Total_loss	: 0.1390
Coral_loss	: 0.0000
MMD_loss	: 4.0832
cond_ent_wt	: 4.8345
Src_reg_loss	: 0.0498
-------------------------------------
[Epoch : 61/500]
Total_loss	: 0.1385
Coral_loss	: 0.0000
MMD_loss	: 4.0668
cond_ent_wt	: 4.8345
Src_reg_loss	: 0.0494
-------------------------------------
[Epoch : 62/500]
Total_loss	: 0.1380
Coral_loss	: 0.0000
MMD_loss	: 4.0497
cond_ent_wt	: 4.8345
Src_reg_loss	: 0.0491
-------------------------------------
[Epoch : 63/500]
Total_loss	: 0.1374
Coral_loss	: 0.0000
MMD_loss	: 4.0319
cond_ent_wt	: 4.8345
Src_reg_loss	: 0.0488
-------------------------------------
[Epoch : 64/500]
Total_loss	: 0.1369
Coral_loss	: 0.0000
MMD_loss	: 4.0136
cond_ent_wt	: 4.8346
Src_reg_loss	: 0.0485
-------------------------------------
[Epoch : 65/500]
Total_loss	: 0.1364
Coral_loss	: 0.0000
MMD_loss	: 3.9946
cond_ent_wt	: 4.8346
Src_reg_loss	: 0.0481
-------------------------------------
[Epoch : 66/500]
Total_loss	: 0.1359
Coral_loss	: 0.0000
MMD_loss	: 3.9752
cond_ent_wt	: 4.8346
Src_reg_loss	: 0.0478
-------------------------------------
[Epoch : 67/500]
Total_loss	: 0.1354
Coral_loss	: 0.0000
MMD_loss	: 3.9554
cond_ent_wt	: 4.8346
Src_reg_loss	: 0.0475
-------------------------------------
[Epoch : 68/500]
Total_loss	: 0.1349
Coral_loss	: 0.0000
MMD_loss	: 3.9352
cond_ent_wt	: 4.8346
Src_reg_loss	: 0.0472
-------------------------------------
[Epoch : 69/500]
Total_loss	: 0.1345
Coral_loss	: 0.0000
MMD_loss	: 3.9148
cond_ent_wt	: 4.8346
Src_reg_loss	: 0.0470
-------------------------------------
[Epoch : 70/500]
Total_loss	: 0.1340
Coral_loss	: 0.0000
MMD_loss	: 3.8943
cond_ent_wt	: 4.8346
Src_reg_loss	: 0.0467
-------------------------------------
[Epoch : 71/500]
Total_loss	: 0.1335
Coral_loss	: 0.0000
MMD_loss	: 3.8736
cond_ent_wt	: 4.8346
Src_reg_loss	: 0.0464
-------------------------------------
[Epoch : 72/500]
Total_loss	: 0.1330
Coral_loss	: 0.0000
MMD_loss	: 3.8530
cond_ent_wt	: 4.8346
Src_reg_loss	: 0.0461
-------------------------------------
[Epoch : 73/500]
Total_loss	: 0.1325
Coral_loss	: 0.0000
MMD_loss	: 3.8324
cond_ent_wt	: 4.8346
Src_reg_loss	: 0.0459
-------------------------------------
[Epoch : 74/500]
Total_loss	: 0.1321
Coral_loss	: 0.0000
MMD_loss	: 3.8120
cond_ent_wt	: 4.8346
Src_reg_loss	: 0.0456
-------------------------------------
[Epoch : 75/500]
Total_loss	: 0.1316
Coral_loss	: 0.0000
MMD_loss	: 3.7918
cond_ent_wt	: 4.8345
Src_reg_loss	: 0.0453
-------------------------------------
[Epoch : 76/500]
Total_loss	: 0.1312
Coral_loss	: 0.0000
MMD_loss	: 3.7719
cond_ent_wt	: 4.8345
Src_reg_loss	: 0.0451
-------------------------------------
[Epoch : 77/500]
Total_loss	: 0.1307
Coral_loss	: 0.0000
MMD_loss	: 3.7524
cond_ent_wt	: 4.8345
Src_reg_loss	: 0.0448
-------------------------------------
[Epoch : 78/500]
Total_loss	: 0.1303
Coral_loss	: 0.0000
MMD_loss	: 3.7333
cond_ent_wt	: 4.8344
Src_reg_loss	: 0.0446
-------------------------------------
[Epoch : 79/500]
Total_loss	: 0.1298
Coral_loss	: 0.0000
MMD_loss	: 3.7147
cond_ent_wt	: 4.8344
Src_reg_loss	: 0.0444
-------------------------------------
[Epoch : 80/500]
Total_loss	: 0.1294
Coral_loss	: 0.0000
MMD_loss	: 3.6967
cond_ent_wt	: 4.8344
Src_reg_loss	: 0.0441
-------------------------------------
[Epoch : 81/500]
Total_loss	: 0.1290
Coral_loss	: 0.0000
MMD_loss	: 3.6794
cond_ent_wt	: 4.8343
Src_reg_loss	: 0.0439
-------------------------------------
[Epoch : 82/500]
Total_loss	: 0.1286
Coral_loss	: 0.0000
MMD_loss	: 3.6627
cond_ent_wt	: 4.8343
Src_reg_loss	: 0.0437
-------------------------------------
[Epoch : 83/500]
Total_loss	: 0.1282
Coral_loss	: 0.0000
MMD_loss	: 3.6467
cond_ent_wt	: 4.8342
Src_reg_loss	: 0.0434
-------------------------------------
[Epoch : 84/500]
Total_loss	: 0.1279
Coral_loss	: 0.0000
MMD_loss	: 3.6315
cond_ent_wt	: 4.8342
Src_reg_loss	: 0.0432
-------------------------------------
[Epoch : 85/500]
Total_loss	: 0.1275
Coral_loss	: 0.0000
MMD_loss	: 3.6171
cond_ent_wt	: 4.8341
Src_reg_loss	: 0.0430
-------------------------------------
[Epoch : 86/500]
Total_loss	: 0.1271
Coral_loss	: 0.0000
MMD_loss	: 3.6035
cond_ent_wt	: 4.8341
Src_reg_loss	: 0.0428
-------------------------------------
[Epoch : 87/500]
Total_loss	: 0.1268
Coral_loss	: 0.0000
MMD_loss	: 3.5907
cond_ent_wt	: 4.8340
Src_reg_loss	: 0.0425
-------------------------------------
[Epoch : 88/500]
Total_loss	: 0.1265
Coral_loss	: 0.0000
MMD_loss	: 3.5787
cond_ent_wt	: 4.8340
Src_reg_loss	: 0.0423
-------------------------------------
[Epoch : 89/500]
Total_loss	: 0.1261
Coral_loss	: 0.0000
MMD_loss	: 3.5676
cond_ent_wt	: 4.8339
Src_reg_loss	: 0.0421
-------------------------------------
[Epoch : 90/500]
Total_loss	: 0.1258
Coral_loss	: 0.0000
MMD_loss	: 3.5573
cond_ent_wt	: 4.8338
Src_reg_loss	: 0.0419
-------------------------------------
[Epoch : 91/500]
Total_loss	: 0.1255
Coral_loss	: 0.0000
MMD_loss	: 3.5478
cond_ent_wt	: 4.8338
Src_reg_loss	: 0.0417
-------------------------------------
[Epoch : 92/500]
Total_loss	: 0.1252
Coral_loss	: 0.0000
MMD_loss	: 3.5392
cond_ent_wt	: 4.8337
Src_reg_loss	: 0.0415
-------------------------------------
[Epoch : 93/500]
Total_loss	: 0.1250
Coral_loss	: 0.0000
MMD_loss	: 3.5313
cond_ent_wt	: 4.8336
Src_reg_loss	: 0.0413
-------------------------------------
[Epoch : 94/500]
Total_loss	: 0.1247
Coral_loss	: 0.0000
MMD_loss	: 3.5243
cond_ent_wt	: 4.8335
Src_reg_loss	: 0.0411
-------------------------------------
[Epoch : 95/500]
Total_loss	: 0.1244
Coral_loss	: 0.0000
MMD_loss	: 3.5180
cond_ent_wt	: 4.8335
Src_reg_loss	: 0.0409
-------------------------------------
[Epoch : 96/500]
Total_loss	: 0.1242
Coral_loss	: 0.0000
MMD_loss	: 3.5124
cond_ent_wt	: 4.8334
Src_reg_loss	: 0.0407
-------------------------------------
[Epoch : 97/500]
Total_loss	: 0.1239
Coral_loss	: 0.0000
MMD_loss	: 3.5076
cond_ent_wt	: 4.8333
Src_reg_loss	: 0.0405
-------------------------------------
[Epoch : 98/500]
Total_loss	: 0.1237
Coral_loss	: 0.0000
MMD_loss	: 3.5034
cond_ent_wt	: 4.8332
Src_reg_loss	: 0.0404
-------------------------------------
[Epoch : 99/500]
Total_loss	: 0.1235
Coral_loss	: 0.0000
MMD_loss	: 3.4998
cond_ent_wt	: 4.8331
Src_reg_loss	: 0.0402
-------------------------------------
[Epoch : 100/500]
Total_loss	: 0.1233
Coral_loss	: 0.0000
MMD_loss	: 3.4969
cond_ent_wt	: 4.8330
Src_reg_loss	: 0.0400
-------------------------------------
[Epoch : 101/500]
Total_loss	: 0.1231
Coral_loss	: 0.0000
MMD_loss	: 3.4944
cond_ent_wt	: 4.8329
Src_reg_loss	: 0.0398
-------------------------------------
[Epoch : 102/500]
Total_loss	: 0.1229
Coral_loss	: 0.0000
MMD_loss	: 3.4925
cond_ent_wt	: 4.8328
Src_reg_loss	: 0.0396
-------------------------------------
[Epoch : 103/500]
Total_loss	: 0.1227
Coral_loss	: 0.0000
MMD_loss	: 3.4911
cond_ent_wt	: 4.8327
Src_reg_loss	: 0.0395
-------------------------------------
[Epoch : 104/500]
Total_loss	: 0.1225
Coral_loss	: 0.0000
MMD_loss	: 3.4901
cond_ent_wt	: 4.8326
Src_reg_loss	: 0.0393
-------------------------------------
[Epoch : 105/500]
Total_loss	: 0.1223
Coral_loss	: 0.0000
MMD_loss	: 3.4895
cond_ent_wt	: 4.8325
Src_reg_loss	: 0.0391
-------------------------------------
[Epoch : 106/500]
Total_loss	: 0.1222
Coral_loss	: 0.0000
MMD_loss	: 3.4893
cond_ent_wt	: 4.8325
Src_reg_loss	: 0.0389
-------------------------------------
[Epoch : 107/500]
Total_loss	: 0.1220
Coral_loss	: 0.0000
MMD_loss	: 3.4894
cond_ent_wt	: 4.8324
Src_reg_loss	: 0.0388
-------------------------------------
[Epoch : 108/500]
Total_loss	: 0.1218
Coral_loss	: 0.0000
MMD_loss	: 3.4898
cond_ent_wt	: 4.8323
Src_reg_loss	: 0.0386
-------------------------------------
[Epoch : 109/500]
Total_loss	: 0.1217
Coral_loss	: 0.0000
MMD_loss	: 3.4904
cond_ent_wt	: 4.8322
Src_reg_loss	: 0.0385
-------------------------------------
[Epoch : 110/500]
Total_loss	: 0.1215
Coral_loss	: 0.0000
MMD_loss	: 3.4913
cond_ent_wt	: 4.8321
Src_reg_loss	: 0.0383
-------------------------------------
[Epoch : 111/500]
Total_loss	: 0.1214
Coral_loss	: 0.0000
MMD_loss	: 3.4924
cond_ent_wt	: 4.8320
Src_reg_loss	: 0.0381
-------------------------------------
[Epoch : 112/500]
Total_loss	: 0.1212
Coral_loss	: 0.0000
MMD_loss	: 3.4937
cond_ent_wt	: 4.8319
Src_reg_loss	: 0.0380
-------------------------------------
[Epoch : 113/500]
Total_loss	: 0.1211
Coral_loss	: 0.0000
MMD_loss	: 3.4951
cond_ent_wt	: 4.8317
Src_reg_loss	: 0.0378
-------------------------------------
[Epoch : 114/500]
Total_loss	: 0.1210
Coral_loss	: 0.0000
MMD_loss	: 3.4967
cond_ent_wt	: 4.8316
Src_reg_loss	: 0.0377
-------------------------------------
[Epoch : 115/500]
Total_loss	: 0.1208
Coral_loss	: 0.0000
MMD_loss	: 3.4984
cond_ent_wt	: 4.8315
Src_reg_loss	: 0.0375
-------------------------------------
[Epoch : 116/500]
Total_loss	: 0.1207
Coral_loss	: 0.0000
MMD_loss	: 3.5002
cond_ent_wt	: 4.8314
Src_reg_loss	: 0.0374
-------------------------------------
[Epoch : 117/500]
Total_loss	: 0.1206
Coral_loss	: 0.0000
MMD_loss	: 3.5021
cond_ent_wt	: 4.8313
Src_reg_loss	: 0.0372
-------------------------------------
[Epoch : 118/500]
Total_loss	: 0.1204
Coral_loss	: 0.0000
MMD_loss	: 3.5040
cond_ent_wt	: 4.8312
Src_reg_loss	: 0.0371
-------------------------------------
[Epoch : 119/500]
Total_loss	: 0.1203
Coral_loss	: 0.0000
MMD_loss	: 3.5061
cond_ent_wt	: 4.8311
Src_reg_loss	: 0.0369
-------------------------------------
[Epoch : 120/500]
Total_loss	: 0.1202
Coral_loss	: 0.0000
MMD_loss	: 3.5082
cond_ent_wt	: 4.8310
Src_reg_loss	: 0.0368
-------------------------------------
[Epoch : 121/500]
Total_loss	: 0.1201
Coral_loss	: 0.0000
MMD_loss	: 3.5104
cond_ent_wt	: 4.8309
Src_reg_loss	: 0.0367
-------------------------------------
[Epoch : 122/500]
Total_loss	: 0.1200
Coral_loss	: 0.0000
MMD_loss	: 3.5126
cond_ent_wt	: 4.8308
Src_reg_loss	: 0.0365
-------------------------------------
[Epoch : 123/500]
Total_loss	: 0.1198
Coral_loss	: 0.0000
MMD_loss	: 3.5149
cond_ent_wt	: 4.8307
Src_reg_loss	: 0.0364
-------------------------------------
[Epoch : 124/500]
Total_loss	: 0.1197
Coral_loss	: 0.0000
MMD_loss	: 3.5172
cond_ent_wt	: 4.8306
Src_reg_loss	: 0.0363
-------------------------------------
[Epoch : 125/500]
Total_loss	: 0.1196
Coral_loss	: 0.0000
MMD_loss	: 3.5195
cond_ent_wt	: 4.8305
Src_reg_loss	: 0.0361
-------------------------------------
[Epoch : 126/500]
Total_loss	: 0.1195
Coral_loss	: 0.0000
MMD_loss	: 3.5218
cond_ent_wt	: 4.8304
Src_reg_loss	: 0.0360
-------------------------------------
[Epoch : 127/500]
Total_loss	: 0.1194
Coral_loss	: 0.0000
MMD_loss	: 3.5242
cond_ent_wt	: 4.8303
Src_reg_loss	: 0.0359
-------------------------------------
[Epoch : 128/500]
Total_loss	: 0.1193
Coral_loss	: 0.0000
MMD_loss	: 3.5266
cond_ent_wt	: 4.8303
Src_reg_loss	: 0.0357
-------------------------------------
[Epoch : 129/500]
Total_loss	: 0.1192
Coral_loss	: 0.0000
MMD_loss	: 3.5290
cond_ent_wt	: 4.8302
Src_reg_loss	: 0.0356
-------------------------------------
[Epoch : 130/500]
Total_loss	: 0.1191
Coral_loss	: 0.0000
MMD_loss	: 3.5314
cond_ent_wt	: 4.8301
Src_reg_loss	: 0.0355
-------------------------------------
[Epoch : 131/500]
Total_loss	: 0.1190
Coral_loss	: 0.0000
MMD_loss	: 3.5338
cond_ent_wt	: 4.8300
Src_reg_loss	: 0.0353
-------------------------------------
[Epoch : 132/500]
Total_loss	: 0.1189
Coral_loss	: 0.0000
MMD_loss	: 3.5362
cond_ent_wt	: 4.8299
Src_reg_loss	: 0.0352
-------------------------------------
[Epoch : 133/500]
Total_loss	: 0.1188
Coral_loss	: 0.0000
MMD_loss	: 3.5385
cond_ent_wt	: 4.8298
Src_reg_loss	: 0.0351
-------------------------------------
[Epoch : 134/500]
Total_loss	: 0.1187
Coral_loss	: 0.0000
MMD_loss	: 3.5409
cond_ent_wt	: 4.8297
Src_reg_loss	: 0.0350
-------------------------------------
[Epoch : 135/500]
Total_loss	: 0.1186
Coral_loss	: 0.0000
MMD_loss	: 3.5433
cond_ent_wt	: 4.8296
Src_reg_loss	: 0.0349
-------------------------------------
[Epoch : 136/500]
Total_loss	: 0.1185
Coral_loss	: 0.0000
MMD_loss	: 3.5457
cond_ent_wt	: 4.8295
Src_reg_loss	: 0.0347
-------------------------------------
[Epoch : 137/500]
Total_loss	: 0.1184
Coral_loss	: 0.0000
MMD_loss	: 3.5481
cond_ent_wt	: 4.8294
Src_reg_loss	: 0.0346
-------------------------------------
[Epoch : 138/500]
Total_loss	: 0.1183
Coral_loss	: 0.0000
MMD_loss	: 3.5504
cond_ent_wt	: 4.8293
Src_reg_loss	: 0.0345
-------------------------------------
[Epoch : 139/500]
Total_loss	: 0.1182
Coral_loss	: 0.0000
MMD_loss	: 3.5527
cond_ent_wt	: 4.8292
Src_reg_loss	: 0.0344
-------------------------------------
[Epoch : 140/500]
Total_loss	: 0.1181
Coral_loss	: 0.0000
MMD_loss	: 3.5551
cond_ent_wt	: 4.8291
Src_reg_loss	: 0.0343
-------------------------------------
[Epoch : 141/500]
Total_loss	: 0.1180
Coral_loss	: 0.0000
MMD_loss	: 3.5574
cond_ent_wt	: 4.8290
Src_reg_loss	: 0.0342
-------------------------------------
[Epoch : 142/500]
Total_loss	: 0.1179
Coral_loss	: 0.0000
MMD_loss	: 3.5597
cond_ent_wt	: 4.8289
Src_reg_loss	: 0.0341
-------------------------------------
[Epoch : 143/500]
Total_loss	: 0.1179
Coral_loss	: 0.0000
MMD_loss	: 3.5620
cond_ent_wt	: 4.8288
Src_reg_loss	: 0.0339
-------------------------------------
[Epoch : 144/500]
Total_loss	: 0.1178
Coral_loss	: 0.0000
MMD_loss	: 3.5642
cond_ent_wt	: 4.8287
Src_reg_loss	: 0.0338
-------------------------------------
[Epoch : 145/500]
Total_loss	: 0.1177
Coral_loss	: 0.0000
MMD_loss	: 3.5665
cond_ent_wt	: 4.8286
Src_reg_loss	: 0.0337
-------------------------------------
[Epoch : 146/500]
Total_loss	: 0.1176
Coral_loss	: 0.0000
MMD_loss	: 3.5687
cond_ent_wt	: 4.8286
Src_reg_loss	: 0.0336
-------------------------------------
[Epoch : 147/500]
Total_loss	: 0.1175
Coral_loss	: 0.0000
MMD_loss	: 3.5710
cond_ent_wt	: 4.8285
Src_reg_loss	: 0.0335
-------------------------------------
[Epoch : 148/500]
Total_loss	: 0.1174
Coral_loss	: 0.0000
MMD_loss	: 3.5732
cond_ent_wt	: 4.8284
Src_reg_loss	: 0.0334
-------------------------------------
[Epoch : 149/500]
Total_loss	: 0.1173
Coral_loss	: 0.0000
MMD_loss	: 3.5753
cond_ent_wt	: 4.8283
Src_reg_loss	: 0.0333
-------------------------------------
[Epoch : 150/500]
Total_loss	: 0.1173
Coral_loss	: 0.0000
MMD_loss	: 3.5775
cond_ent_wt	: 4.8282
Src_reg_loss	: 0.0332
-------------------------------------
[Epoch : 151/500]
Total_loss	: 0.1172
Coral_loss	: 0.0000
MMD_loss	: 3.5796
cond_ent_wt	: 4.8281
Src_reg_loss	: 0.0331
-------------------------------------
[Epoch : 152/500]
Total_loss	: 0.1171
Coral_loss	: 0.0000
MMD_loss	: 3.5818
cond_ent_wt	: 4.8280
Src_reg_loss	: 0.0330
-------------------------------------
[Epoch : 153/500]
Total_loss	: 0.1170
Coral_loss	: 0.0000
MMD_loss	: 3.5838
cond_ent_wt	: 4.8279
Src_reg_loss	: 0.0329
-------------------------------------
[Epoch : 154/500]
Total_loss	: 0.1169
Coral_loss	: 0.0000
MMD_loss	: 3.5859
cond_ent_wt	: 4.8278
Src_reg_loss	: 0.0328
-------------------------------------
[Epoch : 155/500]
Total_loss	: 0.1168
Coral_loss	: 0.0000
MMD_loss	: 3.5879
cond_ent_wt	: 4.8277
Src_reg_loss	: 0.0327
-------------------------------------
[Epoch : 156/500]
Total_loss	: 0.1168
Coral_loss	: 0.0000
MMD_loss	: 3.5900
cond_ent_wt	: 4.8276
Src_reg_loss	: 0.0326
-------------------------------------
[Epoch : 157/500]
Total_loss	: 0.1167
Coral_loss	: 0.0000
MMD_loss	: 3.5919
cond_ent_wt	: 4.8276
Src_reg_loss	: 0.0325
-------------------------------------
[Epoch : 158/500]
Total_loss	: 0.1166
Coral_loss	: 0.0000
MMD_loss	: 3.5939
cond_ent_wt	: 4.8275
Src_reg_loss	: 0.0324
-------------------------------------
[Epoch : 159/500]
Total_loss	: 0.1165
Coral_loss	: 0.0000
MMD_loss	: 3.5958
cond_ent_wt	: 4.8274
Src_reg_loss	: 0.0323
-------------------------------------
[Epoch : 160/500]
Total_loss	: 0.1165
Coral_loss	: 0.0000
MMD_loss	: 3.5977
cond_ent_wt	: 4.8273
Src_reg_loss	: 0.0322
-------------------------------------
[Epoch : 161/500]
Total_loss	: 0.1164
Coral_loss	: 0.0000
MMD_loss	: 3.5996
cond_ent_wt	: 4.8272
Src_reg_loss	: 0.0321
-------------------------------------
[Epoch : 162/500]
Total_loss	: 0.1163
Coral_loss	: 0.0000
MMD_loss	: 3.6014
cond_ent_wt	: 4.8271
Src_reg_loss	: 0.0320
-------------------------------------
[Epoch : 163/500]
Total_loss	: 0.1162
Coral_loss	: 0.0000
MMD_loss	: 3.6032
cond_ent_wt	: 4.8270
Src_reg_loss	: 0.0319
-------------------------------------
[Epoch : 164/500]
Total_loss	: 0.1161
Coral_loss	: 0.0000
MMD_loss	: 3.6049
cond_ent_wt	: 4.8269
Src_reg_loss	: 0.0318
-------------------------------------
[Epoch : 165/500]
Total_loss	: 0.1161
Coral_loss	: 0.0000
MMD_loss	: 3.6067
cond_ent_wt	: 4.8268
Src_reg_loss	: 0.0317
-------------------------------------
[Epoch : 166/500]
Total_loss	: 0.1160
Coral_loss	: 0.0000
MMD_loss	: 3.6084
cond_ent_wt	: 4.8267
Src_reg_loss	: 0.0316
-------------------------------------
[Epoch : 167/500]
Total_loss	: 0.1159
Coral_loss	: 0.0000
MMD_loss	: 3.6100
cond_ent_wt	: 4.8266
Src_reg_loss	: 0.0316
-------------------------------------
[Epoch : 168/500]
Total_loss	: 0.1158
Coral_loss	: 0.0000
MMD_loss	: 3.6117
cond_ent_wt	: 4.8266
Src_reg_loss	: 0.0315
-------------------------------------
[Epoch : 169/500]
Total_loss	: 0.1158
Coral_loss	: 0.0000
MMD_loss	: 3.6133
cond_ent_wt	: 4.8265
Src_reg_loss	: 0.0314
-------------------------------------
[Epoch : 170/500]
Total_loss	: 0.1157
Coral_loss	: 0.0000
MMD_loss	: 3.6149
cond_ent_wt	: 4.8264
Src_reg_loss	: 0.0313
-------------------------------------
[Epoch : 171/500]
Total_loss	: 0.1156
Coral_loss	: 0.0000
MMD_loss	: 3.6164
cond_ent_wt	: 4.8263
Src_reg_loss	: 0.0312
-------------------------------------
[Epoch : 172/500]
Total_loss	: 0.1156
Coral_loss	: 0.0000
MMD_loss	: 3.6179
cond_ent_wt	: 4.8262
Src_reg_loss	: 0.0311
-------------------------------------
[Epoch : 173/500]
Total_loss	: 0.1155
Coral_loss	: 0.0000
MMD_loss	: 3.6194
cond_ent_wt	: 4.8261
Src_reg_loss	: 0.0310
-------------------------------------
[Epoch : 174/500]
Total_loss	: 0.1154
Coral_loss	: 0.0000
MMD_loss	: 3.6208
cond_ent_wt	: 4.8260
Src_reg_loss	: 0.0309
-------------------------------------
[Epoch : 175/500]
Total_loss	: 0.1153
Coral_loss	: 0.0000
MMD_loss	: 3.6222
cond_ent_wt	: 4.8259
Src_reg_loss	: 0.0308
-------------------------------------
[Epoch : 176/500]
Total_loss	: 0.1153
Coral_loss	: 0.0000
MMD_loss	: 3.6235
cond_ent_wt	: 4.8258
Src_reg_loss	: 0.0308
-------------------------------------
[Epoch : 177/500]
Total_loss	: 0.1152
Coral_loss	: 0.0000
MMD_loss	: 3.6248
cond_ent_wt	: 4.8257
Src_reg_loss	: 0.0307
-------------------------------------
[Epoch : 178/500]
Total_loss	: 0.1151
Coral_loss	: 0.0000
MMD_loss	: 3.6260
cond_ent_wt	: 4.8256
Src_reg_loss	: 0.0306
-------------------------------------
[Epoch : 179/500]
Total_loss	: 0.1150
Coral_loss	: 0.0000
MMD_loss	: 3.6271
cond_ent_wt	: 4.8255
Src_reg_loss	: 0.0305
-------------------------------------
[Epoch : 180/500]
Total_loss	: 0.1150
Coral_loss	: 0.0000
MMD_loss	: 3.6282
cond_ent_wt	: 4.8254
Src_reg_loss	: 0.0304
-------------------------------------
[Epoch : 181/500]
Total_loss	: 0.1149
Coral_loss	: 0.0000
MMD_loss	: 3.6293
cond_ent_wt	: 4.8253
Src_reg_loss	: 0.0303
-------------------------------------
[Epoch : 182/500]
Total_loss	: 0.1148
Coral_loss	: 0.0000
MMD_loss	: 3.6303
cond_ent_wt	: 4.8252
Src_reg_loss	: 0.0303
-------------------------------------
[Epoch : 183/500]
Total_loss	: 0.1147
Coral_loss	: 0.0000
MMD_loss	: 3.6312
cond_ent_wt	: 4.8251
Src_reg_loss	: 0.0302
-------------------------------------
[Epoch : 184/500]
Total_loss	: 0.1147
Coral_loss	: 0.0000
MMD_loss	: 3.6321
cond_ent_wt	: 4.8250
Src_reg_loss	: 0.0301
-------------------------------------
[Epoch : 185/500]
Total_loss	: 0.1146
Coral_loss	: 0.0000
MMD_loss	: 3.6329
cond_ent_wt	: 4.8249
Src_reg_loss	: 0.0300
-------------------------------------
[Epoch : 186/500]
Total_loss	: 0.1145
Coral_loss	: 0.0000
MMD_loss	: 3.6336
cond_ent_wt	: 4.8248
Src_reg_loss	: 0.0299
-------------------------------------
[Epoch : 187/500]
Total_loss	: 0.1145
Coral_loss	: 0.0000
MMD_loss	: 3.6343
cond_ent_wt	: 4.8247
Src_reg_loss	: 0.0299
-------------------------------------
[Epoch : 188/500]
Total_loss	: 0.1144
Coral_loss	: 0.0000
MMD_loss	: 3.6349
cond_ent_wt	: 4.8246
Src_reg_loss	: 0.0298
-------------------------------------
[Epoch : 189/500]
Total_loss	: 0.1143
Coral_loss	: 0.0000
MMD_loss	: 3.6355
cond_ent_wt	: 4.8245
Src_reg_loss	: 0.0297
-------------------------------------
[Epoch : 190/500]
Total_loss	: 0.1142
Coral_loss	: 0.0000
MMD_loss	: 3.6360
cond_ent_wt	: 4.8245
Src_reg_loss	: 0.0296
-------------------------------------
[Epoch : 191/500]
Total_loss	: 0.1142
Coral_loss	: 0.0000
MMD_loss	: 3.6365
cond_ent_wt	: 4.8244
Src_reg_loss	: 0.0296
-------------------------------------
[Epoch : 192/500]
Total_loss	: 0.1141
Coral_loss	: 0.0000
MMD_loss	: 3.6368
cond_ent_wt	: 4.8243
Src_reg_loss	: 0.0295
-------------------------------------
[Epoch : 193/500]
Total_loss	: 0.1140
Coral_loss	: 0.0000
MMD_loss	: 3.6372
cond_ent_wt	: 4.8242
Src_reg_loss	: 0.0294
-------------------------------------
[Epoch : 194/500]
Total_loss	: 0.1139
Coral_loss	: 0.0000
MMD_loss	: 3.6374
cond_ent_wt	: 4.8241
Src_reg_loss	: 0.0293
-------------------------------------
[Epoch : 195/500]
Total_loss	: 0.1139
Coral_loss	: 0.0000
MMD_loss	: 3.6376
cond_ent_wt	: 4.8239
Src_reg_loss	: 0.0292
-------------------------------------
[Epoch : 196/500]
Total_loss	: 0.1138
Coral_loss	: 0.0000
MMD_loss	: 3.6377
cond_ent_wt	: 4.8238
Src_reg_loss	: 0.0292
-------------------------------------
[Epoch : 197/500]
Total_loss	: 0.1137
Coral_loss	: 0.0000
MMD_loss	: 3.6378
cond_ent_wt	: 4.8237
Src_reg_loss	: 0.0291
-------------------------------------
[Epoch : 198/500]
Total_loss	: 0.1136
Coral_loss	: 0.0000
MMD_loss	: 3.6378
cond_ent_wt	: 4.8236
Src_reg_loss	: 0.0290
-------------------------------------
[Epoch : 199/500]
Total_loss	: 0.1136
Coral_loss	: 0.0000
MMD_loss	: 3.6377
cond_ent_wt	: 4.8235
Src_reg_loss	: 0.0290
-------------------------------------
[Epoch : 200/500]
Total_loss	: 0.1135
Coral_loss	: 0.0000
MMD_loss	: 3.6375
cond_ent_wt	: 4.8234
Src_reg_loss	: 0.0289
-------------------------------------
[Epoch : 201/500]
Total_loss	: 0.1134
Coral_loss	: 0.0000
MMD_loss	: 3.6373
cond_ent_wt	: 4.8233
Src_reg_loss	: 0.0288
-------------------------------------
[Epoch : 202/500]
Total_loss	: 0.1133
Coral_loss	: 0.0000
MMD_loss	: 3.6371
cond_ent_wt	: 4.8232
Src_reg_loss	: 0.0287
-------------------------------------
[Epoch : 203/500]
Total_loss	: 0.1133
Coral_loss	: 0.0000
MMD_loss	: 3.6367
cond_ent_wt	: 4.8231
Src_reg_loss	: 0.0287
-------------------------------------
[Epoch : 204/500]
Total_loss	: 0.1132
Coral_loss	: 0.0000
MMD_loss	: 3.6363
cond_ent_wt	: 4.8230
Src_reg_loss	: 0.0286
-------------------------------------
[Epoch : 205/500]
Total_loss	: 0.1131
Coral_loss	: 0.0000
MMD_loss	: 3.6359
cond_ent_wt	: 4.8229
Src_reg_loss	: 0.0285
-------------------------------------
[Epoch : 206/500]
Total_loss	: 0.1130
Coral_loss	: 0.0000
MMD_loss	: 3.6353
cond_ent_wt	: 4.8228
Src_reg_loss	: 0.0285
-------------------------------------
[Epoch : 207/500]
Total_loss	: 0.1130
Coral_loss	: 0.0000
MMD_loss	: 3.6348
cond_ent_wt	: 4.8227
Src_reg_loss	: 0.0284
-------------------------------------
[Epoch : 208/500]
Total_loss	: 0.1129
Coral_loss	: 0.0000
MMD_loss	: 3.6341
cond_ent_wt	: 4.8226
Src_reg_loss	: 0.0283
-------------------------------------
[Epoch : 209/500]
Total_loss	: 0.1128
Coral_loss	: 0.0000
MMD_loss	: 3.6334
cond_ent_wt	: 4.8225
Src_reg_loss	: 0.0282
-------------------------------------
[Epoch : 210/500]
Total_loss	: 0.1127
Coral_loss	: 0.0000
MMD_loss	: 3.6326
cond_ent_wt	: 4.8224
Src_reg_loss	: 0.0282
-------------------------------------
[Epoch : 211/500]
Total_loss	: 0.1126
Coral_loss	: 0.0000
MMD_loss	: 3.6318
cond_ent_wt	: 4.8223
Src_reg_loss	: 0.0281
-------------------------------------
[Epoch : 212/500]
Total_loss	: 0.1126
Coral_loss	: 0.0000
MMD_loss	: 3.6309
cond_ent_wt	: 4.8222
Src_reg_loss	: 0.0280
-------------------------------------
[Epoch : 213/500]
Total_loss	: 0.1125
Coral_loss	: 0.0000
MMD_loss	: 3.6300
cond_ent_wt	: 4.8220
Src_reg_loss	: 0.0280
-------------------------------------
[Epoch : 214/500]
Total_loss	: 0.1124
Coral_loss	: 0.0000
MMD_loss	: 3.6290
cond_ent_wt	: 4.8219
Src_reg_loss	: 0.0279
-------------------------------------
[Epoch : 215/500]
Total_loss	: 0.1123
Coral_loss	: 0.0000
MMD_loss	: 3.6280
cond_ent_wt	: 4.8218
Src_reg_loss	: 0.0278
-------------------------------------
[Epoch : 216/500]
Total_loss	: 0.1123
Coral_loss	: 0.0000
MMD_loss	: 3.6269
cond_ent_wt	: 4.8217
Src_reg_loss	: 0.0278
-------------------------------------
[Epoch : 217/500]
Total_loss	: 0.1122
Coral_loss	: 0.0000
MMD_loss	: 3.6257
cond_ent_wt	: 4.8216
Src_reg_loss	: 0.0277
-------------------------------------
[Epoch : 218/500]
Total_loss	: 0.1121
Coral_loss	: 0.0000
MMD_loss	: 3.6245
cond_ent_wt	: 4.8215
Src_reg_loss	: 0.0276
-------------------------------------
[Epoch : 219/500]
Total_loss	: 0.1120
Coral_loss	: 0.0000
MMD_loss	: 3.6233
cond_ent_wt	: 4.8214
Src_reg_loss	: 0.0276
-------------------------------------
[Epoch : 220/500]
Total_loss	: 0.1119
Coral_loss	: 0.0000
MMD_loss	: 3.6220
cond_ent_wt	: 4.8212
Src_reg_loss	: 0.0275
-------------------------------------
[Epoch : 221/500]
Total_loss	: 0.1119
Coral_loss	: 0.0000
MMD_loss	: 3.6206
cond_ent_wt	: 4.8211
Src_reg_loss	: 0.0275
-------------------------------------
[Epoch : 222/500]
Total_loss	: 0.1118
Coral_loss	: 0.0000
MMD_loss	: 3.6192
cond_ent_wt	: 4.8210
Src_reg_loss	: 0.0274
-------------------------------------
[Epoch : 223/500]
Total_loss	: 0.1117
Coral_loss	: 0.0000
MMD_loss	: 3.6178
cond_ent_wt	: 4.8209
Src_reg_loss	: 0.0273
-------------------------------------
[Epoch : 224/500]
Total_loss	: 0.1116
Coral_loss	: 0.0000
MMD_loss	: 3.6163
cond_ent_wt	: 4.8208
Src_reg_loss	: 0.0273
-------------------------------------
[Epoch : 225/500]
Total_loss	: 0.1116
Coral_loss	: 0.0000
MMD_loss	: 3.6147
cond_ent_wt	: 4.8206
Src_reg_loss	: 0.0272
-------------------------------------
[Epoch : 226/500]
Total_loss	: 0.1115
Coral_loss	: 0.0000
MMD_loss	: 3.6132
cond_ent_wt	: 4.8205
Src_reg_loss	: 0.0271
-------------------------------------
[Epoch : 227/500]
Total_loss	: 0.1114
Coral_loss	: 0.0000
MMD_loss	: 3.6116
cond_ent_wt	: 4.8204
Src_reg_loss	: 0.0271
-------------------------------------
[Epoch : 228/500]
Total_loss	: 0.1113
Coral_loss	: 0.0000
MMD_loss	: 3.6099
cond_ent_wt	: 4.8203
Src_reg_loss	: 0.0270
-------------------------------------
[Epoch : 229/500]
Total_loss	: 0.1112
Coral_loss	: 0.0000
MMD_loss	: 3.6082
cond_ent_wt	: 4.8201
Src_reg_loss	: 0.0270
-------------------------------------
[Epoch : 230/500]
Total_loss	: 0.1112
Coral_loss	: 0.0000
MMD_loss	: 3.6064
cond_ent_wt	: 4.8200
Src_reg_loss	: 0.0269
-------------------------------------
[Epoch : 231/500]
Total_loss	: 0.1111
Coral_loss	: 0.0000
MMD_loss	: 3.6047
cond_ent_wt	: 4.8199
Src_reg_loss	: 0.0268
-------------------------------------
[Epoch : 232/500]
Total_loss	: 0.1110
Coral_loss	: 0.0000
MMD_loss	: 3.6029
cond_ent_wt	: 4.8198
Src_reg_loss	: 0.0268
-------------------------------------
[Epoch : 233/500]
Total_loss	: 0.1109
Coral_loss	: 0.0000
MMD_loss	: 3.6010
cond_ent_wt	: 4.8196
Src_reg_loss	: 0.0267
-------------------------------------
[Epoch : 234/500]
Total_loss	: 0.1108
Coral_loss	: 0.0000
MMD_loss	: 3.5991
cond_ent_wt	: 4.8195
Src_reg_loss	: 0.0267
-------------------------------------
[Epoch : 235/500]
Total_loss	: 0.1108
Coral_loss	: 0.0000
MMD_loss	: 3.5972
cond_ent_wt	: 4.8194
Src_reg_loss	: 0.0266
-------------------------------------
[Epoch : 236/500]
Total_loss	: 0.1107
Coral_loss	: 0.0000
MMD_loss	: 3.5952
cond_ent_wt	: 4.8193
Src_reg_loss	: 0.0265
-------------------------------------
[Epoch : 237/500]
Total_loss	: 0.1106
Coral_loss	: 0.0000
MMD_loss	: 3.5933
cond_ent_wt	: 4.8191
Src_reg_loss	: 0.0265
-------------------------------------
[Epoch : 238/500]
Total_loss	: 0.1105
Coral_loss	: 0.0000
MMD_loss	: 3.5912
cond_ent_wt	: 4.8190
Src_reg_loss	: 0.0264
-------------------------------------
[Epoch : 239/500]
Total_loss	: 0.1105
Coral_loss	: 0.0000
MMD_loss	: 3.5892
cond_ent_wt	: 4.8189
Src_reg_loss	: 0.0264
-------------------------------------
[Epoch : 240/500]
Total_loss	: 0.1104
Coral_loss	: 0.0000
MMD_loss	: 3.5871
cond_ent_wt	: 4.8187
Src_reg_loss	: 0.0263
-------------------------------------
[Epoch : 241/500]
Total_loss	: 0.1103
Coral_loss	: 0.0000
MMD_loss	: 3.5850
cond_ent_wt	: 4.8186
Src_reg_loss	: 0.0263
-------------------------------------
[Epoch : 242/500]
Total_loss	: 0.1102
Coral_loss	: 0.0000
MMD_loss	: 3.5829
cond_ent_wt	: 4.8185
Src_reg_loss	: 0.0262
-------------------------------------
[Epoch : 243/500]
Total_loss	: 0.1101
Coral_loss	: 0.0000
MMD_loss	: 3.5808
cond_ent_wt	: 4.8183
Src_reg_loss	: 0.0261
-------------------------------------
[Epoch : 244/500]
Total_loss	: 0.1101
Coral_loss	: 0.0000
MMD_loss	: 3.5786
cond_ent_wt	: 4.8182
Src_reg_loss	: 0.0261
-------------------------------------
[Epoch : 245/500]
Total_loss	: 0.1100
Coral_loss	: 0.0000
MMD_loss	: 3.5764
cond_ent_wt	: 4.8180
Src_reg_loss	: 0.0260
-------------------------------------
[Epoch : 246/500]
Total_loss	: 0.1099
Coral_loss	: 0.0000
MMD_loss	: 3.5742
cond_ent_wt	: 4.8179
Src_reg_loss	: 0.0260
-------------------------------------
[Epoch : 247/500]
Total_loss	: 0.1098
Coral_loss	: 0.0000
MMD_loss	: 3.5720
cond_ent_wt	: 4.8178
Src_reg_loss	: 0.0259
-------------------------------------
[Epoch : 248/500]
Total_loss	: 0.1097
Coral_loss	: 0.0000
MMD_loss	: 3.5697
cond_ent_wt	: 4.8176
Src_reg_loss	: 0.0259
-------------------------------------
[Epoch : 249/500]
Total_loss	: 0.1097
Coral_loss	: 0.0000
MMD_loss	: 3.5675
cond_ent_wt	: 4.8175
Src_reg_loss	: 0.0258
-------------------------------------
[Epoch : 250/500]
Total_loss	: 0.1096
Coral_loss	: 0.0000
MMD_loss	: 3.5652
cond_ent_wt	: 4.8173
Src_reg_loss	: 0.0258
-------------------------------------
[Epoch : 251/500]
Total_loss	: 0.1095
Coral_loss	: 0.0000
MMD_loss	: 3.5629
cond_ent_wt	: 4.8172
Src_reg_loss	: 0.0257
-------------------------------------
[Epoch : 252/500]
Total_loss	: 0.1094
Coral_loss	: 0.0000
MMD_loss	: 3.5606
cond_ent_wt	: 4.8171
Src_reg_loss	: 0.0257
-------------------------------------
[Epoch : 253/500]
Total_loss	: 0.1094
Coral_loss	: 0.0000
MMD_loss	: 3.5583
cond_ent_wt	: 4.8169
Src_reg_loss	: 0.0256
-------------------------------------
[Epoch : 254/500]
Total_loss	: 0.1093
Coral_loss	: 0.0000
MMD_loss	: 3.5559
cond_ent_wt	: 4.8168
Src_reg_loss	: 0.0256
-------------------------------------
[Epoch : 255/500]
Total_loss	: 0.1092
Coral_loss	: 0.0000
MMD_loss	: 3.5536
cond_ent_wt	: 4.8166
Src_reg_loss	: 0.0255
-------------------------------------
[Epoch : 256/500]
Total_loss	: 0.1091
Coral_loss	: 0.0000
MMD_loss	: 3.5512
cond_ent_wt	: 4.8165
Src_reg_loss	: 0.0255
-------------------------------------
[Epoch : 257/500]
Total_loss	: 0.1091
Coral_loss	: 0.0000
MMD_loss	: 3.5489
cond_ent_wt	: 4.8163
Src_reg_loss	: 0.0254
-------------------------------------
[Epoch : 258/500]
Total_loss	: 0.1090
Coral_loss	: 0.0000
MMD_loss	: 3.5465
cond_ent_wt	: 4.8162
Src_reg_loss	: 0.0254
-------------------------------------
[Epoch : 259/500]
Total_loss	: 0.1089
Coral_loss	: 0.0000
MMD_loss	: 3.5441
cond_ent_wt	: 4.8160
Src_reg_loss	: 0.0253
-------------------------------------
[Epoch : 260/500]
Total_loss	: 0.1088
Coral_loss	: 0.0000
MMD_loss	: 3.5417
cond_ent_wt	: 4.8158
Src_reg_loss	: 0.0253
-------------------------------------
[Epoch : 261/500]
Total_loss	: 0.1088
Coral_loss	: 0.0000
MMD_loss	: 3.5393
cond_ent_wt	: 4.8157
Src_reg_loss	: 0.0252
-------------------------------------
[Epoch : 262/500]
Total_loss	: 0.1087
Coral_loss	: 0.0000
MMD_loss	: 3.5369
cond_ent_wt	: 4.8155
Src_reg_loss	: 0.0252
-------------------------------------
[Epoch : 263/500]
Total_loss	: 0.1086
Coral_loss	: 0.0000
MMD_loss	: 3.5345
cond_ent_wt	: 4.8154
Src_reg_loss	: 0.0251
-------------------------------------
[Epoch : 264/500]
Total_loss	: 0.1085
Coral_loss	: 0.0000
MMD_loss	: 3.5321
cond_ent_wt	: 4.8152
Src_reg_loss	: 0.0251
-------------------------------------
[Epoch : 265/500]
Total_loss	: 0.1085
Coral_loss	: 0.0000
MMD_loss	: 3.5297
cond_ent_wt	: 4.8151
Src_reg_loss	: 0.0250
-------------------------------------
[Epoch : 266/500]
Total_loss	: 0.1084
Coral_loss	: 0.0000
MMD_loss	: 3.5273
cond_ent_wt	: 4.8149
Src_reg_loss	: 0.0250
-------------------------------------
[Epoch : 267/500]
Total_loss	: 0.1083
Coral_loss	: 0.0000
MMD_loss	: 3.5249
cond_ent_wt	: 4.8147
Src_reg_loss	: 0.0249
-------------------------------------
[Epoch : 268/500]
Total_loss	: 0.1082
Coral_loss	: 0.0000
MMD_loss	: 3.5225
cond_ent_wt	: 4.8146
Src_reg_loss	: 0.0249
-------------------------------------
[Epoch : 269/500]
Total_loss	: 0.1082
Coral_loss	: 0.0000
MMD_loss	: 3.5201
cond_ent_wt	: 4.8144
Src_reg_loss	: 0.0248
-------------------------------------
[Epoch : 270/500]
Total_loss	: 0.1081
Coral_loss	: 0.0000
MMD_loss	: 3.5177
cond_ent_wt	: 4.8142
Src_reg_loss	: 0.0248
-------------------------------------
[Epoch : 271/500]
Total_loss	: 0.1080
Coral_loss	: 0.0000
MMD_loss	: 3.5153
cond_ent_wt	: 4.8141
Src_reg_loss	: 0.0247
-------------------------------------
[Epoch : 272/500]
Total_loss	: 0.1079
Coral_loss	: 0.0000
MMD_loss	: 3.5129
cond_ent_wt	: 4.8139
Src_reg_loss	: 0.0247
-------------------------------------
[Epoch : 273/500]
Total_loss	: 0.1079
Coral_loss	: 0.0000
MMD_loss	: 3.5105
cond_ent_wt	: 4.8137
Src_reg_loss	: 0.0246
-------------------------------------
[Epoch : 274/500]
Total_loss	: 0.1078
Coral_loss	: 0.0000
MMD_loss	: 3.5081
cond_ent_wt	: 4.8135
Src_reg_loss	: 0.0246
-------------------------------------
[Epoch : 275/500]
Total_loss	: 0.1077
Coral_loss	: 0.0000
MMD_loss	: 3.5057
cond_ent_wt	: 4.8134
Src_reg_loss	: 0.0245
-------------------------------------
[Epoch : 276/500]
Total_loss	: 0.1077
Coral_loss	: 0.0000
MMD_loss	: 3.5033
cond_ent_wt	: 4.8132
Src_reg_loss	: 0.0245
-------------------------------------
[Epoch : 277/500]
Total_loss	: 0.1076
Coral_loss	: 0.0000
MMD_loss	: 3.5009
cond_ent_wt	: 4.8130
Src_reg_loss	: 0.0244
-------------------------------------
[Epoch : 278/500]
Total_loss	: 0.1075
Coral_loss	: 0.0000
MMD_loss	: 3.4986
cond_ent_wt	: 4.8128
Src_reg_loss	: 0.0244
-------------------------------------
[Epoch : 279/500]
Total_loss	: 0.1074
Coral_loss	: 0.0000
MMD_loss	: 3.4962
cond_ent_wt	: 4.8127
Src_reg_loss	: 0.0244
-------------------------------------
[Epoch : 280/500]
Total_loss	: 0.1074
Coral_loss	: 0.0000
MMD_loss	: 3.4938
cond_ent_wt	: 4.8125
Src_reg_loss	: 0.0243
-------------------------------------
[Epoch : 281/500]
Total_loss	: 0.1073
Coral_loss	: 0.0000
MMD_loss	: 3.4915
cond_ent_wt	: 4.8123
Src_reg_loss	: 0.0243
-------------------------------------
[Epoch : 282/500]
Total_loss	: 0.1072
Coral_loss	: 0.0000
MMD_loss	: 3.4891
cond_ent_wt	: 4.8121
Src_reg_loss	: 0.0242
-------------------------------------
[Epoch : 283/500]
Total_loss	: 0.1072
Coral_loss	: 0.0000
MMD_loss	: 3.4868
cond_ent_wt	: 4.8119
Src_reg_loss	: 0.0242
-------------------------------------
[Epoch : 284/500]
Total_loss	: 0.1071
Coral_loss	: 0.0000
MMD_loss	: 3.4845
cond_ent_wt	: 4.8118
Src_reg_loss	: 0.0241
-------------------------------------
[Epoch : 285/500]
Total_loss	: 0.1070
Coral_loss	: 0.0000
MMD_loss	: 3.4821
cond_ent_wt	: 4.8116
Src_reg_loss	: 0.0241
-------------------------------------
[Epoch : 286/500]
Total_loss	: 0.1070
Coral_loss	: 0.0000
MMD_loss	: 3.4798
cond_ent_wt	: 4.8114
Src_reg_loss	: 0.0241
-------------------------------------
[Epoch : 287/500]
Total_loss	: 0.1069
Coral_loss	: 0.0000
MMD_loss	: 3.4775
cond_ent_wt	: 4.8112
Src_reg_loss	: 0.0240
-------------------------------------
[Epoch : 288/500]
Total_loss	: 0.1068
Coral_loss	: 0.0000
MMD_loss	: 3.4752
cond_ent_wt	: 4.8110
Src_reg_loss	: 0.0240
-------------------------------------
[Epoch : 289/500]
Total_loss	: 0.1068
Coral_loss	: 0.0000
MMD_loss	: 3.4729
cond_ent_wt	: 4.8108
Src_reg_loss	: 0.0239
-------------------------------------
[Epoch : 290/500]
Total_loss	: 0.1067
Coral_loss	: 0.0000
MMD_loss	: 3.4706
cond_ent_wt	: 4.8106
Src_reg_loss	: 0.0239
-------------------------------------
[Epoch : 291/500]
Total_loss	: 0.1066
Coral_loss	: 0.0000
MMD_loss	: 3.4684
cond_ent_wt	: 4.8104
Src_reg_loss	: 0.0238
-------------------------------------
[Epoch : 292/500]
Total_loss	: 0.1066
Coral_loss	: 0.0000
MMD_loss	: 3.4661
cond_ent_wt	: 4.8102
Src_reg_loss	: 0.0238
-------------------------------------
[Epoch : 293/500]
Total_loss	: 0.1065
Coral_loss	: 0.0000
MMD_loss	: 3.4639
cond_ent_wt	: 4.8100
Src_reg_loss	: 0.0238
-------------------------------------
[Epoch : 294/500]
Total_loss	: 0.1064
Coral_loss	: 0.0000
MMD_loss	: 3.4616
cond_ent_wt	: 4.8098
Src_reg_loss	: 0.0237
-------------------------------------
[Epoch : 295/500]
Total_loss	: 0.1064
Coral_loss	: 0.0000
MMD_loss	: 3.4594
cond_ent_wt	: 4.8096
Src_reg_loss	: 0.0237
-------------------------------------
[Epoch : 296/500]
Total_loss	: 0.1063
Coral_loss	: 0.0000
MMD_loss	: 3.4572
cond_ent_wt	: 4.8094
Src_reg_loss	: 0.0236
-------------------------------------
[Epoch : 297/500]
Total_loss	: 0.1062
Coral_loss	: 0.0000
MMD_loss	: 3.4550
cond_ent_wt	: 4.8092
Src_reg_loss	: 0.0236
-------------------------------------
[Epoch : 298/500]
Total_loss	: 0.1062
Coral_loss	: 0.0000
MMD_loss	: 3.4528
cond_ent_wt	: 4.8090
Src_reg_loss	: 0.0236
-------------------------------------
[Epoch : 299/500]
Total_loss	: 0.1061
Coral_loss	: 0.0000
MMD_loss	: 3.4506
cond_ent_wt	: 4.8088
Src_reg_loss	: 0.0235
-------------------------------------
[Epoch : 300/500]
Total_loss	: 0.1060
Coral_loss	: 0.0000
MMD_loss	: 3.4485
cond_ent_wt	: 4.8086
Src_reg_loss	: 0.0235
-------------------------------------
[Epoch : 301/500]
Total_loss	: 0.1060
Coral_loss	: 0.0000
MMD_loss	: 3.4463
cond_ent_wt	: 4.8084
Src_reg_loss	: 0.0234
-------------------------------------
[Epoch : 302/500]
Total_loss	: 0.1059
Coral_loss	: 0.0000
MMD_loss	: 3.4441
cond_ent_wt	: 4.8082
Src_reg_loss	: 0.0234
-------------------------------------
[Epoch : 303/500]
Total_loss	: 0.1059
Coral_loss	: 0.0000
MMD_loss	: 3.4420
cond_ent_wt	: 4.8080
Src_reg_loss	: 0.0234
-------------------------------------
[Epoch : 304/500]
Total_loss	: 0.1058
Coral_loss	: 0.0000
MMD_loss	: 3.4399
cond_ent_wt	: 4.8078
Src_reg_loss	: 0.0233
-------------------------------------
[Epoch : 305/500]
Total_loss	: 0.1057
Coral_loss	: 0.0000
MMD_loss	: 3.4378
cond_ent_wt	: 4.8075
Src_reg_loss	: 0.0233
-------------------------------------
[Epoch : 306/500]
Total_loss	: 0.1057
Coral_loss	: 0.0000
MMD_loss	: 3.4357
cond_ent_wt	: 4.8073
Src_reg_loss	: 0.0232
-------------------------------------
[Epoch : 307/500]
Total_loss	: 0.1056
Coral_loss	: 0.0000
MMD_loss	: 3.4336
cond_ent_wt	: 4.8071
Src_reg_loss	: 0.0232
-------------------------------------
[Epoch : 308/500]
Total_loss	: 0.1055
Coral_loss	: 0.0000
MMD_loss	: 3.4315
cond_ent_wt	: 4.8069
Src_reg_loss	: 0.0232
-------------------------------------
[Epoch : 309/500]
Total_loss	: 0.1055
Coral_loss	: 0.0000
MMD_loss	: 3.4294
cond_ent_wt	: 4.8067
Src_reg_loss	: 0.0231
-------------------------------------
[Epoch : 310/500]
Total_loss	: 0.1054
Coral_loss	: 0.0000
MMD_loss	: 3.4274
cond_ent_wt	: 4.8065
Src_reg_loss	: 0.0231
-------------------------------------
[Epoch : 311/500]
Total_loss	: 0.1054
Coral_loss	: 0.0000
MMD_loss	: 3.4253
cond_ent_wt	: 4.8062
Src_reg_loss	: 0.0231
-------------------------------------
[Epoch : 312/500]
Total_loss	: 0.1053
Coral_loss	: 0.0000
MMD_loss	: 3.4233
cond_ent_wt	: 4.8060
Src_reg_loss	: 0.0230
-------------------------------------
[Epoch : 313/500]
Total_loss	: 0.1052
Coral_loss	: 0.0000
MMD_loss	: 3.4213
cond_ent_wt	: 4.8058
Src_reg_loss	: 0.0230
-------------------------------------
[Epoch : 314/500]
Total_loss	: 0.1052
Coral_loss	: 0.0000
MMD_loss	: 3.4193
cond_ent_wt	: 4.8056
Src_reg_loss	: 0.0229
-------------------------------------
[Epoch : 315/500]
Total_loss	: 0.1051
Coral_loss	: 0.0000
MMD_loss	: 3.4173
cond_ent_wt	: 4.8053
Src_reg_loss	: 0.0229
-------------------------------------
[Epoch : 316/500]
Total_loss	: 0.1051
Coral_loss	: 0.0000
MMD_loss	: 3.4153
cond_ent_wt	: 4.8051
Src_reg_loss	: 0.0229
-------------------------------------
[Epoch : 317/500]
Total_loss	: 0.1050
Coral_loss	: 0.0000
MMD_loss	: 3.4133
cond_ent_wt	: 4.8049
Src_reg_loss	: 0.0228
-------------------------------------
[Epoch : 318/500]
Total_loss	: 0.1050
Coral_loss	: 0.0000
MMD_loss	: 3.4113
cond_ent_wt	: 4.8046
Src_reg_loss	: 0.0228
-------------------------------------
[Epoch : 319/500]
Total_loss	: 0.1049
Coral_loss	: 0.0000
MMD_loss	: 3.4094
cond_ent_wt	: 4.8044
Src_reg_loss	: 0.0228
-------------------------------------
[Epoch : 320/500]
Total_loss	: 0.1048
Coral_loss	: 0.0000
MMD_loss	: 3.4074
cond_ent_wt	: 4.8042
Src_reg_loss	: 0.0227
-------------------------------------
[Epoch : 321/500]
Total_loss	: 0.1048
Coral_loss	: 0.0000
MMD_loss	: 3.4055
cond_ent_wt	: 4.8039
Src_reg_loss	: 0.0227
-------------------------------------
[Epoch : 322/500]
Total_loss	: 0.1047
Coral_loss	: 0.0000
MMD_loss	: 3.4036
cond_ent_wt	: 4.8037
Src_reg_loss	: 0.0227
-------------------------------------
[Epoch : 323/500]
Total_loss	: 0.1047
Coral_loss	: 0.0000
MMD_loss	: 3.4017
cond_ent_wt	: 4.8034
Src_reg_loss	: 0.0226
-------------------------------------
[Epoch : 324/500]
Total_loss	: 0.1046
Coral_loss	: 0.0000
MMD_loss	: 3.3998
cond_ent_wt	: 4.8032
Src_reg_loss	: 0.0226
-------------------------------------
[Epoch : 325/500]
Total_loss	: 0.1046
Coral_loss	: 0.0000
MMD_loss	: 3.3979
cond_ent_wt	: 4.8030
Src_reg_loss	: 0.0225
-------------------------------------
[Epoch : 326/500]
Total_loss	: 0.1045
Coral_loss	: 0.0000
MMD_loss	: 3.3960
cond_ent_wt	: 4.8027
Src_reg_loss	: 0.0225
-------------------------------------
[Epoch : 327/500]
Total_loss	: 0.1044
Coral_loss	: 0.0000
MMD_loss	: 3.3941
cond_ent_wt	: 4.8025
Src_reg_loss	: 0.0225
-------------------------------------
[Epoch : 328/500]
Total_loss	: 0.1044
Coral_loss	: 0.0000
MMD_loss	: 3.3923
cond_ent_wt	: 4.8022
Src_reg_loss	: 0.0224
-------------------------------------
[Epoch : 329/500]
Total_loss	: 0.1043
Coral_loss	: 0.0000
MMD_loss	: 3.3904
cond_ent_wt	: 4.8020
Src_reg_loss	: 0.0224
-------------------------------------
[Epoch : 330/500]
Total_loss	: 0.1043
Coral_loss	: 0.0000
MMD_loss	: 3.3886
cond_ent_wt	: 4.8017
Src_reg_loss	: 0.0224
-------------------------------------
[Epoch : 331/500]
Total_loss	: 0.1042
Coral_loss	: 0.0000
MMD_loss	: 3.3867
cond_ent_wt	: 4.8015
Src_reg_loss	: 0.0223
-------------------------------------
[Epoch : 332/500]
Total_loss	: 0.1042
Coral_loss	: 0.0000
MMD_loss	: 3.3849
cond_ent_wt	: 4.8012
Src_reg_loss	: 0.0223
-------------------------------------
[Epoch : 333/500]
Total_loss	: 0.1041
Coral_loss	: 0.0000
MMD_loss	: 3.3831
cond_ent_wt	: 4.8010
Src_reg_loss	: 0.0223
-------------------------------------
[Epoch : 334/500]
Total_loss	: 0.1041
Coral_loss	: 0.0000
MMD_loss	: 3.3813
cond_ent_wt	: 4.8007
Src_reg_loss	: 0.0222
-------------------------------------
[Epoch : 335/500]
Total_loss	: 0.1040
Coral_loss	: 0.0000
MMD_loss	: 3.3795
cond_ent_wt	: 4.8005
Src_reg_loss	: 0.0222
-------------------------------------
[Epoch : 336/500]
Total_loss	: 0.1040
Coral_loss	: 0.0000
MMD_loss	: 3.3777
cond_ent_wt	: 4.8002
Src_reg_loss	: 0.0222
-------------------------------------
[Epoch : 337/500]
Total_loss	: 0.1039
Coral_loss	: 0.0000
MMD_loss	: 3.3759
cond_ent_wt	: 4.7999
Src_reg_loss	: 0.0221
-------------------------------------
[Epoch : 338/500]
Total_loss	: 0.1038
Coral_loss	: 0.0000
MMD_loss	: 3.3741
cond_ent_wt	: 4.7997
Src_reg_loss	: 0.0221
-------------------------------------
[Epoch : 339/500]
Total_loss	: 0.1038
Coral_loss	: 0.0000
MMD_loss	: 3.3723
cond_ent_wt	: 4.7994
Src_reg_loss	: 0.0221
-------------------------------------
[Epoch : 340/500]
Total_loss	: 0.1037
Coral_loss	: 0.0000
MMD_loss	: 3.3706
cond_ent_wt	: 4.7992
Src_reg_loss	: 0.0220
-------------------------------------
[Epoch : 341/500]
Total_loss	: 0.1037
Coral_loss	: 0.0000
MMD_loss	: 3.3688
cond_ent_wt	: 4.7989
Src_reg_loss	: 0.0220
-------------------------------------
[Epoch : 342/500]
Total_loss	: 0.1036
Coral_loss	: 0.0000
MMD_loss	: 3.3671
cond_ent_wt	: 4.7986
Src_reg_loss	: 0.0220
-------------------------------------
[Epoch : 343/500]
Total_loss	: 0.1036
Coral_loss	: 0.0000
MMD_loss	: 3.3653
cond_ent_wt	: 4.7984
Src_reg_loss	: 0.0220
-------------------------------------
[Epoch : 344/500]
Total_loss	: 0.1035
Coral_loss	: 0.0000
MMD_loss	: 3.3636
cond_ent_wt	: 4.7981
Src_reg_loss	: 0.0219
-------------------------------------
[Epoch : 345/500]
Total_loss	: 0.1035
Coral_loss	: 0.0000
MMD_loss	: 3.3619
cond_ent_wt	: 4.7978
Src_reg_loss	: 0.0219
-------------------------------------
[Epoch : 346/500]
Total_loss	: 0.1034
Coral_loss	: 0.0000
MMD_loss	: 3.3602
cond_ent_wt	: 4.7976
Src_reg_loss	: 0.0219
-------------------------------------
[Epoch : 347/500]
Total_loss	: 0.1034
Coral_loss	: 0.0000
MMD_loss	: 3.3585
cond_ent_wt	: 4.7973
Src_reg_loss	: 0.0218
-------------------------------------
[Epoch : 348/500]
Total_loss	: 0.1033
Coral_loss	: 0.0000
MMD_loss	: 3.3568
cond_ent_wt	: 4.7970
Src_reg_loss	: 0.0218
-------------------------------------
[Epoch : 349/500]
Total_loss	: 0.1033
Coral_loss	: 0.0000
MMD_loss	: 3.3551
cond_ent_wt	: 4.7968
Src_reg_loss	: 0.0218
-------------------------------------
[Epoch : 350/500]
Total_loss	: 0.1032
Coral_loss	: 0.0000
MMD_loss	: 3.3534
cond_ent_wt	: 4.7965
Src_reg_loss	: 0.0217
-------------------------------------
[Epoch : 351/500]
Total_loss	: 0.1032
Coral_loss	: 0.0000
MMD_loss	: 3.3517
cond_ent_wt	: 4.7962
Src_reg_loss	: 0.0217
-------------------------------------
[Epoch : 352/500]
Total_loss	: 0.1031
Coral_loss	: 0.0000
MMD_loss	: 3.3500
cond_ent_wt	: 4.7959
Src_reg_loss	: 0.0217
-------------------------------------
[Epoch : 353/500]
Total_loss	: 0.1031
Coral_loss	: 0.0000
MMD_loss	: 3.3484
cond_ent_wt	: 4.7957
Src_reg_loss	: 0.0216
-------------------------------------
[Epoch : 354/500]
Total_loss	: 0.1030
Coral_loss	: 0.0000
MMD_loss	: 3.3467
cond_ent_wt	: 4.7954
Src_reg_loss	: 0.0216
-------------------------------------
[Epoch : 355/500]
Total_loss	: 0.1030
Coral_loss	: 0.0000
MMD_loss	: 3.3450
cond_ent_wt	: 4.7951
Src_reg_loss	: 0.0216
-------------------------------------
[Epoch : 356/500]
Total_loss	: 0.1029
Coral_loss	: 0.0000
MMD_loss	: 3.3434
cond_ent_wt	: 4.7948
Src_reg_loss	: 0.0216
-------------------------------------
[Epoch : 357/500]
Total_loss	: 0.1029
Coral_loss	: 0.0000
MMD_loss	: 3.3418
cond_ent_wt	: 4.7946
Src_reg_loss	: 0.0215
-------------------------------------
[Epoch : 358/500]
Total_loss	: 0.1028
Coral_loss	: 0.0000
MMD_loss	: 3.3401
cond_ent_wt	: 4.7943
Src_reg_loss	: 0.0215
-------------------------------------
[Epoch : 359/500]
Total_loss	: 0.1028
Coral_loss	: 0.0000
MMD_loss	: 3.3385
cond_ent_wt	: 4.7940
Src_reg_loss	: 0.0215
-------------------------------------
[Epoch : 360/500]
Total_loss	: 0.1027
Coral_loss	: 0.0000
MMD_loss	: 3.3369
cond_ent_wt	: 4.7937
Src_reg_loss	: 0.0214
-------------------------------------
[Epoch : 361/500]
Total_loss	: 0.1027
Coral_loss	: 0.0000
MMD_loss	: 3.3353
cond_ent_wt	: 4.7934
Src_reg_loss	: 0.0214
-------------------------------------
[Epoch : 362/500]
Total_loss	: 0.1026
Coral_loss	: 0.0000
MMD_loss	: 3.3337
cond_ent_wt	: 4.7932
Src_reg_loss	: 0.0214
-------------------------------------
[Epoch : 363/500]
Total_loss	: 0.1026
Coral_loss	: 0.0000
MMD_loss	: 3.3320
cond_ent_wt	: 4.7929
Src_reg_loss	: 0.0213
-------------------------------------
[Epoch : 364/500]
Total_loss	: 0.1025
Coral_loss	: 0.0000
MMD_loss	: 3.3305
cond_ent_wt	: 4.7926
Src_reg_loss	: 0.0213
-------------------------------------
[Epoch : 365/500]
Total_loss	: 0.1025
Coral_loss	: 0.0000
MMD_loss	: 3.3289
cond_ent_wt	: 4.7923
Src_reg_loss	: 0.0213
-------------------------------------
[Epoch : 366/500]
Total_loss	: 0.1025
Coral_loss	: 0.0000
MMD_loss	: 3.3273
cond_ent_wt	: 4.7920
Src_reg_loss	: 0.0213
-------------------------------------
[Epoch : 367/500]
Total_loss	: 0.1024
Coral_loss	: 0.0000
MMD_loss	: 3.3257
cond_ent_wt	: 4.7917
Src_reg_loss	: 0.0212
-------------------------------------
[Epoch : 368/500]
Total_loss	: 0.1024
Coral_loss	: 0.0000
MMD_loss	: 3.3241
cond_ent_wt	: 4.7915
Src_reg_loss	: 0.0212
-------------------------------------
[Epoch : 369/500]
Total_loss	: 0.1023
Coral_loss	: 0.0000
MMD_loss	: 3.3226
cond_ent_wt	: 4.7912
Src_reg_loss	: 0.0212
-------------------------------------
[Epoch : 370/500]
Total_loss	: 0.1023
Coral_loss	: 0.0000
MMD_loss	: 3.3210
cond_ent_wt	: 4.7909
Src_reg_loss	: 0.0211
-------------------------------------
[Epoch : 371/500]
Total_loss	: 0.1022
Coral_loss	: 0.0000
MMD_loss	: 3.3195
cond_ent_wt	: 4.7906
Src_reg_loss	: 0.0211
-------------------------------------
[Epoch : 372/500]
Total_loss	: 0.1022
Coral_loss	: 0.0000
MMD_loss	: 3.3179
cond_ent_wt	: 4.7903
Src_reg_loss	: 0.0211
-------------------------------------
[Epoch : 373/500]
Total_loss	: 0.1021
Coral_loss	: 0.0000
MMD_loss	: 3.3164
cond_ent_wt	: 4.7900
Src_reg_loss	: 0.0211
-------------------------------------
[Epoch : 374/500]
Total_loss	: 0.1021
Coral_loss	: 0.0000
MMD_loss	: 3.3149
cond_ent_wt	: 4.7897
Src_reg_loss	: 0.0210
-------------------------------------
[Epoch : 375/500]
Total_loss	: 0.1020
Coral_loss	: 0.0000
MMD_loss	: 3.3133
cond_ent_wt	: 4.7895
Src_reg_loss	: 0.0210
-------------------------------------
[Epoch : 376/500]
Total_loss	: 0.1020
Coral_loss	: 0.0000
MMD_loss	: 3.3118
cond_ent_wt	: 4.7892
Src_reg_loss	: 0.0210
-------------------------------------
[Epoch : 377/500]
Total_loss	: 0.1019
Coral_loss	: 0.0000
MMD_loss	: 3.3103
cond_ent_wt	: 4.7889
Src_reg_loss	: 0.0210
-------------------------------------
[Epoch : 378/500]
Total_loss	: 0.1019
Coral_loss	: 0.0000
MMD_loss	: 3.3088
cond_ent_wt	: 4.7886
Src_reg_loss	: 0.0209
-------------------------------------
[Epoch : 379/500]
Total_loss	: 0.1019
Coral_loss	: 0.0000
MMD_loss	: 3.3073
cond_ent_wt	: 4.7883
Src_reg_loss	: 0.0209
-------------------------------------
[Epoch : 380/500]
Total_loss	: 0.1018
Coral_loss	: 0.0000
MMD_loss	: 3.3058
cond_ent_wt	: 4.7880
Src_reg_loss	: 0.0209
-------------------------------------
[Epoch : 381/500]
Total_loss	: 0.1018
Coral_loss	: 0.0000
MMD_loss	: 3.3043
cond_ent_wt	: 4.7877
Src_reg_loss	: 0.0208
-------------------------------------
[Epoch : 382/500]
Total_loss	: 0.1017
Coral_loss	: 0.0000
MMD_loss	: 3.3028
cond_ent_wt	: 4.7874
Src_reg_loss	: 0.0208
-------------------------------------
[Epoch : 383/500]
Total_loss	: 0.1017
Coral_loss	: 0.0000
MMD_loss	: 3.3014
cond_ent_wt	: 4.7871
Src_reg_loss	: 0.0208
-------------------------------------
[Epoch : 384/500]
Total_loss	: 0.1016
Coral_loss	: 0.0000
MMD_loss	: 3.2999
cond_ent_wt	: 4.7869
Src_reg_loss	: 0.0208
-------------------------------------
[Epoch : 385/500]
Total_loss	: 0.1016
Coral_loss	: 0.0000
MMD_loss	: 3.2984
cond_ent_wt	: 4.7866
Src_reg_loss	: 0.0207
-------------------------------------
[Epoch : 386/500]
Total_loss	: 0.1016
Coral_loss	: 0.0000
MMD_loss	: 3.2970
cond_ent_wt	: 4.7863
Src_reg_loss	: 0.0207
-------------------------------------
[Epoch : 387/500]
Total_loss	: 0.1015
Coral_loss	: 0.0000
MMD_loss	: 3.2955
cond_ent_wt	: 4.7860
Src_reg_loss	: 0.0207
-------------------------------------
[Epoch : 388/500]
Total_loss	: 0.1015
Coral_loss	: 0.0000
MMD_loss	: 3.2941
cond_ent_wt	: 4.7857
Src_reg_loss	: 0.0207
-------------------------------------
[Epoch : 389/500]
Total_loss	: 0.1014
Coral_loss	: 0.0000
MMD_loss	: 3.2927
cond_ent_wt	: 4.7854
Src_reg_loss	: 0.0206
-------------------------------------
[Epoch : 390/500]
Total_loss	: 0.1014
Coral_loss	: 0.0000
MMD_loss	: 3.2912
cond_ent_wt	: 4.7851
Src_reg_loss	: 0.0206
-------------------------------------
[Epoch : 391/500]
Total_loss	: 0.1013
Coral_loss	: 0.0000
MMD_loss	: 3.2898
cond_ent_wt	: 4.7848
Src_reg_loss	: 0.0206
-------------------------------------
[Epoch : 392/500]
Total_loss	: 0.1013
Coral_loss	: 0.0000
MMD_loss	: 3.2884
cond_ent_wt	: 4.7845
Src_reg_loss	: 0.0206
-------------------------------------
[Epoch : 393/500]
Total_loss	: 0.1013
Coral_loss	: 0.0000
MMD_loss	: 3.2870
cond_ent_wt	: 4.7842
Src_reg_loss	: 0.0205
-------------------------------------
[Epoch : 394/500]
Total_loss	: 0.1012
Coral_loss	: 0.0000
MMD_loss	: 3.2856
cond_ent_wt	: 4.7839
Src_reg_loss	: 0.0205
-------------------------------------
[Epoch : 395/500]
Total_loss	: 0.1012
Coral_loss	: 0.0000
MMD_loss	: 3.2842
cond_ent_wt	: 4.7836
Src_reg_loss	: 0.0205
-------------------------------------
[Epoch : 396/500]
Total_loss	: 0.1011
Coral_loss	: 0.0000
MMD_loss	: 3.2828
cond_ent_wt	: 4.7834
Src_reg_loss	: 0.0205
-------------------------------------
[Epoch : 397/500]
Total_loss	: 0.1011
Coral_loss	: 0.0000
MMD_loss	: 3.2814
cond_ent_wt	: 4.7831
Src_reg_loss	: 0.0204
-------------------------------------
[Epoch : 398/500]
Total_loss	: 0.1010
Coral_loss	: 0.0000
MMD_loss	: 3.2800
cond_ent_wt	: 4.7828
Src_reg_loss	: 0.0204
-------------------------------------
[Epoch : 399/500]
Total_loss	: 0.1010
Coral_loss	: 0.0000
MMD_loss	: 3.2787
cond_ent_wt	: 4.7825
Src_reg_loss	: 0.0204
-------------------------------------
[Epoch : 400/500]
Total_loss	: 0.1010
Coral_loss	: 0.0000
MMD_loss	: 3.2773
cond_ent_wt	: 4.7822
Src_reg_loss	: 0.0204
-------------------------------------
[Epoch : 401/500]
Total_loss	: 0.1009
Coral_loss	: 0.0000
MMD_loss	: 3.2759
cond_ent_wt	: 4.7819
Src_reg_loss	: 0.0203
-------------------------------------
[Epoch : 402/500]
Total_loss	: 0.1009
Coral_loss	: 0.0000
MMD_loss	: 3.2746
cond_ent_wt	: 4.7816
Src_reg_loss	: 0.0203
-------------------------------------
[Epoch : 403/500]
Total_loss	: 0.1008
Coral_loss	: 0.0000
MMD_loss	: 3.2732
cond_ent_wt	: 4.7813
Src_reg_loss	: 0.0203
-------------------------------------
[Epoch : 404/500]
Total_loss	: 0.1008
Coral_loss	: 0.0000
MMD_loss	: 3.2719
cond_ent_wt	: 4.7810
Src_reg_loss	: 0.0203
-------------------------------------
[Epoch : 405/500]
Total_loss	: 0.1008
Coral_loss	: 0.0000
MMD_loss	: 3.2706
cond_ent_wt	: 4.7807
Src_reg_loss	: 0.0202
-------------------------------------
[Epoch : 406/500]
Total_loss	: 0.1007
Coral_loss	: 0.0000
MMD_loss	: 3.2693
cond_ent_wt	: 4.7804
Src_reg_loss	: 0.0202
-------------------------------------
[Epoch : 407/500]
Total_loss	: 0.1007
Coral_loss	: 0.0000
MMD_loss	: 3.2679
cond_ent_wt	: 4.7801
Src_reg_loss	: 0.0202
-------------------------------------
[Epoch : 408/500]
Total_loss	: 0.1006
Coral_loss	: 0.0000
MMD_loss	: 3.2666
cond_ent_wt	: 4.7798
Src_reg_loss	: 0.0202
-------------------------------------
[Epoch : 409/500]
Total_loss	: 0.1006
Coral_loss	: 0.0000
MMD_loss	: 3.2653
cond_ent_wt	: 4.7795
Src_reg_loss	: 0.0201
-------------------------------------
[Epoch : 410/500]
Total_loss	: 0.1006
Coral_loss	: 0.0000
MMD_loss	: 3.2640
cond_ent_wt	: 4.7793
Src_reg_loss	: 0.0201
-------------------------------------
[Epoch : 411/500]
Total_loss	: 0.1005
Coral_loss	: 0.0000
MMD_loss	: 3.2627
cond_ent_wt	: 4.7790
Src_reg_loss	: 0.0201
-------------------------------------
[Epoch : 412/500]
Total_loss	: 0.1005
Coral_loss	: 0.0000
MMD_loss	: 3.2614
cond_ent_wt	: 4.7787
Src_reg_loss	: 0.0201
-------------------------------------
[Epoch : 413/500]
Total_loss	: 0.1004
Coral_loss	: 0.0000
MMD_loss	: 3.2602
cond_ent_wt	: 4.7784
Src_reg_loss	: 0.0201
-------------------------------------
[Epoch : 414/500]
Total_loss	: 0.1004
Coral_loss	: 0.0000
MMD_loss	: 3.2589
cond_ent_wt	: 4.7781
Src_reg_loss	: 0.0200
-------------------------------------
[Epoch : 415/500]
Total_loss	: 0.1004
Coral_loss	: 0.0000
MMD_loss	: 3.2576
cond_ent_wt	: 4.7778
Src_reg_loss	: 0.0200
-------------------------------------
[Epoch : 416/500]
Total_loss	: 0.1003
Coral_loss	: 0.0000
MMD_loss	: 3.2563
cond_ent_wt	: 4.7775
Src_reg_loss	: 0.0200
-------------------------------------
[Epoch : 417/500]
Total_loss	: 0.1003
Coral_loss	: 0.0000
MMD_loss	: 3.2551
cond_ent_wt	: 4.7772
Src_reg_loss	: 0.0200
-------------------------------------
[Epoch : 418/500]
Total_loss	: 0.1002
Coral_loss	: 0.0000
MMD_loss	: 3.2538
cond_ent_wt	: 4.7769
Src_reg_loss	: 0.0199
-------------------------------------
[Epoch : 419/500]
Total_loss	: 0.1002
Coral_loss	: 0.0000
MMD_loss	: 3.2526
cond_ent_wt	: 4.7766
Src_reg_loss	: 0.0199
-------------------------------------
[Epoch : 420/500]
Total_loss	: 0.1002
Coral_loss	: 0.0000
MMD_loss	: 3.2513
cond_ent_wt	: 4.7763
Src_reg_loss	: 0.0199
-------------------------------------
[Epoch : 421/500]
Total_loss	: 0.1001
Coral_loss	: 0.0000
MMD_loss	: 3.2501
cond_ent_wt	: 4.7760
Src_reg_loss	: 0.0199
-------------------------------------
[Epoch : 422/500]
Total_loss	: 0.1001
Coral_loss	: 0.0000
MMD_loss	: 3.2489
cond_ent_wt	: 4.7757
Src_reg_loss	: 0.0199
-------------------------------------
[Epoch : 423/500]
Total_loss	: 0.1001
Coral_loss	: 0.0000
MMD_loss	: 3.2477
cond_ent_wt	: 4.7755
Src_reg_loss	: 0.0198
-------------------------------------
[Epoch : 424/500]
Total_loss	: 0.1000
Coral_loss	: 0.0000
MMD_loss	: 3.2464
cond_ent_wt	: 4.7752
Src_reg_loss	: 0.0198
-------------------------------------
[Epoch : 425/500]
Total_loss	: 0.1000
Coral_loss	: 0.0000
MMD_loss	: 3.2452
cond_ent_wt	: 4.7749
Src_reg_loss	: 0.0198
-------------------------------------
[Epoch : 426/500]
Total_loss	: 0.0999
Coral_loss	: 0.0000
MMD_loss	: 3.2440
cond_ent_wt	: 4.7746
Src_reg_loss	: 0.0198
-------------------------------------
[Epoch : 427/500]
Total_loss	: 0.0999
Coral_loss	: 0.0000
MMD_loss	: 3.2428
cond_ent_wt	: 4.7743
Src_reg_loss	: 0.0197
-------------------------------------
[Epoch : 428/500]
Total_loss	: 0.0999
Coral_loss	: 0.0000
MMD_loss	: 3.2416
cond_ent_wt	: 4.7740
Src_reg_loss	: 0.0197
-------------------------------------
[Epoch : 429/500]
Total_loss	: 0.0998
Coral_loss	: 0.0000
MMD_loss	: 3.2404
cond_ent_wt	: 4.7737
Src_reg_loss	: 0.0197
-------------------------------------
[Epoch : 430/500]
Total_loss	: 0.0998
Coral_loss	: 0.0000
MMD_loss	: 3.2393
cond_ent_wt	: 4.7734
Src_reg_loss	: 0.0197
-------------------------------------
[Epoch : 431/500]
Total_loss	: 0.0998
Coral_loss	: 0.0000
MMD_loss	: 3.2381
cond_ent_wt	: 4.7731
Src_reg_loss	: 0.0197
-------------------------------------
[Epoch : 432/500]
Total_loss	: 0.0997
Coral_loss	: 0.0000
MMD_loss	: 3.2369
cond_ent_wt	: 4.7728
Src_reg_loss	: 0.0196
-------------------------------------
[Epoch : 433/500]
Total_loss	: 0.0997
Coral_loss	: 0.0000
MMD_loss	: 3.2358
cond_ent_wt	: 4.7725
Src_reg_loss	: 0.0196
-------------------------------------
[Epoch : 434/500]
Total_loss	: 0.0997
Coral_loss	: 0.0000
MMD_loss	: 3.2346
cond_ent_wt	: 4.7722
Src_reg_loss	: 0.0196
-------------------------------------
[Epoch : 435/500]
Total_loss	: 0.0996
Coral_loss	: 0.0000
MMD_loss	: 3.2334
cond_ent_wt	: 4.7720
Src_reg_loss	: 0.0196
-------------------------------------
[Epoch : 436/500]
Total_loss	: 0.0996
Coral_loss	: 0.0000
MMD_loss	: 3.2323
cond_ent_wt	: 4.7717
Src_reg_loss	: 0.0195
-------------------------------------
[Epoch : 437/500]
Total_loss	: 0.0996
Coral_loss	: 0.0000
MMD_loss	: 3.2312
cond_ent_wt	: 4.7714
Src_reg_loss	: 0.0195
-------------------------------------
[Epoch : 438/500]
Total_loss	: 0.0995
Coral_loss	: 0.0000
MMD_loss	: 3.2300
cond_ent_wt	: 4.7711
Src_reg_loss	: 0.0195
-------------------------------------
[Epoch : 439/500]
Total_loss	: 0.0995
Coral_loss	: 0.0000
MMD_loss	: 3.2289
cond_ent_wt	: 4.7708
Src_reg_loss	: 0.0195
-------------------------------------
[Epoch : 440/500]
Total_loss	: 0.0994
Coral_loss	: 0.0000
MMD_loss	: 3.2278
cond_ent_wt	: 4.7705
Src_reg_loss	: 0.0195
-------------------------------------
[Epoch : 441/500]
Total_loss	: 0.0994
Coral_loss	: 0.0000
MMD_loss	: 3.2266
cond_ent_wt	: 4.7702
Src_reg_loss	: 0.0194
-------------------------------------
[Epoch : 442/500]
Total_loss	: 0.0994
Coral_loss	: 0.0000
MMD_loss	: 3.2255
cond_ent_wt	: 4.7699
Src_reg_loss	: 0.0194
-------------------------------------
[Epoch : 443/500]
Total_loss	: 0.0993
Coral_loss	: 0.0000
MMD_loss	: 3.2244
cond_ent_wt	: 4.7696
Src_reg_loss	: 0.0194
-------------------------------------
[Epoch : 444/500]
Total_loss	: 0.0993
Coral_loss	: 0.0000
MMD_loss	: 3.2233
cond_ent_wt	: 4.7694
Src_reg_loss	: 0.0194
-------------------------------------
[Epoch : 445/500]
Total_loss	: 0.0993
Coral_loss	: 0.0000
MMD_loss	: 3.2222
cond_ent_wt	: 4.7691
Src_reg_loss	: 0.0194
-------------------------------------
[Epoch : 446/500]
Total_loss	: 0.0992
Coral_loss	: 0.0000
MMD_loss	: 3.2211
cond_ent_wt	: 4.7688
Src_reg_loss	: 0.0193
-------------------------------------
[Epoch : 447/500]
Total_loss	: 0.0992
Coral_loss	: 0.0000
MMD_loss	: 3.2200
cond_ent_wt	: 4.7685
Src_reg_loss	: 0.0193
-------------------------------------
[Epoch : 448/500]
Total_loss	: 0.0992
Coral_loss	: 0.0000
MMD_loss	: 3.2190
cond_ent_wt	: 4.7682
Src_reg_loss	: 0.0193
-------------------------------------
[Epoch : 449/500]
Total_loss	: 0.0991
Coral_loss	: 0.0000
MMD_loss	: 3.2179
cond_ent_wt	: 4.7679
Src_reg_loss	: 0.0193
-------------------------------------
[Epoch : 450/500]
Total_loss	: 0.0991
Coral_loss	: 0.0000
MMD_loss	: 3.2168
cond_ent_wt	: 4.7676
Src_reg_loss	: 0.0193
-------------------------------------
[Epoch : 451/500]
Total_loss	: 0.0991
Coral_loss	: 0.0000
MMD_loss	: 3.2157
cond_ent_wt	: 4.7673
Src_reg_loss	: 0.0192
-------------------------------------
[Epoch : 452/500]
Total_loss	: 0.0990
Coral_loss	: 0.0000
MMD_loss	: 3.2147
cond_ent_wt	: 4.7670
Src_reg_loss	: 0.0192
-------------------------------------
[Epoch : 453/500]
Total_loss	: 0.0990
Coral_loss	: 0.0000
MMD_loss	: 3.2136
cond_ent_wt	: 4.7668
Src_reg_loss	: 0.0192
-------------------------------------
[Epoch : 454/500]
Total_loss	: 0.0990
Coral_loss	: 0.0000
MMD_loss	: 3.2126
cond_ent_wt	: 4.7665
Src_reg_loss	: 0.0192
-------------------------------------
[Epoch : 455/500]
Total_loss	: 0.0989
Coral_loss	: 0.0000
MMD_loss	: 3.2115
cond_ent_wt	: 4.7662
Src_reg_loss	: 0.0192
-------------------------------------
[Epoch : 456/500]
Total_loss	: 0.0989
Coral_loss	: 0.0000
MMD_loss	: 3.2105
cond_ent_wt	: 4.7659
Src_reg_loss	: 0.0191
-------------------------------------
[Epoch : 457/500]
Total_loss	: 0.0989
Coral_loss	: 0.0000
MMD_loss	: 3.2095
cond_ent_wt	: 4.7656
Src_reg_loss	: 0.0191
-------------------------------------
[Epoch : 458/500]
Total_loss	: 0.0988
Coral_loss	: 0.0000
MMD_loss	: 3.2084
cond_ent_wt	: 4.7653
Src_reg_loss	: 0.0191
-------------------------------------
[Epoch : 459/500]
Total_loss	: 0.0988
Coral_loss	: 0.0000
MMD_loss	: 3.2074
cond_ent_wt	: 4.7650
Src_reg_loss	: 0.0191
-------------------------------------
[Epoch : 460/500]
Total_loss	: 0.0988
Coral_loss	: 0.0000
MMD_loss	: 3.2064
cond_ent_wt	: 4.7648
Src_reg_loss	: 0.0191
-------------------------------------
[Epoch : 461/500]
Total_loss	: 0.0987
Coral_loss	: 0.0000
MMD_loss	: 3.2054
cond_ent_wt	: 4.7645
Src_reg_loss	: 0.0190
-------------------------------------
[Epoch : 462/500]
Total_loss	: 0.0987
Coral_loss	: 0.0000
MMD_loss	: 3.2044
cond_ent_wt	: 4.7642
Src_reg_loss	: 0.0190
-------------------------------------
[Epoch : 463/500]
Total_loss	: 0.0987
Coral_loss	: 0.0000
MMD_loss	: 3.2034
cond_ent_wt	: 4.7639
Src_reg_loss	: 0.0190
-------------------------------------
[Epoch : 464/500]
Total_loss	: 0.0986
Coral_loss	: 0.0000
MMD_loss	: 3.2024
cond_ent_wt	: 4.7636
Src_reg_loss	: 0.0190
-------------------------------------
[Epoch : 465/500]
Total_loss	: 0.0986
Coral_loss	: 0.0000
MMD_loss	: 3.2014
cond_ent_wt	: 4.7633
Src_reg_loss	: 0.0190
-------------------------------------
[Epoch : 466/500]
Total_loss	: 0.0986
Coral_loss	: 0.0000
MMD_loss	: 3.2004
cond_ent_wt	: 4.7631
Src_reg_loss	: 0.0189
-------------------------------------
[Epoch : 467/500]
Total_loss	: 0.0986
Coral_loss	: 0.0000
MMD_loss	: 3.1994
cond_ent_wt	: 4.7628
Src_reg_loss	: 0.0189
-------------------------------------
[Epoch : 468/500]
Total_loss	: 0.0985
Coral_loss	: 0.0000
MMD_loss	: 3.1985
cond_ent_wt	: 4.7625
Src_reg_loss	: 0.0189
-------------------------------------
[Epoch : 469/500]
Total_loss	: 0.0985
Coral_loss	: 0.0000
MMD_loss	: 3.1975
cond_ent_wt	: 4.7622
Src_reg_loss	: 0.0189
-------------------------------------
[Epoch : 470/500]
Total_loss	: 0.0985
Coral_loss	: 0.0000
MMD_loss	: 3.1965
cond_ent_wt	: 4.7619
Src_reg_loss	: 0.0189
-------------------------------------
[Epoch : 471/500]
Total_loss	: 0.0984
Coral_loss	: 0.0000
MMD_loss	: 3.1956
cond_ent_wt	: 4.7616
Src_reg_loss	: 0.0189
-------------------------------------
[Epoch : 472/500]
Total_loss	: 0.0984
Coral_loss	: 0.0000
MMD_loss	: 3.1946
cond_ent_wt	: 4.7614
Src_reg_loss	: 0.0188
-------------------------------------
[Epoch : 473/500]
Total_loss	: 0.0984
Coral_loss	: 0.0000
MMD_loss	: 3.1937
cond_ent_wt	: 4.7611
Src_reg_loss	: 0.0188
-------------------------------------
[Epoch : 474/500]
Total_loss	: 0.0983
Coral_loss	: 0.0000
MMD_loss	: 3.1927
cond_ent_wt	: 4.7608
Src_reg_loss	: 0.0188
-------------------------------------
[Epoch : 475/500]
Total_loss	: 0.0983
Coral_loss	: 0.0000
MMD_loss	: 3.1918
cond_ent_wt	: 4.7605
Src_reg_loss	: 0.0188
-------------------------------------
[Epoch : 476/500]
Total_loss	: 0.0983
Coral_loss	: 0.0000
MMD_loss	: 3.1909
cond_ent_wt	: 4.7602
Src_reg_loss	: 0.0188
-------------------------------------
[Epoch : 477/500]
Total_loss	: 0.0982
Coral_loss	: 0.0000
MMD_loss	: 3.1899
cond_ent_wt	: 4.7599
Src_reg_loss	: 0.0187
-------------------------------------
[Epoch : 478/500]
Total_loss	: 0.0982
Coral_loss	: 0.0000
MMD_loss	: 3.1890
cond_ent_wt	: 4.7597
Src_reg_loss	: 0.0187
-------------------------------------
[Epoch : 479/500]
Total_loss	: 0.0982
Coral_loss	: 0.0000
MMD_loss	: 3.1881
cond_ent_wt	: 4.7594
Src_reg_loss	: 0.0187
-------------------------------------
[Epoch : 480/500]
Total_loss	: 0.0982
Coral_loss	: 0.0000
MMD_loss	: 3.1872
cond_ent_wt	: 4.7591
Src_reg_loss	: 0.0187
-------------------------------------
[Epoch : 481/500]
Total_loss	: 0.0981
Coral_loss	: 0.0000
MMD_loss	: 3.1863
cond_ent_wt	: 4.7588
Src_reg_loss	: 0.0187
-------------------------------------
[Epoch : 482/500]
Total_loss	: 0.0981
Coral_loss	: 0.0000
MMD_loss	: 3.1853
cond_ent_wt	: 4.7585
Src_reg_loss	: 0.0187
-------------------------------------
[Epoch : 483/500]
Total_loss	: 0.0981
Coral_loss	: 0.0000
MMD_loss	: 3.1844
cond_ent_wt	: 4.7583
Src_reg_loss	: 0.0186
-------------------------------------
[Epoch : 484/500]
Total_loss	: 0.0980
Coral_loss	: 0.0000
MMD_loss	: 3.1835
cond_ent_wt	: 4.7580
Src_reg_loss	: 0.0186
-------------------------------------
[Epoch : 485/500]
Total_loss	: 0.0980
Coral_loss	: 0.0000
MMD_loss	: 3.1827
cond_ent_wt	: 4.7577
Src_reg_loss	: 0.0186
-------------------------------------
[Epoch : 486/500]
Total_loss	: 0.0980
Coral_loss	: 0.0000
MMD_loss	: 3.1818
cond_ent_wt	: 4.7574
Src_reg_loss	: 0.0186
-------------------------------------
[Epoch : 487/500]
Total_loss	: 0.0979
Coral_loss	: 0.0000
MMD_loss	: 3.1809
cond_ent_wt	: 4.7572
Src_reg_loss	: 0.0186
-------------------------------------
[Epoch : 488/500]
Total_loss	: 0.0979
Coral_loss	: 0.0000
MMD_loss	: 3.1800
cond_ent_wt	: 4.7569
Src_reg_loss	: 0.0186
-------------------------------------
[Epoch : 489/500]
Total_loss	: 0.0979
Coral_loss	: 0.0000
MMD_loss	: 3.1791
cond_ent_wt	: 4.7566
Src_reg_loss	: 0.0185
-------------------------------------
[Epoch : 490/500]
Total_loss	: 0.0979
Coral_loss	: 0.0000
MMD_loss	: 3.1783
cond_ent_wt	: 4.7563
Src_reg_loss	: 0.0185
-------------------------------------
[Epoch : 491/500]
Total_loss	: 0.0978
Coral_loss	: 0.0000
MMD_loss	: 3.1774
cond_ent_wt	: 4.7560
Src_reg_loss	: 0.0185
-------------------------------------
[Epoch : 492/500]
Total_loss	: 0.0978
Coral_loss	: 0.0000
MMD_loss	: 3.1765
cond_ent_wt	: 4.7558
Src_reg_loss	: 0.0185
-------------------------------------
[Epoch : 493/500]
Total_loss	: 0.0978
Coral_loss	: 0.0000
MMD_loss	: 3.1757
cond_ent_wt	: 4.7555
Src_reg_loss	: 0.0185
-------------------------------------
[Epoch : 494/500]
Total_loss	: 0.0977
Coral_loss	: 0.0000
MMD_loss	: 3.1748
cond_ent_wt	: 4.7552
Src_reg_loss	: 0.0184
-------------------------------------
[Epoch : 495/500]
Total_loss	: 0.0977
Coral_loss	: 0.0000
MMD_loss	: 3.1740
cond_ent_wt	: 4.7549
Src_reg_loss	: 0.0184
-------------------------------------
[Epoch : 496/500]
Total_loss	: 0.0977
Coral_loss	: 0.0000
MMD_loss	: 3.1731
cond_ent_wt	: 4.7547
Src_reg_loss	: 0.0184
-------------------------------------
[Epoch : 497/500]
Total_loss	: 0.0977
Coral_loss	: 0.0000
MMD_loss	: 3.1723
cond_ent_wt	: 4.7544
Src_reg_loss	: 0.0184
-------------------------------------
[Epoch : 498/500]
Total_loss	: 0.0976
Coral_loss	: 0.0000
MMD_loss	: 3.1714
cond_ent_wt	: 4.7541
Src_reg_loss	: 0.0184
-------------------------------------
[Epoch : 499/500]
Total_loss	: 0.0976
Coral_loss	: 0.0000
MMD_loss	: 3.1706
cond_ent_wt	: 4.7538
Src_reg_loss	: 0.0184
-------------------------------------
[Epoch : 500/500]
Total_loss	: 0.0976
Coral_loss	: 0.0000
MMD_loss	: 3.1698
cond_ent_wt	: 4.7536
Src_reg_loss	: 0.0183
-------------------------------------
