=============================================
Dataset: Airbox
Method:  MMDA
=============================================
Source: 0 ---> Target: 6
=============================================
[Epoch : 1/500]
Total_loss	: 64.4178
Coral_loss	: 0.0000
MMD_loss	: 5.1668
cond_ent_wt	: 4.5917
Src_reg_loss	: 0.7189
-------------------------------------
[Epoch : 2/500]
Total_loss	: 65.6936
Coral_loss	: 0.0000
MMD_loss	: 5.4402
cond_ent_wt	: 4.5245
Src_reg_loss	: 0.4814
-------------------------------------
[Epoch : 3/500]
Total_loss	: 57.6195
Coral_loss	: 0.0000
MMD_loss	: 4.2211
cond_ent_wt	: 4.5020
Src_reg_loss	: 0.3579
-------------------------------------
[Epoch : 4/500]
Total_loss	: 53.3069
Coral_loss	: 0.0000
MMD_loss	: 3.5693
cond_ent_wt	: 4.4908
Src_reg_loss	: 0.2846
-------------------------------------
[Epoch : 5/500]
Total_loss	: 51.1033
Coral_loss	: 0.0000
MMD_loss	: 3.2377
cond_ent_wt	: 4.4840
Src_reg_loss	: 0.2358
-------------------------------------
[Epoch : 6/500]
Total_loss	: 48.1842
Coral_loss	: 0.0000
MMD_loss	: 2.7928
cond_ent_wt	: 4.4795
Src_reg_loss	: 0.2031
-------------------------------------
[Epoch : 7/500]
Total_loss	: 46.2629
Coral_loss	: 0.0000
MMD_loss	: 2.5003
cond_ent_wt	: 4.4763
Src_reg_loss	: 0.1793
-------------------------------------
[Epoch : 8/500]
Total_loss	: 44.9204
Coral_loss	: 0.0000
MMD_loss	: 2.2962
cond_ent_wt	: 4.4739
Src_reg_loss	: 0.1614
-------------------------------------
[Epoch : 9/500]
Total_loss	: 44.0487
Coral_loss	: 0.0000
MMD_loss	: 2.1640
cond_ent_wt	: 4.4720
Src_reg_loss	: 0.1474
-------------------------------------
[Epoch : 10/500]
Total_loss	: 43.0928
Coral_loss	: 0.0000
MMD_loss	: 2.0183
cond_ent_wt	: 4.4705
Src_reg_loss	: 0.1362
-------------------------------------
[Epoch : 11/500]
Total_loss	: 42.4445
Coral_loss	: 0.0000
MMD_loss	: 1.9198
cond_ent_wt	: 4.4693
Src_reg_loss	: 0.1271
-------------------------------------
[Epoch : 12/500]
Total_loss	: 42.1433
Coral_loss	: 0.0000
MMD_loss	: 1.8746
cond_ent_wt	: 4.4683
Src_reg_loss	: 0.1195
-------------------------------------
[Epoch : 13/500]
Total_loss	: 41.9072
Coral_loss	: 0.0000
MMD_loss	: 1.8393
cond_ent_wt	: 4.4674
Src_reg_loss	: 0.1130
-------------------------------------
[Epoch : 14/500]
Total_loss	: 41.7482
Coral_loss	: 0.0000
MMD_loss	: 1.8157
cond_ent_wt	: 4.4667
Src_reg_loss	: 0.1075
-------------------------------------
[Epoch : 15/500]
Total_loss	: 41.6056
Coral_loss	: 0.0000
MMD_loss	: 1.7945
cond_ent_wt	: 4.4661
Src_reg_loss	: 0.1027
-------------------------------------
[Epoch : 16/500]
Total_loss	: 41.6833
Coral_loss	: 0.0000
MMD_loss	: 1.8072
cond_ent_wt	: 4.4655
Src_reg_loss	: 0.0985
-------------------------------------
[Epoch : 17/500]
Total_loss	: 41.8500
Coral_loss	: 0.0000
MMD_loss	: 1.8335
cond_ent_wt	: 4.4650
Src_reg_loss	: 0.0948
-------------------------------------
[Epoch : 18/500]
Total_loss	: 42.0441
Coral_loss	: 0.0000
MMD_loss	: 1.8640
cond_ent_wt	: 4.4646
Src_reg_loss	: 0.0915
-------------------------------------
[Epoch : 19/500]
Total_loss	: 42.3955
Coral_loss	: 0.0000
MMD_loss	: 1.9187
cond_ent_wt	: 4.4642
Src_reg_loss	: 0.0886
-------------------------------------
[Epoch : 20/500]
Total_loss	: 42.8401
Coral_loss	: 0.0000
MMD_loss	: 1.9878
cond_ent_wt	: 4.4638
Src_reg_loss	: 0.0860
-------------------------------------
[Epoch : 21/500]
Total_loss	: 43.2837
Coral_loss	: 0.0000
MMD_loss	: 2.0566
cond_ent_wt	: 4.4635
Src_reg_loss	: 0.0836
-------------------------------------
[Epoch : 22/500]
Total_loss	: 43.7484
Coral_loss	: 0.0000
MMD_loss	: 2.1287
cond_ent_wt	: 4.4632
Src_reg_loss	: 0.0816
-------------------------------------
[Epoch : 23/500]
Total_loss	: 44.1717
Coral_loss	: 0.0000
MMD_loss	: 2.1944
cond_ent_wt	: 4.4629
Src_reg_loss	: 0.0798
-------------------------------------
[Epoch : 24/500]
Total_loss	: 44.6087
Coral_loss	: 0.0000
MMD_loss	: 2.2621
cond_ent_wt	: 4.4627
Src_reg_loss	: 0.0780
-------------------------------------
[Epoch : 25/500]
Total_loss	: 44.9810
Coral_loss	: 0.0000
MMD_loss	: 2.3198
cond_ent_wt	: 4.4625
Src_reg_loss	: 0.0763
-------------------------------------
[Epoch : 26/500]
Total_loss	: 45.2950
Coral_loss	: 0.0000
MMD_loss	: 2.3686
cond_ent_wt	: 4.4623
Src_reg_loss	: 0.0748
-------------------------------------
[Epoch : 27/500]
Total_loss	: 45.5854
Coral_loss	: 0.0000
MMD_loss	: 2.4136
cond_ent_wt	: 4.4621
Src_reg_loss	: 0.0733
-------------------------------------
[Epoch : 28/500]
Total_loss	: 45.8203
Coral_loss	: 0.0000
MMD_loss	: 2.4501
cond_ent_wt	: 4.4619
Src_reg_loss	: 0.0720
-------------------------------------
[Epoch : 29/500]
Total_loss	: 46.1294
Coral_loss	: 0.0000
MMD_loss	: 2.4980
cond_ent_wt	: 4.4617
Src_reg_loss	: 0.0707
-------------------------------------
[Epoch : 30/500]
Total_loss	: 46.4344
Coral_loss	: 0.0000
MMD_loss	: 2.5452
cond_ent_wt	: 4.4616
Src_reg_loss	: 0.0696
-------------------------------------
[Epoch : 31/500]
Total_loss	: 46.7332
Coral_loss	: 0.0000
MMD_loss	: 2.5915
cond_ent_wt	: 4.4614
Src_reg_loss	: 0.0685
-------------------------------------
[Epoch : 32/500]
Total_loss	: 47.0525
Coral_loss	: 0.0000
MMD_loss	: 2.6410
cond_ent_wt	: 4.4613
Src_reg_loss	: 0.0675
-------------------------------------
[Epoch : 33/500]
Total_loss	: 47.3895
Coral_loss	: 0.0000
MMD_loss	: 2.6931
cond_ent_wt	: 4.4612
Src_reg_loss	: 0.0665
-------------------------------------
[Epoch : 34/500]
Total_loss	: 47.7237
Coral_loss	: 0.0000
MMD_loss	: 2.7449
cond_ent_wt	: 4.4610
Src_reg_loss	: 0.0656
-------------------------------------
[Epoch : 35/500]
Total_loss	: 48.0604
Coral_loss	: 0.0000
MMD_loss	: 2.7970
cond_ent_wt	: 4.4609
Src_reg_loss	: 0.0648
-------------------------------------
[Epoch : 36/500]
Total_loss	: 48.3962
Coral_loss	: 0.0000
MMD_loss	: 2.8489
cond_ent_wt	: 4.4608
Src_reg_loss	: 0.0640
-------------------------------------
[Epoch : 37/500]
Total_loss	: 48.7171
Coral_loss	: 0.0000
MMD_loss	: 2.8986
cond_ent_wt	: 4.4607
Src_reg_loss	: 0.0632
-------------------------------------
[Epoch : 38/500]
Total_loss	: 49.0349
Coral_loss	: 0.0000
MMD_loss	: 2.9477
cond_ent_wt	: 4.4606
Src_reg_loss	: 0.0625
-------------------------------------
[Epoch : 39/500]
Total_loss	: 49.3376
Coral_loss	: 0.0000
MMD_loss	: 2.9946
cond_ent_wt	: 4.4605
Src_reg_loss	: 0.0619
-------------------------------------
[Epoch : 40/500]
Total_loss	: 49.6258
Coral_loss	: 0.0000
MMD_loss	: 3.0391
cond_ent_wt	: 4.4604
Src_reg_loss	: 0.0612
-------------------------------------
[Epoch : 41/500]
Total_loss	: 49.9004
Coral_loss	: 0.0000
MMD_loss	: 3.0816
cond_ent_wt	: 4.4604
Src_reg_loss	: 0.0606
-------------------------------------
[Epoch : 42/500]
Total_loss	: 50.1620
Coral_loss	: 0.0000
MMD_loss	: 3.1221
cond_ent_wt	: 4.4603
Src_reg_loss	: 0.0600
-------------------------------------
[Epoch : 43/500]
Total_loss	: 50.4081
Coral_loss	: 0.0000
MMD_loss	: 3.1602
cond_ent_wt	: 4.4602
Src_reg_loss	: 0.0595
-------------------------------------
[Epoch : 44/500]
Total_loss	: 50.6415
Coral_loss	: 0.0000
MMD_loss	: 3.1963
cond_ent_wt	: 4.4601
Src_reg_loss	: 0.0589
-------------------------------------
[Epoch : 45/500]
Total_loss	: 50.8633
Coral_loss	: 0.0000
MMD_loss	: 3.2306
cond_ent_wt	: 4.4601
Src_reg_loss	: 0.0584
-------------------------------------
[Epoch : 46/500]
Total_loss	: 51.0733
Coral_loss	: 0.0000
MMD_loss	: 3.2631
cond_ent_wt	: 4.4600
Src_reg_loss	: 0.0579
-------------------------------------
[Epoch : 47/500]
Total_loss	: 51.2716
Coral_loss	: 0.0000
MMD_loss	: 3.2937
cond_ent_wt	: 4.4599
Src_reg_loss	: 0.0575
-------------------------------------
[Epoch : 48/500]
Total_loss	: 51.4603
Coral_loss	: 0.0000
MMD_loss	: 3.3229
cond_ent_wt	: 4.4599
Src_reg_loss	: 0.0570
-------------------------------------
[Epoch : 49/500]
Total_loss	: 51.6387
Coral_loss	: 0.0000
MMD_loss	: 3.3505
cond_ent_wt	: 4.4598
Src_reg_loss	: 0.0566
-------------------------------------
[Epoch : 50/500]
Total_loss	: 51.8085
Coral_loss	: 0.0000
MMD_loss	: 3.3768
cond_ent_wt	: 4.4598
Src_reg_loss	: 0.0562
-------------------------------------
[Epoch : 51/500]
Total_loss	: 51.9697
Coral_loss	: 0.0000
MMD_loss	: 3.4018
cond_ent_wt	: 4.4597
Src_reg_loss	: 0.0558
-------------------------------------
[Epoch : 52/500]
Total_loss	: 52.1230
Coral_loss	: 0.0000
MMD_loss	: 3.4255
cond_ent_wt	: 4.4597
Src_reg_loss	: 0.0554
-------------------------------------
[Epoch : 53/500]
Total_loss	: 52.2687
Coral_loss	: 0.0000
MMD_loss	: 3.4480
cond_ent_wt	: 4.4596
Src_reg_loss	: 0.0551
-------------------------------------
[Epoch : 54/500]
Total_loss	: 52.4074
Coral_loss	: 0.0000
MMD_loss	: 3.4695
cond_ent_wt	: 4.4596
Src_reg_loss	: 0.0547
-------------------------------------
[Epoch : 55/500]
Total_loss	: 52.5395
Coral_loss	: 0.0000
MMD_loss	: 3.4899
cond_ent_wt	: 4.4595
Src_reg_loss	: 0.0544
-------------------------------------
[Epoch : 56/500]
Total_loss	: 52.6656
Coral_loss	: 0.0000
MMD_loss	: 3.5094
cond_ent_wt	: 4.4595
Src_reg_loss	: 0.0541
-------------------------------------
[Epoch : 57/500]
Total_loss	: 52.7860
Coral_loss	: 0.0000
MMD_loss	: 3.5281
cond_ent_wt	: 4.4594
Src_reg_loss	: 0.0538
-------------------------------------
[Epoch : 58/500]
Total_loss	: 52.9010
Coral_loss	: 0.0000
MMD_loss	: 3.5459
cond_ent_wt	: 4.4594
Src_reg_loss	: 0.0535
-------------------------------------
[Epoch : 59/500]
Total_loss	: 53.0114
Coral_loss	: 0.0000
MMD_loss	: 3.5629
cond_ent_wt	: 4.4594
Src_reg_loss	: 0.0532
-------------------------------------
[Epoch : 60/500]
Total_loss	: 53.1171
Coral_loss	: 0.0000
MMD_loss	: 3.5793
cond_ent_wt	: 4.4593
Src_reg_loss	: 0.0529
-------------------------------------
[Epoch : 61/500]
Total_loss	: 53.2186
Coral_loss	: 0.0000
MMD_loss	: 3.5950
cond_ent_wt	: 4.4593
Src_reg_loss	: 0.0526
-------------------------------------
[Epoch : 62/500]
Total_loss	: 53.3162
Coral_loss	: 0.0000
MMD_loss	: 3.6101
cond_ent_wt	: 4.4593
Src_reg_loss	: 0.0523
-------------------------------------
[Epoch : 63/500]
Total_loss	: 53.4101
Coral_loss	: 0.0000
MMD_loss	: 3.6247
cond_ent_wt	: 4.4592
Src_reg_loss	: 0.0521
-------------------------------------
[Epoch : 64/500]
Total_loss	: 53.5005
Coral_loss	: 0.0000
MMD_loss	: 3.6386
cond_ent_wt	: 4.4592
Src_reg_loss	: 0.0518
-------------------------------------
[Epoch : 65/500]
Total_loss	: 53.5877
Coral_loss	: 0.0000
MMD_loss	: 3.6521
cond_ent_wt	: 4.4592
Src_reg_loss	: 0.0516
-------------------------------------
[Epoch : 66/500]
Total_loss	: 53.6718
Coral_loss	: 0.0000
MMD_loss	: 3.6652
cond_ent_wt	: 4.4591
Src_reg_loss	: 0.0514
-------------------------------------
[Epoch : 67/500]
Total_loss	: 53.7532
Coral_loss	: 0.0000
MMD_loss	: 3.6778
cond_ent_wt	: 4.4591
Src_reg_loss	: 0.0511
-------------------------------------
[Epoch : 68/500]
Total_loss	: 53.8319
Coral_loss	: 0.0000
MMD_loss	: 3.6900
cond_ent_wt	: 4.4591
Src_reg_loss	: 0.0509
-------------------------------------
[Epoch : 69/500]
Total_loss	: 53.9082
Coral_loss	: 0.0000
MMD_loss	: 3.7018
cond_ent_wt	: 4.4590
Src_reg_loss	: 0.0507
-------------------------------------
[Epoch : 70/500]
Total_loss	: 53.9822
Coral_loss	: 0.0000
MMD_loss	: 3.7132
cond_ent_wt	: 4.4590
Src_reg_loss	: 0.0505
-------------------------------------
[Epoch : 71/500]
Total_loss	: 54.0539
Coral_loss	: 0.0000
MMD_loss	: 3.7243
cond_ent_wt	: 4.4590
Src_reg_loss	: 0.0503
-------------------------------------
[Epoch : 72/500]
Total_loss	: 54.1237
Coral_loss	: 0.0000
MMD_loss	: 3.7351
cond_ent_wt	: 4.4590
Src_reg_loss	: 0.0501
-------------------------------------
[Epoch : 73/500]
Total_loss	: 54.1915
Coral_loss	: 0.0000
MMD_loss	: 3.7456
cond_ent_wt	: 4.4589
Src_reg_loss	: 0.0499
-------------------------------------
[Epoch : 74/500]
Total_loss	: 54.2576
Coral_loss	: 0.0000
MMD_loss	: 3.7558
cond_ent_wt	: 4.4589
Src_reg_loss	: 0.0497
-------------------------------------
[Epoch : 75/500]
Total_loss	: 54.3219
Coral_loss	: 0.0000
MMD_loss	: 3.7658
cond_ent_wt	: 4.4589
Src_reg_loss	: 0.0495
-------------------------------------
[Epoch : 76/500]
Total_loss	: 54.3846
Coral_loss	: 0.0000
MMD_loss	: 3.7755
cond_ent_wt	: 4.4589
Src_reg_loss	: 0.0494
-------------------------------------
[Epoch : 77/500]
Total_loss	: 54.4459
Coral_loss	: 0.0000
MMD_loss	: 3.7850
cond_ent_wt	: 4.4588
Src_reg_loss	: 0.0492
-------------------------------------
[Epoch : 78/500]
Total_loss	: 54.5057
Coral_loss	: 0.0000
MMD_loss	: 3.7942
cond_ent_wt	: 4.4588
Src_reg_loss	: 0.0490
-------------------------------------
[Epoch : 79/500]
Total_loss	: 54.5643
Coral_loss	: 0.0000
MMD_loss	: 3.8033
cond_ent_wt	: 4.4588
Src_reg_loss	: 0.0488
-------------------------------------
[Epoch : 80/500]
Total_loss	: 54.6214
Coral_loss	: 0.0000
MMD_loss	: 3.8122
cond_ent_wt	: 4.4588
Src_reg_loss	: 0.0487
-------------------------------------
[Epoch : 81/500]
Total_loss	: 54.6775
Coral_loss	: 0.0000
MMD_loss	: 3.8208
cond_ent_wt	: 4.4587
Src_reg_loss	: 0.0485
-------------------------------------
[Epoch : 82/500]
Total_loss	: 54.7324
Coral_loss	: 0.0000
MMD_loss	: 3.8293
cond_ent_wt	: 4.4587
Src_reg_loss	: 0.0484
-------------------------------------
[Epoch : 83/500]
Total_loss	: 54.7862
Coral_loss	: 0.0000
MMD_loss	: 3.8377
cond_ent_wt	: 4.4587
Src_reg_loss	: 0.0482
-------------------------------------
[Epoch : 84/500]
Total_loss	: 54.8389
Coral_loss	: 0.0000
MMD_loss	: 3.8458
cond_ent_wt	: 4.4587
Src_reg_loss	: 0.0481
-------------------------------------
[Epoch : 85/500]
Total_loss	: 54.8908
Coral_loss	: 0.0000
MMD_loss	: 3.8538
cond_ent_wt	: 4.4587
Src_reg_loss	: 0.0480
-------------------------------------
[Epoch : 86/500]
Total_loss	: 54.9417
Coral_loss	: 0.0000
MMD_loss	: 3.8617
cond_ent_wt	: 4.4587
Src_reg_loss	: 0.0478
-------------------------------------
[Epoch : 87/500]
Total_loss	: 54.9917
Coral_loss	: 0.0000
MMD_loss	: 3.8695
cond_ent_wt	: 4.4586
Src_reg_loss	: 0.0477
-------------------------------------
[Epoch : 88/500]
Total_loss	: 55.0408
Coral_loss	: 0.0000
MMD_loss	: 3.8771
cond_ent_wt	: 4.4586
Src_reg_loss	: 0.0476
-------------------------------------
[Epoch : 89/500]
Total_loss	: 55.0892
Coral_loss	: 0.0000
MMD_loss	: 3.8845
cond_ent_wt	: 4.4586
Src_reg_loss	: 0.0475
-------------------------------------
[Epoch : 90/500]
Total_loss	: 55.1368
Coral_loss	: 0.0000
MMD_loss	: 3.8919
cond_ent_wt	: 4.4586
Src_reg_loss	: 0.0474
-------------------------------------
[Epoch : 91/500]
Total_loss	: 55.1836
Coral_loss	: 0.0000
MMD_loss	: 3.8992
cond_ent_wt	: 4.4586
Src_reg_loss	: 0.0473
-------------------------------------
[Epoch : 92/500]
Total_loss	: 55.2297
Coral_loss	: 0.0000
MMD_loss	: 3.9063
cond_ent_wt	: 4.4585
Src_reg_loss	: 0.0471
-------------------------------------
[Epoch : 93/500]
Total_loss	: 55.2752
Coral_loss	: 0.0000
MMD_loss	: 3.9133
cond_ent_wt	: 4.4585
Src_reg_loss	: 0.0470
-------------------------------------
[Epoch : 94/500]
Total_loss	: 55.3200
Coral_loss	: 0.0000
MMD_loss	: 3.9203
cond_ent_wt	: 4.4585
Src_reg_loss	: 0.0469
-------------------------------------
[Epoch : 95/500]
Total_loss	: 55.3642
Coral_loss	: 0.0000
MMD_loss	: 3.9271
cond_ent_wt	: 4.4585
Src_reg_loss	: 0.0468
-------------------------------------
[Epoch : 96/500]
Total_loss	: 55.4078
Coral_loss	: 0.0000
MMD_loss	: 3.9339
cond_ent_wt	: 4.4585
Src_reg_loss	: 0.0467
-------------------------------------
[Epoch : 97/500]
Total_loss	: 55.4509
Coral_loss	: 0.0000
MMD_loss	: 3.9405
cond_ent_wt	: 4.4585
Src_reg_loss	: 0.0466
-------------------------------------
[Epoch : 98/500]
Total_loss	: 55.4934
Coral_loss	: 0.0000
MMD_loss	: 3.9471
cond_ent_wt	: 4.4585
Src_reg_loss	: 0.0465
-------------------------------------
[Epoch : 99/500]
Total_loss	: 55.5353
Coral_loss	: 0.0000
MMD_loss	: 3.9536
cond_ent_wt	: 4.4584
Src_reg_loss	: 0.0464
-------------------------------------
[Epoch : 100/500]
Total_loss	: 55.5767
Coral_loss	: 0.0000
MMD_loss	: 3.9600
cond_ent_wt	: 4.4584
Src_reg_loss	: 0.0463
-------------------------------------
[Epoch : 101/500]
Total_loss	: 55.6177
Coral_loss	: 0.0000
MMD_loss	: 3.9663
cond_ent_wt	: 4.4584
Src_reg_loss	: 0.0462
-------------------------------------
[Epoch : 102/500]
Total_loss	: 55.6581
Coral_loss	: 0.0000
MMD_loss	: 3.9726
cond_ent_wt	: 4.4584
Src_reg_loss	: 0.0461
-------------------------------------
[Epoch : 103/500]
Total_loss	: 55.6980
Coral_loss	: 0.0000
MMD_loss	: 3.9788
cond_ent_wt	: 4.4584
Src_reg_loss	: 0.0460
-------------------------------------
[Epoch : 104/500]
Total_loss	: 55.7375
Coral_loss	: 0.0000
MMD_loss	: 3.9849
cond_ent_wt	: 4.4584
Src_reg_loss	: 0.0459
-------------------------------------
[Epoch : 105/500]
Total_loss	: 55.7766
Coral_loss	: 0.0000
MMD_loss	: 3.9909
cond_ent_wt	: 4.4584
Src_reg_loss	: 0.0458
-------------------------------------
[Epoch : 106/500]
Total_loss	: 55.8152
Coral_loss	: 0.0000
MMD_loss	: 3.9969
cond_ent_wt	: 4.4584
Src_reg_loss	: 0.0458
-------------------------------------
[Epoch : 107/500]
Total_loss	: 55.8534
Coral_loss	: 0.0000
MMD_loss	: 4.0028
cond_ent_wt	: 4.4583
Src_reg_loss	: 0.0457
-------------------------------------
[Epoch : 108/500]
Total_loss	: 55.8913
Coral_loss	: 0.0000
MMD_loss	: 4.0087
cond_ent_wt	: 4.4583
Src_reg_loss	: 0.0456
-------------------------------------
[Epoch : 109/500]
Total_loss	: 55.9287
Coral_loss	: 0.0000
MMD_loss	: 4.0144
cond_ent_wt	: 4.4583
Src_reg_loss	: 0.0455
-------------------------------------
[Epoch : 110/500]
Total_loss	: 55.9657
Coral_loss	: 0.0000
MMD_loss	: 4.0202
cond_ent_wt	: 4.4583
Src_reg_loss	: 0.0454
-------------------------------------
[Epoch : 111/500]
Total_loss	: 56.0024
Coral_loss	: 0.0000
MMD_loss	: 4.0258
cond_ent_wt	: 4.4583
Src_reg_loss	: 0.0453
-------------------------------------
[Epoch : 112/500]
Total_loss	: 56.0387
Coral_loss	: 0.0000
MMD_loss	: 4.0315
cond_ent_wt	: 4.4583
Src_reg_loss	: 0.0453
-------------------------------------
[Epoch : 113/500]
Total_loss	: 56.0746
Coral_loss	: 0.0000
MMD_loss	: 4.0370
cond_ent_wt	: 4.4583
Src_reg_loss	: 0.0452
-------------------------------------
[Epoch : 114/500]
Total_loss	: 56.1102
Coral_loss	: 0.0000
MMD_loss	: 4.0425
cond_ent_wt	: 4.4583
Src_reg_loss	: 0.0452
-------------------------------------
[Epoch : 115/500]
Total_loss	: 56.1454
Coral_loss	: 0.0000
MMD_loss	: 4.0480
cond_ent_wt	: 4.4583
Src_reg_loss	: 0.0452
-------------------------------------
[Epoch : 116/500]
Total_loss	: 56.1803
Coral_loss	: 0.0000
MMD_loss	: 4.0534
cond_ent_wt	: 4.4582
Src_reg_loss	: 0.0451
-------------------------------------
[Epoch : 117/500]
Total_loss	: 56.2149
Coral_loss	: 0.0000
MMD_loss	: 4.0587
cond_ent_wt	: 4.4582
Src_reg_loss	: 0.0450
-------------------------------------
[Epoch : 118/500]
Total_loss	: 56.2492
Coral_loss	: 0.0000
MMD_loss	: 4.0640
cond_ent_wt	: 4.4582
Src_reg_loss	: 0.0450
-------------------------------------
[Epoch : 119/500]
Total_loss	: 56.2831
Coral_loss	: 0.0000
MMD_loss	: 4.0693
cond_ent_wt	: 4.4582
Src_reg_loss	: 0.0449
-------------------------------------
[Epoch : 120/500]
Total_loss	: 56.3167
Coral_loss	: 0.0000
MMD_loss	: 4.0745
cond_ent_wt	: 4.4582
Src_reg_loss	: 0.0448
-------------------------------------
[Epoch : 121/500]
Total_loss	: 56.3500
Coral_loss	: 0.0000
MMD_loss	: 4.0796
cond_ent_wt	: 4.4582
Src_reg_loss	: 0.0447
-------------------------------------
[Epoch : 122/500]
Total_loss	: 56.3831
Coral_loss	: 0.0000
MMD_loss	: 4.0847
cond_ent_wt	: 4.4582
Src_reg_loss	: 0.0447
-------------------------------------
[Epoch : 123/500]
Total_loss	: 56.4158
Coral_loss	: 0.0000
MMD_loss	: 4.0898
cond_ent_wt	: 4.4582
Src_reg_loss	: 0.0446
-------------------------------------
[Epoch : 124/500]
Total_loss	: 56.4482
Coral_loss	: 0.0000
MMD_loss	: 4.0948
cond_ent_wt	: 4.4582
Src_reg_loss	: 0.0445
-------------------------------------
[Epoch : 125/500]
Total_loss	: 56.4804
Coral_loss	: 0.0000
MMD_loss	: 4.0998
cond_ent_wt	: 4.4582
Src_reg_loss	: 0.0444
-------------------------------------
[Epoch : 126/500]
Total_loss	: 56.5123
Coral_loss	: 0.0000
MMD_loss	: 4.1047
cond_ent_wt	: 4.4582
Src_reg_loss	: 0.0444
-------------------------------------
[Epoch : 127/500]
Total_loss	: 56.5439
Coral_loss	: 0.0000
MMD_loss	: 4.1096
cond_ent_wt	: 4.4581
Src_reg_loss	: 0.0443
-------------------------------------
[Epoch : 128/500]
Total_loss	: 56.5753
Coral_loss	: 0.0000
MMD_loss	: 4.1144
cond_ent_wt	: 4.4581
Src_reg_loss	: 0.0442
-------------------------------------
[Epoch : 129/500]
Total_loss	: 56.6063
Coral_loss	: 0.0000
MMD_loss	: 4.1192
cond_ent_wt	: 4.4581
Src_reg_loss	: 0.0442
-------------------------------------
[Epoch : 130/500]
Total_loss	: 56.6371
Coral_loss	: 0.0000
MMD_loss	: 4.1240
cond_ent_wt	: 4.4581
Src_reg_loss	: 0.0441
-------------------------------------
[Epoch : 131/500]
Total_loss	: 56.6677
Coral_loss	: 0.0000
MMD_loss	: 4.1287
cond_ent_wt	: 4.4581
Src_reg_loss	: 0.0441
-------------------------------------
[Epoch : 132/500]
Total_loss	: 56.6979
Coral_loss	: 0.0000
MMD_loss	: 4.1334
cond_ent_wt	: 4.4581
Src_reg_loss	: 0.0440
-------------------------------------
[Epoch : 133/500]
Total_loss	: 56.7279
Coral_loss	: 0.0000
MMD_loss	: 4.1381
cond_ent_wt	: 4.4581
Src_reg_loss	: 0.0439
-------------------------------------
[Epoch : 134/500]
Total_loss	: 56.7577
Coral_loss	: 0.0000
MMD_loss	: 4.1427
cond_ent_wt	: 4.4581
Src_reg_loss	: 0.0439
-------------------------------------
[Epoch : 135/500]
Total_loss	: 56.7872
Coral_loss	: 0.0000
MMD_loss	: 4.1472
cond_ent_wt	: 4.4581
Src_reg_loss	: 0.0438
-------------------------------------
[Epoch : 136/500]
Total_loss	: 56.8165
Coral_loss	: 0.0000
MMD_loss	: 4.1517
cond_ent_wt	: 4.4581
Src_reg_loss	: 0.0438
-------------------------------------
[Epoch : 137/500]
Total_loss	: 56.8455
Coral_loss	: 0.0000
MMD_loss	: 4.1562
cond_ent_wt	: 4.4581
Src_reg_loss	: 0.0437
-------------------------------------
[Epoch : 138/500]
Total_loss	: 56.8742
Coral_loss	: 0.0000
MMD_loss	: 4.1607
cond_ent_wt	: 4.4581
Src_reg_loss	: 0.0436
-------------------------------------
[Epoch : 139/500]
Total_loss	: 56.9027
Coral_loss	: 0.0000
MMD_loss	: 4.1651
cond_ent_wt	: 4.4581
Src_reg_loss	: 0.0436
-------------------------------------
[Epoch : 140/500]
Total_loss	: 56.9310
Coral_loss	: 0.0000
MMD_loss	: 4.1695
cond_ent_wt	: 4.4581
Src_reg_loss	: 0.0435
-------------------------------------
[Epoch : 141/500]
Total_loss	: 56.9590
Coral_loss	: 0.0000
MMD_loss	: 4.1738
cond_ent_wt	: 4.4580
Src_reg_loss	: 0.0435
-------------------------------------
[Epoch : 142/500]
Total_loss	: 56.9868
Coral_loss	: 0.0000
MMD_loss	: 4.1781
cond_ent_wt	: 4.4580
Src_reg_loss	: 0.0434
-------------------------------------
[Epoch : 143/500]
Total_loss	: 57.0144
Coral_loss	: 0.0000
MMD_loss	: 4.1823
cond_ent_wt	: 4.4580
Src_reg_loss	: 0.0434
-------------------------------------
[Epoch : 144/500]
Total_loss	: 57.0417
Coral_loss	: 0.0000
MMD_loss	: 4.1866
cond_ent_wt	: 4.4580
Src_reg_loss	: 0.0433
-------------------------------------
[Epoch : 145/500]
Total_loss	: 57.0687
Coral_loss	: 0.0000
MMD_loss	: 4.1907
cond_ent_wt	: 4.4580
Src_reg_loss	: 0.0433
-------------------------------------
[Epoch : 146/500]
Total_loss	: 57.0955
Coral_loss	: 0.0000
MMD_loss	: 4.1949
cond_ent_wt	: 4.4580
Src_reg_loss	: 0.0432
-------------------------------------
[Epoch : 147/500]
Total_loss	: 57.1221
Coral_loss	: 0.0000
MMD_loss	: 4.1990
cond_ent_wt	: 4.4580
Src_reg_loss	: 0.0432
-------------------------------------
[Epoch : 148/500]
Total_loss	: 57.1485
Coral_loss	: 0.0000
MMD_loss	: 4.2031
cond_ent_wt	: 4.4580
Src_reg_loss	: 0.0431
-------------------------------------
[Epoch : 149/500]
Total_loss	: 57.1746
Coral_loss	: 0.0000
MMD_loss	: 4.2071
cond_ent_wt	: 4.4580
Src_reg_loss	: 0.0431
-------------------------------------
[Epoch : 150/500]
Total_loss	: 57.2004
Coral_loss	: 0.0000
MMD_loss	: 4.2111
cond_ent_wt	: 4.4580
Src_reg_loss	: 0.0430
-------------------------------------
[Epoch : 151/500]
Total_loss	: 57.2261
Coral_loss	: 0.0000
MMD_loss	: 4.2151
cond_ent_wt	: 4.4580
Src_reg_loss	: 0.0430
-------------------------------------
[Epoch : 152/500]
Total_loss	: 57.2515
Coral_loss	: 0.0000
MMD_loss	: 4.2190
cond_ent_wt	: 4.4580
Src_reg_loss	: 0.0429
-------------------------------------
[Epoch : 153/500]
Total_loss	: 57.2767
Coral_loss	: 0.0000
MMD_loss	: 4.2229
cond_ent_wt	: 4.4580
Src_reg_loss	: 0.0429
-------------------------------------
[Epoch : 154/500]
Total_loss	: 57.3016
Coral_loss	: 0.0000
MMD_loss	: 4.2267
cond_ent_wt	: 4.4580
Src_reg_loss	: 0.0428
-------------------------------------
[Epoch : 155/500]
Total_loss	: 57.3263
Coral_loss	: 0.0000
MMD_loss	: 4.2306
cond_ent_wt	: 4.4580
Src_reg_loss	: 0.0428
-------------------------------------
[Epoch : 156/500]
Total_loss	: 57.3508
Coral_loss	: 0.0000
MMD_loss	: 4.2343
cond_ent_wt	: 4.4580
Src_reg_loss	: 0.0427
-------------------------------------
[Epoch : 157/500]
Total_loss	: 57.3750
Coral_loss	: 0.0000
MMD_loss	: 4.2381
cond_ent_wt	: 4.4579
Src_reg_loss	: 0.0427
-------------------------------------
[Epoch : 158/500]
Total_loss	: 57.3990
Coral_loss	: 0.0000
MMD_loss	: 4.2418
cond_ent_wt	: 4.4579
Src_reg_loss	: 0.0427
-------------------------------------
[Epoch : 159/500]
Total_loss	: 57.4227
Coral_loss	: 0.0000
MMD_loss	: 4.2455
cond_ent_wt	: 4.4579
Src_reg_loss	: 0.0426
-------------------------------------
[Epoch : 160/500]
Total_loss	: 57.4463
Coral_loss	: 0.0000
MMD_loss	: 4.2491
cond_ent_wt	: 4.4579
Src_reg_loss	: 0.0426
-------------------------------------
[Epoch : 161/500]
Total_loss	: 57.4696
Coral_loss	: 0.0000
MMD_loss	: 4.2527
cond_ent_wt	: 4.4579
Src_reg_loss	: 0.0425
-------------------------------------
[Epoch : 162/500]
Total_loss	: 57.4927
Coral_loss	: 0.0000
MMD_loss	: 4.2563
cond_ent_wt	: 4.4579
Src_reg_loss	: 0.0425
-------------------------------------
[Epoch : 163/500]
Total_loss	: 57.5155
Coral_loss	: 0.0000
MMD_loss	: 4.2598
cond_ent_wt	: 4.4579
Src_reg_loss	: 0.0425
-------------------------------------
[Epoch : 164/500]
Total_loss	: 57.5381
Coral_loss	: 0.0000
MMD_loss	: 4.2633
cond_ent_wt	: 4.4579
Src_reg_loss	: 0.0424
-------------------------------------
[Epoch : 165/500]
Total_loss	: 57.5605
Coral_loss	: 0.0000
MMD_loss	: 4.2668
cond_ent_wt	: 4.4579
Src_reg_loss	: 0.0424
-------------------------------------
[Epoch : 166/500]
Total_loss	: 57.5827
Coral_loss	: 0.0000
MMD_loss	: 4.2702
cond_ent_wt	: 4.4579
Src_reg_loss	: 0.0423
-------------------------------------
[Epoch : 167/500]
Total_loss	: 57.6046
Coral_loss	: 0.0000
MMD_loss	: 4.2736
cond_ent_wt	: 4.4579
Src_reg_loss	: 0.0423
-------------------------------------
[Epoch : 168/500]
Total_loss	: 57.6263
Coral_loss	: 0.0000
MMD_loss	: 4.2769
cond_ent_wt	: 4.4579
Src_reg_loss	: 0.0423
-------------------------------------
[Epoch : 169/500]
Total_loss	: 57.6478
Coral_loss	: 0.0000
MMD_loss	: 4.2803
cond_ent_wt	: 4.4579
Src_reg_loss	: 0.0422
-------------------------------------
[Epoch : 170/500]
Total_loss	: 57.6691
Coral_loss	: 0.0000
MMD_loss	: 4.2836
cond_ent_wt	: 4.4579
Src_reg_loss	: 0.0422
-------------------------------------
[Epoch : 171/500]
Total_loss	: 57.6903
Coral_loss	: 0.0000
MMD_loss	: 4.2868
cond_ent_wt	: 4.4579
Src_reg_loss	: 0.0422
-------------------------------------
[Epoch : 172/500]
Total_loss	: 57.7113
Coral_loss	: 0.0000
MMD_loss	: 4.2901
cond_ent_wt	: 4.4579
Src_reg_loss	: 0.0421
-------------------------------------
[Epoch : 173/500]
Total_loss	: 57.7321
Coral_loss	: 0.0000
MMD_loss	: 4.2933
cond_ent_wt	: 4.4579
Src_reg_loss	: 0.0421
-------------------------------------
[Epoch : 174/500]
Total_loss	: 57.7527
Coral_loss	: 0.0000
MMD_loss	: 4.2965
cond_ent_wt	: 4.4579
Src_reg_loss	: 0.0420
-------------------------------------
[Epoch : 175/500]
Total_loss	: 57.7733
Coral_loss	: 0.0000
MMD_loss	: 4.2997
cond_ent_wt	: 4.4579
Src_reg_loss	: 0.0420
-------------------------------------
[Epoch : 176/500]
Total_loss	: 57.7936
Coral_loss	: 0.0000
MMD_loss	: 4.3028
cond_ent_wt	: 4.4579
Src_reg_loss	: 0.0420
-------------------------------------
[Epoch : 177/500]
Total_loss	: 57.8139
Coral_loss	: 0.0000
MMD_loss	: 4.3060
cond_ent_wt	: 4.4579
Src_reg_loss	: 0.0419
-------------------------------------
[Epoch : 178/500]
Total_loss	: 57.8341
Coral_loss	: 0.0000
MMD_loss	: 4.3091
cond_ent_wt	: 4.4578
Src_reg_loss	: 0.0419
-------------------------------------
[Epoch : 179/500]
Total_loss	: 57.8541
Coral_loss	: 0.0000
MMD_loss	: 4.3122
cond_ent_wt	: 4.4578
Src_reg_loss	: 0.0419
-------------------------------------
[Epoch : 180/500]
Total_loss	: 57.8741
Coral_loss	: 0.0000
MMD_loss	: 4.3153
cond_ent_wt	: 4.4578
Src_reg_loss	: 0.0418
-------------------------------------
[Epoch : 181/500]
Total_loss	: 57.8940
Coral_loss	: 0.0000
MMD_loss	: 4.3183
cond_ent_wt	: 4.4578
Src_reg_loss	: 0.0418
-------------------------------------
[Epoch : 182/500]
Total_loss	: 57.9138
Coral_loss	: 0.0000
MMD_loss	: 4.3214
cond_ent_wt	: 4.4578
Src_reg_loss	: 0.0418
-------------------------------------
[Epoch : 183/500]
Total_loss	: 57.9336
Coral_loss	: 0.0000
MMD_loss	: 4.3244
cond_ent_wt	: 4.4578
Src_reg_loss	: 0.0417
-------------------------------------
[Epoch : 184/500]
Total_loss	: 57.9532
Coral_loss	: 0.0000
MMD_loss	: 4.3275
cond_ent_wt	: 4.4578
Src_reg_loss	: 0.0417
-------------------------------------
[Epoch : 185/500]
Total_loss	: 57.9728
Coral_loss	: 0.0000
MMD_loss	: 4.3305
cond_ent_wt	: 4.4578
Src_reg_loss	: 0.0417
-------------------------------------
[Epoch : 186/500]
Total_loss	: 57.9924
Coral_loss	: 0.0000
MMD_loss	: 4.3335
cond_ent_wt	: 4.4578
Src_reg_loss	: 0.0417
-------------------------------------
[Epoch : 187/500]
Total_loss	: 58.0118
Coral_loss	: 0.0000
MMD_loss	: 4.3365
cond_ent_wt	: 4.4578
Src_reg_loss	: 0.0416
-------------------------------------
[Epoch : 188/500]
Total_loss	: 58.0313
Coral_loss	: 0.0000
MMD_loss	: 4.3396
cond_ent_wt	: 4.4578
Src_reg_loss	: 0.0416
-------------------------------------
[Epoch : 189/500]
Total_loss	: 58.0507
Coral_loss	: 0.0000
MMD_loss	: 4.3426
cond_ent_wt	: 4.4578
Src_reg_loss	: 0.0416
-------------------------------------
[Epoch : 190/500]
Total_loss	: 58.0700
Coral_loss	: 0.0000
MMD_loss	: 4.3455
cond_ent_wt	: 4.4578
Src_reg_loss	: 0.0415
-------------------------------------
[Epoch : 191/500]
Total_loss	: 58.0893
Coral_loss	: 0.0000
MMD_loss	: 4.3485
cond_ent_wt	: 4.4578
Src_reg_loss	: 0.0415
-------------------------------------
[Epoch : 192/500]
Total_loss	: 58.1086
Coral_loss	: 0.0000
MMD_loss	: 4.3515
cond_ent_wt	: 4.4578
Src_reg_loss	: 0.0415
-------------------------------------
[Epoch : 193/500]
Total_loss	: 58.1278
Coral_loss	: 0.0000
MMD_loss	: 4.3545
cond_ent_wt	: 4.4578
Src_reg_loss	: 0.0414
-------------------------------------
[Epoch : 194/500]
Total_loss	: 58.1470
Coral_loss	: 0.0000
MMD_loss	: 4.3574
cond_ent_wt	: 4.4578
Src_reg_loss	: 0.0414
-------------------------------------
[Epoch : 195/500]
Total_loss	: 58.1661
Coral_loss	: 0.0000
MMD_loss	: 4.3604
cond_ent_wt	: 4.4578
Src_reg_loss	: 0.0414
-------------------------------------
[Epoch : 196/500]
Total_loss	: 58.1852
Coral_loss	: 0.0000
MMD_loss	: 4.3633
cond_ent_wt	: 4.4578
Src_reg_loss	: 0.0414
-------------------------------------
[Epoch : 197/500]
Total_loss	: 58.2043
Coral_loss	: 0.0000
MMD_loss	: 4.3663
cond_ent_wt	: 4.4578
Src_reg_loss	: 0.0413
-------------------------------------
[Epoch : 198/500]
Total_loss	: 58.2233
Coral_loss	: 0.0000
MMD_loss	: 4.3692
cond_ent_wt	: 4.4578
Src_reg_loss	: 0.0413
-------------------------------------
[Epoch : 199/500]
Total_loss	: 58.2423
Coral_loss	: 0.0000
MMD_loss	: 4.3722
cond_ent_wt	: 4.4578
Src_reg_loss	: 0.0413
-------------------------------------
[Epoch : 200/500]
Total_loss	: 58.2612
Coral_loss	: 0.0000
MMD_loss	: 4.3751
cond_ent_wt	: 4.4578
Src_reg_loss	: 0.0412
-------------------------------------
[Epoch : 201/500]
Total_loss	: 58.2801
Coral_loss	: 0.0000
MMD_loss	: 4.3780
cond_ent_wt	: 4.4578
Src_reg_loss	: 0.0412
-------------------------------------
[Epoch : 202/500]
Total_loss	: 58.2989
Coral_loss	: 0.0000
MMD_loss	: 4.3809
cond_ent_wt	: 4.4578
Src_reg_loss	: 0.0412
-------------------------------------
[Epoch : 203/500]
Total_loss	: 58.3177
Coral_loss	: 0.0000
MMD_loss	: 4.3838
cond_ent_wt	: 4.4578
Src_reg_loss	: 0.0412
-------------------------------------
[Epoch : 204/500]
Total_loss	: 58.3365
Coral_loss	: 0.0000
MMD_loss	: 4.3867
cond_ent_wt	: 4.4578
Src_reg_loss	: 0.0412
-------------------------------------
[Epoch : 205/500]
Total_loss	: 58.3552
Coral_loss	: 0.0000
MMD_loss	: 4.3896
cond_ent_wt	: 4.4577
Src_reg_loss	: 0.0412
-------------------------------------
[Epoch : 206/500]
Total_loss	: 58.3739
Coral_loss	: 0.0000
MMD_loss	: 4.3925
cond_ent_wt	: 4.4577
Src_reg_loss	: 0.0411
-------------------------------------
[Epoch : 207/500]
Total_loss	: 58.3925
Coral_loss	: 0.0000
MMD_loss	: 4.3954
cond_ent_wt	: 4.4577
Src_reg_loss	: 0.0411
-------------------------------------
[Epoch : 208/500]
Total_loss	: 58.4111
Coral_loss	: 0.0000
MMD_loss	: 4.3982
cond_ent_wt	: 4.4577
Src_reg_loss	: 0.0411
-------------------------------------
[Epoch : 209/500]
Total_loss	: 58.4296
Coral_loss	: 0.0000
MMD_loss	: 4.4011
cond_ent_wt	: 4.4577
Src_reg_loss	: 0.0411
-------------------------------------
[Epoch : 210/500]
Total_loss	: 58.4480
Coral_loss	: 0.0000
MMD_loss	: 4.4040
cond_ent_wt	: 4.4577
Src_reg_loss	: 0.0410
-------------------------------------
[Epoch : 211/500]
Total_loss	: 58.4664
Coral_loss	: 0.0000
MMD_loss	: 4.4068
cond_ent_wt	: 4.4577
Src_reg_loss	: 0.0410
-------------------------------------
[Epoch : 212/500]
Total_loss	: 58.4848
Coral_loss	: 0.0000
MMD_loss	: 4.4096
cond_ent_wt	: 4.4577
Src_reg_loss	: 0.0410
-------------------------------------
[Epoch : 213/500]
Total_loss	: 58.5031
Coral_loss	: 0.0000
MMD_loss	: 4.4125
cond_ent_wt	: 4.4577
Src_reg_loss	: 0.0410
-------------------------------------
[Epoch : 214/500]
Total_loss	: 58.5214
Coral_loss	: 0.0000
MMD_loss	: 4.4153
cond_ent_wt	: 4.4577
Src_reg_loss	: 0.0409
-------------------------------------
[Epoch : 215/500]
Total_loss	: 58.5396
Coral_loss	: 0.0000
MMD_loss	: 4.4181
cond_ent_wt	: 4.4577
Src_reg_loss	: 0.0409
-------------------------------------
[Epoch : 216/500]
Total_loss	: 58.5578
Coral_loss	: 0.0000
MMD_loss	: 4.4209
cond_ent_wt	: 4.4577
Src_reg_loss	: 0.0409
-------------------------------------
[Epoch : 217/500]
Total_loss	: 58.5759
Coral_loss	: 0.0000
MMD_loss	: 4.4237
cond_ent_wt	: 4.4577
Src_reg_loss	: 0.0409
-------------------------------------
[Epoch : 218/500]
Total_loss	: 58.5939
Coral_loss	: 0.0000
MMD_loss	: 4.4265
cond_ent_wt	: 4.4577
Src_reg_loss	: 0.0409
-------------------------------------
[Epoch : 219/500]
Total_loss	: 58.6119
Coral_loss	: 0.0000
MMD_loss	: 4.4293
cond_ent_wt	: 4.4577
Src_reg_loss	: 0.0408
-------------------------------------
[Epoch : 220/500]
Total_loss	: 58.6299
Coral_loss	: 0.0000
MMD_loss	: 4.4321
cond_ent_wt	: 4.4577
Src_reg_loss	: 0.0408
-------------------------------------
[Epoch : 221/500]
Total_loss	: 58.6478
Coral_loss	: 0.0000
MMD_loss	: 4.4348
cond_ent_wt	: 4.4577
Src_reg_loss	: 0.0408
-------------------------------------
[Epoch : 222/500]
Total_loss	: 58.6657
Coral_loss	: 0.0000
MMD_loss	: 4.4376
cond_ent_wt	: 4.4577
Src_reg_loss	: 0.0408
-------------------------------------
[Epoch : 223/500]
Total_loss	: 58.6834
Coral_loss	: 0.0000
MMD_loss	: 4.4403
cond_ent_wt	: 4.4577
Src_reg_loss	: 0.0407
-------------------------------------
[Epoch : 224/500]
Total_loss	: 58.7012
Coral_loss	: 0.0000
MMD_loss	: 4.4431
cond_ent_wt	: 4.4577
Src_reg_loss	: 0.0407
-------------------------------------
[Epoch : 225/500]
Total_loss	: 58.7188
Coral_loss	: 0.0000
MMD_loss	: 4.4458
cond_ent_wt	: 4.4577
Src_reg_loss	: 0.0407
-------------------------------------
[Epoch : 226/500]
Total_loss	: 58.7365
Coral_loss	: 0.0000
MMD_loss	: 4.4485
cond_ent_wt	: 4.4577
Src_reg_loss	: 0.0407
-------------------------------------
[Epoch : 227/500]
Total_loss	: 58.7540
Coral_loss	: 0.0000
MMD_loss	: 4.4512
cond_ent_wt	: 4.4577
Src_reg_loss	: 0.0407
-------------------------------------
[Epoch : 228/500]
Total_loss	: 58.7716
Coral_loss	: 0.0000
MMD_loss	: 4.4539
cond_ent_wt	: 4.4577
Src_reg_loss	: 0.0406
-------------------------------------
[Epoch : 229/500]
Total_loss	: 58.7890
Coral_loss	: 0.0000
MMD_loss	: 4.4566
cond_ent_wt	: 4.4577
Src_reg_loss	: 0.0406
-------------------------------------
[Epoch : 230/500]
Total_loss	: 58.8064
Coral_loss	: 0.0000
MMD_loss	: 4.4593
cond_ent_wt	: 4.4577
Src_reg_loss	: 0.0406
-------------------------------------
[Epoch : 231/500]
Total_loss	: 58.8238
Coral_loss	: 0.0000
MMD_loss	: 4.4620
cond_ent_wt	: 4.4577
Src_reg_loss	: 0.0406
-------------------------------------
[Epoch : 232/500]
Total_loss	: 58.8411
Coral_loss	: 0.0000
MMD_loss	: 4.4647
cond_ent_wt	: 4.4577
Src_reg_loss	: 0.0405
-------------------------------------
[Epoch : 233/500]
Total_loss	: 58.8583
Coral_loss	: 0.0000
MMD_loss	: 4.4674
cond_ent_wt	: 4.4577
Src_reg_loss	: 0.0405
-------------------------------------
[Epoch : 234/500]
Total_loss	: 58.8755
Coral_loss	: 0.0000
MMD_loss	: 4.4700
cond_ent_wt	: 4.4577
Src_reg_loss	: 0.0405
-------------------------------------
[Epoch : 235/500]
Total_loss	: 58.8926
Coral_loss	: 0.0000
MMD_loss	: 4.4727
cond_ent_wt	: 4.4577
Src_reg_loss	: 0.0405
-------------------------------------
[Epoch : 236/500]
Total_loss	: 58.9097
Coral_loss	: 0.0000
MMD_loss	: 4.4753
cond_ent_wt	: 4.4577
Src_reg_loss	: 0.0405
-------------------------------------
[Epoch : 237/500]
Total_loss	: 58.9267
Coral_loss	: 0.0000
MMD_loss	: 4.4779
cond_ent_wt	: 4.4577
Src_reg_loss	: 0.0404
-------------------------------------
[Epoch : 238/500]
Total_loss	: 58.9437
Coral_loss	: 0.0000
MMD_loss	: 4.4805
cond_ent_wt	: 4.4577
Src_reg_loss	: 0.0404
-------------------------------------
[Epoch : 239/500]
Total_loss	: 58.9606
Coral_loss	: 0.0000
MMD_loss	: 4.4831
cond_ent_wt	: 4.4577
Src_reg_loss	: 0.0404
-------------------------------------
[Epoch : 240/500]
Total_loss	: 58.9774
Coral_loss	: 0.0000
MMD_loss	: 4.4858
cond_ent_wt	: 4.4577
Src_reg_loss	: 0.0404
-------------------------------------
[Epoch : 241/500]
Total_loss	: 58.9942
Coral_loss	: 0.0000
MMD_loss	: 4.4883
cond_ent_wt	: 4.4577
Src_reg_loss	: 0.0404
-------------------------------------
[Epoch : 242/500]
Total_loss	: 59.0109
Coral_loss	: 0.0000
MMD_loss	: 4.4909
cond_ent_wt	: 4.4576
Src_reg_loss	: 0.0403
-------------------------------------
[Epoch : 243/500]
Total_loss	: 59.0276
Coral_loss	: 0.0000
MMD_loss	: 4.4935
cond_ent_wt	: 4.4576
Src_reg_loss	: 0.0403
-------------------------------------
[Epoch : 244/500]
Total_loss	: 59.0442
Coral_loss	: 0.0000
MMD_loss	: 4.4961
cond_ent_wt	: 4.4576
Src_reg_loss	: 0.0403
-------------------------------------
[Epoch : 245/500]
Total_loss	: 59.0608
Coral_loss	: 0.0000
MMD_loss	: 4.4986
cond_ent_wt	: 4.4576
Src_reg_loss	: 0.0403
-------------------------------------
[Epoch : 246/500]
Total_loss	: 59.0773
Coral_loss	: 0.0000
MMD_loss	: 4.5012
cond_ent_wt	: 4.4576
Src_reg_loss	: 0.0403
-------------------------------------
[Epoch : 247/500]
Total_loss	: 59.0937
Coral_loss	: 0.0000
MMD_loss	: 4.5037
cond_ent_wt	: 4.4576
Src_reg_loss	: 0.0403
-------------------------------------
[Epoch : 248/500]
Total_loss	: 59.1101
Coral_loss	: 0.0000
MMD_loss	: 4.5062
cond_ent_wt	: 4.4576
Src_reg_loss	: 0.0403
-------------------------------------
[Epoch : 249/500]
Total_loss	: 59.1264
Coral_loss	: 0.0000
MMD_loss	: 4.5088
cond_ent_wt	: 4.4576
Src_reg_loss	: 0.0402
-------------------------------------
[Epoch : 250/500]
Total_loss	: 59.1426
Coral_loss	: 0.0000
MMD_loss	: 4.5113
cond_ent_wt	: 4.4576
Src_reg_loss	: 0.0402
-------------------------------------
[Epoch : 251/500]
Total_loss	: 59.1588
Coral_loss	: 0.0000
MMD_loss	: 4.5138
cond_ent_wt	: 4.4576
Src_reg_loss	: 0.0402
-------------------------------------
[Epoch : 252/500]
Total_loss	: 59.1750
Coral_loss	: 0.0000
MMD_loss	: 4.5163
cond_ent_wt	: 4.4576
Src_reg_loss	: 0.0402
-------------------------------------
[Epoch : 253/500]
Total_loss	: 59.1910
Coral_loss	: 0.0000
MMD_loss	: 4.5188
cond_ent_wt	: 4.4576
Src_reg_loss	: 0.0402
-------------------------------------
[Epoch : 254/500]
Total_loss	: 59.2071
Coral_loss	: 0.0000
MMD_loss	: 4.5212
cond_ent_wt	: 4.4576
Src_reg_loss	: 0.0402
-------------------------------------
[Epoch : 255/500]
Total_loss	: 59.2230
Coral_loss	: 0.0000
MMD_loss	: 4.5237
cond_ent_wt	: 4.4576
Src_reg_loss	: 0.0401
-------------------------------------
[Epoch : 256/500]
Total_loss	: 59.2389
Coral_loss	: 0.0000
MMD_loss	: 4.5261
cond_ent_wt	: 4.4576
Src_reg_loss	: 0.0401
-------------------------------------
[Epoch : 257/500]
Total_loss	: 59.2547
Coral_loss	: 0.0000
MMD_loss	: 4.5286
cond_ent_wt	: 4.4576
Src_reg_loss	: 0.0401
-------------------------------------
[Epoch : 258/500]
Total_loss	: 59.2705
Coral_loss	: 0.0000
MMD_loss	: 4.5310
cond_ent_wt	: 4.4576
Src_reg_loss	: 0.0401
-------------------------------------
[Epoch : 259/500]
Total_loss	: 59.2863
Coral_loss	: 0.0000
MMD_loss	: 4.5335
cond_ent_wt	: 4.4576
Src_reg_loss	: 0.0401
-------------------------------------
[Epoch : 260/500]
Total_loss	: 59.3019
Coral_loss	: 0.0000
MMD_loss	: 4.5359
cond_ent_wt	: 4.4576
Src_reg_loss	: 0.0401
-------------------------------------
[Epoch : 261/500]
Total_loss	: 59.3175
Coral_loss	: 0.0000
MMD_loss	: 4.5383
cond_ent_wt	: 4.4576
Src_reg_loss	: 0.0400
-------------------------------------
[Epoch : 262/500]
Total_loss	: 59.3331
Coral_loss	: 0.0000
MMD_loss	: 4.5407
cond_ent_wt	: 4.4576
Src_reg_loss	: 0.0400
-------------------------------------
[Epoch : 263/500]
Total_loss	: 59.3486
Coral_loss	: 0.0000
MMD_loss	: 4.5431
cond_ent_wt	: 4.4576
Src_reg_loss	: 0.0400
-------------------------------------
[Epoch : 264/500]
Total_loss	: 59.3640
Coral_loss	: 0.0000
MMD_loss	: 4.5455
cond_ent_wt	: 4.4576
Src_reg_loss	: 0.0400
-------------------------------------
[Epoch : 265/500]
Total_loss	: 59.3794
Coral_loss	: 0.0000
MMD_loss	: 4.5478
cond_ent_wt	: 4.4576
Src_reg_loss	: 0.0400
-------------------------------------
[Epoch : 266/500]
Total_loss	: 59.3947
Coral_loss	: 0.0000
MMD_loss	: 4.5502
cond_ent_wt	: 4.4576
Src_reg_loss	: 0.0400
-------------------------------------
[Epoch : 267/500]
Total_loss	: 59.4099
Coral_loss	: 0.0000
MMD_loss	: 4.5526
cond_ent_wt	: 4.4576
Src_reg_loss	: 0.0399
-------------------------------------
[Epoch : 268/500]
Total_loss	: 59.4251
Coral_loss	: 0.0000
MMD_loss	: 4.5549
cond_ent_wt	: 4.4576
Src_reg_loss	: 0.0399
-------------------------------------
[Epoch : 269/500]
Total_loss	: 59.4403
Coral_loss	: 0.0000
MMD_loss	: 4.5573
cond_ent_wt	: 4.4576
Src_reg_loss	: 0.0399
-------------------------------------
[Epoch : 270/500]
Total_loss	: 59.4554
Coral_loss	: 0.0000
MMD_loss	: 4.5596
cond_ent_wt	: 4.4576
Src_reg_loss	: 0.0399
-------------------------------------
[Epoch : 271/500]
Total_loss	: 59.4704
Coral_loss	: 0.0000
MMD_loss	: 4.5619
cond_ent_wt	: 4.4576
Src_reg_loss	: 0.0399
-------------------------------------
[Epoch : 272/500]
Total_loss	: 59.4853
Coral_loss	: 0.0000
MMD_loss	: 4.5642
cond_ent_wt	: 4.4576
Src_reg_loss	: 0.0399
-------------------------------------
[Epoch : 273/500]
Total_loss	: 59.5002
Coral_loss	: 0.0000
MMD_loss	: 4.5665
cond_ent_wt	: 4.4576
Src_reg_loss	: 0.0398
-------------------------------------
[Epoch : 274/500]
Total_loss	: 59.5151
Coral_loss	: 0.0000
MMD_loss	: 4.5688
cond_ent_wt	: 4.4576
Src_reg_loss	: 0.0398
-------------------------------------
[Epoch : 275/500]
Total_loss	: 59.5299
Coral_loss	: 0.0000
MMD_loss	: 4.5711
cond_ent_wt	: 4.4576
Src_reg_loss	: 0.0398
-------------------------------------
[Epoch : 276/500]
Total_loss	: 59.5446
Coral_loss	: 0.0000
MMD_loss	: 4.5734
cond_ent_wt	: 4.4576
Src_reg_loss	: 0.0398
-------------------------------------
[Epoch : 277/500]
Total_loss	: 59.5593
Coral_loss	: 0.0000
MMD_loss	: 4.5756
cond_ent_wt	: 4.4576
Src_reg_loss	: 0.0398
-------------------------------------
[Epoch : 278/500]
Total_loss	: 59.5739
Coral_loss	: 0.0000
MMD_loss	: 4.5779
cond_ent_wt	: 4.4576
Src_reg_loss	: 0.0398
-------------------------------------
[Epoch : 279/500]
Total_loss	: 59.5885
Coral_loss	: 0.0000
MMD_loss	: 4.5801
cond_ent_wt	: 4.4576
Src_reg_loss	: 0.0398
-------------------------------------
[Epoch : 280/500]
Total_loss	: 59.6030
Coral_loss	: 0.0000
MMD_loss	: 4.5824
cond_ent_wt	: 4.4576
Src_reg_loss	: 0.0397
-------------------------------------
[Epoch : 281/500]
Total_loss	: 59.6175
Coral_loss	: 0.0000
MMD_loss	: 4.5846
cond_ent_wt	: 4.4576
Src_reg_loss	: 0.0397
-------------------------------------
[Epoch : 282/500]
Total_loss	: 59.6319
Coral_loss	: 0.0000
MMD_loss	: 4.5868
cond_ent_wt	: 4.4576
Src_reg_loss	: 0.0397
-------------------------------------
[Epoch : 283/500]
Total_loss	: 59.6462
Coral_loss	: 0.0000
MMD_loss	: 4.5891
cond_ent_wt	: 4.4576
Src_reg_loss	: 0.0397
-------------------------------------
[Epoch : 284/500]
Total_loss	: 59.6605
Coral_loss	: 0.0000
MMD_loss	: 4.5913
cond_ent_wt	: 4.4576
Src_reg_loss	: 0.0397
-------------------------------------
[Epoch : 285/500]
Total_loss	: 59.6747
Coral_loss	: 0.0000
MMD_loss	: 4.5935
cond_ent_wt	: 4.4576
Src_reg_loss	: 0.0397
-------------------------------------
[Epoch : 286/500]
Total_loss	: 59.6889
Coral_loss	: 0.0000
MMD_loss	: 4.5957
cond_ent_wt	: 4.4576
Src_reg_loss	: 0.0397
-------------------------------------
[Epoch : 287/500]
Total_loss	: 59.7030
Coral_loss	: 0.0000
MMD_loss	: 4.5978
cond_ent_wt	: 4.4576
Src_reg_loss	: 0.0396
-------------------------------------
[Epoch : 288/500]
Total_loss	: 59.7170
Coral_loss	: 0.0000
MMD_loss	: 4.6000
cond_ent_wt	: 4.4576
Src_reg_loss	: 0.0396
-------------------------------------
[Epoch : 289/500]
Total_loss	: 59.7310
Coral_loss	: 0.0000
MMD_loss	: 4.6022
cond_ent_wt	: 4.4576
Src_reg_loss	: 0.0396
-------------------------------------
[Epoch : 290/500]
Total_loss	: 59.7450
Coral_loss	: 0.0000
MMD_loss	: 4.6043
cond_ent_wt	: 4.4576
Src_reg_loss	: 0.0396
-------------------------------------
[Epoch : 291/500]
Total_loss	: 59.7588
Coral_loss	: 0.0000
MMD_loss	: 4.6065
cond_ent_wt	: 4.4576
Src_reg_loss	: 0.0396
-------------------------------------
[Epoch : 292/500]
Total_loss	: 59.7726
Coral_loss	: 0.0000
MMD_loss	: 4.6086
cond_ent_wt	: 4.4576
Src_reg_loss	: 0.0396
-------------------------------------
[Epoch : 293/500]
Total_loss	: 59.7864
Coral_loss	: 0.0000
MMD_loss	: 4.6107
cond_ent_wt	: 4.4576
Src_reg_loss	: 0.0396
-------------------------------------
[Epoch : 294/500]
Total_loss	: 59.8001
Coral_loss	: 0.0000
MMD_loss	: 4.6128
cond_ent_wt	: 4.4576
Src_reg_loss	: 0.0395
-------------------------------------
[Epoch : 295/500]
Total_loss	: 59.8138
Coral_loss	: 0.0000
MMD_loss	: 4.6149
cond_ent_wt	: 4.4576
Src_reg_loss	: 0.0395
-------------------------------------
[Epoch : 296/500]
Total_loss	: 59.8273
Coral_loss	: 0.0000
MMD_loss	: 4.6170
cond_ent_wt	: 4.4575
Src_reg_loss	: 0.0395
-------------------------------------
[Epoch : 297/500]
Total_loss	: 59.8409
Coral_loss	: 0.0000
MMD_loss	: 4.6191
cond_ent_wt	: 4.4575
Src_reg_loss	: 0.0395
-------------------------------------
[Epoch : 298/500]
Total_loss	: 59.8543
Coral_loss	: 0.0000
MMD_loss	: 4.6212
cond_ent_wt	: 4.4575
Src_reg_loss	: 0.0395
-------------------------------------
[Epoch : 299/500]
Total_loss	: 59.8678
Coral_loss	: 0.0000
MMD_loss	: 4.6233
cond_ent_wt	: 4.4575
Src_reg_loss	: 0.0395
-------------------------------------
[Epoch : 300/500]
Total_loss	: 59.8811
Coral_loss	: 0.0000
MMD_loss	: 4.6254
cond_ent_wt	: 4.4575
Src_reg_loss	: 0.0395
-------------------------------------
[Epoch : 301/500]
Total_loss	: 59.8945
Coral_loss	: 0.0000
MMD_loss	: 4.6274
cond_ent_wt	: 4.4575
Src_reg_loss	: 0.0394
-------------------------------------
[Epoch : 302/500]
Total_loss	: 59.9077
Coral_loss	: 0.0000
MMD_loss	: 4.6295
cond_ent_wt	: 4.4575
Src_reg_loss	: 0.0394
-------------------------------------
[Epoch : 303/500]
Total_loss	: 59.9209
Coral_loss	: 0.0000
MMD_loss	: 4.6315
cond_ent_wt	: 4.4575
Src_reg_loss	: 0.0394
-------------------------------------
[Epoch : 304/500]
Total_loss	: 59.9341
Coral_loss	: 0.0000
MMD_loss	: 4.6335
cond_ent_wt	: 4.4575
Src_reg_loss	: 0.0394
-------------------------------------
[Epoch : 305/500]
Total_loss	: 59.9471
Coral_loss	: 0.0000
MMD_loss	: 4.6355
cond_ent_wt	: 4.4575
Src_reg_loss	: 0.0394
-------------------------------------
[Epoch : 306/500]
Total_loss	: 59.9602
Coral_loss	: 0.0000
MMD_loss	: 4.6376
cond_ent_wt	: 4.4575
Src_reg_loss	: 0.0394
-------------------------------------
[Epoch : 307/500]
Total_loss	: 59.9732
Coral_loss	: 0.0000
MMD_loss	: 4.6396
cond_ent_wt	: 4.4575
Src_reg_loss	: 0.0394
-------------------------------------
[Epoch : 308/500]
Total_loss	: 59.9861
Coral_loss	: 0.0000
MMD_loss	: 4.6416
cond_ent_wt	: 4.4575
Src_reg_loss	: 0.0394
-------------------------------------
[Epoch : 309/500]
Total_loss	: 59.9990
Coral_loss	: 0.0000
MMD_loss	: 4.6435
cond_ent_wt	: 4.4575
Src_reg_loss	: 0.0393
-------------------------------------
[Epoch : 310/500]
Total_loss	: 60.0118
Coral_loss	: 0.0000
MMD_loss	: 4.6455
cond_ent_wt	: 4.4575
Src_reg_loss	: 0.0393
-------------------------------------
[Epoch : 311/500]
Total_loss	: 60.0245
Coral_loss	: 0.0000
MMD_loss	: 4.6475
cond_ent_wt	: 4.4575
Src_reg_loss	: 0.0393
-------------------------------------
[Epoch : 312/500]
Total_loss	: 60.0373
Coral_loss	: 0.0000
MMD_loss	: 4.6495
cond_ent_wt	: 4.4575
Src_reg_loss	: 0.0393
-------------------------------------
[Epoch : 313/500]
Total_loss	: 60.0499
Coral_loss	: 0.0000
MMD_loss	: 4.6514
cond_ent_wt	: 4.4575
Src_reg_loss	: 0.0393
-------------------------------------
[Epoch : 314/500]
Total_loss	: 60.0625
Coral_loss	: 0.0000
MMD_loss	: 4.6534
cond_ent_wt	: 4.4575
Src_reg_loss	: 0.0393
-------------------------------------
[Epoch : 315/500]
Total_loss	: 60.0750
Coral_loss	: 0.0000
MMD_loss	: 4.6553
cond_ent_wt	: 4.4575
Src_reg_loss	: 0.0393
-------------------------------------
[Epoch : 316/500]
Total_loss	: 60.0875
Coral_loss	: 0.0000
MMD_loss	: 4.6572
cond_ent_wt	: 4.4575
Src_reg_loss	: 0.0393
-------------------------------------
[Epoch : 317/500]
Total_loss	: 60.1000
Coral_loss	: 0.0000
MMD_loss	: 4.6592
cond_ent_wt	: 4.4575
Src_reg_loss	: 0.0393
-------------------------------------
[Epoch : 318/500]
Total_loss	: 60.1124
Coral_loss	: 0.0000
MMD_loss	: 4.6611
cond_ent_wt	: 4.4575
Src_reg_loss	: 0.0392
-------------------------------------
[Epoch : 319/500]
Total_loss	: 60.1247
Coral_loss	: 0.0000
MMD_loss	: 4.6630
cond_ent_wt	: 4.4575
Src_reg_loss	: 0.0392
-------------------------------------
[Epoch : 320/500]
Total_loss	: 60.1370
Coral_loss	: 0.0000
MMD_loss	: 4.6649
cond_ent_wt	: 4.4575
Src_reg_loss	: 0.0392
-------------------------------------
[Epoch : 321/500]
Total_loss	: 60.1492
Coral_loss	: 0.0000
MMD_loss	: 4.6668
cond_ent_wt	: 4.4575
Src_reg_loss	: 0.0392
-------------------------------------
[Epoch : 322/500]
Total_loss	: 60.1614
Coral_loss	: 0.0000
MMD_loss	: 4.6686
cond_ent_wt	: 4.4575
Src_reg_loss	: 0.0392
-------------------------------------
[Epoch : 323/500]
Total_loss	: 60.1736
Coral_loss	: 0.0000
MMD_loss	: 4.6705
cond_ent_wt	: 4.4575
Src_reg_loss	: 0.0392
-------------------------------------
[Epoch : 324/500]
Total_loss	: 60.1857
Coral_loss	: 0.0000
MMD_loss	: 4.6724
cond_ent_wt	: 4.4575
Src_reg_loss	: 0.0392
-------------------------------------
[Epoch : 325/500]
Total_loss	: 60.1977
Coral_loss	: 0.0000
MMD_loss	: 4.6742
cond_ent_wt	: 4.4575
Src_reg_loss	: 0.0392
-------------------------------------
[Epoch : 326/500]
Total_loss	: 60.2097
Coral_loss	: 0.0000
MMD_loss	: 4.6761
cond_ent_wt	: 4.4575
Src_reg_loss	: 0.0391
-------------------------------------
[Epoch : 327/500]
Total_loss	: 60.2216
Coral_loss	: 0.0000
MMD_loss	: 4.6779
cond_ent_wt	: 4.4575
Src_reg_loss	: 0.0391
-------------------------------------
[Epoch : 328/500]
Total_loss	: 60.2335
Coral_loss	: 0.0000
MMD_loss	: 4.6798
cond_ent_wt	: 4.4575
Src_reg_loss	: 0.0391
-------------------------------------
[Epoch : 329/500]
Total_loss	: 60.2453
Coral_loss	: 0.0000
MMD_loss	: 4.6816
cond_ent_wt	: 4.4575
Src_reg_loss	: 0.0391
-------------------------------------
[Epoch : 330/500]
Total_loss	: 60.2571
Coral_loss	: 0.0000
MMD_loss	: 4.6834
cond_ent_wt	: 4.4575
Src_reg_loss	: 0.0391
-------------------------------------
[Epoch : 331/500]
Total_loss	: 60.2688
Coral_loss	: 0.0000
MMD_loss	: 4.6852
cond_ent_wt	: 4.4575
Src_reg_loss	: 0.0391
-------------------------------------
[Epoch : 332/500]
Total_loss	: 60.2805
Coral_loss	: 0.0000
MMD_loss	: 4.6870
cond_ent_wt	: 4.4575
Src_reg_loss	: 0.0391
-------------------------------------
[Epoch : 333/500]
Total_loss	: 60.2921
Coral_loss	: 0.0000
MMD_loss	: 4.6888
cond_ent_wt	: 4.4575
Src_reg_loss	: 0.0391
-------------------------------------
[Epoch : 334/500]
Total_loss	: 60.3037
Coral_loss	: 0.0000
MMD_loss	: 4.6906
cond_ent_wt	: 4.4575
Src_reg_loss	: 0.0391
-------------------------------------
[Epoch : 335/500]
Total_loss	: 60.3152
Coral_loss	: 0.0000
MMD_loss	: 4.6924
cond_ent_wt	: 4.4575
Src_reg_loss	: 0.0391
-------------------------------------
[Epoch : 336/500]
Total_loss	: 60.3266
Coral_loss	: 0.0000
MMD_loss	: 4.6942
cond_ent_wt	: 4.4575
Src_reg_loss	: 0.0390
-------------------------------------
[Epoch : 337/500]
Total_loss	: 60.3380
Coral_loss	: 0.0000
MMD_loss	: 4.6959
cond_ent_wt	: 4.4575
Src_reg_loss	: 0.0390
-------------------------------------
[Epoch : 338/500]
Total_loss	: 60.3494
Coral_loss	: 0.0000
MMD_loss	: 4.6977
cond_ent_wt	: 4.4575
Src_reg_loss	: 0.0390
-------------------------------------
[Epoch : 339/500]
Total_loss	: 60.3607
Coral_loss	: 0.0000
MMD_loss	: 4.6994
cond_ent_wt	: 4.4575
Src_reg_loss	: 0.0390
-------------------------------------
[Epoch : 340/500]
Total_loss	: 60.3720
Coral_loss	: 0.0000
MMD_loss	: 4.7012
cond_ent_wt	: 4.4575
Src_reg_loss	: 0.0390
-------------------------------------
[Epoch : 341/500]
Total_loss	: 60.3832
Coral_loss	: 0.0000
MMD_loss	: 4.7029
cond_ent_wt	: 4.4575
Src_reg_loss	: 0.0390
-------------------------------------
[Epoch : 342/500]
Total_loss	: 60.3943
Coral_loss	: 0.0000
MMD_loss	: 4.7046
cond_ent_wt	: 4.4575
Src_reg_loss	: 0.0390
-------------------------------------
[Epoch : 343/500]
Total_loss	: 60.4054
Coral_loss	: 0.0000
MMD_loss	: 4.7063
cond_ent_wt	: 4.4575
Src_reg_loss	: 0.0390
-------------------------------------
[Epoch : 344/500]
Total_loss	: 60.4165
Coral_loss	: 0.0000
MMD_loss	: 4.7080
cond_ent_wt	: 4.4575
Src_reg_loss	: 0.0390
-------------------------------------
[Epoch : 345/500]
Total_loss	: 60.4275
Coral_loss	: 0.0000
MMD_loss	: 4.7097
cond_ent_wt	: 4.4575
Src_reg_loss	: 0.0389
-------------------------------------
[Epoch : 346/500]
Total_loss	: 60.4385
Coral_loss	: 0.0000
MMD_loss	: 4.7114
cond_ent_wt	: 4.4575
Src_reg_loss	: 0.0389
-------------------------------------
[Epoch : 347/500]
Total_loss	: 60.4494
Coral_loss	: 0.0000
MMD_loss	: 4.7131
cond_ent_wt	: 4.4575
Src_reg_loss	: 0.0389
-------------------------------------
[Epoch : 348/500]
Total_loss	: 60.4603
Coral_loss	: 0.0000
MMD_loss	: 4.7148
cond_ent_wt	: 4.4575
Src_reg_loss	: 0.0389
-------------------------------------
[Epoch : 349/500]
Total_loss	: 60.4711
Coral_loss	: 0.0000
MMD_loss	: 4.7165
cond_ent_wt	: 4.4575
Src_reg_loss	: 0.0389
-------------------------------------
[Epoch : 350/500]
Total_loss	: 60.4818
Coral_loss	: 0.0000
MMD_loss	: 4.7181
cond_ent_wt	: 4.4575
Src_reg_loss	: 0.0389
-------------------------------------
[Epoch : 351/500]
Total_loss	: 60.4926
Coral_loss	: 0.0000
MMD_loss	: 4.7198
cond_ent_wt	: 4.4575
Src_reg_loss	: 0.0389
-------------------------------------
[Epoch : 352/500]
Total_loss	: 60.5033
Coral_loss	: 0.0000
MMD_loss	: 4.7214
cond_ent_wt	: 4.4575
Src_reg_loss	: 0.0389
-------------------------------------
[Epoch : 353/500]
Total_loss	: 60.5139
Coral_loss	: 0.0000
MMD_loss	: 4.7231
cond_ent_wt	: 4.4575
Src_reg_loss	: 0.0389
-------------------------------------
[Epoch : 354/500]
Total_loss	: 60.5245
Coral_loss	: 0.0000
MMD_loss	: 4.7247
cond_ent_wt	: 4.4575
Src_reg_loss	: 0.0389
-------------------------------------
[Epoch : 355/500]
Total_loss	: 60.5350
Coral_loss	: 0.0000
MMD_loss	: 4.7263
cond_ent_wt	: 4.4575
Src_reg_loss	: 0.0389
-------------------------------------
[Epoch : 356/500]
Total_loss	: 60.5454
Coral_loss	: 0.0000
MMD_loss	: 4.7280
cond_ent_wt	: 4.4575
Src_reg_loss	: 0.0388
-------------------------------------
[Epoch : 357/500]
Total_loss	: 60.5559
Coral_loss	: 0.0000
MMD_loss	: 4.7296
cond_ent_wt	: 4.4575
Src_reg_loss	: 0.0388
-------------------------------------
[Epoch : 358/500]
Total_loss	: 60.5662
Coral_loss	: 0.0000
MMD_loss	: 4.7312
cond_ent_wt	: 4.4575
Src_reg_loss	: 0.0388
-------------------------------------
[Epoch : 359/500]
Total_loss	: 60.5766
Coral_loss	: 0.0000
MMD_loss	: 4.7328
cond_ent_wt	: 4.4575
Src_reg_loss	: 0.0388
-------------------------------------
[Epoch : 360/500]
Total_loss	: 60.5868
Coral_loss	: 0.0000
MMD_loss	: 4.7343
cond_ent_wt	: 4.4575
Src_reg_loss	: 0.0388
-------------------------------------
[Epoch : 361/500]
Total_loss	: 60.5971
Coral_loss	: 0.0000
MMD_loss	: 4.7359
cond_ent_wt	: 4.4575
Src_reg_loss	: 0.0388
-------------------------------------
[Epoch : 362/500]
Total_loss	: 60.6073
Coral_loss	: 0.0000
MMD_loss	: 4.7375
cond_ent_wt	: 4.4575
Src_reg_loss	: 0.0388
-------------------------------------
[Epoch : 363/500]
Total_loss	: 60.6174
Coral_loss	: 0.0000
MMD_loss	: 4.7391
cond_ent_wt	: 4.4575
Src_reg_loss	: 0.0388
-------------------------------------
[Epoch : 364/500]
Total_loss	: 60.6275
Coral_loss	: 0.0000
MMD_loss	: 4.7406
cond_ent_wt	: 4.4575
Src_reg_loss	: 0.0388
-------------------------------------
[Epoch : 365/500]
Total_loss	: 60.6376
Coral_loss	: 0.0000
MMD_loss	: 4.7422
cond_ent_wt	: 4.4575
Src_reg_loss	: 0.0388
-------------------------------------
[Epoch : 366/500]
Total_loss	: 60.6476
Coral_loss	: 0.0000
MMD_loss	: 4.7437
cond_ent_wt	: 4.4575
Src_reg_loss	: 0.0387
-------------------------------------
[Epoch : 367/500]
Total_loss	: 60.6576
Coral_loss	: 0.0000
MMD_loss	: 4.7453
cond_ent_wt	: 4.4575
Src_reg_loss	: 0.0387
-------------------------------------
[Epoch : 368/500]
Total_loss	: 60.6675
Coral_loss	: 0.0000
MMD_loss	: 4.7468
cond_ent_wt	: 4.4575
Src_reg_loss	: 0.0387
-------------------------------------
[Epoch : 369/500]
Total_loss	: 60.6774
Coral_loss	: 0.0000
MMD_loss	: 4.7483
cond_ent_wt	: 4.4575
Src_reg_loss	: 0.0387
-------------------------------------
[Epoch : 370/500]
Total_loss	: 60.6873
Coral_loss	: 0.0000
MMD_loss	: 4.7499
cond_ent_wt	: 4.4575
Src_reg_loss	: 0.0387
-------------------------------------
[Epoch : 371/500]
Total_loss	: 60.6971
Coral_loss	: 0.0000
MMD_loss	: 4.7514
cond_ent_wt	: 4.4575
Src_reg_loss	: 0.0387
-------------------------------------
[Epoch : 372/500]
Total_loss	: 60.7068
Coral_loss	: 0.0000
MMD_loss	: 4.7529
cond_ent_wt	: 4.4575
Src_reg_loss	: 0.0387
-------------------------------------
[Epoch : 373/500]
Total_loss	: 60.7165
Coral_loss	: 0.0000
MMD_loss	: 4.7544
cond_ent_wt	: 4.4575
Src_reg_loss	: 0.0387
-------------------------------------
[Epoch : 374/500]
Total_loss	: 60.7261
Coral_loss	: 0.0000
MMD_loss	: 4.7559
cond_ent_wt	: 4.4575
Src_reg_loss	: 0.0387
-------------------------------------
[Epoch : 375/500]
Total_loss	: 60.7357
Coral_loss	: 0.0000
MMD_loss	: 4.7573
cond_ent_wt	: 4.4575
Src_reg_loss	: 0.0387
-------------------------------------
[Epoch : 376/500]
Total_loss	: 60.7453
Coral_loss	: 0.0000
MMD_loss	: 4.7588
cond_ent_wt	: 4.4575
Src_reg_loss	: 0.0387
-------------------------------------
[Epoch : 377/500]
Total_loss	: 60.7548
Coral_loss	: 0.0000
MMD_loss	: 4.7603
cond_ent_wt	: 4.4575
Src_reg_loss	: 0.0387
-------------------------------------
[Epoch : 378/500]
Total_loss	: 60.7642
Coral_loss	: 0.0000
MMD_loss	: 4.7617
cond_ent_wt	: 4.4575
Src_reg_loss	: 0.0386
-------------------------------------
[Epoch : 379/500]
Total_loss	: 60.7737
Coral_loss	: 0.0000
MMD_loss	: 4.7632
cond_ent_wt	: 4.4575
Src_reg_loss	: 0.0386
-------------------------------------
[Epoch : 380/500]
Total_loss	: 60.7831
Coral_loss	: 0.0000
MMD_loss	: 4.7647
cond_ent_wt	: 4.4574
Src_reg_loss	: 0.0386
-------------------------------------
[Epoch : 381/500]
Total_loss	: 60.7924
Coral_loss	: 0.0000
MMD_loss	: 4.7661
cond_ent_wt	: 4.4574
Src_reg_loss	: 0.0386
-------------------------------------
[Epoch : 382/500]
Total_loss	: 60.8017
Coral_loss	: 0.0000
MMD_loss	: 4.7675
cond_ent_wt	: 4.4574
Src_reg_loss	: 0.0386
-------------------------------------
[Epoch : 383/500]
Total_loss	: 60.8109
Coral_loss	: 0.0000
MMD_loss	: 4.7690
cond_ent_wt	: 4.4574
Src_reg_loss	: 0.0386
-------------------------------------
[Epoch : 384/500]
Total_loss	: 60.8201
Coral_loss	: 0.0000
MMD_loss	: 4.7704
cond_ent_wt	: 4.4574
Src_reg_loss	: 0.0386
-------------------------------------
[Epoch : 385/500]
Total_loss	: 60.8293
Coral_loss	: 0.0000
MMD_loss	: 4.7718
cond_ent_wt	: 4.4574
Src_reg_loss	: 0.0386
-------------------------------------
[Epoch : 386/500]
Total_loss	: 60.8384
Coral_loss	: 0.0000
MMD_loss	: 4.7732
cond_ent_wt	: 4.4574
Src_reg_loss	: 0.0386
-------------------------------------
[Epoch : 387/500]
Total_loss	: 60.8474
Coral_loss	: 0.0000
MMD_loss	: 4.7746
cond_ent_wt	: 4.4574
Src_reg_loss	: 0.0386
-------------------------------------
[Epoch : 388/500]
Total_loss	: 60.8565
Coral_loss	: 0.0000
MMD_loss	: 4.7760
cond_ent_wt	: 4.4574
Src_reg_loss	: 0.0386
-------------------------------------
[Epoch : 389/500]
Total_loss	: 60.8654
Coral_loss	: 0.0000
MMD_loss	: 4.7774
cond_ent_wt	: 4.4574
Src_reg_loss	: 0.0386
-------------------------------------
[Epoch : 390/500]
Total_loss	: 60.8744
Coral_loss	: 0.0000
MMD_loss	: 4.7788
cond_ent_wt	: 4.4574
Src_reg_loss	: 0.0385
-------------------------------------
[Epoch : 391/500]
Total_loss	: 60.8833
Coral_loss	: 0.0000
MMD_loss	: 4.7801
cond_ent_wt	: 4.4574
Src_reg_loss	: 0.0385
-------------------------------------
[Epoch : 392/500]
Total_loss	: 60.8921
Coral_loss	: 0.0000
MMD_loss	: 4.7815
cond_ent_wt	: 4.4574
Src_reg_loss	: 0.0385
-------------------------------------
[Epoch : 393/500]
Total_loss	: 60.9009
Coral_loss	: 0.0000
MMD_loss	: 4.7829
cond_ent_wt	: 4.4574
Src_reg_loss	: 0.0385
-------------------------------------
[Epoch : 394/500]
Total_loss	: 60.9097
Coral_loss	: 0.0000
MMD_loss	: 4.7842
cond_ent_wt	: 4.4574
Src_reg_loss	: 0.0385
-------------------------------------
[Epoch : 395/500]
Total_loss	: 60.9184
Coral_loss	: 0.0000
MMD_loss	: 4.7856
cond_ent_wt	: 4.4574
Src_reg_loss	: 0.0385
-------------------------------------
[Epoch : 396/500]
Total_loss	: 60.9271
Coral_loss	: 0.0000
MMD_loss	: 4.7869
cond_ent_wt	: 4.4574
Src_reg_loss	: 0.0385
-------------------------------------
[Epoch : 397/500]
Total_loss	: 60.9358
Coral_loss	: 0.0000
MMD_loss	: 4.7882
cond_ent_wt	: 4.4574
Src_reg_loss	: 0.0385
-------------------------------------
[Epoch : 398/500]
Total_loss	: 60.9444
Coral_loss	: 0.0000
MMD_loss	: 4.7896
cond_ent_wt	: 4.4574
Src_reg_loss	: 0.0385
-------------------------------------
[Epoch : 399/500]
Total_loss	: 60.9529
Coral_loss	: 0.0000
MMD_loss	: 4.7909
cond_ent_wt	: 4.4574
Src_reg_loss	: 0.0385
-------------------------------------
[Epoch : 400/500]
Total_loss	: 60.9615
Coral_loss	: 0.0000
MMD_loss	: 4.7922
cond_ent_wt	: 4.4574
Src_reg_loss	: 0.0385
-------------------------------------
[Epoch : 401/500]
Total_loss	: 60.9700
Coral_loss	: 0.0000
MMD_loss	: 4.7935
cond_ent_wt	: 4.4574
Src_reg_loss	: 0.0385
-------------------------------------
[Epoch : 402/500]
Total_loss	: 60.9784
Coral_loss	: 0.0000
MMD_loss	: 4.7948
cond_ent_wt	: 4.4574
Src_reg_loss	: 0.0385
-------------------------------------
[Epoch : 403/500]
Total_loss	: 60.9869
Coral_loss	: 0.0000
MMD_loss	: 4.7961
cond_ent_wt	: 4.4574
Src_reg_loss	: 0.0384
-------------------------------------
[Epoch : 404/500]
Total_loss	: 60.9953
Coral_loss	: 0.0000
MMD_loss	: 4.7974
cond_ent_wt	: 4.4574
Src_reg_loss	: 0.0384
-------------------------------------
[Epoch : 405/500]
Total_loss	: 61.0036
Coral_loss	: 0.0000
MMD_loss	: 4.7987
cond_ent_wt	: 4.4574
Src_reg_loss	: 0.0384
-------------------------------------
[Epoch : 406/500]
Total_loss	: 61.0119
Coral_loss	: 0.0000
MMD_loss	: 4.8000
cond_ent_wt	: 4.4574
Src_reg_loss	: 0.0384
-------------------------------------
[Epoch : 407/500]
Total_loss	: 61.0201
Coral_loss	: 0.0000
MMD_loss	: 4.8013
cond_ent_wt	: 4.4574
Src_reg_loss	: 0.0384
-------------------------------------
[Epoch : 408/500]
Total_loss	: 61.0283
Coral_loss	: 0.0000
MMD_loss	: 4.8025
cond_ent_wt	: 4.4574
Src_reg_loss	: 0.0384
-------------------------------------
[Epoch : 409/500]
Total_loss	: 61.0365
Coral_loss	: 0.0000
MMD_loss	: 4.8038
cond_ent_wt	: 4.4574
Src_reg_loss	: 0.0384
-------------------------------------
[Epoch : 410/500]
Total_loss	: 61.0447
Coral_loss	: 0.0000
MMD_loss	: 4.8051
cond_ent_wt	: 4.4574
Src_reg_loss	: 0.0384
-------------------------------------
[Epoch : 411/500]
Total_loss	: 61.0528
Coral_loss	: 0.0000
MMD_loss	: 4.8063
cond_ent_wt	: 4.4574
Src_reg_loss	: 0.0384
-------------------------------------
[Epoch : 412/500]
Total_loss	: 61.0608
Coral_loss	: 0.0000
MMD_loss	: 4.8076
cond_ent_wt	: 4.4574
Src_reg_loss	: 0.0384
-------------------------------------
[Epoch : 413/500]
Total_loss	: 61.0688
Coral_loss	: 0.0000
MMD_loss	: 4.8088
cond_ent_wt	: 4.4574
Src_reg_loss	: 0.0384
-------------------------------------
[Epoch : 414/500]
Total_loss	: 61.0768
Coral_loss	: 0.0000
MMD_loss	: 4.8100
cond_ent_wt	: 4.4574
Src_reg_loss	: 0.0384
-------------------------------------
[Epoch : 415/500]
Total_loss	: 61.0848
Coral_loss	: 0.0000
MMD_loss	: 4.8113
cond_ent_wt	: 4.4574
Src_reg_loss	: 0.0384
-------------------------------------
[Epoch : 416/500]
Total_loss	: 61.0927
Coral_loss	: 0.0000
MMD_loss	: 4.8125
cond_ent_wt	: 4.4574
Src_reg_loss	: 0.0384
-------------------------------------
[Epoch : 417/500]
Total_loss	: 61.1006
Coral_loss	: 0.0000
MMD_loss	: 4.8137
cond_ent_wt	: 4.4574
Src_reg_loss	: 0.0384
-------------------------------------
[Epoch : 418/500]
Total_loss	: 61.1084
Coral_loss	: 0.0000
MMD_loss	: 4.8149
cond_ent_wt	: 4.4574
Src_reg_loss	: 0.0384
-------------------------------------
[Epoch : 419/500]
Total_loss	: 61.1163
Coral_loss	: 0.0000
MMD_loss	: 4.8161
cond_ent_wt	: 4.4574
Src_reg_loss	: 0.0384
-------------------------------------
[Epoch : 420/500]
Total_loss	: 61.1240
Coral_loss	: 0.0000
MMD_loss	: 4.8173
cond_ent_wt	: 4.4574
Src_reg_loss	: 0.0384
-------------------------------------
[Epoch : 421/500]
Total_loss	: 61.1318
Coral_loss	: 0.0000
MMD_loss	: 4.8185
cond_ent_wt	: 4.4574
Src_reg_loss	: 0.0383
-------------------------------------
[Epoch : 422/500]
Total_loss	: 61.1395
Coral_loss	: 0.0000
MMD_loss	: 4.8197
cond_ent_wt	: 4.4574
Src_reg_loss	: 0.0383
-------------------------------------
[Epoch : 423/500]
Total_loss	: 61.1472
Coral_loss	: 0.0000
MMD_loss	: 4.8209
cond_ent_wt	: 4.4574
Src_reg_loss	: 0.0383
-------------------------------------
[Epoch : 424/500]
Total_loss	: 61.1548
Coral_loss	: 0.0000
MMD_loss	: 4.8221
cond_ent_wt	: 4.4574
Src_reg_loss	: 0.0383
-------------------------------------
[Epoch : 425/500]
Total_loss	: 61.1624
Coral_loss	: 0.0000
MMD_loss	: 4.8232
cond_ent_wt	: 4.4574
Src_reg_loss	: 0.0383
-------------------------------------
[Epoch : 426/500]
Total_loss	: 61.1700
Coral_loss	: 0.0000
MMD_loss	: 4.8244
cond_ent_wt	: 4.4574
Src_reg_loss	: 0.0383
-------------------------------------
[Epoch : 427/500]
Total_loss	: 61.1775
Coral_loss	: 0.0000
MMD_loss	: 4.8256
cond_ent_wt	: 4.4574
Src_reg_loss	: 0.0383
-------------------------------------
[Epoch : 428/500]
Total_loss	: 61.1850
Coral_loss	: 0.0000
MMD_loss	: 4.8267
cond_ent_wt	: 4.4574
Src_reg_loss	: 0.0383
-------------------------------------
[Epoch : 429/500]
Total_loss	: 61.1925
Coral_loss	: 0.0000
MMD_loss	: 4.8279
cond_ent_wt	: 4.4574
Src_reg_loss	: 0.0383
-------------------------------------
[Epoch : 430/500]
Total_loss	: 61.1999
Coral_loss	: 0.0000
MMD_loss	: 4.8290
cond_ent_wt	: 4.4574
Src_reg_loss	: 0.0383
-------------------------------------
[Epoch : 431/500]
Total_loss	: 61.2073
Coral_loss	: 0.0000
MMD_loss	: 4.8302
cond_ent_wt	: 4.4574
Src_reg_loss	: 0.0383
-------------------------------------
[Epoch : 432/500]
Total_loss	: 61.2147
Coral_loss	: 0.0000
MMD_loss	: 4.8313
cond_ent_wt	: 4.4574
Src_reg_loss	: 0.0383
-------------------------------------
[Epoch : 433/500]
Total_loss	: 61.2220
Coral_loss	: 0.0000
MMD_loss	: 4.8324
cond_ent_wt	: 4.4574
Src_reg_loss	: 0.0383
-------------------------------------
[Epoch : 434/500]
Total_loss	: 61.2293
Coral_loss	: 0.0000
MMD_loss	: 4.8336
cond_ent_wt	: 4.4574
Src_reg_loss	: 0.0383
-------------------------------------
[Epoch : 435/500]
Total_loss	: 61.2366
Coral_loss	: 0.0000
MMD_loss	: 4.8347
cond_ent_wt	: 4.4574
Src_reg_loss	: 0.0383
-------------------------------------
[Epoch : 436/500]
Total_loss	: 61.2438
Coral_loss	: 0.0000
MMD_loss	: 4.8358
cond_ent_wt	: 4.4574
Src_reg_loss	: 0.0382
-------------------------------------
[Epoch : 437/500]
Total_loss	: 61.2510
Coral_loss	: 0.0000
MMD_loss	: 4.8369
cond_ent_wt	: 4.4574
Src_reg_loss	: 0.0382
-------------------------------------
[Epoch : 438/500]
Total_loss	: 61.2582
Coral_loss	: 0.0000
MMD_loss	: 4.8380
cond_ent_wt	: 4.4574
Src_reg_loss	: 0.0382
-------------------------------------
[Epoch : 439/500]
Total_loss	: 61.2653
Coral_loss	: 0.0000
MMD_loss	: 4.8391
cond_ent_wt	: 4.4574
Src_reg_loss	: 0.0382
-------------------------------------
[Epoch : 440/500]
Total_loss	: 61.2723
Coral_loss	: 0.0000
MMD_loss	: 4.8402
cond_ent_wt	: 4.4574
Src_reg_loss	: 0.0382
-------------------------------------
[Epoch : 441/500]
Total_loss	: 61.2794
Coral_loss	: 0.0000
MMD_loss	: 4.8413
cond_ent_wt	: 4.4574
Src_reg_loss	: 0.0382
-------------------------------------
[Epoch : 442/500]
Total_loss	: 61.2864
Coral_loss	: 0.0000
MMD_loss	: 4.8424
cond_ent_wt	: 4.4574
Src_reg_loss	: 0.0382
-------------------------------------
[Epoch : 443/500]
Total_loss	: 61.2933
Coral_loss	: 0.0000
MMD_loss	: 4.8435
cond_ent_wt	: 4.4574
Src_reg_loss	: 0.0382
-------------------------------------
[Epoch : 444/500]
Total_loss	: 61.3003
Coral_loss	: 0.0000
MMD_loss	: 4.8445
cond_ent_wt	: 4.4574
Src_reg_loss	: 0.0382
-------------------------------------
[Epoch : 445/500]
Total_loss	: 61.3072
Coral_loss	: 0.0000
MMD_loss	: 4.8456
cond_ent_wt	: 4.4574
Src_reg_loss	: 0.0382
-------------------------------------
[Epoch : 446/500]
Total_loss	: 61.3141
Coral_loss	: 0.0000
MMD_loss	: 4.8467
cond_ent_wt	: 4.4574
Src_reg_loss	: 0.0382
-------------------------------------
[Epoch : 447/500]
Total_loss	: 61.3209
Coral_loss	: 0.0000
MMD_loss	: 4.8477
cond_ent_wt	: 4.4574
Src_reg_loss	: 0.0382
-------------------------------------
[Epoch : 448/500]
Total_loss	: 61.3278
Coral_loss	: 0.0000
MMD_loss	: 4.8488
cond_ent_wt	: 4.4574
Src_reg_loss	: 0.0382
-------------------------------------
[Epoch : 449/500]
Total_loss	: 61.3346
Coral_loss	: 0.0000
MMD_loss	: 4.8498
cond_ent_wt	: 4.4574
Src_reg_loss	: 0.0382
-------------------------------------
[Epoch : 450/500]
Total_loss	: 61.3413
Coral_loss	: 0.0000
MMD_loss	: 4.8509
cond_ent_wt	: 4.4574
Src_reg_loss	: 0.0382
-------------------------------------
[Epoch : 451/500]
Total_loss	: 61.3481
Coral_loss	: 0.0000
MMD_loss	: 4.8519
cond_ent_wt	: 4.4574
Src_reg_loss	: 0.0382
-------------------------------------
[Epoch : 452/500]
Total_loss	: 61.3548
Coral_loss	: 0.0000
MMD_loss	: 4.8530
cond_ent_wt	: 4.4574
Src_reg_loss	: 0.0381
-------------------------------------
[Epoch : 453/500]
Total_loss	: 61.3614
Coral_loss	: 0.0000
MMD_loss	: 4.8540
cond_ent_wt	: 4.4574
Src_reg_loss	: 0.0381
-------------------------------------
[Epoch : 454/500]
Total_loss	: 61.3681
Coral_loss	: 0.0000
MMD_loss	: 4.8550
cond_ent_wt	: 4.4574
Src_reg_loss	: 0.0381
-------------------------------------
[Epoch : 455/500]
Total_loss	: 61.3748
Coral_loss	: 0.0000
MMD_loss	: 4.8560
cond_ent_wt	: 4.4574
Src_reg_loss	: 0.0381
-------------------------------------
[Epoch : 456/500]
Total_loss	: 61.3814
Coral_loss	: 0.0000
MMD_loss	: 4.8571
cond_ent_wt	: 4.4574
Src_reg_loss	: 0.0381
-------------------------------------
[Epoch : 457/500]
Total_loss	: 61.3880
Coral_loss	: 0.0000
MMD_loss	: 4.8581
cond_ent_wt	: 4.4574
Src_reg_loss	: 0.0381
-------------------------------------
[Epoch : 458/500]
Total_loss	: 61.3945
Coral_loss	: 0.0000
MMD_loss	: 4.8591
cond_ent_wt	: 4.4574
Src_reg_loss	: 0.0381
-------------------------------------
[Epoch : 459/500]
Total_loss	: 61.4010
Coral_loss	: 0.0000
MMD_loss	: 4.8601
cond_ent_wt	: 4.4574
Src_reg_loss	: 0.0381
-------------------------------------
[Epoch : 460/500]
Total_loss	: 61.4075
Coral_loss	: 0.0000
MMD_loss	: 4.8611
cond_ent_wt	: 4.4574
Src_reg_loss	: 0.0381
-------------------------------------
[Epoch : 461/500]
Total_loss	: 61.4141
Coral_loss	: 0.0000
MMD_loss	: 4.8621
cond_ent_wt	: 4.4574
Src_reg_loss	: 0.0381
-------------------------------------
[Epoch : 462/500]
Total_loss	: 61.4205
Coral_loss	: 0.0000
MMD_loss	: 4.8631
cond_ent_wt	: 4.4574
Src_reg_loss	: 0.0381
-------------------------------------
[Epoch : 463/500]
Total_loss	: 61.4270
Coral_loss	: 0.0000
MMD_loss	: 4.8641
cond_ent_wt	: 4.4574
Src_reg_loss	: 0.0381
-------------------------------------
[Epoch : 464/500]
Total_loss	: 61.4334
Coral_loss	: 0.0000
MMD_loss	: 4.8651
cond_ent_wt	: 4.4574
Src_reg_loss	: 0.0381
-------------------------------------
[Epoch : 465/500]
Total_loss	: 61.4398
Coral_loss	: 0.0000
MMD_loss	: 4.8661
cond_ent_wt	: 4.4574
Src_reg_loss	: 0.0381
-------------------------------------
[Epoch : 466/500]
Total_loss	: 61.4461
Coral_loss	: 0.0000
MMD_loss	: 4.8671
cond_ent_wt	: 4.4574
Src_reg_loss	: 0.0381
-------------------------------------
[Epoch : 467/500]
Total_loss	: 61.4525
Coral_loss	: 0.0000
MMD_loss	: 4.8680
cond_ent_wt	: 4.4574
Src_reg_loss	: 0.0381
-------------------------------------
[Epoch : 468/500]
Total_loss	: 61.4588
Coral_loss	: 0.0000
MMD_loss	: 4.8690
cond_ent_wt	: 4.4574
Src_reg_loss	: 0.0381
-------------------------------------
[Epoch : 469/500]
Total_loss	: 61.4651
Coral_loss	: 0.0000
MMD_loss	: 4.8700
cond_ent_wt	: 4.4574
Src_reg_loss	: 0.0380
-------------------------------------
[Epoch : 470/500]
Total_loss	: 61.4714
Coral_loss	: 0.0000
MMD_loss	: 4.8710
cond_ent_wt	: 4.4574
Src_reg_loss	: 0.0380
-------------------------------------
[Epoch : 471/500]
Total_loss	: 61.4776
Coral_loss	: 0.0000
MMD_loss	: 4.8719
cond_ent_wt	: 4.4574
Src_reg_loss	: 0.0380
-------------------------------------
[Epoch : 472/500]
Total_loss	: 61.4838
Coral_loss	: 0.0000
MMD_loss	: 4.8729
cond_ent_wt	: 4.4574
Src_reg_loss	: 0.0380
-------------------------------------
[Epoch : 473/500]
Total_loss	: 61.4900
Coral_loss	: 0.0000
MMD_loss	: 4.8738
cond_ent_wt	: 4.4574
Src_reg_loss	: 0.0380
-------------------------------------
[Epoch : 474/500]
Total_loss	: 61.4962
Coral_loss	: 0.0000
MMD_loss	: 4.8748
cond_ent_wt	: 4.4574
Src_reg_loss	: 0.0380
-------------------------------------
[Epoch : 475/500]
Total_loss	: 61.5023
Coral_loss	: 0.0000
MMD_loss	: 4.8757
cond_ent_wt	: 4.4574
Src_reg_loss	: 0.0380
-------------------------------------
[Epoch : 476/500]
Total_loss	: 61.5084
Coral_loss	: 0.0000
MMD_loss	: 4.8767
cond_ent_wt	: 4.4574
Src_reg_loss	: 0.0380
-------------------------------------
[Epoch : 477/500]
Total_loss	: 61.5145
Coral_loss	: 0.0000
MMD_loss	: 4.8776
cond_ent_wt	: 4.4574
Src_reg_loss	: 0.0380
-------------------------------------
[Epoch : 478/500]
Total_loss	: 61.5205
Coral_loss	: 0.0000
MMD_loss	: 4.8786
cond_ent_wt	: 4.4574
Src_reg_loss	: 0.0380
-------------------------------------
[Epoch : 479/500]
Total_loss	: 61.5265
Coral_loss	: 0.0000
MMD_loss	: 4.8795
cond_ent_wt	: 4.4574
Src_reg_loss	: 0.0380
-------------------------------------
[Epoch : 480/500]
Total_loss	: 61.5325
Coral_loss	: 0.0000
MMD_loss	: 4.8804
cond_ent_wt	: 4.4574
Src_reg_loss	: 0.0380
-------------------------------------
[Epoch : 481/500]
Total_loss	: 61.5385
Coral_loss	: 0.0000
MMD_loss	: 4.8813
cond_ent_wt	: 4.4574
Src_reg_loss	: 0.0380
-------------------------------------
[Epoch : 482/500]
Total_loss	: 61.5444
Coral_loss	: 0.0000
MMD_loss	: 4.8822
cond_ent_wt	: 4.4574
Src_reg_loss	: 0.0380
-------------------------------------
[Epoch : 483/500]
Total_loss	: 61.5503
Coral_loss	: 0.0000
MMD_loss	: 4.8831
cond_ent_wt	: 4.4574
Src_reg_loss	: 0.0380
-------------------------------------
[Epoch : 484/500]
Total_loss	: 61.5561
Coral_loss	: 0.0000
MMD_loss	: 4.8841
cond_ent_wt	: 4.4574
Src_reg_loss	: 0.0380
-------------------------------------
[Epoch : 485/500]
Total_loss	: 61.5620
Coral_loss	: 0.0000
MMD_loss	: 4.8850
cond_ent_wt	: 4.4574
Src_reg_loss	: 0.0380
-------------------------------------
[Epoch : 486/500]
Total_loss	: 61.5678
Coral_loss	: 0.0000
MMD_loss	: 4.8858
cond_ent_wt	: 4.4574
Src_reg_loss	: 0.0380
-------------------------------------
[Epoch : 487/500]
Total_loss	: 61.5735
Coral_loss	: 0.0000
MMD_loss	: 4.8867
cond_ent_wt	: 4.4574
Src_reg_loss	: 0.0380
-------------------------------------
[Epoch : 488/500]
Total_loss	: 61.5793
Coral_loss	: 0.0000
MMD_loss	: 4.8876
cond_ent_wt	: 4.4574
Src_reg_loss	: 0.0379
-------------------------------------
[Epoch : 489/500]
Total_loss	: 61.5850
Coral_loss	: 0.0000
MMD_loss	: 4.8885
cond_ent_wt	: 4.4574
Src_reg_loss	: 0.0379
-------------------------------------
[Epoch : 490/500]
Total_loss	: 61.5907
Coral_loss	: 0.0000
MMD_loss	: 4.8894
cond_ent_wt	: 4.4574
Src_reg_loss	: 0.0379
-------------------------------------
[Epoch : 491/500]
Total_loss	: 61.5964
Coral_loss	: 0.0000
MMD_loss	: 4.8903
cond_ent_wt	: 4.4574
Src_reg_loss	: 0.0379
-------------------------------------
[Epoch : 492/500]
Total_loss	: 61.6020
Coral_loss	: 0.0000
MMD_loss	: 4.8911
cond_ent_wt	: 4.4574
Src_reg_loss	: 0.0379
-------------------------------------
[Epoch : 493/500]
Total_loss	: 61.6076
Coral_loss	: 0.0000
MMD_loss	: 4.8920
cond_ent_wt	: 4.4574
Src_reg_loss	: 0.0379
-------------------------------------
[Epoch : 494/500]
Total_loss	: 61.6132
Coral_loss	: 0.0000
MMD_loss	: 4.8929
cond_ent_wt	: 4.4574
Src_reg_loss	: 0.0379
-------------------------------------
[Epoch : 495/500]
Total_loss	: 61.6188
Coral_loss	: 0.0000
MMD_loss	: 4.8937
cond_ent_wt	: 4.4574
Src_reg_loss	: 0.0379
-------------------------------------
[Epoch : 496/500]
Total_loss	: 61.6244
Coral_loss	: 0.0000
MMD_loss	: 4.8946
cond_ent_wt	: 4.4574
Src_reg_loss	: 0.0379
-------------------------------------
[Epoch : 497/500]
Total_loss	: 61.6299
Coral_loss	: 0.0000
MMD_loss	: 4.8954
cond_ent_wt	: 4.4574
Src_reg_loss	: 0.0379
-------------------------------------
[Epoch : 498/500]
Total_loss	: 61.6354
Coral_loss	: 0.0000
MMD_loss	: 4.8963
cond_ent_wt	: 4.4574
Src_reg_loss	: 0.0379
-------------------------------------
[Epoch : 499/500]
Total_loss	: 61.6409
Coral_loss	: 0.0000
MMD_loss	: 4.8971
cond_ent_wt	: 4.4574
Src_reg_loss	: 0.0379
-------------------------------------
[Epoch : 500/500]
Total_loss	: 61.6464
Coral_loss	: 0.0000
MMD_loss	: 4.8980
cond_ent_wt	: 4.4574
Src_reg_loss	: 0.0379
-------------------------------------
