=============================================
Dataset: Airbox
Method:  MMDA
=============================================
Source: 0 ---> Target: 6
=============================================
[Epoch : 1/500]
Total_loss	: 0.3021
Coral_loss	: 0.0000
MMD_loss	: 4.5776
cond_ent_wt	: 4.8481
Src_reg_loss	: 0.2078
-------------------------------------
[Epoch : 2/500]
Total_loss	: 0.2321
Coral_loss	: 0.0000
MMD_loss	: 4.4141
cond_ent_wt	: 4.8421
Src_reg_loss	: 0.1396
-------------------------------------
[Epoch : 3/500]
Total_loss	: 0.2012
Coral_loss	: 0.0000
MMD_loss	: 4.2919
cond_ent_wt	: 4.8357
Src_reg_loss	: 0.1099
-------------------------------------
[Epoch : 4/500]
Total_loss	: 0.1842
Coral_loss	: 0.0000
MMD_loss	: 4.2797
cond_ent_wt	: 4.8346
Src_reg_loss	: 0.0930
-------------------------------------
[Epoch : 5/500]
Total_loss	: 0.1743
Coral_loss	: 0.0000
MMD_loss	: 4.2837
cond_ent_wt	: 4.8342
Src_reg_loss	: 0.0831
-------------------------------------
[Epoch : 6/500]
Total_loss	: 0.1671
Coral_loss	: 0.0000
MMD_loss	: 4.2816
cond_ent_wt	: 4.8334
Src_reg_loss	: 0.0759
-------------------------------------
[Epoch : 7/500]
Total_loss	: 0.1617
Coral_loss	: 0.0000
MMD_loss	: 4.2869
cond_ent_wt	: 4.8330
Src_reg_loss	: 0.0705
-------------------------------------
[Epoch : 8/500]
Total_loss	: 0.1578
Coral_loss	: 0.0000
MMD_loss	: 4.2969
cond_ent_wt	: 4.8330
Src_reg_loss	: 0.0665
-------------------------------------
[Epoch : 9/500]
Total_loss	: 0.1546
Coral_loss	: 0.0000
MMD_loss	: 4.3019
cond_ent_wt	: 4.8330
Src_reg_loss	: 0.0632
-------------------------------------
[Epoch : 10/500]
Total_loss	: 0.1518
Coral_loss	: 0.0000
MMD_loss	: 4.2997
cond_ent_wt	: 4.8330
Src_reg_loss	: 0.0605
-------------------------------------
[Epoch : 11/500]
Total_loss	: 0.1495
Coral_loss	: 0.0000
MMD_loss	: 4.2899
cond_ent_wt	: 4.8331
Src_reg_loss	: 0.0582
-------------------------------------
[Epoch : 12/500]
Total_loss	: 0.1473
Coral_loss	: 0.0000
MMD_loss	: 4.2720
cond_ent_wt	: 4.8332
Src_reg_loss	: 0.0563
-------------------------------------
[Epoch : 13/500]
Total_loss	: 0.1453
Coral_loss	: 0.0000
MMD_loss	: 4.2459
cond_ent_wt	: 4.8334
Src_reg_loss	: 0.0545
-------------------------------------
[Epoch : 14/500]
Total_loss	: 0.1434
Coral_loss	: 0.0000
MMD_loss	: 4.2125
cond_ent_wt	: 4.8336
Src_reg_loss	: 0.0529
-------------------------------------
[Epoch : 15/500]
Total_loss	: 0.1415
Coral_loss	: 0.0000
MMD_loss	: 4.1715
cond_ent_wt	: 4.8338
Src_reg_loss	: 0.0515
-------------------------------------
[Epoch : 16/500]
Total_loss	: 0.1397
Coral_loss	: 0.0000
MMD_loss	: 4.1224
cond_ent_wt	: 4.8341
Src_reg_loss	: 0.0501
-------------------------------------
[Epoch : 17/500]
Total_loss	: 0.1379
Coral_loss	: 0.0000
MMD_loss	: 4.0640
cond_ent_wt	: 4.8343
Src_reg_loss	: 0.0489
-------------------------------------
[Epoch : 18/500]
Total_loss	: 0.1361
Coral_loss	: 0.0000
MMD_loss	: 3.9954
cond_ent_wt	: 4.8345
Src_reg_loss	: 0.0478
-------------------------------------
[Epoch : 19/500]
Total_loss	: 0.1343
Coral_loss	: 0.0000
MMD_loss	: 3.9188
cond_ent_wt	: 4.8346
Src_reg_loss	: 0.0467
-------------------------------------
[Epoch : 20/500]
Total_loss	: 0.1325
Coral_loss	: 0.0000
MMD_loss	: 3.8390
cond_ent_wt	: 4.8347
Src_reg_loss	: 0.0458
-------------------------------------
[Epoch : 21/500]
Total_loss	: 0.1308
Coral_loss	: 0.0000
MMD_loss	: 3.7615
cond_ent_wt	: 4.8347
Src_reg_loss	: 0.0448
-------------------------------------
[Epoch : 22/500]
Total_loss	: 0.1292
Coral_loss	: 0.0000
MMD_loss	: 3.6912
cond_ent_wt	: 4.8346
Src_reg_loss	: 0.0439
-------------------------------------
[Epoch : 23/500]
Total_loss	: 0.1277
Coral_loss	: 0.0000
MMD_loss	: 3.6304
cond_ent_wt	: 4.8344
Src_reg_loss	: 0.0431
-------------------------------------
[Epoch : 24/500]
Total_loss	: 0.1264
Coral_loss	: 0.0000
MMD_loss	: 3.5804
cond_ent_wt	: 4.8343
Src_reg_loss	: 0.0423
-------------------------------------
[Epoch : 25/500]
Total_loss	: 0.1253
Coral_loss	: 0.0000
MMD_loss	: 3.5421
cond_ent_wt	: 4.8340
Src_reg_loss	: 0.0415
-------------------------------------
[Epoch : 26/500]
Total_loss	: 0.1243
Coral_loss	: 0.0000
MMD_loss	: 3.5160
cond_ent_wt	: 4.8338
Src_reg_loss	: 0.0408
-------------------------------------
[Epoch : 27/500]
Total_loss	: 0.1234
Coral_loss	: 0.0000
MMD_loss	: 3.5010
cond_ent_wt	: 4.8334
Src_reg_loss	: 0.0401
-------------------------------------
[Epoch : 28/500]
Total_loss	: 0.1227
Coral_loss	: 0.0000
MMD_loss	: 3.4944
cond_ent_wt	: 4.8331
Src_reg_loss	: 0.0394
-------------------------------------
[Epoch : 29/500]
Total_loss	: 0.1220
Coral_loss	: 0.0000
MMD_loss	: 3.4929
cond_ent_wt	: 4.8327
Src_reg_loss	: 0.0387
-------------------------------------
[Epoch : 30/500]
Total_loss	: 0.1214
Coral_loss	: 0.0000
MMD_loss	: 3.4943
cond_ent_wt	: 4.8324
Src_reg_loss	: 0.0381
-------------------------------------
[Epoch : 31/500]
Total_loss	: 0.1208
Coral_loss	: 0.0000
MMD_loss	: 3.4973
cond_ent_wt	: 4.8320
Src_reg_loss	: 0.0375
-------------------------------------
[Epoch : 32/500]
Total_loss	: 0.1203
Coral_loss	: 0.0000
MMD_loss	: 3.5012
cond_ent_wt	: 4.8316
Src_reg_loss	: 0.0370
-------------------------------------
[Epoch : 33/500]
Total_loss	: 0.1198
Coral_loss	: 0.0000
MMD_loss	: 3.5052
cond_ent_wt	: 4.8313
Src_reg_loss	: 0.0364
-------------------------------------
[Epoch : 34/500]
Total_loss	: 0.1193
Coral_loss	: 0.0000
MMD_loss	: 3.5091
cond_ent_wt	: 4.8309
Src_reg_loss	: 0.0359
-------------------------------------
[Epoch : 35/500]
Total_loss	: 0.1189
Coral_loss	: 0.0000
MMD_loss	: 3.5131
cond_ent_wt	: 4.8306
Src_reg_loss	: 0.0355
-------------------------------------
[Epoch : 36/500]
Total_loss	: 0.1185
Coral_loss	: 0.0000
MMD_loss	: 3.5170
cond_ent_wt	: 4.8302
Src_reg_loss	: 0.0350
-------------------------------------
[Epoch : 37/500]
Total_loss	: 0.1180
Coral_loss	: 0.0000
MMD_loss	: 3.5206
cond_ent_wt	: 4.8299
Src_reg_loss	: 0.0345
-------------------------------------
[Epoch : 38/500]
Total_loss	: 0.1176
Coral_loss	: 0.0000
MMD_loss	: 3.5242
cond_ent_wt	: 4.8296
Src_reg_loss	: 0.0341
-------------------------------------
[Epoch : 39/500]
Total_loss	: 0.1173
Coral_loss	: 0.0000
MMD_loss	: 3.5277
cond_ent_wt	: 4.8293
Src_reg_loss	: 0.0337
-------------------------------------
[Epoch : 40/500]
Total_loss	: 0.1169
Coral_loss	: 0.0000
MMD_loss	: 3.5312
cond_ent_wt	: 4.8290
Src_reg_loss	: 0.0333
-------------------------------------
[Epoch : 41/500]
Total_loss	: 0.1165
Coral_loss	: 0.0000
MMD_loss	: 3.5343
cond_ent_wt	: 4.8287
Src_reg_loss	: 0.0329
-------------------------------------
[Epoch : 42/500]
Total_loss	: 0.1162
Coral_loss	: 0.0000
MMD_loss	: 3.5370
cond_ent_wt	: 4.8284
Src_reg_loss	: 0.0325
-------------------------------------
[Epoch : 43/500]
Total_loss	: 0.1158
Coral_loss	: 0.0000
MMD_loss	: 3.5396
cond_ent_wt	: 4.8281
Src_reg_loss	: 0.0322
-------------------------------------
[Epoch : 44/500]
Total_loss	: 0.1155
Coral_loss	: 0.0000
MMD_loss	: 3.5419
cond_ent_wt	: 4.8279
Src_reg_loss	: 0.0318
-------------------------------------
[Epoch : 45/500]
Total_loss	: 0.1152
Coral_loss	: 0.0000
MMD_loss	: 3.5435
cond_ent_wt	: 4.8276
Src_reg_loss	: 0.0315
-------------------------------------
[Epoch : 46/500]
Total_loss	: 0.1149
Coral_loss	: 0.0000
MMD_loss	: 3.5441
cond_ent_wt	: 4.8273
Src_reg_loss	: 0.0311
-------------------------------------
[Epoch : 47/500]
Total_loss	: 0.1145
Coral_loss	: 0.0000
MMD_loss	: 3.5435
cond_ent_wt	: 4.8270
Src_reg_loss	: 0.0308
-------------------------------------
[Epoch : 48/500]
Total_loss	: 0.1142
Coral_loss	: 0.0000
MMD_loss	: 3.5422
cond_ent_wt	: 4.8268
Src_reg_loss	: 0.0305
-------------------------------------
[Epoch : 49/500]
Total_loss	: 0.1139
Coral_loss	: 0.0000
MMD_loss	: 3.5406
cond_ent_wt	: 4.8265
Src_reg_loss	: 0.0302
-------------------------------------
[Epoch : 50/500]
Total_loss	: 0.1136
Coral_loss	: 0.0000
MMD_loss	: 3.5381
cond_ent_wt	: 4.8263
Src_reg_loss	: 0.0299
-------------------------------------
[Epoch : 51/500]
Total_loss	: 0.1132
Coral_loss	: 0.0000
MMD_loss	: 3.5343
cond_ent_wt	: 4.8260
Src_reg_loss	: 0.0296
-------------------------------------
[Epoch : 52/500]
Total_loss	: 0.1129
Coral_loss	: 0.0000
MMD_loss	: 3.5291
cond_ent_wt	: 4.8258
Src_reg_loss	: 0.0294
-------------------------------------
[Epoch : 53/500]
Total_loss	: 0.1126
Coral_loss	: 0.0000
MMD_loss	: 3.5235
cond_ent_wt	: 4.8255
Src_reg_loss	: 0.0291
-------------------------------------
[Epoch : 54/500]
Total_loss	: 0.1123
Coral_loss	: 0.0000
MMD_loss	: 3.5180
cond_ent_wt	: 4.8253
Src_reg_loss	: 0.0288
-------------------------------------
[Epoch : 55/500]
Total_loss	: 0.1120
Coral_loss	: 0.0000
MMD_loss	: 3.5120
cond_ent_wt	: 4.8250
Src_reg_loss	: 0.0286
-------------------------------------
[Epoch : 56/500]
Total_loss	: 0.1116
Coral_loss	: 0.0000
MMD_loss	: 3.5039
cond_ent_wt	: 4.8248
Src_reg_loss	: 0.0283
-------------------------------------
[Epoch : 57/500]
Total_loss	: 0.1113
Coral_loss	: 0.0000
MMD_loss	: 3.4938
cond_ent_wt	: 4.8246
Src_reg_loss	: 0.0281
-------------------------------------
[Epoch : 58/500]
Total_loss	: 0.1109
Coral_loss	: 0.0000
MMD_loss	: 3.4836
cond_ent_wt	: 4.8244
Src_reg_loss	: 0.0278
-------------------------------------
[Epoch : 59/500]
Total_loss	: 0.1106
Coral_loss	: 0.0000
MMD_loss	: 3.4749
cond_ent_wt	: 4.8242
Src_reg_loss	: 0.0276
-------------------------------------
[Epoch : 60/500]
Total_loss	: 0.1103
Coral_loss	: 0.0000
MMD_loss	: 3.4666
cond_ent_wt	: 4.8239
Src_reg_loss	: 0.0274
-------------------------------------
[Epoch : 61/500]
Total_loss	: 0.1100
Coral_loss	: 0.0000
MMD_loss	: 3.4559
cond_ent_wt	: 4.8237
Src_reg_loss	: 0.0272
-------------------------------------
[Epoch : 62/500]
Total_loss	: 0.1096
Coral_loss	: 0.0000
MMD_loss	: 3.4418
cond_ent_wt	: 4.8235
Src_reg_loss	: 0.0270
-------------------------------------
[Epoch : 63/500]
Total_loss	: 0.1093
Coral_loss	: 0.0000
MMD_loss	: 3.4276
cond_ent_wt	: 4.8233
Src_reg_loss	: 0.0268
-------------------------------------
[Epoch : 64/500]
Total_loss	: 0.1090
Coral_loss	: 0.0000
MMD_loss	: 3.4167
cond_ent_wt	: 4.8231
Src_reg_loss	: 0.0266
-------------------------------------
[Epoch : 65/500]
Total_loss	: 0.1087
Coral_loss	: 0.0000
MMD_loss	: 3.4076
cond_ent_wt	: 4.8229
Src_reg_loss	: 0.0264
-------------------------------------
[Epoch : 66/500]
Total_loss	: 0.1084
Coral_loss	: 0.0000
MMD_loss	: 3.3954
cond_ent_wt	: 4.8227
Src_reg_loss	: 0.0262
-------------------------------------
[Epoch : 67/500]
Total_loss	: 0.1080
Coral_loss	: 0.0000
MMD_loss	: 3.3788
cond_ent_wt	: 4.8226
Src_reg_loss	: 0.0260
-------------------------------------
[Epoch : 68/500]
Total_loss	: 0.1077
Coral_loss	: 0.0000
MMD_loss	: 3.3628
cond_ent_wt	: 4.8224
Src_reg_loss	: 0.0258
-------------------------------------
[Epoch : 69/500]
Total_loss	: 0.1074
Coral_loss	: 0.0000
MMD_loss	: 3.3513
cond_ent_wt	: 4.8222
Src_reg_loss	: 0.0257
-------------------------------------
[Epoch : 70/500]
Total_loss	: 0.1072
Coral_loss	: 0.0000
MMD_loss	: 3.3408
cond_ent_wt	: 4.8221
Src_reg_loss	: 0.0255
-------------------------------------
[Epoch : 71/500]
Total_loss	: 0.1068
Coral_loss	: 0.0000
MMD_loss	: 3.3269
cond_ent_wt	: 4.8219
Src_reg_loss	: 0.0254
-------------------------------------
[Epoch : 72/500]
Total_loss	: 0.1065
Coral_loss	: 0.0000
MMD_loss	: 3.3113
cond_ent_wt	: 4.8218
Src_reg_loss	: 0.0252
-------------------------------------
[Epoch : 73/500]
Total_loss	: 0.1062
Coral_loss	: 0.0000
MMD_loss	: 3.2981
cond_ent_wt	: 4.8216
Src_reg_loss	: 0.0250
-------------------------------------
[Epoch : 74/500]
Total_loss	: 0.1060
Coral_loss	: 0.0000
MMD_loss	: 3.2870
cond_ent_wt	: 4.8214
Src_reg_loss	: 0.0249
-------------------------------------
[Epoch : 75/500]
Total_loss	: 0.1057
Coral_loss	: 0.0000
MMD_loss	: 3.2745
cond_ent_wt	: 4.8213
Src_reg_loss	: 0.0247
-------------------------------------
[Epoch : 76/500]
Total_loss	: 0.1054
Coral_loss	: 0.0000
MMD_loss	: 3.2600
cond_ent_wt	: 4.8211
Src_reg_loss	: 0.0246
-------------------------------------
[Epoch : 77/500]
Total_loss	: 0.1051
Coral_loss	: 0.0000
MMD_loss	: 3.2463
cond_ent_wt	: 4.8210
Src_reg_loss	: 0.0244
-------------------------------------
[Epoch : 78/500]
Total_loss	: 0.1048
Coral_loss	: 0.0000
MMD_loss	: 3.2347
cond_ent_wt	: 4.8208
Src_reg_loss	: 0.0243
-------------------------------------
[Epoch : 79/500]
Total_loss	: 0.1046
Coral_loss	: 0.0000
MMD_loss	: 3.2231
cond_ent_wt	: 4.8207
Src_reg_loss	: 0.0241
-------------------------------------
[Epoch : 80/500]
Total_loss	: 0.1043
Coral_loss	: 0.0000
MMD_loss	: 3.2099
cond_ent_wt	: 4.8205
Src_reg_loss	: 0.0240
-------------------------------------
[Epoch : 81/500]
Total_loss	: 0.1040
Coral_loss	: 0.0000
MMD_loss	: 3.1963
cond_ent_wt	: 4.8203
Src_reg_loss	: 0.0238
-------------------------------------
[Epoch : 82/500]
Total_loss	: 0.1037
Coral_loss	: 0.0000
MMD_loss	: 3.1844
cond_ent_wt	: 4.8202
Src_reg_loss	: 0.0237
-------------------------------------
[Epoch : 83/500]
Total_loss	: 0.1035
Coral_loss	: 0.0000
MMD_loss	: 3.1736
cond_ent_wt	: 4.8200
Src_reg_loss	: 0.0236
-------------------------------------
[Epoch : 84/500]
Total_loss	: 0.1032
Coral_loss	: 0.0000
MMD_loss	: 3.1618
cond_ent_wt	: 4.8198
Src_reg_loss	: 0.0234
-------------------------------------
[Epoch : 85/500]
Total_loss	: 0.1030
Coral_loss	: 0.0000
MMD_loss	: 3.1486
cond_ent_wt	: 4.8197
Src_reg_loss	: 0.0233
-------------------------------------
[Epoch : 86/500]
Total_loss	: 0.1027
Coral_loss	: 0.0000
MMD_loss	: 3.1360
cond_ent_wt	: 4.8195
Src_reg_loss	: 0.0231
-------------------------------------
[Epoch : 87/500]
Total_loss	: 0.1025
Coral_loss	: 0.0000
MMD_loss	: 3.1253
cond_ent_wt	: 4.8193
Src_reg_loss	: 0.0230
-------------------------------------
[Epoch : 88/500]
Total_loss	: 0.1023
Coral_loss	: 0.0000
MMD_loss	: 3.1151
cond_ent_wt	: 4.8192
Src_reg_loss	: 0.0229
-------------------------------------
[Epoch : 89/500]
Total_loss	: 0.1020
Coral_loss	: 0.0000
MMD_loss	: 3.1034
cond_ent_wt	: 4.8190
Src_reg_loss	: 0.0228
-------------------------------------
[Epoch : 90/500]
Total_loss	: 0.1018
Coral_loss	: 0.0000
MMD_loss	: 3.0910
cond_ent_wt	: 4.8189
Src_reg_loss	: 0.0227
-------------------------------------
[Epoch : 91/500]
Total_loss	: 0.1015
Coral_loss	: 0.0000
MMD_loss	: 3.0798
cond_ent_wt	: 4.8187
Src_reg_loss	: 0.0226
-------------------------------------
[Epoch : 92/500]
Total_loss	: 0.1013
Coral_loss	: 0.0000
MMD_loss	: 3.0703
cond_ent_wt	: 4.8185
Src_reg_loss	: 0.0225
-------------------------------------
[Epoch : 93/500]
Total_loss	: 0.1011
Coral_loss	: 0.0000
MMD_loss	: 3.0604
cond_ent_wt	: 4.8183
Src_reg_loss	: 0.0223
-------------------------------------
[Epoch : 94/500]
Total_loss	: 0.1009
Coral_loss	: 0.0000
MMD_loss	: 3.0492
cond_ent_wt	: 4.8182
Src_reg_loss	: 0.0222
-------------------------------------
[Epoch : 95/500]
Total_loss	: 0.1007
Coral_loss	: 0.0000
MMD_loss	: 3.0380
cond_ent_wt	: 4.8180
Src_reg_loss	: 0.0221
-------------------------------------
[Epoch : 96/500]
Total_loss	: 0.1005
Coral_loss	: 0.0000
MMD_loss	: 3.0284
cond_ent_wt	: 4.8179
Src_reg_loss	: 0.0220
-------------------------------------
[Epoch : 97/500]
Total_loss	: 0.1003
Coral_loss	: 0.0000
MMD_loss	: 3.0197
cond_ent_wt	: 4.8177
Src_reg_loss	: 0.0219
-------------------------------------
[Epoch : 98/500]
Total_loss	: 0.1001
Coral_loss	: 0.0000
MMD_loss	: 3.0102
cond_ent_wt	: 4.8175
Src_reg_loss	: 0.0218
-------------------------------------
[Epoch : 99/500]
Total_loss	: 0.0999
Coral_loss	: 0.0000
MMD_loss	: 2.9997
cond_ent_wt	: 4.8174
Src_reg_loss	: 0.0217
-------------------------------------
[Epoch : 100/500]
Total_loss	: 0.0997
Coral_loss	: 0.0000
MMD_loss	: 2.9900
cond_ent_wt	: 4.8172
Src_reg_loss	: 0.0216
-------------------------------------
[Epoch : 101/500]
Total_loss	: 0.0995
Coral_loss	: 0.0000
MMD_loss	: 2.9818
cond_ent_wt	: 4.8170
Src_reg_loss	: 0.0215
-------------------------------------
[Epoch : 102/500]
Total_loss	: 0.0993
Coral_loss	: 0.0000
MMD_loss	: 2.9736
cond_ent_wt	: 4.8169
Src_reg_loss	: 0.0214
-------------------------------------
[Epoch : 103/500]
Total_loss	: 0.0991
Coral_loss	: 0.0000
MMD_loss	: 2.9644
cond_ent_wt	: 4.8167
Src_reg_loss	: 0.0213
-------------------------------------
[Epoch : 104/500]
Total_loss	: 0.0989
Coral_loss	: 0.0000
MMD_loss	: 2.9551
cond_ent_wt	: 4.8166
Src_reg_loss	: 0.0212
-------------------------------------
[Epoch : 105/500]
Total_loss	: 0.0988
Coral_loss	: 0.0000
MMD_loss	: 2.9469
cond_ent_wt	: 4.8164
Src_reg_loss	: 0.0211
-------------------------------------
[Epoch : 106/500]
Total_loss	: 0.0986
Coral_loss	: 0.0000
MMD_loss	: 2.9395
cond_ent_wt	: 4.8162
Src_reg_loss	: 0.0210
-------------------------------------
[Epoch : 107/500]
Total_loss	: 0.0984
Coral_loss	: 0.0000
MMD_loss	: 2.9317
cond_ent_wt	: 4.8161
Src_reg_loss	: 0.0210
-------------------------------------
[Epoch : 108/500]
Total_loss	: 0.0983
Coral_loss	: 0.0000
MMD_loss	: 2.9232
cond_ent_wt	: 4.8159
Src_reg_loss	: 0.0209
-------------------------------------
[Epoch : 109/500]
Total_loss	: 0.0981
Coral_loss	: 0.0000
MMD_loss	: 2.9153
cond_ent_wt	: 4.8157
Src_reg_loss	: 0.0208
-------------------------------------
[Epoch : 110/500]
Total_loss	: 0.0979
Coral_loss	: 0.0000
MMD_loss	: 2.9085
cond_ent_wt	: 4.8155
Src_reg_loss	: 0.0207
-------------------------------------
[Epoch : 111/500]
Total_loss	: 0.0978
Coral_loss	: 0.0000
MMD_loss	: 2.9019
cond_ent_wt	: 4.8154
Src_reg_loss	: 0.0206
-------------------------------------
[Epoch : 112/500]
Total_loss	: 0.0976
Coral_loss	: 0.0000
MMD_loss	: 2.8944
cond_ent_wt	: 4.8152
Src_reg_loss	: 0.0205
-------------------------------------
[Epoch : 113/500]
Total_loss	: 0.0975
Coral_loss	: 0.0000
MMD_loss	: 2.8867
cond_ent_wt	: 4.8150
Src_reg_loss	: 0.0204
-------------------------------------
[Epoch : 114/500]
Total_loss	: 0.0973
Coral_loss	: 0.0000
MMD_loss	: 2.8799
cond_ent_wt	: 4.8149
Src_reg_loss	: 0.0204
-------------------------------------
[Epoch : 115/500]
Total_loss	: 0.0972
Coral_loss	: 0.0000
MMD_loss	: 2.8740
cond_ent_wt	: 4.8147
Src_reg_loss	: 0.0203
-------------------------------------
[Epoch : 116/500]
Total_loss	: 0.0970
Coral_loss	: 0.0000
MMD_loss	: 2.8679
cond_ent_wt	: 4.8145
Src_reg_loss	: 0.0202
-------------------------------------
[Epoch : 117/500]
Total_loss	: 0.0969
Coral_loss	: 0.0000
MMD_loss	: 2.8612
cond_ent_wt	: 4.8143
Src_reg_loss	: 0.0201
-------------------------------------
[Epoch : 118/500]
Total_loss	: 0.0967
Coral_loss	: 0.0000
MMD_loss	: 2.8547
cond_ent_wt	: 4.8141
Src_reg_loss	: 0.0201
-------------------------------------
[Epoch : 119/500]
Total_loss	: 0.0966
Coral_loss	: 0.0000
MMD_loss	: 2.8493
cond_ent_wt	: 4.8140
Src_reg_loss	: 0.0200
-------------------------------------
[Epoch : 120/500]
Total_loss	: 0.0965
Coral_loss	: 0.0000
MMD_loss	: 2.8443
cond_ent_wt	: 4.8138
Src_reg_loss	: 0.0199
-------------------------------------
[Epoch : 121/500]
Total_loss	: 0.0964
Coral_loss	: 0.0000
MMD_loss	: 2.8385
cond_ent_wt	: 4.8136
Src_reg_loss	: 0.0198
-------------------------------------
[Epoch : 122/500]
Total_loss	: 0.0962
Coral_loss	: 0.0000
MMD_loss	: 2.8323
cond_ent_wt	: 4.8134
Src_reg_loss	: 0.0198
-------------------------------------
[Epoch : 123/500]
Total_loss	: 0.0961
Coral_loss	: 0.0000
MMD_loss	: 2.8269
cond_ent_wt	: 4.8132
Src_reg_loss	: 0.0197
-------------------------------------
[Epoch : 124/500]
Total_loss	: 0.0960
Coral_loss	: 0.0000
MMD_loss	: 2.8224
cond_ent_wt	: 4.8131
Src_reg_loss	: 0.0196
-------------------------------------
[Epoch : 125/500]
Total_loss	: 0.0959
Coral_loss	: 0.0000
MMD_loss	: 2.8178
cond_ent_wt	: 4.8129
Src_reg_loss	: 0.0196
-------------------------------------
[Epoch : 126/500]
Total_loss	: 0.0958
Coral_loss	: 0.0000
MMD_loss	: 2.8126
cond_ent_wt	: 4.8127
Src_reg_loss	: 0.0195
-------------------------------------
[Epoch : 127/500]
Total_loss	: 0.0956
Coral_loss	: 0.0000
MMD_loss	: 2.8075
cond_ent_wt	: 4.8125
Src_reg_loss	: 0.0194
-------------------------------------
[Epoch : 128/500]
Total_loss	: 0.0955
Coral_loss	: 0.0000
MMD_loss	: 2.8033
cond_ent_wt	: 4.8123
Src_reg_loss	: 0.0194
-------------------------------------
[Epoch : 129/500]
Total_loss	: 0.0954
Coral_loss	: 0.0000
MMD_loss	: 2.7995
cond_ent_wt	: 4.8121
Src_reg_loss	: 0.0193
-------------------------------------
[Epoch : 130/500]
Total_loss	: 0.0953
Coral_loss	: 0.0000
MMD_loss	: 2.7951
cond_ent_wt	: 4.8120
Src_reg_loss	: 0.0193
-------------------------------------
[Epoch : 131/500]
Total_loss	: 0.0952
Coral_loss	: 0.0000
MMD_loss	: 2.7905
cond_ent_wt	: 4.8118
Src_reg_loss	: 0.0192
-------------------------------------
[Epoch : 132/500]
Total_loss	: 0.0951
Coral_loss	: 0.0000
MMD_loss	: 2.7864
cond_ent_wt	: 4.8116
Src_reg_loss	: 0.0191
-------------------------------------
[Epoch : 133/500]
Total_loss	: 0.0950
Coral_loss	: 0.0000
MMD_loss	: 2.7831
cond_ent_wt	: 4.8114
Src_reg_loss	: 0.0191
-------------------------------------
[Epoch : 134/500]
Total_loss	: 0.0949
Coral_loss	: 0.0000
MMD_loss	: 2.7796
cond_ent_wt	: 4.8112
Src_reg_loss	: 0.0190
-------------------------------------
[Epoch : 135/500]
Total_loss	: 0.0948
Coral_loss	: 0.0000
MMD_loss	: 2.7757
cond_ent_wt	: 4.8110
Src_reg_loss	: 0.0189
-------------------------------------
[Epoch : 136/500]
Total_loss	: 0.0947
Coral_loss	: 0.0000
MMD_loss	: 2.7720
cond_ent_wt	: 4.8108
Src_reg_loss	: 0.0189
-------------------------------------
[Epoch : 137/500]
Total_loss	: 0.0946
Coral_loss	: 0.0000
MMD_loss	: 2.7690
cond_ent_wt	: 4.8106
Src_reg_loss	: 0.0188
-------------------------------------
[Epoch : 138/500]
Total_loss	: 0.0945
Coral_loss	: 0.0000
MMD_loss	: 2.7663
cond_ent_wt	: 4.8104
Src_reg_loss	: 0.0188
-------------------------------------
[Epoch : 139/500]
Total_loss	: 0.0945
Coral_loss	: 0.0000
MMD_loss	: 2.7631
cond_ent_wt	: 4.8102
Src_reg_loss	: 0.0187
-------------------------------------
[Epoch : 140/500]
Total_loss	: 0.0944
Coral_loss	: 0.0000
MMD_loss	: 2.7598
cond_ent_wt	: 4.8100
Src_reg_loss	: 0.0187
-------------------------------------
[Epoch : 141/500]
Total_loss	: 0.0943
Coral_loss	: 0.0000
MMD_loss	: 2.7571
cond_ent_wt	: 4.8098
Src_reg_loss	: 0.0186
-------------------------------------
[Epoch : 142/500]
Total_loss	: 0.0942
Coral_loss	: 0.0000
MMD_loss	: 2.7549
cond_ent_wt	: 4.8096
Src_reg_loss	: 0.0186
-------------------------------------
[Epoch : 143/500]
Total_loss	: 0.0941
Coral_loss	: 0.0000
MMD_loss	: 2.7525
cond_ent_wt	: 4.8094
Src_reg_loss	: 0.0185
-------------------------------------
[Epoch : 144/500]
Total_loss	: 0.0940
Coral_loss	: 0.0000
MMD_loss	: 2.7498
cond_ent_wt	: 4.8092
Src_reg_loss	: 0.0184
-------------------------------------
[Epoch : 145/500]
Total_loss	: 0.0939
Coral_loss	: 0.0000
MMD_loss	: 2.7473
cond_ent_wt	: 4.8090
Src_reg_loss	: 0.0184
-------------------------------------
[Epoch : 146/500]
Total_loss	: 0.0939
Coral_loss	: 0.0000
MMD_loss	: 2.7456
cond_ent_wt	: 4.8088
Src_reg_loss	: 0.0183
-------------------------------------
[Epoch : 147/500]
Total_loss	: 0.0938
Coral_loss	: 0.0000
MMD_loss	: 2.7439
cond_ent_wt	: 4.8086
Src_reg_loss	: 0.0183
-------------------------------------
[Epoch : 148/500]
Total_loss	: 0.0937
Coral_loss	: 0.0000
MMD_loss	: 2.7418
cond_ent_wt	: 4.8084
Src_reg_loss	: 0.0182
-------------------------------------
[Epoch : 149/500]
Total_loss	: 0.0937
Coral_loss	: 0.0000
MMD_loss	: 2.7396
cond_ent_wt	: 4.8082
Src_reg_loss	: 0.0182
-------------------------------------
[Epoch : 150/500]
Total_loss	: 0.0936
Coral_loss	: 0.0000
MMD_loss	: 2.7381
cond_ent_wt	: 4.8079
Src_reg_loss	: 0.0181
-------------------------------------
[Epoch : 151/500]
Total_loss	: 0.0935
Coral_loss	: 0.0000
MMD_loss	: 2.7370
cond_ent_wt	: 4.8077
Src_reg_loss	: 0.0181
-------------------------------------
[Epoch : 152/500]
Total_loss	: 0.0935
Coral_loss	: 0.0000
MMD_loss	: 2.7355
cond_ent_wt	: 4.8075
Src_reg_loss	: 0.0180
-------------------------------------
[Epoch : 153/500]
Total_loss	: 0.0934
Coral_loss	: 0.0000
MMD_loss	: 2.7337
cond_ent_wt	: 4.8073
Src_reg_loss	: 0.0180
-------------------------------------
[Epoch : 154/500]
Total_loss	: 0.0933
Coral_loss	: 0.0000
MMD_loss	: 2.7324
cond_ent_wt	: 4.8071
Src_reg_loss	: 0.0179
-------------------------------------
[Epoch : 155/500]
Total_loss	: 0.0933
Coral_loss	: 0.0000
MMD_loss	: 2.7316
cond_ent_wt	: 4.8068
Src_reg_loss	: 0.0179
-------------------------------------
[Epoch : 156/500]
Total_loss	: 0.0932
Coral_loss	: 0.0000
MMD_loss	: 2.7307
cond_ent_wt	: 4.8066
Src_reg_loss	: 0.0179
-------------------------------------
[Epoch : 157/500]
Total_loss	: 0.0932
Coral_loss	: 0.0000
MMD_loss	: 2.7294
cond_ent_wt	: 4.8064
Src_reg_loss	: 0.0178
-------------------------------------
[Epoch : 158/500]
Total_loss	: 0.0931
Coral_loss	: 0.0000
MMD_loss	: 2.7283
cond_ent_wt	: 4.8062
Src_reg_loss	: 0.0178
-------------------------------------
[Epoch : 159/500]
Total_loss	: 0.0931
Coral_loss	: 0.0000
MMD_loss	: 2.7277
cond_ent_wt	: 4.8059
Src_reg_loss	: 0.0177
-------------------------------------
[Epoch : 160/500]
Total_loss	: 0.0930
Coral_loss	: 0.0000
MMD_loss	: 2.7273
cond_ent_wt	: 4.8057
Src_reg_loss	: 0.0177
-------------------------------------
[Epoch : 161/500]
Total_loss	: 0.0930
Coral_loss	: 0.0000
MMD_loss	: 2.7266
cond_ent_wt	: 4.8055
Src_reg_loss	: 0.0176
-------------------------------------
[Epoch : 162/500]
Total_loss	: 0.0929
Coral_loss	: 0.0000
MMD_loss	: 2.7258
cond_ent_wt	: 4.8052
Src_reg_loss	: 0.0176
-------------------------------------
[Epoch : 163/500]
Total_loss	: 0.0929
Coral_loss	: 0.0000
MMD_loss	: 2.7256
cond_ent_wt	: 4.8050
Src_reg_loss	: 0.0175
-------------------------------------
[Epoch : 164/500]
Total_loss	: 0.0928
Coral_loss	: 0.0000
MMD_loss	: 2.7256
cond_ent_wt	: 4.8047
Src_reg_loss	: 0.0175
-------------------------------------
[Epoch : 165/500]
Total_loss	: 0.0928
Coral_loss	: 0.0000
MMD_loss	: 2.7253
cond_ent_wt	: 4.8045
Src_reg_loss	: 0.0175
-------------------------------------
[Epoch : 166/500]
Total_loss	: 0.0927
Coral_loss	: 0.0000
MMD_loss	: 2.7249
cond_ent_wt	: 4.8043
Src_reg_loss	: 0.0174
-------------------------------------
[Epoch : 167/500]
Total_loss	: 0.0927
Coral_loss	: 0.0000
MMD_loss	: 2.7250
cond_ent_wt	: 4.8040
Src_reg_loss	: 0.0174
-------------------------------------
[Epoch : 168/500]
Total_loss	: 0.0926
Coral_loss	: 0.0000
MMD_loss	: 2.7254
cond_ent_wt	: 4.8037
Src_reg_loss	: 0.0173
-------------------------------------
[Epoch : 169/500]
Total_loss	: 0.0926
Coral_loss	: 0.0000
MMD_loss	: 2.7256
cond_ent_wt	: 4.8035
Src_reg_loss	: 0.0173
-------------------------------------
[Epoch : 170/500]
Total_loss	: 0.0925
Coral_loss	: 0.0000
MMD_loss	: 2.7256
cond_ent_wt	: 4.8032
Src_reg_loss	: 0.0173
-------------------------------------
[Epoch : 171/500]
Total_loss	: 0.0925
Coral_loss	: 0.0000
MMD_loss	: 2.7259
cond_ent_wt	: 4.8030
Src_reg_loss	: 0.0172
-------------------------------------
[Epoch : 172/500]
Total_loss	: 0.0925
Coral_loss	: 0.0000
MMD_loss	: 2.7268
cond_ent_wt	: 4.8027
Src_reg_loss	: 0.0172
-------------------------------------
[Epoch : 173/500]
Total_loss	: 0.0924
Coral_loss	: 0.0000
MMD_loss	: 2.7274
cond_ent_wt	: 4.8024
Src_reg_loss	: 0.0171
-------------------------------------
[Epoch : 174/500]
Total_loss	: 0.0924
Coral_loss	: 0.0000
MMD_loss	: 2.7278
cond_ent_wt	: 4.8022
Src_reg_loss	: 0.0171
-------------------------------------
[Epoch : 175/500]
Total_loss	: 0.0924
Coral_loss	: 0.0000
MMD_loss	: 2.7284
cond_ent_wt	: 4.8019
Src_reg_loss	: 0.0171
-------------------------------------
[Epoch : 176/500]
Total_loss	: 0.0923
Coral_loss	: 0.0000
MMD_loss	: 2.7295
cond_ent_wt	: 4.8017
Src_reg_loss	: 0.0170
-------------------------------------
[Epoch : 177/500]
Total_loss	: 0.0923
Coral_loss	: 0.0000
MMD_loss	: 2.7305
cond_ent_wt	: 4.8014
Src_reg_loss	: 0.0170
-------------------------------------
[Epoch : 178/500]
Total_loss	: 0.0923
Coral_loss	: 0.0000
MMD_loss	: 2.7313
cond_ent_wt	: 4.8011
Src_reg_loss	: 0.0170
-------------------------------------
[Epoch : 179/500]
Total_loss	: 0.0922
Coral_loss	: 0.0000
MMD_loss	: 2.7322
cond_ent_wt	: 4.8009
Src_reg_loss	: 0.0169
-------------------------------------
[Epoch : 180/500]
Total_loss	: 0.0922
Coral_loss	: 0.0000
MMD_loss	: 2.7336
cond_ent_wt	: 4.8006
Src_reg_loss	: 0.0169
-------------------------------------
[Epoch : 181/500]
Total_loss	: 0.0922
Coral_loss	: 0.0000
MMD_loss	: 2.7350
cond_ent_wt	: 4.8003
Src_reg_loss	: 0.0169
-------------------------------------
[Epoch : 182/500]
Total_loss	: 0.0922
Coral_loss	: 0.0000
MMD_loss	: 2.7361
cond_ent_wt	: 4.8000
Src_reg_loss	: 0.0168
-------------------------------------
[Epoch : 183/500]
Total_loss	: 0.0921
Coral_loss	: 0.0000
MMD_loss	: 2.7375
cond_ent_wt	: 4.7998
Src_reg_loss	: 0.0168
-------------------------------------
[Epoch : 184/500]
Total_loss	: 0.0921
Coral_loss	: 0.0000
MMD_loss	: 2.7393
cond_ent_wt	: 4.7995
Src_reg_loss	: 0.0167
-------------------------------------
[Epoch : 185/500]
Total_loss	: 0.0921
Coral_loss	: 0.0000
MMD_loss	: 2.7411
cond_ent_wt	: 4.7992
Src_reg_loss	: 0.0167
-------------------------------------
[Epoch : 186/500]
Total_loss	: 0.0921
Coral_loss	: 0.0000
MMD_loss	: 2.7426
cond_ent_wt	: 4.7989
Src_reg_loss	: 0.0167
-------------------------------------
[Epoch : 187/500]
Total_loss	: 0.0921
Coral_loss	: 0.0000
MMD_loss	: 2.7443
cond_ent_wt	: 4.7986
Src_reg_loss	: 0.0166
-------------------------------------
[Epoch : 188/500]
Total_loss	: 0.0921
Coral_loss	: 0.0000
MMD_loss	: 2.7465
cond_ent_wt	: 4.7983
Src_reg_loss	: 0.0166
-------------------------------------
[Epoch : 189/500]
Total_loss	: 0.0920
Coral_loss	: 0.0000
MMD_loss	: 2.7487
cond_ent_wt	: 4.7980
Src_reg_loss	: 0.0166
-------------------------------------
[Epoch : 190/500]
Total_loss	: 0.0920
Coral_loss	: 0.0000
MMD_loss	: 2.7507
cond_ent_wt	: 4.7977
Src_reg_loss	: 0.0165
-------------------------------------
[Epoch : 191/500]
Total_loss	: 0.0920
Coral_loss	: 0.0000
MMD_loss	: 2.7528
cond_ent_wt	: 4.7974
Src_reg_loss	: 0.0165
-------------------------------------
[Epoch : 192/500]
Total_loss	: 0.0920
Coral_loss	: 0.0000
MMD_loss	: 2.7554
cond_ent_wt	: 4.7971
Src_reg_loss	: 0.0165
-------------------------------------
[Epoch : 193/500]
Total_loss	: 0.0920
Coral_loss	: 0.0000
MMD_loss	: 2.7580
cond_ent_wt	: 4.7968
Src_reg_loss	: 0.0164
-------------------------------------
[Epoch : 194/500]
Total_loss	: 0.0920
Coral_loss	: 0.0000
MMD_loss	: 2.7604
cond_ent_wt	: 4.7965
Src_reg_loss	: 0.0164
-------------------------------------
[Epoch : 195/500]
Total_loss	: 0.0920
Coral_loss	: 0.0000
MMD_loss	: 2.7630
cond_ent_wt	: 4.7962
Src_reg_loss	: 0.0164
-------------------------------------
[Epoch : 196/500]
Total_loss	: 0.0920
Coral_loss	: 0.0000
MMD_loss	: 2.7660
cond_ent_wt	: 4.7958
Src_reg_loss	: 0.0164
-------------------------------------
[Epoch : 197/500]
Total_loss	: 0.0920
Coral_loss	: 0.0000
MMD_loss	: 2.7690
cond_ent_wt	: 4.7955
Src_reg_loss	: 0.0163
-------------------------------------
[Epoch : 198/500]
Total_loss	: 0.0920
Coral_loss	: 0.0000
MMD_loss	: 2.7718
cond_ent_wt	: 4.7952
Src_reg_loss	: 0.0163
-------------------------------------
[Epoch : 199/500]
Total_loss	: 0.0920
Coral_loss	: 0.0000
MMD_loss	: 2.7748
cond_ent_wt	: 4.7949
Src_reg_loss	: 0.0163
-------------------------------------
[Epoch : 200/500]
Total_loss	: 0.0920
Coral_loss	: 0.0000
MMD_loss	: 2.7783
cond_ent_wt	: 4.7945
Src_reg_loss	: 0.0162
-------------------------------------
[Epoch : 201/500]
Total_loss	: 0.0920
Coral_loss	: 0.0000
MMD_loss	: 2.7817
cond_ent_wt	: 4.7942
Src_reg_loss	: 0.0162
-------------------------------------
[Epoch : 202/500]
Total_loss	: 0.0920
Coral_loss	: 0.0000
MMD_loss	: 2.7849
cond_ent_wt	: 4.7938
Src_reg_loss	: 0.0162
-------------------------------------
[Epoch : 203/500]
Total_loss	: 0.0920
Coral_loss	: 0.0000
MMD_loss	: 2.7884
cond_ent_wt	: 4.7935
Src_reg_loss	: 0.0161
-------------------------------------
[Epoch : 204/500]
Total_loss	: 0.0920
Coral_loss	: 0.0000
MMD_loss	: 2.7923
cond_ent_wt	: 4.7931
Src_reg_loss	: 0.0161
-------------------------------------
[Epoch : 205/500]
Total_loss	: 0.0920
Coral_loss	: 0.0000
MMD_loss	: 2.7961
cond_ent_wt	: 4.7928
Src_reg_loss	: 0.0161
-------------------------------------
[Epoch : 206/500]
Total_loss	: 0.0920
Coral_loss	: 0.0000
MMD_loss	: 2.7998
cond_ent_wt	: 4.7924
Src_reg_loss	: 0.0160
-------------------------------------
[Epoch : 207/500]
Total_loss	: 0.0920
Coral_loss	: 0.0000
MMD_loss	: 2.8037
cond_ent_wt	: 4.7921
Src_reg_loss	: 0.0160
-------------------------------------
[Epoch : 208/500]
Total_loss	: 0.0920
Coral_loss	: 0.0000
MMD_loss	: 2.8080
cond_ent_wt	: 4.7917
Src_reg_loss	: 0.0160
-------------------------------------
[Epoch : 209/500]
Total_loss	: 0.0920
Coral_loss	: 0.0000
MMD_loss	: 2.8123
cond_ent_wt	: 4.7913
Src_reg_loss	: 0.0160
-------------------------------------
[Epoch : 210/500]
Total_loss	: 0.0920
Coral_loss	: 0.0000
MMD_loss	: 2.8165
cond_ent_wt	: 4.7910
Src_reg_loss	: 0.0159
-------------------------------------
[Epoch : 211/500]
Total_loss	: 0.0920
Coral_loss	: 0.0000
MMD_loss	: 2.8210
cond_ent_wt	: 4.7906
Src_reg_loss	: 0.0159
-------------------------------------
[Epoch : 212/500]
Total_loss	: 0.0920
Coral_loss	: 0.0000
MMD_loss	: 2.8258
cond_ent_wt	: 4.7902
Src_reg_loss	: 0.0159
-------------------------------------
[Epoch : 213/500]
Total_loss	: 0.0921
Coral_loss	: 0.0000
MMD_loss	: 2.8305
cond_ent_wt	: 4.7898
Src_reg_loss	: 0.0159
-------------------------------------
[Epoch : 214/500]
Total_loss	: 0.0921
Coral_loss	: 0.0000
MMD_loss	: 2.8353
cond_ent_wt	: 4.7895
Src_reg_loss	: 0.0158
-------------------------------------
[Epoch : 215/500]
Total_loss	: 0.0921
Coral_loss	: 0.0000
MMD_loss	: 2.8405
cond_ent_wt	: 4.7890
Src_reg_loss	: 0.0158
-------------------------------------
[Epoch : 216/500]
Total_loss	: 0.0921
Coral_loss	: 0.0000
MMD_loss	: 2.8458
cond_ent_wt	: 4.7886
Src_reg_loss	: 0.0158
-------------------------------------
[Epoch : 217/500]
Total_loss	: 0.0921
Coral_loss	: 0.0000
MMD_loss	: 2.8511
cond_ent_wt	: 4.7882
Src_reg_loss	: 0.0157
-------------------------------------
[Epoch : 218/500]
Total_loss	: 0.0922
Coral_loss	: 0.0000
MMD_loss	: 2.8565
cond_ent_wt	: 4.7878
Src_reg_loss	: 0.0157
-------------------------------------
[Epoch : 219/500]
Total_loss	: 0.0922
Coral_loss	: 0.0000
MMD_loss	: 2.8623
cond_ent_wt	: 4.7874
Src_reg_loss	: 0.0157
-------------------------------------
[Epoch : 220/500]
Total_loss	: 0.0922
Coral_loss	: 0.0000
MMD_loss	: 2.8682
cond_ent_wt	: 4.7870
Src_reg_loss	: 0.0157
-------------------------------------
[Epoch : 221/500]
Total_loss	: 0.0922
Coral_loss	: 0.0000
MMD_loss	: 2.8740
cond_ent_wt	: 4.7865
Src_reg_loss	: 0.0156
-------------------------------------
[Epoch : 222/500]
Total_loss	: 0.0923
Coral_loss	: 0.0000
MMD_loss	: 2.8801
cond_ent_wt	: 4.7861
Src_reg_loss	: 0.0156
-------------------------------------
[Epoch : 223/500]
Total_loss	: 0.0923
Coral_loss	: 0.0000
MMD_loss	: 2.8864
cond_ent_wt	: 4.7856
Src_reg_loss	: 0.0156
-------------------------------------
[Epoch : 224/500]
Total_loss	: 0.0923
Coral_loss	: 0.0000
MMD_loss	: 2.8928
cond_ent_wt	: 4.7852
Src_reg_loss	: 0.0156
-------------------------------------
[Epoch : 225/500]
Total_loss	: 0.0924
Coral_loss	: 0.0000
MMD_loss	: 2.8991
cond_ent_wt	: 4.7847
Src_reg_loss	: 0.0155
-------------------------------------
[Epoch : 226/500]
Total_loss	: 0.0924
Coral_loss	: 0.0000
MMD_loss	: 2.9057
cond_ent_wt	: 4.7842
Src_reg_loss	: 0.0155
-------------------------------------
[Epoch : 227/500]
Total_loss	: 0.0925
Coral_loss	: 0.0000
MMD_loss	: 2.9125
cond_ent_wt	: 4.7837
Src_reg_loss	: 0.0155
-------------------------------------
[Epoch : 228/500]
Total_loss	: 0.0925
Coral_loss	: 0.0000
MMD_loss	: 2.9193
cond_ent_wt	: 4.7833
Src_reg_loss	: 0.0155
-------------------------------------
[Epoch : 229/500]
Total_loss	: 0.0925
Coral_loss	: 0.0000
MMD_loss	: 2.9263
cond_ent_wt	: 4.7828
Src_reg_loss	: 0.0154
-------------------------------------
[Epoch : 230/500]
Total_loss	: 0.0926
Coral_loss	: 0.0000
MMD_loss	: 2.9335
cond_ent_wt	: 4.7823
Src_reg_loss	: 0.0154
-------------------------------------
[Epoch : 231/500]
Total_loss	: 0.0926
Coral_loss	: 0.0000
MMD_loss	: 2.9410
cond_ent_wt	: 4.7818
Src_reg_loss	: 0.0154
-------------------------------------
[Epoch : 232/500]
Total_loss	: 0.0927
Coral_loss	: 0.0000
MMD_loss	: 2.9484
cond_ent_wt	: 4.7813
Src_reg_loss	: 0.0154
-------------------------------------
[Epoch : 233/500]
Total_loss	: 0.0927
Coral_loss	: 0.0000
MMD_loss	: 2.9560
cond_ent_wt	: 4.7808
Src_reg_loss	: 0.0153
-------------------------------------
[Epoch : 234/500]
Total_loss	: 0.0928
Coral_loss	: 0.0000
MMD_loss	: 2.9639
cond_ent_wt	: 4.7803
Src_reg_loss	: 0.0153
-------------------------------------
[Epoch : 235/500]
Total_loss	: 0.0928
Coral_loss	: 0.0000
MMD_loss	: 2.9720
cond_ent_wt	: 4.7798
Src_reg_loss	: 0.0153
-------------------------------------
[Epoch : 236/500]
Total_loss	: 0.0929
Coral_loss	: 0.0000
MMD_loss	: 2.9802
cond_ent_wt	: 4.7793
Src_reg_loss	: 0.0153
-------------------------------------
[Epoch : 237/500]
Total_loss	: 0.0929
Coral_loss	: 0.0000
MMD_loss	: 2.9886
cond_ent_wt	: 4.7787
Src_reg_loss	: 0.0153
-------------------------------------
[Epoch : 238/500]
Total_loss	: 0.0930
Coral_loss	: 0.0000
MMD_loss	: 2.9973
cond_ent_wt	: 4.7781
Src_reg_loss	: 0.0152
-------------------------------------
[Epoch : 239/500]
Total_loss	: 0.0930
Coral_loss	: 0.0000
MMD_loss	: 3.0061
cond_ent_wt	: 4.7776
Src_reg_loss	: 0.0152
-------------------------------------
[Epoch : 240/500]
Total_loss	: 0.0931
Coral_loss	: 0.0000
MMD_loss	: 3.0150
cond_ent_wt	: 4.7770
Src_reg_loss	: 0.0152
-------------------------------------
[Epoch : 241/500]
Total_loss	: 0.0932
Coral_loss	: 0.0000
MMD_loss	: 3.0241
cond_ent_wt	: 4.7764
Src_reg_loss	: 0.0152
-------------------------------------
[Epoch : 242/500]
Total_loss	: 0.0932
Coral_loss	: 0.0000
MMD_loss	: 3.0334
cond_ent_wt	: 4.7757
Src_reg_loss	: 0.0151
-------------------------------------
[Epoch : 243/500]
Total_loss	: 0.0933
Coral_loss	: 0.0000
MMD_loss	: 3.0426
cond_ent_wt	: 4.7751
Src_reg_loss	: 0.0151
-------------------------------------
[Epoch : 244/500]
Total_loss	: 0.0933
Coral_loss	: 0.0000
MMD_loss	: 3.0520
cond_ent_wt	: 4.7744
Src_reg_loss	: 0.0151
-------------------------------------
[Epoch : 245/500]
Total_loss	: 0.0934
Coral_loss	: 0.0000
MMD_loss	: 3.0617
cond_ent_wt	: 4.7738
Src_reg_loss	: 0.0151
-------------------------------------
[Epoch : 246/500]
Total_loss	: 0.0935
Coral_loss	: 0.0000
MMD_loss	: 3.0713
cond_ent_wt	: 4.7731
Src_reg_loss	: 0.0150
-------------------------------------
[Epoch : 247/500]
Total_loss	: 0.0935
Coral_loss	: 0.0000
MMD_loss	: 3.0812
cond_ent_wt	: 4.7724
Src_reg_loss	: 0.0150
-------------------------------------
[Epoch : 248/500]
Total_loss	: 0.0936
Coral_loss	: 0.0000
MMD_loss	: 3.0913
cond_ent_wt	: 4.7718
Src_reg_loss	: 0.0150
-------------------------------------
[Epoch : 249/500]
Total_loss	: 0.0937
Coral_loss	: 0.0000
MMD_loss	: 3.1017
cond_ent_wt	: 4.7711
Src_reg_loss	: 0.0150
-------------------------------------
[Epoch : 250/500]
Total_loss	: 0.0938
Coral_loss	: 0.0000
MMD_loss	: 3.1119
cond_ent_wt	: 4.7704
Src_reg_loss	: 0.0149
-------------------------------------
[Epoch : 251/500]
Total_loss	: 0.0938
Coral_loss	: 0.0000
MMD_loss	: 3.1220
cond_ent_wt	: 4.7697
Src_reg_loss	: 0.0149
-------------------------------------
[Epoch : 252/500]
Total_loss	: 0.0939
Coral_loss	: 0.0000
MMD_loss	: 3.1329
cond_ent_wt	: 4.7690
Src_reg_loss	: 0.0149
-------------------------------------
[Epoch : 253/500]
Total_loss	: 0.0940
Coral_loss	: 0.0000
MMD_loss	: 3.1439
cond_ent_wt	: 4.7683
Src_reg_loss	: 0.0149
-------------------------------------
[Epoch : 254/500]
Total_loss	: 0.0941
Coral_loss	: 0.0000
MMD_loss	: 3.1549
cond_ent_wt	: 4.7676
Src_reg_loss	: 0.0149
-------------------------------------
[Epoch : 255/500]
Total_loss	: 0.0942
Coral_loss	: 0.0000
MMD_loss	: 3.1658
cond_ent_wt	: 4.7669
Src_reg_loss	: 0.0148
-------------------------------------
[Epoch : 256/500]
Total_loss	: 0.0942
Coral_loss	: 0.0000
MMD_loss	: 3.1760
cond_ent_wt	: 4.7661
Src_reg_loss	: 0.0148
-------------------------------------
[Epoch : 257/500]
Total_loss	: 0.0943
Coral_loss	: 0.0000
MMD_loss	: 3.1861
cond_ent_wt	: 4.7654
Src_reg_loss	: 0.0148
-------------------------------------
[Epoch : 258/500]
Total_loss	: 0.0944
Coral_loss	: 0.0000
MMD_loss	: 3.1963
cond_ent_wt	: 4.7646
Src_reg_loss	: 0.0148
-------------------------------------
[Epoch : 259/500]
Total_loss	: 0.0945
Coral_loss	: 0.0000
MMD_loss	: 3.2071
cond_ent_wt	: 4.7638
Src_reg_loss	: 0.0147
-------------------------------------
[Epoch : 260/500]
Total_loss	: 0.0945
Coral_loss	: 0.0000
MMD_loss	: 3.2179
cond_ent_wt	: 4.7631
Src_reg_loss	: 0.0147
-------------------------------------
[Epoch : 261/500]
Total_loss	: 0.0946
Coral_loss	: 0.0000
MMD_loss	: 3.2283
cond_ent_wt	: 4.7622
Src_reg_loss	: 0.0147
-------------------------------------
[Epoch : 262/500]
Total_loss	: 0.0947
Coral_loss	: 0.0000
MMD_loss	: 3.2391
cond_ent_wt	: 4.7614
Src_reg_loss	: 0.0147
-------------------------------------
[Epoch : 263/500]
Total_loss	: 0.0948
Coral_loss	: 0.0000
MMD_loss	: 3.2490
cond_ent_wt	: 4.7606
Src_reg_loss	: 0.0147
-------------------------------------
[Epoch : 264/500]
Total_loss	: 0.0948
Coral_loss	: 0.0000
MMD_loss	: 3.2589
cond_ent_wt	: 4.7598
Src_reg_loss	: 0.0146
-------------------------------------
[Epoch : 265/500]
Total_loss	: 0.0949
Coral_loss	: 0.0000
MMD_loss	: 3.2692
cond_ent_wt	: 4.7590
Src_reg_loss	: 0.0146
-------------------------------------
[Epoch : 266/500]
Total_loss	: 0.0950
Coral_loss	: 0.0000
MMD_loss	: 3.2804
cond_ent_wt	: 4.7582
Src_reg_loss	: 0.0146
-------------------------------------
[Epoch : 267/500]
Total_loss	: 0.0951
Coral_loss	: 0.0000
MMD_loss	: 3.2917
cond_ent_wt	: 4.7575
Src_reg_loss	: 0.0146
-------------------------------------
[Epoch : 268/500]
Total_loss	: 0.0952
Coral_loss	: 0.0000
MMD_loss	: 3.3025
cond_ent_wt	: 4.7566
Src_reg_loss	: 0.0146
-------------------------------------
[Epoch : 269/500]
Total_loss	: 0.0952
Coral_loss	: 0.0000
MMD_loss	: 3.3137
cond_ent_wt	: 4.7558
Src_reg_loss	: 0.0145
-------------------------------------
[Epoch : 270/500]
Total_loss	: 0.0953
Coral_loss	: 0.0000
MMD_loss	: 3.3241
cond_ent_wt	: 4.7550
Src_reg_loss	: 0.0145
-------------------------------------
[Epoch : 271/500]
Total_loss	: 0.0954
Coral_loss	: 0.0000
MMD_loss	: 3.3342
cond_ent_wt	: 4.7541
Src_reg_loss	: 0.0145
-------------------------------------
[Epoch : 272/500]
Total_loss	: 0.0954
Coral_loss	: 0.0000
MMD_loss	: 3.3446
cond_ent_wt	: 4.7532
Src_reg_loss	: 0.0145
-------------------------------------
[Epoch : 273/500]
Total_loss	: 0.0955
Coral_loss	: 0.0000
MMD_loss	: 3.3546
cond_ent_wt	: 4.7524
Src_reg_loss	: 0.0144
-------------------------------------
[Epoch : 274/500]
Total_loss	: 0.0956
Coral_loss	: 0.0000
MMD_loss	: 3.3647
cond_ent_wt	: 4.7515
Src_reg_loss	: 0.0144
-------------------------------------
[Epoch : 275/500]
Total_loss	: 0.0957
Coral_loss	: 0.0000
MMD_loss	: 3.3749
cond_ent_wt	: 4.7506
Src_reg_loss	: 0.0144
-------------------------------------
[Epoch : 276/500]
Total_loss	: 0.0957
Coral_loss	: 0.0000
MMD_loss	: 3.3848
cond_ent_wt	: 4.7498
Src_reg_loss	: 0.0144
-------------------------------------
[Epoch : 277/500]
Total_loss	: 0.0958
Coral_loss	: 0.0000
MMD_loss	: 3.3948
cond_ent_wt	: 4.7489
Src_reg_loss	: 0.0143
-------------------------------------
[Epoch : 278/500]
Total_loss	: 0.0959
Coral_loss	: 0.0000
MMD_loss	: 3.4045
cond_ent_wt	: 4.7480
Src_reg_loss	: 0.0143
-------------------------------------
[Epoch : 279/500]
Total_loss	: 0.0959
Coral_loss	: 0.0000
MMD_loss	: 3.4145
cond_ent_wt	: 4.7472
Src_reg_loss	: 0.0143
-------------------------------------
[Epoch : 280/500]
Total_loss	: 0.0960
Coral_loss	: 0.0000
MMD_loss	: 3.4245
cond_ent_wt	: 4.7463
Src_reg_loss	: 0.0143
-------------------------------------
[Epoch : 281/500]
Total_loss	: 0.0961
Coral_loss	: 0.0000
MMD_loss	: 3.4343
cond_ent_wt	: 4.7454
Src_reg_loss	: 0.0142
-------------------------------------
[Epoch : 282/500]
Total_loss	: 0.0961
Coral_loss	: 0.0000
MMD_loss	: 3.4444
cond_ent_wt	: 4.7446
Src_reg_loss	: 0.0142
-------------------------------------
[Epoch : 283/500]
Total_loss	: 0.0962
Coral_loss	: 0.0000
MMD_loss	: 3.4542
cond_ent_wt	: 4.7437
Src_reg_loss	: 0.0142
-------------------------------------
[Epoch : 284/500]
Total_loss	: 0.0963
Coral_loss	: 0.0000
MMD_loss	: 3.4641
cond_ent_wt	: 4.7428
Src_reg_loss	: 0.0142
-------------------------------------
[Epoch : 285/500]
Total_loss	: 0.0963
Coral_loss	: 0.0000
MMD_loss	: 3.4741
cond_ent_wt	: 4.7420
Src_reg_loss	: 0.0142
-------------------------------------
[Epoch : 286/500]
Total_loss	: 0.0964
Coral_loss	: 0.0000
MMD_loss	: 3.4840
cond_ent_wt	: 4.7411
Src_reg_loss	: 0.0141
-------------------------------------
[Epoch : 287/500]
Total_loss	: 0.0965
Coral_loss	: 0.0000
MMD_loss	: 3.4940
cond_ent_wt	: 4.7402
Src_reg_loss	: 0.0141
-------------------------------------
[Epoch : 288/500]
Total_loss	: 0.0965
Coral_loss	: 0.0000
MMD_loss	: 3.5033
cond_ent_wt	: 4.7394
Src_reg_loss	: 0.0141
-------------------------------------
[Epoch : 289/500]
Total_loss	: 0.0966
Coral_loss	: 0.0000
MMD_loss	: 3.5132
cond_ent_wt	: 4.7385
Src_reg_loss	: 0.0141
-------------------------------------
[Epoch : 290/500]
Total_loss	: 0.0967
Coral_loss	: 0.0000
MMD_loss	: 3.5231
cond_ent_wt	: 4.7377
Src_reg_loss	: 0.0141
-------------------------------------
[Epoch : 291/500]
Total_loss	: 0.0968
Coral_loss	: 0.0000
MMD_loss	: 3.5325
cond_ent_wt	: 4.7368
Src_reg_loss	: 0.0140
-------------------------------------
[Epoch : 292/500]
Total_loss	: 0.0968
Coral_loss	: 0.0000
MMD_loss	: 3.5428
cond_ent_wt	: 4.7360
Src_reg_loss	: 0.0140
-------------------------------------
[Epoch : 293/500]
Total_loss	: 0.0969
Coral_loss	: 0.0000
MMD_loss	: 3.5524
cond_ent_wt	: 4.7352
Src_reg_loss	: 0.0140
-------------------------------------
[Epoch : 294/500]
Total_loss	: 0.0970
Coral_loss	: 0.0000
MMD_loss	: 3.5618
cond_ent_wt	: 4.7343
Src_reg_loss	: 0.0140
-------------------------------------
[Epoch : 295/500]
Total_loss	: 0.0970
Coral_loss	: 0.0000
MMD_loss	: 3.5717
cond_ent_wt	: 4.7335
Src_reg_loss	: 0.0140
-------------------------------------
[Epoch : 296/500]
Total_loss	: 0.0971
Coral_loss	: 0.0000
MMD_loss	: 3.5820
cond_ent_wt	: 4.7327
Src_reg_loss	: 0.0140
-------------------------------------
[Epoch : 297/500]
Total_loss	: 0.0972
Coral_loss	: 0.0000
MMD_loss	: 3.5921
cond_ent_wt	: 4.7319
Src_reg_loss	: 0.0139
-------------------------------------
[Epoch : 298/500]
Total_loss	: 0.0973
Coral_loss	: 0.0000
MMD_loss	: 3.6017
cond_ent_wt	: 4.7310
Src_reg_loss	: 0.0139
-------------------------------------
[Epoch : 299/500]
Total_loss	: 0.0973
Coral_loss	: 0.0000
MMD_loss	: 3.6112
cond_ent_wt	: 4.7302
Src_reg_loss	: 0.0139
-------------------------------------
[Epoch : 300/500]
Total_loss	: 0.0974
Coral_loss	: 0.0000
MMD_loss	: 3.6199
cond_ent_wt	: 4.7293
Src_reg_loss	: 0.0139
-------------------------------------
[Epoch : 301/500]
Total_loss	: 0.0974
Coral_loss	: 0.0000
MMD_loss	: 3.6288
cond_ent_wt	: 4.7284
Src_reg_loss	: 0.0138
-------------------------------------
[Epoch : 302/500]
Total_loss	: 0.0975
Coral_loss	: 0.0000
MMD_loss	: 3.6381
cond_ent_wt	: 4.7276
Src_reg_loss	: 0.0138
-------------------------------------
[Epoch : 303/500]
Total_loss	: 0.0976
Coral_loss	: 0.0000
MMD_loss	: 3.6471
cond_ent_wt	: 4.7267
Src_reg_loss	: 0.0138
-------------------------------------
[Epoch : 304/500]
Total_loss	: 0.0976
Coral_loss	: 0.0000
MMD_loss	: 3.6559
cond_ent_wt	: 4.7259
Src_reg_loss	: 0.0138
-------------------------------------
[Epoch : 305/500]
Total_loss	: 0.0977
Coral_loss	: 0.0000
MMD_loss	: 3.6648
cond_ent_wt	: 4.7251
Src_reg_loss	: 0.0138
-------------------------------------
[Epoch : 306/500]
Total_loss	: 0.0977
Coral_loss	: 0.0000
MMD_loss	: 3.6734
cond_ent_wt	: 4.7242
Src_reg_loss	: 0.0137
-------------------------------------
[Epoch : 307/500]
Total_loss	: 0.0978
Coral_loss	: 0.0000
MMD_loss	: 3.6820
cond_ent_wt	: 4.7234
Src_reg_loss	: 0.0137
-------------------------------------
[Epoch : 308/500]
Total_loss	: 0.0979
Coral_loss	: 0.0000
MMD_loss	: 3.6909
cond_ent_wt	: 4.7226
Src_reg_loss	: 0.0137
-------------------------------------
[Epoch : 309/500]
Total_loss	: 0.0979
Coral_loss	: 0.0000
MMD_loss	: 3.6993
cond_ent_wt	: 4.7217
Src_reg_loss	: 0.0137
-------------------------------------
[Epoch : 310/500]
Total_loss	: 0.0980
Coral_loss	: 0.0000
MMD_loss	: 3.7079
cond_ent_wt	: 4.7209
Src_reg_loss	: 0.0137
-------------------------------------
[Epoch : 311/500]
Total_loss	: 0.0980
Coral_loss	: 0.0000
MMD_loss	: 3.7168
cond_ent_wt	: 4.7201
Src_reg_loss	: 0.0136
-------------------------------------
[Epoch : 312/500]
Total_loss	: 0.0981
Coral_loss	: 0.0000
MMD_loss	: 3.7251
cond_ent_wt	: 4.7193
Src_reg_loss	: 0.0136
-------------------------------------
[Epoch : 313/500]
Total_loss	: 0.0981
Coral_loss	: 0.0000
MMD_loss	: 3.7336
cond_ent_wt	: 4.7185
Src_reg_loss	: 0.0136
-------------------------------------
[Epoch : 314/500]
Total_loss	: 0.0982
Coral_loss	: 0.0000
MMD_loss	: 3.7424
cond_ent_wt	: 4.7177
Src_reg_loss	: 0.0136
-------------------------------------
[Epoch : 315/500]
Total_loss	: 0.0983
Coral_loss	: 0.0000
MMD_loss	: 3.7507
cond_ent_wt	: 4.7168
Src_reg_loss	: 0.0136
-------------------------------------
[Epoch : 316/500]
Total_loss	: 0.0983
Coral_loss	: 0.0000
MMD_loss	: 3.7591
cond_ent_wt	: 4.7160
Src_reg_loss	: 0.0135
-------------------------------------
[Epoch : 317/500]
Total_loss	: 0.0984
Coral_loss	: 0.0000
MMD_loss	: 3.7672
cond_ent_wt	: 4.7152
Src_reg_loss	: 0.0135
-------------------------------------
[Epoch : 318/500]
Total_loss	: 0.0984
Coral_loss	: 0.0000
MMD_loss	: 3.7758
cond_ent_wt	: 4.7144
Src_reg_loss	: 0.0135
-------------------------------------
[Epoch : 319/500]
Total_loss	: 0.0985
Coral_loss	: 0.0000
MMD_loss	: 3.7845
cond_ent_wt	: 4.7136
Src_reg_loss	: 0.0135
-------------------------------------
[Epoch : 320/500]
Total_loss	: 0.0986
Coral_loss	: 0.0000
MMD_loss	: 3.7925
cond_ent_wt	: 4.7128
Src_reg_loss	: 0.0135
-------------------------------------
[Epoch : 321/500]
Total_loss	: 0.0986
Coral_loss	: 0.0000
MMD_loss	: 3.8015
cond_ent_wt	: 4.7121
Src_reg_loss	: 0.0135
-------------------------------------
[Epoch : 322/500]
Total_loss	: 0.0987
Coral_loss	: 0.0000
MMD_loss	: 3.8100
cond_ent_wt	: 4.7113
Src_reg_loss	: 0.0134
-------------------------------------
[Epoch : 323/500]
Total_loss	: 0.0987
Coral_loss	: 0.0000
MMD_loss	: 3.8179
cond_ent_wt	: 4.7106
Src_reg_loss	: 0.0134
-------------------------------------
[Epoch : 324/500]
Total_loss	: 0.0988
Coral_loss	: 0.0000
MMD_loss	: 3.8269
cond_ent_wt	: 4.7099
Src_reg_loss	: 0.0134
-------------------------------------
[Epoch : 325/500]
Total_loss	: 0.0989
Coral_loss	: 0.0000
MMD_loss	: 3.8359
cond_ent_wt	: 4.7091
Src_reg_loss	: 0.0134
-------------------------------------
[Epoch : 326/500]
Total_loss	: 0.0989
Coral_loss	: 0.0000
MMD_loss	: 3.8441
cond_ent_wt	: 4.7084
Src_reg_loss	: 0.0134
-------------------------------------
[Epoch : 327/500]
Total_loss	: 0.0990
Coral_loss	: 0.0000
MMD_loss	: 3.8526
cond_ent_wt	: 4.7076
Src_reg_loss	: 0.0134
-------------------------------------
[Epoch : 328/500]
Total_loss	: 0.0991
Coral_loss	: 0.0000
MMD_loss	: 3.8608
cond_ent_wt	: 4.7069
Src_reg_loss	: 0.0134
-------------------------------------
[Epoch : 329/500]
Total_loss	: 0.0991
Coral_loss	: 0.0000
MMD_loss	: 3.8688
cond_ent_wt	: 4.7061
Src_reg_loss	: 0.0133
-------------------------------------
[Epoch : 330/500]
Total_loss	: 0.0992
Coral_loss	: 0.0000
MMD_loss	: 3.8772
cond_ent_wt	: 4.7054
Src_reg_loss	: 0.0133
-------------------------------------
[Epoch : 331/500]
Total_loss	: 0.0992
Coral_loss	: 0.0000
MMD_loss	: 3.8853
cond_ent_wt	: 4.7046
Src_reg_loss	: 0.0133
-------------------------------------
[Epoch : 332/500]
Total_loss	: 0.0993
Coral_loss	: 0.0000
MMD_loss	: 3.8930
cond_ent_wt	: 4.7038
Src_reg_loss	: 0.0133
-------------------------------------
[Epoch : 333/500]
Total_loss	: 0.0993
Coral_loss	: 0.0000
MMD_loss	: 3.9009
cond_ent_wt	: 4.7031
Src_reg_loss	: 0.0133
-------------------------------------
[Epoch : 334/500]
Total_loss	: 0.0994
Coral_loss	: 0.0000
MMD_loss	: 3.9084
cond_ent_wt	: 4.7023
Src_reg_loss	: 0.0132
-------------------------------------
[Epoch : 335/500]
Total_loss	: 0.0994
Coral_loss	: 0.0000
MMD_loss	: 3.9160
cond_ent_wt	: 4.7016
Src_reg_loss	: 0.0132
-------------------------------------
[Epoch : 336/500]
Total_loss	: 0.0995
Coral_loss	: 0.0000
MMD_loss	: 3.9241
cond_ent_wt	: 4.7008
Src_reg_loss	: 0.0132
-------------------------------------
[Epoch : 337/500]
Total_loss	: 0.0995
Coral_loss	: 0.0000
MMD_loss	: 3.9318
cond_ent_wt	: 4.7001
Src_reg_loss	: 0.0132
-------------------------------------
[Epoch : 338/500]
Total_loss	: 0.0996
Coral_loss	: 0.0000
MMD_loss	: 3.9393
cond_ent_wt	: 4.6993
Src_reg_loss	: 0.0132
-------------------------------------
[Epoch : 339/500]
Total_loss	: 0.0996
Coral_loss	: 0.0000
MMD_loss	: 3.9471
cond_ent_wt	: 4.6986
Src_reg_loss	: 0.0132
-------------------------------------
[Epoch : 340/500]
Total_loss	: 0.0997
Coral_loss	: 0.0000
MMD_loss	: 3.9544
cond_ent_wt	: 4.6979
Src_reg_loss	: 0.0131
-------------------------------------
[Epoch : 341/500]
Total_loss	: 0.0997
Coral_loss	: 0.0000
MMD_loss	: 3.9619
cond_ent_wt	: 4.6972
Src_reg_loss	: 0.0131
-------------------------------------
[Epoch : 342/500]
Total_loss	: 0.0998
Coral_loss	: 0.0000
MMD_loss	: 3.9698
cond_ent_wt	: 4.6964
Src_reg_loss	: 0.0131
-------------------------------------
[Epoch : 343/500]
Total_loss	: 0.0999
Coral_loss	: 0.0000
MMD_loss	: 3.9772
cond_ent_wt	: 4.6957
Src_reg_loss	: 0.0131
-------------------------------------
[Epoch : 344/500]
Total_loss	: 0.0999
Coral_loss	: 0.0000
MMD_loss	: 3.9845
cond_ent_wt	: 4.6950
Src_reg_loss	: 0.0131
-------------------------------------
[Epoch : 345/500]
Total_loss	: 0.1000
Coral_loss	: 0.0000
MMD_loss	: 3.9918
cond_ent_wt	: 4.6943
Src_reg_loss	: 0.0131
-------------------------------------
[Epoch : 346/500]
Total_loss	: 0.1000
Coral_loss	: 0.0000
MMD_loss	: 3.9990
cond_ent_wt	: 4.6935
Src_reg_loss	: 0.0130
-------------------------------------
[Epoch : 347/500]
Total_loss	: 0.1001
Coral_loss	: 0.0000
MMD_loss	: 4.0064
cond_ent_wt	: 4.6928
Src_reg_loss	: 0.0130
-------------------------------------
[Epoch : 348/500]
Total_loss	: 0.1001
Coral_loss	: 0.0000
MMD_loss	: 4.0137
cond_ent_wt	: 4.6921
Src_reg_loss	: 0.0130
-------------------------------------
[Epoch : 349/500]
Total_loss	: 0.1002
Coral_loss	: 0.0000
MMD_loss	: 4.0211
cond_ent_wt	: 4.6914
Src_reg_loss	: 0.0130
-------------------------------------
[Epoch : 350/500]
Total_loss	: 0.1002
Coral_loss	: 0.0000
MMD_loss	: 4.0283
cond_ent_wt	: 4.6907
Src_reg_loss	: 0.0130
-------------------------------------
[Epoch : 351/500]
Total_loss	: 0.1003
Coral_loss	: 0.0000
MMD_loss	: 4.0353
cond_ent_wt	: 4.6900
Src_reg_loss	: 0.0130
-------------------------------------
[Epoch : 352/500]
Total_loss	: 0.1003
Coral_loss	: 0.0000
MMD_loss	: 4.0429
cond_ent_wt	: 4.6893
Src_reg_loss	: 0.0130
-------------------------------------
[Epoch : 353/500]
Total_loss	: 0.1004
Coral_loss	: 0.0000
MMD_loss	: 4.0502
cond_ent_wt	: 4.6886
Src_reg_loss	: 0.0129
-------------------------------------
[Epoch : 354/500]
Total_loss	: 0.1004
Coral_loss	: 0.0000
MMD_loss	: 4.0572
cond_ent_wt	: 4.6879
Src_reg_loss	: 0.0129
-------------------------------------
[Epoch : 355/500]
Total_loss	: 0.1005
Coral_loss	: 0.0000
MMD_loss	: 4.0650
cond_ent_wt	: 4.6873
Src_reg_loss	: 0.0129
-------------------------------------
[Epoch : 356/500]
Total_loss	: 0.1005
Coral_loss	: 0.0000
MMD_loss	: 4.0723
cond_ent_wt	: 4.6866
Src_reg_loss	: 0.0129
-------------------------------------
[Epoch : 357/500]
Total_loss	: 0.1006
Coral_loss	: 0.0000
MMD_loss	: 4.0793
cond_ent_wt	: 4.6859
Src_reg_loss	: 0.0129
-------------------------------------
[Epoch : 358/500]
Total_loss	: 0.1006
Coral_loss	: 0.0000
MMD_loss	: 4.0871
cond_ent_wt	: 4.6853
Src_reg_loss	: 0.0129
-------------------------------------
[Epoch : 359/500]
Total_loss	: 0.1007
Coral_loss	: 0.0000
MMD_loss	: 4.0944
cond_ent_wt	: 4.6846
Src_reg_loss	: 0.0129
-------------------------------------
[Epoch : 360/500]
Total_loss	: 0.1007
Coral_loss	: 0.0000
MMD_loss	: 4.1012
cond_ent_wt	: 4.6839
Src_reg_loss	: 0.0128
-------------------------------------
[Epoch : 361/500]
Total_loss	: 0.1008
Coral_loss	: 0.0000
MMD_loss	: 4.1083
cond_ent_wt	: 4.6832
Src_reg_loss	: 0.0128
-------------------------------------
[Epoch : 362/500]
Total_loss	: 0.1008
Coral_loss	: 0.0000
MMD_loss	: 4.1148
cond_ent_wt	: 4.6826
Src_reg_loss	: 0.0128
-------------------------------------
[Epoch : 363/500]
Total_loss	: 0.1009
Coral_loss	: 0.0000
MMD_loss	: 4.1214
cond_ent_wt	: 4.6819
Src_reg_loss	: 0.0128
-------------------------------------
[Epoch : 364/500]
Total_loss	: 0.1009
Coral_loss	: 0.0000
MMD_loss	: 4.1287
cond_ent_wt	: 4.6813
Src_reg_loss	: 0.0128
-------------------------------------
[Epoch : 365/500]
Total_loss	: 0.1010
Coral_loss	: 0.0000
MMD_loss	: 4.1357
cond_ent_wt	: 4.6806
Src_reg_loss	: 0.0128
-------------------------------------
[Epoch : 366/500]
Total_loss	: 0.1010
Coral_loss	: 0.0000
MMD_loss	: 4.1422
cond_ent_wt	: 4.6800
Src_reg_loss	: 0.0127
-------------------------------------
[Epoch : 367/500]
Total_loss	: 0.1010
Coral_loss	: 0.0000
MMD_loss	: 4.1491
cond_ent_wt	: 4.6793
Src_reg_loss	: 0.0127
-------------------------------------
[Epoch : 368/500]
Total_loss	: 0.1011
Coral_loss	: 0.0000
MMD_loss	: 4.1554
cond_ent_wt	: 4.6787
Src_reg_loss	: 0.0127
-------------------------------------
[Epoch : 369/500]
Total_loss	: 0.1011
Coral_loss	: 0.0000
MMD_loss	: 4.1617
cond_ent_wt	: 4.6780
Src_reg_loss	: 0.0127
-------------------------------------
[Epoch : 370/500]
Total_loss	: 0.1012
Coral_loss	: 0.0000
MMD_loss	: 4.1689
cond_ent_wt	: 4.6774
Src_reg_loss	: 0.0127
-------------------------------------
[Epoch : 371/500]
Total_loss	: 0.1012
Coral_loss	: 0.0000
MMD_loss	: 4.1757
cond_ent_wt	: 4.6768
Src_reg_loss	: 0.0127
-------------------------------------
[Epoch : 372/500]
Total_loss	: 0.1013
Coral_loss	: 0.0000
MMD_loss	: 4.1820
cond_ent_wt	: 4.6761
Src_reg_loss	: 0.0127
-------------------------------------
[Epoch : 373/500]
Total_loss	: 0.1013
Coral_loss	: 0.0000
MMD_loss	: 4.1888
cond_ent_wt	: 4.6755
Src_reg_loss	: 0.0126
-------------------------------------
[Epoch : 374/500]
Total_loss	: 0.1014
Coral_loss	: 0.0000
MMD_loss	: 4.1950
cond_ent_wt	: 4.6749
Src_reg_loss	: 0.0126
-------------------------------------
[Epoch : 375/500]
Total_loss	: 0.1014
Coral_loss	: 0.0000
MMD_loss	: 4.2012
cond_ent_wt	: 4.6743
Src_reg_loss	: 0.0126
-------------------------------------
[Epoch : 376/500]
Total_loss	: 0.1015
Coral_loss	: 0.0000
MMD_loss	: 4.2083
cond_ent_wt	: 4.6737
Src_reg_loss	: 0.0126
-------------------------------------
[Epoch : 377/500]
Total_loss	: 0.1015
Coral_loss	: 0.0000
MMD_loss	: 4.2152
cond_ent_wt	: 4.6731
Src_reg_loss	: 0.0126
-------------------------------------
[Epoch : 378/500]
Total_loss	: 0.1016
Coral_loss	: 0.0000
MMD_loss	: 4.2214
cond_ent_wt	: 4.6725
Src_reg_loss	: 0.0126
-------------------------------------
[Epoch : 379/500]
Total_loss	: 0.1016
Coral_loss	: 0.0000
MMD_loss	: 4.2280
cond_ent_wt	: 4.6719
Src_reg_loss	: 0.0126
-------------------------------------
[Epoch : 380/500]
Total_loss	: 0.1016
Coral_loss	: 0.0000
MMD_loss	: 4.2342
cond_ent_wt	: 4.6713
Src_reg_loss	: 0.0126
-------------------------------------
[Epoch : 381/500]
Total_loss	: 0.1017
Coral_loss	: 0.0000
MMD_loss	: 4.2402
cond_ent_wt	: 4.6707
Src_reg_loss	: 0.0125
-------------------------------------
[Epoch : 382/500]
Total_loss	: 0.1017
Coral_loss	: 0.0000
MMD_loss	: 4.2470
cond_ent_wt	: 4.6701
Src_reg_loss	: 0.0125
-------------------------------------
[Epoch : 383/500]
Total_loss	: 0.1018
Coral_loss	: 0.0000
MMD_loss	: 4.2537
cond_ent_wt	: 4.6695
Src_reg_loss	: 0.0125
-------------------------------------
[Epoch : 384/500]
Total_loss	: 0.1018
Coral_loss	: 0.0000
MMD_loss	: 4.2598
cond_ent_wt	: 4.6689
Src_reg_loss	: 0.0125
-------------------------------------
[Epoch : 385/500]
Total_loss	: 0.1019
Coral_loss	: 0.0000
MMD_loss	: 4.2661
cond_ent_wt	: 4.6683
Src_reg_loss	: 0.0125
-------------------------------------
[Epoch : 386/500]
Total_loss	: 0.1019
Coral_loss	: 0.0000
MMD_loss	: 4.2721
cond_ent_wt	: 4.6677
Src_reg_loss	: 0.0125
-------------------------------------
[Epoch : 387/500]
Total_loss	: 0.1020
Coral_loss	: 0.0000
MMD_loss	: 4.2779
cond_ent_wt	: 4.6671
Src_reg_loss	: 0.0125
-------------------------------------
[Epoch : 388/500]
Total_loss	: 0.1020
Coral_loss	: 0.0000
MMD_loss	: 4.2845
cond_ent_wt	: 4.6666
Src_reg_loss	: 0.0125
-------------------------------------
[Epoch : 389/500]
Total_loss	: 0.1020
Coral_loss	: 0.0000
MMD_loss	: 4.2909
cond_ent_wt	: 4.6660
Src_reg_loss	: 0.0124
-------------------------------------
[Epoch : 390/500]
Total_loss	: 0.1021
Coral_loss	: 0.0000
MMD_loss	: 4.2968
cond_ent_wt	: 4.6654
Src_reg_loss	: 0.0124
-------------------------------------
[Epoch : 391/500]
Total_loss	: 0.1021
Coral_loss	: 0.0000
MMD_loss	: 4.3030
cond_ent_wt	: 4.6648
Src_reg_loss	: 0.0124
-------------------------------------
[Epoch : 392/500]
Total_loss	: 0.1022
Coral_loss	: 0.0000
MMD_loss	: 4.3089
cond_ent_wt	: 4.6642
Src_reg_loss	: 0.0124
-------------------------------------
[Epoch : 393/500]
Total_loss	: 0.1022
Coral_loss	: 0.0000
MMD_loss	: 4.3146
cond_ent_wt	: 4.6637
Src_reg_loss	: 0.0124
-------------------------------------
[Epoch : 394/500]
Total_loss	: 0.1023
Coral_loss	: 0.0000
MMD_loss	: 4.3210
cond_ent_wt	: 4.6631
Src_reg_loss	: 0.0124
-------------------------------------
[Epoch : 395/500]
Total_loss	: 0.1023
Coral_loss	: 0.0000
MMD_loss	: 4.3273
cond_ent_wt	: 4.6626
Src_reg_loss	: 0.0124
-------------------------------------
[Epoch : 396/500]
Total_loss	: 0.1023
Coral_loss	: 0.0000
MMD_loss	: 4.3330
cond_ent_wt	: 4.6620
Src_reg_loss	: 0.0124
-------------------------------------
[Epoch : 397/500]
Total_loss	: 0.1024
Coral_loss	: 0.0000
MMD_loss	: 4.3391
cond_ent_wt	: 4.6614
Src_reg_loss	: 0.0123
-------------------------------------
[Epoch : 398/500]
Total_loss	: 0.1024
Coral_loss	: 0.0000
MMD_loss	: 4.3449
cond_ent_wt	: 4.6609
Src_reg_loss	: 0.0123
-------------------------------------
[Epoch : 399/500]
Total_loss	: 0.1025
Coral_loss	: 0.0000
MMD_loss	: 4.3504
cond_ent_wt	: 4.6603
Src_reg_loss	: 0.0123
-------------------------------------
[Epoch : 400/500]
Total_loss	: 0.1025
Coral_loss	: 0.0000
MMD_loss	: 4.3567
cond_ent_wt	: 4.6598
Src_reg_loss	: 0.0123
-------------------------------------
[Epoch : 401/500]
Total_loss	: 0.1026
Coral_loss	: 0.0000
MMD_loss	: 4.3629
cond_ent_wt	: 4.6593
Src_reg_loss	: 0.0123
-------------------------------------
[Epoch : 402/500]
Total_loss	: 0.1026
Coral_loss	: 0.0000
MMD_loss	: 4.3686
cond_ent_wt	: 4.6587
Src_reg_loss	: 0.0123
-------------------------------------
[Epoch : 403/500]
Total_loss	: 0.1026
Coral_loss	: 0.0000
MMD_loss	: 4.3745
cond_ent_wt	: 4.6582
Src_reg_loss	: 0.0123
-------------------------------------
[Epoch : 404/500]
Total_loss	: 0.1027
Coral_loss	: 0.0000
MMD_loss	: 4.3803
cond_ent_wt	: 4.6577
Src_reg_loss	: 0.0123
-------------------------------------
[Epoch : 405/500]
Total_loss	: 0.1027
Coral_loss	: 0.0000
MMD_loss	: 4.3857
cond_ent_wt	: 4.6571
Src_reg_loss	: 0.0122
-------------------------------------
[Epoch : 406/500]
Total_loss	: 0.1028
Coral_loss	: 0.0000
MMD_loss	: 4.3917
cond_ent_wt	: 4.6566
Src_reg_loss	: 0.0122
-------------------------------------
[Epoch : 407/500]
Total_loss	: 0.1028
Coral_loss	: 0.0000
MMD_loss	: 4.3978
cond_ent_wt	: 4.6561
Src_reg_loss	: 0.0122
-------------------------------------
[Epoch : 408/500]
Total_loss	: 0.1028
Coral_loss	: 0.0000
MMD_loss	: 4.4033
cond_ent_wt	: 4.6555
Src_reg_loss	: 0.0122
-------------------------------------
[Epoch : 409/500]
Total_loss	: 0.1029
Coral_loss	: 0.0000
MMD_loss	: 4.4092
cond_ent_wt	: 4.6550
Src_reg_loss	: 0.0122
-------------------------------------
[Epoch : 410/500]
Total_loss	: 0.1029
Coral_loss	: 0.0000
MMD_loss	: 4.4148
cond_ent_wt	: 4.6545
Src_reg_loss	: 0.0122
-------------------------------------
[Epoch : 411/500]
Total_loss	: 0.1030
Coral_loss	: 0.0000
MMD_loss	: 4.4201
cond_ent_wt	: 4.6540
Src_reg_loss	: 0.0122
-------------------------------------
[Epoch : 412/500]
Total_loss	: 0.1030
Coral_loss	: 0.0000
MMD_loss	: 4.4260
cond_ent_wt	: 4.6534
Src_reg_loss	: 0.0122
-------------------------------------
[Epoch : 413/500]
Total_loss	: 0.1030
Coral_loss	: 0.0000
MMD_loss	: 4.4318
cond_ent_wt	: 4.6529
Src_reg_loss	: 0.0122
-------------------------------------
[Epoch : 414/500]
Total_loss	: 0.1031
Coral_loss	: 0.0000
MMD_loss	: 4.4371
cond_ent_wt	: 4.6524
Src_reg_loss	: 0.0121
-------------------------------------
[Epoch : 415/500]
Total_loss	: 0.1031
Coral_loss	: 0.0000
MMD_loss	: 4.4426
cond_ent_wt	: 4.6519
Src_reg_loss	: 0.0121
-------------------------------------
[Epoch : 416/500]
Total_loss	: 0.1032
Coral_loss	: 0.0000
MMD_loss	: 4.4481
cond_ent_wt	: 4.6514
Src_reg_loss	: 0.0121
-------------------------------------
[Epoch : 417/500]
Total_loss	: 0.1032
Coral_loss	: 0.0000
MMD_loss	: 4.4532
cond_ent_wt	: 4.6508
Src_reg_loss	: 0.0121
-------------------------------------
[Epoch : 418/500]
Total_loss	: 0.1032
Coral_loss	: 0.0000
MMD_loss	: 4.4587
cond_ent_wt	: 4.6503
Src_reg_loss	: 0.0121
-------------------------------------
[Epoch : 419/500]
Total_loss	: 0.1033
Coral_loss	: 0.0000
MMD_loss	: 4.4643
cond_ent_wt	: 4.6498
Src_reg_loss	: 0.0121
-------------------------------------
[Epoch : 420/500]
Total_loss	: 0.1033
Coral_loss	: 0.0000
MMD_loss	: 4.4693
cond_ent_wt	: 4.6493
Src_reg_loss	: 0.0121
-------------------------------------
[Epoch : 421/500]
Total_loss	: 0.1033
Coral_loss	: 0.0000
MMD_loss	: 4.4747
cond_ent_wt	: 4.6488
Src_reg_loss	: 0.0121
-------------------------------------
[Epoch : 422/500]
Total_loss	: 0.1034
Coral_loss	: 0.0000
MMD_loss	: 4.4800
cond_ent_wt	: 4.6483
Src_reg_loss	: 0.0120
-------------------------------------
[Epoch : 423/500]
Total_loss	: 0.1034
Coral_loss	: 0.0000
MMD_loss	: 4.4849
cond_ent_wt	: 4.6478
Src_reg_loss	: 0.0120
-------------------------------------
[Epoch : 424/500]
Total_loss	: 0.1034
Coral_loss	: 0.0000
MMD_loss	: 4.4902
cond_ent_wt	: 4.6473
Src_reg_loss	: 0.0120
-------------------------------------
[Epoch : 425/500]
Total_loss	: 0.1035
Coral_loss	: 0.0000
MMD_loss	: 4.4953
cond_ent_wt	: 4.6468
Src_reg_loss	: 0.0120
-------------------------------------
[Epoch : 426/500]
Total_loss	: 0.1035
Coral_loss	: 0.0000
MMD_loss	: 4.5002
cond_ent_wt	: 4.6463
Src_reg_loss	: 0.0120
-------------------------------------
[Epoch : 427/500]
Total_loss	: 0.1035
Coral_loss	: 0.0000
MMD_loss	: 4.5054
cond_ent_wt	: 4.6458
Src_reg_loss	: 0.0120
-------------------------------------
[Epoch : 428/500]
Total_loss	: 0.1036
Coral_loss	: 0.0000
MMD_loss	: 4.5104
cond_ent_wt	: 4.6453
Src_reg_loss	: 0.0120
-------------------------------------
[Epoch : 429/500]
Total_loss	: 0.1036
Coral_loss	: 0.0000
MMD_loss	: 4.5153
cond_ent_wt	: 4.6448
Src_reg_loss	: 0.0120
-------------------------------------
[Epoch : 430/500]
Total_loss	: 0.1036
Coral_loss	: 0.0000
MMD_loss	: 4.5205
cond_ent_wt	: 4.6443
Src_reg_loss	: 0.0119
-------------------------------------
[Epoch : 431/500]
Total_loss	: 0.1037
Coral_loss	: 0.0000
MMD_loss	: 4.5254
cond_ent_wt	: 4.6438
Src_reg_loss	: 0.0119
-------------------------------------
[Epoch : 432/500]
Total_loss	: 0.1037
Coral_loss	: 0.0000
MMD_loss	: 4.5302
cond_ent_wt	: 4.6433
Src_reg_loss	: 0.0119
-------------------------------------
[Epoch : 433/500]
Total_loss	: 0.1037
Coral_loss	: 0.0000
MMD_loss	: 4.5352
cond_ent_wt	: 4.6428
Src_reg_loss	: 0.0119
-------------------------------------
[Epoch : 434/500]
Total_loss	: 0.1038
Coral_loss	: 0.0000
MMD_loss	: 4.5399
cond_ent_wt	: 4.6424
Src_reg_loss	: 0.0119
-------------------------------------
[Epoch : 435/500]
Total_loss	: 0.1038
Coral_loss	: 0.0000
MMD_loss	: 4.5448
cond_ent_wt	: 4.6419
Src_reg_loss	: 0.0119
-------------------------------------
[Epoch : 436/500]
Total_loss	: 0.1038
Coral_loss	: 0.0000
MMD_loss	: 4.5497
cond_ent_wt	: 4.6414
Src_reg_loss	: 0.0119
-------------------------------------
[Epoch : 437/500]
Total_loss	: 0.1039
Coral_loss	: 0.0000
MMD_loss	: 4.5543
cond_ent_wt	: 4.6409
Src_reg_loss	: 0.0119
-------------------------------------
[Epoch : 438/500]
Total_loss	: 0.1039
Coral_loss	: 0.0000
MMD_loss	: 4.5591
cond_ent_wt	: 4.6404
Src_reg_loss	: 0.0118
-------------------------------------
[Epoch : 439/500]
Total_loss	: 0.1039
Coral_loss	: 0.0000
MMD_loss	: 4.5639
cond_ent_wt	: 4.6400
Src_reg_loss	: 0.0118
-------------------------------------
[Epoch : 440/500]
Total_loss	: 0.1039
Coral_loss	: 0.0000
MMD_loss	: 4.5685
cond_ent_wt	: 4.6395
Src_reg_loss	: 0.0118
-------------------------------------
[Epoch : 441/500]
Total_loss	: 0.1040
Coral_loss	: 0.0000
MMD_loss	: 4.5733
cond_ent_wt	: 4.6390
Src_reg_loss	: 0.0118
-------------------------------------
[Epoch : 442/500]
Total_loss	: 0.1040
Coral_loss	: 0.0000
MMD_loss	: 4.5780
cond_ent_wt	: 4.6386
Src_reg_loss	: 0.0118
-------------------------------------
[Epoch : 443/500]
Total_loss	: 0.1040
Coral_loss	: 0.0000
MMD_loss	: 4.5825
cond_ent_wt	: 4.6381
Src_reg_loss	: 0.0118
-------------------------------------
[Epoch : 444/500]
Total_loss	: 0.1041
Coral_loss	: 0.0000
MMD_loss	: 4.5872
cond_ent_wt	: 4.6376
Src_reg_loss	: 0.0118
-------------------------------------
[Epoch : 445/500]
Total_loss	: 0.1041
Coral_loss	: 0.0000
MMD_loss	: 4.5917
cond_ent_wt	: 4.6372
Src_reg_loss	: 0.0118
-------------------------------------
[Epoch : 446/500]
Total_loss	: 0.1041
Coral_loss	: 0.0000
MMD_loss	: 4.5962
cond_ent_wt	: 4.6367
Src_reg_loss	: 0.0117
-------------------------------------
[Epoch : 447/500]
Total_loss	: 0.1042
Coral_loss	: 0.0000
MMD_loss	: 4.6008
cond_ent_wt	: 4.6362
Src_reg_loss	: 0.0117
-------------------------------------
[Epoch : 448/500]
Total_loss	: 0.1042
Coral_loss	: 0.0000
MMD_loss	: 4.6053
cond_ent_wt	: 4.6358
Src_reg_loss	: 0.0117
-------------------------------------
[Epoch : 449/500]
Total_loss	: 0.1042
Coral_loss	: 0.0000
MMD_loss	: 4.6097
cond_ent_wt	: 4.6353
Src_reg_loss	: 0.0117
-------------------------------------
[Epoch : 450/500]
Total_loss	: 0.1042
Coral_loss	: 0.0000
MMD_loss	: 4.6143
cond_ent_wt	: 4.6349
Src_reg_loss	: 0.0117
-------------------------------------
[Epoch : 451/500]
Total_loss	: 0.1043
Coral_loss	: 0.0000
MMD_loss	: 4.6187
cond_ent_wt	: 4.6344
Src_reg_loss	: 0.0117
-------------------------------------
[Epoch : 452/500]
Total_loss	: 0.1043
Coral_loss	: 0.0000
MMD_loss	: 4.6231
cond_ent_wt	: 4.6340
Src_reg_loss	: 0.0117
-------------------------------------
[Epoch : 453/500]
Total_loss	: 0.1043
Coral_loss	: 0.0000
MMD_loss	: 4.6276
cond_ent_wt	: 4.6335
Src_reg_loss	: 0.0117
-------------------------------------
[Epoch : 454/500]
Total_loss	: 0.1044
Coral_loss	: 0.0000
MMD_loss	: 4.6321
cond_ent_wt	: 4.6331
Src_reg_loss	: 0.0117
-------------------------------------
[Epoch : 455/500]
Total_loss	: 0.1044
Coral_loss	: 0.0000
MMD_loss	: 4.6365
cond_ent_wt	: 4.6326
Src_reg_loss	: 0.0116
-------------------------------------
[Epoch : 456/500]
Total_loss	: 0.1044
Coral_loss	: 0.0000
MMD_loss	: 4.6410
cond_ent_wt	: 4.6322
Src_reg_loss	: 0.0116
-------------------------------------
[Epoch : 457/500]
Total_loss	: 0.1044
Coral_loss	: 0.0000
MMD_loss	: 4.6454
cond_ent_wt	: 4.6318
Src_reg_loss	: 0.0116
-------------------------------------
[Epoch : 458/500]
Total_loss	: 0.1045
Coral_loss	: 0.0000
MMD_loss	: 4.6498
cond_ent_wt	: 4.6313
Src_reg_loss	: 0.0116
-------------------------------------
[Epoch : 459/500]
Total_loss	: 0.1045
Coral_loss	: 0.0000
MMD_loss	: 4.6544
cond_ent_wt	: 4.6309
Src_reg_loss	: 0.0116
-------------------------------------
[Epoch : 460/500]
Total_loss	: 0.1045
Coral_loss	: 0.0001
MMD_loss	: 4.6586
cond_ent_wt	: 4.6304
Src_reg_loss	: 0.0116
-------------------------------------
[Epoch : 461/500]
Total_loss	: 0.1046
Coral_loss	: 0.0001
MMD_loss	: 4.6632
cond_ent_wt	: 4.6300
Src_reg_loss	: 0.0116
-------------------------------------
[Epoch : 462/500]
Total_loss	: 0.1046
Coral_loss	: 0.0001
MMD_loss	: 4.6676
cond_ent_wt	: 4.6296
Src_reg_loss	: 0.0116
-------------------------------------
[Epoch : 463/500]
Total_loss	: 0.1046
Coral_loss	: 0.0001
MMD_loss	: 4.6719
cond_ent_wt	: 4.6292
Src_reg_loss	: 0.0116
-------------------------------------
[Epoch : 464/500]
Total_loss	: 0.1046
Coral_loss	: 0.0001
MMD_loss	: 4.6764
cond_ent_wt	: 4.6288
Src_reg_loss	: 0.0115
-------------------------------------
[Epoch : 465/500]
Total_loss	: 0.1047
Coral_loss	: 0.0001
MMD_loss	: 4.6807
cond_ent_wt	: 4.6283
Src_reg_loss	: 0.0115
-------------------------------------
[Epoch : 466/500]
Total_loss	: 0.1047
Coral_loss	: 0.0001
MMD_loss	: 4.6849
cond_ent_wt	: 4.6279
Src_reg_loss	: 0.0115
-------------------------------------
[Epoch : 467/500]
Total_loss	: 0.1047
Coral_loss	: 0.0001
MMD_loss	: 4.6892
cond_ent_wt	: 4.6275
Src_reg_loss	: 0.0115
-------------------------------------
[Epoch : 468/500]
Total_loss	: 0.1048
Coral_loss	: 0.0001
MMD_loss	: 4.6933
cond_ent_wt	: 4.6271
Src_reg_loss	: 0.0115
-------------------------------------
[Epoch : 469/500]
Total_loss	: 0.1048
Coral_loss	: 0.0001
MMD_loss	: 4.6975
cond_ent_wt	: 4.6266
Src_reg_loss	: 0.0115
-------------------------------------
[Epoch : 470/500]
Total_loss	: 0.1048
Coral_loss	: 0.0001
MMD_loss	: 4.7018
cond_ent_wt	: 4.6262
Src_reg_loss	: 0.0115
-------------------------------------
[Epoch : 471/500]
Total_loss	: 0.1048
Coral_loss	: 0.0001
MMD_loss	: 4.7060
cond_ent_wt	: 4.6258
Src_reg_loss	: 0.0115
-------------------------------------
[Epoch : 472/500]
Total_loss	: 0.1049
Coral_loss	: 0.0001
MMD_loss	: 4.7102
cond_ent_wt	: 4.6254
Src_reg_loss	: 0.0115
-------------------------------------
[Epoch : 473/500]
Total_loss	: 0.1049
Coral_loss	: 0.0001
MMD_loss	: 4.7144
cond_ent_wt	: 4.6250
Src_reg_loss	: 0.0114
-------------------------------------
[Epoch : 474/500]
Total_loss	: 0.1049
Coral_loss	: 0.0001
MMD_loss	: 4.7185
cond_ent_wt	: 4.6246
Src_reg_loss	: 0.0114
-------------------------------------
[Epoch : 475/500]
Total_loss	: 0.1049
Coral_loss	: 0.0001
MMD_loss	: 4.7228
cond_ent_wt	: 4.6242
Src_reg_loss	: 0.0114
-------------------------------------
[Epoch : 476/500]
Total_loss	: 0.1050
Coral_loss	: 0.0001
MMD_loss	: 4.7269
cond_ent_wt	: 4.6238
Src_reg_loss	: 0.0114
-------------------------------------
[Epoch : 477/500]
Total_loss	: 0.1050
Coral_loss	: 0.0001
MMD_loss	: 4.7310
cond_ent_wt	: 4.6234
Src_reg_loss	: 0.0114
-------------------------------------
[Epoch : 478/500]
Total_loss	: 0.1050
Coral_loss	: 0.0001
MMD_loss	: 4.7353
cond_ent_wt	: 4.6230
Src_reg_loss	: 0.0114
-------------------------------------
[Epoch : 479/500]
Total_loss	: 0.1051
Coral_loss	: 0.0001
MMD_loss	: 4.7394
cond_ent_wt	: 4.6226
Src_reg_loss	: 0.0114
-------------------------------------
[Epoch : 480/500]
Total_loss	: 0.1051
Coral_loss	: 0.0001
MMD_loss	: 4.7433
cond_ent_wt	: 4.6222
Src_reg_loss	: 0.0114
-------------------------------------
[Epoch : 481/500]
Total_loss	: 0.1051
Coral_loss	: 0.0001
MMD_loss	: 4.7475
cond_ent_wt	: 4.6218
Src_reg_loss	: 0.0114
-------------------------------------
[Epoch : 482/500]
Total_loss	: 0.1051
Coral_loss	: 0.0001
MMD_loss	: 4.7515
cond_ent_wt	: 4.6214
Src_reg_loss	: 0.0113
-------------------------------------
[Epoch : 483/500]
Total_loss	: 0.1052
Coral_loss	: 0.0001
MMD_loss	: 4.7554
cond_ent_wt	: 4.6210
Src_reg_loss	: 0.0113
-------------------------------------
[Epoch : 484/500]
Total_loss	: 0.1052
Coral_loss	: 0.0001
MMD_loss	: 4.7595
cond_ent_wt	: 4.6206
Src_reg_loss	: 0.0113
-------------------------------------
[Epoch : 485/500]
Total_loss	: 0.1052
Coral_loss	: 0.0001
MMD_loss	: 4.7634
cond_ent_wt	: 4.6202
Src_reg_loss	: 0.0113
-------------------------------------
[Epoch : 486/500]
Total_loss	: 0.1052
Coral_loss	: 0.0001
MMD_loss	: 4.7674
cond_ent_wt	: 4.6198
Src_reg_loss	: 0.0113
-------------------------------------
[Epoch : 487/500]
Total_loss	: 0.1053
Coral_loss	: 0.0001
MMD_loss	: 4.7714
cond_ent_wt	: 4.6194
Src_reg_loss	: 0.0113
-------------------------------------
[Epoch : 488/500]
Total_loss	: 0.1053
Coral_loss	: 0.0001
MMD_loss	: 4.7753
cond_ent_wt	: 4.6190
Src_reg_loss	: 0.0113
-------------------------------------
[Epoch : 489/500]
Total_loss	: 0.1053
Coral_loss	: 0.0001
MMD_loss	: 4.7795
cond_ent_wt	: 4.6186
Src_reg_loss	: 0.0113
-------------------------------------
[Epoch : 490/500]
Total_loss	: 0.1053
Coral_loss	: 0.0001
MMD_loss	: 4.7833
cond_ent_wt	: 4.6183
Src_reg_loss	: 0.0113
-------------------------------------
[Epoch : 491/500]
Total_loss	: 0.1054
Coral_loss	: 0.0001
MMD_loss	: 4.7872
cond_ent_wt	: 4.6179
Src_reg_loss	: 0.0113
-------------------------------------
[Epoch : 492/500]
Total_loss	: 0.1054
Coral_loss	: 0.0001
MMD_loss	: 4.7915
cond_ent_wt	: 4.6175
Src_reg_loss	: 0.0113
-------------------------------------
[Epoch : 493/500]
Total_loss	: 0.1054
Coral_loss	: 0.0001
MMD_loss	: 4.7957
cond_ent_wt	: 4.6171
Src_reg_loss	: 0.0112
-------------------------------------
[Epoch : 494/500]
Total_loss	: 0.1055
Coral_loss	: 0.0001
MMD_loss	: 4.7995
cond_ent_wt	: 4.6168
Src_reg_loss	: 0.0112
-------------------------------------
[Epoch : 495/500]
Total_loss	: 0.1055
Coral_loss	: 0.0001
MMD_loss	: 4.8035
cond_ent_wt	: 4.6164
Src_reg_loss	: 0.0112
-------------------------------------
[Epoch : 496/500]
Total_loss	: 0.1055
Coral_loss	: 0.0001
MMD_loss	: 4.8073
cond_ent_wt	: 4.6160
Src_reg_loss	: 0.0112
-------------------------------------
[Epoch : 497/500]
Total_loss	: 0.1055
Coral_loss	: 0.0001
MMD_loss	: 4.8110
cond_ent_wt	: 4.6156
Src_reg_loss	: 0.0112
-------------------------------------
[Epoch : 498/500]
Total_loss	: 0.1056
Coral_loss	: 0.0001
MMD_loss	: 4.8152
cond_ent_wt	: 4.6153
Src_reg_loss	: 0.0112
-------------------------------------
[Epoch : 499/500]
Total_loss	: 0.1056
Coral_loss	: 0.0001
MMD_loss	: 4.8192
cond_ent_wt	: 4.6149
Src_reg_loss	: 0.0112
-------------------------------------
[Epoch : 500/500]
Total_loss	: 0.1056
Coral_loss	: 0.0001
MMD_loss	: 4.8229
cond_ent_wt	: 4.6145
Src_reg_loss	: 0.0112
-------------------------------------
