=============================================
Dataset: Airbox
Method:  MMDA
=============================================
Source: 0 ---> Target: 6
=============================================
[Epoch : 1/100]
Total_loss	: 1.2434
Coral_loss	: 0.0000
MMD_loss	: 4.8643
cond_ent_wt	: 4.8492
Src_reg_loss	: 0.2720
-------------------------------------
[Epoch : 2/100]
Total_loss	: 1.2222
Coral_loss	: 0.0000
MMD_loss	: 4.8579
cond_ent_wt	: 4.8489
Src_reg_loss	: 0.2515
-------------------------------------
[Epoch : 3/100]
Total_loss	: 1.2002
Coral_loss	: 0.0000
MMD_loss	: 4.8433
cond_ent_wt	: 4.8485
Src_reg_loss	: 0.2310
-------------------------------------
[Epoch : 4/100]
Total_loss	: 1.1763
Coral_loss	: 0.0000
MMD_loss	: 4.8195
cond_ent_wt	: 4.8478
Src_reg_loss	: 0.2096
-------------------------------------
[Epoch : 5/100]
Total_loss	: 1.1505
Coral_loss	: 0.0000
MMD_loss	: 4.7836
cond_ent_wt	: 4.8466
Src_reg_loss	: 0.1874
-------------------------------------
[Epoch : 6/100]
Total_loss	: 1.1235
Coral_loss	: 0.0000
MMD_loss	: 4.7332
cond_ent_wt	: 4.8449
Src_reg_loss	: 0.1657
-------------------------------------
[Epoch : 7/100]
Total_loss	: 1.0991
Coral_loss	: 0.0000
MMD_loss	: 4.6715
cond_ent_wt	: 4.8424
Src_reg_loss	: 0.1477
-------------------------------------
[Epoch : 8/100]
Total_loss	: 1.0800
Coral_loss	: 0.0000
MMD_loss	: 4.6140
cond_ent_wt	: 4.8399
Src_reg_loss	: 0.1346
-------------------------------------
[Epoch : 9/100]
Total_loss	: 1.0654
Coral_loss	: 0.0000
MMD_loss	: 4.5741
cond_ent_wt	: 4.8382
Src_reg_loss	: 0.1241
-------------------------------------
[Epoch : 10/100]
Total_loss	: 1.0542
Coral_loss	: 0.0000
MMD_loss	: 4.5498
cond_ent_wt	: 4.8371
Src_reg_loss	: 0.1155
-------------------------------------
[Epoch : 11/100]
Total_loss	: 1.0455
Coral_loss	: 0.0000
MMD_loss	: 4.5338
cond_ent_wt	: 4.8363
Src_reg_loss	: 0.1085
-------------------------------------
[Epoch : 12/100]
Total_loss	: 1.0383
Coral_loss	: 0.0000
MMD_loss	: 4.5214
cond_ent_wt	: 4.8356
Src_reg_loss	: 0.1026
-------------------------------------
[Epoch : 13/100]
Total_loss	: 1.0321
Coral_loss	: 0.0000
MMD_loss	: 4.5109
cond_ent_wt	: 4.8349
Src_reg_loss	: 0.0975
-------------------------------------
[Epoch : 14/100]
Total_loss	: 1.0269
Coral_loss	: 0.0000
MMD_loss	: 4.5025
cond_ent_wt	: 4.8343
Src_reg_loss	: 0.0932
-------------------------------------
[Epoch : 15/100]
Total_loss	: 1.0225
Coral_loss	: 0.0000
MMD_loss	: 4.4966
cond_ent_wt	: 4.8337
Src_reg_loss	: 0.0894
-------------------------------------
[Epoch : 16/100]
Total_loss	: 1.0187
Coral_loss	: 0.0000
MMD_loss	: 4.4931
cond_ent_wt	: 4.8332
Src_reg_loss	: 0.0861
-------------------------------------
[Epoch : 17/100]
Total_loss	: 1.0156
Coral_loss	: 0.0000
MMD_loss	: 4.4914
cond_ent_wt	: 4.8328
Src_reg_loss	: 0.0832
-------------------------------------
[Epoch : 18/100]
Total_loss	: 1.0129
Coral_loss	: 0.0000
MMD_loss	: 4.4910
cond_ent_wt	: 4.8324
Src_reg_loss	: 0.0805
-------------------------------------
[Epoch : 19/100]
Total_loss	: 1.0105
Coral_loss	: 0.0000
MMD_loss	: 4.4915
cond_ent_wt	: 4.8320
Src_reg_loss	: 0.0782
-------------------------------------
[Epoch : 20/100]
Total_loss	: 1.0085
Coral_loss	: 0.0000
MMD_loss	: 4.4928
cond_ent_wt	: 4.8317
Src_reg_loss	: 0.0760
-------------------------------------
[Epoch : 21/100]
Total_loss	: 1.0067
Coral_loss	: 0.0000
MMD_loss	: 4.4948
cond_ent_wt	: 4.8314
Src_reg_loss	: 0.0741
-------------------------------------
[Epoch : 22/100]
Total_loss	: 1.0052
Coral_loss	: 0.0000
MMD_loss	: 4.4973
cond_ent_wt	: 4.8310
Src_reg_loss	: 0.0723
-------------------------------------
[Epoch : 23/100]
Total_loss	: 1.0038
Coral_loss	: 0.0000
MMD_loss	: 4.5003
cond_ent_wt	: 4.8308
Src_reg_loss	: 0.0707
-------------------------------------
[Epoch : 24/100]
Total_loss	: 1.0026
Coral_loss	: 0.0000
MMD_loss	: 4.5034
cond_ent_wt	: 4.8305
Src_reg_loss	: 0.0692
-------------------------------------
[Epoch : 25/100]
Total_loss	: 1.0015
Coral_loss	: 0.0000
MMD_loss	: 4.5065
cond_ent_wt	: 4.8302
Src_reg_loss	: 0.0678
-------------------------------------
[Epoch : 26/100]
Total_loss	: 1.0004
Coral_loss	: 0.0000
MMD_loss	: 4.5095
cond_ent_wt	: 4.8299
Src_reg_loss	: 0.0665
-------------------------------------
[Epoch : 27/100]
Total_loss	: 0.9995
Coral_loss	: 0.0000
MMD_loss	: 4.5123
cond_ent_wt	: 4.8296
Src_reg_loss	: 0.0653
-------------------------------------
[Epoch : 28/100]
Total_loss	: 0.9986
Coral_loss	: 0.0000
MMD_loss	: 4.5146
cond_ent_wt	: 4.8294
Src_reg_loss	: 0.0642
-------------------------------------
[Epoch : 29/100]
Total_loss	: 0.9976
Coral_loss	: 0.0000
MMD_loss	: 4.5164
cond_ent_wt	: 4.8291
Src_reg_loss	: 0.0631
-------------------------------------
[Epoch : 30/100]
Total_loss	: 0.9967
Coral_loss	: 0.0000
MMD_loss	: 4.5175
cond_ent_wt	: 4.8289
Src_reg_loss	: 0.0621
-------------------------------------
[Epoch : 31/100]
Total_loss	: 0.9958
Coral_loss	: 0.0000
MMD_loss	: 4.5177
cond_ent_wt	: 4.8286
Src_reg_loss	: 0.0612
-------------------------------------
[Epoch : 32/100]
Total_loss	: 0.9948
Coral_loss	: 0.0000
MMD_loss	: 4.5171
cond_ent_wt	: 4.8283
Src_reg_loss	: 0.0603
-------------------------------------
[Epoch : 33/100]
Total_loss	: 0.9938
Coral_loss	: 0.0000
MMD_loss	: 4.5155
cond_ent_wt	: 4.8281
Src_reg_loss	: 0.0594
-------------------------------------
[Epoch : 34/100]
Total_loss	: 0.9927
Coral_loss	: 0.0000
MMD_loss	: 4.5128
cond_ent_wt	: 4.8278
Src_reg_loss	: 0.0586
-------------------------------------
[Epoch : 35/100]
Total_loss	: 0.9915
Coral_loss	: 0.0000
MMD_loss	: 4.5091
cond_ent_wt	: 4.8275
Src_reg_loss	: 0.0579
-------------------------------------
[Epoch : 36/100]
Total_loss	: 0.9903
Coral_loss	: 0.0000
MMD_loss	: 4.5043
cond_ent_wt	: 4.8273
Src_reg_loss	: 0.0571
-------------------------------------
[Epoch : 37/100]
Total_loss	: 0.9890
Coral_loss	: 0.0000
MMD_loss	: 4.4984
cond_ent_wt	: 4.8270
Src_reg_loss	: 0.0564
-------------------------------------
[Epoch : 38/100]
Total_loss	: 0.9876
Coral_loss	: 0.0000
MMD_loss	: 4.4914
cond_ent_wt	: 4.8267
Src_reg_loss	: 0.0558
-------------------------------------
[Epoch : 39/100]
Total_loss	: 0.9861
Coral_loss	: 0.0000
MMD_loss	: 4.4834
cond_ent_wt	: 4.8264
Src_reg_loss	: 0.0551
-------------------------------------
[Epoch : 40/100]
Total_loss	: 0.9846
Coral_loss	: 0.0000
MMD_loss	: 4.4743
cond_ent_wt	: 4.8260
Src_reg_loss	: 0.0545
-------------------------------------
[Epoch : 41/100]
Total_loss	: 0.9829
Coral_loss	: 0.0000
MMD_loss	: 4.4642
cond_ent_wt	: 4.8257
Src_reg_loss	: 0.0539
-------------------------------------
[Epoch : 42/100]
Total_loss	: 0.9812
Coral_loss	: 0.0000
MMD_loss	: 4.4531
cond_ent_wt	: 4.8253
Src_reg_loss	: 0.0534
-------------------------------------
[Epoch : 43/100]
Total_loss	: 0.9794
Coral_loss	: 0.0000
MMD_loss	: 4.4412
cond_ent_wt	: 4.8249
Src_reg_loss	: 0.0528
-------------------------------------
[Epoch : 44/100]
Total_loss	: 0.9776
Coral_loss	: 0.0000
MMD_loss	: 4.4286
cond_ent_wt	: 4.8244
Src_reg_loss	: 0.0523
-------------------------------------
[Epoch : 45/100]
Total_loss	: 0.9757
Coral_loss	: 0.0000
MMD_loss	: 4.4152
cond_ent_wt	: 4.8239
Src_reg_loss	: 0.0518
-------------------------------------
[Epoch : 46/100]
Total_loss	: 0.9738
Coral_loss	: 0.0000
MMD_loss	: 4.4014
cond_ent_wt	: 4.8234
Src_reg_loss	: 0.0513
-------------------------------------
[Epoch : 47/100]
Total_loss	: 0.9719
Coral_loss	: 0.0000
MMD_loss	: 4.3873
cond_ent_wt	: 4.8228
Src_reg_loss	: 0.0509
-------------------------------------
[Epoch : 48/100]
Total_loss	: 0.9699
Coral_loss	: 0.0000
MMD_loss	: 4.3732
cond_ent_wt	: 4.8221
Src_reg_loss	: 0.0504
-------------------------------------
[Epoch : 49/100]
Total_loss	: 0.9680
Coral_loss	: 0.0000
MMD_loss	: 4.3594
cond_ent_wt	: 4.8213
Src_reg_loss	: 0.0500
-------------------------------------
[Epoch : 50/100]
Total_loss	: 0.9662
Coral_loss	: 0.0000
MMD_loss	: 4.3462
cond_ent_wt	: 4.8204
Src_reg_loss	: 0.0496
-------------------------------------
[Epoch : 51/100]
Total_loss	: 0.9645
Coral_loss	: 0.0000
MMD_loss	: 4.3342
cond_ent_wt	: 4.8194
Src_reg_loss	: 0.0492
-------------------------------------
[Epoch : 52/100]
Total_loss	: 0.9630
Coral_loss	: 0.0000
MMD_loss	: 4.3238
cond_ent_wt	: 4.8183
Src_reg_loss	: 0.0488
-------------------------------------
[Epoch : 53/100]
Total_loss	: 0.9616
Coral_loss	: 0.0000
MMD_loss	: 4.3152
cond_ent_wt	: 4.8170
Src_reg_loss	: 0.0484
-------------------------------------
[Epoch : 54/100]
Total_loss	: 0.9605
Coral_loss	: 0.0000
MMD_loss	: 4.3088
cond_ent_wt	: 4.8156
Src_reg_loss	: 0.0480
-------------------------------------
[Epoch : 55/100]
Total_loss	: 0.9595
Coral_loss	: 0.0000
MMD_loss	: 4.3048
cond_ent_wt	: 4.8140
Src_reg_loss	: 0.0477
-------------------------------------
[Epoch : 56/100]
Total_loss	: 0.9588
Coral_loss	: 0.0000
MMD_loss	: 4.3030
cond_ent_wt	: 4.8122
Src_reg_loss	: 0.0473
-------------------------------------
[Epoch : 57/100]
Total_loss	: 0.9583
Coral_loss	: 0.0000
MMD_loss	: 4.3034
cond_ent_wt	: 4.8103
Src_reg_loss	: 0.0470
-------------------------------------
[Epoch : 58/100]
Total_loss	: 0.9580
Coral_loss	: 0.0000
MMD_loss	: 4.3057
cond_ent_wt	: 4.8082
Src_reg_loss	: 0.0467
-------------------------------------
[Epoch : 59/100]
Total_loss	: 0.9579
Coral_loss	: 0.0000
MMD_loss	: 4.3097
cond_ent_wt	: 4.8060
Src_reg_loss	: 0.0463
-------------------------------------
[Epoch : 60/100]
Total_loss	: 0.9579
Coral_loss	: 0.0000
MMD_loss	: 4.3151
cond_ent_wt	: 4.8036
Src_reg_loss	: 0.0460
-------------------------------------
[Epoch : 61/100]
Total_loss	: 0.9580
Coral_loss	: 0.0000
MMD_loss	: 4.3218
cond_ent_wt	: 4.8012
Src_reg_loss	: 0.0457
-------------------------------------
[Epoch : 62/100]
Total_loss	: 0.9583
Coral_loss	: 0.0000
MMD_loss	: 4.3294
cond_ent_wt	: 4.7986
Src_reg_loss	: 0.0454
-------------------------------------
[Epoch : 63/100]
Total_loss	: 0.9585
Coral_loss	: 0.0000
MMD_loss	: 4.3377
cond_ent_wt	: 4.7960
Src_reg_loss	: 0.0452
-------------------------------------
[Epoch : 64/100]
Total_loss	: 0.9589
Coral_loss	: 0.0000
MMD_loss	: 4.3465
cond_ent_wt	: 4.7933
Src_reg_loss	: 0.0449
-------------------------------------
[Epoch : 65/100]
Total_loss	: 0.9592
Coral_loss	: 0.0000
MMD_loss	: 4.3554
cond_ent_wt	: 4.7906
Src_reg_loss	: 0.0446
-------------------------------------
[Epoch : 66/100]
Total_loss	: 0.9596
Coral_loss	: 0.0000
MMD_loss	: 4.3644
cond_ent_wt	: 4.7878
Src_reg_loss	: 0.0444
-------------------------------------
[Epoch : 67/100]
Total_loss	: 0.9599
Coral_loss	: 0.0000
MMD_loss	: 4.3732
cond_ent_wt	: 4.7850
Src_reg_loss	: 0.0441
-------------------------------------
[Epoch : 68/100]
Total_loss	: 0.9603
Coral_loss	: 0.0000
MMD_loss	: 4.3818
cond_ent_wt	: 4.7822
Src_reg_loss	: 0.0439
-------------------------------------
[Epoch : 69/100]
Total_loss	: 0.9606
Coral_loss	: 0.0000
MMD_loss	: 4.3901
cond_ent_wt	: 4.7794
Src_reg_loss	: 0.0436
-------------------------------------
[Epoch : 70/100]
Total_loss	: 0.9608
Coral_loss	: 0.0000
MMD_loss	: 4.3981
cond_ent_wt	: 4.7765
Src_reg_loss	: 0.0434
-------------------------------------
[Epoch : 71/100]
Total_loss	: 0.9611
Coral_loss	: 0.0000
MMD_loss	: 4.4058
cond_ent_wt	: 4.7737
Src_reg_loss	: 0.0431
-------------------------------------
[Epoch : 72/100]
Total_loss	: 0.9613
Coral_loss	: 0.0000
MMD_loss	: 4.4133
cond_ent_wt	: 4.7708
Src_reg_loss	: 0.0429
-------------------------------------
[Epoch : 73/100]
Total_loss	: 0.9615
Coral_loss	: 0.0000
MMD_loss	: 4.4206
cond_ent_wt	: 4.7680
Src_reg_loss	: 0.0427
-------------------------------------
[Epoch : 74/100]
Total_loss	: 0.9617
Coral_loss	: 0.0000
MMD_loss	: 4.4276
cond_ent_wt	: 4.7652
Src_reg_loss	: 0.0425
-------------------------------------
[Epoch : 75/100]
Total_loss	: 0.9619
Coral_loss	: 0.0000
MMD_loss	: 4.4346
cond_ent_wt	: 4.7624
Src_reg_loss	: 0.0422
-------------------------------------
[Epoch : 76/100]
Total_loss	: 0.9621
Coral_loss	: 0.0000
MMD_loss	: 4.4416
cond_ent_wt	: 4.7596
Src_reg_loss	: 0.0420
-------------------------------------
[Epoch : 77/100]
Total_loss	: 0.9624
Coral_loss	: 0.0000
MMD_loss	: 4.4486
cond_ent_wt	: 4.7568
Src_reg_loss	: 0.0418
-------------------------------------
[Epoch : 78/100]
Total_loss	: 0.9626
Coral_loss	: 0.0000
MMD_loss	: 4.4558
cond_ent_wt	: 4.7541
Src_reg_loss	: 0.0416
-------------------------------------
[Epoch : 79/100]
Total_loss	: 0.9629
Coral_loss	: 0.0000
MMD_loss	: 4.4630
cond_ent_wt	: 4.7514
Src_reg_loss	: 0.0414
-------------------------------------
[Epoch : 80/100]
Total_loss	: 0.9631
Coral_loss	: 0.0000
MMD_loss	: 4.4705
cond_ent_wt	: 4.7487
Src_reg_loss	: 0.0412
-------------------------------------
[Epoch : 81/100]
Total_loss	: 0.9634
Coral_loss	: 0.0000
MMD_loss	: 4.4781
cond_ent_wt	: 4.7461
Src_reg_loss	: 0.0410
-------------------------------------
[Epoch : 82/100]
Total_loss	: 0.9638
Coral_loss	: 0.0000
MMD_loss	: 4.4858
cond_ent_wt	: 4.7435
Src_reg_loss	: 0.0408
-------------------------------------
[Epoch : 83/100]
Total_loss	: 0.9641
Coral_loss	: 0.0000
MMD_loss	: 4.4937
cond_ent_wt	: 4.7409
Src_reg_loss	: 0.0406
-------------------------------------
[Epoch : 84/100]
Total_loss	: 0.9645
Coral_loss	: 0.0000
MMD_loss	: 4.5018
cond_ent_wt	: 4.7383
Src_reg_loss	: 0.0405
-------------------------------------
[Epoch : 85/100]
Total_loss	: 0.9648
Coral_loss	: 0.0000
MMD_loss	: 4.5100
cond_ent_wt	: 4.7358
Src_reg_loss	: 0.0403
-------------------------------------
[Epoch : 86/100]
Total_loss	: 0.9653
Coral_loss	: 0.0000
MMD_loss	: 4.5183
cond_ent_wt	: 4.7334
Src_reg_loss	: 0.0401
-------------------------------------
[Epoch : 87/100]
Total_loss	: 0.9657
Coral_loss	: 0.0000
MMD_loss	: 4.5267
cond_ent_wt	: 4.7309
Src_reg_loss	: 0.0399
-------------------------------------
[Epoch : 88/100]
Total_loss	: 0.9661
Coral_loss	: 0.0000
MMD_loss	: 4.5351
cond_ent_wt	: 4.7285
Src_reg_loss	: 0.0397
-------------------------------------
[Epoch : 89/100]
Total_loss	: 0.9665
Coral_loss	: 0.0000
MMD_loss	: 4.5436
cond_ent_wt	: 4.7261
Src_reg_loss	: 0.0396
-------------------------------------
[Epoch : 90/100]
Total_loss	: 0.9670
Coral_loss	: 0.0000
MMD_loss	: 4.5521
cond_ent_wt	: 4.7238
Src_reg_loss	: 0.0394
-------------------------------------
[Epoch : 91/100]
Total_loss	: 0.9674
Coral_loss	: 0.0000
MMD_loss	: 4.5607
cond_ent_wt	: 4.7214
Src_reg_loss	: 0.0392
-------------------------------------
[Epoch : 92/100]
Total_loss	: 0.9679
Coral_loss	: 0.0000
MMD_loss	: 4.5691
cond_ent_wt	: 4.7191
Src_reg_loss	: 0.0391
-------------------------------------
[Epoch : 93/100]
Total_loss	: 0.9683
Coral_loss	: 0.0000
MMD_loss	: 4.5776
cond_ent_wt	: 4.7169
Src_reg_loss	: 0.0389
-------------------------------------
[Epoch : 94/100]
Total_loss	: 0.9688
Coral_loss	: 0.0000
MMD_loss	: 4.5860
cond_ent_wt	: 4.7147
Src_reg_loss	: 0.0387
-------------------------------------
[Epoch : 95/100]
Total_loss	: 0.9693
Coral_loss	: 0.0000
MMD_loss	: 4.5944
cond_ent_wt	: 4.7124
Src_reg_loss	: 0.0386
-------------------------------------
[Epoch : 96/100]
Total_loss	: 0.9697
Coral_loss	: 0.0000
MMD_loss	: 4.6026
cond_ent_wt	: 4.7103
Src_reg_loss	: 0.0384
-------------------------------------
[Epoch : 97/100]
Total_loss	: 0.9702
Coral_loss	: 0.0000
MMD_loss	: 4.6108
cond_ent_wt	: 4.7081
Src_reg_loss	: 0.0383
-------------------------------------
[Epoch : 98/100]
Total_loss	: 0.9706
Coral_loss	: 0.0000
MMD_loss	: 4.6189
cond_ent_wt	: 4.7060
Src_reg_loss	: 0.0381
-------------------------------------
[Epoch : 99/100]
Total_loss	: 0.9711
Coral_loss	: 0.0000
MMD_loss	: 4.6269
cond_ent_wt	: 4.7039
Src_reg_loss	: 0.0380
-------------------------------------
[Epoch : 100/100]
Total_loss	: 0.9715
Coral_loss	: 0.0000
MMD_loss	: 4.6348
cond_ent_wt	: 4.7019
Src_reg_loss	: 0.0378
-------------------------------------
