=============================================
Dataset: Airbox
Method:  MMDA
=============================================
Source: 0 ---> Target: 6
=============================================
[Epoch : 1/500]
Total_loss	: 0.3691
Coral_loss	: 0.0000
MMD_loss	: 4.8637
cond_ent_wt	: 4.8492
Src_reg_loss	: 0.2720
-------------------------------------
[Epoch : 2/500]
Total_loss	: 0.3485
Coral_loss	: 0.0000
MMD_loss	: 4.8565
cond_ent_wt	: 4.8489
Src_reg_loss	: 0.2515
-------------------------------------
[Epoch : 3/500]
Total_loss	: 0.3279
Coral_loss	: 0.0000
MMD_loss	: 4.8410
cond_ent_wt	: 4.8485
Src_reg_loss	: 0.2310
-------------------------------------
[Epoch : 4/500]
Total_loss	: 0.3063
Coral_loss	: 0.0000
MMD_loss	: 4.8161
cond_ent_wt	: 4.8478
Src_reg_loss	: 0.2097
-------------------------------------
[Epoch : 5/500]
Total_loss	: 0.2838
Coral_loss	: 0.0000
MMD_loss	: 4.7790
cond_ent_wt	: 4.8467
Src_reg_loss	: 0.1875
-------------------------------------
[Epoch : 6/500]
Total_loss	: 0.2616
Coral_loss	: 0.0000
MMD_loss	: 4.7272
cond_ent_wt	: 4.8450
Src_reg_loss	: 0.1658
-------------------------------------
[Epoch : 7/500]
Total_loss	: 0.2428
Coral_loss	: 0.0000
MMD_loss	: 4.6637
cond_ent_wt	: 4.8425
Src_reg_loss	: 0.1478
-------------------------------------
[Epoch : 8/500]
Total_loss	: 0.2290
Coral_loss	: 0.0000
MMD_loss	: 4.6036
cond_ent_wt	: 4.8401
Src_reg_loss	: 0.1346
-------------------------------------
[Epoch : 9/500]
Total_loss	: 0.2181
Coral_loss	: 0.0000
MMD_loss	: 4.5605
cond_ent_wt	: 4.8385
Src_reg_loss	: 0.1241
-------------------------------------
[Epoch : 10/500]
Total_loss	: 0.2092
Coral_loss	: 0.0000
MMD_loss	: 4.5327
cond_ent_wt	: 4.8375
Src_reg_loss	: 0.1155
-------------------------------------
[Epoch : 11/500]
Total_loss	: 0.2019
Coral_loss	: 0.0000
MMD_loss	: 4.5131
cond_ent_wt	: 4.8368
Src_reg_loss	: 0.1084
-------------------------------------
[Epoch : 12/500]
Total_loss	: 0.1958
Coral_loss	: 0.0000
MMD_loss	: 4.4971
cond_ent_wt	: 4.8362
Src_reg_loss	: 0.1025
-------------------------------------
[Epoch : 13/500]
Total_loss	: 0.1906
Coral_loss	: 0.0000
MMD_loss	: 4.4829
cond_ent_wt	: 4.8356
Src_reg_loss	: 0.0975
-------------------------------------
[Epoch : 14/500]
Total_loss	: 0.1862
Coral_loss	: 0.0000
MMD_loss	: 4.4710
cond_ent_wt	: 4.8351
Src_reg_loss	: 0.0931
-------------------------------------
[Epoch : 15/500]
Total_loss	: 0.1823
Coral_loss	: 0.0000
MMD_loss	: 4.4619
cond_ent_wt	: 4.8347
Src_reg_loss	: 0.0893
-------------------------------------
[Epoch : 16/500]
Total_loss	: 0.1789
Coral_loss	: 0.0000
MMD_loss	: 4.4556
cond_ent_wt	: 4.8343
Src_reg_loss	: 0.0860
-------------------------------------
[Epoch : 17/500]
Total_loss	: 0.1759
Coral_loss	: 0.0000
MMD_loss	: 4.4514
cond_ent_wt	: 4.8340
Src_reg_loss	: 0.0831
-------------------------------------
[Epoch : 18/500]
Total_loss	: 0.1733
Coral_loss	: 0.0000
MMD_loss	: 4.4490
cond_ent_wt	: 4.8338
Src_reg_loss	: 0.0804
-------------------------------------
[Epoch : 19/500]
Total_loss	: 0.1709
Coral_loss	: 0.0000
MMD_loss	: 4.4480
cond_ent_wt	: 4.8336
Src_reg_loss	: 0.0781
-------------------------------------
[Epoch : 20/500]
Total_loss	: 0.1687
Coral_loss	: 0.0000
MMD_loss	: 4.4484
cond_ent_wt	: 4.8334
Src_reg_loss	: 0.0759
-------------------------------------
[Epoch : 21/500]
Total_loss	: 0.1668
Coral_loss	: 0.0000
MMD_loss	: 4.4503
cond_ent_wt	: 4.8333
Src_reg_loss	: 0.0740
-------------------------------------
[Epoch : 22/500]
Total_loss	: 0.1651
Coral_loss	: 0.0000
MMD_loss	: 4.4536
cond_ent_wt	: 4.8331
Src_reg_loss	: 0.0722
-------------------------------------
[Epoch : 23/500]
Total_loss	: 0.1635
Coral_loss	: 0.0000
MMD_loss	: 4.4581
cond_ent_wt	: 4.8330
Src_reg_loss	: 0.0705
-------------------------------------
[Epoch : 24/500]
Total_loss	: 0.1620
Coral_loss	: 0.0000
MMD_loss	: 4.4637
cond_ent_wt	: 4.8330
Src_reg_loss	: 0.0690
-------------------------------------
[Epoch : 25/500]
Total_loss	: 0.1607
Coral_loss	: 0.0000
MMD_loss	: 4.4702
cond_ent_wt	: 4.8329
Src_reg_loss	: 0.0676
-------------------------------------
[Epoch : 26/500]
Total_loss	: 0.1594
Coral_loss	: 0.0000
MMD_loss	: 4.4774
cond_ent_wt	: 4.8328
Src_reg_loss	: 0.0663
-------------------------------------
[Epoch : 27/500]
Total_loss	: 0.1583
Coral_loss	: 0.0000
MMD_loss	: 4.4851
cond_ent_wt	: 4.8328
Src_reg_loss	: 0.0651
-------------------------------------
[Epoch : 28/500]
Total_loss	: 0.1572
Coral_loss	: 0.0000
MMD_loss	: 4.4930
cond_ent_wt	: 4.8328
Src_reg_loss	: 0.0639
-------------------------------------
[Epoch : 29/500]
Total_loss	: 0.1562
Coral_loss	: 0.0000
MMD_loss	: 4.5011
cond_ent_wt	: 4.8327
Src_reg_loss	: 0.0629
-------------------------------------
[Epoch : 30/500]
Total_loss	: 0.1553
Coral_loss	: 0.0000
MMD_loss	: 4.5089
cond_ent_wt	: 4.8327
Src_reg_loss	: 0.0619
-------------------------------------
[Epoch : 31/500]
Total_loss	: 0.1544
Coral_loss	: 0.0000
MMD_loss	: 4.5164
cond_ent_wt	: 4.8327
Src_reg_loss	: 0.0609
-------------------------------------
[Epoch : 32/500]
Total_loss	: 0.1536
Coral_loss	: 0.0000
MMD_loss	: 4.5235
cond_ent_wt	: 4.8327
Src_reg_loss	: 0.0600
-------------------------------------
[Epoch : 33/500]
Total_loss	: 0.1528
Coral_loss	: 0.0000
MMD_loss	: 4.5299
cond_ent_wt	: 4.8328
Src_reg_loss	: 0.0591
-------------------------------------
[Epoch : 34/500]
Total_loss	: 0.1520
Coral_loss	: 0.0000
MMD_loss	: 4.5358
cond_ent_wt	: 4.8328
Src_reg_loss	: 0.0583
-------------------------------------
[Epoch : 35/500]
Total_loss	: 0.1513
Coral_loss	: 0.0000
MMD_loss	: 4.5409
cond_ent_wt	: 4.8328
Src_reg_loss	: 0.0575
-------------------------------------
[Epoch : 36/500]
Total_loss	: 0.1506
Coral_loss	: 0.0000
MMD_loss	: 4.5454
cond_ent_wt	: 4.8329
Src_reg_loss	: 0.0568
-------------------------------------
[Epoch : 37/500]
Total_loss	: 0.1499
Coral_loss	: 0.0000
MMD_loss	: 4.5491
cond_ent_wt	: 4.8329
Src_reg_loss	: 0.0561
-------------------------------------
[Epoch : 38/500]
Total_loss	: 0.1493
Coral_loss	: 0.0000
MMD_loss	: 4.5520
cond_ent_wt	: 4.8330
Src_reg_loss	: 0.0554
-------------------------------------
[Epoch : 39/500]
Total_loss	: 0.1486
Coral_loss	: 0.0000
MMD_loss	: 4.5543
cond_ent_wt	: 4.8330
Src_reg_loss	: 0.0548
-------------------------------------
[Epoch : 40/500]
Total_loss	: 0.1480
Coral_loss	: 0.0000
MMD_loss	: 4.5558
cond_ent_wt	: 4.8331
Src_reg_loss	: 0.0541
-------------------------------------
[Epoch : 41/500]
Total_loss	: 0.1474
Coral_loss	: 0.0000
MMD_loss	: 4.5566
cond_ent_wt	: 4.8332
Src_reg_loss	: 0.0535
-------------------------------------
[Epoch : 42/500]
Total_loss	: 0.1469
Coral_loss	: 0.0000
MMD_loss	: 4.5568
cond_ent_wt	: 4.8332
Src_reg_loss	: 0.0530
-------------------------------------
[Epoch : 43/500]
Total_loss	: 0.1463
Coral_loss	: 0.0000
MMD_loss	: 4.5562
cond_ent_wt	: 4.8333
Src_reg_loss	: 0.0524
-------------------------------------
[Epoch : 44/500]
Total_loss	: 0.1458
Coral_loss	: 0.0000
MMD_loss	: 4.5550
cond_ent_wt	: 4.8334
Src_reg_loss	: 0.0519
-------------------------------------
[Epoch : 45/500]
Total_loss	: 0.1453
Coral_loss	: 0.0000
MMD_loss	: 4.5530
cond_ent_wt	: 4.8334
Src_reg_loss	: 0.0514
-------------------------------------
[Epoch : 46/500]
Total_loss	: 0.1447
Coral_loss	: 0.0000
MMD_loss	: 4.5504
cond_ent_wt	: 4.8335
Src_reg_loss	: 0.0509
-------------------------------------
[Epoch : 47/500]
Total_loss	: 0.1442
Coral_loss	: 0.0000
MMD_loss	: 4.5472
cond_ent_wt	: 4.8336
Src_reg_loss	: 0.0504
-------------------------------------
[Epoch : 48/500]
Total_loss	: 0.1437
Coral_loss	: 0.0000
MMD_loss	: 4.5432
cond_ent_wt	: 4.8337
Src_reg_loss	: 0.0500
-------------------------------------
[Epoch : 49/500]
Total_loss	: 0.1433
Coral_loss	: 0.0000
MMD_loss	: 4.5386
cond_ent_wt	: 4.8337
Src_reg_loss	: 0.0495
-------------------------------------
[Epoch : 50/500]
Total_loss	: 0.1428
Coral_loss	: 0.0000
MMD_loss	: 4.5333
cond_ent_wt	: 4.8338
Src_reg_loss	: 0.0491
-------------------------------------
[Epoch : 51/500]
Total_loss	: 0.1423
Coral_loss	: 0.0000
MMD_loss	: 4.5273
cond_ent_wt	: 4.8339
Src_reg_loss	: 0.0487
-------------------------------------
[Epoch : 52/500]
Total_loss	: 0.1418
Coral_loss	: 0.0000
MMD_loss	: 4.5206
cond_ent_wt	: 4.8339
Src_reg_loss	: 0.0483
-------------------------------------
[Epoch : 53/500]
Total_loss	: 0.1414
Coral_loss	: 0.0000
MMD_loss	: 4.5132
cond_ent_wt	: 4.8340
Src_reg_loss	: 0.0479
-------------------------------------
[Epoch : 54/500]
Total_loss	: 0.1409
Coral_loss	: 0.0000
MMD_loss	: 4.5051
cond_ent_wt	: 4.8340
Src_reg_loss	: 0.0476
-------------------------------------
[Epoch : 55/500]
Total_loss	: 0.1405
Coral_loss	: 0.0000
MMD_loss	: 4.4964
cond_ent_wt	: 4.8341
Src_reg_loss	: 0.0472
-------------------------------------
[Epoch : 56/500]
Total_loss	: 0.1401
Coral_loss	: 0.0000
MMD_loss	: 4.4869
cond_ent_wt	: 4.8341
Src_reg_loss	: 0.0468
-------------------------------------
[Epoch : 57/500]
Total_loss	: 0.1396
Coral_loss	: 0.0000
MMD_loss	: 4.4768
cond_ent_wt	: 4.8342
Src_reg_loss	: 0.0465
-------------------------------------
[Epoch : 58/500]
Total_loss	: 0.1392
Coral_loss	: 0.0000
MMD_loss	: 4.4661
cond_ent_wt	: 4.8342
Src_reg_loss	: 0.0462
-------------------------------------
[Epoch : 59/500]
Total_loss	: 0.1388
Coral_loss	: 0.0000
MMD_loss	: 4.4547
cond_ent_wt	: 4.8343
Src_reg_loss	: 0.0459
-------------------------------------
[Epoch : 60/500]
Total_loss	: 0.1383
Coral_loss	: 0.0000
MMD_loss	: 4.4427
cond_ent_wt	: 4.8343
Src_reg_loss	: 0.0456
-------------------------------------
[Epoch : 61/500]
Total_loss	: 0.1379
Coral_loss	: 0.0000
MMD_loss	: 4.4300
cond_ent_wt	: 4.8343
Src_reg_loss	: 0.0453
-------------------------------------
[Epoch : 62/500]
Total_loss	: 0.1375
Coral_loss	: 0.0000
MMD_loss	: 4.4168
cond_ent_wt	: 4.8343
Src_reg_loss	: 0.0450
-------------------------------------
[Epoch : 63/500]
Total_loss	: 0.1370
Coral_loss	: 0.0000
MMD_loss	: 4.4029
cond_ent_wt	: 4.8344
Src_reg_loss	: 0.0447
-------------------------------------
[Epoch : 64/500]
Total_loss	: 0.1366
Coral_loss	: 0.0000
MMD_loss	: 4.3886
cond_ent_wt	: 4.8344
Src_reg_loss	: 0.0444
-------------------------------------
[Epoch : 65/500]
Total_loss	: 0.1362
Coral_loss	: 0.0000
MMD_loss	: 4.3736
cond_ent_wt	: 4.8344
Src_reg_loss	: 0.0441
-------------------------------------
[Epoch : 66/500]
Total_loss	: 0.1358
Coral_loss	: 0.0000
MMD_loss	: 4.3582
cond_ent_wt	: 4.8344
Src_reg_loss	: 0.0439
-------------------------------------
[Epoch : 67/500]
Total_loss	: 0.1354
Coral_loss	: 0.0000
MMD_loss	: 4.3423
cond_ent_wt	: 4.8344
Src_reg_loss	: 0.0436
-------------------------------------
[Epoch : 68/500]
Total_loss	: 0.1349
Coral_loss	: 0.0000
MMD_loss	: 4.3259
cond_ent_wt	: 4.8344
Src_reg_loss	: 0.0433
-------------------------------------
[Epoch : 69/500]
Total_loss	: 0.1345
Coral_loss	: 0.0000
MMD_loss	: 4.3090
cond_ent_wt	: 4.8344
Src_reg_loss	: 0.0431
-------------------------------------
[Epoch : 70/500]
Total_loss	: 0.1341
Coral_loss	: 0.0000
MMD_loss	: 4.2918
cond_ent_wt	: 4.8344
Src_reg_loss	: 0.0429
-------------------------------------
[Epoch : 71/500]
Total_loss	: 0.1337
Coral_loss	: 0.0000
MMD_loss	: 4.2742
cond_ent_wt	: 4.8344
Src_reg_loss	: 0.0426
-------------------------------------
[Epoch : 72/500]
Total_loss	: 0.1333
Coral_loss	: 0.0000
MMD_loss	: 4.2562
cond_ent_wt	: 4.8344
Src_reg_loss	: 0.0424
-------------------------------------
[Epoch : 73/500]
Total_loss	: 0.1329
Coral_loss	: 0.0000
MMD_loss	: 4.2379
cond_ent_wt	: 4.8344
Src_reg_loss	: 0.0421
-------------------------------------
[Epoch : 74/500]
Total_loss	: 0.1325
Coral_loss	: 0.0000
MMD_loss	: 4.2192
cond_ent_wt	: 4.8344
Src_reg_loss	: 0.0419
-------------------------------------
[Epoch : 75/500]
Total_loss	: 0.1320
Coral_loss	: 0.0000
MMD_loss	: 4.2004
cond_ent_wt	: 4.8344
Src_reg_loss	: 0.0417
-------------------------------------
[Epoch : 76/500]
Total_loss	: 0.1316
Coral_loss	: 0.0000
MMD_loss	: 4.1813
cond_ent_wt	: 4.8344
Src_reg_loss	: 0.0415
-------------------------------------
[Epoch : 77/500]
Total_loss	: 0.1312
Coral_loss	: 0.0000
MMD_loss	: 4.1620
cond_ent_wt	: 4.8344
Src_reg_loss	: 0.0413
-------------------------------------
[Epoch : 78/500]
Total_loss	: 0.1308
Coral_loss	: 0.0000
MMD_loss	: 4.1426
cond_ent_wt	: 4.8344
Src_reg_loss	: 0.0411
-------------------------------------
[Epoch : 79/500]
Total_loss	: 0.1304
Coral_loss	: 0.0000
MMD_loss	: 4.1231
cond_ent_wt	: 4.8344
Src_reg_loss	: 0.0409
-------------------------------------
[Epoch : 80/500]
Total_loss	: 0.1300
Coral_loss	: 0.0000
MMD_loss	: 4.1036
cond_ent_wt	: 4.8343
Src_reg_loss	: 0.0406
-------------------------------------
[Epoch : 81/500]
Total_loss	: 0.1296
Coral_loss	: 0.0000
MMD_loss	: 4.0840
cond_ent_wt	: 4.8343
Src_reg_loss	: 0.0404
-------------------------------------
[Epoch : 82/500]
Total_loss	: 0.1292
Coral_loss	: 0.0000
MMD_loss	: 4.0645
cond_ent_wt	: 4.8343
Src_reg_loss	: 0.0402
-------------------------------------
[Epoch : 83/500]
Total_loss	: 0.1288
Coral_loss	: 0.0000
MMD_loss	: 4.0452
cond_ent_wt	: 4.8343
Src_reg_loss	: 0.0401
-------------------------------------
[Epoch : 84/500]
Total_loss	: 0.1285
Coral_loss	: 0.0000
MMD_loss	: 4.0260
cond_ent_wt	: 4.8342
Src_reg_loss	: 0.0399
-------------------------------------
[Epoch : 85/500]
Total_loss	: 0.1281
Coral_loss	: 0.0000
MMD_loss	: 4.0070
cond_ent_wt	: 4.8342
Src_reg_loss	: 0.0397
-------------------------------------
[Epoch : 86/500]
Total_loss	: 0.1277
Coral_loss	: 0.0000
MMD_loss	: 3.9883
cond_ent_wt	: 4.8342
Src_reg_loss	: 0.0395
-------------------------------------
[Epoch : 87/500]
Total_loss	: 0.1273
Coral_loss	: 0.0000
MMD_loss	: 3.9699
cond_ent_wt	: 4.8341
Src_reg_loss	: 0.0393
-------------------------------------
[Epoch : 88/500]
Total_loss	: 0.1270
Coral_loss	: 0.0000
MMD_loss	: 3.9519
cond_ent_wt	: 4.8341
Src_reg_loss	: 0.0391
-------------------------------------
[Epoch : 89/500]
Total_loss	: 0.1266
Coral_loss	: 0.0000
MMD_loss	: 3.9343
cond_ent_wt	: 4.8341
Src_reg_loss	: 0.0389
-------------------------------------
[Epoch : 90/500]
Total_loss	: 0.1263
Coral_loss	: 0.0000
MMD_loss	: 3.9172
cond_ent_wt	: 4.8340
Src_reg_loss	: 0.0388
-------------------------------------
[Epoch : 91/500]
Total_loss	: 0.1259
Coral_loss	: 0.0000
MMD_loss	: 3.9005
cond_ent_wt	: 4.8340
Src_reg_loss	: 0.0386
-------------------------------------
[Epoch : 92/500]
Total_loss	: 0.1256
Coral_loss	: 0.0000
MMD_loss	: 3.8843
cond_ent_wt	: 4.8339
Src_reg_loss	: 0.0384
-------------------------------------
[Epoch : 93/500]
Total_loss	: 0.1253
Coral_loss	: 0.0000
MMD_loss	: 3.8687
cond_ent_wt	: 4.8339
Src_reg_loss	: 0.0382
-------------------------------------
[Epoch : 94/500]
Total_loss	: 0.1249
Coral_loss	: 0.0000
MMD_loss	: 3.8536
cond_ent_wt	: 4.8338
Src_reg_loss	: 0.0381
-------------------------------------
[Epoch : 95/500]
Total_loss	: 0.1246
Coral_loss	: 0.0000
MMD_loss	: 3.8390
cond_ent_wt	: 4.8338
Src_reg_loss	: 0.0379
-------------------------------------
[Epoch : 96/500]
Total_loss	: 0.1243
Coral_loss	: 0.0000
MMD_loss	: 3.8250
cond_ent_wt	: 4.8337
Src_reg_loss	: 0.0377
-------------------------------------
[Epoch : 97/500]
Total_loss	: 0.1240
Coral_loss	: 0.0000
MMD_loss	: 3.8116
cond_ent_wt	: 4.8337
Src_reg_loss	: 0.0376
-------------------------------------
[Epoch : 98/500]
Total_loss	: 0.1237
Coral_loss	: 0.0000
MMD_loss	: 3.7987
cond_ent_wt	: 4.8336
Src_reg_loss	: 0.0374
-------------------------------------
[Epoch : 99/500]
Total_loss	: 0.1234
Coral_loss	: 0.0000
MMD_loss	: 3.7863
cond_ent_wt	: 4.8335
Src_reg_loss	: 0.0372
-------------------------------------
[Epoch : 100/500]
Total_loss	: 0.1232
Coral_loss	: 0.0000
MMD_loss	: 3.7745
cond_ent_wt	: 4.8335
Src_reg_loss	: 0.0371
-------------------------------------
[Epoch : 101/500]
Total_loss	: 0.1229
Coral_loss	: 0.0000
MMD_loss	: 3.7631
cond_ent_wt	: 4.8334
Src_reg_loss	: 0.0369
-------------------------------------
[Epoch : 102/500]
Total_loss	: 0.1226
Coral_loss	: 0.0000
MMD_loss	: 3.7523
cond_ent_wt	: 4.8333
Src_reg_loss	: 0.0368
-------------------------------------
[Epoch : 103/500]
Total_loss	: 0.1224
Coral_loss	: 0.0000
MMD_loss	: 3.7419
cond_ent_wt	: 4.8333
Src_reg_loss	: 0.0366
-------------------------------------
[Epoch : 104/500]
Total_loss	: 0.1221
Coral_loss	: 0.0000
MMD_loss	: 3.7321
cond_ent_wt	: 4.8332
Src_reg_loss	: 0.0365
-------------------------------------
[Epoch : 105/500]
Total_loss	: 0.1219
Coral_loss	: 0.0000
MMD_loss	: 3.7226
cond_ent_wt	: 4.8331
Src_reg_loss	: 0.0363
-------------------------------------
[Epoch : 106/500]
Total_loss	: 0.1216
Coral_loss	: 0.0000
MMD_loss	: 3.7136
cond_ent_wt	: 4.8331
Src_reg_loss	: 0.0362
-------------------------------------
[Epoch : 107/500]
Total_loss	: 0.1214
Coral_loss	: 0.0000
MMD_loss	: 3.7049
cond_ent_wt	: 4.8330
Src_reg_loss	: 0.0360
-------------------------------------
[Epoch : 108/500]
Total_loss	: 0.1212
Coral_loss	: 0.0000
MMD_loss	: 3.6966
cond_ent_wt	: 4.8329
Src_reg_loss	: 0.0359
-------------------------------------
[Epoch : 109/500]
Total_loss	: 0.1209
Coral_loss	: 0.0000
MMD_loss	: 3.6887
cond_ent_wt	: 4.8329
Src_reg_loss	: 0.0357
-------------------------------------
[Epoch : 110/500]
Total_loss	: 0.1207
Coral_loss	: 0.0000
MMD_loss	: 3.6811
cond_ent_wt	: 4.8328
Src_reg_loss	: 0.0356
-------------------------------------
[Epoch : 111/500]
Total_loss	: 0.1205
Coral_loss	: 0.0000
MMD_loss	: 3.6737
cond_ent_wt	: 4.8327
Src_reg_loss	: 0.0354
-------------------------------------
[Epoch : 112/500]
Total_loss	: 0.1203
Coral_loss	: 0.0000
MMD_loss	: 3.6667
cond_ent_wt	: 4.8326
Src_reg_loss	: 0.0353
-------------------------------------
[Epoch : 113/500]
Total_loss	: 0.1201
Coral_loss	: 0.0000
MMD_loss	: 3.6599
cond_ent_wt	: 4.8326
Src_reg_loss	: 0.0352
-------------------------------------
[Epoch : 114/500]
Total_loss	: 0.1199
Coral_loss	: 0.0000
MMD_loss	: 3.6533
cond_ent_wt	: 4.8325
Src_reg_loss	: 0.0350
-------------------------------------
[Epoch : 115/500]
Total_loss	: 0.1197
Coral_loss	: 0.0000
MMD_loss	: 3.6470
cond_ent_wt	: 4.8324
Src_reg_loss	: 0.0349
-------------------------------------
[Epoch : 116/500]
Total_loss	: 0.1195
Coral_loss	: 0.0000
MMD_loss	: 3.6408
cond_ent_wt	: 4.8323
Src_reg_loss	: 0.0348
-------------------------------------
[Epoch : 117/500]
Total_loss	: 0.1193
Coral_loss	: 0.0000
MMD_loss	: 3.6348
cond_ent_wt	: 4.8323
Src_reg_loss	: 0.0346
-------------------------------------
[Epoch : 118/500]
Total_loss	: 0.1191
Coral_loss	: 0.0000
MMD_loss	: 3.6291
cond_ent_wt	: 4.8322
Src_reg_loss	: 0.0345
-------------------------------------
[Epoch : 119/500]
Total_loss	: 0.1189
Coral_loss	: 0.0000
MMD_loss	: 3.6235
cond_ent_wt	: 4.8321
Src_reg_loss	: 0.0344
-------------------------------------
[Epoch : 120/500]
Total_loss	: 0.1188
Coral_loss	: 0.0000
MMD_loss	: 3.6180
cond_ent_wt	: 4.8320
Src_reg_loss	: 0.0342
-------------------------------------
[Epoch : 121/500]
Total_loss	: 0.1186
Coral_loss	: 0.0000
MMD_loss	: 3.6127
cond_ent_wt	: 4.8320
Src_reg_loss	: 0.0341
-------------------------------------
[Epoch : 122/500]
Total_loss	: 0.1184
Coral_loss	: 0.0000
MMD_loss	: 3.6076
cond_ent_wt	: 4.8319
Src_reg_loss	: 0.0340
-------------------------------------
[Epoch : 123/500]
Total_loss	: 0.1182
Coral_loss	: 0.0000
MMD_loss	: 3.6026
cond_ent_wt	: 4.8318
Src_reg_loss	: 0.0339
-------------------------------------
[Epoch : 124/500]
Total_loss	: 0.1181
Coral_loss	: 0.0000
MMD_loss	: 3.5978
cond_ent_wt	: 4.8318
Src_reg_loss	: 0.0338
-------------------------------------
[Epoch : 125/500]
Total_loss	: 0.1179
Coral_loss	: 0.0000
MMD_loss	: 3.5930
cond_ent_wt	: 4.8317
Src_reg_loss	: 0.0336
-------------------------------------
[Epoch : 126/500]
Total_loss	: 0.1177
Coral_loss	: 0.0000
MMD_loss	: 3.5883
cond_ent_wt	: 4.8316
Src_reg_loss	: 0.0335
-------------------------------------
[Epoch : 127/500]
Total_loss	: 0.1176
Coral_loss	: 0.0000
MMD_loss	: 3.5837
cond_ent_wt	: 4.8315
Src_reg_loss	: 0.0334
-------------------------------------
[Epoch : 128/500]
Total_loss	: 0.1174
Coral_loss	: 0.0000
MMD_loss	: 3.5792
cond_ent_wt	: 4.8315
Src_reg_loss	: 0.0333
-------------------------------------
[Epoch : 129/500]
Total_loss	: 0.1172
Coral_loss	: 0.0000
MMD_loss	: 3.5747
cond_ent_wt	: 4.8314
Src_reg_loss	: 0.0332
-------------------------------------
[Epoch : 130/500]
Total_loss	: 0.1171
Coral_loss	: 0.0000
MMD_loss	: 3.5703
cond_ent_wt	: 4.8313
Src_reg_loss	: 0.0331
-------------------------------------
[Epoch : 131/500]
Total_loss	: 0.1169
Coral_loss	: 0.0000
MMD_loss	: 3.5659
cond_ent_wt	: 4.8313
Src_reg_loss	: 0.0330
-------------------------------------
[Epoch : 132/500]
Total_loss	: 0.1168
Coral_loss	: 0.0000
MMD_loss	: 3.5616
cond_ent_wt	: 4.8312
Src_reg_loss	: 0.0328
-------------------------------------
[Epoch : 133/500]
Total_loss	: 0.1166
Coral_loss	: 0.0000
MMD_loss	: 3.5574
cond_ent_wt	: 4.8311
Src_reg_loss	: 0.0327
-------------------------------------
[Epoch : 134/500]
Total_loss	: 0.1165
Coral_loss	: 0.0000
MMD_loss	: 3.5533
cond_ent_wt	: 4.8310
Src_reg_loss	: 0.0326
-------------------------------------
[Epoch : 135/500]
Total_loss	: 0.1163
Coral_loss	: 0.0000
MMD_loss	: 3.5491
cond_ent_wt	: 4.8310
Src_reg_loss	: 0.0325
-------------------------------------
[Epoch : 136/500]
Total_loss	: 0.1162
Coral_loss	: 0.0000
MMD_loss	: 3.5451
cond_ent_wt	: 4.8309
Src_reg_loss	: 0.0324
-------------------------------------
[Epoch : 137/500]
Total_loss	: 0.1160
Coral_loss	: 0.0000
MMD_loss	: 3.5411
cond_ent_wt	: 4.8308
Src_reg_loss	: 0.0323
-------------------------------------
[Epoch : 138/500]
Total_loss	: 0.1159
Coral_loss	: 0.0000
MMD_loss	: 3.5371
cond_ent_wt	: 4.8308
Src_reg_loss	: 0.0322
-------------------------------------
[Epoch : 139/500]
Total_loss	: 0.1157
Coral_loss	: 0.0000
MMD_loss	: 3.5332
cond_ent_wt	: 4.8307
Src_reg_loss	: 0.0321
-------------------------------------
[Epoch : 140/500]
Total_loss	: 0.1156
Coral_loss	: 0.0000
MMD_loss	: 3.5293
cond_ent_wt	: 4.8306
Src_reg_loss	: 0.0320
-------------------------------------
[Epoch : 141/500]
Total_loss	: 0.1155
Coral_loss	: 0.0000
MMD_loss	: 3.5255
cond_ent_wt	: 4.8306
Src_reg_loss	: 0.0319
-------------------------------------
[Epoch : 142/500]
Total_loss	: 0.1153
Coral_loss	: 0.0000
MMD_loss	: 3.5217
cond_ent_wt	: 4.8305
Src_reg_loss	: 0.0318
-------------------------------------
[Epoch : 143/500]
Total_loss	: 0.1152
Coral_loss	: 0.0000
MMD_loss	: 3.5179
cond_ent_wt	: 4.8305
Src_reg_loss	: 0.0317
-------------------------------------
[Epoch : 144/500]
Total_loss	: 0.1151
Coral_loss	: 0.0000
MMD_loss	: 3.5142
cond_ent_wt	: 4.8304
Src_reg_loss	: 0.0316
-------------------------------------
[Epoch : 145/500]
Total_loss	: 0.1149
Coral_loss	: 0.0000
MMD_loss	: 3.5105
cond_ent_wt	: 4.8303
Src_reg_loss	: 0.0315
-------------------------------------
[Epoch : 146/500]
Total_loss	: 0.1148
Coral_loss	: 0.0000
MMD_loss	: 3.5068
cond_ent_wt	: 4.8303
Src_reg_loss	: 0.0314
-------------------------------------
[Epoch : 147/500]
Total_loss	: 0.1147
Coral_loss	: 0.0000
MMD_loss	: 3.5031
cond_ent_wt	: 4.8302
Src_reg_loss	: 0.0313
-------------------------------------
[Epoch : 148/500]
Total_loss	: 0.1145
Coral_loss	: 0.0000
MMD_loss	: 3.4995
cond_ent_wt	: 4.8301
Src_reg_loss	: 0.0312
-------------------------------------
[Epoch : 149/500]
Total_loss	: 0.1144
Coral_loss	: 0.0000
MMD_loss	: 3.4959
cond_ent_wt	: 4.8301
Src_reg_loss	: 0.0311
-------------------------------------
[Epoch : 150/500]
Total_loss	: 0.1143
Coral_loss	: 0.0000
MMD_loss	: 3.4924
cond_ent_wt	: 4.8300
Src_reg_loss	: 0.0310
-------------------------------------
[Epoch : 151/500]
Total_loss	: 0.1141
Coral_loss	: 0.0000
MMD_loss	: 3.4888
cond_ent_wt	: 4.8300
Src_reg_loss	: 0.0310
-------------------------------------
[Epoch : 152/500]
Total_loss	: 0.1140
Coral_loss	: 0.0000
MMD_loss	: 3.4853
cond_ent_wt	: 4.8299
Src_reg_loss	: 0.0309
-------------------------------------
[Epoch : 153/500]
Total_loss	: 0.1139
Coral_loss	: 0.0000
MMD_loss	: 3.4818
cond_ent_wt	: 4.8298
Src_reg_loss	: 0.0308
-------------------------------------
[Epoch : 154/500]
Total_loss	: 0.1138
Coral_loss	: 0.0000
MMD_loss	: 3.4783
cond_ent_wt	: 4.8298
Src_reg_loss	: 0.0307
-------------------------------------
[Epoch : 155/500]
Total_loss	: 0.1136
Coral_loss	: 0.0000
MMD_loss	: 3.4748
cond_ent_wt	: 4.8297
Src_reg_loss	: 0.0306
-------------------------------------
[Epoch : 156/500]
Total_loss	: 0.1135
Coral_loss	: 0.0000
MMD_loss	: 3.4714
cond_ent_wt	: 4.8296
Src_reg_loss	: 0.0305
-------------------------------------
[Epoch : 157/500]
Total_loss	: 0.1134
Coral_loss	: 0.0000
MMD_loss	: 3.4680
cond_ent_wt	: 4.8296
Src_reg_loss	: 0.0304
-------------------------------------
[Epoch : 158/500]
Total_loss	: 0.1133
Coral_loss	: 0.0000
MMD_loss	: 3.4645
cond_ent_wt	: 4.8295
Src_reg_loss	: 0.0303
-------------------------------------
[Epoch : 159/500]
Total_loss	: 0.1132
Coral_loss	: 0.0000
MMD_loss	: 3.4611
cond_ent_wt	: 4.8295
Src_reg_loss	: 0.0303
-------------------------------------
[Epoch : 160/500]
Total_loss	: 0.1130
Coral_loss	: 0.0000
MMD_loss	: 3.4577
cond_ent_wt	: 4.8294
Src_reg_loss	: 0.0302
-------------------------------------
[Epoch : 161/500]
Total_loss	: 0.1129
Coral_loss	: 0.0000
MMD_loss	: 3.4543
cond_ent_wt	: 4.8294
Src_reg_loss	: 0.0301
-------------------------------------
[Epoch : 162/500]
Total_loss	: 0.1128
Coral_loss	: 0.0000
MMD_loss	: 3.4509
cond_ent_wt	: 4.8293
Src_reg_loss	: 0.0300
-------------------------------------
[Epoch : 163/500]
Total_loss	: 0.1127
Coral_loss	: 0.0000
MMD_loss	: 3.4476
cond_ent_wt	: 4.8292
Src_reg_loss	: 0.0299
-------------------------------------
[Epoch : 164/500]
Total_loss	: 0.1126
Coral_loss	: 0.0000
MMD_loss	: 3.4442
cond_ent_wt	: 4.8292
Src_reg_loss	: 0.0298
-------------------------------------
[Epoch : 165/500]
Total_loss	: 0.1125
Coral_loss	: 0.0000
MMD_loss	: 3.4408
cond_ent_wt	: 4.8291
Src_reg_loss	: 0.0298
-------------------------------------
[Epoch : 166/500]
Total_loss	: 0.1123
Coral_loss	: 0.0000
MMD_loss	: 3.4375
cond_ent_wt	: 4.8291
Src_reg_loss	: 0.0297
-------------------------------------
[Epoch : 167/500]
Total_loss	: 0.1122
Coral_loss	: 0.0000
MMD_loss	: 3.4341
cond_ent_wt	: 4.8290
Src_reg_loss	: 0.0296
-------------------------------------
[Epoch : 168/500]
Total_loss	: 0.1121
Coral_loss	: 0.0000
MMD_loss	: 3.4307
cond_ent_wt	: 4.8290
Src_reg_loss	: 0.0295
-------------------------------------
[Epoch : 169/500]
Total_loss	: 0.1120
Coral_loss	: 0.0000
MMD_loss	: 3.4274
cond_ent_wt	: 4.8289
Src_reg_loss	: 0.0294
-------------------------------------
[Epoch : 170/500]
Total_loss	: 0.1119
Coral_loss	: 0.0000
MMD_loss	: 3.4240
cond_ent_wt	: 4.8288
Src_reg_loss	: 0.0294
-------------------------------------
[Epoch : 171/500]
Total_loss	: 0.1118
Coral_loss	: 0.0000
MMD_loss	: 3.4206
cond_ent_wt	: 4.8288
Src_reg_loss	: 0.0293
-------------------------------------
[Epoch : 172/500]
Total_loss	: 0.1117
Coral_loss	: 0.0000
MMD_loss	: 3.4173
cond_ent_wt	: 4.8287
Src_reg_loss	: 0.0292
-------------------------------------
[Epoch : 173/500]
Total_loss	: 0.1116
Coral_loss	: 0.0000
MMD_loss	: 3.4139
cond_ent_wt	: 4.8287
Src_reg_loss	: 0.0291
-------------------------------------
[Epoch : 174/500]
Total_loss	: 0.1114
Coral_loss	: 0.0000
MMD_loss	: 3.4105
cond_ent_wt	: 4.8286
Src_reg_loss	: 0.0291
-------------------------------------
[Epoch : 175/500]
Total_loss	: 0.1113
Coral_loss	: 0.0000
MMD_loss	: 3.4071
cond_ent_wt	: 4.8286
Src_reg_loss	: 0.0290
-------------------------------------
[Epoch : 176/500]
Total_loss	: 0.1112
Coral_loss	: 0.0000
MMD_loss	: 3.4037
cond_ent_wt	: 4.8285
Src_reg_loss	: 0.0289
-------------------------------------
[Epoch : 177/500]
Total_loss	: 0.1111
Coral_loss	: 0.0000
MMD_loss	: 3.4003
cond_ent_wt	: 4.8285
Src_reg_loss	: 0.0288
-------------------------------------
[Epoch : 178/500]
Total_loss	: 0.1110
Coral_loss	: 0.0000
MMD_loss	: 3.3969
cond_ent_wt	: 4.8284
Src_reg_loss	: 0.0288
-------------------------------------
[Epoch : 179/500]
Total_loss	: 0.1109
Coral_loss	: 0.0000
MMD_loss	: 3.3935
cond_ent_wt	: 4.8283
Src_reg_loss	: 0.0287
-------------------------------------
[Epoch : 180/500]
Total_loss	: 0.1108
Coral_loss	: 0.0000
MMD_loss	: 3.3901
cond_ent_wt	: 4.8283
Src_reg_loss	: 0.0286
-------------------------------------
[Epoch : 181/500]
Total_loss	: 0.1107
Coral_loss	: 0.0000
MMD_loss	: 3.3867
cond_ent_wt	: 4.8282
Src_reg_loss	: 0.0285
-------------------------------------
[Epoch : 182/500]
Total_loss	: 0.1106
Coral_loss	: 0.0000
MMD_loss	: 3.3832
cond_ent_wt	: 4.8282
Src_reg_loss	: 0.0285
-------------------------------------
[Epoch : 183/500]
Total_loss	: 0.1105
Coral_loss	: 0.0000
MMD_loss	: 3.3798
cond_ent_wt	: 4.8281
Src_reg_loss	: 0.0284
-------------------------------------
[Epoch : 184/500]
Total_loss	: 0.1104
Coral_loss	: 0.0000
MMD_loss	: 3.3763
cond_ent_wt	: 4.8281
Src_reg_loss	: 0.0283
-------------------------------------
[Epoch : 185/500]
Total_loss	: 0.1103
Coral_loss	: 0.0000
MMD_loss	: 3.3729
cond_ent_wt	: 4.8280
Src_reg_loss	: 0.0283
-------------------------------------
[Epoch : 186/500]
Total_loss	: 0.1102
Coral_loss	: 0.0000
MMD_loss	: 3.3694
cond_ent_wt	: 4.8280
Src_reg_loss	: 0.0282
-------------------------------------
[Epoch : 187/500]
Total_loss	: 0.1101
Coral_loss	: 0.0000
MMD_loss	: 3.3659
cond_ent_wt	: 4.8279
Src_reg_loss	: 0.0281
-------------------------------------
[Epoch : 188/500]
Total_loss	: 0.1100
Coral_loss	: 0.0000
MMD_loss	: 3.3624
cond_ent_wt	: 4.8279
Src_reg_loss	: 0.0280
-------------------------------------
[Epoch : 189/500]
Total_loss	: 0.1098
Coral_loss	: 0.0000
MMD_loss	: 3.3589
cond_ent_wt	: 4.8278
Src_reg_loss	: 0.0280
-------------------------------------
[Epoch : 190/500]
Total_loss	: 0.1097
Coral_loss	: 0.0000
MMD_loss	: 3.3554
cond_ent_wt	: 4.8277
Src_reg_loss	: 0.0279
-------------------------------------
[Epoch : 191/500]
Total_loss	: 0.1096
Coral_loss	: 0.0000
MMD_loss	: 3.3519
cond_ent_wt	: 4.8277
Src_reg_loss	: 0.0278
-------------------------------------
[Epoch : 192/500]
Total_loss	: 0.1095
Coral_loss	: 0.0000
MMD_loss	: 3.3483
cond_ent_wt	: 4.8276
Src_reg_loss	: 0.0278
-------------------------------------
[Epoch : 193/500]
Total_loss	: 0.1094
Coral_loss	: 0.0000
MMD_loss	: 3.3448
cond_ent_wt	: 4.8276
Src_reg_loss	: 0.0277
-------------------------------------
[Epoch : 194/500]
Total_loss	: 0.1093
Coral_loss	: 0.0000
MMD_loss	: 3.3412
cond_ent_wt	: 4.8275
Src_reg_loss	: 0.0276
-------------------------------------
[Epoch : 195/500]
Total_loss	: 0.1092
Coral_loss	: 0.0000
MMD_loss	: 3.3376
cond_ent_wt	: 4.8275
Src_reg_loss	: 0.0276
-------------------------------------
[Epoch : 196/500]
Total_loss	: 0.1091
Coral_loss	: 0.0000
MMD_loss	: 3.3340
cond_ent_wt	: 4.8274
Src_reg_loss	: 0.0275
-------------------------------------
[Epoch : 197/500]
Total_loss	: 0.1090
Coral_loss	: 0.0000
MMD_loss	: 3.3305
cond_ent_wt	: 4.8274
Src_reg_loss	: 0.0275
-------------------------------------
[Epoch : 198/500]
Total_loss	: 0.1089
Coral_loss	: 0.0000
MMD_loss	: 3.3268
cond_ent_wt	: 4.8273
Src_reg_loss	: 0.0274
-------------------------------------
[Epoch : 199/500]
Total_loss	: 0.1088
Coral_loss	: 0.0000
MMD_loss	: 3.3232
cond_ent_wt	: 4.8273
Src_reg_loss	: 0.0273
-------------------------------------
[Epoch : 200/500]
Total_loss	: 0.1087
Coral_loss	: 0.0000
MMD_loss	: 3.3196
cond_ent_wt	: 4.8272
Src_reg_loss	: 0.0273
-------------------------------------
[Epoch : 201/500]
Total_loss	: 0.1086
Coral_loss	: 0.0000
MMD_loss	: 3.3160
cond_ent_wt	: 4.8271
Src_reg_loss	: 0.0272
-------------------------------------
[Epoch : 202/500]
Total_loss	: 0.1085
Coral_loss	: 0.0000
MMD_loss	: 3.3123
cond_ent_wt	: 4.8271
Src_reg_loss	: 0.0271
-------------------------------------
[Epoch : 203/500]
Total_loss	: 0.1084
Coral_loss	: 0.0000
MMD_loss	: 3.3086
cond_ent_wt	: 4.8270
Src_reg_loss	: 0.0271
-------------------------------------
[Epoch : 204/500]
Total_loss	: 0.1083
Coral_loss	: 0.0000
MMD_loss	: 3.3050
cond_ent_wt	: 4.8270
Src_reg_loss	: 0.0270
-------------------------------------
[Epoch : 205/500]
Total_loss	: 0.1082
Coral_loss	: 0.0000
MMD_loss	: 3.3013
cond_ent_wt	: 4.8269
Src_reg_loss	: 0.0269
-------------------------------------
[Epoch : 206/500]
Total_loss	: 0.1081
Coral_loss	: 0.0000
MMD_loss	: 3.2976
cond_ent_wt	: 4.8269
Src_reg_loss	: 0.0269
-------------------------------------
[Epoch : 207/500]
Total_loss	: 0.1080
Coral_loss	: 0.0000
MMD_loss	: 3.2939
cond_ent_wt	: 4.8268
Src_reg_loss	: 0.0268
-------------------------------------
[Epoch : 208/500]
Total_loss	: 0.1079
Coral_loss	: 0.0000
MMD_loss	: 3.2902
cond_ent_wt	: 4.8268
Src_reg_loss	: 0.0268
-------------------------------------
[Epoch : 209/500]
Total_loss	: 0.1078
Coral_loss	: 0.0000
MMD_loss	: 3.2865
cond_ent_wt	: 4.8267
Src_reg_loss	: 0.0267
-------------------------------------
[Epoch : 210/500]
Total_loss	: 0.1077
Coral_loss	: 0.0000
MMD_loss	: 3.2828
cond_ent_wt	: 4.8266
Src_reg_loss	: 0.0266
-------------------------------------
[Epoch : 211/500]
Total_loss	: 0.1076
Coral_loss	: 0.0000
MMD_loss	: 3.2791
cond_ent_wt	: 4.8266
Src_reg_loss	: 0.0266
-------------------------------------
[Epoch : 212/500]
Total_loss	: 0.1075
Coral_loss	: 0.0000
MMD_loss	: 3.2753
cond_ent_wt	: 4.8265
Src_reg_loss	: 0.0265
-------------------------------------
[Epoch : 213/500]
Total_loss	: 0.1075
Coral_loss	: 0.0000
MMD_loss	: 3.2716
cond_ent_wt	: 4.8265
Src_reg_loss	: 0.0265
-------------------------------------
[Epoch : 214/500]
Total_loss	: 0.1074
Coral_loss	: 0.0000
MMD_loss	: 3.2679
cond_ent_wt	: 4.8264
Src_reg_loss	: 0.0264
-------------------------------------
[Epoch : 215/500]
Total_loss	: 0.1073
Coral_loss	: 0.0000
MMD_loss	: 3.2641
cond_ent_wt	: 4.8264
Src_reg_loss	: 0.0264
-------------------------------------
[Epoch : 216/500]
Total_loss	: 0.1072
Coral_loss	: 0.0000
MMD_loss	: 3.2604
cond_ent_wt	: 4.8263
Src_reg_loss	: 0.0263
-------------------------------------
[Epoch : 217/500]
Total_loss	: 0.1071
Coral_loss	: 0.0000
MMD_loss	: 3.2566
cond_ent_wt	: 4.8262
Src_reg_loss	: 0.0262
-------------------------------------
[Epoch : 218/500]
Total_loss	: 0.1070
Coral_loss	: 0.0000
MMD_loss	: 3.2529
cond_ent_wt	: 4.8262
Src_reg_loss	: 0.0262
-------------------------------------
[Epoch : 219/500]
Total_loss	: 0.1069
Coral_loss	: 0.0000
MMD_loss	: 3.2491
cond_ent_wt	: 4.8261
Src_reg_loss	: 0.0261
-------------------------------------
[Epoch : 220/500]
Total_loss	: 0.1068
Coral_loss	: 0.0000
MMD_loss	: 3.2454
cond_ent_wt	: 4.8261
Src_reg_loss	: 0.0261
-------------------------------------
[Epoch : 221/500]
Total_loss	: 0.1067
Coral_loss	: 0.0000
MMD_loss	: 3.2416
cond_ent_wt	: 4.8260
Src_reg_loss	: 0.0260
-------------------------------------
[Epoch : 222/500]
Total_loss	: 0.1066
Coral_loss	: 0.0000
MMD_loss	: 3.2379
cond_ent_wt	: 4.8259
Src_reg_loss	: 0.0260
-------------------------------------
[Epoch : 223/500]
Total_loss	: 0.1065
Coral_loss	: 0.0000
MMD_loss	: 3.2341
cond_ent_wt	: 4.8259
Src_reg_loss	: 0.0259
-------------------------------------
[Epoch : 224/500]
Total_loss	: 0.1064
Coral_loss	: 0.0000
MMD_loss	: 3.2304
cond_ent_wt	: 4.8258
Src_reg_loss	: 0.0259
-------------------------------------
[Epoch : 225/500]
Total_loss	: 0.1063
Coral_loss	: 0.0000
MMD_loss	: 3.2266
cond_ent_wt	: 4.8258
Src_reg_loss	: 0.0258
-------------------------------------
[Epoch : 226/500]
Total_loss	: 0.1062
Coral_loss	: 0.0000
MMD_loss	: 3.2229
cond_ent_wt	: 4.8257
Src_reg_loss	: 0.0257
-------------------------------------
[Epoch : 227/500]
Total_loss	: 0.1061
Coral_loss	: 0.0000
MMD_loss	: 3.2191
cond_ent_wt	: 4.8256
Src_reg_loss	: 0.0257
-------------------------------------
[Epoch : 228/500]
Total_loss	: 0.1060
Coral_loss	: 0.0000
MMD_loss	: 3.2154
cond_ent_wt	: 4.8256
Src_reg_loss	: 0.0256
-------------------------------------
[Epoch : 229/500]
Total_loss	: 0.1060
Coral_loss	: 0.0000
MMD_loss	: 3.2117
cond_ent_wt	: 4.8255
Src_reg_loss	: 0.0256
-------------------------------------
[Epoch : 230/500]
Total_loss	: 0.1059
Coral_loss	: 0.0000
MMD_loss	: 3.2079
cond_ent_wt	: 4.8254
Src_reg_loss	: 0.0255
-------------------------------------
[Epoch : 231/500]
Total_loss	: 0.1058
Coral_loss	: 0.0000
MMD_loss	: 3.2042
cond_ent_wt	: 4.8254
Src_reg_loss	: 0.0255
-------------------------------------
[Epoch : 232/500]
Total_loss	: 0.1057
Coral_loss	: 0.0000
MMD_loss	: 3.2005
cond_ent_wt	: 4.8253
Src_reg_loss	: 0.0254
-------------------------------------
[Epoch : 233/500]
Total_loss	: 0.1056
Coral_loss	: 0.0000
MMD_loss	: 3.1968
cond_ent_wt	: 4.8253
Src_reg_loss	: 0.0254
-------------------------------------
[Epoch : 234/500]
Total_loss	: 0.1055
Coral_loss	: 0.0000
MMD_loss	: 3.1931
cond_ent_wt	: 4.8252
Src_reg_loss	: 0.0253
-------------------------------------
[Epoch : 235/500]
Total_loss	: 0.1054
Coral_loss	: 0.0000
MMD_loss	: 3.1894
cond_ent_wt	: 4.8251
Src_reg_loss	: 0.0253
-------------------------------------
[Epoch : 236/500]
Total_loss	: 0.1053
Coral_loss	: 0.0000
MMD_loss	: 3.1858
cond_ent_wt	: 4.8251
Src_reg_loss	: 0.0252
-------------------------------------
[Epoch : 237/500]
Total_loss	: 0.1052
Coral_loss	: 0.0000
MMD_loss	: 3.1821
cond_ent_wt	: 4.8250
Src_reg_loss	: 0.0252
-------------------------------------
[Epoch : 238/500]
Total_loss	: 0.1052
Coral_loss	: 0.0000
MMD_loss	: 3.1785
cond_ent_wt	: 4.8249
Src_reg_loss	: 0.0251
-------------------------------------
[Epoch : 239/500]
Total_loss	: 0.1051
Coral_loss	: 0.0000
MMD_loss	: 3.1748
cond_ent_wt	: 4.8249
Src_reg_loss	: 0.0251
-------------------------------------
[Epoch : 240/500]
Total_loss	: 0.1050
Coral_loss	: 0.0000
MMD_loss	: 3.1712
cond_ent_wt	: 4.8248
Src_reg_loss	: 0.0250
-------------------------------------
[Epoch : 241/500]
Total_loss	: 0.1049
Coral_loss	: 0.0000
MMD_loss	: 3.1676
cond_ent_wt	: 4.8247
Src_reg_loss	: 0.0250
-------------------------------------
[Epoch : 242/500]
Total_loss	: 0.1048
Coral_loss	: 0.0000
MMD_loss	: 3.1640
cond_ent_wt	: 4.8247
Src_reg_loss	: 0.0249
-------------------------------------
[Epoch : 243/500]
Total_loss	: 0.1047
Coral_loss	: 0.0000
MMD_loss	: 3.1604
cond_ent_wt	: 4.8246
Src_reg_loss	: 0.0249
-------------------------------------
[Epoch : 244/500]
Total_loss	: 0.1046
Coral_loss	: 0.0000
MMD_loss	: 3.1569
cond_ent_wt	: 4.8245
Src_reg_loss	: 0.0248
-------------------------------------
[Epoch : 245/500]
Total_loss	: 0.1046
Coral_loss	: 0.0000
MMD_loss	: 3.1533
cond_ent_wt	: 4.8244
Src_reg_loss	: 0.0248
-------------------------------------
[Epoch : 246/500]
Total_loss	: 0.1045
Coral_loss	: 0.0000
MMD_loss	: 3.1498
cond_ent_wt	: 4.8244
Src_reg_loss	: 0.0247
-------------------------------------
[Epoch : 247/500]
Total_loss	: 0.1044
Coral_loss	: 0.0000
MMD_loss	: 3.1463
cond_ent_wt	: 4.8243
Src_reg_loss	: 0.0247
-------------------------------------
[Epoch : 248/500]
Total_loss	: 0.1043
Coral_loss	: 0.0000
MMD_loss	: 3.1428
cond_ent_wt	: 4.8242
Src_reg_loss	: 0.0246
-------------------------------------
[Epoch : 249/500]
Total_loss	: 0.1042
Coral_loss	: 0.0000
MMD_loss	: 3.1393
cond_ent_wt	: 4.8242
Src_reg_loss	: 0.0246
-------------------------------------
[Epoch : 250/500]
Total_loss	: 0.1041
Coral_loss	: 0.0000
MMD_loss	: 3.1359
cond_ent_wt	: 4.8241
Src_reg_loss	: 0.0245
-------------------------------------
[Epoch : 251/500]
Total_loss	: 0.1041
Coral_loss	: 0.0000
MMD_loss	: 3.1325
cond_ent_wt	: 4.8240
Src_reg_loss	: 0.0245
-------------------------------------
[Epoch : 252/500]
Total_loss	: 0.1040
Coral_loss	: 0.0000
MMD_loss	: 3.1291
cond_ent_wt	: 4.8239
Src_reg_loss	: 0.0245
-------------------------------------
[Epoch : 253/500]
Total_loss	: 0.1039
Coral_loss	: 0.0000
MMD_loss	: 3.1257
cond_ent_wt	: 4.8239
Src_reg_loss	: 0.0244
-------------------------------------
[Epoch : 254/500]
Total_loss	: 0.1038
Coral_loss	: 0.0000
MMD_loss	: 3.1223
cond_ent_wt	: 4.8238
Src_reg_loss	: 0.0244
-------------------------------------
[Epoch : 255/500]
Total_loss	: 0.1037
Coral_loss	: 0.0000
MMD_loss	: 3.1190
cond_ent_wt	: 4.8237
Src_reg_loss	: 0.0243
-------------------------------------
[Epoch : 256/500]
Total_loss	: 0.1037
Coral_loss	: 0.0000
MMD_loss	: 3.1157
cond_ent_wt	: 4.8236
Src_reg_loss	: 0.0243
-------------------------------------
[Epoch : 257/500]
Total_loss	: 0.1036
Coral_loss	: 0.0000
MMD_loss	: 3.1124
cond_ent_wt	: 4.8235
Src_reg_loss	: 0.0242
-------------------------------------
[Epoch : 258/500]
Total_loss	: 0.1035
Coral_loss	: 0.0000
MMD_loss	: 3.1091
cond_ent_wt	: 4.8235
Src_reg_loss	: 0.0242
-------------------------------------
[Epoch : 259/500]
Total_loss	: 0.1034
Coral_loss	: 0.0000
MMD_loss	: 3.1059
cond_ent_wt	: 4.8234
Src_reg_loss	: 0.0241
-------------------------------------
[Epoch : 260/500]
Total_loss	: 0.1034
Coral_loss	: 0.0000
MMD_loss	: 3.1027
cond_ent_wt	: 4.8233
Src_reg_loss	: 0.0241
-------------------------------------
[Epoch : 261/500]
Total_loss	: 0.1033
Coral_loss	: 0.0000
MMD_loss	: 3.0995
cond_ent_wt	: 4.8232
Src_reg_loss	: 0.0241
-------------------------------------
[Epoch : 262/500]
Total_loss	: 0.1032
Coral_loss	: 0.0000
MMD_loss	: 3.0963
cond_ent_wt	: 4.8231
Src_reg_loss	: 0.0240
-------------------------------------
[Epoch : 263/500]
Total_loss	: 0.1031
Coral_loss	: 0.0000
MMD_loss	: 3.0932
cond_ent_wt	: 4.8231
Src_reg_loss	: 0.0240
-------------------------------------
[Epoch : 264/500]
Total_loss	: 0.1031
Coral_loss	: 0.0000
MMD_loss	: 3.0901
cond_ent_wt	: 4.8230
Src_reg_loss	: 0.0239
-------------------------------------
[Epoch : 265/500]
Total_loss	: 0.1030
Coral_loss	: 0.0000
MMD_loss	: 3.0870
cond_ent_wt	: 4.8229
Src_reg_loss	: 0.0239
-------------------------------------
[Epoch : 266/500]
Total_loss	: 0.1029
Coral_loss	: 0.0000
MMD_loss	: 3.0840
cond_ent_wt	: 4.8228
Src_reg_loss	: 0.0238
-------------------------------------
[Epoch : 267/500]
Total_loss	: 0.1028
Coral_loss	: 0.0000
MMD_loss	: 3.0809
cond_ent_wt	: 4.8227
Src_reg_loss	: 0.0238
-------------------------------------
[Epoch : 268/500]
Total_loss	: 0.1028
Coral_loss	: 0.0000
MMD_loss	: 3.0779
cond_ent_wt	: 4.8226
Src_reg_loss	: 0.0238
-------------------------------------
[Epoch : 269/500]
Total_loss	: 0.1027
Coral_loss	: 0.0000
MMD_loss	: 3.0750
cond_ent_wt	: 4.8225
Src_reg_loss	: 0.0237
-------------------------------------
[Epoch : 270/500]
Total_loss	: 0.1026
Coral_loss	: 0.0000
MMD_loss	: 3.0720
cond_ent_wt	: 4.8225
Src_reg_loss	: 0.0237
-------------------------------------
[Epoch : 271/500]
Total_loss	: 0.1025
Coral_loss	: 0.0000
MMD_loss	: 3.0691
cond_ent_wt	: 4.8224
Src_reg_loss	: 0.0236
-------------------------------------
[Epoch : 272/500]
Total_loss	: 0.1025
Coral_loss	: 0.0000
MMD_loss	: 3.0662
cond_ent_wt	: 4.8223
Src_reg_loss	: 0.0236
-------------------------------------
[Epoch : 273/500]
Total_loss	: 0.1024
Coral_loss	: 0.0000
MMD_loss	: 3.0633
cond_ent_wt	: 4.8222
Src_reg_loss	: 0.0235
-------------------------------------
[Epoch : 274/500]
Total_loss	: 0.1023
Coral_loss	: 0.0000
MMD_loss	: 3.0605
cond_ent_wt	: 4.8221
Src_reg_loss	: 0.0235
-------------------------------------
[Epoch : 275/500]
Total_loss	: 0.1023
Coral_loss	: 0.0000
MMD_loss	: 3.0577
cond_ent_wt	: 4.8220
Src_reg_loss	: 0.0235
-------------------------------------
[Epoch : 276/500]
Total_loss	: 0.1022
Coral_loss	: 0.0000
MMD_loss	: 3.0549
cond_ent_wt	: 4.8219
Src_reg_loss	: 0.0234
-------------------------------------
[Epoch : 277/500]
Total_loss	: 0.1021
Coral_loss	: 0.0000
MMD_loss	: 3.0521
cond_ent_wt	: 4.8218
Src_reg_loss	: 0.0234
-------------------------------------
[Epoch : 278/500]
Total_loss	: 0.1021
Coral_loss	: 0.0000
MMD_loss	: 3.0494
cond_ent_wt	: 4.8217
Src_reg_loss	: 0.0233
-------------------------------------
[Epoch : 279/500]
Total_loss	: 0.1020
Coral_loss	: 0.0000
MMD_loss	: 3.0468
cond_ent_wt	: 4.8216
Src_reg_loss	: 0.0233
-------------------------------------
[Epoch : 280/500]
Total_loss	: 0.1019
Coral_loss	: 0.0000
MMD_loss	: 3.0441
cond_ent_wt	: 4.8215
Src_reg_loss	: 0.0233
-------------------------------------
[Epoch : 281/500]
Total_loss	: 0.1019
Coral_loss	: 0.0000
MMD_loss	: 3.0415
cond_ent_wt	: 4.8214
Src_reg_loss	: 0.0232
-------------------------------------
[Epoch : 282/500]
Total_loss	: 0.1018
Coral_loss	: 0.0000
MMD_loss	: 3.0390
cond_ent_wt	: 4.8213
Src_reg_loss	: 0.0232
-------------------------------------
[Epoch : 283/500]
Total_loss	: 0.1017
Coral_loss	: 0.0000
MMD_loss	: 3.0364
cond_ent_wt	: 4.8212
Src_reg_loss	: 0.0232
-------------------------------------
[Epoch : 284/500]
Total_loss	: 0.1017
Coral_loss	: 0.0000
MMD_loss	: 3.0339
cond_ent_wt	: 4.8211
Src_reg_loss	: 0.0231
-------------------------------------
[Epoch : 285/500]
Total_loss	: 0.1016
Coral_loss	: 0.0000
MMD_loss	: 3.0314
cond_ent_wt	: 4.8210
Src_reg_loss	: 0.0231
-------------------------------------
[Epoch : 286/500]
Total_loss	: 0.1015
Coral_loss	: 0.0000
MMD_loss	: 3.0290
cond_ent_wt	: 4.8209
Src_reg_loss	: 0.0230
-------------------------------------
[Epoch : 287/500]
Total_loss	: 0.1015
Coral_loss	: 0.0000
MMD_loss	: 3.0266
cond_ent_wt	: 4.8208
Src_reg_loss	: 0.0230
-------------------------------------
[Epoch : 288/500]
Total_loss	: 0.1014
Coral_loss	: 0.0000
MMD_loss	: 3.0243
cond_ent_wt	: 4.8207
Src_reg_loss	: 0.0230
-------------------------------------
[Epoch : 289/500]
Total_loss	: 0.1013
Coral_loss	: 0.0000
MMD_loss	: 3.0219
cond_ent_wt	: 4.8206
Src_reg_loss	: 0.0229
-------------------------------------
[Epoch : 290/500]
Total_loss	: 0.1013
Coral_loss	: 0.0000
MMD_loss	: 3.0196
cond_ent_wt	: 4.8205
Src_reg_loss	: 0.0229
-------------------------------------
[Epoch : 291/500]
Total_loss	: 0.1012
Coral_loss	: 0.0000
MMD_loss	: 3.0174
cond_ent_wt	: 4.8204
Src_reg_loss	: 0.0229
-------------------------------------
[Epoch : 292/500]
Total_loss	: 0.1012
Coral_loss	: 0.0000
MMD_loss	: 3.0152
cond_ent_wt	: 4.8203
Src_reg_loss	: 0.0228
-------------------------------------
[Epoch : 293/500]
Total_loss	: 0.1011
Coral_loss	: 0.0000
MMD_loss	: 3.0130
cond_ent_wt	: 4.8201
Src_reg_loss	: 0.0228
-------------------------------------
[Epoch : 294/500]
Total_loss	: 0.1010
Coral_loss	: 0.0000
MMD_loss	: 3.0108
cond_ent_wt	: 4.8200
Src_reg_loss	: 0.0227
-------------------------------------
[Epoch : 295/500]
Total_loss	: 0.1010
Coral_loss	: 0.0000
MMD_loss	: 3.0087
cond_ent_wt	: 4.8199
Src_reg_loss	: 0.0227
-------------------------------------
[Epoch : 296/500]
Total_loss	: 0.1009
Coral_loss	: 0.0000
MMD_loss	: 3.0066
cond_ent_wt	: 4.8198
Src_reg_loss	: 0.0227
-------------------------------------
[Epoch : 297/500]
Total_loss	: 0.1009
Coral_loss	: 0.0000
MMD_loss	: 3.0046
cond_ent_wt	: 4.8197
Src_reg_loss	: 0.0226
-------------------------------------
[Epoch : 298/500]
Total_loss	: 0.1008
Coral_loss	: 0.0000
MMD_loss	: 3.0026
cond_ent_wt	: 4.8196
Src_reg_loss	: 0.0226
-------------------------------------
[Epoch : 299/500]
Total_loss	: 0.1008
Coral_loss	: 0.0000
MMD_loss	: 3.0006
cond_ent_wt	: 4.8194
Src_reg_loss	: 0.0226
-------------------------------------
[Epoch : 300/500]
Total_loss	: 0.1007
Coral_loss	: 0.0000
MMD_loss	: 2.9987
cond_ent_wt	: 4.8193
Src_reg_loss	: 0.0225
-------------------------------------
[Epoch : 301/500]
Total_loss	: 0.1007
Coral_loss	: 0.0000
MMD_loss	: 2.9968
cond_ent_wt	: 4.8192
Src_reg_loss	: 0.0225
-------------------------------------
[Epoch : 302/500]
Total_loss	: 0.1006
Coral_loss	: 0.0000
MMD_loss	: 2.9949
cond_ent_wt	: 4.8191
Src_reg_loss	: 0.0225
-------------------------------------
[Epoch : 303/500]
Total_loss	: 0.1005
Coral_loss	: 0.0000
MMD_loss	: 2.9931
cond_ent_wt	: 4.8189
Src_reg_loss	: 0.0224
-------------------------------------
[Epoch : 304/500]
Total_loss	: 0.1005
Coral_loss	: 0.0000
MMD_loss	: 2.9913
cond_ent_wt	: 4.8188
Src_reg_loss	: 0.0224
-------------------------------------
[Epoch : 305/500]
Total_loss	: 0.1004
Coral_loss	: 0.0000
MMD_loss	: 2.9895
cond_ent_wt	: 4.8187
Src_reg_loss	: 0.0224
-------------------------------------
[Epoch : 306/500]
Total_loss	: 0.1004
Coral_loss	: 0.0000
MMD_loss	: 2.9878
cond_ent_wt	: 4.8185
Src_reg_loss	: 0.0223
-------------------------------------
[Epoch : 307/500]
Total_loss	: 0.1003
Coral_loss	: 0.0000
MMD_loss	: 2.9861
cond_ent_wt	: 4.8184
Src_reg_loss	: 0.0223
-------------------------------------
[Epoch : 308/500]
Total_loss	: 0.1003
Coral_loss	: 0.0000
MMD_loss	: 2.9844
cond_ent_wt	: 4.8183
Src_reg_loss	: 0.0222
-------------------------------------
[Epoch : 309/500]
Total_loss	: 0.1002
Coral_loss	: 0.0000
MMD_loss	: 2.9828
cond_ent_wt	: 4.8181
Src_reg_loss	: 0.0222
-------------------------------------
[Epoch : 310/500]
Total_loss	: 0.1002
Coral_loss	: 0.0000
MMD_loss	: 2.9812
cond_ent_wt	: 4.8180
Src_reg_loss	: 0.0222
-------------------------------------
[Epoch : 311/500]
Total_loss	: 0.1001
Coral_loss	: 0.0000
MMD_loss	: 2.9797
cond_ent_wt	: 4.8179
Src_reg_loss	: 0.0221
-------------------------------------
[Epoch : 312/500]
Total_loss	: 0.1001
Coral_loss	: 0.0000
MMD_loss	: 2.9782
cond_ent_wt	: 4.8177
Src_reg_loss	: 0.0221
-------------------------------------
[Epoch : 313/500]
Total_loss	: 0.1000
Coral_loss	: 0.0000
MMD_loss	: 2.9767
cond_ent_wt	: 4.8176
Src_reg_loss	: 0.0221
-------------------------------------
[Epoch : 314/500]
Total_loss	: 0.1000
Coral_loss	: 0.0000
MMD_loss	: 2.9752
cond_ent_wt	: 4.8174
Src_reg_loss	: 0.0221
-------------------------------------
[Epoch : 315/500]
Total_loss	: 0.0999
Coral_loss	: 0.0000
MMD_loss	: 2.9738
cond_ent_wt	: 4.8173
Src_reg_loss	: 0.0220
-------------------------------------
[Epoch : 316/500]
Total_loss	: 0.0999
Coral_loss	: 0.0000
MMD_loss	: 2.9724
cond_ent_wt	: 4.8171
Src_reg_loss	: 0.0220
-------------------------------------
[Epoch : 317/500]
Total_loss	: 0.0998
Coral_loss	: 0.0000
MMD_loss	: 2.9711
cond_ent_wt	: 4.8170
Src_reg_loss	: 0.0220
-------------------------------------
[Epoch : 318/500]
Total_loss	: 0.0998
Coral_loss	: 0.0000
MMD_loss	: 2.9697
cond_ent_wt	: 4.8168
Src_reg_loss	: 0.0219
-------------------------------------
[Epoch : 319/500]
Total_loss	: 0.0997
Coral_loss	: 0.0000
MMD_loss	: 2.9685
cond_ent_wt	: 4.8167
Src_reg_loss	: 0.0219
-------------------------------------
[Epoch : 320/500]
Total_loss	: 0.0997
Coral_loss	: 0.0000
MMD_loss	: 2.9672
cond_ent_wt	: 4.8165
Src_reg_loss	: 0.0219
-------------------------------------
[Epoch : 321/500]
Total_loss	: 0.0996
Coral_loss	: 0.0000
MMD_loss	: 2.9660
cond_ent_wt	: 4.8164
Src_reg_loss	: 0.0218
-------------------------------------
[Epoch : 322/500]
Total_loss	: 0.0996
Coral_loss	: 0.0000
MMD_loss	: 2.9648
cond_ent_wt	: 4.8162
Src_reg_loss	: 0.0218
-------------------------------------
[Epoch : 323/500]
Total_loss	: 0.0996
Coral_loss	: 0.0000
MMD_loss	: 2.9636
cond_ent_wt	: 4.8161
Src_reg_loss	: 0.0218
-------------------------------------
[Epoch : 324/500]
Total_loss	: 0.0995
Coral_loss	: 0.0000
MMD_loss	: 2.9625
cond_ent_wt	: 4.8159
Src_reg_loss	: 0.0217
-------------------------------------
[Epoch : 325/500]
Total_loss	: 0.0995
Coral_loss	: 0.0000
MMD_loss	: 2.9614
cond_ent_wt	: 4.8158
Src_reg_loss	: 0.0217
-------------------------------------
[Epoch : 326/500]
Total_loss	: 0.0994
Coral_loss	: 0.0000
MMD_loss	: 2.9604
cond_ent_wt	: 4.8156
Src_reg_loss	: 0.0217
-------------------------------------
[Epoch : 327/500]
Total_loss	: 0.0994
Coral_loss	: 0.0000
MMD_loss	: 2.9593
cond_ent_wt	: 4.8154
Src_reg_loss	: 0.0216
-------------------------------------
[Epoch : 328/500]
Total_loss	: 0.0993
Coral_loss	: 0.0000
MMD_loss	: 2.9583
cond_ent_wt	: 4.8153
Src_reg_loss	: 0.0216
-------------------------------------
[Epoch : 329/500]
Total_loss	: 0.0993
Coral_loss	: 0.0000
MMD_loss	: 2.9574
cond_ent_wt	: 4.8151
Src_reg_loss	: 0.0216
-------------------------------------
[Epoch : 330/500]
Total_loss	: 0.0993
Coral_loss	: 0.0000
MMD_loss	: 2.9564
cond_ent_wt	: 4.8149
Src_reg_loss	: 0.0215
-------------------------------------
[Epoch : 331/500]
Total_loss	: 0.0992
Coral_loss	: 0.0000
MMD_loss	: 2.9555
cond_ent_wt	: 4.8148
Src_reg_loss	: 0.0215
-------------------------------------
[Epoch : 332/500]
Total_loss	: 0.0992
Coral_loss	: 0.0000
MMD_loss	: 2.9546
cond_ent_wt	: 4.8146
Src_reg_loss	: 0.0215
-------------------------------------
[Epoch : 333/500]
Total_loss	: 0.0991
Coral_loss	: 0.0000
MMD_loss	: 2.9538
cond_ent_wt	: 4.8144
Src_reg_loss	: 0.0215
-------------------------------------
[Epoch : 334/500]
Total_loss	: 0.0991
Coral_loss	: 0.0000
MMD_loss	: 2.9530
cond_ent_wt	: 4.8142
Src_reg_loss	: 0.0214
-------------------------------------
[Epoch : 335/500]
Total_loss	: 0.0991
Coral_loss	: 0.0000
MMD_loss	: 2.9522
cond_ent_wt	: 4.8141
Src_reg_loss	: 0.0214
-------------------------------------
[Epoch : 336/500]
Total_loss	: 0.0990
Coral_loss	: 0.0000
MMD_loss	: 2.9514
cond_ent_wt	: 4.8139
Src_reg_loss	: 0.0214
-------------------------------------
[Epoch : 337/500]
Total_loss	: 0.0990
Coral_loss	: 0.0000
MMD_loss	: 2.9506
cond_ent_wt	: 4.8137
Src_reg_loss	: 0.0213
-------------------------------------
[Epoch : 338/500]
Total_loss	: 0.0989
Coral_loss	: 0.0000
MMD_loss	: 2.9499
cond_ent_wt	: 4.8135
Src_reg_loss	: 0.0213
-------------------------------------
[Epoch : 339/500]
Total_loss	: 0.0989
Coral_loss	: 0.0000
MMD_loss	: 2.9492
cond_ent_wt	: 4.8133
Src_reg_loss	: 0.0213
-------------------------------------
[Epoch : 340/500]
Total_loss	: 0.0989
Coral_loss	: 0.0000
MMD_loss	: 2.9486
cond_ent_wt	: 4.8132
Src_reg_loss	: 0.0213
-------------------------------------
[Epoch : 341/500]
Total_loss	: 0.0988
Coral_loss	: 0.0000
MMD_loss	: 2.9479
cond_ent_wt	: 4.8130
Src_reg_loss	: 0.0212
-------------------------------------
[Epoch : 342/500]
Total_loss	: 0.0988
Coral_loss	: 0.0000
MMD_loss	: 2.9473
cond_ent_wt	: 4.8128
Src_reg_loss	: 0.0212
-------------------------------------
[Epoch : 343/500]
Total_loss	: 0.0988
Coral_loss	: 0.0000
MMD_loss	: 2.9467
cond_ent_wt	: 4.8126
Src_reg_loss	: 0.0212
-------------------------------------
[Epoch : 344/500]
Total_loss	: 0.0987
Coral_loss	: 0.0000
MMD_loss	: 2.9461
cond_ent_wt	: 4.8124
Src_reg_loss	: 0.0211
-------------------------------------
[Epoch : 345/500]
Total_loss	: 0.0987
Coral_loss	: 0.0000
MMD_loss	: 2.9456
cond_ent_wt	: 4.8122
Src_reg_loss	: 0.0211
-------------------------------------
[Epoch : 346/500]
Total_loss	: 0.0987
Coral_loss	: 0.0000
MMD_loss	: 2.9451
cond_ent_wt	: 4.8120
Src_reg_loss	: 0.0211
-------------------------------------
[Epoch : 347/500]
Total_loss	: 0.0986
Coral_loss	: 0.0000
MMD_loss	: 2.9446
cond_ent_wt	: 4.8118
Src_reg_loss	: 0.0211
-------------------------------------
[Epoch : 348/500]
Total_loss	: 0.0986
Coral_loss	: 0.0000
MMD_loss	: 2.9441
cond_ent_wt	: 4.8116
Src_reg_loss	: 0.0210
-------------------------------------
[Epoch : 349/500]
Total_loss	: 0.0985
Coral_loss	: 0.0000
MMD_loss	: 2.9437
cond_ent_wt	: 4.8114
Src_reg_loss	: 0.0210
-------------------------------------
[Epoch : 350/500]
Total_loss	: 0.0985
Coral_loss	: 0.0000
MMD_loss	: 2.9432
cond_ent_wt	: 4.8112
Src_reg_loss	: 0.0210
-------------------------------------
[Epoch : 351/500]
Total_loss	: 0.0985
Coral_loss	: 0.0000
MMD_loss	: 2.9428
cond_ent_wt	: 4.8110
Src_reg_loss	: 0.0209
-------------------------------------
[Epoch : 352/500]
Total_loss	: 0.0984
Coral_loss	: 0.0000
MMD_loss	: 2.9424
cond_ent_wt	: 4.8108
Src_reg_loss	: 0.0209
-------------------------------------
[Epoch : 353/500]
Total_loss	: 0.0984
Coral_loss	: 0.0000
MMD_loss	: 2.9421
cond_ent_wt	: 4.8106
Src_reg_loss	: 0.0209
-------------------------------------
[Epoch : 354/500]
Total_loss	: 0.0984
Coral_loss	: 0.0000
MMD_loss	: 2.9417
cond_ent_wt	: 4.8104
Src_reg_loss	: 0.0209
-------------------------------------
[Epoch : 355/500]
Total_loss	: 0.0983
Coral_loss	: 0.0000
MMD_loss	: 2.9414
cond_ent_wt	: 4.8102
Src_reg_loss	: 0.0208
-------------------------------------
[Epoch : 356/500]
Total_loss	: 0.0983
Coral_loss	: 0.0000
MMD_loss	: 2.9411
cond_ent_wt	: 4.8100
Src_reg_loss	: 0.0208
-------------------------------------
[Epoch : 357/500]
Total_loss	: 0.0983
Coral_loss	: 0.0000
MMD_loss	: 2.9408
cond_ent_wt	: 4.8098
Src_reg_loss	: 0.0208
-------------------------------------
[Epoch : 358/500]
Total_loss	: 0.0983
Coral_loss	: 0.0000
MMD_loss	: 2.9406
cond_ent_wt	: 4.8096
Src_reg_loss	: 0.0208
-------------------------------------
[Epoch : 359/500]
Total_loss	: 0.0982
Coral_loss	: 0.0000
MMD_loss	: 2.9404
cond_ent_wt	: 4.8094
Src_reg_loss	: 0.0207
-------------------------------------
[Epoch : 360/500]
Total_loss	: 0.0982
Coral_loss	: 0.0000
MMD_loss	: 2.9401
cond_ent_wt	: 4.8092
Src_reg_loss	: 0.0207
-------------------------------------
[Epoch : 361/500]
Total_loss	: 0.0982
Coral_loss	: 0.0000
MMD_loss	: 2.9400
cond_ent_wt	: 4.8089
Src_reg_loss	: 0.0207
-------------------------------------
[Epoch : 362/500]
Total_loss	: 0.0981
Coral_loss	: 0.0000
MMD_loss	: 2.9398
cond_ent_wt	: 4.8087
Src_reg_loss	: 0.0206
-------------------------------------
[Epoch : 363/500]
Total_loss	: 0.0981
Coral_loss	: 0.0000
MMD_loss	: 2.9396
cond_ent_wt	: 4.8085
Src_reg_loss	: 0.0206
-------------------------------------
[Epoch : 364/500]
Total_loss	: 0.0981
Coral_loss	: 0.0000
MMD_loss	: 2.9395
cond_ent_wt	: 4.8083
Src_reg_loss	: 0.0206
-------------------------------------
[Epoch : 365/500]
Total_loss	: 0.0980
Coral_loss	: 0.0000
MMD_loss	: 2.9394
cond_ent_wt	: 4.8081
Src_reg_loss	: 0.0206
-------------------------------------
[Epoch : 366/500]
Total_loss	: 0.0980
Coral_loss	: 0.0000
MMD_loss	: 2.9393
cond_ent_wt	: 4.8078
Src_reg_loss	: 0.0205
-------------------------------------
[Epoch : 367/500]
Total_loss	: 0.0980
Coral_loss	: 0.0000
MMD_loss	: 2.9392
cond_ent_wt	: 4.8076
Src_reg_loss	: 0.0205
-------------------------------------
[Epoch : 368/500]
Total_loss	: 0.0980
Coral_loss	: 0.0000
MMD_loss	: 2.9391
cond_ent_wt	: 4.8074
Src_reg_loss	: 0.0205
-------------------------------------
[Epoch : 369/500]
Total_loss	: 0.0979
Coral_loss	: 0.0000
MMD_loss	: 2.9391
cond_ent_wt	: 4.8072
Src_reg_loss	: 0.0205
-------------------------------------
[Epoch : 370/500]
Total_loss	: 0.0979
Coral_loss	: 0.0000
MMD_loss	: 2.9391
cond_ent_wt	: 4.8069
Src_reg_loss	: 0.0204
-------------------------------------
[Epoch : 371/500]
Total_loss	: 0.0979
Coral_loss	: 0.0000
MMD_loss	: 2.9390
cond_ent_wt	: 4.8067
Src_reg_loss	: 0.0204
-------------------------------------
[Epoch : 372/500]
Total_loss	: 0.0978
Coral_loss	: 0.0000
MMD_loss	: 2.9391
cond_ent_wt	: 4.8065
Src_reg_loss	: 0.0204
-------------------------------------
[Epoch : 373/500]
Total_loss	: 0.0978
Coral_loss	: 0.0000
MMD_loss	: 2.9391
cond_ent_wt	: 4.8063
Src_reg_loss	: 0.0204
-------------------------------------
[Epoch : 374/500]
Total_loss	: 0.0978
Coral_loss	: 0.0000
MMD_loss	: 2.9391
cond_ent_wt	: 4.8060
Src_reg_loss	: 0.0203
-------------------------------------
[Epoch : 375/500]
Total_loss	: 0.0978
Coral_loss	: 0.0000
MMD_loss	: 2.9392
cond_ent_wt	: 4.8058
Src_reg_loss	: 0.0203
-------------------------------------
[Epoch : 376/500]
Total_loss	: 0.0977
Coral_loss	: 0.0000
MMD_loss	: 2.9392
cond_ent_wt	: 4.8056
Src_reg_loss	: 0.0203
-------------------------------------
[Epoch : 377/500]
Total_loss	: 0.0977
Coral_loss	: 0.0000
MMD_loss	: 2.9393
cond_ent_wt	: 4.8053
Src_reg_loss	: 0.0203
-------------------------------------
[Epoch : 378/500]
Total_loss	: 0.0977
Coral_loss	: 0.0000
MMD_loss	: 2.9394
cond_ent_wt	: 4.8051
Src_reg_loss	: 0.0202
-------------------------------------
[Epoch : 379/500]
Total_loss	: 0.0977
Coral_loss	: 0.0000
MMD_loss	: 2.9395
cond_ent_wt	: 4.8049
Src_reg_loss	: 0.0202
-------------------------------------
[Epoch : 380/500]
Total_loss	: 0.0976
Coral_loss	: 0.0000
MMD_loss	: 2.9397
cond_ent_wt	: 4.8046
Src_reg_loss	: 0.0202
-------------------------------------
[Epoch : 381/500]
Total_loss	: 0.0976
Coral_loss	: 0.0000
MMD_loss	: 2.9398
cond_ent_wt	: 4.8044
Src_reg_loss	: 0.0202
-------------------------------------
[Epoch : 382/500]
Total_loss	: 0.0976
Coral_loss	: 0.0000
MMD_loss	: 2.9400
cond_ent_wt	: 4.8041
Src_reg_loss	: 0.0201
-------------------------------------
[Epoch : 383/500]
Total_loss	: 0.0976
Coral_loss	: 0.0000
MMD_loss	: 2.9402
cond_ent_wt	: 4.8039
Src_reg_loss	: 0.0201
-------------------------------------
[Epoch : 384/500]
Total_loss	: 0.0975
Coral_loss	: 0.0000
MMD_loss	: 2.9403
cond_ent_wt	: 4.8037
Src_reg_loss	: 0.0201
-------------------------------------
[Epoch : 385/500]
Total_loss	: 0.0975
Coral_loss	: 0.0000
MMD_loss	: 2.9405
cond_ent_wt	: 4.8034
Src_reg_loss	: 0.0201
-------------------------------------
[Epoch : 386/500]
Total_loss	: 0.0975
Coral_loss	: 0.0000
MMD_loss	: 2.9407
cond_ent_wt	: 4.8032
Src_reg_loss	: 0.0201
-------------------------------------
[Epoch : 387/500]
Total_loss	: 0.0975
Coral_loss	: 0.0000
MMD_loss	: 2.9410
cond_ent_wt	: 4.8029
Src_reg_loss	: 0.0200
-------------------------------------
[Epoch : 388/500]
Total_loss	: 0.0974
Coral_loss	: 0.0000
MMD_loss	: 2.9412
cond_ent_wt	: 4.8027
Src_reg_loss	: 0.0200
-------------------------------------
[Epoch : 389/500]
Total_loss	: 0.0974
Coral_loss	: 0.0000
MMD_loss	: 2.9415
cond_ent_wt	: 4.8024
Src_reg_loss	: 0.0200
-------------------------------------
[Epoch : 390/500]
Total_loss	: 0.0974
Coral_loss	: 0.0000
MMD_loss	: 2.9417
cond_ent_wt	: 4.8022
Src_reg_loss	: 0.0200
-------------------------------------
[Epoch : 391/500]
Total_loss	: 0.0974
Coral_loss	: 0.0000
MMD_loss	: 2.9420
cond_ent_wt	: 4.8019
Src_reg_loss	: 0.0199
-------------------------------------
[Epoch : 392/500]
Total_loss	: 0.0974
Coral_loss	: 0.0000
MMD_loss	: 2.9423
cond_ent_wt	: 4.8017
Src_reg_loss	: 0.0199
-------------------------------------
[Epoch : 393/500]
Total_loss	: 0.0973
Coral_loss	: 0.0000
MMD_loss	: 2.9426
cond_ent_wt	: 4.8014
Src_reg_loss	: 0.0199
-------------------------------------
[Epoch : 394/500]
Total_loss	: 0.0973
Coral_loss	: 0.0000
MMD_loss	: 2.9429
cond_ent_wt	: 4.8012
Src_reg_loss	: 0.0199
-------------------------------------
[Epoch : 395/500]
Total_loss	: 0.0973
Coral_loss	: 0.0000
MMD_loss	: 2.9432
cond_ent_wt	: 4.8009
Src_reg_loss	: 0.0198
-------------------------------------
[Epoch : 396/500]
Total_loss	: 0.0973
Coral_loss	: 0.0000
MMD_loss	: 2.9435
cond_ent_wt	: 4.8007
Src_reg_loss	: 0.0198
-------------------------------------
[Epoch : 397/500]
Total_loss	: 0.0972
Coral_loss	: 0.0000
MMD_loss	: 2.9439
cond_ent_wt	: 4.8004
Src_reg_loss	: 0.0198
-------------------------------------
[Epoch : 398/500]
Total_loss	: 0.0972
Coral_loss	: 0.0000
MMD_loss	: 2.9442
cond_ent_wt	: 4.8002
Src_reg_loss	: 0.0198
-------------------------------------
[Epoch : 399/500]
Total_loss	: 0.0972
Coral_loss	: 0.0000
MMD_loss	: 2.9446
cond_ent_wt	: 4.7999
Src_reg_loss	: 0.0198
-------------------------------------
[Epoch : 400/500]
Total_loss	: 0.0972
Coral_loss	: 0.0000
MMD_loss	: 2.9449
cond_ent_wt	: 4.7997
Src_reg_loss	: 0.0197
-------------------------------------
[Epoch : 401/500]
Total_loss	: 0.0972
Coral_loss	: 0.0000
MMD_loss	: 2.9453
cond_ent_wt	: 4.7994
Src_reg_loss	: 0.0197
-------------------------------------
[Epoch : 402/500]
Total_loss	: 0.0971
Coral_loss	: 0.0000
MMD_loss	: 2.9457
cond_ent_wt	: 4.7991
Src_reg_loss	: 0.0197
-------------------------------------
[Epoch : 403/500]
Total_loss	: 0.0971
Coral_loss	: 0.0000
MMD_loss	: 2.9461
cond_ent_wt	: 4.7989
Src_reg_loss	: 0.0197
-------------------------------------
[Epoch : 404/500]
Total_loss	: 0.0971
Coral_loss	: 0.0000
MMD_loss	: 2.9465
cond_ent_wt	: 4.7986
Src_reg_loss	: 0.0196
-------------------------------------
[Epoch : 405/500]
Total_loss	: 0.0971
Coral_loss	: 0.0000
MMD_loss	: 2.9469
cond_ent_wt	: 4.7984
Src_reg_loss	: 0.0196
-------------------------------------
[Epoch : 406/500]
Total_loss	: 0.0971
Coral_loss	: 0.0000
MMD_loss	: 2.9473
cond_ent_wt	: 4.7981
Src_reg_loss	: 0.0196
-------------------------------------
[Epoch : 407/500]
Total_loss	: 0.0970
Coral_loss	: 0.0000
MMD_loss	: 2.9477
cond_ent_wt	: 4.7978
Src_reg_loss	: 0.0196
-------------------------------------
[Epoch : 408/500]
Total_loss	: 0.0970
Coral_loss	: 0.0000
MMD_loss	: 2.9482
cond_ent_wt	: 4.7976
Src_reg_loss	: 0.0196
-------------------------------------
[Epoch : 409/500]
Total_loss	: 0.0970
Coral_loss	: 0.0000
MMD_loss	: 2.9486
cond_ent_wt	: 4.7973
Src_reg_loss	: 0.0195
-------------------------------------
[Epoch : 410/500]
Total_loss	: 0.0970
Coral_loss	: 0.0000
MMD_loss	: 2.9491
cond_ent_wt	: 4.7970
Src_reg_loss	: 0.0195
-------------------------------------
[Epoch : 411/500]
Total_loss	: 0.0970
Coral_loss	: 0.0000
MMD_loss	: 2.9495
cond_ent_wt	: 4.7968
Src_reg_loss	: 0.0195
-------------------------------------
[Epoch : 412/500]
Total_loss	: 0.0969
Coral_loss	: 0.0000
MMD_loss	: 2.9500
cond_ent_wt	: 4.7965
Src_reg_loss	: 0.0195
-------------------------------------
[Epoch : 413/500]
Total_loss	: 0.0969
Coral_loss	: 0.0000
MMD_loss	: 2.9505
cond_ent_wt	: 4.7962
Src_reg_loss	: 0.0195
-------------------------------------
[Epoch : 414/500]
Total_loss	: 0.0969
Coral_loss	: 0.0000
MMD_loss	: 2.9509
cond_ent_wt	: 4.7960
Src_reg_loss	: 0.0194
-------------------------------------
[Epoch : 415/500]
Total_loss	: 0.0969
Coral_loss	: 0.0000
MMD_loss	: 2.9514
cond_ent_wt	: 4.7957
Src_reg_loss	: 0.0194
-------------------------------------
[Epoch : 416/500]
Total_loss	: 0.0969
Coral_loss	: 0.0000
MMD_loss	: 2.9519
cond_ent_wt	: 4.7954
Src_reg_loss	: 0.0194
-------------------------------------
[Epoch : 417/500]
Total_loss	: 0.0968
Coral_loss	: 0.0000
MMD_loss	: 2.9524
cond_ent_wt	: 4.7952
Src_reg_loss	: 0.0194
-------------------------------------
[Epoch : 418/500]
Total_loss	: 0.0968
Coral_loss	: 0.0000
MMD_loss	: 2.9529
cond_ent_wt	: 4.7949
Src_reg_loss	: 0.0194
-------------------------------------
[Epoch : 419/500]
Total_loss	: 0.0968
Coral_loss	: 0.0000
MMD_loss	: 2.9535
cond_ent_wt	: 4.7946
Src_reg_loss	: 0.0193
-------------------------------------
[Epoch : 420/500]
Total_loss	: 0.0968
Coral_loss	: 0.0000
MMD_loss	: 2.9540
cond_ent_wt	: 4.7944
Src_reg_loss	: 0.0193
-------------------------------------
[Epoch : 421/500]
Total_loss	: 0.0968
Coral_loss	: 0.0000
MMD_loss	: 2.9545
cond_ent_wt	: 4.7941
Src_reg_loss	: 0.0193
-------------------------------------
[Epoch : 422/500]
Total_loss	: 0.0968
Coral_loss	: 0.0000
MMD_loss	: 2.9550
cond_ent_wt	: 4.7938
Src_reg_loss	: 0.0193
-------------------------------------
[Epoch : 423/500]
Total_loss	: 0.0967
Coral_loss	: 0.0000
MMD_loss	: 2.9556
cond_ent_wt	: 4.7935
Src_reg_loss	: 0.0192
-------------------------------------
[Epoch : 424/500]
Total_loss	: 0.0967
Coral_loss	: 0.0000
MMD_loss	: 2.9561
cond_ent_wt	: 4.7933
Src_reg_loss	: 0.0192
-------------------------------------
[Epoch : 425/500]
Total_loss	: 0.0967
Coral_loss	: 0.0000
MMD_loss	: 2.9567
cond_ent_wt	: 4.7930
Src_reg_loss	: 0.0192
-------------------------------------
[Epoch : 426/500]
Total_loss	: 0.0967
Coral_loss	: 0.0000
MMD_loss	: 2.9572
cond_ent_wt	: 4.7927
Src_reg_loss	: 0.0192
-------------------------------------
[Epoch : 427/500]
Total_loss	: 0.0967
Coral_loss	: 0.0000
MMD_loss	: 2.9578
cond_ent_wt	: 4.7925
Src_reg_loss	: 0.0192
-------------------------------------
[Epoch : 428/500]
Total_loss	: 0.0967
Coral_loss	: 0.0000
MMD_loss	: 2.9583
cond_ent_wt	: 4.7922
Src_reg_loss	: 0.0191
-------------------------------------
[Epoch : 429/500]
Total_loss	: 0.0966
Coral_loss	: 0.0000
MMD_loss	: 2.9589
cond_ent_wt	: 4.7919
Src_reg_loss	: 0.0191
-------------------------------------
[Epoch : 430/500]
Total_loss	: 0.0966
Coral_loss	: 0.0000
MMD_loss	: 2.9595
cond_ent_wt	: 4.7916
Src_reg_loss	: 0.0191
-------------------------------------
[Epoch : 431/500]
Total_loss	: 0.0966
Coral_loss	: 0.0000
MMD_loss	: 2.9601
cond_ent_wt	: 4.7914
Src_reg_loss	: 0.0191
-------------------------------------
[Epoch : 432/500]
Total_loss	: 0.0966
Coral_loss	: 0.0000
MMD_loss	: 2.9606
cond_ent_wt	: 4.7911
Src_reg_loss	: 0.0191
-------------------------------------
[Epoch : 433/500]
Total_loss	: 0.0966
Coral_loss	: 0.0000
MMD_loss	: 2.9612
cond_ent_wt	: 4.7908
Src_reg_loss	: 0.0191
-------------------------------------
[Epoch : 434/500]
Total_loss	: 0.0966
Coral_loss	: 0.0000
MMD_loss	: 2.9618
cond_ent_wt	: 4.7905
Src_reg_loss	: 0.0190
-------------------------------------
[Epoch : 435/500]
Total_loss	: 0.0965
Coral_loss	: 0.0000
MMD_loss	: 2.9624
cond_ent_wt	: 4.7903
Src_reg_loss	: 0.0190
-------------------------------------
[Epoch : 436/500]
Total_loss	: 0.0965
Coral_loss	: 0.0000
MMD_loss	: 2.9630
cond_ent_wt	: 4.7900
Src_reg_loss	: 0.0190
-------------------------------------
[Epoch : 437/500]
Total_loss	: 0.0965
Coral_loss	: 0.0000
MMD_loss	: 2.9636
cond_ent_wt	: 4.7897
Src_reg_loss	: 0.0190
-------------------------------------
[Epoch : 438/500]
Total_loss	: 0.0965
Coral_loss	: 0.0000
MMD_loss	: 2.9642
cond_ent_wt	: 4.7894
Src_reg_loss	: 0.0190
-------------------------------------
[Epoch : 439/500]
Total_loss	: 0.0965
Coral_loss	: 0.0000
MMD_loss	: 2.9648
cond_ent_wt	: 4.7891
Src_reg_loss	: 0.0189
-------------------------------------
[Epoch : 440/500]
Total_loss	: 0.0965
Coral_loss	: 0.0000
MMD_loss	: 2.9654
cond_ent_wt	: 4.7889
Src_reg_loss	: 0.0189
-------------------------------------
[Epoch : 441/500]
Total_loss	: 0.0964
Coral_loss	: 0.0000
MMD_loss	: 2.9660
cond_ent_wt	: 4.7886
Src_reg_loss	: 0.0189
-------------------------------------
[Epoch : 442/500]
Total_loss	: 0.0964
Coral_loss	: 0.0000
MMD_loss	: 2.9666
cond_ent_wt	: 4.7883
Src_reg_loss	: 0.0189
-------------------------------------
[Epoch : 443/500]
Total_loss	: 0.0964
Coral_loss	: 0.0000
MMD_loss	: 2.9673
cond_ent_wt	: 4.7880
Src_reg_loss	: 0.0189
-------------------------------------
[Epoch : 444/500]
Total_loss	: 0.0964
Coral_loss	: 0.0000
MMD_loss	: 2.9679
cond_ent_wt	: 4.7878
Src_reg_loss	: 0.0188
-------------------------------------
[Epoch : 445/500]
Total_loss	: 0.0964
Coral_loss	: 0.0000
MMD_loss	: 2.9685
cond_ent_wt	: 4.7875
Src_reg_loss	: 0.0188
-------------------------------------
[Epoch : 446/500]
Total_loss	: 0.0964
Coral_loss	: 0.0000
MMD_loss	: 2.9691
cond_ent_wt	: 4.7872
Src_reg_loss	: 0.0188
-------------------------------------
[Epoch : 447/500]
Total_loss	: 0.0964
Coral_loss	: 0.0000
MMD_loss	: 2.9698
cond_ent_wt	: 4.7869
Src_reg_loss	: 0.0188
-------------------------------------
[Epoch : 448/500]
Total_loss	: 0.0963
Coral_loss	: 0.0000
MMD_loss	: 2.9704
cond_ent_wt	: 4.7866
Src_reg_loss	: 0.0188
-------------------------------------
[Epoch : 449/500]
Total_loss	: 0.0963
Coral_loss	: 0.0000
MMD_loss	: 2.9711
cond_ent_wt	: 4.7864
Src_reg_loss	: 0.0187
-------------------------------------
[Epoch : 450/500]
Total_loss	: 0.0963
Coral_loss	: 0.0000
MMD_loss	: 2.9717
cond_ent_wt	: 4.7861
Src_reg_loss	: 0.0187
-------------------------------------
[Epoch : 451/500]
Total_loss	: 0.0963
Coral_loss	: 0.0000
MMD_loss	: 2.9723
cond_ent_wt	: 4.7858
Src_reg_loss	: 0.0187
-------------------------------------
[Epoch : 452/500]
Total_loss	: 0.0963
Coral_loss	: 0.0000
MMD_loss	: 2.9730
cond_ent_wt	: 4.7855
Src_reg_loss	: 0.0187
-------------------------------------
[Epoch : 453/500]
Total_loss	: 0.0963
Coral_loss	: 0.0000
MMD_loss	: 2.9736
cond_ent_wt	: 4.7852
Src_reg_loss	: 0.0187
-------------------------------------
[Epoch : 454/500]
Total_loss	: 0.0962
Coral_loss	: 0.0000
MMD_loss	: 2.9743
cond_ent_wt	: 4.7850
Src_reg_loss	: 0.0187
-------------------------------------
[Epoch : 455/500]
Total_loss	: 0.0962
Coral_loss	: 0.0000
MMD_loss	: 2.9749
cond_ent_wt	: 4.7847
Src_reg_loss	: 0.0186
-------------------------------------
[Epoch : 456/500]
Total_loss	: 0.0962
Coral_loss	: 0.0000
MMD_loss	: 2.9756
cond_ent_wt	: 4.7844
Src_reg_loss	: 0.0186
-------------------------------------
[Epoch : 457/500]
Total_loss	: 0.0962
Coral_loss	: 0.0000
MMD_loss	: 2.9762
cond_ent_wt	: 4.7841
Src_reg_loss	: 0.0186
-------------------------------------
[Epoch : 458/500]
Total_loss	: 0.0962
Coral_loss	: 0.0000
MMD_loss	: 2.9769
cond_ent_wt	: 4.7838
Src_reg_loss	: 0.0186
-------------------------------------
[Epoch : 459/500]
Total_loss	: 0.0962
Coral_loss	: 0.0000
MMD_loss	: 2.9775
cond_ent_wt	: 4.7836
Src_reg_loss	: 0.0186
-------------------------------------
[Epoch : 460/500]
Total_loss	: 0.0962
Coral_loss	: 0.0000
MMD_loss	: 2.9782
cond_ent_wt	: 4.7833
Src_reg_loss	: 0.0185
-------------------------------------
[Epoch : 461/500]
Total_loss	: 0.0962
Coral_loss	: 0.0000
MMD_loss	: 2.9789
cond_ent_wt	: 4.7830
Src_reg_loss	: 0.0185
-------------------------------------
[Epoch : 462/500]
Total_loss	: 0.0961
Coral_loss	: 0.0000
MMD_loss	: 2.9795
cond_ent_wt	: 4.7827
Src_reg_loss	: 0.0185
-------------------------------------
[Epoch : 463/500]
Total_loss	: 0.0961
Coral_loss	: 0.0000
MMD_loss	: 2.9802
cond_ent_wt	: 4.7824
Src_reg_loss	: 0.0185
-------------------------------------
[Epoch : 464/500]
Total_loss	: 0.0961
Coral_loss	: 0.0000
MMD_loss	: 2.9809
cond_ent_wt	: 4.7822
Src_reg_loss	: 0.0185
-------------------------------------
[Epoch : 465/500]
Total_loss	: 0.0961
Coral_loss	: 0.0000
MMD_loss	: 2.9815
cond_ent_wt	: 4.7819
Src_reg_loss	: 0.0185
-------------------------------------
[Epoch : 466/500]
Total_loss	: 0.0961
Coral_loss	: 0.0000
MMD_loss	: 2.9822
cond_ent_wt	: 4.7816
Src_reg_loss	: 0.0184
-------------------------------------
[Epoch : 467/500]
Total_loss	: 0.0961
Coral_loss	: 0.0000
MMD_loss	: 2.9829
cond_ent_wt	: 4.7813
Src_reg_loss	: 0.0184
-------------------------------------
[Epoch : 468/500]
Total_loss	: 0.0961
Coral_loss	: 0.0000
MMD_loss	: 2.9835
cond_ent_wt	: 4.7810
Src_reg_loss	: 0.0184
-------------------------------------
[Epoch : 469/500]
Total_loss	: 0.0960
Coral_loss	: 0.0000
MMD_loss	: 2.9842
cond_ent_wt	: 4.7807
Src_reg_loss	: 0.0184
-------------------------------------
[Epoch : 470/500]
Total_loss	: 0.0960
Coral_loss	: 0.0000
MMD_loss	: 2.9849
cond_ent_wt	: 4.7805
Src_reg_loss	: 0.0184
-------------------------------------
[Epoch : 471/500]
Total_loss	: 0.0960
Coral_loss	: 0.0000
MMD_loss	: 2.9855
cond_ent_wt	: 4.7802
Src_reg_loss	: 0.0184
-------------------------------------
[Epoch : 472/500]
Total_loss	: 0.0960
Coral_loss	: 0.0000
MMD_loss	: 2.9862
cond_ent_wt	: 4.7799
Src_reg_loss	: 0.0183
-------------------------------------
[Epoch : 473/500]
Total_loss	: 0.0960
Coral_loss	: 0.0000
MMD_loss	: 2.9869
cond_ent_wt	: 4.7796
Src_reg_loss	: 0.0183
-------------------------------------
[Epoch : 474/500]
Total_loss	: 0.0960
Coral_loss	: 0.0000
MMD_loss	: 2.9876
cond_ent_wt	: 4.7793
Src_reg_loss	: 0.0183
-------------------------------------
[Epoch : 475/500]
Total_loss	: 0.0960
Coral_loss	: 0.0000
MMD_loss	: 2.9882
cond_ent_wt	: 4.7791
Src_reg_loss	: 0.0183
-------------------------------------
[Epoch : 476/500]
Total_loss	: 0.0960
Coral_loss	: 0.0000
MMD_loss	: 2.9889
cond_ent_wt	: 4.7788
Src_reg_loss	: 0.0183
-------------------------------------
[Epoch : 477/500]
Total_loss	: 0.0959
Coral_loss	: 0.0000
MMD_loss	: 2.9896
cond_ent_wt	: 4.7785
Src_reg_loss	: 0.0183
-------------------------------------
[Epoch : 478/500]
Total_loss	: 0.0959
Coral_loss	: 0.0000
MMD_loss	: 2.9902
cond_ent_wt	: 4.7782
Src_reg_loss	: 0.0182
-------------------------------------
[Epoch : 479/500]
Total_loss	: 0.0959
Coral_loss	: 0.0000
MMD_loss	: 2.9909
cond_ent_wt	: 4.7779
Src_reg_loss	: 0.0182
-------------------------------------
[Epoch : 480/500]
Total_loss	: 0.0959
Coral_loss	: 0.0000
MMD_loss	: 2.9916
cond_ent_wt	: 4.7777
Src_reg_loss	: 0.0182
-------------------------------------
[Epoch : 481/500]
Total_loss	: 0.0959
Coral_loss	: 0.0000
MMD_loss	: 2.9923
cond_ent_wt	: 4.7774
Src_reg_loss	: 0.0182
-------------------------------------
[Epoch : 482/500]
Total_loss	: 0.0959
Coral_loss	: 0.0000
MMD_loss	: 2.9929
cond_ent_wt	: 4.7771
Src_reg_loss	: 0.0182
-------------------------------------
[Epoch : 483/500]
Total_loss	: 0.0959
Coral_loss	: 0.0000
MMD_loss	: 2.9936
cond_ent_wt	: 4.7768
Src_reg_loss	: 0.0182
-------------------------------------
[Epoch : 484/500]
Total_loss	: 0.0959
Coral_loss	: 0.0000
MMD_loss	: 2.9943
cond_ent_wt	: 4.7765
Src_reg_loss	: 0.0181
-------------------------------------
[Epoch : 485/500]
Total_loss	: 0.0958
Coral_loss	: 0.0000
MMD_loss	: 2.9949
cond_ent_wt	: 4.7763
Src_reg_loss	: 0.0181
-------------------------------------
[Epoch : 486/500]
Total_loss	: 0.0958
Coral_loss	: 0.0000
MMD_loss	: 2.9956
cond_ent_wt	: 4.7760
Src_reg_loss	: 0.0181
-------------------------------------
[Epoch : 487/500]
Total_loss	: 0.0958
Coral_loss	: 0.0000
MMD_loss	: 2.9963
cond_ent_wt	: 4.7757
Src_reg_loss	: 0.0181
-------------------------------------
[Epoch : 488/500]
Total_loss	: 0.0958
Coral_loss	: 0.0000
MMD_loss	: 2.9970
cond_ent_wt	: 4.7754
Src_reg_loss	: 0.0181
-------------------------------------
[Epoch : 489/500]
Total_loss	: 0.0958
Coral_loss	: 0.0000
MMD_loss	: 2.9976
cond_ent_wt	: 4.7751
Src_reg_loss	: 0.0181
-------------------------------------
[Epoch : 490/500]
Total_loss	: 0.0958
Coral_loss	: 0.0000
MMD_loss	: 2.9983
cond_ent_wt	: 4.7749
Src_reg_loss	: 0.0180
-------------------------------------
[Epoch : 491/500]
Total_loss	: 0.0958
Coral_loss	: 0.0000
MMD_loss	: 2.9990
cond_ent_wt	: 4.7746
Src_reg_loss	: 0.0180
-------------------------------------
[Epoch : 492/500]
Total_loss	: 0.0958
Coral_loss	: 0.0000
MMD_loss	: 2.9996
cond_ent_wt	: 4.7743
Src_reg_loss	: 0.0180
-------------------------------------
[Epoch : 493/500]
Total_loss	: 0.0957
Coral_loss	: 0.0000
MMD_loss	: 3.0003
cond_ent_wt	: 4.7740
Src_reg_loss	: 0.0180
-------------------------------------
[Epoch : 494/500]
Total_loss	: 0.0957
Coral_loss	: 0.0000
MMD_loss	: 3.0010
cond_ent_wt	: 4.7737
Src_reg_loss	: 0.0180
-------------------------------------
[Epoch : 495/500]
Total_loss	: 0.0957
Coral_loss	: 0.0000
MMD_loss	: 3.0017
cond_ent_wt	: 4.7735
Src_reg_loss	: 0.0180
-------------------------------------
[Epoch : 496/500]
Total_loss	: 0.0957
Coral_loss	: 0.0000
MMD_loss	: 3.0023
cond_ent_wt	: 4.7732
Src_reg_loss	: 0.0180
-------------------------------------
[Epoch : 497/500]
Total_loss	: 0.0957
Coral_loss	: 0.0000
MMD_loss	: 3.0030
cond_ent_wt	: 4.7729
Src_reg_loss	: 0.0179
-------------------------------------
[Epoch : 498/500]
Total_loss	: 0.0957
Coral_loss	: 0.0000
MMD_loss	: 3.0037
cond_ent_wt	: 4.7726
Src_reg_loss	: 0.0179
-------------------------------------
[Epoch : 499/500]
Total_loss	: 0.0957
Coral_loss	: 0.0000
MMD_loss	: 3.0043
cond_ent_wt	: 4.7723
Src_reg_loss	: 0.0179
-------------------------------------
[Epoch : 500/500]
Total_loss	: 0.0957
Coral_loss	: 0.0000
MMD_loss	: 3.0050
cond_ent_wt	: 4.7721
Src_reg_loss	: 0.0179
-------------------------------------
