=============================================
Dataset: Airbox
Method:  NO_ADAPT
=============================================
Source: 0 ---> Target: 3
=============================================
[Epoch : 1/500]
Src_reg_loss	: 0.2951
-------------------------------------
[Epoch : 2/500]
Src_reg_loss	: 0.2763
-------------------------------------
[Epoch : 3/500]
Src_reg_loss	: 0.2579
-------------------------------------
[Epoch : 4/500]
Src_reg_loss	: 0.2388
-------------------------------------
[Epoch : 5/500]
Src_reg_loss	: 0.2189
-------------------------------------
[Epoch : 6/500]
Src_reg_loss	: 0.1983
-------------------------------------
[Epoch : 7/500]
Src_reg_loss	: 0.1781
-------------------------------------
[Epoch : 8/500]
Src_reg_loss	: 0.1607
-------------------------------------
[Epoch : 9/500]
Src_reg_loss	: 0.1476
-------------------------------------
[Epoch : 10/500]
Src_reg_loss	: 0.1372
-------------------------------------
[Epoch : 11/500]
Src_reg_loss	: 0.1283
-------------------------------------
[Epoch : 12/500]
Src_reg_loss	: 0.1209
-------------------------------------
[Epoch : 13/500]
Src_reg_loss	: 0.1146
-------------------------------------
[Epoch : 14/500]
Src_reg_loss	: 0.1091
-------------------------------------
[Epoch : 15/500]
Src_reg_loss	: 0.1043
-------------------------------------
[Epoch : 16/500]
Src_reg_loss	: 0.1001
-------------------------------------
[Epoch : 17/500]
Src_reg_loss	: 0.0964
-------------------------------------
[Epoch : 18/500]
Src_reg_loss	: 0.0931
-------------------------------------
[Epoch : 19/500]
Src_reg_loss	: 0.0901
-------------------------------------
[Epoch : 20/500]
Src_reg_loss	: 0.0874
-------------------------------------
[Epoch : 21/500]
Src_reg_loss	: 0.0850
-------------------------------------
[Epoch : 22/500]
Src_reg_loss	: 0.0828
-------------------------------------
[Epoch : 23/500]
Src_reg_loss	: 0.0807
-------------------------------------
[Epoch : 24/500]
Src_reg_loss	: 0.0788
-------------------------------------
[Epoch : 25/500]
Src_reg_loss	: 0.0770
-------------------------------------
[Epoch : 26/500]
Src_reg_loss	: 0.0754
-------------------------------------
[Epoch : 27/500]
Src_reg_loss	: 0.0739
-------------------------------------
[Epoch : 28/500]
Src_reg_loss	: 0.0725
-------------------------------------
[Epoch : 29/500]
Src_reg_loss	: 0.0711
-------------------------------------
[Epoch : 30/500]
Src_reg_loss	: 0.0699
-------------------------------------
[Epoch : 31/500]
Src_reg_loss	: 0.0687
-------------------------------------
[Epoch : 32/500]
Src_reg_loss	: 0.0676
-------------------------------------
[Epoch : 33/500]
Src_reg_loss	: 0.0665
-------------------------------------
[Epoch : 34/500]
Src_reg_loss	: 0.0655
-------------------------------------
[Epoch : 35/500]
Src_reg_loss	: 0.0645
-------------------------------------
[Epoch : 36/500]
Src_reg_loss	: 0.0636
-------------------------------------
[Epoch : 37/500]
Src_reg_loss	: 0.0627
-------------------------------------
[Epoch : 38/500]
Src_reg_loss	: 0.0619
-------------------------------------
[Epoch : 39/500]
Src_reg_loss	: 0.0611
-------------------------------------
[Epoch : 40/500]
Src_reg_loss	: 0.0603
-------------------------------------
[Epoch : 41/500]
Src_reg_loss	: 0.0596
-------------------------------------
[Epoch : 42/500]
Src_reg_loss	: 0.0588
-------------------------------------
[Epoch : 43/500]
Src_reg_loss	: 0.0581
-------------------------------------
[Epoch : 44/500]
Src_reg_loss	: 0.0575
-------------------------------------
[Epoch : 45/500]
Src_reg_loss	: 0.0568
-------------------------------------
[Epoch : 46/500]
Src_reg_loss	: 0.0562
-------------------------------------
[Epoch : 47/500]
Src_reg_loss	: 0.0556
-------------------------------------
[Epoch : 48/500]
Src_reg_loss	: 0.0550
-------------------------------------
[Epoch : 49/500]
Src_reg_loss	: 0.0545
-------------------------------------
[Epoch : 50/500]
Src_reg_loss	: 0.0539
-------------------------------------
[Epoch : 51/500]
Src_reg_loss	: 0.0534
-------------------------------------
[Epoch : 52/500]
Src_reg_loss	: 0.0529
-------------------------------------
[Epoch : 53/500]
Src_reg_loss	: 0.0524
-------------------------------------
[Epoch : 54/500]
Src_reg_loss	: 0.0519
-------------------------------------
[Epoch : 55/500]
Src_reg_loss	: 0.0515
-------------------------------------
[Epoch : 56/500]
Src_reg_loss	: 0.0510
-------------------------------------
[Epoch : 57/500]
Src_reg_loss	: 0.0506
-------------------------------------
[Epoch : 58/500]
Src_reg_loss	: 0.0502
-------------------------------------
[Epoch : 59/500]
Src_reg_loss	: 0.0498
-------------------------------------
[Epoch : 60/500]
Src_reg_loss	: 0.0494
-------------------------------------
[Epoch : 61/500]
Src_reg_loss	: 0.0490
-------------------------------------
[Epoch : 62/500]
Src_reg_loss	: 0.0486
-------------------------------------
[Epoch : 63/500]
Src_reg_loss	: 0.0483
-------------------------------------
[Epoch : 64/500]
Src_reg_loss	: 0.0479
-------------------------------------
[Epoch : 65/500]
Src_reg_loss	: 0.0476
-------------------------------------
[Epoch : 66/500]
Src_reg_loss	: 0.0472
-------------------------------------
[Epoch : 67/500]
Src_reg_loss	: 0.0469
-------------------------------------
[Epoch : 68/500]
Src_reg_loss	: 0.0466
-------------------------------------
[Epoch : 69/500]
Src_reg_loss	: 0.0463
-------------------------------------
[Epoch : 70/500]
Src_reg_loss	: 0.0460
-------------------------------------
[Epoch : 71/500]
Src_reg_loss	: 0.0457
-------------------------------------
[Epoch : 72/500]
Src_reg_loss	: 0.0454
-------------------------------------
[Epoch : 73/500]
Src_reg_loss	: 0.0451
-------------------------------------
[Epoch : 74/500]
Src_reg_loss	: 0.0448
-------------------------------------
[Epoch : 75/500]
Src_reg_loss	: 0.0446
-------------------------------------
[Epoch : 76/500]
Src_reg_loss	: 0.0443
-------------------------------------
[Epoch : 77/500]
Src_reg_loss	: 0.0440
-------------------------------------
[Epoch : 78/500]
Src_reg_loss	: 0.0438
-------------------------------------
[Epoch : 79/500]
Src_reg_loss	: 0.0435
-------------------------------------
[Epoch : 80/500]
Src_reg_loss	: 0.0433
-------------------------------------
[Epoch : 81/500]
Src_reg_loss	: 0.0431
-------------------------------------
[Epoch : 82/500]
Src_reg_loss	: 0.0428
-------------------------------------
[Epoch : 83/500]
Src_reg_loss	: 0.0426
-------------------------------------
[Epoch : 84/500]
Src_reg_loss	: 0.0424
-------------------------------------
[Epoch : 85/500]
Src_reg_loss	: 0.0421
-------------------------------------
[Epoch : 86/500]
Src_reg_loss	: 0.0419
-------------------------------------
[Epoch : 87/500]
Src_reg_loss	: 0.0417
-------------------------------------
[Epoch : 88/500]
Src_reg_loss	: 0.0415
-------------------------------------
[Epoch : 89/500]
Src_reg_loss	: 0.0413
-------------------------------------
[Epoch : 90/500]
Src_reg_loss	: 0.0411
-------------------------------------
[Epoch : 91/500]
Src_reg_loss	: 0.0409
-------------------------------------
[Epoch : 92/500]
Src_reg_loss	: 0.0407
-------------------------------------
[Epoch : 93/500]
Src_reg_loss	: 0.0405
-------------------------------------
[Epoch : 94/500]
Src_reg_loss	: 0.0403
-------------------------------------
[Epoch : 95/500]
Src_reg_loss	: 0.0401
-------------------------------------
[Epoch : 96/500]
Src_reg_loss	: 0.0399
-------------------------------------
[Epoch : 97/500]
Src_reg_loss	: 0.0397
-------------------------------------
[Epoch : 98/500]
Src_reg_loss	: 0.0395
-------------------------------------
[Epoch : 99/500]
Src_reg_loss	: 0.0393
-------------------------------------
[Epoch : 100/500]
Src_reg_loss	: 0.0391
-------------------------------------
[Epoch : 101/500]
Src_reg_loss	: 0.0389
-------------------------------------
[Epoch : 102/500]
Src_reg_loss	: 0.0388
-------------------------------------
[Epoch : 103/500]
Src_reg_loss	: 0.0386
-------------------------------------
[Epoch : 104/500]
Src_reg_loss	: 0.0384
-------------------------------------
[Epoch : 105/500]
Src_reg_loss	: 0.0382
-------------------------------------
[Epoch : 106/500]
Src_reg_loss	: 0.0381
-------------------------------------
[Epoch : 107/500]
Src_reg_loss	: 0.0379
-------------------------------------
[Epoch : 108/500]
Src_reg_loss	: 0.0377
-------------------------------------
[Epoch : 109/500]
Src_reg_loss	: 0.0376
-------------------------------------
[Epoch : 110/500]
Src_reg_loss	: 0.0374
-------------------------------------
[Epoch : 111/500]
Src_reg_loss	: 0.0372
-------------------------------------
[Epoch : 112/500]
Src_reg_loss	: 0.0371
-------------------------------------
[Epoch : 113/500]
Src_reg_loss	: 0.0369
-------------------------------------
[Epoch : 114/500]
Src_reg_loss	: 0.0368
-------------------------------------
[Epoch : 115/500]
Src_reg_loss	: 0.0366
-------------------------------------
[Epoch : 116/500]
Src_reg_loss	: 0.0364
-------------------------------------
[Epoch : 117/500]
Src_reg_loss	: 0.0363
-------------------------------------
[Epoch : 118/500]
Src_reg_loss	: 0.0361
-------------------------------------
[Epoch : 119/500]
Src_reg_loss	: 0.0360
-------------------------------------
[Epoch : 120/500]
Src_reg_loss	: 0.0358
-------------------------------------
[Epoch : 121/500]
Src_reg_loss	: 0.0357
-------------------------------------
[Epoch : 122/500]
Src_reg_loss	: 0.0356
-------------------------------------
[Epoch : 123/500]
Src_reg_loss	: 0.0354
-------------------------------------
[Epoch : 124/500]
Src_reg_loss	: 0.0353
-------------------------------------
[Epoch : 125/500]
Src_reg_loss	: 0.0351
-------------------------------------
[Epoch : 126/500]
Src_reg_loss	: 0.0350
-------------------------------------
[Epoch : 127/500]
Src_reg_loss	: 0.0348
-------------------------------------
[Epoch : 128/500]
Src_reg_loss	: 0.0347
-------------------------------------
[Epoch : 129/500]
Src_reg_loss	: 0.0346
-------------------------------------
[Epoch : 130/500]
Src_reg_loss	: 0.0344
-------------------------------------
[Epoch : 131/500]
Src_reg_loss	: 0.0343
-------------------------------------
[Epoch : 132/500]
Src_reg_loss	: 0.0342
-------------------------------------
[Epoch : 133/500]
Src_reg_loss	: 0.0340
-------------------------------------
[Epoch : 134/500]
Src_reg_loss	: 0.0339
-------------------------------------
[Epoch : 135/500]
Src_reg_loss	: 0.0338
-------------------------------------
[Epoch : 136/500]
Src_reg_loss	: 0.0337
-------------------------------------
[Epoch : 137/500]
Src_reg_loss	: 0.0335
-------------------------------------
[Epoch : 138/500]
Src_reg_loss	: 0.0334
-------------------------------------
[Epoch : 139/500]
Src_reg_loss	: 0.0333
-------------------------------------
[Epoch : 140/500]
Src_reg_loss	: 0.0332
-------------------------------------
[Epoch : 141/500]
Src_reg_loss	: 0.0330
-------------------------------------
[Epoch : 142/500]
Src_reg_loss	: 0.0329
-------------------------------------
[Epoch : 143/500]
Src_reg_loss	: 0.0328
-------------------------------------
[Epoch : 144/500]
Src_reg_loss	: 0.0327
-------------------------------------
[Epoch : 145/500]
Src_reg_loss	: 0.0326
-------------------------------------
[Epoch : 146/500]
Src_reg_loss	: 0.0325
-------------------------------------
[Epoch : 147/500]
Src_reg_loss	: 0.0324
-------------------------------------
[Epoch : 148/500]
Src_reg_loss	: 0.0322
-------------------------------------
[Epoch : 149/500]
Src_reg_loss	: 0.0321
-------------------------------------
[Epoch : 150/500]
Src_reg_loss	: 0.0320
-------------------------------------
[Epoch : 151/500]
Src_reg_loss	: 0.0319
-------------------------------------
[Epoch : 152/500]
Src_reg_loss	: 0.0318
-------------------------------------
[Epoch : 153/500]
Src_reg_loss	: 0.0317
-------------------------------------
[Epoch : 154/500]
Src_reg_loss	: 0.0316
-------------------------------------
[Epoch : 155/500]
Src_reg_loss	: 0.0315
-------------------------------------
[Epoch : 156/500]
Src_reg_loss	: 0.0314
-------------------------------------
[Epoch : 157/500]
Src_reg_loss	: 0.0313
-------------------------------------
[Epoch : 158/500]
Src_reg_loss	: 0.0312
-------------------------------------
[Epoch : 159/500]
Src_reg_loss	: 0.0311
-------------------------------------
[Epoch : 160/500]
Src_reg_loss	: 0.0310
-------------------------------------
[Epoch : 161/500]
Src_reg_loss	: 0.0309
-------------------------------------
[Epoch : 162/500]
Src_reg_loss	: 0.0308
-------------------------------------
[Epoch : 163/500]
Src_reg_loss	: 0.0307
-------------------------------------
[Epoch : 164/500]
Src_reg_loss	: 0.0306
-------------------------------------
[Epoch : 165/500]
Src_reg_loss	: 0.0305
-------------------------------------
[Epoch : 166/500]
Src_reg_loss	: 0.0304
-------------------------------------
[Epoch : 167/500]
Src_reg_loss	: 0.0303
-------------------------------------
[Epoch : 168/500]
Src_reg_loss	: 0.0302
-------------------------------------
[Epoch : 169/500]
Src_reg_loss	: 0.0301
-------------------------------------
[Epoch : 170/500]
Src_reg_loss	: 0.0300
-------------------------------------
[Epoch : 171/500]
Src_reg_loss	: 0.0299
-------------------------------------
[Epoch : 172/500]
Src_reg_loss	: 0.0299
-------------------------------------
[Epoch : 173/500]
Src_reg_loss	: 0.0298
-------------------------------------
[Epoch : 174/500]
Src_reg_loss	: 0.0297
-------------------------------------
[Epoch : 175/500]
Src_reg_loss	: 0.0296
-------------------------------------
[Epoch : 176/500]
Src_reg_loss	: 0.0295
-------------------------------------
[Epoch : 177/500]
Src_reg_loss	: 0.0294
-------------------------------------
[Epoch : 178/500]
Src_reg_loss	: 0.0293
-------------------------------------
[Epoch : 179/500]
Src_reg_loss	: 0.0292
-------------------------------------
[Epoch : 180/500]
Src_reg_loss	: 0.0292
-------------------------------------
[Epoch : 181/500]
Src_reg_loss	: 0.0291
-------------------------------------
[Epoch : 182/500]
Src_reg_loss	: 0.0290
-------------------------------------
[Epoch : 183/500]
Src_reg_loss	: 0.0289
-------------------------------------
[Epoch : 184/500]
Src_reg_loss	: 0.0288
-------------------------------------
[Epoch : 185/500]
Src_reg_loss	: 0.0287
-------------------------------------
[Epoch : 186/500]
Src_reg_loss	: 0.0287
-------------------------------------
[Epoch : 187/500]
Src_reg_loss	: 0.0286
-------------------------------------
[Epoch : 188/500]
Src_reg_loss	: 0.0285
-------------------------------------
[Epoch : 189/500]
Src_reg_loss	: 0.0284
-------------------------------------
[Epoch : 190/500]
Src_reg_loss	: 0.0283
-------------------------------------
[Epoch : 191/500]
Src_reg_loss	: 0.0283
-------------------------------------
[Epoch : 192/500]
Src_reg_loss	: 0.0282
-------------------------------------
[Epoch : 193/500]
Src_reg_loss	: 0.0281
-------------------------------------
[Epoch : 194/500]
Src_reg_loss	: 0.0280
-------------------------------------
[Epoch : 195/500]
Src_reg_loss	: 0.0280
-------------------------------------
[Epoch : 196/500]
Src_reg_loss	: 0.0279
-------------------------------------
[Epoch : 197/500]
Src_reg_loss	: 0.0278
-------------------------------------
[Epoch : 198/500]
Src_reg_loss	: 0.0277
-------------------------------------
[Epoch : 199/500]
Src_reg_loss	: 0.0277
-------------------------------------
[Epoch : 200/500]
Src_reg_loss	: 0.0276
-------------------------------------
[Epoch : 201/500]
Src_reg_loss	: 0.0275
-------------------------------------
[Epoch : 202/500]
Src_reg_loss	: 0.0274
-------------------------------------
[Epoch : 203/500]
Src_reg_loss	: 0.0274
-------------------------------------
[Epoch : 204/500]
Src_reg_loss	: 0.0273
-------------------------------------
[Epoch : 205/500]
Src_reg_loss	: 0.0272
-------------------------------------
[Epoch : 206/500]
Src_reg_loss	: 0.0272
-------------------------------------
[Epoch : 207/500]
Src_reg_loss	: 0.0271
-------------------------------------
[Epoch : 208/500]
Src_reg_loss	: 0.0270
-------------------------------------
[Epoch : 209/500]
Src_reg_loss	: 0.0269
-------------------------------------
[Epoch : 210/500]
Src_reg_loss	: 0.0269
-------------------------------------
[Epoch : 211/500]
Src_reg_loss	: 0.0268
-------------------------------------
[Epoch : 212/500]
Src_reg_loss	: 0.0267
-------------------------------------
[Epoch : 213/500]
Src_reg_loss	: 0.0267
-------------------------------------
[Epoch : 214/500]
Src_reg_loss	: 0.0266
-------------------------------------
[Epoch : 215/500]
Src_reg_loss	: 0.0265
-------------------------------------
[Epoch : 216/500]
Src_reg_loss	: 0.0265
-------------------------------------
[Epoch : 217/500]
Src_reg_loss	: 0.0264
-------------------------------------
[Epoch : 218/500]
Src_reg_loss	: 0.0263
-------------------------------------
[Epoch : 219/500]
Src_reg_loss	: 0.0263
-------------------------------------
[Epoch : 220/500]
Src_reg_loss	: 0.0262
-------------------------------------
[Epoch : 221/500]
Src_reg_loss	: 0.0261
-------------------------------------
[Epoch : 222/500]
Src_reg_loss	: 0.0261
-------------------------------------
[Epoch : 223/500]
Src_reg_loss	: 0.0260
-------------------------------------
[Epoch : 224/500]
Src_reg_loss	: 0.0260
-------------------------------------
[Epoch : 225/500]
Src_reg_loss	: 0.0259
-------------------------------------
[Epoch : 226/500]
Src_reg_loss	: 0.0258
-------------------------------------
[Epoch : 227/500]
Src_reg_loss	: 0.0258
-------------------------------------
[Epoch : 228/500]
Src_reg_loss	: 0.0257
-------------------------------------
[Epoch : 229/500]
Src_reg_loss	: 0.0256
-------------------------------------
[Epoch : 230/500]
Src_reg_loss	: 0.0256
-------------------------------------
[Epoch : 231/500]
Src_reg_loss	: 0.0255
-------------------------------------
[Epoch : 232/500]
Src_reg_loss	: 0.0255
-------------------------------------
[Epoch : 233/500]
Src_reg_loss	: 0.0254
-------------------------------------
[Epoch : 234/500]
Src_reg_loss	: 0.0253
-------------------------------------
[Epoch : 235/500]
Src_reg_loss	: 0.0253
-------------------------------------
[Epoch : 236/500]
Src_reg_loss	: 0.0252
-------------------------------------
[Epoch : 237/500]
Src_reg_loss	: 0.0252
-------------------------------------
[Epoch : 238/500]
Src_reg_loss	: 0.0251
-------------------------------------
[Epoch : 239/500]
Src_reg_loss	: 0.0250
-------------------------------------
[Epoch : 240/500]
Src_reg_loss	: 0.0250
-------------------------------------
[Epoch : 241/500]
Src_reg_loss	: 0.0249
-------------------------------------
[Epoch : 242/500]
Src_reg_loss	: 0.0249
-------------------------------------
[Epoch : 243/500]
Src_reg_loss	: 0.0248
-------------------------------------
[Epoch : 244/500]
Src_reg_loss	: 0.0248
-------------------------------------
[Epoch : 245/500]
Src_reg_loss	: 0.0247
-------------------------------------
[Epoch : 246/500]
Src_reg_loss	: 0.0247
-------------------------------------
[Epoch : 247/500]
Src_reg_loss	: 0.0246
-------------------------------------
[Epoch : 248/500]
Src_reg_loss	: 0.0245
-------------------------------------
[Epoch : 249/500]
Src_reg_loss	: 0.0245
-------------------------------------
[Epoch : 250/500]
Src_reg_loss	: 0.0244
-------------------------------------
[Epoch : 251/500]
Src_reg_loss	: 0.0244
-------------------------------------
[Epoch : 252/500]
Src_reg_loss	: 0.0243
-------------------------------------
[Epoch : 253/500]
Src_reg_loss	: 0.0243
-------------------------------------
[Epoch : 254/500]
Src_reg_loss	: 0.0242
-------------------------------------
[Epoch : 255/500]
Src_reg_loss	: 0.0242
-------------------------------------
[Epoch : 256/500]
Src_reg_loss	: 0.0241
-------------------------------------
[Epoch : 257/500]
Src_reg_loss	: 0.0241
-------------------------------------
[Epoch : 258/500]
Src_reg_loss	: 0.0240
-------------------------------------
[Epoch : 259/500]
Src_reg_loss	: 0.0240
-------------------------------------
[Epoch : 260/500]
Src_reg_loss	: 0.0239
-------------------------------------
[Epoch : 261/500]
Src_reg_loss	: 0.0239
-------------------------------------
[Epoch : 262/500]
Src_reg_loss	: 0.0238
-------------------------------------
[Epoch : 263/500]
Src_reg_loss	: 0.0237
-------------------------------------
[Epoch : 264/500]
Src_reg_loss	: 0.0237
-------------------------------------
[Epoch : 265/500]
Src_reg_loss	: 0.0236
-------------------------------------
[Epoch : 266/500]
Src_reg_loss	: 0.0236
-------------------------------------
[Epoch : 267/500]
Src_reg_loss	: 0.0235
-------------------------------------
[Epoch : 268/500]
Src_reg_loss	: 0.0235
-------------------------------------
[Epoch : 269/500]
Src_reg_loss	: 0.0235
-------------------------------------
[Epoch : 270/500]
Src_reg_loss	: 0.0234
-------------------------------------
[Epoch : 271/500]
Src_reg_loss	: 0.0234
-------------------------------------
[Epoch : 272/500]
Src_reg_loss	: 0.0233
-------------------------------------
[Epoch : 273/500]
Src_reg_loss	: 0.0233
-------------------------------------
[Epoch : 274/500]
Src_reg_loss	: 0.0232
-------------------------------------
[Epoch : 275/500]
Src_reg_loss	: 0.0232
-------------------------------------
[Epoch : 276/500]
Src_reg_loss	: 0.0231
-------------------------------------
[Epoch : 277/500]
Src_reg_loss	: 0.0231
-------------------------------------
[Epoch : 278/500]
Src_reg_loss	: 0.0230
-------------------------------------
[Epoch : 279/500]
Src_reg_loss	: 0.0230
-------------------------------------
[Epoch : 280/500]
Src_reg_loss	: 0.0229
-------------------------------------
[Epoch : 281/500]
Src_reg_loss	: 0.0229
-------------------------------------
[Epoch : 282/500]
Src_reg_loss	: 0.0228
-------------------------------------
[Epoch : 283/500]
Src_reg_loss	: 0.0228
-------------------------------------
[Epoch : 284/500]
Src_reg_loss	: 0.0227
-------------------------------------
[Epoch : 285/500]
Src_reg_loss	: 0.0227
-------------------------------------
[Epoch : 286/500]
Src_reg_loss	: 0.0227
-------------------------------------
[Epoch : 287/500]
Src_reg_loss	: 0.0226
-------------------------------------
[Epoch : 288/500]
Src_reg_loss	: 0.0226
-------------------------------------
[Epoch : 289/500]
Src_reg_loss	: 0.0225
-------------------------------------
[Epoch : 290/500]
Src_reg_loss	: 0.0225
-------------------------------------
[Epoch : 291/500]
Src_reg_loss	: 0.0224
-------------------------------------
[Epoch : 292/500]
Src_reg_loss	: 0.0224
-------------------------------------
[Epoch : 293/500]
Src_reg_loss	: 0.0223
-------------------------------------
[Epoch : 294/500]
Src_reg_loss	: 0.0223
-------------------------------------
[Epoch : 295/500]
Src_reg_loss	: 0.0223
-------------------------------------
[Epoch : 296/500]
Src_reg_loss	: 0.0222
-------------------------------------
[Epoch : 297/500]
Src_reg_loss	: 0.0222
-------------------------------------
[Epoch : 298/500]
Src_reg_loss	: 0.0221
-------------------------------------
[Epoch : 299/500]
Src_reg_loss	: 0.0221
-------------------------------------
[Epoch : 300/500]
Src_reg_loss	: 0.0221
-------------------------------------
[Epoch : 301/500]
Src_reg_loss	: 0.0220
-------------------------------------
[Epoch : 302/500]
Src_reg_loss	: 0.0220
-------------------------------------
[Epoch : 303/500]
Src_reg_loss	: 0.0219
-------------------------------------
[Epoch : 304/500]
Src_reg_loss	: 0.0219
-------------------------------------
[Epoch : 305/500]
Src_reg_loss	: 0.0218
-------------------------------------
[Epoch : 306/500]
Src_reg_loss	: 0.0218
-------------------------------------
[Epoch : 307/500]
Src_reg_loss	: 0.0218
-------------------------------------
[Epoch : 308/500]
Src_reg_loss	: 0.0217
-------------------------------------
[Epoch : 309/500]
Src_reg_loss	: 0.0217
-------------------------------------
[Epoch : 310/500]
Src_reg_loss	: 0.0216
-------------------------------------
[Epoch : 311/500]
Src_reg_loss	: 0.0216
-------------------------------------
[Epoch : 312/500]
Src_reg_loss	: 0.0216
-------------------------------------
[Epoch : 313/500]
Src_reg_loss	: 0.0215
-------------------------------------
[Epoch : 314/500]
Src_reg_loss	: 0.0215
-------------------------------------
[Epoch : 315/500]
Src_reg_loss	: 0.0215
-------------------------------------
[Epoch : 316/500]
Src_reg_loss	: 0.0214
-------------------------------------
[Epoch : 317/500]
Src_reg_loss	: 0.0214
-------------------------------------
[Epoch : 318/500]
Src_reg_loss	: 0.0213
-------------------------------------
[Epoch : 319/500]
Src_reg_loss	: 0.0213
-------------------------------------
[Epoch : 320/500]
Src_reg_loss	: 0.0213
-------------------------------------
[Epoch : 321/500]
Src_reg_loss	: 0.0212
-------------------------------------
[Epoch : 322/500]
Src_reg_loss	: 0.0212
-------------------------------------
[Epoch : 323/500]
Src_reg_loss	: 0.0212
-------------------------------------
[Epoch : 324/500]
Src_reg_loss	: 0.0211
-------------------------------------
[Epoch : 325/500]
Src_reg_loss	: 0.0211
-------------------------------------
[Epoch : 326/500]
Src_reg_loss	: 0.0210
-------------------------------------
[Epoch : 327/500]
Src_reg_loss	: 0.0210
-------------------------------------
[Epoch : 328/500]
Src_reg_loss	: 0.0210
-------------------------------------
[Epoch : 329/500]
Src_reg_loss	: 0.0209
-------------------------------------
[Epoch : 330/500]
Src_reg_loss	: 0.0209
-------------------------------------
[Epoch : 331/500]
Src_reg_loss	: 0.0209
-------------------------------------
[Epoch : 332/500]
Src_reg_loss	: 0.0208
-------------------------------------
[Epoch : 333/500]
Src_reg_loss	: 0.0208
-------------------------------------
[Epoch : 334/500]
Src_reg_loss	: 0.0208
-------------------------------------
[Epoch : 335/500]
Src_reg_loss	: 0.0207
-------------------------------------
[Epoch : 336/500]
Src_reg_loss	: 0.0207
-------------------------------------
[Epoch : 337/500]
Src_reg_loss	: 0.0207
-------------------------------------
[Epoch : 338/500]
Src_reg_loss	: 0.0206
-------------------------------------
[Epoch : 339/500]
Src_reg_loss	: 0.0206
-------------------------------------
[Epoch : 340/500]
Src_reg_loss	: 0.0206
-------------------------------------
[Epoch : 341/500]
Src_reg_loss	: 0.0205
-------------------------------------
[Epoch : 342/500]
Src_reg_loss	: 0.0205
-------------------------------------
[Epoch : 343/500]
Src_reg_loss	: 0.0205
-------------------------------------
[Epoch : 344/500]
Src_reg_loss	: 0.0204
-------------------------------------
[Epoch : 345/500]
Src_reg_loss	: 0.0204
-------------------------------------
[Epoch : 346/500]
Src_reg_loss	: 0.0204
-------------------------------------
[Epoch : 347/500]
Src_reg_loss	: 0.0203
-------------------------------------
[Epoch : 348/500]
Src_reg_loss	: 0.0203
-------------------------------------
[Epoch : 349/500]
Src_reg_loss	: 0.0203
-------------------------------------
[Epoch : 350/500]
Src_reg_loss	: 0.0202
-------------------------------------
[Epoch : 351/500]
Src_reg_loss	: 0.0202
-------------------------------------
[Epoch : 352/500]
Src_reg_loss	: 0.0202
-------------------------------------
[Epoch : 353/500]
Src_reg_loss	: 0.0201
-------------------------------------
[Epoch : 354/500]
Src_reg_loss	: 0.0201
-------------------------------------
[Epoch : 355/500]
Src_reg_loss	: 0.0201
-------------------------------------
[Epoch : 356/500]
Src_reg_loss	: 0.0200
-------------------------------------
[Epoch : 357/500]
Src_reg_loss	: 0.0200
-------------------------------------
[Epoch : 358/500]
Src_reg_loss	: 0.0200
-------------------------------------
[Epoch : 359/500]
Src_reg_loss	: 0.0199
-------------------------------------
[Epoch : 360/500]
Src_reg_loss	: 0.0199
-------------------------------------
[Epoch : 361/500]
Src_reg_loss	: 0.0199
-------------------------------------
[Epoch : 362/500]
Src_reg_loss	: 0.0198
-------------------------------------
[Epoch : 363/500]
Src_reg_loss	: 0.0198
-------------------------------------
[Epoch : 364/500]
Src_reg_loss	: 0.0198
-------------------------------------
[Epoch : 365/500]
Src_reg_loss	: 0.0198
-------------------------------------
[Epoch : 366/500]
Src_reg_loss	: 0.0197
-------------------------------------
[Epoch : 367/500]
Src_reg_loss	: 0.0197
-------------------------------------
[Epoch : 368/500]
Src_reg_loss	: 0.0197
-------------------------------------
[Epoch : 369/500]
Src_reg_loss	: 0.0196
-------------------------------------
[Epoch : 370/500]
Src_reg_loss	: 0.0196
-------------------------------------
[Epoch : 371/500]
Src_reg_loss	: 0.0196
-------------------------------------
[Epoch : 372/500]
Src_reg_loss	: 0.0195
-------------------------------------
[Epoch : 373/500]
Src_reg_loss	: 0.0195
-------------------------------------
[Epoch : 374/500]
Src_reg_loss	: 0.0195
-------------------------------------
[Epoch : 375/500]
Src_reg_loss	: 0.0195
-------------------------------------
[Epoch : 376/500]
Src_reg_loss	: 0.0194
-------------------------------------
[Epoch : 377/500]
Src_reg_loss	: 0.0194
-------------------------------------
[Epoch : 378/500]
Src_reg_loss	: 0.0194
-------------------------------------
[Epoch : 379/500]
Src_reg_loss	: 0.0193
-------------------------------------
[Epoch : 380/500]
Src_reg_loss	: 0.0193
-------------------------------------
[Epoch : 381/500]
Src_reg_loss	: 0.0193
-------------------------------------
[Epoch : 382/500]
Src_reg_loss	: 0.0193
-------------------------------------
[Epoch : 383/500]
Src_reg_loss	: 0.0192
-------------------------------------
[Epoch : 384/500]
Src_reg_loss	: 0.0192
-------------------------------------
[Epoch : 385/500]
Src_reg_loss	: 0.0192
-------------------------------------
[Epoch : 386/500]
Src_reg_loss	: 0.0192
-------------------------------------
[Epoch : 387/500]
Src_reg_loss	: 0.0191
-------------------------------------
[Epoch : 388/500]
Src_reg_loss	: 0.0191
-------------------------------------
[Epoch : 389/500]
Src_reg_loss	: 0.0191
-------------------------------------
[Epoch : 390/500]
Src_reg_loss	: 0.0190
-------------------------------------
[Epoch : 391/500]
Src_reg_loss	: 0.0190
-------------------------------------
[Epoch : 392/500]
Src_reg_loss	: 0.0190
-------------------------------------
[Epoch : 393/500]
Src_reg_loss	: 0.0190
-------------------------------------
[Epoch : 394/500]
Src_reg_loss	: 0.0189
-------------------------------------
[Epoch : 395/500]
Src_reg_loss	: 0.0189
-------------------------------------
[Epoch : 396/500]
Src_reg_loss	: 0.0189
-------------------------------------
[Epoch : 397/500]
Src_reg_loss	: 0.0189
-------------------------------------
[Epoch : 398/500]
Src_reg_loss	: 0.0188
-------------------------------------
[Epoch : 399/500]
Src_reg_loss	: 0.0188
-------------------------------------
[Epoch : 400/500]
Src_reg_loss	: 0.0188
-------------------------------------
[Epoch : 401/500]
Src_reg_loss	: 0.0188
-------------------------------------
[Epoch : 402/500]
Src_reg_loss	: 0.0187
-------------------------------------
[Epoch : 403/500]
Src_reg_loss	: 0.0187
-------------------------------------
[Epoch : 404/500]
Src_reg_loss	: 0.0187
-------------------------------------
[Epoch : 405/500]
Src_reg_loss	: 0.0187
-------------------------------------
[Epoch : 406/500]
Src_reg_loss	: 0.0186
-------------------------------------
[Epoch : 407/500]
Src_reg_loss	: 0.0186
-------------------------------------
[Epoch : 408/500]
Src_reg_loss	: 0.0186
-------------------------------------
[Epoch : 409/500]
Src_reg_loss	: 0.0186
-------------------------------------
[Epoch : 410/500]
Src_reg_loss	: 0.0185
-------------------------------------
[Epoch : 411/500]
Src_reg_loss	: 0.0185
-------------------------------------
[Epoch : 412/500]
Src_reg_loss	: 0.0185
-------------------------------------
[Epoch : 413/500]
Src_reg_loss	: 0.0185
-------------------------------------
[Epoch : 414/500]
Src_reg_loss	: 0.0184
-------------------------------------
[Epoch : 415/500]
Src_reg_loss	: 0.0184
-------------------------------------
[Epoch : 416/500]
Src_reg_loss	: 0.0184
-------------------------------------
[Epoch : 417/500]
Src_reg_loss	: 0.0184
-------------------------------------
[Epoch : 418/500]
Src_reg_loss	: 0.0183
-------------------------------------
[Epoch : 419/500]
Src_reg_loss	: 0.0183
-------------------------------------
[Epoch : 420/500]
Src_reg_loss	: 0.0183
-------------------------------------
[Epoch : 421/500]
Src_reg_loss	: 0.0183
-------------------------------------
[Epoch : 422/500]
Src_reg_loss	: 0.0182
-------------------------------------
[Epoch : 423/500]
Src_reg_loss	: 0.0182
-------------------------------------
[Epoch : 424/500]
Src_reg_loss	: 0.0182
-------------------------------------
[Epoch : 425/500]
Src_reg_loss	: 0.0182
-------------------------------------
[Epoch : 426/500]
Src_reg_loss	: 0.0181
-------------------------------------
[Epoch : 427/500]
Src_reg_loss	: 0.0181
-------------------------------------
[Epoch : 428/500]
Src_reg_loss	: 0.0181
-------------------------------------
[Epoch : 429/500]
Src_reg_loss	: 0.0181
-------------------------------------
[Epoch : 430/500]
Src_reg_loss	: 0.0181
-------------------------------------
[Epoch : 431/500]
Src_reg_loss	: 0.0180
-------------------------------------
[Epoch : 432/500]
Src_reg_loss	: 0.0180
-------------------------------------
[Epoch : 433/500]
Src_reg_loss	: 0.0180
-------------------------------------
[Epoch : 434/500]
Src_reg_loss	: 0.0180
-------------------------------------
[Epoch : 435/500]
Src_reg_loss	: 0.0179
-------------------------------------
[Epoch : 436/500]
Src_reg_loss	: 0.0179
-------------------------------------
[Epoch : 437/500]
Src_reg_loss	: 0.0179
-------------------------------------
[Epoch : 438/500]
Src_reg_loss	: 0.0179
-------------------------------------
[Epoch : 439/500]
Src_reg_loss	: 0.0179
-------------------------------------
[Epoch : 440/500]
Src_reg_loss	: 0.0178
-------------------------------------
[Epoch : 441/500]
Src_reg_loss	: 0.0178
-------------------------------------
[Epoch : 442/500]
Src_reg_loss	: 0.0178
-------------------------------------
[Epoch : 443/500]
Src_reg_loss	: 0.0178
-------------------------------------
[Epoch : 444/500]
Src_reg_loss	: 0.0177
-------------------------------------
[Epoch : 445/500]
Src_reg_loss	: 0.0177
-------------------------------------
[Epoch : 446/500]
Src_reg_loss	: 0.0177
-------------------------------------
[Epoch : 447/500]
Src_reg_loss	: 0.0177
-------------------------------------
[Epoch : 448/500]
Src_reg_loss	: 0.0177
-------------------------------------
[Epoch : 449/500]
Src_reg_loss	: 0.0176
-------------------------------------
[Epoch : 450/500]
Src_reg_loss	: 0.0176
-------------------------------------
[Epoch : 451/500]
Src_reg_loss	: 0.0176
-------------------------------------
[Epoch : 452/500]
Src_reg_loss	: 0.0176
-------------------------------------
[Epoch : 453/500]
Src_reg_loss	: 0.0176
-------------------------------------
[Epoch : 454/500]
Src_reg_loss	: 0.0175
-------------------------------------
[Epoch : 455/500]
Src_reg_loss	: 0.0175
-------------------------------------
[Epoch : 456/500]
Src_reg_loss	: 0.0175
-------------------------------------
[Epoch : 457/500]
Src_reg_loss	: 0.0175
-------------------------------------
[Epoch : 458/500]
Src_reg_loss	: 0.0175
-------------------------------------
[Epoch : 459/500]
Src_reg_loss	: 0.0174
-------------------------------------
[Epoch : 460/500]
Src_reg_loss	: 0.0174
-------------------------------------
[Epoch : 461/500]
Src_reg_loss	: 0.0174
-------------------------------------
[Epoch : 462/500]
Src_reg_loss	: 0.0174
-------------------------------------
[Epoch : 463/500]
Src_reg_loss	: 0.0174
-------------------------------------
[Epoch : 464/500]
Src_reg_loss	: 0.0173
-------------------------------------
[Epoch : 465/500]
Src_reg_loss	: 0.0173
-------------------------------------
[Epoch : 466/500]
Src_reg_loss	: 0.0173
-------------------------------------
[Epoch : 467/500]
Src_reg_loss	: 0.0173
-------------------------------------
[Epoch : 468/500]
Src_reg_loss	: 0.0173
-------------------------------------
[Epoch : 469/500]
Src_reg_loss	: 0.0172
-------------------------------------
[Epoch : 470/500]
Src_reg_loss	: 0.0172
-------------------------------------
[Epoch : 471/500]
Src_reg_loss	: 0.0172
-------------------------------------
[Epoch : 472/500]
Src_reg_loss	: 0.0172
-------------------------------------
[Epoch : 473/500]
Src_reg_loss	: 0.0172
-------------------------------------
[Epoch : 474/500]
Src_reg_loss	: 0.0171
-------------------------------------
[Epoch : 475/500]
Src_reg_loss	: 0.0171
-------------------------------------
[Epoch : 476/500]
Src_reg_loss	: 0.0171
-------------------------------------
[Epoch : 477/500]
Src_reg_loss	: 0.0171
-------------------------------------
[Epoch : 478/500]
Src_reg_loss	: 0.0171
-------------------------------------
[Epoch : 479/500]
Src_reg_loss	: 0.0170
-------------------------------------
[Epoch : 480/500]
Src_reg_loss	: 0.0170
-------------------------------------
[Epoch : 481/500]
Src_reg_loss	: 0.0170
-------------------------------------
[Epoch : 482/500]
Src_reg_loss	: 0.0170
-------------------------------------
[Epoch : 483/500]
Src_reg_loss	: 0.0170
-------------------------------------
[Epoch : 484/500]
Src_reg_loss	: 0.0169
-------------------------------------
[Epoch : 485/500]
Src_reg_loss	: 0.0169
-------------------------------------
[Epoch : 486/500]
Src_reg_loss	: 0.0169
-------------------------------------
[Epoch : 487/500]
Src_reg_loss	: 0.0169
-------------------------------------
[Epoch : 488/500]
Src_reg_loss	: 0.0169
-------------------------------------
[Epoch : 489/500]
Src_reg_loss	: 0.0169
-------------------------------------
[Epoch : 490/500]
Src_reg_loss	: 0.0168
-------------------------------------
[Epoch : 491/500]
Src_reg_loss	: 0.0168
-------------------------------------
[Epoch : 492/500]
Src_reg_loss	: 0.0168
-------------------------------------
[Epoch : 493/500]
Src_reg_loss	: 0.0168
-------------------------------------
[Epoch : 494/500]
Src_reg_loss	: 0.0168
-------------------------------------
[Epoch : 495/500]
Src_reg_loss	: 0.0167
-------------------------------------
[Epoch : 496/500]
Src_reg_loss	: 0.0167
-------------------------------------
[Epoch : 497/500]
Src_reg_loss	: 0.0167
-------------------------------------
[Epoch : 498/500]
Src_reg_loss	: 0.0167
-------------------------------------
[Epoch : 499/500]
Src_reg_loss	: 0.0167
-------------------------------------
[Epoch : 500/500]
Src_reg_loss	: 0.0167
-------------------------------------
