=============================================
Dataset: Airbox
Method:  AirDA
=============================================
Source: 0 ---> Target: 7
=============================================
[Epoch : 1/500]
Total_loss	: 0.3463
MMD_loss	: 3.3825
Src_reg_loss	: 0.3125
-------------------------------------
[Epoch : 2/500]
Total_loss	: 0.3304
MMD_loss	: 3.3852
Src_reg_loss	: 0.2965
-------------------------------------
[Epoch : 3/500]
Total_loss	: 0.3158
MMD_loss	: 3.3865
Src_reg_loss	: 0.2820
-------------------------------------
[Epoch : 4/500]
Total_loss	: 0.3017
MMD_loss	: 3.3865
Src_reg_loss	: 0.2678
-------------------------------------
[Epoch : 5/500]
Total_loss	: 0.2874
MMD_loss	: 3.3851
Src_reg_loss	: 0.2536
-------------------------------------
[Epoch : 6/500]
Total_loss	: 0.2727
MMD_loss	: 3.3819
Src_reg_loss	: 0.2389
-------------------------------------
[Epoch : 7/500]
Total_loss	: 0.2572
MMD_loss	: 3.3756
Src_reg_loss	: 0.2235
-------------------------------------
[Epoch : 8/500]
Total_loss	: 0.2411
MMD_loss	: 3.3636
Src_reg_loss	: 0.2074
-------------------------------------
[Epoch : 9/500]
Total_loss	: 0.2249
MMD_loss	: 3.3432
Src_reg_loss	: 0.1914
-------------------------------------
[Epoch : 10/500]
Total_loss	: 0.2095
MMD_loss	: 3.3137
Src_reg_loss	: 0.1764
-------------------------------------
[Epoch : 11/500]
Total_loss	: 0.1965
MMD_loss	: 3.2793
Src_reg_loss	: 0.1637
-------------------------------------
[Epoch : 12/500]
Total_loss	: 0.1860
MMD_loss	: 3.2488
Src_reg_loss	: 0.1535
-------------------------------------
[Epoch : 13/500]
Total_loss	: 0.1769
MMD_loss	: 3.2271
Src_reg_loss	: 0.1446
-------------------------------------
[Epoch : 14/500]
Total_loss	: 0.1689
MMD_loss	: 3.2136
Src_reg_loss	: 0.1368
-------------------------------------
[Epoch : 15/500]
Total_loss	: 0.1621
MMD_loss	: 3.2053
Src_reg_loss	: 0.1300
-------------------------------------
[Epoch : 16/500]
Total_loss	: 0.1561
MMD_loss	: 3.1996
Src_reg_loss	: 0.1241
-------------------------------------
[Epoch : 17/500]
Total_loss	: 0.1509
MMD_loss	: 3.1951
Src_reg_loss	: 0.1189
-------------------------------------
[Epoch : 18/500]
Total_loss	: 0.1462
MMD_loss	: 3.1913
Src_reg_loss	: 0.1143
-------------------------------------
[Epoch : 19/500]
Total_loss	: 0.1420
MMD_loss	: 3.1882
Src_reg_loss	: 0.1101
-------------------------------------
[Epoch : 20/500]
Total_loss	: 0.1382
MMD_loss	: 3.1862
Src_reg_loss	: 0.1063
-------------------------------------
[Epoch : 21/500]
Total_loss	: 0.1348
MMD_loss	: 3.1853
Src_reg_loss	: 0.1029
-------------------------------------
[Epoch : 22/500]
Total_loss	: 0.1317
MMD_loss	: 3.1851
Src_reg_loss	: 0.0998
-------------------------------------
[Epoch : 23/500]
Total_loss	: 0.1288
MMD_loss	: 3.1854
Src_reg_loss	: 0.0970
-------------------------------------
[Epoch : 24/500]
Total_loss	: 0.1262
MMD_loss	: 3.1859
Src_reg_loss	: 0.0944
-------------------------------------
[Epoch : 25/500]
Total_loss	: 0.1238
MMD_loss	: 3.1863
Src_reg_loss	: 0.0920
-------------------------------------
[Epoch : 26/500]
Total_loss	: 0.1216
MMD_loss	: 3.1867
Src_reg_loss	: 0.0898
-------------------------------------
[Epoch : 27/500]
Total_loss	: 0.1196
MMD_loss	: 3.1868
Src_reg_loss	: 0.0877
-------------------------------------
[Epoch : 28/500]
Total_loss	: 0.1177
MMD_loss	: 3.1867
Src_reg_loss	: 0.0858
-------------------------------------
[Epoch : 29/500]
Total_loss	: 0.1159
MMD_loss	: 3.1863
Src_reg_loss	: 0.0840
-------------------------------------
[Epoch : 30/500]
Total_loss	: 0.1142
MMD_loss	: 3.1855
Src_reg_loss	: 0.0823
-------------------------------------
[Epoch : 31/500]
Total_loss	: 0.1126
MMD_loss	: 3.1843
Src_reg_loss	: 0.0808
-------------------------------------
[Epoch : 32/500]
Total_loss	: 0.1111
MMD_loss	: 3.1825
Src_reg_loss	: 0.0793
-------------------------------------
[Epoch : 33/500]
Total_loss	: 0.1097
MMD_loss	: 3.1803
Src_reg_loss	: 0.0779
-------------------------------------
[Epoch : 34/500]
Total_loss	: 0.1084
MMD_loss	: 3.1776
Src_reg_loss	: 0.0766
-------------------------------------
[Epoch : 35/500]
Total_loss	: 0.1071
MMD_loss	: 3.1743
Src_reg_loss	: 0.0754
-------------------------------------
[Epoch : 36/500]
Total_loss	: 0.1059
MMD_loss	: 3.1705
Src_reg_loss	: 0.0742
-------------------------------------
[Epoch : 37/500]
Total_loss	: 0.1048
MMD_loss	: 3.1662
Src_reg_loss	: 0.0731
-------------------------------------
[Epoch : 38/500]
Total_loss	: 0.1037
MMD_loss	: 3.1613
Src_reg_loss	: 0.0721
-------------------------------------
[Epoch : 39/500]
Total_loss	: 0.1026
MMD_loss	: 3.1558
Src_reg_loss	: 0.0711
-------------------------------------
[Epoch : 40/500]
Total_loss	: 0.1016
MMD_loss	: 3.1499
Src_reg_loss	: 0.0701
-------------------------------------
[Epoch : 41/500]
Total_loss	: 0.1006
MMD_loss	: 3.1434
Src_reg_loss	: 0.0692
-------------------------------------
[Epoch : 42/500]
Total_loss	: 0.0997
MMD_loss	: 3.1365
Src_reg_loss	: 0.0683
-------------------------------------
[Epoch : 43/500]
Total_loss	: 0.0988
MMD_loss	: 3.1291
Src_reg_loss	: 0.0675
-------------------------------------
[Epoch : 44/500]
Total_loss	: 0.0979
MMD_loss	: 3.1213
Src_reg_loss	: 0.0667
-------------------------------------
[Epoch : 45/500]
Total_loss	: 0.0971
MMD_loss	: 3.1130
Src_reg_loss	: 0.0659
-------------------------------------
[Epoch : 46/500]
Total_loss	: 0.0962
MMD_loss	: 3.1043
Src_reg_loss	: 0.0652
-------------------------------------
[Epoch : 47/500]
Total_loss	: 0.0955
MMD_loss	: 3.0952
Src_reg_loss	: 0.0645
-------------------------------------
[Epoch : 48/500]
Total_loss	: 0.0947
MMD_loss	: 3.0858
Src_reg_loss	: 0.0638
-------------------------------------
[Epoch : 49/500]
Total_loss	: 0.0939
MMD_loss	: 3.0760
Src_reg_loss	: 0.0632
-------------------------------------
[Epoch : 50/500]
Total_loss	: 0.0932
MMD_loss	: 3.0660
Src_reg_loss	: 0.0625
-------------------------------------
[Epoch : 51/500]
Total_loss	: 0.0925
MMD_loss	: 3.0556
Src_reg_loss	: 0.0619
-------------------------------------
[Epoch : 52/500]
Total_loss	: 0.0918
MMD_loss	: 3.0449
Src_reg_loss	: 0.0614
-------------------------------------
[Epoch : 53/500]
Total_loss	: 0.0911
MMD_loss	: 3.0340
Src_reg_loss	: 0.0608
-------------------------------------
[Epoch : 54/500]
Total_loss	: 0.0905
MMD_loss	: 3.0229
Src_reg_loss	: 0.0602
-------------------------------------
[Epoch : 55/500]
Total_loss	: 0.0898
MMD_loss	: 3.0115
Src_reg_loss	: 0.0597
-------------------------------------
[Epoch : 56/500]
Total_loss	: 0.0892
MMD_loss	: 3.0000
Src_reg_loss	: 0.0592
-------------------------------------
[Epoch : 57/500]
Total_loss	: 0.0886
MMD_loss	: 2.9883
Src_reg_loss	: 0.0587
-------------------------------------
[Epoch : 58/500]
Total_loss	: 0.0880
MMD_loss	: 2.9764
Src_reg_loss	: 0.0582
-------------------------------------
[Epoch : 59/500]
Total_loss	: 0.0874
MMD_loss	: 2.9644
Src_reg_loss	: 0.0578
-------------------------------------
[Epoch : 60/500]
Total_loss	: 0.0868
MMD_loss	: 2.9522
Src_reg_loss	: 0.0573
-------------------------------------
[Epoch : 61/500]
Total_loss	: 0.0863
MMD_loss	: 2.9400
Src_reg_loss	: 0.0569
-------------------------------------
[Epoch : 62/500]
Total_loss	: 0.0857
MMD_loss	: 2.9276
Src_reg_loss	: 0.0564
-------------------------------------
[Epoch : 63/500]
Total_loss	: 0.0852
MMD_loss	: 2.9152
Src_reg_loss	: 0.0560
-------------------------------------
[Epoch : 64/500]
Total_loss	: 0.0846
MMD_loss	: 2.9027
Src_reg_loss	: 0.0556
-------------------------------------
[Epoch : 65/500]
Total_loss	: 0.0841
MMD_loss	: 2.8902
Src_reg_loss	: 0.0552
-------------------------------------
[Epoch : 66/500]
Total_loss	: 0.0836
MMD_loss	: 2.8776
Src_reg_loss	: 0.0548
-------------------------------------
[Epoch : 67/500]
Total_loss	: 0.0831
MMD_loss	: 2.8650
Src_reg_loss	: 0.0544
-------------------------------------
[Epoch : 68/500]
Total_loss	: 0.0826
MMD_loss	: 2.8524
Src_reg_loss	: 0.0541
-------------------------------------
[Epoch : 69/500]
Total_loss	: 0.0821
MMD_loss	: 2.8399
Src_reg_loss	: 0.0537
-------------------------------------
[Epoch : 70/500]
Total_loss	: 0.0816
MMD_loss	: 2.8274
Src_reg_loss	: 0.0534
-------------------------------------
[Epoch : 71/500]
Total_loss	: 0.0812
MMD_loss	: 2.8149
Src_reg_loss	: 0.0530
-------------------------------------
[Epoch : 72/500]
Total_loss	: 0.0807
MMD_loss	: 2.8025
Src_reg_loss	: 0.0527
-------------------------------------
[Epoch : 73/500]
Total_loss	: 0.0802
MMD_loss	: 2.7902
Src_reg_loss	: 0.0523
-------------------------------------
[Epoch : 74/500]
Total_loss	: 0.0798
MMD_loss	: 2.7780
Src_reg_loss	: 0.0520
-------------------------------------
[Epoch : 75/500]
Total_loss	: 0.0794
MMD_loss	: 2.7659
Src_reg_loss	: 0.0517
-------------------------------------
[Epoch : 76/500]
Total_loss	: 0.0789
MMD_loss	: 2.7540
Src_reg_loss	: 0.0514
-------------------------------------
[Epoch : 77/500]
Total_loss	: 0.0785
MMD_loss	: 2.7422
Src_reg_loss	: 0.0511
-------------------------------------
[Epoch : 78/500]
Total_loss	: 0.0781
MMD_loss	: 2.7307
Src_reg_loss	: 0.0508
-------------------------------------
[Epoch : 79/500]
Total_loss	: 0.0777
MMD_loss	: 2.7194
Src_reg_loss	: 0.0505
-------------------------------------
[Epoch : 80/500]
Total_loss	: 0.0773
MMD_loss	: 2.7084
Src_reg_loss	: 0.0502
-------------------------------------
[Epoch : 81/500]
Total_loss	: 0.0769
MMD_loss	: 2.6976
Src_reg_loss	: 0.0500
-------------------------------------
[Epoch : 82/500]
Total_loss	: 0.0766
MMD_loss	: 2.6871
Src_reg_loss	: 0.0497
-------------------------------------
[Epoch : 83/500]
Total_loss	: 0.0762
MMD_loss	: 2.6770
Src_reg_loss	: 0.0494
-------------------------------------
[Epoch : 84/500]
Total_loss	: 0.0758
MMD_loss	: 2.6673
Src_reg_loss	: 0.0492
-------------------------------------
[Epoch : 85/500]
Total_loss	: 0.0755
MMD_loss	: 2.6579
Src_reg_loss	: 0.0489
-------------------------------------
[Epoch : 86/500]
Total_loss	: 0.0751
MMD_loss	: 2.6490
Src_reg_loss	: 0.0486
-------------------------------------
[Epoch : 87/500]
Total_loss	: 0.0748
MMD_loss	: 2.6405
Src_reg_loss	: 0.0484
-------------------------------------
[Epoch : 88/500]
Total_loss	: 0.0745
MMD_loss	: 2.6325
Src_reg_loss	: 0.0481
-------------------------------------
[Epoch : 89/500]
Total_loss	: 0.0742
MMD_loss	: 2.6250
Src_reg_loss	: 0.0479
-------------------------------------
[Epoch : 90/500]
Total_loss	: 0.0738
MMD_loss	: 2.6181
Src_reg_loss	: 0.0477
-------------------------------------
[Epoch : 91/500]
Total_loss	: 0.0736
MMD_loss	: 2.6117
Src_reg_loss	: 0.0474
-------------------------------------
[Epoch : 92/500]
Total_loss	: 0.0733
MMD_loss	: 2.6059
Src_reg_loss	: 0.0472
-------------------------------------
[Epoch : 93/500]
Total_loss	: 0.0730
MMD_loss	: 2.6007
Src_reg_loss	: 0.0470
-------------------------------------
[Epoch : 94/500]
Total_loss	: 0.0727
MMD_loss	: 2.5961
Src_reg_loss	: 0.0468
-------------------------------------
[Epoch : 95/500]
Total_loss	: 0.0725
MMD_loss	: 2.5921
Src_reg_loss	: 0.0465
-------------------------------------
[Epoch : 96/500]
Total_loss	: 0.0722
MMD_loss	: 2.5887
Src_reg_loss	: 0.0463
-------------------------------------
[Epoch : 97/500]
Total_loss	: 0.0720
MMD_loss	: 2.5859
Src_reg_loss	: 0.0461
-------------------------------------
[Epoch : 98/500]
Total_loss	: 0.0717
MMD_loss	: 2.5838
Src_reg_loss	: 0.0459
-------------------------------------
[Epoch : 99/500]
Total_loss	: 0.0715
MMD_loss	: 2.5823
Src_reg_loss	: 0.0457
-------------------------------------
[Epoch : 100/500]
Total_loss	: 0.0713
MMD_loss	: 2.5814
Src_reg_loss	: 0.0455
-------------------------------------
[Epoch : 101/500]
Total_loss	: 0.0711
MMD_loss	: 2.5811
Src_reg_loss	: 0.0453
-------------------------------------
[Epoch : 102/500]
Total_loss	: 0.0709
MMD_loss	: 2.5813
Src_reg_loss	: 0.0451
-------------------------------------
[Epoch : 103/500]
Total_loss	: 0.0707
MMD_loss	: 2.5820
Src_reg_loss	: 0.0449
-------------------------------------
[Epoch : 104/500]
Total_loss	: 0.0705
MMD_loss	: 2.5833
Src_reg_loss	: 0.0447
-------------------------------------
[Epoch : 105/500]
Total_loss	: 0.0703
MMD_loss	: 2.5850
Src_reg_loss	: 0.0445
-------------------------------------
[Epoch : 106/500]
Total_loss	: 0.0702
MMD_loss	: 2.5872
Src_reg_loss	: 0.0443
-------------------------------------
[Epoch : 107/500]
Total_loss	: 0.0700
MMD_loss	: 2.5898
Src_reg_loss	: 0.0441
-------------------------------------
[Epoch : 108/500]
Total_loss	: 0.0699
MMD_loss	: 2.5928
Src_reg_loss	: 0.0439
-------------------------------------
[Epoch : 109/500]
Total_loss	: 0.0697
MMD_loss	: 2.5961
Src_reg_loss	: 0.0437
-------------------------------------
[Epoch : 110/500]
Total_loss	: 0.0696
MMD_loss	: 2.5998
Src_reg_loss	: 0.0436
-------------------------------------
[Epoch : 111/500]
Total_loss	: 0.0694
MMD_loss	: 2.6037
Src_reg_loss	: 0.0434
-------------------------------------
[Epoch : 112/500]
Total_loss	: 0.0693
MMD_loss	: 2.6079
Src_reg_loss	: 0.0432
-------------------------------------
[Epoch : 113/500]
Total_loss	: 0.0691
MMD_loss	: 2.6123
Src_reg_loss	: 0.0430
-------------------------------------
[Epoch : 114/500]
Total_loss	: 0.0690
MMD_loss	: 2.6168
Src_reg_loss	: 0.0428
-------------------------------------
[Epoch : 115/500]
Total_loss	: 0.0689
MMD_loss	: 2.6214
Src_reg_loss	: 0.0427
-------------------------------------
[Epoch : 116/500]
Total_loss	: 0.0688
MMD_loss	: 2.6262
Src_reg_loss	: 0.0425
-------------------------------------
[Epoch : 117/500]
Total_loss	: 0.0686
MMD_loss	: 2.6311
Src_reg_loss	: 0.0423
-------------------------------------
[Epoch : 118/500]
Total_loss	: 0.0685
MMD_loss	: 2.6360
Src_reg_loss	: 0.0422
-------------------------------------
[Epoch : 119/500]
Total_loss	: 0.0684
MMD_loss	: 2.6409
Src_reg_loss	: 0.0420
-------------------------------------
[Epoch : 120/500]
Total_loss	: 0.0683
MMD_loss	: 2.6458
Src_reg_loss	: 0.0418
-------------------------------------
[Epoch : 121/500]
Total_loss	: 0.0682
MMD_loss	: 2.6508
Src_reg_loss	: 0.0417
-------------------------------------
[Epoch : 122/500]
Total_loss	: 0.0681
MMD_loss	: 2.6557
Src_reg_loss	: 0.0415
-------------------------------------
[Epoch : 123/500]
Total_loss	: 0.0680
MMD_loss	: 2.6605
Src_reg_loss	: 0.0414
-------------------------------------
[Epoch : 124/500]
Total_loss	: 0.0678
MMD_loss	: 2.6653
Src_reg_loss	: 0.0412
-------------------------------------
[Epoch : 125/500]
Total_loss	: 0.0677
MMD_loss	: 2.6700
Src_reg_loss	: 0.0410
-------------------------------------
[Epoch : 126/500]
Total_loss	: 0.0676
MMD_loss	: 2.6746
Src_reg_loss	: 0.0409
-------------------------------------
[Epoch : 127/500]
Total_loss	: 0.0675
MMD_loss	: 2.6791
Src_reg_loss	: 0.0407
-------------------------------------
[Epoch : 128/500]
Total_loss	: 0.0674
MMD_loss	: 2.6835
Src_reg_loss	: 0.0406
-------------------------------------
[Epoch : 129/500]
Total_loss	: 0.0673
MMD_loss	: 2.6878
Src_reg_loss	: 0.0404
-------------------------------------
[Epoch : 130/500]
Total_loss	: 0.0672
MMD_loss	: 2.6919
Src_reg_loss	: 0.0403
-------------------------------------
[Epoch : 131/500]
Total_loss	: 0.0671
MMD_loss	: 2.6959
Src_reg_loss	: 0.0401
-------------------------------------
[Epoch : 132/500]
Total_loss	: 0.0670
MMD_loss	: 2.6998
Src_reg_loss	: 0.0400
-------------------------------------
[Epoch : 133/500]
Total_loss	: 0.0669
MMD_loss	: 2.7035
Src_reg_loss	: 0.0398
-------------------------------------
[Epoch : 134/500]
Total_loss	: 0.0668
MMD_loss	: 2.7070
Src_reg_loss	: 0.0397
-------------------------------------
[Epoch : 135/500]
Total_loss	: 0.0667
MMD_loss	: 2.7104
Src_reg_loss	: 0.0396
-------------------------------------
[Epoch : 136/500]
Total_loss	: 0.0666
MMD_loss	: 2.7137
Src_reg_loss	: 0.0394
-------------------------------------
[Epoch : 137/500]
Total_loss	: 0.0664
MMD_loss	: 2.7167
Src_reg_loss	: 0.0393
-------------------------------------
[Epoch : 138/500]
Total_loss	: 0.0663
MMD_loss	: 2.7196
Src_reg_loss	: 0.0391
-------------------------------------
[Epoch : 139/500]
Total_loss	: 0.0662
MMD_loss	: 2.7224
Src_reg_loss	: 0.0390
-------------------------------------
[Epoch : 140/500]
Total_loss	: 0.0661
MMD_loss	: 2.7250
Src_reg_loss	: 0.0389
-------------------------------------
[Epoch : 141/500]
Total_loss	: 0.0660
MMD_loss	: 2.7274
Src_reg_loss	: 0.0387
-------------------------------------
[Epoch : 142/500]
Total_loss	: 0.0659
MMD_loss	: 2.7296
Src_reg_loss	: 0.0386
-------------------------------------
[Epoch : 143/500]
Total_loss	: 0.0658
MMD_loss	: 2.7318
Src_reg_loss	: 0.0385
-------------------------------------
[Epoch : 144/500]
Total_loss	: 0.0657
MMD_loss	: 2.7337
Src_reg_loss	: 0.0383
-------------------------------------
[Epoch : 145/500]
Total_loss	: 0.0656
MMD_loss	: 2.7355
Src_reg_loss	: 0.0382
-------------------------------------
[Epoch : 146/500]
Total_loss	: 0.0655
MMD_loss	: 2.7372
Src_reg_loss	: 0.0381
-------------------------------------
[Epoch : 147/500]
Total_loss	: 0.0654
MMD_loss	: 2.7387
Src_reg_loss	: 0.0380
-------------------------------------
[Epoch : 148/500]
Total_loss	: 0.0652
MMD_loss	: 2.7400
Src_reg_loss	: 0.0378
-------------------------------------
[Epoch : 149/500]
Total_loss	: 0.0651
MMD_loss	: 2.7412
Src_reg_loss	: 0.0377
-------------------------------------
[Epoch : 150/500]
Total_loss	: 0.0650
MMD_loss	: 2.7422
Src_reg_loss	: 0.0376
-------------------------------------
[Epoch : 151/500]
Total_loss	: 0.0649
MMD_loss	: 2.7431
Src_reg_loss	: 0.0375
-------------------------------------
[Epoch : 152/500]
Total_loss	: 0.0648
MMD_loss	: 2.7438
Src_reg_loss	: 0.0374
-------------------------------------
[Epoch : 153/500]
Total_loss	: 0.0647
MMD_loss	: 2.7444
Src_reg_loss	: 0.0372
-------------------------------------
[Epoch : 154/500]
Total_loss	: 0.0646
MMD_loss	: 2.7449
Src_reg_loss	: 0.0371
-------------------------------------
[Epoch : 155/500]
Total_loss	: 0.0645
MMD_loss	: 2.7453
Src_reg_loss	: 0.0370
-------------------------------------
[Epoch : 156/500]
Total_loss	: 0.0643
MMD_loss	: 2.7455
Src_reg_loss	: 0.0369
-------------------------------------
[Epoch : 157/500]
Total_loss	: 0.0642
MMD_loss	: 2.7456
Src_reg_loss	: 0.0368
-------------------------------------
[Epoch : 158/500]
Total_loss	: 0.0641
MMD_loss	: 2.7455
Src_reg_loss	: 0.0367
-------------------------------------
[Epoch : 159/500]
Total_loss	: 0.0640
MMD_loss	: 2.7454
Src_reg_loss	: 0.0365
-------------------------------------
[Epoch : 160/500]
Total_loss	: 0.0639
MMD_loss	: 2.7451
Src_reg_loss	: 0.0364
-------------------------------------
[Epoch : 161/500]
Total_loss	: 0.0638
MMD_loss	: 2.7448
Src_reg_loss	: 0.0363
-------------------------------------
[Epoch : 162/500]
Total_loss	: 0.0637
MMD_loss	: 2.7443
Src_reg_loss	: 0.0362
-------------------------------------
[Epoch : 163/500]
Total_loss	: 0.0635
MMD_loss	: 2.7437
Src_reg_loss	: 0.0361
-------------------------------------
[Epoch : 164/500]
Total_loss	: 0.0634
MMD_loss	: 2.7430
Src_reg_loss	: 0.0360
-------------------------------------
[Epoch : 165/500]
Total_loss	: 0.0633
MMD_loss	: 2.7422
Src_reg_loss	: 0.0359
-------------------------------------
[Epoch : 166/500]
Total_loss	: 0.0632
MMD_loss	: 2.7413
Src_reg_loss	: 0.0358
-------------------------------------
[Epoch : 167/500]
Total_loss	: 0.0631
MMD_loss	: 2.7403
Src_reg_loss	: 0.0357
-------------------------------------
[Epoch : 168/500]
Total_loss	: 0.0630
MMD_loss	: 2.7392
Src_reg_loss	: 0.0356
-------------------------------------
[Epoch : 169/500]
Total_loss	: 0.0629
MMD_loss	: 2.7380
Src_reg_loss	: 0.0355
-------------------------------------
[Epoch : 170/500]
Total_loss	: 0.0627
MMD_loss	: 2.7367
Src_reg_loss	: 0.0354
-------------------------------------
[Epoch : 171/500]
Total_loss	: 0.0626
MMD_loss	: 2.7353
Src_reg_loss	: 0.0353
-------------------------------------
[Epoch : 172/500]
Total_loss	: 0.0625
MMD_loss	: 2.7338
Src_reg_loss	: 0.0352
-------------------------------------
[Epoch : 173/500]
Total_loss	: 0.0624
MMD_loss	: 2.7323
Src_reg_loss	: 0.0351
-------------------------------------
[Epoch : 174/500]
Total_loss	: 0.0623
MMD_loss	: 2.7306
Src_reg_loss	: 0.0350
-------------------------------------
[Epoch : 175/500]
Total_loss	: 0.0622
MMD_loss	: 2.7289
Src_reg_loss	: 0.0349
-------------------------------------
[Epoch : 176/500]
Total_loss	: 0.0620
MMD_loss	: 2.7271
Src_reg_loss	: 0.0348
-------------------------------------
[Epoch : 177/500]
Total_loss	: 0.0619
MMD_loss	: 2.7252
Src_reg_loss	: 0.0347
-------------------------------------
[Epoch : 178/500]
Total_loss	: 0.0618
MMD_loss	: 2.7232
Src_reg_loss	: 0.0346
-------------------------------------
[Epoch : 179/500]
Total_loss	: 0.0617
MMD_loss	: 2.7212
Src_reg_loss	: 0.0345
-------------------------------------
[Epoch : 180/500]
Total_loss	: 0.0616
MMD_loss	: 2.7191
Src_reg_loss	: 0.0344
-------------------------------------
[Epoch : 181/500]
Total_loss	: 0.0615
MMD_loss	: 2.7169
Src_reg_loss	: 0.0343
-------------------------------------
[Epoch : 182/500]
Total_loss	: 0.0614
MMD_loss	: 2.7146
Src_reg_loss	: 0.0342
-------------------------------------
[Epoch : 183/500]
Total_loss	: 0.0612
MMD_loss	: 2.7123
Src_reg_loss	: 0.0341
-------------------------------------
[Epoch : 184/500]
Total_loss	: 0.0611
MMD_loss	: 2.7098
Src_reg_loss	: 0.0340
-------------------------------------
[Epoch : 185/500]
Total_loss	: 0.0610
MMD_loss	: 2.7074
Src_reg_loss	: 0.0339
-------------------------------------
[Epoch : 186/500]
Total_loss	: 0.0609
MMD_loss	: 2.7048
Src_reg_loss	: 0.0338
-------------------------------------
[Epoch : 187/500]
Total_loss	: 0.0608
MMD_loss	: 2.7022
Src_reg_loss	: 0.0338
-------------------------------------
[Epoch : 188/500]
Total_loss	: 0.0607
MMD_loss	: 2.6995
Src_reg_loss	: 0.0337
-------------------------------------
[Epoch : 189/500]
Total_loss	: 0.0605
MMD_loss	: 2.6967
Src_reg_loss	: 0.0336
-------------------------------------
[Epoch : 190/500]
Total_loss	: 0.0604
MMD_loss	: 2.6939
Src_reg_loss	: 0.0335
-------------------------------------
[Epoch : 191/500]
Total_loss	: 0.0603
MMD_loss	: 2.6911
Src_reg_loss	: 0.0334
-------------------------------------
[Epoch : 192/500]
Total_loss	: 0.0602
MMD_loss	: 2.6881
Src_reg_loss	: 0.0333
-------------------------------------
[Epoch : 193/500]
Total_loss	: 0.0601
MMD_loss	: 2.6851
Src_reg_loss	: 0.0332
-------------------------------------
[Epoch : 194/500]
Total_loss	: 0.0600
MMD_loss	: 2.6821
Src_reg_loss	: 0.0331
-------------------------------------
[Epoch : 195/500]
Total_loss	: 0.0599
MMD_loss	: 2.6790
Src_reg_loss	: 0.0331
-------------------------------------
[Epoch : 196/500]
Total_loss	: 0.0597
MMD_loss	: 2.6758
Src_reg_loss	: 0.0330
-------------------------------------
[Epoch : 197/500]
Total_loss	: 0.0596
MMD_loss	: 2.6726
Src_reg_loss	: 0.0329
-------------------------------------
[Epoch : 198/500]
Total_loss	: 0.0595
MMD_loss	: 2.6693
Src_reg_loss	: 0.0328
-------------------------------------
[Epoch : 199/500]
Total_loss	: 0.0594
MMD_loss	: 2.6659
Src_reg_loss	: 0.0327
-------------------------------------
[Epoch : 200/500]
Total_loss	: 0.0593
MMD_loss	: 2.6625
Src_reg_loss	: 0.0327
-------------------------------------
[Epoch : 201/500]
Total_loss	: 0.0592
MMD_loss	: 2.6591
Src_reg_loss	: 0.0326
-------------------------------------
[Epoch : 202/500]
Total_loss	: 0.0590
MMD_loss	: 2.6556
Src_reg_loss	: 0.0325
-------------------------------------
[Epoch : 203/500]
Total_loss	: 0.0589
MMD_loss	: 2.6520
Src_reg_loss	: 0.0324
-------------------------------------
[Epoch : 204/500]
Total_loss	: 0.0588
MMD_loss	: 2.6484
Src_reg_loss	: 0.0323
-------------------------------------
[Epoch : 205/500]
Total_loss	: 0.0587
MMD_loss	: 2.6448
Src_reg_loss	: 0.0323
-------------------------------------
[Epoch : 206/500]
Total_loss	: 0.0586
MMD_loss	: 2.6411
Src_reg_loss	: 0.0322
-------------------------------------
[Epoch : 207/500]
Total_loss	: 0.0585
MMD_loss	: 2.6374
Src_reg_loss	: 0.0321
-------------------------------------
[Epoch : 208/500]
Total_loss	: 0.0584
MMD_loss	: 2.6336
Src_reg_loss	: 0.0320
-------------------------------------
[Epoch : 209/500]
Total_loss	: 0.0582
MMD_loss	: 2.6297
Src_reg_loss	: 0.0319
-------------------------------------
[Epoch : 210/500]
Total_loss	: 0.0581
MMD_loss	: 2.6259
Src_reg_loss	: 0.0319
-------------------------------------
[Epoch : 211/500]
Total_loss	: 0.0580
MMD_loss	: 2.6219
Src_reg_loss	: 0.0318
-------------------------------------
[Epoch : 212/500]
Total_loss	: 0.0579
MMD_loss	: 2.6180
Src_reg_loss	: 0.0317
-------------------------------------
[Epoch : 213/500]
Total_loss	: 0.0578
MMD_loss	: 2.6140
Src_reg_loss	: 0.0316
-------------------------------------
[Epoch : 214/500]
Total_loss	: 0.0577
MMD_loss	: 2.6099
Src_reg_loss	: 0.0316
-------------------------------------
[Epoch : 215/500]
Total_loss	: 0.0575
MMD_loss	: 2.6058
Src_reg_loss	: 0.0315
-------------------------------------
[Epoch : 216/500]
Total_loss	: 0.0574
MMD_loss	: 2.6017
Src_reg_loss	: 0.0314
-------------------------------------
[Epoch : 217/500]
Total_loss	: 0.0573
MMD_loss	: 2.5975
Src_reg_loss	: 0.0313
-------------------------------------
[Epoch : 218/500]
Total_loss	: 0.0572
MMD_loss	: 2.5933
Src_reg_loss	: 0.0313
-------------------------------------
[Epoch : 219/500]
Total_loss	: 0.0571
MMD_loss	: 2.5891
Src_reg_loss	: 0.0312
-------------------------------------
[Epoch : 220/500]
Total_loss	: 0.0570
MMD_loss	: 2.5849
Src_reg_loss	: 0.0311
-------------------------------------
[Epoch : 221/500]
Total_loss	: 0.0569
MMD_loss	: 2.5806
Src_reg_loss	: 0.0311
-------------------------------------
[Epoch : 222/500]
Total_loss	: 0.0567
MMD_loss	: 2.5762
Src_reg_loss	: 0.0310
-------------------------------------
[Epoch : 223/500]
Total_loss	: 0.0566
MMD_loss	: 2.5719
Src_reg_loss	: 0.0309
-------------------------------------
[Epoch : 224/500]
Total_loss	: 0.0565
MMD_loss	: 2.5675
Src_reg_loss	: 0.0308
-------------------------------------
[Epoch : 225/500]
Total_loss	: 0.0564
MMD_loss	: 2.5631
Src_reg_loss	: 0.0308
-------------------------------------
[Epoch : 226/500]
Total_loss	: 0.0563
MMD_loss	: 2.5586
Src_reg_loss	: 0.0307
-------------------------------------
[Epoch : 227/500]
Total_loss	: 0.0562
MMD_loss	: 2.5542
Src_reg_loss	: 0.0306
-------------------------------------
[Epoch : 228/500]
Total_loss	: 0.0561
MMD_loss	: 2.5497
Src_reg_loss	: 0.0306
-------------------------------------
[Epoch : 229/500]
Total_loss	: 0.0559
MMD_loss	: 2.5452
Src_reg_loss	: 0.0305
-------------------------------------
[Epoch : 230/500]
Total_loss	: 0.0558
MMD_loss	: 2.5406
Src_reg_loss	: 0.0304
-------------------------------------
[Epoch : 231/500]
Total_loss	: 0.0557
MMD_loss	: 2.5361
Src_reg_loss	: 0.0304
-------------------------------------
[Epoch : 232/500]
Total_loss	: 0.0556
MMD_loss	: 2.5315
Src_reg_loss	: 0.0303
-------------------------------------
[Epoch : 233/500]
Total_loss	: 0.0555
MMD_loss	: 2.5269
Src_reg_loss	: 0.0302
-------------------------------------
[Epoch : 234/500]
Total_loss	: 0.0554
MMD_loss	: 2.5223
Src_reg_loss	: 0.0302
-------------------------------------
[Epoch : 235/500]
Total_loss	: 0.0553
MMD_loss	: 2.5176
Src_reg_loss	: 0.0301
-------------------------------------
[Epoch : 236/500]
Total_loss	: 0.0552
MMD_loss	: 2.5130
Src_reg_loss	: 0.0300
-------------------------------------
[Epoch : 237/500]
Total_loss	: 0.0550
MMD_loss	: 2.5083
Src_reg_loss	: 0.0300
-------------------------------------
[Epoch : 238/500]
Total_loss	: 0.0549
MMD_loss	: 2.5036
Src_reg_loss	: 0.0299
-------------------------------------
[Epoch : 239/500]
Total_loss	: 0.0548
MMD_loss	: 2.4990
Src_reg_loss	: 0.0298
-------------------------------------
[Epoch : 240/500]
Total_loss	: 0.0547
MMD_loss	: 2.4943
Src_reg_loss	: 0.0298
-------------------------------------
[Epoch : 241/500]
Total_loss	: 0.0546
MMD_loss	: 2.4896
Src_reg_loss	: 0.0297
-------------------------------------
[Epoch : 242/500]
Total_loss	: 0.0545
MMD_loss	: 2.4849
Src_reg_loss	: 0.0296
-------------------------------------
[Epoch : 243/500]
Total_loss	: 0.0544
MMD_loss	: 2.4801
Src_reg_loss	: 0.0296
-------------------------------------
[Epoch : 244/500]
Total_loss	: 0.0543
MMD_loss	: 2.4754
Src_reg_loss	: 0.0295
-------------------------------------
[Epoch : 245/500]
Total_loss	: 0.0542
MMD_loss	: 2.4707
Src_reg_loss	: 0.0295
-------------------------------------
[Epoch : 246/500]
Total_loss	: 0.0541
MMD_loss	: 2.4660
Src_reg_loss	: 0.0294
-------------------------------------
[Epoch : 247/500]
Total_loss	: 0.0539
MMD_loss	: 2.4612
Src_reg_loss	: 0.0293
-------------------------------------
[Epoch : 248/500]
Total_loss	: 0.0538
MMD_loss	: 2.4565
Src_reg_loss	: 0.0293
-------------------------------------
[Epoch : 249/500]
Total_loss	: 0.0537
MMD_loss	: 2.4518
Src_reg_loss	: 0.0292
-------------------------------------
[Epoch : 250/500]
Total_loss	: 0.0536
MMD_loss	: 2.4470
Src_reg_loss	: 0.0291
-------------------------------------
[Epoch : 251/500]
Total_loss	: 0.0535
MMD_loss	: 2.4423
Src_reg_loss	: 0.0291
-------------------------------------
[Epoch : 252/500]
Total_loss	: 0.0534
MMD_loss	: 2.4376
Src_reg_loss	: 0.0290
-------------------------------------
[Epoch : 253/500]
Total_loss	: 0.0533
MMD_loss	: 2.4329
Src_reg_loss	: 0.0290
-------------------------------------
[Epoch : 254/500]
Total_loss	: 0.0532
MMD_loss	: 2.4282
Src_reg_loss	: 0.0289
-------------------------------------
[Epoch : 255/500]
Total_loss	: 0.0531
MMD_loss	: 2.4234
Src_reg_loss	: 0.0288
-------------------------------------
[Epoch : 256/500]
Total_loss	: 0.0530
MMD_loss	: 2.4187
Src_reg_loss	: 0.0288
-------------------------------------
[Epoch : 257/500]
Total_loss	: 0.0529
MMD_loss	: 2.4140
Src_reg_loss	: 0.0287
-------------------------------------
[Epoch : 258/500]
Total_loss	: 0.0528
MMD_loss	: 2.4094
Src_reg_loss	: 0.0287
-------------------------------------
[Epoch : 259/500]
Total_loss	: 0.0527
MMD_loss	: 2.4047
Src_reg_loss	: 0.0286
-------------------------------------
[Epoch : 260/500]
Total_loss	: 0.0526
MMD_loss	: 2.4000
Src_reg_loss	: 0.0286
-------------------------------------
[Epoch : 261/500]
Total_loss	: 0.0525
MMD_loss	: 2.3953
Src_reg_loss	: 0.0285
-------------------------------------
[Epoch : 262/500]
Total_loss	: 0.0524
MMD_loss	: 2.3907
Src_reg_loss	: 0.0284
-------------------------------------
[Epoch : 263/500]
Total_loss	: 0.0522
MMD_loss	: 2.3861
Src_reg_loss	: 0.0284
-------------------------------------
[Epoch : 264/500]
Total_loss	: 0.0521
MMD_loss	: 2.3814
Src_reg_loss	: 0.0283
-------------------------------------
[Epoch : 265/500]
Total_loss	: 0.0520
MMD_loss	: 2.3768
Src_reg_loss	: 0.0283
-------------------------------------
[Epoch : 266/500]
Total_loss	: 0.0519
MMD_loss	: 2.3722
Src_reg_loss	: 0.0282
-------------------------------------
[Epoch : 267/500]
Total_loss	: 0.0518
MMD_loss	: 2.3676
Src_reg_loss	: 0.0282
-------------------------------------
[Epoch : 268/500]
Total_loss	: 0.0517
MMD_loss	: 2.3631
Src_reg_loss	: 0.0281
-------------------------------------
[Epoch : 269/500]
Total_loss	: 0.0516
MMD_loss	: 2.3585
Src_reg_loss	: 0.0281
-------------------------------------
[Epoch : 270/500]
Total_loss	: 0.0515
MMD_loss	: 2.3540
Src_reg_loss	: 0.0280
-------------------------------------
[Epoch : 271/500]
Total_loss	: 0.0514
MMD_loss	: 2.3494
Src_reg_loss	: 0.0279
-------------------------------------
[Epoch : 272/500]
Total_loss	: 0.0513
MMD_loss	: 2.3449
Src_reg_loss	: 0.0279
-------------------------------------
[Epoch : 273/500]
Total_loss	: 0.0512
MMD_loss	: 2.3404
Src_reg_loss	: 0.0278
-------------------------------------
[Epoch : 274/500]
Total_loss	: 0.0511
MMD_loss	: 2.3360
Src_reg_loss	: 0.0278
-------------------------------------
[Epoch : 275/500]
Total_loss	: 0.0510
MMD_loss	: 2.3315
Src_reg_loss	: 0.0277
-------------------------------------
[Epoch : 276/500]
Total_loss	: 0.0509
MMD_loss	: 2.3271
Src_reg_loss	: 0.0277
-------------------------------------
[Epoch : 277/500]
Total_loss	: 0.0509
MMD_loss	: 2.3227
Src_reg_loss	: 0.0276
-------------------------------------
[Epoch : 278/500]
Total_loss	: 0.0508
MMD_loss	: 2.3183
Src_reg_loss	: 0.0276
-------------------------------------
[Epoch : 279/500]
Total_loss	: 0.0507
MMD_loss	: 2.3139
Src_reg_loss	: 0.0275
-------------------------------------
[Epoch : 280/500]
Total_loss	: 0.0506
MMD_loss	: 2.3095
Src_reg_loss	: 0.0275
-------------------------------------
[Epoch : 281/500]
Total_loss	: 0.0505
MMD_loss	: 2.3052
Src_reg_loss	: 0.0274
-------------------------------------
[Epoch : 282/500]
Total_loss	: 0.0504
MMD_loss	: 2.3008
Src_reg_loss	: 0.0274
-------------------------------------
[Epoch : 283/500]
Total_loss	: 0.0503
MMD_loss	: 2.2965
Src_reg_loss	: 0.0273
-------------------------------------
[Epoch : 284/500]
Total_loss	: 0.0502
MMD_loss	: 2.2922
Src_reg_loss	: 0.0273
-------------------------------------
[Epoch : 285/500]
Total_loss	: 0.0501
MMD_loss	: 2.2880
Src_reg_loss	: 0.0272
-------------------------------------
[Epoch : 286/500]
Total_loss	: 0.0500
MMD_loss	: 2.2837
Src_reg_loss	: 0.0272
-------------------------------------
[Epoch : 287/500]
Total_loss	: 0.0499
MMD_loss	: 2.2795
Src_reg_loss	: 0.0271
-------------------------------------
[Epoch : 288/500]
Total_loss	: 0.0498
MMD_loss	: 2.2753
Src_reg_loss	: 0.0271
-------------------------------------
[Epoch : 289/500]
Total_loss	: 0.0497
MMD_loss	: 2.2711
Src_reg_loss	: 0.0270
-------------------------------------
[Epoch : 290/500]
Total_loss	: 0.0496
MMD_loss	: 2.2670
Src_reg_loss	: 0.0270
-------------------------------------
[Epoch : 291/500]
Total_loss	: 0.0495
MMD_loss	: 2.2628
Src_reg_loss	: 0.0269
-------------------------------------
[Epoch : 292/500]
Total_loss	: 0.0495
MMD_loss	: 2.2587
Src_reg_loss	: 0.0269
-------------------------------------
[Epoch : 293/500]
Total_loss	: 0.0494
MMD_loss	: 2.2546
Src_reg_loss	: 0.0268
-------------------------------------
[Epoch : 294/500]
Total_loss	: 0.0493
MMD_loss	: 2.2505
Src_reg_loss	: 0.0268
-------------------------------------
[Epoch : 295/500]
Total_loss	: 0.0492
MMD_loss	: 2.2465
Src_reg_loss	: 0.0267
-------------------------------------
[Epoch : 296/500]
Total_loss	: 0.0491
MMD_loss	: 2.2425
Src_reg_loss	: 0.0267
-------------------------------------
[Epoch : 297/500]
Total_loss	: 0.0490
MMD_loss	: 2.2384
Src_reg_loss	: 0.0266
-------------------------------------
[Epoch : 298/500]
Total_loss	: 0.0489
MMD_loss	: 2.2345
Src_reg_loss	: 0.0266
-------------------------------------
[Epoch : 299/500]
Total_loss	: 0.0488
MMD_loss	: 2.2305
Src_reg_loss	: 0.0265
-------------------------------------
[Epoch : 300/500]
Total_loss	: 0.0488
MMD_loss	: 2.2265
Src_reg_loss	: 0.0265
-------------------------------------
[Epoch : 301/500]
Total_loss	: 0.0487
MMD_loss	: 2.2226
Src_reg_loss	: 0.0264
-------------------------------------
[Epoch : 302/500]
Total_loss	: 0.0486
MMD_loss	: 2.2187
Src_reg_loss	: 0.0264
-------------------------------------
[Epoch : 303/500]
Total_loss	: 0.0485
MMD_loss	: 2.2148
Src_reg_loss	: 0.0264
-------------------------------------
[Epoch : 304/500]
Total_loss	: 0.0484
MMD_loss	: 2.2110
Src_reg_loss	: 0.0263
-------------------------------------
[Epoch : 305/500]
Total_loss	: 0.0483
MMD_loss	: 2.2071
Src_reg_loss	: 0.0263
-------------------------------------
[Epoch : 306/500]
Total_loss	: 0.0483
MMD_loss	: 2.2033
Src_reg_loss	: 0.0262
-------------------------------------
[Epoch : 307/500]
Total_loss	: 0.0482
MMD_loss	: 2.1995
Src_reg_loss	: 0.0262
-------------------------------------
[Epoch : 308/500]
Total_loss	: 0.0481
MMD_loss	: 2.1957
Src_reg_loss	: 0.0261
-------------------------------------
[Epoch : 309/500]
Total_loss	: 0.0480
MMD_loss	: 2.1920
Src_reg_loss	: 0.0261
-------------------------------------
[Epoch : 310/500]
Total_loss	: 0.0479
MMD_loss	: 2.1882
Src_reg_loss	: 0.0260
-------------------------------------
[Epoch : 311/500]
Total_loss	: 0.0478
MMD_loss	: 2.1845
Src_reg_loss	: 0.0260
-------------------------------------
[Epoch : 312/500]
Total_loss	: 0.0478
MMD_loss	: 2.1808
Src_reg_loss	: 0.0260
-------------------------------------
[Epoch : 313/500]
Total_loss	: 0.0477
MMD_loss	: 2.1772
Src_reg_loss	: 0.0259
-------------------------------------
[Epoch : 314/500]
Total_loss	: 0.0476
MMD_loss	: 2.1735
Src_reg_loss	: 0.0259
-------------------------------------
[Epoch : 315/500]
Total_loss	: 0.0475
MMD_loss	: 2.1699
Src_reg_loss	: 0.0258
-------------------------------------
[Epoch : 316/500]
Total_loss	: 0.0474
MMD_loss	: 2.1663
Src_reg_loss	: 0.0258
-------------------------------------
[Epoch : 317/500]
Total_loss	: 0.0474
MMD_loss	: 2.1627
Src_reg_loss	: 0.0257
-------------------------------------
[Epoch : 318/500]
Total_loss	: 0.0473
MMD_loss	: 2.1591
Src_reg_loss	: 0.0257
-------------------------------------
[Epoch : 319/500]
Total_loss	: 0.0472
MMD_loss	: 2.1556
Src_reg_loss	: 0.0257
-------------------------------------
[Epoch : 320/500]
Total_loss	: 0.0471
MMD_loss	: 2.1520
Src_reg_loss	: 0.0256
-------------------------------------
[Epoch : 321/500]
Total_loss	: 0.0471
MMD_loss	: 2.1485
Src_reg_loss	: 0.0256
-------------------------------------
[Epoch : 322/500]
Total_loss	: 0.0470
MMD_loss	: 2.1450
Src_reg_loss	: 0.0255
-------------------------------------
[Epoch : 323/500]
Total_loss	: 0.0469
MMD_loss	: 2.1416
Src_reg_loss	: 0.0255
-------------------------------------
[Epoch : 324/500]
Total_loss	: 0.0468
MMD_loss	: 2.1381
Src_reg_loss	: 0.0254
-------------------------------------
[Epoch : 325/500]
Total_loss	: 0.0468
MMD_loss	: 2.1347
Src_reg_loss	: 0.0254
-------------------------------------
[Epoch : 326/500]
Total_loss	: 0.0467
MMD_loss	: 2.1313
Src_reg_loss	: 0.0254
-------------------------------------
[Epoch : 327/500]
Total_loss	: 0.0466
MMD_loss	: 2.1279
Src_reg_loss	: 0.0253
-------------------------------------
[Epoch : 328/500]
Total_loss	: 0.0465
MMD_loss	: 2.1245
Src_reg_loss	: 0.0253
-------------------------------------
[Epoch : 329/500]
Total_loss	: 0.0465
MMD_loss	: 2.1212
Src_reg_loss	: 0.0252
-------------------------------------
[Epoch : 330/500]
Total_loss	: 0.0464
MMD_loss	: 2.1179
Src_reg_loss	: 0.0252
-------------------------------------
[Epoch : 331/500]
Total_loss	: 0.0463
MMD_loss	: 2.1145
Src_reg_loss	: 0.0252
-------------------------------------
[Epoch : 332/500]
Total_loss	: 0.0462
MMD_loss	: 2.1113
Src_reg_loss	: 0.0251
-------------------------------------
[Epoch : 333/500]
Total_loss	: 0.0462
MMD_loss	: 2.1080
Src_reg_loss	: 0.0251
-------------------------------------
[Epoch : 334/500]
Total_loss	: 0.0461
MMD_loss	: 2.1047
Src_reg_loss	: 0.0250
-------------------------------------
[Epoch : 335/500]
Total_loss	: 0.0460
MMD_loss	: 2.1015
Src_reg_loss	: 0.0250
-------------------------------------
[Epoch : 336/500]
Total_loss	: 0.0460
MMD_loss	: 2.0983
Src_reg_loss	: 0.0250
-------------------------------------
[Epoch : 337/500]
Total_loss	: 0.0459
MMD_loss	: 2.0951
Src_reg_loss	: 0.0249
-------------------------------------
[Epoch : 338/500]
Total_loss	: 0.0458
MMD_loss	: 2.0919
Src_reg_loss	: 0.0249
-------------------------------------
[Epoch : 339/500]
Total_loss	: 0.0457
MMD_loss	: 2.0888
Src_reg_loss	: 0.0249
-------------------------------------
[Epoch : 340/500]
Total_loss	: 0.0457
MMD_loss	: 2.0856
Src_reg_loss	: 0.0248
-------------------------------------
[Epoch : 341/500]
Total_loss	: 0.0456
MMD_loss	: 2.0825
Src_reg_loss	: 0.0248
-------------------------------------
[Epoch : 342/500]
Total_loss	: 0.0455
MMD_loss	: 2.0794
Src_reg_loss	: 0.0247
-------------------------------------
[Epoch : 343/500]
Total_loss	: 0.0455
MMD_loss	: 2.0763
Src_reg_loss	: 0.0247
-------------------------------------
[Epoch : 344/500]
Total_loss	: 0.0454
MMD_loss	: 2.0733
Src_reg_loss	: 0.0247
-------------------------------------
[Epoch : 345/500]
Total_loss	: 0.0453
MMD_loss	: 2.0702
Src_reg_loss	: 0.0246
-------------------------------------
[Epoch : 346/500]
Total_loss	: 0.0453
MMD_loss	: 2.0672
Src_reg_loss	: 0.0246
-------------------------------------
[Epoch : 347/500]
Total_loss	: 0.0452
MMD_loss	: 2.0642
Src_reg_loss	: 0.0246
-------------------------------------
[Epoch : 348/500]
Total_loss	: 0.0451
MMD_loss	: 2.0612
Src_reg_loss	: 0.0245
-------------------------------------
[Epoch : 349/500]
Total_loss	: 0.0451
MMD_loss	: 2.0582
Src_reg_loss	: 0.0245
-------------------------------------
[Epoch : 350/500]
Total_loss	: 0.0450
MMD_loss	: 2.0552
Src_reg_loss	: 0.0244
-------------------------------------
[Epoch : 351/500]
Total_loss	: 0.0449
MMD_loss	: 2.0523
Src_reg_loss	: 0.0244
-------------------------------------
[Epoch : 352/500]
Total_loss	: 0.0449
MMD_loss	: 2.0494
Src_reg_loss	: 0.0244
-------------------------------------
[Epoch : 353/500]
Total_loss	: 0.0448
MMD_loss	: 2.0465
Src_reg_loss	: 0.0243
-------------------------------------
[Epoch : 354/500]
Total_loss	: 0.0447
MMD_loss	: 2.0436
Src_reg_loss	: 0.0243
-------------------------------------
[Epoch : 355/500]
Total_loss	: 0.0447
MMD_loss	: 2.0407
Src_reg_loss	: 0.0243
-------------------------------------
[Epoch : 356/500]
Total_loss	: 0.0446
MMD_loss	: 2.0378
Src_reg_loss	: 0.0242
-------------------------------------
[Epoch : 357/500]
Total_loss	: 0.0445
MMD_loss	: 2.0350
Src_reg_loss	: 0.0242
-------------------------------------
[Epoch : 358/500]
Total_loss	: 0.0445
MMD_loss	: 2.0322
Src_reg_loss	: 0.0242
-------------------------------------
[Epoch : 359/500]
Total_loss	: 0.0444
MMD_loss	: 2.0294
Src_reg_loss	: 0.0241
-------------------------------------
[Epoch : 360/500]
Total_loss	: 0.0444
MMD_loss	: 2.0266
Src_reg_loss	: 0.0241
-------------------------------------
[Epoch : 361/500]
Total_loss	: 0.0443
MMD_loss	: 2.0238
Src_reg_loss	: 0.0241
-------------------------------------
[Epoch : 362/500]
Total_loss	: 0.0442
MMD_loss	: 2.0211
Src_reg_loss	: 0.0240
-------------------------------------
[Epoch : 363/500]
Total_loss	: 0.0442
MMD_loss	: 2.0183
Src_reg_loss	: 0.0240
-------------------------------------
[Epoch : 364/500]
Total_loss	: 0.0441
MMD_loss	: 2.0156
Src_reg_loss	: 0.0240
-------------------------------------
[Epoch : 365/500]
Total_loss	: 0.0441
MMD_loss	: 2.0129
Src_reg_loss	: 0.0239
-------------------------------------
[Epoch : 366/500]
Total_loss	: 0.0440
MMD_loss	: 2.0102
Src_reg_loss	: 0.0239
-------------------------------------
[Epoch : 367/500]
Total_loss	: 0.0439
MMD_loss	: 2.0075
Src_reg_loss	: 0.0239
-------------------------------------
[Epoch : 368/500]
Total_loss	: 0.0439
MMD_loss	: 2.0049
Src_reg_loss	: 0.0238
-------------------------------------
[Epoch : 369/500]
Total_loss	: 0.0438
MMD_loss	: 2.0022
Src_reg_loss	: 0.0238
-------------------------------------
[Epoch : 370/500]
Total_loss	: 0.0438
MMD_loss	: 1.9996
Src_reg_loss	: 0.0238
-------------------------------------
[Epoch : 371/500]
Total_loss	: 0.0437
MMD_loss	: 1.9970
Src_reg_loss	: 0.0237
-------------------------------------
[Epoch : 372/500]
Total_loss	: 0.0436
MMD_loss	: 1.9944
Src_reg_loss	: 0.0237
-------------------------------------
[Epoch : 373/500]
Total_loss	: 0.0436
MMD_loss	: 1.9918
Src_reg_loss	: 0.0237
-------------------------------------
[Epoch : 374/500]
Total_loss	: 0.0435
MMD_loss	: 1.9893
Src_reg_loss	: 0.0236
-------------------------------------
[Epoch : 375/500]
Total_loss	: 0.0435
MMD_loss	: 1.9867
Src_reg_loss	: 0.0236
-------------------------------------
[Epoch : 376/500]
Total_loss	: 0.0434
MMD_loss	: 1.9842
Src_reg_loss	: 0.0236
-------------------------------------
[Epoch : 377/500]
Total_loss	: 0.0433
MMD_loss	: 1.9817
Src_reg_loss	: 0.0235
-------------------------------------
[Epoch : 378/500]
Total_loss	: 0.0433
MMD_loss	: 1.9792
Src_reg_loss	: 0.0235
-------------------------------------
[Epoch : 379/500]
Total_loss	: 0.0432
MMD_loss	: 1.9767
Src_reg_loss	: 0.0235
-------------------------------------
[Epoch : 380/500]
Total_loss	: 0.0432
MMD_loss	: 1.9742
Src_reg_loss	: 0.0234
-------------------------------------
[Epoch : 381/500]
Total_loss	: 0.0431
MMD_loss	: 1.9717
Src_reg_loss	: 0.0234
-------------------------------------
[Epoch : 382/500]
Total_loss	: 0.0431
MMD_loss	: 1.9693
Src_reg_loss	: 0.0234
-------------------------------------
[Epoch : 383/500]
Total_loss	: 0.0430
MMD_loss	: 1.9668
Src_reg_loss	: 0.0233
-------------------------------------
[Epoch : 384/500]
Total_loss	: 0.0430
MMD_loss	: 1.9644
Src_reg_loss	: 0.0233
-------------------------------------
[Epoch : 385/500]
Total_loss	: 0.0429
MMD_loss	: 1.9620
Src_reg_loss	: 0.0233
-------------------------------------
[Epoch : 386/500]
Total_loss	: 0.0428
MMD_loss	: 1.9596
Src_reg_loss	: 0.0232
-------------------------------------
[Epoch : 387/500]
Total_loss	: 0.0428
MMD_loss	: 1.9573
Src_reg_loss	: 0.0232
-------------------------------------
[Epoch : 388/500]
Total_loss	: 0.0427
MMD_loss	: 1.9549
Src_reg_loss	: 0.0232
-------------------------------------
[Epoch : 389/500]
Total_loss	: 0.0427
MMD_loss	: 1.9525
Src_reg_loss	: 0.0232
-------------------------------------
[Epoch : 390/500]
Total_loss	: 0.0426
MMD_loss	: 1.9502
Src_reg_loss	: 0.0231
-------------------------------------
[Epoch : 391/500]
Total_loss	: 0.0426
MMD_loss	: 1.9479
Src_reg_loss	: 0.0231
-------------------------------------
[Epoch : 392/500]
Total_loss	: 0.0425
MMD_loss	: 1.9456
Src_reg_loss	: 0.0231
-------------------------------------
[Epoch : 393/500]
Total_loss	: 0.0425
MMD_loss	: 1.9433
Src_reg_loss	: 0.0230
-------------------------------------
[Epoch : 394/500]
Total_loss	: 0.0424
MMD_loss	: 1.9410
Src_reg_loss	: 0.0230
-------------------------------------
[Epoch : 395/500]
Total_loss	: 0.0424
MMD_loss	: 1.9387
Src_reg_loss	: 0.0230
-------------------------------------
[Epoch : 396/500]
Total_loss	: 0.0423
MMD_loss	: 1.9365
Src_reg_loss	: 0.0229
-------------------------------------
[Epoch : 397/500]
Total_loss	: 0.0423
MMD_loss	: 1.9342
Src_reg_loss	: 0.0229
-------------------------------------
[Epoch : 398/500]
Total_loss	: 0.0422
MMD_loss	: 1.9320
Src_reg_loss	: 0.0229
-------------------------------------
[Epoch : 399/500]
Total_loss	: 0.0422
MMD_loss	: 1.9298
Src_reg_loss	: 0.0229
-------------------------------------
[Epoch : 400/500]
Total_loss	: 0.0421
MMD_loss	: 1.9276
Src_reg_loss	: 0.0228
-------------------------------------
[Epoch : 401/500]
Total_loss	: 0.0421
MMD_loss	: 1.9254
Src_reg_loss	: 0.0228
-------------------------------------
[Epoch : 402/500]
Total_loss	: 0.0420
MMD_loss	: 1.9232
Src_reg_loss	: 0.0228
-------------------------------------
[Epoch : 403/500]
Total_loss	: 0.0420
MMD_loss	: 1.9211
Src_reg_loss	: 0.0227
-------------------------------------
[Epoch : 404/500]
Total_loss	: 0.0419
MMD_loss	: 1.9189
Src_reg_loss	: 0.0227
-------------------------------------
[Epoch : 405/500]
Total_loss	: 0.0419
MMD_loss	: 1.9168
Src_reg_loss	: 0.0227
-------------------------------------
[Epoch : 406/500]
Total_loss	: 0.0418
MMD_loss	: 1.9147
Src_reg_loss	: 0.0227
-------------------------------------
[Epoch : 407/500]
Total_loss	: 0.0418
MMD_loss	: 1.9126
Src_reg_loss	: 0.0226
-------------------------------------
[Epoch : 408/500]
Total_loss	: 0.0417
MMD_loss	: 1.9104
Src_reg_loss	: 0.0226
-------------------------------------
[Epoch : 409/500]
Total_loss	: 0.0417
MMD_loss	: 1.9084
Src_reg_loss	: 0.0226
-------------------------------------
[Epoch : 410/500]
Total_loss	: 0.0416
MMD_loss	: 1.9063
Src_reg_loss	: 0.0226
-------------------------------------
[Epoch : 411/500]
Total_loss	: 0.0416
MMD_loss	: 1.9042
Src_reg_loss	: 0.0225
-------------------------------------
[Epoch : 412/500]
Total_loss	: 0.0415
MMD_loss	: 1.9022
Src_reg_loss	: 0.0225
-------------------------------------
[Epoch : 413/500]
Total_loss	: 0.0415
MMD_loss	: 1.9001
Src_reg_loss	: 0.0225
-------------------------------------
[Epoch : 414/500]
Total_loss	: 0.0414
MMD_loss	: 1.8981
Src_reg_loss	: 0.0224
-------------------------------------
[Epoch : 415/500]
Total_loss	: 0.0414
MMD_loss	: 1.8961
Src_reg_loss	: 0.0224
-------------------------------------
[Epoch : 416/500]
Total_loss	: 0.0413
MMD_loss	: 1.8941
Src_reg_loss	: 0.0224
-------------------------------------
[Epoch : 417/500]
Total_loss	: 0.0413
MMD_loss	: 1.8921
Src_reg_loss	: 0.0224
-------------------------------------
[Epoch : 418/500]
Total_loss	: 0.0412
MMD_loss	: 1.8901
Src_reg_loss	: 0.0223
-------------------------------------
[Epoch : 419/500]
Total_loss	: 0.0412
MMD_loss	: 1.8881
Src_reg_loss	: 0.0223
-------------------------------------
[Epoch : 420/500]
Total_loss	: 0.0411
MMD_loss	: 1.8862
Src_reg_loss	: 0.0223
-------------------------------------
[Epoch : 421/500]
Total_loss	: 0.0411
MMD_loss	: 1.8842
Src_reg_loss	: 0.0223
-------------------------------------
[Epoch : 422/500]
Total_loss	: 0.0410
MMD_loss	: 1.8823
Src_reg_loss	: 0.0222
-------------------------------------
[Epoch : 423/500]
Total_loss	: 0.0410
MMD_loss	: 1.8803
Src_reg_loss	: 0.0222
-------------------------------------
[Epoch : 424/500]
Total_loss	: 0.0410
MMD_loss	: 1.8784
Src_reg_loss	: 0.0222
-------------------------------------
[Epoch : 425/500]
Total_loss	: 0.0409
MMD_loss	: 1.8765
Src_reg_loss	: 0.0221
-------------------------------------
[Epoch : 426/500]
Total_loss	: 0.0409
MMD_loss	: 1.8746
Src_reg_loss	: 0.0221
-------------------------------------
[Epoch : 427/500]
Total_loss	: 0.0408
MMD_loss	: 1.8728
Src_reg_loss	: 0.0221
-------------------------------------
[Epoch : 428/500]
Total_loss	: 0.0408
MMD_loss	: 1.8709
Src_reg_loss	: 0.0221
-------------------------------------
[Epoch : 429/500]
Total_loss	: 0.0407
MMD_loss	: 1.8690
Src_reg_loss	: 0.0220
-------------------------------------
[Epoch : 430/500]
Total_loss	: 0.0407
MMD_loss	: 1.8672
Src_reg_loss	: 0.0220
-------------------------------------
[Epoch : 431/500]
Total_loss	: 0.0406
MMD_loss	: 1.8653
Src_reg_loss	: 0.0220
-------------------------------------
[Epoch : 432/500]
Total_loss	: 0.0406
MMD_loss	: 1.8635
Src_reg_loss	: 0.0220
-------------------------------------
[Epoch : 433/500]
Total_loss	: 0.0406
MMD_loss	: 1.8617
Src_reg_loss	: 0.0219
-------------------------------------
[Epoch : 434/500]
Total_loss	: 0.0405
MMD_loss	: 1.8599
Src_reg_loss	: 0.0219
-------------------------------------
[Epoch : 435/500]
Total_loss	: 0.0405
MMD_loss	: 1.8581
Src_reg_loss	: 0.0219
-------------------------------------
[Epoch : 436/500]
Total_loss	: 0.0404
MMD_loss	: 1.8563
Src_reg_loss	: 0.0219
-------------------------------------
[Epoch : 437/500]
Total_loss	: 0.0404
MMD_loss	: 1.8545
Src_reg_loss	: 0.0218
-------------------------------------
[Epoch : 438/500]
Total_loss	: 0.0403
MMD_loss	: 1.8528
Src_reg_loss	: 0.0218
-------------------------------------
[Epoch : 439/500]
Total_loss	: 0.0403
MMD_loss	: 1.8510
Src_reg_loss	: 0.0218
-------------------------------------
[Epoch : 440/500]
Total_loss	: 0.0403
MMD_loss	: 1.8493
Src_reg_loss	: 0.0218
-------------------------------------
[Epoch : 441/500]
Total_loss	: 0.0402
MMD_loss	: 1.8475
Src_reg_loss	: 0.0217
-------------------------------------
[Epoch : 442/500]
Total_loss	: 0.0402
MMD_loss	: 1.8458
Src_reg_loss	: 0.0217
-------------------------------------
[Epoch : 443/500]
Total_loss	: 0.0401
MMD_loss	: 1.8441
Src_reg_loss	: 0.0217
-------------------------------------
[Epoch : 444/500]
Total_loss	: 0.0401
MMD_loss	: 1.8424
Src_reg_loss	: 0.0217
-------------------------------------
[Epoch : 445/500]
Total_loss	: 0.0401
MMD_loss	: 1.8407
Src_reg_loss	: 0.0217
-------------------------------------
[Epoch : 446/500]
Total_loss	: 0.0400
MMD_loss	: 1.8390
Src_reg_loss	: 0.0216
-------------------------------------
[Epoch : 447/500]
Total_loss	: 0.0400
MMD_loss	: 1.8373
Src_reg_loss	: 0.0216
-------------------------------------
[Epoch : 448/500]
Total_loss	: 0.0399
MMD_loss	: 1.8357
Src_reg_loss	: 0.0216
-------------------------------------
[Epoch : 449/500]
Total_loss	: 0.0399
MMD_loss	: 1.8340
Src_reg_loss	: 0.0216
-------------------------------------
[Epoch : 450/500]
Total_loss	: 0.0399
MMD_loss	: 1.8324
Src_reg_loss	: 0.0215
-------------------------------------
[Epoch : 451/500]
Total_loss	: 0.0398
MMD_loss	: 1.8307
Src_reg_loss	: 0.0215
-------------------------------------
[Epoch : 452/500]
Total_loss	: 0.0398
MMD_loss	: 1.8291
Src_reg_loss	: 0.0215
-------------------------------------
[Epoch : 453/500]
Total_loss	: 0.0397
MMD_loss	: 1.8275
Src_reg_loss	: 0.0215
-------------------------------------
[Epoch : 454/500]
Total_loss	: 0.0397
MMD_loss	: 1.8259
Src_reg_loss	: 0.0214
-------------------------------------
[Epoch : 455/500]
Total_loss	: 0.0397
MMD_loss	: 1.8243
Src_reg_loss	: 0.0214
-------------------------------------
[Epoch : 456/500]
Total_loss	: 0.0396
MMD_loss	: 1.8227
Src_reg_loss	: 0.0214
-------------------------------------
[Epoch : 457/500]
Total_loss	: 0.0396
MMD_loss	: 1.8211
Src_reg_loss	: 0.0214
-------------------------------------
[Epoch : 458/500]
Total_loss	: 0.0395
MMD_loss	: 1.8195
Src_reg_loss	: 0.0213
-------------------------------------
[Epoch : 459/500]
Total_loss	: 0.0395
MMD_loss	: 1.8180
Src_reg_loss	: 0.0213
-------------------------------------
[Epoch : 460/500]
Total_loss	: 0.0395
MMD_loss	: 1.8164
Src_reg_loss	: 0.0213
-------------------------------------
[Epoch : 461/500]
Total_loss	: 0.0394
MMD_loss	: 1.8149
Src_reg_loss	: 0.0213
-------------------------------------
[Epoch : 462/500]
Total_loss	: 0.0394
MMD_loss	: 1.8134
Src_reg_loss	: 0.0213
-------------------------------------
[Epoch : 463/500]
Total_loss	: 0.0394
MMD_loss	: 1.8118
Src_reg_loss	: 0.0212
-------------------------------------
[Epoch : 464/500]
Total_loss	: 0.0393
MMD_loss	: 1.8103
Src_reg_loss	: 0.0212
-------------------------------------
[Epoch : 465/500]
Total_loss	: 0.0393
MMD_loss	: 1.8088
Src_reg_loss	: 0.0212
-------------------------------------
[Epoch : 466/500]
Total_loss	: 0.0392
MMD_loss	: 1.8073
Src_reg_loss	: 0.0212
-------------------------------------
[Epoch : 467/500]
Total_loss	: 0.0392
MMD_loss	: 1.8058
Src_reg_loss	: 0.0211
-------------------------------------
[Epoch : 468/500]
Total_loss	: 0.0392
MMD_loss	: 1.8044
Src_reg_loss	: 0.0211
-------------------------------------
[Epoch : 469/500]
Total_loss	: 0.0391
MMD_loss	: 1.8029
Src_reg_loss	: 0.0211
-------------------------------------
[Epoch : 470/500]
Total_loss	: 0.0391
MMD_loss	: 1.8014
Src_reg_loss	: 0.0211
-------------------------------------
[Epoch : 471/500]
Total_loss	: 0.0391
MMD_loss	: 1.8000
Src_reg_loss	: 0.0211
-------------------------------------
[Epoch : 472/500]
Total_loss	: 0.0390
MMD_loss	: 1.7985
Src_reg_loss	: 0.0210
-------------------------------------
[Epoch : 473/500]
Total_loss	: 0.0390
MMD_loss	: 1.7971
Src_reg_loss	: 0.0210
-------------------------------------
[Epoch : 474/500]
Total_loss	: 0.0389
MMD_loss	: 1.7957
Src_reg_loss	: 0.0210
-------------------------------------
[Epoch : 475/500]
Total_loss	: 0.0389
MMD_loss	: 1.7942
Src_reg_loss	: 0.0210
-------------------------------------
[Epoch : 476/500]
Total_loss	: 0.0389
MMD_loss	: 1.7928
Src_reg_loss	: 0.0209
-------------------------------------
[Epoch : 477/500]
Total_loss	: 0.0388
MMD_loss	: 1.7914
Src_reg_loss	: 0.0209
-------------------------------------
[Epoch : 478/500]
Total_loss	: 0.0388
MMD_loss	: 1.7900
Src_reg_loss	: 0.0209
-------------------------------------
[Epoch : 479/500]
Total_loss	: 0.0388
MMD_loss	: 1.7886
Src_reg_loss	: 0.0209
-------------------------------------
[Epoch : 480/500]
Total_loss	: 0.0387
MMD_loss	: 1.7873
Src_reg_loss	: 0.0209
-------------------------------------
[Epoch : 481/500]
Total_loss	: 0.0387
MMD_loss	: 1.7859
Src_reg_loss	: 0.0208
-------------------------------------
[Epoch : 482/500]
Total_loss	: 0.0387
MMD_loss	: 1.7845
Src_reg_loss	: 0.0208
-------------------------------------
[Epoch : 483/500]
Total_loss	: 0.0386
MMD_loss	: 1.7832
Src_reg_loss	: 0.0208
-------------------------------------
[Epoch : 484/500]
Total_loss	: 0.0386
MMD_loss	: 1.7818
Src_reg_loss	: 0.0208
-------------------------------------
[Epoch : 485/500]
Total_loss	: 0.0386
MMD_loss	: 1.7805
Src_reg_loss	: 0.0208
-------------------------------------
[Epoch : 486/500]
Total_loss	: 0.0385
MMD_loss	: 1.7791
Src_reg_loss	: 0.0207
-------------------------------------
[Epoch : 487/500]
Total_loss	: 0.0385
MMD_loss	: 1.7778
Src_reg_loss	: 0.0207
-------------------------------------
[Epoch : 488/500]
Total_loss	: 0.0385
MMD_loss	: 1.7765
Src_reg_loss	: 0.0207
-------------------------------------
[Epoch : 489/500]
Total_loss	: 0.0384
MMD_loss	: 1.7752
Src_reg_loss	: 0.0207
-------------------------------------
[Epoch : 490/500]
Total_loss	: 0.0384
MMD_loss	: 1.7738
Src_reg_loss	: 0.0207
-------------------------------------
[Epoch : 491/500]
Total_loss	: 0.0384
MMD_loss	: 1.7725
Src_reg_loss	: 0.0206
-------------------------------------
[Epoch : 492/500]
Total_loss	: 0.0383
MMD_loss	: 1.7713
Src_reg_loss	: 0.0206
-------------------------------------
[Epoch : 493/500]
Total_loss	: 0.0383
MMD_loss	: 1.7700
Src_reg_loss	: 0.0206
-------------------------------------
[Epoch : 494/500]
Total_loss	: 0.0383
MMD_loss	: 1.7687
Src_reg_loss	: 0.0206
-------------------------------------
[Epoch : 495/500]
Total_loss	: 0.0382
MMD_loss	: 1.7674
Src_reg_loss	: 0.0206
-------------------------------------
[Epoch : 496/500]
Total_loss	: 0.0382
MMD_loss	: 1.7661
Src_reg_loss	: 0.0205
-------------------------------------
[Epoch : 497/500]
Total_loss	: 0.0382
MMD_loss	: 1.7649
Src_reg_loss	: 0.0205
-------------------------------------
[Epoch : 498/500]
Total_loss	: 0.0381
MMD_loss	: 1.7636
Src_reg_loss	: 0.0205
-------------------------------------
[Epoch : 499/500]
Total_loss	: 0.0381
MMD_loss	: 1.7624
Src_reg_loss	: 0.0205
-------------------------------------
[Epoch : 500/500]
Total_loss	: 0.0381
MMD_loss	: 1.7611
Src_reg_loss	: 0.0205
-------------------------------------
