=============================================
Dataset: Airbox
Method:  AirDA
=============================================
Source: 0 ---> Target: 7
=============================================
[Epoch : 1/500]
Total_loss	: 0.3452
MMD_loss	: 5.0109
Src_reg_loss	: 0.2951
-------------------------------------
[Epoch : 2/500]
Total_loss	: 0.3264
MMD_loss	: 5.0030
Src_reg_loss	: 0.2764
-------------------------------------
[Epoch : 3/500]
Total_loss	: 0.3078
MMD_loss	: 4.9851
Src_reg_loss	: 0.2580
-------------------------------------
[Epoch : 4/500]
Total_loss	: 0.2885
MMD_loss	: 4.9554
Src_reg_loss	: 0.2389
-------------------------------------
[Epoch : 5/500]
Total_loss	: 0.2681
MMD_loss	: 4.9113
Src_reg_loss	: 0.2190
-------------------------------------
[Epoch : 6/500]
Total_loss	: 0.2470
MMD_loss	: 4.8492
Src_reg_loss	: 0.1985
-------------------------------------
[Epoch : 7/500]
Total_loss	: 0.2260
MMD_loss	: 4.7673
Src_reg_loss	: 0.1783
-------------------------------------
[Epoch : 8/500]
Total_loss	: 0.2076
MMD_loss	: 4.6700
Src_reg_loss	: 0.1609
-------------------------------------
[Epoch : 9/500]
Total_loss	: 0.1935
MMD_loss	: 4.5751
Src_reg_loss	: 0.1478
-------------------------------------
[Epoch : 10/500]
Total_loss	: 0.1823
MMD_loss	: 4.5013
Src_reg_loss	: 0.1373
-------------------------------------
[Epoch : 11/500]
Total_loss	: 0.1730
MMD_loss	: 4.4510
Src_reg_loss	: 0.1285
-------------------------------------
[Epoch : 12/500]
Total_loss	: 0.1652
MMD_loss	: 4.4167
Src_reg_loss	: 0.1210
-------------------------------------
[Epoch : 13/500]
Total_loss	: 0.1586
MMD_loss	: 4.3911
Src_reg_loss	: 0.1147
-------------------------------------
[Epoch : 14/500]
Total_loss	: 0.1529
MMD_loss	: 4.3700
Src_reg_loss	: 0.1092
-------------------------------------
[Epoch : 15/500]
Total_loss	: 0.1480
MMD_loss	: 4.3521
Src_reg_loss	: 0.1044
-------------------------------------
[Epoch : 16/500]
Total_loss	: 0.1436
MMD_loss	: 4.3378
Src_reg_loss	: 0.1003
-------------------------------------
[Epoch : 17/500]
Total_loss	: 0.1398
MMD_loss	: 4.3274
Src_reg_loss	: 0.0966
-------------------------------------
[Epoch : 18/500]
Total_loss	: 0.1365
MMD_loss	: 4.3208
Src_reg_loss	: 0.0933
-------------------------------------
[Epoch : 19/500]
Total_loss	: 0.1335
MMD_loss	: 4.3175
Src_reg_loss	: 0.0903
-------------------------------------
[Epoch : 20/500]
Total_loss	: 0.1308
MMD_loss	: 4.3168
Src_reg_loss	: 0.0876
-------------------------------------
[Epoch : 21/500]
Total_loss	: 0.1283
MMD_loss	: 4.3181
Src_reg_loss	: 0.0852
-------------------------------------
[Epoch : 22/500]
Total_loss	: 0.1261
MMD_loss	: 4.3213
Src_reg_loss	: 0.0829
-------------------------------------
[Epoch : 23/500]
Total_loss	: 0.1241
MMD_loss	: 4.3262
Src_reg_loss	: 0.0809
-------------------------------------
[Epoch : 24/500]
Total_loss	: 0.1223
MMD_loss	: 4.3327
Src_reg_loss	: 0.0790
-------------------------------------
[Epoch : 25/500]
Total_loss	: 0.1206
MMD_loss	: 4.3406
Src_reg_loss	: 0.0772
-------------------------------------
[Epoch : 26/500]
Total_loss	: 0.1191
MMD_loss	: 4.3497
Src_reg_loss	: 0.0756
-------------------------------------
[Epoch : 27/500]
Total_loss	: 0.1177
MMD_loss	: 4.3597
Src_reg_loss	: 0.0741
-------------------------------------
[Epoch : 28/500]
Total_loss	: 0.1164
MMD_loss	: 4.3705
Src_reg_loss	: 0.0727
-------------------------------------
[Epoch : 29/500]
Total_loss	: 0.1151
MMD_loss	: 4.3817
Src_reg_loss	: 0.0713
-------------------------------------
[Epoch : 30/500]
Total_loss	: 0.1140
MMD_loss	: 4.3931
Src_reg_loss	: 0.0701
-------------------------------------
[Epoch : 31/500]
Total_loss	: 0.1129
MMD_loss	: 4.4045
Src_reg_loss	: 0.0689
-------------------------------------
[Epoch : 32/500]
Total_loss	: 0.1119
MMD_loss	: 4.4156
Src_reg_loss	: 0.0678
-------------------------------------
[Epoch : 33/500]
Total_loss	: 0.1110
MMD_loss	: 4.4262
Src_reg_loss	: 0.0667
-------------------------------------
[Epoch : 34/500]
Total_loss	: 0.1101
MMD_loss	: 4.4361
Src_reg_loss	: 0.0657
-------------------------------------
[Epoch : 35/500]
Total_loss	: 0.1092
MMD_loss	: 4.4452
Src_reg_loss	: 0.0647
-------------------------------------
[Epoch : 36/500]
Total_loss	: 0.1084
MMD_loss	: 4.4533
Src_reg_loss	: 0.0638
-------------------------------------
[Epoch : 37/500]
Total_loss	: 0.1076
MMD_loss	: 4.4603
Src_reg_loss	: 0.0630
-------------------------------------
[Epoch : 38/500]
Total_loss	: 0.1068
MMD_loss	: 4.4663
Src_reg_loss	: 0.0621
-------------------------------------
[Epoch : 39/500]
Total_loss	: 0.1060
MMD_loss	: 4.4712
Src_reg_loss	: 0.0613
-------------------------------------
[Epoch : 40/500]
Total_loss	: 0.1053
MMD_loss	: 4.4750
Src_reg_loss	: 0.0606
-------------------------------------
[Epoch : 41/500]
Total_loss	: 0.1046
MMD_loss	: 4.4778
Src_reg_loss	: 0.0598
-------------------------------------
[Epoch : 42/500]
Total_loss	: 0.1039
MMD_loss	: 4.4795
Src_reg_loss	: 0.0591
-------------------------------------
[Epoch : 43/500]
Total_loss	: 0.1032
MMD_loss	: 4.4802
Src_reg_loss	: 0.0584
-------------------------------------
[Epoch : 44/500]
Total_loss	: 0.1026
MMD_loss	: 4.4800
Src_reg_loss	: 0.0578
-------------------------------------
[Epoch : 45/500]
Total_loss	: 0.1019
MMD_loss	: 4.4789
Src_reg_loss	: 0.0571
-------------------------------------
[Epoch : 46/500]
Total_loss	: 0.1013
MMD_loss	: 4.4769
Src_reg_loss	: 0.0565
-------------------------------------
[Epoch : 47/500]
Total_loss	: 0.1006
MMD_loss	: 4.4741
Src_reg_loss	: 0.0559
-------------------------------------
[Epoch : 48/500]
Total_loss	: 0.1000
MMD_loss	: 4.4706
Src_reg_loss	: 0.0553
-------------------------------------
[Epoch : 49/500]
Total_loss	: 0.0994
MMD_loss	: 4.4663
Src_reg_loss	: 0.0548
-------------------------------------
[Epoch : 50/500]
Total_loss	: 0.0988
MMD_loss	: 4.4614
Src_reg_loss	: 0.0542
-------------------------------------
[Epoch : 51/500]
Total_loss	: 0.0983
MMD_loss	: 4.4558
Src_reg_loss	: 0.0537
-------------------------------------
[Epoch : 52/500]
Total_loss	: 0.0977
MMD_loss	: 4.4496
Src_reg_loss	: 0.0532
-------------------------------------
[Epoch : 53/500]
Total_loss	: 0.0971
MMD_loss	: 4.4428
Src_reg_loss	: 0.0527
-------------------------------------
[Epoch : 54/500]
Total_loss	: 0.0966
MMD_loss	: 4.4354
Src_reg_loss	: 0.0522
-------------------------------------
[Epoch : 55/500]
Total_loss	: 0.0961
MMD_loss	: 4.4275
Src_reg_loss	: 0.0518
-------------------------------------
[Epoch : 56/500]
Total_loss	: 0.0955
MMD_loss	: 4.4190
Src_reg_loss	: 0.0513
-------------------------------------
[Epoch : 57/500]
Total_loss	: 0.0950
MMD_loss	: 4.4099
Src_reg_loss	: 0.0509
-------------------------------------
[Epoch : 58/500]
Total_loss	: 0.0945
MMD_loss	: 4.4003
Src_reg_loss	: 0.0505
-------------------------------------
[Epoch : 59/500]
Total_loss	: 0.0940
MMD_loss	: 4.3902
Src_reg_loss	: 0.0501
-------------------------------------
[Epoch : 60/500]
Total_loss	: 0.0935
MMD_loss	: 4.3795
Src_reg_loss	: 0.0497
-------------------------------------
[Epoch : 61/500]
Total_loss	: 0.0930
MMD_loss	: 4.3683
Src_reg_loss	: 0.0493
-------------------------------------
[Epoch : 62/500]
Total_loss	: 0.0925
MMD_loss	: 4.3566
Src_reg_loss	: 0.0490
-------------------------------------
[Epoch : 63/500]
Total_loss	: 0.0920
MMD_loss	: 4.3445
Src_reg_loss	: 0.0486
-------------------------------------
[Epoch : 64/500]
Total_loss	: 0.0916
MMD_loss	: 4.3319
Src_reg_loss	: 0.0483
-------------------------------------
[Epoch : 65/500]
Total_loss	: 0.0911
MMD_loss	: 4.3188
Src_reg_loss	: 0.0479
-------------------------------------
[Epoch : 66/500]
Total_loss	: 0.0906
MMD_loss	: 4.3053
Src_reg_loss	: 0.0476
-------------------------------------
[Epoch : 67/500]
Total_loss	: 0.0902
MMD_loss	: 4.2914
Src_reg_loss	: 0.0473
-------------------------------------
[Epoch : 68/500]
Total_loss	: 0.0897
MMD_loss	: 4.2771
Src_reg_loss	: 0.0469
-------------------------------------
[Epoch : 69/500]
Total_loss	: 0.0893
MMD_loss	: 4.2625
Src_reg_loss	: 0.0466
-------------------------------------
[Epoch : 70/500]
Total_loss	: 0.0888
MMD_loss	: 4.2475
Src_reg_loss	: 0.0463
-------------------------------------
[Epoch : 71/500]
Total_loss	: 0.0884
MMD_loss	: 4.2322
Src_reg_loss	: 0.0461
-------------------------------------
[Epoch : 72/500]
Total_loss	: 0.0879
MMD_loss	: 4.2166
Src_reg_loss	: 0.0458
-------------------------------------
[Epoch : 73/500]
Total_loss	: 0.0875
MMD_loss	: 4.2007
Src_reg_loss	: 0.0455
-------------------------------------
[Epoch : 74/500]
Total_loss	: 0.0871
MMD_loss	: 4.1846
Src_reg_loss	: 0.0452
-------------------------------------
[Epoch : 75/500]
Total_loss	: 0.0866
MMD_loss	: 4.1683
Src_reg_loss	: 0.0450
-------------------------------------
[Epoch : 76/500]
Total_loss	: 0.0862
MMD_loss	: 4.1519
Src_reg_loss	: 0.0447
-------------------------------------
[Epoch : 77/500]
Total_loss	: 0.0858
MMD_loss	: 4.1352
Src_reg_loss	: 0.0444
-------------------------------------
[Epoch : 78/500]
Total_loss	: 0.0854
MMD_loss	: 4.1185
Src_reg_loss	: 0.0442
-------------------------------------
[Epoch : 79/500]
Total_loss	: 0.0850
MMD_loss	: 4.1016
Src_reg_loss	: 0.0439
-------------------------------------
[Epoch : 80/500]
Total_loss	: 0.0846
MMD_loss	: 4.0847
Src_reg_loss	: 0.0437
-------------------------------------
[Epoch : 81/500]
Total_loss	: 0.0841
MMD_loss	: 4.0677
Src_reg_loss	: 0.0435
-------------------------------------
[Epoch : 82/500]
Total_loss	: 0.0837
MMD_loss	: 4.0507
Src_reg_loss	: 0.0432
-------------------------------------
[Epoch : 83/500]
Total_loss	: 0.0834
MMD_loss	: 4.0338
Src_reg_loss	: 0.0430
-------------------------------------
[Epoch : 84/500]
Total_loss	: 0.0830
MMD_loss	: 4.0168
Src_reg_loss	: 0.0428
-------------------------------------
[Epoch : 85/500]
Total_loss	: 0.0826
MMD_loss	: 4.0000
Src_reg_loss	: 0.0426
-------------------------------------
[Epoch : 86/500]
Total_loss	: 0.0822
MMD_loss	: 3.9832
Src_reg_loss	: 0.0424
-------------------------------------
[Epoch : 87/500]
Total_loss	: 0.0818
MMD_loss	: 3.9665
Src_reg_loss	: 0.0422
-------------------------------------
[Epoch : 88/500]
Total_loss	: 0.0814
MMD_loss	: 3.9500
Src_reg_loss	: 0.0419
-------------------------------------
[Epoch : 89/500]
Total_loss	: 0.0811
MMD_loss	: 3.9336
Src_reg_loss	: 0.0417
-------------------------------------
[Epoch : 90/500]
Total_loss	: 0.0807
MMD_loss	: 3.9173
Src_reg_loss	: 0.0415
-------------------------------------
[Epoch : 91/500]
Total_loss	: 0.0804
MMD_loss	: 3.9013
Src_reg_loss	: 0.0413
-------------------------------------
[Epoch : 92/500]
Total_loss	: 0.0800
MMD_loss	: 3.8855
Src_reg_loss	: 0.0412
-------------------------------------
[Epoch : 93/500]
Total_loss	: 0.0797
MMD_loss	: 3.8698
Src_reg_loss	: 0.0410
-------------------------------------
[Epoch : 94/500]
Total_loss	: 0.0793
MMD_loss	: 3.8545
Src_reg_loss	: 0.0408
-------------------------------------
[Epoch : 95/500]
Total_loss	: 0.0790
MMD_loss	: 3.8393
Src_reg_loss	: 0.0406
-------------------------------------
[Epoch : 96/500]
Total_loss	: 0.0787
MMD_loss	: 3.8245
Src_reg_loss	: 0.0404
-------------------------------------
[Epoch : 97/500]
Total_loss	: 0.0783
MMD_loss	: 3.8099
Src_reg_loss	: 0.0402
-------------------------------------
[Epoch : 98/500]
Total_loss	: 0.0780
MMD_loss	: 3.7956
Src_reg_loss	: 0.0401
-------------------------------------
[Epoch : 99/500]
Total_loss	: 0.0777
MMD_loss	: 3.7817
Src_reg_loss	: 0.0399
-------------------------------------
[Epoch : 100/500]
Total_loss	: 0.0774
MMD_loss	: 3.7680
Src_reg_loss	: 0.0397
-------------------------------------
[Epoch : 101/500]
Total_loss	: 0.0771
MMD_loss	: 3.7547
Src_reg_loss	: 0.0395
-------------------------------------
[Epoch : 102/500]
Total_loss	: 0.0768
MMD_loss	: 3.7417
Src_reg_loss	: 0.0394
-------------------------------------
[Epoch : 103/500]
Total_loss	: 0.0765
MMD_loss	: 3.7291
Src_reg_loss	: 0.0392
-------------------------------------
[Epoch : 104/500]
Total_loss	: 0.0762
MMD_loss	: 3.7169
Src_reg_loss	: 0.0390
-------------------------------------
[Epoch : 105/500]
Total_loss	: 0.0759
MMD_loss	: 3.7051
Src_reg_loss	: 0.0389
-------------------------------------
[Epoch : 106/500]
Total_loss	: 0.0757
MMD_loss	: 3.6937
Src_reg_loss	: 0.0387
-------------------------------------
[Epoch : 107/500]
Total_loss	: 0.0754
MMD_loss	: 3.6827
Src_reg_loss	: 0.0386
-------------------------------------
[Epoch : 108/500]
Total_loss	: 0.0751
MMD_loss	: 3.6722
Src_reg_loss	: 0.0384
-------------------------------------
[Epoch : 109/500]
Total_loss	: 0.0749
MMD_loss	: 3.6620
Src_reg_loss	: 0.0382
-------------------------------------
[Epoch : 110/500]
Total_loss	: 0.0746
MMD_loss	: 3.6524
Src_reg_loss	: 0.0381
-------------------------------------
[Epoch : 111/500]
Total_loss	: 0.0744
MMD_loss	: 3.6431
Src_reg_loss	: 0.0379
-------------------------------------
[Epoch : 112/500]
Total_loss	: 0.0741
MMD_loss	: 3.6343
Src_reg_loss	: 0.0378
-------------------------------------
[Epoch : 113/500]
Total_loss	: 0.0739
MMD_loss	: 3.6259
Src_reg_loss	: 0.0376
-------------------------------------
[Epoch : 114/500]
Total_loss	: 0.0737
MMD_loss	: 3.6179
Src_reg_loss	: 0.0375
-------------------------------------
[Epoch : 115/500]
Total_loss	: 0.0735
MMD_loss	: 3.6104
Src_reg_loss	: 0.0374
-------------------------------------
[Epoch : 116/500]
Total_loss	: 0.0732
MMD_loss	: 3.6034
Src_reg_loss	: 0.0372
-------------------------------------
[Epoch : 117/500]
Total_loss	: 0.0730
MMD_loss	: 3.5967
Src_reg_loss	: 0.0371
-------------------------------------
[Epoch : 118/500]
Total_loss	: 0.0728
MMD_loss	: 3.5906
Src_reg_loss	: 0.0369
-------------------------------------
[Epoch : 119/500]
Total_loss	: 0.0726
MMD_loss	: 3.5848
Src_reg_loss	: 0.0368
-------------------------------------
[Epoch : 120/500]
Total_loss	: 0.0724
MMD_loss	: 3.5795
Src_reg_loss	: 0.0367
-------------------------------------
[Epoch : 121/500]
Total_loss	: 0.0723
MMD_loss	: 3.5746
Src_reg_loss	: 0.0365
-------------------------------------
[Epoch : 122/500]
Total_loss	: 0.0721
MMD_loss	: 3.5701
Src_reg_loss	: 0.0364
-------------------------------------
[Epoch : 123/500]
Total_loss	: 0.0719
MMD_loss	: 3.5661
Src_reg_loss	: 0.0362
-------------------------------------
[Epoch : 124/500]
Total_loss	: 0.0717
MMD_loss	: 3.5625
Src_reg_loss	: 0.0361
-------------------------------------
[Epoch : 125/500]
Total_loss	: 0.0716
MMD_loss	: 3.5593
Src_reg_loss	: 0.0360
-------------------------------------
[Epoch : 126/500]
Total_loss	: 0.0714
MMD_loss	: 3.5564
Src_reg_loss	: 0.0359
-------------------------------------
[Epoch : 127/500]
Total_loss	: 0.0713
MMD_loss	: 3.5540
Src_reg_loss	: 0.0357
-------------------------------------
[Epoch : 128/500]
Total_loss	: 0.0711
MMD_loss	: 3.5520
Src_reg_loss	: 0.0356
-------------------------------------
[Epoch : 129/500]
Total_loss	: 0.0710
MMD_loss	: 3.5503
Src_reg_loss	: 0.0355
-------------------------------------
[Epoch : 130/500]
Total_loss	: 0.0708
MMD_loss	: 3.5490
Src_reg_loss	: 0.0353
-------------------------------------
[Epoch : 131/500]
Total_loss	: 0.0707
MMD_loss	: 3.5480
Src_reg_loss	: 0.0352
-------------------------------------
[Epoch : 132/500]
Total_loss	: 0.0706
MMD_loss	: 3.5474
Src_reg_loss	: 0.0351
-------------------------------------
[Epoch : 133/500]
Total_loss	: 0.0704
MMD_loss	: 3.5471
Src_reg_loss	: 0.0350
-------------------------------------
[Epoch : 134/500]
Total_loss	: 0.0703
MMD_loss	: 3.5471
Src_reg_loss	: 0.0349
-------------------------------------
[Epoch : 135/500]
Total_loss	: 0.0702
MMD_loss	: 3.5475
Src_reg_loss	: 0.0347
-------------------------------------
[Epoch : 136/500]
Total_loss	: 0.0701
MMD_loss	: 3.5481
Src_reg_loss	: 0.0346
-------------------------------------
[Epoch : 137/500]
Total_loss	: 0.0700
MMD_loss	: 3.5490
Src_reg_loss	: 0.0345
-------------------------------------
[Epoch : 138/500]
Total_loss	: 0.0699
MMD_loss	: 3.5502
Src_reg_loss	: 0.0344
-------------------------------------
[Epoch : 139/500]
Total_loss	: 0.0698
MMD_loss	: 3.5516
Src_reg_loss	: 0.0343
-------------------------------------
[Epoch : 140/500]
Total_loss	: 0.0697
MMD_loss	: 3.5533
Src_reg_loss	: 0.0342
-------------------------------------
[Epoch : 141/500]
Total_loss	: 0.0696
MMD_loss	: 3.5552
Src_reg_loss	: 0.0340
-------------------------------------
[Epoch : 142/500]
Total_loss	: 0.0695
MMD_loss	: 3.5574
Src_reg_loss	: 0.0339
-------------------------------------
[Epoch : 143/500]
Total_loss	: 0.0694
MMD_loss	: 3.5597
Src_reg_loss	: 0.0338
-------------------------------------
[Epoch : 144/500]
Total_loss	: 0.0693
MMD_loss	: 3.5623
Src_reg_loss	: 0.0337
-------------------------------------
[Epoch : 145/500]
Total_loss	: 0.0693
MMD_loss	: 3.5650
Src_reg_loss	: 0.0336
-------------------------------------
[Epoch : 146/500]
Total_loss	: 0.0692
MMD_loss	: 3.5679
Src_reg_loss	: 0.0335
-------------------------------------
[Epoch : 147/500]
Total_loss	: 0.0691
MMD_loss	: 3.5710
Src_reg_loss	: 0.0334
-------------------------------------
[Epoch : 148/500]
Total_loss	: 0.0690
MMD_loss	: 3.5742
Src_reg_loss	: 0.0333
-------------------------------------
[Epoch : 149/500]
Total_loss	: 0.0690
MMD_loss	: 3.5775
Src_reg_loss	: 0.0332
-------------------------------------
[Epoch : 150/500]
Total_loss	: 0.0689
MMD_loss	: 3.5810
Src_reg_loss	: 0.0331
-------------------------------------
[Epoch : 151/500]
Total_loss	: 0.0688
MMD_loss	: 3.5846
Src_reg_loss	: 0.0330
-------------------------------------
[Epoch : 152/500]
Total_loss	: 0.0688
MMD_loss	: 3.5883
Src_reg_loss	: 0.0329
-------------------------------------
[Epoch : 153/500]
Total_loss	: 0.0687
MMD_loss	: 3.5922
Src_reg_loss	: 0.0328
-------------------------------------
[Epoch : 154/500]
Total_loss	: 0.0686
MMD_loss	: 3.5961
Src_reg_loss	: 0.0327
-------------------------------------
[Epoch : 155/500]
Total_loss	: 0.0686
MMD_loss	: 3.6001
Src_reg_loss	: 0.0326
-------------------------------------
[Epoch : 156/500]
Total_loss	: 0.0685
MMD_loss	: 3.6042
Src_reg_loss	: 0.0325
-------------------------------------
[Epoch : 157/500]
Total_loss	: 0.0685
MMD_loss	: 3.6084
Src_reg_loss	: 0.0324
-------------------------------------
[Epoch : 158/500]
Total_loss	: 0.0684
MMD_loss	: 3.6126
Src_reg_loss	: 0.0323
-------------------------------------
[Epoch : 159/500]
Total_loss	: 0.0684
MMD_loss	: 3.6169
Src_reg_loss	: 0.0322
-------------------------------------
[Epoch : 160/500]
Total_loss	: 0.0683
MMD_loss	: 3.6213
Src_reg_loss	: 0.0321
-------------------------------------
[Epoch : 161/500]
Total_loss	: 0.0683
MMD_loss	: 3.6257
Src_reg_loss	: 0.0320
-------------------------------------
[Epoch : 162/500]
Total_loss	: 0.0682
MMD_loss	: 3.6301
Src_reg_loss	: 0.0319
-------------------------------------
[Epoch : 163/500]
Total_loss	: 0.0682
MMD_loss	: 3.6346
Src_reg_loss	: 0.0318
-------------------------------------
[Epoch : 164/500]
Total_loss	: 0.0681
MMD_loss	: 3.6392
Src_reg_loss	: 0.0317
-------------------------------------
[Epoch : 165/500]
Total_loss	: 0.0681
MMD_loss	: 3.6437
Src_reg_loss	: 0.0316
-------------------------------------
[Epoch : 166/500]
Total_loss	: 0.0680
MMD_loss	: 3.6484
Src_reg_loss	: 0.0315
-------------------------------------
[Epoch : 167/500]
Total_loss	: 0.0680
MMD_loss	: 3.6530
Src_reg_loss	: 0.0315
-------------------------------------
[Epoch : 168/500]
Total_loss	: 0.0679
MMD_loss	: 3.6576
Src_reg_loss	: 0.0314
-------------------------------------
[Epoch : 169/500]
Total_loss	: 0.0679
MMD_loss	: 3.6623
Src_reg_loss	: 0.0313
-------------------------------------
[Epoch : 170/500]
Total_loss	: 0.0679
MMD_loss	: 3.6670
Src_reg_loss	: 0.0312
-------------------------------------
[Epoch : 171/500]
Total_loss	: 0.0678
MMD_loss	: 3.6717
Src_reg_loss	: 0.0311
-------------------------------------
[Epoch : 172/500]
Total_loss	: 0.0678
MMD_loss	: 3.6764
Src_reg_loss	: 0.0310
-------------------------------------
[Epoch : 173/500]
Total_loss	: 0.0678
MMD_loss	: 3.6811
Src_reg_loss	: 0.0309
-------------------------------------
[Epoch : 174/500]
Total_loss	: 0.0677
MMD_loss	: 3.6858
Src_reg_loss	: 0.0309
-------------------------------------
[Epoch : 175/500]
Total_loss	: 0.0677
MMD_loss	: 3.6905
Src_reg_loss	: 0.0308
-------------------------------------
[Epoch : 176/500]
Total_loss	: 0.0676
MMD_loss	: 3.6952
Src_reg_loss	: 0.0307
-------------------------------------
[Epoch : 177/500]
Total_loss	: 0.0676
MMD_loss	: 3.6999
Src_reg_loss	: 0.0306
-------------------------------------
[Epoch : 178/500]
Total_loss	: 0.0676
MMD_loss	: 3.7046
Src_reg_loss	: 0.0305
-------------------------------------
[Epoch : 179/500]
Total_loss	: 0.0675
MMD_loss	: 3.7093
Src_reg_loss	: 0.0304
-------------------------------------
[Epoch : 180/500]
Total_loss	: 0.0675
MMD_loss	: 3.7140
Src_reg_loss	: 0.0304
-------------------------------------
[Epoch : 181/500]
Total_loss	: 0.0675
MMD_loss	: 3.7187
Src_reg_loss	: 0.0303
-------------------------------------
[Epoch : 182/500]
Total_loss	: 0.0674
MMD_loss	: 3.7233
Src_reg_loss	: 0.0302
-------------------------------------
[Epoch : 183/500]
Total_loss	: 0.0674
MMD_loss	: 3.7280
Src_reg_loss	: 0.0301
-------------------------------------
[Epoch : 184/500]
Total_loss	: 0.0674
MMD_loss	: 3.7326
Src_reg_loss	: 0.0301
-------------------------------------
[Epoch : 185/500]
Total_loss	: 0.0674
MMD_loss	: 3.7373
Src_reg_loss	: 0.0300
-------------------------------------
[Epoch : 186/500]
Total_loss	: 0.0673
MMD_loss	: 3.7419
Src_reg_loss	: 0.0299
-------------------------------------
[Epoch : 187/500]
Total_loss	: 0.0673
MMD_loss	: 3.7465
Src_reg_loss	: 0.0298
-------------------------------------
[Epoch : 188/500]
Total_loss	: 0.0673
MMD_loss	: 3.7511
Src_reg_loss	: 0.0298
-------------------------------------
[Epoch : 189/500]
Total_loss	: 0.0672
MMD_loss	: 3.7556
Src_reg_loss	: 0.0297
-------------------------------------
[Epoch : 190/500]
Total_loss	: 0.0672
MMD_loss	: 3.7602
Src_reg_loss	: 0.0296
-------------------------------------
[Epoch : 191/500]
Total_loss	: 0.0672
MMD_loss	: 3.7647
Src_reg_loss	: 0.0295
-------------------------------------
[Epoch : 192/500]
Total_loss	: 0.0672
MMD_loss	: 3.7692
Src_reg_loss	: 0.0295
-------------------------------------
[Epoch : 193/500]
Total_loss	: 0.0671
MMD_loss	: 3.7737
Src_reg_loss	: 0.0294
-------------------------------------
[Epoch : 194/500]
Total_loss	: 0.0671
MMD_loss	: 3.7781
Src_reg_loss	: 0.0293
-------------------------------------
[Epoch : 195/500]
Total_loss	: 0.0671
MMD_loss	: 3.7825
Src_reg_loss	: 0.0293
-------------------------------------
[Epoch : 196/500]
Total_loss	: 0.0671
MMD_loss	: 3.7869
Src_reg_loss	: 0.0292
-------------------------------------
[Epoch : 197/500]
Total_loss	: 0.0670
MMD_loss	: 3.7913
Src_reg_loss	: 0.0291
-------------------------------------
[Epoch : 198/500]
Total_loss	: 0.0670
MMD_loss	: 3.7957
Src_reg_loss	: 0.0290
-------------------------------------
[Epoch : 199/500]
Total_loss	: 0.0670
MMD_loss	: 3.8000
Src_reg_loss	: 0.0290
-------------------------------------
[Epoch : 200/500]
Total_loss	: 0.0670
MMD_loss	: 3.8043
Src_reg_loss	: 0.0289
-------------------------------------
[Epoch : 201/500]
Total_loss	: 0.0669
MMD_loss	: 3.8086
Src_reg_loss	: 0.0288
-------------------------------------
[Epoch : 202/500]
Total_loss	: 0.0669
MMD_loss	: 3.8128
Src_reg_loss	: 0.0288
-------------------------------------
[Epoch : 203/500]
Total_loss	: 0.0669
MMD_loss	: 3.8171
Src_reg_loss	: 0.0287
-------------------------------------
[Epoch : 204/500]
Total_loss	: 0.0669
MMD_loss	: 3.8213
Src_reg_loss	: 0.0286
-------------------------------------
[Epoch : 205/500]
Total_loss	: 0.0668
MMD_loss	: 3.8254
Src_reg_loss	: 0.0286
-------------------------------------
[Epoch : 206/500]
Total_loss	: 0.0668
MMD_loss	: 3.8295
Src_reg_loss	: 0.0285
-------------------------------------
[Epoch : 207/500]
Total_loss	: 0.0668
MMD_loss	: 3.8336
Src_reg_loss	: 0.0284
-------------------------------------
[Epoch : 208/500]
Total_loss	: 0.0668
MMD_loss	: 3.8377
Src_reg_loss	: 0.0284
-------------------------------------
[Epoch : 209/500]
Total_loss	: 0.0667
MMD_loss	: 3.8418
Src_reg_loss	: 0.0283
-------------------------------------
[Epoch : 210/500]
Total_loss	: 0.0667
MMD_loss	: 3.8458
Src_reg_loss	: 0.0283
-------------------------------------
[Epoch : 211/500]
Total_loss	: 0.0667
MMD_loss	: 3.8497
Src_reg_loss	: 0.0282
-------------------------------------
[Epoch : 212/500]
Total_loss	: 0.0667
MMD_loss	: 3.8537
Src_reg_loss	: 0.0281
-------------------------------------
[Epoch : 213/500]
Total_loss	: 0.0666
MMD_loss	: 3.8576
Src_reg_loss	: 0.0281
-------------------------------------
[Epoch : 214/500]
Total_loss	: 0.0666
MMD_loss	: 3.8615
Src_reg_loss	: 0.0280
-------------------------------------
[Epoch : 215/500]
Total_loss	: 0.0666
MMD_loss	: 3.8653
Src_reg_loss	: 0.0279
-------------------------------------
[Epoch : 216/500]
Total_loss	: 0.0666
MMD_loss	: 3.8691
Src_reg_loss	: 0.0279
-------------------------------------
[Epoch : 217/500]
Total_loss	: 0.0666
MMD_loss	: 3.8729
Src_reg_loss	: 0.0278
-------------------------------------
[Epoch : 218/500]
Total_loss	: 0.0665
MMD_loss	: 3.8766
Src_reg_loss	: 0.0278
-------------------------------------
[Epoch : 219/500]
Total_loss	: 0.0665
MMD_loss	: 3.8803
Src_reg_loss	: 0.0277
-------------------------------------
[Epoch : 220/500]
Total_loss	: 0.0665
MMD_loss	: 3.8840
Src_reg_loss	: 0.0276
-------------------------------------
[Epoch : 221/500]
Total_loss	: 0.0665
MMD_loss	: 3.8876
Src_reg_loss	: 0.0276
-------------------------------------
[Epoch : 222/500]
Total_loss	: 0.0664
MMD_loss	: 3.8912
Src_reg_loss	: 0.0275
-------------------------------------
[Epoch : 223/500]
Total_loss	: 0.0664
MMD_loss	: 3.8948
Src_reg_loss	: 0.0275
-------------------------------------
[Epoch : 224/500]
Total_loss	: 0.0664
MMD_loss	: 3.8983
Src_reg_loss	: 0.0274
-------------------------------------
[Epoch : 225/500]
Total_loss	: 0.0664
MMD_loss	: 3.9018
Src_reg_loss	: 0.0274
-------------------------------------
[Epoch : 226/500]
Total_loss	: 0.0663
MMD_loss	: 3.9052
Src_reg_loss	: 0.0273
-------------------------------------
[Epoch : 227/500]
Total_loss	: 0.0663
MMD_loss	: 3.9086
Src_reg_loss	: 0.0272
-------------------------------------
[Epoch : 228/500]
Total_loss	: 0.0663
MMD_loss	: 3.9120
Src_reg_loss	: 0.0272
-------------------------------------
[Epoch : 229/500]
Total_loss	: 0.0663
MMD_loss	: 3.9153
Src_reg_loss	: 0.0271
-------------------------------------
[Epoch : 230/500]
Total_loss	: 0.0663
MMD_loss	: 3.9186
Src_reg_loss	: 0.0271
-------------------------------------
[Epoch : 231/500]
Total_loss	: 0.0662
MMD_loss	: 3.9219
Src_reg_loss	: 0.0270
-------------------------------------
[Epoch : 232/500]
Total_loss	: 0.0662
MMD_loss	: 3.9251
Src_reg_loss	: 0.0270
-------------------------------------
[Epoch : 233/500]
Total_loss	: 0.0662
MMD_loss	: 3.9282
Src_reg_loss	: 0.0269
-------------------------------------
[Epoch : 234/500]
Total_loss	: 0.0662
MMD_loss	: 3.9314
Src_reg_loss	: 0.0268
-------------------------------------
[Epoch : 235/500]
Total_loss	: 0.0661
MMD_loss	: 3.9345
Src_reg_loss	: 0.0268
-------------------------------------
[Epoch : 236/500]
Total_loss	: 0.0661
MMD_loss	: 3.9375
Src_reg_loss	: 0.0267
-------------------------------------
[Epoch : 237/500]
Total_loss	: 0.0661
MMD_loss	: 3.9405
Src_reg_loss	: 0.0267
-------------------------------------
[Epoch : 238/500]
Total_loss	: 0.0661
MMD_loss	: 3.9435
Src_reg_loss	: 0.0266
-------------------------------------
[Epoch : 239/500]
Total_loss	: 0.0660
MMD_loss	: 3.9464
Src_reg_loss	: 0.0266
-------------------------------------
[Epoch : 240/500]
Total_loss	: 0.0660
MMD_loss	: 3.9493
Src_reg_loss	: 0.0265
-------------------------------------
[Epoch : 241/500]
Total_loss	: 0.0660
MMD_loss	: 3.9521
Src_reg_loss	: 0.0265
-------------------------------------
[Epoch : 242/500]
Total_loss	: 0.0660
MMD_loss	: 3.9549
Src_reg_loss	: 0.0264
-------------------------------------
[Epoch : 243/500]
Total_loss	: 0.0659
MMD_loss	: 3.9577
Src_reg_loss	: 0.0264
-------------------------------------
[Epoch : 244/500]
Total_loss	: 0.0659
MMD_loss	: 3.9604
Src_reg_loss	: 0.0263
-------------------------------------
[Epoch : 245/500]
Total_loss	: 0.0659
MMD_loss	: 3.9631
Src_reg_loss	: 0.0263
-------------------------------------
[Epoch : 246/500]
Total_loss	: 0.0659
MMD_loss	: 3.9657
Src_reg_loss	: 0.0262
-------------------------------------
[Epoch : 247/500]
Total_loss	: 0.0659
MMD_loss	: 3.9683
Src_reg_loss	: 0.0262
-------------------------------------
[Epoch : 248/500]
Total_loss	: 0.0658
MMD_loss	: 3.9708
Src_reg_loss	: 0.0261
-------------------------------------
[Epoch : 249/500]
Total_loss	: 0.0658
MMD_loss	: 3.9733
Src_reg_loss	: 0.0261
-------------------------------------
[Epoch : 250/500]
Total_loss	: 0.0658
MMD_loss	: 3.9758
Src_reg_loss	: 0.0260
-------------------------------------
[Epoch : 251/500]
Total_loss	: 0.0657
MMD_loss	: 3.9782
Src_reg_loss	: 0.0260
-------------------------------------
[Epoch : 252/500]
Total_loss	: 0.0657
MMD_loss	: 3.9806
Src_reg_loss	: 0.0259
-------------------------------------
[Epoch : 253/500]
Total_loss	: 0.0657
MMD_loss	: 3.9829
Src_reg_loss	: 0.0259
-------------------------------------
[Epoch : 254/500]
Total_loss	: 0.0657
MMD_loss	: 3.9852
Src_reg_loss	: 0.0258
-------------------------------------
[Epoch : 255/500]
Total_loss	: 0.0656
MMD_loss	: 3.9874
Src_reg_loss	: 0.0258
-------------------------------------
[Epoch : 256/500]
Total_loss	: 0.0656
MMD_loss	: 3.9896
Src_reg_loss	: 0.0257
-------------------------------------
[Epoch : 257/500]
Total_loss	: 0.0656
MMD_loss	: 3.9918
Src_reg_loss	: 0.0257
-------------------------------------
[Epoch : 258/500]
Total_loss	: 0.0656
MMD_loss	: 3.9939
Src_reg_loss	: 0.0256
-------------------------------------
[Epoch : 259/500]
Total_loss	: 0.0655
MMD_loss	: 3.9959
Src_reg_loss	: 0.0256
-------------------------------------
[Epoch : 260/500]
Total_loss	: 0.0655
MMD_loss	: 3.9980
Src_reg_loss	: 0.0255
-------------------------------------
[Epoch : 261/500]
Total_loss	: 0.0655
MMD_loss	: 3.9999
Src_reg_loss	: 0.0255
-------------------------------------
[Epoch : 262/500]
Total_loss	: 0.0655
MMD_loss	: 4.0019
Src_reg_loss	: 0.0254
-------------------------------------
[Epoch : 263/500]
Total_loss	: 0.0654
MMD_loss	: 4.0037
Src_reg_loss	: 0.0254
-------------------------------------
[Epoch : 264/500]
Total_loss	: 0.0654
MMD_loss	: 4.0056
Src_reg_loss	: 0.0253
-------------------------------------
[Epoch : 265/500]
Total_loss	: 0.0654
MMD_loss	: 4.0074
Src_reg_loss	: 0.0253
-------------------------------------
[Epoch : 266/500]
Total_loss	: 0.0653
MMD_loss	: 4.0091
Src_reg_loss	: 0.0253
-------------------------------------
[Epoch : 267/500]
Total_loss	: 0.0653
MMD_loss	: 4.0108
Src_reg_loss	: 0.0252
-------------------------------------
[Epoch : 268/500]
Total_loss	: 0.0653
MMD_loss	: 4.0125
Src_reg_loss	: 0.0252
-------------------------------------
[Epoch : 269/500]
Total_loss	: 0.0653
MMD_loss	: 4.0141
Src_reg_loss	: 0.0251
-------------------------------------
[Epoch : 270/500]
Total_loss	: 0.0652
MMD_loss	: 4.0156
Src_reg_loss	: 0.0251
-------------------------------------
[Epoch : 271/500]
Total_loss	: 0.0652
MMD_loss	: 4.0172
Src_reg_loss	: 0.0250
-------------------------------------
[Epoch : 272/500]
Total_loss	: 0.0652
MMD_loss	: 4.0186
Src_reg_loss	: 0.0250
-------------------------------------
[Epoch : 273/500]
Total_loss	: 0.0651
MMD_loss	: 4.0201
Src_reg_loss	: 0.0249
-------------------------------------
[Epoch : 274/500]
Total_loss	: 0.0651
MMD_loss	: 4.0214
Src_reg_loss	: 0.0249
-------------------------------------
[Epoch : 275/500]
Total_loss	: 0.0651
MMD_loss	: 4.0228
Src_reg_loss	: 0.0248
-------------------------------------
[Epoch : 276/500]
Total_loss	: 0.0650
MMD_loss	: 4.0240
Src_reg_loss	: 0.0248
-------------------------------------
[Epoch : 277/500]
Total_loss	: 0.0650
MMD_loss	: 4.0253
Src_reg_loss	: 0.0248
-------------------------------------
[Epoch : 278/500]
Total_loss	: 0.0650
MMD_loss	: 4.0265
Src_reg_loss	: 0.0247
-------------------------------------
[Epoch : 279/500]
Total_loss	: 0.0649
MMD_loss	: 4.0276
Src_reg_loss	: 0.0247
-------------------------------------
[Epoch : 280/500]
Total_loss	: 0.0649
MMD_loss	: 4.0287
Src_reg_loss	: 0.0246
-------------------------------------
[Epoch : 281/500]
Total_loss	: 0.0649
MMD_loss	: 4.0298
Src_reg_loss	: 0.0246
-------------------------------------
[Epoch : 282/500]
Total_loss	: 0.0648
MMD_loss	: 4.0308
Src_reg_loss	: 0.0245
-------------------------------------
[Epoch : 283/500]
Total_loss	: 0.0648
MMD_loss	: 4.0317
Src_reg_loss	: 0.0245
-------------------------------------
[Epoch : 284/500]
Total_loss	: 0.0648
MMD_loss	: 4.0326
Src_reg_loss	: 0.0245
-------------------------------------
[Epoch : 285/500]
Total_loss	: 0.0647
MMD_loss	: 4.0335
Src_reg_loss	: 0.0244
-------------------------------------
[Epoch : 286/500]
Total_loss	: 0.0647
MMD_loss	: 4.0343
Src_reg_loss	: 0.0244
-------------------------------------
[Epoch : 287/500]
Total_loss	: 0.0647
MMD_loss	: 4.0351
Src_reg_loss	: 0.0243
-------------------------------------
[Epoch : 288/500]
Total_loss	: 0.0646
MMD_loss	: 4.0358
Src_reg_loss	: 0.0243
-------------------------------------
[Epoch : 289/500]
Total_loss	: 0.0646
MMD_loss	: 4.0364
Src_reg_loss	: 0.0242
-------------------------------------
[Epoch : 290/500]
Total_loss	: 0.0646
MMD_loss	: 4.0371
Src_reg_loss	: 0.0242
-------------------------------------
[Epoch : 291/500]
Total_loss	: 0.0645
MMD_loss	: 4.0377
Src_reg_loss	: 0.0242
-------------------------------------
[Epoch : 292/500]
Total_loss	: 0.0645
MMD_loss	: 4.0382
Src_reg_loss	: 0.0241
-------------------------------------
[Epoch : 293/500]
Total_loss	: 0.0645
MMD_loss	: 4.0387
Src_reg_loss	: 0.0241
-------------------------------------
[Epoch : 294/500]
Total_loss	: 0.0644
MMD_loss	: 4.0391
Src_reg_loss	: 0.0240
-------------------------------------
[Epoch : 295/500]
Total_loss	: 0.0644
MMD_loss	: 4.0395
Src_reg_loss	: 0.0240
-------------------------------------
[Epoch : 296/500]
Total_loss	: 0.0644
MMD_loss	: 4.0399
Src_reg_loss	: 0.0240
-------------------------------------
[Epoch : 297/500]
Total_loss	: 0.0643
MMD_loss	: 4.0402
Src_reg_loss	: 0.0239
-------------------------------------
[Epoch : 298/500]
Total_loss	: 0.0643
MMD_loss	: 4.0404
Src_reg_loss	: 0.0239
-------------------------------------
[Epoch : 299/500]
Total_loss	: 0.0643
MMD_loss	: 4.0406
Src_reg_loss	: 0.0238
-------------------------------------
[Epoch : 300/500]
Total_loss	: 0.0642
MMD_loss	: 4.0408
Src_reg_loss	: 0.0238
-------------------------------------
[Epoch : 301/500]
Total_loss	: 0.0642
MMD_loss	: 4.0409
Src_reg_loss	: 0.0238
-------------------------------------
[Epoch : 302/500]
Total_loss	: 0.0641
MMD_loss	: 4.0410
Src_reg_loss	: 0.0237
-------------------------------------
[Epoch : 303/500]
Total_loss	: 0.0641
MMD_loss	: 4.0411
Src_reg_loss	: 0.0237
-------------------------------------
[Epoch : 304/500]
Total_loss	: 0.0641
MMD_loss	: 4.0411
Src_reg_loss	: 0.0236
-------------------------------------
[Epoch : 305/500]
Total_loss	: 0.0640
MMD_loss	: 4.0410
Src_reg_loss	: 0.0236
-------------------------------------
[Epoch : 306/500]
Total_loss	: 0.0640
MMD_loss	: 4.0409
Src_reg_loss	: 0.0236
-------------------------------------
[Epoch : 307/500]
Total_loss	: 0.0639
MMD_loss	: 4.0408
Src_reg_loss	: 0.0235
-------------------------------------
[Epoch : 308/500]
Total_loss	: 0.0639
MMD_loss	: 4.0406
Src_reg_loss	: 0.0235
-------------------------------------
[Epoch : 309/500]
Total_loss	: 0.0639
MMD_loss	: 4.0403
Src_reg_loss	: 0.0235
-------------------------------------
[Epoch : 310/500]
Total_loss	: 0.0638
MMD_loss	: 4.0401
Src_reg_loss	: 0.0234
-------------------------------------
[Epoch : 311/500]
Total_loss	: 0.0638
MMD_loss	: 4.0398
Src_reg_loss	: 0.0234
-------------------------------------
[Epoch : 312/500]
Total_loss	: 0.0637
MMD_loss	: 4.0394
Src_reg_loss	: 0.0233
-------------------------------------
[Epoch : 313/500]
Total_loss	: 0.0637
MMD_loss	: 4.0390
Src_reg_loss	: 0.0233
-------------------------------------
[Epoch : 314/500]
Total_loss	: 0.0637
MMD_loss	: 4.0386
Src_reg_loss	: 0.0233
-------------------------------------
[Epoch : 315/500]
Total_loss	: 0.0636
MMD_loss	: 4.0381
Src_reg_loss	: 0.0232
-------------------------------------
[Epoch : 316/500]
Total_loss	: 0.0636
MMD_loss	: 4.0375
Src_reg_loss	: 0.0232
-------------------------------------
[Epoch : 317/500]
Total_loss	: 0.0635
MMD_loss	: 4.0370
Src_reg_loss	: 0.0232
-------------------------------------
[Epoch : 318/500]
Total_loss	: 0.0635
MMD_loss	: 4.0364
Src_reg_loss	: 0.0231
-------------------------------------
[Epoch : 319/500]
Total_loss	: 0.0634
MMD_loss	: 4.0357
Src_reg_loss	: 0.0231
-------------------------------------
[Epoch : 320/500]
Total_loss	: 0.0634
MMD_loss	: 4.0350
Src_reg_loss	: 0.0231
-------------------------------------
[Epoch : 321/500]
Total_loss	: 0.0634
MMD_loss	: 4.0343
Src_reg_loss	: 0.0230
-------------------------------------
[Epoch : 322/500]
Total_loss	: 0.0633
MMD_loss	: 4.0335
Src_reg_loss	: 0.0230
-------------------------------------
[Epoch : 323/500]
Total_loss	: 0.0633
MMD_loss	: 4.0327
Src_reg_loss	: 0.0229
-------------------------------------
[Epoch : 324/500]
Total_loss	: 0.0632
MMD_loss	: 4.0318
Src_reg_loss	: 0.0229
-------------------------------------
[Epoch : 325/500]
Total_loss	: 0.0632
MMD_loss	: 4.0309
Src_reg_loss	: 0.0229
-------------------------------------
[Epoch : 326/500]
Total_loss	: 0.0631
MMD_loss	: 4.0300
Src_reg_loss	: 0.0228
-------------------------------------
[Epoch : 327/500]
Total_loss	: 0.0631
MMD_loss	: 4.0290
Src_reg_loss	: 0.0228
-------------------------------------
[Epoch : 328/500]
Total_loss	: 0.0630
MMD_loss	: 4.0280
Src_reg_loss	: 0.0228
-------------------------------------
[Epoch : 329/500]
Total_loss	: 0.0630
MMD_loss	: 4.0269
Src_reg_loss	: 0.0227
-------------------------------------
[Epoch : 330/500]
Total_loss	: 0.0630
MMD_loss	: 4.0258
Src_reg_loss	: 0.0227
-------------------------------------
[Epoch : 331/500]
Total_loss	: 0.0629
MMD_loss	: 4.0247
Src_reg_loss	: 0.0227
-------------------------------------
[Epoch : 332/500]
Total_loss	: 0.0629
MMD_loss	: 4.0235
Src_reg_loss	: 0.0226
-------------------------------------
[Epoch : 333/500]
Total_loss	: 0.0628
MMD_loss	: 4.0223
Src_reg_loss	: 0.0226
-------------------------------------
[Epoch : 334/500]
Total_loss	: 0.0628
MMD_loss	: 4.0211
Src_reg_loss	: 0.0226
-------------------------------------
[Epoch : 335/500]
Total_loss	: 0.0627
MMD_loss	: 4.0198
Src_reg_loss	: 0.0225
-------------------------------------
[Epoch : 336/500]
Total_loss	: 0.0627
MMD_loss	: 4.0185
Src_reg_loss	: 0.0225
-------------------------------------
[Epoch : 337/500]
Total_loss	: 0.0626
MMD_loss	: 4.0172
Src_reg_loss	: 0.0225
-------------------------------------
[Epoch : 338/500]
Total_loss	: 0.0626
MMD_loss	: 4.0158
Src_reg_loss	: 0.0224
-------------------------------------
[Epoch : 339/500]
Total_loss	: 0.0625
MMD_loss	: 4.0144
Src_reg_loss	: 0.0224
-------------------------------------
[Epoch : 340/500]
Total_loss	: 0.0625
MMD_loss	: 4.0129
Src_reg_loss	: 0.0224
-------------------------------------
[Epoch : 341/500]
Total_loss	: 0.0624
MMD_loss	: 4.0114
Src_reg_loss	: 0.0223
-------------------------------------
[Epoch : 342/500]
Total_loss	: 0.0624
MMD_loss	: 4.0099
Src_reg_loss	: 0.0223
-------------------------------------
[Epoch : 343/500]
Total_loss	: 0.0623
MMD_loss	: 4.0084
Src_reg_loss	: 0.0223
-------------------------------------
[Epoch : 344/500]
Total_loss	: 0.0623
MMD_loss	: 4.0068
Src_reg_loss	: 0.0222
-------------------------------------
[Epoch : 345/500]
Total_loss	: 0.0622
MMD_loss	: 4.0052
Src_reg_loss	: 0.0222
-------------------------------------
[Epoch : 346/500]
Total_loss	: 0.0622
MMD_loss	: 4.0035
Src_reg_loss	: 0.0222
-------------------------------------
[Epoch : 347/500]
Total_loss	: 0.0621
MMD_loss	: 4.0019
Src_reg_loss	: 0.0221
-------------------------------------
[Epoch : 348/500]
Total_loss	: 0.0621
MMD_loss	: 4.0002
Src_reg_loss	: 0.0221
-------------------------------------
[Epoch : 349/500]
Total_loss	: 0.0620
MMD_loss	: 3.9984
Src_reg_loss	: 0.0221
-------------------------------------
[Epoch : 350/500]
Total_loss	: 0.0620
MMD_loss	: 3.9966
Src_reg_loss	: 0.0220
-------------------------------------
[Epoch : 351/500]
Total_loss	: 0.0619
MMD_loss	: 3.9948
Src_reg_loss	: 0.0220
-------------------------------------
[Epoch : 352/500]
Total_loss	: 0.0619
MMD_loss	: 3.9930
Src_reg_loss	: 0.0220
-------------------------------------
[Epoch : 353/500]
Total_loss	: 0.0618
MMD_loss	: 3.9912
Src_reg_loss	: 0.0219
-------------------------------------
[Epoch : 354/500]
Total_loss	: 0.0618
MMD_loss	: 3.9893
Src_reg_loss	: 0.0219
-------------------------------------
[Epoch : 355/500]
Total_loss	: 0.0617
MMD_loss	: 3.9874
Src_reg_loss	: 0.0219
-------------------------------------
[Epoch : 356/500]
Total_loss	: 0.0617
MMD_loss	: 3.9854
Src_reg_loss	: 0.0218
-------------------------------------
[Epoch : 357/500]
Total_loss	: 0.0616
MMD_loss	: 3.9835
Src_reg_loss	: 0.0218
-------------------------------------
[Epoch : 358/500]
Total_loss	: 0.0616
MMD_loss	: 3.9815
Src_reg_loss	: 0.0218
-------------------------------------
[Epoch : 359/500]
Total_loss	: 0.0615
MMD_loss	: 3.9795
Src_reg_loss	: 0.0217
-------------------------------------
[Epoch : 360/500]
Total_loss	: 0.0615
MMD_loss	: 3.9774
Src_reg_loss	: 0.0217
-------------------------------------
[Epoch : 361/500]
Total_loss	: 0.0614
MMD_loss	: 3.9754
Src_reg_loss	: 0.0217
-------------------------------------
[Epoch : 362/500]
Total_loss	: 0.0614
MMD_loss	: 3.9733
Src_reg_loss	: 0.0217
-------------------------------------
[Epoch : 363/500]
Total_loss	: 0.0613
MMD_loss	: 3.9711
Src_reg_loss	: 0.0216
-------------------------------------
[Epoch : 364/500]
Total_loss	: 0.0613
MMD_loss	: 3.9690
Src_reg_loss	: 0.0216
-------------------------------------
[Epoch : 365/500]
Total_loss	: 0.0612
MMD_loss	: 3.9668
Src_reg_loss	: 0.0216
-------------------------------------
[Epoch : 366/500]
Total_loss	: 0.0612
MMD_loss	: 3.9647
Src_reg_loss	: 0.0215
-------------------------------------
[Epoch : 367/500]
Total_loss	: 0.0611
MMD_loss	: 3.9625
Src_reg_loss	: 0.0215
-------------------------------------
[Epoch : 368/500]
Total_loss	: 0.0611
MMD_loss	: 3.9602
Src_reg_loss	: 0.0215
-------------------------------------
[Epoch : 369/500]
Total_loss	: 0.0610
MMD_loss	: 3.9580
Src_reg_loss	: 0.0214
-------------------------------------
[Epoch : 370/500]
Total_loss	: 0.0610
MMD_loss	: 3.9557
Src_reg_loss	: 0.0214
-------------------------------------
[Epoch : 371/500]
Total_loss	: 0.0609
MMD_loss	: 3.9534
Src_reg_loss	: 0.0214
-------------------------------------
[Epoch : 372/500]
Total_loss	: 0.0609
MMD_loss	: 3.9511
Src_reg_loss	: 0.0214
-------------------------------------
[Epoch : 373/500]
Total_loss	: 0.0608
MMD_loss	: 3.9488
Src_reg_loss	: 0.0213
-------------------------------------
[Epoch : 374/500]
Total_loss	: 0.0608
MMD_loss	: 3.9464
Src_reg_loss	: 0.0213
-------------------------------------
[Epoch : 375/500]
Total_loss	: 0.0607
MMD_loss	: 3.9440
Src_reg_loss	: 0.0213
-------------------------------------
[Epoch : 376/500]
Total_loss	: 0.0607
MMD_loss	: 3.9417
Src_reg_loss	: 0.0212
-------------------------------------
[Epoch : 377/500]
Total_loss	: 0.0606
MMD_loss	: 3.9392
Src_reg_loss	: 0.0212
-------------------------------------
[Epoch : 378/500]
Total_loss	: 0.0606
MMD_loss	: 3.9368
Src_reg_loss	: 0.0212
-------------------------------------
[Epoch : 379/500]
Total_loss	: 0.0605
MMD_loss	: 3.9344
Src_reg_loss	: 0.0212
-------------------------------------
[Epoch : 380/500]
Total_loss	: 0.0604
MMD_loss	: 3.9319
Src_reg_loss	: 0.0211
-------------------------------------
[Epoch : 381/500]
Total_loss	: 0.0604
MMD_loss	: 3.9294
Src_reg_loss	: 0.0211
-------------------------------------
[Epoch : 382/500]
Total_loss	: 0.0603
MMD_loss	: 3.9269
Src_reg_loss	: 0.0211
-------------------------------------
[Epoch : 383/500]
Total_loss	: 0.0603
MMD_loss	: 3.9244
Src_reg_loss	: 0.0210
-------------------------------------
[Epoch : 384/500]
Total_loss	: 0.0602
MMD_loss	: 3.9219
Src_reg_loss	: 0.0210
-------------------------------------
[Epoch : 385/500]
Total_loss	: 0.0602
MMD_loss	: 3.9194
Src_reg_loss	: 0.0210
-------------------------------------
[Epoch : 386/500]
Total_loss	: 0.0601
MMD_loss	: 3.9168
Src_reg_loss	: 0.0210
-------------------------------------
[Epoch : 387/500]
Total_loss	: 0.0601
MMD_loss	: 3.9142
Src_reg_loss	: 0.0209
-------------------------------------
[Epoch : 388/500]
Total_loss	: 0.0600
MMD_loss	: 3.9116
Src_reg_loss	: 0.0209
-------------------------------------
[Epoch : 389/500]
Total_loss	: 0.0600
MMD_loss	: 3.9090
Src_reg_loss	: 0.0209
-------------------------------------
[Epoch : 390/500]
Total_loss	: 0.0599
MMD_loss	: 3.9064
Src_reg_loss	: 0.0208
-------------------------------------
[Epoch : 391/500]
Total_loss	: 0.0599
MMD_loss	: 3.9038
Src_reg_loss	: 0.0208
-------------------------------------
[Epoch : 392/500]
Total_loss	: 0.0598
MMD_loss	: 3.9012
Src_reg_loss	: 0.0208
-------------------------------------
[Epoch : 393/500]
Total_loss	: 0.0598
MMD_loss	: 3.8985
Src_reg_loss	: 0.0208
-------------------------------------
[Epoch : 394/500]
Total_loss	: 0.0597
MMD_loss	: 3.8959
Src_reg_loss	: 0.0207
-------------------------------------
[Epoch : 395/500]
Total_loss	: 0.0596
MMD_loss	: 3.8932
Src_reg_loss	: 0.0207
-------------------------------------
[Epoch : 396/500]
Total_loss	: 0.0596
MMD_loss	: 3.8905
Src_reg_loss	: 0.0207
-------------------------------------
[Epoch : 397/500]
Total_loss	: 0.0595
MMD_loss	: 3.8879
Src_reg_loss	: 0.0207
-------------------------------------
[Epoch : 398/500]
Total_loss	: 0.0595
MMD_loss	: 3.8852
Src_reg_loss	: 0.0206
-------------------------------------
[Epoch : 399/500]
Total_loss	: 0.0594
MMD_loss	: 3.8824
Src_reg_loss	: 0.0206
-------------------------------------
[Epoch : 400/500]
Total_loss	: 0.0594
MMD_loss	: 3.8797
Src_reg_loss	: 0.0206
-------------------------------------
[Epoch : 401/500]
Total_loss	: 0.0593
MMD_loss	: 3.8770
Src_reg_loss	: 0.0206
-------------------------------------
[Epoch : 402/500]
Total_loss	: 0.0593
MMD_loss	: 3.8743
Src_reg_loss	: 0.0205
-------------------------------------
[Epoch : 403/500]
Total_loss	: 0.0592
MMD_loss	: 3.8715
Src_reg_loss	: 0.0205
-------------------------------------
[Epoch : 404/500]
Total_loss	: 0.0592
MMD_loss	: 3.8688
Src_reg_loss	: 0.0205
-------------------------------------
[Epoch : 405/500]
Total_loss	: 0.0591
MMD_loss	: 3.8660
Src_reg_loss	: 0.0204
-------------------------------------
[Epoch : 406/500]
Total_loss	: 0.0591
MMD_loss	: 3.8633
Src_reg_loss	: 0.0204
-------------------------------------
[Epoch : 407/500]
Total_loss	: 0.0590
MMD_loss	: 3.8605
Src_reg_loss	: 0.0204
-------------------------------------
[Epoch : 408/500]
Total_loss	: 0.0589
MMD_loss	: 3.8577
Src_reg_loss	: 0.0204
-------------------------------------
[Epoch : 409/500]
Total_loss	: 0.0589
MMD_loss	: 3.8549
Src_reg_loss	: 0.0203
-------------------------------------
[Epoch : 410/500]
Total_loss	: 0.0588
MMD_loss	: 3.8522
Src_reg_loss	: 0.0203
-------------------------------------
[Epoch : 411/500]
Total_loss	: 0.0588
MMD_loss	: 3.8494
Src_reg_loss	: 0.0203
-------------------------------------
[Epoch : 412/500]
Total_loss	: 0.0587
MMD_loss	: 3.8466
Src_reg_loss	: 0.0203
-------------------------------------
[Epoch : 413/500]
Total_loss	: 0.0587
MMD_loss	: 3.8438
Src_reg_loss	: 0.0202
-------------------------------------
[Epoch : 414/500]
Total_loss	: 0.0586
MMD_loss	: 3.8410
Src_reg_loss	: 0.0202
-------------------------------------
[Epoch : 415/500]
Total_loss	: 0.0586
MMD_loss	: 3.8382
Src_reg_loss	: 0.0202
-------------------------------------
[Epoch : 416/500]
Total_loss	: 0.0585
MMD_loss	: 3.8354
Src_reg_loss	: 0.0202
-------------------------------------
[Epoch : 417/500]
Total_loss	: 0.0585
MMD_loss	: 3.8325
Src_reg_loss	: 0.0201
-------------------------------------
[Epoch : 418/500]
Total_loss	: 0.0584
MMD_loss	: 3.8297
Src_reg_loss	: 0.0201
-------------------------------------
[Epoch : 419/500]
Total_loss	: 0.0584
MMD_loss	: 3.8269
Src_reg_loss	: 0.0201
-------------------------------------
[Epoch : 420/500]
Total_loss	: 0.0583
MMD_loss	: 3.8241
Src_reg_loss	: 0.0201
-------------------------------------
[Epoch : 421/500]
Total_loss	: 0.0583
MMD_loss	: 3.8213
Src_reg_loss	: 0.0200
-------------------------------------
[Epoch : 422/500]
Total_loss	: 0.0582
MMD_loss	: 3.8184
Src_reg_loss	: 0.0200
-------------------------------------
[Epoch : 423/500]
Total_loss	: 0.0582
MMD_loss	: 3.8156
Src_reg_loss	: 0.0200
-------------------------------------
[Epoch : 424/500]
Total_loss	: 0.0581
MMD_loss	: 3.8128
Src_reg_loss	: 0.0200
-------------------------------------
[Epoch : 425/500]
Total_loss	: 0.0581
MMD_loss	: 3.8099
Src_reg_loss	: 0.0200
-------------------------------------
[Epoch : 426/500]
Total_loss	: 0.0580
MMD_loss	: 3.8071
Src_reg_loss	: 0.0199
-------------------------------------
[Epoch : 427/500]
Total_loss	: 0.0579
MMD_loss	: 3.8043
Src_reg_loss	: 0.0199
-------------------------------------
[Epoch : 428/500]
Total_loss	: 0.0579
MMD_loss	: 3.8014
Src_reg_loss	: 0.0199
-------------------------------------
[Epoch : 429/500]
Total_loss	: 0.0578
MMD_loss	: 3.7986
Src_reg_loss	: 0.0199
-------------------------------------
[Epoch : 430/500]
Total_loss	: 0.0578
MMD_loss	: 3.7958
Src_reg_loss	: 0.0198
-------------------------------------
[Epoch : 431/500]
Total_loss	: 0.0577
MMD_loss	: 3.7929
Src_reg_loss	: 0.0198
-------------------------------------
[Epoch : 432/500]
Total_loss	: 0.0577
MMD_loss	: 3.7901
Src_reg_loss	: 0.0198
-------------------------------------
[Epoch : 433/500]
Total_loss	: 0.0576
MMD_loss	: 3.7873
Src_reg_loss	: 0.0198
-------------------------------------
[Epoch : 434/500]
Total_loss	: 0.0576
MMD_loss	: 3.7844
Src_reg_loss	: 0.0197
-------------------------------------
[Epoch : 435/500]
Total_loss	: 0.0575
MMD_loss	: 3.7816
Src_reg_loss	: 0.0197
-------------------------------------
[Epoch : 436/500]
Total_loss	: 0.0575
MMD_loss	: 3.7788
Src_reg_loss	: 0.0197
-------------------------------------
[Epoch : 437/500]
Total_loss	: 0.0574
MMD_loss	: 3.7759
Src_reg_loss	: 0.0197
-------------------------------------
[Epoch : 438/500]
Total_loss	: 0.0574
MMD_loss	: 3.7731
Src_reg_loss	: 0.0196
-------------------------------------
[Epoch : 439/500]
Total_loss	: 0.0573
MMD_loss	: 3.7703
Src_reg_loss	: 0.0196
-------------------------------------
[Epoch : 440/500]
Total_loss	: 0.0573
MMD_loss	: 3.7675
Src_reg_loss	: 0.0196
-------------------------------------
[Epoch : 441/500]
Total_loss	: 0.0572
MMD_loss	: 3.7646
Src_reg_loss	: 0.0196
-------------------------------------
[Epoch : 442/500]
Total_loss	: 0.0572
MMD_loss	: 3.7618
Src_reg_loss	: 0.0196
-------------------------------------
[Epoch : 443/500]
Total_loss	: 0.0571
MMD_loss	: 3.7590
Src_reg_loss	: 0.0195
-------------------------------------
[Epoch : 444/500]
Total_loss	: 0.0571
MMD_loss	: 3.7562
Src_reg_loss	: 0.0195
-------------------------------------
[Epoch : 445/500]
Total_loss	: 0.0570
MMD_loss	: 3.7534
Src_reg_loss	: 0.0195
-------------------------------------
[Epoch : 446/500]
Total_loss	: 0.0570
MMD_loss	: 3.7506
Src_reg_loss	: 0.0195
-------------------------------------
[Epoch : 447/500]
Total_loss	: 0.0569
MMD_loss	: 3.7478
Src_reg_loss	: 0.0194
-------------------------------------
[Epoch : 448/500]
Total_loss	: 0.0569
MMD_loss	: 3.7450
Src_reg_loss	: 0.0194
-------------------------------------
[Epoch : 449/500]
Total_loss	: 0.0568
MMD_loss	: 3.7422
Src_reg_loss	: 0.0194
-------------------------------------
[Epoch : 450/500]
Total_loss	: 0.0568
MMD_loss	: 3.7394
Src_reg_loss	: 0.0194
-------------------------------------
[Epoch : 451/500]
Total_loss	: 0.0567
MMD_loss	: 3.7366
Src_reg_loss	: 0.0194
-------------------------------------
[Epoch : 452/500]
Total_loss	: 0.0567
MMD_loss	: 3.7338
Src_reg_loss	: 0.0193
-------------------------------------
[Epoch : 453/500]
Total_loss	: 0.0566
MMD_loss	: 3.7310
Src_reg_loss	: 0.0193
-------------------------------------
[Epoch : 454/500]
Total_loss	: 0.0566
MMD_loss	: 3.7282
Src_reg_loss	: 0.0193
-------------------------------------
[Epoch : 455/500]
Total_loss	: 0.0565
MMD_loss	: 3.7255
Src_reg_loss	: 0.0193
-------------------------------------
[Epoch : 456/500]
Total_loss	: 0.0565
MMD_loss	: 3.7227
Src_reg_loss	: 0.0192
-------------------------------------
[Epoch : 457/500]
Total_loss	: 0.0564
MMD_loss	: 3.7199
Src_reg_loss	: 0.0192
-------------------------------------
[Epoch : 458/500]
Total_loss	: 0.0564
MMD_loss	: 3.7172
Src_reg_loss	: 0.0192
-------------------------------------
[Epoch : 459/500]
Total_loss	: 0.0563
MMD_loss	: 3.7144
Src_reg_loss	: 0.0192
-------------------------------------
[Epoch : 460/500]
Total_loss	: 0.0563
MMD_loss	: 3.7117
Src_reg_loss	: 0.0192
-------------------------------------
[Epoch : 461/500]
Total_loss	: 0.0562
MMD_loss	: 3.7089
Src_reg_loss	: 0.0191
-------------------------------------
[Epoch : 462/500]
Total_loss	: 0.0562
MMD_loss	: 3.7062
Src_reg_loss	: 0.0191
-------------------------------------
[Epoch : 463/500]
Total_loss	: 0.0561
MMD_loss	: 3.7035
Src_reg_loss	: 0.0191
-------------------------------------
[Epoch : 464/500]
Total_loss	: 0.0561
MMD_loss	: 3.7008
Src_reg_loss	: 0.0191
-------------------------------------
[Epoch : 465/500]
Total_loss	: 0.0560
MMD_loss	: 3.6980
Src_reg_loss	: 0.0191
-------------------------------------
[Epoch : 466/500]
Total_loss	: 0.0560
MMD_loss	: 3.6953
Src_reg_loss	: 0.0190
-------------------------------------
[Epoch : 467/500]
Total_loss	: 0.0559
MMD_loss	: 3.6926
Src_reg_loss	: 0.0190
-------------------------------------
[Epoch : 468/500]
Total_loss	: 0.0559
MMD_loss	: 3.6899
Src_reg_loss	: 0.0190
-------------------------------------
[Epoch : 469/500]
Total_loss	: 0.0558
MMD_loss	: 3.6872
Src_reg_loss	: 0.0190
-------------------------------------
[Epoch : 470/500]
Total_loss	: 0.0558
MMD_loss	: 3.6845
Src_reg_loss	: 0.0190
-------------------------------------
[Epoch : 471/500]
Total_loss	: 0.0558
MMD_loss	: 3.6818
Src_reg_loss	: 0.0189
-------------------------------------
[Epoch : 472/500]
Total_loss	: 0.0557
MMD_loss	: 3.6792
Src_reg_loss	: 0.0189
-------------------------------------
[Epoch : 473/500]
Total_loss	: 0.0557
MMD_loss	: 3.6765
Src_reg_loss	: 0.0189
-------------------------------------
[Epoch : 474/500]
Total_loss	: 0.0556
MMD_loss	: 3.6738
Src_reg_loss	: 0.0189
-------------------------------------
[Epoch : 475/500]
Total_loss	: 0.0556
MMD_loss	: 3.6712
Src_reg_loss	: 0.0189
-------------------------------------
[Epoch : 476/500]
Total_loss	: 0.0555
MMD_loss	: 3.6685
Src_reg_loss	: 0.0188
-------------------------------------
[Epoch : 477/500]
Total_loss	: 0.0555
MMD_loss	: 3.6659
Src_reg_loss	: 0.0188
-------------------------------------
[Epoch : 478/500]
Total_loss	: 0.0554
MMD_loss	: 3.6633
Src_reg_loss	: 0.0188
-------------------------------------
[Epoch : 479/500]
Total_loss	: 0.0554
MMD_loss	: 3.6606
Src_reg_loss	: 0.0188
-------------------------------------
[Epoch : 480/500]
Total_loss	: 0.0553
MMD_loss	: 3.6580
Src_reg_loss	: 0.0188
-------------------------------------
[Epoch : 481/500]
Total_loss	: 0.0553
MMD_loss	: 3.6554
Src_reg_loss	: 0.0187
-------------------------------------
[Epoch : 482/500]
Total_loss	: 0.0552
MMD_loss	: 3.6528
Src_reg_loss	: 0.0187
-------------------------------------
[Epoch : 483/500]
Total_loss	: 0.0552
MMD_loss	: 3.6502
Src_reg_loss	: 0.0187
-------------------------------------
[Epoch : 484/500]
Total_loss	: 0.0552
MMD_loss	: 3.6476
Src_reg_loss	: 0.0187
-------------------------------------
[Epoch : 485/500]
Total_loss	: 0.0551
MMD_loss	: 3.6450
Src_reg_loss	: 0.0187
-------------------------------------
[Epoch : 486/500]
Total_loss	: 0.0551
MMD_loss	: 3.6424
Src_reg_loss	: 0.0186
-------------------------------------
[Epoch : 487/500]
Total_loss	: 0.0550
MMD_loss	: 3.6399
Src_reg_loss	: 0.0186
-------------------------------------
[Epoch : 488/500]
Total_loss	: 0.0550
MMD_loss	: 3.6373
Src_reg_loss	: 0.0186
-------------------------------------
[Epoch : 489/500]
Total_loss	: 0.0549
MMD_loss	: 3.6348
Src_reg_loss	: 0.0186
-------------------------------------
[Epoch : 490/500]
Total_loss	: 0.0549
MMD_loss	: 3.6322
Src_reg_loss	: 0.0186
-------------------------------------
[Epoch : 491/500]
Total_loss	: 0.0548
MMD_loss	: 3.6297
Src_reg_loss	: 0.0185
-------------------------------------
[Epoch : 492/500]
Total_loss	: 0.0548
MMD_loss	: 3.6271
Src_reg_loss	: 0.0185
-------------------------------------
[Epoch : 493/500]
Total_loss	: 0.0547
MMD_loss	: 3.6246
Src_reg_loss	: 0.0185
-------------------------------------
[Epoch : 494/500]
Total_loss	: 0.0547
MMD_loss	: 3.6221
Src_reg_loss	: 0.0185
-------------------------------------
[Epoch : 495/500]
Total_loss	: 0.0547
MMD_loss	: 3.6196
Src_reg_loss	: 0.0185
-------------------------------------
[Epoch : 496/500]
Total_loss	: 0.0546
MMD_loss	: 3.6171
Src_reg_loss	: 0.0184
-------------------------------------
[Epoch : 497/500]
Total_loss	: 0.0546
MMD_loss	: 3.6146
Src_reg_loss	: 0.0184
-------------------------------------
[Epoch : 498/500]
Total_loss	: 0.0545
MMD_loss	: 3.6121
Src_reg_loss	: 0.0184
-------------------------------------
[Epoch : 499/500]
Total_loss	: 0.0545
MMD_loss	: 3.6096
Src_reg_loss	: 0.0184
-------------------------------------
[Epoch : 500/500]
Total_loss	: 0.0544
MMD_loss	: 3.6071
Src_reg_loss	: 0.0184
-------------------------------------
