=============================================
Dataset: Airbox
Method:  AirDA
=============================================
Source: 0 ---> Target: 7
=============================================
[Epoch : 1/500]
Total_loss	: 0.3601
MMD_loss	: 5.1651
cond_ent_wt	: 4.8493
Src_reg_loss	: 0.2600
-------------------------------------
[Epoch : 2/500]
Total_loss	: 0.3481
MMD_loss	: 5.1636
cond_ent_wt	: 4.8492
Src_reg_loss	: 0.2480
-------------------------------------
[Epoch : 3/500]
Total_loss	: 0.3366
MMD_loss	: 5.1580
cond_ent_wt	: 4.8490
Src_reg_loss	: 0.2365
-------------------------------------
[Epoch : 4/500]
Total_loss	: 0.3253
MMD_loss	: 5.1481
cond_ent_wt	: 4.8488
Src_reg_loss	: 0.2253
-------------------------------------
[Epoch : 5/500]
Total_loss	: 0.3137
MMD_loss	: 5.1334
cond_ent_wt	: 4.8485
Src_reg_loss	: 0.2139
-------------------------------------
[Epoch : 6/500]
Total_loss	: 0.3019
MMD_loss	: 5.1133
cond_ent_wt	: 4.8482
Src_reg_loss	: 0.2023
-------------------------------------
[Epoch : 7/500]
Total_loss	: 0.2897
MMD_loss	: 5.0870
cond_ent_wt	: 4.8477
Src_reg_loss	: 0.1903
-------------------------------------
[Epoch : 8/500]
Total_loss	: 0.2772
MMD_loss	: 5.0533
cond_ent_wt	: 4.8471
Src_reg_loss	: 0.1782
-------------------------------------
[Epoch : 9/500]
Total_loss	: 0.2648
MMD_loss	: 5.0112
cond_ent_wt	: 4.8464
Src_reg_loss	: 0.1662
-------------------------------------
[Epoch : 10/500]
Total_loss	: 0.2527
MMD_loss	: 4.9599
cond_ent_wt	: 4.8454
Src_reg_loss	: 0.1546
-------------------------------------
[Epoch : 11/500]
Total_loss	: 0.2416
MMD_loss	: 4.9002
cond_ent_wt	: 4.8442
Src_reg_loss	: 0.1441
-------------------------------------
[Epoch : 12/500]
Total_loss	: 0.2322
MMD_loss	: 4.8370
cond_ent_wt	: 4.8427
Src_reg_loss	: 0.1354
-------------------------------------
[Epoch : 13/500]
Total_loss	: 0.2244
MMD_loss	: 4.7795
cond_ent_wt	: 4.8413
Src_reg_loss	: 0.1281
-------------------------------------
[Epoch : 14/500]
Total_loss	: 0.2175
MMD_loss	: 4.7342
cond_ent_wt	: 4.8402
Src_reg_loss	: 0.1218
-------------------------------------
[Epoch : 15/500]
Total_loss	: 0.2115
MMD_loss	: 4.7023
cond_ent_wt	: 4.8393
Src_reg_loss	: 0.1161
-------------------------------------
[Epoch : 16/500]
Total_loss	: 0.2062
MMD_loss	: 4.6810
cond_ent_wt	: 4.8386
Src_reg_loss	: 0.1111
-------------------------------------
[Epoch : 17/500]
Total_loss	: 0.2017
MMD_loss	: 4.6667
cond_ent_wt	: 4.8381
Src_reg_loss	: 0.1066
-------------------------------------
[Epoch : 18/500]
Total_loss	: 0.1976
MMD_loss	: 4.6569
cond_ent_wt	: 4.8377
Src_reg_loss	: 0.1027
-------------------------------------
[Epoch : 19/500]
Total_loss	: 0.1940
MMD_loss	: 4.6495
cond_ent_wt	: 4.8373
Src_reg_loss	: 0.0992
-------------------------------------
[Epoch : 20/500]
Total_loss	: 0.1908
MMD_loss	: 4.6437
cond_ent_wt	: 4.8369
Src_reg_loss	: 0.0960
-------------------------------------
[Epoch : 21/500]
Total_loss	: 0.1878
MMD_loss	: 4.6392
cond_ent_wt	: 4.8365
Src_reg_loss	: 0.0931
-------------------------------------
[Epoch : 22/500]
Total_loss	: 0.1851
MMD_loss	: 4.6363
cond_ent_wt	: 4.8361
Src_reg_loss	: 0.0904
-------------------------------------
[Epoch : 23/500]
Total_loss	: 0.1827
MMD_loss	: 4.6351
cond_ent_wt	: 4.8358
Src_reg_loss	: 0.0880
-------------------------------------
[Epoch : 24/500]
Total_loss	: 0.1805
MMD_loss	: 4.6356
cond_ent_wt	: 4.8355
Src_reg_loss	: 0.0858
-------------------------------------
[Epoch : 25/500]
Total_loss	: 0.1784
MMD_loss	: 4.6377
cond_ent_wt	: 4.8352
Src_reg_loss	: 0.0837
-------------------------------------
[Epoch : 26/500]
Total_loss	: 0.1765
MMD_loss	: 4.6411
cond_ent_wt	: 4.8350
Src_reg_loss	: 0.0818
-------------------------------------
[Epoch : 27/500]
Total_loss	: 0.1748
MMD_loss	: 4.6455
cond_ent_wt	: 4.8347
Src_reg_loss	: 0.0800
-------------------------------------
[Epoch : 28/500]
Total_loss	: 0.1732
MMD_loss	: 4.6506
cond_ent_wt	: 4.8345
Src_reg_loss	: 0.0783
-------------------------------------
[Epoch : 29/500]
Total_loss	: 0.1717
MMD_loss	: 4.6562
cond_ent_wt	: 4.8343
Src_reg_loss	: 0.0768
-------------------------------------
[Epoch : 30/500]
Total_loss	: 0.1703
MMD_loss	: 4.6621
cond_ent_wt	: 4.8342
Src_reg_loss	: 0.0753
-------------------------------------
[Epoch : 31/500]
Total_loss	: 0.1690
MMD_loss	: 4.6683
cond_ent_wt	: 4.8340
Src_reg_loss	: 0.0740
-------------------------------------
[Epoch : 32/500]
Total_loss	: 0.1678
MMD_loss	: 4.6747
cond_ent_wt	: 4.8338
Src_reg_loss	: 0.0727
-------------------------------------
[Epoch : 33/500]
Total_loss	: 0.1666
MMD_loss	: 4.6811
cond_ent_wt	: 4.8337
Src_reg_loss	: 0.0715
-------------------------------------
[Epoch : 34/500]
Total_loss	: 0.1655
MMD_loss	: 4.6874
cond_ent_wt	: 4.8335
Src_reg_loss	: 0.0703
-------------------------------------
[Epoch : 35/500]
Total_loss	: 0.1645
MMD_loss	: 4.6934
cond_ent_wt	: 4.8334
Src_reg_loss	: 0.0692
-------------------------------------
[Epoch : 36/500]
Total_loss	: 0.1635
MMD_loss	: 4.6989
cond_ent_wt	: 4.8333
Src_reg_loss	: 0.0682
-------------------------------------
[Epoch : 37/500]
Total_loss	: 0.1626
MMD_loss	: 4.7038
cond_ent_wt	: 4.8332
Src_reg_loss	: 0.0672
-------------------------------------
[Epoch : 38/500]
Total_loss	: 0.1617
MMD_loss	: 4.7078
cond_ent_wt	: 4.8330
Src_reg_loss	: 0.0662
-------------------------------------
[Epoch : 39/500]
Total_loss	: 0.1608
MMD_loss	: 4.7110
cond_ent_wt	: 4.8329
Src_reg_loss	: 0.0654
-------------------------------------
[Epoch : 40/500]
Total_loss	: 0.1600
MMD_loss	: 4.7130
cond_ent_wt	: 4.8328
Src_reg_loss	: 0.0645
-------------------------------------
[Epoch : 41/500]
Total_loss	: 0.1591
MMD_loss	: 4.7139
cond_ent_wt	: 4.8327
Src_reg_loss	: 0.0637
-------------------------------------
[Epoch : 42/500]
Total_loss	: 0.1583
MMD_loss	: 4.7135
cond_ent_wt	: 4.8327
Src_reg_loss	: 0.0629
-------------------------------------
[Epoch : 43/500]
Total_loss	: 0.1576
MMD_loss	: 4.7118
cond_ent_wt	: 4.8326
Src_reg_loss	: 0.0621
-------------------------------------
[Epoch : 44/500]
Total_loss	: 0.1568
MMD_loss	: 4.7088
cond_ent_wt	: 4.8325
Src_reg_loss	: 0.0614
-------------------------------------
[Epoch : 45/500]
Total_loss	: 0.1561
MMD_loss	: 4.7045
cond_ent_wt	: 4.8324
Src_reg_loss	: 0.0607
-------------------------------------
[Epoch : 46/500]
Total_loss	: 0.1553
MMD_loss	: 4.6989
cond_ent_wt	: 4.8324
Src_reg_loss	: 0.0600
-------------------------------------
[Epoch : 47/500]
Total_loss	: 0.1546
MMD_loss	: 4.6920
cond_ent_wt	: 4.8323
Src_reg_loss	: 0.0594
-------------------------------------
[Epoch : 48/500]
Total_loss	: 0.1539
MMD_loss	: 4.6840
cond_ent_wt	: 4.8322
Src_reg_loss	: 0.0587
-------------------------------------
[Epoch : 49/500]
Total_loss	: 0.1532
MMD_loss	: 4.6748
cond_ent_wt	: 4.8322
Src_reg_loss	: 0.0581
-------------------------------------
[Epoch : 50/500]
Total_loss	: 0.1525
MMD_loss	: 4.6645
cond_ent_wt	: 4.8321
Src_reg_loss	: 0.0575
-------------------------------------
[Epoch : 51/500]
Total_loss	: 0.1518
MMD_loss	: 4.6532
cond_ent_wt	: 4.8321
Src_reg_loss	: 0.0569
-------------------------------------
[Epoch : 52/500]
Total_loss	: 0.1511
MMD_loss	: 4.6411
cond_ent_wt	: 4.8320
Src_reg_loss	: 0.0564
-------------------------------------
[Epoch : 53/500]
Total_loss	: 0.1504
MMD_loss	: 4.6281
cond_ent_wt	: 4.8320
Src_reg_loss	: 0.0558
-------------------------------------
[Epoch : 54/500]
Total_loss	: 0.1498
MMD_loss	: 4.6144
cond_ent_wt	: 4.8319
Src_reg_loss	: 0.0553
-------------------------------------
[Epoch : 55/500]
Total_loss	: 0.1491
MMD_loss	: 4.6001
cond_ent_wt	: 4.8319
Src_reg_loss	: 0.0548
-------------------------------------
[Epoch : 56/500]
Total_loss	: 0.1485
MMD_loss	: 4.5852
cond_ent_wt	: 4.8318
Src_reg_loss	: 0.0543
-------------------------------------
[Epoch : 57/500]
Total_loss	: 0.1478
MMD_loss	: 4.5698
cond_ent_wt	: 4.8318
Src_reg_loss	: 0.0538
-------------------------------------
[Epoch : 58/500]
Total_loss	: 0.1472
MMD_loss	: 4.5541
cond_ent_wt	: 4.8317
Src_reg_loss	: 0.0533
-------------------------------------
[Epoch : 59/500]
Total_loss	: 0.1465
MMD_loss	: 4.5381
cond_ent_wt	: 4.8317
Src_reg_loss	: 0.0528
-------------------------------------
[Epoch : 60/500]
Total_loss	: 0.1459
MMD_loss	: 4.5219
cond_ent_wt	: 4.8317
Src_reg_loss	: 0.0524
-------------------------------------
[Epoch : 61/500]
Total_loss	: 0.1453
MMD_loss	: 4.5056
cond_ent_wt	: 4.8316
Src_reg_loss	: 0.0519
-------------------------------------
[Epoch : 62/500]
Total_loss	: 0.1447
MMD_loss	: 4.4894
cond_ent_wt	: 4.8316
Src_reg_loss	: 0.0515
-------------------------------------
[Epoch : 63/500]
Total_loss	: 0.1441
MMD_loss	: 4.4733
cond_ent_wt	: 4.8315
Src_reg_loss	: 0.0511
-------------------------------------
[Epoch : 64/500]
Total_loss	: 0.1435
MMD_loss	: 4.4574
cond_ent_wt	: 4.8315
Src_reg_loss	: 0.0506
-------------------------------------
[Epoch : 65/500]
Total_loss	: 0.1430
MMD_loss	: 4.4417
cond_ent_wt	: 4.8314
Src_reg_loss	: 0.0502
-------------------------------------
[Epoch : 66/500]
Total_loss	: 0.1424
MMD_loss	: 4.4264
cond_ent_wt	: 4.8314
Src_reg_loss	: 0.0498
-------------------------------------
[Epoch : 67/500]
Total_loss	: 0.1419
MMD_loss	: 4.4114
cond_ent_wt	: 4.8313
Src_reg_loss	: 0.0494
-------------------------------------
[Epoch : 68/500]
Total_loss	: 0.1413
MMD_loss	: 4.3969
cond_ent_wt	: 4.8313
Src_reg_loss	: 0.0490
-------------------------------------
[Epoch : 69/500]
Total_loss	: 0.1408
MMD_loss	: 4.3829
cond_ent_wt	: 4.8312
Src_reg_loss	: 0.0487
-------------------------------------
[Epoch : 70/500]
Total_loss	: 0.1403
MMD_loss	: 4.3693
cond_ent_wt	: 4.8312
Src_reg_loss	: 0.0483
-------------------------------------
[Epoch : 71/500]
Total_loss	: 0.1398
MMD_loss	: 4.3562
cond_ent_wt	: 4.8311
Src_reg_loss	: 0.0479
-------------------------------------
[Epoch : 72/500]
Total_loss	: 0.1393
MMD_loss	: 4.3437
cond_ent_wt	: 4.8311
Src_reg_loss	: 0.0476
-------------------------------------
[Epoch : 73/500]
Total_loss	: 0.1389
MMD_loss	: 4.3316
cond_ent_wt	: 4.8310
Src_reg_loss	: 0.0472
-------------------------------------
[Epoch : 74/500]
Total_loss	: 0.1384
MMD_loss	: 4.3201
cond_ent_wt	: 4.8309
Src_reg_loss	: 0.0469
-------------------------------------
[Epoch : 75/500]
Total_loss	: 0.1380
MMD_loss	: 4.3092
cond_ent_wt	: 4.8308
Src_reg_loss	: 0.0466
-------------------------------------
[Epoch : 76/500]
Total_loss	: 0.1375
MMD_loss	: 4.2987
cond_ent_wt	: 4.8308
Src_reg_loss	: 0.0462
-------------------------------------
[Epoch : 77/500]
Total_loss	: 0.1371
MMD_loss	: 4.2887
cond_ent_wt	: 4.8307
Src_reg_loss	: 0.0459
-------------------------------------
[Epoch : 78/500]
Total_loss	: 0.1367
MMD_loss	: 4.2793
cond_ent_wt	: 4.8306
Src_reg_loss	: 0.0456
-------------------------------------
[Epoch : 79/500]
Total_loss	: 0.1363
MMD_loss	: 4.2703
cond_ent_wt	: 4.8305
Src_reg_loss	: 0.0453
-------------------------------------
[Epoch : 80/500]
Total_loss	: 0.1359
MMD_loss	: 4.2618
cond_ent_wt	: 4.8305
Src_reg_loss	: 0.0450
-------------------------------------
[Epoch : 81/500]
Total_loss	: 0.1356
MMD_loss	: 4.2538
cond_ent_wt	: 4.8304
Src_reg_loss	: 0.0447
-------------------------------------
[Epoch : 82/500]
Total_loss	: 0.1352
MMD_loss	: 4.2462
cond_ent_wt	: 4.8303
Src_reg_loss	: 0.0444
-------------------------------------
[Epoch : 83/500]
Total_loss	: 0.1348
MMD_loss	: 4.2391
cond_ent_wt	: 4.8302
Src_reg_loss	: 0.0441
-------------------------------------
[Epoch : 84/500]
Total_loss	: 0.1345
MMD_loss	: 4.2323
cond_ent_wt	: 4.8301
Src_reg_loss	: 0.0439
-------------------------------------
[Epoch : 85/500]
Total_loss	: 0.1341
MMD_loss	: 4.2260
cond_ent_wt	: 4.8300
Src_reg_loss	: 0.0436
-------------------------------------
[Epoch : 86/500]
Total_loss	: 0.1338
MMD_loss	: 4.2200
cond_ent_wt	: 4.8299
Src_reg_loss	: 0.0433
-------------------------------------
[Epoch : 87/500]
Total_loss	: 0.1335
MMD_loss	: 4.2144
cond_ent_wt	: 4.8298
Src_reg_loss	: 0.0430
-------------------------------------
[Epoch : 88/500]
Total_loss	: 0.1332
MMD_loss	: 4.2092
cond_ent_wt	: 4.8297
Src_reg_loss	: 0.0428
-------------------------------------
[Epoch : 89/500]
Total_loss	: 0.1329
MMD_loss	: 4.2043
cond_ent_wt	: 4.8296
Src_reg_loss	: 0.0425
-------------------------------------
[Epoch : 90/500]
Total_loss	: 0.1326
MMD_loss	: 4.1997
cond_ent_wt	: 4.8295
Src_reg_loss	: 0.0423
-------------------------------------
[Epoch : 91/500]
Total_loss	: 0.1323
MMD_loss	: 4.1955
cond_ent_wt	: 4.8294
Src_reg_loss	: 0.0420
-------------------------------------
[Epoch : 92/500]
Total_loss	: 0.1320
MMD_loss	: 4.1916
cond_ent_wt	: 4.8294
Src_reg_loss	: 0.0418
-------------------------------------
[Epoch : 93/500]
Total_loss	: 0.1317
MMD_loss	: 4.1880
cond_ent_wt	: 4.8293
Src_reg_loss	: 0.0415
-------------------------------------
[Epoch : 94/500]
Total_loss	: 0.1314
MMD_loss	: 4.1847
cond_ent_wt	: 4.8292
Src_reg_loss	: 0.0413
-------------------------------------
[Epoch : 95/500]
Total_loss	: 0.1312
MMD_loss	: 4.1817
cond_ent_wt	: 4.8291
Src_reg_loss	: 0.0411
-------------------------------------
[Epoch : 96/500]
Total_loss	: 0.1309
MMD_loss	: 4.1790
cond_ent_wt	: 4.8290
Src_reg_loss	: 0.0408
-------------------------------------
[Epoch : 97/500]
Total_loss	: 0.1306
MMD_loss	: 4.1766
cond_ent_wt	: 4.8289
Src_reg_loss	: 0.0406
-------------------------------------
[Epoch : 98/500]
Total_loss	: 0.1304
MMD_loss	: 4.1745
cond_ent_wt	: 4.8288
Src_reg_loss	: 0.0404
-------------------------------------
[Epoch : 99/500]
Total_loss	: 0.1301
MMD_loss	: 4.1726
cond_ent_wt	: 4.8287
Src_reg_loss	: 0.0401
-------------------------------------
[Epoch : 100/500]
Total_loss	: 0.1299
MMD_loss	: 4.1711
cond_ent_wt	: 4.8286
Src_reg_loss	: 0.0399
-------------------------------------
[Epoch : 101/500]
Total_loss	: 0.1297
MMD_loss	: 4.1698
cond_ent_wt	: 4.8284
Src_reg_loss	: 0.0397
-------------------------------------
[Epoch : 102/500]
Total_loss	: 0.1294
MMD_loss	: 4.1688
cond_ent_wt	: 4.8283
Src_reg_loss	: 0.0395
-------------------------------------
[Epoch : 103/500]
Total_loss	: 0.1292
MMD_loss	: 4.1681
cond_ent_wt	: 4.8282
Src_reg_loss	: 0.0393
-------------------------------------
[Epoch : 104/500]
Total_loss	: 0.1290
MMD_loss	: 4.1677
cond_ent_wt	: 4.8281
Src_reg_loss	: 0.0390
-------------------------------------
[Epoch : 105/500]
Total_loss	: 0.1288
MMD_loss	: 4.1675
cond_ent_wt	: 4.8280
Src_reg_loss	: 0.0388
-------------------------------------
[Epoch : 106/500]
Total_loss	: 0.1286
MMD_loss	: 4.1676
cond_ent_wt	: 4.8279
Src_reg_loss	: 0.0386
-------------------------------------
[Epoch : 107/500]
Total_loss	: 0.1284
MMD_loss	: 4.1680
cond_ent_wt	: 4.8278
Src_reg_loss	: 0.0384
-------------------------------------
[Epoch : 108/500]
Total_loss	: 0.1282
MMD_loss	: 4.1687
cond_ent_wt	: 4.8277
Src_reg_loss	: 0.0382
-------------------------------------
[Epoch : 109/500]
Total_loss	: 0.1280
MMD_loss	: 4.1696
cond_ent_wt	: 4.8276
Src_reg_loss	: 0.0380
-------------------------------------
[Epoch : 110/500]
Total_loss	: 0.1278
MMD_loss	: 4.1708
cond_ent_wt	: 4.8275
Src_reg_loss	: 0.0378
-------------------------------------
[Epoch : 111/500]
Total_loss	: 0.1276
MMD_loss	: 4.1722
cond_ent_wt	: 4.8274
Src_reg_loss	: 0.0376
-------------------------------------
[Epoch : 112/500]
Total_loss	: 0.1274
MMD_loss	: 4.1740
cond_ent_wt	: 4.8272
Src_reg_loss	: 0.0374
-------------------------------------
[Epoch : 113/500]
Total_loss	: 0.1273
MMD_loss	: 4.1759
cond_ent_wt	: 4.8271
Src_reg_loss	: 0.0372
-------------------------------------
[Epoch : 114/500]
Total_loss	: 0.1271
MMD_loss	: 4.1782
cond_ent_wt	: 4.8270
Src_reg_loss	: 0.0370
-------------------------------------
[Epoch : 115/500]
Total_loss	: 0.1269
MMD_loss	: 4.1807
cond_ent_wt	: 4.8269
Src_reg_loss	: 0.0368
-------------------------------------
[Epoch : 116/500]
Total_loss	: 0.1268
MMD_loss	: 4.1835
cond_ent_wt	: 4.8268
Src_reg_loss	: 0.0367
-------------------------------------
[Epoch : 117/500]
Total_loss	: 0.1266
MMD_loss	: 4.1866
cond_ent_wt	: 4.8266
Src_reg_loss	: 0.0365
-------------------------------------
[Epoch : 118/500]
Total_loss	: 0.1264
MMD_loss	: 4.1899
cond_ent_wt	: 4.8265
Src_reg_loss	: 0.0363
-------------------------------------
[Epoch : 119/500]
Total_loss	: 0.1263
MMD_loss	: 4.1935
cond_ent_wt	: 4.8264
Src_reg_loss	: 0.0361
-------------------------------------
[Epoch : 120/500]
Total_loss	: 0.1261
MMD_loss	: 4.1974
cond_ent_wt	: 4.8263
Src_reg_loss	: 0.0359
-------------------------------------
[Epoch : 121/500]
Total_loss	: 0.1260
MMD_loss	: 4.2015
cond_ent_wt	: 4.8261
Src_reg_loss	: 0.0357
-------------------------------------
[Epoch : 122/500]
Total_loss	: 0.1259
MMD_loss	: 4.2059
cond_ent_wt	: 4.8260
Src_reg_loss	: 0.0356
-------------------------------------
[Epoch : 123/500]
Total_loss	: 0.1257
MMD_loss	: 4.2106
cond_ent_wt	: 4.8259
Src_reg_loss	: 0.0354
-------------------------------------
[Epoch : 124/500]
Total_loss	: 0.1256
MMD_loss	: 4.2155
cond_ent_wt	: 4.8257
Src_reg_loss	: 0.0352
-------------------------------------
[Epoch : 125/500]
Total_loss	: 0.1255
MMD_loss	: 4.2206
cond_ent_wt	: 4.8256
Src_reg_loss	: 0.0350
-------------------------------------
[Epoch : 126/500]
Total_loss	: 0.1254
MMD_loss	: 4.2260
cond_ent_wt	: 4.8255
Src_reg_loss	: 0.0348
-------------------------------------
[Epoch : 127/500]
Total_loss	: 0.1252
MMD_loss	: 4.2316
cond_ent_wt	: 4.8253
Src_reg_loss	: 0.0347
-------------------------------------
[Epoch : 128/500]
Total_loss	: 0.1251
MMD_loss	: 4.2374
cond_ent_wt	: 4.8252
Src_reg_loss	: 0.0345
-------------------------------------
[Epoch : 129/500]
Total_loss	: 0.1250
MMD_loss	: 4.2434
cond_ent_wt	: 4.8251
Src_reg_loss	: 0.0343
-------------------------------------
[Epoch : 130/500]
Total_loss	: 0.1249
MMD_loss	: 4.2496
cond_ent_wt	: 4.8249
Src_reg_loss	: 0.0342
-------------------------------------
[Epoch : 131/500]
Total_loss	: 0.1248
MMD_loss	: 4.2560
cond_ent_wt	: 4.8248
Src_reg_loss	: 0.0340
-------------------------------------
[Epoch : 132/500]
Total_loss	: 0.1247
MMD_loss	: 4.2625
cond_ent_wt	: 4.8246
Src_reg_loss	: 0.0338
-------------------------------------
[Epoch : 133/500]
Total_loss	: 0.1246
MMD_loss	: 4.2692
cond_ent_wt	: 4.8245
Src_reg_loss	: 0.0337
-------------------------------------
[Epoch : 134/500]
Total_loss	: 0.1245
MMD_loss	: 4.2761
cond_ent_wt	: 4.8243
Src_reg_loss	: 0.0335
-------------------------------------
[Epoch : 135/500]
Total_loss	: 0.1244
MMD_loss	: 4.2831
cond_ent_wt	: 4.8242
Src_reg_loss	: 0.0333
-------------------------------------
[Epoch : 136/500]
Total_loss	: 0.1243
MMD_loss	: 4.2901
cond_ent_wt	: 4.8240
Src_reg_loss	: 0.0332
-------------------------------------
[Epoch : 137/500]
Total_loss	: 0.1242
MMD_loss	: 4.2973
cond_ent_wt	: 4.8239
Src_reg_loss	: 0.0330
-------------------------------------
[Epoch : 138/500]
Total_loss	: 0.1242
MMD_loss	: 4.3045
cond_ent_wt	: 4.8237
Src_reg_loss	: 0.0329
-------------------------------------
[Epoch : 139/500]
Total_loss	: 0.1241
MMD_loss	: 4.3118
cond_ent_wt	: 4.8235
Src_reg_loss	: 0.0327
-------------------------------------
[Epoch : 140/500]
Total_loss	: 0.1240
MMD_loss	: 4.3192
cond_ent_wt	: 4.8234
Src_reg_loss	: 0.0326
-------------------------------------
[Epoch : 141/500]
Total_loss	: 0.1239
MMD_loss	: 4.3265
cond_ent_wt	: 4.8232
Src_reg_loss	: 0.0324
-------------------------------------
[Epoch : 142/500]
Total_loss	: 0.1238
MMD_loss	: 4.3339
cond_ent_wt	: 4.8231
Src_reg_loss	: 0.0323
-------------------------------------
[Epoch : 143/500]
Total_loss	: 0.1238
MMD_loss	: 4.3413
cond_ent_wt	: 4.8229
Src_reg_loss	: 0.0321
-------------------------------------
[Epoch : 144/500]
Total_loss	: 0.1237
MMD_loss	: 4.3487
cond_ent_wt	: 4.8227
Src_reg_loss	: 0.0320
-------------------------------------
[Epoch : 145/500]
Total_loss	: 0.1236
MMD_loss	: 4.3561
cond_ent_wt	: 4.8226
Src_reg_loss	: 0.0318
-------------------------------------
[Epoch : 146/500]
Total_loss	: 0.1236
MMD_loss	: 4.3634
cond_ent_wt	: 4.8224
Src_reg_loss	: 0.0317
-------------------------------------
[Epoch : 147/500]
Total_loss	: 0.1235
MMD_loss	: 4.3708
cond_ent_wt	: 4.8223
Src_reg_loss	: 0.0316
-------------------------------------
[Epoch : 148/500]
Total_loss	: 0.1234
MMD_loss	: 4.3780
cond_ent_wt	: 4.8221
Src_reg_loss	: 0.0314
-------------------------------------
[Epoch : 149/500]
Total_loss	: 0.1234
MMD_loss	: 4.3852
cond_ent_wt	: 4.8220
Src_reg_loss	: 0.0313
-------------------------------------
[Epoch : 150/500]
Total_loss	: 0.1233
MMD_loss	: 4.3924
cond_ent_wt	: 4.8218
Src_reg_loss	: 0.0312
-------------------------------------
[Epoch : 151/500]
Total_loss	: 0.1232
MMD_loss	: 4.3995
cond_ent_wt	: 4.8217
Src_reg_loss	: 0.0310
-------------------------------------
[Epoch : 152/500]
Total_loss	: 0.1232
MMD_loss	: 4.4065
cond_ent_wt	: 4.8215
Src_reg_loss	: 0.0309
-------------------------------------
[Epoch : 153/500]
Total_loss	: 0.1231
MMD_loss	: 4.4135
cond_ent_wt	: 4.8213
Src_reg_loss	: 0.0308
-------------------------------------
[Epoch : 154/500]
Total_loss	: 0.1231
MMD_loss	: 4.4204
cond_ent_wt	: 4.8212
Src_reg_loss	: 0.0306
-------------------------------------
[Epoch : 155/500]
Total_loss	: 0.1230
MMD_loss	: 4.4273
cond_ent_wt	: 4.8210
Src_reg_loss	: 0.0305
-------------------------------------
[Epoch : 156/500]
Total_loss	: 0.1229
MMD_loss	: 4.4341
cond_ent_wt	: 4.8209
Src_reg_loss	: 0.0304
-------------------------------------
[Epoch : 157/500]
Total_loss	: 0.1229
MMD_loss	: 4.4408
cond_ent_wt	: 4.8208
Src_reg_loss	: 0.0303
-------------------------------------
[Epoch : 158/500]
Total_loss	: 0.1228
MMD_loss	: 4.4474
cond_ent_wt	: 4.8206
Src_reg_loss	: 0.0302
-------------------------------------
[Epoch : 159/500]
Total_loss	: 0.1228
MMD_loss	: 4.4540
cond_ent_wt	: 4.8205
Src_reg_loss	: 0.0300
-------------------------------------
[Epoch : 160/500]
Total_loss	: 0.1227
MMD_loss	: 4.4605
cond_ent_wt	: 4.8203
Src_reg_loss	: 0.0299
-------------------------------------
[Epoch : 161/500]
Total_loss	: 0.1227
MMD_loss	: 4.4669
cond_ent_wt	: 4.8202
Src_reg_loss	: 0.0298
-------------------------------------
[Epoch : 162/500]
Total_loss	: 0.1226
MMD_loss	: 4.4733
cond_ent_wt	: 4.8200
Src_reg_loss	: 0.0297
-------------------------------------
[Epoch : 163/500]
Total_loss	: 0.1226
MMD_loss	: 4.4796
cond_ent_wt	: 4.8199
Src_reg_loss	: 0.0296
-------------------------------------
[Epoch : 164/500]
Total_loss	: 0.1225
MMD_loss	: 4.4859
cond_ent_wt	: 4.8197
Src_reg_loss	: 0.0295
-------------------------------------
[Epoch : 165/500]
Total_loss	: 0.1225
MMD_loss	: 4.4920
cond_ent_wt	: 4.8196
Src_reg_loss	: 0.0293
-------------------------------------
[Epoch : 166/500]
Total_loss	: 0.1224
MMD_loss	: 4.4981
cond_ent_wt	: 4.8195
Src_reg_loss	: 0.0292
-------------------------------------
[Epoch : 167/500]
Total_loss	: 0.1224
MMD_loss	: 4.5042
cond_ent_wt	: 4.8193
Src_reg_loss	: 0.0291
-------------------------------------
[Epoch : 168/500]
Total_loss	: 0.1223
MMD_loss	: 4.5102
cond_ent_wt	: 4.8192
Src_reg_loss	: 0.0290
-------------------------------------
[Epoch : 169/500]
Total_loss	: 0.1223
MMD_loss	: 4.5161
cond_ent_wt	: 4.8190
Src_reg_loss	: 0.0289
-------------------------------------
[Epoch : 170/500]
Total_loss	: 0.1222
MMD_loss	: 4.5219
cond_ent_wt	: 4.8189
Src_reg_loss	: 0.0288
-------------------------------------
[Epoch : 171/500]
Total_loss	: 0.1222
MMD_loss	: 4.5277
cond_ent_wt	: 4.8188
Src_reg_loss	: 0.0287
-------------------------------------
[Epoch : 172/500]
Total_loss	: 0.1221
MMD_loss	: 4.5335
cond_ent_wt	: 4.8186
Src_reg_loss	: 0.0286
-------------------------------------
[Epoch : 173/500]
Total_loss	: 0.1221
MMD_loss	: 4.5391
cond_ent_wt	: 4.8185
Src_reg_loss	: 0.0285
-------------------------------------
[Epoch : 174/500]
Total_loss	: 0.1220
MMD_loss	: 4.5448
cond_ent_wt	: 4.8184
Src_reg_loss	: 0.0284
-------------------------------------
[Epoch : 175/500]
Total_loss	: 0.1220
MMD_loss	: 4.5503
cond_ent_wt	: 4.8182
Src_reg_loss	: 0.0283
-------------------------------------
[Epoch : 176/500]
Total_loss	: 0.1219
MMD_loss	: 4.5558
cond_ent_wt	: 4.8181
Src_reg_loss	: 0.0282
-------------------------------------
[Epoch : 177/500]
Total_loss	: 0.1219
MMD_loss	: 4.5613
cond_ent_wt	: 4.8180
Src_reg_loss	: 0.0281
-------------------------------------
[Epoch : 178/500]
Total_loss	: 0.1218
MMD_loss	: 4.5667
cond_ent_wt	: 4.8178
Src_reg_loss	: 0.0280
-------------------------------------
[Epoch : 179/500]
Total_loss	: 0.1218
MMD_loss	: 4.5720
cond_ent_wt	: 4.8177
Src_reg_loss	: 0.0279
-------------------------------------
[Epoch : 180/500]
Total_loss	: 0.1217
MMD_loss	: 4.5773
cond_ent_wt	: 4.8176
Src_reg_loss	: 0.0278
-------------------------------------
[Epoch : 181/500]
Total_loss	: 0.1217
MMD_loss	: 4.5825
cond_ent_wt	: 4.8174
Src_reg_loss	: 0.0277
-------------------------------------
[Epoch : 182/500]
Total_loss	: 0.1217
MMD_loss	: 4.5877
cond_ent_wt	: 4.8173
Src_reg_loss	: 0.0276
-------------------------------------
[Epoch : 183/500]
Total_loss	: 0.1216
MMD_loss	: 4.5928
cond_ent_wt	: 4.8172
Src_reg_loss	: 0.0275
-------------------------------------
[Epoch : 184/500]
Total_loss	: 0.1216
MMD_loss	: 4.5979
cond_ent_wt	: 4.8170
Src_reg_loss	: 0.0274
-------------------------------------
[Epoch : 185/500]
Total_loss	: 0.1215
MMD_loss	: 4.6029
cond_ent_wt	: 4.8169
Src_reg_loss	: 0.0273
-------------------------------------
[Epoch : 186/500]
Total_loss	: 0.1215
MMD_loss	: 4.6079
cond_ent_wt	: 4.8168
Src_reg_loss	: 0.0272
-------------------------------------
[Epoch : 187/500]
Total_loss	: 0.1214
MMD_loss	: 4.6129
cond_ent_wt	: 4.8166
Src_reg_loss	: 0.0272
-------------------------------------
[Epoch : 188/500]
Total_loss	: 0.1214
MMD_loss	: 4.6177
cond_ent_wt	: 4.8165
Src_reg_loss	: 0.0271
-------------------------------------
[Epoch : 189/500]
Total_loss	: 0.1214
MMD_loss	: 4.6226
cond_ent_wt	: 4.8164
Src_reg_loss	: 0.0270
-------------------------------------
[Epoch : 190/500]
Total_loss	: 0.1213
MMD_loss	: 4.6274
cond_ent_wt	: 4.8163
Src_reg_loss	: 0.0269
-------------------------------------
[Epoch : 191/500]
Total_loss	: 0.1213
MMD_loss	: 4.6321
cond_ent_wt	: 4.8161
Src_reg_loss	: 0.0268
-------------------------------------
[Epoch : 192/500]
Total_loss	: 0.1212
MMD_loss	: 4.6368
cond_ent_wt	: 4.8160
Src_reg_loss	: 0.0267
-------------------------------------
[Epoch : 193/500]
Total_loss	: 0.1212
MMD_loss	: 4.6415
cond_ent_wt	: 4.8159
Src_reg_loss	: 0.0266
-------------------------------------
[Epoch : 194/500]
Total_loss	: 0.1212
MMD_loss	: 4.6461
cond_ent_wt	: 4.8157
Src_reg_loss	: 0.0266
-------------------------------------
[Epoch : 195/500]
Total_loss	: 0.1211
MMD_loss	: 4.6507
cond_ent_wt	: 4.8156
Src_reg_loss	: 0.0265
-------------------------------------
[Epoch : 196/500]
Total_loss	: 0.1211
MMD_loss	: 4.6552
cond_ent_wt	: 4.8155
Src_reg_loss	: 0.0264
-------------------------------------
[Epoch : 197/500]
Total_loss	: 0.1211
MMD_loss	: 4.6597
cond_ent_wt	: 4.8153
Src_reg_loss	: 0.0263
-------------------------------------
[Epoch : 198/500]
Total_loss	: 0.1210
MMD_loss	: 4.6642
cond_ent_wt	: 4.8152
Src_reg_loss	: 0.0262
-------------------------------------
[Epoch : 199/500]
Total_loss	: 0.1210
MMD_loss	: 4.6686
cond_ent_wt	: 4.8151
Src_reg_loss	: 0.0261
-------------------------------------
[Epoch : 200/500]
Total_loss	: 0.1209
MMD_loss	: 4.6730
cond_ent_wt	: 4.8150
Src_reg_loss	: 0.0261
-------------------------------------
[Epoch : 201/500]
Total_loss	: 0.1209
MMD_loss	: 4.6773
cond_ent_wt	: 4.8148
Src_reg_loss	: 0.0260
-------------------------------------
[Epoch : 202/500]
Total_loss	: 0.1209
MMD_loss	: 4.6817
cond_ent_wt	: 4.8147
Src_reg_loss	: 0.0259
-------------------------------------
[Epoch : 203/500]
Total_loss	: 0.1208
MMD_loss	: 4.6859
cond_ent_wt	: 4.8146
Src_reg_loss	: 0.0258
-------------------------------------
[Epoch : 204/500]
Total_loss	: 0.1208
MMD_loss	: 4.6902
cond_ent_wt	: 4.8144
Src_reg_loss	: 0.0258
-------------------------------------
[Epoch : 205/500]
Total_loss	: 0.1208
MMD_loss	: 4.6944
cond_ent_wt	: 4.8143
Src_reg_loss	: 0.0257
-------------------------------------
[Epoch : 206/500]
Total_loss	: 0.1207
MMD_loss	: 4.6986
cond_ent_wt	: 4.8142
Src_reg_loss	: 0.0256
-------------------------------------
[Epoch : 207/500]
Total_loss	: 0.1207
MMD_loss	: 4.7027
cond_ent_wt	: 4.8140
Src_reg_loss	: 0.0255
-------------------------------------
[Epoch : 208/500]
Total_loss	: 0.1207
MMD_loss	: 4.7068
cond_ent_wt	: 4.8139
Src_reg_loss	: 0.0255
-------------------------------------
[Epoch : 209/500]
Total_loss	: 0.1206
MMD_loss	: 4.7109
cond_ent_wt	: 4.8138
Src_reg_loss	: 0.0254
-------------------------------------
[Epoch : 210/500]
Total_loss	: 0.1206
MMD_loss	: 4.7149
cond_ent_wt	: 4.8136
Src_reg_loss	: 0.0253
-------------------------------------
[Epoch : 211/500]
Total_loss	: 0.1206
MMD_loss	: 4.7190
cond_ent_wt	: 4.8135
Src_reg_loss	: 0.0252
-------------------------------------
[Epoch : 212/500]
Total_loss	: 0.1205
MMD_loss	: 4.7229
cond_ent_wt	: 4.8133
Src_reg_loss	: 0.0252
-------------------------------------
[Epoch : 213/500]
Total_loss	: 0.1205
MMD_loss	: 4.7269
cond_ent_wt	: 4.8132
Src_reg_loss	: 0.0251
-------------------------------------
[Epoch : 214/500]
Total_loss	: 0.1205
MMD_loss	: 4.7308
cond_ent_wt	: 4.8131
Src_reg_loss	: 0.0250
-------------------------------------
[Epoch : 215/500]
Total_loss	: 0.1204
MMD_loss	: 4.7347
cond_ent_wt	: 4.8129
Src_reg_loss	: 0.0249
-------------------------------------
[Epoch : 216/500]
Total_loss	: 0.1204
MMD_loss	: 4.7386
cond_ent_wt	: 4.8128
Src_reg_loss	: 0.0249
-------------------------------------
[Epoch : 217/500]
Total_loss	: 0.1204
MMD_loss	: 4.7425
cond_ent_wt	: 4.8126
Src_reg_loss	: 0.0248
-------------------------------------
[Epoch : 218/500]
Total_loss	: 0.1203
MMD_loss	: 4.7463
cond_ent_wt	: 4.8125
Src_reg_loss	: 0.0247
-------------------------------------
[Epoch : 219/500]
Total_loss	: 0.1203
MMD_loss	: 4.7501
cond_ent_wt	: 4.8123
Src_reg_loss	: 0.0247
-------------------------------------
[Epoch : 220/500]
Total_loss	: 0.1203
MMD_loss	: 4.7538
cond_ent_wt	: 4.8122
Src_reg_loss	: 0.0246
-------------------------------------
[Epoch : 221/500]
Total_loss	: 0.1202
MMD_loss	: 4.7576
cond_ent_wt	: 4.8120
Src_reg_loss	: 0.0245
-------------------------------------
[Epoch : 222/500]
Total_loss	: 0.1202
MMD_loss	: 4.7613
cond_ent_wt	: 4.8119
Src_reg_loss	: 0.0245
-------------------------------------
[Epoch : 223/500]
Total_loss	: 0.1202
MMD_loss	: 4.7650
cond_ent_wt	: 4.8117
Src_reg_loss	: 0.0244
-------------------------------------
[Epoch : 224/500]
Total_loss	: 0.1201
MMD_loss	: 4.7686
cond_ent_wt	: 4.8116
Src_reg_loss	: 0.0243
-------------------------------------
[Epoch : 225/500]
Total_loss	: 0.1201
MMD_loss	: 4.7723
cond_ent_wt	: 4.8114
Src_reg_loss	: 0.0243
-------------------------------------
[Epoch : 226/500]
Total_loss	: 0.1201
MMD_loss	: 4.7759
cond_ent_wt	: 4.8113
Src_reg_loss	: 0.0242
-------------------------------------
[Epoch : 227/500]
Total_loss	: 0.1201
MMD_loss	: 4.7795
cond_ent_wt	: 4.8111
Src_reg_loss	: 0.0241
-------------------------------------
[Epoch : 228/500]
Total_loss	: 0.1200
MMD_loss	: 4.7831
cond_ent_wt	: 4.8109
Src_reg_loss	: 0.0241
-------------------------------------
[Epoch : 229/500]
Total_loss	: 0.1200
MMD_loss	: 4.7866
cond_ent_wt	: 4.8108
Src_reg_loss	: 0.0240
-------------------------------------
[Epoch : 230/500]
Total_loss	: 0.1200
MMD_loss	: 4.7901
cond_ent_wt	: 4.8106
Src_reg_loss	: 0.0240
-------------------------------------
[Epoch : 231/500]
Total_loss	: 0.1199
MMD_loss	: 4.7936
cond_ent_wt	: 4.8105
Src_reg_loss	: 0.0239
-------------------------------------
[Epoch : 232/500]
Total_loss	: 0.1199
MMD_loss	: 4.7971
cond_ent_wt	: 4.8103
Src_reg_loss	: 0.0238
-------------------------------------
[Epoch : 233/500]
Total_loss	: 0.1199
MMD_loss	: 4.8006
cond_ent_wt	: 4.8101
Src_reg_loss	: 0.0238
-------------------------------------
[Epoch : 234/500]
Total_loss	: 0.1199
MMD_loss	: 4.8040
cond_ent_wt	: 4.8100
Src_reg_loss	: 0.0237
-------------------------------------
[Epoch : 235/500]
Total_loss	: 0.1198
MMD_loss	: 4.8074
cond_ent_wt	: 4.8098
Src_reg_loss	: 0.0237
-------------------------------------
[Epoch : 236/500]
Total_loss	: 0.1198
MMD_loss	: 4.8109
cond_ent_wt	: 4.8096
Src_reg_loss	: 0.0236
-------------------------------------
[Epoch : 237/500]
Total_loss	: 0.1198
MMD_loss	: 4.8142
cond_ent_wt	: 4.8094
Src_reg_loss	: 0.0235
-------------------------------------
[Epoch : 238/500]
Total_loss	: 0.1197
MMD_loss	: 4.8176
cond_ent_wt	: 4.8093
Src_reg_loss	: 0.0235
-------------------------------------
[Epoch : 239/500]
Total_loss	: 0.1197
MMD_loss	: 4.8209
cond_ent_wt	: 4.8091
Src_reg_loss	: 0.0234
-------------------------------------
[Epoch : 240/500]
Total_loss	: 0.1197
MMD_loss	: 4.8243
cond_ent_wt	: 4.8089
Src_reg_loss	: 0.0234
-------------------------------------
[Epoch : 241/500]
Total_loss	: 0.1197
MMD_loss	: 4.8276
cond_ent_wt	: 4.8087
Src_reg_loss	: 0.0233
-------------------------------------
[Epoch : 242/500]
Total_loss	: 0.1196
MMD_loss	: 4.8309
cond_ent_wt	: 4.8085
Src_reg_loss	: 0.0232
-------------------------------------
[Epoch : 243/500]
Total_loss	: 0.1196
MMD_loss	: 4.8341
cond_ent_wt	: 4.8083
Src_reg_loss	: 0.0232
-------------------------------------
[Epoch : 244/500]
Total_loss	: 0.1196
MMD_loss	: 4.8374
cond_ent_wt	: 4.8081
Src_reg_loss	: 0.0231
-------------------------------------
[Epoch : 245/500]
Total_loss	: 0.1196
MMD_loss	: 4.8406
cond_ent_wt	: 4.8079
Src_reg_loss	: 0.0231
-------------------------------------
[Epoch : 246/500]
Total_loss	: 0.1195
MMD_loss	: 4.8439
cond_ent_wt	: 4.8077
Src_reg_loss	: 0.0230
-------------------------------------
[Epoch : 247/500]
Total_loss	: 0.1195
MMD_loss	: 4.8471
cond_ent_wt	: 4.8075
Src_reg_loss	: 0.0230
-------------------------------------
[Epoch : 248/500]
Total_loss	: 0.1195
MMD_loss	: 4.8502
cond_ent_wt	: 4.8073
Src_reg_loss	: 0.0229
-------------------------------------
[Epoch : 249/500]
Total_loss	: 0.1195
MMD_loss	: 4.8534
cond_ent_wt	: 4.8071
Src_reg_loss	: 0.0228
-------------------------------------
[Epoch : 250/500]
Total_loss	: 0.1194
MMD_loss	: 4.8566
cond_ent_wt	: 4.8069
Src_reg_loss	: 0.0228
-------------------------------------
[Epoch : 251/500]
Total_loss	: 0.1194
MMD_loss	: 4.8597
cond_ent_wt	: 4.8067
Src_reg_loss	: 0.0227
-------------------------------------
[Epoch : 252/500]
Total_loss	: 0.1194
MMD_loss	: 4.8628
cond_ent_wt	: 4.8065
Src_reg_loss	: 0.0227
-------------------------------------
[Epoch : 253/500]
Total_loss	: 0.1194
MMD_loss	: 4.8659
cond_ent_wt	: 4.8063
Src_reg_loss	: 0.0226
-------------------------------------
[Epoch : 254/500]
Total_loss	: 0.1193
MMD_loss	: 4.8690
cond_ent_wt	: 4.8060
Src_reg_loss	: 0.0226
-------------------------------------
[Epoch : 255/500]
Total_loss	: 0.1193
MMD_loss	: 4.8721
cond_ent_wt	: 4.8058
Src_reg_loss	: 0.0225
-------------------------------------
[Epoch : 256/500]
Total_loss	: 0.1193
MMD_loss	: 4.8751
cond_ent_wt	: 4.8056
Src_reg_loss	: 0.0225
-------------------------------------
[Epoch : 257/500]
Total_loss	: 0.1193
MMD_loss	: 4.8782
cond_ent_wt	: 4.8054
Src_reg_loss	: 0.0224
-------------------------------------
[Epoch : 258/500]
Total_loss	: 0.1192
MMD_loss	: 4.8812
cond_ent_wt	: 4.8051
Src_reg_loss	: 0.0224
-------------------------------------
[Epoch : 259/500]
Total_loss	: 0.1192
MMD_loss	: 4.8842
cond_ent_wt	: 4.8049
Src_reg_loss	: 0.0223
-------------------------------------
[Epoch : 260/500]
Total_loss	: 0.1192
MMD_loss	: 4.8871
cond_ent_wt	: 4.8046
Src_reg_loss	: 0.0223
-------------------------------------
[Epoch : 261/500]
Total_loss	: 0.1192
MMD_loss	: 4.8901
cond_ent_wt	: 4.8044
Src_reg_loss	: 0.0222
-------------------------------------
[Epoch : 262/500]
Total_loss	: 0.1191
MMD_loss	: 4.8930
cond_ent_wt	: 4.8042
Src_reg_loss	: 0.0222
-------------------------------------
[Epoch : 263/500]
Total_loss	: 0.1191
MMD_loss	: 4.8959
cond_ent_wt	: 4.8039
Src_reg_loss	: 0.0221
-------------------------------------
[Epoch : 264/500]
Total_loss	: 0.1191
MMD_loss	: 4.8988
cond_ent_wt	: 4.8036
Src_reg_loss	: 0.0221
-------------------------------------
[Epoch : 265/500]
Total_loss	: 0.1191
MMD_loss	: 4.9017
cond_ent_wt	: 4.8034
Src_reg_loss	: 0.0220
-------------------------------------
[Epoch : 266/500]
Total_loss	: 0.1190
MMD_loss	: 4.9045
cond_ent_wt	: 4.8031
Src_reg_loss	: 0.0220
-------------------------------------
[Epoch : 267/500]
Total_loss	: 0.1190
MMD_loss	: 4.9074
cond_ent_wt	: 4.8029
Src_reg_loss	: 0.0219
-------------------------------------
[Epoch : 268/500]
Total_loss	: 0.1190
MMD_loss	: 4.9102
cond_ent_wt	: 4.8026
Src_reg_loss	: 0.0219
-------------------------------------
[Epoch : 269/500]
Total_loss	: 0.1190
MMD_loss	: 4.9130
cond_ent_wt	: 4.8023
Src_reg_loss	: 0.0218
-------------------------------------
[Epoch : 270/500]
Total_loss	: 0.1189
MMD_loss	: 4.9157
cond_ent_wt	: 4.8020
Src_reg_loss	: 0.0218
-------------------------------------
[Epoch : 271/500]
Total_loss	: 0.1189
MMD_loss	: 4.9184
cond_ent_wt	: 4.8018
Src_reg_loss	: 0.0217
-------------------------------------
[Epoch : 272/500]
Total_loss	: 0.1189
MMD_loss	: 4.9212
cond_ent_wt	: 4.8015
Src_reg_loss	: 0.0217
-------------------------------------
[Epoch : 273/500]
Total_loss	: 0.1189
MMD_loss	: 4.9239
cond_ent_wt	: 4.8012
Src_reg_loss	: 0.0216
-------------------------------------
[Epoch : 274/500]
Total_loss	: 0.1188
MMD_loss	: 4.9265
cond_ent_wt	: 4.8009
Src_reg_loss	: 0.0216
-------------------------------------
[Epoch : 275/500]
Total_loss	: 0.1188
MMD_loss	: 4.9292
cond_ent_wt	: 4.8006
Src_reg_loss	: 0.0215
-------------------------------------
[Epoch : 276/500]
Total_loss	: 0.1188
MMD_loss	: 4.9318
cond_ent_wt	: 4.8003
Src_reg_loss	: 0.0215
-------------------------------------
[Epoch : 277/500]
Total_loss	: 0.1188
MMD_loss	: 4.9344
cond_ent_wt	: 4.8000
Src_reg_loss	: 0.0214
-------------------------------------
[Epoch : 278/500]
Total_loss	: 0.1188
MMD_loss	: 4.9369
cond_ent_wt	: 4.7997
Src_reg_loss	: 0.0214
-------------------------------------
[Epoch : 279/500]
Total_loss	: 0.1187
MMD_loss	: 4.9395
cond_ent_wt	: 4.7994
Src_reg_loss	: 0.0213
-------------------------------------
[Epoch : 280/500]
Total_loss	: 0.1187
MMD_loss	: 4.9420
cond_ent_wt	: 4.7991
Src_reg_loss	: 0.0213
-------------------------------------
[Epoch : 281/500]
Total_loss	: 0.1187
MMD_loss	: 4.9445
cond_ent_wt	: 4.7988
Src_reg_loss	: 0.0213
-------------------------------------
[Epoch : 282/500]
Total_loss	: 0.1187
MMD_loss	: 4.9470
cond_ent_wt	: 4.7984
Src_reg_loss	: 0.0212
-------------------------------------
[Epoch : 283/500]
Total_loss	: 0.1186
MMD_loss	: 4.9495
cond_ent_wt	: 4.7981
Src_reg_loss	: 0.0212
-------------------------------------
[Epoch : 284/500]
Total_loss	: 0.1186
MMD_loss	: 4.9519
cond_ent_wt	: 4.7978
Src_reg_loss	: 0.0211
-------------------------------------
[Epoch : 285/500]
Total_loss	: 0.1186
MMD_loss	: 4.9543
cond_ent_wt	: 4.7975
Src_reg_loss	: 0.0211
-------------------------------------
[Epoch : 286/500]
Total_loss	: 0.1186
MMD_loss	: 4.9567
cond_ent_wt	: 4.7971
Src_reg_loss	: 0.0210
-------------------------------------
[Epoch : 287/500]
Total_loss	: 0.1185
MMD_loss	: 4.9590
cond_ent_wt	: 4.7968
Src_reg_loss	: 0.0210
-------------------------------------
[Epoch : 288/500]
Total_loss	: 0.1185
MMD_loss	: 4.9614
cond_ent_wt	: 4.7965
Src_reg_loss	: 0.0209
-------------------------------------
[Epoch : 289/500]
Total_loss	: 0.1185
MMD_loss	: 4.9637
cond_ent_wt	: 4.7961
Src_reg_loss	: 0.0209
-------------------------------------
[Epoch : 290/500]
Total_loss	: 0.1185
MMD_loss	: 4.9660
cond_ent_wt	: 4.7958
Src_reg_loss	: 0.0209
-------------------------------------
[Epoch : 291/500]
Total_loss	: 0.1184
MMD_loss	: 4.9683
cond_ent_wt	: 4.7955
Src_reg_loss	: 0.0208
-------------------------------------
[Epoch : 292/500]
Total_loss	: 0.1184
MMD_loss	: 4.9705
cond_ent_wt	: 4.7951
Src_reg_loss	: 0.0208
-------------------------------------
[Epoch : 293/500]
Total_loss	: 0.1184
MMD_loss	: 4.9727
cond_ent_wt	: 4.7948
Src_reg_loss	: 0.0207
-------------------------------------
[Epoch : 294/500]
Total_loss	: 0.1184
MMD_loss	: 4.9749
cond_ent_wt	: 4.7944
Src_reg_loss	: 0.0207
-------------------------------------
[Epoch : 295/500]
Total_loss	: 0.1183
MMD_loss	: 4.9771
cond_ent_wt	: 4.7941
Src_reg_loss	: 0.0206
-------------------------------------
[Epoch : 296/500]
Total_loss	: 0.1183
MMD_loss	: 4.9793
cond_ent_wt	: 4.7937
Src_reg_loss	: 0.0206
-------------------------------------
[Epoch : 297/500]
Total_loss	: 0.1183
MMD_loss	: 4.9814
cond_ent_wt	: 4.7933
Src_reg_loss	: 0.0206
-------------------------------------
[Epoch : 298/500]
Total_loss	: 0.1183
MMD_loss	: 4.9835
cond_ent_wt	: 4.7930
Src_reg_loss	: 0.0205
-------------------------------------
[Epoch : 299/500]
Total_loss	: 0.1183
MMD_loss	: 4.9856
cond_ent_wt	: 4.7926
Src_reg_loss	: 0.0205
-------------------------------------
[Epoch : 300/500]
Total_loss	: 0.1182
MMD_loss	: 4.9877
cond_ent_wt	: 4.7923
Src_reg_loss	: 0.0204
-------------------------------------
[Epoch : 301/500]
Total_loss	: 0.1182
MMD_loss	: 4.9898
cond_ent_wt	: 4.7919
Src_reg_loss	: 0.0204
-------------------------------------
[Epoch : 302/500]
Total_loss	: 0.1182
MMD_loss	: 4.9918
cond_ent_wt	: 4.7915
Src_reg_loss	: 0.0203
-------------------------------------
[Epoch : 303/500]
Total_loss	: 0.1182
MMD_loss	: 4.9938
cond_ent_wt	: 4.7911
Src_reg_loss	: 0.0203
-------------------------------------
[Epoch : 304/500]
Total_loss	: 0.1181
MMD_loss	: 4.9958
cond_ent_wt	: 4.7908
Src_reg_loss	: 0.0203
-------------------------------------
[Epoch : 305/500]
Total_loss	: 0.1181
MMD_loss	: 4.9978
cond_ent_wt	: 4.7904
Src_reg_loss	: 0.0202
-------------------------------------
[Epoch : 306/500]
Total_loss	: 0.1181
MMD_loss	: 4.9997
cond_ent_wt	: 4.7900
Src_reg_loss	: 0.0202
-------------------------------------
[Epoch : 307/500]
Total_loss	: 0.1181
MMD_loss	: 5.0017
cond_ent_wt	: 4.7896
Src_reg_loss	: 0.0201
-------------------------------------
[Epoch : 308/500]
Total_loss	: 0.1180
MMD_loss	: 5.0036
cond_ent_wt	: 4.7893
Src_reg_loss	: 0.0201
-------------------------------------
[Epoch : 309/500]
Total_loss	: 0.1180
MMD_loss	: 5.0055
cond_ent_wt	: 4.7889
Src_reg_loss	: 0.0201
-------------------------------------
[Epoch : 310/500]
Total_loss	: 0.1180
MMD_loss	: 5.0073
cond_ent_wt	: 4.7885
Src_reg_loss	: 0.0200
-------------------------------------
[Epoch : 311/500]
Total_loss	: 0.1180
MMD_loss	: 5.0092
cond_ent_wt	: 4.7881
Src_reg_loss	: 0.0200
-------------------------------------
[Epoch : 312/500]
Total_loss	: 0.1179
MMD_loss	: 5.0110
cond_ent_wt	: 4.7877
Src_reg_loss	: 0.0199
-------------------------------------
[Epoch : 313/500]
Total_loss	: 0.1179
MMD_loss	: 5.0128
cond_ent_wt	: 4.7873
Src_reg_loss	: 0.0199
-------------------------------------
[Epoch : 314/500]
Total_loss	: 0.1179
MMD_loss	: 5.0146
cond_ent_wt	: 4.7869
Src_reg_loss	: 0.0199
-------------------------------------
[Epoch : 315/500]
Total_loss	: 0.1179
MMD_loss	: 5.0164
cond_ent_wt	: 4.7865
Src_reg_loss	: 0.0198
-------------------------------------
[Epoch : 316/500]
Total_loss	: 0.1178
MMD_loss	: 5.0181
cond_ent_wt	: 4.7861
Src_reg_loss	: 0.0198
-------------------------------------
[Epoch : 317/500]
Total_loss	: 0.1178
MMD_loss	: 5.0199
cond_ent_wt	: 4.7857
Src_reg_loss	: 0.0198
-------------------------------------
[Epoch : 318/500]
Total_loss	: 0.1178
MMD_loss	: 5.0216
cond_ent_wt	: 4.7853
Src_reg_loss	: 0.0197
-------------------------------------
[Epoch : 319/500]
Total_loss	: 0.1178
MMD_loss	: 5.0233
cond_ent_wt	: 4.7849
Src_reg_loss	: 0.0197
-------------------------------------
[Epoch : 320/500]
Total_loss	: 0.1177
MMD_loss	: 5.0250
cond_ent_wt	: 4.7845
Src_reg_loss	: 0.0196
-------------------------------------
[Epoch : 321/500]
Total_loss	: 0.1177
MMD_loss	: 5.0266
cond_ent_wt	: 4.7841
Src_reg_loss	: 0.0196
-------------------------------------
[Epoch : 322/500]
Total_loss	: 0.1177
MMD_loss	: 5.0282
cond_ent_wt	: 4.7837
Src_reg_loss	: 0.0196
-------------------------------------
[Epoch : 323/500]
Total_loss	: 0.1177
MMD_loss	: 5.0299
cond_ent_wt	: 4.7833
Src_reg_loss	: 0.0195
-------------------------------------
[Epoch : 324/500]
Total_loss	: 0.1176
MMD_loss	: 5.0315
cond_ent_wt	: 4.7829
Src_reg_loss	: 0.0195
-------------------------------------
[Epoch : 325/500]
Total_loss	: 0.1176
MMD_loss	: 5.0330
cond_ent_wt	: 4.7825
Src_reg_loss	: 0.0195
-------------------------------------
[Epoch : 326/500]
Total_loss	: 0.1176
MMD_loss	: 5.0346
cond_ent_wt	: 4.7821
Src_reg_loss	: 0.0194
-------------------------------------
[Epoch : 327/500]
Total_loss	: 0.1176
MMD_loss	: 5.0361
cond_ent_wt	: 4.7817
Src_reg_loss	: 0.0194
-------------------------------------
[Epoch : 328/500]
Total_loss	: 0.1175
MMD_loss	: 5.0377
cond_ent_wt	: 4.7812
Src_reg_loss	: 0.0193
-------------------------------------
[Epoch : 329/500]
Total_loss	: 0.1175
MMD_loss	: 5.0392
cond_ent_wt	: 4.7808
Src_reg_loss	: 0.0193
-------------------------------------
[Epoch : 330/500]
Total_loss	: 0.1175
MMD_loss	: 5.0407
cond_ent_wt	: 4.7804
Src_reg_loss	: 0.0193
-------------------------------------
[Epoch : 331/500]
Total_loss	: 0.1175
MMD_loss	: 5.0422
cond_ent_wt	: 4.7800
Src_reg_loss	: 0.0192
-------------------------------------
[Epoch : 332/500]
Total_loss	: 0.1174
MMD_loss	: 5.0436
cond_ent_wt	: 4.7796
Src_reg_loss	: 0.0192
-------------------------------------
[Epoch : 333/500]
Total_loss	: 0.1174
MMD_loss	: 5.0451
cond_ent_wt	: 4.7791
Src_reg_loss	: 0.0192
-------------------------------------
[Epoch : 334/500]
Total_loss	: 0.1174
MMD_loss	: 5.0465
cond_ent_wt	: 4.7787
Src_reg_loss	: 0.0191
-------------------------------------
[Epoch : 335/500]
Total_loss	: 0.1174
MMD_loss	: 5.0479
cond_ent_wt	: 4.7783
Src_reg_loss	: 0.0191
-------------------------------------
[Epoch : 336/500]
Total_loss	: 0.1173
MMD_loss	: 5.0493
cond_ent_wt	: 4.7779
Src_reg_loss	: 0.0191
-------------------------------------
[Epoch : 337/500]
Total_loss	: 0.1173
MMD_loss	: 5.0507
cond_ent_wt	: 4.7774
Src_reg_loss	: 0.0190
-------------------------------------
[Epoch : 338/500]
Total_loss	: 0.1173
MMD_loss	: 5.0520
cond_ent_wt	: 4.7770
Src_reg_loss	: 0.0190
-------------------------------------
[Epoch : 339/500]
Total_loss	: 0.1173
MMD_loss	: 5.0534
cond_ent_wt	: 4.7766
Src_reg_loss	: 0.0190
-------------------------------------
[Epoch : 340/500]
Total_loss	: 0.1172
MMD_loss	: 5.0547
cond_ent_wt	: 4.7762
Src_reg_loss	: 0.0189
-------------------------------------
[Epoch : 341/500]
Total_loss	: 0.1172
MMD_loss	: 5.0560
cond_ent_wt	: 4.7757
Src_reg_loss	: 0.0189
-------------------------------------
[Epoch : 342/500]
Total_loss	: 0.1172
MMD_loss	: 5.0573
cond_ent_wt	: 4.7753
Src_reg_loss	: 0.0189
-------------------------------------
[Epoch : 343/500]
Total_loss	: 0.1172
MMD_loss	: 5.0586
cond_ent_wt	: 4.7749
Src_reg_loss	: 0.0188
-------------------------------------
[Epoch : 344/500]
Total_loss	: 0.1171
MMD_loss	: 5.0599
cond_ent_wt	: 4.7744
Src_reg_loss	: 0.0188
-------------------------------------
[Epoch : 345/500]
Total_loss	: 0.1171
MMD_loss	: 5.0611
cond_ent_wt	: 4.7740
Src_reg_loss	: 0.0188
-------------------------------------
[Epoch : 346/500]
Total_loss	: 0.1171
MMD_loss	: 5.0624
cond_ent_wt	: 4.7736
Src_reg_loss	: 0.0187
-------------------------------------
[Epoch : 347/500]
Total_loss	: 0.1171
MMD_loss	: 5.0636
cond_ent_wt	: 4.7731
Src_reg_loss	: 0.0187
-------------------------------------
[Epoch : 348/500]
Total_loss	: 0.1170
MMD_loss	: 5.0648
cond_ent_wt	: 4.7727
Src_reg_loss	: 0.0187
-------------------------------------
[Epoch : 349/500]
Total_loss	: 0.1170
MMD_loss	: 5.0660
cond_ent_wt	: 4.7722
Src_reg_loss	: 0.0186
-------------------------------------
[Epoch : 350/500]
Total_loss	: 0.1170
MMD_loss	: 5.0671
cond_ent_wt	: 4.7718
Src_reg_loss	: 0.0186
-------------------------------------
[Epoch : 351/500]
Total_loss	: 0.1170
MMD_loss	: 5.0683
cond_ent_wt	: 4.7714
Src_reg_loss	: 0.0186
-------------------------------------
[Epoch : 352/500]
Total_loss	: 0.1169
MMD_loss	: 5.0694
cond_ent_wt	: 4.7709
Src_reg_loss	: 0.0185
-------------------------------------
[Epoch : 353/500]
Total_loss	: 0.1169
MMD_loss	: 5.0706
cond_ent_wt	: 4.7705
Src_reg_loss	: 0.0185
-------------------------------------
[Epoch : 354/500]
Total_loss	: 0.1169
MMD_loss	: 5.0717
cond_ent_wt	: 4.7700
Src_reg_loss	: 0.0185
-------------------------------------
[Epoch : 355/500]
Total_loss	: 0.1169
MMD_loss	: 5.0728
cond_ent_wt	: 4.7696
Src_reg_loss	: 0.0184
-------------------------------------
[Epoch : 356/500]
Total_loss	: 0.1168
MMD_loss	: 5.0738
cond_ent_wt	: 4.7692
Src_reg_loss	: 0.0184
-------------------------------------
[Epoch : 357/500]
Total_loss	: 0.1168
MMD_loss	: 5.0749
cond_ent_wt	: 4.7687
Src_reg_loss	: 0.0184
-------------------------------------
[Epoch : 358/500]
Total_loss	: 0.1168
MMD_loss	: 5.0759
cond_ent_wt	: 4.7683
Src_reg_loss	: 0.0183
-------------------------------------
[Epoch : 359/500]
Total_loss	: 0.1167
MMD_loss	: 5.0769
cond_ent_wt	: 4.7678
Src_reg_loss	: 0.0183
-------------------------------------
[Epoch : 360/500]
Total_loss	: 0.1167
MMD_loss	: 5.0780
cond_ent_wt	: 4.7674
Src_reg_loss	: 0.0183
-------------------------------------
[Epoch : 361/500]
Total_loss	: 0.1167
MMD_loss	: 5.0790
cond_ent_wt	: 4.7670
Src_reg_loss	: 0.0182
-------------------------------------
[Epoch : 362/500]
Total_loss	: 0.1167
MMD_loss	: 5.0800
cond_ent_wt	: 4.7665
Src_reg_loss	: 0.0182
-------------------------------------
[Epoch : 363/500]
Total_loss	: 0.1166
MMD_loss	: 5.0810
cond_ent_wt	: 4.7661
Src_reg_loss	: 0.0182
-------------------------------------
[Epoch : 364/500]
Total_loss	: 0.1166
MMD_loss	: 5.0820
cond_ent_wt	: 4.7656
Src_reg_loss	: 0.0181
-------------------------------------
[Epoch : 365/500]
Total_loss	: 0.1166
MMD_loss	: 5.0829
cond_ent_wt	: 4.7652
Src_reg_loss	: 0.0181
-------------------------------------
[Epoch : 366/500]
Total_loss	: 0.1166
MMD_loss	: 5.0838
cond_ent_wt	: 4.7648
Src_reg_loss	: 0.0181
-------------------------------------
[Epoch : 367/500]
Total_loss	: 0.1165
MMD_loss	: 5.0847
cond_ent_wt	: 4.7643
Src_reg_loss	: 0.0181
-------------------------------------
[Epoch : 368/500]
Total_loss	: 0.1165
MMD_loss	: 5.0856
cond_ent_wt	: 4.7639
Src_reg_loss	: 0.0180
-------------------------------------
[Epoch : 369/500]
Total_loss	: 0.1165
MMD_loss	: 5.0864
cond_ent_wt	: 4.7634
Src_reg_loss	: 0.0180
-------------------------------------
[Epoch : 370/500]
Total_loss	: 0.1165
MMD_loss	: 5.0872
cond_ent_wt	: 4.7630
Src_reg_loss	: 0.0180
-------------------------------------
[Epoch : 371/500]
Total_loss	: 0.1164
MMD_loss	: 5.0880
cond_ent_wt	: 4.7626
Src_reg_loss	: 0.0179
-------------------------------------
[Epoch : 372/500]
Total_loss	: 0.1164
MMD_loss	: 5.0888
cond_ent_wt	: 4.7621
Src_reg_loss	: 0.0179
-------------------------------------
[Epoch : 373/500]
Total_loss	: 0.1164
MMD_loss	: 5.0897
cond_ent_wt	: 4.7617
Src_reg_loss	: 0.0179
-------------------------------------
[Epoch : 374/500]
Total_loss	: 0.1164
MMD_loss	: 5.0905
cond_ent_wt	: 4.7612
Src_reg_loss	: 0.0178
-------------------------------------
[Epoch : 375/500]
Total_loss	: 0.1163
MMD_loss	: 5.0915
cond_ent_wt	: 4.7608
Src_reg_loss	: 0.0178
-------------------------------------
[Epoch : 376/500]
Total_loss	: 0.1163
MMD_loss	: 5.0924
cond_ent_wt	: 4.7604
Src_reg_loss	: 0.0178
-------------------------------------
[Epoch : 377/500]
Total_loss	: 0.1163
MMD_loss	: 5.0932
cond_ent_wt	: 4.7599
Src_reg_loss	: 0.0178
-------------------------------------
[Epoch : 378/500]
Total_loss	: 0.1163
MMD_loss	: 5.0940
cond_ent_wt	: 4.7595
Src_reg_loss	: 0.0177
-------------------------------------
[Epoch : 379/500]
Total_loss	: 0.1162
MMD_loss	: 5.0947
cond_ent_wt	: 4.7591
Src_reg_loss	: 0.0177
-------------------------------------
[Epoch : 380/500]
Total_loss	: 0.1162
MMD_loss	: 5.0954
cond_ent_wt	: 4.7586
Src_reg_loss	: 0.0177
-------------------------------------
[Epoch : 381/500]
Total_loss	: 0.1162
MMD_loss	: 5.0959
cond_ent_wt	: 4.7582
Src_reg_loss	: 0.0176
-------------------------------------
[Epoch : 382/500]
Total_loss	: 0.1162
MMD_loss	: 5.0965
cond_ent_wt	: 4.7578
Src_reg_loss	: 0.0176
-------------------------------------
[Epoch : 383/500]
Total_loss	: 0.1161
MMD_loss	: 5.0970
cond_ent_wt	: 4.7573
Src_reg_loss	: 0.0176
-------------------------------------
[Epoch : 384/500]
Total_loss	: 0.1161
MMD_loss	: 5.0976
cond_ent_wt	: 4.7569
Src_reg_loss	: 0.0176
-------------------------------------
[Epoch : 385/500]
Total_loss	: 0.1161
MMD_loss	: 5.0982
cond_ent_wt	: 4.7565
Src_reg_loss	: 0.0175
-------------------------------------
[Epoch : 386/500]
Total_loss	: 0.1161
MMD_loss	: 5.0988
cond_ent_wt	: 4.7561
Src_reg_loss	: 0.0175
-------------------------------------
[Epoch : 387/500]
Total_loss	: 0.1160
MMD_loss	: 5.0994
cond_ent_wt	: 4.7557
Src_reg_loss	: 0.0175
-------------------------------------
[Epoch : 388/500]
Total_loss	: 0.1160
MMD_loss	: 5.1001
cond_ent_wt	: 4.7552
Src_reg_loss	: 0.0175
-------------------------------------
[Epoch : 389/500]
Total_loss	: 0.1160
MMD_loss	: 5.1008
cond_ent_wt	: 4.7548
Src_reg_loss	: 0.0174
-------------------------------------
[Epoch : 390/500]
Total_loss	: 0.1160
MMD_loss	: 5.1014
cond_ent_wt	: 4.7544
Src_reg_loss	: 0.0174
-------------------------------------
[Epoch : 391/500]
Total_loss	: 0.1159
MMD_loss	: 5.1020
cond_ent_wt	: 4.7540
Src_reg_loss	: 0.0174
-------------------------------------
[Epoch : 392/500]
Total_loss	: 0.1159
MMD_loss	: 5.1026
cond_ent_wt	: 4.7535
Src_reg_loss	: 0.0173
-------------------------------------
[Epoch : 393/500]
Total_loss	: 0.1159
MMD_loss	: 5.1032
cond_ent_wt	: 4.7531
Src_reg_loss	: 0.0173
-------------------------------------
[Epoch : 394/500]
Total_loss	: 0.1159
MMD_loss	: 5.1038
cond_ent_wt	: 4.7527
Src_reg_loss	: 0.0173
-------------------------------------
[Epoch : 395/500]
Total_loss	: 0.1158
MMD_loss	: 5.1043
cond_ent_wt	: 4.7523
Src_reg_loss	: 0.0173
-------------------------------------
[Epoch : 396/500]
Total_loss	: 0.1158
MMD_loss	: 5.1049
cond_ent_wt	: 4.7519
Src_reg_loss	: 0.0172
-------------------------------------
[Epoch : 397/500]
Total_loss	: 0.1158
MMD_loss	: 5.1054
cond_ent_wt	: 4.7515
Src_reg_loss	: 0.0172
-------------------------------------
[Epoch : 398/500]
Total_loss	: 0.1157
MMD_loss	: 5.1060
cond_ent_wt	: 4.7510
Src_reg_loss	: 0.0172
-------------------------------------
[Epoch : 399/500]
Total_loss	: 0.1157
MMD_loss	: 5.1065
cond_ent_wt	: 4.7506
Src_reg_loss	: 0.0172
-------------------------------------
[Epoch : 400/500]
Total_loss	: 0.1157
MMD_loss	: 5.1070
cond_ent_wt	: 4.7502
Src_reg_loss	: 0.0171
-------------------------------------
[Epoch : 401/500]
Total_loss	: 0.1157
MMD_loss	: 5.1075
cond_ent_wt	: 4.7498
Src_reg_loss	: 0.0171
-------------------------------------
[Epoch : 402/500]
Total_loss	: 0.1156
MMD_loss	: 5.1080
cond_ent_wt	: 4.7494
Src_reg_loss	: 0.0171
-------------------------------------
[Epoch : 403/500]
Total_loss	: 0.1156
MMD_loss	: 5.1085
cond_ent_wt	: 4.7490
Src_reg_loss	: 0.0170
-------------------------------------
[Epoch : 404/500]
Total_loss	: 0.1156
MMD_loss	: 5.1089
cond_ent_wt	: 4.7486
Src_reg_loss	: 0.0170
-------------------------------------
[Epoch : 405/500]
Total_loss	: 0.1156
MMD_loss	: 5.1094
cond_ent_wt	: 4.7482
Src_reg_loss	: 0.0170
-------------------------------------
[Epoch : 406/500]
Total_loss	: 0.1155
MMD_loss	: 5.1098
cond_ent_wt	: 4.7477
Src_reg_loss	: 0.0170
-------------------------------------
[Epoch : 407/500]
Total_loss	: 0.1155
MMD_loss	: 5.1102
cond_ent_wt	: 4.7473
Src_reg_loss	: 0.0169
-------------------------------------
[Epoch : 408/500]
Total_loss	: 0.1155
MMD_loss	: 5.1106
cond_ent_wt	: 4.7469
Src_reg_loss	: 0.0169
-------------------------------------
[Epoch : 409/500]
Total_loss	: 0.1155
MMD_loss	: 5.1110
cond_ent_wt	: 4.7465
Src_reg_loss	: 0.0169
-------------------------------------
[Epoch : 410/500]
Total_loss	: 0.1154
MMD_loss	: 5.1114
cond_ent_wt	: 4.7461
Src_reg_loss	: 0.0169
-------------------------------------
[Epoch : 411/500]
Total_loss	: 0.1154
MMD_loss	: 5.1118
cond_ent_wt	: 4.7457
Src_reg_loss	: 0.0168
-------------------------------------
[Epoch : 412/500]
Total_loss	: 0.1154
MMD_loss	: 5.1122
cond_ent_wt	: 4.7453
Src_reg_loss	: 0.0168
-------------------------------------
[Epoch : 413/500]
Total_loss	: 0.1154
MMD_loss	: 5.1126
cond_ent_wt	: 4.7449
Src_reg_loss	: 0.0168
-------------------------------------
[Epoch : 414/500]
Total_loss	: 0.1153
MMD_loss	: 5.1129
cond_ent_wt	: 4.7445
Src_reg_loss	: 0.0168
-------------------------------------
[Epoch : 415/500]
Total_loss	: 0.1153
MMD_loss	: 5.1133
cond_ent_wt	: 4.7441
Src_reg_loss	: 0.0167
-------------------------------------
[Epoch : 416/500]
Total_loss	: 0.1153
MMD_loss	: 5.1136
cond_ent_wt	: 4.7437
Src_reg_loss	: 0.0167
-------------------------------------
[Epoch : 417/500]
Total_loss	: 0.1153
MMD_loss	: 5.1139
cond_ent_wt	: 4.7433
Src_reg_loss	: 0.0167
-------------------------------------
[Epoch : 418/500]
Total_loss	: 0.1152
MMD_loss	: 5.1141
cond_ent_wt	: 4.7429
Src_reg_loss	: 0.0167
-------------------------------------
[Epoch : 419/500]
Total_loss	: 0.1152
MMD_loss	: 5.1144
cond_ent_wt	: 4.7425
Src_reg_loss	: 0.0166
-------------------------------------
[Epoch : 420/500]
Total_loss	: 0.1152
MMD_loss	: 5.1147
cond_ent_wt	: 4.7421
Src_reg_loss	: 0.0166
-------------------------------------
[Epoch : 421/500]
Total_loss	: 0.1152
MMD_loss	: 5.1149
cond_ent_wt	: 4.7417
Src_reg_loss	: 0.0166
-------------------------------------
[Epoch : 422/500]
Total_loss	: 0.1151
MMD_loss	: 5.1152
cond_ent_wt	: 4.7413
Src_reg_loss	: 0.0166
-------------------------------------
[Epoch : 423/500]
Total_loss	: 0.1151
MMD_loss	: 5.1154
cond_ent_wt	: 4.7409
Src_reg_loss	: 0.0165
-------------------------------------
[Epoch : 424/500]
Total_loss	: 0.1151
MMD_loss	: 5.1157
cond_ent_wt	: 4.7405
Src_reg_loss	: 0.0165
-------------------------------------
[Epoch : 425/500]
Total_loss	: 0.1151
MMD_loss	: 5.1160
cond_ent_wt	: 4.7401
Src_reg_loss	: 0.0165
-------------------------------------
[Epoch : 426/500]
Total_loss	: 0.1150
MMD_loss	: 5.1163
cond_ent_wt	: 4.7398
Src_reg_loss	: 0.0165
-------------------------------------
[Epoch : 427/500]
Total_loss	: 0.1150
MMD_loss	: 5.1166
cond_ent_wt	: 4.7394
Src_reg_loss	: 0.0164
-------------------------------------
[Epoch : 428/500]
Total_loss	: 0.1150
MMD_loss	: 5.1168
cond_ent_wt	: 4.7390
Src_reg_loss	: 0.0164
-------------------------------------
[Epoch : 429/500]
Total_loss	: 0.1150
MMD_loss	: 5.1170
cond_ent_wt	: 4.7386
Src_reg_loss	: 0.0164
-------------------------------------
[Epoch : 430/500]
Total_loss	: 0.1149
MMD_loss	: 5.1171
cond_ent_wt	: 4.7382
Src_reg_loss	: 0.0164
-------------------------------------
[Epoch : 431/500]
Total_loss	: 0.1149
MMD_loss	: 5.1171
cond_ent_wt	: 4.7378
Src_reg_loss	: 0.0164
-------------------------------------
[Epoch : 432/500]
Total_loss	: 0.1149
MMD_loss	: 5.1171
cond_ent_wt	: 4.7374
Src_reg_loss	: 0.0163
-------------------------------------
[Epoch : 433/500]
Total_loss	: 0.1148
MMD_loss	: 5.1170
cond_ent_wt	: 4.7371
Src_reg_loss	: 0.0163
-------------------------------------
[Epoch : 434/500]
Total_loss	: 0.1148
MMD_loss	: 5.1169
cond_ent_wt	: 4.7367
Src_reg_loss	: 0.0163
-------------------------------------
[Epoch : 435/500]
Total_loss	: 0.1148
MMD_loss	: 5.1169
cond_ent_wt	: 4.7363
Src_reg_loss	: 0.0163
-------------------------------------
[Epoch : 436/500]
Total_loss	: 0.1148
MMD_loss	: 5.1169
cond_ent_wt	: 4.7359
Src_reg_loss	: 0.0162
-------------------------------------
[Epoch : 437/500]
Total_loss	: 0.1147
MMD_loss	: 5.1170
cond_ent_wt	: 4.7355
Src_reg_loss	: 0.0162
-------------------------------------
[Epoch : 438/500]
Total_loss	: 0.1147
MMD_loss	: 5.1171
cond_ent_wt	: 4.7352
Src_reg_loss	: 0.0162
-------------------------------------
[Epoch : 439/500]
Total_loss	: 0.1147
MMD_loss	: 5.1172
cond_ent_wt	: 4.7348
Src_reg_loss	: 0.0162
-------------------------------------
[Epoch : 440/500]
Total_loss	: 0.1147
MMD_loss	: 5.1174
cond_ent_wt	: 4.7344
Src_reg_loss	: 0.0162
-------------------------------------
[Epoch : 441/500]
Total_loss	: 0.1146
MMD_loss	: 5.1176
cond_ent_wt	: 4.7340
Src_reg_loss	: 0.0161
-------------------------------------
[Epoch : 442/500]
Total_loss	: 0.1146
MMD_loss	: 5.1177
cond_ent_wt	: 4.7337
Src_reg_loss	: 0.0161
-------------------------------------
[Epoch : 443/500]
Total_loss	: 0.1146
MMD_loss	: 5.1179
cond_ent_wt	: 4.7333
Src_reg_loss	: 0.0161
-------------------------------------
[Epoch : 444/500]
Total_loss	: 0.1146
MMD_loss	: 5.1181
cond_ent_wt	: 4.7329
Src_reg_loss	: 0.0161
-------------------------------------
[Epoch : 445/500]
Total_loss	: 0.1146
MMD_loss	: 5.1182
cond_ent_wt	: 4.7326
Src_reg_loss	: 0.0160
-------------------------------------
[Epoch : 446/500]
Total_loss	: 0.1145
MMD_loss	: 5.1182
cond_ent_wt	: 4.7322
Src_reg_loss	: 0.0160
-------------------------------------
[Epoch : 447/500]
Total_loss	: 0.1145
MMD_loss	: 5.1183
cond_ent_wt	: 4.7318
Src_reg_loss	: 0.0160
-------------------------------------
[Epoch : 448/500]
Total_loss	: 0.1145
MMD_loss	: 5.1185
cond_ent_wt	: 4.7315
Src_reg_loss	: 0.0160
-------------------------------------
[Epoch : 449/500]
Total_loss	: 0.1145
MMD_loss	: 5.1186
cond_ent_wt	: 4.7311
Src_reg_loss	: 0.0160
-------------------------------------
[Epoch : 450/500]
Total_loss	: 0.1144
MMD_loss	: 5.1186
cond_ent_wt	: 4.7307
Src_reg_loss	: 0.0159
-------------------------------------
[Epoch : 451/500]
Total_loss	: 0.1144
MMD_loss	: 5.1187
cond_ent_wt	: 4.7304
Src_reg_loss	: 0.0159
-------------------------------------
[Epoch : 452/500]
Total_loss	: 0.1144
MMD_loss	: 5.1187
cond_ent_wt	: 4.7300
Src_reg_loss	: 0.0159
-------------------------------------
[Epoch : 453/500]
Total_loss	: 0.1144
MMD_loss	: 5.1188
cond_ent_wt	: 4.7296
Src_reg_loss	: 0.0159
-------------------------------------
[Epoch : 454/500]
Total_loss	: 0.1143
MMD_loss	: 5.1188
cond_ent_wt	: 4.7293
Src_reg_loss	: 0.0158
-------------------------------------
[Epoch : 455/500]
Total_loss	: 0.1143
MMD_loss	: 5.1189
cond_ent_wt	: 4.7289
Src_reg_loss	: 0.0158
-------------------------------------
[Epoch : 456/500]
Total_loss	: 0.1143
MMD_loss	: 5.1189
cond_ent_wt	: 4.7286
Src_reg_loss	: 0.0158
-------------------------------------
[Epoch : 457/500]
Total_loss	: 0.1143
MMD_loss	: 5.1189
cond_ent_wt	: 4.7282
Src_reg_loss	: 0.0158
-------------------------------------
[Epoch : 458/500]
Total_loss	: 0.1142
MMD_loss	: 5.1189
cond_ent_wt	: 4.7278
Src_reg_loss	: 0.0158
-------------------------------------
[Epoch : 459/500]
Total_loss	: 0.1142
MMD_loss	: 5.1189
cond_ent_wt	: 4.7275
Src_reg_loss	: 0.0157
-------------------------------------
[Epoch : 460/500]
Total_loss	: 0.1142
MMD_loss	: 5.1189
cond_ent_wt	: 4.7271
Src_reg_loss	: 0.0157
-------------------------------------
[Epoch : 461/500]
Total_loss	: 0.1142
MMD_loss	: 5.1189
cond_ent_wt	: 4.7268
Src_reg_loss	: 0.0157
-------------------------------------
[Epoch : 462/500]
Total_loss	: 0.1141
MMD_loss	: 5.1189
cond_ent_wt	: 4.7264
Src_reg_loss	: 0.0157
-------------------------------------
[Epoch : 463/500]
Total_loss	: 0.1141
MMD_loss	: 5.1188
cond_ent_wt	: 4.7261
Src_reg_loss	: 0.0157
-------------------------------------
[Epoch : 464/500]
Total_loss	: 0.1141
MMD_loss	: 5.1188
cond_ent_wt	: 4.7257
Src_reg_loss	: 0.0156
-------------------------------------
[Epoch : 465/500]
Total_loss	: 0.1141
MMD_loss	: 5.1187
cond_ent_wt	: 4.7254
Src_reg_loss	: 0.0156
-------------------------------------
[Epoch : 466/500]
Total_loss	: 0.1140
MMD_loss	: 5.1187
cond_ent_wt	: 4.7250
Src_reg_loss	: 0.0156
-------------------------------------
[Epoch : 467/500]
Total_loss	: 0.1140
MMD_loss	: 5.1186
cond_ent_wt	: 4.7247
Src_reg_loss	: 0.0156
-------------------------------------
[Epoch : 468/500]
Total_loss	: 0.1140
MMD_loss	: 5.1185
cond_ent_wt	: 4.7243
Src_reg_loss	: 0.0156
-------------------------------------
[Epoch : 469/500]
Total_loss	: 0.1140
MMD_loss	: 5.1184
cond_ent_wt	: 4.7240
Src_reg_loss	: 0.0155
-------------------------------------
[Epoch : 470/500]
Total_loss	: 0.1139
MMD_loss	: 5.1183
cond_ent_wt	: 4.7236
Src_reg_loss	: 0.0155
-------------------------------------
[Epoch : 471/500]
Total_loss	: 0.1139
MMD_loss	: 5.1182
cond_ent_wt	: 4.7233
Src_reg_loss	: 0.0155
-------------------------------------
[Epoch : 472/500]
Total_loss	: 0.1139
MMD_loss	: 5.1181
cond_ent_wt	: 4.7229
Src_reg_loss	: 0.0155
-------------------------------------
[Epoch : 473/500]
Total_loss	: 0.1139
MMD_loss	: 5.1180
cond_ent_wt	: 4.7226
Src_reg_loss	: 0.0155
-------------------------------------
[Epoch : 474/500]
Total_loss	: 0.1138
MMD_loss	: 5.1179
cond_ent_wt	: 4.7222
Src_reg_loss	: 0.0154
-------------------------------------
[Epoch : 475/500]
Total_loss	: 0.1138
MMD_loss	: 5.1178
cond_ent_wt	: 4.7219
Src_reg_loss	: 0.0154
-------------------------------------
[Epoch : 476/500]
Total_loss	: 0.1138
MMD_loss	: 5.1176
cond_ent_wt	: 4.7216
Src_reg_loss	: 0.0154
-------------------------------------
[Epoch : 477/500]
Total_loss	: 0.1138
MMD_loss	: 5.1175
cond_ent_wt	: 4.7212
Src_reg_loss	: 0.0154
-------------------------------------
[Epoch : 478/500]
Total_loss	: 0.1137
MMD_loss	: 5.1172
cond_ent_wt	: 4.7209
Src_reg_loss	: 0.0154
-------------------------------------
[Epoch : 479/500]
Total_loss	: 0.1137
MMD_loss	: 5.1170
cond_ent_wt	: 4.7205
Src_reg_loss	: 0.0153
-------------------------------------
[Epoch : 480/500]
Total_loss	: 0.1137
MMD_loss	: 5.1168
cond_ent_wt	: 4.7202
Src_reg_loss	: 0.0153
-------------------------------------
[Epoch : 481/500]
Total_loss	: 0.1137
MMD_loss	: 5.1166
cond_ent_wt	: 4.7199
Src_reg_loss	: 0.0153
-------------------------------------
[Epoch : 482/500]
Total_loss	: 0.1136
MMD_loss	: 5.1165
cond_ent_wt	: 4.7195
Src_reg_loss	: 0.0153
-------------------------------------
[Epoch : 483/500]
Total_loss	: 0.1136
MMD_loss	: 5.1163
cond_ent_wt	: 4.7192
Src_reg_loss	: 0.0153
-------------------------------------
[Epoch : 484/500]
Total_loss	: 0.1136
MMD_loss	: 5.1162
cond_ent_wt	: 4.7189
Src_reg_loss	: 0.0152
-------------------------------------
[Epoch : 485/500]
Total_loss	: 0.1136
MMD_loss	: 5.1161
cond_ent_wt	: 4.7185
Src_reg_loss	: 0.0152
-------------------------------------
[Epoch : 486/500]
Total_loss	: 0.1135
MMD_loss	: 5.1159
cond_ent_wt	: 4.7182
Src_reg_loss	: 0.0152
-------------------------------------
[Epoch : 487/500]
Total_loss	: 0.1135
MMD_loss	: 5.1157
cond_ent_wt	: 4.7179
Src_reg_loss	: 0.0152
-------------------------------------
[Epoch : 488/500]
Total_loss	: 0.1135
MMD_loss	: 5.1154
cond_ent_wt	: 4.7175
Src_reg_loss	: 0.0152
-------------------------------------
[Epoch : 489/500]
Total_loss	: 0.1135
MMD_loss	: 5.1151
cond_ent_wt	: 4.7172
Src_reg_loss	: 0.0151
-------------------------------------
[Epoch : 490/500]
Total_loss	: 0.1134
MMD_loss	: 5.1147
cond_ent_wt	: 4.7169
Src_reg_loss	: 0.0151
-------------------------------------
[Epoch : 491/500]
Total_loss	: 0.1134
MMD_loss	: 5.1144
cond_ent_wt	: 4.7165
Src_reg_loss	: 0.0151
-------------------------------------
[Epoch : 492/500]
Total_loss	: 0.1134
MMD_loss	: 5.1141
cond_ent_wt	: 4.7162
Src_reg_loss	: 0.0151
-------------------------------------
[Epoch : 493/500]
Total_loss	: 0.1134
MMD_loss	: 5.1139
cond_ent_wt	: 4.7159
Src_reg_loss	: 0.0151
-------------------------------------
[Epoch : 494/500]
Total_loss	: 0.1133
MMD_loss	: 5.1137
cond_ent_wt	: 4.7156
Src_reg_loss	: 0.0151
-------------------------------------
[Epoch : 495/500]
Total_loss	: 0.1133
MMD_loss	: 5.1135
cond_ent_wt	: 4.7152
Src_reg_loss	: 0.0150
-------------------------------------
[Epoch : 496/500]
Total_loss	: 0.1133
MMD_loss	: 5.1133
cond_ent_wt	: 4.7149
Src_reg_loss	: 0.0150
-------------------------------------
[Epoch : 497/500]
Total_loss	: 0.1133
MMD_loss	: 5.1131
cond_ent_wt	: 4.7146
Src_reg_loss	: 0.0150
-------------------------------------
[Epoch : 498/500]
Total_loss	: 0.1133
MMD_loss	: 5.1129
cond_ent_wt	: 4.7143
Src_reg_loss	: 0.0150
-------------------------------------
[Epoch : 499/500]
Total_loss	: 0.1132
MMD_loss	: 5.1126
cond_ent_wt	: 4.7139
Src_reg_loss	: 0.0150
-------------------------------------
[Epoch : 500/500]
Total_loss	: 0.1132
MMD_loss	: 5.1124
cond_ent_wt	: 4.7136
Src_reg_loss	: 0.0149
-------------------------------------
