=============================================
Dataset: Airbox
Method:  AirDA
=============================================
Source: 0 ---> Target: 3
=============================================
[Epoch : 1/500]
Total_loss	: 0.3209
MMD_loss	: 0.8407
Src_reg_loss	: 0.3125
-------------------------------------
[Epoch : 2/500]
Total_loss	: 0.3049
MMD_loss	: 0.8418
Src_reg_loss	: 0.2965
-------------------------------------
[Epoch : 3/500]
Total_loss	: 0.2904
MMD_loss	: 0.8428
Src_reg_loss	: 0.2820
-------------------------------------
[Epoch : 4/500]
Total_loss	: 0.2763
MMD_loss	: 0.8436
Src_reg_loss	: 0.2678
-------------------------------------
[Epoch : 5/500]
Total_loss	: 0.2620
MMD_loss	: 0.8444
Src_reg_loss	: 0.2536
-------------------------------------
[Epoch : 6/500]
Total_loss	: 0.2473
MMD_loss	: 0.8452
Src_reg_loss	: 0.2389
-------------------------------------
[Epoch : 7/500]
Total_loss	: 0.2319
MMD_loss	: 0.8463
Src_reg_loss	: 0.2235
-------------------------------------
[Epoch : 8/500]
Total_loss	: 0.2159
MMD_loss	: 0.8478
Src_reg_loss	: 0.2074
-------------------------------------
[Epoch : 9/500]
Total_loss	: 0.1999
MMD_loss	: 0.8501
Src_reg_loss	: 0.1914
-------------------------------------
[Epoch : 10/500]
Total_loss	: 0.1849
MMD_loss	: 0.8532
Src_reg_loss	: 0.1764
-------------------------------------
[Epoch : 11/500]
Total_loss	: 0.1723
MMD_loss	: 0.8572
Src_reg_loss	: 0.1637
-------------------------------------
[Epoch : 12/500]
Total_loss	: 0.1621
MMD_loss	: 0.8612
Src_reg_loss	: 0.1535
-------------------------------------
[Epoch : 13/500]
Total_loss	: 0.1532
MMD_loss	: 0.8644
Src_reg_loss	: 0.1446
-------------------------------------
[Epoch : 14/500]
Total_loss	: 0.1454
MMD_loss	: 0.8668
Src_reg_loss	: 0.1368
-------------------------------------
[Epoch : 15/500]
Total_loss	: 0.1387
MMD_loss	: 0.8689
Src_reg_loss	: 0.1300
-------------------------------------
[Epoch : 16/500]
Total_loss	: 0.1329
MMD_loss	: 0.8709
Src_reg_loss	: 0.1241
-------------------------------------
[Epoch : 17/500]
Total_loss	: 0.1277
MMD_loss	: 0.8729
Src_reg_loss	: 0.1189
-------------------------------------
[Epoch : 18/500]
Total_loss	: 0.1230
MMD_loss	: 0.8752
Src_reg_loss	: 0.1143
-------------------------------------
[Epoch : 19/500]
Total_loss	: 0.1189
MMD_loss	: 0.8775
Src_reg_loss	: 0.1101
-------------------------------------
[Epoch : 20/500]
Total_loss	: 0.1151
MMD_loss	: 0.8797
Src_reg_loss	: 0.1063
-------------------------------------
[Epoch : 21/500]
Total_loss	: 0.1117
MMD_loss	: 0.8818
Src_reg_loss	: 0.1029
-------------------------------------
[Epoch : 22/500]
Total_loss	: 0.1087
MMD_loss	: 0.8839
Src_reg_loss	: 0.0998
-------------------------------------
[Epoch : 23/500]
Total_loss	: 0.1058
MMD_loss	: 0.8858
Src_reg_loss	: 0.0970
-------------------------------------
[Epoch : 24/500]
Total_loss	: 0.1033
MMD_loss	: 0.8876
Src_reg_loss	: 0.0944
-------------------------------------
[Epoch : 25/500]
Total_loss	: 0.1009
MMD_loss	: 0.8894
Src_reg_loss	: 0.0920
-------------------------------------
[Epoch : 26/500]
Total_loss	: 0.0987
MMD_loss	: 0.8911
Src_reg_loss	: 0.0898
-------------------------------------
[Epoch : 27/500]
Total_loss	: 0.0966
MMD_loss	: 0.8927
Src_reg_loss	: 0.0877
-------------------------------------
[Epoch : 28/500]
Total_loss	: 0.0947
MMD_loss	: 0.8941
Src_reg_loss	: 0.0858
-------------------------------------
[Epoch : 29/500]
Total_loss	: 0.0930
MMD_loss	: 0.8953
Src_reg_loss	: 0.0840
-------------------------------------
[Epoch : 30/500]
Total_loss	: 0.0913
MMD_loss	: 0.8963
Src_reg_loss	: 0.0823
-------------------------------------
[Epoch : 31/500]
Total_loss	: 0.0897
MMD_loss	: 0.8971
Src_reg_loss	: 0.0808
-------------------------------------
[Epoch : 32/500]
Total_loss	: 0.0883
MMD_loss	: 0.8976
Src_reg_loss	: 0.0793
-------------------------------------
[Epoch : 33/500]
Total_loss	: 0.0869
MMD_loss	: 0.8980
Src_reg_loss	: 0.0779
-------------------------------------
[Epoch : 34/500]
Total_loss	: 0.0856
MMD_loss	: 0.8982
Src_reg_loss	: 0.0766
-------------------------------------
[Epoch : 35/500]
Total_loss	: 0.0844
MMD_loss	: 0.8981
Src_reg_loss	: 0.0754
-------------------------------------
[Epoch : 36/500]
Total_loss	: 0.0832
MMD_loss	: 0.8979
Src_reg_loss	: 0.0742
-------------------------------------
[Epoch : 37/500]
Total_loss	: 0.0821
MMD_loss	: 0.8974
Src_reg_loss	: 0.0731
-------------------------------------
[Epoch : 38/500]
Total_loss	: 0.0810
MMD_loss	: 0.8968
Src_reg_loss	: 0.0721
-------------------------------------
[Epoch : 39/500]
Total_loss	: 0.0800
MMD_loss	: 0.8961
Src_reg_loss	: 0.0711
-------------------------------------
[Epoch : 40/500]
Total_loss	: 0.0791
MMD_loss	: 0.8952
Src_reg_loss	: 0.0701
-------------------------------------
[Epoch : 41/500]
Total_loss	: 0.0781
MMD_loss	: 0.8942
Src_reg_loss	: 0.0692
-------------------------------------
[Epoch : 42/500]
Total_loss	: 0.0773
MMD_loss	: 0.8930
Src_reg_loss	: 0.0683
-------------------------------------
[Epoch : 43/500]
Total_loss	: 0.0764
MMD_loss	: 0.8918
Src_reg_loss	: 0.0675
-------------------------------------
[Epoch : 44/500]
Total_loss	: 0.0756
MMD_loss	: 0.8904
Src_reg_loss	: 0.0667
-------------------------------------
[Epoch : 45/500]
Total_loss	: 0.0748
MMD_loss	: 0.8889
Src_reg_loss	: 0.0659
-------------------------------------
[Epoch : 46/500]
Total_loss	: 0.0741
MMD_loss	: 0.8874
Src_reg_loss	: 0.0652
-------------------------------------
[Epoch : 47/500]
Total_loss	: 0.0734
MMD_loss	: 0.8858
Src_reg_loss	: 0.0645
-------------------------------------
[Epoch : 48/500]
Total_loss	: 0.0727
MMD_loss	: 0.8842
Src_reg_loss	: 0.0638
-------------------------------------
[Epoch : 49/500]
Total_loss	: 0.0720
MMD_loss	: 0.8825
Src_reg_loss	: 0.0632
-------------------------------------
[Epoch : 50/500]
Total_loss	: 0.0714
MMD_loss	: 0.8807
Src_reg_loss	: 0.0625
-------------------------------------
[Epoch : 51/500]
Total_loss	: 0.0707
MMD_loss	: 0.8790
Src_reg_loss	: 0.0619
-------------------------------------
[Epoch : 52/500]
Total_loss	: 0.0701
MMD_loss	: 0.8772
Src_reg_loss	: 0.0614
-------------------------------------
[Epoch : 53/500]
Total_loss	: 0.0695
MMD_loss	: 0.8753
Src_reg_loss	: 0.0608
-------------------------------------
[Epoch : 54/500]
Total_loss	: 0.0690
MMD_loss	: 0.8735
Src_reg_loss	: 0.0602
-------------------------------------
[Epoch : 55/500]
Total_loss	: 0.0684
MMD_loss	: 0.8717
Src_reg_loss	: 0.0597
-------------------------------------
[Epoch : 56/500]
Total_loss	: 0.0679
MMD_loss	: 0.8698
Src_reg_loss	: 0.0592
-------------------------------------
[Epoch : 57/500]
Total_loss	: 0.0674
MMD_loss	: 0.8680
Src_reg_loss	: 0.0587
-------------------------------------
[Epoch : 58/500]
Total_loss	: 0.0669
MMD_loss	: 0.8661
Src_reg_loss	: 0.0582
-------------------------------------
[Epoch : 59/500]
Total_loss	: 0.0664
MMD_loss	: 0.8643
Src_reg_loss	: 0.0578
-------------------------------------
[Epoch : 60/500]
Total_loss	: 0.0659
MMD_loss	: 0.8625
Src_reg_loss	: 0.0573
-------------------------------------
[Epoch : 61/500]
Total_loss	: 0.0655
MMD_loss	: 0.8607
Src_reg_loss	: 0.0569
-------------------------------------
[Epoch : 62/500]
Total_loss	: 0.0650
MMD_loss	: 0.8589
Src_reg_loss	: 0.0564
-------------------------------------
[Epoch : 63/500]
Total_loss	: 0.0646
MMD_loss	: 0.8571
Src_reg_loss	: 0.0560
-------------------------------------
[Epoch : 64/500]
Total_loss	: 0.0641
MMD_loss	: 0.8553
Src_reg_loss	: 0.0556
-------------------------------------
[Epoch : 65/500]
Total_loss	: 0.0637
MMD_loss	: 0.8535
Src_reg_loss	: 0.0552
-------------------------------------
[Epoch : 66/500]
Total_loss	: 0.0633
MMD_loss	: 0.8518
Src_reg_loss	: 0.0548
-------------------------------------
[Epoch : 67/500]
Total_loss	: 0.0629
MMD_loss	: 0.8500
Src_reg_loss	: 0.0544
-------------------------------------
[Epoch : 68/500]
Total_loss	: 0.0625
MMD_loss	: 0.8483
Src_reg_loss	: 0.0541
-------------------------------------
[Epoch : 69/500]
Total_loss	: 0.0622
MMD_loss	: 0.8466
Src_reg_loss	: 0.0537
-------------------------------------
[Epoch : 70/500]
Total_loss	: 0.0618
MMD_loss	: 0.8449
Src_reg_loss	: 0.0534
-------------------------------------
[Epoch : 71/500]
Total_loss	: 0.0614
MMD_loss	: 0.8432
Src_reg_loss	: 0.0530
-------------------------------------
[Epoch : 72/500]
Total_loss	: 0.0611
MMD_loss	: 0.8415
Src_reg_loss	: 0.0527
-------------------------------------
[Epoch : 73/500]
Total_loss	: 0.0607
MMD_loss	: 0.8399
Src_reg_loss	: 0.0523
-------------------------------------
[Epoch : 74/500]
Total_loss	: 0.0604
MMD_loss	: 0.8382
Src_reg_loss	: 0.0520
-------------------------------------
[Epoch : 75/500]
Total_loss	: 0.0601
MMD_loss	: 0.8366
Src_reg_loss	: 0.0517
-------------------------------------
[Epoch : 76/500]
Total_loss	: 0.0598
MMD_loss	: 0.8350
Src_reg_loss	: 0.0514
-------------------------------------
[Epoch : 77/500]
Total_loss	: 0.0594
MMD_loss	: 0.8334
Src_reg_loss	: 0.0511
-------------------------------------
[Epoch : 78/500]
Total_loss	: 0.0591
MMD_loss	: 0.8318
Src_reg_loss	: 0.0508
-------------------------------------
[Epoch : 79/500]
Total_loss	: 0.0588
MMD_loss	: 0.8303
Src_reg_loss	: 0.0505
-------------------------------------
[Epoch : 80/500]
Total_loss	: 0.0585
MMD_loss	: 0.8288
Src_reg_loss	: 0.0502
-------------------------------------
[Epoch : 81/500]
Total_loss	: 0.0582
MMD_loss	: 0.8274
Src_reg_loss	: 0.0500
-------------------------------------
[Epoch : 82/500]
Total_loss	: 0.0579
MMD_loss	: 0.8260
Src_reg_loss	: 0.0497
-------------------------------------
[Epoch : 83/500]
Total_loss	: 0.0577
MMD_loss	: 0.8246
Src_reg_loss	: 0.0494
-------------------------------------
[Epoch : 84/500]
Total_loss	: 0.0574
MMD_loss	: 0.8234
Src_reg_loss	: 0.0492
-------------------------------------
[Epoch : 85/500]
Total_loss	: 0.0571
MMD_loss	: 0.8221
Src_reg_loss	: 0.0489
-------------------------------------
[Epoch : 86/500]
Total_loss	: 0.0568
MMD_loss	: 0.8210
Src_reg_loss	: 0.0486
-------------------------------------
[Epoch : 87/500]
Total_loss	: 0.0566
MMD_loss	: 0.8199
Src_reg_loss	: 0.0484
-------------------------------------
[Epoch : 88/500]
Total_loss	: 0.0563
MMD_loss	: 0.8189
Src_reg_loss	: 0.0481
-------------------------------------
[Epoch : 89/500]
Total_loss	: 0.0561
MMD_loss	: 0.8180
Src_reg_loss	: 0.0479
-------------------------------------
[Epoch : 90/500]
Total_loss	: 0.0558
MMD_loss	: 0.8172
Src_reg_loss	: 0.0477
-------------------------------------
[Epoch : 91/500]
Total_loss	: 0.0556
MMD_loss	: 0.8165
Src_reg_loss	: 0.0474
-------------------------------------
[Epoch : 92/500]
Total_loss	: 0.0554
MMD_loss	: 0.8159
Src_reg_loss	: 0.0472
-------------------------------------
[Epoch : 93/500]
Total_loss	: 0.0551
MMD_loss	: 0.8153
Src_reg_loss	: 0.0470
-------------------------------------
[Epoch : 94/500]
Total_loss	: 0.0549
MMD_loss	: 0.8149
Src_reg_loss	: 0.0468
-------------------------------------
[Epoch : 95/500]
Total_loss	: 0.0547
MMD_loss	: 0.8146
Src_reg_loss	: 0.0465
-------------------------------------
[Epoch : 96/500]
Total_loss	: 0.0545
MMD_loss	: 0.8143
Src_reg_loss	: 0.0463
-------------------------------------
[Epoch : 97/500]
Total_loss	: 0.0542
MMD_loss	: 0.8142
Src_reg_loss	: 0.0461
-------------------------------------
[Epoch : 98/500]
Total_loss	: 0.0540
MMD_loss	: 0.8142
Src_reg_loss	: 0.0459
-------------------------------------
[Epoch : 99/500]
Total_loss	: 0.0538
MMD_loss	: 0.8142
Src_reg_loss	: 0.0457
-------------------------------------
[Epoch : 100/500]
Total_loss	: 0.0536
MMD_loss	: 0.8144
Src_reg_loss	: 0.0455
-------------------------------------
[Epoch : 101/500]
Total_loss	: 0.0534
MMD_loss	: 0.8147
Src_reg_loss	: 0.0453
-------------------------------------
[Epoch : 102/500]
Total_loss	: 0.0532
MMD_loss	: 0.8150
Src_reg_loss	: 0.0451
-------------------------------------
[Epoch : 103/500]
Total_loss	: 0.0530
MMD_loss	: 0.8155
Src_reg_loss	: 0.0449
-------------------------------------
[Epoch : 104/500]
Total_loss	: 0.0528
MMD_loss	: 0.8160
Src_reg_loss	: 0.0447
-------------------------------------
[Epoch : 105/500]
Total_loss	: 0.0527
MMD_loss	: 0.8166
Src_reg_loss	: 0.0445
-------------------------------------
[Epoch : 106/500]
Total_loss	: 0.0525
MMD_loss	: 0.8173
Src_reg_loss	: 0.0443
-------------------------------------
[Epoch : 107/500]
Total_loss	: 0.0523
MMD_loss	: 0.8180
Src_reg_loss	: 0.0441
-------------------------------------
[Epoch : 108/500]
Total_loss	: 0.0521
MMD_loss	: 0.8189
Src_reg_loss	: 0.0439
-------------------------------------
[Epoch : 109/500]
Total_loss	: 0.0519
MMD_loss	: 0.8198
Src_reg_loss	: 0.0437
-------------------------------------
[Epoch : 110/500]
Total_loss	: 0.0518
MMD_loss	: 0.8208
Src_reg_loss	: 0.0436
-------------------------------------
[Epoch : 111/500]
Total_loss	: 0.0516
MMD_loss	: 0.8218
Src_reg_loss	: 0.0434
-------------------------------------
[Epoch : 112/500]
Total_loss	: 0.0514
MMD_loss	: 0.8229
Src_reg_loss	: 0.0432
-------------------------------------
[Epoch : 113/500]
Total_loss	: 0.0513
MMD_loss	: 0.8240
Src_reg_loss	: 0.0430
-------------------------------------
[Epoch : 114/500]
Total_loss	: 0.0511
MMD_loss	: 0.8252
Src_reg_loss	: 0.0428
-------------------------------------
[Epoch : 115/500]
Total_loss	: 0.0509
MMD_loss	: 0.8264
Src_reg_loss	: 0.0427
-------------------------------------
[Epoch : 116/500]
Total_loss	: 0.0508
MMD_loss	: 0.8277
Src_reg_loss	: 0.0425
-------------------------------------
[Epoch : 117/500]
Total_loss	: 0.0506
MMD_loss	: 0.8289
Src_reg_loss	: 0.0423
-------------------------------------
[Epoch : 118/500]
Total_loss	: 0.0505
MMD_loss	: 0.8302
Src_reg_loss	: 0.0422
-------------------------------------
[Epoch : 119/500]
Total_loss	: 0.0503
MMD_loss	: 0.8315
Src_reg_loss	: 0.0420
-------------------------------------
[Epoch : 120/500]
Total_loss	: 0.0502
MMD_loss	: 0.8328
Src_reg_loss	: 0.0418
-------------------------------------
[Epoch : 121/500]
Total_loss	: 0.0500
MMD_loss	: 0.8341
Src_reg_loss	: 0.0417
-------------------------------------
[Epoch : 122/500]
Total_loss	: 0.0499
MMD_loss	: 0.8354
Src_reg_loss	: 0.0415
-------------------------------------
[Epoch : 123/500]
Total_loss	: 0.0497
MMD_loss	: 0.8367
Src_reg_loss	: 0.0414
-------------------------------------
[Epoch : 124/500]
Total_loss	: 0.0496
MMD_loss	: 0.8380
Src_reg_loss	: 0.0412
-------------------------------------
[Epoch : 125/500]
Total_loss	: 0.0494
MMD_loss	: 0.8393
Src_reg_loss	: 0.0410
-------------------------------------
[Epoch : 126/500]
Total_loss	: 0.0493
MMD_loss	: 0.8405
Src_reg_loss	: 0.0409
-------------------------------------
[Epoch : 127/500]
Total_loss	: 0.0491
MMD_loss	: 0.8418
Src_reg_loss	: 0.0407
-------------------------------------
[Epoch : 128/500]
Total_loss	: 0.0490
MMD_loss	: 0.8430
Src_reg_loss	: 0.0406
-------------------------------------
[Epoch : 129/500]
Total_loss	: 0.0489
MMD_loss	: 0.8442
Src_reg_loss	: 0.0404
-------------------------------------
[Epoch : 130/500]
Total_loss	: 0.0487
MMD_loss	: 0.8453
Src_reg_loss	: 0.0403
-------------------------------------
[Epoch : 131/500]
Total_loss	: 0.0486
MMD_loss	: 0.8465
Src_reg_loss	: 0.0401
-------------------------------------
[Epoch : 132/500]
Total_loss	: 0.0485
MMD_loss	: 0.8476
Src_reg_loss	: 0.0400
-------------------------------------
[Epoch : 133/500]
Total_loss	: 0.0483
MMD_loss	: 0.8487
Src_reg_loss	: 0.0398
-------------------------------------
[Epoch : 134/500]
Total_loss	: 0.0482
MMD_loss	: 0.8497
Src_reg_loss	: 0.0397
-------------------------------------
[Epoch : 135/500]
Total_loss	: 0.0481
MMD_loss	: 0.8507
Src_reg_loss	: 0.0396
-------------------------------------
[Epoch : 136/500]
Total_loss	: 0.0479
MMD_loss	: 0.8517
Src_reg_loss	: 0.0394
-------------------------------------
[Epoch : 137/500]
Total_loss	: 0.0478
MMD_loss	: 0.8526
Src_reg_loss	: 0.0393
-------------------------------------
[Epoch : 138/500]
Total_loss	: 0.0477
MMD_loss	: 0.8536
Src_reg_loss	: 0.0391
-------------------------------------
[Epoch : 139/500]
Total_loss	: 0.0475
MMD_loss	: 0.8544
Src_reg_loss	: 0.0390
-------------------------------------
[Epoch : 140/500]
Total_loss	: 0.0474
MMD_loss	: 0.8553
Src_reg_loss	: 0.0389
-------------------------------------
[Epoch : 141/500]
Total_loss	: 0.0473
MMD_loss	: 0.8561
Src_reg_loss	: 0.0387
-------------------------------------
[Epoch : 142/500]
Total_loss	: 0.0472
MMD_loss	: 0.8569
Src_reg_loss	: 0.0386
-------------------------------------
[Epoch : 143/500]
Total_loss	: 0.0471
MMD_loss	: 0.8576
Src_reg_loss	: 0.0385
-------------------------------------
[Epoch : 144/500]
Total_loss	: 0.0469
MMD_loss	: 0.8584
Src_reg_loss	: 0.0383
-------------------------------------
[Epoch : 145/500]
Total_loss	: 0.0468
MMD_loss	: 0.8591
Src_reg_loss	: 0.0382
-------------------------------------
[Epoch : 146/500]
Total_loss	: 0.0467
MMD_loss	: 0.8597
Src_reg_loss	: 0.0381
-------------------------------------
[Epoch : 147/500]
Total_loss	: 0.0466
MMD_loss	: 0.8604
Src_reg_loss	: 0.0380
-------------------------------------
[Epoch : 148/500]
Total_loss	: 0.0465
MMD_loss	: 0.8610
Src_reg_loss	: 0.0378
-------------------------------------
[Epoch : 149/500]
Total_loss	: 0.0463
MMD_loss	: 0.8616
Src_reg_loss	: 0.0377
-------------------------------------
[Epoch : 150/500]
Total_loss	: 0.0462
MMD_loss	: 0.8621
Src_reg_loss	: 0.0376
-------------------------------------
[Epoch : 151/500]
Total_loss	: 0.0461
MMD_loss	: 0.8627
Src_reg_loss	: 0.0375
-------------------------------------
[Epoch : 152/500]
Total_loss	: 0.0460
MMD_loss	: 0.8632
Src_reg_loss	: 0.0374
-------------------------------------
[Epoch : 153/500]
Total_loss	: 0.0459
MMD_loss	: 0.8637
Src_reg_loss	: 0.0372
-------------------------------------
[Epoch : 154/500]
Total_loss	: 0.0458
MMD_loss	: 0.8642
Src_reg_loss	: 0.0371
-------------------------------------
[Epoch : 155/500]
Total_loss	: 0.0456
MMD_loss	: 0.8646
Src_reg_loss	: 0.0370
-------------------------------------
[Epoch : 156/500]
Total_loss	: 0.0455
MMD_loss	: 0.8651
Src_reg_loss	: 0.0369
-------------------------------------
[Epoch : 157/500]
Total_loss	: 0.0454
MMD_loss	: 0.8655
Src_reg_loss	: 0.0368
-------------------------------------
[Epoch : 158/500]
Total_loss	: 0.0453
MMD_loss	: 0.8659
Src_reg_loss	: 0.0367
-------------------------------------
[Epoch : 159/500]
Total_loss	: 0.0452
MMD_loss	: 0.8663
Src_reg_loss	: 0.0365
-------------------------------------
[Epoch : 160/500]
Total_loss	: 0.0451
MMD_loss	: 0.8666
Src_reg_loss	: 0.0364
-------------------------------------
[Epoch : 161/500]
Total_loss	: 0.0450
MMD_loss	: 0.8670
Src_reg_loss	: 0.0363
-------------------------------------
[Epoch : 162/500]
Total_loss	: 0.0449
MMD_loss	: 0.8674
Src_reg_loss	: 0.0362
-------------------------------------
[Epoch : 163/500]
Total_loss	: 0.0448
MMD_loss	: 0.8677
Src_reg_loss	: 0.0361
-------------------------------------
[Epoch : 164/500]
Total_loss	: 0.0447
MMD_loss	: 0.8680
Src_reg_loss	: 0.0360
-------------------------------------
[Epoch : 165/500]
Total_loss	: 0.0446
MMD_loss	: 0.8683
Src_reg_loss	: 0.0359
-------------------------------------
[Epoch : 166/500]
Total_loss	: 0.0445
MMD_loss	: 0.8686
Src_reg_loss	: 0.0358
-------------------------------------
[Epoch : 167/500]
Total_loss	: 0.0444
MMD_loss	: 0.8689
Src_reg_loss	: 0.0357
-------------------------------------
[Epoch : 168/500]
Total_loss	: 0.0443
MMD_loss	: 0.8692
Src_reg_loss	: 0.0356
-------------------------------------
[Epoch : 169/500]
Total_loss	: 0.0442
MMD_loss	: 0.8695
Src_reg_loss	: 0.0355
-------------------------------------
[Epoch : 170/500]
Total_loss	: 0.0441
MMD_loss	: 0.8698
Src_reg_loss	: 0.0354
-------------------------------------
[Epoch : 171/500]
Total_loss	: 0.0440
MMD_loss	: 0.8701
Src_reg_loss	: 0.0353
-------------------------------------
[Epoch : 172/500]
Total_loss	: 0.0439
MMD_loss	: 0.8703
Src_reg_loss	: 0.0352
-------------------------------------
[Epoch : 173/500]
Total_loss	: 0.0438
MMD_loss	: 0.8706
Src_reg_loss	: 0.0351
-------------------------------------
[Epoch : 174/500]
Total_loss	: 0.0437
MMD_loss	: 0.8709
Src_reg_loss	: 0.0350
-------------------------------------
[Epoch : 175/500]
Total_loss	: 0.0436
MMD_loss	: 0.8711
Src_reg_loss	: 0.0349
-------------------------------------
[Epoch : 176/500]
Total_loss	: 0.0435
MMD_loss	: 0.8714
Src_reg_loss	: 0.0348
-------------------------------------
[Epoch : 177/500]
Total_loss	: 0.0434
MMD_loss	: 0.8716
Src_reg_loss	: 0.0347
-------------------------------------
[Epoch : 178/500]
Total_loss	: 0.0433
MMD_loss	: 0.8718
Src_reg_loss	: 0.0346
-------------------------------------
[Epoch : 179/500]
Total_loss	: 0.0432
MMD_loss	: 0.8721
Src_reg_loss	: 0.0345
-------------------------------------
[Epoch : 180/500]
Total_loss	: 0.0431
MMD_loss	: 0.8723
Src_reg_loss	: 0.0344
-------------------------------------
[Epoch : 181/500]
Total_loss	: 0.0430
MMD_loss	: 0.8726
Src_reg_loss	: 0.0343
-------------------------------------
[Epoch : 182/500]
Total_loss	: 0.0429
MMD_loss	: 0.8728
Src_reg_loss	: 0.0342
-------------------------------------
[Epoch : 183/500]
Total_loss	: 0.0428
MMD_loss	: 0.8730
Src_reg_loss	: 0.0341
-------------------------------------
[Epoch : 184/500]
Total_loss	: 0.0428
MMD_loss	: 0.8733
Src_reg_loss	: 0.0340
-------------------------------------
[Epoch : 185/500]
Total_loss	: 0.0427
MMD_loss	: 0.8735
Src_reg_loss	: 0.0339
-------------------------------------
[Epoch : 186/500]
Total_loss	: 0.0426
MMD_loss	: 0.8737
Src_reg_loss	: 0.0338
-------------------------------------
[Epoch : 187/500]
Total_loss	: 0.0425
MMD_loss	: 0.8740
Src_reg_loss	: 0.0338
-------------------------------------
[Epoch : 188/500]
Total_loss	: 0.0424
MMD_loss	: 0.8742
Src_reg_loss	: 0.0337
-------------------------------------
[Epoch : 189/500]
Total_loss	: 0.0423
MMD_loss	: 0.8745
Src_reg_loss	: 0.0336
-------------------------------------
[Epoch : 190/500]
Total_loss	: 0.0422
MMD_loss	: 0.8747
Src_reg_loss	: 0.0335
-------------------------------------
[Epoch : 191/500]
Total_loss	: 0.0422
MMD_loss	: 0.8749
Src_reg_loss	: 0.0334
-------------------------------------
[Epoch : 192/500]
Total_loss	: 0.0421
MMD_loss	: 0.8752
Src_reg_loss	: 0.0333
-------------------------------------
[Epoch : 193/500]
Total_loss	: 0.0420
MMD_loss	: 0.8754
Src_reg_loss	: 0.0332
-------------------------------------
[Epoch : 194/500]
Total_loss	: 0.0419
MMD_loss	: 0.8757
Src_reg_loss	: 0.0331
-------------------------------------
[Epoch : 195/500]
Total_loss	: 0.0418
MMD_loss	: 0.8759
Src_reg_loss	: 0.0331
-------------------------------------
[Epoch : 196/500]
Total_loss	: 0.0417
MMD_loss	: 0.8762
Src_reg_loss	: 0.0330
-------------------------------------
[Epoch : 197/500]
Total_loss	: 0.0417
MMD_loss	: 0.8764
Src_reg_loss	: 0.0329
-------------------------------------
[Epoch : 198/500]
Total_loss	: 0.0416
MMD_loss	: 0.8767
Src_reg_loss	: 0.0328
-------------------------------------
[Epoch : 199/500]
Total_loss	: 0.0415
MMD_loss	: 0.8769
Src_reg_loss	: 0.0327
-------------------------------------
[Epoch : 200/500]
Total_loss	: 0.0414
MMD_loss	: 0.8772
Src_reg_loss	: 0.0327
-------------------------------------
[Epoch : 201/500]
Total_loss	: 0.0413
MMD_loss	: 0.8775
Src_reg_loss	: 0.0326
-------------------------------------
[Epoch : 202/500]
Total_loss	: 0.0413
MMD_loss	: 0.8777
Src_reg_loss	: 0.0325
-------------------------------------
[Epoch : 203/500]
Total_loss	: 0.0412
MMD_loss	: 0.8780
Src_reg_loss	: 0.0324
-------------------------------------
[Epoch : 204/500]
Total_loss	: 0.0411
MMD_loss	: 0.8783
Src_reg_loss	: 0.0323
-------------------------------------
[Epoch : 205/500]
Total_loss	: 0.0410
MMD_loss	: 0.8786
Src_reg_loss	: 0.0323
-------------------------------------
[Epoch : 206/500]
Total_loss	: 0.0410
MMD_loss	: 0.8788
Src_reg_loss	: 0.0322
-------------------------------------
[Epoch : 207/500]
Total_loss	: 0.0409
MMD_loss	: 0.8791
Src_reg_loss	: 0.0321
-------------------------------------
[Epoch : 208/500]
Total_loss	: 0.0408
MMD_loss	: 0.8794
Src_reg_loss	: 0.0320
-------------------------------------
[Epoch : 209/500]
Total_loss	: 0.0407
MMD_loss	: 0.8797
Src_reg_loss	: 0.0319
-------------------------------------
[Epoch : 210/500]
Total_loss	: 0.0407
MMD_loss	: 0.8800
Src_reg_loss	: 0.0319
-------------------------------------
[Epoch : 211/500]
Total_loss	: 0.0406
MMD_loss	: 0.8803
Src_reg_loss	: 0.0318
-------------------------------------
[Epoch : 212/500]
Total_loss	: 0.0405
MMD_loss	: 0.8806
Src_reg_loss	: 0.0317
-------------------------------------
[Epoch : 213/500]
Total_loss	: 0.0404
MMD_loss	: 0.8809
Src_reg_loss	: 0.0316
-------------------------------------
[Epoch : 214/500]
Total_loss	: 0.0404
MMD_loss	: 0.8812
Src_reg_loss	: 0.0316
-------------------------------------
[Epoch : 215/500]
Total_loss	: 0.0403
MMD_loss	: 0.8815
Src_reg_loss	: 0.0315
-------------------------------------
[Epoch : 216/500]
Total_loss	: 0.0402
MMD_loss	: 0.8818
Src_reg_loss	: 0.0314
-------------------------------------
[Epoch : 217/500]
Total_loss	: 0.0402
MMD_loss	: 0.8822
Src_reg_loss	: 0.0313
-------------------------------------
[Epoch : 218/500]
Total_loss	: 0.0401
MMD_loss	: 0.8825
Src_reg_loss	: 0.0313
-------------------------------------
[Epoch : 219/500]
Total_loss	: 0.0400
MMD_loss	: 0.8828
Src_reg_loss	: 0.0312
-------------------------------------
[Epoch : 220/500]
Total_loss	: 0.0400
MMD_loss	: 0.8832
Src_reg_loss	: 0.0311
-------------------------------------
[Epoch : 221/500]
Total_loss	: 0.0399
MMD_loss	: 0.8835
Src_reg_loss	: 0.0311
-------------------------------------
[Epoch : 222/500]
Total_loss	: 0.0398
MMD_loss	: 0.8838
Src_reg_loss	: 0.0310
-------------------------------------
[Epoch : 223/500]
Total_loss	: 0.0398
MMD_loss	: 0.8842
Src_reg_loss	: 0.0309
-------------------------------------
[Epoch : 224/500]
Total_loss	: 0.0397
MMD_loss	: 0.8845
Src_reg_loss	: 0.0308
-------------------------------------
[Epoch : 225/500]
Total_loss	: 0.0396
MMD_loss	: 0.8849
Src_reg_loss	: 0.0308
-------------------------------------
[Epoch : 226/500]
Total_loss	: 0.0396
MMD_loss	: 0.8852
Src_reg_loss	: 0.0307
-------------------------------------
[Epoch : 227/500]
Total_loss	: 0.0395
MMD_loss	: 0.8856
Src_reg_loss	: 0.0306
-------------------------------------
[Epoch : 228/500]
Total_loss	: 0.0394
MMD_loss	: 0.8859
Src_reg_loss	: 0.0306
-------------------------------------
[Epoch : 229/500]
Total_loss	: 0.0394
MMD_loss	: 0.8863
Src_reg_loss	: 0.0305
-------------------------------------
[Epoch : 230/500]
Total_loss	: 0.0393
MMD_loss	: 0.8866
Src_reg_loss	: 0.0304
-------------------------------------
[Epoch : 231/500]
Total_loss	: 0.0392
MMD_loss	: 0.8870
Src_reg_loss	: 0.0304
-------------------------------------
[Epoch : 232/500]
Total_loss	: 0.0392
MMD_loss	: 0.8873
Src_reg_loss	: 0.0303
-------------------------------------
[Epoch : 233/500]
Total_loss	: 0.0391
MMD_loss	: 0.8877
Src_reg_loss	: 0.0302
-------------------------------------
[Epoch : 234/500]
Total_loss	: 0.0390
MMD_loss	: 0.8881
Src_reg_loss	: 0.0302
-------------------------------------
[Epoch : 235/500]
Total_loss	: 0.0390
MMD_loss	: 0.8885
Src_reg_loss	: 0.0301
-------------------------------------
[Epoch : 236/500]
Total_loss	: 0.0389
MMD_loss	: 0.8888
Src_reg_loss	: 0.0300
-------------------------------------
[Epoch : 237/500]
Total_loss	: 0.0389
MMD_loss	: 0.8892
Src_reg_loss	: 0.0300
-------------------------------------
[Epoch : 238/500]
Total_loss	: 0.0388
MMD_loss	: 0.8896
Src_reg_loss	: 0.0299
-------------------------------------
[Epoch : 239/500]
Total_loss	: 0.0387
MMD_loss	: 0.8900
Src_reg_loss	: 0.0298
-------------------------------------
[Epoch : 240/500]
Total_loss	: 0.0387
MMD_loss	: 0.8903
Src_reg_loss	: 0.0298
-------------------------------------
[Epoch : 241/500]
Total_loss	: 0.0386
MMD_loss	: 0.8907
Src_reg_loss	: 0.0297
-------------------------------------
[Epoch : 242/500]
Total_loss	: 0.0386
MMD_loss	: 0.8911
Src_reg_loss	: 0.0296
-------------------------------------
[Epoch : 243/500]
Total_loss	: 0.0385
MMD_loss	: 0.8915
Src_reg_loss	: 0.0296
-------------------------------------
[Epoch : 244/500]
Total_loss	: 0.0384
MMD_loss	: 0.8919
Src_reg_loss	: 0.0295
-------------------------------------
[Epoch : 245/500]
Total_loss	: 0.0384
MMD_loss	: 0.8922
Src_reg_loss	: 0.0295
-------------------------------------
[Epoch : 246/500]
Total_loss	: 0.0383
MMD_loss	: 0.8926
Src_reg_loss	: 0.0294
-------------------------------------
[Epoch : 247/500]
Total_loss	: 0.0383
MMD_loss	: 0.8930
Src_reg_loss	: 0.0293
-------------------------------------
[Epoch : 248/500]
Total_loss	: 0.0382
MMD_loss	: 0.8934
Src_reg_loss	: 0.0293
-------------------------------------
[Epoch : 249/500]
Total_loss	: 0.0381
MMD_loss	: 0.8938
Src_reg_loss	: 0.0292
-------------------------------------
[Epoch : 250/500]
Total_loss	: 0.0381
MMD_loss	: 0.8942
Src_reg_loss	: 0.0291
-------------------------------------
[Epoch : 251/500]
Total_loss	: 0.0380
MMD_loss	: 0.8946
Src_reg_loss	: 0.0291
-------------------------------------
[Epoch : 252/500]
Total_loss	: 0.0380
MMD_loss	: 0.8950
Src_reg_loss	: 0.0290
-------------------------------------
[Epoch : 253/500]
Total_loss	: 0.0379
MMD_loss	: 0.8954
Src_reg_loss	: 0.0290
-------------------------------------
[Epoch : 254/500]
Total_loss	: 0.0379
MMD_loss	: 0.8958
Src_reg_loss	: 0.0289
-------------------------------------
[Epoch : 255/500]
Total_loss	: 0.0378
MMD_loss	: 0.8962
Src_reg_loss	: 0.0288
-------------------------------------
[Epoch : 256/500]
Total_loss	: 0.0378
MMD_loss	: 0.8966
Src_reg_loss	: 0.0288
-------------------------------------
[Epoch : 257/500]
Total_loss	: 0.0377
MMD_loss	: 0.8970
Src_reg_loss	: 0.0287
-------------------------------------
[Epoch : 258/500]
Total_loss	: 0.0376
MMD_loss	: 0.8974
Src_reg_loss	: 0.0287
-------------------------------------
[Epoch : 259/500]
Total_loss	: 0.0376
MMD_loss	: 0.8978
Src_reg_loss	: 0.0286
-------------------------------------
[Epoch : 260/500]
Total_loss	: 0.0375
MMD_loss	: 0.8982
Src_reg_loss	: 0.0286
-------------------------------------
[Epoch : 261/500]
Total_loss	: 0.0375
MMD_loss	: 0.8986
Src_reg_loss	: 0.0285
-------------------------------------
[Epoch : 262/500]
Total_loss	: 0.0374
MMD_loss	: 0.8990
Src_reg_loss	: 0.0284
-------------------------------------
[Epoch : 263/500]
Total_loss	: 0.0374
MMD_loss	: 0.8994
Src_reg_loss	: 0.0284
-------------------------------------
[Epoch : 264/500]
Total_loss	: 0.0373
MMD_loss	: 0.8998
Src_reg_loss	: 0.0283
-------------------------------------
[Epoch : 265/500]
Total_loss	: 0.0373
MMD_loss	: 0.9002
Src_reg_loss	: 0.0283
-------------------------------------
[Epoch : 266/500]
Total_loss	: 0.0372
MMD_loss	: 0.9006
Src_reg_loss	: 0.0282
-------------------------------------
[Epoch : 267/500]
Total_loss	: 0.0372
MMD_loss	: 0.9010
Src_reg_loss	: 0.0282
-------------------------------------
[Epoch : 268/500]
Total_loss	: 0.0371
MMD_loss	: 0.9014
Src_reg_loss	: 0.0281
-------------------------------------
[Epoch : 269/500]
Total_loss	: 0.0371
MMD_loss	: 0.9018
Src_reg_loss	: 0.0281
-------------------------------------
[Epoch : 270/500]
Total_loss	: 0.0370
MMD_loss	: 0.9022
Src_reg_loss	: 0.0280
-------------------------------------
[Epoch : 271/500]
Total_loss	: 0.0370
MMD_loss	: 0.9026
Src_reg_loss	: 0.0279
-------------------------------------
[Epoch : 272/500]
Total_loss	: 0.0369
MMD_loss	: 0.9030
Src_reg_loss	: 0.0279
-------------------------------------
[Epoch : 273/500]
Total_loss	: 0.0369
MMD_loss	: 0.9035
Src_reg_loss	: 0.0278
-------------------------------------
[Epoch : 274/500]
Total_loss	: 0.0368
MMD_loss	: 0.9039
Src_reg_loss	: 0.0278
-------------------------------------
[Epoch : 275/500]
Total_loss	: 0.0368
MMD_loss	: 0.9043
Src_reg_loss	: 0.0277
-------------------------------------
[Epoch : 276/500]
Total_loss	: 0.0367
MMD_loss	: 0.9047
Src_reg_loss	: 0.0277
-------------------------------------
[Epoch : 277/500]
Total_loss	: 0.0367
MMD_loss	: 0.9051
Src_reg_loss	: 0.0276
-------------------------------------
[Epoch : 278/500]
Total_loss	: 0.0366
MMD_loss	: 0.9055
Src_reg_loss	: 0.0276
-------------------------------------
[Epoch : 279/500]
Total_loss	: 0.0366
MMD_loss	: 0.9059
Src_reg_loss	: 0.0275
-------------------------------------
[Epoch : 280/500]
Total_loss	: 0.0365
MMD_loss	: 0.9063
Src_reg_loss	: 0.0275
-------------------------------------
[Epoch : 281/500]
Total_loss	: 0.0365
MMD_loss	: 0.9067
Src_reg_loss	: 0.0274
-------------------------------------
[Epoch : 282/500]
Total_loss	: 0.0364
MMD_loss	: 0.9071
Src_reg_loss	: 0.0274
-------------------------------------
[Epoch : 283/500]
Total_loss	: 0.0364
MMD_loss	: 0.9075
Src_reg_loss	: 0.0273
-------------------------------------
[Epoch : 284/500]
Total_loss	: 0.0363
MMD_loss	: 0.9079
Src_reg_loss	: 0.0273
-------------------------------------
[Epoch : 285/500]
Total_loss	: 0.0363
MMD_loss	: 0.9083
Src_reg_loss	: 0.0272
-------------------------------------
[Epoch : 286/500]
Total_loss	: 0.0363
MMD_loss	: 0.9087
Src_reg_loss	: 0.0272
-------------------------------------
[Epoch : 287/500]
Total_loss	: 0.0362
MMD_loss	: 0.9091
Src_reg_loss	: 0.0271
-------------------------------------
[Epoch : 288/500]
Total_loss	: 0.0362
MMD_loss	: 0.9095
Src_reg_loss	: 0.0271
-------------------------------------
[Epoch : 289/500]
Total_loss	: 0.0361
MMD_loss	: 0.9099
Src_reg_loss	: 0.0270
-------------------------------------
[Epoch : 290/500]
Total_loss	: 0.0361
MMD_loss	: 0.9103
Src_reg_loss	: 0.0270
-------------------------------------
[Epoch : 291/500]
Total_loss	: 0.0360
MMD_loss	: 0.9106
Src_reg_loss	: 0.0269
-------------------------------------
[Epoch : 292/500]
Total_loss	: 0.0360
MMD_loss	: 0.9110
Src_reg_loss	: 0.0269
-------------------------------------
[Epoch : 293/500]
Total_loss	: 0.0359
MMD_loss	: 0.9114
Src_reg_loss	: 0.0268
-------------------------------------
[Epoch : 294/500]
Total_loss	: 0.0359
MMD_loss	: 0.9118
Src_reg_loss	: 0.0268
-------------------------------------
[Epoch : 295/500]
Total_loss	: 0.0359
MMD_loss	: 0.9122
Src_reg_loss	: 0.0267
-------------------------------------
[Epoch : 296/500]
Total_loss	: 0.0358
MMD_loss	: 0.9126
Src_reg_loss	: 0.0267
-------------------------------------
[Epoch : 297/500]
Total_loss	: 0.0358
MMD_loss	: 0.9130
Src_reg_loss	: 0.0266
-------------------------------------
[Epoch : 298/500]
Total_loss	: 0.0357
MMD_loss	: 0.9134
Src_reg_loss	: 0.0266
-------------------------------------
[Epoch : 299/500]
Total_loss	: 0.0357
MMD_loss	: 0.9138
Src_reg_loss	: 0.0265
-------------------------------------
[Epoch : 300/500]
Total_loss	: 0.0356
MMD_loss	: 0.9142
Src_reg_loss	: 0.0265
-------------------------------------
[Epoch : 301/500]
Total_loss	: 0.0356
MMD_loss	: 0.9145
Src_reg_loss	: 0.0264
-------------------------------------
[Epoch : 302/500]
Total_loss	: 0.0356
MMD_loss	: 0.9149
Src_reg_loss	: 0.0264
-------------------------------------
[Epoch : 303/500]
Total_loss	: 0.0355
MMD_loss	: 0.9153
Src_reg_loss	: 0.0264
-------------------------------------
[Epoch : 304/500]
Total_loss	: 0.0355
MMD_loss	: 0.9157
Src_reg_loss	: 0.0263
-------------------------------------
[Epoch : 305/500]
Total_loss	: 0.0354
MMD_loss	: 0.9161
Src_reg_loss	: 0.0263
-------------------------------------
[Epoch : 306/500]
Total_loss	: 0.0354
MMD_loss	: 0.9165
Src_reg_loss	: 0.0262
-------------------------------------
[Epoch : 307/500]
Total_loss	: 0.0353
MMD_loss	: 0.9169
Src_reg_loss	: 0.0262
-------------------------------------
[Epoch : 308/500]
Total_loss	: 0.0353
MMD_loss	: 0.9172
Src_reg_loss	: 0.0261
-------------------------------------
[Epoch : 309/500]
Total_loss	: 0.0353
MMD_loss	: 0.9176
Src_reg_loss	: 0.0261
-------------------------------------
[Epoch : 310/500]
Total_loss	: 0.0352
MMD_loss	: 0.9180
Src_reg_loss	: 0.0260
-------------------------------------
[Epoch : 311/500]
Total_loss	: 0.0352
MMD_loss	: 0.9184
Src_reg_loss	: 0.0260
-------------------------------------
[Epoch : 312/500]
Total_loss	: 0.0351
MMD_loss	: 0.9187
Src_reg_loss	: 0.0260
-------------------------------------
[Epoch : 313/500]
Total_loss	: 0.0351
MMD_loss	: 0.9191
Src_reg_loss	: 0.0259
-------------------------------------
[Epoch : 314/500]
Total_loss	: 0.0351
MMD_loss	: 0.9195
Src_reg_loss	: 0.0259
-------------------------------------
[Epoch : 315/500]
Total_loss	: 0.0350
MMD_loss	: 0.9199
Src_reg_loss	: 0.0258
-------------------------------------
[Epoch : 316/500]
Total_loss	: 0.0350
MMD_loss	: 0.9202
Src_reg_loss	: 0.0258
-------------------------------------
[Epoch : 317/500]
Total_loss	: 0.0349
MMD_loss	: 0.9206
Src_reg_loss	: 0.0257
-------------------------------------
[Epoch : 318/500]
Total_loss	: 0.0349
MMD_loss	: 0.9210
Src_reg_loss	: 0.0257
-------------------------------------
[Epoch : 319/500]
Total_loss	: 0.0349
MMD_loss	: 0.9214
Src_reg_loss	: 0.0257
-------------------------------------
[Epoch : 320/500]
Total_loss	: 0.0348
MMD_loss	: 0.9217
Src_reg_loss	: 0.0256
-------------------------------------
[Epoch : 321/500]
Total_loss	: 0.0348
MMD_loss	: 0.9221
Src_reg_loss	: 0.0256
-------------------------------------
[Epoch : 322/500]
Total_loss	: 0.0348
MMD_loss	: 0.9225
Src_reg_loss	: 0.0255
-------------------------------------
[Epoch : 323/500]
Total_loss	: 0.0347
MMD_loss	: 0.9228
Src_reg_loss	: 0.0255
-------------------------------------
[Epoch : 324/500]
Total_loss	: 0.0347
MMD_loss	: 0.9232
Src_reg_loss	: 0.0254
-------------------------------------
[Epoch : 325/500]
Total_loss	: 0.0346
MMD_loss	: 0.9236
Src_reg_loss	: 0.0254
-------------------------------------
[Epoch : 326/500]
Total_loss	: 0.0346
MMD_loss	: 0.9239
Src_reg_loss	: 0.0254
-------------------------------------
[Epoch : 327/500]
Total_loss	: 0.0346
MMD_loss	: 0.9243
Src_reg_loss	: 0.0253
-------------------------------------
[Epoch : 328/500]
Total_loss	: 0.0345
MMD_loss	: 0.9247
Src_reg_loss	: 0.0253
-------------------------------------
[Epoch : 329/500]
Total_loss	: 0.0345
MMD_loss	: 0.9250
Src_reg_loss	: 0.0252
-------------------------------------
[Epoch : 330/500]
Total_loss	: 0.0345
MMD_loss	: 0.9254
Src_reg_loss	: 0.0252
-------------------------------------
[Epoch : 331/500]
Total_loss	: 0.0344
MMD_loss	: 0.9257
Src_reg_loss	: 0.0252
-------------------------------------
[Epoch : 332/500]
Total_loss	: 0.0344
MMD_loss	: 0.9261
Src_reg_loss	: 0.0251
-------------------------------------
[Epoch : 333/500]
Total_loss	: 0.0344
MMD_loss	: 0.9265
Src_reg_loss	: 0.0251
-------------------------------------
[Epoch : 334/500]
Total_loss	: 0.0343
MMD_loss	: 0.9268
Src_reg_loss	: 0.0250
-------------------------------------
[Epoch : 335/500]
Total_loss	: 0.0343
MMD_loss	: 0.9272
Src_reg_loss	: 0.0250
-------------------------------------
[Epoch : 336/500]
Total_loss	: 0.0342
MMD_loss	: 0.9275
Src_reg_loss	: 0.0250
-------------------------------------
[Epoch : 337/500]
Total_loss	: 0.0342
MMD_loss	: 0.9279
Src_reg_loss	: 0.0249
-------------------------------------
[Epoch : 338/500]
Total_loss	: 0.0342
MMD_loss	: 0.9282
Src_reg_loss	: 0.0249
-------------------------------------
[Epoch : 339/500]
Total_loss	: 0.0341
MMD_loss	: 0.9286
Src_reg_loss	: 0.0249
-------------------------------------
[Epoch : 340/500]
Total_loss	: 0.0341
MMD_loss	: 0.9290
Src_reg_loss	: 0.0248
-------------------------------------
[Epoch : 341/500]
Total_loss	: 0.0341
MMD_loss	: 0.9293
Src_reg_loss	: 0.0248
-------------------------------------
[Epoch : 342/500]
Total_loss	: 0.0340
MMD_loss	: 0.9297
Src_reg_loss	: 0.0247
-------------------------------------
[Epoch : 343/500]
Total_loss	: 0.0340
MMD_loss	: 0.9300
Src_reg_loss	: 0.0247
-------------------------------------
[Epoch : 344/500]
Total_loss	: 0.0340
MMD_loss	: 0.9304
Src_reg_loss	: 0.0247
-------------------------------------
[Epoch : 345/500]
Total_loss	: 0.0339
MMD_loss	: 0.9307
Src_reg_loss	: 0.0246
-------------------------------------
[Epoch : 346/500]
Total_loss	: 0.0339
MMD_loss	: 0.9311
Src_reg_loss	: 0.0246
-------------------------------------
[Epoch : 347/500]
Total_loss	: 0.0339
MMD_loss	: 0.9314
Src_reg_loss	: 0.0246
-------------------------------------
[Epoch : 348/500]
Total_loss	: 0.0338
MMD_loss	: 0.9318
Src_reg_loss	: 0.0245
-------------------------------------
[Epoch : 349/500]
Total_loss	: 0.0338
MMD_loss	: 0.9321
Src_reg_loss	: 0.0245
-------------------------------------
[Epoch : 350/500]
Total_loss	: 0.0338
MMD_loss	: 0.9325
Src_reg_loss	: 0.0244
-------------------------------------
[Epoch : 351/500]
Total_loss	: 0.0337
MMD_loss	: 0.9328
Src_reg_loss	: 0.0244
-------------------------------------
[Epoch : 352/500]
Total_loss	: 0.0337
MMD_loss	: 0.9331
Src_reg_loss	: 0.0244
-------------------------------------
[Epoch : 353/500]
Total_loss	: 0.0337
MMD_loss	: 0.9335
Src_reg_loss	: 0.0243
-------------------------------------
[Epoch : 354/500]
Total_loss	: 0.0336
MMD_loss	: 0.9338
Src_reg_loss	: 0.0243
-------------------------------------
[Epoch : 355/500]
Total_loss	: 0.0336
MMD_loss	: 0.9342
Src_reg_loss	: 0.0243
-------------------------------------
[Epoch : 356/500]
Total_loss	: 0.0336
MMD_loss	: 0.9345
Src_reg_loss	: 0.0242
-------------------------------------
[Epoch : 357/500]
Total_loss	: 0.0335
MMD_loss	: 0.9349
Src_reg_loss	: 0.0242
-------------------------------------
[Epoch : 358/500]
Total_loss	: 0.0335
MMD_loss	: 0.9352
Src_reg_loss	: 0.0242
-------------------------------------
[Epoch : 359/500]
Total_loss	: 0.0335
MMD_loss	: 0.9355
Src_reg_loss	: 0.0241
-------------------------------------
[Epoch : 360/500]
Total_loss	: 0.0335
MMD_loss	: 0.9359
Src_reg_loss	: 0.0241
-------------------------------------
[Epoch : 361/500]
Total_loss	: 0.0334
MMD_loss	: 0.9362
Src_reg_loss	: 0.0241
-------------------------------------
[Epoch : 362/500]
Total_loss	: 0.0334
MMD_loss	: 0.9366
Src_reg_loss	: 0.0240
-------------------------------------
[Epoch : 363/500]
Total_loss	: 0.0334
MMD_loss	: 0.9369
Src_reg_loss	: 0.0240
-------------------------------------
[Epoch : 364/500]
Total_loss	: 0.0333
MMD_loss	: 0.9372
Src_reg_loss	: 0.0240
-------------------------------------
[Epoch : 365/500]
Total_loss	: 0.0333
MMD_loss	: 0.9376
Src_reg_loss	: 0.0239
-------------------------------------
[Epoch : 366/500]
Total_loss	: 0.0333
MMD_loss	: 0.9379
Src_reg_loss	: 0.0239
-------------------------------------
[Epoch : 367/500]
Total_loss	: 0.0332
MMD_loss	: 0.9382
Src_reg_loss	: 0.0239
-------------------------------------
[Epoch : 368/500]
Total_loss	: 0.0332
MMD_loss	: 0.9386
Src_reg_loss	: 0.0238
-------------------------------------
[Epoch : 369/500]
Total_loss	: 0.0332
MMD_loss	: 0.9389
Src_reg_loss	: 0.0238
-------------------------------------
[Epoch : 370/500]
Total_loss	: 0.0331
MMD_loss	: 0.9392
Src_reg_loss	: 0.0238
-------------------------------------
[Epoch : 371/500]
Total_loss	: 0.0331
MMD_loss	: 0.9396
Src_reg_loss	: 0.0237
-------------------------------------
[Epoch : 372/500]
Total_loss	: 0.0331
MMD_loss	: 0.9399
Src_reg_loss	: 0.0237
-------------------------------------
[Epoch : 373/500]
Total_loss	: 0.0331
MMD_loss	: 0.9402
Src_reg_loss	: 0.0237
-------------------------------------
[Epoch : 374/500]
Total_loss	: 0.0330
MMD_loss	: 0.9406
Src_reg_loss	: 0.0236
-------------------------------------
[Epoch : 375/500]
Total_loss	: 0.0330
MMD_loss	: 0.9409
Src_reg_loss	: 0.0236
-------------------------------------
[Epoch : 376/500]
Total_loss	: 0.0330
MMD_loss	: 0.9412
Src_reg_loss	: 0.0236
-------------------------------------
[Epoch : 377/500]
Total_loss	: 0.0329
MMD_loss	: 0.9416
Src_reg_loss	: 0.0235
-------------------------------------
[Epoch : 378/500]
Total_loss	: 0.0329
MMD_loss	: 0.9419
Src_reg_loss	: 0.0235
-------------------------------------
[Epoch : 379/500]
Total_loss	: 0.0329
MMD_loss	: 0.9422
Src_reg_loss	: 0.0235
-------------------------------------
[Epoch : 380/500]
Total_loss	: 0.0329
MMD_loss	: 0.9425
Src_reg_loss	: 0.0234
-------------------------------------
[Epoch : 381/500]
Total_loss	: 0.0328
MMD_loss	: 0.9429
Src_reg_loss	: 0.0234
-------------------------------------
[Epoch : 382/500]
Total_loss	: 0.0328
MMD_loss	: 0.9432
Src_reg_loss	: 0.0234
-------------------------------------
[Epoch : 383/500]
Total_loss	: 0.0328
MMD_loss	: 0.9435
Src_reg_loss	: 0.0233
-------------------------------------
[Epoch : 384/500]
Total_loss	: 0.0327
MMD_loss	: 0.9438
Src_reg_loss	: 0.0233
-------------------------------------
[Epoch : 385/500]
Total_loss	: 0.0327
MMD_loss	: 0.9442
Src_reg_loss	: 0.0233
-------------------------------------
[Epoch : 386/500]
Total_loss	: 0.0327
MMD_loss	: 0.9445
Src_reg_loss	: 0.0232
-------------------------------------
[Epoch : 387/500]
Total_loss	: 0.0327
MMD_loss	: 0.9448
Src_reg_loss	: 0.0232
-------------------------------------
[Epoch : 388/500]
Total_loss	: 0.0326
MMD_loss	: 0.9452
Src_reg_loss	: 0.0232
-------------------------------------
[Epoch : 389/500]
Total_loss	: 0.0326
MMD_loss	: 0.9455
Src_reg_loss	: 0.0232
-------------------------------------
[Epoch : 390/500]
Total_loss	: 0.0326
MMD_loss	: 0.9458
Src_reg_loss	: 0.0231
-------------------------------------
[Epoch : 391/500]
Total_loss	: 0.0326
MMD_loss	: 0.9461
Src_reg_loss	: 0.0231
-------------------------------------
[Epoch : 392/500]
Total_loss	: 0.0325
MMD_loss	: 0.9464
Src_reg_loss	: 0.0231
-------------------------------------
[Epoch : 393/500]
Total_loss	: 0.0325
MMD_loss	: 0.9468
Src_reg_loss	: 0.0230
-------------------------------------
[Epoch : 394/500]
Total_loss	: 0.0325
MMD_loss	: 0.9471
Src_reg_loss	: 0.0230
-------------------------------------
[Epoch : 395/500]
Total_loss	: 0.0325
MMD_loss	: 0.9474
Src_reg_loss	: 0.0230
-------------------------------------
[Epoch : 396/500]
Total_loss	: 0.0324
MMD_loss	: 0.9477
Src_reg_loss	: 0.0229
-------------------------------------
[Epoch : 397/500]
Total_loss	: 0.0324
MMD_loss	: 0.9481
Src_reg_loss	: 0.0229
-------------------------------------
[Epoch : 398/500]
Total_loss	: 0.0324
MMD_loss	: 0.9484
Src_reg_loss	: 0.0229
-------------------------------------
[Epoch : 399/500]
Total_loss	: 0.0323
MMD_loss	: 0.9487
Src_reg_loss	: 0.0229
-------------------------------------
[Epoch : 400/500]
Total_loss	: 0.0323
MMD_loss	: 0.9490
Src_reg_loss	: 0.0228
-------------------------------------
[Epoch : 401/500]
Total_loss	: 0.0323
MMD_loss	: 0.9493
Src_reg_loss	: 0.0228
-------------------------------------
[Epoch : 402/500]
Total_loss	: 0.0323
MMD_loss	: 0.9496
Src_reg_loss	: 0.0228
-------------------------------------
[Epoch : 403/500]
Total_loss	: 0.0322
MMD_loss	: 0.9500
Src_reg_loss	: 0.0227
-------------------------------------
[Epoch : 404/500]
Total_loss	: 0.0322
MMD_loss	: 0.9503
Src_reg_loss	: 0.0227
-------------------------------------
[Epoch : 405/500]
Total_loss	: 0.0322
MMD_loss	: 0.9506
Src_reg_loss	: 0.0227
-------------------------------------
[Epoch : 406/500]
Total_loss	: 0.0322
MMD_loss	: 0.9509
Src_reg_loss	: 0.0227
-------------------------------------
[Epoch : 407/500]
Total_loss	: 0.0321
MMD_loss	: 0.9512
Src_reg_loss	: 0.0226
-------------------------------------
[Epoch : 408/500]
Total_loss	: 0.0321
MMD_loss	: 0.9515
Src_reg_loss	: 0.0226
-------------------------------------
[Epoch : 409/500]
Total_loss	: 0.0321
MMD_loss	: 0.9519
Src_reg_loss	: 0.0226
-------------------------------------
[Epoch : 410/500]
Total_loss	: 0.0321
MMD_loss	: 0.9522
Src_reg_loss	: 0.0226
-------------------------------------
[Epoch : 411/500]
Total_loss	: 0.0320
MMD_loss	: 0.9525
Src_reg_loss	: 0.0225
-------------------------------------
[Epoch : 412/500]
Total_loss	: 0.0320
MMD_loss	: 0.9528
Src_reg_loss	: 0.0225
-------------------------------------
[Epoch : 413/500]
Total_loss	: 0.0320
MMD_loss	: 0.9531
Src_reg_loss	: 0.0225
-------------------------------------
[Epoch : 414/500]
Total_loss	: 0.0320
MMD_loss	: 0.9534
Src_reg_loss	: 0.0224
-------------------------------------
[Epoch : 415/500]
Total_loss	: 0.0320
MMD_loss	: 0.9537
Src_reg_loss	: 0.0224
-------------------------------------
[Epoch : 416/500]
Total_loss	: 0.0319
MMD_loss	: 0.9541
Src_reg_loss	: 0.0224
-------------------------------------
[Epoch : 417/500]
Total_loss	: 0.0319
MMD_loss	: 0.9544
Src_reg_loss	: 0.0224
-------------------------------------
[Epoch : 418/500]
Total_loss	: 0.0319
MMD_loss	: 0.9547
Src_reg_loss	: 0.0223
-------------------------------------
[Epoch : 419/500]
Total_loss	: 0.0319
MMD_loss	: 0.9550
Src_reg_loss	: 0.0223
-------------------------------------
[Epoch : 420/500]
Total_loss	: 0.0318
MMD_loss	: 0.9553
Src_reg_loss	: 0.0223
-------------------------------------
[Epoch : 421/500]
Total_loss	: 0.0318
MMD_loss	: 0.9556
Src_reg_loss	: 0.0223
-------------------------------------
[Epoch : 422/500]
Total_loss	: 0.0318
MMD_loss	: 0.9559
Src_reg_loss	: 0.0222
-------------------------------------
[Epoch : 423/500]
Total_loss	: 0.0318
MMD_loss	: 0.9562
Src_reg_loss	: 0.0222
-------------------------------------
[Epoch : 424/500]
Total_loss	: 0.0317
MMD_loss	: 0.9565
Src_reg_loss	: 0.0222
-------------------------------------
[Epoch : 425/500]
Total_loss	: 0.0317
MMD_loss	: 0.9568
Src_reg_loss	: 0.0221
-------------------------------------
[Epoch : 426/500]
Total_loss	: 0.0317
MMD_loss	: 0.9572
Src_reg_loss	: 0.0221
-------------------------------------
[Epoch : 427/500]
Total_loss	: 0.0317
MMD_loss	: 0.9575
Src_reg_loss	: 0.0221
-------------------------------------
[Epoch : 428/500]
Total_loss	: 0.0316
MMD_loss	: 0.9578
Src_reg_loss	: 0.0221
-------------------------------------
[Epoch : 429/500]
Total_loss	: 0.0316
MMD_loss	: 0.9581
Src_reg_loss	: 0.0220
-------------------------------------
[Epoch : 430/500]
Total_loss	: 0.0316
MMD_loss	: 0.9584
Src_reg_loss	: 0.0220
-------------------------------------
[Epoch : 431/500]
Total_loss	: 0.0316
MMD_loss	: 0.9587
Src_reg_loss	: 0.0220
-------------------------------------
[Epoch : 432/500]
Total_loss	: 0.0316
MMD_loss	: 0.9590
Src_reg_loss	: 0.0220
-------------------------------------
[Epoch : 433/500]
Total_loss	: 0.0315
MMD_loss	: 0.9593
Src_reg_loss	: 0.0219
-------------------------------------
[Epoch : 434/500]
Total_loss	: 0.0315
MMD_loss	: 0.9596
Src_reg_loss	: 0.0219
-------------------------------------
[Epoch : 435/500]
Total_loss	: 0.0315
MMD_loss	: 0.9599
Src_reg_loss	: 0.0219
-------------------------------------
[Epoch : 436/500]
Total_loss	: 0.0315
MMD_loss	: 0.9602
Src_reg_loss	: 0.0219
-------------------------------------
[Epoch : 437/500]
Total_loss	: 0.0314
MMD_loss	: 0.9605
Src_reg_loss	: 0.0218
-------------------------------------
[Epoch : 438/500]
Total_loss	: 0.0314
MMD_loss	: 0.9608
Src_reg_loss	: 0.0218
-------------------------------------
[Epoch : 439/500]
Total_loss	: 0.0314
MMD_loss	: 0.9611
Src_reg_loss	: 0.0218
-------------------------------------
[Epoch : 440/500]
Total_loss	: 0.0314
MMD_loss	: 0.9614
Src_reg_loss	: 0.0218
-------------------------------------
[Epoch : 441/500]
Total_loss	: 0.0314
MMD_loss	: 0.9617
Src_reg_loss	: 0.0217
-------------------------------------
[Epoch : 442/500]
Total_loss	: 0.0313
MMD_loss	: 0.9620
Src_reg_loss	: 0.0217
-------------------------------------
[Epoch : 443/500]
Total_loss	: 0.0313
MMD_loss	: 0.9623
Src_reg_loss	: 0.0217
-------------------------------------
[Epoch : 444/500]
Total_loss	: 0.0313
MMD_loss	: 0.9626
Src_reg_loss	: 0.0217
-------------------------------------
[Epoch : 445/500]
Total_loss	: 0.0313
MMD_loss	: 0.9629
Src_reg_loss	: 0.0217
-------------------------------------
[Epoch : 446/500]
Total_loss	: 0.0313
MMD_loss	: 0.9632
Src_reg_loss	: 0.0216
-------------------------------------
[Epoch : 447/500]
Total_loss	: 0.0312
MMD_loss	: 0.9635
Src_reg_loss	: 0.0216
-------------------------------------
[Epoch : 448/500]
Total_loss	: 0.0312
MMD_loss	: 0.9638
Src_reg_loss	: 0.0216
-------------------------------------
[Epoch : 449/500]
Total_loss	: 0.0312
MMD_loss	: 0.9641
Src_reg_loss	: 0.0216
-------------------------------------
[Epoch : 450/500]
Total_loss	: 0.0312
MMD_loss	: 0.9644
Src_reg_loss	: 0.0215
-------------------------------------
[Epoch : 451/500]
Total_loss	: 0.0312
MMD_loss	: 0.9647
Src_reg_loss	: 0.0215
-------------------------------------
[Epoch : 452/500]
Total_loss	: 0.0311
MMD_loss	: 0.9650
Src_reg_loss	: 0.0215
-------------------------------------
[Epoch : 453/500]
Total_loss	: 0.0311
MMD_loss	: 0.9653
Src_reg_loss	: 0.0215
-------------------------------------
[Epoch : 454/500]
Total_loss	: 0.0311
MMD_loss	: 0.9656
Src_reg_loss	: 0.0214
-------------------------------------
[Epoch : 455/500]
Total_loss	: 0.0311
MMD_loss	: 0.9659
Src_reg_loss	: 0.0214
-------------------------------------
[Epoch : 456/500]
Total_loss	: 0.0311
MMD_loss	: 0.9662
Src_reg_loss	: 0.0214
-------------------------------------
[Epoch : 457/500]
Total_loss	: 0.0310
MMD_loss	: 0.9664
Src_reg_loss	: 0.0214
-------------------------------------
[Epoch : 458/500]
Total_loss	: 0.0310
MMD_loss	: 0.9667
Src_reg_loss	: 0.0213
-------------------------------------
[Epoch : 459/500]
Total_loss	: 0.0310
MMD_loss	: 0.9670
Src_reg_loss	: 0.0213
-------------------------------------
[Epoch : 460/500]
Total_loss	: 0.0310
MMD_loss	: 0.9673
Src_reg_loss	: 0.0213
-------------------------------------
[Epoch : 461/500]
Total_loss	: 0.0310
MMD_loss	: 0.9676
Src_reg_loss	: 0.0213
-------------------------------------
[Epoch : 462/500]
Total_loss	: 0.0309
MMD_loss	: 0.9679
Src_reg_loss	: 0.0213
-------------------------------------
[Epoch : 463/500]
Total_loss	: 0.0309
MMD_loss	: 0.9682
Src_reg_loss	: 0.0212
-------------------------------------
[Epoch : 464/500]
Total_loss	: 0.0309
MMD_loss	: 0.9685
Src_reg_loss	: 0.0212
-------------------------------------
[Epoch : 465/500]
Total_loss	: 0.0309
MMD_loss	: 0.9688
Src_reg_loss	: 0.0212
-------------------------------------
[Epoch : 466/500]
Total_loss	: 0.0309
MMD_loss	: 0.9690
Src_reg_loss	: 0.0212
-------------------------------------
[Epoch : 467/500]
Total_loss	: 0.0308
MMD_loss	: 0.9693
Src_reg_loss	: 0.0211
-------------------------------------
[Epoch : 468/500]
Total_loss	: 0.0308
MMD_loss	: 0.9696
Src_reg_loss	: 0.0211
-------------------------------------
[Epoch : 469/500]
Total_loss	: 0.0308
MMD_loss	: 0.9699
Src_reg_loss	: 0.0211
-------------------------------------
[Epoch : 470/500]
Total_loss	: 0.0308
MMD_loss	: 0.9702
Src_reg_loss	: 0.0211
-------------------------------------
[Epoch : 471/500]
Total_loss	: 0.0308
MMD_loss	: 0.9705
Src_reg_loss	: 0.0211
-------------------------------------
[Epoch : 472/500]
Total_loss	: 0.0307
MMD_loss	: 0.9707
Src_reg_loss	: 0.0210
-------------------------------------
[Epoch : 473/500]
Total_loss	: 0.0307
MMD_loss	: 0.9710
Src_reg_loss	: 0.0210
-------------------------------------
[Epoch : 474/500]
Total_loss	: 0.0307
MMD_loss	: 0.9713
Src_reg_loss	: 0.0210
-------------------------------------
[Epoch : 475/500]
Total_loss	: 0.0307
MMD_loss	: 0.9716
Src_reg_loss	: 0.0210
-------------------------------------
[Epoch : 476/500]
Total_loss	: 0.0307
MMD_loss	: 0.9718
Src_reg_loss	: 0.0209
-------------------------------------
[Epoch : 477/500]
Total_loss	: 0.0306
MMD_loss	: 0.9721
Src_reg_loss	: 0.0209
-------------------------------------
[Epoch : 478/500]
Total_loss	: 0.0306
MMD_loss	: 0.9724
Src_reg_loss	: 0.0209
-------------------------------------
[Epoch : 479/500]
Total_loss	: 0.0306
MMD_loss	: 0.9726
Src_reg_loss	: 0.0209
-------------------------------------
[Epoch : 480/500]
Total_loss	: 0.0306
MMD_loss	: 0.9729
Src_reg_loss	: 0.0209
-------------------------------------
[Epoch : 481/500]
Total_loss	: 0.0306
MMD_loss	: 0.9732
Src_reg_loss	: 0.0208
-------------------------------------
[Epoch : 482/500]
Total_loss	: 0.0306
MMD_loss	: 0.9734
Src_reg_loss	: 0.0208
-------------------------------------
[Epoch : 483/500]
Total_loss	: 0.0305
MMD_loss	: 0.9737
Src_reg_loss	: 0.0208
-------------------------------------
[Epoch : 484/500]
Total_loss	: 0.0305
MMD_loss	: 0.9740
Src_reg_loss	: 0.0208
-------------------------------------
[Epoch : 485/500]
Total_loss	: 0.0305
MMD_loss	: 0.9742
Src_reg_loss	: 0.0208
-------------------------------------
[Epoch : 486/500]
Total_loss	: 0.0305
MMD_loss	: 0.9745
Src_reg_loss	: 0.0207
-------------------------------------
[Epoch : 487/500]
Total_loss	: 0.0305
MMD_loss	: 0.9748
Src_reg_loss	: 0.0207
-------------------------------------
[Epoch : 488/500]
Total_loss	: 0.0304
MMD_loss	: 0.9750
Src_reg_loss	: 0.0207
-------------------------------------
[Epoch : 489/500]
Total_loss	: 0.0304
MMD_loss	: 0.9753
Src_reg_loss	: 0.0207
-------------------------------------
[Epoch : 490/500]
Total_loss	: 0.0304
MMD_loss	: 0.9755
Src_reg_loss	: 0.0207
-------------------------------------
[Epoch : 491/500]
Total_loss	: 0.0304
MMD_loss	: 0.9758
Src_reg_loss	: 0.0206
-------------------------------------
[Epoch : 492/500]
Total_loss	: 0.0304
MMD_loss	: 0.9760
Src_reg_loss	: 0.0206
-------------------------------------
[Epoch : 493/500]
Total_loss	: 0.0304
MMD_loss	: 0.9763
Src_reg_loss	: 0.0206
-------------------------------------
[Epoch : 494/500]
Total_loss	: 0.0303
MMD_loss	: 0.9766
Src_reg_loss	: 0.0206
-------------------------------------
[Epoch : 495/500]
Total_loss	: 0.0303
MMD_loss	: 0.9768
Src_reg_loss	: 0.0206
-------------------------------------
[Epoch : 496/500]
Total_loss	: 0.0303
MMD_loss	: 0.9771
Src_reg_loss	: 0.0205
-------------------------------------
[Epoch : 497/500]
Total_loss	: 0.0303
MMD_loss	: 0.9773
Src_reg_loss	: 0.0205
-------------------------------------
[Epoch : 498/500]
Total_loss	: 0.0303
MMD_loss	: 0.9776
Src_reg_loss	: 0.0205
-------------------------------------
[Epoch : 499/500]
Total_loss	: 0.0303
MMD_loss	: 0.9778
Src_reg_loss	: 0.0205
-------------------------------------
[Epoch : 500/500]
Total_loss	: 0.0302
MMD_loss	: 0.9781
Src_reg_loss	: 0.0205
-------------------------------------
