=============================================
Dataset: Airbox
Method:  AirDA
=============================================
Source: 0 ---> Target: 3
=============================================
[Epoch : 1/800]
Total_loss	: 0.3205
MMD_loss	: 2.5365
Src_reg_loss	: 0.2951
-------------------------------------
[Epoch : 2/800]
Total_loss	: 0.3017
MMD_loss	: 2.5363
Src_reg_loss	: 0.2764
-------------------------------------
[Epoch : 3/800]
Total_loss	: 0.2833
MMD_loss	: 2.5310
Src_reg_loss	: 0.2580
-------------------------------------
[Epoch : 4/800]
Total_loss	: 0.2641
MMD_loss	: 2.5211
Src_reg_loss	: 0.2389
-------------------------------------
[Epoch : 5/800]
Total_loss	: 0.2441
MMD_loss	: 2.5070
Src_reg_loss	: 0.2190
-------------------------------------
[Epoch : 6/800]
Total_loss	: 0.2234
MMD_loss	: 2.4890
Src_reg_loss	: 0.1985
-------------------------------------
[Epoch : 7/800]
Total_loss	: 0.2030
MMD_loss	: 2.4671
Src_reg_loss	: 0.1783
-------------------------------------
[Epoch : 8/800]
Total_loss	: 0.1853
MMD_loss	: 2.4427
Src_reg_loss	: 0.1609
-------------------------------------
[Epoch : 9/800]
Total_loss	: 0.1719
MMD_loss	: 2.4189
Src_reg_loss	: 0.1478
-------------------------------------
[Epoch : 10/800]
Total_loss	: 0.1613
MMD_loss	: 2.3993
Src_reg_loss	: 0.1373
-------------------------------------
[Epoch : 11/800]
Total_loss	: 0.1523
MMD_loss	: 2.3844
Src_reg_loss	: 0.1285
-------------------------------------
[Epoch : 12/800]
Total_loss	: 0.1448
MMD_loss	: 2.3725
Src_reg_loss	: 0.1210
-------------------------------------
[Epoch : 13/800]
Total_loss	: 0.1383
MMD_loss	: 2.3623
Src_reg_loss	: 0.1147
-------------------------------------
[Epoch : 14/800]
Total_loss	: 0.1327
MMD_loss	: 2.3529
Src_reg_loss	: 0.1092
-------------------------------------
[Epoch : 15/800]
Total_loss	: 0.1279
MMD_loss	: 2.3439
Src_reg_loss	: 0.1044
-------------------------------------
[Epoch : 16/800]
Total_loss	: 0.1236
MMD_loss	: 2.3356
Src_reg_loss	: 0.1003
-------------------------------------
[Epoch : 17/800]
Total_loss	: 0.1198
MMD_loss	: 2.3279
Src_reg_loss	: 0.0966
-------------------------------------
[Epoch : 18/800]
Total_loss	: 0.1165
MMD_loss	: 2.3209
Src_reg_loss	: 0.0933
-------------------------------------
[Epoch : 19/800]
Total_loss	: 0.1134
MMD_loss	: 2.3146
Src_reg_loss	: 0.0903
-------------------------------------
[Epoch : 20/800]
Total_loss	: 0.1107
MMD_loss	: 2.3088
Src_reg_loss	: 0.0876
-------------------------------------
[Epoch : 21/800]
Total_loss	: 0.1082
MMD_loss	: 2.3036
Src_reg_loss	: 0.0852
-------------------------------------
[Epoch : 22/800]
Total_loss	: 0.1059
MMD_loss	: 2.2992
Src_reg_loss	: 0.0829
-------------------------------------
[Epoch : 23/800]
Total_loss	: 0.1038
MMD_loss	: 2.2957
Src_reg_loss	: 0.0809
-------------------------------------
[Epoch : 24/800]
Total_loss	: 0.1019
MMD_loss	: 2.2933
Src_reg_loss	: 0.0790
-------------------------------------
[Epoch : 25/800]
Total_loss	: 0.1001
MMD_loss	: 2.2923
Src_reg_loss	: 0.0772
-------------------------------------
[Epoch : 26/800]
Total_loss	: 0.0985
MMD_loss	: 2.2927
Src_reg_loss	: 0.0756
-------------------------------------
[Epoch : 27/800]
Total_loss	: 0.0970
MMD_loss	: 2.2947
Src_reg_loss	: 0.0741
-------------------------------------
[Epoch : 28/800]
Total_loss	: 0.0956
MMD_loss	: 2.2984
Src_reg_loss	: 0.0727
-------------------------------------
[Epoch : 29/800]
Total_loss	: 0.0944
MMD_loss	: 2.3035
Src_reg_loss	: 0.0713
-------------------------------------
[Epoch : 30/800]
Total_loss	: 0.0932
MMD_loss	: 2.3101
Src_reg_loss	: 0.0701
-------------------------------------
[Epoch : 31/800]
Total_loss	: 0.0921
MMD_loss	: 2.3180
Src_reg_loss	: 0.0689
-------------------------------------
[Epoch : 32/800]
Total_loss	: 0.0910
MMD_loss	: 2.3267
Src_reg_loss	: 0.0678
-------------------------------------
[Epoch : 33/800]
Total_loss	: 0.0901
MMD_loss	: 2.3362
Src_reg_loss	: 0.0667
-------------------------------------
[Epoch : 34/800]
Total_loss	: 0.0892
MMD_loss	: 2.3462
Src_reg_loss	: 0.0657
-------------------------------------
[Epoch : 35/800]
Total_loss	: 0.0883
MMD_loss	: 2.3564
Src_reg_loss	: 0.0647
-------------------------------------
[Epoch : 36/800]
Total_loss	: 0.0875
MMD_loss	: 2.3665
Src_reg_loss	: 0.0638
-------------------------------------
[Epoch : 37/800]
Total_loss	: 0.0867
MMD_loss	: 2.3766
Src_reg_loss	: 0.0630
-------------------------------------
[Epoch : 38/800]
Total_loss	: 0.0860
MMD_loss	: 2.3864
Src_reg_loss	: 0.0621
-------------------------------------
[Epoch : 39/800]
Total_loss	: 0.0853
MMD_loss	: 2.3958
Src_reg_loss	: 0.0613
-------------------------------------
[Epoch : 40/800]
Total_loss	: 0.0846
MMD_loss	: 2.4049
Src_reg_loss	: 0.0606
-------------------------------------
[Epoch : 41/800]
Total_loss	: 0.0840
MMD_loss	: 2.4135
Src_reg_loss	: 0.0598
-------------------------------------
[Epoch : 42/800]
Total_loss	: 0.0833
MMD_loss	: 2.4217
Src_reg_loss	: 0.0591
-------------------------------------
[Epoch : 43/800]
Total_loss	: 0.0827
MMD_loss	: 2.4295
Src_reg_loss	: 0.0584
-------------------------------------
[Epoch : 44/800]
Total_loss	: 0.0821
MMD_loss	: 2.4368
Src_reg_loss	: 0.0578
-------------------------------------
[Epoch : 45/800]
Total_loss	: 0.0816
MMD_loss	: 2.4436
Src_reg_loss	: 0.0571
-------------------------------------
[Epoch : 46/800]
Total_loss	: 0.0810
MMD_loss	: 2.4501
Src_reg_loss	: 0.0565
-------------------------------------
[Epoch : 47/800]
Total_loss	: 0.0805
MMD_loss	: 2.4560
Src_reg_loss	: 0.0559
-------------------------------------
[Epoch : 48/800]
Total_loss	: 0.0799
MMD_loss	: 2.4616
Src_reg_loss	: 0.0553
-------------------------------------
[Epoch : 49/800]
Total_loss	: 0.0794
MMD_loss	: 2.4668
Src_reg_loss	: 0.0548
-------------------------------------
[Epoch : 50/800]
Total_loss	: 0.0789
MMD_loss	: 2.4715
Src_reg_loss	: 0.0542
-------------------------------------
[Epoch : 51/800]
Total_loss	: 0.0785
MMD_loss	: 2.4759
Src_reg_loss	: 0.0537
-------------------------------------
[Epoch : 52/800]
Total_loss	: 0.0780
MMD_loss	: 2.4798
Src_reg_loss	: 0.0532
-------------------------------------
[Epoch : 53/800]
Total_loss	: 0.0776
MMD_loss	: 2.4834
Src_reg_loss	: 0.0527
-------------------------------------
[Epoch : 54/800]
Total_loss	: 0.0771
MMD_loss	: 2.4865
Src_reg_loss	: 0.0522
-------------------------------------
[Epoch : 55/800]
Total_loss	: 0.0767
MMD_loss	: 2.4893
Src_reg_loss	: 0.0518
-------------------------------------
[Epoch : 56/800]
Total_loss	: 0.0763
MMD_loss	: 2.4917
Src_reg_loss	: 0.0513
-------------------------------------
[Epoch : 57/800]
Total_loss	: 0.0759
MMD_loss	: 2.4936
Src_reg_loss	: 0.0509
-------------------------------------
[Epoch : 58/800]
Total_loss	: 0.0755
MMD_loss	: 2.4952
Src_reg_loss	: 0.0505
-------------------------------------
[Epoch : 59/800]
Total_loss	: 0.0751
MMD_loss	: 2.4964
Src_reg_loss	: 0.0501
-------------------------------------
[Epoch : 60/800]
Total_loss	: 0.0747
MMD_loss	: 2.4972
Src_reg_loss	: 0.0497
-------------------------------------
[Epoch : 61/800]
Total_loss	: 0.0743
MMD_loss	: 2.4977
Src_reg_loss	: 0.0493
-------------------------------------
[Epoch : 62/800]
Total_loss	: 0.0739
MMD_loss	: 2.4978
Src_reg_loss	: 0.0490
-------------------------------------
[Epoch : 63/800]
Total_loss	: 0.0736
MMD_loss	: 2.4976
Src_reg_loss	: 0.0486
-------------------------------------
[Epoch : 64/800]
Total_loss	: 0.0732
MMD_loss	: 2.4970
Src_reg_loss	: 0.0483
-------------------------------------
[Epoch : 65/800]
Total_loss	: 0.0729
MMD_loss	: 2.4961
Src_reg_loss	: 0.0479
-------------------------------------
[Epoch : 66/800]
Total_loss	: 0.0725
MMD_loss	: 2.4948
Src_reg_loss	: 0.0476
-------------------------------------
[Epoch : 67/800]
Total_loss	: 0.0722
MMD_loss	: 2.4933
Src_reg_loss	: 0.0473
-------------------------------------
[Epoch : 68/800]
Total_loss	: 0.0719
MMD_loss	: 2.4915
Src_reg_loss	: 0.0469
-------------------------------------
[Epoch : 69/800]
Total_loss	: 0.0715
MMD_loss	: 2.4894
Src_reg_loss	: 0.0466
-------------------------------------
[Epoch : 70/800]
Total_loss	: 0.0712
MMD_loss	: 2.4870
Src_reg_loss	: 0.0463
-------------------------------------
[Epoch : 71/800]
Total_loss	: 0.0709
MMD_loss	: 2.4844
Src_reg_loss	: 0.0461
-------------------------------------
[Epoch : 72/800]
Total_loss	: 0.0706
MMD_loss	: 2.4815
Src_reg_loss	: 0.0458
-------------------------------------
[Epoch : 73/800]
Total_loss	: 0.0703
MMD_loss	: 2.4785
Src_reg_loss	: 0.0455
-------------------------------------
[Epoch : 74/800]
Total_loss	: 0.0700
MMD_loss	: 2.4751
Src_reg_loss	: 0.0452
-------------------------------------
[Epoch : 75/800]
Total_loss	: 0.0697
MMD_loss	: 2.4716
Src_reg_loss	: 0.0450
-------------------------------------
[Epoch : 76/800]
Total_loss	: 0.0694
MMD_loss	: 2.4679
Src_reg_loss	: 0.0447
-------------------------------------
[Epoch : 77/800]
Total_loss	: 0.0691
MMD_loss	: 2.4640
Src_reg_loss	: 0.0444
-------------------------------------
[Epoch : 78/800]
Total_loss	: 0.0688
MMD_loss	: 2.4600
Src_reg_loss	: 0.0442
-------------------------------------
[Epoch : 79/800]
Total_loss	: 0.0685
MMD_loss	: 2.4557
Src_reg_loss	: 0.0439
-------------------------------------
[Epoch : 80/800]
Total_loss	: 0.0682
MMD_loss	: 2.4513
Src_reg_loss	: 0.0437
-------------------------------------
[Epoch : 81/800]
Total_loss	: 0.0679
MMD_loss	: 2.4468
Src_reg_loss	: 0.0435
-------------------------------------
[Epoch : 82/800]
Total_loss	: 0.0677
MMD_loss	: 2.4421
Src_reg_loss	: 0.0432
-------------------------------------
[Epoch : 83/800]
Total_loss	: 0.0674
MMD_loss	: 2.4373
Src_reg_loss	: 0.0430
-------------------------------------
[Epoch : 84/800]
Total_loss	: 0.0671
MMD_loss	: 2.4324
Src_reg_loss	: 0.0428
-------------------------------------
[Epoch : 85/800]
Total_loss	: 0.0668
MMD_loss	: 2.4274
Src_reg_loss	: 0.0426
-------------------------------------
[Epoch : 86/800]
Total_loss	: 0.0666
MMD_loss	: 2.4223
Src_reg_loss	: 0.0424
-------------------------------------
[Epoch : 87/800]
Total_loss	: 0.0663
MMD_loss	: 2.4170
Src_reg_loss	: 0.0422
-------------------------------------
[Epoch : 88/800]
Total_loss	: 0.0661
MMD_loss	: 2.4117
Src_reg_loss	: 0.0419
-------------------------------------
[Epoch : 89/800]
Total_loss	: 0.0658
MMD_loss	: 2.4063
Src_reg_loss	: 0.0417
-------------------------------------
[Epoch : 90/800]
Total_loss	: 0.0656
MMD_loss	: 2.4009
Src_reg_loss	: 0.0415
-------------------------------------
[Epoch : 91/800]
Total_loss	: 0.0653
MMD_loss	: 2.3954
Src_reg_loss	: 0.0413
-------------------------------------
[Epoch : 92/800]
Total_loss	: 0.0651
MMD_loss	: 2.3898
Src_reg_loss	: 0.0412
-------------------------------------
[Epoch : 93/800]
Total_loss	: 0.0648
MMD_loss	: 2.3841
Src_reg_loss	: 0.0410
-------------------------------------
[Epoch : 94/800]
Total_loss	: 0.0646
MMD_loss	: 2.3784
Src_reg_loss	: 0.0408
-------------------------------------
[Epoch : 95/800]
Total_loss	: 0.0643
MMD_loss	: 2.3727
Src_reg_loss	: 0.0406
-------------------------------------
[Epoch : 96/800]
Total_loss	: 0.0641
MMD_loss	: 2.3669
Src_reg_loss	: 0.0404
-------------------------------------
[Epoch : 97/800]
Total_loss	: 0.0638
MMD_loss	: 2.3611
Src_reg_loss	: 0.0402
-------------------------------------
[Epoch : 98/800]
Total_loss	: 0.0636
MMD_loss	: 2.3552
Src_reg_loss	: 0.0401
-------------------------------------
[Epoch : 99/800]
Total_loss	: 0.0634
MMD_loss	: 2.3494
Src_reg_loss	: 0.0399
-------------------------------------
[Epoch : 100/800]
Total_loss	: 0.0631
MMD_loss	: 2.3435
Src_reg_loss	: 0.0397
-------------------------------------
[Epoch : 101/800]
Total_loss	: 0.0629
MMD_loss	: 2.3375
Src_reg_loss	: 0.0395
-------------------------------------
[Epoch : 102/800]
Total_loss	: 0.0627
MMD_loss	: 2.3316
Src_reg_loss	: 0.0394
-------------------------------------
[Epoch : 103/800]
Total_loss	: 0.0625
MMD_loss	: 2.3256
Src_reg_loss	: 0.0392
-------------------------------------
[Epoch : 104/800]
Total_loss	: 0.0622
MMD_loss	: 2.3196
Src_reg_loss	: 0.0390
-------------------------------------
[Epoch : 105/800]
Total_loss	: 0.0620
MMD_loss	: 2.3136
Src_reg_loss	: 0.0389
-------------------------------------
[Epoch : 106/800]
Total_loss	: 0.0618
MMD_loss	: 2.3076
Src_reg_loss	: 0.0387
-------------------------------------
[Epoch : 107/800]
Total_loss	: 0.0616
MMD_loss	: 2.3016
Src_reg_loss	: 0.0386
-------------------------------------
[Epoch : 108/800]
Total_loss	: 0.0614
MMD_loss	: 2.2956
Src_reg_loss	: 0.0384
-------------------------------------
[Epoch : 109/800]
Total_loss	: 0.0611
MMD_loss	: 2.2896
Src_reg_loss	: 0.0382
-------------------------------------
[Epoch : 110/800]
Total_loss	: 0.0609
MMD_loss	: 2.2835
Src_reg_loss	: 0.0381
-------------------------------------
[Epoch : 111/800]
Total_loss	: 0.0607
MMD_loss	: 2.2775
Src_reg_loss	: 0.0379
-------------------------------------
[Epoch : 112/800]
Total_loss	: 0.0605
MMD_loss	: 2.2715
Src_reg_loss	: 0.0378
-------------------------------------
[Epoch : 113/800]
Total_loss	: 0.0603
MMD_loss	: 2.2655
Src_reg_loss	: 0.0376
-------------------------------------
[Epoch : 114/800]
Total_loss	: 0.0601
MMD_loss	: 2.2595
Src_reg_loss	: 0.0375
-------------------------------------
[Epoch : 115/800]
Total_loss	: 0.0599
MMD_loss	: 2.2535
Src_reg_loss	: 0.0374
-------------------------------------
[Epoch : 116/800]
Total_loss	: 0.0597
MMD_loss	: 2.2476
Src_reg_loss	: 0.0372
-------------------------------------
[Epoch : 117/800]
Total_loss	: 0.0595
MMD_loss	: 2.2416
Src_reg_loss	: 0.0371
-------------------------------------
[Epoch : 118/800]
Total_loss	: 0.0593
MMD_loss	: 2.2357
Src_reg_loss	: 0.0369
-------------------------------------
[Epoch : 119/800]
Total_loss	: 0.0591
MMD_loss	: 2.2298
Src_reg_loss	: 0.0368
-------------------------------------
[Epoch : 120/800]
Total_loss	: 0.0589
MMD_loss	: 2.2240
Src_reg_loss	: 0.0367
-------------------------------------
[Epoch : 121/800]
Total_loss	: 0.0587
MMD_loss	: 2.2181
Src_reg_loss	: 0.0365
-------------------------------------
[Epoch : 122/800]
Total_loss	: 0.0585
MMD_loss	: 2.2123
Src_reg_loss	: 0.0364
-------------------------------------
[Epoch : 123/800]
Total_loss	: 0.0583
MMD_loss	: 2.2065
Src_reg_loss	: 0.0362
-------------------------------------
[Epoch : 124/800]
Total_loss	: 0.0581
MMD_loss	: 2.2007
Src_reg_loss	: 0.0361
-------------------------------------
[Epoch : 125/800]
Total_loss	: 0.0579
MMD_loss	: 2.1950
Src_reg_loss	: 0.0360
-------------------------------------
[Epoch : 126/800]
Total_loss	: 0.0577
MMD_loss	: 2.1894
Src_reg_loss	: 0.0359
-------------------------------------
[Epoch : 127/800]
Total_loss	: 0.0576
MMD_loss	: 2.1837
Src_reg_loss	: 0.0357
-------------------------------------
[Epoch : 128/800]
Total_loss	: 0.0574
MMD_loss	: 2.1781
Src_reg_loss	: 0.0356
-------------------------------------
[Epoch : 129/800]
Total_loss	: 0.0572
MMD_loss	: 2.1726
Src_reg_loss	: 0.0355
-------------------------------------
[Epoch : 130/800]
Total_loss	: 0.0570
MMD_loss	: 2.1671
Src_reg_loss	: 0.0353
-------------------------------------
[Epoch : 131/800]
Total_loss	: 0.0568
MMD_loss	: 2.1617
Src_reg_loss	: 0.0352
-------------------------------------
[Epoch : 132/800]
Total_loss	: 0.0567
MMD_loss	: 2.1563
Src_reg_loss	: 0.0351
-------------------------------------
[Epoch : 133/800]
Total_loss	: 0.0565
MMD_loss	: 2.1510
Src_reg_loss	: 0.0350
-------------------------------------
[Epoch : 134/800]
Total_loss	: 0.0563
MMD_loss	: 2.1457
Src_reg_loss	: 0.0349
-------------------------------------
[Epoch : 135/800]
Total_loss	: 0.0561
MMD_loss	: 2.1406
Src_reg_loss	: 0.0347
-------------------------------------
[Epoch : 136/800]
Total_loss	: 0.0560
MMD_loss	: 2.1354
Src_reg_loss	: 0.0346
-------------------------------------
[Epoch : 137/800]
Total_loss	: 0.0558
MMD_loss	: 2.1304
Src_reg_loss	: 0.0345
-------------------------------------
[Epoch : 138/800]
Total_loss	: 0.0556
MMD_loss	: 2.1254
Src_reg_loss	: 0.0344
-------------------------------------
[Epoch : 139/800]
Total_loss	: 0.0555
MMD_loss	: 2.1205
Src_reg_loss	: 0.0343
-------------------------------------
[Epoch : 140/800]
Total_loss	: 0.0553
MMD_loss	: 2.1156
Src_reg_loss	: 0.0342
-------------------------------------
[Epoch : 141/800]
Total_loss	: 0.0552
MMD_loss	: 2.1109
Src_reg_loss	: 0.0340
-------------------------------------
[Epoch : 142/800]
Total_loss	: 0.0550
MMD_loss	: 2.1062
Src_reg_loss	: 0.0339
-------------------------------------
[Epoch : 143/800]
Total_loss	: 0.0548
MMD_loss	: 2.1016
Src_reg_loss	: 0.0338
-------------------------------------
[Epoch : 144/800]
Total_loss	: 0.0547
MMD_loss	: 2.0970
Src_reg_loss	: 0.0337
-------------------------------------
[Epoch : 145/800]
Total_loss	: 0.0545
MMD_loss	: 2.0926
Src_reg_loss	: 0.0336
-------------------------------------
[Epoch : 146/800]
Total_loss	: 0.0544
MMD_loss	: 2.0882
Src_reg_loss	: 0.0335
-------------------------------------
[Epoch : 147/800]
Total_loss	: 0.0542
MMD_loss	: 2.0838
Src_reg_loss	: 0.0334
-------------------------------------
[Epoch : 148/800]
Total_loss	: 0.0541
MMD_loss	: 2.0796
Src_reg_loss	: 0.0333
-------------------------------------
[Epoch : 149/800]
Total_loss	: 0.0539
MMD_loss	: 2.0754
Src_reg_loss	: 0.0332
-------------------------------------
[Epoch : 150/800]
Total_loss	: 0.0538
MMD_loss	: 2.0713
Src_reg_loss	: 0.0331
-------------------------------------
[Epoch : 151/800]
Total_loss	: 0.0536
MMD_loss	: 2.0673
Src_reg_loss	: 0.0330
-------------------------------------
[Epoch : 152/800]
Total_loss	: 0.0535
MMD_loss	: 2.0633
Src_reg_loss	: 0.0329
-------------------------------------
[Epoch : 153/800]
Total_loss	: 0.0534
MMD_loss	: 2.0594
Src_reg_loss	: 0.0328
-------------------------------------
[Epoch : 154/800]
Total_loss	: 0.0532
MMD_loss	: 2.0556
Src_reg_loss	: 0.0327
-------------------------------------
[Epoch : 155/800]
Total_loss	: 0.0531
MMD_loss	: 2.0518
Src_reg_loss	: 0.0326
-------------------------------------
[Epoch : 156/800]
Total_loss	: 0.0530
MMD_loss	: 2.0481
Src_reg_loss	: 0.0325
-------------------------------------
[Epoch : 157/800]
Total_loss	: 0.0528
MMD_loss	: 2.0445
Src_reg_loss	: 0.0324
-------------------------------------
[Epoch : 158/800]
Total_loss	: 0.0527
MMD_loss	: 2.0409
Src_reg_loss	: 0.0323
-------------------------------------
[Epoch : 159/800]
Total_loss	: 0.0526
MMD_loss	: 2.0374
Src_reg_loss	: 0.0322
-------------------------------------
[Epoch : 160/800]
Total_loss	: 0.0524
MMD_loss	: 2.0339
Src_reg_loss	: 0.0321
-------------------------------------
[Epoch : 161/800]
Total_loss	: 0.0523
MMD_loss	: 2.0306
Src_reg_loss	: 0.0320
-------------------------------------
[Epoch : 162/800]
Total_loss	: 0.0522
MMD_loss	: 2.0272
Src_reg_loss	: 0.0319
-------------------------------------
[Epoch : 163/800]
Total_loss	: 0.0521
MMD_loss	: 2.0240
Src_reg_loss	: 0.0318
-------------------------------------
[Epoch : 164/800]
Total_loss	: 0.0519
MMD_loss	: 2.0208
Src_reg_loss	: 0.0317
-------------------------------------
[Epoch : 165/800]
Total_loss	: 0.0518
MMD_loss	: 2.0177
Src_reg_loss	: 0.0316
-------------------------------------
[Epoch : 166/800]
Total_loss	: 0.0517
MMD_loss	: 2.0146
Src_reg_loss	: 0.0315
-------------------------------------
[Epoch : 167/800]
Total_loss	: 0.0516
MMD_loss	: 2.0116
Src_reg_loss	: 0.0315
-------------------------------------
[Epoch : 168/800]
Total_loss	: 0.0515
MMD_loss	: 2.0086
Src_reg_loss	: 0.0314
-------------------------------------
[Epoch : 169/800]
Total_loss	: 0.0513
MMD_loss	: 2.0057
Src_reg_loss	: 0.0313
-------------------------------------
[Epoch : 170/800]
Total_loss	: 0.0512
MMD_loss	: 2.0028
Src_reg_loss	: 0.0312
-------------------------------------
[Epoch : 171/800]
Total_loss	: 0.0511
MMD_loss	: 2.0000
Src_reg_loss	: 0.0311
-------------------------------------
[Epoch : 172/800]
Total_loss	: 0.0510
MMD_loss	: 1.9972
Src_reg_loss	: 0.0310
-------------------------------------
[Epoch : 173/800]
Total_loss	: 0.0509
MMD_loss	: 1.9945
Src_reg_loss	: 0.0309
-------------------------------------
[Epoch : 174/800]
Total_loss	: 0.0508
MMD_loss	: 1.9919
Src_reg_loss	: 0.0309
-------------------------------------
[Epoch : 175/800]
Total_loss	: 0.0507
MMD_loss	: 1.9892
Src_reg_loss	: 0.0308
-------------------------------------
[Epoch : 176/800]
Total_loss	: 0.0506
MMD_loss	: 1.9867
Src_reg_loss	: 0.0307
-------------------------------------
[Epoch : 177/800]
Total_loss	: 0.0505
MMD_loss	: 1.9842
Src_reg_loss	: 0.0306
-------------------------------------
[Epoch : 178/800]
Total_loss	: 0.0503
MMD_loss	: 1.9817
Src_reg_loss	: 0.0305
-------------------------------------
[Epoch : 179/800]
Total_loss	: 0.0502
MMD_loss	: 1.9792
Src_reg_loss	: 0.0304
-------------------------------------
[Epoch : 180/800]
Total_loss	: 0.0501
MMD_loss	: 1.9769
Src_reg_loss	: 0.0304
-------------------------------------
[Epoch : 181/800]
Total_loss	: 0.0500
MMD_loss	: 1.9745
Src_reg_loss	: 0.0303
-------------------------------------
[Epoch : 182/800]
Total_loss	: 0.0499
MMD_loss	: 1.9722
Src_reg_loss	: 0.0302
-------------------------------------
[Epoch : 183/800]
Total_loss	: 0.0498
MMD_loss	: 1.9699
Src_reg_loss	: 0.0301
-------------------------------------
[Epoch : 184/800]
Total_loss	: 0.0497
MMD_loss	: 1.9677
Src_reg_loss	: 0.0301
-------------------------------------
[Epoch : 185/800]
Total_loss	: 0.0496
MMD_loss	: 1.9655
Src_reg_loss	: 0.0300
-------------------------------------
[Epoch : 186/800]
Total_loss	: 0.0495
MMD_loss	: 1.9634
Src_reg_loss	: 0.0299
-------------------------------------
[Epoch : 187/800]
Total_loss	: 0.0494
MMD_loss	: 1.9613
Src_reg_loss	: 0.0298
-------------------------------------
[Epoch : 188/800]
Total_loss	: 0.0494
MMD_loss	: 1.9592
Src_reg_loss	: 0.0298
-------------------------------------
[Epoch : 189/800]
Total_loss	: 0.0493
MMD_loss	: 1.9572
Src_reg_loss	: 0.0297
-------------------------------------
[Epoch : 190/800]
Total_loss	: 0.0492
MMD_loss	: 1.9552
Src_reg_loss	: 0.0296
-------------------------------------
[Epoch : 191/800]
Total_loss	: 0.0491
MMD_loss	: 1.9532
Src_reg_loss	: 0.0295
-------------------------------------
[Epoch : 192/800]
Total_loss	: 0.0490
MMD_loss	: 1.9513
Src_reg_loss	: 0.0295
-------------------------------------
[Epoch : 193/800]
Total_loss	: 0.0489
MMD_loss	: 1.9494
Src_reg_loss	: 0.0294
-------------------------------------
[Epoch : 194/800]
Total_loss	: 0.0488
MMD_loss	: 1.9475
Src_reg_loss	: 0.0293
-------------------------------------
[Epoch : 195/800]
Total_loss	: 0.0487
MMD_loss	: 1.9457
Src_reg_loss	: 0.0293
-------------------------------------
[Epoch : 196/800]
Total_loss	: 0.0486
MMD_loss	: 1.9439
Src_reg_loss	: 0.0292
-------------------------------------
[Epoch : 197/800]
Total_loss	: 0.0485
MMD_loss	: 1.9421
Src_reg_loss	: 0.0291
-------------------------------------
[Epoch : 198/800]
Total_loss	: 0.0484
MMD_loss	: 1.9404
Src_reg_loss	: 0.0290
-------------------------------------
[Epoch : 199/800]
Total_loss	: 0.0484
MMD_loss	: 1.9387
Src_reg_loss	: 0.0290
-------------------------------------
[Epoch : 200/800]
Total_loss	: 0.0483
MMD_loss	: 1.9370
Src_reg_loss	: 0.0289
-------------------------------------
[Epoch : 201/800]
Total_loss	: 0.0482
MMD_loss	: 1.9353
Src_reg_loss	: 0.0288
-------------------------------------
[Epoch : 202/800]
Total_loss	: 0.0481
MMD_loss	: 1.9337
Src_reg_loss	: 0.0288
-------------------------------------
[Epoch : 203/800]
Total_loss	: 0.0480
MMD_loss	: 1.9321
Src_reg_loss	: 0.0287
-------------------------------------
[Epoch : 204/800]
Total_loss	: 0.0479
MMD_loss	: 1.9305
Src_reg_loss	: 0.0286
-------------------------------------
[Epoch : 205/800]
Total_loss	: 0.0479
MMD_loss	: 1.9290
Src_reg_loss	: 0.0286
-------------------------------------
[Epoch : 206/800]
Total_loss	: 0.0478
MMD_loss	: 1.9274
Src_reg_loss	: 0.0285
-------------------------------------
[Epoch : 207/800]
Total_loss	: 0.0477
MMD_loss	: 1.9259
Src_reg_loss	: 0.0284
-------------------------------------
[Epoch : 208/800]
Total_loss	: 0.0476
MMD_loss	: 1.9245
Src_reg_loss	: 0.0284
-------------------------------------
[Epoch : 209/800]
Total_loss	: 0.0475
MMD_loss	: 1.9230
Src_reg_loss	: 0.0283
-------------------------------------
[Epoch : 210/800]
Total_loss	: 0.0475
MMD_loss	: 1.9216
Src_reg_loss	: 0.0283
-------------------------------------
[Epoch : 211/800]
Total_loss	: 0.0474
MMD_loss	: 1.9202
Src_reg_loss	: 0.0282
-------------------------------------
[Epoch : 212/800]
Total_loss	: 0.0473
MMD_loss	: 1.9188
Src_reg_loss	: 0.0281
-------------------------------------
[Epoch : 213/800]
Total_loss	: 0.0472
MMD_loss	: 1.9174
Src_reg_loss	: 0.0281
-------------------------------------
[Epoch : 214/800]
Total_loss	: 0.0472
MMD_loss	: 1.9161
Src_reg_loss	: 0.0280
-------------------------------------
[Epoch : 215/800]
Total_loss	: 0.0471
MMD_loss	: 1.9148
Src_reg_loss	: 0.0279
-------------------------------------
[Epoch : 216/800]
Total_loss	: 0.0470
MMD_loss	: 1.9135
Src_reg_loss	: 0.0279
-------------------------------------
[Epoch : 217/800]
Total_loss	: 0.0469
MMD_loss	: 1.9122
Src_reg_loss	: 0.0278
-------------------------------------
[Epoch : 218/800]
Total_loss	: 0.0469
MMD_loss	: 1.9109
Src_reg_loss	: 0.0278
-------------------------------------
[Epoch : 219/800]
Total_loss	: 0.0468
MMD_loss	: 1.9097
Src_reg_loss	: 0.0277
-------------------------------------
[Epoch : 220/800]
Total_loss	: 0.0467
MMD_loss	: 1.9084
Src_reg_loss	: 0.0276
-------------------------------------
[Epoch : 221/800]
Total_loss	: 0.0467
MMD_loss	: 1.9072
Src_reg_loss	: 0.0276
-------------------------------------
[Epoch : 222/800]
Total_loss	: 0.0466
MMD_loss	: 1.9060
Src_reg_loss	: 0.0275
-------------------------------------
[Epoch : 223/800]
Total_loss	: 0.0465
MMD_loss	: 1.9049
Src_reg_loss	: 0.0275
-------------------------------------
[Epoch : 224/800]
Total_loss	: 0.0464
MMD_loss	: 1.9037
Src_reg_loss	: 0.0274
-------------------------------------
[Epoch : 225/800]
Total_loss	: 0.0464
MMD_loss	: 1.9026
Src_reg_loss	: 0.0274
-------------------------------------
[Epoch : 226/800]
Total_loss	: 0.0463
MMD_loss	: 1.9014
Src_reg_loss	: 0.0273
-------------------------------------
[Epoch : 227/800]
Total_loss	: 0.0462
MMD_loss	: 1.9003
Src_reg_loss	: 0.0272
-------------------------------------
[Epoch : 228/800]
Total_loss	: 0.0462
MMD_loss	: 1.8992
Src_reg_loss	: 0.0272
-------------------------------------
[Epoch : 229/800]
Total_loss	: 0.0461
MMD_loss	: 1.8981
Src_reg_loss	: 0.0271
-------------------------------------
[Epoch : 230/800]
Total_loss	: 0.0460
MMD_loss	: 1.8971
Src_reg_loss	: 0.0271
-------------------------------------
[Epoch : 231/800]
Total_loss	: 0.0460
MMD_loss	: 1.8960
Src_reg_loss	: 0.0270
-------------------------------------
[Epoch : 232/800]
Total_loss	: 0.0459
MMD_loss	: 1.8949
Src_reg_loss	: 0.0270
-------------------------------------
[Epoch : 233/800]
Total_loss	: 0.0458
MMD_loss	: 1.8939
Src_reg_loss	: 0.0269
-------------------------------------
[Epoch : 234/800]
Total_loss	: 0.0458
MMD_loss	: 1.8929
Src_reg_loss	: 0.0268
-------------------------------------
[Epoch : 235/800]
Total_loss	: 0.0457
MMD_loss	: 1.8918
Src_reg_loss	: 0.0268
-------------------------------------
[Epoch : 236/800]
Total_loss	: 0.0456
MMD_loss	: 1.8908
Src_reg_loss	: 0.0267
-------------------------------------
[Epoch : 237/800]
Total_loss	: 0.0456
MMD_loss	: 1.8898
Src_reg_loss	: 0.0267
-------------------------------------
[Epoch : 238/800]
Total_loss	: 0.0455
MMD_loss	: 1.8889
Src_reg_loss	: 0.0266
-------------------------------------
[Epoch : 239/800]
Total_loss	: 0.0455
MMD_loss	: 1.8879
Src_reg_loss	: 0.0266
-------------------------------------
[Epoch : 240/800]
Total_loss	: 0.0454
MMD_loss	: 1.8869
Src_reg_loss	: 0.0265
-------------------------------------
[Epoch : 241/800]
Total_loss	: 0.0453
MMD_loss	: 1.8859
Src_reg_loss	: 0.0265
-------------------------------------
[Epoch : 242/800]
Total_loss	: 0.0453
MMD_loss	: 1.8850
Src_reg_loss	: 0.0264
-------------------------------------
[Epoch : 243/800]
Total_loss	: 0.0452
MMD_loss	: 1.8840
Src_reg_loss	: 0.0264
-------------------------------------
[Epoch : 244/800]
Total_loss	: 0.0452
MMD_loss	: 1.8831
Src_reg_loss	: 0.0263
-------------------------------------
[Epoch : 245/800]
Total_loss	: 0.0451
MMD_loss	: 1.8822
Src_reg_loss	: 0.0263
-------------------------------------
[Epoch : 246/800]
Total_loss	: 0.0450
MMD_loss	: 1.8812
Src_reg_loss	: 0.0262
-------------------------------------
[Epoch : 247/800]
Total_loss	: 0.0450
MMD_loss	: 1.8803
Src_reg_loss	: 0.0262
-------------------------------------
[Epoch : 248/800]
Total_loss	: 0.0449
MMD_loss	: 1.8794
Src_reg_loss	: 0.0261
-------------------------------------
[Epoch : 249/800]
Total_loss	: 0.0449
MMD_loss	: 1.8785
Src_reg_loss	: 0.0261
-------------------------------------
[Epoch : 250/800]
Total_loss	: 0.0448
MMD_loss	: 1.8776
Src_reg_loss	: 0.0260
-------------------------------------
[Epoch : 251/800]
Total_loss	: 0.0447
MMD_loss	: 1.8767
Src_reg_loss	: 0.0260
-------------------------------------
[Epoch : 252/800]
Total_loss	: 0.0447
MMD_loss	: 1.8758
Src_reg_loss	: 0.0259
-------------------------------------
[Epoch : 253/800]
Total_loss	: 0.0446
MMD_loss	: 1.8749
Src_reg_loss	: 0.0259
-------------------------------------
[Epoch : 254/800]
Total_loss	: 0.0446
MMD_loss	: 1.8740
Src_reg_loss	: 0.0258
-------------------------------------
[Epoch : 255/800]
Total_loss	: 0.0445
MMD_loss	: 1.8731
Src_reg_loss	: 0.0258
-------------------------------------
[Epoch : 256/800]
Total_loss	: 0.0444
MMD_loss	: 1.8723
Src_reg_loss	: 0.0257
-------------------------------------
[Epoch : 257/800]
Total_loss	: 0.0444
MMD_loss	: 1.8714
Src_reg_loss	: 0.0257
-------------------------------------
[Epoch : 258/800]
Total_loss	: 0.0443
MMD_loss	: 1.8705
Src_reg_loss	: 0.0256
-------------------------------------
[Epoch : 259/800]
Total_loss	: 0.0443
MMD_loss	: 1.8697
Src_reg_loss	: 0.0256
-------------------------------------
[Epoch : 260/800]
Total_loss	: 0.0442
MMD_loss	: 1.8688
Src_reg_loss	: 0.0255
-------------------------------------
[Epoch : 261/800]
Total_loss	: 0.0442
MMD_loss	: 1.8679
Src_reg_loss	: 0.0255
-------------------------------------
[Epoch : 262/800]
Total_loss	: 0.0441
MMD_loss	: 1.8671
Src_reg_loss	: 0.0254
-------------------------------------
[Epoch : 263/800]
Total_loss	: 0.0441
MMD_loss	: 1.8662
Src_reg_loss	: 0.0254
-------------------------------------
[Epoch : 264/800]
Total_loss	: 0.0440
MMD_loss	: 1.8654
Src_reg_loss	: 0.0253
-------------------------------------
[Epoch : 265/800]
Total_loss	: 0.0439
MMD_loss	: 1.8645
Src_reg_loss	: 0.0253
-------------------------------------
[Epoch : 266/800]
Total_loss	: 0.0439
MMD_loss	: 1.8637
Src_reg_loss	: 0.0253
-------------------------------------
[Epoch : 267/800]
Total_loss	: 0.0438
MMD_loss	: 1.8628
Src_reg_loss	: 0.0252
-------------------------------------
[Epoch : 268/800]
Total_loss	: 0.0438
MMD_loss	: 1.8620
Src_reg_loss	: 0.0252
-------------------------------------
[Epoch : 269/800]
Total_loss	: 0.0437
MMD_loss	: 1.8611
Src_reg_loss	: 0.0251
-------------------------------------
[Epoch : 270/800]
Total_loss	: 0.0437
MMD_loss	: 1.8603
Src_reg_loss	: 0.0251
-------------------------------------
[Epoch : 271/800]
Total_loss	: 0.0436
MMD_loss	: 1.8594
Src_reg_loss	: 0.0250
-------------------------------------
[Epoch : 272/800]
Total_loss	: 0.0436
MMD_loss	: 1.8586
Src_reg_loss	: 0.0250
-------------------------------------
[Epoch : 273/800]
Total_loss	: 0.0435
MMD_loss	: 1.8577
Src_reg_loss	: 0.0249
-------------------------------------
[Epoch : 274/800]
Total_loss	: 0.0435
MMD_loss	: 1.8569
Src_reg_loss	: 0.0249
-------------------------------------
[Epoch : 275/800]
Total_loss	: 0.0434
MMD_loss	: 1.8560
Src_reg_loss	: 0.0248
-------------------------------------
[Epoch : 276/800]
Total_loss	: 0.0434
MMD_loss	: 1.8551
Src_reg_loss	: 0.0248
-------------------------------------
[Epoch : 277/800]
Total_loss	: 0.0433
MMD_loss	: 1.8543
Src_reg_loss	: 0.0248
-------------------------------------
[Epoch : 278/800]
Total_loss	: 0.0432
MMD_loss	: 1.8534
Src_reg_loss	: 0.0247
-------------------------------------
[Epoch : 279/800]
Total_loss	: 0.0432
MMD_loss	: 1.8526
Src_reg_loss	: 0.0247
-------------------------------------
[Epoch : 280/800]
Total_loss	: 0.0431
MMD_loss	: 1.8517
Src_reg_loss	: 0.0246
-------------------------------------
[Epoch : 281/800]
Total_loss	: 0.0431
MMD_loss	: 1.8508
Src_reg_loss	: 0.0246
-------------------------------------
[Epoch : 282/800]
Total_loss	: 0.0430
MMD_loss	: 1.8500
Src_reg_loss	: 0.0245
-------------------------------------
[Epoch : 283/800]
Total_loss	: 0.0430
MMD_loss	: 1.8491
Src_reg_loss	: 0.0245
-------------------------------------
[Epoch : 284/800]
Total_loss	: 0.0429
MMD_loss	: 1.8482
Src_reg_loss	: 0.0245
-------------------------------------
[Epoch : 285/800]
Total_loss	: 0.0429
MMD_loss	: 1.8474
Src_reg_loss	: 0.0244
-------------------------------------
[Epoch : 286/800]
Total_loss	: 0.0428
MMD_loss	: 1.8465
Src_reg_loss	: 0.0244
-------------------------------------
[Epoch : 287/800]
Total_loss	: 0.0428
MMD_loss	: 1.8456
Src_reg_loss	: 0.0243
-------------------------------------
[Epoch : 288/800]
Total_loss	: 0.0427
MMD_loss	: 1.8447
Src_reg_loss	: 0.0243
-------------------------------------
[Epoch : 289/800]
Total_loss	: 0.0427
MMD_loss	: 1.8439
Src_reg_loss	: 0.0242
-------------------------------------
[Epoch : 290/800]
Total_loss	: 0.0426
MMD_loss	: 1.8430
Src_reg_loss	: 0.0242
-------------------------------------
[Epoch : 291/800]
Total_loss	: 0.0426
MMD_loss	: 1.8421
Src_reg_loss	: 0.0242
-------------------------------------
[Epoch : 292/800]
Total_loss	: 0.0425
MMD_loss	: 1.8412
Src_reg_loss	: 0.0241
-------------------------------------
[Epoch : 293/800]
Total_loss	: 0.0425
MMD_loss	: 1.8403
Src_reg_loss	: 0.0241
-------------------------------------
[Epoch : 294/800]
Total_loss	: 0.0424
MMD_loss	: 1.8394
Src_reg_loss	: 0.0240
-------------------------------------
[Epoch : 295/800]
Total_loss	: 0.0424
MMD_loss	: 1.8385
Src_reg_loss	: 0.0240
-------------------------------------
[Epoch : 296/800]
Total_loss	: 0.0423
MMD_loss	: 1.8376
Src_reg_loss	: 0.0240
-------------------------------------
[Epoch : 297/800]
Total_loss	: 0.0423
MMD_loss	: 1.8367
Src_reg_loss	: 0.0239
-------------------------------------
[Epoch : 298/800]
Total_loss	: 0.0422
MMD_loss	: 1.8358
Src_reg_loss	: 0.0239
-------------------------------------
[Epoch : 299/800]
Total_loss	: 0.0422
MMD_loss	: 1.8349
Src_reg_loss	: 0.0238
-------------------------------------
[Epoch : 300/800]
Total_loss	: 0.0421
MMD_loss	: 1.8340
Src_reg_loss	: 0.0238
-------------------------------------
[Epoch : 301/800]
Total_loss	: 0.0421
MMD_loss	: 1.8331
Src_reg_loss	: 0.0238
-------------------------------------
[Epoch : 302/800]
Total_loss	: 0.0420
MMD_loss	: 1.8321
Src_reg_loss	: 0.0237
-------------------------------------
[Epoch : 303/800]
Total_loss	: 0.0420
MMD_loss	: 1.8312
Src_reg_loss	: 0.0237
-------------------------------------
[Epoch : 304/800]
Total_loss	: 0.0420
MMD_loss	: 1.8303
Src_reg_loss	: 0.0236
-------------------------------------
[Epoch : 305/800]
Total_loss	: 0.0419
MMD_loss	: 1.8294
Src_reg_loss	: 0.0236
-------------------------------------
[Epoch : 306/800]
Total_loss	: 0.0419
MMD_loss	: 1.8284
Src_reg_loss	: 0.0236
-------------------------------------
[Epoch : 307/800]
Total_loss	: 0.0418
MMD_loss	: 1.8275
Src_reg_loss	: 0.0235
-------------------------------------
[Epoch : 308/800]
Total_loss	: 0.0418
MMD_loss	: 1.8266
Src_reg_loss	: 0.0235
-------------------------------------
[Epoch : 309/800]
Total_loss	: 0.0417
MMD_loss	: 1.8256
Src_reg_loss	: 0.0235
-------------------------------------
[Epoch : 310/800]
Total_loss	: 0.0417
MMD_loss	: 1.8247
Src_reg_loss	: 0.0234
-------------------------------------
[Epoch : 311/800]
Total_loss	: 0.0416
MMD_loss	: 1.8237
Src_reg_loss	: 0.0234
-------------------------------------
[Epoch : 312/800]
Total_loss	: 0.0416
MMD_loss	: 1.8228
Src_reg_loss	: 0.0233
-------------------------------------
[Epoch : 313/800]
Total_loss	: 0.0415
MMD_loss	: 1.8218
Src_reg_loss	: 0.0233
-------------------------------------
[Epoch : 314/800]
Total_loss	: 0.0415
MMD_loss	: 1.8209
Src_reg_loss	: 0.0233
-------------------------------------
[Epoch : 315/800]
Total_loss	: 0.0414
MMD_loss	: 1.8199
Src_reg_loss	: 0.0232
-------------------------------------
[Epoch : 316/800]
Total_loss	: 0.0414
MMD_loss	: 1.8190
Src_reg_loss	: 0.0232
-------------------------------------
[Epoch : 317/800]
Total_loss	: 0.0413
MMD_loss	: 1.8180
Src_reg_loss	: 0.0232
-------------------------------------
[Epoch : 318/800]
Total_loss	: 0.0413
MMD_loss	: 1.8170
Src_reg_loss	: 0.0231
-------------------------------------
[Epoch : 319/800]
Total_loss	: 0.0412
MMD_loss	: 1.8161
Src_reg_loss	: 0.0231
-------------------------------------
[Epoch : 320/800]
Total_loss	: 0.0412
MMD_loss	: 1.8151
Src_reg_loss	: 0.0231
-------------------------------------
[Epoch : 321/800]
Total_loss	: 0.0412
MMD_loss	: 1.8141
Src_reg_loss	: 0.0230
-------------------------------------
[Epoch : 322/800]
Total_loss	: 0.0411
MMD_loss	: 1.8131
Src_reg_loss	: 0.0230
-------------------------------------
[Epoch : 323/800]
Total_loss	: 0.0411
MMD_loss	: 1.8121
Src_reg_loss	: 0.0229
-------------------------------------
[Epoch : 324/800]
Total_loss	: 0.0410
MMD_loss	: 1.8111
Src_reg_loss	: 0.0229
-------------------------------------
[Epoch : 325/800]
Total_loss	: 0.0410
MMD_loss	: 1.8101
Src_reg_loss	: 0.0229
-------------------------------------
[Epoch : 326/800]
Total_loss	: 0.0409
MMD_loss	: 1.8092
Src_reg_loss	: 0.0228
-------------------------------------
[Epoch : 327/800]
Total_loss	: 0.0409
MMD_loss	: 1.8082
Src_reg_loss	: 0.0228
-------------------------------------
[Epoch : 328/800]
Total_loss	: 0.0408
MMD_loss	: 1.8072
Src_reg_loss	: 0.0228
-------------------------------------
[Epoch : 329/800]
Total_loss	: 0.0408
MMD_loss	: 1.8062
Src_reg_loss	: 0.0227
-------------------------------------
[Epoch : 330/800]
Total_loss	: 0.0407
MMD_loss	: 1.8051
Src_reg_loss	: 0.0227
-------------------------------------
[Epoch : 331/800]
Total_loss	: 0.0407
MMD_loss	: 1.8041
Src_reg_loss	: 0.0227
-------------------------------------
[Epoch : 332/800]
Total_loss	: 0.0407
MMD_loss	: 1.8031
Src_reg_loss	: 0.0226
-------------------------------------
[Epoch : 333/800]
Total_loss	: 0.0406
MMD_loss	: 1.8021
Src_reg_loss	: 0.0226
-------------------------------------
[Epoch : 334/800]
Total_loss	: 0.0406
MMD_loss	: 1.8011
Src_reg_loss	: 0.0226
-------------------------------------
[Epoch : 335/800]
Total_loss	: 0.0405
MMD_loss	: 1.8001
Src_reg_loss	: 0.0225
-------------------------------------
[Epoch : 336/800]
Total_loss	: 0.0405
MMD_loss	: 1.7991
Src_reg_loss	: 0.0225
-------------------------------------
[Epoch : 337/800]
Total_loss	: 0.0404
MMD_loss	: 1.7980
Src_reg_loss	: 0.0225
-------------------------------------
[Epoch : 338/800]
Total_loss	: 0.0404
MMD_loss	: 1.7970
Src_reg_loss	: 0.0224
-------------------------------------
[Epoch : 339/800]
Total_loss	: 0.0403
MMD_loss	: 1.7960
Src_reg_loss	: 0.0224
-------------------------------------
[Epoch : 340/800]
Total_loss	: 0.0403
MMD_loss	: 1.7950
Src_reg_loss	: 0.0224
-------------------------------------
[Epoch : 341/800]
Total_loss	: 0.0403
MMD_loss	: 1.7939
Src_reg_loss	: 0.0223
-------------------------------------
[Epoch : 342/800]
Total_loss	: 0.0402
MMD_loss	: 1.7929
Src_reg_loss	: 0.0223
-------------------------------------
[Epoch : 343/800]
Total_loss	: 0.0402
MMD_loss	: 1.7919
Src_reg_loss	: 0.0223
-------------------------------------
[Epoch : 344/800]
Total_loss	: 0.0401
MMD_loss	: 1.7909
Src_reg_loss	: 0.0222
-------------------------------------
[Epoch : 345/800]
Total_loss	: 0.0401
MMD_loss	: 1.7898
Src_reg_loss	: 0.0222
-------------------------------------
[Epoch : 346/800]
Total_loss	: 0.0400
MMD_loss	: 1.7888
Src_reg_loss	: 0.0222
-------------------------------------
[Epoch : 347/800]
Total_loss	: 0.0400
MMD_loss	: 1.7877
Src_reg_loss	: 0.0221
-------------------------------------
[Epoch : 348/800]
Total_loss	: 0.0400
MMD_loss	: 1.7867
Src_reg_loss	: 0.0221
-------------------------------------
[Epoch : 349/800]
Total_loss	: 0.0399
MMD_loss	: 1.7857
Src_reg_loss	: 0.0221
-------------------------------------
[Epoch : 350/800]
Total_loss	: 0.0399
MMD_loss	: 1.7846
Src_reg_loss	: 0.0220
-------------------------------------
[Epoch : 351/800]
Total_loss	: 0.0398
MMD_loss	: 1.7836
Src_reg_loss	: 0.0220
-------------------------------------
[Epoch : 352/800]
Total_loss	: 0.0398
MMD_loss	: 1.7825
Src_reg_loss	: 0.0220
-------------------------------------
[Epoch : 353/800]
Total_loss	: 0.0398
MMD_loss	: 1.7815
Src_reg_loss	: 0.0219
-------------------------------------
[Epoch : 354/800]
Total_loss	: 0.0397
MMD_loss	: 1.7805
Src_reg_loss	: 0.0219
-------------------------------------
[Epoch : 355/800]
Total_loss	: 0.0397
MMD_loss	: 1.7794
Src_reg_loss	: 0.0219
-------------------------------------
[Epoch : 356/800]
Total_loss	: 0.0396
MMD_loss	: 1.7784
Src_reg_loss	: 0.0218
-------------------------------------
[Epoch : 357/800]
Total_loss	: 0.0396
MMD_loss	: 1.7773
Src_reg_loss	: 0.0218
-------------------------------------
[Epoch : 358/800]
Total_loss	: 0.0395
MMD_loss	: 1.7763
Src_reg_loss	: 0.0218
-------------------------------------
[Epoch : 359/800]
Total_loss	: 0.0395
MMD_loss	: 1.7753
Src_reg_loss	: 0.0217
-------------------------------------
[Epoch : 360/800]
Total_loss	: 0.0395
MMD_loss	: 1.7742
Src_reg_loss	: 0.0217
-------------------------------------
[Epoch : 361/800]
Total_loss	: 0.0394
MMD_loss	: 1.7732
Src_reg_loss	: 0.0217
-------------------------------------
[Epoch : 362/800]
Total_loss	: 0.0394
MMD_loss	: 1.7721
Src_reg_loss	: 0.0217
-------------------------------------
[Epoch : 363/800]
Total_loss	: 0.0393
MMD_loss	: 1.7711
Src_reg_loss	: 0.0216
-------------------------------------
[Epoch : 364/800]
Total_loss	: 0.0393
MMD_loss	: 1.7700
Src_reg_loss	: 0.0216
-------------------------------------
[Epoch : 365/800]
Total_loss	: 0.0393
MMD_loss	: 1.7690
Src_reg_loss	: 0.0216
-------------------------------------
[Epoch : 366/800]
Total_loss	: 0.0392
MMD_loss	: 1.7680
Src_reg_loss	: 0.0215
-------------------------------------
[Epoch : 367/800]
Total_loss	: 0.0392
MMD_loss	: 1.7669
Src_reg_loss	: 0.0215
-------------------------------------
[Epoch : 368/800]
Total_loss	: 0.0391
MMD_loss	: 1.7659
Src_reg_loss	: 0.0215
-------------------------------------
[Epoch : 369/800]
Total_loss	: 0.0391
MMD_loss	: 1.7649
Src_reg_loss	: 0.0214
-------------------------------------
[Epoch : 370/800]
Total_loss	: 0.0391
MMD_loss	: 1.7638
Src_reg_loss	: 0.0214
-------------------------------------
[Epoch : 371/800]
Total_loss	: 0.0390
MMD_loss	: 1.7628
Src_reg_loss	: 0.0214
-------------------------------------
[Epoch : 372/800]
Total_loss	: 0.0390
MMD_loss	: 1.7618
Src_reg_loss	: 0.0214
-------------------------------------
[Epoch : 373/800]
Total_loss	: 0.0389
MMD_loss	: 1.7607
Src_reg_loss	: 0.0213
-------------------------------------
[Epoch : 374/800]
Total_loss	: 0.0389
MMD_loss	: 1.7597
Src_reg_loss	: 0.0213
-------------------------------------
[Epoch : 375/800]
Total_loss	: 0.0389
MMD_loss	: 1.7587
Src_reg_loss	: 0.0213
-------------------------------------
[Epoch : 376/800]
Total_loss	: 0.0388
MMD_loss	: 1.7576
Src_reg_loss	: 0.0212
-------------------------------------
[Epoch : 377/800]
Total_loss	: 0.0388
MMD_loss	: 1.7566
Src_reg_loss	: 0.0212
-------------------------------------
[Epoch : 378/800]
Total_loss	: 0.0387
MMD_loss	: 1.7556
Src_reg_loss	: 0.0212
-------------------------------------
[Epoch : 379/800]
Total_loss	: 0.0387
MMD_loss	: 1.7546
Src_reg_loss	: 0.0212
-------------------------------------
[Epoch : 380/800]
Total_loss	: 0.0387
MMD_loss	: 1.7535
Src_reg_loss	: 0.0211
-------------------------------------
[Epoch : 381/800]
Total_loss	: 0.0386
MMD_loss	: 1.7525
Src_reg_loss	: 0.0211
-------------------------------------
[Epoch : 382/800]
Total_loss	: 0.0386
MMD_loss	: 1.7515
Src_reg_loss	: 0.0211
-------------------------------------
[Epoch : 383/800]
Total_loss	: 0.0385
MMD_loss	: 1.7505
Src_reg_loss	: 0.0210
-------------------------------------
[Epoch : 384/800]
Total_loss	: 0.0385
MMD_loss	: 1.7495
Src_reg_loss	: 0.0210
-------------------------------------
[Epoch : 385/800]
Total_loss	: 0.0385
MMD_loss	: 1.7484
Src_reg_loss	: 0.0210
-------------------------------------
[Epoch : 386/800]
Total_loss	: 0.0384
MMD_loss	: 1.7474
Src_reg_loss	: 0.0210
-------------------------------------
[Epoch : 387/800]
Total_loss	: 0.0384
MMD_loss	: 1.7464
Src_reg_loss	: 0.0209
-------------------------------------
[Epoch : 388/800]
Total_loss	: 0.0384
MMD_loss	: 1.7454
Src_reg_loss	: 0.0209
-------------------------------------
[Epoch : 389/800]
Total_loss	: 0.0383
MMD_loss	: 1.7444
Src_reg_loss	: 0.0209
-------------------------------------
[Epoch : 390/800]
Total_loss	: 0.0383
MMD_loss	: 1.7434
Src_reg_loss	: 0.0208
-------------------------------------
[Epoch : 391/800]
Total_loss	: 0.0382
MMD_loss	: 1.7424
Src_reg_loss	: 0.0208
-------------------------------------
[Epoch : 392/800]
Total_loss	: 0.0382
MMD_loss	: 1.7414
Src_reg_loss	: 0.0208
-------------------------------------
[Epoch : 393/800]
Total_loss	: 0.0382
MMD_loss	: 1.7404
Src_reg_loss	: 0.0208
-------------------------------------
[Epoch : 394/800]
Total_loss	: 0.0381
MMD_loss	: 1.7395
Src_reg_loss	: 0.0207
-------------------------------------
[Epoch : 395/800]
Total_loss	: 0.0381
MMD_loss	: 1.7385
Src_reg_loss	: 0.0207
-------------------------------------
[Epoch : 396/800]
Total_loss	: 0.0381
MMD_loss	: 1.7375
Src_reg_loss	: 0.0207
-------------------------------------
[Epoch : 397/800]
Total_loss	: 0.0380
MMD_loss	: 1.7365
Src_reg_loss	: 0.0207
-------------------------------------
[Epoch : 398/800]
Total_loss	: 0.0380
MMD_loss	: 1.7356
Src_reg_loss	: 0.0206
-------------------------------------
[Epoch : 399/800]
Total_loss	: 0.0380
MMD_loss	: 1.7346
Src_reg_loss	: 0.0206
-------------------------------------
[Epoch : 400/800]
Total_loss	: 0.0379
MMD_loss	: 1.7336
Src_reg_loss	: 0.0206
-------------------------------------
[Epoch : 401/800]
Total_loss	: 0.0379
MMD_loss	: 1.7327
Src_reg_loss	: 0.0206
-------------------------------------
[Epoch : 402/800]
Total_loss	: 0.0378
MMD_loss	: 1.7317
Src_reg_loss	: 0.0205
-------------------------------------
[Epoch : 403/800]
Total_loss	: 0.0378
MMD_loss	: 1.7308
Src_reg_loss	: 0.0205
-------------------------------------
[Epoch : 404/800]
Total_loss	: 0.0378
MMD_loss	: 1.7298
Src_reg_loss	: 0.0205
-------------------------------------
[Epoch : 405/800]
Total_loss	: 0.0377
MMD_loss	: 1.7289
Src_reg_loss	: 0.0204
-------------------------------------
[Epoch : 406/800]
Total_loss	: 0.0377
MMD_loss	: 1.7279
Src_reg_loss	: 0.0204
-------------------------------------
[Epoch : 407/800]
Total_loss	: 0.0377
MMD_loss	: 1.7270
Src_reg_loss	: 0.0204
-------------------------------------
[Epoch : 408/800]
Total_loss	: 0.0376
MMD_loss	: 1.7260
Src_reg_loss	: 0.0204
-------------------------------------
[Epoch : 409/800]
Total_loss	: 0.0376
MMD_loss	: 1.7251
Src_reg_loss	: 0.0203
-------------------------------------
[Epoch : 410/800]
Total_loss	: 0.0376
MMD_loss	: 1.7242
Src_reg_loss	: 0.0203
-------------------------------------
[Epoch : 411/800]
Total_loss	: 0.0375
MMD_loss	: 1.7233
Src_reg_loss	: 0.0203
-------------------------------------
[Epoch : 412/800]
Total_loss	: 0.0375
MMD_loss	: 1.7224
Src_reg_loss	: 0.0203
-------------------------------------
[Epoch : 413/800]
Total_loss	: 0.0375
MMD_loss	: 1.7214
Src_reg_loss	: 0.0202
-------------------------------------
[Epoch : 414/800]
Total_loss	: 0.0374
MMD_loss	: 1.7205
Src_reg_loss	: 0.0202
-------------------------------------
[Epoch : 415/800]
Total_loss	: 0.0374
MMD_loss	: 1.7196
Src_reg_loss	: 0.0202
-------------------------------------
[Epoch : 416/800]
Total_loss	: 0.0374
MMD_loss	: 1.7187
Src_reg_loss	: 0.0202
-------------------------------------
[Epoch : 417/800]
Total_loss	: 0.0373
MMD_loss	: 1.7178
Src_reg_loss	: 0.0201
-------------------------------------
[Epoch : 418/800]
Total_loss	: 0.0373
MMD_loss	: 1.7170
Src_reg_loss	: 0.0201
-------------------------------------
[Epoch : 419/800]
Total_loss	: 0.0373
MMD_loss	: 1.7161
Src_reg_loss	: 0.0201
-------------------------------------
[Epoch : 420/800]
Total_loss	: 0.0372
MMD_loss	: 1.7152
Src_reg_loss	: 0.0201
-------------------------------------
[Epoch : 421/800]
Total_loss	: 0.0372
MMD_loss	: 1.7143
Src_reg_loss	: 0.0200
-------------------------------------
[Epoch : 422/800]
Total_loss	: 0.0372
MMD_loss	: 1.7135
Src_reg_loss	: 0.0200
-------------------------------------
[Epoch : 423/800]
Total_loss	: 0.0371
MMD_loss	: 1.7126
Src_reg_loss	: 0.0200
-------------------------------------
[Epoch : 424/800]
Total_loss	: 0.0371
MMD_loss	: 1.7117
Src_reg_loss	: 0.0200
-------------------------------------
[Epoch : 425/800]
Total_loss	: 0.0371
MMD_loss	: 1.7109
Src_reg_loss	: 0.0200
-------------------------------------
[Epoch : 426/800]
Total_loss	: 0.0370
MMD_loss	: 1.7100
Src_reg_loss	: 0.0199
-------------------------------------
[Epoch : 427/800]
Total_loss	: 0.0370
MMD_loss	: 1.7092
Src_reg_loss	: 0.0199
-------------------------------------
[Epoch : 428/800]
Total_loss	: 0.0370
MMD_loss	: 1.7083
Src_reg_loss	: 0.0199
-------------------------------------
[Epoch : 429/800]
Total_loss	: 0.0369
MMD_loss	: 1.7075
Src_reg_loss	: 0.0199
-------------------------------------
[Epoch : 430/800]
Total_loss	: 0.0369
MMD_loss	: 1.7067
Src_reg_loss	: 0.0198
-------------------------------------
[Epoch : 431/800]
Total_loss	: 0.0369
MMD_loss	: 1.7059
Src_reg_loss	: 0.0198
-------------------------------------
[Epoch : 432/800]
Total_loss	: 0.0368
MMD_loss	: 1.7050
Src_reg_loss	: 0.0198
-------------------------------------
[Epoch : 433/800]
Total_loss	: 0.0368
MMD_loss	: 1.7042
Src_reg_loss	: 0.0198
-------------------------------------
[Epoch : 434/800]
Total_loss	: 0.0368
MMD_loss	: 1.7034
Src_reg_loss	: 0.0197
-------------------------------------
[Epoch : 435/800]
Total_loss	: 0.0367
MMD_loss	: 1.7026
Src_reg_loss	: 0.0197
-------------------------------------
[Epoch : 436/800]
Total_loss	: 0.0367
MMD_loss	: 1.7018
Src_reg_loss	: 0.0197
-------------------------------------
[Epoch : 437/800]
Total_loss	: 0.0367
MMD_loss	: 1.7010
Src_reg_loss	: 0.0197
-------------------------------------
[Epoch : 438/800]
Total_loss	: 0.0366
MMD_loss	: 1.7002
Src_reg_loss	: 0.0196
-------------------------------------
[Epoch : 439/800]
Total_loss	: 0.0366
MMD_loss	: 1.6994
Src_reg_loss	: 0.0196
-------------------------------------
[Epoch : 440/800]
Total_loss	: 0.0366
MMD_loss	: 1.6987
Src_reg_loss	: 0.0196
-------------------------------------
[Epoch : 441/800]
Total_loss	: 0.0366
MMD_loss	: 1.6979
Src_reg_loss	: 0.0196
-------------------------------------
[Epoch : 442/800]
Total_loss	: 0.0365
MMD_loss	: 1.6971
Src_reg_loss	: 0.0196
-------------------------------------
[Epoch : 443/800]
Total_loss	: 0.0365
MMD_loss	: 1.6964
Src_reg_loss	: 0.0195
-------------------------------------
[Epoch : 444/800]
Total_loss	: 0.0365
MMD_loss	: 1.6956
Src_reg_loss	: 0.0195
-------------------------------------
[Epoch : 445/800]
Total_loss	: 0.0364
MMD_loss	: 1.6949
Src_reg_loss	: 0.0195
-------------------------------------
[Epoch : 446/800]
Total_loss	: 0.0364
MMD_loss	: 1.6941
Src_reg_loss	: 0.0195
-------------------------------------
[Epoch : 447/800]
Total_loss	: 0.0364
MMD_loss	: 1.6934
Src_reg_loss	: 0.0194
-------------------------------------
[Epoch : 448/800]
Total_loss	: 0.0363
MMD_loss	: 1.6926
Src_reg_loss	: 0.0194
-------------------------------------
[Epoch : 449/800]
Total_loss	: 0.0363
MMD_loss	: 1.6919
Src_reg_loss	: 0.0194
-------------------------------------
[Epoch : 450/800]
Total_loss	: 0.0363
MMD_loss	: 1.6912
Src_reg_loss	: 0.0194
-------------------------------------
[Epoch : 451/800]
Total_loss	: 0.0363
MMD_loss	: 1.6905
Src_reg_loss	: 0.0194
-------------------------------------
[Epoch : 452/800]
Total_loss	: 0.0362
MMD_loss	: 1.6897
Src_reg_loss	: 0.0193
-------------------------------------
[Epoch : 453/800]
Total_loss	: 0.0362
MMD_loss	: 1.6890
Src_reg_loss	: 0.0193
-------------------------------------
[Epoch : 454/800]
Total_loss	: 0.0362
MMD_loss	: 1.6883
Src_reg_loss	: 0.0193
-------------------------------------
[Epoch : 455/800]
Total_loss	: 0.0361
MMD_loss	: 1.6876
Src_reg_loss	: 0.0193
-------------------------------------
[Epoch : 456/800]
Total_loss	: 0.0361
MMD_loss	: 1.6869
Src_reg_loss	: 0.0192
-------------------------------------
[Epoch : 457/800]
Total_loss	: 0.0361
MMD_loss	: 1.6862
Src_reg_loss	: 0.0192
-------------------------------------
[Epoch : 458/800]
Total_loss	: 0.0361
MMD_loss	: 1.6856
Src_reg_loss	: 0.0192
-------------------------------------
[Epoch : 459/800]
Total_loss	: 0.0360
MMD_loss	: 1.6849
Src_reg_loss	: 0.0192
-------------------------------------
[Epoch : 460/800]
Total_loss	: 0.0360
MMD_loss	: 1.6842
Src_reg_loss	: 0.0192
-------------------------------------
[Epoch : 461/800]
Total_loss	: 0.0360
MMD_loss	: 1.6835
Src_reg_loss	: 0.0191
-------------------------------------
[Epoch : 462/800]
Total_loss	: 0.0359
MMD_loss	: 1.6829
Src_reg_loss	: 0.0191
-------------------------------------
[Epoch : 463/800]
Total_loss	: 0.0359
MMD_loss	: 1.6822
Src_reg_loss	: 0.0191
-------------------------------------
[Epoch : 464/800]
Total_loss	: 0.0359
MMD_loss	: 1.6816
Src_reg_loss	: 0.0191
-------------------------------------
[Epoch : 465/800]
Total_loss	: 0.0359
MMD_loss	: 1.6809
Src_reg_loss	: 0.0191
-------------------------------------
[Epoch : 466/800]
Total_loss	: 0.0358
MMD_loss	: 1.6803
Src_reg_loss	: 0.0190
-------------------------------------
[Epoch : 467/800]
Total_loss	: 0.0358
MMD_loss	: 1.6797
Src_reg_loss	: 0.0190
-------------------------------------
[Epoch : 468/800]
Total_loss	: 0.0358
MMD_loss	: 1.6790
Src_reg_loss	: 0.0190
-------------------------------------
[Epoch : 469/800]
Total_loss	: 0.0358
MMD_loss	: 1.6784
Src_reg_loss	: 0.0190
-------------------------------------
[Epoch : 470/800]
Total_loss	: 0.0357
MMD_loss	: 1.6778
Src_reg_loss	: 0.0190
-------------------------------------
[Epoch : 471/800]
Total_loss	: 0.0357
MMD_loss	: 1.6772
Src_reg_loss	: 0.0189
-------------------------------------
[Epoch : 472/800]
Total_loss	: 0.0357
MMD_loss	: 1.6766
Src_reg_loss	: 0.0189
-------------------------------------
[Epoch : 473/800]
Total_loss	: 0.0357
MMD_loss	: 1.6760
Src_reg_loss	: 0.0189
-------------------------------------
[Epoch : 474/800]
Total_loss	: 0.0356
MMD_loss	: 1.6754
Src_reg_loss	: 0.0189
-------------------------------------
[Epoch : 475/800]
Total_loss	: 0.0356
MMD_loss	: 1.6748
Src_reg_loss	: 0.0189
-------------------------------------
[Epoch : 476/800]
Total_loss	: 0.0356
MMD_loss	: 1.6742
Src_reg_loss	: 0.0188
-------------------------------------
[Epoch : 477/800]
Total_loss	: 0.0355
MMD_loss	: 1.6736
Src_reg_loss	: 0.0188
-------------------------------------
[Epoch : 478/800]
Total_loss	: 0.0355
MMD_loss	: 1.6730
Src_reg_loss	: 0.0188
-------------------------------------
[Epoch : 479/800]
Total_loss	: 0.0355
MMD_loss	: 1.6725
Src_reg_loss	: 0.0188
-------------------------------------
[Epoch : 480/800]
Total_loss	: 0.0355
MMD_loss	: 1.6719
Src_reg_loss	: 0.0188
-------------------------------------
[Epoch : 481/800]
Total_loss	: 0.0354
MMD_loss	: 1.6713
Src_reg_loss	: 0.0187
-------------------------------------
[Epoch : 482/800]
Total_loss	: 0.0354
MMD_loss	: 1.6708
Src_reg_loss	: 0.0187
-------------------------------------
[Epoch : 483/800]
Total_loss	: 0.0354
MMD_loss	: 1.6702
Src_reg_loss	: 0.0187
-------------------------------------
[Epoch : 484/800]
Total_loss	: 0.0354
MMD_loss	: 1.6697
Src_reg_loss	: 0.0187
-------------------------------------
[Epoch : 485/800]
Total_loss	: 0.0353
MMD_loss	: 1.6691
Src_reg_loss	: 0.0187
-------------------------------------
[Epoch : 486/800]
Total_loss	: 0.0353
MMD_loss	: 1.6686
Src_reg_loss	: 0.0186
-------------------------------------
[Epoch : 487/800]
Total_loss	: 0.0353
MMD_loss	: 1.6681
Src_reg_loss	: 0.0186
-------------------------------------
[Epoch : 488/800]
Total_loss	: 0.0353
MMD_loss	: 1.6676
Src_reg_loss	: 0.0186
-------------------------------------
[Epoch : 489/800]
Total_loss	: 0.0352
MMD_loss	: 1.6670
Src_reg_loss	: 0.0186
-------------------------------------
[Epoch : 490/800]
Total_loss	: 0.0352
MMD_loss	: 1.6665
Src_reg_loss	: 0.0186
-------------------------------------
[Epoch : 491/800]
Total_loss	: 0.0352
MMD_loss	: 1.6660
Src_reg_loss	: 0.0185
-------------------------------------
[Epoch : 492/800]
Total_loss	: 0.0352
MMD_loss	: 1.6655
Src_reg_loss	: 0.0185
-------------------------------------
[Epoch : 493/800]
Total_loss	: 0.0352
MMD_loss	: 1.6650
Src_reg_loss	: 0.0185
-------------------------------------
[Epoch : 494/800]
Total_loss	: 0.0351
MMD_loss	: 1.6645
Src_reg_loss	: 0.0185
-------------------------------------
[Epoch : 495/800]
Total_loss	: 0.0351
MMD_loss	: 1.6640
Src_reg_loss	: 0.0185
-------------------------------------
[Epoch : 496/800]
Total_loss	: 0.0351
MMD_loss	: 1.6635
Src_reg_loss	: 0.0184
-------------------------------------
[Epoch : 497/800]
Total_loss	: 0.0351
MMD_loss	: 1.6631
Src_reg_loss	: 0.0184
-------------------------------------
[Epoch : 498/800]
Total_loss	: 0.0350
MMD_loss	: 1.6626
Src_reg_loss	: 0.0184
-------------------------------------
[Epoch : 499/800]
Total_loss	: 0.0350
MMD_loss	: 1.6621
Src_reg_loss	: 0.0184
-------------------------------------
[Epoch : 500/800]
Total_loss	: 0.0350
MMD_loss	: 1.6616
Src_reg_loss	: 0.0184
-------------------------------------
[Epoch : 501/800]
Total_loss	: 0.0350
MMD_loss	: 1.6612
Src_reg_loss	: 0.0184
-------------------------------------
[Epoch : 502/800]
Total_loss	: 0.0349
MMD_loss	: 1.6607
Src_reg_loss	: 0.0183
-------------------------------------
[Epoch : 503/800]
Total_loss	: 0.0349
MMD_loss	: 1.6603
Src_reg_loss	: 0.0183
-------------------------------------
[Epoch : 504/800]
Total_loss	: 0.0349
MMD_loss	: 1.6598
Src_reg_loss	: 0.0183
-------------------------------------
[Epoch : 505/800]
Total_loss	: 0.0349
MMD_loss	: 1.6594
Src_reg_loss	: 0.0183
-------------------------------------
[Epoch : 506/800]
Total_loss	: 0.0349
MMD_loss	: 1.6590
Src_reg_loss	: 0.0183
-------------------------------------
[Epoch : 507/800]
Total_loss	: 0.0348
MMD_loss	: 1.6585
Src_reg_loss	: 0.0182
-------------------------------------
[Epoch : 508/800]
Total_loss	: 0.0348
MMD_loss	: 1.6581
Src_reg_loss	: 0.0182
-------------------------------------
[Epoch : 509/800]
Total_loss	: 0.0348
MMD_loss	: 1.6577
Src_reg_loss	: 0.0182
-------------------------------------
[Epoch : 510/800]
Total_loss	: 0.0348
MMD_loss	: 1.6573
Src_reg_loss	: 0.0182
-------------------------------------
[Epoch : 511/800]
Total_loss	: 0.0347
MMD_loss	: 1.6568
Src_reg_loss	: 0.0182
-------------------------------------
[Epoch : 512/800]
Total_loss	: 0.0347
MMD_loss	: 1.6564
Src_reg_loss	: 0.0182
-------------------------------------
[Epoch : 513/800]
Total_loss	: 0.0347
MMD_loss	: 1.6560
Src_reg_loss	: 0.0181
-------------------------------------
[Epoch : 514/800]
Total_loss	: 0.0347
MMD_loss	: 1.6556
Src_reg_loss	: 0.0181
-------------------------------------
[Epoch : 515/800]
Total_loss	: 0.0347
MMD_loss	: 1.6552
Src_reg_loss	: 0.0181
-------------------------------------
[Epoch : 516/800]
Total_loss	: 0.0346
MMD_loss	: 1.6549
Src_reg_loss	: 0.0181
-------------------------------------
[Epoch : 517/800]
Total_loss	: 0.0346
MMD_loss	: 1.6545
Src_reg_loss	: 0.0181
-------------------------------------
[Epoch : 518/800]
Total_loss	: 0.0346
MMD_loss	: 1.6541
Src_reg_loss	: 0.0181
-------------------------------------
[Epoch : 519/800]
Total_loss	: 0.0346
MMD_loss	: 1.6537
Src_reg_loss	: 0.0180
-------------------------------------
[Epoch : 520/800]
Total_loss	: 0.0345
MMD_loss	: 1.6533
Src_reg_loss	: 0.0180
-------------------------------------
[Epoch : 521/800]
Total_loss	: 0.0345
MMD_loss	: 1.6530
Src_reg_loss	: 0.0180
-------------------------------------
[Epoch : 522/800]
Total_loss	: 0.0345
MMD_loss	: 1.6526
Src_reg_loss	: 0.0180
-------------------------------------
[Epoch : 523/800]
Total_loss	: 0.0345
MMD_loss	: 1.6523
Src_reg_loss	: 0.0180
-------------------------------------
[Epoch : 524/800]
Total_loss	: 0.0345
MMD_loss	: 1.6519
Src_reg_loss	: 0.0179
-------------------------------------
[Epoch : 525/800]
Total_loss	: 0.0344
MMD_loss	: 1.6516
Src_reg_loss	: 0.0179
-------------------------------------
[Epoch : 526/800]
Total_loss	: 0.0344
MMD_loss	: 1.6512
Src_reg_loss	: 0.0179
-------------------------------------
[Epoch : 527/800]
Total_loss	: 0.0344
MMD_loss	: 1.6509
Src_reg_loss	: 0.0179
-------------------------------------
[Epoch : 528/800]
Total_loss	: 0.0344
MMD_loss	: 1.6505
Src_reg_loss	: 0.0179
-------------------------------------
[Epoch : 529/800]
Total_loss	: 0.0344
MMD_loss	: 1.6502
Src_reg_loss	: 0.0179
-------------------------------------
[Epoch : 530/800]
Total_loss	: 0.0343
MMD_loss	: 1.6499
Src_reg_loss	: 0.0178
-------------------------------------
[Epoch : 531/800]
Total_loss	: 0.0343
MMD_loss	: 1.6495
Src_reg_loss	: 0.0178
-------------------------------------
[Epoch : 532/800]
Total_loss	: 0.0343
MMD_loss	: 1.6492
Src_reg_loss	: 0.0178
-------------------------------------
[Epoch : 533/800]
Total_loss	: 0.0343
MMD_loss	: 1.6489
Src_reg_loss	: 0.0178
-------------------------------------
[Epoch : 534/800]
Total_loss	: 0.0343
MMD_loss	: 1.6486
Src_reg_loss	: 0.0178
-------------------------------------
[Epoch : 535/800]
Total_loss	: 0.0342
MMD_loss	: 1.6483
Src_reg_loss	: 0.0178
-------------------------------------
[Epoch : 536/800]
Total_loss	: 0.0342
MMD_loss	: 1.6480
Src_reg_loss	: 0.0177
-------------------------------------
[Epoch : 537/800]
Total_loss	: 0.0342
MMD_loss	: 1.6477
Src_reg_loss	: 0.0177
-------------------------------------
[Epoch : 538/800]
Total_loss	: 0.0342
MMD_loss	: 1.6474
Src_reg_loss	: 0.0177
-------------------------------------
[Epoch : 539/800]
Total_loss	: 0.0342
MMD_loss	: 1.6471
Src_reg_loss	: 0.0177
-------------------------------------
[Epoch : 540/800]
Total_loss	: 0.0341
MMD_loss	: 1.6468
Src_reg_loss	: 0.0177
-------------------------------------
[Epoch : 541/800]
Total_loss	: 0.0341
MMD_loss	: 1.6465
Src_reg_loss	: 0.0177
-------------------------------------
[Epoch : 542/800]
Total_loss	: 0.0341
MMD_loss	: 1.6463
Src_reg_loss	: 0.0176
-------------------------------------
[Epoch : 543/800]
Total_loss	: 0.0341
MMD_loss	: 1.6460
Src_reg_loss	: 0.0176
-------------------------------------
[Epoch : 544/800]
Total_loss	: 0.0341
MMD_loss	: 1.6457
Src_reg_loss	: 0.0176
-------------------------------------
[Epoch : 545/800]
Total_loss	: 0.0341
MMD_loss	: 1.6454
Src_reg_loss	: 0.0176
-------------------------------------
[Epoch : 546/800]
Total_loss	: 0.0340
MMD_loss	: 1.6452
Src_reg_loss	: 0.0176
-------------------------------------
[Epoch : 547/800]
Total_loss	: 0.0340
MMD_loss	: 1.6449
Src_reg_loss	: 0.0176
-------------------------------------
[Epoch : 548/800]
Total_loss	: 0.0340
MMD_loss	: 1.6447
Src_reg_loss	: 0.0176
-------------------------------------
[Epoch : 549/800]
Total_loss	: 0.0340
MMD_loss	: 1.6444
Src_reg_loss	: 0.0175
-------------------------------------
[Epoch : 550/800]
Total_loss	: 0.0340
MMD_loss	: 1.6442
Src_reg_loss	: 0.0175
-------------------------------------
[Epoch : 551/800]
Total_loss	: 0.0339
MMD_loss	: 1.6439
Src_reg_loss	: 0.0175
-------------------------------------
[Epoch : 552/800]
Total_loss	: 0.0339
MMD_loss	: 1.6437
Src_reg_loss	: 0.0175
-------------------------------------
[Epoch : 553/800]
Total_loss	: 0.0339
MMD_loss	: 1.6435
Src_reg_loss	: 0.0175
-------------------------------------
[Epoch : 554/800]
Total_loss	: 0.0339
MMD_loss	: 1.6432
Src_reg_loss	: 0.0175
-------------------------------------
[Epoch : 555/800]
Total_loss	: 0.0339
MMD_loss	: 1.6430
Src_reg_loss	: 0.0174
-------------------------------------
[Epoch : 556/800]
Total_loss	: 0.0339
MMD_loss	: 1.6428
Src_reg_loss	: 0.0174
-------------------------------------
[Epoch : 557/800]
Total_loss	: 0.0338
MMD_loss	: 1.6426
Src_reg_loss	: 0.0174
-------------------------------------
[Epoch : 558/800]
Total_loss	: 0.0338
MMD_loss	: 1.6423
Src_reg_loss	: 0.0174
-------------------------------------
[Epoch : 559/800]
Total_loss	: 0.0338
MMD_loss	: 1.6421
Src_reg_loss	: 0.0174
-------------------------------------
[Epoch : 560/800]
Total_loss	: 0.0338
MMD_loss	: 1.6419
Src_reg_loss	: 0.0174
-------------------------------------
[Epoch : 561/800]
Total_loss	: 0.0338
MMD_loss	: 1.6417
Src_reg_loss	: 0.0174
-------------------------------------
[Epoch : 562/800]
Total_loss	: 0.0338
MMD_loss	: 1.6415
Src_reg_loss	: 0.0173
-------------------------------------
[Epoch : 563/800]
Total_loss	: 0.0337
MMD_loss	: 1.6413
Src_reg_loss	: 0.0173
-------------------------------------
[Epoch : 564/800]
Total_loss	: 0.0337
MMD_loss	: 1.6411
Src_reg_loss	: 0.0173
-------------------------------------
[Epoch : 565/800]
Total_loss	: 0.0337
MMD_loss	: 1.6409
Src_reg_loss	: 0.0173
-------------------------------------
[Epoch : 566/800]
Total_loss	: 0.0337
MMD_loss	: 1.6407
Src_reg_loss	: 0.0173
-------------------------------------
[Epoch : 567/800]
Total_loss	: 0.0337
MMD_loss	: 1.6406
Src_reg_loss	: 0.0173
-------------------------------------
[Epoch : 568/800]
Total_loss	: 0.0337
MMD_loss	: 1.6404
Src_reg_loss	: 0.0172
-------------------------------------
[Epoch : 569/800]
Total_loss	: 0.0336
MMD_loss	: 1.6402
Src_reg_loss	: 0.0172
-------------------------------------
[Epoch : 570/800]
Total_loss	: 0.0336
MMD_loss	: 1.6400
Src_reg_loss	: 0.0172
-------------------------------------
[Epoch : 571/800]
Total_loss	: 0.0336
MMD_loss	: 1.6399
Src_reg_loss	: 0.0172
-------------------------------------
[Epoch : 572/800]
Total_loss	: 0.0336
MMD_loss	: 1.6397
Src_reg_loss	: 0.0172
-------------------------------------
[Epoch : 573/800]
Total_loss	: 0.0336
MMD_loss	: 1.6396
Src_reg_loss	: 0.0172
-------------------------------------
[Epoch : 574/800]
Total_loss	: 0.0336
MMD_loss	: 1.6394
Src_reg_loss	: 0.0172
-------------------------------------
[Epoch : 575/800]
Total_loss	: 0.0335
MMD_loss	: 1.6392
Src_reg_loss	: 0.0171
-------------------------------------
[Epoch : 576/800]
Total_loss	: 0.0335
MMD_loss	: 1.6391
Src_reg_loss	: 0.0171
-------------------------------------
[Epoch : 577/800]
Total_loss	: 0.0335
MMD_loss	: 1.6389
Src_reg_loss	: 0.0171
-------------------------------------
[Epoch : 578/800]
Total_loss	: 0.0335
MMD_loss	: 1.6388
Src_reg_loss	: 0.0171
-------------------------------------
[Epoch : 579/800]
Total_loss	: 0.0335
MMD_loss	: 1.6387
Src_reg_loss	: 0.0171
-------------------------------------
[Epoch : 580/800]
Total_loss	: 0.0335
MMD_loss	: 1.6385
Src_reg_loss	: 0.0171
-------------------------------------
[Epoch : 581/800]
Total_loss	: 0.0334
MMD_loss	: 1.6384
Src_reg_loss	: 0.0171
-------------------------------------
[Epoch : 582/800]
Total_loss	: 0.0334
MMD_loss	: 1.6383
Src_reg_loss	: 0.0170
-------------------------------------
[Epoch : 583/800]
Total_loss	: 0.0334
MMD_loss	: 1.6381
Src_reg_loss	: 0.0170
-------------------------------------
[Epoch : 584/800]
Total_loss	: 0.0334
MMD_loss	: 1.6380
Src_reg_loss	: 0.0170
-------------------------------------
[Epoch : 585/800]
Total_loss	: 0.0334
MMD_loss	: 1.6379
Src_reg_loss	: 0.0170
-------------------------------------
[Epoch : 586/800]
Total_loss	: 0.0334
MMD_loss	: 1.6378
Src_reg_loss	: 0.0170
-------------------------------------
[Epoch : 587/800]
Total_loss	: 0.0334
MMD_loss	: 1.6377
Src_reg_loss	: 0.0170
-------------------------------------
[Epoch : 588/800]
Total_loss	: 0.0333
MMD_loss	: 1.6376
Src_reg_loss	: 0.0170
-------------------------------------
[Epoch : 589/800]
Total_loss	: 0.0333
MMD_loss	: 1.6375
Src_reg_loss	: 0.0169
-------------------------------------
[Epoch : 590/800]
Total_loss	: 0.0333
MMD_loss	: 1.6374
Src_reg_loss	: 0.0169
-------------------------------------
[Epoch : 591/800]
Total_loss	: 0.0333
MMD_loss	: 1.6373
Src_reg_loss	: 0.0169
-------------------------------------
[Epoch : 592/800]
Total_loss	: 0.0333
MMD_loss	: 1.6372
Src_reg_loss	: 0.0169
-------------------------------------
[Epoch : 593/800]
Total_loss	: 0.0333
MMD_loss	: 1.6371
Src_reg_loss	: 0.0169
-------------------------------------
[Epoch : 594/800]
Total_loss	: 0.0332
MMD_loss	: 1.6370
Src_reg_loss	: 0.0169
-------------------------------------
[Epoch : 595/800]
Total_loss	: 0.0332
MMD_loss	: 1.6369
Src_reg_loss	: 0.0169
-------------------------------------
[Epoch : 596/800]
Total_loss	: 0.0332
MMD_loss	: 1.6368
Src_reg_loss	: 0.0168
-------------------------------------
[Epoch : 597/800]
Total_loss	: 0.0332
MMD_loss	: 1.6367
Src_reg_loss	: 0.0168
-------------------------------------
[Epoch : 598/800]
Total_loss	: 0.0332
MMD_loss	: 1.6366
Src_reg_loss	: 0.0168
-------------------------------------
[Epoch : 599/800]
Total_loss	: 0.0332
MMD_loss	: 1.6366
Src_reg_loss	: 0.0168
-------------------------------------
[Epoch : 600/800]
Total_loss	: 0.0332
MMD_loss	: 1.6365
Src_reg_loss	: 0.0168
-------------------------------------
[Epoch : 601/800]
Total_loss	: 0.0331
MMD_loss	: 1.6364
Src_reg_loss	: 0.0168
-------------------------------------
[Epoch : 602/800]
Total_loss	: 0.0331
MMD_loss	: 1.6364
Src_reg_loss	: 0.0168
-------------------------------------
[Epoch : 603/800]
Total_loss	: 0.0331
MMD_loss	: 1.6363
Src_reg_loss	: 0.0168
-------------------------------------
[Epoch : 604/800]
Total_loss	: 0.0331
MMD_loss	: 1.6362
Src_reg_loss	: 0.0167
-------------------------------------
[Epoch : 605/800]
Total_loss	: 0.0331
MMD_loss	: 1.6362
Src_reg_loss	: 0.0167
-------------------------------------
[Epoch : 606/800]
Total_loss	: 0.0331
MMD_loss	: 1.6361
Src_reg_loss	: 0.0167
-------------------------------------
[Epoch : 607/800]
Total_loss	: 0.0331
MMD_loss	: 1.6361
Src_reg_loss	: 0.0167
-------------------------------------
[Epoch : 608/800]
Total_loss	: 0.0330
MMD_loss	: 1.6360
Src_reg_loss	: 0.0167
-------------------------------------
[Epoch : 609/800]
Total_loss	: 0.0330
MMD_loss	: 1.6360
Src_reg_loss	: 0.0167
-------------------------------------
[Epoch : 610/800]
Total_loss	: 0.0330
MMD_loss	: 1.6359
Src_reg_loss	: 0.0167
-------------------------------------
[Epoch : 611/800]
Total_loss	: 0.0330
MMD_loss	: 1.6359
Src_reg_loss	: 0.0166
-------------------------------------
[Epoch : 612/800]
Total_loss	: 0.0330
MMD_loss	: 1.6358
Src_reg_loss	: 0.0166
-------------------------------------
[Epoch : 613/800]
Total_loss	: 0.0330
MMD_loss	: 1.6358
Src_reg_loss	: 0.0166
-------------------------------------
[Epoch : 614/800]
Total_loss	: 0.0330
MMD_loss	: 1.6358
Src_reg_loss	: 0.0166
-------------------------------------
[Epoch : 615/800]
Total_loss	: 0.0330
MMD_loss	: 1.6357
Src_reg_loss	: 0.0166
-------------------------------------
[Epoch : 616/800]
Total_loss	: 0.0329
MMD_loss	: 1.6357
Src_reg_loss	: 0.0166
-------------------------------------
[Epoch : 617/800]
Total_loss	: 0.0329
MMD_loss	: 1.6357
Src_reg_loss	: 0.0166
-------------------------------------
[Epoch : 618/800]
Total_loss	: 0.0329
MMD_loss	: 1.6357
Src_reg_loss	: 0.0166
-------------------------------------
[Epoch : 619/800]
Total_loss	: 0.0329
MMD_loss	: 1.6356
Src_reg_loss	: 0.0165
-------------------------------------
[Epoch : 620/800]
Total_loss	: 0.0329
MMD_loss	: 1.6356
Src_reg_loss	: 0.0165
-------------------------------------
[Epoch : 621/800]
Total_loss	: 0.0329
MMD_loss	: 1.6356
Src_reg_loss	: 0.0165
-------------------------------------
[Epoch : 622/800]
Total_loss	: 0.0329
MMD_loss	: 1.6356
Src_reg_loss	: 0.0165
-------------------------------------
[Epoch : 623/800]
Total_loss	: 0.0329
MMD_loss	: 1.6356
Src_reg_loss	: 0.0165
-------------------------------------
[Epoch : 624/800]
Total_loss	: 0.0328
MMD_loss	: 1.6356
Src_reg_loss	: 0.0165
-------------------------------------
[Epoch : 625/800]
Total_loss	: 0.0328
MMD_loss	: 1.6356
Src_reg_loss	: 0.0165
-------------------------------------
[Epoch : 626/800]
Total_loss	: 0.0328
MMD_loss	: 1.6356
Src_reg_loss	: 0.0165
-------------------------------------
[Epoch : 627/800]
Total_loss	: 0.0328
MMD_loss	: 1.6356
Src_reg_loss	: 0.0164
-------------------------------------
[Epoch : 628/800]
Total_loss	: 0.0328
MMD_loss	: 1.6356
Src_reg_loss	: 0.0164
-------------------------------------
[Epoch : 629/800]
Total_loss	: 0.0328
MMD_loss	: 1.6356
Src_reg_loss	: 0.0164
-------------------------------------
[Epoch : 630/800]
Total_loss	: 0.0328
MMD_loss	: 1.6356
Src_reg_loss	: 0.0164
-------------------------------------
[Epoch : 631/800]
Total_loss	: 0.0328
MMD_loss	: 1.6356
Src_reg_loss	: 0.0164
-------------------------------------
[Epoch : 632/800]
Total_loss	: 0.0327
MMD_loss	: 1.6356
Src_reg_loss	: 0.0164
-------------------------------------
[Epoch : 633/800]
Total_loss	: 0.0327
MMD_loss	: 1.6356
Src_reg_loss	: 0.0164
-------------------------------------
[Epoch : 634/800]
Total_loss	: 0.0327
MMD_loss	: 1.6357
Src_reg_loss	: 0.0164
-------------------------------------
[Epoch : 635/800]
Total_loss	: 0.0327
MMD_loss	: 1.6357
Src_reg_loss	: 0.0163
-------------------------------------
[Epoch : 636/800]
Total_loss	: 0.0327
MMD_loss	: 1.6357
Src_reg_loss	: 0.0163
-------------------------------------
[Epoch : 637/800]
Total_loss	: 0.0327
MMD_loss	: 1.6357
Src_reg_loss	: 0.0163
-------------------------------------
[Epoch : 638/800]
Total_loss	: 0.0327
MMD_loss	: 1.6358
Src_reg_loss	: 0.0163
-------------------------------------
[Epoch : 639/800]
Total_loss	: 0.0327
MMD_loss	: 1.6358
Src_reg_loss	: 0.0163
-------------------------------------
[Epoch : 640/800]
Total_loss	: 0.0326
MMD_loss	: 1.6358
Src_reg_loss	: 0.0163
-------------------------------------
[Epoch : 641/800]
Total_loss	: 0.0326
MMD_loss	: 1.6359
Src_reg_loss	: 0.0163
-------------------------------------
[Epoch : 642/800]
Total_loss	: 0.0326
MMD_loss	: 1.6359
Src_reg_loss	: 0.0163
-------------------------------------
[Epoch : 643/800]
Total_loss	: 0.0326
MMD_loss	: 1.6360
Src_reg_loss	: 0.0162
-------------------------------------
[Epoch : 644/800]
Total_loss	: 0.0326
MMD_loss	: 1.6360
Src_reg_loss	: 0.0162
-------------------------------------
[Epoch : 645/800]
Total_loss	: 0.0326
MMD_loss	: 1.6360
Src_reg_loss	: 0.0162
-------------------------------------
[Epoch : 646/800]
Total_loss	: 0.0326
MMD_loss	: 1.6361
Src_reg_loss	: 0.0162
-------------------------------------
[Epoch : 647/800]
Total_loss	: 0.0326
MMD_loss	: 1.6361
Src_reg_loss	: 0.0162
-------------------------------------
[Epoch : 648/800]
Total_loss	: 0.0326
MMD_loss	: 1.6362
Src_reg_loss	: 0.0162
-------------------------------------
[Epoch : 649/800]
Total_loss	: 0.0325
MMD_loss	: 1.6362
Src_reg_loss	: 0.0162
-------------------------------------
[Epoch : 650/800]
Total_loss	: 0.0325
MMD_loss	: 1.6363
Src_reg_loss	: 0.0162
-------------------------------------
[Epoch : 651/800]
Total_loss	: 0.0325
MMD_loss	: 1.6363
Src_reg_loss	: 0.0162
-------------------------------------
[Epoch : 652/800]
Total_loss	: 0.0325
MMD_loss	: 1.6364
Src_reg_loss	: 0.0161
-------------------------------------
[Epoch : 653/800]
Total_loss	: 0.0325
MMD_loss	: 1.6365
Src_reg_loss	: 0.0161
-------------------------------------
[Epoch : 654/800]
Total_loss	: 0.0325
MMD_loss	: 1.6365
Src_reg_loss	: 0.0161
-------------------------------------
[Epoch : 655/800]
Total_loss	: 0.0325
MMD_loss	: 1.6366
Src_reg_loss	: 0.0161
-------------------------------------
[Epoch : 656/800]
Total_loss	: 0.0325
MMD_loss	: 1.6367
Src_reg_loss	: 0.0161
-------------------------------------
[Epoch : 657/800]
Total_loss	: 0.0325
MMD_loss	: 1.6367
Src_reg_loss	: 0.0161
-------------------------------------
[Epoch : 658/800]
Total_loss	: 0.0324
MMD_loss	: 1.6368
Src_reg_loss	: 0.0161
-------------------------------------
[Epoch : 659/800]
Total_loss	: 0.0324
MMD_loss	: 1.6369
Src_reg_loss	: 0.0161
-------------------------------------
[Epoch : 660/800]
Total_loss	: 0.0324
MMD_loss	: 1.6369
Src_reg_loss	: 0.0161
-------------------------------------
[Epoch : 661/800]
Total_loss	: 0.0324
MMD_loss	: 1.6370
Src_reg_loss	: 0.0160
-------------------------------------
[Epoch : 662/800]
Total_loss	: 0.0324
MMD_loss	: 1.6371
Src_reg_loss	: 0.0160
-------------------------------------
[Epoch : 663/800]
Total_loss	: 0.0324
MMD_loss	: 1.6372
Src_reg_loss	: 0.0160
-------------------------------------
[Epoch : 664/800]
Total_loss	: 0.0324
MMD_loss	: 1.6372
Src_reg_loss	: 0.0160
-------------------------------------
[Epoch : 665/800]
Total_loss	: 0.0324
MMD_loss	: 1.6373
Src_reg_loss	: 0.0160
-------------------------------------
[Epoch : 666/800]
Total_loss	: 0.0324
MMD_loss	: 1.6374
Src_reg_loss	: 0.0160
-------------------------------------
[Epoch : 667/800]
Total_loss	: 0.0323
MMD_loss	: 1.6375
Src_reg_loss	: 0.0160
-------------------------------------
[Epoch : 668/800]
Total_loss	: 0.0323
MMD_loss	: 1.6376
Src_reg_loss	: 0.0160
-------------------------------------
[Epoch : 669/800]
Total_loss	: 0.0323
MMD_loss	: 1.6377
Src_reg_loss	: 0.0159
-------------------------------------
[Epoch : 670/800]
Total_loss	: 0.0323
MMD_loss	: 1.6378
Src_reg_loss	: 0.0159
-------------------------------------
[Epoch : 671/800]
Total_loss	: 0.0323
MMD_loss	: 1.6379
Src_reg_loss	: 0.0159
-------------------------------------
[Epoch : 672/800]
Total_loss	: 0.0323
MMD_loss	: 1.6380
Src_reg_loss	: 0.0159
-------------------------------------
[Epoch : 673/800]
Total_loss	: 0.0323
MMD_loss	: 1.6381
Src_reg_loss	: 0.0159
-------------------------------------
[Epoch : 674/800]
Total_loss	: 0.0323
MMD_loss	: 1.6382
Src_reg_loss	: 0.0159
-------------------------------------
[Epoch : 675/800]
Total_loss	: 0.0323
MMD_loss	: 1.6383
Src_reg_loss	: 0.0159
-------------------------------------
[Epoch : 676/800]
Total_loss	: 0.0323
MMD_loss	: 1.6384
Src_reg_loss	: 0.0159
-------------------------------------
[Epoch : 677/800]
Total_loss	: 0.0322
MMD_loss	: 1.6385
Src_reg_loss	: 0.0159
-------------------------------------
[Epoch : 678/800]
Total_loss	: 0.0322
MMD_loss	: 1.6386
Src_reg_loss	: 0.0158
-------------------------------------
[Epoch : 679/800]
Total_loss	: 0.0322
MMD_loss	: 1.6387
Src_reg_loss	: 0.0158
-------------------------------------
[Epoch : 680/800]
Total_loss	: 0.0322
MMD_loss	: 1.6388
Src_reg_loss	: 0.0158
-------------------------------------
[Epoch : 681/800]
Total_loss	: 0.0322
MMD_loss	: 1.6389
Src_reg_loss	: 0.0158
-------------------------------------
[Epoch : 682/800]
Total_loss	: 0.0322
MMD_loss	: 1.6390
Src_reg_loss	: 0.0158
-------------------------------------
[Epoch : 683/800]
Total_loss	: 0.0322
MMD_loss	: 1.6391
Src_reg_loss	: 0.0158
-------------------------------------
[Epoch : 684/800]
Total_loss	: 0.0322
MMD_loss	: 1.6392
Src_reg_loss	: 0.0158
-------------------------------------
[Epoch : 685/800]
Total_loss	: 0.0322
MMD_loss	: 1.6394
Src_reg_loss	: 0.0158
-------------------------------------
[Epoch : 686/800]
Total_loss	: 0.0322
MMD_loss	: 1.6395
Src_reg_loss	: 0.0158
-------------------------------------
[Epoch : 687/800]
Total_loss	: 0.0321
MMD_loss	: 1.6396
Src_reg_loss	: 0.0158
-------------------------------------
[Epoch : 688/800]
Total_loss	: 0.0321
MMD_loss	: 1.6397
Src_reg_loss	: 0.0157
-------------------------------------
[Epoch : 689/800]
Total_loss	: 0.0321
MMD_loss	: 1.6398
Src_reg_loss	: 0.0157
-------------------------------------
[Epoch : 690/800]
Total_loss	: 0.0321
MMD_loss	: 1.6400
Src_reg_loss	: 0.0157
-------------------------------------
[Epoch : 691/800]
Total_loss	: 0.0321
MMD_loss	: 1.6401
Src_reg_loss	: 0.0157
-------------------------------------
[Epoch : 692/800]
Total_loss	: 0.0321
MMD_loss	: 1.6402
Src_reg_loss	: 0.0157
-------------------------------------
[Epoch : 693/800]
Total_loss	: 0.0321
MMD_loss	: 1.6403
Src_reg_loss	: 0.0157
-------------------------------------
[Epoch : 694/800]
Total_loss	: 0.0321
MMD_loss	: 1.6405
Src_reg_loss	: 0.0157
-------------------------------------
[Epoch : 695/800]
Total_loss	: 0.0321
MMD_loss	: 1.6406
Src_reg_loss	: 0.0157
-------------------------------------
[Epoch : 696/800]
Total_loss	: 0.0321
MMD_loss	: 1.6407
Src_reg_loss	: 0.0157
-------------------------------------
[Epoch : 697/800]
Total_loss	: 0.0321
MMD_loss	: 1.6409
Src_reg_loss	: 0.0156
-------------------------------------
[Epoch : 698/800]
Total_loss	: 0.0320
MMD_loss	: 1.6410
Src_reg_loss	: 0.0156
-------------------------------------
[Epoch : 699/800]
Total_loss	: 0.0320
MMD_loss	: 1.6411
Src_reg_loss	: 0.0156
-------------------------------------
[Epoch : 700/800]
Total_loss	: 0.0320
MMD_loss	: 1.6413
Src_reg_loss	: 0.0156
-------------------------------------
[Epoch : 701/800]
Total_loss	: 0.0320
MMD_loss	: 1.6414
Src_reg_loss	: 0.0156
-------------------------------------
[Epoch : 702/800]
Total_loss	: 0.0320
MMD_loss	: 1.6416
Src_reg_loss	: 0.0156
-------------------------------------
[Epoch : 703/800]
Total_loss	: 0.0320
MMD_loss	: 1.6417
Src_reg_loss	: 0.0156
-------------------------------------
[Epoch : 704/800]
Total_loss	: 0.0320
MMD_loss	: 1.6418
Src_reg_loss	: 0.0156
-------------------------------------
[Epoch : 705/800]
Total_loss	: 0.0320
MMD_loss	: 1.6420
Src_reg_loss	: 0.0156
-------------------------------------
[Epoch : 706/800]
Total_loss	: 0.0320
MMD_loss	: 1.6421
Src_reg_loss	: 0.0156
-------------------------------------
[Epoch : 707/800]
Total_loss	: 0.0320
MMD_loss	: 1.6423
Src_reg_loss	: 0.0155
-------------------------------------
[Epoch : 708/800]
Total_loss	: 0.0320
MMD_loss	: 1.6424
Src_reg_loss	: 0.0155
-------------------------------------
[Epoch : 709/800]
Total_loss	: 0.0320
MMD_loss	: 1.6426
Src_reg_loss	: 0.0155
-------------------------------------
[Epoch : 710/800]
Total_loss	: 0.0319
MMD_loss	: 1.6427
Src_reg_loss	: 0.0155
-------------------------------------
[Epoch : 711/800]
Total_loss	: 0.0319
MMD_loss	: 1.6429
Src_reg_loss	: 0.0155
-------------------------------------
[Epoch : 712/800]
Total_loss	: 0.0319
MMD_loss	: 1.6430
Src_reg_loss	: 0.0155
-------------------------------------
[Epoch : 713/800]
Total_loss	: 0.0319
MMD_loss	: 1.6432
Src_reg_loss	: 0.0155
-------------------------------------
[Epoch : 714/800]
Total_loss	: 0.0319
MMD_loss	: 1.6433
Src_reg_loss	: 0.0155
-------------------------------------
[Epoch : 715/800]
Total_loss	: 0.0319
MMD_loss	: 1.6435
Src_reg_loss	: 0.0155
-------------------------------------
[Epoch : 716/800]
Total_loss	: 0.0319
MMD_loss	: 1.6437
Src_reg_loss	: 0.0155
-------------------------------------
[Epoch : 717/800]
Total_loss	: 0.0319
MMD_loss	: 1.6438
Src_reg_loss	: 0.0154
-------------------------------------
[Epoch : 718/800]
Total_loss	: 0.0319
MMD_loss	: 1.6440
Src_reg_loss	: 0.0154
-------------------------------------
[Epoch : 719/800]
Total_loss	: 0.0319
MMD_loss	: 1.6441
Src_reg_loss	: 0.0154
-------------------------------------
[Epoch : 720/800]
Total_loss	: 0.0319
MMD_loss	: 1.6443
Src_reg_loss	: 0.0154
-------------------------------------
[Epoch : 721/800]
Total_loss	: 0.0319
MMD_loss	: 1.6445
Src_reg_loss	: 0.0154
-------------------------------------
[Epoch : 722/800]
Total_loss	: 0.0318
MMD_loss	: 1.6446
Src_reg_loss	: 0.0154
-------------------------------------
[Epoch : 723/800]
Total_loss	: 0.0318
MMD_loss	: 1.6448
Src_reg_loss	: 0.0154
-------------------------------------
[Epoch : 724/800]
Total_loss	: 0.0318
MMD_loss	: 1.6450
Src_reg_loss	: 0.0154
-------------------------------------
[Epoch : 725/800]
Total_loss	: 0.0318
MMD_loss	: 1.6451
Src_reg_loss	: 0.0154
-------------------------------------
[Epoch : 726/800]
Total_loss	: 0.0318
MMD_loss	: 1.6453
Src_reg_loss	: 0.0154
-------------------------------------
[Epoch : 727/800]
Total_loss	: 0.0318
MMD_loss	: 1.6455
Src_reg_loss	: 0.0153
-------------------------------------
[Epoch : 728/800]
Total_loss	: 0.0318
MMD_loss	: 1.6457
Src_reg_loss	: 0.0153
-------------------------------------
[Epoch : 729/800]
Total_loss	: 0.0318
MMD_loss	: 1.6458
Src_reg_loss	: 0.0153
-------------------------------------
[Epoch : 730/800]
Total_loss	: 0.0318
MMD_loss	: 1.6460
Src_reg_loss	: 0.0153
-------------------------------------
[Epoch : 731/800]
Total_loss	: 0.0318
MMD_loss	: 1.6462
Src_reg_loss	: 0.0153
-------------------------------------
[Epoch : 732/800]
Total_loss	: 0.0318
MMD_loss	: 1.6463
Src_reg_loss	: 0.0153
-------------------------------------
[Epoch : 733/800]
Total_loss	: 0.0318
MMD_loss	: 1.6465
Src_reg_loss	: 0.0153
-------------------------------------
[Epoch : 734/800]
Total_loss	: 0.0317
MMD_loss	: 1.6467
Src_reg_loss	: 0.0153
-------------------------------------
[Epoch : 735/800]
Total_loss	: 0.0317
MMD_loss	: 1.6469
Src_reg_loss	: 0.0153
-------------------------------------
[Epoch : 736/800]
Total_loss	: 0.0317
MMD_loss	: 1.6471
Src_reg_loss	: 0.0153
-------------------------------------
[Epoch : 737/800]
Total_loss	: 0.0317
MMD_loss	: 1.6472
Src_reg_loss	: 0.0153
-------------------------------------
[Epoch : 738/800]
Total_loss	: 0.0317
MMD_loss	: 1.6474
Src_reg_loss	: 0.0152
-------------------------------------
[Epoch : 739/800]
Total_loss	: 0.0317
MMD_loss	: 1.6476
Src_reg_loss	: 0.0152
-------------------------------------
[Epoch : 740/800]
Total_loss	: 0.0317
MMD_loss	: 1.6478
Src_reg_loss	: 0.0152
-------------------------------------
[Epoch : 741/800]
Total_loss	: 0.0317
MMD_loss	: 1.6480
Src_reg_loss	: 0.0152
-------------------------------------
[Epoch : 742/800]
Total_loss	: 0.0317
MMD_loss	: 1.6481
Src_reg_loss	: 0.0152
-------------------------------------
[Epoch : 743/800]
Total_loss	: 0.0317
MMD_loss	: 1.6483
Src_reg_loss	: 0.0152
-------------------------------------
[Epoch : 744/800]
Total_loss	: 0.0317
MMD_loss	: 1.6485
Src_reg_loss	: 0.0152
-------------------------------------
[Epoch : 745/800]
Total_loss	: 0.0317
MMD_loss	: 1.6487
Src_reg_loss	: 0.0152
-------------------------------------
[Epoch : 746/800]
Total_loss	: 0.0317
MMD_loss	: 1.6489
Src_reg_loss	: 0.0152
-------------------------------------
[Epoch : 747/800]
Total_loss	: 0.0316
MMD_loss	: 1.6491
Src_reg_loss	: 0.0152
-------------------------------------
[Epoch : 748/800]
Total_loss	: 0.0316
MMD_loss	: 1.6493
Src_reg_loss	: 0.0151
-------------------------------------
[Epoch : 749/800]
Total_loss	: 0.0316
MMD_loss	: 1.6495
Src_reg_loss	: 0.0151
-------------------------------------
[Epoch : 750/800]
Total_loss	: 0.0316
MMD_loss	: 1.6497
Src_reg_loss	: 0.0151
-------------------------------------
[Epoch : 751/800]
Total_loss	: 0.0316
MMD_loss	: 1.6498
Src_reg_loss	: 0.0151
-------------------------------------
[Epoch : 752/800]
Total_loss	: 0.0316
MMD_loss	: 1.6500
Src_reg_loss	: 0.0151
-------------------------------------
[Epoch : 753/800]
Total_loss	: 0.0316
MMD_loss	: 1.6502
Src_reg_loss	: 0.0151
-------------------------------------
[Epoch : 754/800]
Total_loss	: 0.0316
MMD_loss	: 1.6504
Src_reg_loss	: 0.0151
-------------------------------------
[Epoch : 755/800]
Total_loss	: 0.0316
MMD_loss	: 1.6506
Src_reg_loss	: 0.0151
-------------------------------------
[Epoch : 756/800]
Total_loss	: 0.0316
MMD_loss	: 1.6508
Src_reg_loss	: 0.0151
-------------------------------------
[Epoch : 757/800]
Total_loss	: 0.0316
MMD_loss	: 1.6510
Src_reg_loss	: 0.0151
-------------------------------------
[Epoch : 758/800]
Total_loss	: 0.0316
MMD_loss	: 1.6512
Src_reg_loss	: 0.0151
-------------------------------------
[Epoch : 759/800]
Total_loss	: 0.0316
MMD_loss	: 1.6514
Src_reg_loss	: 0.0151
-------------------------------------
[Epoch : 760/800]
Total_loss	: 0.0316
MMD_loss	: 1.6516
Src_reg_loss	: 0.0150
-------------------------------------
[Epoch : 761/800]
Total_loss	: 0.0316
MMD_loss	: 1.6518
Src_reg_loss	: 0.0150
-------------------------------------
[Epoch : 762/800]
Total_loss	: 0.0315
MMD_loss	: 1.6520
Src_reg_loss	: 0.0150
-------------------------------------
[Epoch : 763/800]
Total_loss	: 0.0315
MMD_loss	: 1.6522
Src_reg_loss	: 0.0150
-------------------------------------
[Epoch : 764/800]
Total_loss	: 0.0315
MMD_loss	: 1.6524
Src_reg_loss	: 0.0150
-------------------------------------
[Epoch : 765/800]
Total_loss	: 0.0315
MMD_loss	: 1.6526
Src_reg_loss	: 0.0150
-------------------------------------
[Epoch : 766/800]
Total_loss	: 0.0315
MMD_loss	: 1.6528
Src_reg_loss	: 0.0150
-------------------------------------
[Epoch : 767/800]
Total_loss	: 0.0315
MMD_loss	: 1.6530
Src_reg_loss	: 0.0150
-------------------------------------
[Epoch : 768/800]
Total_loss	: 0.0315
MMD_loss	: 1.6532
Src_reg_loss	: 0.0150
-------------------------------------
[Epoch : 769/800]
Total_loss	: 0.0315
MMD_loss	: 1.6534
Src_reg_loss	: 0.0150
-------------------------------------
[Epoch : 770/800]
Total_loss	: 0.0315
MMD_loss	: 1.6536
Src_reg_loss	: 0.0150
-------------------------------------
[Epoch : 771/800]
Total_loss	: 0.0315
MMD_loss	: 1.6538
Src_reg_loss	: 0.0149
-------------------------------------
[Epoch : 772/800]
Total_loss	: 0.0315
MMD_loss	: 1.6540
Src_reg_loss	: 0.0149
-------------------------------------
[Epoch : 773/800]
Total_loss	: 0.0315
MMD_loss	: 1.6542
Src_reg_loss	: 0.0149
-------------------------------------
[Epoch : 774/800]
Total_loss	: 0.0315
MMD_loss	: 1.6544
Src_reg_loss	: 0.0149
-------------------------------------
[Epoch : 775/800]
Total_loss	: 0.0315
MMD_loss	: 1.6546
Src_reg_loss	: 0.0149
-------------------------------------
[Epoch : 776/800]
Total_loss	: 0.0314
MMD_loss	: 1.6548
Src_reg_loss	: 0.0149
-------------------------------------
[Epoch : 777/800]
Total_loss	: 0.0314
MMD_loss	: 1.6550
Src_reg_loss	: 0.0149
-------------------------------------
[Epoch : 778/800]
Total_loss	: 0.0314
MMD_loss	: 1.6552
Src_reg_loss	: 0.0149
-------------------------------------
[Epoch : 779/800]
Total_loss	: 0.0314
MMD_loss	: 1.6554
Src_reg_loss	: 0.0149
-------------------------------------
[Epoch : 780/800]
Total_loss	: 0.0314
MMD_loss	: 1.6556
Src_reg_loss	: 0.0149
-------------------------------------
[Epoch : 781/800]
Total_loss	: 0.0314
MMD_loss	: 1.6559
Src_reg_loss	: 0.0149
-------------------------------------
[Epoch : 782/800]
Total_loss	: 0.0314
MMD_loss	: 1.6561
Src_reg_loss	: 0.0148
-------------------------------------
[Epoch : 783/800]
Total_loss	: 0.0314
MMD_loss	: 1.6563
Src_reg_loss	: 0.0148
-------------------------------------
[Epoch : 784/800]
Total_loss	: 0.0314
MMD_loss	: 1.6565
Src_reg_loss	: 0.0148
-------------------------------------
[Epoch : 785/800]
Total_loss	: 0.0314
MMD_loss	: 1.6567
Src_reg_loss	: 0.0148
-------------------------------------
[Epoch : 786/800]
Total_loss	: 0.0314
MMD_loss	: 1.6569
Src_reg_loss	: 0.0148
-------------------------------------
[Epoch : 787/800]
Total_loss	: 0.0314
MMD_loss	: 1.6571
Src_reg_loss	: 0.0148
-------------------------------------
[Epoch : 788/800]
Total_loss	: 0.0314
MMD_loss	: 1.6573
Src_reg_loss	: 0.0148
-------------------------------------
[Epoch : 789/800]
Total_loss	: 0.0314
MMD_loss	: 1.6575
Src_reg_loss	: 0.0148
-------------------------------------
[Epoch : 790/800]
Total_loss	: 0.0314
MMD_loss	: 1.6577
Src_reg_loss	: 0.0148
-------------------------------------
[Epoch : 791/800]
Total_loss	: 0.0314
MMD_loss	: 1.6579
Src_reg_loss	: 0.0148
-------------------------------------
[Epoch : 792/800]
Total_loss	: 0.0313
MMD_loss	: 1.6582
Src_reg_loss	: 0.0148
-------------------------------------
[Epoch : 793/800]
Total_loss	: 0.0313
MMD_loss	: 1.6584
Src_reg_loss	: 0.0148
-------------------------------------
[Epoch : 794/800]
Total_loss	: 0.0313
MMD_loss	: 1.6586
Src_reg_loss	: 0.0147
-------------------------------------
[Epoch : 795/800]
Total_loss	: 0.0313
MMD_loss	: 1.6588
Src_reg_loss	: 0.0147
-------------------------------------
[Epoch : 796/800]
Total_loss	: 0.0313
MMD_loss	: 1.6590
Src_reg_loss	: 0.0147
-------------------------------------
[Epoch : 797/800]
Total_loss	: 0.0313
MMD_loss	: 1.6592
Src_reg_loss	: 0.0147
-------------------------------------
[Epoch : 798/800]
Total_loss	: 0.0313
MMD_loss	: 1.6594
Src_reg_loss	: 0.0147
-------------------------------------
[Epoch : 799/800]
Total_loss	: 0.0313
MMD_loss	: 1.6597
Src_reg_loss	: 0.0147
-------------------------------------
[Epoch : 800/800]
Total_loss	: 0.0313
MMD_loss	: 1.6599
Src_reg_loss	: 0.0147
-------------------------------------
