=============================================
Dataset: Airbox
Method:  AirDA
=============================================
Source: 0 ---> Target: 3
=============================================
[Epoch : 1/500]
Total_loss	: 0.3359
MMD_loss	: 1.5715
cond_ent_wt	: 4.8495
Src_reg_loss	: 0.2717
-------------------------------------
[Epoch : 2/500]
Total_loss	: 0.3209
MMD_loss	: 1.5694
cond_ent_wt	: 4.8493
Src_reg_loss	: 0.2567
-------------------------------------
[Epoch : 3/500]
Total_loss	: 0.3064
MMD_loss	: 1.5686
cond_ent_wt	: 4.8491
Src_reg_loss	: 0.2422
-------------------------------------
[Epoch : 4/500]
Total_loss	: 0.2918
MMD_loss	: 1.5693
cond_ent_wt	: 4.8487
Src_reg_loss	: 0.2276
-------------------------------------
[Epoch : 5/500]
Total_loss	: 0.2768
MMD_loss	: 1.5713
cond_ent_wt	: 4.8483
Src_reg_loss	: 0.2126
-------------------------------------
[Epoch : 6/500]
Total_loss	: 0.2613
MMD_loss	: 1.5742
cond_ent_wt	: 4.8477
Src_reg_loss	: 0.1971
-------------------------------------
[Epoch : 7/500]
Total_loss	: 0.2457
MMD_loss	: 1.5772
cond_ent_wt	: 4.8469
Src_reg_loss	: 0.1814
-------------------------------------
[Epoch : 8/500]
Total_loss	: 0.2303
MMD_loss	: 1.5790
cond_ent_wt	: 4.8458
Src_reg_loss	: 0.1661
-------------------------------------
[Epoch : 9/500]
Total_loss	: 0.2165
MMD_loss	: 1.5791
cond_ent_wt	: 4.8443
Src_reg_loss	: 0.1522
-------------------------------------
[Epoch : 10/500]
Total_loss	: 0.2053
MMD_loss	: 1.5779
cond_ent_wt	: 4.8425
Src_reg_loss	: 0.1411
-------------------------------------
[Epoch : 11/500]
Total_loss	: 0.1963
MMD_loss	: 1.5774
cond_ent_wt	: 4.8409
Src_reg_loss	: 0.1321
-------------------------------------
[Epoch : 12/500]
Total_loss	: 0.1885
MMD_loss	: 1.5781
cond_ent_wt	: 4.8396
Src_reg_loss	: 0.1244
-------------------------------------
[Epoch : 13/500]
Total_loss	: 0.1819
MMD_loss	: 1.5797
cond_ent_wt	: 4.8387
Src_reg_loss	: 0.1177
-------------------------------------
[Epoch : 14/500]
Total_loss	: 0.1762
MMD_loss	: 1.5817
cond_ent_wt	: 4.8381
Src_reg_loss	: 0.1120
-------------------------------------
[Epoch : 15/500]
Total_loss	: 0.1712
MMD_loss	: 1.5837
cond_ent_wt	: 4.8375
Src_reg_loss	: 0.1070
-------------------------------------
[Epoch : 16/500]
Total_loss	: 0.1669
MMD_loss	: 1.5857
cond_ent_wt	: 4.8370
Src_reg_loss	: 0.1027
-------------------------------------
[Epoch : 17/500]
Total_loss	: 0.1631
MMD_loss	: 1.5877
cond_ent_wt	: 4.8365
Src_reg_loss	: 0.0988
-------------------------------------
[Epoch : 18/500]
Total_loss	: 0.1596
MMD_loss	: 1.5898
cond_ent_wt	: 4.8361
Src_reg_loss	: 0.0954
-------------------------------------
[Epoch : 19/500]
Total_loss	: 0.1566
MMD_loss	: 1.5918
cond_ent_wt	: 4.8357
Src_reg_loss	: 0.0923
-------------------------------------
[Epoch : 20/500]
Total_loss	: 0.1538
MMD_loss	: 1.5938
cond_ent_wt	: 4.8353
Src_reg_loss	: 0.0895
-------------------------------------
[Epoch : 21/500]
Total_loss	: 0.1513
MMD_loss	: 1.5957
cond_ent_wt	: 4.8350
Src_reg_loss	: 0.0870
-------------------------------------
[Epoch : 22/500]
Total_loss	: 0.1490
MMD_loss	: 1.5976
cond_ent_wt	: 4.8347
Src_reg_loss	: 0.0847
-------------------------------------
[Epoch : 23/500]
Total_loss	: 0.1469
MMD_loss	: 1.5993
cond_ent_wt	: 4.8345
Src_reg_loss	: 0.0825
-------------------------------------
[Epoch : 24/500]
Total_loss	: 0.1449
MMD_loss	: 1.6009
cond_ent_wt	: 4.8342
Src_reg_loss	: 0.0806
-------------------------------------
[Epoch : 25/500]
Total_loss	: 0.1432
MMD_loss	: 1.6023
cond_ent_wt	: 4.8340
Src_reg_loss	: 0.0788
-------------------------------------
[Epoch : 26/500]
Total_loss	: 0.1415
MMD_loss	: 1.6034
cond_ent_wt	: 4.8338
Src_reg_loss	: 0.0771
-------------------------------------
[Epoch : 27/500]
Total_loss	: 0.1400
MMD_loss	: 1.6043
cond_ent_wt	: 4.8336
Src_reg_loss	: 0.0756
-------------------------------------
[Epoch : 28/500]
Total_loss	: 0.1385
MMD_loss	: 1.6049
cond_ent_wt	: 4.8335
Src_reg_loss	: 0.0741
-------------------------------------
[Epoch : 29/500]
Total_loss	: 0.1372
MMD_loss	: 1.6051
cond_ent_wt	: 4.8333
Src_reg_loss	: 0.0728
-------------------------------------
[Epoch : 30/500]
Total_loss	: 0.1359
MMD_loss	: 1.6049
cond_ent_wt	: 4.8332
Src_reg_loss	: 0.0715
-------------------------------------
[Epoch : 31/500]
Total_loss	: 0.1347
MMD_loss	: 1.6043
cond_ent_wt	: 4.8331
Src_reg_loss	: 0.0703
-------------------------------------
[Epoch : 32/500]
Total_loss	: 0.1336
MMD_loss	: 1.6033
cond_ent_wt	: 4.8329
Src_reg_loss	: 0.0692
-------------------------------------
[Epoch : 33/500]
Total_loss	: 0.1325
MMD_loss	: 1.6019
cond_ent_wt	: 4.8328
Src_reg_loss	: 0.0681
-------------------------------------
[Epoch : 34/500]
Total_loss	: 0.1315
MMD_loss	: 1.6000
cond_ent_wt	: 4.8327
Src_reg_loss	: 0.0671
-------------------------------------
[Epoch : 35/500]
Total_loss	: 0.1305
MMD_loss	: 1.5976
cond_ent_wt	: 4.8327
Src_reg_loss	: 0.0662
-------------------------------------
[Epoch : 36/500]
Total_loss	: 0.1295
MMD_loss	: 1.5948
cond_ent_wt	: 4.8326
Src_reg_loss	: 0.0653
-------------------------------------
[Epoch : 37/500]
Total_loss	: 0.1286
MMD_loss	: 1.5917
cond_ent_wt	: 4.8325
Src_reg_loss	: 0.0644
-------------------------------------
[Epoch : 38/500]
Total_loss	: 0.1278
MMD_loss	: 1.5882
cond_ent_wt	: 4.8324
Src_reg_loss	: 0.0636
-------------------------------------
[Epoch : 39/500]
Total_loss	: 0.1270
MMD_loss	: 1.5845
cond_ent_wt	: 4.8324
Src_reg_loss	: 0.0628
-------------------------------------
[Epoch : 40/500]
Total_loss	: 0.1262
MMD_loss	: 1.5805
cond_ent_wt	: 4.8323
Src_reg_loss	: 0.0620
-------------------------------------
[Epoch : 41/500]
Total_loss	: 0.1254
MMD_loss	: 1.5763
cond_ent_wt	: 4.8323
Src_reg_loss	: 0.0613
-------------------------------------
[Epoch : 42/500]
Total_loss	: 0.1247
MMD_loss	: 1.5720
cond_ent_wt	: 4.8322
Src_reg_loss	: 0.0606
-------------------------------------
[Epoch : 43/500]
Total_loss	: 0.1240
MMD_loss	: 1.5675
cond_ent_wt	: 4.8322
Src_reg_loss	: 0.0600
-------------------------------------
[Epoch : 44/500]
Total_loss	: 0.1233
MMD_loss	: 1.5629
cond_ent_wt	: 4.8321
Src_reg_loss	: 0.0593
-------------------------------------
[Epoch : 45/500]
Total_loss	: 0.1226
MMD_loss	: 1.5583
cond_ent_wt	: 4.8321
Src_reg_loss	: 0.0587
-------------------------------------
[Epoch : 46/500]
Total_loss	: 0.1220
MMD_loss	: 1.5536
cond_ent_wt	: 4.8321
Src_reg_loss	: 0.0581
-------------------------------------
[Epoch : 47/500]
Total_loss	: 0.1214
MMD_loss	: 1.5489
cond_ent_wt	: 4.8321
Src_reg_loss	: 0.0576
-------------------------------------
[Epoch : 48/500]
Total_loss	: 0.1208
MMD_loss	: 1.5441
cond_ent_wt	: 4.8320
Src_reg_loss	: 0.0570
-------------------------------------
[Epoch : 49/500]
Total_loss	: 0.1202
MMD_loss	: 1.5393
cond_ent_wt	: 4.8320
Src_reg_loss	: 0.0565
-------------------------------------
[Epoch : 50/500]
Total_loss	: 0.1196
MMD_loss	: 1.5345
cond_ent_wt	: 4.8320
Src_reg_loss	: 0.0559
-------------------------------------
[Epoch : 51/500]
Total_loss	: 0.1190
MMD_loss	: 1.5297
cond_ent_wt	: 4.8320
Src_reg_loss	: 0.0554
-------------------------------------
[Epoch : 52/500]
Total_loss	: 0.1185
MMD_loss	: 1.5249
cond_ent_wt	: 4.8320
Src_reg_loss	: 0.0549
-------------------------------------
[Epoch : 53/500]
Total_loss	: 0.1180
MMD_loss	: 1.5201
cond_ent_wt	: 4.8320
Src_reg_loss	: 0.0545
-------------------------------------
[Epoch : 54/500]
Total_loss	: 0.1175
MMD_loss	: 1.5153
cond_ent_wt	: 4.8320
Src_reg_loss	: 0.0540
-------------------------------------
[Epoch : 55/500]
Total_loss	: 0.1170
MMD_loss	: 1.5105
cond_ent_wt	: 4.8320
Src_reg_loss	: 0.0535
-------------------------------------
[Epoch : 56/500]
Total_loss	: 0.1165
MMD_loss	: 1.5057
cond_ent_wt	: 4.8320
Src_reg_loss	: 0.0531
-------------------------------------
[Epoch : 57/500]
Total_loss	: 0.1160
MMD_loss	: 1.5010
cond_ent_wt	: 4.8320
Src_reg_loss	: 0.0527
-------------------------------------
[Epoch : 58/500]
Total_loss	: 0.1155
MMD_loss	: 1.4964
cond_ent_wt	: 4.8320
Src_reg_loss	: 0.0523
-------------------------------------
[Epoch : 59/500]
Total_loss	: 0.1151
MMD_loss	: 1.4917
cond_ent_wt	: 4.8320
Src_reg_loss	: 0.0519
-------------------------------------
[Epoch : 60/500]
Total_loss	: 0.1147
MMD_loss	: 1.4872
cond_ent_wt	: 4.8320
Src_reg_loss	: 0.0515
-------------------------------------
[Epoch : 61/500]
Total_loss	: 0.1142
MMD_loss	: 1.4827
cond_ent_wt	: 4.8321
Src_reg_loss	: 0.0511
-------------------------------------
[Epoch : 62/500]
Total_loss	: 0.1138
MMD_loss	: 1.4782
cond_ent_wt	: 4.8321
Src_reg_loss	: 0.0507
-------------------------------------
[Epoch : 63/500]
Total_loss	: 0.1134
MMD_loss	: 1.4739
cond_ent_wt	: 4.8321
Src_reg_loss	: 0.0503
-------------------------------------
[Epoch : 64/500]
Total_loss	: 0.1130
MMD_loss	: 1.4697
cond_ent_wt	: 4.8321
Src_reg_loss	: 0.0500
-------------------------------------
[Epoch : 65/500]
Total_loss	: 0.1126
MMD_loss	: 1.4655
cond_ent_wt	: 4.8321
Src_reg_loss	: 0.0496
-------------------------------------
[Epoch : 66/500]
Total_loss	: 0.1122
MMD_loss	: 1.4615
cond_ent_wt	: 4.8321
Src_reg_loss	: 0.0493
-------------------------------------
[Epoch : 67/500]
Total_loss	: 0.1118
MMD_loss	: 1.4576
cond_ent_wt	: 4.8322
Src_reg_loss	: 0.0490
-------------------------------------
[Epoch : 68/500]
Total_loss	: 0.1115
MMD_loss	: 1.4538
cond_ent_wt	: 4.8322
Src_reg_loss	: 0.0486
-------------------------------------
[Epoch : 69/500]
Total_loss	: 0.1111
MMD_loss	: 1.4502
cond_ent_wt	: 4.8322
Src_reg_loss	: 0.0483
-------------------------------------
[Epoch : 70/500]
Total_loss	: 0.1108
MMD_loss	: 1.4467
cond_ent_wt	: 4.8322
Src_reg_loss	: 0.0480
-------------------------------------
[Epoch : 71/500]
Total_loss	: 0.1104
MMD_loss	: 1.4434
cond_ent_wt	: 4.8322
Src_reg_loss	: 0.0477
-------------------------------------
[Epoch : 72/500]
Total_loss	: 0.1101
MMD_loss	: 1.4402
cond_ent_wt	: 4.8322
Src_reg_loss	: 0.0474
-------------------------------------
[Epoch : 73/500]
Total_loss	: 0.1098
MMD_loss	: 1.4372
cond_ent_wt	: 4.8322
Src_reg_loss	: 0.0471
-------------------------------------
[Epoch : 74/500]
Total_loss	: 0.1095
MMD_loss	: 1.4344
cond_ent_wt	: 4.8322
Src_reg_loss	: 0.0468
-------------------------------------
[Epoch : 75/500]
Total_loss	: 0.1092
MMD_loss	: 1.4317
cond_ent_wt	: 4.8322
Src_reg_loss	: 0.0465
-------------------------------------
[Epoch : 76/500]
Total_loss	: 0.1089
MMD_loss	: 1.4291
cond_ent_wt	: 4.8323
Src_reg_loss	: 0.0463
-------------------------------------
[Epoch : 77/500]
Total_loss	: 0.1086
MMD_loss	: 1.4266
cond_ent_wt	: 4.8323
Src_reg_loss	: 0.0460
-------------------------------------
[Epoch : 78/500]
Total_loss	: 0.1083
MMD_loss	: 1.4242
cond_ent_wt	: 4.8323
Src_reg_loss	: 0.0457
-------------------------------------
[Epoch : 79/500]
Total_loss	: 0.1080
MMD_loss	: 1.4219
cond_ent_wt	: 4.8323
Src_reg_loss	: 0.0455
-------------------------------------
[Epoch : 80/500]
Total_loss	: 0.1077
MMD_loss	: 1.4197
cond_ent_wt	: 4.8323
Src_reg_loss	: 0.0452
-------------------------------------
[Epoch : 81/500]
Total_loss	: 0.1075
MMD_loss	: 1.4176
cond_ent_wt	: 4.8323
Src_reg_loss	: 0.0450
-------------------------------------
[Epoch : 82/500]
Total_loss	: 0.1072
MMD_loss	: 1.4155
cond_ent_wt	: 4.8323
Src_reg_loss	: 0.0447
-------------------------------------
[Epoch : 83/500]
Total_loss	: 0.1069
MMD_loss	: 1.4134
cond_ent_wt	: 4.8323
Src_reg_loss	: 0.0445
-------------------------------------
[Epoch : 84/500]
Total_loss	: 0.1067
MMD_loss	: 1.4113
cond_ent_wt	: 4.8323
Src_reg_loss	: 0.0442
-------------------------------------
[Epoch : 85/500]
Total_loss	: 0.1064
MMD_loss	: 1.4093
cond_ent_wt	: 4.8323
Src_reg_loss	: 0.0440
-------------------------------------
[Epoch : 86/500]
Total_loss	: 0.1062
MMD_loss	: 1.4073
cond_ent_wt	: 4.8323
Src_reg_loss	: 0.0438
-------------------------------------
[Epoch : 87/500]
Total_loss	: 0.1059
MMD_loss	: 1.4052
cond_ent_wt	: 4.8323
Src_reg_loss	: 0.0435
-------------------------------------
[Epoch : 88/500]
Total_loss	: 0.1057
MMD_loss	: 1.4031
cond_ent_wt	: 4.8323
Src_reg_loss	: 0.0433
-------------------------------------
[Epoch : 89/500]
Total_loss	: 0.1054
MMD_loss	: 1.4010
cond_ent_wt	: 4.8323
Src_reg_loss	: 0.0431
-------------------------------------
[Epoch : 90/500]
Total_loss	: 0.1052
MMD_loss	: 1.3988
cond_ent_wt	: 4.8323
Src_reg_loss	: 0.0429
-------------------------------------
[Epoch : 91/500]
Total_loss	: 0.1049
MMD_loss	: 1.3966
cond_ent_wt	: 4.8323
Src_reg_loss	: 0.0426
-------------------------------------
[Epoch : 92/500]
Total_loss	: 0.1047
MMD_loss	: 1.3943
cond_ent_wt	: 4.8323
Src_reg_loss	: 0.0424
-------------------------------------
[Epoch : 93/500]
Total_loss	: 0.1045
MMD_loss	: 1.3919
cond_ent_wt	: 4.8323
Src_reg_loss	: 0.0422
-------------------------------------
[Epoch : 94/500]
Total_loss	: 0.1042
MMD_loss	: 1.3895
cond_ent_wt	: 4.8323
Src_reg_loss	: 0.0420
-------------------------------------
[Epoch : 95/500]
Total_loss	: 0.1040
MMD_loss	: 1.3870
cond_ent_wt	: 4.8323
Src_reg_loss	: 0.0418
-------------------------------------
[Epoch : 96/500]
Total_loss	: 0.1038
MMD_loss	: 1.3844
cond_ent_wt	: 4.8323
Src_reg_loss	: 0.0416
-------------------------------------
[Epoch : 97/500]
Total_loss	: 0.1035
MMD_loss	: 1.3817
cond_ent_wt	: 4.8322
Src_reg_loss	: 0.0414
-------------------------------------
[Epoch : 98/500]
Total_loss	: 0.1033
MMD_loss	: 1.3789
cond_ent_wt	: 4.8322
Src_reg_loss	: 0.0412
-------------------------------------
[Epoch : 99/500]
Total_loss	: 0.1031
MMD_loss	: 1.3760
cond_ent_wt	: 4.8322
Src_reg_loss	: 0.0410
-------------------------------------
[Epoch : 100/500]
Total_loss	: 0.1028
MMD_loss	: 1.3730
cond_ent_wt	: 4.8322
Src_reg_loss	: 0.0408
-------------------------------------
[Epoch : 101/500]
Total_loss	: 0.1026
MMD_loss	: 1.3700
cond_ent_wt	: 4.8322
Src_reg_loss	: 0.0406
-------------------------------------
[Epoch : 102/500]
Total_loss	: 0.1024
MMD_loss	: 1.3669
cond_ent_wt	: 4.8322
Src_reg_loss	: 0.0404
-------------------------------------
[Epoch : 103/500]
Total_loss	: 0.1022
MMD_loss	: 1.3637
cond_ent_wt	: 4.8322
Src_reg_loss	: 0.0402
-------------------------------------
[Epoch : 104/500]
Total_loss	: 0.1019
MMD_loss	: 1.3604
cond_ent_wt	: 4.8322
Src_reg_loss	: 0.0400
-------------------------------------
[Epoch : 105/500]
Total_loss	: 0.1017
MMD_loss	: 1.3571
cond_ent_wt	: 4.8322
Src_reg_loss	: 0.0398
-------------------------------------
[Epoch : 106/500]
Total_loss	: 0.1015
MMD_loss	: 1.3538
cond_ent_wt	: 4.8321
Src_reg_loss	: 0.0396
-------------------------------------
[Epoch : 107/500]
Total_loss	: 0.1013
MMD_loss	: 1.3504
cond_ent_wt	: 4.8321
Src_reg_loss	: 0.0395
-------------------------------------
[Epoch : 108/500]
Total_loss	: 0.1011
MMD_loss	: 1.3470
cond_ent_wt	: 4.8321
Src_reg_loss	: 0.0393
-------------------------------------
[Epoch : 109/500]
Total_loss	: 0.1009
MMD_loss	: 1.3436
cond_ent_wt	: 4.8321
Src_reg_loss	: 0.0391
-------------------------------------
[Epoch : 110/500]
Total_loss	: 0.1007
MMD_loss	: 1.3403
cond_ent_wt	: 4.8321
Src_reg_loss	: 0.0389
-------------------------------------
[Epoch : 111/500]
Total_loss	: 0.1004
MMD_loss	: 1.3369
cond_ent_wt	: 4.8321
Src_reg_loss	: 0.0388
-------------------------------------
[Epoch : 112/500]
Total_loss	: 0.1002
MMD_loss	: 1.3336
cond_ent_wt	: 4.8320
Src_reg_loss	: 0.0386
-------------------------------------
[Epoch : 113/500]
Total_loss	: 0.1000
MMD_loss	: 1.3303
cond_ent_wt	: 4.8320
Src_reg_loss	: 0.0384
-------------------------------------
[Epoch : 114/500]
Total_loss	: 0.0998
MMD_loss	: 1.3271
cond_ent_wt	: 4.8320
Src_reg_loss	: 0.0382
-------------------------------------
[Epoch : 115/500]
Total_loss	: 0.0996
MMD_loss	: 1.3239
cond_ent_wt	: 4.8320
Src_reg_loss	: 0.0381
-------------------------------------
[Epoch : 116/500]
Total_loss	: 0.0994
MMD_loss	: 1.3208
cond_ent_wt	: 4.8320
Src_reg_loss	: 0.0379
-------------------------------------
[Epoch : 117/500]
Total_loss	: 0.0992
MMD_loss	: 1.3178
cond_ent_wt	: 4.8319
Src_reg_loss	: 0.0377
-------------------------------------
[Epoch : 118/500]
Total_loss	: 0.0990
MMD_loss	: 1.3148
cond_ent_wt	: 4.8319
Src_reg_loss	: 0.0376
-------------------------------------
[Epoch : 119/500]
Total_loss	: 0.0989
MMD_loss	: 1.3119
cond_ent_wt	: 4.8319
Src_reg_loss	: 0.0374
-------------------------------------
[Epoch : 120/500]
Total_loss	: 0.0987
MMD_loss	: 1.3091
cond_ent_wt	: 4.8319
Src_reg_loss	: 0.0373
-------------------------------------
[Epoch : 121/500]
Total_loss	: 0.0985
MMD_loss	: 1.3064
cond_ent_wt	: 4.8318
Src_reg_loss	: 0.0371
-------------------------------------
[Epoch : 122/500]
Total_loss	: 0.0983
MMD_loss	: 1.3037
cond_ent_wt	: 4.8318
Src_reg_loss	: 0.0370
-------------------------------------
[Epoch : 123/500]
Total_loss	: 0.0981
MMD_loss	: 1.3012
cond_ent_wt	: 4.8318
Src_reg_loss	: 0.0368
-------------------------------------
[Epoch : 124/500]
Total_loss	: 0.0980
MMD_loss	: 1.2987
cond_ent_wt	: 4.8318
Src_reg_loss	: 0.0366
-------------------------------------
[Epoch : 125/500]
Total_loss	: 0.0978
MMD_loss	: 1.2963
cond_ent_wt	: 4.8317
Src_reg_loss	: 0.0365
-------------------------------------
[Epoch : 126/500]
Total_loss	: 0.0976
MMD_loss	: 1.2940
cond_ent_wt	: 4.8317
Src_reg_loss	: 0.0364
-------------------------------------
[Epoch : 127/500]
Total_loss	: 0.0974
MMD_loss	: 1.2917
cond_ent_wt	: 4.8317
Src_reg_loss	: 0.0362
-------------------------------------
[Epoch : 128/500]
Total_loss	: 0.0973
MMD_loss	: 1.2896
cond_ent_wt	: 4.8317
Src_reg_loss	: 0.0361
-------------------------------------
[Epoch : 129/500]
Total_loss	: 0.0971
MMD_loss	: 1.2875
cond_ent_wt	: 4.8316
Src_reg_loss	: 0.0359
-------------------------------------
[Epoch : 130/500]
Total_loss	: 0.0970
MMD_loss	: 1.2855
cond_ent_wt	: 4.8316
Src_reg_loss	: 0.0358
-------------------------------------
[Epoch : 131/500]
Total_loss	: 0.0968
MMD_loss	: 1.2835
cond_ent_wt	: 4.8316
Src_reg_loss	: 0.0356
-------------------------------------
[Epoch : 132/500]
Total_loss	: 0.0966
MMD_loss	: 1.2817
cond_ent_wt	: 4.8315
Src_reg_loss	: 0.0355
-------------------------------------
[Epoch : 133/500]
Total_loss	: 0.0965
MMD_loss	: 1.2799
cond_ent_wt	: 4.8315
Src_reg_loss	: 0.0354
-------------------------------------
[Epoch : 134/500]
Total_loss	: 0.0963
MMD_loss	: 1.2782
cond_ent_wt	: 4.8315
Src_reg_loss	: 0.0352
-------------------------------------
[Epoch : 135/500]
Total_loss	: 0.0962
MMD_loss	: 1.2765
cond_ent_wt	: 4.8315
Src_reg_loss	: 0.0351
-------------------------------------
[Epoch : 136/500]
Total_loss	: 0.0960
MMD_loss	: 1.2749
cond_ent_wt	: 4.8314
Src_reg_loss	: 0.0350
-------------------------------------
[Epoch : 137/500]
Total_loss	: 0.0959
MMD_loss	: 1.2734
cond_ent_wt	: 4.8314
Src_reg_loss	: 0.0348
-------------------------------------
[Epoch : 138/500]
Total_loss	: 0.0957
MMD_loss	: 1.2720
cond_ent_wt	: 4.8314
Src_reg_loss	: 0.0347
-------------------------------------
[Epoch : 139/500]
Total_loss	: 0.0956
MMD_loss	: 1.2706
cond_ent_wt	: 4.8313
Src_reg_loss	: 0.0346
-------------------------------------
[Epoch : 140/500]
Total_loss	: 0.0955
MMD_loss	: 1.2693
cond_ent_wt	: 4.8313
Src_reg_loss	: 0.0345
-------------------------------------
[Epoch : 141/500]
Total_loss	: 0.0953
MMD_loss	: 1.2680
cond_ent_wt	: 4.8313
Src_reg_loss	: 0.0343
-------------------------------------
[Epoch : 142/500]
Total_loss	: 0.0952
MMD_loss	: 1.2668
cond_ent_wt	: 4.8313
Src_reg_loss	: 0.0342
-------------------------------------
[Epoch : 143/500]
Total_loss	: 0.0951
MMD_loss	: 1.2657
cond_ent_wt	: 4.8312
Src_reg_loss	: 0.0341
-------------------------------------
[Epoch : 144/500]
Total_loss	: 0.0949
MMD_loss	: 1.2646
cond_ent_wt	: 4.8312
Src_reg_loss	: 0.0340
-------------------------------------
[Epoch : 145/500]
Total_loss	: 0.0948
MMD_loss	: 1.2635
cond_ent_wt	: 4.8312
Src_reg_loss	: 0.0339
-------------------------------------
[Epoch : 146/500]
Total_loss	: 0.0947
MMD_loss	: 1.2626
cond_ent_wt	: 4.8311
Src_reg_loss	: 0.0337
-------------------------------------
[Epoch : 147/500]
Total_loss	: 0.0946
MMD_loss	: 1.2616
cond_ent_wt	: 4.8311
Src_reg_loss	: 0.0336
-------------------------------------
[Epoch : 148/500]
Total_loss	: 0.0944
MMD_loss	: 1.2608
cond_ent_wt	: 4.8311
Src_reg_loss	: 0.0335
-------------------------------------
[Epoch : 149/500]
Total_loss	: 0.0943
MMD_loss	: 1.2599
cond_ent_wt	: 4.8310
Src_reg_loss	: 0.0334
-------------------------------------
[Epoch : 150/500]
Total_loss	: 0.0942
MMD_loss	: 1.2592
cond_ent_wt	: 4.8310
Src_reg_loss	: 0.0333
-------------------------------------
[Epoch : 151/500]
Total_loss	: 0.0941
MMD_loss	: 1.2585
cond_ent_wt	: 4.8310
Src_reg_loss	: 0.0332
-------------------------------------
[Epoch : 152/500]
Total_loss	: 0.0939
MMD_loss	: 1.2578
cond_ent_wt	: 4.8309
Src_reg_loss	: 0.0331
-------------------------------------
[Epoch : 153/500]
Total_loss	: 0.0938
MMD_loss	: 1.2572
cond_ent_wt	: 4.8309
Src_reg_loss	: 0.0330
-------------------------------------
[Epoch : 154/500]
Total_loss	: 0.0937
MMD_loss	: 1.2566
cond_ent_wt	: 4.8309
Src_reg_loss	: 0.0328
-------------------------------------
[Epoch : 155/500]
Total_loss	: 0.0936
MMD_loss	: 1.2561
cond_ent_wt	: 4.8308
Src_reg_loss	: 0.0327
-------------------------------------
[Epoch : 156/500]
Total_loss	: 0.0935
MMD_loss	: 1.2556
cond_ent_wt	: 4.8308
Src_reg_loss	: 0.0326
-------------------------------------
[Epoch : 157/500]
Total_loss	: 0.0934
MMD_loss	: 1.2552
cond_ent_wt	: 4.8308
Src_reg_loss	: 0.0325
-------------------------------------
[Epoch : 158/500]
Total_loss	: 0.0933
MMD_loss	: 1.2548
cond_ent_wt	: 4.8307
Src_reg_loss	: 0.0324
-------------------------------------
[Epoch : 159/500]
Total_loss	: 0.0932
MMD_loss	: 1.2544
cond_ent_wt	: 4.8307
Src_reg_loss	: 0.0323
-------------------------------------
[Epoch : 160/500]
Total_loss	: 0.0931
MMD_loss	: 1.2542
cond_ent_wt	: 4.8307
Src_reg_loss	: 0.0322
-------------------------------------
[Epoch : 161/500]
Total_loss	: 0.0930
MMD_loss	: 1.2539
cond_ent_wt	: 4.8306
Src_reg_loss	: 0.0321
-------------------------------------
[Epoch : 162/500]
Total_loss	: 0.0929
MMD_loss	: 1.2537
cond_ent_wt	: 4.8306
Src_reg_loss	: 0.0320
-------------------------------------
[Epoch : 163/500]
Total_loss	: 0.0928
MMD_loss	: 1.2535
cond_ent_wt	: 4.8305
Src_reg_loss	: 0.0319
-------------------------------------
[Epoch : 164/500]
Total_loss	: 0.0927
MMD_loss	: 1.2534
cond_ent_wt	: 4.8305
Src_reg_loss	: 0.0318
-------------------------------------
[Epoch : 165/500]
Total_loss	: 0.0926
MMD_loss	: 1.2533
cond_ent_wt	: 4.8305
Src_reg_loss	: 0.0317
-------------------------------------
[Epoch : 166/500]
Total_loss	: 0.0925
MMD_loss	: 1.2533
cond_ent_wt	: 4.8304
Src_reg_loss	: 0.0316
-------------------------------------
[Epoch : 167/500]
Total_loss	: 0.0924
MMD_loss	: 1.2533
cond_ent_wt	: 4.8304
Src_reg_loss	: 0.0315
-------------------------------------
[Epoch : 168/500]
Total_loss	: 0.0923
MMD_loss	: 1.2533
cond_ent_wt	: 4.8304
Src_reg_loss	: 0.0314
-------------------------------------
[Epoch : 169/500]
Total_loss	: 0.0922
MMD_loss	: 1.2534
cond_ent_wt	: 4.8303
Src_reg_loss	: 0.0313
-------------------------------------
[Epoch : 170/500]
Total_loss	: 0.0921
MMD_loss	: 1.2535
cond_ent_wt	: 4.8303
Src_reg_loss	: 0.0312
-------------------------------------
[Epoch : 171/500]
Total_loss	: 0.0920
MMD_loss	: 1.2537
cond_ent_wt	: 4.8302
Src_reg_loss	: 0.0312
-------------------------------------
[Epoch : 172/500]
Total_loss	: 0.0919
MMD_loss	: 1.2538
cond_ent_wt	: 4.8302
Src_reg_loss	: 0.0311
-------------------------------------
[Epoch : 173/500]
Total_loss	: 0.0918
MMD_loss	: 1.2541
cond_ent_wt	: 4.8301
Src_reg_loss	: 0.0310
-------------------------------------
[Epoch : 174/500]
Total_loss	: 0.0917
MMD_loss	: 1.2543
cond_ent_wt	: 4.8301
Src_reg_loss	: 0.0309
-------------------------------------
[Epoch : 175/500]
Total_loss	: 0.0916
MMD_loss	: 1.2546
cond_ent_wt	: 4.8301
Src_reg_loss	: 0.0308
-------------------------------------
[Epoch : 176/500]
Total_loss	: 0.0916
MMD_loss	: 1.2550
cond_ent_wt	: 4.8300
Src_reg_loss	: 0.0307
-------------------------------------
[Epoch : 177/500]
Total_loss	: 0.0915
MMD_loss	: 1.2553
cond_ent_wt	: 4.8300
Src_reg_loss	: 0.0306
-------------------------------------
[Epoch : 178/500]
Total_loss	: 0.0914
MMD_loss	: 1.2557
cond_ent_wt	: 4.8299
Src_reg_loss	: 0.0305
-------------------------------------
[Epoch : 179/500]
Total_loss	: 0.0913
MMD_loss	: 1.2561
cond_ent_wt	: 4.8299
Src_reg_loss	: 0.0304
-------------------------------------
[Epoch : 180/500]
Total_loss	: 0.0912
MMD_loss	: 1.2566
cond_ent_wt	: 4.8298
Src_reg_loss	: 0.0304
-------------------------------------
[Epoch : 181/500]
Total_loss	: 0.0911
MMD_loss	: 1.2571
cond_ent_wt	: 4.8298
Src_reg_loss	: 0.0303
-------------------------------------
[Epoch : 182/500]
Total_loss	: 0.0911
MMD_loss	: 1.2576
cond_ent_wt	: 4.8297
Src_reg_loss	: 0.0302
-------------------------------------
[Epoch : 183/500]
Total_loss	: 0.0910
MMD_loss	: 1.2582
cond_ent_wt	: 4.8297
Src_reg_loss	: 0.0301
-------------------------------------
[Epoch : 184/500]
Total_loss	: 0.0909
MMD_loss	: 1.2588
cond_ent_wt	: 4.8296
Src_reg_loss	: 0.0300
-------------------------------------
[Epoch : 185/500]
Total_loss	: 0.0908
MMD_loss	: 1.2594
cond_ent_wt	: 4.8296
Src_reg_loss	: 0.0299
-------------------------------------
[Epoch : 186/500]
Total_loss	: 0.0908
MMD_loss	: 1.2600
cond_ent_wt	: 4.8295
Src_reg_loss	: 0.0299
-------------------------------------
[Epoch : 187/500]
Total_loss	: 0.0907
MMD_loss	: 1.2607
cond_ent_wt	: 4.8295
Src_reg_loss	: 0.0298
-------------------------------------
[Epoch : 188/500]
Total_loss	: 0.0906
MMD_loss	: 1.2614
cond_ent_wt	: 4.8294
Src_reg_loss	: 0.0297
-------------------------------------
[Epoch : 189/500]
Total_loss	: 0.0905
MMD_loss	: 1.2621
cond_ent_wt	: 4.8294
Src_reg_loss	: 0.0296
-------------------------------------
[Epoch : 190/500]
Total_loss	: 0.0905
MMD_loss	: 1.2628
cond_ent_wt	: 4.8293
Src_reg_loss	: 0.0295
-------------------------------------
[Epoch : 191/500]
Total_loss	: 0.0904
MMD_loss	: 1.2636
cond_ent_wt	: 4.8293
Src_reg_loss	: 0.0295
-------------------------------------
[Epoch : 192/500]
Total_loss	: 0.0903
MMD_loss	: 1.2644
cond_ent_wt	: 4.8292
Src_reg_loss	: 0.0294
-------------------------------------
[Epoch : 193/500]
Total_loss	: 0.0902
MMD_loss	: 1.2652
cond_ent_wt	: 4.8292
Src_reg_loss	: 0.0293
-------------------------------------
[Epoch : 194/500]
Total_loss	: 0.0902
MMD_loss	: 1.2661
cond_ent_wt	: 4.8291
Src_reg_loss	: 0.0292
-------------------------------------
[Epoch : 195/500]
Total_loss	: 0.0901
MMD_loss	: 1.2669
cond_ent_wt	: 4.8291
Src_reg_loss	: 0.0291
-------------------------------------
[Epoch : 196/500]
Total_loss	: 0.0900
MMD_loss	: 1.2678
cond_ent_wt	: 4.8290
Src_reg_loss	: 0.0291
-------------------------------------
[Epoch : 197/500]
Total_loss	: 0.0900
MMD_loss	: 1.2687
cond_ent_wt	: 4.8289
Src_reg_loss	: 0.0290
-------------------------------------
[Epoch : 198/500]
Total_loss	: 0.0899
MMD_loss	: 1.2696
cond_ent_wt	: 4.8289
Src_reg_loss	: 0.0289
-------------------------------------
[Epoch : 199/500]
Total_loss	: 0.0898
MMD_loss	: 1.2706
cond_ent_wt	: 4.8288
Src_reg_loss	: 0.0288
-------------------------------------
[Epoch : 200/500]
Total_loss	: 0.0898
MMD_loss	: 1.2715
cond_ent_wt	: 4.8288
Src_reg_loss	: 0.0288
-------------------------------------
[Epoch : 201/500]
Total_loss	: 0.0897
MMD_loss	: 1.2725
cond_ent_wt	: 4.8287
Src_reg_loss	: 0.0287
-------------------------------------
[Epoch : 202/500]
Total_loss	: 0.0897
MMD_loss	: 1.2735
cond_ent_wt	: 4.8286
Src_reg_loss	: 0.0286
-------------------------------------
[Epoch : 203/500]
Total_loss	: 0.0896
MMD_loss	: 1.2746
cond_ent_wt	: 4.8286
Src_reg_loss	: 0.0286
-------------------------------------
[Epoch : 204/500]
Total_loss	: 0.0895
MMD_loss	: 1.2756
cond_ent_wt	: 4.8285
Src_reg_loss	: 0.0285
-------------------------------------
[Epoch : 205/500]
Total_loss	: 0.0895
MMD_loss	: 1.2767
cond_ent_wt	: 4.8284
Src_reg_loss	: 0.0284
-------------------------------------
[Epoch : 206/500]
Total_loss	: 0.0894
MMD_loss	: 1.2778
cond_ent_wt	: 4.8284
Src_reg_loss	: 0.0283
-------------------------------------
[Epoch : 207/500]
Total_loss	: 0.0893
MMD_loss	: 1.2788
cond_ent_wt	: 4.8283
Src_reg_loss	: 0.0283
-------------------------------------
[Epoch : 208/500]
Total_loss	: 0.0893
MMD_loss	: 1.2800
cond_ent_wt	: 4.8282
Src_reg_loss	: 0.0282
-------------------------------------
[Epoch : 209/500]
Total_loss	: 0.0892
MMD_loss	: 1.2811
cond_ent_wt	: 4.8282
Src_reg_loss	: 0.0281
-------------------------------------
[Epoch : 210/500]
Total_loss	: 0.0892
MMD_loss	: 1.2822
cond_ent_wt	: 4.8281
Src_reg_loss	: 0.0281
-------------------------------------
[Epoch : 211/500]
Total_loss	: 0.0891
MMD_loss	: 1.2834
cond_ent_wt	: 4.8280
Src_reg_loss	: 0.0280
-------------------------------------
[Epoch : 212/500]
Total_loss	: 0.0891
MMD_loss	: 1.2845
cond_ent_wt	: 4.8280
Src_reg_loss	: 0.0279
-------------------------------------
[Epoch : 213/500]
Total_loss	: 0.0890
MMD_loss	: 1.2857
cond_ent_wt	: 4.8279
Src_reg_loss	: 0.0279
-------------------------------------
[Epoch : 214/500]
Total_loss	: 0.0889
MMD_loss	: 1.2869
cond_ent_wt	: 4.8278
Src_reg_loss	: 0.0278
-------------------------------------
[Epoch : 215/500]
Total_loss	: 0.0889
MMD_loss	: 1.2881
cond_ent_wt	: 4.8277
Src_reg_loss	: 0.0277
-------------------------------------
[Epoch : 216/500]
Total_loss	: 0.0888
MMD_loss	: 1.2894
cond_ent_wt	: 4.8277
Src_reg_loss	: 0.0277
-------------------------------------
[Epoch : 217/500]
Total_loss	: 0.0888
MMD_loss	: 1.2906
cond_ent_wt	: 4.8276
Src_reg_loss	: 0.0276
-------------------------------------
[Epoch : 218/500]
Total_loss	: 0.0887
MMD_loss	: 1.2918
cond_ent_wt	: 4.8275
Src_reg_loss	: 0.0275
-------------------------------------
[Epoch : 219/500]
Total_loss	: 0.0887
MMD_loss	: 1.2931
cond_ent_wt	: 4.8274
Src_reg_loss	: 0.0275
-------------------------------------
[Epoch : 220/500]
Total_loss	: 0.0886
MMD_loss	: 1.2943
cond_ent_wt	: 4.8273
Src_reg_loss	: 0.0274
-------------------------------------
[Epoch : 221/500]
Total_loss	: 0.0886
MMD_loss	: 1.2956
cond_ent_wt	: 4.8273
Src_reg_loss	: 0.0273
-------------------------------------
[Epoch : 222/500]
Total_loss	: 0.0885
MMD_loss	: 1.2969
cond_ent_wt	: 4.8272
Src_reg_loss	: 0.0273
-------------------------------------
[Epoch : 223/500]
Total_loss	: 0.0885
MMD_loss	: 1.2982
cond_ent_wt	: 4.8271
Src_reg_loss	: 0.0272
-------------------------------------
[Epoch : 224/500]
Total_loss	: 0.0884
MMD_loss	: 1.2995
cond_ent_wt	: 4.8270
Src_reg_loss	: 0.0272
-------------------------------------
[Epoch : 225/500]
Total_loss	: 0.0884
MMD_loss	: 1.3008
cond_ent_wt	: 4.8269
Src_reg_loss	: 0.0271
-------------------------------------
[Epoch : 226/500]
Total_loss	: 0.0883
MMD_loss	: 1.3021
cond_ent_wt	: 4.8268
Src_reg_loss	: 0.0270
-------------------------------------
[Epoch : 227/500]
Total_loss	: 0.0883
MMD_loss	: 1.3034
cond_ent_wt	: 4.8267
Src_reg_loss	: 0.0270
-------------------------------------
[Epoch : 228/500]
Total_loss	: 0.0882
MMD_loss	: 1.3048
cond_ent_wt	: 4.8267
Src_reg_loss	: 0.0269
-------------------------------------
[Epoch : 229/500]
Total_loss	: 0.0882
MMD_loss	: 1.3061
cond_ent_wt	: 4.8266
Src_reg_loss	: 0.0268
-------------------------------------
[Epoch : 230/500]
Total_loss	: 0.0881
MMD_loss	: 1.3074
cond_ent_wt	: 4.8265
Src_reg_loss	: 0.0268
-------------------------------------
[Epoch : 231/500]
Total_loss	: 0.0881
MMD_loss	: 1.3088
cond_ent_wt	: 4.8264
Src_reg_loss	: 0.0267
-------------------------------------
[Epoch : 232/500]
Total_loss	: 0.0880
MMD_loss	: 1.3101
cond_ent_wt	: 4.8263
Src_reg_loss	: 0.0267
-------------------------------------
[Epoch : 233/500]
Total_loss	: 0.0880
MMD_loss	: 1.3115
cond_ent_wt	: 4.8262
Src_reg_loss	: 0.0266
-------------------------------------
[Epoch : 234/500]
Total_loss	: 0.0879
MMD_loss	: 1.3129
cond_ent_wt	: 4.8261
Src_reg_loss	: 0.0265
-------------------------------------
[Epoch : 235/500]
Total_loss	: 0.0879
MMD_loss	: 1.3142
cond_ent_wt	: 4.8260
Src_reg_loss	: 0.0265
-------------------------------------
[Epoch : 236/500]
Total_loss	: 0.0878
MMD_loss	: 1.3156
cond_ent_wt	: 4.8259
Src_reg_loss	: 0.0264
-------------------------------------
[Epoch : 237/500]
Total_loss	: 0.0878
MMD_loss	: 1.3170
cond_ent_wt	: 4.8258
Src_reg_loss	: 0.0264
-------------------------------------
[Epoch : 238/500]
Total_loss	: 0.0878
MMD_loss	: 1.3184
cond_ent_wt	: 4.8257
Src_reg_loss	: 0.0263
-------------------------------------
[Epoch : 239/500]
Total_loss	: 0.0877
MMD_loss	: 1.3197
cond_ent_wt	: 4.8256
Src_reg_loss	: 0.0263
-------------------------------------
[Epoch : 240/500]
Total_loss	: 0.0877
MMD_loss	: 1.3211
cond_ent_wt	: 4.8255
Src_reg_loss	: 0.0262
-------------------------------------
[Epoch : 241/500]
Total_loss	: 0.0876
MMD_loss	: 1.3225
cond_ent_wt	: 4.8254
Src_reg_loss	: 0.0261
-------------------------------------
[Epoch : 242/500]
Total_loss	: 0.0876
MMD_loss	: 1.3239
cond_ent_wt	: 4.8253
Src_reg_loss	: 0.0261
-------------------------------------
[Epoch : 243/500]
Total_loss	: 0.0875
MMD_loss	: 1.3253
cond_ent_wt	: 4.8252
Src_reg_loss	: 0.0260
-------------------------------------
[Epoch : 244/500]
Total_loss	: 0.0875
MMD_loss	: 1.3267
cond_ent_wt	: 4.8251
Src_reg_loss	: 0.0260
-------------------------------------
[Epoch : 245/500]
Total_loss	: 0.0874
MMD_loss	: 1.3280
cond_ent_wt	: 4.8249
Src_reg_loss	: 0.0259
-------------------------------------
[Epoch : 246/500]
Total_loss	: 0.0874
MMD_loss	: 1.3294
cond_ent_wt	: 4.8248
Src_reg_loss	: 0.0259
-------------------------------------
[Epoch : 247/500]
Total_loss	: 0.0874
MMD_loss	: 1.3308
cond_ent_wt	: 4.8247
Src_reg_loss	: 0.0258
-------------------------------------
[Epoch : 248/500]
Total_loss	: 0.0873
MMD_loss	: 1.3322
cond_ent_wt	: 4.8246
Src_reg_loss	: 0.0258
-------------------------------------
[Epoch : 249/500]
Total_loss	: 0.0873
MMD_loss	: 1.3336
cond_ent_wt	: 4.8245
Src_reg_loss	: 0.0257
-------------------------------------
[Epoch : 250/500]
Total_loss	: 0.0872
MMD_loss	: 1.3350
cond_ent_wt	: 4.8244
Src_reg_loss	: 0.0256
-------------------------------------
[Epoch : 251/500]
Total_loss	: 0.0872
MMD_loss	: 1.3364
cond_ent_wt	: 4.8243
Src_reg_loss	: 0.0256
-------------------------------------
[Epoch : 252/500]
Total_loss	: 0.0872
MMD_loss	: 1.3378
cond_ent_wt	: 4.8241
Src_reg_loss	: 0.0255
-------------------------------------
[Epoch : 253/500]
Total_loss	: 0.0871
MMD_loss	: 1.3392
cond_ent_wt	: 4.8240
Src_reg_loss	: 0.0255
-------------------------------------
[Epoch : 254/500]
Total_loss	: 0.0871
MMD_loss	: 1.3406
cond_ent_wt	: 4.8239
Src_reg_loss	: 0.0254
-------------------------------------
[Epoch : 255/500]
Total_loss	: 0.0870
MMD_loss	: 1.3419
cond_ent_wt	: 4.8238
Src_reg_loss	: 0.0254
-------------------------------------
[Epoch : 256/500]
Total_loss	: 0.0870
MMD_loss	: 1.3433
cond_ent_wt	: 4.8236
Src_reg_loss	: 0.0253
-------------------------------------
[Epoch : 257/500]
Total_loss	: 0.0870
MMD_loss	: 1.3447
cond_ent_wt	: 4.8235
Src_reg_loss	: 0.0253
-------------------------------------
[Epoch : 258/500]
Total_loss	: 0.0869
MMD_loss	: 1.3461
cond_ent_wt	: 4.8234
Src_reg_loss	: 0.0252
-------------------------------------
[Epoch : 259/500]
Total_loss	: 0.0869
MMD_loss	: 1.3475
cond_ent_wt	: 4.8232
Src_reg_loss	: 0.0252
-------------------------------------
[Epoch : 260/500]
Total_loss	: 0.0868
MMD_loss	: 1.3488
cond_ent_wt	: 4.8231
Src_reg_loss	: 0.0251
-------------------------------------
[Epoch : 261/500]
Total_loss	: 0.0868
MMD_loss	: 1.3502
cond_ent_wt	: 4.8230
Src_reg_loss	: 0.0251
-------------------------------------
[Epoch : 262/500]
Total_loss	: 0.0868
MMD_loss	: 1.3516
cond_ent_wt	: 4.8228
Src_reg_loss	: 0.0250
-------------------------------------
[Epoch : 263/500]
Total_loss	: 0.0867
MMD_loss	: 1.3529
cond_ent_wt	: 4.8227
Src_reg_loss	: 0.0250
-------------------------------------
[Epoch : 264/500]
Total_loss	: 0.0867
MMD_loss	: 1.3543
cond_ent_wt	: 4.8226
Src_reg_loss	: 0.0249
-------------------------------------
[Epoch : 265/500]
Total_loss	: 0.0867
MMD_loss	: 1.3556
cond_ent_wt	: 4.8224
Src_reg_loss	: 0.0249
-------------------------------------
[Epoch : 266/500]
Total_loss	: 0.0866
MMD_loss	: 1.3570
cond_ent_wt	: 4.8223
Src_reg_loss	: 0.0248
-------------------------------------
[Epoch : 267/500]
Total_loss	: 0.0866
MMD_loss	: 1.3583
cond_ent_wt	: 4.8221
Src_reg_loss	: 0.0248
-------------------------------------
[Epoch : 268/500]
Total_loss	: 0.0865
MMD_loss	: 1.3597
cond_ent_wt	: 4.8220
Src_reg_loss	: 0.0247
-------------------------------------
[Epoch : 269/500]
Total_loss	: 0.0865
MMD_loss	: 1.3610
cond_ent_wt	: 4.8218
Src_reg_loss	: 0.0247
-------------------------------------
[Epoch : 270/500]
Total_loss	: 0.0865
MMD_loss	: 1.3623
cond_ent_wt	: 4.8217
Src_reg_loss	: 0.0246
-------------------------------------
[Epoch : 271/500]
Total_loss	: 0.0864
MMD_loss	: 1.3637
cond_ent_wt	: 4.8215
Src_reg_loss	: 0.0246
-------------------------------------
[Epoch : 272/500]
Total_loss	: 0.0864
MMD_loss	: 1.3650
cond_ent_wt	: 4.8214
Src_reg_loss	: 0.0245
-------------------------------------
[Epoch : 273/500]
Total_loss	: 0.0864
MMD_loss	: 1.3663
cond_ent_wt	: 4.8212
Src_reg_loss	: 0.0245
-------------------------------------
[Epoch : 274/500]
Total_loss	: 0.0863
MMD_loss	: 1.3676
cond_ent_wt	: 4.8211
Src_reg_loss	: 0.0244
-------------------------------------
[Epoch : 275/500]
Total_loss	: 0.0863
MMD_loss	: 1.3689
cond_ent_wt	: 4.8209
Src_reg_loss	: 0.0244
-------------------------------------
[Epoch : 276/500]
Total_loss	: 0.0863
MMD_loss	: 1.3702
cond_ent_wt	: 4.8207
Src_reg_loss	: 0.0244
-------------------------------------
[Epoch : 277/500]
Total_loss	: 0.0862
MMD_loss	: 1.3715
cond_ent_wt	: 4.8206
Src_reg_loss	: 0.0243
-------------------------------------
[Epoch : 278/500]
Total_loss	: 0.0862
MMD_loss	: 1.3727
cond_ent_wt	: 4.8204
Src_reg_loss	: 0.0243
-------------------------------------
[Epoch : 279/500]
Total_loss	: 0.0862
MMD_loss	: 1.3740
cond_ent_wt	: 4.8203
Src_reg_loss	: 0.0242
-------------------------------------
[Epoch : 280/500]
Total_loss	: 0.0861
MMD_loss	: 1.3753
cond_ent_wt	: 4.8201
Src_reg_loss	: 0.0242
-------------------------------------
[Epoch : 281/500]
Total_loss	: 0.0861
MMD_loss	: 1.3765
cond_ent_wt	: 4.8199
Src_reg_loss	: 0.0241
-------------------------------------
[Epoch : 282/500]
Total_loss	: 0.0861
MMD_loss	: 1.3778
cond_ent_wt	: 4.8197
Src_reg_loss	: 0.0241
-------------------------------------
[Epoch : 283/500]
Total_loss	: 0.0860
MMD_loss	: 1.3790
cond_ent_wt	: 4.8196
Src_reg_loss	: 0.0240
-------------------------------------
[Epoch : 284/500]
Total_loss	: 0.0860
MMD_loss	: 1.3802
cond_ent_wt	: 4.8194
Src_reg_loss	: 0.0240
-------------------------------------
[Epoch : 285/500]
Total_loss	: 0.0860
MMD_loss	: 1.3814
cond_ent_wt	: 4.8192
Src_reg_loss	: 0.0239
-------------------------------------
[Epoch : 286/500]
Total_loss	: 0.0859
MMD_loss	: 1.3826
cond_ent_wt	: 4.8190
Src_reg_loss	: 0.0239
-------------------------------------
[Epoch : 287/500]
Total_loss	: 0.0859
MMD_loss	: 1.3838
cond_ent_wt	: 4.8189
Src_reg_loss	: 0.0239
-------------------------------------
[Epoch : 288/500]
Total_loss	: 0.0859
MMD_loss	: 1.3850
cond_ent_wt	: 4.8187
Src_reg_loss	: 0.0238
-------------------------------------
[Epoch : 289/500]
Total_loss	: 0.0858
MMD_loss	: 1.3862
cond_ent_wt	: 4.8185
Src_reg_loss	: 0.0238
-------------------------------------
[Epoch : 290/500]
Total_loss	: 0.0858
MMD_loss	: 1.3874
cond_ent_wt	: 4.8183
Src_reg_loss	: 0.0237
-------------------------------------
[Epoch : 291/500]
Total_loss	: 0.0858
MMD_loss	: 1.3885
cond_ent_wt	: 4.8181
Src_reg_loss	: 0.0237
-------------------------------------
[Epoch : 292/500]
Total_loss	: 0.0857
MMD_loss	: 1.3897
cond_ent_wt	: 4.8179
Src_reg_loss	: 0.0236
-------------------------------------
[Epoch : 293/500]
Total_loss	: 0.0857
MMD_loss	: 1.3908
cond_ent_wt	: 4.8177
Src_reg_loss	: 0.0236
-------------------------------------
[Epoch : 294/500]
Total_loss	: 0.0857
MMD_loss	: 1.3920
cond_ent_wt	: 4.8175
Src_reg_loss	: 0.0236
-------------------------------------
[Epoch : 295/500]
Total_loss	: 0.0856
MMD_loss	: 1.3931
cond_ent_wt	: 4.8174
Src_reg_loss	: 0.0235
-------------------------------------
[Epoch : 296/500]
Total_loss	: 0.0856
MMD_loss	: 1.3942
cond_ent_wt	: 4.8172
Src_reg_loss	: 0.0235
-------------------------------------
[Epoch : 297/500]
Total_loss	: 0.0856
MMD_loss	: 1.3953
cond_ent_wt	: 4.8170
Src_reg_loss	: 0.0234
-------------------------------------
[Epoch : 298/500]
Total_loss	: 0.0855
MMD_loss	: 1.3964
cond_ent_wt	: 4.8168
Src_reg_loss	: 0.0234
-------------------------------------
[Epoch : 299/500]
Total_loss	: 0.0855
MMD_loss	: 1.3974
cond_ent_wt	: 4.8166
Src_reg_loss	: 0.0233
-------------------------------------
[Epoch : 300/500]
Total_loss	: 0.0855
MMD_loss	: 1.3985
cond_ent_wt	: 4.8163
Src_reg_loss	: 0.0233
-------------------------------------
[Epoch : 301/500]
Total_loss	: 0.0854
MMD_loss	: 1.3996
cond_ent_wt	: 4.8161
Src_reg_loss	: 0.0233
-------------------------------------
[Epoch : 302/500]
Total_loss	: 0.0854
MMD_loss	: 1.4006
cond_ent_wt	: 4.8159
Src_reg_loss	: 0.0232
-------------------------------------
[Epoch : 303/500]
Total_loss	: 0.0854
MMD_loss	: 1.4016
cond_ent_wt	: 4.8157
Src_reg_loss	: 0.0232
-------------------------------------
[Epoch : 304/500]
Total_loss	: 0.0853
MMD_loss	: 1.4027
cond_ent_wt	: 4.8155
Src_reg_loss	: 0.0231
-------------------------------------
[Epoch : 305/500]
Total_loss	: 0.0853
MMD_loss	: 1.4037
cond_ent_wt	: 4.8153
Src_reg_loss	: 0.0231
-------------------------------------
[Epoch : 306/500]
Total_loss	: 0.0853
MMD_loss	: 1.4047
cond_ent_wt	: 4.8151
Src_reg_loss	: 0.0231
-------------------------------------
[Epoch : 307/500]
Total_loss	: 0.0852
MMD_loss	: 1.4057
cond_ent_wt	: 4.8149
Src_reg_loss	: 0.0230
-------------------------------------
[Epoch : 308/500]
Total_loss	: 0.0852
MMD_loss	: 1.4066
cond_ent_wt	: 4.8146
Src_reg_loss	: 0.0230
-------------------------------------
[Epoch : 309/500]
Total_loss	: 0.0852
MMD_loss	: 1.4076
cond_ent_wt	: 4.8144
Src_reg_loss	: 0.0230
-------------------------------------
[Epoch : 310/500]
Total_loss	: 0.0851
MMD_loss	: 1.4086
cond_ent_wt	: 4.8142
Src_reg_loss	: 0.0229
-------------------------------------
[Epoch : 311/500]
Total_loss	: 0.0851
MMD_loss	: 1.4095
cond_ent_wt	: 4.8140
Src_reg_loss	: 0.0229
-------------------------------------
[Epoch : 312/500]
Total_loss	: 0.0851
MMD_loss	: 1.4104
cond_ent_wt	: 4.8137
Src_reg_loss	: 0.0228
-------------------------------------
[Epoch : 313/500]
Total_loss	: 0.0850
MMD_loss	: 1.4114
cond_ent_wt	: 4.8135
Src_reg_loss	: 0.0228
-------------------------------------
[Epoch : 314/500]
Total_loss	: 0.0850
MMD_loss	: 1.4123
cond_ent_wt	: 4.8133
Src_reg_loss	: 0.0228
-------------------------------------
[Epoch : 315/500]
Total_loss	: 0.0850
MMD_loss	: 1.4132
cond_ent_wt	: 4.8130
Src_reg_loss	: 0.0227
-------------------------------------
[Epoch : 316/500]
Total_loss	: 0.0850
MMD_loss	: 1.4140
cond_ent_wt	: 4.8128
Src_reg_loss	: 0.0227
-------------------------------------
[Epoch : 317/500]
Total_loss	: 0.0849
MMD_loss	: 1.4149
cond_ent_wt	: 4.8126
Src_reg_loss	: 0.0226
-------------------------------------
[Epoch : 318/500]
Total_loss	: 0.0849
MMD_loss	: 1.4158
cond_ent_wt	: 4.8123
Src_reg_loss	: 0.0226
-------------------------------------
[Epoch : 319/500]
Total_loss	: 0.0849
MMD_loss	: 1.4166
cond_ent_wt	: 4.8121
Src_reg_loss	: 0.0226
-------------------------------------
[Epoch : 320/500]
Total_loss	: 0.0848
MMD_loss	: 1.4175
cond_ent_wt	: 4.8119
Src_reg_loss	: 0.0225
-------------------------------------
[Epoch : 321/500]
Total_loss	: 0.0848
MMD_loss	: 1.4183
cond_ent_wt	: 4.8116
Src_reg_loss	: 0.0225
-------------------------------------
[Epoch : 322/500]
Total_loss	: 0.0848
MMD_loss	: 1.4191
cond_ent_wt	: 4.8114
Src_reg_loss	: 0.0225
-------------------------------------
[Epoch : 323/500]
Total_loss	: 0.0847
MMD_loss	: 1.4199
cond_ent_wt	: 4.8111
Src_reg_loss	: 0.0224
-------------------------------------
[Epoch : 324/500]
Total_loss	: 0.0847
MMD_loss	: 1.4207
cond_ent_wt	: 4.8109
Src_reg_loss	: 0.0224
-------------------------------------
[Epoch : 325/500]
Total_loss	: 0.0847
MMD_loss	: 1.4215
cond_ent_wt	: 4.8106
Src_reg_loss	: 0.0224
-------------------------------------
[Epoch : 326/500]
Total_loss	: 0.0846
MMD_loss	: 1.4223
cond_ent_wt	: 4.8104
Src_reg_loss	: 0.0223
-------------------------------------
[Epoch : 327/500]
Total_loss	: 0.0846
MMD_loss	: 1.4231
cond_ent_wt	: 4.8101
Src_reg_loss	: 0.0223
-------------------------------------
[Epoch : 328/500]
Total_loss	: 0.0846
MMD_loss	: 1.4238
cond_ent_wt	: 4.8099
Src_reg_loss	: 0.0222
-------------------------------------
[Epoch : 329/500]
Total_loss	: 0.0846
MMD_loss	: 1.4246
cond_ent_wt	: 4.8096
Src_reg_loss	: 0.0222
-------------------------------------
[Epoch : 330/500]
Total_loss	: 0.0845
MMD_loss	: 1.4253
cond_ent_wt	: 4.8094
Src_reg_loss	: 0.0222
-------------------------------------
[Epoch : 331/500]
Total_loss	: 0.0845
MMD_loss	: 1.4261
cond_ent_wt	: 4.8091
Src_reg_loss	: 0.0221
-------------------------------------
[Epoch : 332/500]
Total_loss	: 0.0845
MMD_loss	: 1.4268
cond_ent_wt	: 4.8089
Src_reg_loss	: 0.0221
-------------------------------------
[Epoch : 333/500]
Total_loss	: 0.0844
MMD_loss	: 1.4275
cond_ent_wt	: 4.8086
Src_reg_loss	: 0.0221
-------------------------------------
[Epoch : 334/500]
Total_loss	: 0.0844
MMD_loss	: 1.4282
cond_ent_wt	: 4.8084
Src_reg_loss	: 0.0220
-------------------------------------
[Epoch : 335/500]
Total_loss	: 0.0844
MMD_loss	: 1.4289
cond_ent_wt	: 4.8081
Src_reg_loss	: 0.0220
-------------------------------------
[Epoch : 336/500]
Total_loss	: 0.0843
MMD_loss	: 1.4295
cond_ent_wt	: 4.8078
Src_reg_loss	: 0.0220
-------------------------------------
[Epoch : 337/500]
Total_loss	: 0.0843
MMD_loss	: 1.4302
cond_ent_wt	: 4.8076
Src_reg_loss	: 0.0219
-------------------------------------
[Epoch : 338/500]
Total_loss	: 0.0843
MMD_loss	: 1.4309
cond_ent_wt	: 4.8073
Src_reg_loss	: 0.0219
-------------------------------------
[Epoch : 339/500]
Total_loss	: 0.0843
MMD_loss	: 1.4315
cond_ent_wt	: 4.8071
Src_reg_loss	: 0.0219
-------------------------------------
[Epoch : 340/500]
Total_loss	: 0.0842
MMD_loss	: 1.4322
cond_ent_wt	: 4.8068
Src_reg_loss	: 0.0218
-------------------------------------
[Epoch : 341/500]
Total_loss	: 0.0842
MMD_loss	: 1.4328
cond_ent_wt	: 4.8065
Src_reg_loss	: 0.0218
-------------------------------------
[Epoch : 342/500]
Total_loss	: 0.0842
MMD_loss	: 1.4334
cond_ent_wt	: 4.8063
Src_reg_loss	: 0.0218
-------------------------------------
[Epoch : 343/500]
Total_loss	: 0.0841
MMD_loss	: 1.4340
cond_ent_wt	: 4.8060
Src_reg_loss	: 0.0217
-------------------------------------
[Epoch : 344/500]
Total_loss	: 0.0841
MMD_loss	: 1.4346
cond_ent_wt	: 4.8057
Src_reg_loss	: 0.0217
-------------------------------------
[Epoch : 345/500]
Total_loss	: 0.0841
MMD_loss	: 1.4352
cond_ent_wt	: 4.8054
Src_reg_loss	: 0.0217
-------------------------------------
[Epoch : 346/500]
Total_loss	: 0.0840
MMD_loss	: 1.4358
cond_ent_wt	: 4.8052
Src_reg_loss	: 0.0216
-------------------------------------
[Epoch : 347/500]
Total_loss	: 0.0840
MMD_loss	: 1.4364
cond_ent_wt	: 4.8049
Src_reg_loss	: 0.0216
-------------------------------------
[Epoch : 348/500]
Total_loss	: 0.0840
MMD_loss	: 1.4370
cond_ent_wt	: 4.8046
Src_reg_loss	: 0.0216
-------------------------------------
[Epoch : 349/500]
Total_loss	: 0.0840
MMD_loss	: 1.4375
cond_ent_wt	: 4.8044
Src_reg_loss	: 0.0215
-------------------------------------
[Epoch : 350/500]
Total_loss	: 0.0839
MMD_loss	: 1.4381
cond_ent_wt	: 4.8041
Src_reg_loss	: 0.0215
-------------------------------------
[Epoch : 351/500]
Total_loss	: 0.0839
MMD_loss	: 1.4386
cond_ent_wt	: 4.8038
Src_reg_loss	: 0.0215
-------------------------------------
[Epoch : 352/500]
Total_loss	: 0.0839
MMD_loss	: 1.4392
cond_ent_wt	: 4.8035
Src_reg_loss	: 0.0214
-------------------------------------
[Epoch : 353/500]
Total_loss	: 0.0838
MMD_loss	: 1.4397
cond_ent_wt	: 4.8032
Src_reg_loss	: 0.0214
-------------------------------------
[Epoch : 354/500]
Total_loss	: 0.0838
MMD_loss	: 1.4402
cond_ent_wt	: 4.8030
Src_reg_loss	: 0.0214
-------------------------------------
[Epoch : 355/500]
Total_loss	: 0.0838
MMD_loss	: 1.4407
cond_ent_wt	: 4.8027
Src_reg_loss	: 0.0213
-------------------------------------
[Epoch : 356/500]
Total_loss	: 0.0838
MMD_loss	: 1.4412
cond_ent_wt	: 4.8024
Src_reg_loss	: 0.0213
-------------------------------------
[Epoch : 357/500]
Total_loss	: 0.0837
MMD_loss	: 1.4417
cond_ent_wt	: 4.8021
Src_reg_loss	: 0.0213
-------------------------------------
[Epoch : 358/500]
Total_loss	: 0.0837
MMD_loss	: 1.4422
cond_ent_wt	: 4.8018
Src_reg_loss	: 0.0213
-------------------------------------
[Epoch : 359/500]
Total_loss	: 0.0837
MMD_loss	: 1.4427
cond_ent_wt	: 4.8016
Src_reg_loss	: 0.0212
-------------------------------------
[Epoch : 360/500]
Total_loss	: 0.0836
MMD_loss	: 1.4432
cond_ent_wt	: 4.8013
Src_reg_loss	: 0.0212
-------------------------------------
[Epoch : 361/500]
Total_loss	: 0.0836
MMD_loss	: 1.4436
cond_ent_wt	: 4.8010
Src_reg_loss	: 0.0212
-------------------------------------
[Epoch : 362/500]
Total_loss	: 0.0836
MMD_loss	: 1.4441
cond_ent_wt	: 4.8007
Src_reg_loss	: 0.0211
-------------------------------------
[Epoch : 363/500]
Total_loss	: 0.0836
MMD_loss	: 1.4445
cond_ent_wt	: 4.8004
Src_reg_loss	: 0.0211
-------------------------------------
[Epoch : 364/500]
Total_loss	: 0.0835
MMD_loss	: 1.4450
cond_ent_wt	: 4.8001
Src_reg_loss	: 0.0211
-------------------------------------
[Epoch : 365/500]
Total_loss	: 0.0835
MMD_loss	: 1.4454
cond_ent_wt	: 4.7999
Src_reg_loss	: 0.0210
-------------------------------------
[Epoch : 366/500]
Total_loss	: 0.0835
MMD_loss	: 1.4459
cond_ent_wt	: 4.7996
Src_reg_loss	: 0.0210
-------------------------------------
[Epoch : 367/500]
Total_loss	: 0.0834
MMD_loss	: 1.4463
cond_ent_wt	: 4.7993
Src_reg_loss	: 0.0210
-------------------------------------
[Epoch : 368/500]
Total_loss	: 0.0834
MMD_loss	: 1.4467
cond_ent_wt	: 4.7990
Src_reg_loss	: 0.0210
-------------------------------------
[Epoch : 369/500]
Total_loss	: 0.0834
MMD_loss	: 1.4471
cond_ent_wt	: 4.7987
Src_reg_loss	: 0.0209
-------------------------------------
[Epoch : 370/500]
Total_loss	: 0.0834
MMD_loss	: 1.4475
cond_ent_wt	: 4.7984
Src_reg_loss	: 0.0209
-------------------------------------
[Epoch : 371/500]
Total_loss	: 0.0833
MMD_loss	: 1.4479
cond_ent_wt	: 4.7981
Src_reg_loss	: 0.0209
-------------------------------------
[Epoch : 372/500]
Total_loss	: 0.0833
MMD_loss	: 1.4483
cond_ent_wt	: 4.7978
Src_reg_loss	: 0.0208
-------------------------------------
[Epoch : 373/500]
Total_loss	: 0.0833
MMD_loss	: 1.4487
cond_ent_wt	: 4.7976
Src_reg_loss	: 0.0208
-------------------------------------
[Epoch : 374/500]
Total_loss	: 0.0832
MMD_loss	: 1.4491
cond_ent_wt	: 4.7973
Src_reg_loss	: 0.0208
-------------------------------------
[Epoch : 375/500]
Total_loss	: 0.0832
MMD_loss	: 1.4494
cond_ent_wt	: 4.7970
Src_reg_loss	: 0.0208
-------------------------------------
[Epoch : 376/500]
Total_loss	: 0.0832
MMD_loss	: 1.4498
cond_ent_wt	: 4.7967
Src_reg_loss	: 0.0207
-------------------------------------
[Epoch : 377/500]
Total_loss	: 0.0832
MMD_loss	: 1.4502
cond_ent_wt	: 4.7964
Src_reg_loss	: 0.0207
-------------------------------------
[Epoch : 378/500]
Total_loss	: 0.0831
MMD_loss	: 1.4505
cond_ent_wt	: 4.7961
Src_reg_loss	: 0.0207
-------------------------------------
[Epoch : 379/500]
Total_loss	: 0.0831
MMD_loss	: 1.4509
cond_ent_wt	: 4.7958
Src_reg_loss	: 0.0206
-------------------------------------
[Epoch : 380/500]
Total_loss	: 0.0831
MMD_loss	: 1.4512
cond_ent_wt	: 4.7955
Src_reg_loss	: 0.0206
-------------------------------------
[Epoch : 381/500]
Total_loss	: 0.0831
MMD_loss	: 1.4515
cond_ent_wt	: 4.7952
Src_reg_loss	: 0.0206
-------------------------------------
[Epoch : 382/500]
Total_loss	: 0.0830
MMD_loss	: 1.4519
cond_ent_wt	: 4.7949
Src_reg_loss	: 0.0206
-------------------------------------
[Epoch : 383/500]
Total_loss	: 0.0830
MMD_loss	: 1.4522
cond_ent_wt	: 4.7946
Src_reg_loss	: 0.0205
-------------------------------------
[Epoch : 384/500]
Total_loss	: 0.0830
MMD_loss	: 1.4525
cond_ent_wt	: 4.7943
Src_reg_loss	: 0.0205
-------------------------------------
[Epoch : 385/500]
Total_loss	: 0.0829
MMD_loss	: 1.4528
cond_ent_wt	: 4.7940
Src_reg_loss	: 0.0205
-------------------------------------
[Epoch : 386/500]
Total_loss	: 0.0829
MMD_loss	: 1.4531
cond_ent_wt	: 4.7938
Src_reg_loss	: 0.0204
-------------------------------------
[Epoch : 387/500]
Total_loss	: 0.0829
MMD_loss	: 1.4534
cond_ent_wt	: 4.7935
Src_reg_loss	: 0.0204
-------------------------------------
[Epoch : 388/500]
Total_loss	: 0.0829
MMD_loss	: 1.4537
cond_ent_wt	: 4.7932
Src_reg_loss	: 0.0204
-------------------------------------
[Epoch : 389/500]
Total_loss	: 0.0828
MMD_loss	: 1.4540
cond_ent_wt	: 4.7929
Src_reg_loss	: 0.0204
-------------------------------------
[Epoch : 390/500]
Total_loss	: 0.0828
MMD_loss	: 1.4543
cond_ent_wt	: 4.7926
Src_reg_loss	: 0.0203
-------------------------------------
[Epoch : 391/500]
Total_loss	: 0.0828
MMD_loss	: 1.4545
cond_ent_wt	: 4.7923
Src_reg_loss	: 0.0203
-------------------------------------
[Epoch : 392/500]
Total_loss	: 0.0828
MMD_loss	: 1.4548
cond_ent_wt	: 4.7920
Src_reg_loss	: 0.0203
-------------------------------------
[Epoch : 393/500]
Total_loss	: 0.0827
MMD_loss	: 1.4551
cond_ent_wt	: 4.7917
Src_reg_loss	: 0.0203
-------------------------------------
[Epoch : 394/500]
Total_loss	: 0.0827
MMD_loss	: 1.4553
cond_ent_wt	: 4.7914
Src_reg_loss	: 0.0202
-------------------------------------
[Epoch : 395/500]
Total_loss	: 0.0827
MMD_loss	: 1.4556
cond_ent_wt	: 4.7911
Src_reg_loss	: 0.0202
-------------------------------------
[Epoch : 396/500]
Total_loss	: 0.0826
MMD_loss	: 1.4558
cond_ent_wt	: 4.7908
Src_reg_loss	: 0.0202
-------------------------------------
[Epoch : 397/500]
Total_loss	: 0.0826
MMD_loss	: 1.4561
cond_ent_wt	: 4.7905
Src_reg_loss	: 0.0202
-------------------------------------
[Epoch : 398/500]
Total_loss	: 0.0826
MMD_loss	: 1.4563
cond_ent_wt	: 4.7902
Src_reg_loss	: 0.0201
-------------------------------------
[Epoch : 399/500]
Total_loss	: 0.0826
MMD_loss	: 1.4565
cond_ent_wt	: 4.7899
Src_reg_loss	: 0.0201
-------------------------------------
[Epoch : 400/500]
Total_loss	: 0.0825
MMD_loss	: 1.4568
cond_ent_wt	: 4.7896
Src_reg_loss	: 0.0201
-------------------------------------
[Epoch : 401/500]
Total_loss	: 0.0825
MMD_loss	: 1.4570
cond_ent_wt	: 4.7893
Src_reg_loss	: 0.0201
-------------------------------------
[Epoch : 402/500]
Total_loss	: 0.0825
MMD_loss	: 1.4572
cond_ent_wt	: 4.7890
Src_reg_loss	: 0.0200
-------------------------------------
[Epoch : 403/500]
Total_loss	: 0.0825
MMD_loss	: 1.4574
cond_ent_wt	: 4.7887
Src_reg_loss	: 0.0200
-------------------------------------
[Epoch : 404/500]
Total_loss	: 0.0824
MMD_loss	: 1.4576
cond_ent_wt	: 4.7884
Src_reg_loss	: 0.0200
-------------------------------------
[Epoch : 405/500]
Total_loss	: 0.0824
MMD_loss	: 1.4578
cond_ent_wt	: 4.7881
Src_reg_loss	: 0.0200
-------------------------------------
[Epoch : 406/500]
Total_loss	: 0.0824
MMD_loss	: 1.4580
cond_ent_wt	: 4.7878
Src_reg_loss	: 0.0199
-------------------------------------
[Epoch : 407/500]
Total_loss	: 0.0824
MMD_loss	: 1.4582
cond_ent_wt	: 4.7875
Src_reg_loss	: 0.0199
-------------------------------------
[Epoch : 408/500]
Total_loss	: 0.0823
MMD_loss	: 1.4584
cond_ent_wt	: 4.7872
Src_reg_loss	: 0.0199
-------------------------------------
[Epoch : 409/500]
Total_loss	: 0.0823
MMD_loss	: 1.4586
cond_ent_wt	: 4.7869
Src_reg_loss	: 0.0199
-------------------------------------
[Epoch : 410/500]
Total_loss	: 0.0823
MMD_loss	: 1.4587
cond_ent_wt	: 4.7866
Src_reg_loss	: 0.0198
-------------------------------------
[Epoch : 411/500]
Total_loss	: 0.0823
MMD_loss	: 1.4589
cond_ent_wt	: 4.7863
Src_reg_loss	: 0.0198
-------------------------------------
[Epoch : 412/500]
Total_loss	: 0.0822
MMD_loss	: 1.4591
cond_ent_wt	: 4.7860
Src_reg_loss	: 0.0198
-------------------------------------
[Epoch : 413/500]
Total_loss	: 0.0822
MMD_loss	: 1.4592
cond_ent_wt	: 4.7857
Src_reg_loss	: 0.0198
-------------------------------------
[Epoch : 414/500]
Total_loss	: 0.0822
MMD_loss	: 1.4594
cond_ent_wt	: 4.7854
Src_reg_loss	: 0.0197
-------------------------------------
[Epoch : 415/500]
Total_loss	: 0.0822
MMD_loss	: 1.4595
cond_ent_wt	: 4.7851
Src_reg_loss	: 0.0197
-------------------------------------
[Epoch : 416/500]
Total_loss	: 0.0821
MMD_loss	: 1.4597
cond_ent_wt	: 4.7848
Src_reg_loss	: 0.0197
-------------------------------------
[Epoch : 417/500]
Total_loss	: 0.0821
MMD_loss	: 1.4598
cond_ent_wt	: 4.7845
Src_reg_loss	: 0.0197
-------------------------------------
[Epoch : 418/500]
Total_loss	: 0.0821
MMD_loss	: 1.4600
cond_ent_wt	: 4.7842
Src_reg_loss	: 0.0196
-------------------------------------
[Epoch : 419/500]
Total_loss	: 0.0821
MMD_loss	: 1.4601
cond_ent_wt	: 4.7839
Src_reg_loss	: 0.0196
-------------------------------------
[Epoch : 420/500]
Total_loss	: 0.0820
MMD_loss	: 1.4602
cond_ent_wt	: 4.7836
Src_reg_loss	: 0.0196
-------------------------------------
[Epoch : 421/500]
Total_loss	: 0.0820
MMD_loss	: 1.4603
cond_ent_wt	: 4.7833
Src_reg_loss	: 0.0196
-------------------------------------
[Epoch : 422/500]
Total_loss	: 0.0820
MMD_loss	: 1.4605
cond_ent_wt	: 4.7830
Src_reg_loss	: 0.0195
-------------------------------------
[Epoch : 423/500]
Total_loss	: 0.0820
MMD_loss	: 1.4606
cond_ent_wt	: 4.7827
Src_reg_loss	: 0.0195
-------------------------------------
[Epoch : 424/500]
Total_loss	: 0.0819
MMD_loss	: 1.4607
cond_ent_wt	: 4.7824
Src_reg_loss	: 0.0195
-------------------------------------
[Epoch : 425/500]
Total_loss	: 0.0819
MMD_loss	: 1.4608
cond_ent_wt	: 4.7821
Src_reg_loss	: 0.0195
-------------------------------------
[Epoch : 426/500]
Total_loss	: 0.0819
MMD_loss	: 1.4609
cond_ent_wt	: 4.7818
Src_reg_loss	: 0.0194
-------------------------------------
[Epoch : 427/500]
Total_loss	: 0.0819
MMD_loss	: 1.4610
cond_ent_wt	: 4.7815
Src_reg_loss	: 0.0194
-------------------------------------
[Epoch : 428/500]
Total_loss	: 0.0818
MMD_loss	: 1.4610
cond_ent_wt	: 4.7812
Src_reg_loss	: 0.0194
-------------------------------------
[Epoch : 429/500]
Total_loss	: 0.0818
MMD_loss	: 1.4611
cond_ent_wt	: 4.7809
Src_reg_loss	: 0.0194
-------------------------------------
[Epoch : 430/500]
Total_loss	: 0.0818
MMD_loss	: 1.4612
cond_ent_wt	: 4.7806
Src_reg_loss	: 0.0194
-------------------------------------
[Epoch : 431/500]
Total_loss	: 0.0818
MMD_loss	: 1.4613
cond_ent_wt	: 4.7803
Src_reg_loss	: 0.0193
-------------------------------------
[Epoch : 432/500]
Total_loss	: 0.0817
MMD_loss	: 1.4613
cond_ent_wt	: 4.7800
Src_reg_loss	: 0.0193
-------------------------------------
[Epoch : 433/500]
Total_loss	: 0.0817
MMD_loss	: 1.4614
cond_ent_wt	: 4.7797
Src_reg_loss	: 0.0193
-------------------------------------
[Epoch : 434/500]
Total_loss	: 0.0817
MMD_loss	: 1.4615
cond_ent_wt	: 4.7794
Src_reg_loss	: 0.0193
-------------------------------------
[Epoch : 435/500]
Total_loss	: 0.0817
MMD_loss	: 1.4615
cond_ent_wt	: 4.7791
Src_reg_loss	: 0.0192
-------------------------------------
[Epoch : 436/500]
Total_loss	: 0.0816
MMD_loss	: 1.4616
cond_ent_wt	: 4.7788
Src_reg_loss	: 0.0192
-------------------------------------
[Epoch : 437/500]
Total_loss	: 0.0816
MMD_loss	: 1.4616
cond_ent_wt	: 4.7785
Src_reg_loss	: 0.0192
-------------------------------------
[Epoch : 438/500]
Total_loss	: 0.0816
MMD_loss	: 1.4616
cond_ent_wt	: 4.7782
Src_reg_loss	: 0.0192
-------------------------------------
[Epoch : 439/500]
Total_loss	: 0.0816
MMD_loss	: 1.4617
cond_ent_wt	: 4.7779
Src_reg_loss	: 0.0192
-------------------------------------
[Epoch : 440/500]
Total_loss	: 0.0815
MMD_loss	: 1.4617
cond_ent_wt	: 4.7776
Src_reg_loss	: 0.0191
-------------------------------------
[Epoch : 441/500]
Total_loss	: 0.0815
MMD_loss	: 1.4617
cond_ent_wt	: 4.7773
Src_reg_loss	: 0.0191
-------------------------------------
[Epoch : 442/500]
Total_loss	: 0.0815
MMD_loss	: 1.4618
cond_ent_wt	: 4.7771
Src_reg_loss	: 0.0191
-------------------------------------
[Epoch : 443/500]
Total_loss	: 0.0815
MMD_loss	: 1.4618
cond_ent_wt	: 4.7768
Src_reg_loss	: 0.0191
-------------------------------------
[Epoch : 444/500]
Total_loss	: 0.0814
MMD_loss	: 1.4618
cond_ent_wt	: 4.7765
Src_reg_loss	: 0.0190
-------------------------------------
[Epoch : 445/500]
Total_loss	: 0.0814
MMD_loss	: 1.4618
cond_ent_wt	: 4.7762
Src_reg_loss	: 0.0190
-------------------------------------
[Epoch : 446/500]
Total_loss	: 0.0814
MMD_loss	: 1.4618
cond_ent_wt	: 4.7759
Src_reg_loss	: 0.0190
-------------------------------------
[Epoch : 447/500]
Total_loss	: 0.0814
MMD_loss	: 1.4618
cond_ent_wt	: 4.7756
Src_reg_loss	: 0.0190
-------------------------------------
[Epoch : 448/500]
Total_loss	: 0.0813
MMD_loss	: 1.4618
cond_ent_wt	: 4.7753
Src_reg_loss	: 0.0190
-------------------------------------
[Epoch : 449/500]
Total_loss	: 0.0813
MMD_loss	: 1.4618
cond_ent_wt	: 4.7750
Src_reg_loss	: 0.0189
-------------------------------------
[Epoch : 450/500]
Total_loss	: 0.0813
MMD_loss	: 1.4618
cond_ent_wt	: 4.7747
Src_reg_loss	: 0.0189
-------------------------------------
[Epoch : 451/500]
Total_loss	: 0.0813
MMD_loss	: 1.4618
cond_ent_wt	: 4.7744
Src_reg_loss	: 0.0189
-------------------------------------
[Epoch : 452/500]
Total_loss	: 0.0812
MMD_loss	: 1.4618
cond_ent_wt	: 4.7741
Src_reg_loss	: 0.0189
-------------------------------------
[Epoch : 453/500]
Total_loss	: 0.0812
MMD_loss	: 1.4618
cond_ent_wt	: 4.7738
Src_reg_loss	: 0.0189
-------------------------------------
[Epoch : 454/500]
Total_loss	: 0.0812
MMD_loss	: 1.4618
cond_ent_wt	: 4.7735
Src_reg_loss	: 0.0188
-------------------------------------
[Epoch : 455/500]
Total_loss	: 0.0812
MMD_loss	: 1.4618
cond_ent_wt	: 4.7732
Src_reg_loss	: 0.0188
-------------------------------------
[Epoch : 456/500]
Total_loss	: 0.0811
MMD_loss	: 1.4618
cond_ent_wt	: 4.7729
Src_reg_loss	: 0.0188
-------------------------------------
[Epoch : 457/500]
Total_loss	: 0.0811
MMD_loss	: 1.4617
cond_ent_wt	: 4.7726
Src_reg_loss	: 0.0188
-------------------------------------
[Epoch : 458/500]
Total_loss	: 0.0811
MMD_loss	: 1.4617
cond_ent_wt	: 4.7723
Src_reg_loss	: 0.0188
-------------------------------------
[Epoch : 459/500]
Total_loss	: 0.0811
MMD_loss	: 1.4617
cond_ent_wt	: 4.7720
Src_reg_loss	: 0.0187
-------------------------------------
[Epoch : 460/500]
Total_loss	: 0.0810
MMD_loss	: 1.4616
cond_ent_wt	: 4.7717
Src_reg_loss	: 0.0187
-------------------------------------
[Epoch : 461/500]
Total_loss	: 0.0810
MMD_loss	: 1.4616
cond_ent_wt	: 4.7715
Src_reg_loss	: 0.0187
-------------------------------------
[Epoch : 462/500]
Total_loss	: 0.0810
MMD_loss	: 1.4616
cond_ent_wt	: 4.7712
Src_reg_loss	: 0.0187
-------------------------------------
[Epoch : 463/500]
Total_loss	: 0.0810
MMD_loss	: 1.4615
cond_ent_wt	: 4.7709
Src_reg_loss	: 0.0187
-------------------------------------
[Epoch : 464/500]
Total_loss	: 0.0810
MMD_loss	: 1.4615
cond_ent_wt	: 4.7706
Src_reg_loss	: 0.0186
-------------------------------------
[Epoch : 465/500]
Total_loss	: 0.0809
MMD_loss	: 1.4614
cond_ent_wt	: 4.7703
Src_reg_loss	: 0.0186
-------------------------------------
[Epoch : 466/500]
Total_loss	: 0.0809
MMD_loss	: 1.4614
cond_ent_wt	: 4.7700
Src_reg_loss	: 0.0186
-------------------------------------
[Epoch : 467/500]
Total_loss	: 0.0809
MMD_loss	: 1.4613
cond_ent_wt	: 4.7697
Src_reg_loss	: 0.0186
-------------------------------------
[Epoch : 468/500]
Total_loss	: 0.0809
MMD_loss	: 1.4613
cond_ent_wt	: 4.7694
Src_reg_loss	: 0.0186
-------------------------------------
[Epoch : 469/500]
Total_loss	: 0.0808
MMD_loss	: 1.4612
cond_ent_wt	: 4.7691
Src_reg_loss	: 0.0185
-------------------------------------
[Epoch : 470/500]
Total_loss	: 0.0808
MMD_loss	: 1.4611
cond_ent_wt	: 4.7689
Src_reg_loss	: 0.0185
-------------------------------------
[Epoch : 471/500]
Total_loss	: 0.0808
MMD_loss	: 1.4611
cond_ent_wt	: 4.7686
Src_reg_loss	: 0.0185
-------------------------------------
[Epoch : 472/500]
Total_loss	: 0.0808
MMD_loss	: 1.4610
cond_ent_wt	: 4.7683
Src_reg_loss	: 0.0185
-------------------------------------
[Epoch : 473/500]
Total_loss	: 0.0807
MMD_loss	: 1.4609
cond_ent_wt	: 4.7680
Src_reg_loss	: 0.0185
-------------------------------------
[Epoch : 474/500]
Total_loss	: 0.0807
MMD_loss	: 1.4609
cond_ent_wt	: 4.7677
Src_reg_loss	: 0.0184
-------------------------------------
[Epoch : 475/500]
Total_loss	: 0.0807
MMD_loss	: 1.4608
cond_ent_wt	: 4.7674
Src_reg_loss	: 0.0184
-------------------------------------
[Epoch : 476/500]
Total_loss	: 0.0807
MMD_loss	: 1.4607
cond_ent_wt	: 4.7671
Src_reg_loss	: 0.0184
-------------------------------------
[Epoch : 477/500]
Total_loss	: 0.0807
MMD_loss	: 1.4606
cond_ent_wt	: 4.7668
Src_reg_loss	: 0.0184
-------------------------------------
[Epoch : 478/500]
Total_loss	: 0.0806
MMD_loss	: 1.4605
cond_ent_wt	: 4.7666
Src_reg_loss	: 0.0184
-------------------------------------
[Epoch : 479/500]
Total_loss	: 0.0806
MMD_loss	: 1.4605
cond_ent_wt	: 4.7663
Src_reg_loss	: 0.0183
-------------------------------------
[Epoch : 480/500]
Total_loss	: 0.0806
MMD_loss	: 1.4604
cond_ent_wt	: 4.7660
Src_reg_loss	: 0.0183
-------------------------------------
[Epoch : 481/500]
Total_loss	: 0.0806
MMD_loss	: 1.4603
cond_ent_wt	: 4.7657
Src_reg_loss	: 0.0183
-------------------------------------
[Epoch : 482/500]
Total_loss	: 0.0805
MMD_loss	: 1.4602
cond_ent_wt	: 4.7654
Src_reg_loss	: 0.0183
-------------------------------------
[Epoch : 483/500]
Total_loss	: 0.0805
MMD_loss	: 1.4601
cond_ent_wt	: 4.7651
Src_reg_loss	: 0.0183
-------------------------------------
[Epoch : 484/500]
Total_loss	: 0.0805
MMD_loss	: 1.4600
cond_ent_wt	: 4.7649
Src_reg_loss	: 0.0182
-------------------------------------
[Epoch : 485/500]
Total_loss	: 0.0805
MMD_loss	: 1.4599
cond_ent_wt	: 4.7646
Src_reg_loss	: 0.0182
-------------------------------------
[Epoch : 486/500]
Total_loss	: 0.0805
MMD_loss	: 1.4598
cond_ent_wt	: 4.7643
Src_reg_loss	: 0.0182
-------------------------------------
[Epoch : 487/500]
Total_loss	: 0.0804
MMD_loss	: 1.4597
cond_ent_wt	: 4.7640
Src_reg_loss	: 0.0182
-------------------------------------
[Epoch : 488/500]
Total_loss	: 0.0804
MMD_loss	: 1.4596
cond_ent_wt	: 4.7637
Src_reg_loss	: 0.0182
-------------------------------------
[Epoch : 489/500]
Total_loss	: 0.0804
MMD_loss	: 1.4595
cond_ent_wt	: 4.7635
Src_reg_loss	: 0.0182
-------------------------------------
[Epoch : 490/500]
Total_loss	: 0.0804
MMD_loss	: 1.4594
cond_ent_wt	: 4.7632
Src_reg_loss	: 0.0181
-------------------------------------
[Epoch : 491/500]
Total_loss	: 0.0803
MMD_loss	: 1.4592
cond_ent_wt	: 4.7629
Src_reg_loss	: 0.0181
-------------------------------------
[Epoch : 492/500]
Total_loss	: 0.0803
MMD_loss	: 1.4591
cond_ent_wt	: 4.7626
Src_reg_loss	: 0.0181
-------------------------------------
[Epoch : 493/500]
Total_loss	: 0.0803
MMD_loss	: 1.4590
cond_ent_wt	: 4.7623
Src_reg_loss	: 0.0181
-------------------------------------
[Epoch : 494/500]
Total_loss	: 0.0803
MMD_loss	: 1.4589
cond_ent_wt	: 4.7621
Src_reg_loss	: 0.0181
-------------------------------------
[Epoch : 495/500]
Total_loss	: 0.0803
MMD_loss	: 1.4588
cond_ent_wt	: 4.7618
Src_reg_loss	: 0.0180
-------------------------------------
[Epoch : 496/500]
Total_loss	: 0.0802
MMD_loss	: 1.4586
cond_ent_wt	: 4.7615
Src_reg_loss	: 0.0180
-------------------------------------
[Epoch : 497/500]
Total_loss	: 0.0802
MMD_loss	: 1.4585
cond_ent_wt	: 4.7612
Src_reg_loss	: 0.0180
-------------------------------------
[Epoch : 498/500]
Total_loss	: 0.0802
MMD_loss	: 1.4584
cond_ent_wt	: 4.7610
Src_reg_loss	: 0.0180
-------------------------------------
[Epoch : 499/500]
Total_loss	: 0.0802
MMD_loss	: 1.4583
cond_ent_wt	: 4.7607
Src_reg_loss	: 0.0180
-------------------------------------
[Epoch : 500/500]
Total_loss	: 0.0801
MMD_loss	: 1.4581
cond_ent_wt	: 4.7604
Src_reg_loss	: 0.0180
-------------------------------------
